PineStatus(title='Mercenaries - Playground of Destruction', id='SLUS-20932', uuid='23510f99', version='1.02')
L is at: 00AA3440
Loading lua_State$00AA3440
- stack: 014BFC00..014BFC08 (capacity: 158)
- shared global state: $00BB2100
- globals: table$009A18E0[a=0,h=1024]
- registry: table$009C8AE0[a=4,h=16]
- default metatable: table$00978320[a=0,h=1]
STACK:
- TObject(None)
- TObject(None)
_METATABLE: table$00978320[a=0,h=1]
_REGISTRY: table$009C8AE0[a=4,h=16]
  [1:$0097B828] table$0097D200[a=0,h=8]
    [Node$00BEE354] table$009A3760[a=6,h=1]: TObject(0.0)
    [Node$00BEE368] table$009A2380[a=4,h=1]: TObject(3.0)
    K [0:$009C2620] 'songtower_east' [h=1B5191D5,$0098E620]
    K [1:$009C2628] 'songtower_north' [h=9333E17C,$00994080]
    K [2:$009C2630] 'songtower_west' [h=D58A41B0,$00983660]
    [Node$00BEE37C] '__mode' [h=4F2D73E3,$00998D20]: 'k' [h=0000008A,$0099B740]
    [Node$00BEE3B8] table$009BFD00[a=4,h=1]: TObject(3.0)
    K [0:$0098D740] 'GPS1_GPS' [h=C40779B2,$00988880]
    K [1:$0098D748] 'GPS2_GPS' [h=C407E7AB,$009AB0C0]
    K [2:$0098D750] 'GPS3_GPS' [h=C406606C,$0099B180]
    [Node$00BEE3CC] table$009A32A0[a=8,h=1]: TObject(6.0)
    K [0:$009E5240] 'LZ_Driver' [h=756D028C,$0097D360]
    K [1:$009E5248] 'LZ_1' [h=00600346,$009A5600]
    K [2:$009E5250] 'LZ_2' [h=0060852D,$00989F60]
    K [3:$009E5258] 'LZ_3' [h=005EFEFB,$0097B100]
    K [4:$009E5260] 'LZ_4' [h=005E4060,$009A4900]
    K [5:$009E5268] 'LZ_5' [h=005BDE25,$00990300]
    META: table$0097D200[a=0,h=8]
  [Node$00C78F00] table$009C4140[a=0,h=8]: 'tRsActor' [h=5767DEFE,$009A7B00]
  K [Node$00BBAFBC] '__eq' [h=007E46E3,$0097D300]: cfunction$002F8FE0
  K [Node$00BBAFD0] '__index' [h=761DF46E,$009A7480]: table$00996E40[a=0,h=64]
  K   [Node$014C0600] 'GetMaxHitPoints' [h=8FECF540,$009914C0]: cfunction$002A9C38
  K   [Node$014C0614] 'IsAlive' [h=459E5F81,$0098C380]: cfunction$002A8AF8
  K   [Node$014C0628] 'IsInvincible' [h=9A961D42,$009939A0]: cfunction$002AA368
  K   [Node$014C0650] 'IsFacing' [h=7CF6BC84,$009A6060]: cfunction$002AC8C0
  K   [Node$014C0664] 'GetYaw' [h=8AC12345,$00985560]: cfunction$002AC1F8
  K   [Node$014C06B4] 'AttachToLocation' [h=B4A43049,$00A16C00]: cfunction$002ACD98
  K   [Node$014C06C8] 'IsDormant' [h=18C106CA,$00981660]: cfunction$002A8CE0
  K   [Node$014C0718] 'StopAnimation' [h=00A47F4E,$00993520]: cfunction$002AE7E0
  K   [Node$014C072C] 'SetDieUponHibernation' [h=3CAE2A0F,$009DDD00]: cfunction$002AB608
  K   [Node$014C0740] 'IsPlayer' [h=AECB3690,$0098C040]: cfunction$002AAAB8
  K   [Node$014C0754] 'SetYaw' [h=8AC12351,$00991200]: cfunction$002AC560
  K   [Node$014C07A4] 'GetHitPoints' [h=B699BE55,$009C3060]: cfunction$002A9858
  K   [Node$014C07B8] 'IsSubdued' [h=67FF4F56,$009894E0]: cfunction$002A8E10
  K   [Node$014C07E0] 'CreateItemInPrimaryInventory' [h=2139E8BF,$00A0A800]: cfunction$002AFA10
  K   [Node$014C07F4] 'SetHitPoints' [h=B699BE59,$0097D100]: cfunction$002A9FE8
  K   [Node$014C0808] 'ClearPrimaryInventory' [h=0C70A2D5,$009F9440]: cfunction$002AF868
  K   [Node$014C081C] 'GetType' [h=4A29051B,$009A9240]: cfunction$002ABC98
  K   [Node$014C0830] 'KillWithMortar' [h=76078A1C,$0098E220]: cfunction$002A9160
  K   [Node$014C0844] 'SetIdleInPuppetState' [h=F1C1D3C1,$00A40A00]: cfunction$002AD3F8
  K   [Node$014C0858] 'SetModelNodeVisibility' [h=DC9F662D,$009F8700]: cfunction$002AF1C0
  K   [Node$014C086C] 'ShowGrenadeProp' [h=3066559F,$00980B00]: cfunction$002AAE20
  K   [Node$014C0880] 'StopHumanAnimationInGame' [h=C54D29E0,$00A24040]: cfunction$002AE230
  K   [Node$014C0894] 'EnableTireSmoke' [h=80FB2CA1,$0097BAC0]: cfunction$002AF528
  K   [Node$014C08A8] 'Kill' [h=0074B362,$009AB180]: cfunction$002A8F98
  K   [Node$014C08BC] 'SetLightState' [h=D1E06E33,$009A9320]: cfunction$002AEF40
  K   [Node$014C08D0] 'GetPrimaryEquipedItem' [h=F9A017A4,$00A36800]: cfunction$002A9E08
  K   [Node$014C08E4] 'ResetLookAtActor' [h=89C861FE,$00A423C0]: cfunction$002AEDB8
  K   [Node$014C08F8] 'EnableShadow' [h=5B65D726,$009C64C0]: cfunction$002AD958
  K   [Node$014C090C] 'IsObservedByFaction' [h=D17F2B67,$009E1440]: cfunction$002AB320
  K   [Node$014C0920] 'SetPosition' [h=64C751E8,$00993CC0]: cfunction$002ABF68
  K   [Node$014C0934] 'Remove' [h=4893DA69,$00986A40]: cfunction$002ABDD8
  K   [Node$014C0948] 'HideGrenadeProp' [h=304EECEA,$009810E0]: cfunction$002AAC80
  K   [Node$014C095C] 'SetAnimationSet' [h=7E37427F,$009A0840]: cfunction$002AE9F8
  K   [Node$014C0970] 'SetCorpseCleanUpAllowed' [h=8BFAECEC,$00A23F40]: cfunction$002AA8B8
  K   [Node$014C0984] 'LookAtActor' [h=4ED205AD,$00997140]: cfunction$002AEBC8
  K   [Node$014C0998] 'SetInvincible' [h=5EEA71EE,$009C7D20]: cfunction$002AA528
  K   [Node$014C09AC] 'DisableTireSmoke' [h=D0B86AAF,$00A0C0C0]: cfunction$002AF6F0
  K   [Node$014C09C0] 'PlayAnimation' [h=00A088D9,$009C7B80]: cfunction$002AE3E0
  K   [Node$014C09D4] 'PlayHumanAnimationByHandleInGame' [h=062F6A68,$009D4C00]: cfunction$002ADFE0
  K   [Node$014C09E8] 'EnableCollision' [h=B522BD3D,$0098D4E0]: cfunction$002AD000
  K   [Node$014C09FC] 'PlayHumanAnimation' [h=27721E73,$009D8580]: cfunction$002ADB10
  K   [Node$014C0A10] 'EnableScriptedUse' [h=5D5407AA,$00A05040]: cfunction$002AD5A0
  K   [Node$014C0A24] 'IsAnimating' [h=DD5BDD35,$009985C0]: cfunction$002AE648
  K   [Node$014C0A38] 'SetHitPointsNearDeath' [h=D07799F6,$009D0D80]: cfunction$002AA1F0
  K   [Node$014C0A4C] 'EnableCinematicControl' [h=BD80BC2A,$009EC580]: cfunction$002AD1B0
  K   [Node$014C0A60] 'PlayHumanAnimationByHandle' [h=3EC6B938,$009E3340]: cfunction$002ADDE0
  K   [Node$014C0A74] 'SetVerifiable' [h=D9FE9841,$009AC820]: cfunction$002AA6C0
  K   [Node$014C0A88] 'AttachToActor' [h=6E7904DF,$009795A0]: cfunction$002ACAB0
  K   [Node$014C0A9C] 'GetAttitudeTowardActor' [h=EB4A14A9,$009F7E00]: cfunction$002A9A10
  K   [Node$014C0AB0] 'GetPosition' [h=64C751FC,$0097AF00]: cfunction$002AB790
  K   [Node$014C0AC4] 'GetVelocity' [h=024B95FD,$0098D700]: cfunction$002AC378
  K   [Node$014C0AD8] 'GetRiderType' [h=137799FE,$0097AD40]: cfunction$002AB990
  K   [Node$014C0AEC] 'IsDetectedByFaction' [h=7C2FD47F,$00A3CA40]: cfunction$002AAFC0
  K [Node$00BBAFE4] '__metatable' [h=BDD03A15,$009811C0]: table$00996E40[a=0,h=64]
  K [Node$00BBAFF8] '__tostring' [h=D7D66906,$009A6F60]: cfunction$002F8F70
  K [Node$00BBB00C] '__gc' [h=0071CC66,$00996C80]: cfunction$002F8F68
  [Node$00C79018] 'tRsActor' [h=5767DEFE,$009A7B00]: table$009C4140[a=0,h=8]
_G: table$009A18E0[a=0,h=1024]
  [Node$01A2E740] 'ConDebug' [h=3DFEA000,$00979AC0]: function$009938E0 'ConDebug' [h=3DFEA000,$00979AC0]
    CONST$009609C0 k0  'Debug' [h=129D1272,$009C2A20]
    CONST$009609C8 k1  TObject(None)
     CODE$00A0A7C0
      000 00000018      TEST not r0 : r0 := r0
      001 008000D4       JMP +4 ; 6
      002 03000005 GETGLOBAL r3 := _G[k0 ('Debug' [h=129D1272,$009C2A20])]
      003 04008000      MOVE r4 := r1
      004 03010059      CALL r3 (1 args) => 0 results
      005 00800114       JMP +5 ; 11
      006 01013ED5        EQ r2 == k1 (TObject(None))
      007 00800094       JMP +3 ; 11
      008 03000005 GETGLOBAL r3 := _G[k0 ('Debug' [h=129D1272,$009C2A20])]
      009 04010000      MOVE r4 := r2
      010 03010059      CALL r3 (1 args) => 0 results
      011 0000801B    RETURN
  [Node$01A2E768] 'mission_GenericInit2' [h=030C4402,$00A02CC0]: function$0097BA20 'mission_GenericInit2' [h=030C4402,$00A02CC0]
    CONST$00A066C0 k0  'Cinematic_FadeIn' [h=5CA28993,$00A23B00]
    CONST$00A066C8 k1  TObject(0.5)
    CONST$00A066D0 k2  'mission_InitialNotifications' [h=5EDFBC19,$00A00C40]
    CONST$00A066D8 k3  'util_IsAceMission' [h=3411A219,$009F2FC0]
    CONST$00A066E0 k4  'sQuadrant' [h=4B410EBA,$0099BEC0]
    CONST$00A066E8 k5  'sFaction' [h=7C9C46C0,$009785C0]
    CONST$00A066F0 k6  'iMission' [h=7DD21FF8,$0098A720]
     CODE$00A38980
      000 00000005 GETGLOBAL r0 := _G[k0 ('Cinematic_FadeIn' [h=5CA28993,$00A23B00])]
      001 01000041     LOADK r1 := k1 (TObject(0.5))
      002 02000081     LOADK r2 := k2 ('mission_InitialNotifications' [h=5EDFBC19,$00A00C40])
      003 030000C5 GETGLOBAL r3 := _G[k3 ('util_IsAceMission' [h=3411A219,$009F2FC0])]
      004 04000105 GETGLOBAL r4 := _G[k4 ('sQuadrant' [h=4B410EBA,$0099BEC0])]
      005 05000145 GETGLOBAL r5 := _G[k5 ('sFaction' [h=7C9C46C0,$009785C0])]
      006 06000185 GETGLOBAL r6 := _G[k6 ('iMission' [h=7DD21FF8,$0098A720])]
      007 03020099      CALL r3 (3 args) => 1 results
      008 03018012       NOT r3 := not r3
      009 00020059      CALL r0 (3 args) => 0 results
      010 0000801B    RETURN
  [Node$01A2E77C] 'Actor_GetVelocity' [h=68B72403,$009E92C0]: cfunction$002AC378 'Actor_GetVelocity' [h=68B72403,$009E92C0]
  [Node$01A2E790] 'jeff_SwitchCostumes' [h=F1BDC804,$00A38840]: function$009A4D00 'jeff_SwitchCostumes' [h=F1BDC804,$00A38840]
    CONST$00959460 k0  'switchHeroToAlternateCostume' [h=E1F153D4,$00A123C0]
    CONST$00959468 k1  'jeff_setupCostumeTentEvents' [h=EC9D32FC,$009E9900]
     CODE$009A7E00
      000 00000005 GETGLOBAL r0 := _G[k0 ('switchHeroToAlternateCostume' [h=E1F153D4,$00A123C0])]
      001 01008002  LOADBOOL r1 := True
      002 00010059      CALL r0 (1 args) => 0 results
      003 00000045 GETGLOBAL r0 := _G[k1 ('jeff_setupCostumeTentEvents' [h=EC9D32FC,$009E9900])]
      004 00008059      CALL r0 (0 args) => 0 results
      005 0000801B    RETURN
  [Node$01A2E7A4] 'gameflow_DeckCardVerified' [h=52863805,$009DC100]: function$00981B20 'gameflow_DeckCardVerified' [h=52863805,$009DC100]
    CONST$00CA2800 k0  'util_PrintDebugMsg' [h=A2961C17,$00A25100]
    CONST$00CA2808 k1  '[gameflow.lua] gameflow_DeckCardVerified\n' [h=958E8D15,$009E8D80]
    CONST$00CA2810 k2  '[gameflow.lua] ' [h=0F35146C,$0097CBA0]
    CONST$00CA2818 k3  ' of ' [h=00565EBD,$0097C660]
    CONST$00CA2820 k4  ' ' [h=00000041,$0097FF20]
    CONST$00CA2828 k5  '\n' [h=0000002B,$009AB680]
    CONST$00CA2830 k6  'Utility_WriteStringToScribbleMemory' [h=5E8C6272,$00A3A080]
    CONST$00CA2838 k7  'gameflow_GetCardScribbleMemoryVariableName' [h=22BDD88D,$00A13240]
    CONST$00CA2840 k8  'bAceUnlocked' [h=DF76847E,$0097A0E0]
    CONST$00CA2848 k9  'CARD_RANK_MAX' [h=B37F15FE,$009C4100]
    CONST$00CA2850 k10 'gameflow_AttemptAceMissionUnlock' [h=5B9F3191,$00A13580]
    CONST$00CA2858 k11 'gameflow_UpdatePDAIntelMeter' [h=1CE87DF6,$009DD3C0]
    CONST$00CA2860 k12 'chat_C' [h=51825057,$0097AFA0]
    CONST$00CA2868 k13 'stateKilled' [h=0D0073F8,$00979A80]
    CONST$00CA2870 k14 'K' [h=0000006A,$00982AC0]
    CONST$00CA2878 k15 'stateCaptured' [h=8495A2AD,$00999220]
    CONST$00CA2880 k16 'C' [h=00000062,$009894C0]
    CONST$00CA2888 k17 'JOU' [h=0002E0E6,$00984B00]
    CONST$00CA2890 k18 'CARD_RANK_NUM_MAX' [h=7876B666,$00A39880]
    CONST$00CA2898 k19 TObject(11.0)
    CONST$00CA28A0 k20 'J' [h=0000006B,$009869E0]
    CONST$00CA28A8 k21 TObject(12.0)
    CONST$00CA28B0 k22 'Q' [h=00000070,$00991540]
    CONST$00CA28B8 k23 TObject(13.0)
    CONST$00CA28C0 k24 TObject(14.0)
    CONST$00CA28C8 k25 'A' [h=00000060,$0097DB80]
    CONST$00CA28D0 k26 'clubs' [h=12E946D0,$009AA340]
    CONST$00CA28D8 k27 'diamonds' [h=9540B759,$00982B80]
    CONST$00CA28E0 k28 'D' [h=00000065,$00979EE0]
    CONST$00CA28E8 k29 'hearts' [h=7B78F22A,$00976520]
    CONST$00CA28F0 k30 'H' [h=00000069,$009A2C60]
    CONST$00CA28F8 k31 'spades' [h=B57ECFE8,$0098FA40]
    CONST$00CA2900 k32 'S' [h=00000072,$0098C4E0]
    CONST$00CA2908 k33 'Audio_SetJournalistPropogandaEvent' [h=8502EF7E,$009E47C0]
     CODE$00CF9580
      000 03000005 GETGLOBAL r3 := _G[k0 ('util_PrintDebugMsg' [h=A2961C17,$00A25100])]
      001 04000041     LOADK r4 := k1 ('[gameflow.lua] gameflow_DeckCardVerified\n' [h=958E8D15,$009E8D80])
      002 03010059      CALL r3 (1 args) => 0 results
      003 03000005 GETGLOBAL r3 := _G[k0 ('util_PrintDebugMsg' [h=A2961C17,$00A25100])]
      004 04000081     LOADK r4 := k2 ('[gameflow.lua] ' [h=0F35146C,$0097CBA0])
      005 05008000      MOVE r5 := r1
      006 060000C1     LOADK r6 := k3 (' of ' [h=00565EBD,$0097C660])
      007 07000000      MOVE r7 := r0
      008 08000101     LOADK r8 := k4 (' ' [h=00000041,$0097FF20])
      009 09010000      MOVE r9 := r2
      010 0A000141     LOADK r10 := k5 ('\n' [h=0000002B,$009AB680])
      011 04020293    CONCAT r4 := r4 ... r10
      012 03010059      CALL r3 (1 args) => 0 results
      013 03000185 GETGLOBAL r3 := _G[k6 ('Utility_WriteStringToScribbleMemory' [h=5E8C6272,$00A3A080])]
      014 040001C5 GETGLOBAL r4 := _G[k7 ('gameflow_GetCardScribbleMemoryVariableName' [h=22BDD88D,$00A13240])]
      015 05000000      MOVE r5 := r0
      016 06008000      MOVE r6 := r1
      017 04018099      CALL r4 (2 args) => 1 results
      018 05010000      MOVE r5 := r2
      019 03018059      CALL r3 (2 args) => 0 results
      020 03000002  LOADBOOL r3 := False
      021 03000207 SETGLOBAL r3 ->> _G[k8 ('bAceUnlocked' [h=DF76847E,$0097A0E0])]
      022 03000245 GETGLOBAL r3 := _G[k9 ('CARD_RANK_MAX' [h=B37F15FE,$009C4100])]
      023 010080D5        EQ r1 == r3
      024 00800094       JMP +3 ; 28
      025 03000285 GETGLOBAL r3 := _G[k10 ('gameflow_AttemptAceMissionUnlock' [h=5B9F3191,$00A13580])]
      026 03008099      CALL r3 (0 args) => 1 results
      027 03000207 SETGLOBAL r3 ->> _G[k8 ('bAceUnlocked' [h=DF76847E,$0097A0E0])]
      028 030002C5 GETGLOBAL r3 := _G[k11 ('gameflow_UpdatePDAIntelMeter' [h=1CE87DF6,$009DD3C0])]
      029 03008059      CALL r3 (0 args) => 0 results
      030 03000301     LOADK r3 := k12 ('chat_C' [h=51825057,$0097AFA0])
      031 04000345 GETGLOBAL r4 := _G[k13 ('stateKilled' [h=0D0073F8,$00979A80])]
      032 00010115        EQ r2 != r4
      033 008000D4       JMP +4 ; 38
      034 04018000      MOVE r4 := r3
      035 05000381     LOADK r5 := k14 ('K' [h=0000006A,$00982AC0])
      036 03020153    CONCAT r3 := r4 ... r5
      037 00800154       JMP +6 ; 44
      038 040003C5 GETGLOBAL r4 := _G[k15 ('stateCaptured' [h=8495A2AD,$00999220])]
      039 00010115        EQ r2 != r4
      040 00800094       JMP +3 ; 44
      041 04018000      MOVE r4 := r3
      042 05000401     LOADK r5 := k16 ('C' [h=00000062,$009894C0])
      043 03020153    CONCAT r3 := r4 ... r5
      044 04018000      MOVE r4 := r3
      045 05000441     LOADK r5 := k17 ('JOU' [h=0002E0E6,$00984B00])
      046 03020153    CONCAT r3 := r4 ... r5
      047 04000485 GETGLOBAL r4 := _G[k18 ('CARD_RANK_NUM_MAX' [h=7876B666,$00A39880])]
      048 00008117        LE r1 > r4
      049 008000D4       JMP +4 ; 54
      050 04018000      MOVE r4 := r3
      051 05008000      MOVE r5 := r1
      052 03020153    CONCAT r3 := r4 ... r5
      053 00800594       JMP +23 ; 77
      054 0000C355        EQ r1 != k19 (TObject(11.0))
      055 008000D4       JMP +4 ; 60
      056 04018000      MOVE r4 := r3
      057 05000501     LOADK r5 := k20 ('J' [h=0000006B,$009869E0])
      058 03020153    CONCAT r3 := r4 ... r5
      059 00800414       JMP +17 ; 77
      060 0000C3D5        EQ r1 != k21 (TObject(12.0))
      061 008000D4       JMP +4 ; 66
      062 04018000      MOVE r4 := r3
      063 05000581     LOADK r5 := k22 ('Q' [h=00000070,$00991540])
      064 03020153    CONCAT r3 := r4 ... r5
      065 00800294       JMP +11 ; 77
      066 0000C455        EQ r1 != k23 (TObject(13.0))
      067 008000D4       JMP +4 ; 72
      068 04018000      MOVE r4 := r3
      069 05000381     LOADK r5 := k14 ('K' [h=0000006A,$00982AC0])
      070 03020153    CONCAT r3 := r4 ... r5
      071 00800114       JMP +5 ; 77
      072 0000C495        EQ r1 != k24 (TObject(14.0))
      073 00800094       JMP +3 ; 77
      074 04018000      MOVE r4 := r3
      075 05000641     LOADK r5 := k25 ('A' [h=00000060,$0097DB80])
      076 03020153    CONCAT r3 := r4 ... r5
      077 04000685 GETGLOBAL r4 := _G[k26 ('clubs' [h=12E946D0,$009AA340])]
      078 00000115        EQ r0 != r4
      079 008000D4       JMP +4 ; 84
      080 04018000      MOVE r4 := r3
      081 05000401     LOADK r5 := k16 ('C' [h=00000062,$009894C0])
      082 03020153    CONCAT r3 := r4 ... r5
      083 008004D4       JMP +20 ; 104
      084 040006C5 GETGLOBAL r4 := _G[k27 ('diamonds' [h=9540B759,$00982B80])]
      085 00000115        EQ r0 != r4
      086 008000D4       JMP +4 ; 91
      087 04018000      MOVE r4 := r3
      088 05000701     LOADK r5 := k28 ('D' [h=00000065,$00979EE0])
      089 03020153    CONCAT r3 := r4 ... r5
      090 00800314       JMP +13 ; 104
      091 04000745 GETGLOBAL r4 := _G[k29 ('hearts' [h=7B78F22A,$00976520])]
      092 00000115        EQ r0 != r4
      093 008000D4       JMP +4 ; 98
      094 04018000      MOVE r4 := r3
      095 05000781     LOADK r5 := k30 ('H' [h=00000069,$009A2C60])
      096 03020153    CONCAT r3 := r4 ... r5
      097 00800154       JMP +6 ; 104
      098 040007C5 GETGLOBAL r4 := _G[k31 ('spades' [h=B57ECFE8,$0098FA40])]
      099 00000115        EQ r0 != r4
      100 00800094       JMP +3 ; 104
      101 04018000      MOVE r4 := r3
      102 05000801     LOADK r5 := k32 ('S' [h=00000072,$0098C4E0])
      103 03020153    CONCAT r3 := r4 ... r5
      104 04000845 GETGLOBAL r4 := _G[k33 ('Audio_SetJournalistPropogandaEvent' [h=8502EF7E,$009E47C0])]
      105 05018000      MOVE r5 := r3
      106 04010059      CALL r4 (1 args) => 0 results
      107 04000205 GETGLOBAL r4 := _G[k8 ('bAceUnlocked' [h=DF76847E,$0097A0E0])]
      108 0401001B    RETURN r4 ... r4
      109 0000801B    RETURN
  [Node$01A2E7CC] 'Squad_ReportStatus' [h=1F2BB807,$009E4D40]: cfunction$002B5DD8 'Squad_ReportStatus' [h=1F2BB807,$009E4D40]
  [Node$01A2E7E0] 'Event_OdfSold' [h=C2F0B808,$009C8640]: cfunction$002BD478 'Event_OdfSold' [h=C2F0B808,$009C8640]
  [Node$01A2E7F4] 'SetupEventTargetActorSubdued' [h=239FF409,$009E8200]: function$0098F0C0 'SetupEventTargetActorSubdued' [h=239FF409,$009E8200]
    CONST$0099ECA0 k0  'Event_ActorIsSubdued' [h=22FBBD0D,$00A04D40]
    CONST$0099ECA8 k1  'TargetActorSubdued' [h=71F25B7C,$00A33EC0]
    CONST$0099ECB0 k2  'b' [h=00000083,$00983380]
     CODE$00983000
      000 01000005 GETGLOBAL r1 := _G[k0 ('Event_ActorIsSubdued' [h=22FBBD0D,$00A04D40])]
      001 02000041     LOADK r2 := k1 ('TargetActorSubdued' [h=71F25B7C,$00A33EC0])
      002 03000081     LOADK r3 := k2 ('b' [h=00000083,$00983380])
      003 04000000      MOVE r4 := r0
      004 0102001A  TAILCALL r1 (3 args)
      005 0100001B    RETURN r1 ... top
      006 0000801B    RETURN
  [Node$01A2E808] 'util_GetRandomIntInRange' [h=E995DC0A,$00A1F580]: function$009A9F00 'util_GetRandomIntInRange' [h=E995DC0A,$00A1F580]
    CONST$009C4DE0 k0  'Utility_MathFloor' [h=DCA66785,$00A11100]
    CONST$009C4DE8 k1  'Utility_GetRandomFloat' [h=79984DB3,$00A138C0]
    CONST$009C4DF0 k2  TObject(1.0)
     CODE$009F16C0
      000 02000005 GETGLOBAL r2 := _G[k0 ('Utility_MathFloor' [h=DCA66785,$00A11100])]
      001 03000045 GETGLOBAL r3 := _G[k1 ('Utility_GetRandomFloat' [h=79984DB3,$00A138C0])]
      002 03008099      CALL r3 (0 args) => 1 results
      003 0400800D       SUB r4 := r1 - r0
      004 04023F0C       ADD r4 := r4 + k2 (TObject(1.0))
      005 0301810E       MUL r3 := r3 * r4
      006 0301800C       ADD r3 := r3 + r0
      007 0201001A  TAILCALL r2 (1 args)
      008 0200001B    RETURN r2 ... top
      009 0000801B    RETURN
  [Node$01A2E844] 'gameflow_HandleRandomSpawning' [h=760D2C0D,$009F6140]: function$009A1120 'gameflow_HandleRandomSpawning' [h=760D2C0D,$009F6140]
    CONST$00BBDE00 k0  'randomSpawnGroups' [h=E932E513,$00A0C100]
    CONST$00BBDE08 k1  'ipairs' [h=B6F4A157,$0098FC00]
    CONST$00BBDE10 k2  'templates' [h=ED673D6B,$009821E0]
    CONST$00BBDE18 k3  'tTemplates' [h=8E9A91F4,$00992D60]
    CONST$00BBDE20 k4  'locations' [h=571E6712,$009A0100]
    CONST$00BBDE28 k5  'tLocations' [h=6C167A32,$009A4580]
    CONST$00BBDE30 k6  'settings' [h=4AE233EA,$0099E420]
    CONST$00BBDE38 k7  'tSettings' [h=390A41FE,$00998B60]
    CONST$00BBDE40 k8  'bDeleteLoc' [h=52ECBEBF,$0098E600]
    CONST$00BBDE48 k9  'spawn_ActorTables' [h=4BB339B1,$009EB900]
    CONST$00BBDE50 k10 'table' [h=10F2114B,$0098D780]
    CONST$00BBDE58 k11 'getn' [h=0083B006,$0097DBC0]
    CONST$00BBDE60 k12 'util_PrintDebugMsg' [h=A2961C17,$00A25100]
    CONST$00BBDE68 k13 '[gameflow.lua] gameflow_HandleRandomSpawning: spawned ' [h=F4351B6E,$00B308C0]
    CONST$00BBDE70 k14 ' units\n' [h=8D2A6B81,$009AB0A0]
    CONST$00BBDE78 k15 TObject(1.0)
    CONST$00BBDE80 k16 '[gameflow.lua] gameflow_HandleRandomSpawning: spawning ' [h=E6C4EE76,$00ACC640]
    CONST$00BBDE88 k17 'tostring' [h=787EB105,$009A9A40]
    CONST$00BBDE90 k18 ' at ' [h=0054FA08,$0098B840]
    CONST$00BBDE98 k19 '\n' [h=0000002B,$009AB680]
     CODE$00C44E40
      000 01003E86  GETTABLE r1 := r0[k0 ('randomSpawnGroups' [h=E932E513,$00A0C100])]
      001 01008058      TEST r1 : r1 := r1
      002 00800014       JMP +1 ; 4
      003 0000801B    RETURN
      004 02000045 GETGLOBAL r2 := _G[k1 ('ipairs' [h=B6F4A157,$0098FC00])]
      005 03008000      MOVE r3 := r1
      006 02010159      CALL r2 (1 args) => 4 results
      007 02800CDE  TFORPREP WIP
      008 0602BF46  GETTABLE r6 := r5[k3 ('tTemplates' [h=8E9A91F4,$00992D60])]
      009 06000087 SETGLOBAL r6 ->> _G[k2 ('templates' [h=ED673D6B,$009821E0])]
      010 0602BFC6  GETTABLE r6 := r5[k5 ('tLocations' [h=6C167A32,$009A4580])]
      011 06000107 SETGLOBAL r6 ->> _G[k4 ('locations' [h=571E6712,$009A0100])]
      012 0602C046  GETTABLE r6 := r5[k7 ('tSettings' [h=390A41FE,$00998B60])]
      013 06000187 SETGLOBAL r6 ->> _G[k6 ('settings' [h=4AE233EA,$0099E420])]
      014 06000085 GETGLOBAL r6 := _G[k2 ('templates' [h=ED673D6B,$009821E0])]
      015 06030018      TEST not r6 : r6 := r6
      016 00800B14       JMP +45 ; 62
      017 06000105 GETGLOBAL r6 := _G[k4 ('locations' [h=571E6712,$009A0100])]
      018 06030058      TEST r6 : r6 := r6
      019 00800014       JMP +1 ; 21
      020 00800A14       JMP +41 ; 62
      021 06000185 GETGLOBAL r6 := _G[k6 ('settings' [h=4AE233EA,$0099E420])]
      022 06030018      TEST not r6 : r6 := r6
      023 00800094       JMP +3 ; 27
      024 06000185 GETGLOBAL r6 := _G[k6 ('settings' [h=4AE233EA,$0099E420])]
      025 07008002  LOADBOOL r7 := True
      026 068101C9  SETTABLE r7 ->> r6[k8 ('bDeleteLoc' [h=52ECBEBF,$0098E600])]
      027 06000245 GETGLOBAL r6 := _G[k9 ('spawn_ActorTables' [h=4BB339B1,$009EB900])]
      028 07000085 GETGLOBAL r7 := _G[k2 ('templates' [h=ED673D6B,$009821E0])]
      029 08000105 GETGLOBAL r8 := _G[k4 ('locations' [h=571E6712,$009A0100])]
      030 09000185 GETGLOBAL r9 := _G[k6 ('settings' [h=4AE233EA,$0099E420])]
      031 06020159      CALL r6 (3 args) => 4 results
      032 0A000285 GETGLOBAL r10 := _G[k10 ('table' [h=10F2114B,$0098D780])]
      033 0A054146  GETTABLE r10 := r10[k11 ('getn' [h=0083B006,$0097DBC0])]
      034 0B030000      MOVE r11 := r6
      035 0A010099      CALL r10 (1 args) => 1 results
      036 0B000305 GETGLOBAL r11 := _G[k12 ('util_PrintDebugMsg' [h=A2961C17,$00A25100])]
      037 0C000341     LOADK r12 := k13 ('[gameflow.lua] gameflow_HandleRandomSpawning: spawned ' [h=F4351B6E,$00B308C0])
      038 0D050000      MOVE r13 := r10
      039 0E000381     LOADK r14 := k14 (' units\n' [h=8D2A6B81,$009AB0A0])
      040 0C060393    CONCAT r12 := r12 ... r14
      041 0B010059      CALL r11 (1 args) => 0 results
      042 0B0003C1     LOADK r11 := k15 (TObject(1.0))
      043 0C050000      MOVE r12 := r10
      044 0D0003C1     LOADK r13 := k15 (TObject(1.0))
      045 0B05834D       SUB r11 := r11 - r13
      046 008002D4       JMP +12 ; 59
      047 0E000305 GETGLOBAL r14 := _G[k12 ('util_PrintDebugMsg' [h=A2961C17,$00A25100])]
      048 0F000401     LOADK r15 := k16 ('[gameflow.lua] gameflow_HandleRandomSpawning: spawning ' [h=E6C4EE76,$00ACC640])
      049 10000445 GETGLOBAL r16 := _G[k17 ('tostring' [h=787EB105,$009A9A40])]
      050 110302C6  GETTABLE r17 := r6[r11]
      051 10010099      CALL r16 (1 args) => 1 results
      052 11000481     LOADK r17 := k18 (' at ' [h=0054FA08,$0098B840])
      053 12000445 GETGLOBAL r18 := _G[k17 ('tostring' [h=787EB105,$009A9A40])]
      054 130382C6  GETTABLE r19 := r7[r11]
      055 12010099      CALL r18 (1 args) => 1 results
      056 130004C1     LOADK r19 := k19 ('\n' [h=0000002B,$009AB680])
      057 0F0784D3    CONCAT r15 := r15 ... r19
      058 0E010059      CALL r14 (1 args) => 0 results
      059 0B7FFC9C   FORLOOP r11 := r13; if r11 <= r12 JMP -13
      060 0200005D  TFORLOOP WIP
      061 007FF254       JMP -54 ; 8
      062 0000801B    RETURN
  [Node$01A2E858] 'Actor_SetLightState' [h=11C3A80E,$00A0C2C0]: cfunction$002AEF40 'Actor_SetLightState' [h=11C3A80E,$00A0C2C0]
  [Node$01A2E894] 'Traffic_SetZoneSpawnerCap' [h=8AB13811,$00A20EC0]: cfunction$002A2468 'Traffic_SetZoneSpawnerCap' [h=8AB13811,$00A20EC0]
  [Node$01A2E8A8] 'ActorVehicle_ReceiveRider' [h=A15FE812,$00A0C080]: cfunction$002B08F0 'ActorVehicle_ReceiveRider' [h=A15FE812,$00A0C080]
  [Node$01A2E8BC] 'RS_AFLG_NOHEAD' [h=811D0C13,$009893A0]: TObject(16.0)
  [Node$01A2E8E4] 'Debug_EnableDebugMenu' [h=89F83815,$00A003C0]: cfunction$002F7078 'Debug_EnableDebugMenu' [h=89F83815,$00A003C0]
  [Node$01A2E90C] 'tonumber' [h=09871C17,$009AA2C0]: cfunction$003B75F8 'tonumber' [h=09871C17,$009AA2C0]
  [Node$01A2E934] 'mission_InitialNotifications' [h=5EDFBC19,$00A00C40]: function$0098A0C0 'mission_InitialNotifications' [h=5EDFBC19,$00A00C40]
    CONST$00AAE0C0 k0  'util_PrintDebugMsg' [h=A2961C17,$00A25100]
    CONST$00AAE0C8 k1  '[mission.lua] mission_InitialNotifications\n' [h=0D31BC9F,$009CDDC0]
    CONST$00AAE0D0 k2  'custom_InitialNotifications' [h=6C2372F6,$009ED640]
    CONST$00AAE0D8 k3  'pre_InitialNotifications' [h=6E398443,$009E9140]
    CONST$00AAE0E0 k4  'mission_AddSupport' [h=EEFD8C7C,$00A2A540]
    CONST$00AAE0E8 k5  'tSupport' [h=B268A683,$0098D5C0]
    CONST$00AAE0F0 k6  'Event_RelativeTimer' [h=AD23F6E2,$009F7840]
    CONST$00AAE0F8 k7  'mission_InitialNotifications2' [h=73B75DF4,$009F8F80]
    CONST$00AAE100 k8  'b' [h=00000083,$00983380]
    CONST$00AAE108 k9  TObject(0.5)
     CODE$00B1B140
      000 00000005 GETGLOBAL r0 := _G[k0 ('util_PrintDebugMsg' [h=A2961C17,$00A25100])]
      001 01000041     LOADK r1 := k1 ('[mission.lua] mission_InitialNotifications\n' [h=0D31BC9F,$009CDDC0])
      002 00010059      CALL r0 (1 args) => 0 results
      003 00000085 GETGLOBAL r0 := _G[k2 ('custom_InitialNotifications' [h=6C2372F6,$009ED640])]
      004 00000018      TEST not r0 : r0 := r0
      005 00800094       JMP +3 ; 9
      006 00000085 GETGLOBAL r0 := _G[k2 ('custom_InitialNotifications' [h=6C2372F6,$009ED640])]
      007 00008059      CALL r0 (0 args) => 0 results
      008 00800314       JMP +13 ; 22
      009 000000C5 GETGLOBAL r0 := _G[k3 ('pre_InitialNotifications' [h=6E398443,$009E9140])]
      010 00000018      TEST not r0 : r0 := r0
      011 00800054       JMP +2 ; 14
      012 000000C5 GETGLOBAL r0 := _G[k3 ('pre_InitialNotifications' [h=6E398443,$009E9140])]
      013 00008059      CALL r0 (0 args) => 0 results
      014 00000105 GETGLOBAL r0 := _G[k4 ('mission_AddSupport' [h=EEFD8C7C,$00A2A540])]
      015 01000145 GETGLOBAL r1 := _G[k5 ('tSupport' [h=B268A683,$0098D5C0])]
      016 00010059      CALL r0 (1 args) => 0 results
      017 00000185 GETGLOBAL r0 := _G[k6 ('Event_RelativeTimer' [h=AD23F6E2,$009F7840])]
      018 010001C1     LOADK r1 := k7 ('mission_InitialNotifications2' [h=73B75DF4,$009F8F80])
      019 02000201     LOADK r2 := k8 ('b' [h=00000083,$00983380])
      020 03000241     LOADK r3 := k9 (TObject(0.5))
      021 00020059      CALL r0 (3 args) => 0 results
      022 0000801B    RETURN
  [Node$01A2E948] 'Building_SiloPrepare' [h=A1A96C1A,$009D2240]: cfunction$002F7F68 'Building_SiloPrepare' [h=A1A96C1A,$009D2240]
  [Node$01A2E95C] 'Utility_GetPointBehindPlayer' [h=83B0181B,$009DC4C0]: cfunction$002C3868 'Utility_GetPointBehindPlayer' [h=83B0181B,$009DC4C0]
  [Node$01A2E984] 'RS_AFLG_DRIVE' [h=4916C41D,$009A4C00]: TObject(2.0)
  [Node$01A2E998] 'gameflow_SetupEventCardIsNear' [h=12E1AC1E,$00A08940]: function$009A4C40 'gameflow_SetupEventCardIsNear' [h=12E1AC1E,$00A08940]
    CONST$009A5A40 k0  'Event_ActorToActorProximity' [h=33FEE622,$009FDA80]
    CONST$009A5A48 k1  'gameflow_CardIsNear' [h=CF58EF7F,$009DAEC0]
    CONST$009A5A50 k2  'b' [h=00000083,$00983380]
     CODE$009E90C0
      000 04000005 GETGLOBAL r4 := _G[k0 ('Event_ActorToActorProximity' [h=33FEE622,$009FDA80])]
      001 05000041     LOADK r5 := k1 ('gameflow_CardIsNear' [h=CF58EF7F,$009DAEC0])
      002 06000081     LOADK r6 := k2 ('b' [h=00000083,$00983380])
      003 07000000      MOVE r7 := r0
      004 08008000      MOVE r8 := r1
      005 09010000      MOVE r9 := r2
      006 0A018000      MOVE r10 := r3
      007 0403801A  TAILCALL r4 (6 args)
      008 0400001B    RETURN r4 ... top
      009 0000801B    RETURN
  [Node$01A2E9AC] 'util_GetRandomFloatInRange' [h=0C36D81F,$00A11B00]: function$009944E0 'util_GetRandomFloatInRange' [h=0C36D81F,$00A11B00]
    CONST$00961B60 k0  'Utility_GetRandomFloat' [h=79984DB3,$00A138C0]
     CODE$00978600
      000 0200800D       SUB r2 := r1 - r0
      001 03000005 GETGLOBAL r3 := _G[k0 ('Utility_GetRandomFloat' [h=79984DB3,$00A138C0])]
      002 03008099      CALL r3 (0 args) => 1 results
      003 0301808E       MUL r3 := r3 * r2
      004 0301800C       ADD r3 := r3 + r0
      005 0301001B    RETURN r3 ... r3
      006 0000801B    RETURN
  [Node$01A2E9D4] 'Mission_SpawnAirplaneFlyby' [h=875A5021,$00A16DC0]: cfunction$002A3328 'Mission_SpawnAirplaneFlyby' [h=875A5021,$00A16DC0]
  [Node$01A2E9E8] 'Actor_IsFacing' [h=D419BC22,$009772A0]: cfunction$002AC8C0 'Actor_IsFacing' [h=D419BC22,$009772A0]
  [Node$01A2E9FC] 'Event_AiCommandQueueClear' [h=D557BC23,$00A24AC0]: cfunction$002BC400 'Event_AiCommandQueueClear' [h=D557BC23,$00A24AC0]
  [Node$01A2EA10] 'Briefing_RestoreOldLightSettings' [h=D6012824,$00A2DEC0]: cfunction$002F8908 'Briefing_RestoreOldLightSettings' [h=D6012824,$00A2DEC0]
  [Node$01A2EA88] 'Actor_IsSubdued' [h=050D442A,$00999160]: cfunction$002A8E10 'Actor_IsSubdued' [h=050D442A,$00999160]
  [Node$01A2EA9C] 'Event_ActorUsed' [h=760DA02B,$00992960]: cfunction$002BEC70 'Event_ActorUsed' [h=760DA02B,$00992960]
  [Node$01A2EAB0] 'Utility_WriteMissionData' [h=CF74742C,$00A21400]: cfunction$002C67E0 'Utility_WriteMissionData' [h=CF74742C,$00A21400]
  [Node$01A2EAC4] 'Event_PlayerUsesWeapon' [h=D83B742D,$00A0A740]: cfunction$002BE448 'Event_PlayerUsesWeapon' [h=D83B742D,$00A0A740]
  [Node$01A2EAD8] 'Utility_GetDistantSpawnPointOnPath' [h=E320C02E,$00A06380]: cfunction$002C2700 'Utility_GetDistantSpawnPointOnPath' [h=E320C02E,$00A06380]
  [Node$01A2EB00] 'Ui_RemoveDisplayMarkerActor' [h=CD0BB430,$009CF040]: cfunction$002A7FE0 'Ui_RemoveDisplayMarkerActor' [h=CD0BB430,$009CF040]
  [Node$01A2EB28] 'util_PrintMsg' [h=8493EC32,$009C8920]: function$009C2DA0 'util_PrintMsg' [h=8493EC32,$009C8920]
    CONST$00977540 k0  'util_PrintDebugMsg' [h=A2961C17,$00A25100]
    CONST$00977548 k1  'bHudOutput' [h=448C87A5,$009A6680]
    CONST$00977550 k2  'Ui_PrintHudMessage' [h=079D2035,$00A001C0]
     CODE$00A36400
      000 01000005 GETGLOBAL r1 := _G[k0 ('util_PrintDebugMsg' [h=A2961C17,$00A25100])]
      001 02000000      MOVE r2 := r0
      002 01010059      CALL r1 (1 args) => 0 results
      003 01000045 GETGLOBAL r1 := _G[k1 ('bHudOutput' [h=448C87A5,$009A6680])]
      004 01008018      TEST not r1 : r1 := r1
      005 00800094       JMP +3 ; 9
      006 01000085 GETGLOBAL r1 := _G[k2 ('Ui_PrintHudMessage' [h=079D2035,$00A001C0])]
      007 02000000      MOVE r2 := r0
      008 01010059      CALL r1 (1 args) => 0 results
      009 0000801B    RETURN
  [Node$01A2EB3C] 'Actor_IsObservedByFaction' [h=91C0B033,$009FAA40]: cfunction$002AB320 'Actor_IsObservedByFaction' [h=91C0B033,$009FAA40]
  [Node$01A2EB64] 'Ui_PrintHudMessage' [h=079D2035,$00A001C0]: cfunction$002A7B60 'Ui_PrintHudMessage' [h=079D2035,$00A001C0]
  [Node$01A2EB8C] 'VERB_ACTION' [h=F6A76037,$0097F040]: TObject(2.0)
  [Node$01A2EBA0] 'Utility_ReadNumberFromScribbleMemory' [h=2BB92038,$009F9D40]: cfunction$002C5F20 'Utility_ReadNumberFromScribbleMemory' [h=2BB92038,$009F9D40]
  [Node$01A2EBB4] 'Ai_Anchor' [h=FD969439,$009C1CC0]: cfunction$002B3168 'Ai_Anchor' [h=FD969439,$009C1CC0]
  [Node$01A2EBC8] 'jeff_displayTankHelp' [h=91B9883A,$00A077C0]: function$0099E840 'jeff_displayTankHelp' [h=91B9883A,$00A077C0]
    CONST$00A24A40 k0  'Utility_MessageBox' [h=E0C5D484,$009E5400]
    CONST$00A24A48 k1  'Utility_GetStringById' [h=F7067A6C,$009EF080]
    CONST$00A24A50 k2  'tutorial.Tank01.Title' [h=F9A74033,$009E53C0]
    CONST$00A24A58 k3  'tutorial.TankOperation' [h=0C1DE407,$009EAAC0]
    CONST$00A24A60 k4  'jeff_displayTankHelp2' [h=E61AA4E1,$00A1E6C0]
     CODE$009CD780
      000 00000005 GETGLOBAL r0 := _G[k0 ('Utility_MessageBox' [h=E0C5D484,$009E5400])]
      001 01000045 GETGLOBAL r1 := _G[k1 ('Utility_GetStringById' [h=F7067A6C,$009EF080])]
      002 02000081     LOADK r2 := k2 ('tutorial.Tank01.Title' [h=F9A74033,$009E53C0])
      003 01010099      CALL r1 (1 args) => 1 results
      004 02000045 GETGLOBAL r2 := _G[k1 ('Utility_GetStringById' [h=F7067A6C,$009EF080])]
      005 030000C1     LOADK r3 := k3 ('tutorial.TankOperation' [h=0C1DE407,$009EAAC0])
      006 02010099      CALL r2 (1 args) => 1 results
      007 03008002  LOADBOOL r3 := True
      008 04000101     LOADK r4 := k4 ('jeff_displayTankHelp2' [h=E61AA4E1,$00A1E6C0])
      009 00028059      CALL r0 (4 args) => 0 results
      010 0000801B    RETURN
  [Node$01A2EC68] 'Traffic_ResetZoneSpawners' [h=D38E8042,$009D6280]: cfunction$002A17E8 'Traffic_ResetZoneSpawners' [h=D38E8042,$009D6280]
  [Node$01A2EC7C] 'UTIL_DEBUG_LUA_LOADED' [h=EF122443,$009F3880]: TObject(1.0)
  [Node$01A2EC90] 'iTargetIntel' [h=B19BC844,$00979E20]: TObject(80.0)
  [Node$01A2ECB8] 'Event_OdfHitPointsLessThan' [h=4DDA8046,$009FB200]: cfunction$002BD1D8 'Event_OdfHitPointsLessThan' [h=4DDA8046,$009FB200]
  [Node$01A2ECF4] 'ClearLZ_Objectify' [h=2445F049,$009DEBC0]: function$009C6700[2] 'ClearLZ_Objectify' [h=2445F049,$009DEBC0]
    CONST$00C80840 k0  'Debug' [h=129D1272,$009C2A20]
    CONST$00C80848 k1  'ClearLZ_Objectify: .... ' [h=E5DD6BCF,$00A17700]
    CONST$00C80850 k2  'tostring' [h=787EB105,$009A9A40]
    CONST$00C80858 k3  'location' [h=7C6728BC,$009858C0]
    CONST$00C80860 k4  'tLocation' [h=1B661449,$0098DE00]
    CONST$00C80868 k5  'LZ' [h=000013EA,$009923A0]
    CONST$00C80870 k6  'Utility_GetStringById' [h=F7067A6C,$009EF080]
    CONST$00C80878 k7  's1Location' [h=8ECB6B3B,$009C8AA0]
    CONST$00C80880 k8  'human' [h=10501C7D,$00978CE0]
    CONST$00C80888 k9  's1Target' [h=1653FE13,$00999680]
    CONST$00C80890 k10 'ClearLZ_Objectify: sCaption ' [h=E5FE49B9,$00A03C00]
    CONST$00C80898 k11 'mission_RemoveObjective' [h=B90D805B,$00A28940]
    CONST$00C808A0 k12 'ClearLZ' [h=B63A9CA9,$00976C40]
    CONST$00C808A8 k13 'mission_ObjectiveDestroy' [h=A28EF47D,$00A107C0]
    CONST$00C808B0 k14 'callbackFunc' [h=1E1CD035,$009C7860]
    CONST$00C808B8 k15 'killCallbackFunc' [h=4C5627FE,$009D0840]
    CONST$00C808C0 k16 'ClearLZ_Killed' [h=DB8C7405,$0099C7C0]
    CONST$00C808C8 k17 'objectiveName' [h=2337C7CC,$0097D840]
    CONST$00C808D0 k18 'objectiveType' [h=4CF75B8E,$00995160]
    CONST$00C808D8 k19 'OBJECTIVE_TYPE_SECONDARY' [h=AE817712,$00A3DE00]
    CONST$00C808E0 k20 'objectiveDesc' [h=54B269EB,$009A9720]
    CONST$00C808E8 k21 's1Short' [h=EA10FCD9,$0098E900]
    CONST$00C808F0 k22 'locationOnMaps' [h=FA99E3AB,$00982F20]
    CONST$00C808F8 k23 'actorName' [h=4EB2E2FD,$0098A660]
    CONST$00C80900 k24 'tLZ' [h=0002FDBF,$00989E60]
    CONST$00C80908 k25 'actorCaption' [h=0C46BDC7,$0099F520]
    CONST$00C80910 k26 'targetType' [h=4E235805,$0098DD20]
    CONST$00C80918 k27 'TARGET_TYPE_OBJECTIVE_SECONDARY' [h=A2EEB365,$00A31440]
    CONST$00C80920 k28 'markInGPS' [h=1F1CD89F,$009C6C20]
    CONST$00C80928 k29 'markInPDA' [h=06AF161A,$0099AF00]
    CONST$00C80930 k30 'markInWorld' [h=5268B4A8,$009BF900]
    CONST$00C80938 k31 'drawDiamond' [h=F9D35DC5,$00985900]
    CONST$00C80940 k32 'ClearLZ_Objectify: DONE' [h=60A66C2D,$00A12940]
     CODE$00C23040
      000 01000005 GETGLOBAL r1 := _G[k0 ('Debug' [h=129D1272,$009C2A20])]
      001 02000041     LOADK r2 := k1 ('ClearLZ_Objectify: .... ' [h=E5DD6BCF,$00A17700])
      002 03000085 GETGLOBAL r3 := _G[k2 ('tostring' [h=787EB105,$009A9A40])]
      003 04000000      MOVE r4 := r0
      004 03010099      CALL r3 (1 args) => 1 results
      005 020100D3    CONCAT r2 := r2 ... r3
      006 01010059      CALL r1 (1 args) => 0 results
      007 010000C1     LOADK r1 := k3 ('location' [h=7C6728BC,$009858C0])
      008 02000004  GETUPVAL r2 := u0
      009 02013F86  GETTABLE r2 := r2[k4 ('tLocation' [h=1B661449,$0098DE00])]
      010 02013FC6  GETTABLE r2 := r2[k5 ('LZ' [h=000013EA,$009923A0])]
      011 03000185 GETGLOBAL r3 := _G[k6 ('Utility_GetStringById' [h=F7067A6C,$009EF080])]
      012 04008004  GETUPVAL r4 := u1
      013 04024046  GETTABLE r4 := r4[k7 ('s1Location' [h=8ECB6B3B,$009C8AA0])]
      014 03010099      CALL r3 (1 args) => 1 results
      015 00000018      TEST not r0 : r0 := r0
      016 00800194       JMP +7 ; 24
      017 01000201     LOADK r1 := k8 ('human' [h=10501C7D,$00978CE0])
      018 02010003   LOADNIL r2 ... r2
      019 04000185 GETGLOBAL r4 := _G[k6 ('Utility_GetStringById' [h=F7067A6C,$009EF080])]
      020 05008004  GETUPVAL r5 := u1
      021 0502C0C6  GETTABLE r5 := r5[k9 ('s1Target' [h=1653FE13,$00999680])]
      022 04010099      CALL r4 (1 args) => 1 results
      023 03020000      MOVE r3 := r4
      024 04000005 GETGLOBAL r4 := _G[k0 ('Debug' [h=129D1272,$009C2A20])]
      025 05000281     LOADK r5 := k10 ('ClearLZ_Objectify: sCaption ' [h=E5FE49B9,$00A03C00])
      026 06000085 GETGLOBAL r6 := _G[k2 ('tostring' [h=787EB105,$009A9A40])]
      027 07018000      MOVE r7 := r3
      028 06010099      CALL r6 (1 args) => 1 results
      029 05028193    CONCAT r5 := r5 ... r6
      030 04010059      CALL r4 (1 args) => 0 results
      031 040002C5 GETGLOBAL r4 := _G[k11 ('mission_RemoveObjective' [h=B90D805B,$00A28940])]
      032 05000301     LOADK r5 := k12 ('ClearLZ' [h=B63A9CA9,$00976C40])
      033 04010059      CALL r4 (1 args) => 0 results
      034 04000345 GETGLOBAL r4 := _G[k13 ('mission_ObjectiveDestroy' [h=A28EF47D,$00A107C0])]
      035 0500010A  NEWTABLE r5 := {} (#a=0, #h=4)
      036 06000305 GETGLOBAL r6 := _G[k12 ('ClearLZ' [h=B63A9CA9,$00976C40])]
      037 05840189  SETTABLE r6 ->> r5[k14 ('callbackFunc' [h=1E1CD035,$009C7860])]
      038 06000405 GETGLOBAL r6 := _G[k16 ('ClearLZ_Killed' [h=DB8C7405,$0099C7C0])]
      039 05848189  SETTABLE r6 ->> r5[k15 ('killCallbackFunc' [h=4C5627FE,$009D0840])]
      040 0585C189  SETTABLE k12 ('ClearLZ' [h=B63A9CA9,$00976C40]) ->> r5[k17 ('objectiveName' [h=2337C7CC,$0097D840])]
      041 05864349  SETTABLE k19 ('OBJECTIVE_TYPE_SECONDARY' [h=AE817712,$00A3DE00]) ->> r5[k18 ('objectiveType' [h=4CF75B8E,$00995160])]
      042 06000185 GETGLOBAL r6 := _G[k6 ('Utility_GetStringById' [h=F7067A6C,$009EF080])]
      043 07008004  GETUPVAL r7 := u1
      044 0703C3C6  GETTABLE r7 := r7[k21 ('s1Short' [h=EA10FCD9,$0098E900])]
      045 06010099      CALL r6 (1 args) => 1 results
      046 05870189  SETTABLE r6 ->> r5[k20 ('objectiveDesc' [h=54B269EB,$009A9720])]
      047 05880089  SETTABLE r2 ->> r5[k22 ('locationOnMaps' [h=FA99E3AB,$00982F20])]
      048 06000004  GETUPVAL r6 := u0
      049 06034486  GETTABLE r6 := r6[k24 ('tLZ' [h=0002FDBF,$00989E60])]
      050 05888189  SETTABLE r6 ->> r5[k23 ('actorName' [h=4EB2E2FD,$0098A660])]
      051 058980C9  SETTABLE r3 ->> r5[k25 ('actorCaption' [h=0C46BDC7,$0099F520])]
      052 058A4549  SETTABLE k27 ('TARGET_TYPE_OBJECTIVE_SECONDARY' [h=A2EEB365,$00A31440]) ->> r5[k26 ('targetType' [h=4E235805,$0098DD20])]
      053 058B0009  SETTABLE r0 ->> r5[k28 ('markInGPS' [h=1F1CD89F,$009C6C20])]
      054 058B8009  SETTABLE r0 ->> r5[k29 ('markInPDA' [h=06AF161A,$0099AF00])]
      055 058C0009  SETTABLE r0 ->> r5[k30 ('markInWorld' [h=5268B4A8,$009BF900])]
      056 06008002  LOADBOOL r6 := True
      057 058C8189  SETTABLE r6 ->> r5[k31 ('drawDiamond' [h=F9D35DC5,$00985900])]
      058 04010059      CALL r4 (1 args) => 0 results
      059 04000005 GETGLOBAL r4 := _G[k0 ('Debug' [h=129D1272,$009C2A20])]
      060 05000801     LOADK r5 := k32 ('ClearLZ_Objectify: DONE' [h=60A66C2D,$00A12940])
      061 04010059      CALL r4 (1 args) => 0 results
      062 0000801B    RETURN
  [Node$01A2ED1C] 'Ai_SetHostileRange' [h=76FEC84B,$009CEC80]: cfunction$002B2948 'Ai_SetHostileRange' [h=76FEC84B,$009CEC80]
  [Node$01A2ED44] 'Actor_IsPlayer' [h=F019E44D,$009850C0]: cfunction$002AAAB8 'Actor_IsPlayer' [h=F019E44D,$009850C0]
  [Node$01A2ED58] 'mission_ObjectiveSubdue' [h=C9A1484E,$009CD640]: function$009951A0 'mission_ObjectiveSubdue' [h=C9A1484E,$009CD640]
    CONST$00992020 k0  'verb' [h=0076582D,$0098A700]
    CONST$00992028 k1  'VERB_SUBDUE' [h=9C793DA4,$009998A0]
    CONST$00992030 k2  'mission_ObjectiveVerb' [h=7FAF457B,$009E77C0]
     CODE$0097EF00
      000 01000045 GETGLOBAL r1 := _G[k1 ('VERB_SUBDUE' [h=9C793DA4,$009998A0])]
      001 007D0049  SETTABLE r1 ->> r0[k0 ('verb' [h=0076582D,$0098A700])]
      002 01000085 GETGLOBAL r1 := _G[k2 ('mission_ObjectiveVerb' [h=7FAF457B,$009E77C0])]
      003 02000000      MOVE r2 := r0
      004 01010059      CALL r1 (1 args) => 0 results
      005 0000801B    RETURN
  [Node$01A2ED6C] 'Ai_GetFaction' [h=0CB7644F,$0099EDC0]: cfunction$002B2800 'Ai_GetFaction' [h=0CB7644F,$0099EDC0]
  [Node$01A2ED80] 'Actor_StopAnimation' [h=41409C50,$009F2700]: cfunction$002AE7E0 'Actor_StopAnimation' [h=41409C50,$009F2700]
  [Node$01A2ED94] 'ActorVehicle_GetNumPassengers' [h=91186C51,$00A3AD00]: cfunction$002AFDB0 'ActorVehicle_GetNumPassengers' [h=91186C51,$00A3AD00]
  [Node$01A2EDA8] 'Audio_PlaySound' [h=349CB052,$0099A900]: cfunction$002B9018 'Audio_PlaySound' [h=349CB052,$0099A900]
  [Node$01A2EDBC] 'Actor_DisableTireSmoke' [h=7E179C53,$009E0A80]: cfunction$002AF6F0 'Actor_DisableTireSmoke' [h=7E179C53,$009E0A80]
  [Node$01A2EDD0] 'Ai_Takeoff' [h=C0AC1454,$009C7480]: cfunction$002B2188 'Ai_Takeoff' [h=C0AC1454,$009C7480]
  [Node$01A2EE0C] 'tDefault_spawn_ActorTableSettings' [h=716F1C57,$009EA780]: table$0099E7A0[a=0,h=32]
    [Node$00D8B3E8] 'nLocationsMax' [h=4D3F5402,$0097B680]: TObject(None)
    [Node$00D8B3FC] 'tNameCollision' [h=BA06ED43,$00983CE0]: table$0098BCA0[a=0,h=16]
      [Node$00C94714] 'bCheckForRiders' [h=902CCF51,$0099C860]: TObject(True)
      [Node$00C94728] 'bDormantDelete' [h=3146F242,$009C6C40]: TObject(False)
      [Node$00C9473C] 'nDistanceFromPlayerDelete' [h=85C78523,$009E1880]: TObject(None)
      [Node$00C94750] 'bDelete' [h=B7108194,$00977C60]: TObject(False)
      [Node$00C947A0] 'bResetSettings' [h=8419CD38,$00978C20]: TObject(False)
      [Node$00C947F0] 'bResetToHome' [h=35A98384,$00995340]: TObject(False)
      [Node$00C94804] 'fCallback' [h=C204E03D,$009AA880]: TObject(None)
      [Node$00C94818] 'bRemoveNamedRiders' [h=B01EE30E,$00A14080]: TObject(False)
      [Node$00C9482C] 'bUnique' [h=9233073F,$00984820]: TObject(True)
    [Node$00D8B424] 'fSetup' [h=9C855945,$009972C0]: TObject(None)
    [Node$00D8B44C] 'nYawMax' [h=AA900907,$009A8C00]: TObject(None)
    [Node$00D8B460] 'sNameBase' [h=272F9148,$009A5DE0]: TObject(None)
    [Node$00D8B4B0] 'nNameBaseStartIndex' [h=EC2E230C,$00A10980]: TObject(1.0)
    [Node$00D8B514] 'sSquad' [h=7089B391,$0098C100]: TObject(None)
    [Node$00D8B53C] 'nYawMin' [h=09CC3293,$0098E2A0]: TObject(None)
    [Node$00D8B578] 'bInvincible' [h=4FA74776,$009C2740]: TObject(False)
    [Node$00D8B5B4] 'bYawRandom' [h=18F4BE79,$0097E1E0]: TObject(False)
    [Node$00D8B5F0] 'bReturnSpawnedOnly' [h=B21176FC,$00A02B00]: TObject(False)
    [Node$00D8B618] 'bQueue' [h=4837AE19,$009A89E0]: TObject(False)
    [Node$00D8B62C] 'bDeleteLoc' [h=52ECBEBF,$0098E600]: TObject(False)
  [Node$01A2EE48] 'util_SetDefault' [h=3072A05A,$00988C60]: function$009949C0 'util_SetDefault' [h=3072A05A,$00988C60]
    CONST$00961B50 k0  TObject(None)
     CODE$009A6600
      000 00003E95        EQ r0 != k0 (TObject(None))
      001 00800014       JMP +1 ; 3
      002 00008000      MOVE r0 := r1
      003 0001001B    RETURN r0 ... r0
      004 0000801B    RETURN
  [Node$01A2EE5C] 'mission_RemoveObjective' [h=B90D805B,$00A28940]: function$009C8A40 'mission_RemoveObjective' [h=B90D805B,$00A28940]
    CONST$00A669C0 k0  'Debug_Assert' [h=E8876833,$009778E0]
    CONST$00A669C8 k1  '[OBJECTIVE] attempting to remove invalid objectiveName!' [h=C5C56B45,$00B29C40]
    CONST$00A669D0 k2  'util_PrintDebugMsg' [h=A2961C17,$00A25100]
    CONST$00A669D8 k3  '[OBJECTIVE] removing objective ' [h=E3EB749F,$009EB080]
    CONST$00A669E0 k4  '\n' [h=0000002B,$009AB680]
    CONST$00A669E8 k5  'Objective_Remove' [h=732926C0,$00A0AE00]
    CONST$00A669F0 k6  'mission_tObjectives' [h=B4A8BCEB,$009D7BC0]
    CONST$00A669F8 k7  'ipairs' [h=B6F4A157,$0098FC00]
    CONST$00A66A00 k8  'targetActors' [h=DB0363C4,$0097CC00]
    CONST$00A66A08 k9  'CancelEventsForObjectiveTarget' [h=57E38D51,$009E4180]
    CONST$00A66A10 k10 'verb' [h=0076582D,$0098A700]
    CONST$00A66A18 k11 'mission_tTargets' [h=28796635,$00A38080]
    CONST$00A66A20 k12 'Utility_GetActorAsInt' [h=A2B359A3,$00A3EB80]
     CODE$00AC39C0
      000 01000005 GETGLOBAL r1 := _G[k0 ('Debug_Assert' [h=E8876833,$009778E0])]
      001 02000000      MOVE r2 := r0
      002 03000041     LOADK r3 := k1 ('[OBJECTIVE] attempting to remove invalid objectiveName!' [h=C5C56B45,$00B29C40])
      003 01018059      CALL r1 (2 args) => 0 results
      004 01000085 GETGLOBAL r1 := _G[k2 ('util_PrintDebugMsg' [h=A2961C17,$00A25100])]
      005 020000C1     LOADK r2 := k3 ('[OBJECTIVE] removing objective ' [h=E3EB749F,$009EB080])
      006 03000000      MOVE r3 := r0
      007 04000101     LOADK r4 := k4 ('\n' [h=0000002B,$009AB680])
      008 02010113    CONCAT r2 := r2 ... r4
      009 01010059      CALL r1 (1 args) => 0 results
      010 01000145 GETGLOBAL r1 := _G[k5 ('Objective_Remove' [h=732926C0,$00A0AE00])]
      011 02000000      MOVE r2 := r0
      012 01010059      CALL r1 (1 args) => 0 results
      013 01000185 GETGLOBAL r1 := _G[k6 ('mission_tObjectives' [h=B4A8BCEB,$009D7BC0])]
      014 01008006  GETTABLE r1 := r1[r0]
      015 01008018      TEST not r1 : r1 := r1
      016 00800354       JMP +14 ; 31
      017 020001C5 GETGLOBAL r2 := _G[k7 ('ipairs' [h=B6F4A157,$0098FC00])]
      018 0300C086  GETTABLE r3 := r1[k8 ('targetActors' [h=DB0363C4,$0097CC00])]
      019 02010159      CALL r2 (1 args) => 4 results
      020 028001DE  TFORPREP WIP
      021 06000245 GETGLOBAL r6 := _G[k9 ('CancelEventsForObjectiveTarget' [h=57E38D51,$009E4180])]
      022 0700C106  GETTABLE r7 := r1[k10 ('verb' [h=0076582D,$0098A700])]
      023 080002C5 GETGLOBAL r8 := _G[k11 ('mission_tTargets' [h=28796635,$00A38080])]
      024 09000305 GETGLOBAL r9 := _G[k12 ('Utility_GetActorAsInt' [h=A2B359A3,$00A3EB80])]
      025 0A028000      MOVE r10 := r5
      026 09010099      CALL r9 (1 args) => 1 results
      027 08040246  GETTABLE r8 := r8[r9]
      028 06018059      CALL r6 (2 args) => 0 results
      029 0200005D  TFORLOOP WIP
      030 007FFD54       JMP -10 ; 21
      031 0000801B    RETURN
  [Node$01A2EE70] 'collectgarbage' [h=7631F05C,$0099FB20]: cfunction$003B8718 'collectgarbage' [h=7631F05C,$0099FB20]
  [Node$01A2EE84] 'Camera_SetMatrixFromActor' [h=EF58705D,$009F0200]: cfunction$002A69F0 'Camera_SetMatrixFromActor' [h=EF58705D,$009F0200]
  [Node$01A2EEAC] 'Utility_StringRep' [h=7963A45F,$009F4700]: cfunction$002F8D18 'Utility_StringRep' [h=7963A45F,$009F4700]
  [Node$01A2EEE8] 'CreateDestinationRegionBlip' [h=4E25EC62,$00A08DC0]: function$009985E0 'CreateDestinationRegionBlip' [h=4E25EC62,$00A08DC0]
    CONST$00C43240 k0  'mission_tObjectives' [h=B4A8BCEB,$009D7BC0]
    CONST$00C43248 k1  'objectiveName' [h=2337C7CC,$0097D840]
    CONST$00C43250 k2  'destCurrentlyBlipped' [h=44B2E2C0,$00A07C40]
    CONST$00C43258 k3  'Objective_SetShortDescription' [h=3CB3128C,$00A25740]
    CONST$00C43260 k4  'destDesc' [h=3708226A,$00978EA0]
    CONST$00C43268 k5  'DetermineDeliveryAreaType' [h=C8F189E9,$009D6700]
    CONST$00C43270 k6  'delivAreaType' [h=64847EB2,$0098E100]
    CONST$00C43278 k7  'dest' [h=0078F78C,$00983E60]
    CONST$00C43280 k8  'locToMakeBlip' [h=4FC48612,$0098E7A0]
    CONST$00C43288 k9  'DELIV_AREA_TYPE_LOC' [h=C2CF524B,$00A23880]
    CONST$00C43290 k10 'destLocRadius' [h=33FDCDF5,$00995640]
    CONST$00C43298 k11 TObject(None)
    CONST$00C432A0 k12 'DEFAULT_DELIVERY_RADIUS' [h=1EC6D5B3,$009E38C0]
    CONST$00C432A8 k13 'Objective_SetTargetActor' [h=A04E11C0,$009CB2C0]
    CONST$00C432B0 k14 'destCaption' [h=150C751B,$0099F0E0]
    CONST$00C432B8 k15 'targetType' [h=4E235805,$0098DD20]
    CONST$00C432C0 k16 'destBlipType' [h=01FE3357,$009A7880]
    CONST$00C432C8 k17 'markDestInGPS' [h=6613D769,$009873A0]
    CONST$00C432D0 k18 'markDestInPDA' [h=CD792AAE,$009C3A40]
    CONST$00C432D8 k19 'markDestInWorld' [h=41EBB8BB,$0097E040]
    CONST$00C432E0 k20 'drawDestDiamond' [h=E89D2B9A,$0097EC80]
    CONST$00C432E8 k21 'TRUE' [h=0067B195,$0097E680]
    CONST$00C432F0 k22 'util_PrintDebugMsg' [h=A2961C17,$00A25100]
    CONST$00C432F8 k23 '[OBJECTIVEDELIVER] Blip added for destination actor ' [h=80DF829B,$00A972C0]
    CONST$00C43300 k24 ' (objective ' [h=2765F23D,$00982A20]
    CONST$00C43308 k25 ')\n' [h=00000973,$00999AC0]
     CODE$00C12E40
      000 00000018      TEST not r0 : r0 := r0
      001 00800C14       JMP +49 ; 51
      002 01000005 GETGLOBAL r1 := _G[k0 ('mission_tObjectives' [h=B4A8BCEB,$009D7BC0])]
      003 02003EC6  GETTABLE r2 := r0[k1 ('objectiveName' [h=2337C7CC,$0097D840])]
      004 01008086  GETTABLE r1 := r1[r2]
      005 0200BF06  GETTABLE r2 := r1[k2 ('destCurrentlyBlipped' [h=44B2E2C0,$00A07C40])]
      006 02010018      TEST not r2 : r2 := r2
      007 00800014       JMP +1 ; 9
      008 0000801B    RETURN
      009 020000C5 GETGLOBAL r2 := _G[k3 ('Objective_SetShortDescription' [h=3CB3128C,$00A25740])]
      010 03003EC6  GETTABLE r3 := r0[k1 ('objectiveName' [h=2337C7CC,$0097D840])]
      011 04003F86  GETTABLE r4 := r0[k4 ('destDesc' [h=3708226A,$00978EA0])]
      012 02018059      CALL r2 (2 args) => 0 results
      013 02000145 GETGLOBAL r2 := _G[k5 ('DetermineDeliveryAreaType' [h=C8F189E9,$009D6700])]
      014 03000000      MOVE r3 := r0
      015 02010099      CALL r2 (1 args) => 1 results
      016 03014006  GETTABLE r3 := r2[k6 ('delivAreaType' [h=64847EB2,$0098E100])]
      017 04014046  GETTABLE r4 := r2[k7 ('dest' [h=0078F78C,$00983E60])]
      018 05014086  GETTABLE r5 := r2[k8 ('locToMakeBlip' [h=4FC48612,$0098E7A0])]
      019 06030003   LOADNIL r6 ... r6
      020 07000245 GETGLOBAL r7 := _G[k9 ('DELIV_AREA_TYPE_LOC' [h=C2CF524B,$00A23880])]
      021 000181D5        EQ r3 != r7
      022 00800114       JMP +5 ; 28
      023 07004106  GETTABLE r7 := r0[k10 ('destLocRadius' [h=33FDCDF5,$00995640])]
      024 0103C155        EQ r7 == k11 (TObject(None))
      025 00800054       JMP +2 ; 28
      026 06004106  GETTABLE r6 := r0[k10 ('destLocRadius' [h=33FDCDF5,$00995640])]
      027 00800014       JMP +1 ; 29
      028 06000305 GETGLOBAL r6 := _G[k12 ('DEFAULT_DELIVERY_RADIUS' [h=1EC6D5B3,$009E38C0])]
      029 07000345 GETGLOBAL r7 := _G[k13 ('Objective_SetTargetActor' [h=A04E11C0,$009CB2C0])]
      030 08003EC6  GETTABLE r8 := r0[k1 ('objectiveName' [h=2337C7CC,$0097D840])]
      031 09028000      MOVE r9 := r5
      032 0A004206  GETTABLE r10 := r0[k14 ('destCaption' [h=150C751B,$0099F0E0])]
      033 0B004246  GETTABLE r11 := r0[k15 ('targetType' [h=4E235805,$0098DD20])]
      034 0C004286  GETTABLE r12 := r0[k16 ('destBlipType' [h=01FE3357,$009A7880])]
      035 0D0042C6  GETTABLE r13 := r0[k17 ('markDestInGPS' [h=6613D769,$009873A0])]
      036 0E004306  GETTABLE r14 := r0[k18 ('markDestInPDA' [h=CD792AAE,$009C3A40])]
      037 0F004346  GETTABLE r15 := r0[k19 ('markDestInWorld' [h=41EBB8BB,$0097E040])]
      038 10030000      MOVE r16 := r6
      039 11004386  GETTABLE r17 := r0[k20 ('drawDestDiamond' [h=E89D2B9A,$0097EC80])]
      040 07058059      CALL r7 (10 args) => 0 results
      041 07000545 GETGLOBAL r7 := _G[k21 ('TRUE' [h=0067B195,$0097E680])]
      042 017E01C9  SETTABLE r7 ->> r1[k2 ('destCurrentlyBlipped' [h=44B2E2C0,$00A07C40])]
      043 07000585 GETGLOBAL r7 := _G[k22 ('util_PrintDebugMsg' [h=A2961C17,$00A25100])]
      044 080005C1     LOADK r8 := k23 ('[OBJECTIVEDELIVER] Blip added for destination actor ' [h=80DF829B,$00A972C0])
      045 09028000      MOVE r9 := r5
      046 0A000601     LOADK r10 := k24 (' (objective ' [h=2765F23D,$00982A20])
      047 0B003EC6  GETTABLE r11 := r0[k1 ('objectiveName' [h=2337C7CC,$0097D840])]
      048 0C000641     LOADK r12 := k25 (')\n' [h=00000973,$00999AC0])
      049 08040313    CONCAT r8 := r8 ... r12
      050 07010059      CALL r7 (1 args) => 0 results
      051 0000801B    RETURN
  [Node$01A2EEFC] 'Unlockable_AceOfDiamondsMissionJustWon' [h=C611D063,$009CF900]: cfunction$002F8B08 'Unlockable_AceOfDiamondsMissionJustWon' [h=C611D063,$009CF900]
  [Node$01A2EF24] 'Debug_Break' [h=9612D865,$009A8C40]: cfunction$002F6F10 'Debug_Break' [h=9612D865,$009A8C40]
  [Node$01A2EF38] 'table_FindElementIndex' [h=C52AC866,$009F78C0]: function$0099C400 'table_FindElementIndex' [h=C52AC866,$009F78C0]
    CONST$0097E9E0 k0  TObject(1.0)
    CONST$0097E9E8 k1  'table' [h=10F2114B,$0098D780]
    CONST$0097E9F0 k2  'getn' [h=0083B006,$0097DBC0]
    CONST$0097E9F8 k3  'value' [h=10E9A7CC,$00981220]
     CODE$00A04640
      000 02000001     LOADK r2 := k0 (TObject(1.0))
      001 03000045 GETGLOBAL r3 := _G[k1 ('table' [h=10F2114B,$0098D780])]
      002 0301BF06  GETTABLE r3 := r3[k2 ('getn' [h=0083B006,$0097DBC0])]
      003 04000000      MOVE r4 := r0
      004 03010099      CALL r3 (1 args) => 1 results
      005 04000001     LOADK r4 := k0 (TObject(1.0))
      006 0201010D       SUB r2 := r2 - r4
      007 008000D4       JMP +4 ; 12
      008 050000C5 GETGLOBAL r5 := _G[k3 ('value' [h=10E9A7CC,$00981220])]
      009 00028055        EQ r5 != r1
      010 00800014       JMP +1 ; 12
      011 0201001B    RETURN r2 ... r2
      012 027FFE9C   FORLOOP r2 := r4; if r2 <= r3 JMP -5
      013 02010003   LOADNIL r2 ... r2
      014 0201001B    RETURN r2 ... r2
      015 0000801B    RETURN
  [Node$01A2EF60] 'Utility_PlayMovie' [h=4F301068,$009E9A80]: cfunction$002C4368 'Utility_PlayMovie' [h=4F301068,$009E9A80]
  [Node$01A2EF74] 'gameflow_ModifyTrafficZones' [h=2B655469,$00A0C740]: function$009895E0 'gameflow_ModifyTrafficZones' [h=2B655469,$00A0C740]
    CONST$00CBC9C0 k0  'trafficZones' [h=6C281FF5,$00987B80]
    CONST$00CBC9C8 k1  'pairs' [h=12CC6B12,$0099D0C0]
    CONST$00CBC9D0 k2  'util_PrintDebugMsg' [h=A2961C17,$00A25100]
    CONST$00CBC9D8 k3  '[gameflow.lua] gameflow_ModifyTrafficZones: modifying traffic zone ' [h=2114DEEA,$00B2A940]
    CONST$00CBC9E0 k4  '\n' [h=0000002B,$009AB680]
    CONST$00CBC9E8 k5  'spawners' [h=5EA201D8,$00981040]
    CONST$00CBC9F0 k6  'Traffic_ResetZoneSpawners' [h=D38E8042,$009D6280]
    CONST$00CBC9F8 k7  'ipairs' [h=B6F4A157,$0098FC00]
    CONST$00CBCA00 k8  'weight' [h=922166CB,$00994BC0]
    CONST$00CBCA08 k9  TObject(1.0)
    CONST$00CBCA10 k10 'Traffic_AddZoneSpawner' [h=76414073,$00A0B2C0]
    CONST$00CBCA18 k11 'template' [h=7CE5CAD2,$009A8E80]
    CONST$00CBCA20 k12 'cap' [h=0003518A,$00983400]
    CONST$00CBCA28 k13 'Traffic_SetZoneSpawnerCap' [h=8AB13811,$00A20EC0]
    CONST$00CBCA30 k14 '[gameflow.lua] gameflow_ModifyTrafficZones: adding traffic template ' [h=68CE70C2,$00A7CE40]
    CONST$00CBCA38 k15 ' (weight: ' [h=9B18C500,$00989920]
    CONST$00CBCA40 k16 ', cap: ' [h=B31AB574,$009C4B20]
    CONST$00CBCA48 k17 'tostring' [h=787EB105,$009A9A40]
    CONST$00CBCA50 k18 ')\n' [h=00000973,$00999AC0]
    CONST$00CBCA58 k19 'density' [h=78F59AB8,$00979FA0]
    CONST$00CBCA60 k20 '[gameflow.lua] gameflow_ModifyTrafficZones: setting zone density to ' [h=6B2D3A48,$00A71240]
    CONST$00CBCA68 k21 'Traffic_SetZoneDensity' [h=9D7F588E,$009DBB00]
    CONST$00CBCA70 k22 'civSpawners' [h=A0E7B8F0,$00979680]
    CONST$00CBCA78 k23 'Traffic_ResetZoneCivSpawners' [h=984D31BE,$00A05BC0]
    CONST$00CBCA80 k24 'Traffic_AddZoneCivSpawner' [h=F3A13B5F,$00A005C0]
    CONST$00CBCA88 k25 '[gameflow.lua] gameflow_ModifyTrafficZones: adding civ traffic template ' [h=9599AEFB,$00A6AAC0]
    CONST$00CBCA90 k26 'civDensity' [h=1B3040E2,$00993EA0]
    CONST$00CBCA98 k27 '[gameflow.lua] gameflow_ModifyTrafficZones: setting zone civ density to ' [h=9EA2C56A,$00A7B340]
    CONST$00CBCAA0 k28 'Traffic_SetZoneCivDensity' [h=C937997E,$009DC340]
    CONST$00CBCAA8 k29 'urgency' [h=CB1F6157,$00997A40]
    CONST$00CBCAB0 k30 '[gameflow.lua] gameflow_ModifyTrafficZones: setting zone urgency to ' [h=E1AEC681,$00AA7240]
    CONST$00CBCAB8 k31 'Traffic_SetZoneUrgency' [h=8DC5A65A,$009E0E40]
    CONST$00CBCAC0 k32 'destructionCoolDownTime' [h=7A20EC4B,$009D3080]
    CONST$00CBCAC8 k33 '[gameflow.lua] gameflow_ModifyTrafficZones: setting zone destruction cooldown time to ' [h=61C3A766,$00B1F440]
    CONST$00CBCAD0 k34 'Traffic_SetZoneCoolDownTimer' [h=97E775A7,$00A3F5C0]
    CONST$00CBCAD8 k35 'disablePaths' [h=999442BF,$009898C0]
    CONST$00CBCAE0 k36 '[gameflow.lua] gameflow_ModifyTrafficZones: disabling path ' [h=5AC49497,$00AB5640]
    CONST$00CBCAE8 k37 'Traffic_SetPathEnabled' [h=63FBA958,$009E1580]
    CONST$00CBCAF0 k38 'disableZone' [h=1EEA23B1,$009A9580]
    CONST$00CBCAF8 k39 '[gameflow.lua] gameflow_ModifyTrafficZones: disabling zone ' [h=FA87E693,$00AC11C0]
    CONST$00CBCB00 k40 'Traffic_SetZoneEnabled' [h=5F4C087D,$009F6BC0]
    CONST$00CBCB08 k41 'fillsParkingLot' [h=768D9B2B,$009AA280]
    CONST$00CBCB10 k42 'gameflow_ProcessParkingLots' [h=D4CB1629,$009D41C0]
     CODE$019D3CC0
      000 01003E86  GETTABLE r1 := r0[k0 ('trafficZones' [h=6C281FF5,$00987B80])]
      001 01008018      TEST not r1 : r1 := r1
      002 00802DD4       JMP +184 ; 187
      003 01000045 GETGLOBAL r1 := _G[k1 ('pairs' [h=12CC6B12,$0099D0C0])]
      004 02003E86  GETTABLE r2 := r0[k0 ('trafficZones' [h=6C281FF5,$00987B80])]
      005 01010159      CALL r1 (1 args) => 4 results
      006 01802C5E  TFORPREP WIP
      007 05000085 GETGLOBAL r5 := _G[k2 ('util_PrintDebugMsg' [h=A2961C17,$00A25100])]
      008 060000C1     LOADK r6 := k3 ('[gameflow.lua] gameflow_ModifyTrafficZones: modifying traffic zone ' [h=2114DEEA,$00B2A940])
      009 07018000      MOVE r7 := r3
      010 08000101     LOADK r8 := k4 ('\n' [h=0000002B,$009AB680])
      011 06030213    CONCAT r6 := r6 ... r8
      012 05010059      CALL r5 (1 args) => 0 results
      013 05023FC6  GETTABLE r5 := r4[k5 ('spawners' [h=5EA201D8,$00981040])]
      014 05028018      TEST not r5 : r5 := r5
      015 00800DD4       JMP +56 ; 72
      016 05000185 GETGLOBAL r5 := _G[k6 ('Traffic_ResetZoneSpawners' [h=D38E8042,$009D6280])]
      017 06018000      MOVE r6 := r3
      018 05010059      CALL r5 (1 args) => 0 results
      019 050001C5 GETGLOBAL r5 := _G[k7 ('ipairs' [h=B6F4A157,$0098FC00])]
      020 06023FC6  GETTABLE r6 := r4[k5 ('spawners' [h=5EA201D8,$00981040])]
      021 05010159      CALL r5 (1 args) => 4 results
      022 0580085E  TFORPREP WIP
      023 09044086  GETTABLE r9 := r8[k8 ('weight' [h=922166CB,$00994BC0])]
      024 09048058      TEST r9 : r9 := r9
      025 00800014       JMP +1 ; 27
      026 09000241     LOADK r9 := k9 (TObject(1.0))
      027 0A000241     LOADK r10 := k9 (TObject(1.0))
      028 0B048000      MOVE r11 := r9
      029 0C000241     LOADK r12 := k9 (TObject(1.0))
      030 0A05030D       SUB r10 := r10 - r12
      031 008000D4       JMP +4 ; 36
      032 0D000285 GETGLOBAL r13 := _G[k10 ('Traffic_AddZoneSpawner' [h=76414073,$00A0B2C0])]
      033 0E018000      MOVE r14 := r3
      034 0F044146  GETTABLE r15 := r8[k11 ('template' [h=7CE5CAD2,$009A8E80])]
      035 0D018059      CALL r13 (2 args) => 0 results
      036 0A7FFE9C   FORLOOP r10 := r12; if r10 <= r11 JMP -5
      037 0A044186  GETTABLE r10 := r8[k12 ('cap' [h=0003518A,$00983400])]
      038 0A050018      TEST not r10 : r10 := r10
      039 00800114       JMP +5 ; 45
      040 0A000345 GETGLOBAL r10 := _G[k13 ('Traffic_SetZoneSpawnerCap' [h=8AB13811,$00A20EC0])]
      041 0B018000      MOVE r11 := r3
      042 0C044146  GETTABLE r12 := r8[k11 ('template' [h=7CE5CAD2,$009A8E80])]
      043 0D044186  GETTABLE r13 := r8[k12 ('cap' [h=0003518A,$00983400])]
      044 0A020059      CALL r10 (3 args) => 0 results
      045 0A000085 GETGLOBAL r10 := _G[k2 ('util_PrintDebugMsg' [h=A2961C17,$00A25100])]
      046 0B000381     LOADK r11 := k14 ('[gameflow.lua] gameflow_ModifyTrafficZones: adding traffic template ' [h=68CE70C2,$00A7CE40])
      047 0C044146  GETTABLE r12 := r8[k11 ('template' [h=7CE5CAD2,$009A8E80])]
      048 0D0003C1     LOADK r13 := k15 (' (weight: ' [h=9B18C500,$00989920])
      049 0E048000      MOVE r14 := r9
      050 0F000401     LOADK r15 := k16 (', cap: ' [h=B31AB574,$009C4B20])
      051 10000445 GETGLOBAL r16 := _G[k17 ('tostring' [h=787EB105,$009A9A40])]
      052 11044186  GETTABLE r17 := r8[k12 ('cap' [h=0003518A,$00983400])]
      053 10010099      CALL r16 (1 args) => 1 results
      054 11000481     LOADK r17 := k18 (')\n' [h=00000973,$00999AC0])
      055 0B058453    CONCAT r11 := r11 ... r17
      056 0A010059      CALL r10 (1 args) => 0 results
      057 0500005D  TFORLOOP WIP
      058 007FF6D4       JMP -36 ; 23
      059 05024346  GETTABLE r5 := r4[k19 ('density' [h=78F59AB8,$00979FA0])]
      060 05028018      TEST not r5 : r5 := r5
      061 00800254       JMP +10 ; 72
      062 05000085 GETGLOBAL r5 := _G[k2 ('util_PrintDebugMsg' [h=A2961C17,$00A25100])]
      063 06000501     LOADK r6 := k20 ('[gameflow.lua] gameflow_ModifyTrafficZones: setting zone density to ' [h=6B2D3A48,$00A71240])
      064 07024346  GETTABLE r7 := r4[k19 ('density' [h=78F59AB8,$00979FA0])]
      065 08000101     LOADK r8 := k4 ('\n' [h=0000002B,$009AB680])
      066 06030213    CONCAT r6 := r6 ... r8
      067 05010059      CALL r5 (1 args) => 0 results
      068 05000545 GETGLOBAL r5 := _G[k21 ('Traffic_SetZoneDensity' [h=9D7F588E,$009DBB00])]
      069 06018000      MOVE r6 := r3
      070 07024346  GETTABLE r7 := r4[k19 ('density' [h=78F59AB8,$00979FA0])]
      071 05018059      CALL r5 (2 args) => 0 results
      072 05024406  GETTABLE r5 := r4[k22 ('civSpawners' [h=A0E7B8F0,$00979680])]
      073 05028018      TEST not r5 : r5 := r5
      074 00800E14       JMP +57 ; 132
      075 050005C5 GETGLOBAL r5 := _G[k23 ('Traffic_ResetZoneCivSpawners' [h=984D31BE,$00A05BC0])]
      076 06018000      MOVE r6 := r3
      077 05010059      CALL r5 (1 args) => 0 results
      078 050001C5 GETGLOBAL r5 := _G[k7 ('ipairs' [h=B6F4A157,$0098FC00])]
      079 06024406  GETTABLE r6 := r4[k22 ('civSpawners' [h=A0E7B8F0,$00979680])]
      080 05010159      CALL r5 (1 args) => 4 results
      081 0580055E  TFORPREP WIP
      082 09044086  GETTABLE r9 := r8[k8 ('weight' [h=922166CB,$00994BC0])]
      083 09048058      TEST r9 : r9 := r9
      084 00800014       JMP +1 ; 86
      085 09000241     LOADK r9 := k9 (TObject(1.0))
      086 0A000241     LOADK r10 := k9 (TObject(1.0))
      087 0B048000      MOVE r11 := r9
      088 0C000241     LOADK r12 := k9 (TObject(1.0))
      089 0A05030D       SUB r10 := r10 - r12
      090 008000D4       JMP +4 ; 95
      091 0D000605 GETGLOBAL r13 := _G[k24 ('Traffic_AddZoneCivSpawner' [h=F3A13B5F,$00A005C0])]
      092 0E018000      MOVE r14 := r3
      093 0F044146  GETTABLE r15 := r8[k11 ('template' [h=7CE5CAD2,$009A8E80])]
      094 0D018059      CALL r13 (2 args) => 0 results
      095 0A7FFE9C   FORLOOP r10 := r12; if r10 <= r11 JMP -5
      096 0A000085 GETGLOBAL r10 := _G[k2 ('util_PrintDebugMsg' [h=A2961C17,$00A25100])]
      097 0B000641     LOADK r11 := k25 ('[gameflow.lua] gameflow_ModifyTrafficZones: adding civ traffic template ' [h=9599AEFB,$00A6AAC0])
      098 0C044146  GETTABLE r12 := r8[k11 ('template' [h=7CE5CAD2,$009A8E80])]
      099 0D0003C1     LOADK r13 := k15 (' (weight: ' [h=9B18C500,$00989920])
      100 0E048000      MOVE r14 := r9
      101 0F000481     LOADK r15 := k18 (')\n' [h=00000973,$00999AC0])
      102 0B0583D3    CONCAT r11 := r11 ... r15
      103 0A010059      CALL r10 (1 args) => 0 results
      104 0500005D  TFORLOOP WIP
      105 007FF9D4       JMP -24 ; 82
      106 05024506  GETTABLE r5 := r4[k26 ('civDensity' [h=1B3040E2,$00993EA0])]
      107 05028018      TEST not r5 : r5 := r5
      108 00800254       JMP +10 ; 119
      109 05000085 GETGLOBAL r5 := _G[k2 ('util_PrintDebugMsg' [h=A2961C17,$00A25100])]
      110 060006C1     LOADK r6 := k27 ('[gameflow.lua] gameflow_ModifyTrafficZones: setting zone civ density to ' [h=9EA2C56A,$00A7B340])
      111 07024506  GETTABLE r7 := r4[k26 ('civDensity' [h=1B3040E2,$00993EA0])]
      112 08000101     LOADK r8 := k4 ('\n' [h=0000002B,$009AB680])
      113 06030213    CONCAT r6 := r6 ... r8
      114 05010059      CALL r5 (1 args) => 0 results
      115 05000705 GETGLOBAL r5 := _G[k28 ('Traffic_SetZoneCivDensity' [h=C937997E,$009DC340])]
      116 06018000      MOVE r6 := r3
      117 07024506  GETTABLE r7 := r4[k26 ('civDensity' [h=1B3040E2,$00993EA0])]
      118 05018059      CALL r5 (2 args) => 0 results
      119 050245C6  GETTABLE r5 := r4[k29 ('urgency' [h=CB1F6157,$00997A40])]
      120 05028018      TEST not r5 : r5 := r5
      121 00800254       JMP +10 ; 132
      122 05000085 GETGLOBAL r5 := _G[k2 ('util_PrintDebugMsg' [h=A2961C17,$00A25100])]
      123 06000781     LOADK r6 := k30 ('[gameflow.lua] gameflow_ModifyTrafficZones: setting zone urgency to ' [h=E1AEC681,$00AA7240])
      124 070245C6  GETTABLE r7 := r4[k29 ('urgency' [h=CB1F6157,$00997A40])]
      125 08000101     LOADK r8 := k4 ('\n' [h=0000002B,$009AB680])
      126 06030213    CONCAT r6 := r6 ... r8
      127 05010059      CALL r5 (1 args) => 0 results
      128 050007C5 GETGLOBAL r5 := _G[k31 ('Traffic_SetZoneUrgency' [h=8DC5A65A,$009E0E40])]
      129 06018000      MOVE r6 := r3
      130 070245C6  GETTABLE r7 := r4[k29 ('urgency' [h=CB1F6157,$00997A40])]
      131 05018059      CALL r5 (2 args) => 0 results
      132 05024686  GETTABLE r5 := r4[k32 ('destructionCoolDownTime' [h=7A20EC4B,$009D3080])]
      133 05028018      TEST not r5 : r5 := r5
      134 00800254       JMP +10 ; 145
      135 05000085 GETGLOBAL r5 := _G[k2 ('util_PrintDebugMsg' [h=A2961C17,$00A25100])]
      136 06000841     LOADK r6 := k33 ('[gameflow.lua] gameflow_ModifyTrafficZones: setting zone destruction cooldown time to ' [h=61C3A766,$00B1F440])
      137 07024686  GETTABLE r7 := r4[k32 ('destructionCoolDownTime' [h=7A20EC4B,$009D3080])]
      138 08000101     LOADK r8 := k4 ('\n' [h=0000002B,$009AB680])
      139 06030213    CONCAT r6 := r6 ... r8
      140 05010059      CALL r5 (1 args) => 0 results
      141 05000885 GETGLOBAL r5 := _G[k34 ('Traffic_SetZoneCoolDownTimer' [h=97E775A7,$00A3F5C0])]
      142 06018000      MOVE r6 := r3
      143 07024686  GETTABLE r7 := r4[k32 ('destructionCoolDownTime' [h=7A20EC4B,$009D3080])]
      144 05018059      CALL r5 (2 args) => 0 results
      145 05024746  GETTABLE r5 := r4[k35 ('disablePaths' [h=999442BF,$009898C0])]
      146 05028018      TEST not r5 : r5 := r5
      147 008003D4       JMP +16 ; 164
      148 050001C5 GETGLOBAL r5 := _G[k7 ('ipairs' [h=B6F4A157,$0098FC00])]
      149 06024746  GETTABLE r6 := r4[k35 ('disablePaths' [h=999442BF,$009898C0])]
      150 05010159      CALL r5 (1 args) => 4 results
      151 0580025E  TFORPREP WIP
      152 09000085 GETGLOBAL r9 := _G[k2 ('util_PrintDebugMsg' [h=A2961C17,$00A25100])]
      153 0A000901     LOADK r10 := k36 ('[gameflow.lua] gameflow_ModifyTrafficZones: disabling path ' [h=5AC49497,$00AB5640])
      154 0B040000      MOVE r11 := r8
      155 0C000101     LOADK r12 := k4 ('\n' [h=0000002B,$009AB680])
      156 0A050313    CONCAT r10 := r10 ... r12
      157 09010059      CALL r9 (1 args) => 0 results
      158 09000945 GETGLOBAL r9 := _G[k37 ('Traffic_SetPathEnabled' [h=63FBA958,$009E1580])]
      159 0A040000      MOVE r10 := r8
      160 0B000002  LOADBOOL r11 := False
      161 09018059      CALL r9 (2 args) => 0 results
      162 0500005D  TFORLOOP WIP
      163 007FFCD4       JMP -12 ; 152
      164 05024806  GETTABLE r5 := r4[k38 ('disableZone' [h=1EEA23B1,$009A9580])]
      165 05028018      TEST not r5 : r5 := r5
      166 00800254       JMP +10 ; 177
      167 05000085 GETGLOBAL r5 := _G[k2 ('util_PrintDebugMsg' [h=A2961C17,$00A25100])]
      168 060009C1     LOADK r6 := k39 ('[gameflow.lua] gameflow_ModifyTrafficZones: disabling zone ' [h=FA87E693,$00AC11C0])
      169 07018000      MOVE r7 := r3
      170 08000101     LOADK r8 := k4 ('\n' [h=0000002B,$009AB680])
      171 06030213    CONCAT r6 := r6 ... r8
      172 05010059      CALL r5 (1 args) => 0 results
      173 05000A05 GETGLOBAL r5 := _G[k40 ('Traffic_SetZoneEnabled' [h=5F4C087D,$009F6BC0])]
      174 06018000      MOVE r6 := r3
      175 07000002  LOADBOOL r7 := False
      176 05018059      CALL r5 (2 args) => 0 results
      177 050248C6  GETTABLE r5 := r4[k41 ('fillsParkingLot' [h=768D9B2B,$009AA280])]
      178 05028018      TEST not r5 : r5 := r5
      179 00800114       JMP +5 ; 185
      180 05000A85 GETGLOBAL r5 := _G[k42 ('gameflow_ProcessParkingLots' [h=D4CB1629,$009D41C0])]
      181 06000000      MOVE r6 := r0
      182 07018000      MOVE r7 := r3
      183 080248C6  GETTABLE r8 := r4[k41 ('fillsParkingLot' [h=768D9B2B,$009AA280])]
      184 05020059      CALL r5 (3 args) => 0 results
      185 0100005D  TFORLOOP WIP
      186 007FD2D4       JMP -180 ; 7
      187 0000801B    RETURN
  [Node$01A2EF9C] 'TABLE_LUA_LOADED' [h=1EAD206B,$009FD680]: TObject(1.0)
  [Node$01A2EFB0] 'Ai_CommandClear' [h=25BCC46C,$0097C280]: cfunction$002B3838 'Ai_CommandClear' [h=25BCC46C,$0097C280]
  [Node$01A2EFC4] 'jeff_tutorialFactionMood2' [h=D6ED406D,$009EA840]: function$00995F20 'jeff_tutorialFactionMood2' [h=D6ED406D,$009EA840]
    CONST$0098AAA0 k0  'Utility_MessageBox' [h=E0C5D484,$009E5400]
    CONST$0098AAA8 k1  'Utility_GetStringById' [h=F7067A6C,$009EF080]
    CONST$0098AAB0 k2  'tutorial.global.factionmood.title' [h=E0AD8619,$009E8740]
    CONST$0098AAB8 k3  'tutorial.FactionMood04.body' [h=94728C2F,$00A3F200]
     CODE$00A11B40
      000 00000005 GETGLOBAL r0 := _G[k0 ('Utility_MessageBox' [h=E0C5D484,$009E5400])]
      001 01000045 GETGLOBAL r1 := _G[k1 ('Utility_GetStringById' [h=F7067A6C,$009EF080])]
      002 02000081     LOADK r2 := k2 ('tutorial.global.factionmood.title' [h=E0AD8619,$009E8740])
      003 01010099      CALL r1 (1 args) => 1 results
      004 02000045 GETGLOBAL r2 := _G[k1 ('Utility_GetStringById' [h=F7067A6C,$009EF080])]
      005 030000C1     LOADK r3 := k3 ('tutorial.FactionMood04.body' [h=94728C2F,$00A3F200])
      006 02010099      CALL r2 (1 args) => 1 results
      007 03008002  LOADBOOL r3 := True
      008 00020059      CALL r0 (3 args) => 0 results
      009 0000801B    RETURN
  [Node$01A2EFD8] 'util_IsFinalMission' [h=DF10E46E,$009ED6C0]: function$009C3A80 'util_IsFinalMission' [h=DF10E46E,$009ED6C0]
    CONST$009C4E20 k0  'nw' [h=0000178E,$009898E0]
    CONST$009C4E28 k1  'allies' [h=B57F1C27,$009BF7E0]
    CONST$009C4E30 k2  TObject(5.0)
     CODE$009E3840
      000 00003E95        EQ r0 != k0 ('nw' [h=0000178E,$009898E0])
      001 008000D4       JMP +4 ; 6
      002 0000BED5        EQ r1 != k1 ('allies' [h=B57F1C27,$009BF7E0])
      003 00800054       JMP +2 ; 6
      004 01013F15        EQ r2 == k2 (TObject(5.0))
      005 00800014       JMP +1 ; 7
      006 03000042  LOADBOOL r3 := False ; br 8
      007 03008002  LOADBOOL r3 := True
      008 0301001B    RETURN r3 ... r3
      009 0000801B    RETURN
  [Node$01A2F000] 'Event_CancelEvent' [h=D8960070,$009D8C00]: cfunction$002BC8E8 'Event_CancelEvent' [h=D8960070,$009D8C00]
  [Node$01A2F014] 'AddSupport' [h=ECAE1471,$0099CE00]: function$00993F40 'AddSupport' [h=ECAE1471,$0099CE00]
    CONST$009EB780 k0  'mission_AddSupport' [h=EEFD8C7C,$00A2A540]
    CONST$009EB788 k1  'template_support_tankbuster' [h=80AC0C95,$009D1180]
    CONST$009EB790 k2  TObject(4.0)
    CONST$009EB798 k3  'template_support_clusterbomb' [h=8CCFE6D7,$00A0CF80]
    CONST$009EB7A0 k4  'Event_RelativeTimer' [h=AD23F6E2,$009F7840]
    CONST$009EB7A8 k5  'InitialBlips' [h=40D957D3,$00996480]
    CONST$009EB7B0 k6  'b' [h=00000083,$00983380]
    CONST$009EB7B8 k7  TObject(0.5)
     CODE$00A860C0
      000 00000005 GETGLOBAL r0 := _G[k0 ('mission_AddSupport' [h=EEFD8C7C,$00A2A540])]
      001 0101000A  NEWTABLE r1 := {} (#a=2, #h=0)
      002 0201000A  NEWTABLE r2 := {} (#a=2, #h=0)
      003 03000041     LOADK r3 := k1 ('template_support_tankbuster' [h=80AC0C95,$009D1180])
      004 04000081     LOADK r4 := k2 (TObject(4.0))
      005 0200005F   SETLIST r2 [1]
      006 0301000A  NEWTABLE r3 := {} (#a=2, #h=0)
      007 040000C1     LOADK r4 := k3 ('template_support_clusterbomb' [h=8CCFE6D7,$00A0CF80])
      008 05000081     LOADK r5 := k2 (TObject(4.0))
      009 0300005F   SETLIST r3 [1]
      010 0100005F   SETLIST r1 [1]
      011 00010059      CALL r0 (1 args) => 0 results
      012 00000105 GETGLOBAL r0 := _G[k4 ('Event_RelativeTimer' [h=AD23F6E2,$009F7840])]
      013 01000141     LOADK r1 := k5 ('InitialBlips' [h=40D957D3,$00996480])
      014 02000181     LOADK r2 := k6 ('b' [h=00000083,$00983380])
      015 030001C1     LOADK r3 := k7 (TObject(0.5))
      016 00020059      CALL r0 (3 args) => 0 results
      017 0000801B    RETURN
  [Node$01A2F03C] 'Traffic_AddZoneSpawner' [h=76414073,$00A0B2C0]: cfunction$002A1938 'Traffic_AddZoneSpawner' [h=76414073,$00A0B2C0]
  [Node$01A2F08C] 'gameflow_DeckCardDeverified' [h=F20F0C77,$009EF200]: function$009A5C60 'gameflow_DeckCardDeverified' [h=F20F0C77,$009EF200]
    CONST$009D51C0 k0  'Utility_EraseValueFromScribbleMemory' [h=D5C200E6,$00A13000]
    CONST$009D51C8 k1  'gameflow_GetCardScribbleMemoryVariableName' [h=22BDD88D,$00A13240]
    CONST$009D51D0 k2  'gameflow_UpdatePDAIntelMeter' [h=1CE87DF6,$009DD3C0]
    CONST$009D51D8 k3  'Audio_SetJournalistPropogandaEvent' [h=8502EF7E,$009E47C0]
    CONST$009D51E0 k4  '' [h=00000000,$009A40A0]
     CODE$00A31BC0
      000 02000005 GETGLOBAL r2 := _G[k0 ('Utility_EraseValueFromScribbleMemory' [h=D5C200E6,$00A13000])]
      001 03000045 GETGLOBAL r3 := _G[k1 ('gameflow_GetCardScribbleMemoryVariableName' [h=22BDD88D,$00A13240])]
      002 04000000      MOVE r4 := r0
      003 05008000      MOVE r5 := r1
      004 03018019      CALL r3 (2 args) => -1 results
      005 02000059      CALL r2 (-1 args) => 0 results
      006 02000085 GETGLOBAL r2 := _G[k2 ('gameflow_UpdatePDAIntelMeter' [h=1CE87DF6,$009DD3C0])]
      007 02008059      CALL r2 (0 args) => 0 results
      008 020000C5 GETGLOBAL r2 := _G[k3 ('Audio_SetJournalistPropogandaEvent' [h=8502EF7E,$009E47C0])]
      009 03000101     LOADK r3 := k4 ('' [h=00000000,$009A40A0])
      010 02010059      CALL r2 (1 args) => 0 results
      011 0000801B    RETURN
  [Node$01A2F0A0] 'TechSaysDestroySongTower2' [h=655C5478,$00A09F80]: function$009A1020[2] 'TechSaysDestroySongTower2' [h=655C5478,$00A09F80]
    CONST$00C32F40 k0  'Debug' [h=129D1272,$009C2A20]
    CONST$00C32F48 k1  'TechSaysDestroySongTower2: .....' [h=0E7FAAB4,$009E5CC0]
    CONST$00C32F50 k2  'mission_ObjectiveDestroy' [h=A28EF47D,$00A107C0]
    CONST$00C32F58 k3  'callbackFunc' [h=1E1CD035,$009C7860]
    CONST$00C32F60 k4  'SongTowerDestroyed' [h=F509FC24,$00A21500]
    CONST$00C32F68 k5  'objectiveName' [h=2337C7CC,$0097D840]
    CONST$00C32F70 k6  'objectiveDesc' [h=54B269EB,$009A9720]
    CONST$00C32F78 k7  'Utility_GetStringById' [h=F7067A6C,$009EF080]
    CONST$00C32F80 k8  'p2Short' [h=EA10FD8C,$009A4860]
    CONST$00C32F88 k9  'locationOnMaps' [h=FA99E3AB,$00982F20]
    CONST$00C32F90 k10 'tLocation' [h=1B661449,$0098DE00]
    CONST$00C32F98 k11 'SongTower' [h=2117B1B3,$0097C7A0]
    CONST$00C32FA0 k12 'actorName' [h=4EB2E2FD,$0098A660]
    CONST$00C32FA8 k13 'tSongTower' [h=88FE4088,$0097BDC0]
    CONST$00C32FB0 k14 'actorCaption' [h=0C46BDC7,$0099F520]
    CONST$00C32FB8 k15 'p2Target' [h=1653FE75,$009C0680]
    CONST$00C32FC0 k16 'markInGPS' [h=1F1CD89F,$009C6C20]
    CONST$00C32FC8 k17 'markInPDA' [h=06AF161A,$0099AF00]
    CONST$00C32FD0 k18 'markInWorld' [h=5268B4A8,$009BF900]
    CONST$00C32FD8 k19 'util_ObjMsgPrint' [h=C078DF61,$00A23780]
    CONST$00C32FE0 k20 'sMsg' [h=00831EED,$0099FF40]
    CONST$00C32FE8 k21 'sw.allies4.objPrimary02Short' [h=ABCAE3A7,$00A03980]
    CONST$00C32FF0 k22 'sType' [h=10E81B1C,$00984800]
    CONST$00C32FF8 k23 'PRI_OBJ_ADD' [h=5E5C02AB,$009C2A00]
    CONST$00C33000 k24 'vIdx' [h=008511D1,$00978A00]
    CONST$00C33008 k25 TObject(2.0)
    CONST$00C33010 k26 'TechSaysDestroySongTower2: DONE' [h=EDDB6DE9,$00A10480]
     CODE$00B93200
      000 00000005 GETGLOBAL r0 := _G[k0 ('Debug' [h=129D1272,$009C2A20])]
      001 01000041     LOADK r1 := k1 ('TechSaysDestroySongTower2: .....' [h=0E7FAAB4,$009E5CC0])
      002 00010059      CALL r0 (1 args) => 0 results
      003 00000085 GETGLOBAL r0 := _G[k2 ('mission_ObjectiveDestroy' [h=A28EF47D,$00A107C0])]
      004 0100010A  NEWTABLE r1 := {} (#a=0, #h=4)
      005 02000105 GETGLOBAL r2 := _G[k4 ('SongTowerDestroyed' [h=F509FC24,$00A21500])]
      006 017E8089  SETTABLE r2 ->> r1[k3 ('callbackFunc' [h=1E1CD035,$009C7860])]
      007 017FBF89  SETTABLE k4 ('SongTowerDestroyed' [h=F509FC24,$00A21500]) ->> r1[k5 ('objectiveName' [h=2337C7CC,$0097D840])]
      008 020001C5 GETGLOBAL r2 := _G[k7 ('Utility_GetStringById' [h=F7067A6C,$009EF080])]
      009 03000004  GETUPVAL r3 := u0
      010 0301C086  GETTABLE r3 := r3[k8 ('p2Short' [h=EA10FD8C,$009A4860])]
      011 02010099      CALL r2 (1 args) => 1 results
      012 01800089  SETTABLE r2 ->> r1[k6 ('objectiveDesc' [h=54B269EB,$009A9720])]
      013 02008004  GETUPVAL r2 := u1
      014 02014106  GETTABLE r2 := r2[k10 ('tLocation' [h=1B661449,$0098DE00])]
      015 02014146  GETTABLE r2 := r2[k11 ('SongTower' [h=2117B1B3,$0097C7A0])]
      016 01818089  SETTABLE r2 ->> r1[k9 ('locationOnMaps' [h=FA99E3AB,$00982F20])]
      017 02008004  GETUPVAL r2 := u1
      018 020141C6  GETTABLE r2 := r2[k13 ('tSongTower' [h=88FE4088,$0097BDC0])]
      019 01830089  SETTABLE r2 ->> r1[k12 ('actorName' [h=4EB2E2FD,$0098A660])]
      020 020001C5 GETGLOBAL r2 := _G[k7 ('Utility_GetStringById' [h=F7067A6C,$009EF080])]
      021 03000004  GETUPVAL r3 := u0
      022 0301C246  GETTABLE r3 := r3[k15 ('p2Target' [h=1653FE75,$009C0680])]
      023 02010099      CALL r2 (1 args) => 1 results
      024 01840089  SETTABLE r2 ->> r1[k14 ('actorCaption' [h=0C46BDC7,$0099F520])]
      025 02000002  LOADBOOL r2 := False
      026 01850089  SETTABLE r2 ->> r1[k16 ('markInGPS' [h=1F1CD89F,$009C6C20])]
      027 02000002  LOADBOOL r2 := False
      028 01858089  SETTABLE r2 ->> r1[k17 ('markInPDA' [h=06AF161A,$0099AF00])]
      029 02000002  LOADBOOL r2 := False
      030 01860089  SETTABLE r2 ->> r1[k18 ('markInWorld' [h=5268B4A8,$009BF900])]
      031 00010059      CALL r0 (1 args) => 0 results
      032 000004C5 GETGLOBAL r0 := _G[k19 ('util_ObjMsgPrint' [h=C078DF61,$00A23780])]
      033 0100008A  NEWTABLE r1 := {} (#a=0, #h=2)
      034 020001C5 GETGLOBAL r2 := _G[k7 ('Utility_GetStringById' [h=F7067A6C,$009EF080])]
      035 03000541     LOADK r3 := k21 ('sw.allies4.objPrimary02Short' [h=ABCAE3A7,$00A03980])
      036 02010099      CALL r2 (1 args) => 1 results
      037 01870089  SETTABLE r2 ->> r1[k20 ('sMsg' [h=00831EED,$0099FF40])]
      038 01884449  SETTABLE k23 ('PRI_OBJ_ADD' [h=5E5C02AB,$009C2A00]) ->> r1[k22 ('sType' [h=10E81B1C,$00984800])]
      039 018944C9  SETTABLE k25 (TObject(2.0)) ->> r1[k24 ('vIdx' [h=008511D1,$00978A00])]
      040 00010059      CALL r0 (1 args) => 0 results
      041 00000005 GETGLOBAL r0 := _G[k0 ('Debug' [h=129D1272,$009C2A20])]
      042 01000681     LOADK r1 := k26 ('TechSaysDestroySongTower2: DONE' [h=EDDB6DE9,$00A10480])
      043 00010059      CALL r0 (1 args) => 0 results
      044 0000801B    RETURN
  [Node$01A2F0C8] 'Video_TVEffect' [h=39772C7A,$009C1EE0]: cfunction$002A4848 'Video_TVEffect' [h=39772C7A,$009C1EE0]
  [Node$01A2F0F0] 'mission_AddSupport' [h=EEFD8C7C,$00A2A540]: function$00975FA0 'mission_AddSupport' [h=EEFD8C7C,$00A2A540]
    CONST$009DA840 k0  'type' [h=0070EF71,$009875A0]
    CONST$009DA848 k1  'table' [h=10F2114B,$0098D780]
    CONST$009DA850 k2  'Support_AddItem' [h=E53E40DA,$0098F7E0]
    CONST$009DA858 k3  TObject(1.0)
    CONST$009DA860 k4  TObject(2.0)
     CODE$00B1FE40
      000 00000018      TEST not r0 : r0 := r0
      001 00800454       JMP +18 ; 20
      002 01000000      MOVE r1 := r0
      003 02020003   LOADNIL r2 ... r4
      004 0180031E  TFORPREP WIP
      005 05000005 GETGLOBAL r5 := _G[k0 ('type' [h=0070EF71,$009875A0])]
      006 06020000      MOVE r6 := r4
      007 05010099      CALL r5 (1 args) => 1 results
      008 0002BED5        EQ r5 != k1 ('table' [h=10F2114B,$0098D780])
      009 00800114       JMP +5 ; 15
      010 05000085 GETGLOBAL r5 := _G[k2 ('Support_AddItem' [h=E53E40DA,$0098F7E0])]
      011 06023F46  GETTABLE r6 := r4[k3 (TObject(1.0))]
      012 07023F86  GETTABLE r7 := r4[k4 (TObject(2.0))]
      013 05018059      CALL r5 (2 args) => 0 results
      014 00800094       JMP +3 ; 18
      015 05000085 GETGLOBAL r5 := _G[k2 ('Support_AddItem' [h=E53E40DA,$0098F7E0])]
      016 06020000      MOVE r6 := r4
      017 05010059      CALL r5 (1 args) => 0 results
      018 0100005D  TFORLOOP WIP
      019 007FFC14       JMP -15 ; 5
      020 0000801B    RETURN
  [Node$01A2F104] 'Traffic_SetZoneEnabled' [h=5F4C087D,$009F6BC0]: cfunction$002A1680 'Traffic_SetZoneEnabled' [h=5F4C087D,$009F6BC0]
  [Node$01A2F118] 'Renderer_SetAmbientLight' [h=0BC9B07E,$009F8780]: cfunction$002C9418 'Renderer_SetAmbientLight' [h=0BC9B07E,$009F8780]
  [Node$01A2F17C] 'Event_OdfToVectorProximity' [h=43314083,$009D4D40]: cfunction$002BD9B8 'Event_OdfToVectorProximity' [h=43314083,$009D4D40]
  [Node$01A2F190] 'Utility_MessageBox' [h=E0C5D484,$009E5400]: cfunction$002C5550 'Utility_MessageBox' [h=E0C5D484,$009E5400]
  [Node$01A2F1B8] 'Utility_SavePlayerData' [h=808E8486,$009FA0C0]: cfunction$002F8650 'Utility_SavePlayerData' [h=808E8486,$009FA0C0]
  [Node$01A2F1F4] 'Camera_Shake' [h=D0BEDC89,$009992E0]: cfunction$002A6B40 'Camera_Shake' [h=D0BEDC89,$009992E0]
  [Node$01A2F208] 'mission_ObjectiveDeliver' [h=4333748A,$009E0840]: function$009995C0 'mission_ObjectiveDeliver' [h=4333748A,$009E0840]
    CONST$019771C0 k0  'callbackFunc' [h=1E1CD035,$009C7860]
    CONST$019771C8 k1  'attachmentCallbackFunc' [h=A366B3C9,$00A374C0]
    CONST$019771D0 k2  'subdueCallbackFunc' [h=24C7EABC,$009DD1C0]
    CONST$019771D8 k3  'saleCallbackFunc' [h=4C714F01,$009FB140]
    CONST$019771E0 k4  'objectiveName' [h=2337C7CC,$0097D840]
    CONST$019771E8 k5  'objectiveType' [h=4CF75B8E,$00995160]
    CONST$019771F0 k6  'actorName' [h=4EB2E2FD,$0098A660]
    CONST$019771F8 k7  'targetType' [h=4E235805,$0098DD20]
    CONST$01977200 k8  'actorCaption' [h=0C46BDC7,$0099F520]
    CONST$01977208 k9  'markActorInGPS' [h=F06DA975,$0098E960]
    CONST$01977210 k10 'markActorInPDA' [h=7DC541FE,$00977840]
    CONST$01977218 k11 'markActorInWorld' [h=CA3DE581,$009D4CC0]
    CONST$01977220 k12 'actorBlipType' [h=4F027204,$0099BFE0]
    CONST$01977228 k13 'drawActorDiamond' [h=453E947B,$00A41F00]
    CONST$01977230 k14 'drawActorOutline' [h=B0975648,$009EFC80]
    CONST$01977238 k15 'actorTable' [h=CBD603AD,$009A17E0]
    CONST$01977240 k16 'delivType' [h=4FDAE96F,$0098DE80]
    CONST$01977248 k17 'destLoc' [h=0C475489,$0098D3C0]
    CONST$01977250 k18 'destLocRadius' [h=33FDCDF5,$00995640]
    CONST$01977258 k19 'destLineRegion' [h=8EB06915,$009A21A0]
    CONST$01977260 k20 'destLineRegionLoc' [h=45A2B4F1,$00A3ADC0]
    CONST$01977268 k21 'destDesc' [h=3708226A,$00978EA0]
    CONST$01977270 k22 'destCaption' [h=150C751B,$0099F0E0]
    CONST$01977278 k23 'markDestInGPS' [h=6613D769,$009873A0]
    CONST$01977280 k24 'markDestInPDA' [h=CD792AAE,$009C3A40]
    CONST$01977288 k25 'markDestInWorld' [h=41EBB8BB,$0097E040]
    CONST$01977290 k26 'destBlipType' [h=01FE3357,$009A7880]
    CONST$01977298 k27 'forceDestBlip' [h=A9771F1F,$00983B00]
    CONST$019772A0 k28 'drawDestDiamond' [h=E89D2B9A,$0097EC80]
    CONST$019772A8 k29 'stopAtDest' [h=5D101CAC,$0099FEE0]
    CONST$019772B0 k30 'bGlobalFollowState' [h=69D5FE18,$009D1C80]
    CONST$019772B8 k31 'bStartInFollowState' [h=E6C6CFCA,$00A2DA40]
    CONST$019772C0 k32 'bDisplayHelpText' [h=F03C0514,$00A1DEC0]
    CONST$019772C8 k33 'bAutoFollowOnVehExit' [h=A98DAD82,$00A3CC40]
    CONST$019772D0 k34 'TRUE' [h=0067B195,$0097E680]
    CONST$019772D8 k35 TObject(None)
    CONST$019772E0 k36 'mission_numDynCreatedObjectives' [h=90D3BB37,$009CCB40]
    CONST$019772E8 k37 TObject(1.0)
    CONST$019772F0 k38 'mission_DynCreatedObjectivePrefix' [h=84B62FC0,$00A0B880]
    CONST$019772F8 k39 'FALSE' [h=0E4B730F,$009A6040]
    CONST$01977300 k40 'util_SetDefault' [h=3072A05A,$00988C60]
    CONST$01977308 k41 'OBJECTIVE_TYPE_PRIMARY' [h=8DDCFC8C,$009D6680]
    CONST$01977310 k42 'DELIVTYPE_SEQUENTIAL' [h=7839B128,$009F7A00]
    CONST$01977318 k43 '(TEMP) OBJECTIVE DESCRIPTION GOES HERE' [h=AA748333,$00A40940]
    CONST$01977320 k44 'util_PrintDebugMsg' [h=A2961C17,$00A25100]
    CONST$01977328 k45 '\n[OBJECTIVEDELIVER] Creating objective ' [h=0AA63970,$009E6E80]
    CONST$01977330 k46 '...\n' [h=00481635,$00977AE0]
    CONST$01977338 k47 'mission_tObjectives' [h=B4A8BCEB,$009D7BC0]
    CONST$01977340 k48 'verb' [h=0076582D,$0098A700]
    CONST$01977348 k49 'VERB_DELIVER' [h=B4F35383,$00985E60]
    CONST$01977350 k50 'objectify' [h=AEDDA575,$009C5EA0]
    CONST$01977358 k51 'targetActors' [h=DB0363C4,$0097CC00]
    CONST$01977360 k52 'Objective_SetType' [h=7BC600A9,$009E09C0]
    CONST$01977368 k53 TObject(0.0)
    CONST$01977370 k54 'ipairs' [h=B6F4A157,$0098FC00]
    CONST$01977378 k55 '[OBJECTIVEDELIVER] Adding target actor ' [h=417E0839,$009D1680]
    CONST$01977380 k56 ' to objective ' [h=E8850916,$0098C680]
    CONST$01977388 k57 '\n' [h=0000002B,$009AB680]
    CONST$01977390 k58 'Utility_GetActorAsInt' [h=A2B359A3,$00A3EB80]
    CONST$01977398 k59 'table' [h=10F2114B,$0098D780]
    CONST$019773A0 k60 'insert' [h=92EA3D93,$009903C0]
    CONST$019773A8 k61 'mission_tTargets' [h=28796635,$00A38080]
    CONST$019773B0 k62 'TARGET_TYPE_OBJECTIVE_PRIMARY' [h=90240E28,$009D6000]
    CONST$019773B8 k63 '' [h=00000000,$009A40A0]
    CONST$019773C0 k64 'util_GetIconFromActorType' [h=B588C697,$009DD680]
    CONST$019773C8 k65 'location' [h=7C6728BC,$009858C0]
    CONST$019773D0 k66 'Actor_GetType' [h=DC0B4554,$0099AC20]
    CONST$019773D8 k67 'TYPE_VEHICLE_HUMAN_CIVILIAN' [h=D91C6DCC,$009F38C0]
    CONST$019773E0 k68 'TYPE_VEHICLE_HUMAN_GENERAL' [h=26D618CB,$00A38B40]
    CONST$019773E8 k69 'TYPE_VEHICLE_HUMAN_MGSOLDIER' [h=6C0B7332,$009F1DC0]
    CONST$019773F0 k70 'TYPE_VEHICLE_HUMAN_RPGSOLDIER' [h=0F2A2ADC,$009EA8C0]
    CONST$019773F8 k71 'VERB_DELIVER_HUM' [h=AC2E5278,$00A38640]
    CONST$01977400 k72 'Utility_CompareActorToOdf' [h=4910433F,$00A13F00]
    CONST$01977408 k73 'civ_hum_cameraman' [h=7B30527C,$00A11900]
    CONST$01977410 k74 'civ_hum_journalist01' [h=F5FF89B8,$00A30DC0]
    CONST$01977418 k75 'civ_hum_journalist02' [h=CF71BC33,$00A18C00]
    CONST$01977420 k76 'followingHandle' [h=2FF3E617,$0098E300]
    CONST$01977428 k77 'Event_CancelEvent' [h=D8960070,$009D8C00]
    CONST$01977430 k78 'SetupEventTargetActorFollowingHeroStatusChange' [h=F88DA6D4,$00A01340]
    CONST$01977438 k79 'targetInVehicleHandle' [h=A66B2FA1,$00A22AC0]
    CONST$01977440 k80 'SetupEventTargetActorInVehicleStatusChange' [h=00E9FFEE,$009D5240]
    CONST$01977448 k81 'targetSubduedHandle' [h=56D54EDE,$00A36E00]
    CONST$01977450 k82 'SetupEventTargetActorSubdued' [h=239FF409,$009E8200]
    CONST$01977458 k83 '[OBJECTIVEDELIVER] Objective ' [h=2891E98F,$009DC680]
    CONST$01977460 k84 ' is of type VERB_DELIVER_HUM\n' [h=698B0835,$009E3A40]
    CONST$01977468 k85 'TYPE_VEHICLE_AIRPLANE_GENERAL' [h=EC803A7E,$00A2DD00]
    CONST$01977470 k86 'TYPE_VEHICLE_CAR_GENERAL' [h=0F558DF5,$009E4080]
    CONST$01977478 k87 'TYPE_VEHICLE_EMPLACED' [h=D3C0911A,$00A01840]
    CONST$01977480 k88 'TYPE_VEHICLE_HELICOPTER_GENERAL' [h=E7879705,$009F8840]
    CONST$01977488 k89 'TYPE_VEHICLE_TANK_GENERAL' [h=E5A9F29E,$009E82C0]
    CONST$01977490 k90 'VERB_DELIVER_VEH' [h=011F7CFD,$009D3180]
    CONST$01977498 k91 'playerInVehicleHandle' [h=9CDBFEAF,$009F01C0]
    CONST$019774A0 k92 'SetupEventActorInTargetVehicleStatusChange' [h=9A0ED636,$009E5540]
    CONST$019774A8 k93 'player0' [h=316752BF,$009A56E0]
    CONST$019774B0 k94 'targetSoldHandle' [h=3C133230,$00A3C040]
    CONST$019774B8 k95 'SetupEventTargetActorSold' [h=886D0252,$00A3E800]
    CONST$019774C0 k96 ' is of type VERB_DELIVER_VEH\n' [h=7443CA9D,$009F3200]
    CONST$019774C8 k97 'VERB_DELIVER_OBJ' [h=61CA93A2,$00A36740]
    CONST$019774D0 k98 ' is of type VERB_DELIVER_OBJ\n' [h=E2294659,$00A1DAC0]
    CONST$019774D8 k99 'inRegionHandle' [h=2D0C1147,$00982580]
    CONST$019774E0 k100 'SetupEventActorInsideRegion' [h=B0F6FBC4,$009F7E40]
    CONST$019774E8 k101 'destroyedHandle' [h=921445D1,$009A3160]
    CONST$019774F0 k102 'SetupEventActorDestroyed' [h=AFD57238,$009DFAC0]
    CONST$019774F8 k103 'hHeroInVehicle' [h=5C79BE3B,$0097DA60]
    CONST$01977500 k104 'SetupEventActorInVehicleStatusChange' [h=931E9EB3,$00A2A780]
    CONST$01977508 k105 'TYPE_VEHICLE_HUMAN_PLAYER' [h=6C1681F3,$00A09040]
    CONST$01977510 k106 'CreateTargetActorBlip' [h=964AC294,$009E9980]
    CONST$01977518 k107 '[OBJECTIVEDELIVER] forcing ' [h=0CD1B915,$009EC000]
    CONST$01977520 k108 'tostring' [h=787EB105,$009A9A40]
    CONST$01977528 k109 ' into follow state\n' [h=326E20C7,$00A24800]
    CONST$01977530 k110 'TargetActorFollowingHeroStatusChange' [h=FA953A32,$009CE640]
    CONST$01977538 k111 'Objective_SetShortDescription' [h=3CB3128C,$00A25740]
    CONST$01977540 k112 'CreateDestinationRegionBlip' [h=4E25EC62,$00A08DC0]
    CONST$01977548 k113 'targetsRemaining' [h=124C4A35,$00A15A00]
    CONST$01977550 k114 ' contains ' [h=A1F3BABD,$009C63A0]
    CONST$01977558 k115 ' targets\n' [h=62973587,$009924A0]
     CODE$014C19C0
      000 01003E86  GETTABLE r1 := r0[k0 ('callbackFunc' [h=1E1CD035,$009C7860])]
      001 02003EC6  GETTABLE r2 := r0[k1 ('attachmentCallbackFunc' [h=A366B3C9,$00A374C0])]
      002 03003F06  GETTABLE r3 := r0[k2 ('subdueCallbackFunc' [h=24C7EABC,$009DD1C0])]
      003 04003F46  GETTABLE r4 := r0[k3 ('saleCallbackFunc' [h=4C714F01,$009FB140])]
      004 05003F86  GETTABLE r5 := r0[k4 ('objectiveName' [h=2337C7CC,$0097D840])]
      005 06003FC6  GETTABLE r6 := r0[k5 ('objectiveType' [h=4CF75B8E,$00995160])]
      006 07004006  GETTABLE r7 := r0[k6 ('actorName' [h=4EB2E2FD,$0098A660])]
      007 08004046  GETTABLE r8 := r0[k7 ('targetType' [h=4E235805,$0098DD20])]
      008 09004086  GETTABLE r9 := r0[k8 ('actorCaption' [h=0C46BDC7,$0099F520])]
      009 0A0040C6  GETTABLE r10 := r0[k9 ('markActorInGPS' [h=F06DA975,$0098E960])]
      010 0B004106  GETTABLE r11 := r0[k10 ('markActorInPDA' [h=7DC541FE,$00977840])]
      011 0C004146  GETTABLE r12 := r0[k11 ('markActorInWorld' [h=CA3DE581,$009D4CC0])]
      012 0D004186  GETTABLE r13 := r0[k12 ('actorBlipType' [h=4F027204,$0099BFE0])]
      013 0E0041C6  GETTABLE r14 := r0[k13 ('drawActorDiamond' [h=453E947B,$00A41F00])]
      014 0F004206  GETTABLE r15 := r0[k14 ('drawActorOutline' [h=B0975648,$009EFC80])]
      015 10004246  GETTABLE r16 := r0[k15 ('actorTable' [h=CBD603AD,$009A17E0])]
      016 11004286  GETTABLE r17 := r0[k16 ('delivType' [h=4FDAE96F,$0098DE80])]
      017 120042C6  GETTABLE r18 := r0[k17 ('destLoc' [h=0C475489,$0098D3C0])]
      018 13004306  GETTABLE r19 := r0[k18 ('destLocRadius' [h=33FDCDF5,$00995640])]
      019 14004346  GETTABLE r20 := r0[k19 ('destLineRegion' [h=8EB06915,$009A21A0])]
      020 15004386  GETTABLE r21 := r0[k20 ('destLineRegionLoc' [h=45A2B4F1,$00A3ADC0])]
      021 160043C6  GETTABLE r22 := r0[k21 ('destDesc' [h=3708226A,$00978EA0])]
      022 17004406  GETTABLE r23 := r0[k22 ('destCaption' [h=150C751B,$0099F0E0])]
      023 18004446  GETTABLE r24 := r0[k23 ('markDestInGPS' [h=6613D769,$009873A0])]
      024 19004486  GETTABLE r25 := r0[k24 ('markDestInPDA' [h=CD792AAE,$009C3A40])]
      025 1A0044C6  GETTABLE r26 := r0[k25 ('markDestInWorld' [h=41EBB8BB,$0097E040])]
      026 1B004506  GETTABLE r27 := r0[k26 ('destBlipType' [h=01FE3357,$009A7880])]
      027 1C004546  GETTABLE r28 := r0[k27 ('forceDestBlip' [h=A9771F1F,$00983B00])]
      028 1D004586  GETTABLE r29 := r0[k28 ('drawDestDiamond' [h=E89D2B9A,$0097EC80])]
      029 1E0045C6  GETTABLE r30 := r0[k29 ('stopAtDest' [h=5D101CAC,$0099FEE0])]
      030 1F004606  GETTABLE r31 := r0[k30 ('bGlobalFollowState' [h=69D5FE18,$009D1C80])]
      031 20004646  GETTABLE r32 := r0[k31 ('bStartInFollowState' [h=E6C6CFCA,$00A2DA40])]
      032 21004686  GETTABLE r33 := r0[k32 ('bDisplayHelpText' [h=F03C0514,$00A1DEC0])]
      033 220046C6  GETTABLE r34 := r0[k33 ('bAutoFollowOnVehExit' [h=A98DAD82,$00A3CC40])]
      034 23000885 GETGLOBAL r35 := _G[k34 ('TRUE' [h=0067B195,$0097E680])]
      035 0002C755        EQ r5 != k35 (TObject(None))
      036 00800194       JMP +7 ; 44
      037 24000905 GETGLOBAL r36 := _G[k36 ('mission_numDynCreatedObjectives' [h=90D3BB37,$009CCB40])]
      038 241247CC       ADD r36 := r36 + k37 (TObject(1.0))
      039 24000907 SETGLOBAL r36 ->> _G[k36 ('mission_numDynCreatedObjectives' [h=90D3BB37,$009CCB40])]
      040 24000985 GETGLOBAL r36 := _G[k38 ('mission_DynCreatedObjectivePrefix' [h=84B62FC0,$00A0B880])]
      041 25000905 GETGLOBAL r37 := _G[k36 ('mission_numDynCreatedObjectives' [h=90D3BB37,$009CCB40])]
      042 05120953    CONCAT r5 := r36 ... r37
      043 230009C5 GETGLOBAL r35 := _G[k39 ('FALSE' [h=0E4B730F,$009A6040])]
      044 24000A05 GETGLOBAL r36 := _G[k40 ('util_SetDefault' [h=3072A05A,$00988C60])]
      045 25030000      MOVE r37 := r6
      046 26000A41     LOADK r38 := k41 ('OBJECTIVE_TYPE_PRIMARY' [h=8DDCFC8C,$009D6680])
      047 24018099      CALL r36 (2 args) => 1 results
      048 06120000      MOVE r6 := r36
      049 24000A05 GETGLOBAL r36 := _G[k40 ('util_SetDefault' [h=3072A05A,$00988C60])]
      050 25088000      MOVE r37 := r17
      051 26000A81     LOADK r38 := k42 ('DELIVTYPE_SEQUENTIAL' [h=7839B128,$009F7A00])
      052 24018099      CALL r36 (2 args) => 1 results
      053 11120000      MOVE r17 := r36
      054 24000A05 GETGLOBAL r36 := _G[k40 ('util_SetDefault' [h=3072A05A,$00988C60])]
      055 250B0000      MOVE r37 := r22
      056 26000AC1     LOADK r38 := k43 ('(TEMP) OBJECTIVE DESCRIPTION GOES HERE' [h=AA748333,$00A40940])
      057 24018099      CALL r36 (2 args) => 1 results
      058 16120000      MOVE r22 := r36
      059 24000A05 GETGLOBAL r36 := _G[k40 ('util_SetDefault' [h=3072A05A,$00988C60])]
      060 25100000      MOVE r37 := r32
      061 26000002  LOADBOOL r38 := False
      062 24018099      CALL r36 (2 args) => 1 results
      063 20120000      MOVE r32 := r36
      064 24000B05 GETGLOBAL r36 := _G[k44 ('util_PrintDebugMsg' [h=A2961C17,$00A25100])]
      065 25000B41     LOADK r37 := k45 ('\n[OBJECTIVEDELIVER] Creating objective ' [h=0AA63970,$009E6E80])
      066 26028000      MOVE r38 := r5
      067 27000B81     LOADK r39 := k46 ('...\n' [h=00481635,$00977AE0])
      068 251289D3    CONCAT r37 := r37 ... r39
      069 24010059      CALL r36 (1 args) => 0 results
      070 24000BC5 GETGLOBAL r36 := _G[k47 ('mission_tObjectives' [h=B4A8BCEB,$009D7BC0])]
      071 2500010A  NEWTABLE r37 := {} (#a=0, #h=4)
      072 26000C45 GETGLOBAL r38 := _G[k49 ('VERB_DELIVER' [h=B4F35383,$00985E60])]
      073 25950989  SETTABLE r38 ->> r37[k48 ('verb' [h=0076582D,$0098A700])]
      074 257D0049  SETTABLE r1 ->> r37[k0 ('callbackFunc' [h=1E1CD035,$009C7860])]
      075 257D8089  SETTABLE r2 ->> r37[k1 ('attachmentCallbackFunc' [h=A366B3C9,$00A374C0])]
      076 257E00C9  SETTABLE r3 ->> r37[k2 ('subdueCallbackFunc' [h=24C7EABC,$009DD1C0])]
      077 257E8109  SETTABLE r4 ->> r37[k3 ('saleCallbackFunc' [h=4C714F01,$009FB140])]
      078 259608C9  SETTABLE r35 ->> r37[k50 ('objectify' [h=AEDDA575,$009C5EA0])]
      079 2600000A  NEWTABLE r38 := {} (#a=0, #h=0)
      080 25968989  SETTABLE r38 ->> r37[k51 ('targetActors' [h=DB0363C4,$0097CC00])]
      081 25850449  SETTABLE r17 ->> r37[k16 ('delivType' [h=4FDAE96F,$0098DE80])]
      082 26000A05 GETGLOBAL r38 := _G[k40 ('util_SetDefault' [h=3072A05A,$00988C60])]
      083 27108000      MOVE r39 := r33
      084 28000885 GETGLOBAL r40 := _G[k34 ('TRUE' [h=0067B195,$0097E680])]
      085 26018099      CALL r38 (2 args) => 1 results
      086 258D0989  SETTABLE r38 ->> r37[k32 ('bDisplayHelpText' [h=F03C0514,$00A1DEC0])]
      087 26000A05 GETGLOBAL r38 := _G[k40 ('util_SetDefault' [h=3072A05A,$00988C60])]
      088 270F8000      MOVE r39 := r31
      089 28000002  LOADBOOL r40 := False
      090 26018099      CALL r38 (2 args) => 1 results
      091 258C0989  SETTABLE r38 ->> r37[k30 ('bGlobalFollowState' [h=69D5FE18,$009D1C80])]
      092 26000A05 GETGLOBAL r38 := _G[k40 ('util_SetDefault' [h=3072A05A,$00988C60])]
      093 27110000      MOVE r39 := r34
      094 28008002  LOADBOOL r40 := True
      095 26018099      CALL r38 (2 args) => 1 results
      096 258D8989  SETTABLE r38 ->> r37[k33 ('bAutoFollowOnVehExit' [h=A98DAD82,$00A3CC40])]
      097 24028949  SETTABLE r37 ->> r36[r5]
      098 24000D05 GETGLOBAL r36 := _G[k52 ('Objective_SetType' [h=7BC600A9,$009E09C0])]
      099 25028000      MOVE r37 := r5
      100 26030000      MOVE r38 := r6
      101 24018059      CALL r36 (2 args) => 0 results
      102 24000D41     LOADK r36 := k53 (TObject(0.0))
      103 00084755        EQ r16 != k35 (TObject(None))
      104 00800114       JMP +5 ; 110
      105 2500800A  NEWTABLE r37 := {} (#a=1, #h=0)
      106 2600004A  NEWTABLE r38 := {} (#a=0, #h=1)
      107 268001C9  SETTABLE r7 ->> r38[k6 ('actorName' [h=4EB2E2FD,$0098A660])]
      108 2500001F   SETLIST r37 [0]
      109 10128000      MOVE r16 := r37
      110 25000002  LOADBOOL r37 := False
      111 26130003   LOADNIL r38 ... r38
      112 27000D85 GETGLOBAL r39 := _G[k54 ('ipairs' [h=B6F4A157,$0098FC00])]
      113 28080000      MOVE r40 := r16
      114 27010159      CALL r39 (1 args) => 4 results
      115 2780491E  TFORPREP WIP
      116 2B000B05 GETGLOBAL r43 := _G[k44 ('util_PrintDebugMsg' [h=A2961C17,$00A25100])]
      117 2C000DC1     LOADK r44 := k55 ('[OBJECTIVEDELIVER] Adding target actor ' [h=417E0839,$009D1680])
      118 2D154006  GETTABLE r45 := r42[k6 ('actorName' [h=4EB2E2FD,$0098A660])]
      119 2E000E01     LOADK r46 := k56 (' to objective ' [h=E8850916,$0098C680])
      120 2F028000      MOVE r47 := r5
      121 30000E41     LOADK r48 := k57 ('\n' [h=0000002B,$009AB680])
      122 2C160C13    CONCAT r44 := r44 ... r48
      123 2B010059      CALL r43 (1 args) => 0 results
      124 2B000E85 GETGLOBAL r43 := _G[k58 ('Utility_GetActorAsInt' [h=A2B359A3,$00A3EB80])]
      125 2C154006  GETTABLE r44 := r42[k6 ('actorName' [h=4EB2E2FD,$0098A660])]
      126 2B010099      CALL r43 (1 args) => 1 results
      127 26130058      TEST r38 : r38 := r38
      128 00800014       JMP +1 ; 130
      129 26158000      MOVE r38 := r43
      130 2C000EC5 GETGLOBAL r44 := _G[k59 ('table' [h=10F2114B,$0098D780])]
      131 2C164D86  GETTABLE r44 := r44[k60 ('insert' [h=92EA3D93,$009903C0])]
      132 2D000BC5 GETGLOBAL r45 := _G[k47 ('mission_tObjectives' [h=B4A8BCEB,$009D7BC0])]
      133 2D168146  GETTABLE r45 := r45[r5]
      134 2D16CB46  GETTABLE r45 := r45[k51 ('targetActors' [h=DB0363C4,$0097CC00])]
      135 2E154006  GETTABLE r46 := r42[k6 ('actorName' [h=4EB2E2FD,$0098A660])]
      136 2C018059      CALL r44 (2 args) => 0 results
      137 2C000F45 GETGLOBAL r44 := _G[k61 ('mission_tTargets' [h=28796635,$00A38080])]
      138 2D00014A  NEWTABLE r45 := {} (#a=0, #h=5)
      139 2D7F0149  SETTABLE r5 ->> r45[k4 ('objectiveName' [h=2337C7CC,$0097D840])]
      140 2D7F8189  SETTABLE r6 ->> r45[k5 ('objectiveType' [h=4CF75B8E,$00995160])]
      141 2E000A05 GETGLOBAL r46 := _G[k40 ('util_SetDefault' [h=3072A05A,$00988C60])]
      142 2F000A05 GETGLOBAL r47 := _G[k40 ('util_SetDefault' [h=3072A05A,$00988C60])]
      143 30154046  GETTABLE r48 := r42[k7 ('targetType' [h=4E235805,$0098DD20])]
      144 31040000      MOVE r49 := r8
      145 2F018099      CALL r47 (2 args) => 1 results
      146 30000F81     LOADK r48 := k62 ('TARGET_TYPE_OBJECTIVE_PRIMARY' [h=90240E28,$009D6000])
      147 2E018099      CALL r46 (2 args) => 1 results
      148 2D808B89  SETTABLE r46 ->> r45[k7 ('targetType' [h=4E235805,$0098DD20])]
      149 2E154006  GETTABLE r46 := r42[k6 ('actorName' [h=4EB2E2FD,$0098A660])]
      150 2D800B89  SETTABLE r46 ->> r45[k6 ('actorName' [h=4EB2E2FD,$0098A660])]
      151 2E000A05 GETGLOBAL r46 := _G[k40 ('util_SetDefault' [h=3072A05A,$00988C60])]
      152 2F000A05 GETGLOBAL r47 := _G[k40 ('util_SetDefault' [h=3072A05A,$00988C60])]
      153 30154086  GETTABLE r48 := r42[k8 ('actorCaption' [h=0C46BDC7,$0099F520])]
      154 31048000      MOVE r49 := r9
      155 2F018099      CALL r47 (2 args) => 1 results
      156 30000FC1     LOADK r48 := k63 ('' [h=00000000,$009A40A0])
      157 2E018099      CALL r46 (2 args) => 1 results
      158 2D810B89  SETTABLE r46 ->> r45[k8 ('actorCaption' [h=0C46BDC7,$0099F520])]
      159 2E000A05 GETGLOBAL r46 := _G[k40 ('util_SetDefault' [h=3072A05A,$00988C60])]
      160 2F000A05 GETGLOBAL r47 := _G[k40 ('util_SetDefault' [h=3072A05A,$00988C60])]
      161 301540C6  GETTABLE r48 := r42[k9 ('markActorInGPS' [h=F06DA975,$0098E960])]
      162 31050000      MOVE r49 := r10
      163 2F018099      CALL r47 (2 args) => 1 results
      164 30000885 GETGLOBAL r48 := _G[k34 ('TRUE' [h=0067B195,$0097E680])]
      165 2E018099      CALL r46 (2 args) => 1 results
      166 2D818B89  SETTABLE r46 ->> r45[k9 ('markActorInGPS' [h=F06DA975,$0098E960])]
      167 2E000A05 GETGLOBAL r46 := _G[k40 ('util_SetDefault' [h=3072A05A,$00988C60])]
      168 2F000A05 GETGLOBAL r47 := _G[k40 ('util_SetDefault' [h=3072A05A,$00988C60])]
      169 30154106  GETTABLE r48 := r42[k10 ('markActorInPDA' [h=7DC541FE,$00977840])]
      170 31058000      MOVE r49 := r11
      171 2F018099      CALL r47 (2 args) => 1 results
      172 30000885 GETGLOBAL r48 := _G[k34 ('TRUE' [h=0067B195,$0097E680])]
      173 2E018099      CALL r46 (2 args) => 1 results
      174 2D820B89  SETTABLE r46 ->> r45[k10 ('markActorInPDA' [h=7DC541FE,$00977840])]
      175 2E000A05 GETGLOBAL r46 := _G[k40 ('util_SetDefault' [h=3072A05A,$00988C60])]
      176 2F000A05 GETGLOBAL r47 := _G[k40 ('util_SetDefault' [h=3072A05A,$00988C60])]
      177 30154146  GETTABLE r48 := r42[k11 ('markActorInWorld' [h=CA3DE581,$009D4CC0])]
      178 31060000      MOVE r49 := r12
      179 2F018099      CALL r47 (2 args) => 1 results
      180 30000885 GETGLOBAL r48 := _G[k34 ('TRUE' [h=0067B195,$0097E680])]
      181 2E018099      CALL r46 (2 args) => 1 results
      182 2D828B89  SETTABLE r46 ->> r45[k11 ('markActorInWorld' [h=CA3DE581,$009D4CC0])]
      183 2E000A05 GETGLOBAL r46 := _G[k40 ('util_SetDefault' [h=3072A05A,$00988C60])]
      184 2F000A05 GETGLOBAL r47 := _G[k40 ('util_SetDefault' [h=3072A05A,$00988C60])]
      185 30154186  GETTABLE r48 := r42[k12 ('actorBlipType' [h=4F027204,$0099BFE0])]
      186 31068000      MOVE r49 := r13
      187 2F018099      CALL r47 (2 args) => 1 results
      188 30001005 GETGLOBAL r48 := _G[k64 ('util_GetIconFromActorType' [h=B588C697,$009DD680])]
      189 31154006  GETTABLE r49 := r42[k6 ('actorName' [h=4EB2E2FD,$0098A660])]
      190 30010019      CALL r48 (1 args) => -1 results
      191 2E000099      CALL r46 (-1 args) => 1 results
      192 2D830B89  SETTABLE r46 ->> r45[k12 ('actorBlipType' [h=4F027204,$0099BFE0])]
      193 2E000A05 GETGLOBAL r46 := _G[k40 ('util_SetDefault' [h=3072A05A,$00988C60])]
      194 2F000A05 GETGLOBAL r47 := _G[k40 ('util_SetDefault' [h=3072A05A,$00988C60])]
      195 301541C6  GETTABLE r48 := r42[k13 ('drawActorDiamond' [h=453E947B,$00A41F00])]
      196 31070000      MOVE r49 := r14
      197 2F018099      CALL r47 (2 args) => 1 results
      198 30000885 GETGLOBAL r48 := _G[k34 ('TRUE' [h=0067B195,$0097E680])]
      199 2E018099      CALL r46 (2 args) => 1 results
      200 2D838B89  SETTABLE r46 ->> r45[k13 ('drawActorDiamond' [h=453E947B,$00A41F00])]
      201 2E000A05 GETGLOBAL r46 := _G[k40 ('util_SetDefault' [h=3072A05A,$00988C60])]
      202 2F000A05 GETGLOBAL r47 := _G[k40 ('util_SetDefault' [h=3072A05A,$00988C60])]
      203 30154206  GETTABLE r48 := r42[k14 ('drawActorOutline' [h=B0975648,$009EFC80])]
      204 31078000      MOVE r49 := r15
      205 2F018099      CALL r47 (2 args) => 1 results
      206 30000885 GETGLOBAL r48 := _G[k34 ('TRUE' [h=0067B195,$0097E680])]
      207 2E018099      CALL r46 (2 args) => 1 results
      208 2D840B89  SETTABLE r46 ->> r45[k14 ('drawActorOutline' [h=B0975648,$009EFC80])]
      209 2D858489  SETTABLE r18 ->> r45[k17 ('destLoc' [h=0C475489,$0098D3C0])]
      210 2D8604C9  SETTABLE r19 ->> r45[k18 ('destLocRadius' [h=33FDCDF5,$00995640])]
      211 2D868509  SETTABLE r20 ->> r45[k19 ('destLineRegion' [h=8EB06915,$009A21A0])]
      212 2D870549  SETTABLE r21 ->> r45[k20 ('destLineRegionLoc' [h=45A2B4F1,$00A3ADC0])]
      213 2D878589  SETTABLE r22 ->> r45[k21 ('destDesc' [h=3708226A,$00978EA0])]
      214 2E000A05 GETGLOBAL r46 := _G[k40 ('util_SetDefault' [h=3072A05A,$00988C60])]
      215 2F0B8000      MOVE r47 := r23
      216 30000FC1     LOADK r48 := k63 ('' [h=00000000,$009A40A0])
      217 2E018099      CALL r46 (2 args) => 1 results
      218 2D880B89  SETTABLE r46 ->> r45[k22 ('destCaption' [h=150C751B,$0099F0E0])]
      219 2E000A05 GETGLOBAL r46 := _G[k40 ('util_SetDefault' [h=3072A05A,$00988C60])]
      220 2F0C0000      MOVE r47 := r24
      221 30000885 GETGLOBAL r48 := _G[k34 ('TRUE' [h=0067B195,$0097E680])]
      222 2E018099      CALL r46 (2 args) => 1 results
      223 2D888B89  SETTABLE r46 ->> r45[k23 ('markDestInGPS' [h=6613D769,$009873A0])]
      224 2E000A05 GETGLOBAL r46 := _G[k40 ('util_SetDefault' [h=3072A05A,$00988C60])]
      225 2F0C8000      MOVE r47 := r25
      226 30000885 GETGLOBAL r48 := _G[k34 ('TRUE' [h=0067B195,$0097E680])]
      227 2E018099      CALL r46 (2 args) => 1 results
      228 2D890B89  SETTABLE r46 ->> r45[k24 ('markDestInPDA' [h=CD792AAE,$009C3A40])]
      229 2E000A05 GETGLOBAL r46 := _G[k40 ('util_SetDefault' [h=3072A05A,$00988C60])]
      230 2F0D0000      MOVE r47 := r26
      231 30000885 GETGLOBAL r48 := _G[k34 ('TRUE' [h=0067B195,$0097E680])]
      232 2E018099      CALL r46 (2 args) => 1 results
      233 2D898B89  SETTABLE r46 ->> r45[k25 ('markDestInWorld' [h=41EBB8BB,$0097E040])]
      234 2E000A05 GETGLOBAL r46 := _G[k40 ('util_SetDefault' [h=3072A05A,$00988C60])]
      235 2F0D8000      MOVE r47 := r27
      236 30001041     LOADK r48 := k65 ('location' [h=7C6728BC,$009858C0])
      237 2E018099      CALL r46 (2 args) => 1 results
      238 2D8A0B89  SETTABLE r46 ->> r45[k26 ('destBlipType' [h=01FE3357,$009A7880])]
      239 2E000A05 GETGLOBAL r46 := _G[k40 ('util_SetDefault' [h=3072A05A,$00988C60])]
      240 2F0E8000      MOVE r47 := r29
      241 30000885 GETGLOBAL r48 := _G[k34 ('TRUE' [h=0067B195,$0097E680])]
      242 2E018099      CALL r46 (2 args) => 1 results
      243 2D8B0B89  SETTABLE r46 ->> r45[k28 ('drawDestDiamond' [h=E89D2B9A,$0097EC80])]
      244 2E000A05 GETGLOBAL r46 := _G[k40 ('util_SetDefault' [h=3072A05A,$00988C60])]
      245 2F0F0000      MOVE r47 := r30
      246 30000885 GETGLOBAL r48 := _G[k34 ('TRUE' [h=0067B195,$0097E680])]
      247 2E018099      CALL r46 (2 args) => 1 results
      248 2D8B8B89  SETTABLE r46 ->> r45[k29 ('stopAtDest' [h=5D101CAC,$0099FEE0])]
      249 2C158B49  SETTABLE r45 ->> r44[r43]
      250 2C001085 GETGLOBAL r44 := _G[k66 ('Actor_GetType' [h=DC0B4554,$0099AC20])]
      251 2D154006  GETTABLE r45 := r42[k6 ('actorName' [h=4EB2E2FD,$0098A660])]
      252 2C010099      CALL r44 (1 args) => 1 results
      253 01164F55        EQ r44 == k67 ('TYPE_VEHICLE_HUMAN_CIVILIAN' [h=D91C6DCC,$009F38C0])
      254 00800154       JMP +6 ; 261
      255 01164F95        EQ r44 == k68 ('TYPE_VEHICLE_HUMAN_GENERAL' [h=26D618CB,$00A38B40])
      256 008000D4       JMP +4 ; 261
      257 01164FD5        EQ r44 == k69 ('TYPE_VEHICLE_HUMAN_MGSOLDIER' [h=6C0B7332,$009F1DC0])
      258 00800054       JMP +2 ; 261
      259 00165015        EQ r44 != k70 ('TYPE_VEHICLE_HUMAN_RPGSOLDIER' [h=0F2A2ADC,$009EA8C0])
      260 00800E14       JMP +57 ; 318
      261 2D000F45 GETGLOBAL r45 := _G[k61 ('mission_tTargets' [h=28796635,$00A38080])]
      262 2D168AC6  GETTABLE r45 := r45[r43]
      263 2E0011C5 GETGLOBAL r46 := _G[k71 ('VERB_DELIVER_HUM' [h=AC2E5278,$00A38640])]
      264 2D950B89  SETTABLE r46 ->> r45[k48 ('verb' [h=0076582D,$0098A700])]
      265 2D001205 GETGLOBAL r45 := _G[k72 ('Utility_CompareActorToOdf' [h=4910433F,$00A13F00])]
      266 2E154006  GETTABLE r46 := r42[k6 ('actorName' [h=4EB2E2FD,$0098A660])]
      267 2F001241     LOADK r47 := k73 ('civ_hum_cameraman' [h=7B30527C,$00A11900])
      268 2D018099      CALL r45 (2 args) => 1 results
      269 2D168058      TEST r45 : r45 := r45
      270 00800694       JMP +27 ; 298
      271 2D001205 GETGLOBAL r45 := _G[k72 ('Utility_CompareActorToOdf' [h=4910433F,$00A13F00])]
      272 2E154006  GETTABLE r46 := r42[k6 ('actorName' [h=4EB2E2FD,$0098A660])]
      273 2F001281     LOADK r47 := k74 ('civ_hum_journalist01' [h=F5FF89B8,$00A30DC0])
      274 2D018099      CALL r45 (2 args) => 1 results
      275 2D168058      TEST r45 : r45 := r45
      276 00800514       JMP +21 ; 298
      277 2D001205 GETGLOBAL r45 := _G[k72 ('Utility_CompareActorToOdf' [h=4910433F,$00A13F00])]
      278 2E154006  GETTABLE r46 := r42[k6 ('actorName' [h=4EB2E2FD,$0098A660])]
      279 2F0012C1     LOADK r47 := k75 ('civ_hum_journalist02' [h=CF71BC33,$00A18C00])
      280 2D018099      CALL r45 (2 args) => 1 results
      281 2D168058      TEST r45 : r45 := r45
      282 00800394       JMP +15 ; 298
      283 2D000F45 GETGLOBAL r45 := _G[k61 ('mission_tTargets' [h=28796635,$00A38080])]
      284 2D168AC6  GETTABLE r45 := r45[r43]
      285 2E001345 GETGLOBAL r46 := _G[k77 ('Event_CancelEvent' [h=D8960070,$009D8C00])]
      286 2F000F45 GETGLOBAL r47 := _G[k61 ('mission_tTargets' [h=28796635,$00A38080])]
      287 2F178AC6  GETTABLE r47 := r47[r43]
      288 2F17D186  GETTABLE r47 := r47[k76 ('followingHandle' [h=2FF3E617,$0098E300])]
      289 2E010099      CALL r46 (1 args) => 1 results
      290 2DA30B89  SETTABLE r46 ->> r45[k76 ('followingHandle' [h=2FF3E617,$0098E300])]
      291 2D000F45 GETGLOBAL r45 := _G[k61 ('mission_tTargets' [h=28796635,$00A38080])]
      292 2D168AC6  GETTABLE r45 := r45[r43]
      293 2E001385 GETGLOBAL r46 := _G[k78 ('SetupEventTargetActorFollowingHeroStatusChange' [h=F88DA6D4,$00A01340])]
      294 2F154006  GETTABLE r47 := r42[k6 ('actorName' [h=4EB2E2FD,$0098A660])]
      295 30000885 GETGLOBAL r48 := _G[k34 ('TRUE' [h=0067B195,$0097E680])]
      296 2E018099      CALL r46 (2 args) => 1 results
      297 2DA30B89  SETTABLE r46 ->> r45[k76 ('followingHandle' [h=2FF3E617,$0098E300])]
      298 2D000F45 GETGLOBAL r45 := _G[k61 ('mission_tTargets' [h=28796635,$00A38080])]
      299 2D168AC6  GETTABLE r45 := r45[r43]
      300 2E001405 GETGLOBAL r46 := _G[k80 ('SetupEventTargetActorInVehicleStatusChange' [h=00E9FFEE,$009D5240])]
      301 2F154006  GETTABLE r47 := r42[k6 ('actorName' [h=4EB2E2FD,$0098A660])]
      302 30000885 GETGLOBAL r48 := _G[k34 ('TRUE' [h=0067B195,$0097E680])]
      303 2E018099      CALL r46 (2 args) => 1 results
      304 2DA48B89  SETTABLE r46 ->> r45[k79 ('targetInVehicleHandle' [h=A66B2FA1,$00A22AC0])]
      305 2D000F45 GETGLOBAL r45 := _G[k61 ('mission_tTargets' [h=28796635,$00A38080])]
      306 2D168AC6  GETTABLE r45 := r45[r43]
      307 2E001485 GETGLOBAL r46 := _G[k82 ('SetupEventTargetActorSubdued' [h=239FF409,$009E8200])]
      308 2F154006  GETTABLE r47 := r42[k6 ('actorName' [h=4EB2E2FD,$0098A660])]
      309 2E010099      CALL r46 (1 args) => 1 results
      310 2DA58B89  SETTABLE r46 ->> r45[k81 ('targetSubduedHandle' [h=56D54EDE,$00A36E00])]
      311 2D000B05 GETGLOBAL r45 := _G[k44 ('util_PrintDebugMsg' [h=A2961C17,$00A25100])]
      312 2E0014C1     LOADK r46 := k83 ('[OBJECTIVEDELIVER] Objective ' [h=2891E98F,$009DC680])
      313 2F028000      MOVE r47 := r5
      314 30001501     LOADK r48 := k84 (' is of type VERB_DELIVER_HUM\n' [h=698B0835,$009E3A40])
      315 2E170C13    CONCAT r46 := r46 ... r48
      316 2D010059      CALL r45 (1 args) => 0 results
      317 00800B14       JMP +45 ; 363
      318 011653D5        EQ r44 == k85 ('TYPE_VEHICLE_AIRPLANE_GENERAL' [h=EC803A7E,$00A2DD00])
      319 008001D4       JMP +8 ; 328
      320 01165415        EQ r44 == k86 ('TYPE_VEHICLE_CAR_GENERAL' [h=0F558DF5,$009E4080])
      321 00800154       JMP +6 ; 328
      322 01165455        EQ r44 == k87 ('TYPE_VEHICLE_EMPLACED' [h=D3C0911A,$00A01840])
      323 008000D4       JMP +4 ; 328
      324 01165495        EQ r44 == k88 ('TYPE_VEHICLE_HELICOPTER_GENERAL' [h=E7879705,$009F8840])
      325 00800054       JMP +2 ; 328
      326 001654D5        EQ r44 != k89 ('TYPE_VEHICLE_TANK_GENERAL' [h=E5A9F29E,$009E82C0])
      327 00800614       JMP +25 ; 353
      328 2D000F45 GETGLOBAL r45 := _G[k61 ('mission_tTargets' [h=28796635,$00A38080])]
      329 2D168AC6  GETTABLE r45 := r45[r43]
      330 2E001685 GETGLOBAL r46 := _G[k90 ('VERB_DELIVER_VEH' [h=011F7CFD,$009D3180])]
      331 2D950B89  SETTABLE r46 ->> r45[k48 ('verb' [h=0076582D,$0098A700])]
      332 2D000F45 GETGLOBAL r45 := _G[k61 ('mission_tTargets' [h=28796635,$00A38080])]
      333 2D168AC6  GETTABLE r45 := r45[r43]
      334 2E001705 GETGLOBAL r46 := _G[k92 ('SetupEventActorInTargetVehicleStatusChange' [h=9A0ED636,$009E5540])]
      335 2F001741     LOADK r47 := k93 ('player0' [h=316752BF,$009A56E0])
      336 30154006  GETTABLE r48 := r42[k6 ('actorName' [h=4EB2E2FD,$0098A660])]
      337 31000885 GETGLOBAL r49 := _G[k34 ('TRUE' [h=0067B195,$0097E680])]
      338 2E020099      CALL r46 (3 args) => 1 results
      339 2DAA8B89  SETTABLE r46 ->> r45[k91 ('playerInVehicleHandle' [h=9CDBFEAF,$009F01C0])]
      340 2D000F45 GETGLOBAL r45 := _G[k61 ('mission_tTargets' [h=28796635,$00A38080])]
      341 2D168AC6  GETTABLE r45 := r45[r43]
      342 2E0017C5 GETGLOBAL r46 := _G[k95 ('SetupEventTargetActorSold' [h=886D0252,$00A3E800])]
      343 2F154006  GETTABLE r47 := r42[k6 ('actorName' [h=4EB2E2FD,$0098A660])]
      344 2E010099      CALL r46 (1 args) => 1 results
      345 2DAC0B89  SETTABLE r46 ->> r45[k94 ('targetSoldHandle' [h=3C133230,$00A3C040])]
      346 2D000B05 GETGLOBAL r45 := _G[k44 ('util_PrintDebugMsg' [h=A2961C17,$00A25100])]
      347 2E0014C1     LOADK r46 := k83 ('[OBJECTIVEDELIVER] Objective ' [h=2891E98F,$009DC680])
      348 2F028000      MOVE r47 := r5
      349 30001801     LOADK r48 := k96 (' is of type VERB_DELIVER_VEH\n' [h=7443CA9D,$009F3200])
      350 2E170C13    CONCAT r46 := r46 ... r48
      351 2D010059      CALL r45 (1 args) => 0 results
      352 00800254       JMP +10 ; 363
      353 2D000F45 GETGLOBAL r45 := _G[k61 ('mission_tTargets' [h=28796635,$00A38080])]
      354 2D168AC6  GETTABLE r45 := r45[r43]
      355 2E001845 GETGLOBAL r46 := _G[k97 ('VERB_DELIVER_OBJ' [h=61CA93A2,$00A36740])]
      356 2D950B89  SETTABLE r46 ->> r45[k48 ('verb' [h=0076582D,$0098A700])]
      357 2D000B05 GETGLOBAL r45 := _G[k44 ('util_PrintDebugMsg' [h=A2961C17,$00A25100])]
      358 2E0014C1     LOADK r46 := k83 ('[OBJECTIVEDELIVER] Objective ' [h=2891E98F,$009DC680])
      359 2F028000      MOVE r47 := r5
      360 30001881     LOADK r48 := k98 (' is of type VERB_DELIVER_OBJ\n' [h=E2294659,$00A1DAC0])
      361 2E170C13    CONCAT r46 := r46 ... r48
      362 2D010059      CALL r45 (1 args) => 0 results
      363 2D000F45 GETGLOBAL r45 := _G[k61 ('mission_tTargets' [h=28796635,$00A38080])]
      364 2D168AC6  GETTABLE r45 := r45[r43]
      365 2E001905 GETGLOBAL r46 := _G[k100 ('SetupEventActorInsideRegion' [h=B0F6FBC4,$009F7E40])]
      366 2F000F45 GETGLOBAL r47 := _G[k61 ('mission_tTargets' [h=28796635,$00A38080])]
      367 2F178AC6  GETTABLE r47 := r47[r43]
      368 2E010099      CALL r46 (1 args) => 1 results
      369 2DAE8B89  SETTABLE r46 ->> r45[k99 ('inRegionHandle' [h=2D0C1147,$00982580])]
      370 2D000F45 GETGLOBAL r45 := _G[k61 ('mission_tTargets' [h=28796635,$00A38080])]
      371 2D168AC6  GETTABLE r45 := r45[r43]
      372 2E001985 GETGLOBAL r46 := _G[k102 ('SetupEventActorDestroyed' [h=AFD57238,$009DFAC0])]
      373 2F000F45 GETGLOBAL r47 := _G[k61 ('mission_tTargets' [h=28796635,$00A38080])]
      374 2F178AC6  GETTABLE r47 := r47[r43]
      375 2E010099      CALL r46 (1 args) => 1 results
      376 2DAF8B89  SETTABLE r46 ->> r45[k101 ('destroyedHandle' [h=921445D1,$009A3160])]
      377 2D0019C5 GETGLOBAL r45 := _G[k103 ('hHeroInVehicle' [h=5C79BE3B,$0097DA60])]
      378 0016C755        EQ r45 != k35 (TObject(None))
      379 008000D4       JMP +4 ; 384
      380 2D001A05 GETGLOBAL r45 := _G[k104 ('SetupEventActorInVehicleStatusChange' [h=931E9EB3,$00A2A780])]
      381 2E001741     LOADK r46 := k93 ('player0' [h=316752BF,$009A56E0])
      382 2F000885 GETGLOBAL r47 := _G[k34 ('TRUE' [h=0067B195,$0097E680])]
      383 2D018059      CALL r45 (2 args) => 0 results
      384 23118018      TEST not r35 : r35 := r35
      385 008001D4       JMP +8 ; 394
      386 001658D5        EQ r44 != k105 ('TYPE_VEHICLE_HUMAN_PLAYER' [h=6C1681F3,$00A09040])
      387 00800054       JMP +2 ; 390
      388 25008002  LOADBOOL r37 := True
      389 008000D4       JMP +4 ; 394
      390 2D001A85 GETGLOBAL r45 := _G[k106 ('CreateTargetActorBlip' [h=964AC294,$009E9980])]
      391 2E000F45 GETGLOBAL r46 := _G[k61 ('mission_tTargets' [h=28796635,$00A38080])]
      392 2E170AC6  GETTABLE r46 := r46[r43]
      393 2D010059      CALL r45 (1 args) => 0 results
      394 20100018      TEST not r32 : r32 := r32
      395 008002D4       JMP +12 ; 408
      396 2D000B05 GETGLOBAL r45 := _G[k44 ('util_PrintDebugMsg' [h=A2961C17,$00A25100])]
      397 2E001AC1     LOADK r46 := k107 ('[OBJECTIVEDELIVER] forcing ' [h=0CD1B915,$009EC000])
      398 2F001B05 GETGLOBAL r47 := _G[k108 ('tostring' [h=787EB105,$009A9A40])]
      399 30154006  GETTABLE r48 := r42[k6 ('actorName' [h=4EB2E2FD,$0098A660])]
      400 2F010099      CALL r47 (1 args) => 1 results
      401 30001B41     LOADK r48 := k109 (' into follow state\n' [h=326E20C7,$00A24800])
      402 2E170C13    CONCAT r46 := r46 ... r48
      403 2D010059      CALL r45 (1 args) => 0 results
      404 2D001B85 GETGLOBAL r45 := _G[k110 ('TargetActorFollowingHeroStatusChange' [h=FA953A32,$009CE640])]
      405 2E154006  GETTABLE r46 := r42[k6 ('actorName' [h=4EB2E2FD,$0098A660])]
      406 2F008002  LOADBOOL r47 := True
      407 2D018059      CALL r45 (2 args) => 0 results
      408 241247CC       ADD r36 := r36 + k37 (TObject(1.0))
      409 2700005D  TFORLOOP WIP
      410 007FB614       JMP -295 ; 116
      411 23118018      TEST not r35 : r35 := r35
      412 00800354       JMP +14 ; 427
      413 27001BC5 GETGLOBAL r39 := _G[k111 ('Objective_SetShortDescription' [h=3CB3128C,$00A25740])]
      414 28028000      MOVE r40 := r5
      415 290B0000      MOVE r41 := r22
      416 27018059      CALL r39 (2 args) => 0 results
      417 1C0E0058      TEST r28 : r28 := r28
      418 00800054       JMP +2 ; 421
      419 25128018      TEST not r37 : r37 := r37
      420 00800154       JMP +6 ; 427
      421 26130018      TEST not r38 : r38 := r38
      422 008000D4       JMP +4 ; 427
      423 27001C05 GETGLOBAL r39 := _G[k112 ('CreateDestinationRegionBlip' [h=4E25EC62,$00A08DC0])]
      424 28000F45 GETGLOBAL r40 := _G[k61 ('mission_tTargets' [h=28796635,$00A38080])]
      425 28140986  GETTABLE r40 := r40[r38]
      426 27010059      CALL r39 (1 args) => 0 results
      427 27000BC5 GETGLOBAL r39 := _G[k47 ('mission_tObjectives' [h=B4A8BCEB,$009D7BC0])]
      428 27138146  GETTABLE r39 := r39[r5]
      429 27B58909  SETTABLE r36 ->> r39[k113 ('targetsRemaining' [h=124C4A35,$00A15A00])]
      430 27000B05 GETGLOBAL r39 := _G[k44 ('util_PrintDebugMsg' [h=A2961C17,$00A25100])]
      431 280014C1     LOADK r40 := k83 ('[OBJECTIVEDELIVER] Objective ' [h=2891E98F,$009DC680])
      432 29028000      MOVE r41 := r5
      433 2A001C81     LOADK r42 := k114 (' contains ' [h=A1F3BABD,$009C63A0])
      434 2B120000      MOVE r43 := r36
      435 2C001CC1     LOADK r44 := k115 (' targets\n' [h=62973587,$009924A0])
      436 28140B13    CONCAT r40 := r40 ... r44
      437 27010059      CALL r39 (1 args) => 0 results
      438 0000801B    RETURN
  [Node$01A2F21C] 'util_SkipToBounty' [h=FA688C8B,$00A10380]: function$0098E340 'util_SkipToBounty' [h=FA688C8B,$00A10380]
    CONST$009E2B00 k0  'Utility_DoesActorExist' [h=446B4DB5,$009F0740]
    CONST$009E2B08 k1  'Actor_GetPosition' [h=F7E6F403,$009E29C0]
    CONST$009E2B10 k2  TObject(10.0)
    CONST$009E2B18 k3  'Actor_SetPosition' [h=1D26B41B,$009D9EC0]
    CONST$009E2B20 k4  'player0' [h=316752BF,$009A56E0]
     CODE$00AA9D40
      000 00000018      TEST not r0 : r0 := r0
      001 00800394       JMP +15 ; 17
      002 01000005 GETGLOBAL r1 := _G[k0 ('Utility_DoesActorExist' [h=446B4DB5,$009F0740])]
      003 02000000      MOVE r2 := r0
      004 01010099      CALL r1 (1 args) => 1 results
      005 01008018      TEST not r1 : r1 := r1
      006 00800254       JMP +10 ; 17
      007 01000045 GETGLOBAL r1 := _G[k1 ('Actor_GetPosition' [h=F7E6F403,$009E29C0])]
      008 02000000      MOVE r2 := r0
      009 01010119      CALL r1 (1 args) => 3 results
      010 0100BF0C       ADD r1 := r1 + k2 (TObject(10.0))
      011 040000C5 GETGLOBAL r4 := _G[k3 ('Actor_SetPosition' [h=1D26B41B,$009D9EC0])]
      012 05000101     LOADK r5 := k4 ('player0' [h=316752BF,$009A56E0])
      013 06008000      MOVE r6 := r1
      014 07010000      MOVE r7 := r2
      015 08018000      MOVE r8 := r3
      016 04028059      CALL r4 (4 args) => 0 results
      017 0000801B    RETURN
  [Node$01A2F230] 'gameflow_Bridge_Destroy' [h=3AF48C8C,$00A035C0]: function$009C2CC0 'gameflow_Bridge_Destroy' [h=3AF48C8C,$00A035C0]
    CONST$009D5F80 k0  'ipairs' [h=B6F4A157,$0098FC00]
    CONST$009D5F88 k1  'Utility_DoesActorExist' [h=446B4DB5,$009F0740]
    CONST$009D5F90 k2  'Actor_Kill' [h=7FBDBA5D,$009C56C0]
    CONST$009D5F98 k3  'type' [h=0070EF71,$009875A0]
    CONST$009D5FA0 k4  'table' [h=10F2114B,$0098D780]
    CONST$009D5FA8 k5  'Traffic_SetPathEnabled' [h=63FBA958,$009E1580]
     CODE$00BEAE00
      000 03000005 GETGLOBAL r3 := _G[k0 ('ipairs' [h=B6F4A157,$0098FC00])]
      001 04000000      MOVE r4 := r0
      002 03010159      CALL r3 (1 args) => 4 results
      003 038001DE  TFORPREP WIP
      004 07000045 GETGLOBAL r7 := _G[k1 ('Utility_DoesActorExist' [h=446B4DB5,$009F0740])]
      005 08030000      MOVE r8 := r6
      006 07010099      CALL r7 (1 args) => 1 results
      007 07038018      TEST not r7 : r7 := r7
      008 00800094       JMP +3 ; 12
      009 07000085 GETGLOBAL r7 := _G[k2 ('Actor_Kill' [h=7FBDBA5D,$009C56C0])]
      010 08030000      MOVE r8 := r6
      011 07010059      CALL r7 (1 args) => 0 results
      012 0300005D  TFORLOOP WIP
      013 007FFD54       JMP -10 ; 4
      014 030000C5 GETGLOBAL r3 := _G[k3 ('type' [h=0070EF71,$009875A0])]
      015 04008000      MOVE r4 := r1
      016 03010099      CALL r3 (1 args) => 1 results
      017 0001BF95        EQ r3 != k4 ('table' [h=10F2114B,$0098D780])
      018 00800254       JMP +10 ; 29
      019 03000005 GETGLOBAL r3 := _G[k0 ('ipairs' [h=B6F4A157,$0098FC00])]
      020 04008000      MOVE r4 := r1
      021 03010159      CALL r3 (1 args) => 4 results
      022 038000DE  TFORPREP WIP
      023 07000145 GETGLOBAL r7 := _G[k5 ('Traffic_SetPathEnabled' [h=63FBA958,$009E1580])]
      024 08030000      MOVE r8 := r6
      025 09000002  LOADBOOL r9 := False
      026 07018059      CALL r7 (2 args) => 0 results
      027 0300005D  TFORLOOP WIP
      028 007FFE54       JMP -6 ; 23
      029 030000C5 GETGLOBAL r3 := _G[k3 ('type' [h=0070EF71,$009875A0])]
      030 04010000      MOVE r4 := r2
      031 03010099      CALL r3 (1 args) => 1 results
      032 0001BF95        EQ r3 != k4 ('table' [h=10F2114B,$0098D780])
      033 00800254       JMP +10 ; 44
      034 03000005 GETGLOBAL r3 := _G[k0 ('ipairs' [h=B6F4A157,$0098FC00])]
      035 04010000      MOVE r4 := r2
      036 03010159      CALL r3 (1 args) => 4 results
      037 038000DE  TFORPREP WIP
      038 07000145 GETGLOBAL r7 := _G[k5 ('Traffic_SetPathEnabled' [h=63FBA958,$009E1580])]
      039 08030000      MOVE r8 := r6
      040 09008002  LOADBOOL r9 := True
      041 07018059      CALL r7 (2 args) => 0 results
      042 0300005D  TFORLOOP WIP
      043 007FFE54       JMP -6 ; 38
      044 0000801B    RETURN
  [Node$01A2F244] 'Faction_SetRelation' [h=6D8FD48D,$009DDD40]: cfunction$002B6908 'Faction_SetRelation' [h=6D8FD48D,$009DDD40]
  [Node$01A2F258] 'Traffic_SetZoneDensity' [h=9D7F588E,$009DBB00]: cfunction$002A1B40 'Traffic_SetZoneDensity' [h=9D7F588E,$009DBB00]
  [Node$01A2F26C] 'Player_DisableControl' [h=8EBE948F,$00A06A00]: cfunction$002C0428 'Player_DisableControl' [h=8EBE948F,$00A06A00]
  [Node$01A2F294] 'VerbTargetSold' [h=2CB7F091,$009A05E0]: function$0099D740 'VerbTargetSold' [h=2CB7F091,$009A05E0]
    CONST$00A3B640 k0  'mission_tTargets' [h=28796635,$00A38080]
    CONST$00A3B648 k1  'Utility_GetActorAsInt' [h=A2B359A3,$00A3EB80]
    CONST$00A3B650 k2  'mission_tObjectives' [h=B4A8BCEB,$009D7BC0]
    CONST$00A3B658 k3  'objectiveName' [h=2337C7CC,$0097D840]
    CONST$00A3B660 k4  'saleCallbackFunc' [h=4C714F01,$009FB140]
    CONST$00A3B668 k5  'actorName' [h=4EB2E2FD,$0098A660]
     CODE$00A01D00
      000 01000005 GETGLOBAL r1 := _G[k0 ('mission_tTargets' [h=28796635,$00A38080])]
      001 02000045 GETGLOBAL r2 := _G[k1 ('Utility_GetActorAsInt' [h=A2B359A3,$00A3EB80])]
      002 03000000      MOVE r3 := r0
      003 02010099      CALL r2 (1 args) => 1 results
      004 01008086  GETTABLE r1 := r1[r2]
      005 02000085 GETGLOBAL r2 := _G[k2 ('mission_tObjectives' [h=B4A8BCEB,$009D7BC0])]
      006 0300BF46  GETTABLE r3 := r1[k3 ('objectiveName' [h=2337C7CC,$0097D840])]
      007 020100C6  GETTABLE r2 := r2[r3]
      008 03013F86  GETTABLE r3 := r2[k4 ('saleCallbackFunc' [h=4C714F01,$009FB140])]
      009 03018018      TEST not r3 : r3 := r3
      010 008000D4       JMP +4 ; 15
      011 03013F86  GETTABLE r3 := r2[k4 ('saleCallbackFunc' [h=4C714F01,$009FB140])]
      012 0400BFC6  GETTABLE r4 := r1[k5 ('actorName' [h=4EB2E2FD,$0098A660])]
      013 0500BF46  GETTABLE r5 := r1[k3 ('objectiveName' [h=2337C7CC,$0097D840])]
      014 03018059      CALL r3 (2 args) => 0 results
      015 0000801B    RETURN
  [Node$01A2F2D0] 'util_GetCurrentMission' [h=1D43C494,$009FC400]: function$009C7900 'util_GetCurrentMission' [h=1D43C494,$009FC400]
    CONST$00A2D6C0 k0  'Utility_ReadNumberFromScribbleMemory' [h=2BB92038,$009F9D40]
    CONST$00A2D6C8 k1  'mission_accepted' [h=77464996,$00A32D40]
    CONST$00A2D6D0 k2  'Utility_ReadStringFromScribbleMemory' [h=5455F3B9,$00A0C940]
    CONST$00A2D6D8 k3  'SkipTo_Map' [h=F88EFA9D,$009BF700]
    CONST$00A2D6E0 k4  'current_faction' [h=B9B21A68,$009C4920]
    CONST$00A2D6E8 k5  'current_' [h=8FEE355A,$00996FA0]
    CONST$00A2D6F0 k6  '_mission' [h=7DD2639E,$009909E0]
    CONST$00A2D6F8 k7  '_' [h=0000007E,$0097A4C0]
     CODE$00A9DB40
      000 00000005 GETGLOBAL r0 := _G[k0 ('Utility_ReadNumberFromScribbleMemory' [h=2BB92038,$009F9D40])]
      001 01000041     LOADK r1 := k1 ('mission_accepted' [h=77464996,$00A32D40])
      002 00010099      CALL r0 (1 args) => 1 results
      003 00000018      TEST not r0 : r0 := r0
      004 00800494       JMP +19 ; 24
      005 00000085 GETGLOBAL r0 := _G[k2 ('Utility_ReadStringFromScribbleMemory' [h=5455F3B9,$00A0C940])]
      006 010000C1     LOADK r1 := k3 ('SkipTo_Map' [h=F88EFA9D,$009BF700])
      007 00010099      CALL r0 (1 args) => 1 results
      008 01000085 GETGLOBAL r1 := _G[k2 ('Utility_ReadStringFromScribbleMemory' [h=5455F3B9,$00A0C940])]
      009 02000101     LOADK r2 := k4 ('current_faction' [h=B9B21A68,$009C4920])
      010 01010099      CALL r1 (1 args) => 1 results
      011 02000005 GETGLOBAL r2 := _G[k0 ('Utility_ReadNumberFromScribbleMemory' [h=2BB92038,$009F9D40])]
      012 03000141     LOADK r3 := k5 ('current_' [h=8FEE355A,$00996FA0])
      013 04008000      MOVE r4 := r1
      014 05000181     LOADK r5 := k6 ('_mission' [h=7DD2639E,$009909E0])
      015 03018153    CONCAT r3 := r3 ... r5
      016 02010099      CALL r2 (1 args) => 1 results
      017 03000000      MOVE r3 := r0
      018 040001C1     LOADK r4 := k7 ('_' [h=0000007E,$0097A4C0])
      019 05008000      MOVE r5 := r1
      020 06010000      MOVE r6 := r2
      021 03018193    CONCAT r3 := r3 ... r6
      022 0301001B    RETURN r3 ... r3
      023 00800054       JMP +2 ; 26
      024 00000003   LOADNIL r0 ... r0
      025 0001001B    RETURN r0 ... r0
      026 0000801B    RETURN
  [Node$01A2F2E4] 'Cinematic_BeginSequence' [h=2AD2B495,$009E8580]: cfunction$002C1078 'Cinematic_BeginSequence' [h=2AD2B495,$009E8580]
  [Node$01A2F334] 'Utility_GetDistanceBetweenActors' [h=676B6499,$00A21680]: cfunction$002C30B0 'Utility_GetDistanceBetweenActors' [h=676B6499,$00A21680]
  [Node$01A2F348] 'Player_AdjustMoney' [h=9E5BA49A,$009F03C0]: cfunction$002C0050 'Player_AdjustMoney' [h=9E5BA49A,$009F03C0]
  [Node$01A2F35C] 'Actor_StopHumanAnimationInGame' [h=CFC0889B,$00A07280]: cfunction$002AE230 'Actor_StopHumanAnimationInGame' [h=CFC0889B,$00A07280]
  [Node$01A2F370] 'PrepareToAddSupport' [h=835DCC9C,$009ED400]: function$0099B3C0 'PrepareToAddSupport' [h=835DCC9C,$009ED400]
    CONST$00A00DC0 k0  'Camera_Reset' [h=7F8A75ED,$009809A0]
    CONST$00A00DC8 k1  'Event_RelativeTimer' [h=AD23F6E2,$009F7840]
    CONST$00A00DD0 k2  'AddSupport' [h=ECAE1471,$0099CE00]
    CONST$00A00DD8 k3  'b' [h=00000083,$00983380]
    CONST$00A00DE0 k4  TObject(0.5)
     CODE$00976620
      000 00000005 GETGLOBAL r0 := _G[k0 ('Camera_Reset' [h=7F8A75ED,$009809A0])]
      001 00008059      CALL r0 (0 args) => 0 results
      002 00000045 GETGLOBAL r0 := _G[k1 ('Event_RelativeTimer' [h=AD23F6E2,$009F7840])]
      003 01000081     LOADK r1 := k2 ('AddSupport' [h=ECAE1471,$0099CE00])
      004 020000C1     LOADK r2 := k3 ('b' [h=00000083,$00983380])
      005 03000101     LOADK r3 := k4 (TObject(0.5))
      006 00020059      CALL r0 (3 args) => 0 results
      007 0000801B    RETURN
  [Node$01A2F384] 'jeff_tutorialFactionMood' [h=97193C9D,$00A11BC0]: function$009811A0 'jeff_tutorialFactionMood' [h=97193C9D,$00A11BC0]
    CONST$00A8FDC0 k0  'Faction_GetAttitude' [h=D25E63EC,$00A20680]
    CONST$00A8FDC8 k1  'prokat' [h=854F88C7,$0098DFC0]
    CONST$00A8FDD0 k2  TObject(1.0)
    CONST$00A8FDD8 k3  'jeff_CancelMoodEvents' [h=801B80DF,$009DF100]
    CONST$00A8FDE0 k4  'Utility_WriteNumberToScribbleMemory' [h=DCF55147,$00A29080]
    CONST$00A8FDE8 k5  'tutorial_factionMood' [h=F325BA12,$009EA300]
    CONST$00A8FDF0 k6  'Utility_MessageBox' [h=E0C5D484,$009E5400]
    CONST$00A8FDF8 k7  'Utility_GetStringById' [h=F7067A6C,$009EF080]
    CONST$00A8FE00 k8  'tutorial.global.factionmood.title' [h=E0AD8619,$009E8740]
    CONST$00A8FE08 k9  'tutorial.FactionMood01.body' [h=C5BBB97F,$00A22300]
    CONST$00A8FE10 k10 'jeff_tutorialFactionMood2' [h=D6ED406D,$009EA840]
    CONST$00A8FE18 k11 'jeff_SetupMoodEvents' [h=145A7F5F,$009FA9C0]
     CODE$00B1C0C0
      000 01000005 GETGLOBAL r1 := _G[k0 ('Faction_GetAttitude' [h=D25E63EC,$00A20680])]
      001 02000000      MOVE r2 := r0
      002 03000041     LOADK r3 := k1 ('prokat' [h=854F88C7,$0098DFC0])
      003 01018099      CALL r1 (2 args) => 1 results
      004 0000BF15        EQ r1 != k2 (TObject(1.0))
      005 00800414       JMP +17 ; 23
      006 020000C5 GETGLOBAL r2 := _G[k3 ('jeff_CancelMoodEvents' [h=801B80DF,$009DF100])]
      007 02008059      CALL r2 (0 args) => 0 results
      008 02000105 GETGLOBAL r2 := _G[k4 ('Utility_WriteNumberToScribbleMemory' [h=DCF55147,$00A29080])]
      009 03000141     LOADK r3 := k5 ('tutorial_factionMood' [h=F325BA12,$009EA300])
      010 04000081     LOADK r4 := k2 (TObject(1.0))
      011 02018059      CALL r2 (2 args) => 0 results
      012 02000185 GETGLOBAL r2 := _G[k6 ('Utility_MessageBox' [h=E0C5D484,$009E5400])]
      013 030001C5 GETGLOBAL r3 := _G[k7 ('Utility_GetStringById' [h=F7067A6C,$009EF080])]
      014 04000201     LOADK r4 := k8 ('tutorial.global.factionmood.title' [h=E0AD8619,$009E8740])
      015 03010099      CALL r3 (1 args) => 1 results
      016 040001C5 GETGLOBAL r4 := _G[k7 ('Utility_GetStringById' [h=F7067A6C,$009EF080])]
      017 05000241     LOADK r5 := k9 ('tutorial.FactionMood01.body' [h=C5BBB97F,$00A22300])
      018 04010099      CALL r4 (1 args) => 1 results
      019 05008002  LOADBOOL r5 := True
      020 06000281     LOADK r6 := k10 ('jeff_tutorialFactionMood2' [h=D6ED406D,$009EA840])
      021 02028059      CALL r2 (4 args) => 0 results
      022 00800054       JMP +2 ; 25
      023 020002C5 GETGLOBAL r2 := _G[k11 ('jeff_SetupMoodEvents' [h=145A7F5F,$009FA9C0])]
      024 02008059      CALL r2 (0 args) => 0 results
      025 0000801B    RETURN
  [Node$01A2F3AC] 'jeff_shutdownElevator' [h=8965749F,$00A13440]: function$0099DAC0 'jeff_shutdownElevator' [h=8965749F,$00A13440]
    CONST$009FF5C0 k0  'jeff_elevatorExists' [h=D6713387,$00A16840]
    CONST$009FF5C8 k1  'Actor_EnableScriptedUse' [h=2140441B,$00A37B40]
    CONST$009FF5D0 k2  'mafia_fakeExit' [h=C9D228DC,$009A3CC0]
    CONST$009FF5D8 k3  'FALSE' [h=0E4B730F,$009A6040]
    CONST$009FF5E0 k4  'mafia_fakeEntrance' [h=A3626E69,$009D14C0]
    CONST$009FF5E8 k5  'jeff_hExitUsed' [h=58F54B91,$009C02E0]
    CONST$009FF5F0 k6  'Event_CancelEvent' [h=D8960070,$009D8C00]
    CONST$009FF5F8 k7  'jeff_hEntranceUsed' [h=F77E78A8,$00A18000]
     CODE$00A6F940
      000 00000005 GETGLOBAL r0 := _G[k0 ('jeff_elevatorExists' [h=D6713387,$00A16840])]
      001 00008099      CALL r0 (0 args) => 1 results
      002 00000058      TEST r0 : r0 := r0
      003 00800014       JMP +1 ; 5
      004 0000801B    RETURN
      005 00000045 GETGLOBAL r0 := _G[k1 ('Actor_EnableScriptedUse' [h=2140441B,$00A37B40])]
      006 01000081     LOADK r1 := k2 ('mafia_fakeExit' [h=C9D228DC,$009A3CC0])
      007 020000C5 GETGLOBAL r2 := _G[k3 ('FALSE' [h=0E4B730F,$009A6040])]
      008 00018059      CALL r0 (2 args) => 0 results
      009 00000045 GETGLOBAL r0 := _G[k1 ('Actor_EnableScriptedUse' [h=2140441B,$00A37B40])]
      010 01000101     LOADK r1 := k4 ('mafia_fakeEntrance' [h=A3626E69,$009D14C0])
      011 020000C5 GETGLOBAL r2 := _G[k3 ('FALSE' [h=0E4B730F,$009A6040])]
      012 00018059      CALL r0 (2 args) => 0 results
      013 00000185 GETGLOBAL r0 := _G[k6 ('Event_CancelEvent' [h=D8960070,$009D8C00])]
      014 01000145 GETGLOBAL r1 := _G[k5 ('jeff_hExitUsed' [h=58F54B91,$009C02E0])]
      015 00010099      CALL r0 (1 args) => 1 results
      016 00000147 SETGLOBAL r0 ->> _G[k5 ('jeff_hExitUsed' [h=58F54B91,$009C02E0])]
      017 00000185 GETGLOBAL r0 := _G[k6 ('Event_CancelEvent' [h=D8960070,$009D8C00])]
      018 010001C5 GETGLOBAL r1 := _G[k7 ('jeff_hEntranceUsed' [h=F77E78A8,$00A18000])]
      019 00010099      CALL r0 (1 args) => 1 results
      020 000001C7 SETGLOBAL r0 ->> _G[k7 ('jeff_hEntranceUsed' [h=F77E78A8,$00A18000])]
      021 0000801B    RETURN
  [Node$01A2F3C0] 'Ai_SetIsHostage' [h=2DF294A0,$0099A0C0]: cfunction$002B2AC0 'Ai_SetIsHostage' [h=2DF294A0,$0099A0C0]
  [Node$01A2F3E8] 'Audio_StopMusic' [h=5163D4A2,$0098A320]: cfunction$002F78C0 'Audio_StopMusic' [h=5163D4A2,$0098A320]
  [Node$01A2F3FC] 'Desktop_BeginBossProfile' [h=851690A3,$00A2E2C0]: cfunction$002C7990 'Desktop_BeginBossProfile' [h=851690A3,$00A2E2C0]
  [Node$01A2F438] 'Actor_IsDetectedByFaction' [h=FABDE0A6,$009F9E40]: cfunction$002AAFC0 'Actor_IsDetectedByFaction' [h=FABDE0A6,$009F9E40]
  [Node$01A2F44C] 'mission_MissionComplete2' [h=8B81A0A7,$009D78C0]: function$0097BEC0 'mission_MissionComplete2' [h=8B81A0A7,$009D78C0]
    CONST$00CD9AC0 k0  'custom_MissionComplete' [h=158C0B84,$009D3200]
    CONST$00CD9AC8 k1  'pre_MissionComplete' [h=CDE68DB2,$009E3AC0]
    CONST$00CD9AD0 k2  'util_IsPlayableIntro' [h=F04BEFE8,$009E8700]
    CONST$00CD9AD8 k3  'sQuadrant' [h=4B410EBA,$0099BEC0]
    CONST$00CD9AE0 k4  'sFaction' [h=7C9C46C0,$009785C0]
    CONST$00CD9AE8 k5  'iMission' [h=7DD21FF8,$0098A720]
    CONST$00CD9AF0 k6  'util_IsFaceCardMission' [h=2D88A1FE,$00A36C00]
    CONST$00CD9AF8 k7  'util_IsAceMission' [h=3411A219,$009F2FC0]
    CONST$00CD9B00 k8  'util_IsFinalMission' [h=DF10E46E,$009ED6C0]
    CONST$00CD9B08 k9  'Utility_EraseValueFromScribbleMemory' [h=D5C200E6,$00A13000]
    CONST$00CD9B10 k10 'mission_accepted' [h=77464996,$00A32D40]
    CONST$00CD9B18 k11 'Utility_WriteStringToScribbleMemory' [h=5E8C6272,$00A3A080]
    CONST$00CD9B20 k12 'PlayerStartLocationName' [h=97810C56,$00A12EC0]
    CONST$00CD9B28 k13 'loc_playerstart' [h=AE611F70,$009C32A0]
    CONST$00CD9B30 k14 TObject(1.0)
    CONST$00CD9B38 k15 'Utility_ReadNumberFromScribbleMemory' [h=2BB92038,$009F9D40]
    CONST$00CD9B40 k16 'XBoxDemoMissionSequence' [h=5ACD3371,$00A37640]
    CONST$00CD9B48 k17 TObject(2.0)
    CONST$00CD9B50 k18 'Utility_WriteNumberToScribbleMemory' [h=DCF55147,$00A29080]
    CONST$00CD9B58 k19 'sMemoryKey_ArcBookmark' [h=3345BF5A,$00A3B340]
    CONST$00CD9B60 k20 'total_missions_completed' [h=8039EBE0,$00A40540]
    CONST$00CD9B68 k21 TObject(0.0)
    CONST$00CD9B70 k22 'num_std_missions_cmpl_' [h=EBB8E1CE,$00A179C0]
    CONST$00CD9B78 k23 'num_face_missions_cmpl_' [h=24E97110,$009F53C0]
    CONST$00CD9B80 k24 'AceUnlocked' [h=68AFF695,$009A4320]
    CONST$00CD9B88 k25 'SkipTo_Chapter' [h=34C20FAD,$00997200]
    CONST$00CD9B90 k26 'iChapter' [h=A641C774,$009A7D40]
    CONST$00CD9B98 k27 'FALSE' [h=0E4B730F,$009A6040]
    CONST$00CD9BA0 k28 'Global_GetValue' [h=A320AED9,$009A34A0]
    CONST$00CD9BA8 k29 'MissionBoundCardKilled' [h=E7911B1B,$009FB1C0]
    CONST$00CD9BB0 k30 'TRUE' [h=0067B195,$0097E680]
    CONST$00CD9BB8 k31 'Utility_WriteMissionData' [h=CF74742C,$00A21400]
    CONST$00CD9BC0 k32 'fContractFee' [h=05CA2323,$009A0080]
    CONST$00CD9BC8 k33 'Utility_ReadMissionData' [h=42A7BBD0,$00A29880]
    CONST$00CD9BD0 k34 'mission_FinalMissionEnd' [h=E7B1F637,$00A2ACC0]
    CONST$00CD9BD8 k35 'bVerifySequenceDisplayed' [h=7B7FE126,$00A14680]
    CONST$00CD9BE0 k36 'mission_DetermineFaceCard' [h=690888D6,$009DAC80]
    CONST$00CD9BE8 k37 'type' [h=0070EF71,$009875A0]
    CONST$00CD9BF0 k38 'sVOPlayedOnComplete' [h=4043EC2E,$00A13400]
    CONST$00CD9BF8 k39 'string' [h=81F98B41,$0097FB00]
    CONST$00CD9C00 k40 'Desktop_BeginVerify' [h=B6292127,$00A41F40]
    CONST$00CD9C08 k41 'mission_MissionComplete3' [h=D7314CBB,$00A3E340]
    CONST$00CD9C10 k42 'Desktop_BeginWinSequence' [h=71C223ED,$009F9380]
     CODE$01979CC0
      000 00000005 GETGLOBAL r0 := _G[k0 ('custom_MissionComplete' [h=158C0B84,$009D3200])]
      001 00000018      TEST not r0 : r0 := r0
      002 00800094       JMP +3 ; 6
      003 00000005 GETGLOBAL r0 := _G[k0 ('custom_MissionComplete' [h=158C0B84,$009D3200])]
      004 00008059      CALL r0 (0 args) => 0 results
      005 00802D14       JMP +181 ; 187
      006 00000045 GETGLOBAL r0 := _G[k1 ('pre_MissionComplete' [h=CDE68DB2,$009E3AC0])]
      007 00000018      TEST not r0 : r0 := r0
      008 00800054       JMP +2 ; 11
      009 00000045 GETGLOBAL r0 := _G[k1 ('pre_MissionComplete' [h=CDE68DB2,$009E3AC0])]
      010 00008059      CALL r0 (0 args) => 0 results
      011 00000085 GETGLOBAL r0 := _G[k2 ('util_IsPlayableIntro' [h=F04BEFE8,$009E8700])]
      012 010000C5 GETGLOBAL r1 := _G[k3 ('sQuadrant' [h=4B410EBA,$0099BEC0])]
      013 02000105 GETGLOBAL r2 := _G[k4 ('sFaction' [h=7C9C46C0,$009785C0])]
      014 03000145 GETGLOBAL r3 := _G[k5 ('iMission' [h=7DD21FF8,$0098A720])]
      015 00020099      CALL r0 (3 args) => 1 results
      016 01000185 GETGLOBAL r1 := _G[k6 ('util_IsFaceCardMission' [h=2D88A1FE,$00A36C00])]
      017 02000105 GETGLOBAL r2 := _G[k4 ('sFaction' [h=7C9C46C0,$009785C0])]
      018 03000145 GETGLOBAL r3 := _G[k5 ('iMission' [h=7DD21FF8,$0098A720])]
      019 01018099      CALL r1 (2 args) => 1 results
      020 020001C5 GETGLOBAL r2 := _G[k7 ('util_IsAceMission' [h=3411A219,$009F2FC0])]
      021 030000C5 GETGLOBAL r3 := _G[k3 ('sQuadrant' [h=4B410EBA,$0099BEC0])]
      022 04000105 GETGLOBAL r4 := _G[k4 ('sFaction' [h=7C9C46C0,$009785C0])]
      023 05000145 GETGLOBAL r5 := _G[k5 ('iMission' [h=7DD21FF8,$0098A720])]
      024 02020099      CALL r2 (3 args) => 1 results
      025 00000058      TEST r0 : r0 := r0
      026 008000D4       JMP +4 ; 31
      027 01008058      TEST r1 : r1 := r1
      028 00800054       JMP +2 ; 31
      029 03010012       NOT r3 := not r2
      030 00800054       JMP +2 ; 33
      031 03000042  LOADBOOL r3 := False ; br 33
      032 03008002  LOADBOOL r3 := True
      033 04000205 GETGLOBAL r4 := _G[k8 ('util_IsFinalMission' [h=DF10E46E,$009ED6C0])]
      034 050000C5 GETGLOBAL r5 := _G[k3 ('sQuadrant' [h=4B410EBA,$0099BEC0])]
      035 06000105 GETGLOBAL r6 := _G[k4 ('sFaction' [h=7C9C46C0,$009785C0])]
      036 07000145 GETGLOBAL r7 := _G[k5 ('iMission' [h=7DD21FF8,$0098A720])]
      037 04020099      CALL r4 (3 args) => 1 results
      038 05000245 GETGLOBAL r5 := _G[k9 ('Utility_EraseValueFromScribbleMemory' [h=D5C200E6,$00A13000])]
      039 06000281     LOADK r6 := k10 ('mission_accepted' [h=77464996,$00A32D40])
      040 05010059      CALL r5 (1 args) => 0 results
      041 050002C5 GETGLOBAL r5 := _G[k11 ('Utility_WriteStringToScribbleMemory' [h=5E8C6272,$00A3A080])]
      042 06000301     LOADK r6 := k12 ('PlayerStartLocationName' [h=97810C56,$00A12EC0])
      043 07000341     LOADK r7 := k13 ('loc_playerstart' [h=AE611F70,$009C32A0])
      044 05018059      CALL r5 (2 args) => 0 results
      045 05000381     LOADK r5 := k14 (TObject(1.0))
      046 060003C5 GETGLOBAL r6 := _G[k15 ('Utility_ReadNumberFromScribbleMemory' [h=2BB92038,$009F9D40])]
      047 07000401     LOADK r7 := k16 ('XBoxDemoMissionSequence' [h=5ACD3371,$00A37640])
      048 06010099      CALL r6 (1 args) => 1 results
      049 06030018      TEST not r6 : r6 := r6
      050 00800014       JMP +1 ; 52
      051 05000441     LOADK r5 := k17 (TObject(2.0))
      052 06000485 GETGLOBAL r6 := _G[k18 ('Utility_WriteNumberToScribbleMemory' [h=DCF55147,$00A29080])]
      053 070004C5 GETGLOBAL r7 := _G[k19 ('sMemoryKey_ArcBookmark' [h=3345BF5A,$00A3B340])]
      054 08000145 GETGLOBAL r8 := _G[k5 ('iMission' [h=7DD21FF8,$0098A720])]
      055 0804014C       ADD r8 := r8 + r5
      056 06018059      CALL r6 (2 args) => 0 results
      057 060003C5 GETGLOBAL r6 := _G[k15 ('Utility_ReadNumberFromScribbleMemory' [h=2BB92038,$009F9D40])]
      058 07000501     LOADK r7 := k20 ('total_missions_completed' [h=8039EBE0,$00A40540])
      059 08000105 GETGLOBAL r8 := _G[k4 ('sFaction' [h=7C9C46C0,$009785C0])]
      060 07038213    CONCAT r7 := r7 ... r8
      061 06010099      CALL r6 (1 args) => 1 results
      062 06030058      TEST r6 : r6 := r6
      063 00800014       JMP +1 ; 65
      064 06000541     LOADK r6 := k21 (TObject(0.0))
      065 0603420C       ADD r6 := r6 + k14 (TObject(1.0))
      066 07000485 GETGLOBAL r7 := _G[k18 ('Utility_WriteNumberToScribbleMemory' [h=DCF55147,$00A29080])]
      067 08000501     LOADK r8 := k20 ('total_missions_completed' [h=8039EBE0,$00A40540])
      068 09000105 GETGLOBAL r9 := _G[k4 ('sFaction' [h=7C9C46C0,$009785C0])]
      069 08040253    CONCAT r8 := r8 ... r9
      070 09030000      MOVE r9 := r6
      071 07018059      CALL r7 (2 args) => 0 results
      072 03018058      TEST r3 : r3 := r3
      073 00800154       JMP +6 ; 80
      074 01008058      TEST r1 : r1 := r1
      075 008000D4       JMP +4 ; 80
      076 00000058      TEST r0 : r0 := r0
      077 00800054       JMP +2 ; 80
      078 02010018      TEST not r2 : r2 := r2
      079 00800654       JMP +26 ; 106
      080 07038003   LOADNIL r7 ... r7
      081 00000058      TEST r0 : r0 := r0
      082 00800054       JMP +2 ; 85
      083 03018018      TEST not r3 : r3 := r3
      084 008000D4       JMP +4 ; 89
      085 08000581     LOADK r8 := k22 ('num_std_missions_cmpl_' [h=EBB8E1CE,$00A179C0])
      086 09000105 GETGLOBAL r9 := _G[k4 ('sFaction' [h=7C9C46C0,$009785C0])]
      087 07040253    CONCAT r7 := r8 ... r9
      088 00800194       JMP +7 ; 96
      089 01008058      TEST r1 : r1 := r1
      090 00800054       JMP +2 ; 93
      091 02010018      TEST not r2 : r2 := r2
      092 00800094       JMP +3 ; 96
      093 080005C1     LOADK r8 := k23 ('num_face_missions_cmpl_' [h=24E97110,$009F53C0])
      094 09000105 GETGLOBAL r9 := _G[k4 ('sFaction' [h=7C9C46C0,$009785C0])]
      095 07040253    CONCAT r7 := r8 ... r9
      096 080003C5 GETGLOBAL r8 := _G[k15 ('Utility_ReadNumberFromScribbleMemory' [h=2BB92038,$009F9D40])]
      097 09038000      MOVE r9 := r7
      098 08010099      CALL r8 (1 args) => 1 results
      099 08040058      TEST r8 : r8 := r8
      100 00800014       JMP +1 ; 102
      101 08000541     LOADK r8 := k21 (TObject(0.0))
      102 09000485 GETGLOBAL r9 := _G[k18 ('Utility_WriteNumberToScribbleMemory' [h=DCF55147,$00A29080])]
      103 0A038000      MOVE r10 := r7
      104 0B04420C       ADD r11 := r8 + k14 (TObject(1.0))
      105 09018059      CALL r9 (2 args) => 0 results
      106 02010018      TEST not r2 : r2 := r2
      107 008001D4       JMP +8 ; 116
      108 07000245 GETGLOBAL r7 := _G[k9 ('Utility_EraseValueFromScribbleMemory' [h=D5C200E6,$00A13000])]
      109 08000601     LOADK r8 := k24 ('AceUnlocked' [h=68AFF695,$009A4320])
      110 07010059      CALL r7 (1 args) => 0 results
      111 07000485 GETGLOBAL r7 := _G[k18 ('Utility_WriteNumberToScribbleMemory' [h=DCF55147,$00A29080])]
      112 08000641     LOADK r8 := k25 ('SkipTo_Chapter' [h=34C20FAD,$00997200])
      113 09000685 GETGLOBAL r9 := _G[k26 ('iChapter' [h=A641C774,$009A7D40])]
      114 0904C20C       ADD r9 := r9 + k14 (TObject(1.0))
      115 07018059      CALL r7 (2 args) => 0 results
      116 01008058      TEST r1 : r1 := r1
      117 00800054       JMP +2 ; 120
      118 02010018      TEST not r2 : r2 := r2
      119 00800414       JMP +17 ; 137
      120 070006C5 GETGLOBAL r7 := _G[k27 ('FALSE' [h=0E4B730F,$009A6040])]
      121 08000705 GETGLOBAL r8 := _G[k28 ('Global_GetValue' [h=A320AED9,$009A34A0])]
      122 09000741     LOADK r9 := k29 ('MissionBoundCardKilled' [h=E7911B1B,$009FB1C0])
      123 08010099      CALL r8 (1 args) => 1 results
      124 00044215        EQ r8 != k14 (TObject(1.0))
      125 00800014       JMP +1 ; 127
      126 07000785 GETGLOBAL r7 := _G[k30 ('TRUE' [h=0067B195,$0097E680])]
      127 07038018      TEST not r7 : r7 := r7
      128 008001D4       JMP +8 ; 137
      129 080007C5 GETGLOBAL r8 := _G[k31 ('Utility_WriteMissionData' [h=CF74742C,$00A21400])]
      130 0900004A  NEWTABLE r9 := {} (#a=0, #h=1)
      131 0A000845 GETGLOBAL r10 := _G[k33 ('Utility_ReadMissionData' [h=42A7BBD0,$00A29880])]
      132 0A008099      CALL r10 (0 args) => 1 results
      133 0A054686  GETTABLE r10 := r10[k32 ('fContractFee' [h=05CA2323,$009A0080])]
      134 0A0542CF       DIV r10 := r10 / k17 (TObject(2.0))
      135 098D0289  SETTABLE r10 ->> r9[k32 ('fContractFee' [h=05CA2323,$009A0080])]
      136 08010059      CALL r8 (1 args) => 0 results
      137 04020018      TEST not r4 : r4 := r4
      138 00800054       JMP +2 ; 141
      139 07000885 GETGLOBAL r7 := _G[k34 ('mission_FinalMissionEnd' [h=E7B1F637,$00A2ACC0])]
      140 07008059      CALL r7 (0 args) => 0 results
      141 01008058      TEST r1 : r1 := r1
      142 00800114       JMP +5 ; 148
      143 02010018      TEST not r2 : r2 := r2
      144 00800754       JMP +30 ; 175
      145 070008C5 GETGLOBAL r7 := _G[k35 ('bVerifySequenceDisplayed' [h=7B7FE126,$00A14680])]
      146 07038058      TEST r7 : r7 := r7
      147 00800694       JMP +27 ; 175
      148 070006C5 GETGLOBAL r7 := _G[k27 ('FALSE' [h=0E4B730F,$009A6040])]
      149 08000705 GETGLOBAL r8 := _G[k28 ('Global_GetValue' [h=A320AED9,$009A34A0])]
      150 09000741     LOADK r9 := k29 ('MissionBoundCardKilled' [h=E7911B1B,$009FB1C0])
      151 08010099      CALL r8 (1 args) => 1 results
      152 00044215        EQ r8 != k14 (TObject(1.0))
      153 00800014       JMP +1 ; 155
      154 07000785 GETGLOBAL r7 := _G[k30 ('TRUE' [h=0067B195,$0097E680])]
      155 08000905 GETGLOBAL r8 := _G[k36 ('mission_DetermineFaceCard' [h=690888D6,$009DAC80])]
      156 09038000      MOVE r9 := r7
      157 08010119      CALL r8 (1 args) => 3 results
      158 0B000945 GETGLOBAL r11 := _G[k37 ('type' [h=0070EF71,$009875A0])]
      159 0C000985 GETGLOBAL r12 := _G[k38 ('sVOPlayedOnComplete' [h=4043EC2E,$00A13400])]
      160 0B010099      CALL r11 (1 args) => 1 results
      161 0105C855        EQ r11 == k39 ('string' [h=81F98B41,$0097FB00])
      162 00800054       JMP +2 ; 165
      163 0B058003   LOADNIL r11 ... r11
      164 0B000987 SETGLOBAL r11 ->> _G[k38 ('sVOPlayedOnComplete' [h=4043EC2E,$00A13400])]
      165 0B000A05 GETGLOBAL r11 := _G[k40 ('Desktop_BeginVerify' [h=B6292127,$00A41F40])]
      166 0C000A41     LOADK r12 := k41 ('mission_MissionComplete3' [h=D7314CBB,$00A3E340])
      167 0D040000      MOVE r13 := r8
      168 0E048000      MOVE r14 := r9
      169 0F050000      MOVE r15 := r10
      170 10000785 GETGLOBAL r16 := _G[k30 ('TRUE' [h=0067B195,$0097E680])]
      171 11000985 GETGLOBAL r17 := _G[k38 ('sVOPlayedOnComplete' [h=4043EC2E,$00A13400])]
      172 12020000      MOVE r18 := r4
      173 0B040059      CALL r11 (7 args) => 0 results
      174 008002D4       JMP +12 ; 187
      175 07000945 GETGLOBAL r7 := _G[k37 ('type' [h=0070EF71,$009875A0])]
      176 08000985 GETGLOBAL r8 := _G[k38 ('sVOPlayedOnComplete' [h=4043EC2E,$00A13400])]
      177 07010099      CALL r7 (1 args) => 1 results
      178 0103C855        EQ r7 == k39 ('string' [h=81F98B41,$0097FB00])
      179 00800054       JMP +2 ; 182
      180 07038003   LOADNIL r7 ... r7
      181 07000987 SETGLOBAL r7 ->> _G[k38 ('sVOPlayedOnComplete' [h=4043EC2E,$00A13400])]
      182 07000A85 GETGLOBAL r7 := _G[k42 ('Desktop_BeginWinSequence' [h=71C223ED,$009F9380])]
      183 08000A41     LOADK r8 := k41 ('mission_MissionComplete3' [h=D7314CBB,$00A3E340])
      184 09000985 GETGLOBAL r9 := _G[k38 ('sVOPlayedOnComplete' [h=4043EC2E,$00A13400])]
      185 0A020000      MOVE r10 := r4
      186 07020059      CALL r7 (3 args) => 0 results
      187 0000801B    RETURN
  [Node$01A2F460] 'Actor_SetVerifiable' [h=281DE4A8,$009FA2C0]: cfunction$002AA6C0 'Actor_SetVerifiable' [h=281DE4A8,$009FA2C0]
  [Node$01A2F474] 'ClearLZ' [h=B63A9CA9,$00976C40]: function$009FBBC0[5] 'ClearLZ' [h=B63A9CA9,$00976C40]
    CONST$00C83540 k0  'Debug' [h=129D1272,$009C2A20]
    CONST$00C83548 k1  'ClearLZ: .... ' [h=A5CAF88A,$00992B20]
    CONST$00C83550 k2  'tostring' [h=787EB105,$009A9A40]
    CONST$00C83558 k3  'table_DeleteElement' [h=E16A3552,$00A02380]
    CONST$00C83560 k4  'tLZ' [h=0002FDBF,$00989E60]
    CONST$00C83568 k5  'ClearLZ: removed ' [h=D59C4675,$009CE380]
    CONST$00C83570 k6  ' ' [h=00000041,$0097FF20]
    CONST$00C83578 k7  ' copy from tActor.tLZ' [h=69EA4134,$009CD000]
    CONST$00C83580 k8  'ClearLZ: tActor.tLZ ' [h=5BD27DF0,$00A20900]
    CONST$00C83588 k9  'table' [h=10F2114B,$0098D780]
    CONST$00C83590 k10 'getn' [h=0083B006,$0097DBC0]
    CONST$00C83598 k11 TObject(0.0)
    CONST$00C835A0 k12 'UpdateObjMsgPrintOK' [h=EE21F08E,$009D1400]
    CONST$00C835A8 k13 'Event_CancelEvent' [h=D8960070,$009D8C00]
    CONST$00C835B0 k14 'util_ObjMsgPrint' [h=C078DF61,$00A23780]
    CONST$00C835B8 k15 'sMsg' [h=00831EED,$0099FF40]
    CONST$00C835C0 k16 'Utility_GetStringById' [h=F7067A6C,$009EF080]
    CONST$00C835C8 k17 'sw.allies4.objSecondary01Short' [h=F157C877,$009E5480]
    CONST$00C835D0 k18 'sType' [h=10E81B1C,$00984800]
    CONST$00C835D8 k19 'BON_OBJ_CMPL' [h=3B2323EC,$00990E20]
    CONST$00C835E0 k20 'vIdx' [h=008511D1,$00978A00]
    CONST$00C835E8 k21 TObject(1.0)
    CONST$00C835F0 k22 'ClearLZ: Objective Complete!' [h=7A4ED2B9,$009FF100]
    CONST$00C835F8 k23 'BlipLZForces' [h=570FD2D0,$0098CDE0]
    CONST$00C83600 k24 'Audio_PlayVoiceover' [h=EE2AB1DE,$00A40EC0]
    CONST$00C83608 k25 'fio.' [h=005ABE5E,$0098E9C0]
    CONST$00C83610 k26 'TechClearLZ' [h=5BC934E9,$009C0EE0]
    CONST$00C83618 k27 'CallIn' [h=7A5F9961,$00998BC0]
    CONST$00C83620 k28 'ClearLZ_CreateAlliedSupport' [h=984DD8D1,$00A25700]
    CONST$00C83628 k29 TObject(8.0)
    CONST$00C83630 k30 'ClearLZ: nClearLZCounter = ' [h=2DACB0B0,$00A03300]
    CONST$00C83638 k31 'ClearLZ: updating' [h=72588097,$00A37C40]
    CONST$00C83640 k32 'ClearLZ_UpdateObjMsgPrint' [h=480C4D66,$00A3D700]
    CONST$00C83648 k33 'ClearLZ: DONE' [h=4D1FBA11,$009C0A60]
     CODE$00CEAB00
      000 03000005 GETGLOBAL r3 := _G[k0 ('Debug' [h=129D1272,$009C2A20])]
      001 04000041     LOADK r4 := k1 ('ClearLZ: .... ' [h=A5CAF88A,$00992B20])
      002 05000085 GETGLOBAL r5 := _G[k2 ('tostring' [h=787EB105,$009A9A40])]
      003 06000000      MOVE r6 := r0
      004 05010099      CALL r5 (1 args) => 1 results
      005 04020153    CONCAT r4 := r4 ... r5
      006 03010059      CALL r3 (1 args) => 0 results
      007 030000C5 GETGLOBAL r3 := _G[k3 ('table_DeleteElement' [h=E16A3552,$00A02380])]
      008 04000004  GETUPVAL r4 := u0
      009 04023F86  GETTABLE r4 := r4[k4 ('tLZ' [h=0002FDBF,$00989E60])]
      010 05000000      MOVE r5 := r0
      011 03018099      CALL r3 (2 args) => 1 results
      012 04000005 GETGLOBAL r4 := _G[k0 ('Debug' [h=129D1272,$009C2A20])]
      013 05000141     LOADK r5 := k5 ('ClearLZ: removed ' [h=D59C4675,$009CE380])
      014 06000085 GETGLOBAL r6 := _G[k2 ('tostring' [h=787EB105,$009A9A40])]
      015 07018000      MOVE r7 := r3
      016 06010099      CALL r6 (1 args) => 1 results
      017 07000181     LOADK r7 := k6 (' ' [h=00000041,$0097FF20])
      018 08000085 GETGLOBAL r8 := _G[k2 ('tostring' [h=787EB105,$009A9A40])]
      019 09000000      MOVE r9 := r0
      020 08010099      CALL r8 (1 args) => 1 results
      021 090001C1     LOADK r9 := k7 (' copy from tActor.tLZ' [h=69EA4134,$009CD000])
      022 05028253    CONCAT r5 := r5 ... r9
      023 04010059      CALL r4 (1 args) => 0 results
      024 04000004  GETUPVAL r4 := u0
      025 04023F86  GETTABLE r4 := r4[k4 ('tLZ' [h=0002FDBF,$00989E60])]
      026 05038003   LOADNIL r5 ... r7
      027 0480029E  TFORPREP WIP
      028 08000005 GETGLOBAL r8 := _G[k0 ('Debug' [h=129D1272,$009C2A20])]
      029 09000201     LOADK r9 := k8 ('ClearLZ: tActor.tLZ ' [h=5BD27DF0,$00A20900])
      030 0A000085 GETGLOBAL r10 := _G[k2 ('tostring' [h=787EB105,$009A9A40])]
      031 0B030000      MOVE r11 := r6
      032 0A010099      CALL r10 (1 args) => 1 results
      033 0B000181     LOADK r11 := k6 (' ' [h=00000041,$0097FF20])
      034 0C000085 GETGLOBAL r12 := _G[k2 ('tostring' [h=787EB105,$009A9A40])]
      035 0D038000      MOVE r13 := r7
      036 0C010099      CALL r12 (1 args) => 1 results
      037 09048313    CONCAT r9 := r9 ... r12
      038 08010059      CALL r8 (1 args) => 0 results
      039 0400005D  TFORLOOP WIP
      040 007FFC94       JMP -13 ; 28
      041 04008002  LOADBOOL r4 := True
      042 01008115        EQ r1 == r4
      043 00800194       JMP +7 ; 51
      044 04000245 GETGLOBAL r4 := _G[k9 ('table' [h=10F2114B,$0098D780])]
      045 04024106  GETTABLE r4 := r4[k10 ('getn' [h=0083B006,$0097DBC0])]
      046 05000004  GETUPVAL r5 := u0
      047 0502BF86  GETTABLE r5 := r5[k4 ('tLZ' [h=0002FDBF,$00989E60])]
      048 04010099      CALL r4 (1 args) => 1 results
      049 00024155        EQ r4 != k11 (TObject(0.0))
      050 00800914       JMP +37 ; 88
      051 04008004  GETUPVAL r4 := u1
      052 05000345 GETGLOBAL r5 := _G[k13 ('Event_CancelEvent' [h=D8960070,$009D8C00])]
      053 06008004  GETUPVAL r6 := u1
      054 06034186  GETTABLE r6 := r6[k12 ('UpdateObjMsgPrintOK' [h=EE21F08E,$009D1400])]
      055 05010099      CALL r5 (1 args) => 1 results
      056 04830149  SETTABLE r5 ->> r4[k12 ('UpdateObjMsgPrintOK' [h=EE21F08E,$009D1400])]
      057 04000385 GETGLOBAL r4 := _G[k14 ('util_ObjMsgPrint' [h=C078DF61,$00A23780])]
      058 0500008A  NEWTABLE r5 := {} (#a=0, #h=2)
      059 06000405 GETGLOBAL r6 := _G[k16 ('Utility_GetStringById' [h=F7067A6C,$009EF080])]
      060 07000441     LOADK r7 := k17 ('sw.allies4.objSecondary01Short' [h=F157C877,$009E5480])
      061 06010099      CALL r6 (1 args) => 1 results
      062 05848189  SETTABLE r6 ->> r5[k15 ('sMsg' [h=00831EED,$0099FF40])]
      063 05864349  SETTABLE k19 ('BON_OBJ_CMPL' [h=3B2323EC,$00990E20]) ->> r5[k18 ('sType' [h=10E81B1C,$00984800])]
      064 058743C9  SETTABLE k21 (TObject(1.0)) ->> r5[k20 ('vIdx' [h=008511D1,$00978A00])]
      065 04010059      CALL r4 (1 args) => 0 results
      066 04000005 GETGLOBAL r4 := _G[k0 ('Debug' [h=129D1272,$009C2A20])]
      067 05000581     LOADK r5 := k22 ('ClearLZ: Objective Complete!' [h=7A4ED2B9,$009FF100])
      068 04010059      CALL r4 (1 args) => 0 results
      069 04008004  GETUPVAL r4 := u1
      070 05000345 GETGLOBAL r5 := _G[k13 ('Event_CancelEvent' [h=D8960070,$009D8C00])]
      071 06008004  GETUPVAL r6 := u1
      072 06034446  GETTABLE r6 := r6[k23 ('BlipLZForces' [h=570FD2D0,$0098CDE0])]
      073 05010099      CALL r5 (1 args) => 1 results
      074 04888149  SETTABLE r5 ->> r4[k23 ('BlipLZForces' [h=570FD2D0,$0098CDE0])]
      075 04000605 GETGLOBAL r4 := _G[k24 ('Audio_PlayVoiceover' [h=EE2AB1DE,$00A40EC0])]
      076 05000641     LOADK r5 := k25 ('fio.' [h=005ABE5E,$0098E9C0])
      077 06010004  GETUPVAL r6 := u2
      078 06034506  GETTABLE r6 := r6[k26 ('TechClearLZ' [h=5BC934E9,$009C0EE0])]
      079 05028193    CONCAT r5 := r5 ... r6
      080 04010059      CALL r4 (1 args) => 0 results
      081 04008002  LOADBOOL r4 := True
      082 04018008  SETUPVAL r4 ->> UV[3]
      083 040006C5 GETGLOBAL r4 := _G[k27 ('CallIn' [h=7A5F9961,$00998BC0])]
      084 05000701     LOADK r5 := k28 ('ClearLZ_CreateAlliedSupport' [h=984DD8D1,$00A25700])
      085 06000741     LOADK r6 := k29 (TObject(8.0))
      086 04018059      CALL r4 (2 args) => 0 results
      087 00800394       JMP +15 ; 103
      088 04020004  GETUPVAL r4 := u4
      089 040243CC       ADD r4 := r4 + k21 (TObject(1.0))
      090 04020008  SETUPVAL r4 ->> UV[4]
      091 04000005 GETGLOBAL r4 := _G[k0 ('Debug' [h=129D1272,$009C2A20])]
      092 05000781     LOADK r5 := k30 ('ClearLZ: nClearLZCounter = ' [h=2DACB0B0,$00A03300])
      093 06000085 GETGLOBAL r6 := _G[k2 ('tostring' [h=787EB105,$009A9A40])]
      094 07020004  GETUPVAL r7 := u4
      095 06010099      CALL r6 (1 args) => 1 results
      096 05028193    CONCAT r5 := r5 ... r6
      097 04010059      CALL r4 (1 args) => 0 results
      098 04000005 GETGLOBAL r4 := _G[k0 ('Debug' [h=129D1272,$009C2A20])]
      099 050007C1     LOADK r5 := k31 ('ClearLZ: updating' [h=72588097,$00A37C40])
      100 04010059      CALL r4 (1 args) => 0 results
      101 04000805 GETGLOBAL r4 := _G[k32 ('ClearLZ_UpdateObjMsgPrint' [h=480C4D66,$00A3D700])]
      102 04008059      CALL r4 (0 args) => 0 results
      103 04000005 GETGLOBAL r4 := _G[k0 ('Debug' [h=129D1272,$009C2A20])]
      104 05000841     LOADK r5 := k33 ('ClearLZ: DONE' [h=4D1FBA11,$009C0A60])
      105 04010059      CALL r4 (1 args) => 0 results
      106 0000801B    RETURN
  [Node$01A2F49C] 'Audio_StopSound' [h=750D18AB,$009948A0]: cfunction$002B8258 'Audio_StopSound' [h=750D18AB,$009948A0]
  [Node$01A2F4B0] 'Utility_SetCurrentMissionData' [h=CC8FF4AC,$009EF9C0]: cfunction$002C61E8 'Utility_SetCurrentMissionData' [h=CC8FF4AC,$009EF9C0]
  [Node$01A2F4C4] 'Utility_StringFormat' [h=886808AD,$00A16940]: cfunction$002CAD80 'Utility_StringFormat' [h=886808AD,$00A16940]
  [Node$01A2F500] 'Actor_GetPrimaryEquipedItem' [h=CA8D08B0,$009E3E40]: cfunction$002A9E08 'Actor_GetPrimaryEquipedItem' [h=CA8D08B0,$009E3E40]
  [Node$01A2F514] 'Renderer_SetMotionBlur' [h=FA0888B1,$009CEB00]: cfunction$002C92C0 'Renderer_SetMotionBlur' [h=FA0888B1,$009CEB00]
  [Node$01A2F528] 'Event_PlayerEquipsNamedItem' [h=B712A8B2,$00A00E80]: cfunction$002BDFA8 'Event_PlayerEquipsNamedItem' [h=B712A8B2,$00A00E80]
  [Node$01A2F564] 'mission_ClearAllMessages' [h=121C58B5,$009D6BC0]: function$009C02C0 'mission_ClearAllMessages' [h=121C58B5,$009D6BC0]
    CONST$00ABCDC0 k0  'function_Call' [h=35CC729B,$009C86C0]
    CONST$00ABCDC8 k1  'Radio_FlushQueue' [h=32D5B7B4,$00A007C0]
    CONST$00ABCDD0 k2  'Ui_MessageBoxClear' [h=4C1CADC6,$00A0F380]
    CONST$00ABCDD8 k3  'Audio_StopAllVoiceover' [h=DC10F851,$00A18880]
    CONST$00ABCDE0 k4  'Ui_TutorialTrayPrint' [h=A427467F,$009E6F40]
    CONST$00ABCDE8 k5  '' [h=00000000,$009A40A0]
    CONST$00ABCDF0 k6  'Ui_ObjectiveTrayPrint' [h=7213E182,$009E1A40]
    CONST$00ABCDF8 k7  TObject(1.0)
    CONST$00ABCE00 k8  TObject(2.0)
    CONST$00ABCE08 k9  TObject(3.0)
     CODE$00A6AC40
      000 00000005 GETGLOBAL r0 := _G[k0 ('function_Call' [h=35CC729B,$009C86C0])]
      001 01000045 GETGLOBAL r1 := _G[k1 ('Radio_FlushQueue' [h=32D5B7B4,$00A007C0])]
      002 00010059      CALL r0 (1 args) => 0 results
      003 00000085 GETGLOBAL r0 := _G[k2 ('Ui_MessageBoxClear' [h=4C1CADC6,$00A0F380])]
      004 00008059      CALL r0 (0 args) => 0 results
      005 000000C5 GETGLOBAL r0 := _G[k3 ('Audio_StopAllVoiceover' [h=DC10F851,$00A18880])]
      006 00008059      CALL r0 (0 args) => 0 results
      007 00000105 GETGLOBAL r0 := _G[k4 ('Ui_TutorialTrayPrint' [h=A427467F,$009E6F40])]
      008 01000141     LOADK r1 := k5 ('' [h=00000000,$009A40A0])
      009 00010059      CALL r0 (1 args) => 0 results
      010 00000185 GETGLOBAL r0 := _G[k6 ('Ui_ObjectiveTrayPrint' [h=7213E182,$009E1A40])]
      011 010001C1     LOADK r1 := k7 (TObject(1.0))
      012 02000141     LOADK r2 := k5 ('' [h=00000000,$009A40A0])
      013 00018059      CALL r0 (2 args) => 0 results
      014 00000185 GETGLOBAL r0 := _G[k6 ('Ui_ObjectiveTrayPrint' [h=7213E182,$009E1A40])]
      015 01000201     LOADK r1 := k8 (TObject(2.0))
      016 02000141     LOADK r2 := k5 ('' [h=00000000,$009A40A0])
      017 00018059      CALL r0 (2 args) => 0 results
      018 00000185 GETGLOBAL r0 := _G[k6 ('Ui_ObjectiveTrayPrint' [h=7213E182,$009E1A40])]
      019 01000241     LOADK r1 := k9 (TObject(3.0))
      020 02000141     LOADK r2 := k5 ('' [h=00000000,$009A40A0])
      021 00018059      CALL r0 (2 args) => 0 results
      022 0000801B    RETURN
  [Node$01A2F578] 'Challenge_WriteStatFloat' [h=F41E88B6,$009F85C0]: cfunction$002CA3F0 'Challenge_WriteStatFloat' [h=F41E88B6,$009F85C0]
  [Node$01A2F5C8] 'Utility_SetDamageTableValue' [h=823278BA,$00A04200]: cfunction$002C4FE8 'Utility_SetDamageTableValue' [h=823278BA,$00A04200]
  [Node$01A2F5DC] 'mission_MissionComplete3' [h=D7314CBB,$00A3E340]: function$009A9D80 'mission_MissionComplete3' [h=D7314CBB,$00A3E340]
    CONST$00C90D80 k0  'util_PrintDebugMsg' [h=A2961C17,$00A25100]
    CONST$00C90D88 k1  '[mission.lua] mission_MissionComplete3\n' [h=028F6C1F,$009F04C0]
    CONST$00C90D90 k2  'post_MissionComplete' [h=ED42EE7D,$009D8640]
    CONST$00C90D98 k3  'mission_MissionCleanup' [h=5D2498FC,$009DA440]
    CONST$00C90DA0 k4  'util_IsFinalMission' [h=DF10E46E,$009ED6C0]
    CONST$00C90DA8 k5  'sQuadrant' [h=4B410EBA,$0099BEC0]
    CONST$00C90DB0 k6  'sFaction' [h=7C9C46C0,$009785C0]
    CONST$00C90DB8 k7  'iMission' [h=7DD21FF8,$0098A720]
    CONST$00C90DC0 k8  'bDeathSequencePending' [h=792029EF,$009F5180]
    CONST$00C90DC8 k9  'Mission_PlayerRespawn' [h=4F618654,$00A085C0]
    CONST$00C90DD0 k10 'mission_AwardContractFee' [h=760F6BB9,$00A2C380]
    CONST$00C90DD8 k11 'iMissionMoodReward' [h=83BADE11,$009FA280]
    CONST$00C90DE0 k12 'Faction_ModifyRelation' [h=D1BD6A18,$009FF9C0]
    CONST$00C90DE8 k13 'HERO_FACTION' [h=A108AB67,$0098E6C0]
    CONST$00C90DF0 k14 '[mission.lua] mission_MissionComplete: awarding faction ' [h=DE4B32D0,$00A729C0]
    CONST$00C90DF8 k15 ' with +' [h=95D7972E,$0098B180]
    CONST$00C90E00 k16 ' mood\n' [h=CB34961F,$009C37C0]
    CONST$00C90E08 k17 'util_IsAceMission' [h=3411A219,$009F2FC0]
    CONST$00C90E10 k18 'gameflow_RemoveCardIntelEmailsForChapter' [h=6614ACBA,$009E8800]
    CONST$00C90E18 k19 'iChapter' [h=A641C774,$009A7D40]
    CONST$00C90E20 k20 'tCardInfo' [h=0CCDA885,$00983300]
    CONST$00C90E28 k21 'GetCardInfoFromMissionId' [h=DFBCF9AF,$00A20CC0]
    CONST$00C90E30 k22 'sMissionAssetID' [h=73C52FDD,$0098E9A0]
    CONST$00C90E38 k23 'sSuit' [h=12D9BE81,$00995EC0]
    CONST$00C90E40 k24 'iRank' [h=104A61AA,$0098BEA0]
    CONST$00C90E48 k25 'sInfoMailId' [h=45A7DBEE,$00976F20]
    CONST$00C90E50 k26 'gameflow_GetCardScribbleMemoryVariableName' [h=22BDD88D,$00A13240]
    CONST$00C90E58 k27 'Utility_ReadStringFromScribbleMemory' [h=5455F3B9,$00A0C940]
    CONST$00C90E60 k28 'info' [h=0080869A,$009AB460]
    CONST$00C90E68 k29 'Utility_WriteStringToScribbleMemory' [h=5E8C6272,$00A3A080]
    CONST$00C90E70 k30 'newinfo' [h=6C9AFA8E,$00992D80]
    CONST$00C90E78 k31 'Mail_Post' [h=CC9FDE1E,$0098B3A0]
    CONST$00C90E80 k32 'Ui_MessageBoxPrint' [h=CF59BB03,$009D4DC0]
    CONST$00C90E88 k33 '[interface.intelemailreceived.msg]' [h=BEF91096,$009FB840]
    CONST$00C90E90 k34 'mission_SpecialPostMissionActions' [h=77CB88B0,$009F9000]
    CONST$00C90E98 k35 'Utility_SavePlayerData' [h=808E8486,$009FA0C0]
    CONST$00C90EA0 k36 'JustCompletedStandardMission' [h=6BAB4850,$00A1DA00]
     CODE$00CEE300
      000 00000005 GETGLOBAL r0 := _G[k0 ('util_PrintDebugMsg' [h=A2961C17,$00A25100])]
      001 01000041     LOADK r1 := k1 ('[mission.lua] mission_MissionComplete3\n' [h=028F6C1F,$009F04C0])
      002 00010059      CALL r0 (1 args) => 0 results
      003 00000085 GETGLOBAL r0 := _G[k2 ('post_MissionComplete' [h=ED42EE7D,$009D8640])]
      004 00000018      TEST not r0 : r0 := r0
      005 00800054       JMP +2 ; 8
      006 00000085 GETGLOBAL r0 := _G[k2 ('post_MissionComplete' [h=ED42EE7D,$009D8640])]
      007 00008059      CALL r0 (0 args) => 0 results
      008 000000C5 GETGLOBAL r0 := _G[k3 ('mission_MissionCleanup' [h=5D2498FC,$009DA440])]
      009 00008059      CALL r0 (0 args) => 0 results
      010 00000105 GETGLOBAL r0 := _G[k4 ('util_IsFinalMission' [h=DF10E46E,$009ED6C0])]
      011 01000145 GETGLOBAL r1 := _G[k5 ('sQuadrant' [h=4B410EBA,$0099BEC0])]
      012 02000185 GETGLOBAL r2 := _G[k6 ('sFaction' [h=7C9C46C0,$009785C0])]
      013 030001C5 GETGLOBAL r3 := _G[k7 ('iMission' [h=7DD21FF8,$0098A720])]
      014 00020099      CALL r0 (3 args) => 1 results
      015 00000058      TEST r0 : r0 := r0
      016 00801614       JMP +89 ; 106
      017 00000205 GETGLOBAL r0 := _G[k8 ('bDeathSequencePending' [h=792029EF,$009F5180])]
      018 00000018      TEST not r0 : r0 := r0
      019 00800054       JMP +2 ; 22
      020 00000245 GETGLOBAL r0 := _G[k9 ('Mission_PlayerRespawn' [h=4F618654,$00A085C0])]
      021 00008059      CALL r0 (0 args) => 0 results
      022 00000285 GETGLOBAL r0 := _G[k10 ('mission_AwardContractFee' [h=760F6BB9,$00A2C380])]
      023 00008059      CALL r0 (0 args) => 0 results
      024 000002C5 GETGLOBAL r0 := _G[k11 ('iMissionMoodReward' [h=83BADE11,$009FA280])]
      025 00000018      TEST not r0 : r0 := r0
      026 00800314       JMP +13 ; 40
      027 00000305 GETGLOBAL r0 := _G[k12 ('Faction_ModifyRelation' [h=D1BD6A18,$009FF9C0])]
      028 01000185 GETGLOBAL r1 := _G[k6 ('sFaction' [h=7C9C46C0,$009785C0])]
      029 02000345 GETGLOBAL r2 := _G[k13 ('HERO_FACTION' [h=A108AB67,$0098E6C0])]
      030 030002C5 GETGLOBAL r3 := _G[k11 ('iMissionMoodReward' [h=83BADE11,$009FA280])]
      031 00020059      CALL r0 (3 args) => 0 results
      032 00000005 GETGLOBAL r0 := _G[k0 ('util_PrintDebugMsg' [h=A2961C17,$00A25100])]
      033 01000381     LOADK r1 := k14 ('[mission.lua] mission_MissionComplete: awarding faction ' [h=DE4B32D0,$00A729C0])
      034 02000185 GETGLOBAL r2 := _G[k6 ('sFaction' [h=7C9C46C0,$009785C0])]
      035 030003C1     LOADK r3 := k15 (' with +' [h=95D7972E,$0098B180])
      036 040002C5 GETGLOBAL r4 := _G[k11 ('iMissionMoodReward' [h=83BADE11,$009FA280])]
      037 05000401     LOADK r5 := k16 (' mood\n' [h=CB34961F,$009C37C0])
      038 01008153    CONCAT r1 := r1 ... r5
      039 00010059      CALL r0 (1 args) => 0 results
      040 00000445 GETGLOBAL r0 := _G[k17 ('util_IsAceMission' [h=3411A219,$009F2FC0])]
      041 01000145 GETGLOBAL r1 := _G[k5 ('sQuadrant' [h=4B410EBA,$0099BEC0])]
      042 02000185 GETGLOBAL r2 := _G[k6 ('sFaction' [h=7C9C46C0,$009785C0])]
      043 030001C5 GETGLOBAL r3 := _G[k7 ('iMission' [h=7DD21FF8,$0098A720])]
      044 00020099      CALL r0 (3 args) => 1 results
      045 00000018      TEST not r0 : r0 := r0
      046 008000D4       JMP +4 ; 51
      047 00000485 GETGLOBAL r0 := _G[k18 ('gameflow_RemoveCardIntelEmailsForChapter' [h=6614ACBA,$009E8800])]
      048 010004C5 GETGLOBAL r1 := _G[k19 ('iChapter' [h=A641C774,$009A7D40])]
      049 00010059      CALL r0 (1 args) => 0 results
      050 00800B94       JMP +47 ; 98
      051 00000545 GETGLOBAL r0 := _G[k21 ('GetCardInfoFromMissionId' [h=DFBCF9AF,$00A20CC0])]
      052 01000585 GETGLOBAL r1 := _G[k22 ('sMissionAssetID' [h=73C52FDD,$0098E9A0])]
      053 00010099      CALL r0 (1 args) => 1 results
      054 00000507 SETGLOBAL r0 ->> _G[k20 ('tCardInfo' [h=0CCDA885,$00983300])]
      055 00000505 GETGLOBAL r0 := _G[k20 ('tCardInfo' [h=0CCDA885,$00983300])]
      056 00000018      TEST not r0 : r0 := r0
      057 008009D4       JMP +40 ; 98
      058 00000505 GETGLOBAL r0 := _G[k20 ('tCardInfo' [h=0CCDA885,$00983300])]
      059 00004446  GETTABLE r0 := r0[k23 ('sSuit' [h=12D9BE81,$00995EC0])]
      060 00000018      TEST not r0 : r0 := r0
      061 008008D4       JMP +36 ; 98
      062 00000505 GETGLOBAL r0 := _G[k20 ('tCardInfo' [h=0CCDA885,$00983300])]
      063 00004486  GETTABLE r0 := r0[k24 ('iRank' [h=104A61AA,$0098BEA0])]
      064 00000018      TEST not r0 : r0 := r0
      065 008007D4       JMP +32 ; 98
      066 00000505 GETGLOBAL r0 := _G[k20 ('tCardInfo' [h=0CCDA885,$00983300])]
      067 000044C6  GETTABLE r0 := r0[k25 ('sInfoMailId' [h=45A7DBEE,$00976F20])]
      068 00000018      TEST not r0 : r0 := r0
      069 008006D4       JMP +28 ; 98
      070 00000685 GETGLOBAL r0 := _G[k26 ('gameflow_GetCardScribbleMemoryVariableName' [h=22BDD88D,$00A13240])]
      071 01000505 GETGLOBAL r1 := _G[k20 ('tCardInfo' [h=0CCDA885,$00983300])]
      072 0100C446  GETTABLE r1 := r1[k23 ('sSuit' [h=12D9BE81,$00995EC0])]
      073 02000505 GETGLOBAL r2 := _G[k20 ('tCardInfo' [h=0CCDA885,$00983300])]
      074 02014486  GETTABLE r2 := r2[k24 ('iRank' [h=104A61AA,$0098BEA0])]
      075 00018099      CALL r0 (2 args) => 1 results
      076 010006C5 GETGLOBAL r1 := _G[k27 ('Utility_ReadStringFromScribbleMemory' [h=5455F3B9,$00A0C940])]
      077 02000000      MOVE r2 := r0
      078 01010099      CALL r1 (1 args) => 1 results
      079 01008058      TEST r1 : r1 := r1
      080 00800414       JMP +17 ; 98
      081 02000505 GETGLOBAL r2 := _G[k20 ('tCardInfo' [h=0CCDA885,$00983300])]
      082 02014446  GETTABLE r2 := r2[k23 ('sSuit' [h=12D9BE81,$00995EC0])]
      083 03000505 GETGLOBAL r3 := _G[k20 ('tCardInfo' [h=0CCDA885,$00983300])]
      084 0301C486  GETTABLE r3 := r3[k24 ('iRank' [h=104A61AA,$0098BEA0])]
      085 04000701     LOADK r4 := k28 ('info' [h=0080869A,$009AB460])
      086 02010113    CONCAT r2 := r2 ... r4
      087 03000745 GETGLOBAL r3 := _G[k29 ('Utility_WriteStringToScribbleMemory' [h=5E8C6272,$00A3A080])]
      088 04010000      MOVE r4 := r2
      089 05000781     LOADK r5 := k30 ('newinfo' [h=6C9AFA8E,$00992D80])
      090 03018059      CALL r3 (2 args) => 0 results
      091 030007C5 GETGLOBAL r3 := _G[k31 ('Mail_Post' [h=CC9FDE1E,$0098B3A0])]
      092 04000505 GETGLOBAL r4 := _G[k20 ('tCardInfo' [h=0CCDA885,$00983300])]
      093 040244C6  GETTABLE r4 := r4[k25 ('sInfoMailId' [h=45A7DBEE,$00976F20])]
      094 03010059      CALL r3 (1 args) => 0 results
      095 03000805 GETGLOBAL r3 := _G[k32 ('Ui_MessageBoxPrint' [h=CF59BB03,$009D4DC0])]
      096 04000841     LOADK r4 := k33 ('[interface.intelemailreceived.msg]' [h=BEF91096,$009FB840])
      097 03010059      CALL r3 (1 args) => 0 results
      098 00000885 GETGLOBAL r0 := _G[k34 ('mission_SpecialPostMissionActions' [h=77CB88B0,$009F9000])]
      099 00008059      CALL r0 (0 args) => 0 results
      100 000008C5 GETGLOBAL r0 := _G[k35 ('Utility_SavePlayerData' [h=808E8486,$009FA0C0])]
      101 00008059      CALL r0 (0 args) => 0 results
      102 00000745 GETGLOBAL r0 := _G[k29 ('Utility_WriteStringToScribbleMemory' [h=5E8C6272,$00A3A080])]
      103 01000901     LOADK r1 := k36 ('JustCompletedStandardMission' [h=6BAB4850,$00A1DA00])
      104 02000585 GETGLOBAL r2 := _G[k22 ('sMissionAssetID' [h=73C52FDD,$0098E9A0])]
      105 00018059      CALL r0 (2 args) => 0 results
      106 0000801B    RETURN
  [Node$01A2F5F0] 'Event_ActorHitPointsLessThan' [h=A14D40BC,$009E1F00]: cfunction$002B9478 'Event_ActorHitPointsLessThan' [h=A14D40BC,$009E1F00]
  [Node$01A2F604] 'Utility_SetSporeAllowHibernation' [h=F43F80BD,$009E2900]: cfunction$002F80B0 'Utility_SetSporeAllowHibernation' [h=F43F80BD,$009E2900]
  [Node$01A2F62C] 'jeff_displayCopterHelp2' [h=964090BF,$00A092C0]: function$009A94C0 'jeff_displayCopterHelp2' [h=964090BF,$00A092C0]
    CONST$0098F980 k0  'Utility_MessageBox' [h=E0C5D484,$009E5400]
    CONST$0098F988 k1  'Utility_GetStringById' [h=F7067A6C,$009EF080]
    CONST$0098F990 k2  'tutorial.Helicopter01.Title' [h=F10B6E87,$009DD640]
    CONST$0098F998 k3  'tutorial.Helicopter01.Body' [h=5E15B9B9,$009DC240]
     CODE$009E9BC0
      000 00000005 GETGLOBAL r0 := _G[k0 ('Utility_MessageBox' [h=E0C5D484,$009E5400])]
      001 01000045 GETGLOBAL r1 := _G[k1 ('Utility_GetStringById' [h=F7067A6C,$009EF080])]
      002 02000081     LOADK r2 := k2 ('tutorial.Helicopter01.Title' [h=F10B6E87,$009DD640])
      003 01010099      CALL r1 (1 args) => 1 results
      004 02000045 GETGLOBAL r2 := _G[k1 ('Utility_GetStringById' [h=F7067A6C,$009EF080])]
      005 030000C1     LOADK r3 := k3 ('tutorial.Helicopter01.Body' [h=5E15B9B9,$009DC240])
      006 02010099      CALL r2 (1 args) => 1 results
      007 03008002  LOADBOOL r3 := True
      008 00020059      CALL r0 (3 args) => 0 results
      009 0000801B    RETURN
  [Node$01A2F654] 'gameflow_EvaluateMissionStateCondition' [h=AC2DE8C1,$00A0C8C0]: function$0097C300 'gameflow_EvaluateMissionStateCondition' [h=AC2DE8C1,$00A0C8C0]
    CONST$009DBDC0 k0  'gameflow_IsNegationCondition' [h=77078C6B,$009E2D80]
    CONST$009DBDC8 k1  'util_PrintDebugMsg' [h=A2961C17,$00A25100]
    CONST$009DBDD0 k2  '[gameflow.lua] gameflow_EvaluateMissionStateCondition: ' [h=12FBA6FD,$00A871C0]
    CONST$009DBDD8 k3  'NOT ' [h=0057622A,$009C01E0]
    CONST$009DBDE0 k4  'is the mission state active? ' [h=B8577C38,$009FCE00]
    CONST$009DBDE8 k5  'is the mission state inactive? ' [h=3FC2AC99,$009D2940]
    CONST$009DBDF0 k6  'tostring' [h=787EB105,$009A9A40]
    CONST$009DBDF8 k7  '\n' [h=0000002B,$009AB680]
     CODE$00BE9FC0
      000 02000002  LOADBOOL r2 := False
      001 03000005 GETGLOBAL r3 := _G[k0 ('gameflow_IsNegationCondition' [h=77078C6B,$009E2D80])]
      002 04008000      MOVE r4 := r1
      003 030100D9      CALL r3 (1 args) => 2 results
      004 05000045 GETGLOBAL r5 := _G[k1 ('util_PrintDebugMsg' [h=A2961C17,$00A25100])]
      005 06000081     LOADK r6 := k2 ('[gameflow.lua] gameflow_EvaluateMissionStateCondition: ' [h=12FBA6FD,$00A871C0])
      006 05010059      CALL r5 (1 args) => 0 results
      007 03018018      TEST not r3 : r3 := r3
      008 00800094       JMP +3 ; 12
      009 05000045 GETGLOBAL r5 := _G[k1 ('util_PrintDebugMsg' [h=A2961C17,$00A25100])]
      010 060000C1     LOADK r6 := k3 ('NOT ' [h=0057622A,$009C01E0])
      011 05010059      CALL r5 (1 args) => 0 results
      012 04020018      TEST not r4 : r4 := r4
      013 008000D4       JMP +4 ; 18
      014 05000045 GETGLOBAL r5 := _G[k1 ('util_PrintDebugMsg' [h=A2961C17,$00A25100])]
      015 06000101     LOADK r6 := k4 ('is the mission state active? ' [h=B8577C38,$009FCE00])
      016 05010059      CALL r5 (1 args) => 0 results
      017 00800094       JMP +3 ; 21
      018 05000045 GETGLOBAL r5 := _G[k1 ('util_PrintDebugMsg' [h=A2961C17,$00A25100])]
      019 06000141     LOADK r6 := k5 ('is the mission state inactive? ' [h=3FC2AC99,$009D2940])
      020 05010059      CALL r5 (1 args) => 0 results
      021 04020018      TEST not r4 : r4 := r4
      022 00800054       JMP +2 ; 25
      023 00000058      TEST r0 : r0 := r0
      024 008000D4       JMP +4 ; 29
      025 04020058      TEST r4 : r4 := r4
      026 00800094       JMP +3 ; 30
      027 00000058      TEST r0 : r0 := r0
      028 00800014       JMP +1 ; 30
      029 02008002  LOADBOOL r2 := True
      030 03018018      TEST not r3 : r3 := r3
      031 00800014       JMP +1 ; 33
      032 02010012       NOT r2 := not r2
      033 05000045 GETGLOBAL r5 := _G[k1 ('util_PrintDebugMsg' [h=A2961C17,$00A25100])]
      034 06000185 GETGLOBAL r6 := _G[k6 ('tostring' [h=787EB105,$009A9A40])]
      035 07010000      MOVE r7 := r2
      036 06010099      CALL r6 (1 args) => 1 results
      037 070001C1     LOADK r7 := k7 ('\n' [h=0000002B,$009AB680])
      038 060301D3    CONCAT r6 := r6 ... r7
      039 05010059      CALL r5 (1 args) => 0 results
      040 0201001B    RETURN r2 ... r2
      041 0000801B    RETURN
  [Node$01A2F668] 'Desktop_BeginDeathSequence' [h=2EA9F0C2,$009D32C0]: cfunction$002C7BB0 'Desktop_BeginDeathSequence' [h=2EA9F0C2,$009D32C0]
  [Node$01A2F67C] 'Utility_ResetToShell' [h=C6B528C3,$009D63C0]: cfunction$002C4850 'Utility_ResetToShell' [h=C6B528C3,$009D63C0]
  [Node$01A2F690] 'Briefing_GetSceneActor' [h=4B0E00C4,$009E9F80]: cfunction$002C7318 'Briefing_GetSceneActor' [h=4B0E00C4,$009E9F80]
  [Node$01A2F6B8] '_VERSION' [h=781DACC6,$00999E20]: 'Lua 5.0.1' [h=34F29B12,$009A1380]
  [Node$01A2F6CC] 'Event_OdfToActorProximity' [h=5357D0C7,$009CF640]: cfunction$002BD6A8 'Event_OdfToActorProximity' [h=5357D0C7,$009CF640]
  [Node$01A2F6E0] 'Location_GetPosition' [h=A933ECC8,$009F8880]: cfunction$002C97A0 'Location_GetPosition' [h=A933ECC8,$009F8880]
  [Node$01A2F708] 'Utility_GetPointWithinSporeRadius' [h=14591CCA,$009E5140]: cfunction$002C3C48 'Utility_GetPointWithinSporeRadius' [h=14591CCA,$009E5140]
  [Node$01A2F730] 'SetupOdfDestroyedObjective' [h=AF1CF4CC,$00A012C0]: function$0097DF80 'SetupOdfDestroyedObjective' [h=AF1CF4CC,$00A012C0]
    CONST$009A2080 k0  'Event_OdfHitPointsLessThan' [h=4DDA8046,$009FB200]
    CONST$009A2088 k1  'OdfDestroyed' [h=8B0D2AF2,$009C5B20]
    CONST$009A2090 k2  'b' [h=00000083,$00983380]
    CONST$009A2098 k3  TObject(1.0)
     CODE$00988700
      000 01000005 GETGLOBAL r1 := _G[k0 ('Event_OdfHitPointsLessThan' [h=4DDA8046,$009FB200])]
      001 02000041     LOADK r2 := k1 ('OdfDestroyed' [h=8B0D2AF2,$009C5B20])
      002 03000081     LOADK r3 := k2 ('b' [h=00000083,$00983380])
      003 04000000      MOVE r4 := r0
      004 050000C1     LOADK r5 := k3 (TObject(1.0))
      005 0102801A  TAILCALL r1 (4 args)
      006 0100001B    RETURN r1 ... top
      007 0000801B    RETURN
  [Node$01A2F744] 'Effect_SetCloudFlightEffect' [h=05B2E0CD,$00A3E2C0]: cfunction$002A5168 'Effect_SetCloudFlightEffect' [h=05B2E0CD,$00A3E2C0]
  [Node$01A2F76C] 'Debug_Printf' [h=445430CF,$009A1C40]: cfunction$002F70B8 'Debug_Printf' [h=445430CF,$009A1C40]
  [Node$01A2F794] 'ClearLZ_CreateAlliedSupport' [h=984DD8D1,$00A25700]: function$00A15FC0[3] 'ClearLZ_CreateAlliedSupport' [h=984DD8D1,$00A25700]
    CONST$00D1EEC0 k0  'Debug' [h=129D1272,$009C2A20]
    CONST$00D1EEC8 k1  'ClearLZ_CreateAlliedSupport: ....' [h=F685382F,$009F6D00]
    CONST$00D1EED0 k2  'Actor_GetPosition' [h=F7E6F403,$009E29C0]
    CONST$00D1EED8 k3  'HERO' [h=0077AA50,$00988480]
    CONST$00D1EEE0 k4  'bSuccess' [h=0C9AEBFB,$009A5840]
    CONST$00D1EEE8 k5  'x' [h=00000099,$0098E3E0]
    CONST$00D1EEF0 k6  'y' [h=00000098,$0099F120]
    CONST$00D1EEF8 k7  'z' [h=0000009B,$009A8AA0]
    CONST$00D1EF00 k8  'yaw' [h=0003646B,$009C3FC0]
    CONST$00D1EF08 k9  'Utility_GetDistantSpawnPointOnPath' [h=E320C02E,$00A06380]
    CONST$00D1EF10 k10 'Calvary1' [h=9A99E937,$009A8400]
    CONST$00D1EF18 k11 TObject(200.0)
    CONST$00D1EF20 k12 'ClearLZ: spawn point = ' [h=394F9E02,$009E8540]
    CONST$00D1EF28 k13 'tostring' [h=787EB105,$009A9A40]
    CONST$00D1EF30 k14 ', ' [h=00000CE6,$009A70C0]
    CONST$00D1EF38 k15 'ClearLZ: player close enough' [h=E64038C8,$00A0E6C0]
    CONST$00D1EF40 k16 'Spawn_VehicleWithRiders' [h=AF0A4ED4,$009DE800]
    CONST$00D1EF48 k17 'tVehicle' [h=DF637256,$009C5780]
    CONST$00D1EF50 k18 'sTemplate' [h=71335A82,$0099F8A0]
    CONST$00D1EF58 k19 'tTemplate' [h=71335A83,$00990B60]
    CONST$00D1EF60 k20 'tLZ' [h=0002FDBF,$00989E60]
    CONST$00D1EF68 k21 'Blackhawk' [h=6E45F1B7,$009A3E20]
    CONST$00D1EF70 k22 'sName' [h=10ED9F0D,$0097E600]
    CONST$00D1EF78 k23 'AlliedBlackhawk' [h=861242BD,$009C4AC0]
    CONST$00D1EF80 k24 'spawnLocation' [h=8D916716,$0097CB60]
    CONST$00D1EF88 k25 'tRiders' [h=9A4B48D9,$009A22A0]
    CONST$00D1EF90 k26 'Pilot' [h=11BA387F,$00998A20]
    CONST$00D1EF98 k27 'sEncounter' [h=4CD961D9,$009BF980]
    CONST$00D1EFA0 k28 'LZAllied' [h=AF73C59E,$009C7600]
    CONST$00D1EFA8 k29 'sSquad' [h=7089B391,$0098C100]
    CONST$00D1EFB0 k30 'Soldiers' [h=529FD0D6,$00984E00]
    CONST$00D1EFB8 k31 'AlliedPilot1' [h=F9F32237,$009AC1C0]
    CONST$00D1EFC0 k32 'Soldier1' [h=9B13659D,$00989940]
    CONST$00D1EFC8 k33 'AlliedSoldier1' [h=0212B730,$009C4D40]
    CONST$00D1EFD0 k34 'AlliedSoldier2' [h=7FB6DE24,$00975AE0]
    CONST$00D1EFD8 k35 'Officer' [h=9A81EC1F,$009A6D60]
    CONST$00D1EFE0 k36 'officer' [h=9A81EC7F,$00986C40]
    CONST$00D1EFE8 k37 'AlliedOfficerInCharge' [h=D2C19A41,$009D0040]
    CONST$00D1EFF0 k38 'AlliedSoldier3' [h=3032A919,$00980500]
    CONST$00D1EFF8 k39 'Heavy1' [h=0B67B37A,$00993E40]
    CONST$00D1F000 k40 'AlliedSoldier4' [h=8D285EDC,$009A8C20]
    CONST$00D1F008 k41 'Heavy2' [h=FA8DFE5C,$009A3F80]
    CONST$00D1F010 k42 'AlliedSoldier5' [h=36D64BE1,$009892A0]
    CONST$00D1F018 k43 'ClearLZ: clear ai queue' [h=D0F1D4C2,$00A2BAC0]
    CONST$00D1F020 k44 'Ai_CommandClearAll' [h=CDA0E905,$009F9C00]
    CONST$00D1F028 k45 'ClearLZ: command to move along path' [h=8DEB2434,$00A1F200]
    CONST$00D1F030 k46 'Ai_CommandQueue' [h=C194E249,$00991FA0]
    CONST$00D1F038 k47 'PathMove' [h=F35F139F,$0098C0A0]
    CONST$00D1F040 k48 TObject(3.0)
    CONST$00D1F048 k49 'oneway' [h=853BBB56,$0098C860]
    CONST$00D1F050 k50 'closestnode' [h=DC40F320,$009925A0]
    CONST$00D1F058 k51 'hiPri' [h=11C2D9E2,$00977D00]
    CONST$00D1F060 k52 'ClearLZ: command to touchdown' [h=72427DE6,$00A414C0]
    CONST$00D1F068 k53 'Land' [h=0071626A,$00990580]
    CONST$00D1F070 k54 'touchdown' [h=35B22E15,$009886C0]
    CONST$00D1F078 k55 'tLocation' [h=1B661449,$0098DE00]
    CONST$00D1F080 k56 'LZLand' [h=556827A9,$0098F100]
    CONST$00D1F088 k57 'orient' [h=92140050,$00992DA0]
    CONST$00D1F090 k58 'EjectSoldiers' [h=1BBA2F51,$0098D720]
    CONST$00D1F098 k59 'Event_AiCommandStatus' [h=A9E3357D,$009D1D80]
    CONST$00D1F0A0 k60 'b' [h=00000083,$00983380]
    CONST$00D1F0A8 k61 'ClearLZ: player to far away.  just spawn everything in on the ground' [h=5DC489AC,$00ABB4C0]
    CONST$00D1F0B0 k62 'ClearLZ_CreateAlliedSupport: DONE' [h=AC6F861C,$009D47C0]
     CODE$014C2100
      000 01000005 GETGLOBAL r1 := _G[k0 ('Debug' [h=129D1272,$009C2A20])]
      001 02000041     LOADK r2 := k1 ('ClearLZ_CreateAlliedSupport: ....' [h=F685382F,$009F6D00])
      002 01010059      CALL r1 (1 args) => 0 results
      003 01000085 GETGLOBAL r1 := _G[k2 ('Actor_GetPosition' [h=F7E6F403,$009E29C0])]
      004 020000C5 GETGLOBAL r2 := _G[k3 ('HERO' [h=0077AA50,$00988480])]
      005 01010119      CALL r1 (1 args) => 3 results
      006 0400000A  NEWTABLE r4 := {} (#a=0, #h=0)
      007 05000245 GETGLOBAL r5 := _G[k9 ('Utility_GetDistantSpawnPointOnPath' [h=E320C02E,$00A06380])]
      008 06000004  GETUPVAL r6 := u0
      009 06034106  GETTABLE r6 := r6[k10 ('Calvary1' [h=9A99E937,$009A8400])]
      010 07008000      MOVE r7 := r1
      011 08010000      MOVE r8 := r2
      012 09018000      MOVE r9 := r3
      013 0A0002C1     LOADK r10 := k11 (TObject(200.0))
      014 05030199      CALL r5 (5 args) => 5 results
      015 04810249  SETTABLE r9 ->> r4[k8 ('yaw' [h=0003646B,$009C3FC0])]
      016 04808209  SETTABLE r8 ->> r4[k7 ('z' [h=0000009B,$009A8AA0])]
      017 048001C9  SETTABLE r7 ->> r4[k6 ('y' [h=00000098,$0099F120])]
      018 047F8189  SETTABLE r6 ->> r4[k5 ('x' [h=00000099,$0098E3E0])]
      019 047F0149  SETTABLE r5 ->> r4[k4 ('bSuccess' [h=0C9AEBFB,$009A5840])]
      020 05000005 GETGLOBAL r5 := _G[k0 ('Debug' [h=129D1272,$009C2A20])]
      021 06000301     LOADK r6 := k12 ('ClearLZ: spawn point = ' [h=394F9E02,$009E8540])
      022 07000345 GETGLOBAL r7 := _G[k13 ('tostring' [h=787EB105,$009A9A40])]
      023 08023F86  GETTABLE r8 := r4[k4 ('bSuccess' [h=0C9AEBFB,$009A5840])]
      024 07010099      CALL r7 (1 args) => 1 results
      025 08000381     LOADK r8 := k14 (', ' [h=00000CE6,$009A70C0])
      026 09000345 GETGLOBAL r9 := _G[k13 ('tostring' [h=787EB105,$009A9A40])]
      027 0A023FC6  GETTABLE r10 := r4[k5 ('x' [h=00000099,$0098E3E0])]
      028 09010099      CALL r9 (1 args) => 1 results
      029 0A000381     LOADK r10 := k14 (', ' [h=00000CE6,$009A70C0])
      030 0B000345 GETGLOBAL r11 := _G[k13 ('tostring' [h=787EB105,$009A9A40])]
      031 0C024006  GETTABLE r12 := r4[k6 ('y' [h=00000098,$0099F120])]
      032 0B010099      CALL r11 (1 args) => 1 results
      033 0C000381     LOADK r12 := k14 (', ' [h=00000CE6,$009A70C0])
      034 0D000345 GETGLOBAL r13 := _G[k13 ('tostring' [h=787EB105,$009A9A40])]
      035 0E024046  GETTABLE r14 := r4[k7 ('z' [h=0000009B,$009A8AA0])]
      036 0D010099      CALL r13 (1 args) => 1 results
      037 0E000381     LOADK r14 := k14 (', ' [h=00000CE6,$009A70C0])
      038 0F000345 GETGLOBAL r15 := _G[k13 ('tostring' [h=787EB105,$009A9A40])]
      039 10024086  GETTABLE r16 := r4[k8 ('yaw' [h=0003646B,$009C3FC0])]
      040 0F010099      CALL r15 (1 args) => 1 results
      041 060303D3    CONCAT r6 := r6 ... r15
      042 05010059      CALL r5 (1 args) => 0 results
      043 05023F86  GETTABLE r5 := r4[k4 ('bSuccess' [h=0C9AEBFB,$009A5840])]
      044 05028018      TEST not r5 : r5 := r5
      045 008020D4       JMP +132 ; 178
      046 05000005 GETGLOBAL r5 := _G[k0 ('Debug' [h=129D1272,$009C2A20])]
      047 060003C1     LOADK r6 := k15 ('ClearLZ: player close enough' [h=E64038C8,$00A0E6C0])
      048 05010059      CALL r5 (1 args) => 0 results
      049 05000405 GETGLOBAL r5 := _G[k16 ('Spawn_VehicleWithRiders' [h=AF0A4ED4,$009DE800])]
      050 0600008A  NEWTABLE r6 := {} (#a=0, #h=2)
      051 0700008A  NEWTABLE r7 := {} (#a=0, #h=2)
      052 08008004  GETUPVAL r8 := u1
      053 08044346  GETTABLE r8 := r8[k19 ('tTemplate' [h=71335A83,$00990B60])]
      054 08044386  GETTABLE r8 := r8[k20 ('tLZ' [h=0002FDBF,$00989E60])]
      055 080443C6  GETTABLE r8 := r8[k21 ('Blackhawk' [h=6E45F1B7,$009A3E20])]
      056 07860209  SETTABLE r8 ->> r7[k18 ('sTemplate' [h=71335A82,$0099F8A0])]
      057 07884449  SETTABLE k23 ('AlliedBlackhawk' [h=861242BD,$009C4AC0]) ->> r7[k22 ('sName' [h=10ED9F0D,$0097E600])]
      058 080000CA  NEWTABLE r8 := {} (#a=0, #h=3)
      059 09023FC6  GETTABLE r9 := r4[k5 ('x' [h=00000099,$0098E3E0])]
      060 087F8249  SETTABLE r9 ->> r8[k5 ('x' [h=00000099,$0098E3E0])]
      061 09024006  GETTABLE r9 := r4[k6 ('y' [h=00000098,$0099F120])]
      062 08800249  SETTABLE r9 ->> r8[k6 ('y' [h=00000098,$0099F120])]
      063 09024046  GETTABLE r9 := r4[k7 ('z' [h=0000009B,$009A8AA0])]
      064 08808249  SETTABLE r9 ->> r8[k7 ('z' [h=0000009B,$009A8AA0])]
      065 09024086  GETTABLE r9 := r4[k8 ('yaw' [h=0003646B,$009C3FC0])]
      066 08810249  SETTABLE r9 ->> r8[k8 ('yaw' [h=0003646B,$009C3FC0])]
      067 07890209  SETTABLE r8 ->> r7[k24 ('spawnLocation' [h=8D916716,$0097CB60])]
      068 068581C9  SETTABLE r7 ->> r6[k17 ('tVehicle' [h=DF637256,$009C5780])]
      069 0703800A  NEWTABLE r7 := {} (#a=7, #h=0)
      070 080000CA  NEWTABLE r8 := {} (#a=0, #h=3)
      071 09008004  GETUPVAL r9 := u1
      072 0904C346  GETTABLE r9 := r9[k19 ('tTemplate' [h=71335A83,$00990B60])]
      073 0904C386  GETTABLE r9 := r9[k20 ('tLZ' [h=0002FDBF,$00989E60])]
      074 0904C506  GETTABLE r9 := r9[k26 ('Pilot' [h=11BA387F,$00998A20])]
      075 08860249  SETTABLE r9 ->> r8[k18 ('sTemplate' [h=71335A82,$0099F8A0])]
      076 088AC589  SETTABLE k28 ('LZAllied' [h=AF73C59E,$009C7600]) ->> r8[k27 ('sEncounter' [h=4CD961D9,$009BF980])]
      077 088BC609  SETTABLE k30 ('Soldiers' [h=529FD0D6,$00984E00]) ->> r8[k29 ('sSquad' [h=7089B391,$0098C100])]
      078 08884649  SETTABLE k31 ('AlliedPilot1' [h=F9F32237,$009AC1C0]) ->> r8[k22 ('sName' [h=10ED9F0D,$0097E600])]
      079 090000CA  NEWTABLE r9 := {} (#a=0, #h=3)
      080 0A008004  GETUPVAL r10 := u1
      081 0A054346  GETTABLE r10 := r10[k19 ('tTemplate' [h=71335A83,$00990B60])]
      082 0A054386  GETTABLE r10 := r10[k20 ('tLZ' [h=0002FDBF,$00989E60])]
      083 0A054686  GETTABLE r10 := r10[k32 ('Soldier1' [h=9B13659D,$00989940])]
      084 09860289  SETTABLE r10 ->> r9[k18 ('sTemplate' [h=71335A82,$0099F8A0])]
      085 098AC589  SETTABLE k28 ('LZAllied' [h=AF73C59E,$009C7600]) ->> r9[k27 ('sEncounter' [h=4CD961D9,$009BF980])]
      086 098BC609  SETTABLE k30 ('Soldiers' [h=529FD0D6,$00984E00]) ->> r9[k29 ('sSquad' [h=7089B391,$0098C100])]
      087 098846C9  SETTABLE k33 ('AlliedSoldier1' [h=0212B730,$009C4D40]) ->> r9[k22 ('sName' [h=10ED9F0D,$0097E600])]
      088 0A0000CA  NEWTABLE r10 := {} (#a=0, #h=3)
      089 0B008004  GETUPVAL r11 := u1
      090 0B05C346  GETTABLE r11 := r11[k19 ('tTemplate' [h=71335A83,$00990B60])]
      091 0B05C386  GETTABLE r11 := r11[k20 ('tLZ' [h=0002FDBF,$00989E60])]
      092 0B05C686  GETTABLE r11 := r11[k32 ('Soldier1' [h=9B13659D,$00989940])]
      093 0A8602C9  SETTABLE r11 ->> r10[k18 ('sTemplate' [h=71335A82,$0099F8A0])]
      094 0A8AC589  SETTABLE k28 ('LZAllied' [h=AF73C59E,$009C7600]) ->> r10[k27 ('sEncounter' [h=4CD961D9,$009BF980])]
      095 0A8BC609  SETTABLE k30 ('Soldiers' [h=529FD0D6,$00984E00]) ->> r10[k29 ('sSquad' [h=7089B391,$0098C100])]
      096 0A884709  SETTABLE k34 ('AlliedSoldier2' [h=7FB6DE24,$00975AE0]) ->> r10[k22 ('sName' [h=10ED9F0D,$0097E600])]
      097 0B0000CA  NEWTABLE r11 := {} (#a=0, #h=3)
      098 0C008004  GETUPVAL r12 := u1
      099 0C064346  GETTABLE r12 := r12[k19 ('tTemplate' [h=71335A83,$00990B60])]
      100 0C064386  GETTABLE r12 := r12[k20 ('tLZ' [h=0002FDBF,$00989E60])]
      101 0C064746  GETTABLE r12 := r12[k35 ('Officer' [h=9A81EC1F,$009A6D60])]
      102 0B860309  SETTABLE r12 ->> r11[k18 ('sTemplate' [h=71335A82,$0099F8A0])]
      103 0B8AC589  SETTABLE k28 ('LZAllied' [h=AF73C59E,$009C7600]) ->> r11[k27 ('sEncounter' [h=4CD961D9,$009BF980])]
      104 0B8BC789  SETTABLE k36 ('officer' [h=9A81EC7F,$00986C40]) ->> r11[k29 ('sSquad' [h=7089B391,$0098C100])]
      105 0B8847C9  SETTABLE k37 ('AlliedOfficerInCharge' [h=D2C19A41,$009D0040]) ->> r11[k22 ('sName' [h=10ED9F0D,$0097E600])]
      106 0C0000CA  NEWTABLE r12 := {} (#a=0, #h=3)
      107 0D008004  GETUPVAL r13 := u1
      108 0D06C346  GETTABLE r13 := r13[k19 ('tTemplate' [h=71335A83,$00990B60])]
      109 0D06C386  GETTABLE r13 := r13[k20 ('tLZ' [h=0002FDBF,$00989E60])]
      110 0D06C686  GETTABLE r13 := r13[k32 ('Soldier1' [h=9B13659D,$00989940])]
      111 0C860349  SETTABLE r13 ->> r12[k18 ('sTemplate' [h=71335A82,$0099F8A0])]
      112 0C8AC589  SETTABLE k28 ('LZAllied' [h=AF73C59E,$009C7600]) ->> r12[k27 ('sEncounter' [h=4CD961D9,$009BF980])]
      113 0C8BC609  SETTABLE k30 ('Soldiers' [h=529FD0D6,$00984E00]) ->> r12[k29 ('sSquad' [h=7089B391,$0098C100])]
      114 0C884809  SETTABLE k38 ('AlliedSoldier3' [h=3032A919,$00980500]) ->> r12[k22 ('sName' [h=10ED9F0D,$0097E600])]
      115 0D0000CA  NEWTABLE r13 := {} (#a=0, #h=3)
      116 0E008004  GETUPVAL r14 := u1
      117 0E074346  GETTABLE r14 := r14[k19 ('tTemplate' [h=71335A83,$00990B60])]
      118 0E074386  GETTABLE r14 := r14[k20 ('tLZ' [h=0002FDBF,$00989E60])]
      119 0E074846  GETTABLE r14 := r14[k39 ('Heavy1' [h=0B67B37A,$00993E40])]
      120 0D860389  SETTABLE r14 ->> r13[k18 ('sTemplate' [h=71335A82,$0099F8A0])]
      121 0D8AC589  SETTABLE k28 ('LZAllied' [h=AF73C59E,$009C7600]) ->> r13[k27 ('sEncounter' [h=4CD961D9,$009BF980])]
      122 0D8BC609  SETTABLE k30 ('Soldiers' [h=529FD0D6,$00984E00]) ->> r13[k29 ('sSquad' [h=7089B391,$0098C100])]
      123 0D884889  SETTABLE k40 ('AlliedSoldier4' [h=8D285EDC,$009A8C20]) ->> r13[k22 ('sName' [h=10ED9F0D,$0097E600])]
      124 0E0000CA  NEWTABLE r14 := {} (#a=0, #h=3)
      125 0F008004  GETUPVAL r15 := u1
      126 0F07C346  GETTABLE r15 := r15[k19 ('tTemplate' [h=71335A83,$00990B60])]
      127 0F07C386  GETTABLE r15 := r15[k20 ('tLZ' [h=0002FDBF,$00989E60])]
      128 0F07C8C6  GETTABLE r15 := r15[k41 ('Heavy2' [h=FA8DFE5C,$009A3F80])]
      129 0E8603C9  SETTABLE r15 ->> r14[k18 ('sTemplate' [h=71335A82,$0099F8A0])]
      130 0E8AC589  SETTABLE k28 ('LZAllied' [h=AF73C59E,$009C7600]) ->> r14[k27 ('sEncounter' [h=4CD961D9,$009BF980])]
      131 0E8BC609  SETTABLE k30 ('Soldiers' [h=529FD0D6,$00984E00]) ->> r14[k29 ('sSquad' [h=7089B391,$0098C100])]
      132 0E884909  SETTABLE k42 ('AlliedSoldier5' [h=36D64BE1,$009892A0]) ->> r14[k22 ('sName' [h=10ED9F0D,$0097E600])]
      133 0700019F   SETLIST r7 [6]
      134 068981C9  SETTABLE r7 ->> r6[k25 ('tRiders' [h=9A4B48D9,$009A22A0])]
      135 05010059      CALL r5 (1 args) => 0 results
      136 05000005 GETGLOBAL r5 := _G[k0 ('Debug' [h=129D1272,$009C2A20])]
      137 06000AC1     LOADK r6 := k43 ('ClearLZ: clear ai queue' [h=D0F1D4C2,$00A2BAC0])
      138 05010059      CALL r5 (1 args) => 0 results
      139 05000B05 GETGLOBAL r5 := _G[k44 ('Ai_CommandClearAll' [h=CDA0E905,$009F9C00])]
      140 060005C1     LOADK r6 := k23 ('AlliedBlackhawk' [h=861242BD,$009C4AC0])
      141 05010059      CALL r5 (1 args) => 0 results
      142 05000005 GETGLOBAL r5 := _G[k0 ('Debug' [h=129D1272,$009C2A20])]
      143 06000B41     LOADK r6 := k45 ('ClearLZ: command to move along path' [h=8DEB2434,$00A1F200])
      144 05010059      CALL r5 (1 args) => 0 results
      145 05000B85 GETGLOBAL r5 := _G[k46 ('Ai_CommandQueue' [h=C194E249,$00991FA0])]
      146 060005C1     LOADK r6 := k23 ('AlliedBlackhawk' [h=861242BD,$009C4AC0])
      147 07000BC1     LOADK r7 := k47 ('PathMove' [h=F35F139F,$0098C0A0])
      148 08000004  GETUPVAL r8 := u0
      149 08044106  GETTABLE r8 := r8[k10 ('Calvary1' [h=9A99E937,$009A8400])]
      150 09000C01     LOADK r9 := k48 (TObject(3.0))
      151 0A000C41     LOADK r10 := k49 ('oneway' [h=853BBB56,$0098C860])
      152 0B000C81     LOADK r11 := k50 ('closestnode' [h=DC40F320,$009925A0])
      153 0C000CC1     LOADK r12 := k51 ('hiPri' [h=11C2D9E2,$00977D00])
      154 05040059      CALL r5 (7 args) => 0 results
      155 05000005 GETGLOBAL r5 := _G[k0 ('Debug' [h=129D1272,$009C2A20])]
      156 06000D01     LOADK r6 := k52 ('ClearLZ: command to touchdown' [h=72427DE6,$00A414C0])
      157 05010059      CALL r5 (1 args) => 0 results
      158 05000B85 GETGLOBAL r5 := _G[k46 ('Ai_CommandQueue' [h=C194E249,$00991FA0])]
      159 060005C1     LOADK r6 := k23 ('AlliedBlackhawk' [h=861242BD,$009C4AC0])
      160 07000D41     LOADK r7 := k53 ('Land' [h=0071626A,$00990580])
      161 08000D81     LOADK r8 := k54 ('touchdown' [h=35B22E15,$009886C0])
      162 09008004  GETUPVAL r9 := u1
      163 0904CC46  GETTABLE r9 := r9[k55 ('tLocation' [h=1B661449,$0098DE00])]
      164 0904CC86  GETTABLE r9 := r9[k56 ('LZLand' [h=556827A9,$0098F100])]
      165 0A000E41     LOADK r10 := k57 ('orient' [h=92140050,$00992DA0])
      166 0B000CC1     LOADK r11 := k51 ('hiPri' [h=11C2D9E2,$00977D00])
      167 05038099      CALL r5 (6 args) => 1 results
      168 06010004  GETUPVAL r6 := u2
      169 07000EC5 GETGLOBAL r7 := _G[k59 ('Event_AiCommandStatus' [h=A9E3357D,$009D1D80])]
      170 08000E81     LOADK r8 := k58 ('EjectSoldiers' [h=1BBA2F51,$0098D720])
      171 09000F01     LOADK r9 := k60 ('b' [h=00000083,$00983380])
      172 0A0005C1     LOADK r10 := k23 ('AlliedBlackhawk' [h=861242BD,$009C4AC0])
      173 0B028000      MOVE r11 := r5
      174 0C000C01     LOADK r12 := k48 (TObject(3.0))
      175 07030099      CALL r7 (5 args) => 1 results
      176 069A01C9  SETTABLE r7 ->> r6[k58 ('EjectSoldiers' [h=1BBA2F51,$0098D720])]
      177 00800094       JMP +3 ; 181
      178 05000005 GETGLOBAL r5 := _G[k0 ('Debug' [h=129D1272,$009C2A20])]
      179 06000F41     LOADK r6 := k61 ('ClearLZ: player to far away.  just spawn everything in on the ground' [h=5DC489AC,$00ABB4C0])
      180 05010059      CALL r5 (1 args) => 0 results
      181 05000005 GETGLOBAL r5 := _G[k0 ('Debug' [h=129D1272,$009C2A20])]
      182 06000F81     LOADK r6 := k62 ('ClearLZ_CreateAlliedSupport: DONE' [h=AC6F861C,$009D47C0])
      183 05010059      CALL r5 (1 args) => 0 results
      184 0000801B    RETURN
  [Node$01A2F7A8] 'Effect_CeilingDust' [h=F0CB78D2,$009DBFC0]: cfunction$002A4A68 'Effect_CeilingDust' [h=F0CB78D2,$009DBFC0]
  [Node$01A2F7BC] 'next' [h=007898D3,$0099A060]: cfunction$003B87A8 'next' [h=007898D3,$0099A060]
  [Node$01A2F7D0] 'Audio_AddStreamPreloadRegion' [h=03E2D4D4,$00A0E000]: cfunction$002B8790 'Audio_AddStreamPreloadRegion' [h=03E2D4D4,$00A0E000]
  [Node$01A2F7F8] 'mission_DetermineFaceCard' [h=690888D6,$009DAC80]: function$0098A0A0 'mission_DetermineFaceCard' [h=690888D6,$009DAC80]
    CONST$00C14A40 k0  TObject(11.0)
    CONST$00C14A48 k1  TObject(12.0)
    CONST$00C14A50 k2  TObject(13.0)
    CONST$00C14A58 k3  TObject(14.0)
    CONST$00C14A60 k4  'iChapter' [h=A641C774,$009A7D40]
    CONST$00C14A68 k5  TObject(0.0)
    CONST$00C14A70 k6  'clubs' [h=12E946D0,$009AA340]
    CONST$00C14A78 k7  'sFaction' [h=7C9C46C0,$009785C0]
    CONST$00C14A80 k8  'allies' [h=B57F1C27,$009BF7E0]
    CONST$00C14A88 k9  'ALLIES' [h=731FC3D4,$0098E5A0]
    CONST$00C14A90 k10 TObject(2.0)
    CONST$00C14A98 k11 TObject(1.0)
    CONST$00C14AA0 k12 'china' [h=1129D14E,$009AB280]
    CONST$00C14AA8 k13 'CHINA' [h=0EBB98C2,$0098AA60]
    CONST$00C14AB0 k14 'mafia' [h=11226556,$009A69E0]
    CONST$00C14AB8 k15 'MAFIA' [h=0EA8038A,$009ABE80]
    CONST$00C14AC0 k16 'sk' [h=00001514,$00983C60]
    CONST$00C14AC8 k17 'SK' [h=0000111C,$009C5B80]
    CONST$00C14AD0 k18 'diamonds' [h=9540B759,$00982B80]
    CONST$00C14AD8 k19 TObject(3.0)
    CONST$00C14AE0 k20 'hearts' [h=7B78F22A,$00976520]
    CONST$00C14AE8 k21 TObject(4.0)
    CONST$00C14AF0 k22 'spades' [h=B57ECFE8,$0098FA40]
    CONST$00C14AF8 k23 'stateKilled' [h=0D0073F8,$00979A80]
    CONST$00C14B00 k24 'stateCaptured' [h=8495A2AD,$00999220]
    CONST$00C14B08 k25 'util_PrintDebugMsg' [h=A2961C17,$00A25100]
    CONST$00C14B10 k26 '[mission.lua] mission_DetermineFaceCard: ' [h=E5F28ADD,$00A06980]
    CONST$00C14B18 k27 ' of ' [h=00565EBD,$0097C660]
    CONST$00C14B20 k28 ': ' [h=00000CF0,$00993940]
    CONST$00C14B28 k29 '\n' [h=0000002B,$009AB680]
     CODE$00D64F40
      000 01018003   LOADNIL r1 ... r3
      001 04000001     LOADK r4 := k0 (TObject(11.0))
      002 05000041     LOADK r5 := k1 (TObject(12.0))
      003 06000081     LOADK r6 := k2 (TObject(13.0))
      004 070000C1     LOADK r7 := k3 (TObject(14.0))
      005 08000105 GETGLOBAL r8 := _G[k4 ('iChapter' [h=A641C774,$009A7D40])]
      006 00043FD5        EQ r8 != k5 (TObject(0.0))
      007 00800214       JMP +9 ; 17
      008 01000185 GETGLOBAL r1 := _G[k6 ('clubs' [h=12E946D0,$009AA340])]
      009 080001C5 GETGLOBAL r8 := _G[k7 ('sFaction' [h=7C9C46C0,$009785C0])]
      010 01044095        EQ r8 == k8 ('allies' [h=B57F1C27,$009BF7E0])
      011 00800094       JMP +3 ; 15
      012 080001C5 GETGLOBAL r8 := _G[k7 ('sFaction' [h=7C9C46C0,$009785C0])]
      013 000440D5        EQ r8 != k9 ('ALLIES' [h=731FC3D4,$0098E5A0])
      014 00801DD4       JMP +120 ; 135
      015 02000281     LOADK r2 := k10 (TObject(2.0))
      016 00801D54       JMP +118 ; 135
      017 08000105 GETGLOBAL r8 := _G[k4 ('iChapter' [h=A641C774,$009A7D40])]
      018 00044155        EQ r8 != k11 (TObject(1.0))
      019 00800614       JMP +25 ; 45
      020 01000185 GETGLOBAL r1 := _G[k6 ('clubs' [h=12E946D0,$009AA340])]
      021 080001C5 GETGLOBAL r8 := _G[k7 ('sFaction' [h=7C9C46C0,$009785C0])]
      022 01044195        EQ r8 == k12 ('china' [h=1129D14E,$009AB280])
      023 00800094       JMP +3 ; 27
      024 080001C5 GETGLOBAL r8 := _G[k7 ('sFaction' [h=7C9C46C0,$009785C0])]
      025 000441D5        EQ r8 != k13 ('CHINA' [h=0EBB98C2,$0098AA60])
      026 00800054       JMP +2 ; 29
      027 02028000      MOVE r2 := r5
      028 00801894       JMP +99 ; 128
      029 080001C5 GETGLOBAL r8 := _G[k7 ('sFaction' [h=7C9C46C0,$009785C0])]
      030 01044215        EQ r8 == k14 ('mafia' [h=11226556,$009A69E0])
      031 00800094       JMP +3 ; 35
      032 080001C5 GETGLOBAL r8 := _G[k7 ('sFaction' [h=7C9C46C0,$009785C0])]
      033 00044255        EQ r8 != k15 ('MAFIA' [h=0EA8038A,$009ABE80])
      034 00800054       JMP +2 ; 37
      035 02020000      MOVE r2 := r4
      036 00801694       JMP +91 ; 128
      037 080001C5 GETGLOBAL r8 := _G[k7 ('sFaction' [h=7C9C46C0,$009785C0])]
      038 01044295        EQ r8 == k16 ('sk' [h=00001514,$00983C60])
      039 00800094       JMP +3 ; 43
      040 080001C5 GETGLOBAL r8 := _G[k7 ('sFaction' [h=7C9C46C0,$009785C0])]
      041 000442D5        EQ r8 != k17 ('SK' [h=0000111C,$009C5B80])
      042 00801514       JMP +85 ; 128
      043 02030000      MOVE r2 := r6
      044 00801494       JMP +83 ; 128
      045 08000105 GETGLOBAL r8 := _G[k4 ('iChapter' [h=A641C774,$009A7D40])]
      046 00044115        EQ r8 != k10 (TObject(2.0))
      047 00800614       JMP +25 ; 73
      048 01000485 GETGLOBAL r1 := _G[k18 ('diamonds' [h=9540B759,$00982B80])]
      049 080001C5 GETGLOBAL r8 := _G[k7 ('sFaction' [h=7C9C46C0,$009785C0])]
      050 01044195        EQ r8 == k12 ('china' [h=1129D14E,$009AB280])
      051 00800094       JMP +3 ; 55
      052 080001C5 GETGLOBAL r8 := _G[k7 ('sFaction' [h=7C9C46C0,$009785C0])]
      053 000441D5        EQ r8 != k13 ('CHINA' [h=0EBB98C2,$0098AA60])
      054 00800054       JMP +2 ; 57
      055 02030000      MOVE r2 := r6
      056 00801194       JMP +71 ; 128
      057 080001C5 GETGLOBAL r8 := _G[k7 ('sFaction' [h=7C9C46C0,$009785C0])]
      058 01044215        EQ r8 == k14 ('mafia' [h=11226556,$009A69E0])
      059 00800094       JMP +3 ; 63
      060 080001C5 GETGLOBAL r8 := _G[k7 ('sFaction' [h=7C9C46C0,$009785C0])]
      061 00044255        EQ r8 != k15 ('MAFIA' [h=0EA8038A,$009ABE80])
      062 00800054       JMP +2 ; 65
      063 02028000      MOVE r2 := r5
      064 00800F94       JMP +63 ; 128
      065 080001C5 GETGLOBAL r8 := _G[k7 ('sFaction' [h=7C9C46C0,$009785C0])]
      066 01044295        EQ r8 == k16 ('sk' [h=00001514,$00983C60])
      067 00800094       JMP +3 ; 71
      068 080001C5 GETGLOBAL r8 := _G[k7 ('sFaction' [h=7C9C46C0,$009785C0])]
      069 000442D5        EQ r8 != k17 ('SK' [h=0000111C,$009C5B80])
      070 00800E14       JMP +57 ; 128
      071 02020000      MOVE r2 := r4
      072 00800D94       JMP +55 ; 128
      073 08000105 GETGLOBAL r8 := _G[k4 ('iChapter' [h=A641C774,$009A7D40])]
      074 00044355        EQ r8 != k19 (TObject(3.0))
      075 00800614       JMP +25 ; 101
      076 01000505 GETGLOBAL r1 := _G[k20 ('hearts' [h=7B78F22A,$00976520])]
      077 080001C5 GETGLOBAL r8 := _G[k7 ('sFaction' [h=7C9C46C0,$009785C0])]
      078 01044195        EQ r8 == k12 ('china' [h=1129D14E,$009AB280])
      079 00800094       JMP +3 ; 83
      080 080001C5 GETGLOBAL r8 := _G[k7 ('sFaction' [h=7C9C46C0,$009785C0])]
      081 000441D5        EQ r8 != k13 ('CHINA' [h=0EBB98C2,$0098AA60])
      082 00800054       JMP +2 ; 85
      083 02020000      MOVE r2 := r4
      084 00800A94       JMP +43 ; 128
      085 080001C5 GETGLOBAL r8 := _G[k7 ('sFaction' [h=7C9C46C0,$009785C0])]
      086 01044215        EQ r8 == k14 ('mafia' [h=11226556,$009A69E0])
      087 00800094       JMP +3 ; 91
      088 080001C5 GETGLOBAL r8 := _G[k7 ('sFaction' [h=7C9C46C0,$009785C0])]
      089 00044255        EQ r8 != k15 ('MAFIA' [h=0EA8038A,$009ABE80])
      090 00800054       JMP +2 ; 93
      091 02030000      MOVE r2 := r6
      092 00800894       JMP +35 ; 128
      093 080001C5 GETGLOBAL r8 := _G[k7 ('sFaction' [h=7C9C46C0,$009785C0])]
      094 01044295        EQ r8 == k16 ('sk' [h=00001514,$00983C60])
      095 00800094       JMP +3 ; 99
      096 080001C5 GETGLOBAL r8 := _G[k7 ('sFaction' [h=7C9C46C0,$009785C0])]
      097 000442D5        EQ r8 != k17 ('SK' [h=0000111C,$009C5B80])
      098 00800714       JMP +29 ; 128
      099 02028000      MOVE r2 := r5
      100 00800694       JMP +27 ; 128
      101 08000105 GETGLOBAL r8 := _G[k4 ('iChapter' [h=A641C774,$009A7D40])]
      102 000443D5        EQ r8 != k21 (TObject(4.0))
      103 008005D4       JMP +24 ; 128
      104 01000585 GETGLOBAL r1 := _G[k22 ('spades' [h=B57ECFE8,$0098FA40])]
      105 080001C5 GETGLOBAL r8 := _G[k7 ('sFaction' [h=7C9C46C0,$009785C0])]
      106 01044195        EQ r8 == k12 ('china' [h=1129D14E,$009AB280])
      107 00800094       JMP +3 ; 111
      108 080001C5 GETGLOBAL r8 := _G[k7 ('sFaction' [h=7C9C46C0,$009785C0])]
      109 000441D5        EQ r8 != k13 ('CHINA' [h=0EBB98C2,$0098AA60])
      110 00800054       JMP +2 ; 113
      111 02028000      MOVE r2 := r5
      112 00800394       JMP +15 ; 128
      113 080001C5 GETGLOBAL r8 := _G[k7 ('sFaction' [h=7C9C46C0,$009785C0])]
      114 01044215        EQ r8 == k14 ('mafia' [h=11226556,$009A69E0])
      115 00800094       JMP +3 ; 119
      116 080001C5 GETGLOBAL r8 := _G[k7 ('sFaction' [h=7C9C46C0,$009785C0])]
      117 00044255        EQ r8 != k15 ('MAFIA' [h=0EA8038A,$009ABE80])
      118 00800054       JMP +2 ; 121
      119 02020000      MOVE r2 := r4
      120 00800194       JMP +7 ; 128
      121 080001C5 GETGLOBAL r8 := _G[k7 ('sFaction' [h=7C9C46C0,$009785C0])]
      122 01044295        EQ r8 == k16 ('sk' [h=00001514,$00983C60])
      123 00800094       JMP +3 ; 127
      124 080001C5 GETGLOBAL r8 := _G[k7 ('sFaction' [h=7C9C46C0,$009785C0])]
      125 000442D5        EQ r8 != k17 ('SK' [h=0000111C,$009C5B80])
      126 00800014       JMP +1 ; 128
      127 02030000      MOVE r2 := r6
      128 080001C5 GETGLOBAL r8 := _G[k7 ('sFaction' [h=7C9C46C0,$009785C0])]
      129 01044095        EQ r8 == k8 ('allies' [h=B57F1C27,$009BF7E0])
      130 00800094       JMP +3 ; 134
      131 080001C5 GETGLOBAL r8 := _G[k7 ('sFaction' [h=7C9C46C0,$009785C0])]
      132 000440D5        EQ r8 != k9 ('ALLIES' [h=731FC3D4,$0098E5A0])
      133 00800014       JMP +1 ; 135
      134 02038000      MOVE r2 := r7
      135 00000018      TEST not r0 : r0 := r0
      136 00800054       JMP +2 ; 139
      137 030005C5 GETGLOBAL r3 := _G[k23 ('stateKilled' [h=0D0073F8,$00979A80])]
      138 00800014       JMP +1 ; 140
      139 03000605 GETGLOBAL r3 := _G[k24 ('stateCaptured' [h=8495A2AD,$00999220])]
      140 08000645 GETGLOBAL r8 := _G[k25 ('util_PrintDebugMsg' [h=A2961C17,$00A25100])]
      141 09000681     LOADK r9 := k26 ('[mission.lua] mission_DetermineFaceCard: ' [h=E5F28ADD,$00A06980])
      142 0A010000      MOVE r10 := r2
      143 0B0006C1     LOADK r11 := k27 (' of ' [h=00565EBD,$0097C660])
      144 0C008000      MOVE r12 := r1
      145 0D000701     LOADK r13 := k28 (': ' [h=00000CF0,$00993940])
      146 0E018000      MOVE r14 := r3
      147 0F000741     LOADK r15 := k29 ('\n' [h=0000002B,$009AB680])
      148 090483D3    CONCAT r9 := r9 ... r15
      149 08010059      CALL r8 (1 args) => 0 results
      150 08008000      MOVE r8 := r1
      151 09010000      MOVE r9 := r2
      152 0A018000      MOVE r10 := r3
      153 0802001B    RETURN r8 ... r10
      154 0000801B    RETURN
  [Node$01A2F820] 'gameflow_ShouldGameStateApply' [h=46081CD8,$00A0FD80]: function$0099ACE0 'gameflow_ShouldGameStateApply' [h=46081CD8,$00A0FD80]
    CONST$00BEAD40 k0  'Utility_ReadNumberFromScribbleMemory' [h=2BB92038,$009F9D40]
    CONST$00BEAD48 k1  'mission_accepted' [h=77464996,$00A32D40]
    CONST$00BEAD50 k2  'Utility_ReadStringFromScribbleMemory' [h=5455F3B9,$00A0C940]
    CONST$00BEAD58 k3  'current_faction' [h=B9B21A68,$009C4920]
    CONST$00BEAD60 k4  'allies' [h=B57F1C27,$009BF7E0]
    CONST$00BEAD68 k5  'current_allies_mission' [h=CB04149F,$009F2C00]
    CONST$00BEAD70 k6  'china' [h=1129D14E,$009AB280]
    CONST$00BEAD78 k7  'current_china_mission' [h=83A0A4EA,$009FD640]
    CONST$00BEAD80 k8  'mafia' [h=11226556,$009A69E0]
    CONST$00BEAD88 k9  'current_mafia_mission' [h=C3DB5DB9,$00A3F780]
    CONST$00BEAD90 k10 'sk' [h=00001514,$00983C60]
    CONST$00BEAD98 k11 'current_sk_mission' [h=A983358C,$009EE7C0]
    CONST$00BEADA0 k12 'util_PrintDebugMsg' [h=A2961C17,$00A25100]
    CONST$00BEADA8 k13 '\n[gameflow.lua] gameflow_ShouldGameStateApply: evaluating new game state subset...\n' [h=94811E5E,$00B31AC0]
    CONST$00BEADB0 k14 'conditions' [h=B20F7A7D,$0097B460]
    CONST$00BEADB8 k15 'pairs' [h=12CC6B12,$0099D0C0]
    CONST$00BEADC0 k16 'gameflow_EvaluateFactionCondition' [h=1152A024,$00A1F880]
    CONST$00BEADC8 k17 'chapter' [h=9A11FF20,$009C12E0]
    CONST$00BEADD0 k18 'gameflow_EvaluateChapterCondition' [h=E1AA6C11,$009D50C0]
    CONST$00BEADD8 k19 'inMissionState' [h=769AC32E,$00989BE0]
    CONST$00BEADE0 k20 'gameflow_EvaluateMissionStateCondition' [h=AC2DE8C1,$00A0C8C0]
     CODE$00CA1CC0
      000 03000005 GETGLOBAL r3 := _G[k0 ('Utility_ReadNumberFromScribbleMemory' [h=2BB92038,$009F9D40])]
      001 04000041     LOADK r4 := k1 ('mission_accepted' [h=77464996,$00A32D40])
      002 03010099      CALL r3 (1 args) => 1 results
      003 04000085 GETGLOBAL r4 := _G[k2 ('Utility_ReadStringFromScribbleMemory' [h=5455F3B9,$00A0C940])]
      004 050000C1     LOADK r5 := k3 ('current_faction' [h=B9B21A68,$009C4920])
      005 04010099      CALL r4 (1 args) => 1 results
      006 050000CA  NEWTABLE r5 := {} (#a=0, #h=3)
      007 06000005 GETGLOBAL r6 := _G[k0 ('Utility_ReadNumberFromScribbleMemory' [h=2BB92038,$009F9D40])]
      008 07000141     LOADK r7 := k5 ('current_allies_mission' [h=CB04149F,$009F2C00])
      009 06010099      CALL r6 (1 args) => 1 results
      010 057F0189  SETTABLE r6 ->> r5[k4 ('allies' [h=B57F1C27,$009BF7E0])]
      011 06000005 GETGLOBAL r6 := _G[k0 ('Utility_ReadNumberFromScribbleMemory' [h=2BB92038,$009F9D40])]
      012 070001C1     LOADK r7 := k7 ('current_china_mission' [h=83A0A4EA,$009FD640])
      013 06010099      CALL r6 (1 args) => 1 results
      014 05800189  SETTABLE r6 ->> r5[k6 ('china' [h=1129D14E,$009AB280])]
      015 06000005 GETGLOBAL r6 := _G[k0 ('Utility_ReadNumberFromScribbleMemory' [h=2BB92038,$009F9D40])]
      016 07000241     LOADK r7 := k9 ('current_mafia_mission' [h=C3DB5DB9,$00A3F780])
      017 06010099      CALL r6 (1 args) => 1 results
      018 05810189  SETTABLE r6 ->> r5[k8 ('mafia' [h=11226556,$009A69E0])]
      019 06000005 GETGLOBAL r6 := _G[k0 ('Utility_ReadNumberFromScribbleMemory' [h=2BB92038,$009F9D40])]
      020 070002C1     LOADK r7 := k11 ('current_sk_mission' [h=A983358C,$009EE7C0])
      021 06010099      CALL r6 (1 args) => 1 results
      022 05820189  SETTABLE r6 ->> r5[k10 ('sk' [h=00001514,$00983C60])]
      023 06008002  LOADBOOL r6 := True
      024 07000305 GETGLOBAL r7 := _G[k12 ('util_PrintDebugMsg' [h=A2961C17,$00A25100])]
      025 08000341     LOADK r8 := k13 ('\n[gameflow.lua] gameflow_ShouldGameStateApply: evaluating new game state subset...\n' [h=94811E5E,$00B31AC0])
      026 07010059      CALL r7 (1 args) => 0 results
      027 07004206  GETTABLE r7 := r0[k14 ('conditions' [h=B20F7A7D,$0097B460])]
      028 07038018      TEST not r7 : r7 := r7
      029 00800B94       JMP +47 ; 77
      030 070003C5 GETGLOBAL r7 := _G[k15 ('pairs' [h=12CC6B12,$0099D0C0])]
      031 08004206  GETTABLE r8 := r0[k14 ('conditions' [h=B20F7A7D,$0097B460])]
      032 07010159      CALL r7 (1 args) => 4 results
      033 07800A1E  TFORPREP WIP
      034 0104BF95        EQ r9 == k4 ('allies' [h=B57F1C27,$009BF7E0])
      035 00800154       JMP +6 ; 42
      036 0104C015        EQ r9 == k6 ('china' [h=1129D14E,$009AB280])
      037 008000D4       JMP +4 ; 42
      038 0104C095        EQ r9 == k8 ('mafia' [h=11226556,$009A69E0])
      039 00800054       JMP +2 ; 42
      040 0004C115        EQ r9 != k10 ('sk' [h=00001514,$00983C60])
      041 00800314       JMP +13 ; 55
      042 0B000405 GETGLOBAL r11 := _G[k16 ('gameflow_EvaluateFactionCondition' [h=1152A024,$00A1F880])]
      043 0C048000      MOVE r12 := r9
      044 0D050000      MOVE r13 := r10
      045 0E028000      MOVE r14 := r5
      046 0F018000      MOVE r15 := r3
      047 10020000      MOVE r16 := r4
      048 11008000      MOVE r17 := r1
      049 12010000      MOVE r18 := r2
      050 0B040099      CALL r11 (7 args) => 1 results
      051 0B058058      TEST r11 : r11 := r11
      052 00800054       JMP +2 ; 55
      053 06000002  LOADBOOL r6 := False
      054 00800554       JMP +22 ; 77
      055 0004C2D5        EQ r9 != k17 ('chapter' [h=9A11FF20,$009C12E0])
      056 008001D4       JMP +8 ; 65
      057 0B000485 GETGLOBAL r11 := _G[k18 ('gameflow_EvaluateChapterCondition' [h=E1AA6C11,$009D50C0])]
      058 0C010000      MOVE r12 := r2
      059 0D050000      MOVE r13 := r10
      060 0B018099      CALL r11 (2 args) => 1 results
      061 0B058058      TEST r11 : r11 := r11
      062 00800054       JMP +2 ; 65
      063 06000002  LOADBOOL r6 := False
      064 008002D4       JMP +12 ; 77
      065 0004C355        EQ r9 != k19 ('inMissionState' [h=769AC32E,$00989BE0])
      066 008001D4       JMP +8 ; 75
      067 0B000505 GETGLOBAL r11 := _G[k20 ('gameflow_EvaluateMissionStateCondition' [h=AC2DE8C1,$00A0C8C0])]
      068 0C018000      MOVE r12 := r3
      069 0D050000      MOVE r13 := r10
      070 0B018099      CALL r11 (2 args) => 1 results
      071 0B058058      TEST r11 : r11 := r11
      072 00800054       JMP +2 ; 75
      073 06000002  LOADBOOL r6 := False
      074 00800054       JMP +2 ; 77
      075 0700005D  TFORLOOP WIP
      076 007FF514       JMP -43 ; 34
      077 0601001B    RETURN r6 ... r6
      078 0000801B    RETURN
  [Node$01A2F834] 'GPSDestroyed_SpawnHind' [h=F2E2A4D9,$00A0A940]: TObject(None)
  [Node$01A2F848] 'Support_AddItem' [h=E53E40DA,$0098F7E0]: cfunction$002A1230 'Support_AddItem' [h=E53E40DA,$0098F7E0]
  [Node$01A2F870] 'Utility_QuestionBox' [h=EE6D60DC,$00A41C80]: cfunction$002C57C8 'Utility_QuestionBox' [h=EE6D60DC,$00A41C80]
  [Node$01A2F898] 'Actor_SetCorpseCleanUpAllowed' [h=562C20DE,$009F82C0]: cfunction$002AA8B8 'Actor_SetCorpseCleanUpAllowed' [h=562C20DE,$009F82C0]
  [Node$01A2F8AC] 'jeff_CancelMoodEvents' [h=801B80DF,$009DF100]: function$009A4EC0 'jeff_CancelMoodEvents' [h=801B80DF,$009DF100]
    CONST$00A14AC0 k0  'jeff_hMafiaMood' [h=AB979567,$009C0E60]
    CONST$00A14AC8 k1  'Event_CancelEvent' [h=D8960070,$009D8C00]
    CONST$00A14AD0 k2  'jeff_hSKMood' [h=EAF10DC5,$0099ECE0]
    CONST$00A14AD8 k3  'jeff_hChinaMood' [h=6188C7A9,$009C3300]
    CONST$00A14AE0 k4  'jeff_hAlliesMood' [h=9886F1A2,$009D5200]
     CODE$00A7FC40
      000 00000045 GETGLOBAL r0 := _G[k1 ('Event_CancelEvent' [h=D8960070,$009D8C00])]
      001 01000005 GETGLOBAL r1 := _G[k0 ('jeff_hMafiaMood' [h=AB979567,$009C0E60])]
      002 00010099      CALL r0 (1 args) => 1 results
      003 00000007 SETGLOBAL r0 ->> _G[k0 ('jeff_hMafiaMood' [h=AB979567,$009C0E60])]
      004 00000045 GETGLOBAL r0 := _G[k1 ('Event_CancelEvent' [h=D8960070,$009D8C00])]
      005 01000085 GETGLOBAL r1 := _G[k2 ('jeff_hSKMood' [h=EAF10DC5,$0099ECE0])]
      006 00010099      CALL r0 (1 args) => 1 results
      007 00000087 SETGLOBAL r0 ->> _G[k2 ('jeff_hSKMood' [h=EAF10DC5,$0099ECE0])]
      008 00000045 GETGLOBAL r0 := _G[k1 ('Event_CancelEvent' [h=D8960070,$009D8C00])]
      009 010000C5 GETGLOBAL r1 := _G[k3 ('jeff_hChinaMood' [h=6188C7A9,$009C3300])]
      010 00010099      CALL r0 (1 args) => 1 results
      011 000000C7 SETGLOBAL r0 ->> _G[k3 ('jeff_hChinaMood' [h=6188C7A9,$009C3300])]
      012 00000045 GETGLOBAL r0 := _G[k1 ('Event_CancelEvent' [h=D8960070,$009D8C00])]
      013 01000105 GETGLOBAL r1 := _G[k4 ('jeff_hAlliesMood' [h=9886F1A2,$009D5200])]
      014 00010099      CALL r0 (1 args) => 1 results
      015 00000107 SETGLOBAL r0 ->> _G[k4 ('jeff_hAlliesMood' [h=9886F1A2,$009D5200])]
      016 0000801B    RETURN
  [Node$01A2F8C0] 'Camera_SetOrbit' [h=FC2E58E0,$00994640]: cfunction$002A5340 'Camera_SetOrbit' [h=FC2E58E0,$00994640]
  [Node$01A2F8D4] 'Briefing_SetAmbientSoundCue' [h=A633DCE1,$009F8BC0]: cfunction$002C7430 'Briefing_SetAmbientSoundCue' [h=A633DCE1,$009F8BC0]
  [Node$01A2F8E8] 'Event_FactionAttitudeChange' [h=14A2E8E2,$009EECC0]: cfunction$002BCA68 'Event_FactionAttitudeChange' [h=14A2E8E2,$009EECC0]
  [Node$01A2F8FC] 'Actor_AttachToLocation' [h=9F19B8E3,$009E4A00]: cfunction$002ACD98 'Actor_AttachToLocation' [h=9F19B8E3,$009E4A00]
  [Node$01A2F910] 'Actor_EnableShadow' [h=E3D224E4,$00A00B40]: cfunction$002AD958 'Actor_EnableShadow' [h=E3D224E4,$00A00B40]
  [Node$01A2F938] 'Utility_EraseValueFromScribbleMemory' [h=D5C200E6,$00A13000]: cfunction$002C6098 'Utility_EraseValueFromScribbleMemory' [h=D5C200E6,$00A13000]
  [Node$01A2F960] 'SetupEventSomethingWinchedStatusChange' [h=240E68E8,$00A3D200]: function$0097C3A0 'SetupEventSomethingWinchedStatusChange' [h=240E68E8,$00A3D200]
    CONST$009F2400 k0  'hSomethingWinched' [h=29118178,$00A0F080]
    CONST$009F2408 k1  'Event_CancelEvent' [h=D8960070,$009D8C00]
    CONST$009F2410 k2  'Event_ActorIsWinchingSomething' [h=38B94E43,$009D09C0]
    CONST$009F2418 k3  'SomethingWinchedStatusChange' [h=3C78ED76,$009D1900]
    CONST$009F2420 k4  'b' [h=00000083,$00983380]
     CODE$009F7900
      000 02000045 GETGLOBAL r2 := _G[k1 ('Event_CancelEvent' [h=D8960070,$009D8C00])]
      001 03000005 GETGLOBAL r3 := _G[k0 ('hSomethingWinched' [h=29118178,$00A0F080])]
      002 02010099      CALL r2 (1 args) => 1 results
      003 02000007 SETGLOBAL r2 ->> _G[k0 ('hSomethingWinched' [h=29118178,$00A0F080])]
      004 02000085 GETGLOBAL r2 := _G[k2 ('Event_ActorIsWinchingSomething' [h=38B94E43,$009D09C0])]
      005 030000C1     LOADK r3 := k3 ('SomethingWinchedStatusChange' [h=3C78ED76,$009D1900])
      006 04000101     LOADK r4 := k4 ('b' [h=00000083,$00983380])
      007 05000000      MOVE r5 := r0
      008 06008000      MOVE r6 := r1
      009 02028099      CALL r2 (4 args) => 1 results
      010 02000007 SETGLOBAL r2 ->> _G[k0 ('hSomethingWinched' [h=29118178,$00A0F080])]
      011 0000801B    RETURN
  [Node$01A2F99C] 'mission_tObjectives' [h=B4A8BCEB,$009D7BC0]: table$009A52A0[a=0,h=4]
    [Node$00ABEDC0] 'SongTowerDestroyed' [h=F509FC24,$00A21500]: table$0099CD80[a=0,h=8]
      [Node$00BAE094] 'saleCallbackFunc' [h=4C714F01,$009FB140]: TObject(None)
      [Node$00BAE0BC] 'targetsRemaining' [h=124C4A35,$00A15A00]: TObject(3.0)
      [Node$00BAE0D0] 'targetActors' [h=DB0363C4,$0097CC00]: table$009A2380[a=4,h=1]
      [Node$00BAE0E4] 'verb' [h=0076582D,$0098A700]: TObject(1.0)
      [Node$00BAE0F8] 'killCallbackFunc' [h=4C5627FE,$009D0840]: TObject(None)
      [Node$00BAE10C] 'callbackFunc' [h=1E1CD035,$009C7860]: function$0099C3E0[2] 'SongTowerDestroyed' [h=F509FC24,$00A21500]
        CONST$00C10440 k0  'Debug' [h=129D1272,$009C2A20]
        CONST$00C10448 k1  'SongTowerDestroyed: .... ' [h=1548E73A,$00A04C80]
        CONST$00C10450 k2  'util_ObjMsgPrint' [h=C078DF61,$00A23780]
        CONST$00C10458 k3  'sMsg' [h=00831EED,$0099FF40]
        CONST$00C10460 k4  'Utility_GetStringById' [h=F7067A6C,$009EF080]
        CONST$00C10468 k5  'sw.allies4.objPrimary02Short' [h=ABCAE3A7,$00A03980]
        CONST$00C10470 k6  'sType' [h=10E81B1C,$00984800]
        CONST$00C10478 k7  'PRI_OBJ_CMPL' [h=3B2453BF,$009C4660]
        CONST$00C10480 k8  'vIdx' [h=008511D1,$00978A00]
        CONST$00C10488 k9  TObject(2.0)
        CONST$00C10490 k10 'SongTowerDestroyed: Objective Complete' [h=76463BCC,$009D8800]
        CONST$00C10498 k11 'CallIn' [h=7A5F9961,$00998BC0]
        CONST$00C104A0 k12 'SpawnAce' [h=B4A1F979,$0097DD40]
        CONST$00C104A8 k13 TObject(5.0)
        CONST$00C104B0 k14 'Audio_PlaySound' [h=349CB052,$0099A900]
        CONST$00C104B8 k15 'base.collapse_ruin_song' [h=D233771A,$00A23D00]
        CONST$00C104C0 k16 'mission_RemoveObjective' [h=B90D805B,$00A28940]
        CONST$00C104C8 k17 'SongTowerDestroyed' [h=F509FC24,$00A21500]
        CONST$00C104D0 k18 'SongTowerDestroyed_DestroyEast' [h=FE9F056A,$009E7480]
        CONST$00C104D8 k19 'SongTowerDestroyed_DestroyNorth' [h=7EEB14E9,$009FB180]
        CONST$00C104E0 k20 'SongTowerDestroyed_DestroyWest' [h=A884147D,$00A15E00]
        CONST$00C104E8 k21 'SongTowerDestroyed_AllPartsDestroyed' [h=230B2C38,$00A22400]
        CONST$00C104F0 k22 TObject(0.5)
        CONST$00C104F8 k23 'tSongTower' [h=88FE4088,$0097BDC0]
        CONST$00C10500 k24 TObject(1.0)
        CONST$00C10508 k25 TObject(3.0)
        CONST$00C10510 k26 TObject(2.25)
        CONST$00C10518 k27 'SongTowerDestroyed: DONE' [h=F658BB45,$00A3A800]
         CODE$00C87A00
          000 03000005 GETGLOBAL r3 := _G[k0 ('Debug' [h=129D1272,$009C2A20])]
          001 04000041     LOADK r4 := k1 ('SongTowerDestroyed: .... ' [h=1548E73A,$00A04C80])
          002 03010059      CALL r3 (1 args) => 0 results
          003 03000085 GETGLOBAL r3 := _G[k2 ('util_ObjMsgPrint' [h=C078DF61,$00A23780])]
          004 0400008A  NEWTABLE r4 := {} (#a=0, #h=2)
          005 05000105 GETGLOBAL r5 := _G[k4 ('Utility_GetStringById' [h=F7067A6C,$009EF080])]
          006 06000141     LOADK r6 := k5 ('sw.allies4.objPrimary02Short' [h=ABCAE3A7,$00A03980])
          007 05010099      CALL r5 (1 args) => 1 results
          008 047E8149  SETTABLE r5 ->> r4[k3 ('sMsg' [h=00831EED,$0099FF40])]
          009 04804049  SETTABLE k7 ('PRI_OBJ_CMPL' [h=3B2453BF,$009C4660]) ->> r4[k6 ('sType' [h=10E81B1C,$00984800])]
          010 048140C9  SETTABLE k9 (TObject(2.0)) ->> r4[k8 ('vIdx' [h=008511D1,$00978A00])]
          011 03010059      CALL r3 (1 args) => 0 results
          012 03000005 GETGLOBAL r3 := _G[k0 ('Debug' [h=129D1272,$009C2A20])]
          013 04000281     LOADK r4 := k10 ('SongTowerDestroyed: Objective Complete' [h=76463BCC,$009D8800])
          014 03010059      CALL r3 (1 args) => 0 results
          015 030002C5 GETGLOBAL r3 := _G[k11 ('CallIn' [h=7A5F9961,$00998BC0])]
          016 04000301     LOADK r4 := k12 ('SpawnAce' [h=B4A1F979,$0097DD40])
          017 05000341     LOADK r5 := k13 (TObject(5.0))
          018 03018059      CALL r3 (2 args) => 0 results
          019 03000385 GETGLOBAL r3 := _G[k14 ('Audio_PlaySound' [h=349CB052,$0099A900])]
          020 040003C1     LOADK r4 := k15 ('base.collapse_ruin_song' [h=D233771A,$00A23D00])
          021 05000000      MOVE r5 := r0
          022 03018059      CALL r3 (2 args) => 0 results
          023 03000405 GETGLOBAL r3 := _G[k16 ('mission_RemoveObjective' [h=B90D805B,$00A28940])]
          024 04000441     LOADK r4 := k17 ('SongTowerDestroyed' [h=F509FC24,$00A21500])
          025 03010059      CALL r3 (1 args) => 0 results
          026 03000022   CLOSURE r3 := closure(0, r3...)
          027 00000004  GETUPVAL r0 := u0
          028 03000487 SETGLOBAL r3 ->> _G[k18 ('SongTowerDestroyed_DestroyEast' [h=FE9F056A,$009E7480])]
          029 03000062   CLOSURE r3 := closure(1, r3...)
          030 00000004  GETUPVAL r0 := u0
          031 030004C7 SETGLOBAL r3 ->> _G[k19 ('SongTowerDestroyed_DestroyNorth' [h=7EEB14E9,$009FB180])]
          032 030000A2   CLOSURE r3 := closure(2, r3...)
          033 00000004  GETUPVAL r0 := u0
          034 03000507 SETGLOBAL r3 ->> _G[k20 ('SongTowerDestroyed_DestroyWest' [h=A884147D,$00A15E00])]
          035 030000E2   CLOSURE r3 := closure(3, r3...)
          036 00008004  GETUPVAL r0 := u1
          037 03000547 SETGLOBAL r3 ->> _G[k21 ('SongTowerDestroyed_AllPartsDestroyed' [h=230B2C38,$00A22400])]
          038 03000581     LOADK r3 := k22 (TObject(0.5))
          039 04000004  GETUPVAL r4 := u0
          040 04024446  GETTABLE r4 := r4[k23 ('tSongTower' [h=88FE4088,$0097BDC0])]
          041 04024486  GETTABLE r4 := r4[k24 (TObject(1.0))]
          042 01000115        EQ r0 == r4
          043 00800114       JMP +5 ; 49
          044 040002C5 GETGLOBAL r4 := _G[k11 ('CallIn' [h=7A5F9961,$00998BC0])]
          045 05000481     LOADK r5 := k18 ('SongTowerDestroyed_DestroyEast' [h=FE9F056A,$009E7480])
          046 06018000      MOVE r6 := r3
          047 04018059      CALL r4 (2 args) => 0 results
          048 0301C40C       ADD r3 := r3 + k22 (TObject(0.5))
          049 04000004  GETUPVAL r4 := u0
          050 04024446  GETTABLE r4 := r4[k23 ('tSongTower' [h=88FE4088,$0097BDC0])]
          051 040240C6  GETTABLE r4 := r4[k9 (TObject(2.0))]
          052 01000115        EQ r0 == r4
          053 00800114       JMP +5 ; 59
          054 040002C5 GETGLOBAL r4 := _G[k11 ('CallIn' [h=7A5F9961,$00998BC0])]
          055 050004C1     LOADK r5 := k19 ('SongTowerDestroyed_DestroyNorth' [h=7EEB14E9,$009FB180])
          056 06018000      MOVE r6 := r3
          057 04018059      CALL r4 (2 args) => 0 results
          058 0301C40C       ADD r3 := r3 + k22 (TObject(0.5))
          059 04000004  GETUPVAL r4 := u0
          060 04024446  GETTABLE r4 := r4[k23 ('tSongTower' [h=88FE4088,$0097BDC0])]
          061 040244C6  GETTABLE r4 := r4[k25 (TObject(3.0))]
          062 01000115        EQ r0 == r4
          063 00800114       JMP +5 ; 69
          064 040002C5 GETGLOBAL r4 := _G[k11 ('CallIn' [h=7A5F9961,$00998BC0])]
          065 05000501     LOADK r5 := k20 ('SongTowerDestroyed_DestroyWest' [h=A884147D,$00A15E00])
          066 06018000      MOVE r6 := r3
          067 04018059      CALL r4 (2 args) => 0 results
          068 0301C40C       ADD r3 := r3 + k22 (TObject(0.5))
          069 040002C5 GETGLOBAL r4 := _G[k11 ('CallIn' [h=7A5F9961,$00998BC0])]
          070 05000541     LOADK r5 := k21 ('SongTowerDestroyed_AllPartsDestroyed' [h=230B2C38,$00A22400])
          071 06000681     LOADK r6 := k26 (TObject(2.25))
          072 04018059      CALL r4 (2 args) => 0 results
          073 04000005 GETGLOBAL r4 := _G[k0 ('Debug' [h=129D1272,$009C2A20])]
          074 050006C1     LOADK r5 := k27 ('SongTowerDestroyed: DONE' [h=F658BB45,$00A3A800])
          075 04010059      CALL r4 (1 args) => 0 results
          076 0000801B    RETURN
    [Node$00ABEDD4] 'GPSDestroyed' [h=8B0C2B35,$00991A40]: table$00993DA0[a=0,h=8]
      [Node$00BE3F14] 'saleCallbackFunc' [h=4C714F01,$009FB140]: TObject(None)
      [Node$00BE3F3C] 'targetsRemaining' [h=124C4A35,$00A15A00]: TObject(0.0)
      [Node$00BE3F50] 'targetActors' [h=DB0363C4,$0097CC00]: table$009BFD00[a=4,h=1]
      [Node$00BE3F64] 'verb' [h=0076582D,$0098A700]: TObject(1.0)
      [Node$00BE3F78] 'killCallbackFunc' [h=4C5627FE,$009D0840]: TObject(None)
      [Node$00BE3F8C] 'callbackFunc' [h=1E1CD035,$009C7860]: function$00994560[2] 'GPSDestroyed' [h=8B0C2B35,$00991A40]
        CONST$00C28B40 k0  'Debug' [h=129D1272,$009C2A20]
        CONST$00C28B48 k1  'GPSDestroyed: .... ' [h=109CB31C,$00A06040]
        CONST$00C28B50 k2  'tostring' [h=787EB105,$009A9A40]
        CONST$00C28B58 k3  'GPSDestroyed.... Objective Complete!' [h=96517EA5,$009DF800]
        CONST$00C28B60 k4  'Audio_PlayVoiceover' [h=EE2AB1DE,$00A40EC0]
        CONST$00C28B68 k5  'fio.' [h=005ABE5E,$0098E9C0]
        CONST$00C28B70 k6  'TechGPS4Destroyed' [h=FF0B3F60,$00A3E040]
        CONST$00C28B78 k7  'CallIn' [h=7A5F9961,$00998BC0]
        CONST$00C28B80 k8  'TechSaysDestroySongTower' [h=4A4499A4,$009F1380]
        CONST$00C28B88 k9  TObject(8.0)
        CONST$00C28B90 k10 'GPSDestroyed_SpawnHind' [h=F2E2A4D9,$00A0A940]
        CONST$00C28B98 k11 TObject(0.25)
        CONST$00C28BA0 k12 'util_ObjMsgPrint' [h=C078DF61,$00A23780]
        CONST$00C28BA8 k13 'sMsg' [h=00831EED,$0099FF40]
        CONST$00C28BB0 k14 'Utility_GetStringById' [h=F7067A6C,$009EF080]
        CONST$00C28BB8 k15 'sw.allies4.objPrimary01Short' [h=3B03D781,$009EDD40]
        CONST$00C28BC0 k16 'sType' [h=10E81B1C,$00984800]
        CONST$00C28BC8 k17 'PRI_OBJ_CMPL' [h=3B2453BF,$009C4660]
        CONST$00C28BD0 k18 'vIdx' [h=008511D1,$00978A00]
        CONST$00C28BD8 k19 TObject(1.0)
        CONST$00C28BE0 k20 'GPSDestroyed: radio ' [h=6528B180,$009EC040]
        CONST$00C28BE8 k21 'TechGPS1Destroyed' [h=ED82101A,$00A3CF80]
        CONST$00C28BF0 k22 TObject(2.0)
        CONST$00C28BF8 k23 'TechGPS2Destroyed' [h=B4BCB47A,$00A3E140]
        CONST$00C28C00 k24 TObject(3.0)
        CONST$00C28C08 k25 'TechGPS3Destroyed' [h=9645AA97,$009E2800]
        CONST$00C28C10 k26 'PRI_OBJ_UPD_POS' [h=9C6A6D98,$0097B540]
        CONST$00C28C18 k27 'tCounter' [h=A03640CE,$009C32C0]
        CONST$00C28C20 k28 'vCurr' [h=12274736,$00990C60]
        CONST$00C28C28 k29 'vLim' [h=00741718,$00989120]
        CONST$00C28C30 k30 'GPSDestroyed: DONE' [h=42721B7C,$009E6C00]
         CODE$00CF9C80
          000 03000005 GETGLOBAL r3 := _G[k0 ('Debug' [h=129D1272,$009C2A20])]
          001 04000041     LOADK r4 := k1 ('GPSDestroyed: .... ' [h=109CB31C,$00A06040])
          002 05000085 GETGLOBAL r5 := _G[k2 ('tostring' [h=787EB105,$009A9A40])]
          003 06000000      MOVE r6 := r0
          004 05010099      CALL r5 (1 args) => 1 results
          005 04020153    CONCAT r4 := r4 ... r5
          006 03010059      CALL r3 (1 args) => 0 results
          007 03008002  LOADBOOL r3 := True
          008 000080D5        EQ r1 != r3
          009 00800694       JMP +27 ; 37
          010 03000005 GETGLOBAL r3 := _G[k0 ('Debug' [h=129D1272,$009C2A20])]
          011 040000C1     LOADK r4 := k3 ('GPSDestroyed.... Objective Complete!' [h=96517EA5,$009DF800])
          012 03010059      CALL r3 (1 args) => 0 results
          013 03000105 GETGLOBAL r3 := _G[k4 ('Audio_PlayVoiceover' [h=EE2AB1DE,$00A40EC0])]
          014 04000141     LOADK r4 := k5 ('fio.' [h=005ABE5E,$0098E9C0])
          015 05000004  GETUPVAL r5 := u0
          016 0502C006  GETTABLE r5 := r5[k6 ('TechGPS4Destroyed' [h=FF0B3F60,$00A3E040])]
          017 04020153    CONCAT r4 := r4 ... r5
          018 03010059      CALL r3 (1 args) => 0 results
          019 030001C5 GETGLOBAL r3 := _G[k7 ('CallIn' [h=7A5F9961,$00998BC0])]
          020 04000201     LOADK r4 := k8 ('TechSaysDestroySongTower' [h=4A4499A4,$009F1380])
          021 05000241     LOADK r5 := k9 (TObject(8.0))
          022 03018059      CALL r3 (2 args) => 0 results
          023 030001C5 GETGLOBAL r3 := _G[k7 ('CallIn' [h=7A5F9961,$00998BC0])]
          024 04000281     LOADK r4 := k10 ('GPSDestroyed_SpawnHind' [h=F2E2A4D9,$00A0A940])
          025 050002C1     LOADK r5 := k11 (TObject(0.25))
          026 03018059      CALL r3 (2 args) => 0 results
          027 03000305 GETGLOBAL r3 := _G[k12 ('util_ObjMsgPrint' [h=C078DF61,$00A23780])]
          028 0400008A  NEWTABLE r4 := {} (#a=0, #h=2)
          029 05000385 GETGLOBAL r5 := _G[k14 ('Utility_GetStringById' [h=F7067A6C,$009EF080])]
          030 060003C1     LOADK r6 := k15 ('sw.allies4.objPrimary01Short' [h=3B03D781,$009EDD40])
          031 05010099      CALL r5 (1 args) => 1 results
          032 04838149  SETTABLE r5 ->> r4[k13 ('sMsg' [h=00831EED,$0099FF40])]
          033 048542C9  SETTABLE k17 ('PRI_OBJ_CMPL' [h=3B2453BF,$009C4660]) ->> r4[k16 ('sType' [h=10E81B1C,$00984800])]
          034 04864349  SETTABLE k19 (TObject(1.0)) ->> r4[k18 ('vIdx' [h=008511D1,$00978A00])]
          035 03010059      CALL r3 (1 args) => 0 results
          036 00801154       JMP +70 ; 107
          037 03008004  GETUPVAL r3 := u1
          038 0301C34C       ADD r3 := r3 + k19 (TObject(1.0))
          039 03008008  SETUPVAL r3 ->> UV[1]
          040 03008004  GETUPVAL r3 := u1
          041 0001C355        EQ r3 != k19 (TObject(1.0))
          042 00800394       JMP +15 ; 58
          043 03000005 GETGLOBAL r3 := _G[k0 ('Debug' [h=129D1272,$009C2A20])]
          044 04000501     LOADK r4 := k20 ('GPSDestroyed: radio ' [h=6528B180,$009EC040])
          045 05000085 GETGLOBAL r5 := _G[k2 ('tostring' [h=787EB105,$009A9A40])]
          046 06000004  GETUPVAL r6 := u0
          047 060343C6  GETTABLE r6 := r6[k21 ('TechGPS1Destroyed' [h=ED82101A,$00A3CF80])]
          048 05010099      CALL r5 (1 args) => 1 results
          049 04020153    CONCAT r4 := r4 ... r5
          050 03010059      CALL r3 (1 args) => 0 results
          051 03000105 GETGLOBAL r3 := _G[k4 ('Audio_PlayVoiceover' [h=EE2AB1DE,$00A40EC0])]
          052 04000141     LOADK r4 := k5 ('fio.' [h=005ABE5E,$0098E9C0])
          053 05000004  GETUPVAL r5 := u0
          054 0502C3C6  GETTABLE r5 := r5[k21 ('TechGPS1Destroyed' [h=ED82101A,$00A3CF80])]
          055 04020153    CONCAT r4 := r4 ... r5
          056 03010059      CALL r3 (1 args) => 0 results
          057 00800894       JMP +35 ; 93
          058 03008004  GETUPVAL r3 := u1
          059 0001C415        EQ r3 != k22 (TObject(2.0))
          060 00800394       JMP +15 ; 76
          061 03000005 GETGLOBAL r3 := _G[k0 ('Debug' [h=129D1272,$009C2A20])]
          062 04000501     LOADK r4 := k20 ('GPSDestroyed: radio ' [h=6528B180,$009EC040])
          063 05000085 GETGLOBAL r5 := _G[k2 ('tostring' [h=787EB105,$009A9A40])]
          064 06000004  GETUPVAL r6 := u0
          065 06034446  GETTABLE r6 := r6[k23 ('TechGPS2Destroyed' [h=B4BCB47A,$00A3E140])]
          066 05010099      CALL r5 (1 args) => 1 results
          067 04020153    CONCAT r4 := r4 ... r5
          068 03010059      CALL r3 (1 args) => 0 results
          069 03000105 GETGLOBAL r3 := _G[k4 ('Audio_PlayVoiceover' [h=EE2AB1DE,$00A40EC0])]
          070 04000141     LOADK r4 := k5 ('fio.' [h=005ABE5E,$0098E9C0])
          071 05000004  GETUPVAL r5 := u0
          072 0502C446  GETTABLE r5 := r5[k23 ('TechGPS2Destroyed' [h=B4BCB47A,$00A3E140])]
          073 04020153    CONCAT r4 := r4 ... r5
          074 03010059      CALL r3 (1 args) => 0 results
          075 00800414       JMP +17 ; 93
          076 03008004  GETUPVAL r3 := u1
          077 0001C495        EQ r3 != k24 (TObject(3.0))
          078 00800354       JMP +14 ; 93
          079 03000005 GETGLOBAL r3 := _G[k0 ('Debug' [h=129D1272,$009C2A20])]
          080 04000501     LOADK r4 := k20 ('GPSDestroyed: radio ' [h=6528B180,$009EC040])
          081 05000085 GETGLOBAL r5 := _G[k2 ('tostring' [h=787EB105,$009A9A40])]
          082 06000004  GETUPVAL r6 := u0
          083 060344C6  GETTABLE r6 := r6[k25 ('TechGPS3Destroyed' [h=9645AA97,$009E2800])]
          084 05010099      CALL r5 (1 args) => 1 results
          085 04020153    CONCAT r4 := r4 ... r5
          086 03010059      CALL r3 (1 args) => 0 results
          087 03000105 GETGLOBAL r3 := _G[k4 ('Audio_PlayVoiceover' [h=EE2AB1DE,$00A40EC0])]
          088 04000141     LOADK r4 := k5 ('fio.' [h=005ABE5E,$0098E9C0])
          089 05000004  GETUPVAL r5 := u0
          090 0502C4C6  GETTABLE r5 := r5[k25 ('TechGPS3Destroyed' [h=9645AA97,$009E2800])]
          091 04020153    CONCAT r4 := r4 ... r5
          092 03010059      CALL r3 (1 args) => 0 results
          093 03000305 GETGLOBAL r3 := _G[k12 ('util_ObjMsgPrint' [h=C078DF61,$00A23780])]
          094 040000CA  NEWTABLE r4 := {} (#a=0, #h=3)
          095 05000385 GETGLOBAL r5 := _G[k14 ('Utility_GetStringById' [h=F7067A6C,$009EF080])]
          096 060003C1     LOADK r6 := k15 ('sw.allies4.objPrimary01Short' [h=3B03D781,$009EDD40])
          097 05010099      CALL r5 (1 args) => 1 results
          098 04838149  SETTABLE r5 ->> r4[k13 ('sMsg' [h=00831EED,$0099FF40])]
          099 04854509  SETTABLE k26 ('PRI_OBJ_UPD_POS' [h=9C6A6D98,$0097B540]) ->> r4[k16 ('sType' [h=10E81B1C,$00984800])]
          100 0500008A  NEWTABLE r5 := {} (#a=0, #h=2)
          101 06008004  GETUPVAL r6 := u1
          102 058B0189  SETTABLE r6 ->> r5[k28 ('vCurr' [h=12274736,$00990C60])]
          103 058BC489  SETTABLE k24 (TObject(3.0)) ->> r5[k29 ('vLim' [h=00741718,$00989120])]
          104 048A8149  SETTABLE r5 ->> r4[k27 ('tCounter' [h=A03640CE,$009C32C0])]
          105 04864349  SETTABLE k19 (TObject(1.0)) ->> r4[k18 ('vIdx' [h=008511D1,$00978A00])]
          106 03010059      CALL r3 (1 args) => 0 results
          107 03000005 GETGLOBAL r3 := _G[k0 ('Debug' [h=129D1272,$009C2A20])]
          108 04000781     LOADK r4 := k30 ('GPSDestroyed: DONE' [h=42721B7C,$009E6C00])
          109 03010059      CALL r3 (1 args) => 0 results
          110 0000801B    RETURN
    [Node$00ABEDFC] 'ClearLZ' [h=B63A9CA9,$00976C40]: table$009887E0[a=0,h=8]
      [Node$00BDDD94] 'saleCallbackFunc' [h=4C714F01,$009FB140]: TObject(None)
      [Node$00BDDDBC] 'targetsRemaining' [h=124C4A35,$00A15A00]: TObject(0.0)
      [Node$00BDDDD0] 'targetActors' [h=DB0363C4,$0097CC00]: table$009A32A0[a=8,h=1]
      [Node$00BDDDE4] 'verb' [h=0076582D,$0098A700]: TObject(1.0)
      [Node$00BDDDF8] 'killCallbackFunc' [h=4C5627FE,$009D0840]: TObject(None)
      [Node$00BDDE0C] 'callbackFunc' [h=1E1CD035,$009C7860]: function$009FBBC0[5] 'ClearLZ' [h=B63A9CA9,$00976C40]
  [Node$01A2FA00] 'ActorVehicle_TakeFriendlyFire' [h=9553A4F0,$00A29200]: cfunction$002B1828 'ActorVehicle_TakeFriendlyFire' [h=9553A4F0,$00A29200]
  [Node$01A2FA14] 'Traffic_RestoreZone' [h=5991ECF1,$009D4F80]: cfunction$002A2AD8 'Traffic_RestoreZone' [h=5991ECF1,$009D4F80]
  [Node$01A2FA50] 'Actor_GetHitPoints' [h=CDCBFCF4,$009CFA40]: cfunction$002A9858 'Actor_GetHitPoints' [h=CDCBFCF4,$009CFA40]
  [Node$01A2FA64] 'TargetDisabled' [h=5ADC98F5,$009C4F40]: function$00983D40 'TargetDisabled' [h=5ADC98F5,$009C4F40]
    CONST$00A3F7C0 k0  'util_PrintDebugMsg' [h=A2961C17,$00A25100]
    CONST$00A3F7C8 k1  '########## Locking: ' [h=DA4DAD3F,$00A24740]
    CONST$00A3F7D0 k2  'tostring' [h=787EB105,$009A9A40]
    CONST$00A3F7D8 k3  '\n' [h=0000002B,$009AB680]
    CONST$00A3F7E0 k4  'ActorVehicle_Lock' [h=2FEB53C6,$009E0000]
    CONST$00A3F7E8 k5  'prokat' [h=854F88C7,$0098DFC0]
    CONST$00A3F7F0 k6  'TargetVerbed' [h=19EA2342,$009A2F20]
     CODE$009F3040
      000 02000005 GETGLOBAL r2 := _G[k0 ('util_PrintDebugMsg' [h=A2961C17,$00A25100])]
      001 03000041     LOADK r3 := k1 ('########## Locking: ' [h=DA4DAD3F,$00A24740])
      002 04000085 GETGLOBAL r4 := _G[k2 ('tostring' [h=787EB105,$009A9A40])]
      003 05000000      MOVE r5 := r0
      004 04010099      CALL r4 (1 args) => 1 results
      005 050000C1     LOADK r5 := k3 ('\n' [h=0000002B,$009AB680])
      006 03018153    CONCAT r3 := r3 ... r5
      007 02010059      CALL r2 (1 args) => 0 results
      008 02000105 GETGLOBAL r2 := _G[k4 ('ActorVehicle_Lock' [h=2FEB53C6,$009E0000])]
      009 03008000      MOVE r3 := r1
      010 04000141     LOADK r4 := k5 ('prokat' [h=854F88C7,$0098DFC0])
      011 02018059      CALL r2 (2 args) => 0 results
      012 02000185 GETGLOBAL r2 := _G[k6 ('TargetVerbed' [h=19EA2342,$009A2F20])]
      013 03008000      MOVE r3 := r1
      014 02010059      CALL r2 (1 args) => 0 results
      015 0000801B    RETURN
  [Node$01A2FAB4] 'SongTowerDestroyed_PlayRadioMessage' [h=E48320F9,$00A02B40]: function$00996B60[2] 'SongTowerDestroyed_PlayRadioMessage' [h=E48320F9,$00A02B40]
    CONST$00A9A3C0 k0  'Debug' [h=129D1272,$009C2A20]
    CONST$00A9A3C8 k1  'SongTowerDestroyed_PlayRadioMessage: ....' [h=8E862CE4,$009E0E80]
    CONST$00A9A3D0 k2  TObject(1.0)
    CONST$00A9A3D8 k3  'SongTowerDestroyed: 1 of 3 destroyed' [h=896A720A,$00A406C0]
    CONST$00A9A3E0 k4  'Audio_PlayVoiceover' [h=EE2AB1DE,$00A40EC0]
    CONST$00A9A3E8 k5  'fio.' [h=005ABE5E,$0098E9C0]
    CONST$00A9A3F0 k6  'TechSongDestroyed1' [h=5CD1AA91,$00A3E180]
    CONST$00A9A3F8 k7  TObject(2.0)
    CONST$00A9A400 k8  'SongTowerDestroyed: 2 of 3 destroyed' [h=896A720A,$00A1DC40]
    CONST$00A9A408 k9  'TechSongDestroyed2' [h=5B3870DB,$00A364C0]
    CONST$00A9A410 k10 TObject(3.0)
    CONST$00A9A418 k11 'SongTowerDestroyed: 3 of 3 destroyed' [h=896A720A,$00A3FF40]
    CONST$00A9A420 k12 'TechSongDestroyed3' [h=425A0037,$009CC300]
    CONST$00A9A428 k13 'SongTowerDestroyed_PlayRadioMessage: DONE' [h=FF84DDAF,$009F4AC0]
     CODE$00BB99C0
      000 00000005 GETGLOBAL r0 := _G[k0 ('Debug' [h=129D1272,$009C2A20])]
      001 01000041     LOADK r1 := k1 ('SongTowerDestroyed_PlayRadioMessage: ....' [h=8E862CE4,$009E0E80])
      002 00010059      CALL r0 (1 args) => 0 results
      003 00000004  GETUPVAL r0 := u0
      004 00003F15        EQ r0 != k2 (TObject(1.0))
      005 00800254       JMP +10 ; 16
      006 00000005 GETGLOBAL r0 := _G[k0 ('Debug' [h=129D1272,$009C2A20])]
      007 010000C1     LOADK r1 := k3 ('SongTowerDestroyed: 1 of 3 destroyed' [h=896A720A,$00A406C0])
      008 00010059      CALL r0 (1 args) => 0 results
      009 00000105 GETGLOBAL r0 := _G[k4 ('Audio_PlayVoiceover' [h=EE2AB1DE,$00A40EC0])]
      010 01000141     LOADK r1 := k5 ('fio.' [h=005ABE5E,$0098E9C0])
      011 02008004  GETUPVAL r2 := u1
      012 02014006  GETTABLE r2 := r2[k6 ('TechSongDestroyed1' [h=5CD1AA91,$00A3E180])]
      013 01008093    CONCAT r1 := r1 ... r2
      014 00010059      CALL r0 (1 args) => 0 results
      015 00800614       JMP +25 ; 41
      016 00000004  GETUPVAL r0 := u0
      017 00004055        EQ r0 != k7 (TObject(2.0))
      018 00800254       JMP +10 ; 29
      019 00000005 GETGLOBAL r0 := _G[k0 ('Debug' [h=129D1272,$009C2A20])]
      020 01000201     LOADK r1 := k8 ('SongTowerDestroyed: 2 of 3 destroyed' [h=896A720A,$00A1DC40])
      021 00010059      CALL r0 (1 args) => 0 results
      022 00000105 GETGLOBAL r0 := _G[k4 ('Audio_PlayVoiceover' [h=EE2AB1DE,$00A40EC0])]
      023 01000141     LOADK r1 := k5 ('fio.' [h=005ABE5E,$0098E9C0])
      024 02008004  GETUPVAL r2 := u1
      025 020140C6  GETTABLE r2 := r2[k9 ('TechSongDestroyed2' [h=5B3870DB,$00A364C0])]
      026 01008093    CONCAT r1 := r1 ... r2
      027 00010059      CALL r0 (1 args) => 0 results
      028 008002D4       JMP +12 ; 41
      029 00000004  GETUPVAL r0 := u0
      030 00004115        EQ r0 != k10 (TObject(3.0))
      031 00800214       JMP +9 ; 41
      032 00000005 GETGLOBAL r0 := _G[k0 ('Debug' [h=129D1272,$009C2A20])]
      033 010002C1     LOADK r1 := k11 ('SongTowerDestroyed: 3 of 3 destroyed' [h=896A720A,$00A3FF40])
      034 00010059      CALL r0 (1 args) => 0 results
      035 00000105 GETGLOBAL r0 := _G[k4 ('Audio_PlayVoiceover' [h=EE2AB1DE,$00A40EC0])]
      036 01000141     LOADK r1 := k5 ('fio.' [h=005ABE5E,$0098E9C0])
      037 02008004  GETUPVAL r2 := u1
      038 02014186  GETTABLE r2 := r2[k12 ('TechSongDestroyed3' [h=425A0037,$009CC300])]
      039 01008093    CONCAT r1 := r1 ... r2
      040 00010059      CALL r0 (1 args) => 0 results
      041 00000005 GETGLOBAL r0 := _G[k0 ('Debug' [h=129D1272,$009C2A20])]
      042 01000341     LOADK r1 := k13 ('SongTowerDestroyed_PlayRadioMessage: DONE' [h=FF84DDAF,$009F4AC0])
      043 00010059      CALL r0 (1 args) => 0 results
      044 0000801B    RETURN
  [Node$01A2FAF0] 'Actor_SetInvincible' [h=3C5DC0FC,$009E4640]: cfunction$002AA528 'Actor_SetInvincible' [h=3C5DC0FC,$009E4640]
  [Node$01A2FB04] 'VERB_DELIVER_VEH' [h=011F7CFD,$009D3180]: TObject(4.0)
  [Node$01A2FB40] 'Ai_Deliver' [h=3F398D00,$009A2600]: cfunction$002B19B0 'Ai_Deliver' [h=3F398D00,$009A2600]
  [Node$01A2FB68] 'Utility_ResumeLoading' [h=CF829102,$00A05740]: cfunction$002F8388 'Utility_ResumeLoading' [h=CF829102,$00A05740]
  [Node$01A2FBA4] 'Ai_CommandClearAll' [h=CDA0E905,$009F9C00]: cfunction$002B39B0 'Ai_CommandClearAll' [h=CDA0E905,$009F9C00]
  [Node$01A2FBB8] 'Event_ActorIsAirborne' [h=9B58C906,$009FD140]: cfunction$002B9700 'Event_ActorIsAirborne' [h=9B58C906,$009FD140]
  [Node$01A2FBE0] 'jeff_hVehicleDamagedEvent' [h=1E912908,$00A04340]: TObject(None)
  [Node$01A2FC1C] 'ActorVehicle_KickOutAllPassengers' [h=04D62D0B,$00A39E00]: cfunction$002B0778 'ActorVehicle_KickOutAllPassengers' [h=04D62D0B,$00A39E00]
  [Node$01A2FC30] 'InsertionHeliOutOfRange' [h=6A9BFD0C,$00A2A7C0]: function$009A18C0[1] 'InsertionHeliOutOfRange' [h=6A9BFD0C,$00A2A7C0]
    CONST$00A13F40 k0  'Insertion_Debug' [h=2960F285,$0097FBE0]
    CONST$00A13F48 k1  'InsertionHeliOutOfRange: ....' [h=0CEBAF06,$009D83C0]
    CONST$00A13F50 k2  'Actor_Remove' [h=3657B3EC,$0098CD00]
    CONST$00A13F58 k3  'vehicleActor' [h=76961E35,$00993460]
    CONST$00A13F60 k4  'callback_spore' [h=C177D5C9,$00996120]
     CODE$009DDB00
      000 00000005 GETGLOBAL r0 := _G[k0 ('Insertion_Debug' [h=2960F285,$0097FBE0])]
      001 01000041     LOADK r1 := k1 ('InsertionHeliOutOfRange: ....' [h=0CEBAF06,$009D83C0])
      002 00010059      CALL r0 (1 args) => 0 results
      003 00000085 GETGLOBAL r0 := _G[k2 ('Actor_Remove' [h=3657B3EC,$0098CD00])]
      004 010000C5 GETGLOBAL r1 := _G[k3 ('vehicleActor' [h=76961E35,$00993460])]
      005 00010059      CALL r0 (1 args) => 0 results
      006 00000004  GETUPVAL r0 := u0
      007 00003F86  GETTABLE r0 := r0[k4 ('callback_spore' [h=C177D5C9,$00996120])]
      008 00000018      TEST not r0 : r0 := r0
      009 00800094       JMP +3 ; 13
      010 00000004  GETUPVAL r0 := u0
      011 00003F86  GETTABLE r0 := r0[k4 ('callback_spore' [h=C177D5C9,$00996120])]
      012 00008059      CALL r0 (0 args) => 0 results
      013 0000801B    RETURN
  [Node$01A2FC44] 'Event_ActorIsSubdued' [h=22FBBD0D,$00A04D40]: cfunction$002BA300 'Event_ActorIsSubdued' [h=22FBBD0D,$00A04D40]
  [Node$01A2FC80] 'SpawnAce_SpawnHeli' [h=23530510,$00A06D00]: function$009EB200[3] 'SpawnAce_SpawnHeli' [h=23530510,$00A06D00]
    CONST$00C8F700 k0  'Debug' [h=129D1272,$009C2A20]
    CONST$00C8F708 k1  'SpawnAce_SpawnHeli: ....' [h=DB56B1B6,$009DBBC0]
    CONST$00C8F710 k2  'Actor_GetPosition' [h=F7E6F403,$009E29C0]
    CONST$00C8F718 k3  'HERO' [h=0077AA50,$00988480]
    CONST$00C8F720 k4  'bSuccess' [h=0C9AEBFB,$009A5840]
    CONST$00C8F728 k5  'x' [h=00000099,$0098E3E0]
    CONST$00C8F730 k6  'y' [h=00000098,$0099F120]
    CONST$00C8F738 k7  'z' [h=0000009B,$009A8AA0]
    CONST$00C8F740 k8  'yaw' [h=0003646B,$009C3FC0]
    CONST$00C8F748 k9  'Utility_GetDistantSpawnPointOnPath' [h=E320C02E,$00A06380]
    CONST$00C8F750 k10 'AceHeli' [h=BF24F2E2,$009A23A0]
    CONST$00C8F758 k11 TObject(200.0)
    CONST$00C8F760 k12 'SpawnAce_SpawnHeli: spawn point = ' [h=64697CED,$00A1DC00]
    CONST$00C8F768 k13 'tostring' [h=787EB105,$009A9A40]
    CONST$00C8F770 k14 ', ' [h=00000CE6,$009A70C0]
    CONST$00C8F778 k15 TObject(None)
    CONST$00C8F780 k16 'SpawnAce_SpawnHeli: ' [h=F0B45F63,$009F6D80]
    CONST$00C8F788 k17 'tTemplate' [h=71335A83,$00990B60]
    CONST$00C8F790 k18 'Hoplite' [h=9D7C4F1E,$00984020]
    CONST$00C8F798 k19 'Spawn_Actor' [h=44229E9F,$0097B0C0]
    CONST$00C8F7A0 k20 'sTemplate' [h=71335A82,$0099F8A0]
    CONST$00C8F7A8 k21 'sName' [h=10ED9F0D,$0097E600]
    CONST$00C8F7B0 k22 'spawnLocation' [h=8D916716,$0097CB60]
    CONST$00C8F7B8 k23 'SpawnAce_SpawnHeli: command to move along path' [h=4D16E3E4,$00A139C0]
    CONST$00C8F7C0 k24 'Ai_CommandQueue' [h=C194E249,$00991FA0]
    CONST$00C8F7C8 k25 'PathMove' [h=F35F139F,$0098C0A0]
    CONST$00C8F7D0 k26 TObject(1.5)
    CONST$00C8F7D8 k27 'oneway' [h=853BBB56,$0098C860]
    CONST$00C8F7E0 k28 'closestnode' [h=DC40F320,$009925A0]
    CONST$00C8F7E8 k29 'hiPri' [h=11C2D9E2,$00977D00]
    CONST$00C8F7F0 k30 'AceHeliDonePath' [h=78976E87,$009C0360]
    CONST$00C8F7F8 k31 'Event_AiCommandStatus' [h=A9E3357D,$009D1D80]
    CONST$00C8F800 k32 'b' [h=00000083,$00983380]
    CONST$00C8F808 k33 TObject(3.0)
    CONST$00C8F810 k34 'SpawnAce_SpawnHeli: command to touchdown' [h=FDBCE274,$00A016C0]
    CONST$00C8F818 k35 'Land' [h=0071626A,$00990580]
    CONST$00C8F820 k36 'touchdown' [h=35B22E15,$009886C0]
    CONST$00C8F828 k37 'tLocation' [h=1B661449,$0098DE00]
    CONST$00C8F830 k38 'AceLZ' [h=11461AEA,$00997520]
    CONST$00C8F838 k39 'SpawnAce_SpawnHeli: DONE' [h=4A54D1F4,$00A117C0]
     CODE$00CF1240
      000 00000005 GETGLOBAL r0 := _G[k0 ('Debug' [h=129D1272,$009C2A20])]
      001 01000041     LOADK r1 := k1 ('SpawnAce_SpawnHeli: ....' [h=DB56B1B6,$009DBBC0])
      002 00010059      CALL r0 (1 args) => 0 results
      003 00000085 GETGLOBAL r0 := _G[k2 ('Actor_GetPosition' [h=F7E6F403,$009E29C0])]
      004 010000C5 GETGLOBAL r1 := _G[k3 ('HERO' [h=0077AA50,$00988480])]
      005 00010119      CALL r0 (1 args) => 3 results
      006 0300000A  NEWTABLE r3 := {} (#a=0, #h=0)
      007 04000245 GETGLOBAL r4 := _G[k9 ('Utility_GetDistantSpawnPointOnPath' [h=E320C02E,$00A06380])]
      008 05000004  GETUPVAL r5 := u0
      009 0502C106  GETTABLE r5 := r5[k10 ('AceHeli' [h=BF24F2E2,$009A23A0])]
      010 06000000      MOVE r6 := r0
      011 07008000      MOVE r7 := r1
      012 08010000      MOVE r8 := r2
      013 090002C1     LOADK r9 := k11 (TObject(200.0))
      014 04030199      CALL r4 (5 args) => 5 results
      015 03810209  SETTABLE r8 ->> r3[k8 ('yaw' [h=0003646B,$009C3FC0])]
      016 038081C9  SETTABLE r7 ->> r3[k7 ('z' [h=0000009B,$009A8AA0])]
      017 03800189  SETTABLE r6 ->> r3[k6 ('y' [h=00000098,$0099F120])]
      018 037F8149  SETTABLE r5 ->> r3[k5 ('x' [h=00000099,$0098E3E0])]
      019 037F0109  SETTABLE r4 ->> r3[k4 ('bSuccess' [h=0C9AEBFB,$009A5840])]
      020 04000005 GETGLOBAL r4 := _G[k0 ('Debug' [h=129D1272,$009C2A20])]
      021 05000301     LOADK r5 := k12 ('SpawnAce_SpawnHeli: spawn point = ' [h=64697CED,$00A1DC00])
      022 06000345 GETGLOBAL r6 := _G[k13 ('tostring' [h=787EB105,$009A9A40])]
      023 0701BF86  GETTABLE r7 := r3[k4 ('bSuccess' [h=0C9AEBFB,$009A5840])]
      024 06010099      CALL r6 (1 args) => 1 results
      025 07000381     LOADK r7 := k14 (', ' [h=00000CE6,$009A70C0])
      026 08000345 GETGLOBAL r8 := _G[k13 ('tostring' [h=787EB105,$009A9A40])]
      027 0901BFC6  GETTABLE r9 := r3[k5 ('x' [h=00000099,$0098E3E0])]
      028 08010099      CALL r8 (1 args) => 1 results
      029 09000381     LOADK r9 := k14 (', ' [h=00000CE6,$009A70C0])
      030 0A000345 GETGLOBAL r10 := _G[k13 ('tostring' [h=787EB105,$009A9A40])]
      031 0B01C006  GETTABLE r11 := r3[k6 ('y' [h=00000098,$0099F120])]
      032 0A010099      CALL r10 (1 args) => 1 results
      033 0B000381     LOADK r11 := k14 (', ' [h=00000CE6,$009A70C0])
      034 0C000345 GETGLOBAL r12 := _G[k13 ('tostring' [h=787EB105,$009A9A40])]
      035 0D01C046  GETTABLE r13 := r3[k7 ('z' [h=0000009B,$009A8AA0])]
      036 0C010099      CALL r12 (1 args) => 1 results
      037 0D000381     LOADK r13 := k14 (', ' [h=00000CE6,$009A70C0])
      038 0E000345 GETGLOBAL r14 := _G[k13 ('tostring' [h=787EB105,$009A9A40])]
      039 0F01C086  GETTABLE r15 := r3[k8 ('yaw' [h=0003646B,$009C3FC0])]
      040 0E010099      CALL r14 (1 args) => 1 results
      041 05028393    CONCAT r5 := r5 ... r14
      042 04010059      CALL r4 (1 args) => 0 results
      043 0401BFC6  GETTABLE r4 := r3[k5 ('x' [h=00000099,$0098E3E0])]
      044 01024255        EQ r4 == k15 (TObject(None))
      045 00800F14       JMP +61 ; 107
      046 04000005 GETGLOBAL r4 := _G[k0 ('Debug' [h=129D1272,$009C2A20])]
      047 05000401     LOADK r5 := k16 ('SpawnAce_SpawnHeli: ' [h=F0B45F63,$009F6D80])
      048 06000345 GETGLOBAL r6 := _G[k13 ('tostring' [h=787EB105,$009A9A40])]
      049 07008004  GETUPVAL r7 := u1
      050 0703C2C6  GETTABLE r7 := r7[k17 ('tTemplate' [h=71335A83,$00990B60])]
      051 0703C306  GETTABLE r7 := r7[k18 ('Hoplite' [h=9D7C4F1E,$00984020])]
      052 06010099      CALL r6 (1 args) => 1 results
      053 05028193    CONCAT r5 := r5 ... r6
      054 04010059      CALL r4 (1 args) => 0 results
      055 040004C5 GETGLOBAL r4 := _G[k19 ('Spawn_Actor' [h=44229E9F,$0097B0C0])]
      056 0500008A  NEWTABLE r5 := {} (#a=0, #h=2)
      057 06008004  GETUPVAL r6 := u1
      058 060342C6  GETTABLE r6 := r6[k17 ('tTemplate' [h=71335A83,$00990B60])]
      059 06034306  GETTABLE r6 := r6[k18 ('Hoplite' [h=9D7C4F1E,$00984020])]
      060 05870189  SETTABLE r6 ->> r5[k20 ('sTemplate' [h=71335A82,$0099F8A0])]
      061 0587C109  SETTABLE k10 ('AceHeli' [h=BF24F2E2,$009A23A0]) ->> r5[k21 ('sName' [h=10ED9F0D,$0097E600])]
      062 060000CA  NEWTABLE r6 := {} (#a=0, #h=3)
      063 0701BFC6  GETTABLE r7 := r3[k5 ('x' [h=00000099,$0098E3E0])]
      064 067F81C9  SETTABLE r7 ->> r6[k5 ('x' [h=00000099,$0098E3E0])]
      065 0701C006  GETTABLE r7 := r3[k6 ('y' [h=00000098,$0099F120])]
      066 068001C9  SETTABLE r7 ->> r6[k6 ('y' [h=00000098,$0099F120])]
      067 0701C046  GETTABLE r7 := r3[k7 ('z' [h=0000009B,$009A8AA0])]
      068 068081C9  SETTABLE r7 ->> r6[k7 ('z' [h=0000009B,$009A8AA0])]
      069 0701C086  GETTABLE r7 := r3[k8 ('yaw' [h=0003646B,$009C3FC0])]
      070 068101C9  SETTABLE r7 ->> r6[k8 ('yaw' [h=0003646B,$009C3FC0])]
      071 05880189  SETTABLE r6 ->> r5[k22 ('spawnLocation' [h=8D916716,$0097CB60])]
      072 04010059      CALL r4 (1 args) => 0 results
      073 04000005 GETGLOBAL r4 := _G[k0 ('Debug' [h=129D1272,$009C2A20])]
      074 050005C1     LOADK r5 := k23 ('SpawnAce_SpawnHeli: command to move along path' [h=4D16E3E4,$00A139C0])
      075 04010059      CALL r4 (1 args) => 0 results
      076 04000605 GETGLOBAL r4 := _G[k24 ('Ai_CommandQueue' [h=C194E249,$00991FA0])]
      077 05000281     LOADK r5 := k10 ('AceHeli' [h=BF24F2E2,$009A23A0])
      078 06000641     LOADK r6 := k25 ('PathMove' [h=F35F139F,$0098C0A0])
      079 07000004  GETUPVAL r7 := u0
      080 0703C106  GETTABLE r7 := r7[k10 ('AceHeli' [h=BF24F2E2,$009A23A0])]
      081 08000681     LOADK r8 := k26 (TObject(1.5))
      082 090006C1     LOADK r9 := k27 ('oneway' [h=853BBB56,$0098C860])
      083 0A000701     LOADK r10 := k28 ('closestnode' [h=DC40F320,$009925A0])
      084 0B000741     LOADK r11 := k29 ('hiPri' [h=11C2D9E2,$00977D00])
      085 04040099      CALL r4 (7 args) => 1 results
      086 05010004  GETUPVAL r5 := u2
      087 060007C5 GETGLOBAL r6 := _G[k31 ('Event_AiCommandStatus' [h=A9E3357D,$009D1D80])]
      088 07000781     LOADK r7 := k30 ('AceHeliDonePath' [h=78976E87,$009C0360])
      089 08000801     LOADK r8 := k32 ('b' [h=00000083,$00983380])
      090 09000281     LOADK r9 := k10 ('AceHeli' [h=BF24F2E2,$009A23A0])
      091 0A020000      MOVE r10 := r4
      092 0B000841     LOADK r11 := k33 (TObject(3.0))
      093 06030099      CALL r6 (5 args) => 1 results
      094 058C0189  SETTABLE r6 ->> r5[k30 ('AceHeliDonePath' [h=78976E87,$009C0360])]
      095 05000005 GETGLOBAL r5 := _G[k0 ('Debug' [h=129D1272,$009C2A20])]
      096 06000881     LOADK r6 := k34 ('SpawnAce_SpawnHeli: command to touchdown' [h=FDBCE274,$00A016C0])
      097 05010059      CALL r5 (1 args) => 0 results
      098 05000605 GETGLOBAL r5 := _G[k24 ('Ai_CommandQueue' [h=C194E249,$00991FA0])]
      099 06000281     LOADK r6 := k10 ('AceHeli' [h=BF24F2E2,$009A23A0])
      100 070008C1     LOADK r7 := k35 ('Land' [h=0071626A,$00990580])
      101 08000901     LOADK r8 := k36 ('touchdown' [h=35B22E15,$009886C0])
      102 09008004  GETUPVAL r9 := u1
      103 0904C7C6  GETTABLE r9 := r9[k37 ('tLocation' [h=1B661449,$0098DE00])]
      104 0904C806  GETTABLE r9 := r9[k38 ('AceLZ' [h=11461AEA,$00997520])]
      105 0A000741     LOADK r10 := k29 ('hiPri' [h=11C2D9E2,$00977D00])
      106 05030059      CALL r5 (5 args) => 0 results
      107 04000005 GETGLOBAL r4 := _G[k0 ('Debug' [h=129D1272,$009C2A20])]
      108 050009C1     LOADK r5 := k39 ('SpawnAce_SpawnHeli: DONE' [h=4A54D1F4,$00A117C0])
      109 04010059      CALL r4 (1 args) => 0 results
      110 0000801B    RETURN
  [Node$01A2FCA8] 'jeff_heroDamaged' [h=D3A79912,$00A06400]: function$00998C00 'jeff_heroDamaged' [h=D3A79912,$00A06400]
    CONST$00AB6340 k0  'jeff_clearHeroEvents' [h=87DA5CA6,$009DDC80]
    CONST$00AB6348 k1  'Actor_GetHitPoints' [h=CDCBFCF4,$009CFA40]
    CONST$00AB6350 k2  'player0' [h=316752BF,$009A56E0]
    CONST$00AB6358 k3  TObject(1.0)
    CONST$00AB6360 k4  'Utility_GetPlayerNationality' [h=CB78F623,$00A31200]
    CONST$00AB6368 k5  'jeff_tHeroInfo' [h=ADAD5F8B,$00998FC0]
    CONST$00AB6370 k6  'banterDamage' [h=CCFA1797,$00992160]
    CONST$00AB6378 k7  'jeff_iBanterHeroDamage' [h=58C02B62,$00A21880]
    CONST$00AB6380 k8  'table' [h=10F2114B,$0098D780]
    CONST$00AB6388 k9  'getn' [h=0083B006,$0097DBC0]
    CONST$00AB6390 k10 'Audio_PlayVoiceover' [h=EE2AB1DE,$00A40EC0]
    CONST$00AB6398 k11 'Event_RelativeTimer' [h=AD23F6E2,$009F7840]
    CONST$00AB63A0 k12 'jeff_newHeroDamageEvent' [h=EFF1FB7C,$00A22980]
    CONST$00AB63A8 k13 'b' [h=00000083,$00983380]
    CONST$00AB63B0 k14 TObject(1.5)
     CODE$00B98FC0
      000 00000005 GETGLOBAL r0 := _G[k0 ('jeff_clearHeroEvents' [h=87DA5CA6,$009DDC80])]
      001 00008059      CALL r0 (0 args) => 0 results
      002 00000045 GETGLOBAL r0 := _G[k1 ('Actor_GetHitPoints' [h=CDCBFCF4,$009CFA40])]
      003 01000081     LOADK r1 := k2 ('player0' [h=316752BF,$009A56E0])
      004 00010099      CALL r0 (1 args) => 1 results
      005 00003F56        LT r0 >= k3 (TObject(1.0))
      006 00800014       JMP +1 ; 8
      007 0000801B    RETURN
      008 00000105 GETGLOBAL r0 := _G[k4 ('Utility_GetPlayerNationality' [h=CB78F623,$00A31200])]
      009 00008099      CALL r0 (0 args) => 1 results
      010 01000145 GETGLOBAL r1 := _G[k5 ('jeff_tHeroInfo' [h=ADAD5F8B,$00998FC0])]
      011 01008006  GETTABLE r1 := r1[r0]
      012 0100C006  GETTABLE r1 := r1[k6 ('banterDamage' [h=CCFA1797,$00992160])]
      013 01008018      TEST not r1 : r1 := r1
      014 00800694       JMP +27 ; 42
      015 010001C5 GETGLOBAL r1 := _G[k7 ('jeff_iBanterHeroDamage' [h=58C02B62,$00A21880])]
      016 0100BF4C       ADD r1 := r1 + k3 (TObject(1.0))
      017 010001C7 SETGLOBAL r1 ->> _G[k7 ('jeff_iBanterHeroDamage' [h=58C02B62,$00A21880])]
      018 010001C5 GETGLOBAL r1 := _G[k7 ('jeff_iBanterHeroDamage' [h=58C02B62,$00A21880])]
      019 02000205 GETGLOBAL r2 := _G[k8 ('table' [h=10F2114B,$0098D780])]
      020 020140C6  GETTABLE r2 := r2[k9 ('getn' [h=0083B006,$0097DBC0])]
      021 03000145 GETGLOBAL r3 := _G[k5 ('jeff_tHeroInfo' [h=ADAD5F8B,$00998FC0])]
      022 03018006  GETTABLE r3 := r3[r0]
      023 0301C006  GETTABLE r3 := r3[k6 ('banterDamage' [h=CCFA1797,$00992160])]
      024 02010099      CALL r2 (1 args) => 1 results
      025 00010056        LT r2 >= r1
      026 00800054       JMP +2 ; 29
      027 010000C1     LOADK r1 := k3 (TObject(1.0))
      028 010001C7 SETGLOBAL r1 ->> _G[k7 ('jeff_iBanterHeroDamage' [h=58C02B62,$00A21880])]
      029 01000285 GETGLOBAL r1 := _G[k10 ('Audio_PlayVoiceover' [h=EE2AB1DE,$00A40EC0])]
      030 02000145 GETGLOBAL r2 := _G[k5 ('jeff_tHeroInfo' [h=ADAD5F8B,$00998FC0])]
      031 02010006  GETTABLE r2 := r2[r0]
      032 02014006  GETTABLE r2 := r2[k6 ('banterDamage' [h=CCFA1797,$00992160])]
      033 030001C5 GETGLOBAL r3 := _G[k7 ('jeff_iBanterHeroDamage' [h=58C02B62,$00A21880])]
      034 020100C6  GETTABLE r2 := r2[r3]
      035 03000081     LOADK r3 := k2 ('player0' [h=316752BF,$009A56E0])
      036 01018059      CALL r1 (2 args) => 0 results
      037 010002C5 GETGLOBAL r1 := _G[k11 ('Event_RelativeTimer' [h=AD23F6E2,$009F7840])]
      038 02000301     LOADK r2 := k12 ('jeff_newHeroDamageEvent' [h=EFF1FB7C,$00A22980])
      039 03000341     LOADK r3 := k13 ('b' [h=00000083,$00983380])
      040 04000381     LOADK r4 := k14 (TObject(1.5))
      041 01020059      CALL r1 (3 args) => 0 results
      042 0000801B    RETURN
  [Node$01A2FCE4] 'assert' [h=92EA3D15,$00979840]: cfunction$003B8AA8 'assert' [h=92EA3D15,$00979840]
  [Node$01A2FCF8] 'VERB_EXTRACT' [h=3EC2A516,$009A6AC0]: TObject(7.0)
  [Node$01A2FD0C] 'AceVerified' [h=3B50C517,$00992B00]: function$00995140[1] 'AceVerified' [h=3B50C517,$00992B00]
    CONST$00B94B80 k0  'Debug' [h=129D1272,$009C2A20]
    CONST$00B94B88 k1  'AceVerified: ....' [h=16298C95,$009FA5C0]
    CONST$00B94B90 k2  'bCardKilled' [h=0A4A4D9D,$009C0640]
    CONST$00B94B98 k3  'util_ObjMsgPrint' [h=C078DF61,$00A23780]
    CONST$00B94BA0 k4  'sMsg' [h=00831EED,$0099FF40]
    CONST$00B94BA8 k5  'Utility_GetStringById' [h=F7067A6C,$009EF080]
    CONST$00B94BB0 k6  'sw.allies4.objPrimary03Short' [h=9DCC5862,$00A1E240]
    CONST$00B94BB8 k7  'sType' [h=10E81B1C,$00984800]
    CONST$00B94BC0 k8  'PRI_OBJ_CMPL' [h=3B2453BF,$009C4660]
    CONST$00B94BC8 k9  'vIdx' [h=008511D1,$00978A00]
    CONST$00B94BD0 k10 TObject(3.0)
    CONST$00B94BD8 k11 'CallIn' [h=7A5F9961,$00998BC0]
    CONST$00B94BE0 k12 'mission_MissionComplete' [h=97CC5E62,$00A020C0]
    CONST$00B94BE8 k13 TObject(2.0)
    CONST$00B94BF0 k14 'AceOutOfIsland' [h=9767235E,$009A1140]
    CONST$00B94BF8 k15 'Event_CancelEvent' [h=D8960070,$009D8C00]
    CONST$00B94C00 k16 'AceSporedIn' [h=1C1893F5,$009AA4C0]
    CONST$00B94C08 k17 'AceVerified: DONE' [h=297A26F8,$009F2780]
     CODE$00BE9840
      000 02000005 GETGLOBAL r2 := _G[k0 ('Debug' [h=129D1272,$009C2A20])]
      001 03000041     LOADK r3 := k1 ('AceVerified: ....' [h=16298C95,$009FA5C0])
      002 02010059      CALL r2 (1 args) => 0 results
      003 01000087 SETGLOBAL r1 ->> _G[k2 ('bCardKilled' [h=0A4A4D9D,$009C0640])]
      004 020000C5 GETGLOBAL r2 := _G[k3 ('util_ObjMsgPrint' [h=C078DF61,$00A23780])]
      005 0300008A  NEWTABLE r3 := {} (#a=0, #h=2)
      006 04000145 GETGLOBAL r4 := _G[k5 ('Utility_GetStringById' [h=F7067A6C,$009EF080])]
      007 05000181     LOADK r5 := k6 ('sw.allies4.objPrimary03Short' [h=9DCC5862,$00A1E240])
      008 04010099      CALL r4 (1 args) => 1 results
      009 037F0109  SETTABLE r4 ->> r3[k4 ('sMsg' [h=00831EED,$0099FF40])]
      010 0380C089  SETTABLE k8 ('PRI_OBJ_CMPL' [h=3B2453BF,$009C4660]) ->> r3[k7 ('sType' [h=10E81B1C,$00984800])]
      011 0381C109  SETTABLE k10 (TObject(3.0)) ->> r3[k9 ('vIdx' [h=008511D1,$00978A00])]
      012 02010059      CALL r2 (1 args) => 0 results
      013 01008018      TEST not r1 : r1 := r1
      014 008000D4       JMP +4 ; 19
      015 020002C5 GETGLOBAL r2 := _G[k11 ('CallIn' [h=7A5F9961,$00998BC0])]
      016 03000301     LOADK r3 := k12 ('mission_MissionComplete' [h=97CC5E62,$00A020C0])
      017 04000341     LOADK r4 := k13 (TObject(2.0))
      018 02018059      CALL r2 (2 args) => 0 results
      019 02000004  GETUPVAL r2 := u0
      020 030003C5 GETGLOBAL r3 := _G[k15 ('Event_CancelEvent' [h=D8960070,$009D8C00])]
      021 04000004  GETUPVAL r4 := u0
      022 04024206  GETTABLE r4 := r4[k14 ('AceOutOfIsland' [h=9767235E,$009A1140])]
      023 03010099      CALL r3 (1 args) => 1 results
      024 028400C9  SETTABLE r3 ->> r2[k14 ('AceOutOfIsland' [h=9767235E,$009A1140])]
      025 02000004  GETUPVAL r2 := u0
      026 030003C5 GETGLOBAL r3 := _G[k15 ('Event_CancelEvent' [h=D8960070,$009D8C00])]
      027 04000004  GETUPVAL r4 := u0
      028 04024286  GETTABLE r4 := r4[k16 ('AceSporedIn' [h=1C1893F5,$009AA4C0])]
      029 03010099      CALL r3 (1 args) => 1 results
      030 028500C9  SETTABLE r3 ->> r2[k16 ('AceSporedIn' [h=1C1893F5,$009AA4C0])]
      031 02000005 GETGLOBAL r2 := _G[k0 ('Debug' [h=129D1272,$009C2A20])]
      032 03000441     LOADK r3 := k17 ('AceVerified: DONE' [h=297A26F8,$009F2780])
      033 02010059      CALL r2 (1 args) => 0 results
      034 0000801B    RETURN
  [Node$01A2FD20] 'util_GetFactionCodeForMovies' [h=08B41918,$00A06540]: function$00983FE0 'util_GetFactionCodeForMovies' [h=08B41918,$00A06540]
    CONST$009D9980 k0  'allies' [h=B57F1C27,$009BF7E0]
    CONST$009D9988 k1  'UN' [h=00001174,$009963A0]
    CONST$009D9990 k2  'china' [h=1129D14E,$009AB280]
    CONST$009D9998 k3  'CH' [h=0000112F,$00986260]
    CONST$009D99A0 k4  'mafia' [h=11226556,$009A69E0]
    CONST$009D99A8 k5  'RM' [h=000012DA,$009C6100]
    CONST$009D99B0 k6  'sk' [h=00001514,$00983C60]
    CONST$009D99B8 k7  'SK' [h=0000111C,$009C5B80]
     CODE$00A84740
      000 01008003   LOADNIL r1 ... r1
      001 00003E95        EQ r0 != k0 ('allies' [h=B57F1C27,$009BF7E0])
      002 00800054       JMP +2 ; 5
      003 01000041     LOADK r1 := k1 ('UN' [h=00001174,$009963A0])
      004 00800294       JMP +11 ; 16
      005 00003F15        EQ r0 != k2 ('china' [h=1129D14E,$009AB280])
      006 00800054       JMP +2 ; 9
      007 010000C1     LOADK r1 := k3 ('CH' [h=0000112F,$00986260])
      008 00800194       JMP +7 ; 16
      009 00003F95        EQ r0 != k4 ('mafia' [h=11226556,$009A69E0])
      010 00800054       JMP +2 ; 13
      011 01000141     LOADK r1 := k5 ('RM' [h=000012DA,$009C6100])
      012 00800094       JMP +3 ; 16
      013 00004015        EQ r0 != k6 ('sk' [h=00001514,$00983C60])
      014 00800014       JMP +1 ; 16
      015 010001C1     LOADK r1 := k7 ('SK' [h=0000111C,$009C5B80])
      016 0101001B    RETURN r1 ... r1
      017 0000801B    RETURN
  [Node$01A2FD48] 'Video_LetterboxEffect' [h=C60CB51A,$009E7C80]: cfunction$002A4958 'Video_LetterboxEffect' [h=C60CB51A,$009E7C80]
  [Node$01A2FD5C] 'Ui_DisplayRightVideoPortrait' [h=E1F7091B,$00A2F7C0]: cfunction$002A8630 'Ui_DisplayRightVideoPortrait' [h=E1F7091B,$00A2F7C0]
  [Node$01A2FD70] 'Objective_RemoveTarget' [h=0A56591C,$00A20380]: cfunction$002A4598 'Objective_RemoveTarget' [h=0A56591C,$00A20380]
  [Node$01A2FD84] 'TargetActorFollowingHero' [h=6379611D,$009F99C0]: function$00987EC0 'TargetActorFollowingHero' [h=6379611D,$009F99C0]
    CONST$00A10180 k0  'Utility_GetActorAsInt' [h=A2B359A3,$00A3EB80]
    CONST$00A10188 k1  'util_PrintDebugMsg' [h=A2961C17,$00A25100]
    CONST$00A10190 k2  '\n[OBJECTIVEDELIVER] TargetActorFollowingHero referencing a bad actor guid\n' [h=E4CBC7FD,$00B1D440]
    CONST$00A10198 k3  'TargetActorFollowingHeroStatusChange' [h=FA953A32,$009CE640]
    CONST$00A101A0 k4  'TRUE' [h=0067B195,$0097E680]
     CODE$009D2C80
      000 01000005 GETGLOBAL r1 := _G[k0 ('Utility_GetActorAsInt' [h=A2B359A3,$00A3EB80])]
      001 02000000      MOVE r2 := r0
      002 01010099      CALL r1 (1 args) => 1 results
      003 01008058      TEST r1 : r1 := r1
      004 008000D4       JMP +4 ; 9
      005 01000045 GETGLOBAL r1 := _G[k1 ('util_PrintDebugMsg' [h=A2961C17,$00A25100])]
      006 02000081     LOADK r2 := k2 ('\n[OBJECTIVEDELIVER] TargetActorFollowingHero referencing a bad actor guid\n' [h=E4CBC7FD,$00B1D440])
      007 01010059      CALL r1 (1 args) => 0 results
      008 0000801B    RETURN
      009 010000C5 GETGLOBAL r1 := _G[k3 ('TargetActorFollowingHeroStatusChange' [h=FA953A32,$009CE640])]
      010 02000000      MOVE r2 := r0
      011 03000105 GETGLOBAL r3 := _G[k4 ('TRUE' [h=0067B195,$0097E680])]
      012 01018059      CALL r1 (2 args) => 0 results
      013 0000801B    RETURN
  [Node$01A2FDFC] 'InsertionLanded' [h=6B1BDD23,$0098B8C0]: function$009C83C0[1] 'InsertionLanded' [h=6B1BDD23,$0098B8C0]
    CONST$00BC3440 k0  'Insertion_Debug' [h=2960F285,$0097FBE0]
    CONST$00BC3448 k1  'InsertionLanded: ....' [h=A6556967,$00A33100]
    CONST$00BC3450 k2  'Player_SpecialDetach' [h=95FBD26C,$00A3B400]
    CONST$00BC3458 k3  'Actor_AttachToActor' [h=D762899B,$00A0FE40]
    CONST$00BC3460 k4  'player0' [h=316752BF,$009A56E0]
    CONST$00BC3468 k5  'vehicleActor' [h=76961E35,$00993460]
    CONST$00BC3470 k6  'player_getout_dockpoint' [h=925FFDB2,$00A0F600]
    CONST$00BC3478 k7  'Actor_PlayHumanAnimation' [h=57432632,$009EF4C0]
    CONST$00BC3480 k8  'player_getout_anim' [h=17E7844E,$00A12D80]
    CONST$00BC3488 k9  'RS_AFLG_NOHEAD' [h=811D0C13,$009893A0]
    CONST$00BC3490 k10 'RS_AFLG_HOLD' [h=72A00E3C,$009C4220]
    CONST$00BC3498 k11 'RS_AFLG_DRIVE' [h=4916C41D,$009A4C00]
    CONST$00BC34A0 k12 'Camera_ScriptPlayAnimation' [h=4697E538,$00A01B80]
    CONST$00BC34A8 k13 'getout_shot_anim' [h=E461505F,$00A25F00]
    CONST$00BC34B0 k14 'Event_RelativeTimer' [h=AD23F6E2,$009F7840]
    CONST$00BC34B8 k15 'InsertionTakeoff' [h=5AB566FF,$009F5100]
    CONST$00BC34C0 k16 'b' [h=00000083,$00983380]
    CONST$00BC34C8 k17 'getout_shot_time' [h=BC973F60,$00A386C0]
    CONST$00BC34D0 k18 'callback_landed' [h=BB9DDD29,$00988420]
     CODE$00BFBCC0
      000 00000005 GETGLOBAL r0 := _G[k0 ('Insertion_Debug' [h=2960F285,$0097FBE0])]
      001 01000041     LOADK r1 := k1 ('InsertionLanded: ....' [h=A6556967,$00A33100])
      002 00010059      CALL r0 (1 args) => 0 results
      003 00000085 GETGLOBAL r0 := _G[k2 ('Player_SpecialDetach' [h=95FBD26C,$00A3B400])]
      004 00008059      CALL r0 (0 args) => 0 results
      005 000000C5 GETGLOBAL r0 := _G[k3 ('Actor_AttachToActor' [h=D762899B,$00A0FE40])]
      006 01000101     LOADK r1 := k4 ('player0' [h=316752BF,$009A56E0])
      007 02000145 GETGLOBAL r2 := _G[k5 ('vehicleActor' [h=76961E35,$00993460])]
      008 03000004  GETUPVAL r3 := u0
      009 0301C006  GETTABLE r3 := r3[k6 ('player_getout_dockpoint' [h=925FFDB2,$00A0F600])]
      010 00020059      CALL r0 (3 args) => 0 results
      011 000001C5 GETGLOBAL r0 := _G[k7 ('Actor_PlayHumanAnimation' [h=57432632,$009EF4C0])]
      012 01000101     LOADK r1 := k4 ('player0' [h=316752BF,$009A56E0])
      013 02000004  GETUPVAL r2 := u0
      014 02014086  GETTABLE r2 := r2[k8 ('player_getout_anim' [h=17E7844E,$00A12D80])]
      015 03000245 GETGLOBAL r3 := _G[k9 ('RS_AFLG_NOHEAD' [h=811D0C13,$009893A0])]
      016 04000285 GETGLOBAL r4 := _G[k10 ('RS_AFLG_HOLD' [h=72A00E3C,$009C4220])]
      017 0301810C       ADD r3 := r3 + r4
      018 040002C5 GETGLOBAL r4 := _G[k11 ('RS_AFLG_DRIVE' [h=4916C41D,$009A4C00])]
      019 0301810C       ADD r3 := r3 + r4
      020 00020059      CALL r0 (3 args) => 0 results
      021 00000305 GETGLOBAL r0 := _G[k12 ('Camera_ScriptPlayAnimation' [h=4697E538,$00A01B80])]
      022 01000004  GETUPVAL r1 := u0
      023 0100C1C6  GETTABLE r1 := r1[k13 ('getout_shot_anim' [h=E461505F,$00A25F00])]
      024 02000145 GETGLOBAL r2 := _G[k5 ('vehicleActor' [h=76961E35,$00993460])]
      025 00018059      CALL r0 (2 args) => 0 results
      026 00000385 GETGLOBAL r0 := _G[k14 ('Event_RelativeTimer' [h=AD23F6E2,$009F7840])]
      027 010003C1     LOADK r1 := k15 ('InsertionTakeoff' [h=5AB566FF,$009F5100])
      028 02000401     LOADK r2 := k16 ('b' [h=00000083,$00983380])
      029 03000004  GETUPVAL r3 := u0
      030 0301C2C6  GETTABLE r3 := r3[k17 ('getout_shot_time' [h=BC973F60,$00A386C0])]
      031 00020059      CALL r0 (3 args) => 0 results
      032 00000004  GETUPVAL r0 := u0
      033 00004306  GETTABLE r0 := r0[k18 ('callback_landed' [h=BB9DDD29,$00988420])]
      034 00000018      TEST not r0 : r0 := r0
      035 00800094       JMP +3 ; 39
      036 00000004  GETUPVAL r0 := u0
      037 00004306  GETTABLE r0 := r0[k18 ('callback_landed' [h=BB9DDD29,$00988420])]
      038 00008059      CALL r0 (0 args) => 0 results
      039 0000801B    RETURN
  [Node$01A2FE10] 'Actor_LookAtActor' [h=397C8124,$009FA7C0]: cfunction$002AEBC8 'Actor_LookAtActor' [h=397C8124,$009FA7C0]
  [Node$01A2FE24] 'mission_GenericInit' [h=884A3525,$00A3F3C0]: function$009C3100 'mission_GenericInit' [h=884A3525,$00A3F3C0]
    CONST$00D3BC40 k0  'Utility_LoadUtilityScript' [h=08CA6B86,$00A17300]
    CONST$00D3BC48 k1  'util_misc' [h=D44907FD,$0098B060]
    CONST$00D3BC50 k2  'util_debug' [h=57A95630,$009A2700]
    CONST$00D3BC58 k3  'cards' [h=12E9BEA0,$0099EB40]
    CONST$00D3BC60 k4  'gameflow' [h=62FB6048,$00976600]
    CONST$00D3BC68 k5  'jeff' [h=00705F5F,$0099E540]
    CONST$00D3BC70 k6  'HERO' [h=0077AA50,$00988480]
    CONST$00D3BC78 k7  'player0' [h=316752BF,$009A56E0]
    CONST$00D3BC80 k8  'HERO_FACTION' [h=A108AB67,$0098E6C0]
    CONST$00D3BC88 k9  'prokat' [h=854F88C7,$0098DFC0]
    CONST$00D3BC90 k10 'sQuadrant' [h=4B410EBA,$0099BEC0]
    CONST$00D3BC98 k11 'Utility_ReadStringFromScribbleMemory' [h=5455F3B9,$00A0C940]
    CONST$00D3BCA0 k12 'SkipTo_Map' [h=F88EFA9D,$009BF700]
    CONST$00D3BCA8 k13 'iChapter' [h=A641C774,$009A7D40]
    CONST$00D3BCB0 k14 'Utility_ReadNumberFromScribbleMemory' [h=2BB92038,$009F9D40]
    CONST$00D3BCB8 k15 'chapter' [h=9A11FF20,$009C12E0]
    CONST$00D3BCC0 k16 'sFaction' [h=7C9C46C0,$009785C0]
    CONST$00D3BCC8 k17 'current_faction' [h=B9B21A68,$009C4920]
    CONST$00D3BCD0 k18 'sMemoryKey_ArcBookmark' [h=3345BF5A,$00A3B340]
    CONST$00D3BCD8 k19 'current_' [h=8FEE355A,$00996FA0]
    CONST$00D3BCE0 k20 '_mission' [h=7DD2639E,$009909E0]
    CONST$00D3BCE8 k21 'iMission' [h=7DD21FF8,$0098A720]
    CONST$00D3BCF0 k22 'sFullMissionID' [h=55237598,$00978BC0]
    CONST$00D3BCF8 k23 '_' [h=0000007E,$0097A4C0]
    CONST$00D3BD00 k24 'sMissionAssetID' [h=73C52FDD,$0098E9A0]
    CONST$00D3BD08 k25 'util_MissionSeqNumToMissionAssetNum' [h=1B571A58,$00A1DCC0]
    CONST$00D3BD10 k26 'sInitialMail' [h=F588F94B,$009A8900]
    CONST$00D3BD18 k27 '_initial' [h=FF92BD8D,$00978DE0]
    CONST$00D3BD20 k28 'FRIENDLY' [h=DA02088A,$00984600]
    CONST$00D3BD28 k29 TObject(3.0)
    CONST$00D3BD30 k30 'NEUTRAL' [h=507D71BD,$0097F740]
    CONST$00D3BD38 k31 TObject(2.0)
    CONST$00D3BD40 k32 'UNFRIENDLY' [h=3A47DB6A,$0099F460]
    CONST$00D3BD48 k33 TObject(1.0)
    CONST$00D3BD50 k34 'HOSTILE' [h=809EFD3A,$00983B40]
    CONST$00D3BD58 k35 TObject(0.0)
    CONST$00D3BD60 k36 'Utility_SetCurrentMissionData' [h=CC8FF4AC,$009EF9C0]
    CONST$00D3BD68 k37 'tMissionData' [h=442107A0,$0098B5A0]
    CONST$00D3BD70 k38 'Utility_ReadMissionData' [h=42A7BBD0,$00A29880]
    CONST$00D3BD78 k39 'iMissionBounty' [h=4700E7BE,$0099BBC0]
    CONST$00D3BD80 k40 'fContractFee' [h=05CA2323,$009A0080]
    CONST$00D3BD88 k41 'sMessageTotalMissionTime' [h=14AB213E,$009F8480]
    CONST$00D3BD90 k42 'Utility_GetStringById' [h=F7067A6C,$009EF080]
    CONST$00D3BD98 k43 'standardMission.totalMissionTime' [h=A0A4F848,$009D29C0]
    CONST$00D3BDA0 k44 TObject(None)
    CONST$00D3BDA8 k45 'Utility_ReadLevelFile' [h=882BA6F9,$00A11C80]
    CONST$00D3BDB0 k46 '\\' [h=0000007D,$00990D60]
    CONST$00D3BDB8 k47 'Utility_LoadPlayerData' [h=C5F69559,$009D38C0]
    CONST$00D3BDC0 k48 'Actor_SetHitPoints' [h=D00F6B9B,$009E3DC0]
    CONST$00D3BDC8 k49 'Actor_GetMaxHitPoints' [h=13A50B22,$009E3D40]
    CONST$00D3BDD0 k50 'Player_RefillWeaponAmmo' [h=7EBC9EDE,$009F7C80]
    CONST$00D3BDD8 k51 'Cinematic_FadeOut' [h=67692EC4,$009EC540]
    CONST$00D3BDE0 k52 'Event_RelativeTimer' [h=AD23F6E2,$009F7840]
    CONST$00D3BDE8 k53 'mission_GenericInit2' [h=030C4402,$00A02CC0]
    CONST$00D3BDF0 k54 'b' [h=00000083,$00983380]
    CONST$00D3BDF8 k55 'Ai_SetFactionFavor' [h=FA240704,$00A0E600]
    CONST$00D3BE00 k56 'Event_ActorHitPointsLessThan' [h=A14D40BC,$009E1F00]
    CONST$00D3BE08 k57 'mission_HeroKilled' [h=A6F64BB9,$009EE180]
    CONST$00D3BE10 k58 'cddnw' [h=12AAD9A7,$0099DA20]
    CONST$00D3BE18 k59 'hMission_FactionAttitudeChange' [h=7412F9A2,$009D4FC0]
    CONST$00D3BE20 k60 'Event_FactionAttitudeChange' [h=14A2E8E2,$009EECC0]
    CONST$00D3BE28 k61 'mission_FactionAttitudeChange' [h=91E791F7,$00A0CBC0]
    CONST$00D3BE30 k62 'Desktop_OverrideDeathSequence' [h=3CAC09E7,$009F87C0]
    CONST$00D3BE38 k63 'TRUE' [h=0067B195,$0097E680]
    CONST$00D3BE40 k64 'util_PrintDebugMsg' [h=A2961C17,$00A25100]
    CONST$00D3BE48 k65 '[mission.lua] mission_GenericInit sQuadrant ' [h=15056C7C,$009F0D00]
    CONST$00D3BE50 k66 '\n' [h=0000002B,$009AB680]
    CONST$00D3BE58 k67 '[mission.lua] mission_GenericInit iChapter ' [h=2C2CD71E,$00A3CE40]
    CONST$00D3BE60 k68 '[mission.lua] mission_GenericInit sFullMissionID ' [h=377BC639,$00ABA240]
    CONST$00D3BE68 k69 '[mission.lua] mission_GenericInit sMissionAssetID ' [h=6CA8CAA1,$00ACA240]
     CODE$014C0100
      000 01000005 GETGLOBAL r1 := _G[k0 ('Utility_LoadUtilityScript' [h=08CA6B86,$00A17300])]
      001 02000041     LOADK r2 := k1 ('util_misc' [h=D44907FD,$0098B060])
      002 01010059      CALL r1 (1 args) => 0 results
      003 01000005 GETGLOBAL r1 := _G[k0 ('Utility_LoadUtilityScript' [h=08CA6B86,$00A17300])]
      004 02000081     LOADK r2 := k2 ('util_debug' [h=57A95630,$009A2700])
      005 01010059      CALL r1 (1 args) => 0 results
      006 01000005 GETGLOBAL r1 := _G[k0 ('Utility_LoadUtilityScript' [h=08CA6B86,$00A17300])]
      007 020000C1     LOADK r2 := k3 ('cards' [h=12E9BEA0,$0099EB40])
      008 01010059      CALL r1 (1 args) => 0 results
      009 01000005 GETGLOBAL r1 := _G[k0 ('Utility_LoadUtilityScript' [h=08CA6B86,$00A17300])]
      010 02000101     LOADK r2 := k4 ('gameflow' [h=62FB6048,$00976600])
      011 01010059      CALL r1 (1 args) => 0 results
      012 01000005 GETGLOBAL r1 := _G[k0 ('Utility_LoadUtilityScript' [h=08CA6B86,$00A17300])]
      013 02000141     LOADK r2 := k5 ('jeff' [h=00705F5F,$0099E540])
      014 01010059      CALL r1 (1 args) => 0 results
      015 010001C1     LOADK r1 := k7 ('player0' [h=316752BF,$009A56E0])
      016 01000187 SETGLOBAL r1 ->> _G[k6 ('HERO' [h=0077AA50,$00988480])]
      017 01000241     LOADK r1 := k9 ('prokat' [h=854F88C7,$0098DFC0])
      018 01000207 SETGLOBAL r1 ->> _G[k8 ('HERO_FACTION' [h=A108AB67,$0098E6C0])]
      019 010002C5 GETGLOBAL r1 := _G[k11 ('Utility_ReadStringFromScribbleMemory' [h=5455F3B9,$00A0C940])]
      020 02000301     LOADK r2 := k12 ('SkipTo_Map' [h=F88EFA9D,$009BF700])
      021 01010099      CALL r1 (1 args) => 1 results
      022 01000287 SETGLOBAL r1 ->> _G[k10 ('sQuadrant' [h=4B410EBA,$0099BEC0])]
      023 01000385 GETGLOBAL r1 := _G[k14 ('Utility_ReadNumberFromScribbleMemory' [h=2BB92038,$009F9D40])]
      024 020003C1     LOADK r2 := k15 ('chapter' [h=9A11FF20,$009C12E0])
      025 01010099      CALL r1 (1 args) => 1 results
      026 01000347 SETGLOBAL r1 ->> _G[k13 ('iChapter' [h=A641C774,$009A7D40])]
      027 010002C5 GETGLOBAL r1 := _G[k11 ('Utility_ReadStringFromScribbleMemory' [h=5455F3B9,$00A0C940])]
      028 02000441     LOADK r2 := k17 ('current_faction' [h=B9B21A68,$009C4920])
      029 01010099      CALL r1 (1 args) => 1 results
      030 01000407 SETGLOBAL r1 ->> _G[k16 ('sFaction' [h=7C9C46C0,$009785C0])]
      031 010004C1     LOADK r1 := k19 ('current_' [h=8FEE355A,$00996FA0])
      032 02000405 GETGLOBAL r2 := _G[k16 ('sFaction' [h=7C9C46C0,$009785C0])]
      033 03000501     LOADK r3 := k20 ('_mission' [h=7DD2639E,$009909E0])
      034 010080D3    CONCAT r1 := r1 ... r3
      035 01000487 SETGLOBAL r1 ->> _G[k18 ('sMemoryKey_ArcBookmark' [h=3345BF5A,$00A3B340])]
      036 01000385 GETGLOBAL r1 := _G[k14 ('Utility_ReadNumberFromScribbleMemory' [h=2BB92038,$009F9D40])]
      037 02000485 GETGLOBAL r2 := _G[k18 ('sMemoryKey_ArcBookmark' [h=3345BF5A,$00A3B340])]
      038 01010099      CALL r1 (1 args) => 1 results
      039 01000547 SETGLOBAL r1 ->> _G[k21 ('iMission' [h=7DD21FF8,$0098A720])]
      040 01000285 GETGLOBAL r1 := _G[k10 ('sQuadrant' [h=4B410EBA,$0099BEC0])]
      041 020005C1     LOADK r2 := k23 ('_' [h=0000007E,$0097A4C0])
      042 03000405 GETGLOBAL r3 := _G[k16 ('sFaction' [h=7C9C46C0,$009785C0])]
      043 04000545 GETGLOBAL r4 := _G[k21 ('iMission' [h=7DD21FF8,$0098A720])]
      044 01008113    CONCAT r1 := r1 ... r4
      045 01000587 SETGLOBAL r1 ->> _G[k22 ('sFullMissionID' [h=55237598,$00978BC0])]
      046 01000285 GETGLOBAL r1 := _G[k10 ('sQuadrant' [h=4B410EBA,$0099BEC0])]
      047 020005C1     LOADK r2 := k23 ('_' [h=0000007E,$0097A4C0])
      048 03000405 GETGLOBAL r3 := _G[k16 ('sFaction' [h=7C9C46C0,$009785C0])]
      049 04000645 GETGLOBAL r4 := _G[k25 ('util_MissionSeqNumToMissionAssetNum' [h=1B571A58,$00A1DCC0])]
      050 05000285 GETGLOBAL r5 := _G[k10 ('sQuadrant' [h=4B410EBA,$0099BEC0])]
      051 06000405 GETGLOBAL r6 := _G[k16 ('sFaction' [h=7C9C46C0,$009785C0])]
      052 07000545 GETGLOBAL r7 := _G[k21 ('iMission' [h=7DD21FF8,$0098A720])]
      053 04020099      CALL r4 (3 args) => 1 results
      054 01008113    CONCAT r1 := r1 ... r4
      055 01000607 SETGLOBAL r1 ->> _G[k24 ('sMissionAssetID' [h=73C52FDD,$0098E9A0])]
      056 01000605 GETGLOBAL r1 := _G[k24 ('sMissionAssetID' [h=73C52FDD,$0098E9A0])]
      057 020006C1     LOADK r2 := k27 ('_initial' [h=FF92BD8D,$00978DE0])
      058 01008093    CONCAT r1 := r1 ... r2
      059 01000687 SETGLOBAL r1 ->> _G[k26 ('sInitialMail' [h=F588F94B,$009A8900])]
      060 01000741     LOADK r1 := k29 (TObject(3.0))
      061 01000707 SETGLOBAL r1 ->> _G[k28 ('FRIENDLY' [h=DA02088A,$00984600])]
      062 010007C1     LOADK r1 := k31 (TObject(2.0))
      063 01000787 SETGLOBAL r1 ->> _G[k30 ('NEUTRAL' [h=507D71BD,$0097F740])]
      064 01000841     LOADK r1 := k33 (TObject(1.0))
      065 01000807 SETGLOBAL r1 ->> _G[k32 ('UNFRIENDLY' [h=3A47DB6A,$0099F460])]
      066 010008C1     LOADK r1 := k35 (TObject(0.0))
      067 01000887 SETGLOBAL r1 ->> _G[k34 ('HOSTILE' [h=809EFD3A,$00983B40])]
      068 01000905 GETGLOBAL r1 := _G[k36 ('Utility_SetCurrentMissionData' [h=CC8FF4AC,$009EF9C0])]
      069 02000605 GETGLOBAL r2 := _G[k24 ('sMissionAssetID' [h=73C52FDD,$0098E9A0])]
      070 01010059      CALL r1 (1 args) => 0 results
      071 01000985 GETGLOBAL r1 := _G[k38 ('Utility_ReadMissionData' [h=42A7BBD0,$00A29880])]
      072 01008099      CALL r1 (0 args) => 1 results
      073 01000947 SETGLOBAL r1 ->> _G[k37 ('tMissionData' [h=442107A0,$0098B5A0])]
      074 01000945 GETGLOBAL r1 := _G[k37 ('tMissionData' [h=442107A0,$0098B5A0])]
      075 0100C886  GETTABLE r1 := r1[k40 ('fContractFee' [h=05CA2323,$009A0080])]
      076 010009C7 SETGLOBAL r1 ->> _G[k39 ('iMissionBounty' [h=4700E7BE,$0099BBC0])]
      077 01000A85 GETGLOBAL r1 := _G[k42 ('Utility_GetStringById' [h=F7067A6C,$009EF080])]
      078 02000AC1     LOADK r2 := k43 ('standardMission.totalMissionTime' [h=A0A4F848,$009D29C0])
      079 01010099      CALL r1 (1 args) => 1 results
      080 01000A47 SETGLOBAL r1 ->> _G[k41 ('sMessageTotalMissionTime' [h=14AB213E,$009F8480])]
      081 01004995        EQ r0 == k44 (TObject(None))
      082 00800054       JMP +2 ; 85
      083 00000058      TEST r0 : r0 := r0
      084 00800054       JMP +2 ; 87
      085 00004995        EQ r0 != k44 (TObject(None))
      086 00800194       JMP +7 ; 94
      087 01000B45 GETGLOBAL r1 := _G[k45 ('Utility_ReadLevelFile' [h=882BA6F9,$00A11C80])]
      088 02000B81     LOADK r2 := k46 ('\\' [h=0000007D,$00990D60])
      089 03000285 GETGLOBAL r3 := _G[k10 ('sQuadrant' [h=4B410EBA,$0099BEC0])]
      090 04000B81     LOADK r4 := k46 ('\\' [h=0000007D,$00990D60])
      091 05000605 GETGLOBAL r5 := _G[k24 ('sMissionAssetID' [h=73C52FDD,$0098E9A0])]
      092 02010153    CONCAT r2 := r2 ... r5
      093 01010059      CALL r1 (1 args) => 0 results
      094 01000BC5 GETGLOBAL r1 := _G[k47 ('Utility_LoadPlayerData' [h=C5F69559,$009D38C0])]
      095 01008059      CALL r1 (0 args) => 0 results
      096 01000C05 GETGLOBAL r1 := _G[k48 ('Actor_SetHitPoints' [h=D00F6B9B,$009E3DC0])]
      097 020001C1     LOADK r2 := k7 ('player0' [h=316752BF,$009A56E0])
      098 03000C45 GETGLOBAL r3 := _G[k49 ('Actor_GetMaxHitPoints' [h=13A50B22,$009E3D40])]
      099 040001C1     LOADK r4 := k7 ('player0' [h=316752BF,$009A56E0])
      100 03010019      CALL r3 (1 args) => -1 results
      101 01000059      CALL r1 (-1 args) => 0 results
      102 01000C85 GETGLOBAL r1 := _G[k50 ('Player_RefillWeaponAmmo' [h=7EBC9EDE,$009F7C80])]
      103 01008059      CALL r1 (0 args) => 0 results
      104 01000CC5 GETGLOBAL r1 := _G[k51 ('Cinematic_FadeOut' [h=67692EC4,$009EC540])]
      105 020008C1     LOADK r2 := k35 (TObject(0.0))
      106 01010059      CALL r1 (1 args) => 0 results
      107 01000D05 GETGLOBAL r1 := _G[k52 ('Event_RelativeTimer' [h=AD23F6E2,$009F7840])]
      108 02000D41     LOADK r2 := k53 ('mission_GenericInit2' [h=030C4402,$00A02CC0])
      109 03000D81     LOADK r3 := k54 ('b' [h=00000083,$00983380])
      110 04000841     LOADK r4 := k33 (TObject(1.0))
      111 01020059      CALL r1 (3 args) => 0 results
      112 01000DC5 GETGLOBAL r1 := _G[k55 ('Ai_SetFactionFavor' [h=FA240704,$00A0E600])]
      113 02000185 GETGLOBAL r2 := _G[k6 ('HERO' [h=0077AA50,$00988480])]
      114 03000405 GETGLOBAL r3 := _G[k16 ('sFaction' [h=7C9C46C0,$009785C0])]
      115 04008002  LOADBOOL r4 := True
      116 01020059      CALL r1 (3 args) => 0 results
      117 01000E05 GETGLOBAL r1 := _G[k56 ('Event_ActorHitPointsLessThan' [h=A14D40BC,$009E1F00])]
      118 02000E41     LOADK r2 := k57 ('mission_HeroKilled' [h=A6F64BB9,$009EE180])
      119 03000D81     LOADK r3 := k54 ('b' [h=00000083,$00983380])
      120 04000185 GETGLOBAL r4 := _G[k6 ('HERO' [h=0077AA50,$00988480])]
      121 05000841     LOADK r5 := k33 (TObject(1.0))
      122 01028059      CALL r1 (4 args) => 0 results
      123 01000285 GETGLOBAL r1 := _G[k10 ('sQuadrant' [h=4B410EBA,$0099BEC0])]
      124 0100CD15        EQ r1 == k58 ('cddnw' [h=12AAD9A7,$0099DA20])
      125 00800194       JMP +7 ; 133
      126 01000F05 GETGLOBAL r1 := _G[k60 ('Event_FactionAttitudeChange' [h=14A2E8E2,$009EECC0])]
      127 02000F41     LOADK r2 := k61 ('mission_FactionAttitudeChange' [h=91E791F7,$00A0CBC0])
      128 03000D81     LOADK r3 := k54 ('b' [h=00000083,$00983380])
      129 04000405 GETGLOBAL r4 := _G[k16 ('sFaction' [h=7C9C46C0,$009785C0])]
      130 05000205 GETGLOBAL r5 := _G[k8 ('HERO_FACTION' [h=A108AB67,$0098E6C0])]
      131 01028099      CALL r1 (4 args) => 1 results
      132 01000EC7 SETGLOBAL r1 ->> _G[k59 ('hMission_FactionAttitudeChange' [h=7412F9A2,$009D4FC0])]
      133 01000F85 GETGLOBAL r1 := _G[k62 ('Desktop_OverrideDeathSequence' [h=3CAC09E7,$009F87C0])]
      134 02000FC5 GETGLOBAL r2 := _G[k63 ('TRUE' [h=0067B195,$0097E680])]
      135 01010059      CALL r1 (1 args) => 0 results
      136 01001005 GETGLOBAL r1 := _G[k64 ('util_PrintDebugMsg' [h=A2961C17,$00A25100])]
      137 02001041     LOADK r2 := k65 ('[mission.lua] mission_GenericInit sQuadrant ' [h=15056C7C,$009F0D00])
      138 03000285 GETGLOBAL r3 := _G[k10 ('sQuadrant' [h=4B410EBA,$0099BEC0])]
      139 04001081     LOADK r4 := k66 ('\n' [h=0000002B,$009AB680])
      140 02010113    CONCAT r2 := r2 ... r4
      141 01010059      CALL r1 (1 args) => 0 results
      142 01001005 GETGLOBAL r1 := _G[k64 ('util_PrintDebugMsg' [h=A2961C17,$00A25100])]
      143 020010C1     LOADK r2 := k67 ('[mission.lua] mission_GenericInit iChapter ' [h=2C2CD71E,$00A3CE40])
      144 03000345 GETGLOBAL r3 := _G[k13 ('iChapter' [h=A641C774,$009A7D40])]
      145 04001081     LOADK r4 := k66 ('\n' [h=0000002B,$009AB680])
      146 02010113    CONCAT r2 := r2 ... r4
      147 01010059      CALL r1 (1 args) => 0 results
      148 01001005 GETGLOBAL r1 := _G[k64 ('util_PrintDebugMsg' [h=A2961C17,$00A25100])]
      149 02001101     LOADK r2 := k68 ('[mission.lua] mission_GenericInit sFullMissionID ' [h=377BC639,$00ABA240])
      150 03000585 GETGLOBAL r3 := _G[k22 ('sFullMissionID' [h=55237598,$00978BC0])]
      151 04001081     LOADK r4 := k66 ('\n' [h=0000002B,$009AB680])
      152 02010113    CONCAT r2 := r2 ... r4
      153 01010059      CALL r1 (1 args) => 0 results
      154 01001005 GETGLOBAL r1 := _G[k64 ('util_PrintDebugMsg' [h=A2961C17,$00A25100])]
      155 02001141     LOADK r2 := k69 ('[mission.lua] mission_GenericInit sMissionAssetID ' [h=6CA8CAA1,$00ACA240])
      156 03000605 GETGLOBAL r3 := _G[k24 ('sMissionAssetID' [h=73C52FDD,$0098E9A0])]
      157 04001081     LOADK r4 := k66 ('\n' [h=0000002B,$009AB680])
      158 02010113    CONCAT r2 := r2 ... r4
      159 01010059      CALL r1 (1 args) => 0 results
      160 0000801B    RETURN
  [Node$01A2FE4C] 'Desktop_BeginVerify' [h=B6292127,$00A41F40]: cfunction$002C82B8 'Desktop_BeginVerify' [h=B6292127,$00A41F40]
  [Node$01A2FE60] 'mission_ObjectiveDeliverActorToRegion' [h=954E7128,$00A220C0]: function$0099E0C0 'mission_ObjectiveDeliverActorToRegion' [h=954E7128,$00A220C0]
    CONST$00C02C80 k0  TObject(None)
    CONST$00C02C88 k1  'type' [h=0070EF71,$009875A0]
    CONST$00C02C90 k2  'string' [h=81F98B41,$0097FB00]
    CONST$00C02C98 k3  'number' [h=77DB8760,$0099E3A0]
    CONST$00C02CA0 k4  'mission_ObjectiveDeliver' [h=4333748A,$009E0840]
    CONST$00C02CA8 k5  'callbackFunc' [h=1E1CD035,$009C7860]
    CONST$00C02CB0 k6  'objectiveName' [h=2337C7CC,$0097D840]
    CONST$00C02CB8 k7  'objectiveType' [h=4CF75B8E,$00995160]
    CONST$00C02CC0 k8  'targetType' [h=4E235805,$0098DD20]
    CONST$00C02CC8 k9  'actorName' [h=4EB2E2FD,$0098A660]
    CONST$00C02CD0 k10 'markActorInGPS' [h=F06DA975,$0098E960]
    CONST$00C02CD8 k11 'markActorInPDA' [h=7DC541FE,$00977840]
    CONST$00C02CE0 k12 'markActorInWorld' [h=CA3DE581,$009D4CC0]
    CONST$00C02CE8 k13 'destLoc' [h=0C475489,$0098D3C0]
    CONST$00C02CF0 k14 'destLocRadius' [h=33FDCDF5,$00995640]
    CONST$00C02CF8 k15 'destLineRegion' [h=8EB06915,$009A21A0]
    CONST$00C02D00 k16 'destLineRegionLoc' [h=45A2B4F1,$00A3ADC0]
    CONST$00C02D08 k17 'destDesc' [h=3708226A,$00978EA0]
    CONST$00C02D10 k18 'markDestInGPS' [h=6613D769,$009873A0]
    CONST$00C02D18 k19 'markDestInPDA' [h=CD792AAE,$009C3A40]
    CONST$00C02D20 k20 'markDestInWorld' [h=41EBB8BB,$0097E040]
     CODE$00B8F6C0
      000 10098003   LOADNIL r16 ... r19
      001 01073E95        EQ r14 == k0 (TObject(None))
      002 008001D4       JMP +8 ; 11
      003 14000045 GETGLOBAL r20 := _G[k1 ('type' [h=0070EF71,$009875A0])]
      004 15070000      MOVE r21 := r14
      005 14010099      CALL r20 (1 args) => 1 results
      006 000A3F15        EQ r20 != k2 ('string' [h=81F98B41,$0097FB00])
      007 00800094       JMP +3 ; 11
      008 12028000      MOVE r18 := r5
      009 13070000      MOVE r19 := r14
      010 00800294       JMP +11 ; 22
      011 01073E95        EQ r14 == k0 (TObject(None))
      012 00800194       JMP +7 ; 20
      013 01073E95        EQ r14 == k0 (TObject(None))
      014 00800194       JMP +7 ; 22
      015 14000045 GETGLOBAL r20 := _G[k1 ('type' [h=0070EF71,$009875A0])]
      016 15070000      MOVE r21 := r14
      017 14010099      CALL r20 (1 args) => 1 results
      018 000A3F55        EQ r20 != k3 ('number' [h=77DB8760,$0099E3A0])
      019 00800054       JMP +2 ; 22
      020 10028000      MOVE r16 := r5
      021 11070000      MOVE r17 := r14
      022 14000105 GETGLOBAL r20 := _G[k4 ('mission_ObjectiveDeliver' [h=4333748A,$009E0840])]
      023 1500014A  NEWTABLE r21 := {} (#a=0, #h=5)
      024 157F8009  SETTABLE r0 ->> r21[k5 ('callbackFunc' [h=1E1CD035,$009C7860])]
      025 15800049  SETTABLE r1 ->> r21[k6 ('objectiveName' [h=2337C7CC,$0097D840])]
      026 15808189  SETTABLE r6 ->> r21[k7 ('objectiveType' [h=4CF75B8E,$00995160])]
      027 158101C9  SETTABLE r7 ->> r21[k8 ('targetType' [h=4E235805,$0098DD20])]
      028 15818109  SETTABLE r4 ->> r21[k9 ('actorName' [h=4EB2E2FD,$0098A660])]
      029 15820209  SETTABLE r8 ->> r21[k10 ('markActorInGPS' [h=F06DA975,$0098E960])]
      030 15828249  SETTABLE r9 ->> r21[k11 ('markActorInPDA' [h=7DC541FE,$00977840])]
      031 15830289  SETTABLE r10 ->> r21[k12 ('markActorInWorld' [h=CA3DE581,$009D4CC0])]
      032 15838409  SETTABLE r16 ->> r21[k13 ('destLoc' [h=0C475489,$0098D3C0])]
      033 15840449  SETTABLE r17 ->> r21[k14 ('destLocRadius' [h=33FDCDF5,$00995640])]
      034 15848489  SETTABLE r18 ->> r21[k15 ('destLineRegion' [h=8EB06915,$009A21A0])]
      035 158504C9  SETTABLE r19 ->> r21[k16 ('destLineRegionLoc' [h=45A2B4F1,$00A3ADC0])]
      036 158580C9  SETTABLE r3 ->> r21[k17 ('destDesc' [h=3708226A,$00978EA0])]
      037 158602C9  SETTABLE r11 ->> r21[k18 ('markDestInGPS' [h=6613D769,$009873A0])]
      038 15868309  SETTABLE r12 ->> r21[k19 ('markDestInPDA' [h=CD792AAE,$009C3A40])]
      039 15870349  SETTABLE r13 ->> r21[k20 ('markDestInWorld' [h=41EBB8BB,$0097E040])]
      040 14010059      CALL r20 (1 args) => 0 results
      041 0000801B    RETURN
  [Node$01A2FE74] 'jeff_costumeTentExists' [h=8DB7F529,$00A0B6C0]: function$0098B960 'jeff_costumeTentExists' [h=8DB7F529,$00A0B6C0]
    CONST$00959470 k0  'Utility_GetActor' [h=077E9779,$009FB8C0]
    CONST$00959478 k1  'costumeTentEntrance' [h=90556325,$009D2F00]
     CODE$00986B60
      000 00000005 GETGLOBAL r0 := _G[k0 ('Utility_GetActor' [h=077E9779,$009FB8C0])]
      001 01000041     LOADK r1 := k1 ('costumeTentEntrance' [h=90556325,$009D2F00])
      002 0001001A  TAILCALL r0 (1 args)
      003 0000001B    RETURN r0 ... top
      004 0000801B    RETURN
  [Node$01A2FE88] 'DELIV_AREA_TYPE_REGION' [h=C2EFF12A,$00A20E40]: TObject(2.0)
  [Node$01A2FEB0] 'mission_FaceCardVerified' [h=F3B1312C,$009D7E40]: function$009853C0 'mission_FaceCardVerified' [h=F3B1312C,$009D7E40]
    CONST$009DF0C0 k0  'mission_DetermineFaceCard' [h=690888D6,$009DAC80]
    CONST$009DF0C8 k1  'Global_SetValue' [h=AB0FD37C,$0099C420]
    CONST$009DF0D0 k2  'MissionBoundCardKilled' [h=E7911B1B,$009FB1C0]
    CONST$009DF0D8 k3  TObject(1.0)
    CONST$009DF0E0 k4  TObject(0.0)
    CONST$009DF0E8 k5  'gameflow_DeckCardVerified' [h=52863805,$009DC100]
     CODE$00A747C0
      000 01000005 GETGLOBAL r1 := _G[k0 ('mission_DetermineFaceCard' [h=690888D6,$009DAC80])]
      001 02000000      MOVE r2 := r0
      002 01010119      CALL r1 (1 args) => 3 results
      003 00000018      TEST not r0 : r0 := r0
      004 00800114       JMP +5 ; 10
      005 04000045 GETGLOBAL r4 := _G[k1 ('Global_SetValue' [h=AB0FD37C,$0099C420])]
      006 05000081     LOADK r5 := k2 ('MissionBoundCardKilled' [h=E7911B1B,$009FB1C0])
      007 060000C1     LOADK r6 := k3 (TObject(1.0))
      008 04018059      CALL r4 (2 args) => 0 results
      009 008000D4       JMP +4 ; 14
      010 04000045 GETGLOBAL r4 := _G[k1 ('Global_SetValue' [h=AB0FD37C,$0099C420])]
      011 05000081     LOADK r5 := k2 ('MissionBoundCardKilled' [h=E7911B1B,$009FB1C0])
      012 06000101     LOADK r6 := k4 (TObject(0.0))
      013 04018059      CALL r4 (2 args) => 0 results
      014 04000145 GETGLOBAL r4 := _G[k5 ('gameflow_DeckCardVerified' [h=52863805,$009DC100])]
      015 05008000      MOVE r5 := r1
      016 06010000      MOVE r6 := r2
      017 07018000      MOVE r7 := r3
      018 04020059      CALL r4 (3 args) => 0 results
      019 0000801B    RETURN
  [Node$01A2FED8] 'mission_ObjectiveDeliver_Deinit' [h=B296412E,$00A39300]: function$0099A7E0 'mission_ObjectiveDeliver_Deinit' [h=B296412E,$00A39300]
    CONST$00C814C0 k0  'MISSION_OBJECTIVEDELIVER_LUA_LOADED' [h=EC480A77,$009DF180]
    CONST$00C814C8 k1  'mission_ObjectiveDeliverActorToRegion' [h=954E7128,$00A220C0]
    CONST$00C814D0 k2  'mission_ObjectiveDeliver' [h=4333748A,$009E0840]
    CONST$00C814D8 k3  'DELIV_AREA_TYPE_LOC' [h=C2CF524B,$00A23880]
    CONST$00C814E0 k4  'DELIV_AREA_TYPE_REGION' [h=C2EFF12A,$00A20E40]
    CONST$00C814E8 k5  'DELIV_AREA_TYPE_LINEREGION' [h=E0C7BEF0,$00A04300]
    CONST$00C814F0 k6  'DetermineDeliveryAreaType' [h=C8F189E9,$009D6700]
    CONST$00C814F8 k7  'CreateDestinationRegionBlip' [h=4E25EC62,$00A08DC0]
    CONST$00C81500 k8  'RemoveDestinationRegionBlip' [h=17EB8864,$009E6900]
    CONST$00C81508 k9  'CreateTargetActorBlip' [h=964AC294,$009E9980]
    CONST$00C81510 k10 'RemoveTargetActorBlip' [h=970D0ED5,$00A2B800]
    CONST$00C81518 k11 'SetupEventActorInsideRegion' [h=B0F6FBC4,$009F7E40]
    CONST$00C81520 k12 'SetupEventActorOutsideRegion' [h=E074D3A0,$009D1140]
    CONST$00C81528 k13 'ActorInsideRegion' [h=3108DA37,$00A0A400]
    CONST$00C81530 k14 'ActorOutsideRegion' [h=8FC85E9B,$009EE640]
    CONST$00C81538 k15 'SetupEventActorInVehicleStatusChange' [h=931E9EB3,$00A2A780]
    CONST$00C81540 k16 'ActorInVehicleStatusChange' [h=E61C59CF,$009EFEC0]
    CONST$00C81548 k17 'SetupEventSomethingWinchedStatusChange' [h=240E68E8,$00A3D200]
    CONST$00C81550 k18 'SomethingWinchedStatusChange' [h=3C78ED76,$009D1900]
    CONST$00C81558 k19 'SetupEventActorInTargetVehicleStatusChange' [h=9A0ED636,$009E5540]
    CONST$00C81560 k20 'ActorInTargetVehicleStatusChange' [h=D9D4FB5C,$00A1ECC0]
    CONST$00C81568 k21 'SetupEventTargetActorInVehicleStatusChange' [h=00E9FFEE,$009D5240]
    CONST$00C81570 k22 'TargetActorInVehicleStatusChange' [h=6B63C89B,$00A1FBC0]
    CONST$00C81578 k23 'SetupEventTargetActorFollowingHeroStatusChange' [h=F88DA6D4,$00A01340]
    CONST$00C81580 k24 'TargetActorFollowingHero' [h=6379611D,$009F99C0]
    CONST$00C81588 k25 'TargetActorNotFollowingHero' [h=52A6DA07,$009CB700]
    CONST$00C81590 k26 'TargetActorFollowingHeroStatusChange' [h=FA953A32,$009CE640]
    CONST$00C81598 k27 'DeliveryCheck' [h=B7ECB131,$009942C0]
    CONST$00C815A0 k28 'VehicleDeliveryCheck' [h=3B2108BD,$00A13E40]
    CONST$00C815A8 k29 'HumanDeliveryCheck' [h=2FD95FF1,$009E8680]
    CONST$00C815B0 k30 'ObjectDeliveryCheck' [h=925F780A,$009FEE80]
    CONST$00C815B8 k31 'SetupEventActorDestroyed' [h=AFD57238,$009DFAC0]
    CONST$00C815C0 k32 'TargetActorDestroyed' [h=6D8A839E,$00A0EF00]
    CONST$00C815C8 k33 'mission_ObjectiveDeliver_Deinit' [h=B296412E,$00A39300]
     CODE$00CA6400
      000 00000003   LOADNIL r0 ... r0
      001 00000007 SETGLOBAL r0 ->> _G[k0 ('MISSION_OBJECTIVEDELIVER_LUA_LOADED' [h=EC480A77,$009DF180])]
      002 00000003   LOADNIL r0 ... r0
      003 00000047 SETGLOBAL r0 ->> _G[k1 ('mission_ObjectiveDeliverActorToRegion' [h=954E7128,$00A220C0])]
      004 00000003   LOADNIL r0 ... r0
      005 00000087 SETGLOBAL r0 ->> _G[k2 ('mission_ObjectiveDeliver' [h=4333748A,$009E0840])]
      006 00000003   LOADNIL r0 ... r0
      007 000000C7 SETGLOBAL r0 ->> _G[k3 ('DELIV_AREA_TYPE_LOC' [h=C2CF524B,$00A23880])]
      008 00000003   LOADNIL r0 ... r0
      009 00000107 SETGLOBAL r0 ->> _G[k4 ('DELIV_AREA_TYPE_REGION' [h=C2EFF12A,$00A20E40])]
      010 00000003   LOADNIL r0 ... r0
      011 00000147 SETGLOBAL r0 ->> _G[k5 ('DELIV_AREA_TYPE_LINEREGION' [h=E0C7BEF0,$00A04300])]
      012 00000003   LOADNIL r0 ... r0
      013 00000187 SETGLOBAL r0 ->> _G[k6 ('DetermineDeliveryAreaType' [h=C8F189E9,$009D6700])]
      014 00000003   LOADNIL r0 ... r0
      015 000001C7 SETGLOBAL r0 ->> _G[k7 ('CreateDestinationRegionBlip' [h=4E25EC62,$00A08DC0])]
      016 00000003   LOADNIL r0 ... r0
      017 00000207 SETGLOBAL r0 ->> _G[k8 ('RemoveDestinationRegionBlip' [h=17EB8864,$009E6900])]
      018 00000003   LOADNIL r0 ... r0
      019 00000247 SETGLOBAL r0 ->> _G[k9 ('CreateTargetActorBlip' [h=964AC294,$009E9980])]
      020 00000003   LOADNIL r0 ... r0
      021 00000287 SETGLOBAL r0 ->> _G[k10 ('RemoveTargetActorBlip' [h=970D0ED5,$00A2B800])]
      022 00000003   LOADNIL r0 ... r0
      023 000002C7 SETGLOBAL r0 ->> _G[k11 ('SetupEventActorInsideRegion' [h=B0F6FBC4,$009F7E40])]
      024 00000003   LOADNIL r0 ... r0
      025 00000307 SETGLOBAL r0 ->> _G[k12 ('SetupEventActorOutsideRegion' [h=E074D3A0,$009D1140])]
      026 00000003   LOADNIL r0 ... r0
      027 00000347 SETGLOBAL r0 ->> _G[k13 ('ActorInsideRegion' [h=3108DA37,$00A0A400])]
      028 00000003   LOADNIL r0 ... r0
      029 00000387 SETGLOBAL r0 ->> _G[k14 ('ActorOutsideRegion' [h=8FC85E9B,$009EE640])]
      030 00000003   LOADNIL r0 ... r0
      031 000003C7 SETGLOBAL r0 ->> _G[k15 ('SetupEventActorInVehicleStatusChange' [h=931E9EB3,$00A2A780])]
      032 00000003   LOADNIL r0 ... r0
      033 00000407 SETGLOBAL r0 ->> _G[k16 ('ActorInVehicleStatusChange' [h=E61C59CF,$009EFEC0])]
      034 00000003   LOADNIL r0 ... r0
      035 00000447 SETGLOBAL r0 ->> _G[k17 ('SetupEventSomethingWinchedStatusChange' [h=240E68E8,$00A3D200])]
      036 00000003   LOADNIL r0 ... r0
      037 00000487 SETGLOBAL r0 ->> _G[k18 ('SomethingWinchedStatusChange' [h=3C78ED76,$009D1900])]
      038 00000003   LOADNIL r0 ... r0
      039 000004C7 SETGLOBAL r0 ->> _G[k19 ('SetupEventActorInTargetVehicleStatusChange' [h=9A0ED636,$009E5540])]
      040 00000003   LOADNIL r0 ... r0
      041 00000507 SETGLOBAL r0 ->> _G[k20 ('ActorInTargetVehicleStatusChange' [h=D9D4FB5C,$00A1ECC0])]
      042 00000003   LOADNIL r0 ... r0
      043 00000547 SETGLOBAL r0 ->> _G[k21 ('SetupEventTargetActorInVehicleStatusChange' [h=00E9FFEE,$009D5240])]
      044 00000003   LOADNIL r0 ... r0
      045 00000587 SETGLOBAL r0 ->> _G[k22 ('TargetActorInVehicleStatusChange' [h=6B63C89B,$00A1FBC0])]
      046 00000003   LOADNIL r0 ... r0
      047 000005C7 SETGLOBAL r0 ->> _G[k23 ('SetupEventTargetActorFollowingHeroStatusChange' [h=F88DA6D4,$00A01340])]
      048 00000003   LOADNIL r0 ... r0
      049 00000607 SETGLOBAL r0 ->> _G[k24 ('TargetActorFollowingHero' [h=6379611D,$009F99C0])]
      050 00000003   LOADNIL r0 ... r0
      051 00000647 SETGLOBAL r0 ->> _G[k25 ('TargetActorNotFollowingHero' [h=52A6DA07,$009CB700])]
      052 00000003   LOADNIL r0 ... r0
      053 00000687 SETGLOBAL r0 ->> _G[k26 ('TargetActorFollowingHeroStatusChange' [h=FA953A32,$009CE640])]
      054 00000003   LOADNIL r0 ... r0
      055 000006C7 SETGLOBAL r0 ->> _G[k27 ('DeliveryCheck' [h=B7ECB131,$009942C0])]
      056 00000003   LOADNIL r0 ... r0
      057 00000707 SETGLOBAL r0 ->> _G[k28 ('VehicleDeliveryCheck' [h=3B2108BD,$00A13E40])]
      058 00000003   LOADNIL r0 ... r0
      059 00000747 SETGLOBAL r0 ->> _G[k29 ('HumanDeliveryCheck' [h=2FD95FF1,$009E8680])]
      060 00000003   LOADNIL r0 ... r0
      061 00000787 SETGLOBAL r0 ->> _G[k30 ('ObjectDeliveryCheck' [h=925F780A,$009FEE80])]
      062 00000003   LOADNIL r0 ... r0
      063 000007C7 SETGLOBAL r0 ->> _G[k31 ('SetupEventActorDestroyed' [h=AFD57238,$009DFAC0])]
      064 00000003   LOADNIL r0 ... r0
      065 00000807 SETGLOBAL r0 ->> _G[k32 ('TargetActorDestroyed' [h=6D8A839E,$00A0EF00])]
      066 00000003   LOADNIL r0 ... r0
      067 00000847 SETGLOBAL r0 ->> _G[k33 ('mission_ObjectiveDeliver_Deinit' [h=B296412E,$00A39300])]
      068 0000801B    RETURN
  [Node$01A2FF14] 'DeliveryCheck' [h=B7ECB131,$009942C0]: function$0098A380 'DeliveryCheck' [h=B7ECB131,$009942C0]
    CONST$00CCB840 k0  'util_PrintDebugMsg' [h=A2961C17,$00A25100]
    CONST$00CCB848 k1  '\n[OBJECTIVEDELIVER] DeliveryCheck: actor invalid!\n' [h=2599B371,$00AB28C0]
    CONST$00CCB850 k2  'mission_tTargets' [h=28796635,$00A38080]
    CONST$00CCB858 k3  'Utility_GetActorAsInt' [h=A2B359A3,$00A3EB80]
    CONST$00CCB860 k4  'mission_tObjectives' [h=B4A8BCEB,$009D7BC0]
    CONST$00CCB868 k5  'objectiveName' [h=2337C7CC,$0097D840]
    CONST$00CCB870 k6  'TRUE' [h=0067B195,$0097E680]
    CONST$00CCB878 k7  'verb' [h=0076582D,$0098A700]
    CONST$00CCB880 k8  'VERB_DELIVER' [h=B4F35383,$00985E60]
    CONST$00CCB888 k9  '\n[OBJECTIVEDELIVER] DeliveryCheck: abort delivery check; this actor is not tied with a delivery objective\n' [h=EB926C85,$00AA7140]
    CONST$00CCB890 k10 'actorDelivered' [h=794D3DE9,$00981400]
    CONST$00CCB898 k11 '\n[OBJECTIVEDELIVER] DeliveryCheck: this actor has already been delivered.  Superfluous call to DeliveryCheck?\n' [h=A469D277,$00A9A240]
    CONST$00CCB8A0 k12 '\n[OBJECTIVEDELIVER] ------------------------------DELIVERY CHECK BEGIN----------------------------\n' [h=49816107,$00A94240]
    CONST$00CCB8A8 k13 '[OBJECTIVEDELIVER] delivery type: ' [h=D3028DF5,$00A37800]
    CONST$00CCB8B0 k14 'delivType' [h=4FDAE96F,$0098DE80]
    CONST$00CCB8B8 k15 '\n' [h=0000002B,$009AB680]
    CONST$00CCB8C0 k16 'DELIVTYPE_SIMULTANEOUS' [h=EFA081C3,$009DA640]
    CONST$00CCB8C8 k17 'ipairs' [h=B6F4A157,$0098FC00]
    CONST$00CCB8D0 k18 'targetActors' [h=DB0363C4,$0097CC00]
    CONST$00CCB8D8 k19 'VERB_DELIVER_VEH' [h=011F7CFD,$009D3180]
    CONST$00CCB8E0 k20 'VehicleDeliveryCheck' [h=3B2108BD,$00A13E40]
    CONST$00CCB8E8 k21 'VERB_DELIVER_HUM' [h=AC2E5278,$00A38640]
    CONST$00CCB8F0 k22 'HumanDeliveryCheck' [h=2FD95FF1,$009E8680]
    CONST$00CCB8F8 k23 'VERB_DELIVER_OBJ' [h=61CA93A2,$00A36740]
    CONST$00CCB900 k24 'ObjectDeliveryCheck' [h=925F780A,$009FEE80]
    CONST$00CCB908 k25 'FALSE' [h=0E4B730F,$009A6040]
    CONST$00CCB910 k26 'actorName' [h=4EB2E2FD,$0098A660]
    CONST$00CCB918 k27 '\n[OBJECTIVEDELIVER] DeliveryCheck: actor ' [h=1517A4A3,$009E8CC0]
    CONST$00CCB920 k28 ' is invalid; not evaluating this actor\n' [h=2B9772C8,$00A3A740]
    CONST$00CCB928 k29 'DELIVTYPE_SEQUENTIAL' [h=7839B128,$009F7A00]
    CONST$00CCB930 k30 'targetsRemaining' [h=124C4A35,$00A15A00]
    CONST$00CCB938 k31 TObject(1.0)
    CONST$00CCB940 k32 'RemoveTargetActorBlip' [h=970D0ED5,$00A2B800]
    CONST$00CCB948 k33 'mission_RemoveObjectiveTarget' [h=4C7C6737,$00A16280]
    CONST$00CCB950 k34 '[OBJECTIVEDELIVER] deliverables remaining: ' [h=C098B06F,$00A06600]
    CONST$00CCB958 k35 TObject(0.0)
    CONST$00CCB960 k36 'objectify' [h=AEDDA575,$009C5EA0]
    CONST$00CCB968 k37 'mission_RemoveObjective' [h=B90D805B,$00A28940]
    CONST$00CCB970 k38 '[OBJECTIVEDELIVER] All actors delivered (objective ' [h=9466426E,$00A77440]
    CONST$00CCB978 k39 ')\n' [h=00000973,$00999AC0]
    CONST$00CCB980 k40 'DetermineDeliveryAreaType' [h=C8F189E9,$009D6700]
    CONST$00CCB988 k41 'dest' [h=0078F78C,$00983E60]
    CONST$00CCB990 k42 'Actor_IsAlive' [h=BD5193A3,$009A6640]
    CONST$00CCB998 k43 'callbackFunc' [h=1E1CD035,$009C7860]
    CONST$00CCB9A0 k44 '[OBJECTIVEDELIVER] ------------------------------DELIVERY CHECK END------------------------------\n' [h=2F3540AA,$00A77140]
     CODE$0197F740
      000 00000058      TEST r0 : r0 := r0
      001 008000D4       JMP +4 ; 6
      002 01000005 GETGLOBAL r1 := _G[k0 ('util_PrintDebugMsg' [h=A2961C17,$00A25100])]
      003 02000041     LOADK r2 := k1 ('\n[OBJECTIVEDELIVER] DeliveryCheck: actor invalid!\n' [h=2599B371,$00AB28C0])
      004 01010059      CALL r1 (1 args) => 0 results
      005 0000801B    RETURN
      006 01000085 GETGLOBAL r1 := _G[k2 ('mission_tTargets' [h=28796635,$00A38080])]
      007 020000C5 GETGLOBAL r2 := _G[k3 ('Utility_GetActorAsInt' [h=A2B359A3,$00A3EB80])]
      008 03000000      MOVE r3 := r0
      009 02010099      CALL r2 (1 args) => 1 results
      010 01008086  GETTABLE r1 := r1[r2]
      011 02000105 GETGLOBAL r2 := _G[k4 ('mission_tObjectives' [h=B4A8BCEB,$009D7BC0])]
      012 0300BFC6  GETTABLE r3 := r1[k5 ('objectiveName' [h=2337C7CC,$0097D840])]
      013 020100C6  GETTABLE r2 := r2[r3]
      014 03000185 GETGLOBAL r3 := _G[k6 ('TRUE' [h=0067B195,$0097E680])]
      015 04000185 GETGLOBAL r4 := _G[k6 ('TRUE' [h=0067B195,$0097E680])]
      016 05014046  GETTABLE r5 := r2[k7 ('verb' [h=0076582D,$0098A700])]
      017 06000205 GETGLOBAL r6 := _G[k8 ('VERB_DELIVER' [h=B4F35383,$00985E60])]
      018 01028195        EQ r5 == r6
      019 008000D4       JMP +4 ; 24
      020 05000005 GETGLOBAL r5 := _G[k0 ('util_PrintDebugMsg' [h=A2961C17,$00A25100])]
      021 06000241     LOADK r6 := k9 ('\n[OBJECTIVEDELIVER] DeliveryCheck: abort delivery check; this actor is not tied with a delivery objective\n' [h=EB926C85,$00AA7140])
      022 05010059      CALL r5 (1 args) => 0 results
      023 0000801B    RETURN
      024 0500C106  GETTABLE r5 := r1[k10 ('actorDelivered' [h=794D3DE9,$00981400])]
      025 05028018      TEST not r5 : r5 := r5
      026 00800114       JMP +5 ; 32
      027 05000005 GETGLOBAL r5 := _G[k0 ('util_PrintDebugMsg' [h=A2961C17,$00A25100])]
      028 060002C1     LOADK r6 := k11 ('\n[OBJECTIVEDELIVER] DeliveryCheck: this actor has already been delivered.  Superfluous call to DeliveryCheck?\n' [h=A469D277,$00A9A240])
      029 05010059      CALL r5 (1 args) => 0 results
      030 0000801B    RETURN
      031 00800094       JMP +3 ; 35
      032 05000005 GETGLOBAL r5 := _G[k0 ('util_PrintDebugMsg' [h=A2961C17,$00A25100])]
      033 06000301     LOADK r6 := k12 ('\n[OBJECTIVEDELIVER] ------------------------------DELIVERY CHECK BEGIN----------------------------\n' [h=49816107,$00A94240])
      034 05010059      CALL r5 (1 args) => 0 results
      035 05000005 GETGLOBAL r5 := _G[k0 ('util_PrintDebugMsg' [h=A2961C17,$00A25100])]
      036 06000341     LOADK r6 := k13 ('[OBJECTIVEDELIVER] delivery type: ' [h=D3028DF5,$00A37800])
      037 07014206  GETTABLE r7 := r2[k14 ('delivType' [h=4FDAE96F,$0098DE80])]
      038 080003C1     LOADK r8 := k15 ('\n' [h=0000002B,$009AB680])
      039 06030213    CONCAT r6 := r6 ... r8
      040 05010059      CALL r5 (1 args) => 0 results
      041 05014206  GETTABLE r5 := r2[k14 ('delivType' [h=4FDAE96F,$0098DE80])]
      042 0002C295        EQ r5 != k16 ('DELIVTYPE_SIMULTANEOUS' [h=EFA081C3,$009DA640])
      043 00800E14       JMP +57 ; 101
      044 05000445 GETGLOBAL r5 := _G[k17 ('ipairs' [h=B6F4A157,$0098FC00])]
      045 06014306  GETTABLE r6 := r2[k18 ('targetActors' [h=DB0363C4,$0097CC00])]
      046 05010159      CALL r5 (1 args) => 4 results
      047 05800C5E  TFORPREP WIP
      048 09048003   LOADNIL r9 ... r9
      049 0A000085 GETGLOBAL r10 := _G[k2 ('mission_tTargets' [h=28796635,$00A38080])]
      050 0B0000C5 GETGLOBAL r11 := _G[k3 ('Utility_GetActorAsInt' [h=A2B359A3,$00A3EB80])]
      051 0C040000      MOVE r12 := r8
      052 0B010099      CALL r11 (1 args) => 1 results
      053 0A0502C6  GETTABLE r10 := r10[r11]
      054 0A050018      TEST not r10 : r10 := r10
      055 008008D4       JMP +36 ; 92
      056 0B054046  GETTABLE r11 := r10[k7 ('verb' [h=0076582D,$0098A700])]
      057 0C0004C5 GETGLOBAL r12 := _G[k19 ('VERB_DELIVER_VEH' [h=011F7CFD,$009D3180])]
      058 00058315        EQ r11 != r12
      059 00800114       JMP +5 ; 65
      060 0B000505 GETGLOBAL r11 := _G[k20 ('VehicleDeliveryCheck' [h=3B2108BD,$00A13E40])]
      061 0C040000      MOVE r12 := r8
      062 0B010099      CALL r11 (1 args) => 1 results
      063 09058000      MOVE r9 := r11
      064 00800414       JMP +17 ; 82
      065 0B054046  GETTABLE r11 := r10[k7 ('verb' [h=0076582D,$0098A700])]
      066 0C000545 GETGLOBAL r12 := _G[k21 ('VERB_DELIVER_HUM' [h=AC2E5278,$00A38640])]
      067 00058315        EQ r11 != r12
      068 00800114       JMP +5 ; 74
      069 0B000585 GETGLOBAL r11 := _G[k22 ('HumanDeliveryCheck' [h=2FD95FF1,$009E8680])]
      070 0C040000      MOVE r12 := r8
      071 0B010099      CALL r11 (1 args) => 1 results
      072 09058000      MOVE r9 := r11
      073 008001D4       JMP +8 ; 82
      074 0B054046  GETTABLE r11 := r10[k7 ('verb' [h=0076582D,$0098A700])]
      075 0C0005C5 GETGLOBAL r12 := _G[k23 ('VERB_DELIVER_OBJ' [h=61CA93A2,$00A36740])]
      076 00058315        EQ r11 != r12
      077 008000D4       JMP +4 ; 82
      078 0B000605 GETGLOBAL r11 := _G[k24 ('ObjectDeliveryCheck' [h=925F780A,$009FEE80])]
      079 0C040000      MOVE r12 := r8
      080 0B010099      CALL r11 (1 args) => 1 results
      081 09058000      MOVE r9 := r11
      082 0B000645 GETGLOBAL r11 := _G[k25 ('FALSE' [h=0E4B730F,$009A6040])]
      083 000482D5        EQ r9 != r11
      084 00800314       JMP +13 ; 98
      085 03000645 GETGLOBAL r3 := _G[k25 ('FALSE' [h=0E4B730F,$009A6040])]
      086 0B054506  GETTABLE r11 := r10[k26 ('actorName' [h=4EB2E2FD,$0098A660])]
      087 0C00C506  GETTABLE r12 := r1[k26 ('actorName' [h=4EB2E2FD,$0098A660])]
      088 00058315        EQ r11 != r12
      089 008001D4       JMP +8 ; 98
      090 04000645 GETGLOBAL r4 := _G[k25 ('FALSE' [h=0E4B730F,$009A6040])]
      091 00800154       JMP +6 ; 98
      092 0B000005 GETGLOBAL r11 := _G[k0 ('util_PrintDebugMsg' [h=A2961C17,$00A25100])]
      093 0C0006C1     LOADK r12 := k27 ('\n[OBJECTIVEDELIVER] DeliveryCheck: actor ' [h=1517A4A3,$009E8CC0])
      094 0D040000      MOVE r13 := r8
      095 0E000701     LOADK r14 := k28 (' is invalid; not evaluating this actor\n' [h=2B9772C8,$00A3A740])
      096 0C060393    CONCAT r12 := r12 ... r14
      097 0B010059      CALL r11 (1 args) => 0 results
      098 0500005D  TFORLOOP WIP
      099 007FF2D4       JMP -52 ; 48
      100 00800E54       JMP +58 ; 159
      101 05014206  GETTABLE r5 := r2[k14 ('delivType' [h=4FDAE96F,$0098DE80])]
      102 0002C5D5        EQ r5 != k29 ('DELIVTYPE_SEQUENTIAL' [h=7839B128,$009F7A00])
      103 00800D94       JMP +55 ; 159
      104 05028003   LOADNIL r5 ... r5
      105 0600C046  GETTABLE r6 := r1[k7 ('verb' [h=0076582D,$0098A700])]
      106 070004C5 GETGLOBAL r7 := _G[k19 ('VERB_DELIVER_VEH' [h=011F7CFD,$009D3180])]
      107 000301D5        EQ r6 != r7
      108 00800114       JMP +5 ; 114
      109 06000505 GETGLOBAL r6 := _G[k20 ('VehicleDeliveryCheck' [h=3B2108BD,$00A13E40])]
      110 07000000      MOVE r7 := r0
      111 06010099      CALL r6 (1 args) => 1 results
      112 05030000      MOVE r5 := r6
      113 00800414       JMP +17 ; 131
      114 0600C046  GETTABLE r6 := r1[k7 ('verb' [h=0076582D,$0098A700])]
      115 07000545 GETGLOBAL r7 := _G[k21 ('VERB_DELIVER_HUM' [h=AC2E5278,$00A38640])]
      116 000301D5        EQ r6 != r7
      117 00800114       JMP +5 ; 123
      118 06000585 GETGLOBAL r6 := _G[k22 ('HumanDeliveryCheck' [h=2FD95FF1,$009E8680])]
      119 07000000      MOVE r7 := r0
      120 06010099      CALL r6 (1 args) => 1 results
      121 05030000      MOVE r5 := r6
      122 008001D4       JMP +8 ; 131
      123 0600C046  GETTABLE r6 := r1[k7 ('verb' [h=0076582D,$0098A700])]
      124 070005C5 GETGLOBAL r7 := _G[k23 ('VERB_DELIVER_OBJ' [h=61CA93A2,$00A36740])]
      125 000301D5        EQ r6 != r7
      126 008000D4       JMP +4 ; 131
      127 06000605 GETGLOBAL r6 := _G[k24 ('ObjectDeliveryCheck' [h=925F780A,$009FEE80])]
      128 07000000      MOVE r7 := r0
      129 06010099      CALL r6 (1 args) => 1 results
      130 05030000      MOVE r5 := r6
      131 04028000      MOVE r4 := r5
      132 05028018      TEST not r5 : r5 := r5
      133 00800394       JMP +15 ; 149
      134 0600C106  GETTABLE r6 := r1[k10 ('actorDelivered' [h=794D3DE9,$00981400])]
      135 06030058      TEST r6 : r6 := r6
      136 008002D4       JMP +12 ; 149
      137 06014606  GETTABLE r6 := r2[k30 ('targetsRemaining' [h=124C4A35,$00A15A00])]
      138 0603464D       SUB r6 := r6 - k31 (TObject(1.0))
      139 028C0189  SETTABLE r6 ->> r2[k30 ('targetsRemaining' [h=124C4A35,$00A15A00])]
      140 06000185 GETGLOBAL r6 := _G[k6 ('TRUE' [h=0067B195,$0097E680])]
      141 01820189  SETTABLE r6 ->> r1[k10 ('actorDelivered' [h=794D3DE9,$00981400])]
      142 06000805 GETGLOBAL r6 := _G[k32 ('RemoveTargetActorBlip' [h=970D0ED5,$00A2B800])]
      143 07008000      MOVE r7 := r1
      144 06010059      CALL r6 (1 args) => 0 results
      145 06000845 GETGLOBAL r6 := _G[k33 ('mission_RemoveObjectiveTarget' [h=4C7C6737,$00A16280])]
      146 0700BFC6  GETTABLE r7 := r1[k5 ('objectiveName' [h=2337C7CC,$0097D840])]
      147 0800C506  GETTABLE r8 := r1[k26 ('actorName' [h=4EB2E2FD,$0098A660])]
      148 06018059      CALL r6 (2 args) => 0 results
      149 06000005 GETGLOBAL r6 := _G[k0 ('util_PrintDebugMsg' [h=A2961C17,$00A25100])]
      150 07000881     LOADK r7 := k34 ('[OBJECTIVEDELIVER] deliverables remaining: ' [h=C098B06F,$00A06600])
      151 08014606  GETTABLE r8 := r2[k30 ('targetsRemaining' [h=124C4A35,$00A15A00])]
      152 090003C1     LOADK r9 := k15 ('\n' [h=0000002B,$009AB680])
      153 07038253    CONCAT r7 := r7 ... r9
      154 06010059      CALL r6 (1 args) => 0 results
      155 06014606  GETTABLE r6 := r2[k30 ('targetsRemaining' [h=124C4A35,$00A15A00])]
      156 008E8196        LT k35 (TObject(0.0)) >= r6
      157 00800014       JMP +1 ; 159
      158 03000645 GETGLOBAL r3 := _G[k25 ('FALSE' [h=0E4B730F,$009A6040])]
      159 03018018      TEST not r3 : r3 := r3
      160 008002D4       JMP +12 ; 173
      161 05014786  GETTABLE r5 := r2[k36 ('objectify' [h=AEDDA575,$009C5EA0])]
      162 05028018      TEST not r5 : r5 := r5
      163 00800094       JMP +3 ; 167
      164 05000945 GETGLOBAL r5 := _G[k37 ('mission_RemoveObjective' [h=B90D805B,$00A28940])]
      165 0600BFC6  GETTABLE r6 := r1[k5 ('objectiveName' [h=2337C7CC,$0097D840])]
      166 05010059      CALL r5 (1 args) => 0 results
      167 05000005 GETGLOBAL r5 := _G[k0 ('util_PrintDebugMsg' [h=A2961C17,$00A25100])]
      168 06000981     LOADK r6 := k38 ('[OBJECTIVEDELIVER] All actors delivered (objective ' [h=9466426E,$00A77440])
      169 0700BFC6  GETTABLE r7 := r1[k5 ('objectiveName' [h=2337C7CC,$0097D840])]
      170 080009C1     LOADK r8 := k39 (')\n' [h=00000973,$00999AC0])
      171 06030213    CONCAT r6 := r6 ... r8
      172 05010059      CALL r5 (1 args) => 0 results
      173 05000A05 GETGLOBAL r5 := _G[k40 ('DetermineDeliveryAreaType' [h=C8F189E9,$009D6700])]
      174 06008000      MOVE r6 := r1
      175 05010099      CALL r5 (1 args) => 1 results
      176 0602C8C6  GETTABLE r6 := r5[k41 ('dest' [h=0078F78C,$00983E60])]
      177 07000A85 GETGLOBAL r7 := _G[k42 ('Actor_IsAlive' [h=BD5193A3,$009A6640])]
      178 0800C506  GETTABLE r8 := r1[k26 ('actorName' [h=4EB2E2FD,$0098A660])]
      179 07010099      CALL r7 (1 args) => 1 results
      180 04020058      TEST r4 : r4 := r4
      181 00800054       JMP +2 ; 184
      182 07038058      TEST r7 : r7 := r7
      183 008001D4       JMP +8 ; 192
      184 08014946  GETTABLE r8 := r2[k43 ('callbackFunc' [h=1E1CD035,$009C7860])]
      185 0900C506  GETTABLE r9 := r1[k26 ('actorName' [h=4EB2E2FD,$0098A660])]
      186 0A018000      MOVE r10 := r3
      187 0B000185 GETGLOBAL r11 := _G[k6 ('TRUE' [h=0067B195,$0097E680])]
      188 0C00BFC6  GETTABLE r12 := r1[k5 ('objectiveName' [h=2337C7CC,$0097D840])]
      189 0D030000      MOVE r13 := r6
      190 0E038000      MOVE r14 := r7
      191 08038059      CALL r8 (6 args) => 0 results
      192 08000005 GETGLOBAL r8 := _G[k0 ('util_PrintDebugMsg' [h=A2961C17,$00A25100])]
      193 09000B01     LOADK r9 := k44 ('[OBJECTIVEDELIVER] ------------------------------DELIVERY CHECK END------------------------------\n' [h=2F3540AA,$00A77140])
      194 08010059      CALL r8 (1 args) => 0 results
      195 0000801B    RETURN
  [Node$01A2FF28] 'Actor_IsDormant' [h=4D202532,$00987180]: cfunction$002A8CE0 'Actor_IsDormant' [h=4D202532,$00987180]
  [Node$01A2FF64] 'tSubStates' [h=5663E535,$00975B40]: table$00989C00[a=0,h=1]
  [Node$01A2FF78] 'Camera_SetDemoDiskSettings' [h=69385D36,$00A1F940]: cfunction$002A5E98 'Camera_SetDemoDiskSettings' [h=69385D36,$00A1F940]
  [Node$01A2FF8C] 'Actor_EnableCinematicControl' [h=754A6937,$00A38280]: cfunction$002AD1B0 'Actor_EnableCinematicControl' [h=754A6937,$00A38280]
  [Node$01A2FFA0] 'Camera_ScriptPlayAnimation' [h=4697E538,$00A01B80]: cfunction$002A6DB8 'Camera_ScriptPlayAnimation' [h=4697E538,$00A01B80]
  [Node$01A2FFC8] 'Actor_GetYaw' [h=4E977D3A,$009A1B80]: cfunction$002AC1F8 'Actor_GetYaw' [h=4E977D3A,$009A1B80]
  [Node$01A2FFF0] 'VerbTargetKilled' [h=7342C13C,$009D9280]: function$00998820 'VerbTargetKilled' [h=7342C13C,$009D9280]
    CONST$00AC13C0 k0  'util_PrintDebugMsg' [h=A2961C17,$00A25100]
    CONST$00AC13C8 k1  '\n[OBJECTIVEVERB] Actor destroyed...\n' [h=4841425E,$009CD480]
    CONST$00AC13D0 k2  'mission_tTargets' [h=28796635,$00A38080]
    CONST$00AC13D8 k3  'Utility_GetActorAsInt' [h=A2B359A3,$00A3EB80]
    CONST$00AC13E0 k4  'mission_tObjectives' [h=B4A8BCEB,$009D7BC0]
    CONST$00AC13E8 k5  'objectiveName' [h=2337C7CC,$0097D840]
    CONST$00AC13F0 k6  '[OBJECTIVEVERB] ...Actor ' [h=BFB38CCA,$009D8DC0]
    CONST$00AC13F8 k7  'actorName' [h=4EB2E2FD,$0098A660]
    CONST$00AC1400 k8  ' destroyed (objective ' [h=A6CEFCEC,$00A21C00]
    CONST$00AC1408 k9  ')\n' [h=00000973,$00999AC0]
    CONST$00AC1410 k10 'killCallbackFunc' [h=4C5627FE,$009D0840]
     CODE$00AB65C0
      000 01000005 GETGLOBAL r1 := _G[k0 ('util_PrintDebugMsg' [h=A2961C17,$00A25100])]
      001 02000041     LOADK r2 := k1 ('\n[OBJECTIVEVERB] Actor destroyed...\n' [h=4841425E,$009CD480])
      002 01010059      CALL r1 (1 args) => 0 results
      003 01000085 GETGLOBAL r1 := _G[k2 ('mission_tTargets' [h=28796635,$00A38080])]
      004 020000C5 GETGLOBAL r2 := _G[k3 ('Utility_GetActorAsInt' [h=A2B359A3,$00A3EB80])]
      005 03000000      MOVE r3 := r0
      006 02010099      CALL r2 (1 args) => 1 results
      007 01008086  GETTABLE r1 := r1[r2]
      008 02000105 GETGLOBAL r2 := _G[k4 ('mission_tObjectives' [h=B4A8BCEB,$009D7BC0])]
      009 0300BFC6  GETTABLE r3 := r1[k5 ('objectiveName' [h=2337C7CC,$0097D840])]
      010 020100C6  GETTABLE r2 := r2[r3]
      011 03000005 GETGLOBAL r3 := _G[k0 ('util_PrintDebugMsg' [h=A2961C17,$00A25100])]
      012 04000181     LOADK r4 := k6 ('[OBJECTIVEVERB] ...Actor ' [h=BFB38CCA,$009D8DC0])
      013 0500C046  GETTABLE r5 := r1[k7 ('actorName' [h=4EB2E2FD,$0098A660])]
      014 06000201     LOADK r6 := k8 (' destroyed (objective ' [h=A6CEFCEC,$00A21C00])
      015 0700BFC6  GETTABLE r7 := r1[k5 ('objectiveName' [h=2337C7CC,$0097D840])]
      016 08000241     LOADK r8 := k9 (')\n' [h=00000973,$00999AC0])
      017 04020213    CONCAT r4 := r4 ... r8
      018 03010059      CALL r3 (1 args) => 0 results
      019 03014106  GETTABLE r3 := r2[k10 ('killCallbackFunc' [h=4C5627FE,$009D0840])]
      020 03018018      TEST not r3 : r3 := r3
      021 008000D4       JMP +4 ; 26
      022 03014106  GETTABLE r3 := r2[k10 ('killCallbackFunc' [h=4C5627FE,$009D0840])]
      023 0400C046  GETTABLE r4 := r1[k7 ('actorName' [h=4EB2E2FD,$0098A660])]
      024 0500BFC6  GETTABLE r5 := r1[k5 ('objectiveName' [h=2337C7CC,$0097D840])]
      025 03018059      CALL r3 (2 args) => 0 results
      026 0000801B    RETURN
  [Node$01A30018] 'sMessageTotalMissionTime' [h=14AB213E,$009F8480]: 'Total Mission Time' [h=0C6EB999,$00A3F880]
  [Node$01A300A4] 'Briefing_UnloadAdditionalSoundBank' [h=84443545,$00A05080]: cfunction$002F89F0 'Briefing_UnloadAdditionalSoundBank' [h=84443545,$00A05080]
  [Node$01A300B8] 'Player_SetMoney' [h=F58D4D46,$009AB660]: cfunction$002BFED8 'Player_SetMoney' [h=F58D4D46,$009AB660]
  [Node$01A300CC] 'Utility_WriteNumberToScribbleMemory' [h=DCF55147,$00A29080]: cfunction$002C5C30 'Utility_WriteNumberToScribbleMemory' [h=DCF55147,$00A29080]
  [Node$01A300F4] 'Traffic_SaveZone' [h=74F23149,$00A13EC0]: cfunction$002A2978 'Traffic_SaveZone' [h=74F23149,$00A13EC0]
  [Node$01A3011C] 'table' [h=10F2114B,$0098D780]: table$009AAFC0[a=0,h=16]
    [Node$00CAF528] 'setn' [h=0083B032,$009A6560]: cfunction$003B9750
    [Node$00CAF53C] 'insert' [h=92EA3D93,$009903C0]: cfunction$003B97A0
    [Node$00CAF578] 'getn' [h=0083B006,$0097DBC0]: cfunction$003B9700
    [Node$00CAF58C] 'foreachi' [h=7388AEE7,$00988A60]: cfunction$003B9568
    [Node$00CAF5B4] 'foreach' [h=F02A92A9,$00997320]: cfunction$003B9648
    [Node$00CAF5C8] 'sort' [h=0078E0EA,$0098D960]: cfunction$003B9AD0
    [Node$00CAF618] 'remove' [h=4893DA49,$0098EC00]: cfunction$003B98A0
    [Node$00CAF62C] 'concat' [h=854BEC1A,$00990700]: cfunction$003B9998
  [Node$01A3016C] 'StartCardMusic' [h=F2FB054F,$00997960]: function$009C0460 'StartCardMusic' [h=F2FB054F,$00997960]
    CONST$00957560 k0  'Audio_PlayMusic' [h=FDC4EA5C,$009C2D40]
    CONST$00957568 k1  'music.card_miniboss' [h=0743D722,$009D0E00]
     CODE$00957590
      000 00000005 GETGLOBAL r0 := _G[k0 ('Audio_PlayMusic' [h=FDC4EA5C,$009C2D40])]
      001 01000041     LOADK r1 := k1 ('music.card_miniboss' [h=0743D722,$009D0E00])
      002 00010059      CALL r0 (1 args) => 0 results
      003 0000801B    RETURN
  [Node$01A30180] 'Cinematic_DeinitSequence' [h=9FAD4150,$00A014C0]: cfunction$002F7E70 'Cinematic_DeinitSequence' [h=9FAD4150,$00A014C0]
  [Node$01A30194] 'CancelEventsForObjectiveTarget' [h=57E38D51,$009E4180]: function$009944A0 'CancelEventsForObjectiveTarget' [h=57E38D51,$009E4180]
    CONST$00C22C40 k0  'VERB_ACTION' [h=F6A76037,$0097F040]
    CONST$00C22C48 k1  'Actor_EnableScriptedUse' [h=2140441B,$00A37B40]
    CONST$00C22C50 k2  'actorName' [h=4EB2E2FD,$0098A660]
    CONST$00C22C58 k3  'FALSE' [h=0E4B730F,$009A6040]
    CONST$00C22C60 k4  'VERB_VERIFY' [h=CAE4DEEE,$0098CEC0]
    CONST$00C22C68 k5  'killedHandle' [h=10232A24,$0098EC60]
    CONST$00C22C70 k6  'Event_CancelEvent' [h=D8960070,$009D8C00]
    CONST$00C22C78 k7  'subduedHandle' [h=0B4CA19C,$0097A3C0]
    CONST$00C22C80 k8  'carriedHandle' [h=37E82AAD,$00978CA0]
    CONST$00C22C88 k9  'nearHandle' [h=4DC26C2B,$009C7CC0]
    CONST$00C22C90 k10 'VERB_DELIVER' [h=B4F35383,$00985E60]
    CONST$00C22C98 k11 'hHeroInVehicle' [h=5C79BE3B,$0097DA60]
    CONST$00C22CA0 k12 'hSomethingWinched' [h=29118178,$00A0F080]
    CONST$00C22CA8 k13 'inRegionHandle' [h=2D0C1147,$00982580]
    CONST$00C22CB0 k14 'destroyedHandle' [h=921445D1,$009A3160]
    CONST$00C22CB8 k15 'verb' [h=0076582D,$0098A700]
    CONST$00C22CC0 k16 'VERB_DELIVER_VEH' [h=011F7CFD,$009D3180]
    CONST$00C22CC8 k17 'playerInVehicleHandle' [h=9CDBFEAF,$009F01C0]
    CONST$00C22CD0 k18 'VERB_DELIVER_HUM' [h=AC2E5278,$00A38640]
    CONST$00C22CD8 k19 'targetInVehicleHandle' [h=A66B2FA1,$00A22AC0]
    CONST$00C22CE0 k20 'followingHandle' [h=2FF3E617,$0098E300]
    CONST$00C22CE8 k21 'Ai_CommandClearAll' [h=CDA0E905,$009F9C00]
    CONST$00C22CF0 k22 'Ai_CommandDefault' [h=60550F94,$00A00F80]
    CONST$00C22CF8 k23 'Wait' [h=00792FF7,$009C0B40]
    CONST$00C22D00 k24 'loPri' [h=11C2D9AB,$009C4380]
    CONST$00C22D08 k25 'events' [h=7B78A23A,$009A5380]
    CONST$00C22D10 k26 'type' [h=0070EF71,$009875A0]
    CONST$00C22D18 k27 'table' [h=10F2114B,$0098D780]
    CONST$00C22D20 k28 'pairs' [h=12CC6B12,$0099D0C0]
     CODE$00CF2AC0
      000 01008018      TEST not r1 : r1 := r1
      001 00801894       JMP +99 ; 101
      002 02000005 GETGLOBAL r2 := _G[k0 ('VERB_ACTION' [h=F6A76037,$0097F040])]
      003 00000095        EQ r0 != r2
      004 00800114       JMP +5 ; 10
      005 02000045 GETGLOBAL r2 := _G[k1 ('Actor_EnableScriptedUse' [h=2140441B,$00A37B40])]
      006 0300BF06  GETTABLE r3 := r1[k2 ('actorName' [h=4EB2E2FD,$0098A660])]
      007 040000C5 GETGLOBAL r4 := _G[k3 ('FALSE' [h=0E4B730F,$009A6040])]
      008 02018059      CALL r2 (2 args) => 0 results
      009 008011D4       JMP +72 ; 82
      010 02000105 GETGLOBAL r2 := _G[k4 ('VERB_VERIFY' [h=CAE4DEEE,$0098CEC0])]
      011 00000095        EQ r0 != r2
      012 00800414       JMP +17 ; 30
      013 02000185 GETGLOBAL r2 := _G[k6 ('Event_CancelEvent' [h=D8960070,$009D8C00])]
      014 0300BFC6  GETTABLE r3 := r1[k5 ('killedHandle' [h=10232A24,$0098EC60])]
      015 02010099      CALL r2 (1 args) => 1 results
      016 017F8089  SETTABLE r2 ->> r1[k5 ('killedHandle' [h=10232A24,$0098EC60])]
      017 02000185 GETGLOBAL r2 := _G[k6 ('Event_CancelEvent' [h=D8960070,$009D8C00])]
      018 0300C046  GETTABLE r3 := r1[k7 ('subduedHandle' [h=0B4CA19C,$0097A3C0])]
      019 02010099      CALL r2 (1 args) => 1 results
      020 01808089  SETTABLE r2 ->> r1[k7 ('subduedHandle' [h=0B4CA19C,$0097A3C0])]
      021 02000185 GETGLOBAL r2 := _G[k6 ('Event_CancelEvent' [h=D8960070,$009D8C00])]
      022 0300C086  GETTABLE r3 := r1[k8 ('carriedHandle' [h=37E82AAD,$00978CA0])]
      023 02010099      CALL r2 (1 args) => 1 results
      024 01810089  SETTABLE r2 ->> r1[k8 ('carriedHandle' [h=37E82AAD,$00978CA0])]
      025 02000185 GETGLOBAL r2 := _G[k6 ('Event_CancelEvent' [h=D8960070,$009D8C00])]
      026 0300C0C6  GETTABLE r3 := r1[k9 ('nearHandle' [h=4DC26C2B,$009C7CC0])]
      027 02010099      CALL r2 (1 args) => 1 results
      028 01818089  SETTABLE r2 ->> r1[k9 ('nearHandle' [h=4DC26C2B,$009C7CC0])]
      029 00800CD4       JMP +52 ; 82
      030 02000285 GETGLOBAL r2 := _G[k10 ('VERB_DELIVER' [h=B4F35383,$00985E60])]
      031 00000095        EQ r0 != r2
      032 00800C14       JMP +49 ; 82
      033 02000185 GETGLOBAL r2 := _G[k6 ('Event_CancelEvent' [h=D8960070,$009D8C00])]
      034 030002C5 GETGLOBAL r3 := _G[k11 ('hHeroInVehicle' [h=5C79BE3B,$0097DA60])]
      035 02010099      CALL r2 (1 args) => 1 results
      036 020002C7 SETGLOBAL r2 ->> _G[k11 ('hHeroInVehicle' [h=5C79BE3B,$0097DA60])]
      037 02000185 GETGLOBAL r2 := _G[k6 ('Event_CancelEvent' [h=D8960070,$009D8C00])]
      038 03000305 GETGLOBAL r3 := _G[k12 ('hSomethingWinched' [h=29118178,$00A0F080])]
      039 02010099      CALL r2 (1 args) => 1 results
      040 02000307 SETGLOBAL r2 ->> _G[k12 ('hSomethingWinched' [h=29118178,$00A0F080])]
      041 02000185 GETGLOBAL r2 := _G[k6 ('Event_CancelEvent' [h=D8960070,$009D8C00])]
      042 0300C1C6  GETTABLE r3 := r1[k13 ('inRegionHandle' [h=2D0C1147,$00982580])]
      043 02010099      CALL r2 (1 args) => 1 results
      044 01838089  SETTABLE r2 ->> r1[k13 ('inRegionHandle' [h=2D0C1147,$00982580])]
      045 02000185 GETGLOBAL r2 := _G[k6 ('Event_CancelEvent' [h=D8960070,$009D8C00])]
      046 0300C206  GETTABLE r3 := r1[k14 ('destroyedHandle' [h=921445D1,$009A3160])]
      047 02010099      CALL r2 (1 args) => 1 results
      048 01840089  SETTABLE r2 ->> r1[k14 ('destroyedHandle' [h=921445D1,$009A3160])]
      049 0200C246  GETTABLE r2 := r1[k15 ('verb' [h=0076582D,$0098A700])]
      050 03000405 GETGLOBAL r3 := _G[k16 ('VERB_DELIVER_VEH' [h=011F7CFD,$009D3180])]
      051 000100D5        EQ r2 != r3
      052 00800114       JMP +5 ; 58
      053 02000185 GETGLOBAL r2 := _G[k6 ('Event_CancelEvent' [h=D8960070,$009D8C00])]
      054 0300C2C6  GETTABLE r3 := r1[k17 ('playerInVehicleHandle' [h=9CDBFEAF,$009F01C0])]
      055 02010099      CALL r2 (1 args) => 1 results
      056 01858089  SETTABLE r2 ->> r1[k17 ('playerInVehicleHandle' [h=9CDBFEAF,$009F01C0])]
      057 008005D4       JMP +24 ; 82
      058 0200C246  GETTABLE r2 := r1[k15 ('verb' [h=0076582D,$0098A700])]
      059 03000485 GETGLOBAL r3 := _G[k18 ('VERB_DELIVER_HUM' [h=AC2E5278,$00A38640])]
      060 000100D5        EQ r2 != r3
      061 008004D4       JMP +20 ; 82
      062 02000185 GETGLOBAL r2 := _G[k6 ('Event_CancelEvent' [h=D8960070,$009D8C00])]
      063 0300C346  GETTABLE r3 := r1[k19 ('targetInVehicleHandle' [h=A66B2FA1,$00A22AC0])]
      064 02010099      CALL r2 (1 args) => 1 results
      065 01868089  SETTABLE r2 ->> r1[k19 ('targetInVehicleHandle' [h=A66B2FA1,$00A22AC0])]
      066 02000185 GETGLOBAL r2 := _G[k6 ('Event_CancelEvent' [h=D8960070,$009D8C00])]
      067 0300C386  GETTABLE r3 := r1[k20 ('followingHandle' [h=2FF3E617,$0098E300])]
      068 02010099      CALL r2 (1 args) => 1 results
      069 01870089  SETTABLE r2 ->> r1[k20 ('followingHandle' [h=2FF3E617,$0098E300])]
      070 02000045 GETGLOBAL r2 := _G[k1 ('Actor_EnableScriptedUse' [h=2140441B,$00A37B40])]
      071 0300BF06  GETTABLE r3 := r1[k2 ('actorName' [h=4EB2E2FD,$0098A660])]
      072 040000C5 GETGLOBAL r4 := _G[k3 ('FALSE' [h=0E4B730F,$009A6040])]
      073 02018059      CALL r2 (2 args) => 0 results
      074 02000545 GETGLOBAL r2 := _G[k21 ('Ai_CommandClearAll' [h=CDA0E905,$009F9C00])]
      075 0300BF06  GETTABLE r3 := r1[k2 ('actorName' [h=4EB2E2FD,$0098A660])]
      076 02010059      CALL r2 (1 args) => 0 results
      077 02000585 GETGLOBAL r2 := _G[k22 ('Ai_CommandDefault' [h=60550F94,$00A00F80])]
      078 0300BF06  GETTABLE r3 := r1[k2 ('actorName' [h=4EB2E2FD,$0098A660])]
      079 040005C1     LOADK r4 := k23 ('Wait' [h=00792FF7,$009C0B40])
      080 05000601     LOADK r5 := k24 ('loPri' [h=11C2D9AB,$009C4380])
      081 02020059      CALL r2 (3 args) => 0 results
      082 0200C4C6  GETTABLE r2 := r1[k25 ('events' [h=7B78A23A,$009A5380])]
      083 02010018      TEST not r2 : r2 := r2
      084 008003D4       JMP +16 ; 101
      085 02000685 GETGLOBAL r2 := _G[k26 ('type' [h=0070EF71,$009875A0])]
      086 0300C4C6  GETTABLE r3 := r1[k25 ('events' [h=7B78A23A,$009A5380])]
      087 02010099      CALL r2 (1 args) => 1 results
      088 00014555        EQ r2 != k27 ('table' [h=10F2114B,$0098D780])
      089 00800294       JMP +11 ; 101
      090 02000705 GETGLOBAL r2 := _G[k28 ('pairs' [h=12CC6B12,$0099D0C0])]
      091 0300C4C6  GETTABLE r3 := r1[k25 ('events' [h=7B78A23A,$009A5380])]
      092 02010159      CALL r2 (1 args) => 4 results
      093 0280011E  TFORPREP WIP
      094 0600C4C6  GETTABLE r6 := r1[k25 ('events' [h=7B78A23A,$009A5380])]
      095 07000185 GETGLOBAL r7 := _G[k6 ('Event_CancelEvent' [h=D8960070,$009D8C00])]
      096 08028000      MOVE r8 := r5
      097 07010099      CALL r7 (1 args) => 1 results
      098 060201C9  SETTABLE r7 ->> r6[r4]
      099 0200005D  TFORLOOP WIP
      100 007FFE14       JMP -7 ; 94
      101 0000801B    RETURN
  [Node$01A301A8] 'Tooltip_RemoveNag' [h=7881B552,$00A40840]: function$0097D900[1] 'Tooltip_RemoveNag' [h=7881B552,$00A40840]
    CONST$00975900 k0  'Tooltip_HideNag' [h=8DDECA24,$009AA620]
    CONST$00975908 k1  'recurHandle' [h=CB285C9F,$009A5F40]
    CONST$00975910 k2  'Event_CancelEvent' [h=D8960070,$009D8C00]
     CODE$009E5F00
      000 00000005 GETGLOBAL r0 := _G[k0 ('Tooltip_HideNag' [h=8DDECA24,$009AA620])]
      001 00008059      CALL r0 (0 args) => 0 results
      002 00000004  GETUPVAL r0 := u0
      003 01000085 GETGLOBAL r1 := _G[k2 ('Event_CancelEvent' [h=D8960070,$009D8C00])]
      004 02000004  GETUPVAL r2 := u0
      005 02013EC6  GETTABLE r2 := r2[k1 ('recurHandle' [h=CB285C9F,$009A5F40])]
      006 01010099      CALL r1 (1 args) => 1 results
      007 007D8049  SETTABLE r1 ->> r0[k1 ('recurHandle' [h=CB285C9F,$009A5F40])]
      008 0000801B    RETURN
  [Node$01A301D0] 'Actor_GetType' [h=DC0B4554,$0099AC20]: cfunction$002ABC98 'Actor_GetType' [h=DC0B4554,$0099AC20]
  [Node$01A301E4] 'INTEL_CARD_IDENT_DIST' [h=B8F54555,$009E0480]: TObject(300.0)
  [Node$01A3020C] 'ipairs' [h=B6F4A157,$0098FC00]: cfunction$003B8868 'ipairs' [h=B6F4A157,$0098FC00]
  [Node$01A30220] 'Traffic_SetPathEnabled' [h=63FBA958,$009E1580]: cfunction$002A1518 'Traffic_SetPathEnabled' [h=63FBA958,$009E1580]
  [Node$01A30234] 'Utility_LoadPlayerData' [h=C5F69559,$009D38C0]: cfunction$002F8738 'Utility_LoadPlayerData' [h=C5F69559,$009D38C0]
  [Node$01A30248] 'mission_MissionFailure' [h=1F10195A,$009E7240]: function$00996420 'mission_MissionFailure' [h=1F10195A,$009E7240]
    CONST$009DDB80 k0  'util_PrintDebugMsg' [h=A2961C17,$00A25100]
    CONST$009DDB88 k1  '[mission.lua] mission_MissionFailure\n' [h=1F0DF5D0,$009F2800]
    CONST$009DDB90 k2  'bLoseSequencePending' [h=8B50781D,$00A16080]
    CONST$009DDB98 k3  'TRUE' [h=0067B195,$0097E680]
    CONST$009DDBA0 k4  'Event_RelativeTimer' [h=AD23F6E2,$009F7840]
    CONST$009DDBA8 k5  'WinLoseOrDieDecision' [h=2161732E,$009FC7C0]
    CONST$009DDBB0 k6  'b' [h=00000083,$00983380]
    CONST$009DDBB8 k7  TObject(0.0)
     CODE$009E3980
      000 00000005 GETGLOBAL r0 := _G[k0 ('util_PrintDebugMsg' [h=A2961C17,$00A25100])]
      001 01000041     LOADK r1 := k1 ('[mission.lua] mission_MissionFailure\n' [h=1F0DF5D0,$009F2800])
      002 00010059      CALL r0 (1 args) => 0 results
      003 000000C5 GETGLOBAL r0 := _G[k3 ('TRUE' [h=0067B195,$0097E680])]
      004 00000087 SETGLOBAL r0 ->> _G[k2 ('bLoseSequencePending' [h=8B50781D,$00A16080])]
      005 00000105 GETGLOBAL r0 := _G[k4 ('Event_RelativeTimer' [h=AD23F6E2,$009F7840])]
      006 01000141     LOADK r1 := k5 ('WinLoseOrDieDecision' [h=2161732E,$009FC7C0])
      007 02000181     LOADK r2 := k6 ('b' [h=00000083,$00983380])
      008 030001C1     LOADK r3 := k7 (TObject(0.0))
      009 00020059      CALL r0 (3 args) => 0 results
      010 0000801B    RETURN
  [Node$01A3025C] 'Actor_CreateItemInPrimaryInventory' [h=9195DD5B,$009DA5C0]: cfunction$002AFA10 'Actor_CreateItemInPrimaryInventory' [h=9195DD5B,$009DA5C0]
  [Node$01A30284] 'RS_AFLG_NONE' [h=EE20D15D,$009965A0]: TObject(0.0)
  [Node$01A30298] 'Mail_Delete' [h=8D1A255E,$009A4260]: cfunction$002A10E0 'Mail_Delete' [h=8D1A255E,$009A4260]
  [Node$01A302AC] 'Actor_IsAnimating' [h=79A7955F,$00A2B000]: cfunction$002AE648 'Actor_IsAnimating' [h=79A7955F,$00A2B000]
  [Node$01A302D4] 'CallIn' [h=7A5F9961,$00998BC0]: function$00994120 'CallIn' [h=7A5F9961,$00998BC0]
    CONST$009608E0 k0  'Event_RelativeTimer' [h=AD23F6E2,$009F7840]
    CONST$009608E8 k1  'b' [h=00000083,$00983380]
     CODE$009776C0
      000 02000005 GETGLOBAL r2 := _G[k0 ('Event_RelativeTimer' [h=AD23F6E2,$009F7840])]
      001 03000000      MOVE r3 := r0
      002 04000041     LOADK r4 := k1 ('b' [h=00000083,$00983380])
      003 05008000      MOVE r5 := r1
      004 0202001A  TAILCALL r2 (3 args)
      005 0200001B    RETURN r2 ... top
      006 0000801B    RETURN
  [Node$01A302E8] 'Retry' [h=12C68D62,$009A5C20]: function$0098B1A0 'Retry' [h=12C68D62,$009A5C20]
    CONST$00C25740 k0  'util_IsPlayableIntro' [h=F04BEFE8,$009E8700]
    CONST$00C25748 k1  'sQuadrant' [h=4B410EBA,$0099BEC0]
    CONST$00C25750 k2  'sFaction' [h=7C9C46C0,$009785C0]
    CONST$00C25758 k3  'iMission' [h=7DD21FF8,$0098A720]
    CONST$00C25760 k4  'util_IsAceMission' [h=3411A219,$009F2FC0]
    CONST$00C25768 k5  'mission_DetermineFaceCard' [h=690888D6,$009DAC80]
    CONST$00C25770 k6  'gameflow_DeckCardDeverified' [h=F20F0C77,$009EF200]
    CONST$00C25778 k7  'gameflow_ClearNumericCardsVerifiedInMissionFromScribMem' [h=11BC1DDD,$00A8C0C0]
    CONST$00C25780 k8  'Utility_ReadStringFromScribbleMemory' [h=5455F3B9,$00A0C940]
    CONST$00C25788 k9  'current_faction' [h=B9B21A68,$009C4920]
    CONST$00C25790 k10 'Utility_WriteStringToScribbleMemory' [h=5E8C6272,$00A3A080]
    CONST$00C25798 k11 'SkipTo_Faction' [h=D8E965DF,$0099D000]
    CONST$00C257A0 k12 'Utility_ReadNumberFromScribbleMemory' [h=2BB92038,$009F9D40]
    CONST$00C257A8 k13 'current_' [h=8FEE355A,$00996FA0]
    CONST$00C257B0 k14 '_mission' [h=7DD2639E,$009909E0]
    CONST$00C257B8 k15 'Utility_WriteNumberToScribbleMemory' [h=DCF55147,$00A29080]
    CONST$00C257C0 k16 'SkipTo_MissionNumber' [h=DF4E9E46,$00A068C0]
    CONST$00C257C8 k17 'Utility_ResetToBaseLayerOnly' [h=05E8CF2B,$009F7140]
    CONST$00C257D0 k18 'Utility_EraseValueFromScribbleMemory' [h=D5C200E6,$00A13000]
    CONST$00C257D8 k19 'mission_accepted' [h=77464996,$00A32D40]
    CONST$00C257E0 k20 'PlayerStartLocationName' [h=97810C56,$00A12EC0]
    CONST$00C257E8 k21 'loc_playerstart' [h=AE611F70,$009C32A0]
    CONST$00C257F0 k22 'Utility_ResetToShell' [h=C6B528C3,$009D63C0]
    CONST$00C257F8 k23 'old_allies_mission' [h=A2110E2E,$009E5300]
    CONST$00C25800 k24 'current_allies_mission' [h=CB04149F,$009F2C00]
    CONST$00C25808 k25 'bDeathSequencePending' [h=792029EF,$009F5180]
    CONST$00C25810 k26 'Mission_PlayerRespawn' [h=4F618654,$00A085C0]
     CODE$00CDD6C0
      000 01000005 GETGLOBAL r1 := _G[k0 ('util_IsPlayableIntro' [h=F04BEFE8,$009E8700])]
      001 02000045 GETGLOBAL r2 := _G[k1 ('sQuadrant' [h=4B410EBA,$0099BEC0])]
      002 03000085 GETGLOBAL r3 := _G[k2 ('sFaction' [h=7C9C46C0,$009785C0])]
      003 040000C5 GETGLOBAL r4 := _G[k3 ('iMission' [h=7DD21FF8,$0098A720])]
      004 01020099      CALL r1 (3 args) => 1 results
      005 02000105 GETGLOBAL r2 := _G[k4 ('util_IsAceMission' [h=3411A219,$009F2FC0])]
      006 03000045 GETGLOBAL r3 := _G[k1 ('sQuadrant' [h=4B410EBA,$0099BEC0])]
      007 04000085 GETGLOBAL r4 := _G[k2 ('sFaction' [h=7C9C46C0,$009785C0])]
      008 050000C5 GETGLOBAL r5 := _G[k3 ('iMission' [h=7DD21FF8,$0098A720])]
      009 02020099      CALL r2 (3 args) => 1 results
      010 00000018      TEST not r0 : r0 := r0
      011 00800954       JMP +38 ; 50
      012 01008018      TEST not r1 : r1 := r1
      013 00800194       JMP +7 ; 21
      014 03000145 GETGLOBAL r3 := _G[k5 ('mission_DetermineFaceCard' [h=690888D6,$009DAC80])]
      015 030080D9      CALL r3 (0 args) => 2 results
      016 05000185 GETGLOBAL r5 := _G[k6 ('gameflow_DeckCardDeverified' [h=F20F0C77,$009EF200])]
      017 06018000      MOVE r6 := r3
      018 07020000      MOVE r7 := r4
      019 05018059      CALL r5 (2 args) => 0 results
      020 00800114       JMP +5 ; 26
      021 02010058      TEST r2 : r2 := r2
      022 00800094       JMP +3 ; 26
      023 030001C5 GETGLOBAL r3 := _G[k7 ('gameflow_ClearNumericCardsVerifiedInMissionFromScribMem' [h=11BC1DDD,$00A8C0C0])]
      024 04008002  LOADBOOL r4 := True
      025 03010059      CALL r3 (1 args) => 0 results
      026 01008058      TEST r1 : r1 := r1
      027 00800494       JMP +19 ; 47
      028 02010058      TEST r2 : r2 := r2
      029 00800414       JMP +17 ; 47
      030 03000205 GETGLOBAL r3 := _G[k8 ('Utility_ReadStringFromScribbleMemory' [h=5455F3B9,$00A0C940])]
      031 04000241     LOADK r4 := k9 ('current_faction' [h=B9B21A68,$009C4920])
      032 03010099      CALL r3 (1 args) => 1 results
      033 04000285 GETGLOBAL r4 := _G[k10 ('Utility_WriteStringToScribbleMemory' [h=5E8C6272,$00A3A080])]
      034 050002C1     LOADK r5 := k11 ('SkipTo_Faction' [h=D8E965DF,$0099D000])
      035 06018000      MOVE r6 := r3
      036 04018059      CALL r4 (2 args) => 0 results
      037 04000305 GETGLOBAL r4 := _G[k12 ('Utility_ReadNumberFromScribbleMemory' [h=2BB92038,$009F9D40])]
      038 05000341     LOADK r5 := k13 ('current_' [h=8FEE355A,$00996FA0])
      039 06018000      MOVE r6 := r3
      040 07000381     LOADK r7 := k14 ('_mission' [h=7DD2639E,$009909E0])
      041 050281D3    CONCAT r5 := r5 ... r7
      042 04010099      CALL r4 (1 args) => 1 results
      043 050003C5 GETGLOBAL r5 := _G[k15 ('Utility_WriteNumberToScribbleMemory' [h=DCF55147,$00A29080])]
      044 06000401     LOADK r6 := k16 ('SkipTo_MissionNumber' [h=DF4E9E46,$00A068C0])
      045 07020000      MOVE r7 := r4
      046 05018059      CALL r5 (2 args) => 0 results
      047 03000445 GETGLOBAL r3 := _G[k17 ('Utility_ResetToBaseLayerOnly' [h=05E8CF2B,$009F7140])]
      048 03008059      CALL r3 (0 args) => 0 results
      049 00800894       JMP +35 ; 85
      050 03000485 GETGLOBAL r3 := _G[k18 ('Utility_EraseValueFromScribbleMemory' [h=D5C200E6,$00A13000])]
      051 040004C1     LOADK r4 := k19 ('mission_accepted' [h=77464996,$00A32D40])
      052 03010059      CALL r3 (1 args) => 0 results
      053 03000285 GETGLOBAL r3 := _G[k10 ('Utility_WriteStringToScribbleMemory' [h=5E8C6272,$00A3A080])]
      054 04000501     LOADK r4 := k20 ('PlayerStartLocationName' [h=97810C56,$00A12EC0])
      055 05000541     LOADK r5 := k21 ('loc_playerstart' [h=AE611F70,$009C32A0])
      056 03018059      CALL r3 (2 args) => 0 results
      057 01008018      TEST not r1 : r1 := r1
      058 00800094       JMP +3 ; 62
      059 03000585 GETGLOBAL r3 := _G[k22 ('Utility_ResetToShell' [h=C6B528C3,$009D63C0])]
      060 03008059      CALL r3 (0 args) => 0 results
      061 00800594       JMP +23 ; 85
      062 02010018      TEST not r2 : r2 := r2
      063 008003D4       JMP +16 ; 80
      064 03000305 GETGLOBAL r3 := _G[k12 ('Utility_ReadNumberFromScribbleMemory' [h=2BB92038,$009F9D40])]
      065 040005C1     LOADK r4 := k23 ('old_allies_mission' [h=A2110E2E,$009E5300])
      066 03010099      CALL r3 (1 args) => 1 results
      067 03018018      TEST not r3 : r3 := r3
      068 00800194       JMP +7 ; 76
      069 04000485 GETGLOBAL r4 := _G[k18 ('Utility_EraseValueFromScribbleMemory' [h=D5C200E6,$00A13000])]
      070 050005C1     LOADK r5 := k23 ('old_allies_mission' [h=A2110E2E,$009E5300])
      071 04010059      CALL r4 (1 args) => 0 results
      072 040003C5 GETGLOBAL r4 := _G[k15 ('Utility_WriteNumberToScribbleMemory' [h=DCF55147,$00A29080])]
      073 05000601     LOADK r5 := k24 ('current_allies_mission' [h=CB04149F,$009F2C00])
      074 06018000      MOVE r6 := r3
      075 04018059      CALL r4 (2 args) => 0 results
      076 04000445 GETGLOBAL r4 := _G[k17 ('Utility_ResetToBaseLayerOnly' [h=05E8CF2B,$009F7140])]
      077 05000045 GETGLOBAL r5 := _G[k1 ('sQuadrant' [h=4B410EBA,$0099BEC0])]
      078 04010059      CALL r4 (1 args) => 0 results
      079 00800114       JMP +5 ; 85
      080 03000645 GETGLOBAL r3 := _G[k25 ('bDeathSequencePending' [h=792029EF,$009F5180])]
      081 03018018      TEST not r3 : r3 := r3
      082 00800054       JMP +2 ; 85
      083 03000685 GETGLOBAL r3 := _G[k26 ('Mission_PlayerRespawn' [h=4F618654,$00A085C0])]
      084 03008059      CALL r3 (0 args) => 0 results
      085 0000801B    RETURN
  [Node$01A30324] 'Region_GetPosition' [h=264C6565,$00A41EC0]: cfunction$002C8928 'Region_GetPosition' [h=264C6565,$00A41EC0]
  [Node$01A30338] 'Event_AiInVehicle' [h=8A9BD566,$009FA180]: cfunction$002BB838 'Event_AiInVehicle' [h=8A9BD566,$009FA180]
  [Node$01A3034C] 'Boundary_GetProperties' [h=0A995967,$009FAA00]: cfunction$002C9018 'Boundary_GetProperties' [h=0A995967,$009FAA00]
  [Node$01A30360] 'Desktop_BeginLoseSequence' [h=0FA31568,$009D3E40]: cfunction$002C7CE8 'Desktop_BeginLoseSequence' [h=0FA31568,$009D3E40]
  [Node$01A30374] 'gameflow_Bridge_NW_Setup' [h=40553D69,$00A38E80]: function$00979200 'gameflow_Bridge_NW_Setup' [h=40553D69,$00A38E80]
    CONST$00C93F80 k0  'gameflow_Bridge_NW_Setup' [h=40553D69,$00A38E80]
    CONST$00C93F88 k1  'Actor_GetPosition' [h=F7E6F403,$009E29C0]
    CONST$00C93F90 k2  'loc_bridge_village_01' [h=4084769D,$009D5340]
    CONST$00C93F98 k3  'Actor_GetYaw' [h=4E977D3A,$009A1B80]
    CONST$00C93FA0 k4  'Mission_Spawn' [h=59A02AE9,$009AC240]
    CONST$00C93FA8 k5  'template_bridge_village' [h=251C8D88,$009FD500]
    CONST$00C93FB0 k6  'bridge_village_01' [h=991E5E45,$00A172C0]
    CONST$00C93FB8 k7  'gameflow_Bridge_Setup' [h=FDB319FC,$009D9040]
    CONST$00C93FC0 k8  'gameflow_Bridge_NW_ddg2sdk_Destroyed' [h=2F21657A,$00A03040]
    CONST$00C93FC8 k9  'bridge_ddg2sdk_01' [h=8D4B24D9,$00A02AC0]
    CONST$00C93FD0 k10 'bridge_ddg2sdk_02' [h=42274155,$00A3A640]
    CONST$00C93FD8 k11 'bridge_ddg2sdk_03' [h=4AB4A7B7,$00A2EA80]
    CONST$00C93FE0 k12 'bridge_ddg2sdk_04' [h=CBE1F6B4,$00A1EAC0]
    CONST$00C93FE8 k13 'gameflow_Bridge_NW_tmn2ku_Destroyed' [h=8F59C0D4,$009CE040]
    CONST$00C93FF0 k14 'bridge_tmn2ku_01' [h=B57872B9,$009DE3C0]
    CONST$00C93FF8 k15 't_tmn2ku_01c' [h=A1E6DD24,$009779A0]
    CONST$00C94000 k16 'gameflow_Bridge_NW_cj2ybr_Destroyed' [h=6DD2032A,$00A2B680]
    CONST$00C94008 k17 'bridge_cj2ybr_01' [h=AAE19F55,$00A06100]
    CONST$00C94010 k18 't_cj2ybr_01c' [h=45612862,$009A9700]
    CONST$00C94018 k19 'gameflow_Bridge_NW_bridge_village_01_Destroyed' [h=DF5ED628,$009CFCC0]
    CONST$00C94020 k20 't_village_01c' [h=5BABB560,$0097DF20]
    CONST$00C94028 k21 't_village_06c' [h=836B26FD,$009A7E40]
    CONST$00C94030 k22 'gameflow_Bridge_NW_bridge_village_02_Destroyed' [h=52F0EB8F,$00A3ECC0]
    CONST$00C94038 k23 'bridge_village_02' [h=30F4C7C7,$00A29FC0]
    CONST$00C94040 k24 't_village_05c' [h=3E2D2310,$009A5FE0]
    CONST$00C94048 k25 'gameflow_Bridge_NW_bridge_ybw2vil_Destroyed' [h=48581417,$009EEB40]
    CONST$00C94050 k26 'bridge_ybw2vil_01' [h=6A963859,$00A24D80]
    CONST$00C94058 k27 't_ybw2vil_02c' [h=4089F175,$009C41A0]
    CONST$00C94060 k28 'gameflow_Bridge_NW_bridge_temple_Destroyed' [h=CB42C366,$00A2D580]
    CONST$00C94068 k29 'bridge_temple_01' [h=2F977EA5,$009EAC80]
    CONST$00C94070 k30 'gameflow_Bridge_NW_bridge_ku2ybd_Destroyed' [h=47743DD5,$009D24C0]
    CONST$00C94078 k31 'bridge_ku2ybd_01' [h=2383A54D,$00A31480]
    CONST$00C94080 k32 't_ku2ybd_01c' [h=262EA349,$00978100]
    CONST$00C94088 k33 'gameflow_Bridge_SW_nmp2nab_Destroyed' [h=8B8F2660,$009DBF40]
    CONST$00C94090 k34 'gameflow_Bridge_SW_pyn2pyd_Destroyed' [h=6B0719A9,$009DA280]
    CONST$00C94098 k35 'gameflow_Bridge_SW_pyd2pye_Destroyed' [h=DF8F8D38,$00A33940]
    CONST$00C940A0 k36 'gameflow_Bridge_SW_pyd2srw_Destroyed' [h=0138648D,$00A21F40]
    CONST$00C940A8 k37 'gameflow_Bridge_SW_2dmz_Destroyed' [h=2319C6CA,$009D4B80]
    CONST$00C940B0 k38 'collectgarbage' [h=7631F05C,$0099FB20]
     CODE$00CFB880
      000 00000003   LOADNIL r0 ... r0
      001 00000007 SETGLOBAL r0 ->> _G[k0 ('gameflow_Bridge_NW_Setup' [h=40553D69,$00A38E80])]
      002 00000045 GETGLOBAL r0 := _G[k1 ('Actor_GetPosition' [h=F7E6F403,$009E29C0])]
      003 01000081     LOADK r1 := k2 ('loc_bridge_village_01' [h=4084769D,$009D5340])
      004 00010119      CALL r0 (1 args) => 3 results
      005 030000C5 GETGLOBAL r3 := _G[k3 ('Actor_GetYaw' [h=4E977D3A,$009A1B80])]
      006 04000081     LOADK r4 := k2 ('loc_bridge_village_01' [h=4084769D,$009D5340])
      007 03010099      CALL r3 (1 args) => 1 results
      008 04000105 GETGLOBAL r4 := _G[k4 ('Mission_Spawn' [h=59A02AE9,$009AC240])]
      009 05000141     LOADK r5 := k5 ('template_bridge_village' [h=251C8D88,$009FD500])
      010 06000181     LOADK r6 := k6 ('bridge_village_01' [h=991E5E45,$00A172C0])
      011 07000000      MOVE r7 := r0
      012 08008000      MOVE r8 := r1
      013 09010000      MOVE r9 := r2
      014 0A018011       UNM r10 := -r3
      015 04038059      CALL r4 (6 args) => 0 results
      016 040001C5 GETGLOBAL r4 := _G[k7 ('gameflow_Bridge_Setup' [h=FDB319FC,$009D9040])]
      017 05000201     LOADK r5 := k8 ('gameflow_Bridge_NW_ddg2sdk_Destroyed' [h=2F21657A,$00A03040])
      018 0602000A  NEWTABLE r6 := {} (#a=4, #h=0)
      019 07000241     LOADK r7 := k9 ('bridge_ddg2sdk_01' [h=8D4B24D9,$00A02AC0])
      020 08000281     LOADK r8 := k10 ('bridge_ddg2sdk_02' [h=42274155,$00A3A640])
      021 090002C1     LOADK r9 := k11 ('bridge_ddg2sdk_03' [h=4AB4A7B7,$00A2EA80])
      022 0A000301     LOADK r10 := k12 ('bridge_ddg2sdk_04' [h=CBE1F6B4,$00A1EAC0])
      023 060000DF   SETLIST r6 [3]
      024 04018059      CALL r4 (2 args) => 0 results
      025 040001C5 GETGLOBAL r4 := _G[k7 ('gameflow_Bridge_Setup' [h=FDB319FC,$009D9040])]
      026 05000341     LOADK r5 := k13 ('gameflow_Bridge_NW_tmn2ku_Destroyed' [h=8F59C0D4,$009CE040])
      027 0600800A  NEWTABLE r6 := {} (#a=1, #h=0)
      028 07000381     LOADK r7 := k14 ('bridge_tmn2ku_01' [h=B57872B9,$009DE3C0])
      029 0600001F   SETLIST r6 [0]
      030 0700800A  NEWTABLE r7 := {} (#a=1, #h=0)
      031 080003C1     LOADK r8 := k15 ('t_tmn2ku_01c' [h=A1E6DD24,$009779A0])
      032 0700001F   SETLIST r7 [0]
      033 04020059      CALL r4 (3 args) => 0 results
      034 040001C5 GETGLOBAL r4 := _G[k7 ('gameflow_Bridge_Setup' [h=FDB319FC,$009D9040])]
      035 05000401     LOADK r5 := k16 ('gameflow_Bridge_NW_cj2ybr_Destroyed' [h=6DD2032A,$00A2B680])
      036 0600800A  NEWTABLE r6 := {} (#a=1, #h=0)
      037 07000441     LOADK r7 := k17 ('bridge_cj2ybr_01' [h=AAE19F55,$00A06100])
      038 0600001F   SETLIST r6 [0]
      039 0700800A  NEWTABLE r7 := {} (#a=1, #h=0)
      040 08000481     LOADK r8 := k18 ('t_cj2ybr_01c' [h=45612862,$009A9700])
      041 0700001F   SETLIST r7 [0]
      042 04020059      CALL r4 (3 args) => 0 results
      043 040001C5 GETGLOBAL r4 := _G[k7 ('gameflow_Bridge_Setup' [h=FDB319FC,$009D9040])]
      044 050004C1     LOADK r5 := k19 ('gameflow_Bridge_NW_bridge_village_01_Destroyed' [h=DF5ED628,$009CFCC0])
      045 0600800A  NEWTABLE r6 := {} (#a=1, #h=0)
      046 07000181     LOADK r7 := k6 ('bridge_village_01' [h=991E5E45,$00A172C0])
      047 0600001F   SETLIST r6 [0]
      048 0701000A  NEWTABLE r7 := {} (#a=2, #h=0)
      049 08000501     LOADK r8 := k20 ('t_village_01c' [h=5BABB560,$0097DF20])
      050 09000541     LOADK r9 := k21 ('t_village_06c' [h=836B26FD,$009A7E40])
      051 0700005F   SETLIST r7 [1]
      052 04020059      CALL r4 (3 args) => 0 results
      053 040001C5 GETGLOBAL r4 := _G[k7 ('gameflow_Bridge_Setup' [h=FDB319FC,$009D9040])]
      054 05000581     LOADK r5 := k22 ('gameflow_Bridge_NW_bridge_village_02_Destroyed' [h=52F0EB8F,$00A3ECC0])
      055 0600800A  NEWTABLE r6 := {} (#a=1, #h=0)
      056 070005C1     LOADK r7 := k23 ('bridge_village_02' [h=30F4C7C7,$00A29FC0])
      057 0600001F   SETLIST r6 [0]
      058 0700800A  NEWTABLE r7 := {} (#a=1, #h=0)
      059 08000601     LOADK r8 := k24 ('t_village_05c' [h=3E2D2310,$009A5FE0])
      060 0700001F   SETLIST r7 [0]
      061 04020059      CALL r4 (3 args) => 0 results
      062 040001C5 GETGLOBAL r4 := _G[k7 ('gameflow_Bridge_Setup' [h=FDB319FC,$009D9040])]
      063 05000641     LOADK r5 := k25 ('gameflow_Bridge_NW_bridge_ybw2vil_Destroyed' [h=48581417,$009EEB40])
      064 0600800A  NEWTABLE r6 := {} (#a=1, #h=0)
      065 07000681     LOADK r7 := k26 ('bridge_ybw2vil_01' [h=6A963859,$00A24D80])
      066 0600001F   SETLIST r6 [0]
      067 0700800A  NEWTABLE r7 := {} (#a=1, #h=0)
      068 080006C1     LOADK r8 := k27 ('t_ybw2vil_02c' [h=4089F175,$009C41A0])
      069 0700001F   SETLIST r7 [0]
      070 04020059      CALL r4 (3 args) => 0 results
      071 040001C5 GETGLOBAL r4 := _G[k7 ('gameflow_Bridge_Setup' [h=FDB319FC,$009D9040])]
      072 05000701     LOADK r5 := k28 ('gameflow_Bridge_NW_bridge_temple_Destroyed' [h=CB42C366,$00A2D580])
      073 0600800A  NEWTABLE r6 := {} (#a=1, #h=0)
      074 07000741     LOADK r7 := k29 ('bridge_temple_01' [h=2F977EA5,$009EAC80])
      075 0600001F   SETLIST r6 [0]
      076 04018059      CALL r4 (2 args) => 0 results
      077 040001C5 GETGLOBAL r4 := _G[k7 ('gameflow_Bridge_Setup' [h=FDB319FC,$009D9040])]
      078 05000781     LOADK r5 := k30 ('gameflow_Bridge_NW_bridge_ku2ybd_Destroyed' [h=47743DD5,$009D24C0])
      079 0600800A  NEWTABLE r6 := {} (#a=1, #h=0)
      080 070007C1     LOADK r7 := k31 ('bridge_ku2ybd_01' [h=2383A54D,$00A31480])
      081 0600001F   SETLIST r6 [0]
      082 0700800A  NEWTABLE r7 := {} (#a=1, #h=0)
      083 08000801     LOADK r8 := k32 ('t_ku2ybd_01c' [h=262EA349,$00978100])
      084 0700001F   SETLIST r7 [0]
      085 04020059      CALL r4 (3 args) => 0 results
      086 04020003   LOADNIL r4 ... r4
      087 04000847 SETGLOBAL r4 ->> _G[k33 ('gameflow_Bridge_SW_nmp2nab_Destroyed' [h=8B8F2660,$009DBF40])]
      088 04020003   LOADNIL r4 ... r4
      089 04000887 SETGLOBAL r4 ->> _G[k34 ('gameflow_Bridge_SW_pyn2pyd_Destroyed' [h=6B0719A9,$009DA280])]
      090 04020003   LOADNIL r4 ... r4
      091 040008C7 SETGLOBAL r4 ->> _G[k35 ('gameflow_Bridge_SW_pyd2pye_Destroyed' [h=DF8F8D38,$00A33940])]
      092 04020003   LOADNIL r4 ... r4
      093 04000907 SETGLOBAL r4 ->> _G[k36 ('gameflow_Bridge_SW_pyd2srw_Destroyed' [h=0138648D,$00A21F40])]
      094 04020003   LOADNIL r4 ... r4
      095 04000947 SETGLOBAL r4 ->> _G[k37 ('gameflow_Bridge_SW_2dmz_Destroyed' [h=2319C6CA,$009D4B80])]
      096 04020003   LOADNIL r4 ... r4
      097 040001C7 SETGLOBAL r4 ->> _G[k7 ('gameflow_Bridge_Setup' [h=FDB319FC,$009D9040])]
      098 04000985 GETGLOBAL r4 := _G[k38 ('collectgarbage' [h=7631F05C,$0099FB20])]
      099 04008059      CALL r4 (0 args) => 0 results
      100 0000801B    RETURN
  [Node$01A30400] 'mission_ObjectiveExtract' [h=B5600970,$00A01540]: function$00985600 'mission_ObjectiveExtract' [h=B5600970,$00A01540]
    CONST$00998120 k0  'verb' [h=0076582D,$0098A700]
    CONST$00998128 k1  'VERB_EXTRACT' [h=3EC2A516,$009A6AC0]
    CONST$00998130 k2  'mission_ObjectiveVerb' [h=7FAF457B,$009E77C0]
     CODE$009842E0
      000 01000045 GETGLOBAL r1 := _G[k1 ('VERB_EXTRACT' [h=3EC2A516,$009A6AC0])]
      001 007D0049  SETTABLE r1 ->> r0[k0 ('verb' [h=0076582D,$0098A700])]
      002 01000085 GETGLOBAL r1 := _G[k2 ('mission_ObjectiveVerb' [h=7FAF457B,$009E77C0])]
      003 02000000      MOVE r2 := r0
      004 01010059      CALL r1 (1 args) => 0 results
      005 0000801B    RETURN
  [Node$01A30464] 'RS_AFLG_PREEMPT' [h=5D84F975,$009A69C0]: TObject(4.0)
  [Node$01A30478] 'Event_ExtractionHelicopterDestroyed' [h=5134E176,$009D4980]: cfunction$002BF4F0 'Event_ExtractionHelicopterDestroyed' [h=5134E176,$009D4980]
  [Node$01A304B4] 'SpawnAce' [h=B4A1F979,$0097DD40]: function$00A22A40[4] 'SpawnAce' [h=B4A1F979,$0097DD40]
    CONST$00C52F40 k0  'Debug' [h=129D1272,$009C2A20]
    CONST$00C52F48 k1  'SpawnAce: ....' [h=F17C3BAD,$0098F500]
    CONST$00C52F50 k2  'mission_RemoveObjective' [h=B90D805B,$00A28940]
    CONST$00C52F58 k3  'SongTowerDestroyed' [h=F509FC24,$00A21500]
    CONST$00C52F60 k4  'Actor_GetPosition' [h=F7E6F403,$009E29C0]
    CONST$00C52F68 k5  'tLocation' [h=1B661449,$0098DE00]
    CONST$00C52F70 k6  'SpawnAce' [h=B4A1F979,$0097DD40]
    CONST$00C52F78 k7  TObject(180.0)
    CONST$00C52F80 k8  'Mission_Spawn' [h=59A02AE9,$009AC240]
    CONST$00C52F88 k9  'template_nk_clubace' [h=32851282,$00A00D80]
    CONST$00C52F90 k10 'Ace' [h=00032177,$00985A00]
    CONST$00C52F98 k11 'SpawnAce: radio message' [h=6F89A839,$00A02800]
    CONST$00C52FA0 k12 'Audio_PlayVoiceoverCB' [h=56573DF1,$00A16480]
    CONST$00C52FA8 k13 'fio.' [h=005ABE5E,$0098E9C0]
    CONST$00C52FB0 k14 'TechAceRevealed' [h=E1E2B85E,$009A8A20]
    CONST$00C52FB8 k15 'SpawnAce_Objectify' [h=E5CC2F5C,$00A20080]
    CONST$00C52FC0 k16 'SpawnAce: setup event to handle the ace leaving the island' [h=8CD03A9E,$00AB4640]
    CONST$00C52FC8 k17 'SpawnAce: event: actor in boundry' [h=B3A70977,$00A36D00]
    CONST$00C52FD0 k18 'AceOutOfIsland' [h=9767235E,$009A1140]
    CONST$00C52FD8 k19 'Event_ActorInBoundary' [h=5BF73290,$00A20700]
    CONST$00C52FE0 k20 'AceLost' [h=E81BC2F9,$0098B7C0]
    CONST$00C52FE8 k21 'b' [h=00000083,$00983380]
    CONST$00C52FF0 k22 'SpawnAce: event: actor is NOT dormant' [h=BCD6B7EB,$00A33080]
    CONST$00C52FF8 k23 'AceSporedIn' [h=1C1893F5,$009AA4C0]
    CONST$00C53000 k24 'Event_ActorIsDormant' [h=EDBBFA3E,$00A0B100]
    CONST$00C53008 k25 'SpawnAce: DONE' [h=59970757,$009AA300]
     CODE$00CA9B00
      000 00000005 GETGLOBAL r0 := _G[k0 ('Debug' [h=129D1272,$009C2A20])]
      001 01000041     LOADK r1 := k1 ('SpawnAce: ....' [h=F17C3BAD,$0098F500])
      002 00010059      CALL r0 (1 args) => 0 results
      003 00000085 GETGLOBAL r0 := _G[k2 ('mission_RemoveObjective' [h=B90D805B,$00A28940])]
      004 010000C1     LOADK r1 := k3 ('SongTowerDestroyed' [h=F509FC24,$00A21500])
      005 00010059      CALL r0 (1 args) => 0 results
      006 00018003   LOADNIL r0 ... r3
      007 04000105 GETGLOBAL r4 := _G[k4 ('Actor_GetPosition' [h=F7E6F403,$009E29C0])]
      008 05000004  GETUPVAL r5 := u0
      009 0502BFC6  GETTABLE r5 := r5[k5 ('tLocation' [h=1B661449,$0098DE00])]
      010 0502C006  GETTABLE r5 := r5[k6 ('SpawnAce' [h=B4A1F979,$0097DD40])]
      011 04010119      CALL r4 (1 args) => 3 results
      012 02030000      MOVE r2 := r6
      013 01028000      MOVE r1 := r5
      014 00020000      MOVE r0 := r4
      015 030001C1     LOADK r3 := k7 (TObject(180.0))
      016 04000205 GETGLOBAL r4 := _G[k8 ('Mission_Spawn' [h=59A02AE9,$009AC240])]
      017 05000241     LOADK r5 := k9 ('template_nk_clubace' [h=32851282,$00A00D80])
      018 06000004  GETUPVAL r6 := u0
      019 06034106  GETTABLE r6 := r6[k10 ('Ace' [h=00032177,$00985A00])]
      020 07000000      MOVE r7 := r0
      021 08008000      MOVE r8 := r1
      022 09010000      MOVE r9 := r2
      023 0A018000      MOVE r10 := r3
      024 04038059      CALL r4 (6 args) => 0 results
      025 04000005 GETGLOBAL r4 := _G[k0 ('Debug' [h=129D1272,$009C2A20])]
      026 050002C1     LOADK r5 := k11 ('SpawnAce: radio message' [h=6F89A839,$00A02800])
      027 04010059      CALL r4 (1 args) => 0 results
      028 04000305 GETGLOBAL r4 := _G[k12 ('Audio_PlayVoiceoverCB' [h=56573DF1,$00A16480])]
      029 05000341     LOADK r5 := k13 ('fio.' [h=005ABE5E,$0098E9C0])
      030 06008004  GETUPVAL r6 := u1
      031 06034206  GETTABLE r6 := r6[k14 ('TechAceRevealed' [h=E1E2B85E,$009A8A20])]
      032 05028193    CONCAT r5 := r5 ... r6
      033 060003C1     LOADK r6 := k15 ('SpawnAce_Objectify' [h=E5CC2F5C,$00A20080])
      034 04018059      CALL r4 (2 args) => 0 results
      035 04000005 GETGLOBAL r4 := _G[k0 ('Debug' [h=129D1272,$009C2A20])]
      036 05000401     LOADK r5 := k16 ('SpawnAce: setup event to handle the ace leaving the island' [h=8CD03A9E,$00AB4640])
      037 04010059      CALL r4 (1 args) => 0 results
      038 04000005 GETGLOBAL r4 := _G[k0 ('Debug' [h=129D1272,$009C2A20])]
      039 05000441     LOADK r5 := k17 ('SpawnAce: event: actor in boundry' [h=B3A70977,$00A36D00])
      040 04010059      CALL r4 (1 args) => 0 results
      041 04010004  GETUPVAL r4 := u2
      042 050004C5 GETGLOBAL r5 := _G[k19 ('Event_ActorInBoundary' [h=5BF73290,$00A20700])]
      043 06000501     LOADK r6 := k20 ('AceLost' [h=E81BC2F9,$0098B7C0])
      044 07000541     LOADK r7 := k21 ('b' [h=00000083,$00983380])
      045 08000004  GETUPVAL r8 := u0
      046 08044106  GETTABLE r8 := r8[k10 ('Ace' [h=00032177,$00985A00])]
      047 09018004  GETUPVAL r9 := u3
      048 0904C386  GETTABLE r9 := r9[k20 ('AceLost' [h=E81BC2F9,$0098B7C0])]
      049 0A000002  LOADBOOL r10 := False
      050 05030099      CALL r5 (5 args) => 1 results
      051 04860149  SETTABLE r5 ->> r4[k18 ('AceOutOfIsland' [h=9767235E,$009A1140])]
      052 04000005 GETGLOBAL r4 := _G[k0 ('Debug' [h=129D1272,$009C2A20])]
      053 05000581     LOADK r5 := k22 ('SpawnAce: event: actor is NOT dormant' [h=BCD6B7EB,$00A33080])
      054 04010059      CALL r4 (1 args) => 0 results
      055 04010004  GETUPVAL r4 := u2
      056 05000605 GETGLOBAL r5 := _G[k24 ('Event_ActorIsDormant' [h=EDBBFA3E,$00A0B100])]
      057 060005C1     LOADK r6 := k23 ('AceSporedIn' [h=1C1893F5,$009AA4C0])
      058 07000541     LOADK r7 := k21 ('b' [h=00000083,$00983380])
      059 08000004  GETUPVAL r8 := u0
      060 08044106  GETTABLE r8 := r8[k10 ('Ace' [h=00032177,$00985A00])]
      061 09000002  LOADBOOL r9 := False
      062 05028099      CALL r5 (4 args) => 1 results
      063 04888149  SETTABLE r5 ->> r4[k23 ('AceSporedIn' [h=1C1893F5,$009AA4C0])]
      064 04000005 GETGLOBAL r4 := _G[k0 ('Debug' [h=129D1272,$009C2A20])]
      065 05000641     LOADK r5 := k25 ('SpawnAce: DONE' [h=59970757,$009AA300])
      066 04010059      CALL r4 (1 args) => 0 results
      067 04020003   LOADNIL r4 ... r4
      068 04000187 SETGLOBAL r4 ->> _G[k6 ('SpawnAce' [h=B4A1F979,$0097DD40])]
      069 0000801B    RETURN
  [Node$01A304C8] 'gameflow_Bridge_NW_ddg2sdk_Destroyed' [h=2F21657A,$00A03040]: function$009AA5E0 'gameflow_Bridge_NW_ddg2sdk_Destroyed' [h=2F21657A,$00A03040]
    CONST$00BE9CC0 k0  'gameflow_Bridge_NW_ddg2sdk_Destroyed' [h=2F21657A,$00A03040]
    CONST$00BE9CC8 k1  'util_PrintDebugMsg' [h=A2961C17,$00A25100]
    CONST$00BE9CD0 k2  'Bridge pyd2srw destroyed!!!\n' [h=E1D4D5E1,$00A21000]
    CONST$00BE9CD8 k3  'gameflow_Bridge_Destroy' [h=3AF48C8C,$00A035C0]
    CONST$00BE9CE0 k4  'bridge_ddg2sdk_01' [h=8D4B24D9,$00A02AC0]
    CONST$00BE9CE8 k5  'bridge_ddg2sdk_02' [h=42274155,$00A3A640]
    CONST$00BE9CF0 k6  'bridge_ddg2sdk_03' [h=4AB4A7B7,$00A2EA80]
    CONST$00BE9CF8 k7  'bridge_ddg2sdk_04' [h=CBE1F6B4,$00A1EAC0]
    CONST$00BE9D00 k8  'bridge_ddg2sdk_01s' [h=CEA4E581,$009ECA00]
    CONST$00BE9D08 k9  'bridge_ddg2sdk_02s' [h=D2969385,$009E4980]
    CONST$00BE9D10 k10 'bridge_ddg2sdk_03s' [h=0397361D,$009E8600]
    CONST$00BE9D18 k11 'bridge_ddg2sdk_04s' [h=48E06D23,$00A2E3C0]
    CONST$00BE9D20 k12 't_dandong-b_01a' [h=BDA83D5D,$00978300]
    CONST$00BE9D28 k13 't_dandong-b_01b' [h=33A3C095,$0097E520]
    CONST$00BE9D30 k14 't_dandong-b_02a' [h=2DDD6D8B,$00988B80]
    CONST$00BE9D38 k15 't_dandong-b_02b' [h=CB0A4955,$00991B20]
    CONST$00BE9D40 k16 't_dandong-b_03a' [h=DF30CC97,$009763C0]
    CONST$00BE9D48 k17 't_dandong-b_03b' [h=9DFAA0A7,$0097ECE0]
     CODE$00A65740
      000 00000003   LOADNIL r0 ... r0
      001 00000007 SETGLOBAL r0 ->> _G[k0 ('gameflow_Bridge_NW_ddg2sdk_Destroyed' [h=2F21657A,$00A03040])]
      002 00000045 GETGLOBAL r0 := _G[k1 ('util_PrintDebugMsg' [h=A2961C17,$00A25100])]
      003 01000081     LOADK r1 := k2 ('Bridge pyd2srw destroyed!!!\n' [h=E1D4D5E1,$00A21000])
      004 00010059      CALL r0 (1 args) => 0 results
      005 000000C5 GETGLOBAL r0 := _G[k3 ('gameflow_Bridge_Destroy' [h=3AF48C8C,$00A035C0])]
      006 0106000A  NEWTABLE r1 := {} (#a=12, #h=0)
      007 02000101     LOADK r2 := k4 ('bridge_ddg2sdk_01' [h=8D4B24D9,$00A02AC0])
      008 03000141     LOADK r3 := k5 ('bridge_ddg2sdk_02' [h=42274155,$00A3A640])
      009 04000181     LOADK r4 := k6 ('bridge_ddg2sdk_03' [h=4AB4A7B7,$00A2EA80])
      010 050001C1     LOADK r5 := k7 ('bridge_ddg2sdk_04' [h=CBE1F6B4,$00A1EAC0])
      011 06000201     LOADK r6 := k8 ('bridge_ddg2sdk_01s' [h=CEA4E581,$009ECA00])
      012 07000241     LOADK r7 := k9 ('bridge_ddg2sdk_02s' [h=D2969385,$009E4980])
      013 08000281     LOADK r8 := k10 ('bridge_ddg2sdk_03s' [h=0397361D,$009E8600])
      014 090002C1     LOADK r9 := k11 ('bridge_ddg2sdk_04s' [h=48E06D23,$00A2E3C0])
      015 010001DF   SETLIST r1 [7]
      016 0203000A  NEWTABLE r2 := {} (#a=6, #h=0)
      017 03000301     LOADK r3 := k12 ('t_dandong-b_01a' [h=BDA83D5D,$00978300])
      018 04000341     LOADK r4 := k13 ('t_dandong-b_01b' [h=33A3C095,$0097E520])
      019 05000381     LOADK r5 := k14 ('t_dandong-b_02a' [h=2DDD6D8B,$00988B80])
      020 060003C1     LOADK r6 := k15 ('t_dandong-b_02b' [h=CB0A4955,$00991B20])
      021 07000401     LOADK r7 := k16 ('t_dandong-b_03a' [h=DF30CC97,$009763C0])
      022 08000441     LOADK r8 := k17 ('t_dandong-b_03b' [h=9DFAA0A7,$0097ECE0])
      023 0200015F   SETLIST r2 [5]
      024 00018059      CALL r0 (2 args) => 0 results
      025 0000801B    RETURN
  [Node$01A304DC] 'Ai_EnableHornResponse' [h=FF72DD7B,$00A3AC80]: cfunction$002F7520 'Ai_EnableHornResponse' [h=FF72DD7B,$00A3AC80]
  [Node$01A30504] 'Event_AiCommandStatus' [h=A9E3357D,$009D1D80]: cfunction$002BC150 'Event_AiCommandStatus' [h=A9E3357D,$009D1D80]
  [Node$01A30518] 'Traffic_SetZoneCivDensity' [h=C937997E,$009DC340]: cfunction$002A1CD0 'Traffic_SetZoneCivDensity' [h=C937997E,$009DC340]
  [Node$01A3052C] 'loadfile' [h=7378897F,$0099BE60]: cfunction$003B89E0 'loadfile' [h=7378897F,$0099BE60]
  [Node$01A30540] 'Effect_Explosion' [h=6D4E0180,$009F83C0]: cfunction$002A4C88 'Effect_Explosion' [h=6D4E0180,$009F83C0]
  [Node$01A30554] 'Event_PlayerEnteredDangerZone' [h=925BF581,$00A1E700]: cfunction$002BDD70 'Event_PlayerEnteredDangerZone' [h=925BF581,$00A1E700]
  [Node$01A30568] 'Ui_ObjectiveTrayPrint' [h=7213E182,$009E1A40]: cfunction$002A73A0 'Ui_ObjectiveTrayPrint' [h=7213E182,$009E1A40]
  [Node$01A3061C] 'util_GetLastMissionNumberInChapterArc' [h=8F3A298B,$00A3AA40]: function$0098EAC0 'util_GetLastMissionNumberInChapterArc' [h=8F3A298B,$00A3AA40]
    CONST$00A15600 k0  TObject(1.0)
    CONST$00A15608 k1  TObject(3.0)
    CONST$00A15610 k2  'allies' [h=B57F1C27,$009BF7E0]
    CONST$00A15618 k3  TObject(2.0)
    CONST$00A15620 k4  TObject(5.0)
    CONST$00A15628 k5  TObject(6.0)
    CONST$00A15630 k6  TObject(4.0)
     CODE$00B26BC0
      000 0100BE95        EQ r1 == k0 (TObject(1.0))
      001 00800054       JMP +2 ; 4
      002 0000BED5        EQ r1 != k1 (TObject(3.0))
      003 008001D4       JMP +8 ; 12
      004 00003F15        EQ r0 != k2 ('allies' [h=B57F1C27,$009BF7E0])
      005 00800094       JMP +3 ; 9
      006 020000C1     LOADK r2 := k3 (TObject(2.0))
      007 0201001B    RETURN r2 ... r2
      008 00800554       JMP +22 ; 31
      009 02000041     LOADK r2 := k1 (TObject(3.0))
      010 0201001B    RETURN r2 ... r2
      011 00800494       JMP +19 ; 31
      012 0000BF55        EQ r1 != k3 (TObject(2.0))
      013 008001D4       JMP +8 ; 22
      014 00003F15        EQ r0 != k2 ('allies' [h=B57F1C27,$009BF7E0])
      015 00800094       JMP +3 ; 19
      016 02000101     LOADK r2 := k4 (TObject(5.0))
      017 0201001B    RETURN r2 ... r2
      018 008002D4       JMP +12 ; 31
      019 02000141     LOADK r2 := k5 (TObject(6.0))
      020 0201001B    RETURN r2 ... r2
      021 00800214       JMP +9 ; 31
      022 0000C015        EQ r1 != k6 (TObject(4.0))
      023 00800194       JMP +7 ; 31
      024 00003F15        EQ r0 != k2 ('allies' [h=B57F1C27,$009BF7E0])
      025 00800094       JMP +3 ; 29
      026 02000181     LOADK r2 := k6 (TObject(4.0))
      027 0201001B    RETURN r2 ... r2
      028 00800054       JMP +2 ; 31
      029 02000141     LOADK r2 := k5 (TObject(6.0))
      030 0201001B    RETURN r2 ... r2
      031 0000801B    RETURN
  [Node$01A30630] 'bDebugOutput' [h=2660F98C,$00984200]: TObject(True)
  [Node$01A30644] 'Actor_PlayHumanAnimationByHandle' [h=5013058D,$00A12340]: cfunction$002ADDE0 'Actor_PlayHumanAnimationByHandle' [h=5013058D,$00A12340]
  [Node$01A30694] 'gameflow_AttemptAceMissionUnlock' [h=5B9F3191,$00A13580]: function$009C7BC0 'gameflow_AttemptAceMissionUnlock' [h=5B9F3191,$00A13580]
    CONST$00BEA980 k0  'Utility_ReadNumberFromScribbleMemory' [h=2BB92038,$009F9D40]
    CONST$00BEA988 k1  'chapter' [h=9A11FF20,$009C12E0]
    CONST$00BEA990 k2  'AceUnlocked' [h=68AFF695,$009A4320]
    CONST$00BEA998 k3  TObject(1.0)
    CONST$00BEA9A0 k4  TObject(0.0)
    CONST$00BEA9A8 k5  'gameflow_GetIntelTotal' [h=0305AFE4,$009CDD00]
    CONST$00BEA9B0 k6  'iTargetIntel' [h=B19BC844,$00979E20]
    CONST$00BEA9B8 k7  'Utility_WriteNumberToScribbleMemory' [h=DCF55147,$00A29080]
    CONST$00BEA9C0 k8  'Mail_Post' [h=CC9FDE1E,$0098B3A0]
    CONST$00BEA9C8 k9  'ch' [h=00001567,$009C28E0]
    CONST$00BEA9D0 k10 '_ace_unlock' [h=86CB8F75,$009A36C0]
    CONST$00BEA9D8 k11 'mission_accepted' [h=77464996,$00A32D40]
    CONST$00BEA9E0 k12 TObject(None)
    CONST$00BEA9E8 k13 'IsBouncerSpawned' [h=932E52F4,$009D16C0]
    CONST$00BEA9F0 k14 'ace' [h=00032097,$00993AC0]
    CONST$00BEA9F8 k15 'SpawnBouncer' [h=7FCD8599,$0098BF20]
    CONST$00BEAA00 k16 'TRUE' [h=0067B195,$0097E680]
    CONST$00BEAA08 k17 'EnableBouncer' [h=6B46993F,$009C3E40]
     CODE$00C21340
      000 00000005 GETGLOBAL r0 := _G[k0 ('Utility_ReadNumberFromScribbleMemory' [h=2BB92038,$009F9D40])]
      001 01000041     LOADK r1 := k1 ('chapter' [h=9A11FF20,$009C12E0])
      002 00010099      CALL r0 (1 args) => 1 results
      003 01000005 GETGLOBAL r1 := _G[k0 ('Utility_ReadNumberFromScribbleMemory' [h=2BB92038,$009F9D40])]
      004 02000081     LOADK r2 := k2 ('AceUnlocked' [h=68AFF695,$009A4320])
      005 030000C1     LOADK r3 := k3 (TObject(1.0))
      006 01018099      CALL r1 (2 args) => 1 results
      007 01008058      TEST r1 : r1 := r1
      008 008009D4       JMP +40 ; 49
      009 007F0016        LT k4 (TObject(0.0)) >= r0
      010 00800954       JMP +38 ; 49
      011 02000145 GETGLOBAL r2 := _G[k5 ('gameflow_GetIntelTotal' [h=0305AFE4,$009CDD00])]
      012 03000000      MOVE r3 := r0
      013 02010099      CALL r2 (1 args) => 1 results
      014 03000185 GETGLOBAL r3 := _G[k6 ('iTargetIntel' [h=B19BC844,$00979E20])]
      015 00018097        LE r3 > r2
      016 008007D4       JMP +32 ; 49
      017 020001C5 GETGLOBAL r2 := _G[k7 ('Utility_WriteNumberToScribbleMemory' [h=DCF55147,$00A29080])]
      018 03000081     LOADK r3 := k2 ('AceUnlocked' [h=68AFF695,$009A4320])
      019 040000C1     LOADK r4 := k3 (TObject(1.0))
      020 02018059      CALL r2 (2 args) => 0 results
      021 02000205 GETGLOBAL r2 := _G[k8 ('Mail_Post' [h=CC9FDE1E,$0098B3A0])]
      022 03000241     LOADK r3 := k9 ('ch' [h=00001567,$009C28E0])
      023 04000000      MOVE r4 := r0
      024 05000281     LOADK r5 := k10 ('_ace_unlock' [h=86CB8F75,$009A36C0])
      025 03018153    CONCAT r3 := r3 ... r5
      026 02010059      CALL r2 (1 args) => 0 results
      027 02000005 GETGLOBAL r2 := _G[k0 ('Utility_ReadNumberFromScribbleMemory' [h=2BB92038,$009F9D40])]
      028 030002C1     LOADK r3 := k11 ('mission_accepted' [h=77464996,$00A32D40])
      029 02010099      CALL r2 (1 args) => 1 results
      030 00014195        EQ r2 != k12 (TObject(None))
      031 00800414       JMP +17 ; 49
      032 02000345 GETGLOBAL r2 := _G[k13 ('IsBouncerSpawned' [h=932E52F4,$009D16C0])]
      033 03000381     LOADK r3 := k14 ('ace' [h=00032097,$00993AC0])
      034 02010099      CALL r2 (1 args) => 1 results
      035 02010058      TEST r2 : r2 := r2
      036 008002D4       JMP +12 ; 49
      037 020003C5 GETGLOBAL r2 := _G[k15 ('SpawnBouncer' [h=7FCD8599,$0098BF20])]
      038 03000405 GETGLOBAL r3 := _G[k16 ('TRUE' [h=0067B195,$0097E680])]
      039 04000381     LOADK r4 := k14 ('ace' [h=00032097,$00993AC0])
      040 02018099      CALL r2 (2 args) => 1 results
      041 02010018      TEST not r2 : r2 := r2
      042 00800154       JMP +6 ; 49
      043 02000445 GETGLOBAL r2 := _G[k17 ('EnableBouncer' [h=6B46993F,$009C3E40])]
      044 03000405 GETGLOBAL r3 := _G[k16 ('TRUE' [h=0067B195,$0097E680])]
      045 04000381     LOADK r4 := k14 ('ace' [h=00032097,$00993AC0])
      046 02018059      CALL r2 (2 args) => 0 results
      047 02008002  LOADBOOL r2 := True
      048 0201001B    RETURN r2 ... r2
      049 02000002  LOADBOOL r2 := False
      050 0201001B    RETURN r2 ... r2
      051 0000801B    RETURN
  [Node$01A306BC] 'Cinematic_FadeIn' [h=5CA28993,$00A23B00]: cfunction$002C0998 'Cinematic_FadeIn' [h=5CA28993,$00A23B00]
  [Node$01A306D0] 'table_AppendTable' [h=60267D94,$00A0E800]: function$009A15E0 'table_AppendTable' [h=60267D94,$00A0E800]
    CONST$00991B00 k0  'type' [h=0070EF71,$009875A0]
    CONST$00991B08 k1  'table' [h=10F2114B,$0098D780]
    CONST$00991B10 k2  'insert' [h=92EA3D93,$009903C0]
    CONST$00991B18 k3  TObject(None)
     CODE$00AAD8C0
      000 02000005 GETGLOBAL r2 := _G[k0 ('type' [h=0070EF71,$009875A0])]
      001 03008000      MOVE r3 := r1
      002 02010099      CALL r2 (1 args) => 1 results
      003 00013ED5        EQ r2 != k1 ('table' [h=10F2114B,$0098D780])
      004 00800294       JMP +11 ; 16
      005 02008000      MOVE r2 := r1
      006 03028003   LOADNIL r3 ... r5
      007 0280011E  TFORPREP WIP
      008 06000045 GETGLOBAL r6 := _G[k1 ('table' [h=10F2114B,$0098D780])]
      009 06033F06  GETTABLE r6 := r6[k2 ('insert' [h=92EA3D93,$009903C0])]
      010 07000000      MOVE r7 := r0
      011 08028000      MOVE r8 := r5
      012 06018059      CALL r6 (2 args) => 0 results
      013 0200005D  TFORLOOP WIP
      014 007FFE14       JMP -7 ; 8
      015 00800194       JMP +7 ; 23
      016 0100BF55        EQ r1 == k3 (TObject(None))
      017 00800114       JMP +5 ; 23
      018 02000045 GETGLOBAL r2 := _G[k1 ('table' [h=10F2114B,$0098D780])]
      019 02013F06  GETTABLE r2 := r2[k2 ('insert' [h=92EA3D93,$009903C0])]
      020 03000000      MOVE r3 := r0
      021 04008000      MOVE r4 := r1
      022 02018059      CALL r2 (2 args) => 0 results
      023 0001001B    RETURN r0 ... r0
      024 0000801B    RETURN
  [Node$01A306E4] 'TRUE' [h=0067B195,$0097E680]: TObject(True)
  [Node$01A30720] 'sFullMissionID' [h=55237598,$00978BC0]: 'sw_allies3' [h=EA149FBC,$009760E0]
  [Node$01A3075C] 'Actor_AttachToActor' [h=D762899B,$00A0FE40]: cfunction$002ACAB0 'Actor_AttachToActor' [h=D762899B,$00A0FE40]
  [Node$01A30770] 'Tooltip_ShowTip' [h=52632D9C,$009785E0]: function$00981200[2] 'Tooltip_ShowTip' [h=52632D9C,$009785E0]
    CONST$00B2FE40 k0  'Tooltip_Debug' [h=7F31FC17,$00997060]
    CONST$00B2FE48 k1  'Tooltip_ShowTip: ' [h=E5C8C43F,$00A09400]
    CONST$00B2FE50 k2  ' id=' [h=005FDAA1,$00989900]
    CONST$00B2FE58 k3  'tostring' [h=787EB105,$009A9A40]
    CONST$00B2FE60 k4  ' | ' [h=00020460,$009C34A0]
    CONST$00B2FE68 k5  'sTitleKey' [h=F0A0390A,$009A7AA0]
    CONST$00B2FE70 k6  'tBodyKey' [h=3C4986AE,$009AC800]
    CONST$00B2FE78 k7  TObject(1.0)
    CONST$00B2FE80 k8  'Event_CancelEvent' [h=D8960070,$009D8C00]
    CONST$00B2FE88 k9  'eBulletTime' [h=DB717123,$009A7E80]
    CONST$00B2FE90 k10 'Utility_MessageBox' [h=E0C5D484,$009E5400]
    CONST$00B2FE98 k11 'Utility_GetStringById' [h=F7067A6C,$009EF080]
    CONST$00B2FEA0 k12 'TRUE' [h=0067B195,$0097E680]
    CONST$00B2FEA8 k13 'Tooltip_CloseTip' [h=965E429A,$009D5300]
    CONST$00B2FEB0 k14 ' DONE' [h=0F6A3C31,$00979A60]
     CODE$00C32E40
      000 00000005 GETGLOBAL r0 := _G[k0 ('Tooltip_Debug' [h=7F31FC17,$00997060])]
      001 01000041     LOADK r1 := k1 ('Tooltip_ShowTip: ' [h=E5C8C43F,$00A09400])
      002 00010059      CALL r0 (1 args) => 0 results
      003 00000005 GETGLOBAL r0 := _G[k0 ('Tooltip_Debug' [h=7F31FC17,$00997060])]
      004 01000081     LOADK r1 := k2 (' id=' [h=005FDAA1,$00989900])
      005 020000C5 GETGLOBAL r2 := _G[k3 ('tostring' [h=787EB105,$009A9A40])]
      006 03000004  GETUPVAL r3 := u0
      007 02010099      CALL r2 (1 args) => 1 results
      008 03000101     LOADK r3 := k4 (' | ' [h=00020460,$009C34A0])
      009 040000C5 GETGLOBAL r4 := _G[k3 ('tostring' [h=787EB105,$009A9A40])]
      010 05008004  GETUPVAL r5 := u1
      011 06000004  GETUPVAL r6 := u0
      012 05028186  GETTABLE r5 := r5[r6]
      013 0502BFC6  GETTABLE r5 := r5[k5 ('sTitleKey' [h=F0A0390A,$009A7AA0])]
      014 04010099      CALL r4 (1 args) => 1 results
      015 05000101     LOADK r5 := k4 (' | ' [h=00020460,$009C34A0])
      016 060000C5 GETGLOBAL r6 := _G[k3 ('tostring' [h=787EB105,$009A9A40])]
      017 07008004  GETUPVAL r7 := u1
      018 08000004  GETUPVAL r8 := u0
      019 07038206  GETTABLE r7 := r7[r8]
      020 0703C006  GETTABLE r7 := r7[k6 ('tBodyKey' [h=3C4986AE,$009AC800])]
      021 0703C046  GETTABLE r7 := r7[k7 (TObject(1.0))]
      022 06010099      CALL r6 (1 args) => 1 results
      023 01008193    CONCAT r1 := r1 ... r6
      024 00010059      CALL r0 (1 args) => 0 results
      025 00000205 GETGLOBAL r0 := _G[k8 ('Event_CancelEvent' [h=D8960070,$009D8C00])]
      026 01008004  GETUPVAL r1 := u1
      027 02000004  GETUPVAL r2 := u0
      028 01008086  GETTABLE r1 := r1[r2]
      029 0100C0C6  GETTABLE r1 := r1[k9 ('eBulletTime' [h=DB717123,$009A7E80])]
      030 00010059      CALL r0 (1 args) => 0 results
      031 00000285 GETGLOBAL r0 := _G[k10 ('Utility_MessageBox' [h=E0C5D484,$009E5400])]
      032 010002C5 GETGLOBAL r1 := _G[k11 ('Utility_GetStringById' [h=F7067A6C,$009EF080])]
      033 02008004  GETUPVAL r2 := u1
      034 03000004  GETUPVAL r3 := u0
      035 020100C6  GETTABLE r2 := r2[r3]
      036 02013FC6  GETTABLE r2 := r2[k5 ('sTitleKey' [h=F0A0390A,$009A7AA0])]
      037 01010099      CALL r1 (1 args) => 1 results
      038 020002C5 GETGLOBAL r2 := _G[k11 ('Utility_GetStringById' [h=F7067A6C,$009EF080])]
      039 03008004  GETUPVAL r3 := u1
      040 04000004  GETUPVAL r4 := u0
      041 03018106  GETTABLE r3 := r3[r4]
      042 0301C006  GETTABLE r3 := r3[k6 ('tBodyKey' [h=3C4986AE,$009AC800])]
      043 0301C046  GETTABLE r3 := r3[k7 (TObject(1.0))]
      044 02010099      CALL r2 (1 args) => 1 results
      045 03000305 GETGLOBAL r3 := _G[k12 ('TRUE' [h=0067B195,$0097E680])]
      046 04000341     LOADK r4 := k13 ('Tooltip_CloseTip' [h=965E429A,$009D5300])
      047 00028059      CALL r0 (4 args) => 0 results
      048 00000005 GETGLOBAL r0 := _G[k0 ('Tooltip_Debug' [h=7F31FC17,$00997060])]
      049 01000381     LOADK r1 := k14 (' DONE' [h=0F6A3C31,$00979A60])
      050 00010059      CALL r0 (1 args) => 0 results
      051 0000801B    RETURN
  [Node$01A307C0] 'ClearLZ_UpdateObjMsgPrintOK' [h=534F89A0,$00A20000]: function$0097AC40[2] 'ClearLZ_UpdateObjMsgPrintOK' [h=534F89A0,$00A20000]
    CONST$00A1FE80 k0  'Debug' [h=129D1272,$009C2A20]
    CONST$00A1FE88 k1  'ClearLZ_UpdateObjMsgPrintOK: ....' [h=AE12231F,$00A37580]
    CONST$00A1FE90 k2  'UpdateObjMsgPrintOK' [h=EE21F08E,$009D1400]
    CONST$00A1FE98 k3  TObject(None)
    CONST$00A1FEA0 k4  'ClearLZ_UpdateObjMsgPrintOK: updating again' [h=47DEE6E0,$00A09FC0]
    CONST$00A1FEA8 k5  'ClearLZ_UpdateObjMsgPrint' [h=480C4D66,$00A3D700]
    CONST$00A1FEB0 k6  'ClearLZ_UpdateObjMsgPrintOK: DONE' [h=4C5B771D,$00A1E1C0]
     CODE$00A89F40
      000 00000005 GETGLOBAL r0 := _G[k0 ('Debug' [h=129D1272,$009C2A20])]
      001 01000041     LOADK r1 := k1 ('ClearLZ_UpdateObjMsgPrintOK: ....' [h=AE12231F,$00A37580])
      002 00010059      CALL r0 (1 args) => 0 results
      003 00000004  GETUPVAL r0 := u0
      004 007E3F49  SETTABLE k3 (TObject(None)) ->> r0[k2 ('UpdateObjMsgPrintOK' [h=EE21F08E,$009D1400])]
      005 00008004  GETUPVAL r0 := u1
      006 00000018      TEST not r0 : r0 := r0
      007 00800194       JMP +7 ; 15
      008 00000005 GETGLOBAL r0 := _G[k0 ('Debug' [h=129D1272,$009C2A20])]
      009 01000101     LOADK r1 := k4 ('ClearLZ_UpdateObjMsgPrintOK: updating again' [h=47DEE6E0,$00A09FC0])
      010 00010059      CALL r0 (1 args) => 0 results
      011 00000002  LOADBOOL r0 := False
      012 00008008  SETUPVAL r0 ->> UV[1]
      013 00000145 GETGLOBAL r0 := _G[k5 ('ClearLZ_UpdateObjMsgPrint' [h=480C4D66,$00A3D700])]
      014 00008059      CALL r0 (0 args) => 0 results
      015 00000005 GETGLOBAL r0 := _G[k0 ('Debug' [h=129D1272,$009C2A20])]
      016 01000181     LOADK r1 := k6 ('ClearLZ_UpdateObjMsgPrintOK: DONE' [h=4C5B771D,$00A1E1C0])
      017 00010059      CALL r0 (1 args) => 0 results
      018 0000801B    RETURN
  [Node$01A307E8] 'hMission_FactionAttitudeChange' [h=7412F9A2,$009D4FC0]: TObject(3669.0)
  [Node$01A307FC] 'Utility_GetActorAsInt' [h=A2B359A3,$00A3EB80]: cfunction$002F8040 'Utility_GetActorAsInt' [h=A2B359A3,$00A3EB80]
  [Node$01A30810] 'TechSaysDestroySongTower' [h=4A4499A4,$009F1380]: function$0099AE80[1] 'TechSaysDestroySongTower' [h=4A4499A4,$009F1380]
    CONST$00A3A9C0 k0  'Debug' [h=129D1272,$009C2A20]
    CONST$00A3A9C8 k1  'TechSaysDestroySongTower: ....' [h=8B9F40E0,$009F5B40]
    CONST$00A3A9D0 k2  'Audio_PlayVoiceoverCB' [h=56573DF1,$00A16480]
    CONST$00A3A9D8 k3  'fio.' [h=005ABE5E,$0098E9C0]
    CONST$00A3A9E0 k4  'TechSongTower' [h=23866C23,$00979FE0]
    CONST$00A3A9E8 k5  'TechSaysDestroySongTower1' [h=067D71D5,$00A0DB00]
    CONST$00A3A9F0 k6  'TechSaysDestroySongTower: DONE' [h=E6D7BBE0,$009D5DC0]
     CODE$00A00F00
      000 00000005 GETGLOBAL r0 := _G[k0 ('Debug' [h=129D1272,$009C2A20])]
      001 01000041     LOADK r1 := k1 ('TechSaysDestroySongTower: ....' [h=8B9F40E0,$009F5B40])
      002 00010059      CALL r0 (1 args) => 0 results
      003 00000085 GETGLOBAL r0 := _G[k2 ('Audio_PlayVoiceoverCB' [h=56573DF1,$00A16480])]
      004 010000C1     LOADK r1 := k3 ('fio.' [h=005ABE5E,$0098E9C0])
      005 02000004  GETUPVAL r2 := u0
      006 02013F86  GETTABLE r2 := r2[k4 ('TechSongTower' [h=23866C23,$00979FE0])]
      007 01008093    CONCAT r1 := r1 ... r2
      008 02000141     LOADK r2 := k5 ('TechSaysDestroySongTower1' [h=067D71D5,$00A0DB00])
      009 00018059      CALL r0 (2 args) => 0 results
      010 00000005 GETGLOBAL r0 := _G[k0 ('Debug' [h=129D1272,$009C2A20])]
      011 01000181     LOADK r1 := k6 ('TechSaysDestroySongTower: DONE' [h=E6D7BBE0,$009D5DC0])
      012 00010059      CALL r0 (1 args) => 0 results
      013 0000801B    RETURN
  [Node$01A30824] '_G' [h=000011A5,$00994DC0]: table$009A18E0[a=0,h=1024]
  [Node$01A3084C] 'Ai_Command' [h=F55C71A7,$009A9EE0]: cfunction$002B3448 'Ai_Command' [h=F55C71A7,$009A9EE0]
  [Node$01A30874] 'Camera_SetInterestPosition' [h=65E57DA9,$009F5DC0]: cfunction$002A5928 'Camera_SetInterestPosition' [h=65E57DA9,$009F5DC0]
  [Node$01A308D8] 'Event_ActorSpottedTrespassing' [h=050E69AE,$00A38740]: cfunction$002BABE0 'Event_ActorSpottedTrespassing' [h=050E69AE,$00A38740]
  [Node$01A308EC] 'GetCardInfoFromMissionId' [h=DFBCF9AF,$00A20CC0]: function$009A8360 'GetCardInfoFromMissionId' [h=DFBCF9AF,$00A20CC0]
    CONST$019D0600 k0  'nw_allies1' [h=F8FA0CE3,$0099CE20]
    CONST$019D0608 k1  'sSuit' [h=12D9BE81,$00995EC0]
    CONST$019D0610 k2  'hearts' [h=7B78F22A,$00976520]
    CONST$019D0618 k3  'iRank' [h=104A61AA,$0098BEA0]
    CONST$019D0620 k4  TObject(8.0)
    CONST$019D0628 k5  'sInfoMailId' [h=45A7DBEE,$00976F20]
    CONST$019D0630 k6  'mail_cardinfo_hearts8' [h=55331711,$009EC4C0]
    CONST$019D0638 k7  'nw_allies2' [h=00A7DC18,$00987A20]
    CONST$019D0640 k8  'spades' [h=B57ECFE8,$0098FA40]
    CONST$019D0648 k9  'mail_cardinfo_spades8' [h=6E1144FC,$009F1280]
    CONST$019D0650 k10 'nw_allies3' [h=EA149FB7,$00995AE0]
    CONST$019D0658 k11 TObject(10.0)
    CONST$019D0660 k12 'mail_cardinfo_hearts10' [h=AFD014EE,$00A22240]
    CONST$019D0668 k13 'nw_allies5' [h=E2431E19,$00983040]
    CONST$019D0670 k14 'nw_allies6' [h=D5AA9DD0,$00999780]
    CONST$019D0678 k15 'nw_allies7' [h=67C3FDF5,$00995820]
    CONST$019D0680 k16 'nw_china1' [h=10B884AB,$00999660]
    CONST$019D0688 k17 TObject(4.0)
    CONST$019D0690 k18 'mail_cardinfo_hearts4' [h=09D8A16C,$009EFD80]
    CONST$019D0698 k19 'nw_china2' [h=26A06E7C,$009813C0]
    CONST$019D06A0 k20 TObject(5.0)
    CONST$019D06A8 k21 'mail_cardinfo_hearts5' [h=418148EE,$00A302C0]
    CONST$019D06B0 k22 'nw_china3' [h=C3641523,$0099E280]
    CONST$019D06B8 k23 TObject(9.0)
    CONST$019D06C0 k24 'mail_cardinfo_hearts9' [h=181529F1,$00A059C0]
    CONST$019D06C8 k25 'nw_china4' [h=7392B368,$009953A0]
    CONST$019D06D0 k26 TObject(3.0)
    CONST$019D06D8 k27 'mail_cardinfo_spades3' [h=1081191F,$009F5840]
    CONST$019D06E0 k28 'nw_china5' [h=4195123F,$009943E0]
    CONST$019D06E8 k29 TObject(6.0)
    CONST$019D06F0 k30 'mail_cardinfo_spades6' [h=3FEB55EE,$009E7C00]
    CONST$019D06F8 k31 'nw_china6' [h=E9406225,$009853A0]
    CONST$019D0700 k32 'mail_cardinfo_spades9' [h=CB41D58B,$009EA1C0]
    CONST$019D0708 k33 'nw_mafia1' [h=15DEF60A,$00987C00]
    CONST$019D0710 k34 TObject(2.0)
    CONST$019D0718 k35 'mail_cardinfo_hearts2' [h=517AE12A,$009D6A40]
    CONST$019D0720 k36 'nw_mafia2' [h=B87E7F19,$009849E0]
    CONST$019D0728 k37 TObject(7.0)
    CONST$019D0730 k38 'mail_cardinfo_hearts7' [h=F3BE85E6,$009F10C0]
    CONST$019D0738 k39 'nw_mafia3' [h=30CC450E,$00983260]
    CONST$019D0740 k40 'nw_mafia4' [h=3DF89413,$009C3500]
    CONST$019D0748 k41 'mail_cardinfo_spades4' [h=5F46C7AA,$009D8940]
    CONST$019D0750 k42 'nw_mafia5' [h=22D5DF3C,$009A0F20]
    CONST$019D0758 k43 'mail_cardinfo_spades5' [h=931AF8A7,$009FE6C0]
    CONST$019D0760 k44 'nw_mafia6' [h=DB365040,$0097B560]
    CONST$019D0768 k45 'nw_sk1' [h=0A3EF9F0,$009A9540]
    CONST$019D0770 k46 'mail_cardinfo_hearts3' [h=7C1BBC3A,$00A04D00]
    CONST$019D0778 k47 'nw_sk2' [h=0C1322C2,$0098D340]
    CONST$019D0780 k48 'mail_cardinfo_hearts6' [h=21F85715,$009F2640]
    CONST$019D0788 k49 'nw_sk3' [h=E2BF8CA4,$00984FE0]
    CONST$019D0790 k50 'nw_sk4' [h=0980A533,$009A5B00]
    CONST$019D0798 k51 'mail_cardinfo_spades2' [h=CA38F840,$00A20E00]
    CONST$019D07A0 k52 'nw_sk5' [h=E4AEE5DE,$009C00E0]
    CONST$019D07A8 k53 'mail_cardinfo_spades7' [h=53B9B90D,$00A1DF40]
    CONST$019D07B0 k54 'nw_sk6' [h=E2EE5E1B,$00986FC0]
    CONST$019D07B8 k55 'mail_cardinfo_spades10' [h=C34B8FE4,$009FC8C0]
    CONST$019D07C0 k56 'sw_allies1' [h=F8FA0CE8,$009A9340]
    CONST$019D07C8 k57 'sw_allies2' [h=00A7DC23,$009926A0]
    CONST$019D07D0 k58 'sw_allies3' [h=EA149FBC,$009760E0]
    CONST$019D07D8 k59 'clubs' [h=12E946D0,$009AA340]
    CONST$019D07E0 k60 'mail_cardinfo_clubs10' [h=2C9ED5C1,$009F8D00]
    CONST$019D07E8 k61 'sw_allies5' [h=E2431E1C,$00982CC0]
    CONST$019D07F0 k62 'diamonds' [h=9540B759,$00982B80]
    CONST$019D07F8 k63 'mail_cardinfo_diamonds8' [h=70D89E1A,$00A1D9C0]
    CONST$019D0800 k64 'sw_allies6' [h=D5AA9DD5,$00985AE0]
    CONST$019D0808 k65 'mail_cardinfo_diamonds9' [h=FD21AA56,$009EA6C0]
    CONST$019D0810 k66 'sw_allies7' [h=67C3FDF8,$009C33E0]
    CONST$019D0818 k67 'sw_china1' [h=10B884AE,$009790C0]
    CONST$019D0820 k68 'mail_cardinfo_clubs3' [h=43B75067,$009F3700]
    CONST$019D0828 k69 'sw_china2' [h=26A06E71,$00978360]
    CONST$019D0830 k70 'mail_cardinfo_clubs8' [h=99122A78,$009DD380]
    CONST$019D0838 k71 'sw_china3' [h=C3641528,$009C18E0]
    CONST$019D0840 k72 'mail_cardinfo_clubs9' [h=086F6E21,$009EA4C0]
    CONST$019D0848 k73 'sw_china4' [h=7392B36D,$0099E460]
    CONST$019D0850 k74 'mail_cardinfo_diamonds2' [h=29419A9A,$009E2480]
    CONST$019D0858 k75 'sw_china5' [h=41951224,$0099BA20]
    CONST$019D0860 k76 'mail_cardinfo_diamonds7' [h=6FE09289,$009E1700]
    CONST$019D0868 k77 'sw_china6' [h=E9406222,$009C3D40]
    CONST$019D0870 k78 'sw_mafia1' [h=15DEF605,$009A7940]
    CONST$019D0878 k79 'mail_cardinfo_clubs4' [h=05E88857,$00A29E80]
    CONST$019D0880 k80 'sw_mafia2' [h=B87E7F22,$00990B20]
    CONST$019D0888 k81 'mail_cardinfo_clubs7' [h=A171A799,$00A31680]
    CONST$019D0890 k82 'sw_mafia3' [h=30CC4509,$009A2800]
    CONST$019D0898 k83 'sw_mafia4' [h=3DF89418,$009C3220]
    CONST$019D08A0 k84 'mail_cardinfo_diamonds3' [h=001381F3,$009D65C0]
    CONST$019D08A8 k85 'sw_mafia5' [h=22D5DF3B,$009A6B80]
    CONST$019D08B0 k86 'mail_cardinfo_diamonds6' [h=0ADFF9D6,$009F8240]
    CONST$019D08B8 k87 'sw_mafia6' [h=DB364FBF,$00990AA0]
    CONST$019D08C0 k88 'sw_sk1' [h=0A3EF9FB,$009A0600]
    CONST$019D08C8 k89 'mail_cardinfo_clubs5' [h=4E3AD5C2,$009EA740]
    CONST$019D08D0 k90 'sw_sk2' [h=0C1322C7,$0098FD20]
    CONST$019D08D8 k91 'mail_cardinfo_clubs6' [h=86D13457,$009D5040]
    CONST$019D08E0 k92 'sw_sk3' [h=E2BF8CA3,$009A3780]
    CONST$019D08E8 k93 'sw_sk4' [h=0980A538,$009951C0]
    CONST$019D08F0 k94 'mail_cardinfo_diamonds4' [h=B05929C2,$00A15C00]
    CONST$019D08F8 k95 'sw_sk5' [h=E4AEE5D3,$0099A500]
    CONST$019D0900 k96 'mail_cardinfo_diamonds5' [h=5AE644EC,$009CF540]
    CONST$019D0908 k97 'sw_sk6' [h=E2EE5E1E,$0097AF40]
    CONST$019D0910 k98 'mail_cardinfo_diamonds10' [h=C2B19094,$00A29040]
     CODE$01980800
      000 0100018A  NEWTABLE r1 := {} (#a=0, #h=6)
      001 0200008A  NEWTABLE r2 := {} (#a=0, #h=2)
      002 027DBF09  SETTABLE k2 ('hearts' [h=7B78F22A,$00976520]) ->> r2[k1 ('sSuit' [h=12D9BE81,$00995EC0])]
      003 027EBF89  SETTABLE k4 (TObject(8.0)) ->> r2[k3 ('iRank' [h=104A61AA,$0098BEA0])]
      004 027FC009  SETTABLE k6 ('mail_cardinfo_hearts8' [h=55331711,$009EC4C0]) ->> r2[k5 ('sInfoMailId' [h=45A7DBEE,$00976F20])]
      005 017D0089  SETTABLE r2 ->> r1[k0 ('nw_allies1' [h=F8FA0CE3,$0099CE20])]
      006 0200008A  NEWTABLE r2 := {} (#a=0, #h=2)
      007 027DC089  SETTABLE k8 ('spades' [h=B57ECFE8,$0098FA40]) ->> r2[k1 ('sSuit' [h=12D9BE81,$00995EC0])]
      008 027EBF89  SETTABLE k4 (TObject(8.0)) ->> r2[k3 ('iRank' [h=104A61AA,$0098BEA0])]
      009 027FC0C9  SETTABLE k9 ('mail_cardinfo_spades8' [h=6E1144FC,$009F1280]) ->> r2[k5 ('sInfoMailId' [h=45A7DBEE,$00976F20])]
      010 01808089  SETTABLE r2 ->> r1[k7 ('nw_allies2' [h=00A7DC18,$00987A20])]
      011 0200008A  NEWTABLE r2 := {} (#a=0, #h=2)
      012 027DBF09  SETTABLE k2 ('hearts' [h=7B78F22A,$00976520]) ->> r2[k1 ('sSuit' [h=12D9BE81,$00995EC0])]
      013 027EC149  SETTABLE k11 (TObject(10.0)) ->> r2[k3 ('iRank' [h=104A61AA,$0098BEA0])]
      014 027FC189  SETTABLE k12 ('mail_cardinfo_hearts10' [h=AFD014EE,$00A22240]) ->> r2[k5 ('sInfoMailId' [h=45A7DBEE,$00976F20])]
      015 01820089  SETTABLE r2 ->> r1[k10 ('nw_allies3' [h=EA149FB7,$00995AE0])]
      016 0200000A  NEWTABLE r2 := {} (#a=0, #h=0)
      017 01838089  SETTABLE r2 ->> r1[k13 ('nw_allies5' [h=E2431E19,$00983040])]
      018 0200000A  NEWTABLE r2 := {} (#a=0, #h=0)
      019 01840089  SETTABLE r2 ->> r1[k14 ('nw_allies6' [h=D5AA9DD0,$00999780])]
      020 0200000A  NEWTABLE r2 := {} (#a=0, #h=0)
      021 01848089  SETTABLE r2 ->> r1[k15 ('nw_allies7' [h=67C3FDF5,$00995820])]
      022 0200008A  NEWTABLE r2 := {} (#a=0, #h=2)
      023 027DBF09  SETTABLE k2 ('hearts' [h=7B78F22A,$00976520]) ->> r2[k1 ('sSuit' [h=12D9BE81,$00995EC0])]
      024 027EC2C9  SETTABLE k17 (TObject(4.0)) ->> r2[k3 ('iRank' [h=104A61AA,$0098BEA0])]
      025 027FC309  SETTABLE k18 ('mail_cardinfo_hearts4' [h=09D8A16C,$009EFD80]) ->> r2[k5 ('sInfoMailId' [h=45A7DBEE,$00976F20])]
      026 01850089  SETTABLE r2 ->> r1[k16 ('nw_china1' [h=10B884AB,$00999660])]
      027 0200008A  NEWTABLE r2 := {} (#a=0, #h=2)
      028 027DBF09  SETTABLE k2 ('hearts' [h=7B78F22A,$00976520]) ->> r2[k1 ('sSuit' [h=12D9BE81,$00995EC0])]
      029 027EC389  SETTABLE k20 (TObject(5.0)) ->> r2[k3 ('iRank' [h=104A61AA,$0098BEA0])]
      030 027FC3C9  SETTABLE k21 ('mail_cardinfo_hearts5' [h=418148EE,$00A302C0]) ->> r2[k5 ('sInfoMailId' [h=45A7DBEE,$00976F20])]
      031 01868089  SETTABLE r2 ->> r1[k19 ('nw_china2' [h=26A06E7C,$009813C0])]
      032 0200008A  NEWTABLE r2 := {} (#a=0, #h=2)
      033 027DBF09  SETTABLE k2 ('hearts' [h=7B78F22A,$00976520]) ->> r2[k1 ('sSuit' [h=12D9BE81,$00995EC0])]
      034 027EC449  SETTABLE k23 (TObject(9.0)) ->> r2[k3 ('iRank' [h=104A61AA,$0098BEA0])]
      035 027FC489  SETTABLE k24 ('mail_cardinfo_hearts9' [h=181529F1,$00A059C0]) ->> r2[k5 ('sInfoMailId' [h=45A7DBEE,$00976F20])]
      036 01880089  SETTABLE r2 ->> r1[k22 ('nw_china3' [h=C3641523,$0099E280])]
      037 0200008A  NEWTABLE r2 := {} (#a=0, #h=2)
      038 027DC089  SETTABLE k8 ('spades' [h=B57ECFE8,$0098FA40]) ->> r2[k1 ('sSuit' [h=12D9BE81,$00995EC0])]
      039 027EC509  SETTABLE k26 (TObject(3.0)) ->> r2[k3 ('iRank' [h=104A61AA,$0098BEA0])]
      040 027FC549  SETTABLE k27 ('mail_cardinfo_spades3' [h=1081191F,$009F5840]) ->> r2[k5 ('sInfoMailId' [h=45A7DBEE,$00976F20])]
      041 01898089  SETTABLE r2 ->> r1[k25 ('nw_china4' [h=7392B368,$009953A0])]
      042 0200008A  NEWTABLE r2 := {} (#a=0, #h=2)
      043 027DC089  SETTABLE k8 ('spades' [h=B57ECFE8,$0098FA40]) ->> r2[k1 ('sSuit' [h=12D9BE81,$00995EC0])]
      044 027EC5C9  SETTABLE k29 (TObject(6.0)) ->> r2[k3 ('iRank' [h=104A61AA,$0098BEA0])]
      045 027FC609  SETTABLE k30 ('mail_cardinfo_spades6' [h=3FEB55EE,$009E7C00]) ->> r2[k5 ('sInfoMailId' [h=45A7DBEE,$00976F20])]
      046 018B0089  SETTABLE r2 ->> r1[k28 ('nw_china5' [h=4195123F,$009943E0])]
      047 0200008A  NEWTABLE r2 := {} (#a=0, #h=2)
      048 027DC089  SETTABLE k8 ('spades' [h=B57ECFE8,$0098FA40]) ->> r2[k1 ('sSuit' [h=12D9BE81,$00995EC0])]
      049 027EC449  SETTABLE k23 (TObject(9.0)) ->> r2[k3 ('iRank' [h=104A61AA,$0098BEA0])]
      050 027FC689  SETTABLE k32 ('mail_cardinfo_spades9' [h=CB41D58B,$009EA1C0]) ->> r2[k5 ('sInfoMailId' [h=45A7DBEE,$00976F20])]
      051 018C8089  SETTABLE r2 ->> r1[k31 ('nw_china6' [h=E9406225,$009853A0])]
      052 0200008A  NEWTABLE r2 := {} (#a=0, #h=2)
      053 027DBF09  SETTABLE k2 ('hearts' [h=7B78F22A,$00976520]) ->> r2[k1 ('sSuit' [h=12D9BE81,$00995EC0])]
      054 027EC709  SETTABLE k34 (TObject(2.0)) ->> r2[k3 ('iRank' [h=104A61AA,$0098BEA0])]
      055 027FC749  SETTABLE k35 ('mail_cardinfo_hearts2' [h=517AE12A,$009D6A40]) ->> r2[k5 ('sInfoMailId' [h=45A7DBEE,$00976F20])]
      056 018D8089  SETTABLE r2 ->> r1[k33 ('nw_mafia1' [h=15DEF60A,$00987C00])]
      057 0200008A  NEWTABLE r2 := {} (#a=0, #h=2)
      058 027DBF09  SETTABLE k2 ('hearts' [h=7B78F22A,$00976520]) ->> r2[k1 ('sSuit' [h=12D9BE81,$00995EC0])]
      059 027EC7C9  SETTABLE k37 (TObject(7.0)) ->> r2[k3 ('iRank' [h=104A61AA,$0098BEA0])]
      060 027FC809  SETTABLE k38 ('mail_cardinfo_hearts7' [h=F3BE85E6,$009F10C0]) ->> r2[k5 ('sInfoMailId' [h=45A7DBEE,$00976F20])]
      061 018F0089  SETTABLE r2 ->> r1[k36 ('nw_mafia2' [h=B87E7F19,$009849E0])]
      062 0200000A  NEWTABLE r2 := {} (#a=0, #h=0)
      063 01908089  SETTABLE r2 ->> r1[k39 ('nw_mafia3' [h=30CC450E,$00983260])]
      064 0200008A  NEWTABLE r2 := {} (#a=0, #h=2)
      065 027DC089  SETTABLE k8 ('spades' [h=B57ECFE8,$0098FA40]) ->> r2[k1 ('sSuit' [h=12D9BE81,$00995EC0])]
      066 027EC2C9  SETTABLE k17 (TObject(4.0)) ->> r2[k3 ('iRank' [h=104A61AA,$0098BEA0])]
      067 027FC8C9  SETTABLE k41 ('mail_cardinfo_spades4' [h=5F46C7AA,$009D8940]) ->> r2[k5 ('sInfoMailId' [h=45A7DBEE,$00976F20])]
      068 01910089  SETTABLE r2 ->> r1[k40 ('nw_mafia4' [h=3DF89413,$009C3500])]
      069 0200008A  NEWTABLE r2 := {} (#a=0, #h=2)
      070 027DC089  SETTABLE k8 ('spades' [h=B57ECFE8,$0098FA40]) ->> r2[k1 ('sSuit' [h=12D9BE81,$00995EC0])]
      071 027EC389  SETTABLE k20 (TObject(5.0)) ->> r2[k3 ('iRank' [h=104A61AA,$0098BEA0])]
      072 027FC949  SETTABLE k43 ('mail_cardinfo_spades5' [h=931AF8A7,$009FE6C0]) ->> r2[k5 ('sInfoMailId' [h=45A7DBEE,$00976F20])]
      073 01920089  SETTABLE r2 ->> r1[k42 ('nw_mafia5' [h=22D5DF3C,$009A0F20])]
      074 0200000A  NEWTABLE r2 := {} (#a=0, #h=0)
      075 01930089  SETTABLE r2 ->> r1[k44 ('nw_mafia6' [h=DB365040,$0097B560])]
      076 0200008A  NEWTABLE r2 := {} (#a=0, #h=2)
      077 027DBF09  SETTABLE k2 ('hearts' [h=7B78F22A,$00976520]) ->> r2[k1 ('sSuit' [h=12D9BE81,$00995EC0])]
      078 027EC509  SETTABLE k26 (TObject(3.0)) ->> r2[k3 ('iRank' [h=104A61AA,$0098BEA0])]
      079 027FCA09  SETTABLE k46 ('mail_cardinfo_hearts3' [h=7C1BBC3A,$00A04D00]) ->> r2[k5 ('sInfoMailId' [h=45A7DBEE,$00976F20])]
      080 01938089  SETTABLE r2 ->> r1[k45 ('nw_sk1' [h=0A3EF9F0,$009A9540])]
      081 0200008A  NEWTABLE r2 := {} (#a=0, #h=2)
      082 027DBF09  SETTABLE k2 ('hearts' [h=7B78F22A,$00976520]) ->> r2[k1 ('sSuit' [h=12D9BE81,$00995EC0])]
      083 027EC5C9  SETTABLE k29 (TObject(6.0)) ->> r2[k3 ('iRank' [h=104A61AA,$0098BEA0])]
      084 027FCA89  SETTABLE k48 ('mail_cardinfo_hearts6' [h=21F85715,$009F2640]) ->> r2[k5 ('sInfoMailId' [h=45A7DBEE,$00976F20])]
      085 01948089  SETTABLE r2 ->> r1[k47 ('nw_sk2' [h=0C1322C2,$0098D340])]
      086 0200000A  NEWTABLE r2 := {} (#a=0, #h=0)
      087 01958089  SETTABLE r2 ->> r1[k49 ('nw_sk3' [h=E2BF8CA4,$00984FE0])]
      088 0200008A  NEWTABLE r2 := {} (#a=0, #h=2)
      089 027DC089  SETTABLE k8 ('spades' [h=B57ECFE8,$0098FA40]) ->> r2[k1 ('sSuit' [h=12D9BE81,$00995EC0])]
      090 027EC709  SETTABLE k34 (TObject(2.0)) ->> r2[k3 ('iRank' [h=104A61AA,$0098BEA0])]
      091 027FCB49  SETTABLE k51 ('mail_cardinfo_spades2' [h=CA38F840,$00A20E00]) ->> r2[k5 ('sInfoMailId' [h=45A7DBEE,$00976F20])]
      092 01960089  SETTABLE r2 ->> r1[k50 ('nw_sk4' [h=0980A533,$009A5B00])]
      093 0200008A  NEWTABLE r2 := {} (#a=0, #h=2)
      094 027DC089  SETTABLE k8 ('spades' [h=B57ECFE8,$0098FA40]) ->> r2[k1 ('sSuit' [h=12D9BE81,$00995EC0])]
      095 027EC7C9  SETTABLE k37 (TObject(7.0)) ->> r2[k3 ('iRank' [h=104A61AA,$0098BEA0])]
      096 027FCBC9  SETTABLE k53 ('mail_cardinfo_spades7' [h=53B9B90D,$00A1DF40]) ->> r2[k5 ('sInfoMailId' [h=45A7DBEE,$00976F20])]
      097 01970089  SETTABLE r2 ->> r1[k52 ('nw_sk5' [h=E4AEE5DE,$009C00E0])]
      098 0200008A  NEWTABLE r2 := {} (#a=0, #h=2)
      099 027DC089  SETTABLE k8 ('spades' [h=B57ECFE8,$0098FA40]) ->> r2[k1 ('sSuit' [h=12D9BE81,$00995EC0])]
      100 027EC149  SETTABLE k11 (TObject(10.0)) ->> r2[k3 ('iRank' [h=104A61AA,$0098BEA0])]
      101 027FCC49  SETTABLE k55 ('mail_cardinfo_spades10' [h=C34B8FE4,$009FC8C0]) ->> r2[k5 ('sInfoMailId' [h=45A7DBEE,$00976F20])]
      102 01980089  SETTABLE r2 ->> r1[k54 ('nw_sk6' [h=E2EE5E1B,$00986FC0])]
      103 0200000A  NEWTABLE r2 := {} (#a=0, #h=0)
      104 01990089  SETTABLE r2 ->> r1[k56 ('sw_allies1' [h=F8FA0CE8,$009A9340])]
      105 0200000A  NEWTABLE r2 := {} (#a=0, #h=0)
      106 01998089  SETTABLE r2 ->> r1[k57 ('sw_allies2' [h=00A7DC23,$009926A0])]
      107 0200008A  NEWTABLE r2 := {} (#a=0, #h=2)
      108 027DCD49  SETTABLE k59 ('clubs' [h=12E946D0,$009AA340]) ->> r2[k1 ('sSuit' [h=12D9BE81,$00995EC0])]
      109 027EC149  SETTABLE k11 (TObject(10.0)) ->> r2[k3 ('iRank' [h=104A61AA,$0098BEA0])]
      110 027FCD89  SETTABLE k60 ('mail_cardinfo_clubs10' [h=2C9ED5C1,$009F8D00]) ->> r2[k5 ('sInfoMailId' [h=45A7DBEE,$00976F20])]
      111 019A0089  SETTABLE r2 ->> r1[k58 ('sw_allies3' [h=EA149FBC,$009760E0])]
      112 0200008A  NEWTABLE r2 := {} (#a=0, #h=2)
      113 027DCE09  SETTABLE k62 ('diamonds' [h=9540B759,$00982B80]) ->> r2[k1 ('sSuit' [h=12D9BE81,$00995EC0])]
      114 027EBF89  SETTABLE k4 (TObject(8.0)) ->> r2[k3 ('iRank' [h=104A61AA,$0098BEA0])]
      115 027FCE49  SETTABLE k63 ('mail_cardinfo_diamonds8' [h=70D89E1A,$00A1D9C0]) ->> r2[k5 ('sInfoMailId' [h=45A7DBEE,$00976F20])]
      116 019B8089  SETTABLE r2 ->> r1[k61 ('sw_allies5' [h=E2431E1C,$00982CC0])]
      117 0200008A  NEWTABLE r2 := {} (#a=0, #h=2)
      118 027DCE09  SETTABLE k62 ('diamonds' [h=9540B759,$00982B80]) ->> r2[k1 ('sSuit' [h=12D9BE81,$00995EC0])]
      119 027EC449  SETTABLE k23 (TObject(9.0)) ->> r2[k3 ('iRank' [h=104A61AA,$0098BEA0])]
      120 027FCEC9  SETTABLE k65 ('mail_cardinfo_diamonds9' [h=FD21AA56,$009EA6C0]) ->> r2[k5 ('sInfoMailId' [h=45A7DBEE,$00976F20])]
      121 019D0089  SETTABLE r2 ->> r1[k64 ('sw_allies6' [h=D5AA9DD5,$00985AE0])]
      122 0200000A  NEWTABLE r2 := {} (#a=0, #h=0)
      123 019E0089  SETTABLE r2 ->> r1[k66 ('sw_allies7' [h=67C3FDF8,$009C33E0])]
      124 0200008A  NEWTABLE r2 := {} (#a=0, #h=2)
      125 027DCD49  SETTABLE k59 ('clubs' [h=12E946D0,$009AA340]) ->> r2[k1 ('sSuit' [h=12D9BE81,$00995EC0])]
      126 027EC509  SETTABLE k26 (TObject(3.0)) ->> r2[k3 ('iRank' [h=104A61AA,$0098BEA0])]
      127 027FCF89  SETTABLE k68 ('mail_cardinfo_clubs3' [h=43B75067,$009F3700]) ->> r2[k5 ('sInfoMailId' [h=45A7DBEE,$00976F20])]
      128 019E8089  SETTABLE r2 ->> r1[k67 ('sw_china1' [h=10B884AE,$009790C0])]
      129 0200008A  NEWTABLE r2 := {} (#a=0, #h=2)
      130 027DCD49  SETTABLE k59 ('clubs' [h=12E946D0,$009AA340]) ->> r2[k1 ('sSuit' [h=12D9BE81,$00995EC0])]
      131 027EBF89  SETTABLE k4 (TObject(8.0)) ->> r2[k3 ('iRank' [h=104A61AA,$0098BEA0])]
      132 027FD009  SETTABLE k70 ('mail_cardinfo_clubs8' [h=99122A78,$009DD380]) ->> r2[k5 ('sInfoMailId' [h=45A7DBEE,$00976F20])]
      133 019F8089  SETTABLE r2 ->> r1[k69 ('sw_china2' [h=26A06E71,$00978360])]
      134 0200008A  NEWTABLE r2 := {} (#a=0, #h=2)
      135 027DCD49  SETTABLE k59 ('clubs' [h=12E946D0,$009AA340]) ->> r2[k1 ('sSuit' [h=12D9BE81,$00995EC0])]
      136 027EC449  SETTABLE k23 (TObject(9.0)) ->> r2[k3 ('iRank' [h=104A61AA,$0098BEA0])]
      137 027FD089  SETTABLE k72 ('mail_cardinfo_clubs9' [h=086F6E21,$009EA4C0]) ->> r2[k5 ('sInfoMailId' [h=45A7DBEE,$00976F20])]
      138 01A08089  SETTABLE r2 ->> r1[k71 ('sw_china3' [h=C3641528,$009C18E0])]
      139 0200008A  NEWTABLE r2 := {} (#a=0, #h=2)
      140 027DCE09  SETTABLE k62 ('diamonds' [h=9540B759,$00982B80]) ->> r2[k1 ('sSuit' [h=12D9BE81,$00995EC0])]
      141 027EC709  SETTABLE k34 (TObject(2.0)) ->> r2[k3 ('iRank' [h=104A61AA,$0098BEA0])]
      142 027FD109  SETTABLE k74 ('mail_cardinfo_diamonds2' [h=29419A9A,$009E2480]) ->> r2[k5 ('sInfoMailId' [h=45A7DBEE,$00976F20])]
      143 01A18089  SETTABLE r2 ->> r1[k73 ('sw_china4' [h=7392B36D,$0099E460])]
      144 0200008A  NEWTABLE r2 := {} (#a=0, #h=2)
      145 027DCE09  SETTABLE k62 ('diamonds' [h=9540B759,$00982B80]) ->> r2[k1 ('sSuit' [h=12D9BE81,$00995EC0])]
      146 027EC7C9  SETTABLE k37 (TObject(7.0)) ->> r2[k3 ('iRank' [h=104A61AA,$0098BEA0])]
      147 027FD189  SETTABLE k76 ('mail_cardinfo_diamonds7' [h=6FE09289,$009E1700]) ->> r2[k5 ('sInfoMailId' [h=45A7DBEE,$00976F20])]
      148 01A28089  SETTABLE r2 ->> r1[k75 ('sw_china5' [h=41951224,$0099BA20])]
      149 0200000A  NEWTABLE r2 := {} (#a=0, #h=0)
      150 01A38089  SETTABLE r2 ->> r1[k77 ('sw_china6' [h=E9406222,$009C3D40])]
      151 0200008A  NEWTABLE r2 := {} (#a=0, #h=2)
      152 027DCD49  SETTABLE k59 ('clubs' [h=12E946D0,$009AA340]) ->> r2[k1 ('sSuit' [h=12D9BE81,$00995EC0])]
      153 027EC2C9  SETTABLE k17 (TObject(4.0)) ->> r2[k3 ('iRank' [h=104A61AA,$0098BEA0])]
      154 027FD249  SETTABLE k79 ('mail_cardinfo_clubs4' [h=05E88857,$00A29E80]) ->> r2[k5 ('sInfoMailId' [h=45A7DBEE,$00976F20])]
      155 01A40089  SETTABLE r2 ->> r1[k78 ('sw_mafia1' [h=15DEF605,$009A7940])]
      156 0200008A  NEWTABLE r2 := {} (#a=0, #h=2)
      157 027DCD49  SETTABLE k59 ('clubs' [h=12E946D0,$009AA340]) ->> r2[k1 ('sSuit' [h=12D9BE81,$00995EC0])]
      158 027EC7C9  SETTABLE k37 (TObject(7.0)) ->> r2[k3 ('iRank' [h=104A61AA,$0098BEA0])]
      159 027FD2C9  SETTABLE k81 ('mail_cardinfo_clubs7' [h=A171A799,$00A31680]) ->> r2[k5 ('sInfoMailId' [h=45A7DBEE,$00976F20])]
      160 01A50089  SETTABLE r2 ->> r1[k80 ('sw_mafia2' [h=B87E7F22,$00990B20])]
      161 0200000A  NEWTABLE r2 := {} (#a=0, #h=0)
      162 01A60089  SETTABLE r2 ->> r1[k82 ('sw_mafia3' [h=30CC4509,$009A2800])]
      163 0200008A  NEWTABLE r2 := {} (#a=0, #h=2)
      164 027DCE09  SETTABLE k62 ('diamonds' [h=9540B759,$00982B80]) ->> r2[k1 ('sSuit' [h=12D9BE81,$00995EC0])]
      165 027EC509  SETTABLE k26 (TObject(3.0)) ->> r2[k3 ('iRank' [h=104A61AA,$0098BEA0])]
      166 027FD389  SETTABLE k84 ('mail_cardinfo_diamonds3' [h=001381F3,$009D65C0]) ->> r2[k5 ('sInfoMailId' [h=45A7DBEE,$00976F20])]
      167 01A68089  SETTABLE r2 ->> r1[k83 ('sw_mafia4' [h=3DF89418,$009C3220])]
      168 0200008A  NEWTABLE r2 := {} (#a=0, #h=2)
      169 027DCE09  SETTABLE k62 ('diamonds' [h=9540B759,$00982B80]) ->> r2[k1 ('sSuit' [h=12D9BE81,$00995EC0])]
      170 027EC5C9  SETTABLE k29 (TObject(6.0)) ->> r2[k3 ('iRank' [h=104A61AA,$0098BEA0])]
      171 027FD409  SETTABLE k86 ('mail_cardinfo_diamonds6' [h=0ADFF9D6,$009F8240]) ->> r2[k5 ('sInfoMailId' [h=45A7DBEE,$00976F20])]
      172 01A78089  SETTABLE r2 ->> r1[k85 ('sw_mafia5' [h=22D5DF3B,$009A6B80])]
      173 0200000A  NEWTABLE r2 := {} (#a=0, #h=0)
      174 01A88089  SETTABLE r2 ->> r1[k87 ('sw_mafia6' [h=DB364FBF,$00990AA0])]
      175 0200008A  NEWTABLE r2 := {} (#a=0, #h=2)
      176 027DCD49  SETTABLE k59 ('clubs' [h=12E946D0,$009AA340]) ->> r2[k1 ('sSuit' [h=12D9BE81,$00995EC0])]
      177 027EC389  SETTABLE k20 (TObject(5.0)) ->> r2[k3 ('iRank' [h=104A61AA,$0098BEA0])]
      178 027FD4C9  SETTABLE k89 ('mail_cardinfo_clubs5' [h=4E3AD5C2,$009EA740]) ->> r2[k5 ('sInfoMailId' [h=45A7DBEE,$00976F20])]
      179 01A90089  SETTABLE r2 ->> r1[k88 ('sw_sk1' [h=0A3EF9FB,$009A0600])]
      180 0200008A  NEWTABLE r2 := {} (#a=0, #h=2)
      181 027DCD49  SETTABLE k59 ('clubs' [h=12E946D0,$009AA340]) ->> r2[k1 ('sSuit' [h=12D9BE81,$00995EC0])]
      182 027EC5C9  SETTABLE k29 (TObject(6.0)) ->> r2[k3 ('iRank' [h=104A61AA,$0098BEA0])]
      183 027FD549  SETTABLE k91 ('mail_cardinfo_clubs6' [h=86D13457,$009D5040]) ->> r2[k5 ('sInfoMailId' [h=45A7DBEE,$00976F20])]
      184 01AA0089  SETTABLE r2 ->> r1[k90 ('sw_sk2' [h=0C1322C7,$0098FD20])]
      185 0200000A  NEWTABLE r2 := {} (#a=0, #h=0)
      186 01AB0089  SETTABLE r2 ->> r1[k92 ('sw_sk3' [h=E2BF8CA3,$009A3780])]
      187 0200008A  NEWTABLE r2 := {} (#a=0, #h=2)
      188 027DCE09  SETTABLE k62 ('diamonds' [h=9540B759,$00982B80]) ->> r2[k1 ('sSuit' [h=12D9BE81,$00995EC0])]
      189 027EC2C9  SETTABLE k17 (TObject(4.0)) ->> r2[k3 ('iRank' [h=104A61AA,$0098BEA0])]
      190 027FD609  SETTABLE k94 ('mail_cardinfo_diamonds4' [h=B05929C2,$00A15C00]) ->> r2[k5 ('sInfoMailId' [h=45A7DBEE,$00976F20])]
      191 01AB8089  SETTABLE r2 ->> r1[k93 ('sw_sk4' [h=0980A538,$009951C0])]
      192 0200008A  NEWTABLE r2 := {} (#a=0, #h=2)
      193 027DCE09  SETTABLE k62 ('diamonds' [h=9540B759,$00982B80]) ->> r2[k1 ('sSuit' [h=12D9BE81,$00995EC0])]
      194 027EC389  SETTABLE k20 (TObject(5.0)) ->> r2[k3 ('iRank' [h=104A61AA,$0098BEA0])]
      195 027FD689  SETTABLE k96 ('mail_cardinfo_diamonds5' [h=5AE644EC,$009CF540]) ->> r2[k5 ('sInfoMailId' [h=45A7DBEE,$00976F20])]
      196 01AC8089  SETTABLE r2 ->> r1[k95 ('sw_sk5' [h=E4AEE5D3,$0099A500])]
      197 0200008A  NEWTABLE r2 := {} (#a=0, #h=2)
      198 027DCE09  SETTABLE k62 ('diamonds' [h=9540B759,$00982B80]) ->> r2[k1 ('sSuit' [h=12D9BE81,$00995EC0])]
      199 027EC149  SETTABLE k11 (TObject(10.0)) ->> r2[k3 ('iRank' [h=104A61AA,$0098BEA0])]
      200 027FD709  SETTABLE k98 ('mail_cardinfo_diamonds10' [h=C2B19094,$00A29040]) ->> r2[k5 ('sInfoMailId' [h=45A7DBEE,$00976F20])]
      201 01AD8089  SETTABLE r2 ->> r1[k97 ('sw_sk6' [h=E2EE5E1E,$0097AF40])]
      202 02008006  GETTABLE r2 := r1[r0]
      203 0201001B    RETURN r2 ... r2
      204 0000801B    RETURN
  [Node$01A30900] 'util_Mission_SpawnAtLocation' [h=D7EB7DB0,$009FE080]: function$009ABF00 'util_Mission_SpawnAtLocation' [h=D7EB7DB0,$009FE080]
    CONST$009D6D40 k0  'Location_GetPosition' [h=A933ECC8,$009F8880]
    CONST$009D6D48 k1  'Location_GetYaw' [h=888B12C2,$009892E0]
    CONST$009D6D50 k2  TObject(180.0)
    CONST$009D6D58 k3  'Actor_Remove' [h=3657B3EC,$0098CD00]
    CONST$009D6D60 k4  'Mission_Spawn' [h=59A02AE9,$009AC240]
     CODE$00AB8140
      000 05000005 GETGLOBAL r5 := _G[k0 ('Location_GetPosition' [h=A933ECC8,$009F8880])]
      001 06010000      MOVE r6 := r2
      002 05010119      CALL r5 (1 args) => 3 results
      003 08000045 GETGLOBAL r8 := _G[k1 ('Location_GetYaw' [h=888B12C2,$009892E0])]
      004 09010000      MOVE r9 := r2
      005 08010099      CALL r8 (1 args) => 1 results
      006 08040011       UNM r8 := -r8
      007 09008002  LOADBOOL r9 := True
      008 00018255        EQ r3 != r9
      009 00800014       JMP +1 ; 11
      010 08043F0C       ADD r8 := r8 + k2 (TObject(180.0))
      011 04020018      TEST not r4 : r4 := r4
      012 00800094       JMP +3 ; 16
      013 090000C5 GETGLOBAL r9 := _G[k3 ('Actor_Remove' [h=3657B3EC,$0098CD00])]
      014 0A010000      MOVE r10 := r2
      015 09010059      CALL r9 (1 args) => 0 results
      016 09000105 GETGLOBAL r9 := _G[k4 ('Mission_Spawn' [h=59A02AE9,$009AC240])]
      017 0A000000      MOVE r10 := r0
      018 0B008000      MOVE r11 := r1
      019 0C028000      MOVE r12 := r5
      020 0D030000      MOVE r13 := r6
      021 0E038000      MOVE r14 := r7
      022 0F040000      MOVE r15 := r8
      023 0903801A  TAILCALL r9 (6 args)
      024 0900001B    RETURN r9 ... top
      025 0000801B    RETURN
  [Node$01A30914] 'ActorVehicle_GetWinchedActor' [h=34D52DB1,$00A0F040]: cfunction$002B0290 'ActorVehicle_GetWinchedActor' [h=34D52DB1,$00A0F040]
  [Node$01A30928] 'pre_MissionComplete' [h=CDE68DB2,$009E3AC0]: function$00998F40 'pre_MissionComplete' [h=CDE68DB2,$009E3AC0]
    CONST$00A1F300 k0  'Debug' [h=129D1272,$009C2A20]
    CONST$00A1F308 k1  'pre_MissionComplete: ....' [h=4F7DEDAF,$00A03540]
    CONST$00A1F310 k2  'bMissionComplete' [h=E5941D58,$00A40B80]
    CONST$00A1F318 k3  'Utility_EraseValueFromScribbleMemory' [h=D5C200E6,$00A13000]
    CONST$00A1F320 k4  'mission_accepted' [h=77464996,$00A32D40]
    CONST$00A1F328 k5  'mission_FaceCardVerified' [h=F3B1312C,$009D7E40]
    CONST$00A1F330 k6  'bCardKilled' [h=0A4A4D9D,$009C0640]
    CONST$00A1F338 k7  'pre_MissionComplete: DONE' [h=2F0309C3,$00A2BEC0]
     CODE$009F93C0
      000 00000005 GETGLOBAL r0 := _G[k0 ('Debug' [h=129D1272,$009C2A20])]
      001 01000041     LOADK r1 := k1 ('pre_MissionComplete: ....' [h=4F7DEDAF,$00A03540])
      002 00010059      CALL r0 (1 args) => 0 results
      003 00008002  LOADBOOL r0 := True
      004 00000087 SETGLOBAL r0 ->> _G[k2 ('bMissionComplete' [h=E5941D58,$00A40B80])]
      005 000000C5 GETGLOBAL r0 := _G[k3 ('Utility_EraseValueFromScribbleMemory' [h=D5C200E6,$00A13000])]
      006 01000101     LOADK r1 := k4 ('mission_accepted' [h=77464996,$00A32D40])
      007 00010059      CALL r0 (1 args) => 0 results
      008 00000145 GETGLOBAL r0 := _G[k5 ('mission_FaceCardVerified' [h=F3B1312C,$009D7E40])]
      009 01000185 GETGLOBAL r1 := _G[k6 ('bCardKilled' [h=0A4A4D9D,$009C0640])]
      010 00010059      CALL r0 (1 args) => 0 results
      011 00000005 GETGLOBAL r0 := _G[k0 ('Debug' [h=129D1272,$009C2A20])]
      012 010001C1     LOADK r1 := k7 ('pre_MissionComplete: DONE' [h=2F0309C3,$00A2BEC0])
      013 00010059      CALL r0 (1 args) => 0 results
      014 0000801B    RETURN
  [Node$01A3093C] 'Utility_GetRandomFloat' [h=79984DB3,$00A138C0]: cfunction$002C4060 'Utility_GetRandomFloat' [h=79984DB3,$00A138C0]
  [Node$01A30964] 'Utility_DoesActorExist' [h=446B4DB5,$009F0740]: cfunction$002C21C0 'Utility_DoesActorExist' [h=446B4DB5,$009F0740]
  [Node$01A309A0] 'Actor_EnableCollision' [h=D757B1B8,$009DDC00]: cfunction$002AD000 'Actor_EnableCollision' [h=D757B1B8,$009DDC00]
  [Node$01A30A04] 'SetupEventVerificationTargetNearStatusChange' [h=6D3221BD,$009EC840]: function$00985280 'SetupEventVerificationTargetNearStatusChange' [h=6D3221BD,$009EC840]
    CONST$009D3480 k0  'nearHandle' [h=4DC26C2B,$009C7CC0]
    CONST$009D3488 k1  'Event_ActorToActorProximity' [h=33FEE622,$009FDA80]
    CONST$009D3490 k2  'VerificationTargetNearStatusChange' [h=73EE3415,$009F19C0]
    CONST$009D3498 k3  'b' [h=00000083,$00983380]
    CONST$009D34A0 k4  'player0' [h=316752BF,$009A56E0]
    CONST$009D34A8 k5  'actorName' [h=4EB2E2FD,$0098A660]
    CONST$009D34B0 k6  TObject(120.0)
     CODE$00A00080
      000 02000045 GETGLOBAL r2 := _G[k1 ('Event_ActorToActorProximity' [h=33FEE622,$009FDA80])]
      001 03000081     LOADK r3 := k2 ('VerificationTargetNearStatusChange' [h=73EE3415,$009F19C0])
      002 040000C1     LOADK r4 := k3 ('b' [h=00000083,$00983380])
      003 05000101     LOADK r5 := k4 ('player0' [h=316752BF,$009A56E0])
      004 06003FC6  GETTABLE r6 := r0[k5 ('actorName' [h=4EB2E2FD,$0098A660])]
      005 07000181     LOADK r7 := k6 (TObject(120.0))
      006 08008000      MOVE r8 := r1
      007 02038099      CALL r2 (6 args) => 1 results
      008 007D0089  SETTABLE r2 ->> r0[k0 ('nearHandle' [h=4DC26C2B,$009C7CC0])]
      009 0000801B    RETURN
  [Node$01A30A18] 'Squad_CommandDefault' [h=08F8FDBE,$009F0A00]: cfunction$002F77B8 'Squad_CommandDefault' [h=08F8FDBE,$009F0A00]
  [Node$01A30A40] 'Objective_SetTargetActor' [h=A04E11C0,$009CB2C0]: cfunction$002A3EE0 'Objective_SetTargetActor' [h=A04E11C0,$009CB2C0]
  [Node$01A30AA4] 'jeff_hSKMood' [h=EAF10DC5,$0099ECE0]: TObject(3688.0)
  [Node$01A30AB8] 'Ui_MessageBoxClear' [h=4C1CADC6,$00A0F380]: cfunction$002A7A38 'Ui_MessageBoxClear' [h=4C1CADC6,$00A0F380]
  [Node$01A30ACC] 'Squad_SetHostileRange' [h=D627F1C7,$00A3BF80]: cfunction$002B56C8 'Squad_SetHostileRange' [h=D627F1C7,$00A3BF80]
  [Node$01A30AF4] 'Actor_KillWithMortar' [h=683935C9,$009E3200]: cfunction$002A9160 'Actor_KillWithMortar' [h=683935C9,$009E3200]
  [Node$01A30B08] 'mission_ObjectiveDisable' [h=29E191CA,$00A36540]: function$00993140 'mission_ObjectiveDisable' [h=29E191CA,$00A36540]
    CONST$009A0D20 k0  'verb' [h=0076582D,$0098A700]
    CONST$009A0D28 k1  'VERB_DISABLE' [h=0D5E0FD1,$00980A00]
    CONST$009A0D30 k2  'mission_ObjectiveVerb' [h=7FAF457B,$009E77C0]
     CODE$009C6DC0
      000 01000045 GETGLOBAL r1 := _G[k1 ('VERB_DISABLE' [h=0D5E0FD1,$00980A00])]
      001 007D0049  SETTABLE r1 ->> r0[k0 ('verb' [h=0076582D,$0098A700])]
      002 01000085 GETGLOBAL r1 := _G[k2 ('mission_ObjectiveVerb' [h=7FAF457B,$009E77C0])]
      003 02000000      MOVE r2 := r0
      004 01010059      CALL r1 (1 args) => 0 results
      005 0000801B    RETURN
  [Node$01A30B1C] 'unpack' [h=5EDBA9CB,$009A2480]: cfunction$003B8B28 'unpack' [h=5EDBA9CB,$009A2480]
  [Node$01A30B6C] 'ActorInVehicleStatusChange' [h=E61C59CF,$009EFEC0]: function$009850E0 'ActorInVehicleStatusChange' [h=E61C59CF,$009EFEC0]
    CONST$009CBDC0 k0  'Utility_GetActorsVehicle' [h=19764E85,$009E8C80]
    CONST$009CBDC8 k1  'Actor_GetType' [h=DC0B4554,$0099AC20]
    CONST$009CBDD0 k2  'TYPE_VEHICLE_HELICOPTER_GENERAL' [h=E7879705,$009F8840]
    CONST$009CBDD8 k3  'SetupEventSomethingWinchedStatusChange' [h=240E68E8,$00A3D200]
    CONST$009CBDE0 k4  'TRUE' [h=0067B195,$0097E680]
    CONST$009CBDE8 k5  'hSomethingWinched' [h=29118178,$00A0F080]
    CONST$009CBDF0 k6  'Event_CancelEvent' [h=D8960070,$009D8C00]
    CONST$009CBDF8 k7  'SetupEventActorInVehicleStatusChange' [h=931E9EB3,$00A2A780]
     CODE$00A678C0
      000 01008018      TEST not r1 : r1 := r1
      001 00800314       JMP +13 ; 15
      002 02000005 GETGLOBAL r2 := _G[k0 ('Utility_GetActorsVehicle' [h=19764E85,$009E8C80])]
      003 03000000      MOVE r3 := r0
      004 02010099      CALL r2 (1 args) => 1 results
      005 03000045 GETGLOBAL r3 := _G[k1 ('Actor_GetType' [h=DC0B4554,$0099AC20])]
      006 04010000      MOVE r4 := r2
      007 03010099      CALL r3 (1 args) => 1 results
      008 0001BF15        EQ r3 != k2 ('TYPE_VEHICLE_HELICOPTER_GENERAL' [h=E7879705,$009F8840])
      009 00800214       JMP +9 ; 19
      010 030000C5 GETGLOBAL r3 := _G[k3 ('SetupEventSomethingWinchedStatusChange' [h=240E68E8,$00A3D200])]
      011 04010000      MOVE r4 := r2
      012 05000105 GETGLOBAL r5 := _G[k4 ('TRUE' [h=0067B195,$0097E680])]
      013 03018059      CALL r3 (2 args) => 0 results
      014 008000D4       JMP +4 ; 19
      015 02000185 GETGLOBAL r2 := _G[k6 ('Event_CancelEvent' [h=D8960070,$009D8C00])]
      016 03000145 GETGLOBAL r3 := _G[k5 ('hSomethingWinched' [h=29118178,$00A0F080])]
      017 02010099      CALL r2 (1 args) => 1 results
      018 02000147 SETGLOBAL r2 ->> _G[k5 ('hSomethingWinched' [h=29118178,$00A0F080])]
      019 020001C5 GETGLOBAL r2 := _G[k7 ('SetupEventActorInVehicleStatusChange' [h=931E9EB3,$00A2A780])]
      020 03000000      MOVE r3 := r0
      021 04008012       NOT r4 := not r1
      022 02018059      CALL r2 (2 args) => 0 results
      023 0000801B    RETURN
  [Node$01A30B94] 'util_GetFunct' [h=804789D1,$00992780]: function$00980280 'util_GetFunct' [h=804789D1,$00992780]
    CONST$009A6E40 k0  'type' [h=0070EF71,$009875A0]
    CONST$009A6E48 k1  'string' [h=81F98B41,$0097FB00]
    CONST$009A6E50 k2  'getfenv' [h=9EE7928F,$00999DA0]
    CONST$009A6E58 k3  TObject(0.0)
     CODE$009D0F40
      000 01000005 GETGLOBAL r1 := _G[k0 ('type' [h=0070EF71,$009875A0])]
      001 02000000      MOVE r2 := r0
      002 01010099      CALL r1 (1 args) => 1 results
      003 0000BED5        EQ r1 != k1 ('string' [h=81F98B41,$0097FB00])
      004 00800114       JMP +5 ; 10
      005 01000085 GETGLOBAL r1 := _G[k2 ('getfenv' [h=9EE7928F,$00999DA0])]
      006 020000C1     LOADK r2 := k3 (TObject(0.0))
      007 01010099      CALL r1 (1 args) => 1 results
      008 02008006  GETTABLE r2 := r1[r0]
      009 0201001B    RETURN r2 ... r2
      010 0001001B    RETURN r0 ... r0
      011 0000801B    RETURN
  [Node$01A30BA8] 'setmetatable' [h=48BED5D2,$009981C0]: cfunction$003B8528 'setmetatable' [h=48BED5D2,$009981C0]
  [Node$01A30BBC] 'ActorVehicle_GetSeatInfo' [h=255C69D3,$009FF780]: cfunction$002B0068 'ActorVehicle_GetSeatInfo' [h=255C69D3,$009FF780]
  [Node$01A30BE4] 'Utility_CloseBriefingDataSets' [h=F99465D5,$00A14500]: cfunction$002F8568 'Utility_CloseBriefingDataSets' [h=F99465D5,$00A14500]
  [Node$01A30BF8] 'hCopterHelp2' [h=6BE9A9D6,$00979440]: TObject(None)
  [Node$01A30C5C] 'Ai_AddEnemy' [h=8E3695DB,$00982D00]: cfunction$002B3010 'Ai_AddEnemy' [h=8E3695DB,$00982D00]
  [Node$01A30C84] 'gameflow_ClearNumericCardsVerifiedInMissionFromScribMem' [h=11BC1DDD,$00A8C0C0]: function$009A7420 'gameflow_ClearNumericCardsVerifiedInMissionFromScribMem' [h=11BC1DDD,$00A8C0C0]
    CONST$00B0ACC0 k0  'Utility_ReadNumberFromScribbleMemory' [h=2BB92038,$009F9D40]
    CONST$00B0ACC8 k1  'chapter' [h=9A11FF20,$009C12E0]
    CONST$00B0ACD0 k2  TObject(0.0)
    CONST$00B0ACD8 k3  TObject(1.0)
    CONST$00B0ACE0 k4  'suit_sequence' [h=3E108615,$009801E0]
    CONST$00B0ACE8 k5  'CARD_RANK_MIN' [h=4771A7AF,$0098B6E0]
    CONST$00B0ACF0 k6  'CARD_RANK_NUM_MAX' [h=7876B666,$00A39880]
    CONST$00B0ACF8 k7  'gameflow_GetCardVerifiedInMissionScribMemVarName' [h=7D6276A4,$00B18E40]
    CONST$00B0AD00 k8  'gameflow_DeckNumberCardDeverified' [h=1ED57DBE,$009F1180]
    CONST$00B0AD08 k9  'Utility_EraseValueFromScribbleMemory' [h=D5C200E6,$00A13000]
     CODE$00BC1100
      000 01000005 GETGLOBAL r1 := _G[k0 ('Utility_ReadNumberFromScribbleMemory' [h=2BB92038,$009F9D40])]
      001 02000041     LOADK r2 := k1 ('chapter' [h=9A11FF20,$009C12E0])
      002 01010099      CALL r1 (1 args) => 1 results
      003 0000BF15        EQ r1 != k2 (TObject(0.0))
      004 00800014       JMP +1 ; 6
      005 010000C1     LOADK r1 := k3 (TObject(1.0))
      006 02000105 GETGLOBAL r2 := _G[k4 ('suit_sequence' [h=3E108615,$009801E0])]
      007 02010046  GETTABLE r2 := r2[r1]
      008 03000145 GETGLOBAL r3 := _G[k5 ('CARD_RANK_MIN' [h=4771A7AF,$0098B6E0])]
      009 04000185 GETGLOBAL r4 := _G[k6 ('CARD_RANK_NUM_MAX' [h=7876B666,$00A39880])]
      010 050000C1     LOADK r5 := k3 (TObject(1.0))
      011 0301814D       SUB r3 := r3 - r5
      012 00800454       JMP +18 ; 31
      013 060001C5 GETGLOBAL r6 := _G[k7 ('gameflow_GetCardVerifiedInMissionScribMemVarName' [h=7D6276A4,$00B18E40])]
      014 07010000      MOVE r7 := r2
      015 08018000      MOVE r8 := r3
      016 06018099      CALL r6 (2 args) => 1 results
      017 07000005 GETGLOBAL r7 := _G[k0 ('Utility_ReadNumberFromScribbleMemory' [h=2BB92038,$009F9D40])]
      018 08030000      MOVE r8 := r6
      019 07010099      CALL r7 (1 args) => 1 results
      020 07038018      TEST not r7 : r7 := r7
      021 00800214       JMP +9 ; 31
      022 00000018      TEST not r0 : r0 := r0
      023 008000D4       JMP +4 ; 28
      024 07000205 GETGLOBAL r7 := _G[k8 ('gameflow_DeckNumberCardDeverified' [h=1ED57DBE,$009F1180])]
      025 08010000      MOVE r8 := r2
      026 09018000      MOVE r9 := r3
      027 07018059      CALL r7 (2 args) => 0 results
      028 07000245 GETGLOBAL r7 := _G[k9 ('Utility_EraseValueFromScribbleMemory' [h=D5C200E6,$00A13000])]
      029 08030000      MOVE r8 := r6
      030 07010059      CALL r7 (1 args) => 0 results
      031 037FFB1C   FORLOOP r3 := r5; if r3 <= r4 JMP -19
      032 0000801B    RETURN
  [Node$01A30C98] 'Audio_PlayVoiceover' [h=EE2AB1DE,$00A40EC0]: cfunction$002B7450 'Audio_PlayVoiceover' [h=EE2AB1DE,$00A40EC0]
  [Node$01A30CC0] 'Tooltip_CallIn' [h=E58511E0,$009C5A60]: function$009C2FC0 'Tooltip_CallIn' [h=E58511E0,$009C5A60]
    CONST$009619A0 k0  'Event_RelativeTimer' [h=AD23F6E2,$009F7840]
    CONST$009619A8 k1  'b' [h=00000083,$00983380]
     CODE$00979BA0
      000 02000005 GETGLOBAL r2 := _G[k0 ('Event_RelativeTimer' [h=AD23F6E2,$009F7840])]
      001 03000000      MOVE r3 := r0
      002 04000041     LOADK r4 := k1 ('b' [h=00000083,$00983380])
      003 05008000      MOVE r5 := r1
      004 0202001A  TAILCALL r2 (3 args)
      005 0200001B    RETURN r2 ... top
      006 0000801B    RETURN
  [Node$01A30CE8] 'hNiceWheels' [h=008D1A55,$0097F100]: TObject(None)
  [Node$01A30CFC] 'Region_EnableRender' [h=EDF549E3,$00A41E80]: cfunction$002C87C0 'Region_EnableRender' [h=EDF549E3,$00A41E80]
  [Node$01A30D10] 'Objective_SetLongDescription' [h=2FF189E4,$009E1600]: cfunction$002A3A00 'Objective_SetLongDescription' [h=2FF189E4,$009E1600]
  [Node$01A30D24] 'Camera_AttachToActor' [h=FCD0E9E5,$009F5540]: cfunction$002A6370 'Camera_AttachToActor' [h=FCD0E9E5,$009F5540]
  [Node$01A30D38] 'gameflow_SetFactionRelations' [h=4EE62E83,$00A0B500]: function$0099CD60 'gameflow_SetFactionRelations' [h=4EE62E83,$00A0B500]
    CONST$00C1DC40 k0  'util_PrintDebugMsg' [h=A2961C17,$00A25100]
    CONST$00C1DC48 k1  '[gameflow.lua] gameflow_SetFactionRelations\n' [h=5B514834,$009D4700]
    CONST$00C1DC50 k2  'Utility_ReadStringFromScribbleMemory' [h=5455F3B9,$00A0C940]
    CONST$00C1DC58 k3  'current_china_mission' [h=83A0A4EA,$009FD640]
    CONST$00C1DC60 k4  'current_mafia_mission' [h=C3DB5DB9,$00A3F780]
    CONST$00C1DC68 k5  'current_sk_mission' [h=A983358C,$009EE7C0]
    CONST$00C1DC70 k6  TObject(1.0)
    CONST$00C1DC78 k7  'Faction_SetRelation' [h=6D8FD48D,$009DDD40]
    CONST$00C1DC80 k8  'allies' [h=B57F1C27,$009BF7E0]
    CONST$00C1DC88 k9  'china' [h=1129D14E,$009AB280]
    CONST$00C1DC90 k10 TObject(100.0)
    CONST$00C1DC98 k11 'mafia' [h=11226556,$009A69E0]
    CONST$00C1DCA0 k12 TObject(0.0)
    CONST$00C1DCA8 k13 'sk' [h=00001514,$00983C60]
    CONST$00C1DCB0 k14 TObject(40.0)
    CONST$00C1DCB8 k15 TObject(2.0)
    CONST$00C1DCC0 k16 TObject(60.0)
    CONST$00C1DCC8 k17 TObject(20.0)
    CONST$00C1DCD0 k18 TObject(-20.0)
    CONST$00C1DCD8 k19 TObject(50.0)
    CONST$00C1DCE0 k20 TObject(3.0)
    CONST$00C1DCE8 k21 TObject(10.0)
    CONST$00C1DCF0 k22 TObject(-10.0)
    CONST$00C1DCF8 k23 TObject(30.0)
    CONST$00C1DD00 k24 TObject(-30.0)
    CONST$00C1DD08 k25 TObject(25.0)
    CONST$00C1DD10 k26 TObject(-25.0)
    CONST$00C1DD18 k27 TObject(15.0)
    CONST$00C1DD20 k28 TObject(-15.0)
    CONST$00C1DD28 k29 TObject(80.0)
    CONST$00C1DD30 k30 TObject(-80.0)
     CODE$01A38F40
      000 01000005 GETGLOBAL r1 := _G[k0 ('util_PrintDebugMsg' [h=A2961C17,$00A25100])]
      001 02000041     LOADK r2 := k1 ('[gameflow.lua] gameflow_SetFactionRelations\n' [h=5B514834,$009D4700])
      002 01010059      CALL r1 (1 args) => 0 results
      003 01000085 GETGLOBAL r1 := _G[k2 ('Utility_ReadStringFromScribbleMemory' [h=5455F3B9,$00A0C940])]
      004 020000C1     LOADK r2 := k3 ('current_china_mission' [h=83A0A4EA,$009FD640])
      005 01010099      CALL r1 (1 args) => 1 results
      006 02000085 GETGLOBAL r2 := _G[k2 ('Utility_ReadStringFromScribbleMemory' [h=5455F3B9,$00A0C940])]
      007 03000101     LOADK r3 := k4 ('current_mafia_mission' [h=C3DB5DB9,$00A3F780])
      008 02010099      CALL r2 (1 args) => 1 results
      009 03000085 GETGLOBAL r3 := _G[k2 ('Utility_ReadStringFromScribbleMemory' [h=5455F3B9,$00A0C940])]
      010 04000141     LOADK r4 := k5 ('current_sk_mission' [h=A983358C,$009EE7C0])
      011 03010099      CALL r3 (1 args) => 1 results
      012 00004015        EQ r0 != k6 (TObject(1.0))
      013 00800F14       JMP +61 ; 75
      014 040001C5 GETGLOBAL r4 := _G[k7 ('Faction_SetRelation' [h=6D8FD48D,$009DDD40])]
      015 05000201     LOADK r5 := k8 ('allies' [h=B57F1C27,$009BF7E0])
      016 06000241     LOADK r6 := k9 ('china' [h=1129D14E,$009AB280])
      017 07000281     LOADK r7 := k10 (TObject(100.0))
      018 04020059      CALL r4 (3 args) => 0 results
      019 040001C5 GETGLOBAL r4 := _G[k7 ('Faction_SetRelation' [h=6D8FD48D,$009DDD40])]
      020 05000201     LOADK r5 := k8 ('allies' [h=B57F1C27,$009BF7E0])
      021 060002C1     LOADK r6 := k11 ('mafia' [h=11226556,$009A69E0])
      022 07000301     LOADK r7 := k12 (TObject(0.0))
      023 04020059      CALL r4 (3 args) => 0 results
      024 040001C5 GETGLOBAL r4 := _G[k7 ('Faction_SetRelation' [h=6D8FD48D,$009DDD40])]
      025 05000201     LOADK r5 := k8 ('allies' [h=B57F1C27,$009BF7E0])
      026 06000341     LOADK r6 := k13 ('sk' [h=00001514,$00983C60])
      027 07000281     LOADK r7 := k10 (TObject(100.0))
      028 04020059      CALL r4 (3 args) => 0 results
      029 040001C5 GETGLOBAL r4 := _G[k7 ('Faction_SetRelation' [h=6D8FD48D,$009DDD40])]
      030 05000241     LOADK r5 := k9 ('china' [h=1129D14E,$009AB280])
      031 06000201     LOADK r6 := k8 ('allies' [h=B57F1C27,$009BF7E0])
      032 07000281     LOADK r7 := k10 (TObject(100.0))
      033 04020059      CALL r4 (3 args) => 0 results
      034 040001C5 GETGLOBAL r4 := _G[k7 ('Faction_SetRelation' [h=6D8FD48D,$009DDD40])]
      035 05000241     LOADK r5 := k9 ('china' [h=1129D14E,$009AB280])
      036 060002C1     LOADK r6 := k11 ('mafia' [h=11226556,$009A69E0])
      037 07000301     LOADK r7 := k12 (TObject(0.0))
      038 04020059      CALL r4 (3 args) => 0 results
      039 040001C5 GETGLOBAL r4 := _G[k7 ('Faction_SetRelation' [h=6D8FD48D,$009DDD40])]
      040 05000241     LOADK r5 := k9 ('china' [h=1129D14E,$009AB280])
      041 06000341     LOADK r6 := k13 ('sk' [h=00001514,$00983C60])
      042 07000281     LOADK r7 := k10 (TObject(100.0))
      043 04020059      CALL r4 (3 args) => 0 results
      044 040001C5 GETGLOBAL r4 := _G[k7 ('Faction_SetRelation' [h=6D8FD48D,$009DDD40])]
      045 050002C1     LOADK r5 := k11 ('mafia' [h=11226556,$009A69E0])
      046 06000201     LOADK r6 := k8 ('allies' [h=B57F1C27,$009BF7E0])
      047 07000381     LOADK r7 := k14 (TObject(40.0))
      048 04020059      CALL r4 (3 args) => 0 results
      049 040001C5 GETGLOBAL r4 := _G[k7 ('Faction_SetRelation' [h=6D8FD48D,$009DDD40])]
      050 050002C1     LOADK r5 := k11 ('mafia' [h=11226556,$009A69E0])
      051 06000241     LOADK r6 := k9 ('china' [h=1129D14E,$009AB280])
      052 07000301     LOADK r7 := k12 (TObject(0.0))
      053 04020059      CALL r4 (3 args) => 0 results
      054 040001C5 GETGLOBAL r4 := _G[k7 ('Faction_SetRelation' [h=6D8FD48D,$009DDD40])]
      055 050002C1     LOADK r5 := k11 ('mafia' [h=11226556,$009A69E0])
      056 06000341     LOADK r6 := k13 ('sk' [h=00001514,$00983C60])
      057 07000301     LOADK r7 := k12 (TObject(0.0))
      058 04020059      CALL r4 (3 args) => 0 results
      059 040001C5 GETGLOBAL r4 := _G[k7 ('Faction_SetRelation' [h=6D8FD48D,$009DDD40])]
      060 05000341     LOADK r5 := k13 ('sk' [h=00001514,$00983C60])
      061 06000201     LOADK r6 := k8 ('allies' [h=B57F1C27,$009BF7E0])
      062 07000281     LOADK r7 := k10 (TObject(100.0))
      063 04020059      CALL r4 (3 args) => 0 results
      064 040001C5 GETGLOBAL r4 := _G[k7 ('Faction_SetRelation' [h=6D8FD48D,$009DDD40])]
      065 05000341     LOADK r5 := k13 ('sk' [h=00001514,$00983C60])
      066 06000241     LOADK r6 := k9 ('china' [h=1129D14E,$009AB280])
      067 07000281     LOADK r7 := k10 (TObject(100.0))
      068 04020059      CALL r4 (3 args) => 0 results
      069 040001C5 GETGLOBAL r4 := _G[k7 ('Faction_SetRelation' [h=6D8FD48D,$009DDD40])]
      070 05000341     LOADK r5 := k13 ('sk' [h=00001514,$00983C60])
      071 060002C1     LOADK r6 := k11 ('mafia' [h=11226556,$009A69E0])
      072 07000301     LOADK r7 := k12 (TObject(0.0))
      073 04020059      CALL r4 (3 args) => 0 results
      074 00803054       JMP +194 ; 269
      075 00004255        EQ r0 != k15 (TObject(2.0))
      076 00800F14       JMP +61 ; 138
      077 040001C5 GETGLOBAL r4 := _G[k7 ('Faction_SetRelation' [h=6D8FD48D,$009DDD40])]
      078 05000201     LOADK r5 := k8 ('allies' [h=B57F1C27,$009BF7E0])
      079 06000241     LOADK r6 := k9 ('china' [h=1129D14E,$009AB280])
      080 07000401     LOADK r7 := k16 (TObject(60.0))
      081 04020059      CALL r4 (3 args) => 0 results
      082 040001C5 GETGLOBAL r4 := _G[k7 ('Faction_SetRelation' [h=6D8FD48D,$009DDD40])]
      083 05000201     LOADK r5 := k8 ('allies' [h=B57F1C27,$009BF7E0])
      084 060002C1     LOADK r6 := k11 ('mafia' [h=11226556,$009A69E0])
      085 07000301     LOADK r7 := k12 (TObject(0.0))
      086 04020059      CALL r4 (3 args) => 0 results
      087 040001C5 GETGLOBAL r4 := _G[k7 ('Faction_SetRelation' [h=6D8FD48D,$009DDD40])]
      088 05000201     LOADK r5 := k8 ('allies' [h=B57F1C27,$009BF7E0])
      089 06000341     LOADK r6 := k13 ('sk' [h=00001514,$00983C60])
      090 07000401     LOADK r7 := k16 (TObject(60.0))
      091 04020059      CALL r4 (3 args) => 0 results
      092 040001C5 GETGLOBAL r4 := _G[k7 ('Faction_SetRelation' [h=6D8FD48D,$009DDD40])]
      093 05000241     LOADK r5 := k9 ('china' [h=1129D14E,$009AB280])
      094 06000201     LOADK r6 := k8 ('allies' [h=B57F1C27,$009BF7E0])
      095 07000401     LOADK r7 := k16 (TObject(60.0))
      096 04020059      CALL r4 (3 args) => 0 results
      097 040001C5 GETGLOBAL r4 := _G[k7 ('Faction_SetRelation' [h=6D8FD48D,$009DDD40])]
      098 05000241     LOADK r5 := k9 ('china' [h=1129D14E,$009AB280])
      099 060002C1     LOADK r6 := k11 ('mafia' [h=11226556,$009A69E0])
      100 07000481     LOADK r7 := k18 (TObject(-20.0))
      101 04020059      CALL r4 (3 args) => 0 results
      102 040001C5 GETGLOBAL r4 := _G[k7 ('Faction_SetRelation' [h=6D8FD48D,$009DDD40])]
      103 05000241     LOADK r5 := k9 ('china' [h=1129D14E,$009AB280])
      104 06000341     LOADK r6 := k13 ('sk' [h=00001514,$00983C60])
      105 070004C1     LOADK r7 := k19 (TObject(50.0))
      106 04020059      CALL r4 (3 args) => 0 results
      107 040001C5 GETGLOBAL r4 := _G[k7 ('Faction_SetRelation' [h=6D8FD48D,$009DDD40])]
      108 050002C1     LOADK r5 := k11 ('mafia' [h=11226556,$009A69E0])
      109 06000201     LOADK r6 := k8 ('allies' [h=B57F1C27,$009BF7E0])
      110 07000381     LOADK r7 := k14 (TObject(40.0))
      111 04020059      CALL r4 (3 args) => 0 results
      112 040001C5 GETGLOBAL r4 := _G[k7 ('Faction_SetRelation' [h=6D8FD48D,$009DDD40])]
      113 050002C1     LOADK r5 := k11 ('mafia' [h=11226556,$009A69E0])
      114 06000241     LOADK r6 := k9 ('china' [h=1129D14E,$009AB280])
      115 07000301     LOADK r7 := k12 (TObject(0.0))
      116 04020059      CALL r4 (3 args) => 0 results
      117 040001C5 GETGLOBAL r4 := _G[k7 ('Faction_SetRelation' [h=6D8FD48D,$009DDD40])]
      118 050002C1     LOADK r5 := k11 ('mafia' [h=11226556,$009A69E0])
      119 06000341     LOADK r6 := k13 ('sk' [h=00001514,$00983C60])
      120 07000301     LOADK r7 := k12 (TObject(0.0))
      121 04020059      CALL r4 (3 args) => 0 results
      122 040001C5 GETGLOBAL r4 := _G[k7 ('Faction_SetRelation' [h=6D8FD48D,$009DDD40])]
      123 05000341     LOADK r5 := k13 ('sk' [h=00001514,$00983C60])
      124 06000201     LOADK r6 := k8 ('allies' [h=B57F1C27,$009BF7E0])
      125 07000401     LOADK r7 := k16 (TObject(60.0))
      126 04020059      CALL r4 (3 args) => 0 results
      127 040001C5 GETGLOBAL r4 := _G[k7 ('Faction_SetRelation' [h=6D8FD48D,$009DDD40])]
      128 05000341     LOADK r5 := k13 ('sk' [h=00001514,$00983C60])
      129 06000241     LOADK r6 := k9 ('china' [h=1129D14E,$009AB280])
      130 07000301     LOADK r7 := k12 (TObject(0.0))
      131 04020059      CALL r4 (3 args) => 0 results
      132 040001C5 GETGLOBAL r4 := _G[k7 ('Faction_SetRelation' [h=6D8FD48D,$009DDD40])]
      133 05000341     LOADK r5 := k13 ('sk' [h=00001514,$00983C60])
      134 060002C1     LOADK r6 := k11 ('mafia' [h=11226556,$009A69E0])
      135 07000481     LOADK r7 := k18 (TObject(-20.0))
      136 04020059      CALL r4 (3 args) => 0 results
      137 00802094       JMP +131 ; 269
      138 00004395        EQ r0 != k20 (TObject(3.0))
      139 00801014       JMP +65 ; 205
      140 040080CC       ADD r4 := r1 + r3
      141 0402440E       MUL r4 := r4 * k22 (TObject(-10.0))
      142 040243CC       ADD r4 := r4 + k21 (TObject(10.0))
      143 0501448E       MUL r5 := r2 * k24 (TObject(-30.0))
      144 060001C5 GETGLOBAL r6 := _G[k7 ('Faction_SetRelation' [h=6D8FD48D,$009DDD40])]
      145 07000201     LOADK r7 := k8 ('allies' [h=B57F1C27,$009BF7E0])
      146 08000241     LOADK r8 := k9 ('china' [h=1129D14E,$009AB280])
      147 09000301     LOADK r9 := k12 (TObject(0.0))
      148 06020059      CALL r6 (3 args) => 0 results
      149 060001C5 GETGLOBAL r6 := _G[k7 ('Faction_SetRelation' [h=6D8FD48D,$009DDD40])]
      150 07000201     LOADK r7 := k8 ('allies' [h=B57F1C27,$009BF7E0])
      151 080002C1     LOADK r8 := k11 ('mafia' [h=11226556,$009A69E0])
      152 0902C24F       DIV r9 := r5 / k15 (TObject(2.0))
      153 06020059      CALL r6 (3 args) => 0 results
      154 060001C5 GETGLOBAL r6 := _G[k7 ('Faction_SetRelation' [h=6D8FD48D,$009DDD40])]
      155 07000201     LOADK r7 := k8 ('allies' [h=B57F1C27,$009BF7E0])
      156 08000341     LOADK r8 := k13 ('sk' [h=00001514,$00983C60])
      157 09000381     LOADK r9 := k14 (TObject(40.0))
      158 06020059      CALL r6 (3 args) => 0 results
      159 060001C5 GETGLOBAL r6 := _G[k7 ('Faction_SetRelation' [h=6D8FD48D,$009DDD40])]
      160 07000241     LOADK r7 := k9 ('china' [h=1129D14E,$009AB280])
      161 08000201     LOADK r8 := k8 ('allies' [h=B57F1C27,$009BF7E0])
      162 09000301     LOADK r9 := k12 (TObject(0.0))
      163 06020059      CALL r6 (3 args) => 0 results
      164 060001C5 GETGLOBAL r6 := _G[k7 ('Faction_SetRelation' [h=6D8FD48D,$009DDD40])]
      165 07000241     LOADK r7 := k9 ('china' [h=1129D14E,$009AB280])
      166 080002C1     LOADK r8 := k11 ('mafia' [h=11226556,$009A69E0])
      167 09028000      MOVE r9 := r5
      168 06020059      CALL r6 (3 args) => 0 results
      169 060001C5 GETGLOBAL r6 := _G[k7 ('Faction_SetRelation' [h=6D8FD48D,$009DDD40])]
      170 07000241     LOADK r7 := k9 ('china' [h=1129D14E,$009AB280])
      171 08000341     LOADK r8 := k13 ('sk' [h=00001514,$00983C60])
      172 09000301     LOADK r9 := k12 (TObject(0.0))
      173 06020059      CALL r6 (3 args) => 0 results
      174 060001C5 GETGLOBAL r6 := _G[k7 ('Faction_SetRelation' [h=6D8FD48D,$009DDD40])]
      175 070002C1     LOADK r7 := k11 ('mafia' [h=11226556,$009A69E0])
      176 08000201     LOADK r8 := k8 ('allies' [h=B57F1C27,$009BF7E0])
      177 09000301     LOADK r9 := k12 (TObject(0.0))
      178 06020059      CALL r6 (3 args) => 0 results
      179 060001C5 GETGLOBAL r6 := _G[k7 ('Faction_SetRelation' [h=6D8FD48D,$009DDD40])]
      180 070002C1     LOADK r7 := k11 ('mafia' [h=11226556,$009A69E0])
      181 08000241     LOADK r8 := k9 ('china' [h=1129D14E,$009AB280])
      182 09000681     LOADK r9 := k26 (TObject(-25.0))
      183 06020059      CALL r6 (3 args) => 0 results
      184 060001C5 GETGLOBAL r6 := _G[k7 ('Faction_SetRelation' [h=6D8FD48D,$009DDD40])]
      185 070002C1     LOADK r7 := k11 ('mafia' [h=11226556,$009A69E0])
      186 08000341     LOADK r8 := k13 ('sk' [h=00001514,$00983C60])
      187 09000681     LOADK r9 := k26 (TObject(-25.0))
      188 06020059      CALL r6 (3 args) => 0 results
      189 060001C5 GETGLOBAL r6 := _G[k7 ('Faction_SetRelation' [h=6D8FD48D,$009DDD40])]
      190 07000341     LOADK r7 := k13 ('sk' [h=00001514,$00983C60])
      191 08000201     LOADK r8 := k8 ('allies' [h=B57F1C27,$009BF7E0])
      192 09000301     LOADK r9 := k12 (TObject(0.0))
      193 06020059      CALL r6 (3 args) => 0 results
      194 060001C5 GETGLOBAL r6 := _G[k7 ('Faction_SetRelation' [h=6D8FD48D,$009DDD40])]
      195 07000341     LOADK r7 := k13 ('sk' [h=00001514,$00983C60])
      196 08000241     LOADK r8 := k9 ('china' [h=1129D14E,$009AB280])
      197 09000301     LOADK r9 := k12 (TObject(0.0))
      198 06020059      CALL r6 (3 args) => 0 results
      199 060001C5 GETGLOBAL r6 := _G[k7 ('Faction_SetRelation' [h=6D8FD48D,$009DDD40])]
      200 07000341     LOADK r7 := k13 ('sk' [h=00001514,$00983C60])
      201 080002C1     LOADK r8 := k11 ('mafia' [h=11226556,$009A69E0])
      202 09028000      MOVE r9 := r5
      203 06020059      CALL r6 (3 args) => 0 results
      204 00800FD4       JMP +64 ; 269
      205 040080CC       ADD r4 := r1 + r3
      206 0402458E       MUL r4 := r4 * k28 (TObject(-15.0))
      207 040245CC       ADD r4 := r4 + k29 (TObject(80.0))
      208 05000781     LOADK r5 := k30 (TObject(-80.0))
      209 060001C5 GETGLOBAL r6 := _G[k7 ('Faction_SetRelation' [h=6D8FD48D,$009DDD40])]
      210 07000201     LOADK r7 := k8 ('allies' [h=B57F1C27,$009BF7E0])
      211 08000241     LOADK r8 := k9 ('china' [h=1129D14E,$009AB280])
      212 09000301     LOADK r9 := k12 (TObject(0.0))
      213 06020059      CALL r6 (3 args) => 0 results
      214 060001C5 GETGLOBAL r6 := _G[k7 ('Faction_SetRelation' [h=6D8FD48D,$009DDD40])]
      215 07000201     LOADK r7 := k8 ('allies' [h=B57F1C27,$009BF7E0])
      216 080002C1     LOADK r8 := k11 ('mafia' [h=11226556,$009A69E0])
      217 0902C24F       DIV r9 := r5 / k15 (TObject(2.0))
      218 06020059      CALL r6 (3 args) => 0 results
      219 060001C5 GETGLOBAL r6 := _G[k7 ('Faction_SetRelation' [h=6D8FD48D,$009DDD40])]
      220 07000201     LOADK r7 := k8 ('allies' [h=B57F1C27,$009BF7E0])
      221 08000341     LOADK r8 := k13 ('sk' [h=00001514,$00983C60])
      222 09000301     LOADK r9 := k12 (TObject(0.0))
      223 06020059      CALL r6 (3 args) => 0 results
      224 060001C5 GETGLOBAL r6 := _G[k7 ('Faction_SetRelation' [h=6D8FD48D,$009DDD40])]
      225 07000241     LOADK r7 := k9 ('china' [h=1129D14E,$009AB280])
      226 08000201     LOADK r8 := k8 ('allies' [h=B57F1C27,$009BF7E0])
      227 09000301     LOADK r9 := k12 (TObject(0.0))
      228 06020059      CALL r6 (3 args) => 0 results
      229 060001C5 GETGLOBAL r6 := _G[k7 ('Faction_SetRelation' [h=6D8FD48D,$009DDD40])]
      230 07000241     LOADK r7 := k9 ('china' [h=1129D14E,$009AB280])
      231 080002C1     LOADK r8 := k11 ('mafia' [h=11226556,$009A69E0])
      232 09028000      MOVE r9 := r5
      233 06020059      CALL r6 (3 args) => 0 results
      234 060001C5 GETGLOBAL r6 := _G[k7 ('Faction_SetRelation' [h=6D8FD48D,$009DDD40])]
      235 07000241     LOADK r7 := k9 ('china' [h=1129D14E,$009AB280])
      236 08000341     LOADK r8 := k13 ('sk' [h=00001514,$00983C60])
      237 09020000      MOVE r9 := r4
      238 06020059      CALL r6 (3 args) => 0 results
      239 060001C5 GETGLOBAL r6 := _G[k7 ('Faction_SetRelation' [h=6D8FD48D,$009DDD40])]
      240 070002C1     LOADK r7 := k11 ('mafia' [h=11226556,$009A69E0])
      241 08000201     LOADK r8 := k8 ('allies' [h=B57F1C27,$009BF7E0])
      242 09000301     LOADK r9 := k12 (TObject(0.0))
      243 06020059      CALL r6 (3 args) => 0 results
      244 060001C5 GETGLOBAL r6 := _G[k7 ('Faction_SetRelation' [h=6D8FD48D,$009DDD40])]
      245 070002C1     LOADK r7 := k11 ('mafia' [h=11226556,$009A69E0])
      246 08000241     LOADK r8 := k9 ('china' [h=1129D14E,$009AB280])
      247 09028000      MOVE r9 := r5
      248 06020059      CALL r6 (3 args) => 0 results
      249 060001C5 GETGLOBAL r6 := _G[k7 ('Faction_SetRelation' [h=6D8FD48D,$009DDD40])]
      250 070002C1     LOADK r7 := k11 ('mafia' [h=11226556,$009A69E0])
      251 08000341     LOADK r8 := k13 ('sk' [h=00001514,$00983C60])
      252 09028000      MOVE r9 := r5
      253 06020059      CALL r6 (3 args) => 0 results
      254 060001C5 GETGLOBAL r6 := _G[k7 ('Faction_SetRelation' [h=6D8FD48D,$009DDD40])]
      255 07000341     LOADK r7 := k13 ('sk' [h=00001514,$00983C60])
      256 08000201     LOADK r8 := k8 ('allies' [h=B57F1C27,$009BF7E0])
      257 09000301     LOADK r9 := k12 (TObject(0.0))
      258 06020059      CALL r6 (3 args) => 0 results
      259 060001C5 GETGLOBAL r6 := _G[k7 ('Faction_SetRelation' [h=6D8FD48D,$009DDD40])]
      260 07000341     LOADK r7 := k13 ('sk' [h=00001514,$00983C60])
      261 08000241     LOADK r8 := k9 ('china' [h=1129D14E,$009AB280])
      262 09020000      MOVE r9 := r4
      263 06020059      CALL r6 (3 args) => 0 results
      264 060001C5 GETGLOBAL r6 := _G[k7 ('Faction_SetRelation' [h=6D8FD48D,$009DDD40])]
      265 07000341     LOADK r7 := k13 ('sk' [h=00001514,$00983C60])
      266 080002C1     LOADK r8 := k11 ('mafia' [h=11226556,$009A69E0])
      267 09028000      MOVE r9 := r5
      268 06020059      CALL r6 (3 args) => 0 results
      269 0000801B    RETURN
  [Node$01A30D4C] 'Desktop_OverrideDeathSequence' [h=3CAC09E7,$009F87C0]: cfunction$002C86A8 'Desktop_OverrideDeathSequence' [h=3CAC09E7,$009F87C0]
  [Node$01A30D60] 'InsertionTakeoffComplete' [h=49D1F41B,$009FB5C0]: function$009857C0[1] 'InsertionTakeoffComplete' [h=49D1F41B,$009FB5C0]
    CONST$00A725C0 k0  'Insertion_Debug' [h=2960F285,$0097FBE0]
    CONST$00A725C8 k1  'InsertionTakeoffComplete: ....' [h=15821A1A,$00A30E40]
    CONST$00A725D0 k2  'hCommand' [h=6C9B8F71,$009A4A80]
    CONST$00A725D8 k3  'Ai_Command' [h=F55C71A7,$009A9EE0]
    CONST$00A725E0 k4  'InsertionVehicle' [h=BF1C0BFB,$00A3ACC0]
    CONST$00A725E8 k5  'PathMove' [h=F35F139F,$0098C0A0]
    CONST$00A725F0 k6  'vehicle_exit_path' [h=509CB943,$009DCC80]
    CONST$00A725F8 k7  'vehicle_speed' [h=C938D3B2,$009C3460]
    CONST$00A72600 k8  'hiPri' [h=11C2D9E2,$00977D00]
    CONST$00A72608 k9  'Event_AiCommandStatus' [h=A9E3357D,$009D1D80]
    CONST$00A72610 k10 'InsertionHeliOutOfRange' [h=6A9BFD0C,$00A2A7C0]
    CONST$00A72618 k11 'b' [h=00000083,$00983380]
    CONST$00A72620 k12 TObject(3.0)
    CONST$00A72628 k13 'callback_takeoff_Complete' [h=4F3F15CF,$009D0440]
     CODE$00A9B540
      000 00000005 GETGLOBAL r0 := _G[k0 ('Insertion_Debug' [h=2960F285,$0097FBE0])]
      001 01000041     LOADK r1 := k1 ('InsertionTakeoffComplete: ....' [h=15821A1A,$00A30E40])
      002 00010059      CALL r0 (1 args) => 0 results
      003 000000C5 GETGLOBAL r0 := _G[k3 ('Ai_Command' [h=F55C71A7,$009A9EE0])]
      004 01000101     LOADK r1 := k4 ('InsertionVehicle' [h=BF1C0BFB,$00A3ACC0])
      005 02000141     LOADK r2 := k5 ('PathMove' [h=F35F139F,$0098C0A0])
      006 03000004  GETUPVAL r3 := u0
      007 0301C006  GETTABLE r3 := r3[k6 ('vehicle_exit_path' [h=509CB943,$009DCC80])]
      008 04000004  GETUPVAL r4 := u0
      009 04024046  GETTABLE r4 := r4[k7 ('vehicle_speed' [h=C938D3B2,$009C3460])]
      010 05000201     LOADK r5 := k8 ('hiPri' [h=11C2D9E2,$00977D00])
      011 00030099      CALL r0 (5 args) => 1 results
      012 00000087 SETGLOBAL r0 ->> _G[k2 ('hCommand' [h=6C9B8F71,$009A4A80])]
      013 00000245 GETGLOBAL r0 := _G[k9 ('Event_AiCommandStatus' [h=A9E3357D,$009D1D80])]
      014 01000281     LOADK r1 := k10 ('InsertionHeliOutOfRange' [h=6A9BFD0C,$00A2A7C0])
      015 020002C1     LOADK r2 := k11 ('b' [h=00000083,$00983380])
      016 03000101     LOADK r3 := k4 ('InsertionVehicle' [h=BF1C0BFB,$00A3ACC0])
      017 04000085 GETGLOBAL r4 := _G[k2 ('hCommand' [h=6C9B8F71,$009A4A80])]
      018 05000301     LOADK r5 := k12 (TObject(3.0))
      019 00030059      CALL r0 (5 args) => 0 results
      020 00000004  GETUPVAL r0 := u0
      021 000041C6  GETTABLE r0 := r0[k13 ('callback_takeoff_Complete' [h=4F3F15CF,$009D0440])]
      022 00000018      TEST not r0 : r0 := r0
      023 00800094       JMP +3 ; 27
      024 00000004  GETUPVAL r0 := u0
      025 000041C6  GETTABLE r0 := r0[k13 ('callback_takeoff_Complete' [h=4F3F15CF,$009D0440])]
      026 00008059      CALL r0 (0 args) => 0 results
      027 0000801B    RETURN
  [Node$01A30D74] 'DetermineDeliveryAreaType' [h=C8F189E9,$009D6700]: function$009764E0 'DetermineDeliveryAreaType' [h=C8F189E9,$009D6700]
    CONST$00AB8AC0 k0  'destLineRegion' [h=8EB06915,$009A21A0]
    CONST$00AB8AC8 k1  TObject(None)
    CONST$00AB8AD0 k2  'delivAreaType' [h=64847EB2,$0098E100]
    CONST$00AB8AD8 k3  'DELIV_AREA_TYPE_LINEREGION' [h=E0C7BEF0,$00A04300]
    CONST$00AB8AE0 k4  'dest' [h=0078F78C,$00983E60]
    CONST$00AB8AE8 k5  'locToMakeBlip' [h=4FC48612,$0098E7A0]
    CONST$00AB8AF0 k6  'destLineRegionLoc' [h=45A2B4F1,$00A3ADC0]
    CONST$00AB8AF8 k7  'destLoc' [h=0C475489,$0098D3C0]
    CONST$00AB8B00 k8  'DELIV_AREA_TYPE_LOC' [h=C2CF524B,$00A23880]
     CODE$00AAE740
      000 01003E86  GETTABLE r1 := r0[k0 ('destLineRegion' [h=8EB06915,$009A21A0])]
      001 0100BED5        EQ r1 == k1 (TObject(None))
      002 00800214       JMP +9 ; 12
      003 0100008A  NEWTABLE r1 := {} (#a=0, #h=2)
      004 020000C5 GETGLOBAL r2 := _G[k3 ('DELIV_AREA_TYPE_LINEREGION' [h=E0C7BEF0,$00A04300])]
      005 017E0089  SETTABLE r2 ->> r1[k2 ('delivAreaType' [h=64847EB2,$0098E100])]
      006 02003E86  GETTABLE r2 := r0[k0 ('destLineRegion' [h=8EB06915,$009A21A0])]
      007 017F0089  SETTABLE r2 ->> r1[k4 ('dest' [h=0078F78C,$00983E60])]
      008 02004006  GETTABLE r2 := r0[k6 ('destLineRegionLoc' [h=45A2B4F1,$00A3ADC0])]
      009 017F8089  SETTABLE r2 ->> r1[k5 ('locToMakeBlip' [h=4FC48612,$0098E7A0])]
      010 0101001B    RETURN r1 ... r1
      011 00800294       JMP +11 ; 23
      012 01004046  GETTABLE r1 := r0[k7 ('destLoc' [h=0C475489,$0098D3C0])]
      013 0100BED5        EQ r1 == k1 (TObject(None))
      014 008001D4       JMP +8 ; 23
      015 0100008A  NEWTABLE r1 := {} (#a=0, #h=2)
      016 02000205 GETGLOBAL r2 := _G[k8 ('DELIV_AREA_TYPE_LOC' [h=C2CF524B,$00A23880])]
      017 017E0089  SETTABLE r2 ->> r1[k2 ('delivAreaType' [h=64847EB2,$0098E100])]
      018 02004046  GETTABLE r2 := r0[k7 ('destLoc' [h=0C475489,$0098D3C0])]
      019 017F0089  SETTABLE r2 ->> r1[k4 ('dest' [h=0078F78C,$00983E60])]
      020 02004046  GETTABLE r2 := r0[k7 ('destLoc' [h=0C475489,$0098D3C0])]
      021 017F8089  SETTABLE r2 ->> r1[k5 ('locToMakeBlip' [h=4FC48612,$0098E7A0])]
      022 0101001B    RETURN r1 ... r1
      023 0000801B    RETURN
  [Node$01A30D88] 'InsertionDoneTakeoffShot' [h=3CD7784E,$009EED00]: function$009A5460[2] 'InsertionDoneTakeoffShot' [h=3CD7784E,$009EED00]
    CONST$00A7E040 k0  'Insertion_Debug' [h=2960F285,$0097FBE0]
    CONST$00A7E048 k1  'InsertionDoneTakeoffShot: ....' [h=0FA1EFB4,$00A15480]
    CONST$00A7E050 k2  'Actor_EnableCinematicControl' [h=754A6937,$00A38280]
    CONST$00A7E058 k3  'player0' [h=316752BF,$009A56E0]
    CONST$00A7E060 k4  'FALSE' [h=0E4B730F,$009A6040]
    CONST$00A7E068 k5  'Actor_EnableCollision' [h=D757B1B8,$009DDC00]
    CONST$00A7E070 k6  'TRUE' [h=0067B195,$0097E680]
    CONST$00A7E078 k7  'Video_LetterboxEffect' [h=C60CB51A,$009E7C80]
    CONST$00A7E080 k8  'Camera_SetMode' [h=5AC27046,$009A5500]
    CONST$00A7E088 k9  'RS_ACTOR_VIEW' [h=6AC9ACBF,$009A03C0]
    CONST$00A7E090 k10 'Player_EnableControl' [h=5310CEFC,$00A0A880]
    CONST$00A7E098 k11 'Actor_SetInvincible' [h=3C5DC0FC,$009E4640]
    CONST$00A7E0A0 k12 'vehicleActor' [h=76961E35,$00993460]
    CONST$00A7E0A8 k13 'Briefing_EnableWeaponRendering' [h=367ED0B1,$009DCCC0]
     CODE$00A77CC0
      000 00000005 GETGLOBAL r0 := _G[k0 ('Insertion_Debug' [h=2960F285,$0097FBE0])]
      001 01000041     LOADK r1 := k1 ('InsertionDoneTakeoffShot: ....' [h=0FA1EFB4,$00A15480])
      002 00010059      CALL r0 (1 args) => 0 results
      003 00000085 GETGLOBAL r0 := _G[k2 ('Actor_EnableCinematicControl' [h=754A6937,$00A38280])]
      004 010000C1     LOADK r1 := k3 ('player0' [h=316752BF,$009A56E0])
      005 02000105 GETGLOBAL r2 := _G[k4 ('FALSE' [h=0E4B730F,$009A6040])]
      006 00018059      CALL r0 (2 args) => 0 results
      007 00000145 GETGLOBAL r0 := _G[k5 ('Actor_EnableCollision' [h=D757B1B8,$009DDC00])]
      008 010000C1     LOADK r1 := k3 ('player0' [h=316752BF,$009A56E0])
      009 02000185 GETGLOBAL r2 := _G[k6 ('TRUE' [h=0067B195,$0097E680])]
      010 00018059      CALL r0 (2 args) => 0 results
      011 000001C5 GETGLOBAL r0 := _G[k7 ('Video_LetterboxEffect' [h=C60CB51A,$009E7C80])]
      012 01000002  LOADBOOL r1 := False
      013 00010059      CALL r0 (1 args) => 0 results
      014 00000205 GETGLOBAL r0 := _G[k8 ('Camera_SetMode' [h=5AC27046,$009A5500])]
      015 01000241     LOADK r1 := k9 ('RS_ACTOR_VIEW' [h=6AC9ACBF,$009A03C0])
      016 00010059      CALL r0 (1 args) => 0 results
      017 00000285 GETGLOBAL r0 := _G[k10 ('Player_EnableControl' [h=5310CEFC,$00A0A880])]
      018 01000004  GETUPVAL r1 := u0
      019 00010059      CALL r0 (1 args) => 0 results
      020 000002C5 GETGLOBAL r0 := _G[k11 ('Actor_SetInvincible' [h=3C5DC0FC,$009E4640])]
      021 01000305 GETGLOBAL r1 := _G[k12 ('vehicleActor' [h=76961E35,$00993460])]
      022 02000002  LOADBOOL r2 := False
      023 00018059      CALL r0 (2 args) => 0 results
      024 00000345 GETGLOBAL r0 := _G[k13 ('Briefing_EnableWeaponRendering' [h=367ED0B1,$009DCCC0])]
      025 01008002  LOADBOOL r1 := True
      026 00010059      CALL r0 (1 args) => 0 results
      027 00008004  GETUPVAL r0 := u1
      028 00008059      CALL r0 (0 args) => 0 results
      029 0000801B    RETURN
  [Node$01A30D9C] 'InsertionTakeoff' [h=5AB566FF,$009F5100]: function$00989F20[1] 'InsertionTakeoff' [h=5AB566FF,$009F5100]
    CONST$00BBD800 k0  'Insertion_Debug' [h=2960F285,$0097FBE0]
    CONST$00BBD808 k1  'InsertionTakeoff: .... ' [h=604B2777,$009EA000]
    CONST$00BBD810 k2  'tostring' [h=787EB105,$009A9A40]
    CONST$00BBD818 k3  'takeoff_heli_throttle' [h=67E8E6CF,$00A20400]
    CONST$00BBD820 k4  'Actor_EnableShadow' [h=E3D224E4,$00A00B40]
    CONST$00BBD828 k5  'player0' [h=316752BF,$009A56E0]
    CONST$00BBD830 k6  'TRUE' [h=0067B195,$0097E680]
    CONST$00BBD838 k7  'hCommand' [h=6C9B8F71,$009A4A80]
    CONST$00BBD840 k8  'Ai_Command' [h=F55C71A7,$009A9EE0]
    CONST$00BBD848 k9  'InsertionVehicle' [h=BF1C0BFB,$00A3ACC0]
    CONST$00BBD850 k10 'Takeoff' [h=8E7CC211,$009C05C0]
    CONST$00BBD858 k11 'hiPri' [h=11C2D9E2,$00977D00]
    CONST$00BBD860 k12 'Event_AiCommandStatus' [h=A9E3357D,$009D1D80]
    CONST$00BBD868 k13 'InsertionTakeoffComplete' [h=49D1F41B,$009FB5C0]
    CONST$00BBD870 k14 'b' [h=00000083,$00983380]
    CONST$00BBD878 k15 TObject(3.0)
    CONST$00BBD880 k16 'Camera_ScriptPlayAnimation' [h=4697E538,$00A01B80]
    CONST$00BBD888 k17 'takeoff_shot_anim' [h=13065574,$00A20AC0]
    CONST$00BBD890 k18 'land_location' [h=39251684,$009888C0]
    CONST$00BBD898 k19 'Event_RelativeTimer' [h=AD23F6E2,$009F7840]
    CONST$00BBD8A0 k20 'InsertionDoneTakeoffShot' [h=3CD7784E,$009EED00]
    CONST$00BBD8A8 k21 'takeoff_shot_time' [h=A99E5E86,$00A38780]
    CONST$00BBD8B0 k22 'callback_takeoff' [h=6AEE151C,$00A11980]
     CODE$00BEB1C0
      000 00000005 GETGLOBAL r0 := _G[k0 ('Insertion_Debug' [h=2960F285,$0097FBE0])]
      001 01000041     LOADK r1 := k1 ('InsertionTakeoff: .... ' [h=604B2777,$009EA000])
      002 02000085 GETGLOBAL r2 := _G[k2 ('tostring' [h=787EB105,$009A9A40])]
      003 03000004  GETUPVAL r3 := u0
      004 0301BF46  GETTABLE r3 := r3[k3 ('takeoff_heli_throttle' [h=67E8E6CF,$00A20400])]
      005 02010099      CALL r2 (1 args) => 1 results
      006 01008093    CONCAT r1 := r1 ... r2
      007 00010059      CALL r0 (1 args) => 0 results
      008 00000105 GETGLOBAL r0 := _G[k4 ('Actor_EnableShadow' [h=E3D224E4,$00A00B40])]
      009 01000141     LOADK r1 := k5 ('player0' [h=316752BF,$009A56E0])
      010 02000185 GETGLOBAL r2 := _G[k6 ('TRUE' [h=0067B195,$0097E680])]
      011 00018059      CALL r0 (2 args) => 0 results
      012 00000205 GETGLOBAL r0 := _G[k8 ('Ai_Command' [h=F55C71A7,$009A9EE0])]
      013 01000241     LOADK r1 := k9 ('InsertionVehicle' [h=BF1C0BFB,$00A3ACC0])
      014 02000281     LOADK r2 := k10 ('Takeoff' [h=8E7CC211,$009C05C0])
      015 03000004  GETUPVAL r3 := u0
      016 0301BF46  GETTABLE r3 := r3[k3 ('takeoff_heli_throttle' [h=67E8E6CF,$00A20400])]
      017 040002C1     LOADK r4 := k11 ('hiPri' [h=11C2D9E2,$00977D00])
      018 00028099      CALL r0 (4 args) => 1 results
      019 000001C7 SETGLOBAL r0 ->> _G[k7 ('hCommand' [h=6C9B8F71,$009A4A80])]
      020 00000305 GETGLOBAL r0 := _G[k12 ('Event_AiCommandStatus' [h=A9E3357D,$009D1D80])]
      021 01000341     LOADK r1 := k13 ('InsertionTakeoffComplete' [h=49D1F41B,$009FB5C0])
      022 02000381     LOADK r2 := k14 ('b' [h=00000083,$00983380])
      023 03000241     LOADK r3 := k9 ('InsertionVehicle' [h=BF1C0BFB,$00A3ACC0])
      024 040001C5 GETGLOBAL r4 := _G[k7 ('hCommand' [h=6C9B8F71,$009A4A80])]
      025 050003C1     LOADK r5 := k15 (TObject(3.0))
      026 00030059      CALL r0 (5 args) => 0 results
      027 00000405 GETGLOBAL r0 := _G[k16 ('Camera_ScriptPlayAnimation' [h=4697E538,$00A01B80])]
      028 01000004  GETUPVAL r1 := u0
      029 0100C2C6  GETTABLE r1 := r1[k17 ('takeoff_shot_anim' [h=13065574,$00A20AC0])]
      030 02000004  GETUPVAL r2 := u0
      031 02014306  GETTABLE r2 := r2[k18 ('land_location' [h=39251684,$009888C0])]
      032 00018059      CALL r0 (2 args) => 0 results
      033 000004C5 GETGLOBAL r0 := _G[k19 ('Event_RelativeTimer' [h=AD23F6E2,$009F7840])]
      034 01000501     LOADK r1 := k20 ('InsertionDoneTakeoffShot' [h=3CD7784E,$009EED00])
      035 02000381     LOADK r2 := k14 ('b' [h=00000083,$00983380])
      036 03000004  GETUPVAL r3 := u0
      037 0301C3C6  GETTABLE r3 := r3[k21 ('takeoff_shot_time' [h=A99E5E86,$00A38780])]
      038 00020059      CALL r0 (3 args) => 0 results
      039 00000004  GETUPVAL r0 := u0
      040 00004406  GETTABLE r0 := r0[k22 ('callback_takeoff' [h=6AEE151C,$00A11980])]
      041 00000018      TEST not r0 : r0 := r0
      042 00800094       JMP +3 ; 46
      043 00000004  GETUPVAL r0 := u0
      044 00004406  GETTABLE r0 := r0[k22 ('callback_takeoff' [h=6AEE151C,$00A11980])]
      045 00008059      CALL r0 (0 args) => 0 results
      046 0000801B    RETURN
  [Node$01A30DB0] 'Audio_SetAmbientCombatLevel' [h=9480F9EC,$009FDE80]: cfunction$002B8BC8 'Audio_SetAmbientCombatLevel' [h=9480F9EC,$009FDE80]
  [Node$01A30DC4] 'Camera_Reset' [h=7F8A75ED,$009809A0]: cfunction$002A7280 'Camera_Reset' [h=7F8A75ED,$009809A0]
  [Node$01A30DD8] 'hCommand' [h=6C9B8F71,$009A4A80]: TObject(4.0)
  [Node$01A30DEC] 'InsertionArrived' [h=057589D1,$00A0E4C0]: function$00982500[1] 'InsertionArrived' [h=057589D1,$00A0E4C0]
    CONST$00BC3500 k0  'Insertion_Debug' [h=2960F285,$0097FBE0]
    CONST$00BC3508 k1  'InsertionArrived: ....' [h=E46BD2BA,$00A25E00]
    CONST$00BC3510 k2  'hCommand' [h=6C9B8F71,$009A4A80]
    CONST$00BC3518 k3  'Ai_Command' [h=F55C71A7,$009A9EE0]
    CONST$00BC3520 k4  'InsertionVehicle' [h=BF1C0BFB,$00A3ACC0]
    CONST$00BC3528 k5  'Land' [h=0071626A,$00990580]
    CONST$00BC3530 k6  'touchdown' [h=35B22E15,$009886C0]
    CONST$00BC3538 k7  'land_location' [h=39251684,$009888C0]
    CONST$00BC3540 k8  'orient' [h=92140050,$00992DA0]
    CONST$00BC3548 k9  'hiPri' [h=11C2D9E2,$00977D00]
    CONST$00BC3550 k10 'Event_AiCommandStatus' [h=A9E3357D,$009D1D80]
    CONST$00BC3558 k11 'InsertionLanded' [h=6B1BDD23,$0098B8C0]
    CONST$00BC3560 k12 'b' [h=00000083,$00983380]
    CONST$00BC3568 k13 TObject(3.0)
    CONST$00BC3570 k14 'Camera_ScriptPlayAnimation' [h=4697E538,$00A01B80]
    CONST$00BC3578 k15 'landing_shot_anim' [h=EFE0E002,$009F7440]
    CONST$00BC3580 k16 'callback_arrived' [h=1BB5C3A3,$00A0E7C0]
     CODE$00BB8340
      000 00000005 GETGLOBAL r0 := _G[k0 ('Insertion_Debug' [h=2960F285,$0097FBE0])]
      001 01000041     LOADK r1 := k1 ('InsertionArrived: ....' [h=E46BD2BA,$00A25E00])
      002 00010059      CALL r0 (1 args) => 0 results
      003 000000C5 GETGLOBAL r0 := _G[k3 ('Ai_Command' [h=F55C71A7,$009A9EE0])]
      004 01000101     LOADK r1 := k4 ('InsertionVehicle' [h=BF1C0BFB,$00A3ACC0])
      005 02000141     LOADK r2 := k5 ('Land' [h=0071626A,$00990580])
      006 03000181     LOADK r3 := k6 ('touchdown' [h=35B22E15,$009886C0])
      007 04000004  GETUPVAL r4 := u0
      008 04024046  GETTABLE r4 := r4[k7 ('land_location' [h=39251684,$009888C0])]
      009 05000201     LOADK r5 := k8 ('orient' [h=92140050,$00992DA0])
      010 06000241     LOADK r6 := k9 ('hiPri' [h=11C2D9E2,$00977D00])
      011 00038099      CALL r0 (6 args) => 1 results
      012 00000087 SETGLOBAL r0 ->> _G[k2 ('hCommand' [h=6C9B8F71,$009A4A80])]
      013 00000285 GETGLOBAL r0 := _G[k10 ('Event_AiCommandStatus' [h=A9E3357D,$009D1D80])]
      014 010002C1     LOADK r1 := k11 ('InsertionLanded' [h=6B1BDD23,$0098B8C0])
      015 02000301     LOADK r2 := k12 ('b' [h=00000083,$00983380])
      016 03000101     LOADK r3 := k4 ('InsertionVehicle' [h=BF1C0BFB,$00A3ACC0])
      017 04000085 GETGLOBAL r4 := _G[k2 ('hCommand' [h=6C9B8F71,$009A4A80])]
      018 05000341     LOADK r5 := k13 (TObject(3.0))
      019 00030059      CALL r0 (5 args) => 0 results
      020 00000385 GETGLOBAL r0 := _G[k14 ('Camera_ScriptPlayAnimation' [h=4697E538,$00A01B80])]
      021 01000004  GETUPVAL r1 := u0
      022 0100C246  GETTABLE r1 := r1[k15 ('landing_shot_anim' [h=EFE0E002,$009F7440])]
      023 02000004  GETUPVAL r2 := u0
      024 02014046  GETTABLE r2 := r2[k7 ('land_location' [h=39251684,$009888C0])]
      025 00018059      CALL r0 (2 args) => 0 results
      026 00000004  GETUPVAL r0 := u0
      027 00004286  GETTABLE r0 := r0[k16 ('callback_arrived' [h=1BB5C3A3,$00A0E7C0])]
      028 00000018      TEST not r0 : r0 := r0
      029 00800094       JMP +3 ; 33
      030 00000004  GETUPVAL r0 := u0
      031 00004286  GETTABLE r0 := r0[k16 ('callback_arrived' [h=1BB5C3A3,$00A0E7C0])]
      032 00008059      CALL r0 (0 args) => 0 results
      033 0000801B    RETURN
  [Node$01A30E00] 'vehicleActor' [h=76961E35,$00993460]: userdata$009AC020[size=4,mt=table$009C4140[a=0,h=8]]
  [Node$01A30E14] 'Audio_PlayVoiceoverCB' [h=56573DF1,$00A16480]: cfunction$002B79B8 'Audio_PlayVoiceoverCB' [h=56573DF1,$00A16480]
  [Node$01A30E28] 'jeff_setupElevator' [h=24C5B5F2,$009FFD40]: function$009C3440 'jeff_setupElevator' [h=24C5B5F2,$009FFD40]
    CONST$00B1A840 k0  'jeff_elevatorExists' [h=D6713387,$00A16840]
    CONST$00B1A848 k1  'Actor_EnableScriptedUse' [h=2140441B,$00A37B40]
    CONST$00B1A850 k2  'mafia_fakeExit' [h=C9D228DC,$009A3CC0]
    CONST$00B1A858 k3  'TRUE' [h=0067B195,$0097E680]
    CONST$00B1A860 k4  'actions.enter' [h=98183A6E,$00988200]
    CONST$00B1A868 k5  'FALSE' [h=0E4B730F,$009A6040]
    CONST$00B1A870 k6  TObject(3.4000000953674316)
    CONST$00B1A878 k7  'mafia_fakeEntrance' [h=A3626E69,$009D14C0]
    CONST$00B1A880 k8  TObject(4.199999809265137)
    CONST$00B1A888 k9  'jeff_setupElevatorEvents' [h=406EFCDE,$00A07480]
     CODE$00A82240
      000 00000005 GETGLOBAL r0 := _G[k0 ('jeff_elevatorExists' [h=D6713387,$00A16840])]
      001 00008099      CALL r0 (0 args) => 1 results
      002 00000058      TEST r0 : r0 := r0
      003 00800014       JMP +1 ; 5
      004 0000801B    RETURN
      005 00000045 GETGLOBAL r0 := _G[k1 ('Actor_EnableScriptedUse' [h=2140441B,$00A37B40])]
      006 01000081     LOADK r1 := k2 ('mafia_fakeExit' [h=C9D228DC,$009A3CC0])
      007 020000C5 GETGLOBAL r2 := _G[k3 ('TRUE' [h=0067B195,$0097E680])]
      008 03000101     LOADK r3 := k4 ('actions.enter' [h=98183A6E,$00988200])
      009 04000145 GETGLOBAL r4 := _G[k5 ('FALSE' [h=0E4B730F,$009A6040])]
      010 05000181     LOADK r5 := k6 (TObject(3.4000000953674316))
      011 00030059      CALL r0 (5 args) => 0 results
      012 00000045 GETGLOBAL r0 := _G[k1 ('Actor_EnableScriptedUse' [h=2140441B,$00A37B40])]
      013 010001C1     LOADK r1 := k7 ('mafia_fakeEntrance' [h=A3626E69,$009D14C0])
      014 020000C5 GETGLOBAL r2 := _G[k3 ('TRUE' [h=0067B195,$0097E680])]
      015 03000101     LOADK r3 := k4 ('actions.enter' [h=98183A6E,$00988200])
      016 04000145 GETGLOBAL r4 := _G[k5 ('FALSE' [h=0E4B730F,$009A6040])]
      017 05000201     LOADK r5 := k8 (TObject(4.199999809265137))
      018 00030059      CALL r0 (5 args) => 0 results
      019 00000245 GETGLOBAL r0 := _G[k9 ('jeff_setupElevatorEvents' [h=406EFCDE,$00A07480])]
      020 00008059      CALL r0 (0 args) => 0 results
      021 0000801B    RETURN
  [Node$01A30E3C] 'Tooltip_AddNag' [h=B17F85F3,$009C6F60]: function$009A09E0[1] 'Tooltip_AddNag' [h=B17F85F3,$009C6F60]
    CONST$00B2DA40 k0  'nDisplayDuration' [h=7445B995,$00A096C0]
    CONST$00B2DA48 k1  TObject(5.0)
    CONST$00B2DA50 k2  'nNagInterval' [h=4F690280,$009A0FC0]
    CONST$00B2DA58 k3  'Tooltip_Debug' [h=7F31FC17,$00997060]
    CONST$00B2DA60 k4  'Tooltip_AddNag: ' [h=602C8C05,$00A2AB80]
    CONST$00B2DA68 k5  'tostring' [h=787EB105,$009A9A40]
    CONST$00B2DA70 k6  'sMessage' [h=5806A233,$0099A700]
    CONST$00B2DA78 k7  ', ' [h=00000CE6,$009A70C0]
    CONST$00B2DA80 k8  'bRecurring' [h=D1080901,$00997C00]
    CONST$00B2DA88 k9  'Tooltip_ShowNag' [h=557D2FF1,$009A24E0]
     CODE$00BA0F40
      000 00000008  SETUPVAL r0 ->> UV[0]
      001 01000004  GETUPVAL r1 := u0
      002 02000004  GETUPVAL r2 := u0
      003 02013E86  GETTABLE r2 := r2[k0 ('nDisplayDuration' [h=7445B995,$00A096C0])]
      004 02010058      TEST r2 : r2 := r2
      005 00800014       JMP +1 ; 7
      006 02000041     LOADK r2 := k1 (TObject(5.0))
      007 017D0089  SETTABLE r2 ->> r1[k0 ('nDisplayDuration' [h=7445B995,$00A096C0])]
      008 01000004  GETUPVAL r1 := u0
      009 02000004  GETUPVAL r2 := u0
      010 02013F06  GETTABLE r2 := r2[k2 ('nNagInterval' [h=4F690280,$009A0FC0])]
      011 02010058      TEST r2 : r2 := r2
      012 00800014       JMP +1 ; 14
      013 02000041     LOADK r2 := k1 (TObject(5.0))
      014 017E0089  SETTABLE r2 ->> r1[k2 ('nNagInterval' [h=4F690280,$009A0FC0])]
      015 010000C5 GETGLOBAL r1 := _G[k3 ('Tooltip_Debug' [h=7F31FC17,$00997060])]
      016 02000101     LOADK r2 := k4 ('Tooltip_AddNag: ' [h=602C8C05,$00A2AB80])
      017 03000145 GETGLOBAL r3 := _G[k5 ('tostring' [h=787EB105,$009A9A40])]
      018 04000004  GETUPVAL r4 := u0
      019 04024006  GETTABLE r4 := r4[k6 ('sMessage' [h=5806A233,$0099A700])]
      020 03010099      CALL r3 (1 args) => 1 results
      021 040001C1     LOADK r4 := k7 (', ' [h=00000CE6,$009A70C0])
      022 05000145 GETGLOBAL r5 := _G[k5 ('tostring' [h=787EB105,$009A9A40])]
      023 06000004  GETUPVAL r6 := u0
      024 06033E86  GETTABLE r6 := r6[k0 ('nDisplayDuration' [h=7445B995,$00A096C0])]
      025 05010099      CALL r5 (1 args) => 1 results
      026 060001C1     LOADK r6 := k7 (', ' [h=00000CE6,$009A70C0])
      027 07000145 GETGLOBAL r7 := _G[k5 ('tostring' [h=787EB105,$009A9A40])]
      028 08000004  GETUPVAL r8 := u0
      029 08043F06  GETTABLE r8 := r8[k2 ('nNagInterval' [h=4F690280,$009A0FC0])]
      030 07010099      CALL r7 (1 args) => 1 results
      031 080001C1     LOADK r8 := k7 (', ' [h=00000CE6,$009A70C0])
      032 09000145 GETGLOBAL r9 := _G[k5 ('tostring' [h=787EB105,$009A9A40])]
      033 0A000004  GETUPVAL r10 := u0
      034 0A054086  GETTABLE r10 := r10[k8 ('bRecurring' [h=D1080901,$00997C00])]
      035 09010099      CALL r9 (1 args) => 1 results
      036 02010253    CONCAT r2 := r2 ... r9
      037 01010059      CALL r1 (1 args) => 0 results
      038 01000245 GETGLOBAL r1 := _G[k9 ('Tooltip_ShowNag' [h=557D2FF1,$009A24E0])]
      039 01008059      CALL r1 (0 args) => 0 results
      040 0000801B    RETURN
  [Node$01A30E50] 'mission_InitialNotifications2' [h=73B75DF4,$009F8F80]: function$0099FCE0 'mission_InitialNotifications2' [h=73B75DF4,$009F8F80]
    CONST$00995BE0 k0  'Mail_Post' [h=CC9FDE1E,$0098B3A0]
    CONST$00995BE8 k1  'sInitialMail' [h=F588F94B,$009A8900]
    CONST$00995BF0 k2  'mission_SpecialMissionStartActions' [h=8CE80905,$00A39E40]
    CONST$00995BF8 k3  'post_InitialNotifications' [h=7E4B3DB4,$009E5440]
     CODE$00A37680
      000 00000005 GETGLOBAL r0 := _G[k0 ('Mail_Post' [h=CC9FDE1E,$0098B3A0])]
      001 01000045 GETGLOBAL r1 := _G[k1 ('sInitialMail' [h=F588F94B,$009A8900])]
      002 00010059      CALL r0 (1 args) => 0 results
      003 00000085 GETGLOBAL r0 := _G[k2 ('mission_SpecialMissionStartActions' [h=8CE80905,$00A39E40])]
      004 00008059      CALL r0 (0 args) => 0 results
      005 000000C5 GETGLOBAL r0 := _G[k3 ('post_InitialNotifications' [h=7E4B3DB4,$009E5440])]
      006 00000018      TEST not r0 : r0 := r0
      007 00800054       JMP +2 ; 10
      008 000000C5 GETGLOBAL r0 := _G[k3 ('post_InitialNotifications' [h=7E4B3DB4,$009E5440])]
      009 00008059      CALL r0 (0 args) => 0 results
      010 0000801B    RETURN
  [Node$01A30E64] 'RailInsertion' [h=22EBA5F5,$0097D640]: function$00978160 'RailInsertion' [h=22EBA5F5,$0097D640]
    CONST$00C87F00 k0  'Insertion_Debug' [h=2960F285,$0097FBE0]
    CONST$00C87F08 k1  'RailInsertion: ....' [h=70AEAA9A,$009DC7C0]
    CONST$00C87F10 k2  'Actor_GetPosition' [h=F7E6F403,$009E29C0]
    CONST$00C87F18 k3  'start_location' [h=7ACABAEE,$00998B80]
    CONST$00C87F20 k4  'vehicleActor' [h=76961E35,$00993460]
    CONST$00C87F28 k5  'Mission_Spawn' [h=59A02AE9,$009AC240]
    CONST$00C87F30 k6  'vehicle_template' [h=03EAB65F,$00A15B80]
    CONST$00C87F38 k7  'InsertionVehicle' [h=BF1C0BFB,$00A3ACC0]
    CONST$00C87F40 k8  TObject(0.0)
    CONST$00C87F48 k9  'Actor_AttachToLocation' [h=9F19B8E3,$009E4A00]
    CONST$00C87F50 k10 'Utility_SetSporeAllowHibernation' [h=F43F80BD,$009E2900]
    CONST$00C87F58 k11 'ActorVehicle_ReceiveRider' [h=A15FE812,$00A0C080]
    CONST$00C87F60 k12 'player0' [h=316752BF,$009A56E0]
    CONST$00C87F68 k13 'vehicle_seat' [h=EC8FB826,$00995B20]
    CONST$00C87F70 k14 'hCommand' [h=6C9B8F71,$009A4A80]
    CONST$00C87F78 k15 'Ai_Command' [h=F55C71A7,$009A9EE0]
    CONST$00C87F80 k16 'PathMove' [h=F35F139F,$0098C0A0]
    CONST$00C87F88 k17 'vehicle_entrance_path' [h=2B4E1233,$00A38580]
    CONST$00C87F90 k18 'vehicle_speed' [h=C938D3B2,$009C3460]
    CONST$00C87F98 k19 'hiPri' [h=11C2D9E2,$00977D00]
    CONST$00C87FA0 k20 'Event_AiCommandStatus' [h=A9E3357D,$009D1D80]
    CONST$00C87FA8 k21 'InsertionArrived' [h=057589D1,$00A0E4C0]
    CONST$00C87FB0 k22 'b' [h=00000083,$00983380]
    CONST$00C87FB8 k23 TObject(3.0)
    CONST$00C87FC0 k24 'Player_DisableControl' [h=8EBE948F,$00A06A00]
    CONST$00C87FC8 k25 'Event_RelativeTimer' [h=AD23F6E2,$009F7840]
    CONST$00C87FD0 k26 'InsertionDoneEstablishingShot' [h=1C0220C3,$009ED240]
    CONST$00C87FD8 k27 'establishing_shot_time' [h=F006C8D5,$00A12F40]
    CONST$00C87FE0 k28 'Camera_SetMode' [h=5AC27046,$009A5500]
    CONST$00C87FE8 k29 'RS_SCRIPT_VIEW' [h=3D0E0691,$00978340]
    CONST$00C87FF0 k30 'Camera_ScriptPlayAnimation' [h=4697E538,$00A01B80]
    CONST$00C87FF8 k31 'establishing_shot_anim' [h=E75958F4,$00A337C0]
    CONST$00C88000 k32 'InsertionLanded' [h=6B1BDD23,$0098B8C0]
    CONST$00C88008 k33 'InsertionTakeoff' [h=5AB566FF,$009F5100]
    CONST$00C88010 k34 'InsertionDoneTakeoffShot' [h=3CD7784E,$009EED00]
    CONST$00C88018 k35 'InsertionTakeoffComplete' [h=49D1F41B,$009FB5C0]
    CONST$00C88020 k36 'InsertionHeliOutOfRange' [h=6A9BFD0C,$00A2A7C0]
     CODE$00C797C0
      000 02000005 GETGLOBAL r2 := _G[k0 ('Insertion_Debug' [h=2960F285,$0097FBE0])]
      001 03000041     LOADK r3 := k1 ('RailInsertion: ....' [h=70AEAA9A,$009DC7C0])
      002 02010059      CALL r2 (1 args) => 0 results
      003 02000085 GETGLOBAL r2 := _G[k2 ('Actor_GetPosition' [h=F7E6F403,$009E29C0])]
      004 03003F46  GETTABLE r3 := r0[k3 ('start_location' [h=7ACABAEE,$00998B80])]
      005 02010119      CALL r2 (1 args) => 3 results
      006 05000145 GETGLOBAL r5 := _G[k5 ('Mission_Spawn' [h=59A02AE9,$009AC240])]
      007 06004006  GETTABLE r6 := r0[k6 ('vehicle_template' [h=03EAB65F,$00A15B80])]
      008 070001C1     LOADK r7 := k7 ('InsertionVehicle' [h=BF1C0BFB,$00A3ACC0])
      009 08010000      MOVE r8 := r2
      010 09018000      MOVE r9 := r3
      011 0A020000      MOVE r10 := r4
      012 0B000201     LOADK r11 := k8 (TObject(0.0))
      013 05038099      CALL r5 (6 args) => 1 results
      014 05000107 SETGLOBAL r5 ->> _G[k4 ('vehicleActor' [h=76961E35,$00993460])]
      015 05000245 GETGLOBAL r5 := _G[k9 ('Actor_AttachToLocation' [h=9F19B8E3,$009E4A00])]
      016 06000105 GETGLOBAL r6 := _G[k4 ('vehicleActor' [h=76961E35,$00993460])]
      017 07003F46  GETTABLE r7 := r0[k3 ('start_location' [h=7ACABAEE,$00998B80])]
      018 05018059      CALL r5 (2 args) => 0 results
      019 05000285 GETGLOBAL r5 := _G[k10 ('Utility_SetSporeAllowHibernation' [h=F43F80BD,$009E2900])]
      020 06000105 GETGLOBAL r6 := _G[k4 ('vehicleActor' [h=76961E35,$00993460])]
      021 07000002  LOADBOOL r7 := False
      022 05018059      CALL r5 (2 args) => 0 results
      023 050002C5 GETGLOBAL r5 := _G[k11 ('ActorVehicle_ReceiveRider' [h=A15FE812,$00A0C080])]
      024 06000105 GETGLOBAL r6 := _G[k4 ('vehicleActor' [h=76961E35,$00993460])]
      025 07000301     LOADK r7 := k12 ('player0' [h=316752BF,$009A56E0])
      026 080041C6  GETTABLE r8 := r0[k13 ('vehicle_seat' [h=EC8FB826,$00995B20])]
      027 05020059      CALL r5 (3 args) => 0 results
      028 050003C5 GETGLOBAL r5 := _G[k15 ('Ai_Command' [h=F55C71A7,$009A9EE0])]
      029 060001C1     LOADK r6 := k7 ('InsertionVehicle' [h=BF1C0BFB,$00A3ACC0])
      030 07000401     LOADK r7 := k16 ('PathMove' [h=F35F139F,$0098C0A0])
      031 080042C6  GETTABLE r8 := r0[k17 ('vehicle_entrance_path' [h=2B4E1233,$00A38580])]
      032 09004306  GETTABLE r9 := r0[k18 ('vehicle_speed' [h=C938D3B2,$009C3460])]
      033 0A0004C1     LOADK r10 := k19 ('hiPri' [h=11C2D9E2,$00977D00])
      034 05030099      CALL r5 (5 args) => 1 results
      035 05000387 SETGLOBAL r5 ->> _G[k14 ('hCommand' [h=6C9B8F71,$009A4A80])]
      036 05000505 GETGLOBAL r5 := _G[k20 ('Event_AiCommandStatus' [h=A9E3357D,$009D1D80])]
      037 06000541     LOADK r6 := k21 ('InsertionArrived' [h=057589D1,$00A0E4C0])
      038 07000581     LOADK r7 := k22 ('b' [h=00000083,$00983380])
      039 080001C1     LOADK r8 := k7 ('InsertionVehicle' [h=BF1C0BFB,$00A3ACC0])
      040 09000385 GETGLOBAL r9 := _G[k14 ('hCommand' [h=6C9B8F71,$009A4A80])]
      041 0A0005C1     LOADK r10 := k23 (TObject(3.0))
      042 05030059      CALL r5 (5 args) => 0 results
      043 05000605 GETGLOBAL r5 := _G[k24 ('Player_DisableControl' [h=8EBE948F,$00A06A00])]
      044 05008099      CALL r5 (0 args) => 1 results
      045 06000645 GETGLOBAL r6 := _G[k25 ('Event_RelativeTimer' [h=AD23F6E2,$009F7840])]
      046 07000681     LOADK r7 := k26 ('InsertionDoneEstablishingShot' [h=1C0220C3,$009ED240])
      047 08000581     LOADK r8 := k22 ('b' [h=00000083,$00983380])
      048 09004546  GETTABLE r9 := r0[k27 ('establishing_shot_time' [h=F006C8D5,$00A12F40])]
      049 06020059      CALL r6 (3 args) => 0 results
      050 06000705 GETGLOBAL r6 := _G[k28 ('Camera_SetMode' [h=5AC27046,$009A5500])]
      051 07000741     LOADK r7 := k29 ('RS_SCRIPT_VIEW' [h=3D0E0691,$00978340])
      052 06010059      CALL r6 (1 args) => 0 results
      053 06000785 GETGLOBAL r6 := _G[k30 ('Camera_ScriptPlayAnimation' [h=4697E538,$00A01B80])]
      054 07004646  GETTABLE r7 := r0[k31 ('establishing_shot_anim' [h=E75958F4,$00A337C0])]
      055 08000105 GETGLOBAL r8 := _G[k4 ('vehicleActor' [h=76961E35,$00993460])]
      056 06018059      CALL r6 (2 args) => 0 results
      057 06000022   CLOSURE r6 := closure(0, r6...)
      058 00028000      MOVE r0 := r5
      059 06000687 SETGLOBAL r6 ->> _G[k26 ('InsertionDoneEstablishingShot' [h=1C0220C3,$009ED240])]
      060 06000062   CLOSURE r6 := closure(1, r6...)
      061 00000000      MOVE r0 := r0
      062 06000547 SETGLOBAL r6 ->> _G[k21 ('InsertionArrived' [h=057589D1,$00A0E4C0])]
      063 060000A2   CLOSURE r6 := closure(2, r6...)
      064 00000000      MOVE r0 := r0
      065 06000807 SETGLOBAL r6 ->> _G[k32 ('InsertionLanded' [h=6B1BDD23,$0098B8C0])]
      066 060000E2   CLOSURE r6 := closure(3, r6...)
      067 00028000      MOVE r0 := r5
      068 00000000      MOVE r0 := r0
      069 06000847 SETGLOBAL r6 ->> _G[k33 ('InsertionTakeoff' [h=5AB566FF,$009F5100])]
      070 06000122   CLOSURE r6 := closure(4, r6...)
      071 00028000      MOVE r0 := r5
      072 06000887 SETGLOBAL r6 ->> _G[k34 ('InsertionDoneTakeoffShot' [h=3CD7784E,$009EED00])]
      073 06000162   CLOSURE r6 := closure(5, r6...)
      074 00000000      MOVE r0 := r0
      075 060008C7 SETGLOBAL r6 ->> _G[k35 ('InsertionTakeoffComplete' [h=49D1F41B,$009FB5C0])]
      076 060001A2   CLOSURE r6 := closure(6, r6...)
      077 06000907 SETGLOBAL r6 ->> _G[k36 ('InsertionHeliOutOfRange' [h=6A9BFD0C,$00A2A7C0])]
      078 0000801B    RETURN
  [Node$01A30E78] 'Ai_Unanchor' [h=B45BE5F6,$009ABC20]: cfunction$002F74D0 'Ai_Unanchor' [h=B45BE5F6,$009ABC20]
  [Node$01A30E8C] 'rawget' [h=7B5F69F7,$0097A740]: cfunction$003B8628 'rawget' [h=7B5F69F7,$0097A740]
  [Node$01A30EA0] 'jeff_hAlliesMood' [h=9886F1A2,$009D5200]: TObject(3690.0)
  [Node$01A30EB4] 'jeff_playNiceWheelsBanter' [h=CCCACDF9,$009EF140]: function$009C8300 'jeff_playNiceWheelsBanter' [h=CCCACDF9,$009EF140]
    CONST$00BF7640 k0  'Utility_LoadUtilityScript' [h=08CA6B86,$00A17300]
    CONST$00BF7648 k1  'util_banter' [h=664831FE,$009A7AE0]
    CONST$00BF7650 k2  'Utility_WriteNumberToScribbleMemory' [h=DCF55147,$00A29080]
    CONST$00BF7658 k3  'banter_NiceWheels' [h=EDD731E3,$00A25E80]
    CONST$00BF7660 k4  TObject(1.0)
    CONST$00BF7668 k5  'banter_Add' [h=DA90A011,$009C2E00]
    CONST$00BF7670 k6  'fio.xfio156' [h=34D67FCC,$0099B1A0]
    CONST$00BF7678 k7  'american' [h=F8031FC5,$00986A00]
    CONST$00BF7680 k8  'chr.xchr11' [h=080D4733,$0098B4C0]
    CONST$00BF7688 k9  'british' [h=51127038,$00984700]
    CONST$00BF7690 k10 'jen.xjen12' [h=350ED732,$00989AC0]
    CONST$00BF7698 k11 'swedish' [h=516A9264,$0099BB80]
    CONST$00BF76A0 k12 'mat.xmat14' [h=62F3DEB8,$009A0A00]
    CONST$00BF76A8 k13 'fio.xfio157' [h=2F262A3B,$0099C520]
    CONST$00BF76B0 k14 'chr.xchr12' [h=9689D752,$00982BC0]
    CONST$00BF76B8 k15 'jen.xjen13' [h=AF322436,$009837E0]
    CONST$00BF76C0 k16 'mat.xmat15' [h=C9B45144,$0097C0A0]
     CODE$00A87740
      000 00000005 GETGLOBAL r0 := _G[k0 ('Utility_LoadUtilityScript' [h=08CA6B86,$00A17300])]
      001 01000041     LOADK r1 := k1 ('util_banter' [h=664831FE,$009A7AE0])
      002 00010059      CALL r0 (1 args) => 0 results
      003 00000085 GETGLOBAL r0 := _G[k2 ('Utility_WriteNumberToScribbleMemory' [h=DCF55147,$00A29080])]
      004 010000C1     LOADK r1 := k3 ('banter_NiceWheels' [h=EDD731E3,$00A25E80])
      005 02000101     LOADK r2 := k4 (TObject(1.0))
      006 00018059      CALL r0 (2 args) => 0 results
      007 00000145 GETGLOBAL r0 := _G[k5 ('banter_Add' [h=DA90A011,$009C2E00])]
      008 0102000A  NEWTABLE r1 := {} (#a=4, #h=0)
      009 02000181     LOADK r2 := k6 ('fio.xfio156' [h=34D67FCC,$0099B1A0])
      010 0300008A  NEWTABLE r3 := {} (#a=0, #h=2)
      011 0380C089  SETTABLE k8 ('chr.xchr11' [h=080D4733,$0098B4C0]) ->> r3[k7 ('american' [h=F8031FC5,$00986A00])]
      012 0381C109  SETTABLE k10 ('jen.xjen12' [h=350ED732,$00989AC0]) ->> r3[k9 ('british' [h=51127038,$00984700])]
      013 0382C189  SETTABLE k12 ('mat.xmat14' [h=62F3DEB8,$009A0A00]) ->> r3[k11 ('swedish' [h=516A9264,$0099BB80])]
      014 04000341     LOADK r4 := k13 ('fio.xfio157' [h=2F262A3B,$0099C520])
      015 0500008A  NEWTABLE r5 := {} (#a=0, #h=2)
      016 0580C209  SETTABLE k14 ('chr.xchr12' [h=9689D752,$00982BC0]) ->> r5[k7 ('american' [h=F8031FC5,$00986A00])]
      017 0581C249  SETTABLE k15 ('jen.xjen13' [h=AF322436,$009837E0]) ->> r5[k9 ('british' [h=51127038,$00984700])]
      018 0582C289  SETTABLE k16 ('mat.xmat15' [h=C9B45144,$0097C0A0]) ->> r5[k11 ('swedish' [h=516A9264,$0099BB80])]
      019 010000DF   SETLIST r1 [3]
      020 00010059      CALL r0 (1 args) => 0 results
      021 0000801B    RETURN
  [Node$01A30EC8] 'jeff_hChinaMood' [h=6188C7A9,$009C3300]: TObject(3689.0)
  [Node$01A30EDC] 'dofile' [h=4DCE0DFB,$00979180]: cfunction$003B8A40 'dofile' [h=4DCE0DFB,$00979180]
  [Node$01A30EF0] 'gameflow_Bridge_Setup' [h=FDB319FC,$009D9040]: function$0097B8C0 'gameflow_Bridge_Setup' [h=FDB319FC,$009D9040]
    CONST$00A9A040 k0  'util_PrintDebugMsg' [h=A2961C17,$00A25100]
    CONST$00A9A048 k1  '[gameflow.lua] Bridge Setup: ' [h=D3CC8890,$00A16500]
    CONST$00A9A050 k2  '\n' [h=0000002B,$009AB680]
    CONST$00A9A058 k3  'type' [h=0070EF71,$009875A0]
    CONST$00A9A060 k4  'table' [h=10F2114B,$0098D780]
    CONST$00A9A068 k5  'ipairs' [h=B6F4A157,$0098FC00]
    CONST$00A9A070 k6  'Traffic_SetPathEnabled' [h=63FBA958,$009E1580]
    CONST$00A9A078 k7  'Event_ActorHitPointsLessThan' [h=A14D40BC,$009E1F00]
    CONST$00A9A080 k8  'b' [h=00000083,$00983380]
    CONST$00A9A088 k9  TObject(1.0)
     CODE$00BBA500
      000 03000005 GETGLOBAL r3 := _G[k0 ('util_PrintDebugMsg' [h=A2961C17,$00A25100])]
      001 04000041     LOADK r4 := k1 ('[gameflow.lua] Bridge Setup: ' [h=D3CC8890,$00A16500])
      002 05000000      MOVE r5 := r0
      003 06000081     LOADK r6 := k2 ('\n' [h=0000002B,$009AB680])
      004 04020193    CONCAT r4 := r4 ... r6
      005 03010059      CALL r3 (1 args) => 0 results
      006 030000C5 GETGLOBAL r3 := _G[k3 ('type' [h=0070EF71,$009875A0])]
      007 04010000      MOVE r4 := r2
      008 03010099      CALL r3 (1 args) => 1 results
      009 0001BF95        EQ r3 != k4 ('table' [h=10F2114B,$0098D780])
      010 00800254       JMP +10 ; 21
      011 03000145 GETGLOBAL r3 := _G[k5 ('ipairs' [h=B6F4A157,$0098FC00])]
      012 04010000      MOVE r4 := r2
      013 03010159      CALL r3 (1 args) => 4 results
      014 038000DE  TFORPREP WIP
      015 07000185 GETGLOBAL r7 := _G[k6 ('Traffic_SetPathEnabled' [h=63FBA958,$009E1580])]
      016 08030000      MOVE r8 := r6
      017 09000002  LOADBOOL r9 := False
      018 07018059      CALL r7 (2 args) => 0 results
      019 0300005D  TFORLOOP WIP
      020 007FFE54       JMP -6 ; 15
      021 03000145 GETGLOBAL r3 := _G[k5 ('ipairs' [h=B6F4A157,$0098FC00])]
      022 04008000      MOVE r4 := r1
      023 03010159      CALL r3 (1 args) => 4 results
      024 0380015E  TFORPREP WIP
      025 070001C5 GETGLOBAL r7 := _G[k7 ('Event_ActorHitPointsLessThan' [h=A14D40BC,$009E1F00])]
      026 08000000      MOVE r8 := r0
      027 09000201     LOADK r9 := k8 ('b' [h=00000083,$00983380])
      028 0A030000      MOVE r10 := r6
      029 0B000241     LOADK r11 := k9 (TObject(1.0))
      030 07028059      CALL r7 (4 args) => 0 results
      031 0300005D  TFORLOOP WIP
      032 007FFDD4       JMP -8 ; 25
      033 0000801B    RETURN
  [Node$01A30F04] 'jeff_hMafiaMood' [h=AB979567,$009C0E60]: TObject(3687.0)
  [Node$01A30F18] 'Audio_IsFionaDialogPlaying' [h=5472B5FE,$00A2CC80]: cfunction$002B9350 'Audio_IsFionaDialogPlaying' [h=5472B5FE,$00A2CC80]
  [Node$01A30F2C] 'jeff_hPlayerInVehicle' [h=EF229078,$00A06A40]: TObject(3799.0)
  [Node$01A30F40] 'Player_SpecialAttach' [h=49EB6E00,$009D9580]: cfunction$002C07E8 'Player_SpecialAttach' [h=49EB6E00,$009D9580]
  [Node$01A30F54] 'SongTowerDestroyed' [h=F509FC24,$00A21500]: function$0099C3E0[2] 'SongTowerDestroyed' [h=F509FC24,$00A21500]
  [Node$01A30F68] 'jeff_hHeroHealedEvent' [h=7397F395,$009FA8C0]: TObject(3828.0)
  [Node$01A30F7C] 'Tooltip_BulletTime' [h=C67F3E03,$00A24440]: function$00A030C0[3] 'Tooltip_BulletTime' [h=C67F3E03,$00A24440]
    CONST$00B2FF40 k0  TObject(0.09000000357627869)
    CONST$00B2FF48 k1  TObject(0.0)
    CONST$00B2FF50 k2  'Utility_SetTimeScale' [h=6D9AF2D5,$00A29D40]
    CONST$00B2FF58 k3  'Event_CancelEvent' [h=D8960070,$009D8C00]
    CONST$00B2FF60 k4  'eBulletTime' [h=DB717123,$009A7E80]
    CONST$00B2FF68 k5  'Event_RelativeTimer' [h=AD23F6E2,$009F7840]
    CONST$00B2FF70 k6  'Tooltip_BulletTime' [h=C67F3E03,$00A24440]
    CONST$00B2FF78 k7  'b' [h=00000083,$00983380]
    CONST$00B2FF80 k8  'iCinemaLength' [h=E743C015,$009887C0]
    CONST$00B2FF88 k9  TObject(10.0)
     CODE$00B300C0
      000 00000004  GETUPVAL r0 := u0
      001 00003E8D       SUB r0 := r0 - k0 (TObject(0.09000000357627869))
      002 00000008  SETUPVAL r0 ->> UV[0]
      003 00000004  GETUPVAL r0 := u0
      004 00003ED6        LT r0 >= k1 (TObject(0.0))
      005 00800054       JMP +2 ; 8
      006 00000041     LOADK r0 := k1 (TObject(0.0))
      007 00000008  SETUPVAL r0 ->> UV[0]
      008 00000085 GETGLOBAL r0 := _G[k2 ('Utility_SetTimeScale' [h=6D9AF2D5,$00A29D40])]
      009 01000004  GETUPVAL r1 := u0
      010 00010059      CALL r0 (1 args) => 0 results
      011 00000004  GETUPVAL r0 := u0
      012 007D8016        LT k1 (TObject(0.0)) >= r0
      013 008003D4       JMP +16 ; 30
      014 000000C5 GETGLOBAL r0 := _G[k3 ('Event_CancelEvent' [h=D8960070,$009D8C00])]
      015 01008004  GETUPVAL r1 := u1
      016 02010004  GETUPVAL r2 := u2
      017 01008086  GETTABLE r1 := r1[r2]
      018 0100BF86  GETTABLE r1 := r1[k4 ('eBulletTime' [h=DB717123,$009A7E80])]
      019 00010059      CALL r0 (1 args) => 0 results
      020 00008004  GETUPVAL r0 := u1
      021 01010004  GETUPVAL r1 := u2
      022 00000046  GETTABLE r0 := r0[r1]
      023 01000145 GETGLOBAL r1 := _G[k5 ('Event_RelativeTimer' [h=AD23F6E2,$009F7840])]
      024 02000181     LOADK r2 := k6 ('Tooltip_BulletTime' [h=C67F3E03,$00A24440])
      025 030001C1     LOADK r3 := k7 ('b' [h=00000083,$00983380])
      026 04000205 GETGLOBAL r4 := _G[k8 ('iCinemaLength' [h=E743C015,$009887C0])]
      027 040240CF       DIV r4 := r4 / k9 (TObject(10.0))
      028 01020099      CALL r1 (3 args) => 1 results
      029 007F0049  SETTABLE r1 ->> r0[k4 ('eBulletTime' [h=DB717123,$009A7E80])]
      030 0000801B    RETURN
  [Node$01A30F90] 'jeff_iBanterVehicleDamage' [h=2654751A,$009E9500]: TObject(2.0)
  [Node$01A30FA4] 'Utility_SetNextLoadScreen' [h=A74FEE05,$00A30BC0]: cfunction$002C3588 'Utility_SetNextLoadScreen' [h=A74FEE05,$00A30BC0]
  [Node$01A30FB8] 'mission_AwardContractFee' [h=760F6BB9,$00A2C380]: function$0099CBC0 'mission_AwardContractFee' [h=760F6BB9,$00A2C380]
    CONST$00AC81C0 k0  'Utility_ReadMissionData' [h=42A7BBD0,$00A29880]
    CONST$00AC81C8 k1  'iMissionBounty' [h=4700E7BE,$0099BBC0]
    CONST$00AC81D0 k2  'fContractFee' [h=05CA2323,$009A0080]
    CONST$00AC81D8 k3  'iMissionBonus' [h=31330A13,$00997000]
    CONST$00AC81E0 k4  'fBonusFee' [h=21AE932F,$009A40E0]
    CONST$00AC81E8 k5  'type' [h=0070EF71,$009875A0]
    CONST$00AC81F0 k6  'number' [h=77DB8760,$0099E3A0]
    CONST$00AC81F8 k7  TObject(0.0)
    CONST$00AC8200 k8  'Player_AdjustMoney' [h=9E5BA49A,$009F03C0]
    CONST$00AC8208 k9  'interface.economyevent.contractfee' [h=81075312,$009D1640]
    CONST$00AC8210 k10 'util_PrintDebugMsg' [h=A2961C17,$00A25100]
    CONST$00AC8218 k11 '[mission.lua] mission_MissionComplete: awarding bounty: $' [h=A774062D,$00AC55C0]
    CONST$00AC8220 k12 '\n' [h=0000002B,$009AB680]
    CONST$00AC8228 k13 'interface.economyevent.contractbonus' [h=AE4D9E14,$00A17B80]
     CODE$00B9F080
      000 00000005 GETGLOBAL r0 := _G[k0 ('Utility_ReadMissionData' [h=42A7BBD0,$00A29880])]
      001 00008099      CALL r0 (0 args) => 1 results
      002 01003F06  GETTABLE r1 := r0[k2 ('fContractFee' [h=05CA2323,$009A0080])]
      003 01000047 SETGLOBAL r1 ->> _G[k1 ('iMissionBounty' [h=4700E7BE,$0099BBC0])]
      004 01003F86  GETTABLE r1 := r0[k4 ('fBonusFee' [h=21AE932F,$009A40E0])]
      005 010000C7 SETGLOBAL r1 ->> _G[k3 ('iMissionBonus' [h=31330A13,$00997000])]
      006 01000145 GETGLOBAL r1 := _G[k5 ('type' [h=0070EF71,$009875A0])]
      007 02000045 GETGLOBAL r2 := _G[k1 ('iMissionBounty' [h=4700E7BE,$0099BBC0])]
      008 01010099      CALL r1 (1 args) => 1 results
      009 0000C015        EQ r1 != k6 ('number' [h=77DB8760,$0099E3A0])
      010 00800314       JMP +13 ; 24
      011 01000045 GETGLOBAL r1 := _G[k1 ('iMissionBounty' [h=4700E7BE,$0099BBC0])]
      012 00808056        LT k7 (TObject(0.0)) >= r1
      013 00800254       JMP +10 ; 24
      014 01000205 GETGLOBAL r1 := _G[k8 ('Player_AdjustMoney' [h=9E5BA49A,$009F03C0])]
      015 02000045 GETGLOBAL r2 := _G[k1 ('iMissionBounty' [h=4700E7BE,$0099BBC0])]
      016 03000241     LOADK r3 := k9 ('interface.economyevent.contractfee' [h=81075312,$009D1640])
      017 01018059      CALL r1 (2 args) => 0 results
      018 01000285 GETGLOBAL r1 := _G[k10 ('util_PrintDebugMsg' [h=A2961C17,$00A25100])]
      019 020002C1     LOADK r2 := k11 ('[mission.lua] mission_MissionComplete: awarding bounty: $' [h=A774062D,$00AC55C0])
      020 03000045 GETGLOBAL r3 := _G[k1 ('iMissionBounty' [h=4700E7BE,$0099BBC0])]
      021 04000301     LOADK r4 := k12 ('\n' [h=0000002B,$009AB680])
      022 02010113    CONCAT r2 := r2 ... r4
      023 01010059      CALL r1 (1 args) => 0 results
      024 01000145 GETGLOBAL r1 := _G[k5 ('type' [h=0070EF71,$009875A0])]
      025 020000C5 GETGLOBAL r2 := _G[k3 ('iMissionBonus' [h=31330A13,$00997000])]
      026 01010099      CALL r1 (1 args) => 1 results
      027 0000C015        EQ r1 != k6 ('number' [h=77DB8760,$0099E3A0])
      028 00800194       JMP +7 ; 36
      029 010000C5 GETGLOBAL r1 := _G[k3 ('iMissionBonus' [h=31330A13,$00997000])]
      030 00808056        LT k7 (TObject(0.0)) >= r1
      031 008000D4       JMP +4 ; 36
      032 01000205 GETGLOBAL r1 := _G[k8 ('Player_AdjustMoney' [h=9E5BA49A,$009F03C0])]
      033 020000C5 GETGLOBAL r2 := _G[k3 ('iMissionBonus' [h=31330A13,$00997000])]
      034 03000341     LOADK r3 := k13 ('interface.economyevent.contractbonus' [h=AE4D9E14,$00A17B80])
      035 01018059      CALL r1 (2 args) => 0 results
      036 0000801B    RETURN
  [Node$01A30FCC] 'TargetActorNotFollowingHero' [h=52A6DA07,$009CB700]: function$0098B120 'TargetActorNotFollowingHero' [h=52A6DA07,$009CB700]
    CONST$00A20580 k0  'Utility_GetActorAsInt' [h=A2B359A3,$00A3EB80]
    CONST$00A20588 k1  'Actor_GetHitPoints' [h=CDCBFCF4,$009CFA40]
    CONST$00A20590 k2  'Utility_GetActor' [h=077E9779,$009FB8C0]
    CONST$00A20598 k3  TObject(1.0)
    CONST$00A205A0 k4  'util_PrintDebugMsg' [h=A2961C17,$00A25100]
    CONST$00A205A8 k5  '\n[OBJECTIVEDELIVER] TargetActorNotFollowingHero referencing a bad actor guid\n' [h=2006F0AF,$00AC9940]
    CONST$00A205B0 k6  'TargetActorFollowingHeroStatusChange' [h=FA953A32,$009CE640]
    CONST$00A205B8 k7  'FALSE' [h=0E4B730F,$009A6040]
     CODE$00ABB0C0
      000 01000005 GETGLOBAL r1 := _G[k0 ('Utility_GetActorAsInt' [h=A2B359A3,$00A3EB80])]
      001 02000000      MOVE r2 := r0
      002 01010099      CALL r1 (1 args) => 1 results
      003 01008018      TEST not r1 : r1 := r1
      004 00800194       JMP +7 ; 12
      005 01000045 GETGLOBAL r1 := _G[k1 ('Actor_GetHitPoints' [h=CDCBFCF4,$009CFA40])]
      006 02000085 GETGLOBAL r2 := _G[k2 ('Utility_GetActor' [h=077E9779,$009FB8C0])]
      007 03000000      MOVE r3 := r0
      008 02010019      CALL r2 (1 args) => -1 results
      009 01000099      CALL r1 (-1 args) => 1 results
      010 0000BF56        LT r1 >= k3 (TObject(1.0))
      011 008000D4       JMP +4 ; 16
      012 01000105 GETGLOBAL r1 := _G[k4 ('util_PrintDebugMsg' [h=A2961C17,$00A25100])]
      013 02000141     LOADK r2 := k5 ('\n[OBJECTIVEDELIVER] TargetActorNotFollowingHero referencing a bad actor guid\n' [h=2006F0AF,$00AC9940])
      014 01010059      CALL r1 (1 args) => 0 results
      015 0000801B    RETURN
      016 01000185 GETGLOBAL r1 := _G[k6 ('TargetActorFollowingHeroStatusChange' [h=FA953A32,$009CE640])]
      017 02000000      MOVE r2 := r0
      018 030001C5 GETGLOBAL r3 := _G[k7 ('FALSE' [h=0E4B730F,$009A6040])]
      019 01018059      CALL r1 (2 args) => 0 results
      020 0000801B    RETURN
  [Node$01A30FE0] 'Traffic_SetZoneUrgency' [h=8DC5A65A,$009E0E40]: cfunction$002A2140 'Traffic_SetZoneUrgency' [h=8DC5A65A,$009E0E40]
  [Node$01A30FF4] 'Cinematic_SignalStart' [h=42DDBAE2,$009F8AC0]: cfunction$002F7C68 'Cinematic_SignalStart' [h=42DDBAE2,$009F8AC0]
  [Node$01A31008] 'tMissionData' [h=442107A0,$0098B5A0]: table$0097BC00[a=0,h=32]
    [Node$00D8DBC0] 'PrimaryObjective2' [h=9C8AF380,$00A03D40]: ' ' [h=00000041,$0097FF20]
    [Node$00D8DBFC] 'PrimaryObjective3' [h=4CE773C3,$009F0500]: ' ' [h=00000041,$0097FF20]
    [Node$00D8DC38] 'SecondaryObjective0' [h=1D6CE9C6,$009D2CC0]: ' ' [h=00000041,$0097FF20]
    [Node$00D8DC60] 'SecondaryObjective3' [h=5D751608,$009ECFC0]: ' ' [h=00000041,$0097FF20]
    [Node$00D8DC88] 'SecondaryObjective1' [h=3E81DC4A,$009D7600]: ' ' [h=00000041,$0097FF20]
    [Node$00D8DC9C] 'PrimaryObjectiveBounty2' [h=686C074B,$00A11200]: TObject(0.0)
    [Node$00D8DCD8] 'PrimaryObjectiveBounty3' [h=B0E9C26E,$009CE300]: TObject(0.0)
    [Node$00D8DCEC] 'PrimaryObjectiveBounty1' [h=7ECAE44F,$00A00380]: TObject(0.0)
    [Node$00D8DD14] 'PrimaryObjective1' [h=5DBF86D1,$00A390C0]: ' ' [h=00000041,$0097FF20]
    [Node$00D8DD3C] 'SecondaryObjectiveBounty2' [h=EE31274B,$00A0D3C0]: TObject(0.0)
    [Node$00D8DD50] 'SecondaryObjectiveBounty3' [h=9D5BB034,$00A07A00]: TObject(0.0)
    [Node$00D8DD64] 'SecondaryObjective2' [h=33FC1D76,$009ECA40]: ' ' [h=00000041,$0097FF20]
    [Node$00D8DD78] 'sClientName' [h=CCFF3896,$00978AC0]: 'Colonel Samuel Garrett' [h=19BF4C32,$009F9100]
    [Node$00D8DD8C] 'SecondaryObjectiveBounty1' [h=4E333517,$00A28900]: TObject(0.0)
    [Node$00D8DDA0] 'SecondaryObjectiveBounty0' [h=B652034F,$009F7E80]: TObject(0.0)
    [Node$00D8DDB4] 'sMissionName' [h=15B70059,$00979240]: 'sw_allies4' [h=EDCEA531,$0097EB20]
    [Node$00D8DDC8] 'fContractFee' [h=05CA2323,$009A0080]: TObject(150000.0)
    [Node$00D8DDDC] 'fBonusFee' [h=21AE932F,$009A40E0]: TObject(0.0)
    [Node$00D8DDF0] 'sMissionTitle' [h=50F53E1C,$009AC860]: 'Bringing Down the House' [h=CF6707F0,$009CFD40]
    [Node$00D8DE04] 'PrimaryObjectiveBounty0' [h=8041A22F,$009D9E00]: TObject(0.0)
    [Node$00D8DE18] 'PrimaryObjective0' [h=9894E7B9,$00A0DB40]: ' ' [h=00000041,$0097FF20]
    [Node$00D8DE2C] 'fTimeLimitInMinutes' [h=8365825F,$00A23A40]: TObject(0.0)
  [Node$01A3101C] 'Player_SetCurrentWeapon' [h=87CDBE0B,$00A17740]: cfunction$002BF6E0 'Player_SetCurrentWeapon' [h=87CDBE0B,$00A17740]
  [Node$01A31030] 'VerificationTargetVerified' [h=D7E1760C,$00A39280]: function$00984F20 'VerificationTargetVerified' [h=D7E1760C,$00A39280]
    CONST$00A9DE40 k0  'util_PrintDebugMsg' [h=A2961C17,$00A25100]
    CONST$00A9DE48 k1  '\n[OBJECTIVEVERIFY] verification target ' [h=12913736,$00A08F00]
    CONST$00A9DE50 k2  'actorName' [h=4EB2E2FD,$0098A660]
    CONST$00A9DE58 k3  ' verified\n' [h=707988B4,$0098A5A0]
    CONST$00A9DE60 k4  'mission_tObjectives' [h=B4A8BCEB,$009D7BC0]
    CONST$00A9DE68 k5  'objectiveName' [h=2337C7CC,$0097D840]
    CONST$00A9DE70 k6  'RemoveVerificationTargetBlip' [h=399A40BF,$009FAEC0]
    CONST$00A9DE78 k7  'mission_RemoveObjective' [h=B90D805B,$00A28940]
    CONST$00A9DE80 k8  'Actor_SetVerifiable' [h=281DE4A8,$009FA2C0]
    CONST$00A9DE88 k9  'FALSE' [h=0E4B730F,$009A6040]
    CONST$00A9DE90 k10 'handleExtractionSupport' [h=E2FD4C04,$00A06F80]
    CONST$00A9DE98 k11 'RemoveExtractionSupport' [h=150B07D2,$009ED680]
     CODE$00A63FC0
      000 01000005 GETGLOBAL r1 := _G[k0 ('util_PrintDebugMsg' [h=A2961C17,$00A25100])]
      001 02000041     LOADK r2 := k1 ('\n[OBJECTIVEVERIFY] verification target ' [h=12913736,$00A08F00])
      002 03003F06  GETTABLE r3 := r0[k2 ('actorName' [h=4EB2E2FD,$0098A660])]
      003 040000C1     LOADK r4 := k3 (' verified\n' [h=707988B4,$0098A5A0])
      004 02010113    CONCAT r2 := r2 ... r4
      005 01010059      CALL r1 (1 args) => 0 results
      006 01000105 GETGLOBAL r1 := _G[k4 ('mission_tObjectives' [h=B4A8BCEB,$009D7BC0])]
      007 02003FC6  GETTABLE r2 := r0[k5 ('objectiveName' [h=2337C7CC,$0097D840])]
      008 01008086  GETTABLE r1 := r1[r2]
      009 02000185 GETGLOBAL r2 := _G[k6 ('RemoveVerificationTargetBlip' [h=399A40BF,$009FAEC0])]
      010 03000000      MOVE r3 := r0
      011 02010059      CALL r2 (1 args) => 0 results
      012 020001C5 GETGLOBAL r2 := _G[k7 ('mission_RemoveObjective' [h=B90D805B,$00A28940])]
      013 03003FC6  GETTABLE r3 := r0[k5 ('objectiveName' [h=2337C7CC,$0097D840])]
      014 02010059      CALL r2 (1 args) => 0 results
      015 02000205 GETGLOBAL r2 := _G[k8 ('Actor_SetVerifiable' [h=281DE4A8,$009FA2C0])]
      016 03003F06  GETTABLE r3 := r0[k2 ('actorName' [h=4EB2E2FD,$0098A660])]
      017 04000245 GETGLOBAL r4 := _G[k9 ('FALSE' [h=0E4B730F,$009A6040])]
      018 02018059      CALL r2 (2 args) => 0 results
      019 0200C106  GETTABLE r2 := r1[k10 ('handleExtractionSupport' [h=E2FD4C04,$00A06F80])]
      020 02010018      TEST not r2 : r2 := r2
      021 00800054       JMP +2 ; 24
      022 020002C5 GETGLOBAL r2 := _G[k11 ('RemoveExtractionSupport' [h=150B07D2,$009ED680])]
      023 02008059      CALL r2 (0 args) => 0 results
      024 0000801B    RETURN
  [Node$01A31044] 'HOSTILE' [h=809EFD3A,$00983B40]: TObject(0.0)
  [Node$01A31058] 'mission_FactionAttitudeChange' [h=91E791F7,$00A0CBC0]: function$0097C340 'mission_FactionAttitudeChange' [h=91E791F7,$00A0CBC0]
    CONST$00C81740 k0  'Faction_GetAttitude' [h=D25E63EC,$00A20680]
    CONST$00C81748 k1  'HOSTILE' [h=809EFD3A,$00983B40]
    CONST$00C81750 k2  'custom_FactionAttitudeChange' [h=2DFE0273,$009DFE80]
    CONST$00C81758 k3  'pre_FactionAttitudeChange' [h=C5170336,$009ED480]
    CONST$00C81760 k4  'hMission_FactionAttitudeChange' [h=7412F9A2,$009D4FC0]
    CONST$00C81768 k5  'Event_CancelEvent' [h=D8960070,$009D8C00]
    CONST$00C81770 k6  'mission_ClearAllMessages' [h=121C58B5,$009D6BC0]
    CONST$00C81778 k7  'allies' [h=B57F1C27,$009BF7E0]
    CONST$00C81780 k8  'vo' [h=000016EC,$009C2060]
    CONST$00C81788 k9  'fio.xfio122' [h=08DE3277,$00996E60]
    CONST$00C81790 k10 'text' [h=007898D5,$00992120]
    CONST$00C81798 k11 '' [h=00000000,$009A40A0]
    CONST$00C817A0 k12 'china' [h=1129D14E,$009AB280]
    CONST$00C817A8 k13 'fio.xfio123' [h=11491DF4,$00981D40]
    CONST$00C817B0 k14 'vo.fio.xfio108' [h=5C3AA698,$0098E820]
    CONST$00C817B8 k15 'mafia' [h=11226556,$009A69E0]
    CONST$00C817C0 k16 'fio.xfio125' [h=E9C06B67,$0098CF20]
    CONST$00C817C8 k17 'vo.fio.xfio110' [h=EEFAC0AB,$009A5200]
    CONST$00C817D0 k18 'sk' [h=00001514,$00983C60]
    CONST$00C817D8 k19 'fio.xfio124' [h=86CE7410,$009C1E40]
    CONST$00C817E0 k20 'vo.fio.xfio109' [h=E8E8E034,$00995D80]
    CONST$00C817E8 k21 'mafia2' [h=0BE6F44F,$00981DC0]
    CONST$00C817F0 k22 'fio.xfio126' [h=174104B8,$009919A0]
    CONST$00C817F8 k23 'sFullMissionID' [h=55237598,$00978BC0]
    CONST$00C81800 k24 'nw_mafia4' [h=3DF89413,$009C3500]
    CONST$00C81808 k25 'nw_mafia5' [h=22D5DF3C,$009A0F20]
    CONST$00C81810 k26 'nw_mafia6' [h=DB365040,$0097B560]
    CONST$00C81818 k27 'sReasonForFailure' [h=12EC9DFC,$00A12E80]
    CONST$00C81820 k28 'sVOPlayedOnFailure' [h=90E10020,$009CB980]
    CONST$00C81828 k29 'mission_MissionFailure' [h=1F10195A,$009E7240]
    CONST$00C81830 k30 'Event_FactionAttitudeChange' [h=14A2E8E2,$009EECC0]
    CONST$00C81838 k31 'mission_FactionAttitudeChange' [h=91E791F7,$00A0CBC0]
    CONST$00C81840 k32 'b' [h=00000083,$00983380]
    CONST$00C81848 k33 'sFaction' [h=7C9C46C0,$009785C0]
    CONST$00C81850 k34 'HERO_FACTION' [h=A108AB67,$0098E6C0]
     CODE$00CA0F00
      000 02000005 GETGLOBAL r2 := _G[k0 ('Faction_GetAttitude' [h=D25E63EC,$00A20680])]
      001 03000000      MOVE r3 := r0
      002 04008000      MOVE r4 := r1
      003 02018099      CALL r2 (2 args) => 1 results
      004 03000045 GETGLOBAL r3 := _G[k1 ('HOSTILE' [h=809EFD3A,$00983B40])]
      005 000100D5        EQ r2 != r3
      006 00800E14       JMP +57 ; 64
      007 03000085 GETGLOBAL r3 := _G[k2 ('custom_FactionAttitudeChange' [h=2DFE0273,$009DFE80])]
      008 03018018      TEST not r3 : r3 := r3
      009 00800094       JMP +3 ; 13
      010 03000085 GETGLOBAL r3 := _G[k2 ('custom_FactionAttitudeChange' [h=2DFE0273,$009DFE80])]
      011 03008059      CALL r3 (0 args) => 0 results
      012 00800E54       JMP +58 ; 71
      013 030000C5 GETGLOBAL r3 := _G[k3 ('pre_FactionAttitudeChange' [h=C5170336,$009ED480])]
      014 03018018      TEST not r3 : r3 := r3
      015 00800054       JMP +2 ; 18
      016 030000C5 GETGLOBAL r3 := _G[k3 ('pre_FactionAttitudeChange' [h=C5170336,$009ED480])]
      017 03008059      CALL r3 (0 args) => 0 results
      018 03000145 GETGLOBAL r3 := _G[k5 ('Event_CancelEvent' [h=D8960070,$009D8C00])]
      019 04000105 GETGLOBAL r4 := _G[k4 ('hMission_FactionAttitudeChange' [h=7412F9A2,$009D4FC0])]
      020 03010099      CALL r3 (1 args) => 1 results
      021 03000107 SETGLOBAL r3 ->> _G[k4 ('hMission_FactionAttitudeChange' [h=7412F9A2,$009D4FC0])]
      022 03000185 GETGLOBAL r3 := _G[k6 ('mission_ClearAllMessages' [h=121C58B5,$009D6BC0])]
      023 03008059      CALL r3 (0 args) => 0 results
      024 030000CA  NEWTABLE r3 := {} (#a=0, #h=3)
      025 0400008A  NEWTABLE r4 := {} (#a=0, #h=2)
      026 048140C9  SETTABLE k9 ('fio.xfio122' [h=08DE3277,$00996E60]) ->> r4[k8 ('vo' [h=000016EC,$009C2060])]
      027 04824149  SETTABLE k11 ('' [h=00000000,$009A40A0]) ->> r4[k10 ('text' [h=007898D5,$00992120])]
      028 03808109  SETTABLE r4 ->> r3[k7 ('allies' [h=B57F1C27,$009BF7E0])]
      029 0400008A  NEWTABLE r4 := {} (#a=0, #h=2)
      030 048141C9  SETTABLE k13 ('fio.xfio123' [h=11491DF4,$00981D40]) ->> r4[k8 ('vo' [h=000016EC,$009C2060])]
      031 04824209  SETTABLE k14 ('vo.fio.xfio108' [h=5C3AA698,$0098E820]) ->> r4[k10 ('text' [h=007898D5,$00992120])]
      032 03830109  SETTABLE r4 ->> r3[k12 ('china' [h=1129D14E,$009AB280])]
      033 0400008A  NEWTABLE r4 := {} (#a=0, #h=2)
      034 04814289  SETTABLE k16 ('fio.xfio125' [h=E9C06B67,$0098CF20]) ->> r4[k8 ('vo' [h=000016EC,$009C2060])]
      035 048242C9  SETTABLE k17 ('vo.fio.xfio110' [h=EEFAC0AB,$009A5200]) ->> r4[k10 ('text' [h=007898D5,$00992120])]
      036 03848109  SETTABLE r4 ->> r3[k15 ('mafia' [h=11226556,$009A69E0])]
      037 0400008A  NEWTABLE r4 := {} (#a=0, #h=2)
      038 04814349  SETTABLE k19 ('fio.xfio124' [h=86CE7410,$009C1E40]) ->> r4[k8 ('vo' [h=000016EC,$009C2060])]
      039 04824389  SETTABLE k20 ('vo.fio.xfio109' [h=E8E8E034,$00995D80]) ->> r4[k10 ('text' [h=007898D5,$00992120])]
      040 03860109  SETTABLE r4 ->> r3[k18 ('sk' [h=00001514,$00983C60])]
      041 0400008A  NEWTABLE r4 := {} (#a=0, #h=2)
      042 04814409  SETTABLE k22 ('fio.xfio126' [h=174104B8,$009919A0]) ->> r4[k8 ('vo' [h=000016EC,$009C2060])]
      043 048242C9  SETTABLE k17 ('vo.fio.xfio110' [h=EEFAC0AB,$009A5200]) ->> r4[k10 ('text' [h=007898D5,$00992120])]
      044 03878109  SETTABLE r4 ->> r3[k21 ('mafia2' [h=0BE6F44F,$00981DC0])]
      045 040005C5 GETGLOBAL r4 := _G[k23 ('sFullMissionID' [h=55237598,$00978BC0])]
      046 01024495        EQ r4 == k24 ('nw_mafia4' [h=3DF89413,$009C3500])
      047 00800154       JMP +6 ; 54
      048 040005C5 GETGLOBAL r4 := _G[k23 ('sFullMissionID' [h=55237598,$00978BC0])]
      049 010244D5        EQ r4 == k25 ('nw_mafia5' [h=22D5DF3C,$009A0F20])
      050 00800094       JMP +3 ; 54
      051 040005C5 GETGLOBAL r4 := _G[k23 ('sFullMissionID' [h=55237598,$00978BC0])]
      052 00024515        EQ r4 != k26 ('nw_mafia6' [h=DB365040,$0097B560])
      053 00800014       JMP +1 ; 55
      054 00000541     LOADK r0 := k21 ('mafia2' [h=0BE6F44F,$00981DC0])
      055 04018006  GETTABLE r4 := r3[r0]
      056 04024106  GETTABLE r4 := r4[k10 ('text' [h=007898D5,$00992120])]
      057 040006C7 SETGLOBAL r4 ->> _G[k27 ('sReasonForFailure' [h=12EC9DFC,$00A12E80])]
      058 04018006  GETTABLE r4 := r3[r0]
      059 04024086  GETTABLE r4 := r4[k8 ('vo' [h=000016EC,$009C2060])]
      060 04000707 SETGLOBAL r4 ->> _G[k28 ('sVOPlayedOnFailure' [h=90E10020,$009CB980])]
      061 04000745 GETGLOBAL r4 := _G[k29 ('mission_MissionFailure' [h=1F10195A,$009E7240])]
      062 04008059      CALL r4 (0 args) => 0 results
      063 00800194       JMP +7 ; 71
      064 03000785 GETGLOBAL r3 := _G[k30 ('Event_FactionAttitudeChange' [h=14A2E8E2,$009EECC0])]
      065 040007C1     LOADK r4 := k31 ('mission_FactionAttitudeChange' [h=91E791F7,$00A0CBC0])
      066 05000801     LOADK r5 := k32 ('b' [h=00000083,$00983380])
      067 06000845 GETGLOBAL r6 := _G[k33 ('sFaction' [h=7C9C46C0,$009785C0])]
      068 07000885 GETGLOBAL r7 := _G[k34 ('HERO_FACTION' [h=A108AB67,$0098E6C0])]
      069 03028099      CALL r3 (4 args) => 1 results
      070 03000107 SETGLOBAL r3 ->> _G[k4 ('hMission_FactionAttitudeChange' [h=7412F9A2,$009D4FC0])]
      071 0000801B    RETURN
  [Node$01A3106C] 'NEUTRAL' [h=507D71BD,$0097F740]: TObject(2.0)
  [Node$01A31080] 'Event_ActorToLocationProximity' [h=396A4210,$009DB240]: cfunction$002BB2E0 'Event_ActorToLocationProximity' [h=396A4210,$009DB240]
  [Node$01A31094] 'Audio_RemoveStreamPreloadRegion' [h=78583E11,$009E0C00]: cfunction$002B8A88 'Audio_RemoveStreamPreloadRegion' [h=78583E11,$009E0C00]
  [Node$01A310A8] 'FRIENDLY' [h=DA02088A,$00984600]: TObject(3.0)
  [Node$01A310BC] 'Event_AiInNamedVehicle' [h=F4DC0213,$009D0FC0]: cfunction$002BBA70 'Event_AiInNamedVehicle' [h=F4DC0213,$009D0FC0]
  [Node$01A310D0] 'sInitialMail' [h=F588F94B,$009A8900]: 'sw_allies4_initial' [h=7362B37A,$009D3300]
  [Node$01A310E4] 'suit_sequence' [h=3E108615,$009801E0]: table$009A2A60[a=4,h=1]
    [0:$00999060] 'clubs' [h=12E946D0,$009AA340]
    [1:$00999068] 'diamonds' [h=9540B759,$00982B80]
    [2:$00999070] 'hearts' [h=7B78F22A,$00976520]
    [3:$00999078] 'spades' [h=B57ECFE8,$0098FA40]
  [Node$01A310F8] 'Actor_HideGrenadeProp' [h=A938FA16,$009F9940]: cfunction$002AAC80 'Actor_HideGrenadeProp' [h=A938FA16,$009F9940]
  [Node$01A3110C] 'GAMEFLOW_LUA_LOADED' [h=4A335617,$00A201C0]: TObject(1.0)
  [Node$01A31120] 'Faction_ModifyRelation' [h=D1BD6A18,$009FF9C0]: cfunction$002B6D38 'Faction_ModifyRelation' [h=D1BD6A18,$009FF9C0]
  [Node$01A31134] 'Player_GetMoney' [h=21DC1219,$0097BA60]: cfunction$002BFDB8 'Player_GetMoney' [h=21DC1219,$0097BA60]
  [Node$01A31148] 'Ai_IsPassenger' [h=DE677E1A,$009A1EA0]: cfunction$002B1C80 'Ai_IsPassenger' [h=DE677E1A,$009A1EA0]
  [Node$01A3115C] 'RedTerrain_EnableRendering' [h=FABB9E1B,$009F9A80]: cfunction$002C9670 'RedTerrain_EnableRendering' [h=FABB9E1B,$009F9A80]
  [Node$01A31170] 'Actor_SetAnimationSet' [h=8B27672E,$00A3F940]: cfunction$002AE9F8 'Actor_SetAnimationSet' [h=8B27672E,$00A3F940]
  [Node$01A31184] 'iMission' [h=7DD21FF8,$0098A720]: TObject(3.0)
  [Node$01A31198] 'Mail_Post' [h=CC9FDE1E,$0098B3A0]: cfunction$002A0F90 'Mail_Post' [h=CC9FDE1E,$0098B3A0]
  [Node$01A311AC] 'jeff_garageDestroyed' [h=83A1521F,$00A29140]: function$0099E7C0 'jeff_garageDestroyed' [h=83A1521F,$00A29140]
    CONST$00A2B180 k0  'jeff_elevatorExists' [h=D6713387,$00A16840]
    CONST$00A2B188 k1  'jeff_shutdownElevator' [h=8965749F,$00A13440]
    CONST$00A2B190 k2  'Actor_Remove' [h=3657B3EC,$0098CD00]
    CONST$00A2B198 k3  'mafia_fakeExit' [h=C9D228DC,$009A3CC0]
    CONST$00A2B1A0 k4  'mafia_fakeEntrance' [h=A3626E69,$009D14C0]
     CODE$009EA700
      000 00000005 GETGLOBAL r0 := _G[k0 ('jeff_elevatorExists' [h=D6713387,$00A16840])]
      001 00008099      CALL r0 (0 args) => 1 results
      002 00000058      TEST r0 : r0 := r0
      003 00800014       JMP +1 ; 5
      004 0000801B    RETURN
      005 00000045 GETGLOBAL r0 := _G[k1 ('jeff_shutdownElevator' [h=8965749F,$00A13440])]
      006 00008059      CALL r0 (0 args) => 0 results
      007 00000085 GETGLOBAL r0 := _G[k2 ('Actor_Remove' [h=3657B3EC,$0098CD00])]
      008 010000C1     LOADK r1 := k3 ('mafia_fakeExit' [h=C9D228DC,$009A3CC0])
      009 00010059      CALL r0 (1 args) => 0 results
      010 00000085 GETGLOBAL r0 := _G[k2 ('Actor_Remove' [h=3657B3EC,$0098CD00])]
      011 01000101     LOADK r1 := k4 ('mafia_fakeEntrance' [h=A3626E69,$009D14C0])
      012 00010059      CALL r0 (1 args) => 0 results
      013 0000801B    RETURN
  [Node$01A311C0] 'WinLoseOrDieDecision' [h=2161732E,$009FC7C0]: function$00977940 'WinLoseOrDieDecision' [h=2161732E,$009FC7C0]
    CONST$00A1E140 k0  'jeff_shutdownElevator' [h=8965749F,$00A13440]
    CONST$00A1E148 k1  'jeff_shutdownCostumeTent' [h=A7EFAF11,$009F0000]
    CONST$00A1E150 k2  'bLoseSequencePending' [h=8B50781D,$00A16080]
    CONST$00A1E158 k3  'mission_MissionFailure2' [h=F3E64635,$00A12000]
    CONST$00A1E160 k4  'bWinSequencePending' [h=332C6A94,$009D0140]
    CONST$00A1E168 k5  'mission_MissionComplete2' [h=8B81A0A7,$009D78C0]
    CONST$00A1E170 k6  'bDeathSequencePending' [h=792029EF,$009F5180]
    CONST$00A1E178 k7  'mission_HeroKilled2' [h=CC79F7D2,$009EF300]
     CODE$00A62F40
      000 00000005 GETGLOBAL r0 := _G[k0 ('jeff_shutdownElevator' [h=8965749F,$00A13440])]
      001 00008059      CALL r0 (0 args) => 0 results
      002 00000045 GETGLOBAL r0 := _G[k1 ('jeff_shutdownCostumeTent' [h=A7EFAF11,$009F0000])]
      003 00008059      CALL r0 (0 args) => 0 results
      004 00000085 GETGLOBAL r0 := _G[k2 ('bLoseSequencePending' [h=8B50781D,$00A16080])]
      005 00000018      TEST not r0 : r0 := r0
      006 00800094       JMP +3 ; 10
      007 000000C5 GETGLOBAL r0 := _G[k3 ('mission_MissionFailure2' [h=F3E64635,$00A12000])]
      008 00008059      CALL r0 (0 args) => 0 results
      009 00800294       JMP +11 ; 21
      010 00000105 GETGLOBAL r0 := _G[k4 ('bWinSequencePending' [h=332C6A94,$009D0140])]
      011 00000018      TEST not r0 : r0 := r0
      012 00800094       JMP +3 ; 16
      013 00000145 GETGLOBAL r0 := _G[k5 ('mission_MissionComplete2' [h=8B81A0A7,$009D78C0])]
      014 00008059      CALL r0 (0 args) => 0 results
      015 00800114       JMP +5 ; 21
      016 00000185 GETGLOBAL r0 := _G[k6 ('bDeathSequencePending' [h=792029EF,$009F5180])]
      017 00000018      TEST not r0 : r0 := r0
      018 00800054       JMP +2 ; 21
      019 000001C5 GETGLOBAL r0 := _G[k7 ('mission_HeroKilled2' [h=CC79F7D2,$009EF300])]
      020 00008059      CALL r0 (0 args) => 0 results
      021 0000801B    RETURN
  [Node$01A311D4] 'sFaction' [h=7C9C46C0,$009785C0]: 'allies' [h=B57F1C27,$009BF7E0]
  [Node$01A311E8] 'mission_MissionFailureRetryNo' [h=4C6AC222,$00A14A80]: function$0099D5E0 'mission_MissionFailureRetryNo' [h=4C6AC222,$00A14A80]
    CONST$00A0B480 k0  'util_PrintDebugMsg' [h=A2961C17,$00A25100]
    CONST$00A0B488 k1  '[mission.lua] mission_MissionFailureRetryNo\n' [h=E573375C,$009CD740]
    CONST$00A0B490 k2  'post_MissionFailure' [h=5B9886F5,$009D1500]
    CONST$00A0B498 k3  'Retry' [h=12C68D62,$009A5C20]
    CONST$00A0B4A0 k4  'mission_MissionCleanup' [h=5D2498FC,$009DA440]
     CODE$00A18B40
      000 00000005 GETGLOBAL r0 := _G[k0 ('util_PrintDebugMsg' [h=A2961C17,$00A25100])]
      001 01000041     LOADK r1 := k1 ('[mission.lua] mission_MissionFailureRetryNo\n' [h=E573375C,$009CD740])
      002 00010059      CALL r0 (1 args) => 0 results
      003 00000085 GETGLOBAL r0 := _G[k2 ('post_MissionFailure' [h=5B9886F5,$009D1500])]
      004 00000018      TEST not r0 : r0 := r0
      005 00800054       JMP +2 ; 8
      006 00000085 GETGLOBAL r0 := _G[k2 ('post_MissionFailure' [h=5B9886F5,$009D1500])]
      007 00008059      CALL r0 (0 args) => 0 results
      008 000000C5 GETGLOBAL r0 := _G[k3 ('Retry' [h=12C68D62,$009A5C20])]
      009 01000002  LOADBOOL r1 := False
      010 00010059      CALL r0 (1 args) => 0 results
      011 00000105 GETGLOBAL r0 := _G[k4 ('mission_MissionCleanup' [h=5D2498FC,$009DA440])]
      012 00008059      CALL r0 (0 args) => 0 results
      013 0000801B    RETURN
  [Node$01A311FC] 'Utility_GetPlayerNationality' [h=CB78F623,$00A31200]: cfunction$002C1CA8 'Utility_GetPlayerNationality' [h=CB78F623,$00A31200]
  [Node$01A31210] 'Tooltip_HideNag' [h=8DDECA24,$009AA620]: function$009BFC60[1] 'Tooltip_HideNag' [h=8DDECA24,$009AA620]
    CONST$009F9E00 k0  'Ui_TutorialTrayPrint' [h=A427467F,$009E6F40]
    CONST$009F9E08 k1  '' [h=00000000,$009A40A0]
    CONST$009F9E10 k2  'bRecurring' [h=D1080901,$00997C00]
    CONST$009F9E18 k3  'recurHandle' [h=CB285C9F,$009A5F40]
    CONST$009F9E20 k4  'Event_RelativeTimer' [h=AD23F6E2,$009F7840]
    CONST$009F9E28 k5  'Tooltip_ShowNag' [h=557D2FF1,$009A24E0]
    CONST$009F9E30 k6  'b' [h=00000083,$00983380]
    CONST$009F9E38 k7  'nNagInterval' [h=4F690280,$009A0FC0]
     CODE$00A04E80
      000 00000005 GETGLOBAL r0 := _G[k0 ('Ui_TutorialTrayPrint' [h=A427467F,$009E6F40])]
      001 01000041     LOADK r1 := k1 ('' [h=00000000,$009A40A0])
      002 00010059      CALL r0 (1 args) => 0 results
      003 00000004  GETUPVAL r0 := u0
      004 00003F06  GETTABLE r0 := r0[k2 ('bRecurring' [h=D1080901,$00997C00])]
      005 00000018      TEST not r0 : r0 := r0
      006 008001D4       JMP +8 ; 15
      007 00000004  GETUPVAL r0 := u0
      008 01000105 GETGLOBAL r1 := _G[k4 ('Event_RelativeTimer' [h=AD23F6E2,$009F7840])]
      009 02000141     LOADK r2 := k5 ('Tooltip_ShowNag' [h=557D2FF1,$009A24E0])
      010 03000181     LOADK r3 := k6 ('b' [h=00000083,$00983380])
      011 04000004  GETUPVAL r4 := u0
      012 04024046  GETTABLE r4 := r4[k7 ('nNagInterval' [h=4F690280,$009A0FC0])]
      013 01020099      CALL r1 (3 args) => 1 results
      014 007E8049  SETTABLE r1 ->> r0[k3 ('recurHandle' [h=CB285C9F,$009A5F40])]
      015 0000801B    RETURN
  [Node$01A31224] 'Unlockable_AceOfHeartsMissionJustWon' [h=6AEDF28F,$009D1B80]: cfunction$002F8B38 'Unlockable_AceOfHeartsMissionJustWon' [h=6AEDF28F,$009D1B80]
  [Node$01A31238] 'Camera_SetPosition' [h=CD4DE226,$009EFD00]: cfunction$002A5748 'Camera_SetPosition' [h=CD4DE226,$009EFD00]
  [Node$01A3124C] 'sQuadrant' [h=4B410EBA,$0099BEC0]: 'sw' [h=000017F5,$009A9160]
  [Node$01A31260] 'gameflow_Bridge_NW_bridge_village_01_Destroyed' [h=DF5ED628,$009CFCC0]: function$009AC6E0 'gameflow_Bridge_NW_bridge_village_01_Destroyed' [h=DF5ED628,$009CFCC0]
    CONST$00B1D740 k0  'gameflow_Bridge_NW_bridge_village_01_Destroyed' [h=DF5ED628,$009CFCC0]
    CONST$00B1D748 k1  'util_PrintDebugMsg' [h=A2961C17,$00A25100]
    CONST$00B1D750 k2  'Bridge village_01 destroyed!!!\n' [h=E8E24262,$00A37880]
    CONST$00B1D758 k3  'gameflow_Bridge_Destroy' [h=3AF48C8C,$00A035C0]
    CONST$00B1D760 k4  'bridge_village_01' [h=991E5E45,$00A172C0]
    CONST$00B1D768 k5  't_village_07a' [h=30BCB33B,$009A89A0]
    CONST$00B1D770 k6  't_village_07b' [h=04A6F22C,$009C24A0]
    CONST$00B1D778 k7  't_village_01c' [h=5BABB560,$0097DF20]
    CONST$00B1D780 k8  't_village_06c' [h=836B26FD,$009A7E40]
     CODE$00ABA940
      000 00000003   LOADNIL r0 ... r0
      001 00000007 SETGLOBAL r0 ->> _G[k0 ('gameflow_Bridge_NW_bridge_village_01_Destroyed' [h=DF5ED628,$009CFCC0])]
      002 00000045 GETGLOBAL r0 := _G[k1 ('util_PrintDebugMsg' [h=A2961C17,$00A25100])]
      003 01000081     LOADK r1 := k2 ('Bridge village_01 destroyed!!!\n' [h=E8E24262,$00A37880])
      004 00010059      CALL r0 (1 args) => 0 results
      005 000000C5 GETGLOBAL r0 := _G[k3 ('gameflow_Bridge_Destroy' [h=3AF48C8C,$00A035C0])]
      006 0100800A  NEWTABLE r1 := {} (#a=1, #h=0)
      007 02000101     LOADK r2 := k4 ('bridge_village_01' [h=991E5E45,$00A172C0])
      008 0100001F   SETLIST r1 [0]
      009 0201000A  NEWTABLE r2 := {} (#a=2, #h=0)
      010 03000141     LOADK r3 := k5 ('t_village_07a' [h=30BCB33B,$009A89A0])
      011 04000181     LOADK r4 := k6 ('t_village_07b' [h=04A6F22C,$009C24A0])
      012 0200005F   SETLIST r2 [1]
      013 0301000A  NEWTABLE r3 := {} (#a=2, #h=0)
      014 040001C1     LOADK r4 := k7 ('t_village_01c' [h=5BABB560,$0097DF20])
      015 05000201     LOADK r5 := k8 ('t_village_06c' [h=836B26FD,$009A7E40])
      016 0300005F   SETLIST r3 [1]
      017 00020059      CALL r0 (3 args) => 0 results
      018 0000801B    RETURN
  [Node$01A31274] 'gameflow_ProcessParkingLots' [h=D4CB1629,$009D41C0]: function$00976D40 'gameflow_ProcessParkingLots' [h=D4CB1629,$009D41C0]
    CONST$00BE9E40 k0  'trafficZones' [h=6C281FF5,$00987B80]
    CONST$00BE9E48 k1  'spawners' [h=5EA201D8,$00981040]
    CONST$00BE9E50 k2  'ipairs' [h=B6F4A157,$0098FC00]
    CONST$00BE9E58 k3  'template' [h=7CE5CAD2,$009A8E80]
    CONST$00BE9E60 k4  'tRemoveTemplates' [h=AD517C21,$00A095C0]
    CONST$00BE9E68 k5  'util_PrintDebugMsg' [h=A2961C17,$00A25100]
    CONST$00BE9E70 k6  '[gameflow.lua] gameflow_ProcessParkingLots: template ' [h=F17550E4,$00AA31C0]
    CONST$00BE9E78 k7  ' is banned from parking lot\n' [h=D2E4AB85,$00A40300]
    CONST$00BE9E80 k8  '[gameflow.lua] gameflow_ProcessParkingLots: adding template ' [h=141F6BC1,$00B37340]
    CONST$00BE9E88 k9  ' to parking lot\n' [h=AC813B70,$009CC7C0]
    CONST$00BE9E90 k10 'table' [h=10F2114B,$0098D780]
    CONST$00BE9E98 k11 'insert' [h=92EA3D93,$009903C0]
    CONST$00BE9EA0 k12 '_empty' [h=840DF69F,$0097C100]
    CONST$00BE9EA8 k13 'tAddTemplates' [h=56E2D359,$00976BE0]
    CONST$00BE9EB0 k14 '[gameflow.lua] gameflow_ProcessParkingLots: adding extra template ' [h=6480F308,$00A73640]
    CONST$00BE9EB8 k15 'randomSpawnGroups' [h=E932E513,$00A0C100]
    CONST$00BE9EC0 k16 'tLocations' [h=6C167A32,$009A4580]
    CONST$00BE9EC8 k17 'tSettings' [h=390A41FE,$00998B60]
    CONST$00BE9ED0 k18 'tTemplates' [h=8E9A91F4,$00992D60]
     CODE$00CDD0C0
      000 03003E86  GETTABLE r3 := r0[k0 ('trafficZones' [h=6C281FF5,$00987B80])]
      001 03018046  GETTABLE r3 := r3[r1]
      002 0301BEC6  GETTABLE r3 := r3[k1 ('spawners' [h=5EA201D8,$00981040])]
      003 04000085 GETGLOBAL r4 := _G[k2 ('ipairs' [h=B6F4A157,$0098FC00])]
      004 05010000      MOVE r5 := r2
      005 04010159      CALL r4 (1 args) => 4 results
      006 0480149E  TFORPREP WIP
      007 0800000A  NEWTABLE r8 := {} (#a=0, #h=0)
      008 03018018      TEST not r3 : r3 := r3
      009 00800A54       JMP +42 ; 52
      010 09000085 GETGLOBAL r9 := _G[k2 ('ipairs' [h=B6F4A157,$0098FC00])]
      011 0A018000      MOVE r10 := r3
      012 09010159      CALL r9 (1 args) => 4 results
      013 098008DE  TFORPREP WIP
      014 0D008002  LOADBOOL r13 := True
      015 0E063F46  GETTABLE r14 := r12[k3 ('template' [h=7CE5CAD2,$009A8E80])]
      016 0F03BF86  GETTABLE r15 := r7[k4 ('tRemoveTemplates' [h=AD517C21,$00A095C0])]
      017 0F078018      TEST not r15 : r15 := r15
      018 008003D4       JMP +16 ; 35
      019 10000085 GETGLOBAL r16 := _G[k2 ('ipairs' [h=B6F4A157,$0098FC00])]
      020 11078000      MOVE r17 := r15
      021 10010159      CALL r16 (1 args) => 4 results
      022 1080025E  TFORPREP WIP
      023 00098395        EQ r19 != r14
      024 008001D4       JMP +8 ; 33
      025 14000145 GETGLOBAL r20 := _G[k5 ('util_PrintDebugMsg' [h=A2961C17,$00A25100])]
      026 15000181     LOADK r21 := k6 ('[gameflow.lua] gameflow_ProcessParkingLots: template ' [h=F17550E4,$00AA31C0])
      027 16070000      MOVE r22 := r14
      028 170001C1     LOADK r23 := k7 (' is banned from parking lot\n' [h=D2E4AB85,$00A40300])
      029 150A85D3    CONCAT r21 := r21 ... r23
      030 14010059      CALL r20 (1 args) => 0 results
      031 0D000002  LOADBOOL r13 := False
      032 00800054       JMP +2 ; 35
      033 1000005D  TFORLOOP WIP
      034 007FFCD4       JMP -12 ; 23
      035 0D068018      TEST not r13 : r13 := r13
      036 00800314       JMP +13 ; 50
      037 10000145 GETGLOBAL r16 := _G[k5 ('util_PrintDebugMsg' [h=A2961C17,$00A25100])]
      038 11000201     LOADK r17 := k8 ('[gameflow.lua] gameflow_ProcessParkingLots: adding template ' [h=141F6BC1,$00B37340])
      039 12070000      MOVE r18 := r14
      040 13000241     LOADK r19 := k9 (' to parking lot\n' [h=AC813B70,$009CC7C0])
      041 110884D3    CONCAT r17 := r17 ... r19
      042 10010059      CALL r16 (1 args) => 0 results
      043 10000285 GETGLOBAL r16 := _G[k10 ('table' [h=10F2114B,$0098D780])]
      044 10084146  GETTABLE r16 := r16[k11 ('insert' [h=92EA3D93,$009903C0])]
      045 11040000      MOVE r17 := r8
      046 12070000      MOVE r18 := r14
      047 13000301     LOADK r19 := k12 ('_empty' [h=840DF69F,$0097C100])
      048 120904D3    CONCAT r18 := r18 ... r19
      049 10018059      CALL r16 (2 args) => 0 results
      050 0900005D  TFORLOOP WIP
      051 007FF654       JMP -38 ; 14
      052 0903C1C6  GETTABLE r9 := r7[k13 ('tAddTemplates' [h=56E2D359,$00976BE0])]
      053 09048018      TEST not r9 : r9 := r9
      054 00800494       JMP +19 ; 74
      055 0A000085 GETGLOBAL r10 := _G[k2 ('ipairs' [h=B6F4A157,$0098FC00])]
      056 0B048000      MOVE r11 := r9
      057 0A010159      CALL r10 (1 args) => 4 results
      058 0A80031E  TFORPREP WIP
      059 0E000145 GETGLOBAL r14 := _G[k5 ('util_PrintDebugMsg' [h=A2961C17,$00A25100])]
      060 0F000381     LOADK r15 := k14 ('[gameflow.lua] gameflow_ProcessParkingLots: adding extra template ' [h=6480F308,$00A73640])
      061 10068000      MOVE r16 := r13
      062 11000241     LOADK r17 := k9 (' to parking lot\n' [h=AC813B70,$009CC7C0])
      063 0F078453    CONCAT r15 := r15 ... r17
      064 0E010059      CALL r14 (1 args) => 0 results
      065 0E000285 GETGLOBAL r14 := _G[k10 ('table' [h=10F2114B,$0098D780])]
      066 0E074146  GETTABLE r14 := r14[k11 ('insert' [h=92EA3D93,$009903C0])]
      067 0F040000      MOVE r15 := r8
      068 10068000      MOVE r16 := r13
      069 11000301     LOADK r17 := k12 ('_empty' [h=840DF69F,$0097C100])
      070 10080453    CONCAT r16 := r16 ... r17
      071 0E018059      CALL r14 (2 args) => 0 results
      072 0A00005D  TFORLOOP WIP
      073 007FFC14       JMP -15 ; 59
      074 0A004246  GETTABLE r10 := r0[k15 ('randomSpawnGroups' [h=E932E513,$00A0C100])]
      075 0A050058      TEST r10 : r10 := r10
      076 00800054       JMP +2 ; 79
      077 0A00000A  NEWTABLE r10 := {} (#a=0, #h=0)
      078 00848289  SETTABLE r10 ->> r0[k15 ('randomSpawnGroups' [h=E932E513,$00A0C100])]
      079 0A00000A  NEWTABLE r10 := {} (#a=0, #h=0)
      080 0B03C286  GETTABLE r11 := r7[k16 ('tLocations' [h=6C167A32,$009A4580])]
      081 0A8502C9  SETTABLE r11 ->> r10[k16 ('tLocations' [h=6C167A32,$009A4580])]
      082 0B03C2C6  GETTABLE r11 := r7[k17 ('tSettings' [h=390A41FE,$00998B60])]
      083 0A8582C9  SETTABLE r11 ->> r10[k17 ('tSettings' [h=390A41FE,$00998B60])]
      084 0A860209  SETTABLE r8 ->> r10[k18 ('tTemplates' [h=8E9A91F4,$00992D60])]
      085 0B000285 GETGLOBAL r11 := _G[k10 ('table' [h=10F2114B,$0098D780])]
      086 0B05C146  GETTABLE r11 := r11[k11 ('insert' [h=92EA3D93,$009903C0])]
      087 0C004246  GETTABLE r12 := r0[k15 ('randomSpawnGroups' [h=E932E513,$00A0C100])]
      088 0D050000      MOVE r13 := r10
      089 0B018059      CALL r11 (2 args) => 0 results
      090 0400005D  TFORLOOP WIP
      091 007FEA94       JMP -85 ; 7
      092 0000801B    RETURN
  [Node$01A31288] 'hearts' [h=7B78F22A,$00976520]: 'hearts' [h=7B78F22A,$00976520]
  [Node$01A3129C] 'jeff_ScriptInit' [h=2366BB30,$009A5C40]: function$009A30C0 'jeff_ScriptInit' [h=2366BB30,$009A5C40]
    CONST$00CE90C0 k0  'jeff_tHeroInfo' [h=ADAD5F8B,$00998FC0]
    CONST$00CE90C8 k1  'template_player_american' [h=B480AAA6,$00A013C0]
    CONST$00CE90D0 k2  'banterDamage' [h=CCFA1797,$00992160]
    CONST$00CE90D8 k3  'CHR.541171chr' [h=2BFB80F8,$009A2400]
    CONST$00CE90E0 k4  'CHR.541172chr' [h=05921A8E,$009A3240]
    CONST$00CE90E8 k5  'CHR.541173chr' [h=74F4246E,$0097B2C0]
    CONST$00CE90F0 k6  'vehicleDamage' [h=6A9369E8,$00990000]
    CONST$00CE90F8 k7  'CHR.541189chr' [h=A58EE00E,$0097BFE0]
    CONST$00CE9100 k8  'CHR.541190chr' [h=17D3A7D7,$0097C3E0]
    CONST$00CE9108 k9  'template_player_british' [h=1C60DE63,$00A31280]
    CONST$00CE9110 k10 'JEN.541201jen' [h=47930922,$0098F740]
    CONST$00CE9118 k11 'JEN.541202jen' [h=90A2AEDE,$00975F20]
    CONST$00CE9120 k12 'JEN.541203jen' [h=4AAE18B1,$0097FCE0]
    CONST$00CE9128 k13 'JEN.541219jen' [h=B0780B42,$00976400]
    CONST$00CE9130 k14 'JEN.541220jen' [h=CFC5D8AB,$00990560]
    CONST$00CE9138 k15 'template_player_hansolo' [h=39D2080B,$00A03480]
    CONST$00CE9140 k16 'han.541171HAN' [h=052129F0,$009A9520]
    CONST$00CE9148 k17 'han.541172HAN' [h=1E0DEA36,$00989100]
    CONST$00CE9150 k18 'han.541173HAN' [h=97895957,$0097F720]
    CONST$00CE9158 k19 'han.541190HAN' [h=48AF5FAF,$00985880]
    CONST$00CE9160 k20 'han.541189HAN' [h=CA3EE7BA,$009AAB60]
    CONST$00CE9168 k21 'template_player_indianajones' [h=0B5B19EA,$009EFB00]
    CONST$00CE9170 k22 'ind.541171IND' [h=6EECC6D7,$00981B00]
    CONST$00CE9178 k23 'ind.541172IND' [h=489F6082,$0099A6C0]
    CONST$00CE9180 k24 'ind.541173IND' [h=D8FF502A,$0097EA20]
    CONST$00CE9188 k25 'ind.541189IND' [h=DE407174,$0099DE60]
    CONST$00CE9190 k26 'ind.541190IND' [h=37856E7D,$00981C80]
    CONST$00CE9198 k27 'template_player_swedish' [h=1301F35E,$009F8D40]
    CONST$00CE91A0 k28 'mat.541231mat' [h=6045E9B5,$0097ABC0]
    CONST$00CE91A8 k29 'mat.541232mat' [h=A76ABB36,$0099BCE0]
    CONST$00CE91B0 k30 'mat.541233mat' [h=9E260CAE,$00982560]
    CONST$00CE91B8 k31 'mat.541249mat' [h=3CF63813,$0099DBC0]
    CONST$00CE91C0 k32 'mat.541250mat' [h=BFCA1A7D,$009AA760]
    CONST$00CE91C8 k33 'jeff_iBanterHeroDamage' [h=58C02B62,$00A21880]
    CONST$00CE91D0 k34 TObject(0.0)
    CONST$00CE91D8 k35 'jeff_iBanterVehicleDamage' [h=2654751A,$009E9500]
    CONST$00CE91E0 k36 'jeff_newHeroDamageEvent' [h=EFF1FB7C,$00A22980]
    CONST$00CE91E8 k37 'jeff_hPlayerInVehicle' [h=EF229078,$00A06A40]
    CONST$00CE91F0 k38 'Event_AiInVehicle' [h=8A9BD566,$009FA180]
    CONST$00CE91F8 k39 'jeff_playerInVehicle' [h=8CFD0379,$009E5BC0]
    CONST$00CE9200 k40 'b' [h=00000083,$00983380]
    CONST$00CE9208 k41 'player0' [h=316752BF,$009A56E0]
    CONST$00CE9210 k42 'TRUE' [h=0067B195,$0097E680]
    CONST$00CE9218 k43 'jeff_SetupWeaponEvents' [h=35B8C26F,$00A1F040]
    CONST$00CE9220 k44 'Utility_ReadNumberFromScribbleMemory' [h=2BB92038,$009F9D40]
    CONST$00CE9228 k45 'offerEasterEgg' [h=E16E0F50,$0097D480]
    CONST$00CE9230 k46 'Event_ActorInBoundary' [h=5BF73290,$00A20700]
    CONST$00CE9238 k47 'Event_RelativeTimer' [h=AD23F6E2,$009F7840]
    CONST$00CE9240 k48 'jeff_setupElevator' [h=24C5B5F2,$009FFD40]
    CONST$00CE9248 k49 TObject(1.0)
    CONST$00CE9250 k50 'jeff_setupCostumeTent' [h=3D41CBCF,$009EB3C0]
    CONST$00CE9258 k51 'tutorial_factionMood' [h=F325BA12,$009EA300]
    CONST$00CE9260 k52 'jeff_SetupMoodEvents' [h=145A7F5F,$009FA9C0]
     CODE$00CF3C40
      000 000000CA  NEWTABLE r0 := {} (#a=0, #h=3)
      001 0100008A  NEWTABLE r1 := {} (#a=0, #h=2)
      002 0201800A  NEWTABLE r2 := {} (#a=3, #h=0)
      003 030000C1     LOADK r3 := k3 ('CHR.541171chr' [h=2BFB80F8,$009A2400])
      004 04000101     LOADK r4 := k4 ('CHR.541172chr' [h=05921A8E,$009A3240])
      005 05000141     LOADK r5 := k5 ('CHR.541173chr' [h=74F4246E,$0097B2C0])
      006 0200009F   SETLIST r2 [2]
      007 017E0089  SETTABLE r2 ->> r1[k2 ('banterDamage' [h=CCFA1797,$00992160])]
      008 0201000A  NEWTABLE r2 := {} (#a=2, #h=0)
      009 030001C1     LOADK r3 := k7 ('CHR.541189chr' [h=A58EE00E,$0097BFE0])
      010 04000201     LOADK r4 := k8 ('CHR.541190chr' [h=17D3A7D7,$0097C3E0])
      011 0200005F   SETLIST r2 [1]
      012 01800089  SETTABLE r2 ->> r1[k6 ('vehicleDamage' [h=6A9369E8,$00990000])]
      013 007D8049  SETTABLE r1 ->> r0[k1 ('template_player_american' [h=B480AAA6,$00A013C0])]
      014 0100008A  NEWTABLE r1 := {} (#a=0, #h=2)
      015 0201800A  NEWTABLE r2 := {} (#a=3, #h=0)
      016 03000281     LOADK r3 := k10 ('JEN.541201jen' [h=47930922,$0098F740])
      017 040002C1     LOADK r4 := k11 ('JEN.541202jen' [h=90A2AEDE,$00975F20])
      018 05000301     LOADK r5 := k12 ('JEN.541203jen' [h=4AAE18B1,$0097FCE0])
      019 0200009F   SETLIST r2 [2]
      020 017E0089  SETTABLE r2 ->> r1[k2 ('banterDamage' [h=CCFA1797,$00992160])]
      021 0201000A  NEWTABLE r2 := {} (#a=2, #h=0)
      022 03000341     LOADK r3 := k13 ('JEN.541219jen' [h=B0780B42,$00976400])
      023 04000381     LOADK r4 := k14 ('JEN.541220jen' [h=CFC5D8AB,$00990560])
      024 0200005F   SETLIST r2 [1]
      025 01800089  SETTABLE r2 ->> r1[k6 ('vehicleDamage' [h=6A9369E8,$00990000])]
      026 00818049  SETTABLE r1 ->> r0[k9 ('template_player_british' [h=1C60DE63,$00A31280])]
      027 0100008A  NEWTABLE r1 := {} (#a=0, #h=2)
      028 0201800A  NEWTABLE r2 := {} (#a=3, #h=0)
      029 03000401     LOADK r3 := k16 ('han.541171HAN' [h=052129F0,$009A9520])
      030 04000441     LOADK r4 := k17 ('han.541172HAN' [h=1E0DEA36,$00989100])
      031 05000481     LOADK r5 := k18 ('han.541173HAN' [h=97895957,$0097F720])
      032 0200009F   SETLIST r2 [2]
      033 017E0089  SETTABLE r2 ->> r1[k2 ('banterDamage' [h=CCFA1797,$00992160])]
      034 0201000A  NEWTABLE r2 := {} (#a=2, #h=0)
      035 030004C1     LOADK r3 := k19 ('han.541190HAN' [h=48AF5FAF,$00985880])
      036 04000501     LOADK r4 := k20 ('han.541189HAN' [h=CA3EE7BA,$009AAB60])
      037 0200005F   SETLIST r2 [1]
      038 01800089  SETTABLE r2 ->> r1[k6 ('vehicleDamage' [h=6A9369E8,$00990000])]
      039 00848049  SETTABLE r1 ->> r0[k15 ('template_player_hansolo' [h=39D2080B,$00A03480])]
      040 0100008A  NEWTABLE r1 := {} (#a=0, #h=2)
      041 0201800A  NEWTABLE r2 := {} (#a=3, #h=0)
      042 03000581     LOADK r3 := k22 ('ind.541171IND' [h=6EECC6D7,$00981B00])
      043 040005C1     LOADK r4 := k23 ('ind.541172IND' [h=489F6082,$0099A6C0])
      044 05000601     LOADK r5 := k24 ('ind.541173IND' [h=D8FF502A,$0097EA20])
      045 0200009F   SETLIST r2 [2]
      046 017E0089  SETTABLE r2 ->> r1[k2 ('banterDamage' [h=CCFA1797,$00992160])]
      047 0201000A  NEWTABLE r2 := {} (#a=2, #h=0)
      048 03000641     LOADK r3 := k25 ('ind.541189IND' [h=DE407174,$0099DE60])
      049 04000681     LOADK r4 := k26 ('ind.541190IND' [h=37856E7D,$00981C80])
      050 0200005F   SETLIST r2 [1]
      051 01800089  SETTABLE r2 ->> r1[k6 ('vehicleDamage' [h=6A9369E8,$00990000])]
      052 00878049  SETTABLE r1 ->> r0[k21 ('template_player_indianajones' [h=0B5B19EA,$009EFB00])]
      053 0100008A  NEWTABLE r1 := {} (#a=0, #h=2)
      054 0201800A  NEWTABLE r2 := {} (#a=3, #h=0)
      055 03000701     LOADK r3 := k28 ('mat.541231mat' [h=6045E9B5,$0097ABC0])
      056 04000741     LOADK r4 := k29 ('mat.541232mat' [h=A76ABB36,$0099BCE0])
      057 05000781     LOADK r5 := k30 ('mat.541233mat' [h=9E260CAE,$00982560])
      058 0200009F   SETLIST r2 [2]
      059 017E0089  SETTABLE r2 ->> r1[k2 ('banterDamage' [h=CCFA1797,$00992160])]
      060 0201000A  NEWTABLE r2 := {} (#a=2, #h=0)
      061 030007C1     LOADK r3 := k31 ('mat.541249mat' [h=3CF63813,$0099DBC0])
      062 04000801     LOADK r4 := k32 ('mat.541250mat' [h=BFCA1A7D,$009AA760])
      063 0200005F   SETLIST r2 [1]
      064 01800089  SETTABLE r2 ->> r1[k6 ('vehicleDamage' [h=6A9369E8,$00990000])]
      065 008A8049  SETTABLE r1 ->> r0[k27 ('template_player_swedish' [h=1301F35E,$009F8D40])]
      066 00000007 SETGLOBAL r0 ->> _G[k0 ('jeff_tHeroInfo' [h=ADAD5F8B,$00998FC0])]
      067 00000881     LOADK r0 := k34 (TObject(0.0))
      068 00000847 SETGLOBAL r0 ->> _G[k33 ('jeff_iBanterHeroDamage' [h=58C02B62,$00A21880])]
      069 00000881     LOADK r0 := k34 (TObject(0.0))
      070 000008C7 SETGLOBAL r0 ->> _G[k35 ('jeff_iBanterVehicleDamage' [h=2654751A,$009E9500])]
      071 00000905 GETGLOBAL r0 := _G[k36 ('jeff_newHeroDamageEvent' [h=EFF1FB7C,$00A22980])]
      072 00008059      CALL r0 (0 args) => 0 results
      073 00000985 GETGLOBAL r0 := _G[k38 ('Event_AiInVehicle' [h=8A9BD566,$009FA180])]
      074 010009C1     LOADK r1 := k39 ('jeff_playerInVehicle' [h=8CFD0379,$009E5BC0])
      075 02000A01     LOADK r2 := k40 ('b' [h=00000083,$00983380])
      076 03000A41     LOADK r3 := k41 ('player0' [h=316752BF,$009A56E0])
      077 04000A85 GETGLOBAL r4 := _G[k42 ('TRUE' [h=0067B195,$0097E680])]
      078 00028099      CALL r0 (4 args) => 1 results
      079 00000947 SETGLOBAL r0 ->> _G[k37 ('jeff_hPlayerInVehicle' [h=EF229078,$00A06A40])]
      080 00000AC5 GETGLOBAL r0 := _G[k43 ('jeff_SetupWeaponEvents' [h=35B8C26F,$00A1F040])]
      081 00008059      CALL r0 (0 args) => 0 results
      082 00000B05 GETGLOBAL r0 := _G[k44 ('Utility_ReadNumberFromScribbleMemory' [h=2BB92038,$009F9D40])]
      083 01000B41     LOADK r1 := k45 ('offerEasterEgg' [h=E16E0F50,$0097D480])
      084 00010099      CALL r0 (1 args) => 1 results
      085 00000058      TEST r0 : r0 := r0
      086 00800194       JMP +7 ; 94
      087 00000B85 GETGLOBAL r0 := _G[k46 ('Event_ActorInBoundary' [h=5BF73290,$00A20700])]
      088 01000B41     LOADK r1 := k45 ('offerEasterEgg' [h=E16E0F50,$0097D480])
      089 02000A01     LOADK r2 := k40 ('b' [h=00000083,$00983380])
      090 03000A41     LOADK r3 := k41 ('player0' [h=316752BF,$009A56E0])
      091 04000B41     LOADK r4 := k45 ('offerEasterEgg' [h=E16E0F50,$0097D480])
      092 05008002  LOADBOOL r5 := True
      093 00030059      CALL r0 (5 args) => 0 results
      094 00000BC5 GETGLOBAL r0 := _G[k47 ('Event_RelativeTimer' [h=AD23F6E2,$009F7840])]
      095 01000C01     LOADK r1 := k48 ('jeff_setupElevator' [h=24C5B5F2,$009FFD40])
      096 02000A01     LOADK r2 := k40 ('b' [h=00000083,$00983380])
      097 03000C41     LOADK r3 := k49 (TObject(1.0))
      098 00020059      CALL r0 (3 args) => 0 results
      099 00000BC5 GETGLOBAL r0 := _G[k47 ('Event_RelativeTimer' [h=AD23F6E2,$009F7840])]
      100 01000C81     LOADK r1 := k50 ('jeff_setupCostumeTent' [h=3D41CBCF,$009EB3C0])
      101 02000A01     LOADK r2 := k40 ('b' [h=00000083,$00983380])
      102 03000C41     LOADK r3 := k49 (TObject(1.0))
      103 00020059      CALL r0 (3 args) => 0 results
      104 00000B05 GETGLOBAL r0 := _G[k44 ('Utility_ReadNumberFromScribbleMemory' [h=2BB92038,$009F9D40])]
      105 01000CC1     LOADK r1 := k51 ('tutorial_factionMood' [h=F325BA12,$009EA300])
      106 00010099      CALL r0 (1 args) => 1 results
      107 00000058      TEST r0 : r0 := r0
      108 00800054       JMP +2 ; 111
      109 00000D05 GETGLOBAL r0 := _G[k52 ('jeff_SetupMoodEvents' [h=145A7F5F,$009FA9C0])]
      110 00008059      CALL r0 (0 args) => 0 results
      111 0000801B    RETURN
  [Node$01A312B0] 'HERO' [h=0077AA50,$00988480]: 'player0' [h=316752BF,$009A56E0]
  [Node$01A312C4] 'Event_ActorIsHostileToward' [h=3E7A8A2D,$00A32A80]: cfunction$002B9948 'Event_ActorIsHostileToward' [h=3E7A8A2D,$00A32A80]
  [Node$01A312D8] 'jeff_hPlayerOutOfVehicle' [h=F611A62E,$009FAD00]: TObject(None)
  [Node$01A312EC] 'cheat_VerifyCard' [h=9B49C6EE,$009D6640]: function$00987D80 'cheat_VerifyCard' [h=9B49C6EE,$009D6640]
    CONST$00B0A440 k0  'CARD_RANK_MIN' [h=4771A7AF,$0098B6E0]
    CONST$00B0A448 k1  'CARD_RANK_MAX' [h=B37F15FE,$009C4100]
    CONST$00B0A450 k2  'Utility_ReadNumberFromScribbleMemory' [h=2BB92038,$009F9D40]
    CONST$00B0A458 k3  'chapter' [h=9A11FF20,$009C12E0]
    CONST$00B0A460 k4  'suit_sequence' [h=3E108615,$009801E0]
    CONST$00B0A468 k5  'gameflow_DeckCardVerified' [h=52863805,$009DC100]
    CONST$00B0A470 k6  'stateKilled' [h=0D0073F8,$00979A80]
    CONST$00B0A478 k7  'Desktop_BeginVerify' [h=B6292127,$00A41F40]
    CONST$00B0A480 k8  'state' [h=10EE0118,$00992560]
    CONST$00B0A488 k9  'FALSE' [h=0E4B730F,$009A6040]
     CODE$00B0A8C0
      000 01000005 GETGLOBAL r1 := _G[k0 ('CARD_RANK_MIN' [h=4771A7AF,$0098B6E0])]
      001 00008017        LE r1 > r0
      002 008004D4       JMP +20 ; 23
      003 01000045 GETGLOBAL r1 := _G[k1 ('CARD_RANK_MAX' [h=B37F15FE,$009C4100])]
      004 00000057        LE r0 > r1
      005 00800414       JMP +17 ; 23
      006 01000085 GETGLOBAL r1 := _G[k2 ('Utility_ReadNumberFromScribbleMemory' [h=2BB92038,$009F9D40])]
      007 020000C1     LOADK r2 := k3 ('chapter' [h=9A11FF20,$009C12E0])
      008 01010099      CALL r1 (1 args) => 1 results
      009 02000105 GETGLOBAL r2 := _G[k4 ('suit_sequence' [h=3E108615,$009801E0])]
      010 02010046  GETTABLE r2 := r2[r1]
      011 03000145 GETGLOBAL r3 := _G[k5 ('gameflow_DeckCardVerified' [h=52863805,$009DC100])]
      012 04010000      MOVE r4 := r2
      013 05000000      MOVE r5 := r0
      014 06000185 GETGLOBAL r6 := _G[k6 ('stateKilled' [h=0D0073F8,$00979A80])]
      015 03020059      CALL r3 (3 args) => 0 results
      016 030001C5 GETGLOBAL r3 := _G[k7 ('Desktop_BeginVerify' [h=B6292127,$00A41F40])]
      017 04020003   LOADNIL r4 ... r4
      018 05010000      MOVE r5 := r2
      019 06000000      MOVE r6 := r0
      020 07000205 GETGLOBAL r7 := _G[k8 ('state' [h=10EE0118,$00992560])]
      021 08000245 GETGLOBAL r8 := _G[k9 ('FALSE' [h=0E4B730F,$009A6040])]
      022 03030059      CALL r3 (5 args) => 0 results
      023 0000801B    RETURN
  [Node$01A31300] 'UTIL_MISC_LUA_LOADED' [h=F316DF2D,$009E2140]: TObject(1.0)
  [Node$01A31314] 'gameflow_GetCardVerifiedInMissionScribMemVarName' [h=7D6276A4,$00B18E40]: function$0099E340 'gameflow_GetCardVerifiedInMissionScribMemVarName' [h=7D6276A4,$00B18E40]
    CONST$00957B60 k0  'VerifiedInMission' [h=99E6FDAE,$00A41140]
     CODE$009BF600
      000 02000000      MOVE r2 := r0
      001 03008000      MOVE r3 := r1
      002 04000001     LOADK r4 := k0 ('VerifiedInMission' [h=99E6FDAE,$00A41140])
      003 02010113    CONCAT r2 := r2 ... r4
      004 0201001B    RETURN r2 ... r2
      005 0000801B    RETURN
  [Node$01A31328] 'Actor_PlayHumanAnimation' [h=57432632,$009EF4C0]: cfunction$002ADB10 'Actor_PlayHumanAnimation' [h=57432632,$009EF4C0]
  [Node$01A3133C] 'util_QueueRadioEvent' [h=6BB67233,$00A2B4C0]: function$00997C40[1] 'util_QueueRadioEvent' [h=6BB67233,$00A2B4C0]
    CONST$009876A0 k0  'func' [h=0071EF66,$009C8B60]
    CONST$009876A8 k1  'bWhenDone' [h=7C281FF5,$009C19C0]
    CONST$009876B0 k2  'Radio_QueueMessage' [h=A22E967C,$009FA580]
    CONST$009876B8 k3  'util_QueueRadioEventHandler' [h=59EC849D,$00A07F00]
     CODE$009F7000
      000 02010058      TEST r2 : r2 := r2
      001 00800014       JMP +1 ; 3
      002 02008002  LOADBOOL r2 := True
      003 03000004  GETUPVAL r3 := u0
      004 0400008A  NEWTABLE r4 := {} (#a=0, #h=2)
      005 047D0049  SETTABLE r1 ->> r4[k0 ('func' [h=0071EF66,$009C8B60])]
      006 047D8089  SETTABLE r2 ->> r4[k1 ('bWhenDone' [h=7C281FF5,$009C19C0])]
      007 03000109  SETTABLE r4 ->> r3[r0]
      008 03000085 GETGLOBAL r3 := _G[k2 ('Radio_QueueMessage' [h=A22E967C,$009FA580])]
      009 04000000      MOVE r4 := r0
      010 050000C1     LOADK r5 := k3 ('util_QueueRadioEventHandler' [h=59EC849D,$00A07F00])
      011 03018059      CALL r3 (2 args) => 0 results
      012 0000801B    RETURN
  [Node$01A31350] 'gameflow_GetHadCardIntelScribMemVarName' [h=B66B54E2,$00A308C0]: function$009C54A0 'gameflow_GetHadCardIntelScribMemVarName' [h=B66B54E2,$00A308C0]
    CONST$00957B70 k0  'had' [h=000324C0,$00988F60]
    CONST$00957B78 k1  'gameflow_GetCardIntelScribMemVarName' [h=1BD00BE0,$00A3CF00]
     CODE$0098BBC0
      000 02000001     LOADK r2 := k0 ('had' [h=000324C0,$00988F60])
      001 03000045 GETGLOBAL r3 := _G[k1 ('gameflow_GetCardIntelScribMemVarName' [h=1BD00BE0,$00A3CF00])]
      002 04000000      MOVE r4 := r0
      003 05008000      MOVE r5 := r1
      004 03018099      CALL r3 (2 args) => 1 results
      005 020100D3    CONCAT r2 := r2 ... r3
      006 0201001B    RETURN r2 ... r2
      007 0000801B    RETURN
  [Node$01A31364] 'mission_MissionFailure2' [h=F3E64635,$00A12000]: function$009C2780 'mission_MissionFailure2' [h=F3E64635,$00A12000]
    CONST$00A9BFC0 k0  'custom_MissionFailure' [h=B414225D,$00A36880]
    CONST$00A9BFC8 k1  'pre_MissionFailure' [h=669A42F9,$00A0C7C0]
    CONST$00A9BFD0 k2  'type' [h=0070EF71,$009875A0]
    CONST$00A9BFD8 k3  'sReasonForFailure' [h=12EC9DFC,$00A12E80]
    CONST$00A9BFE0 k4  'sVOPlayedOnFailure' [h=90E10020,$009CB980]
    CONST$00A9BFE8 k5  'mission_MissionFailureRetryNo' [h=4C6AC222,$00A14A80]
    CONST$00A9BFF0 k6  'mission_MissionFailureRetryYes' [h=2D7E5C6C,$009E3640]
    CONST$00A9BFF8 k7  'string' [h=81F98B41,$0097FB00]
    CONST$00A9C000 k8  'Desktop_BeginLoseSequence' [h=0FA31568,$009D3E40]
    CONST$00A9C008 k9  '' [h=00000000,$009A40A0]
     CODE$00C35640
      000 00000005 GETGLOBAL r0 := _G[k0 ('custom_MissionFailure' [h=B414225D,$00A36880])]
      001 00000018      TEST not r0 : r0 := r0
      002 00800094       JMP +3 ; 6
      003 00000005 GETGLOBAL r0 := _G[k0 ('custom_MissionFailure' [h=B414225D,$00A36880])]
      004 00008059      CALL r0 (0 args) => 0 results
      005 00800B14       JMP +45 ; 51
      006 00000045 GETGLOBAL r0 := _G[k1 ('pre_MissionFailure' [h=669A42F9,$00A0C7C0])]
      007 00000018      TEST not r0 : r0 := r0
      008 00800054       JMP +2 ; 11
      009 00000045 GETGLOBAL r0 := _G[k1 ('pre_MissionFailure' [h=669A42F9,$00A0C7C0])]
      010 00008059      CALL r0 (0 args) => 0 results
      011 00000085 GETGLOBAL r0 := _G[k2 ('type' [h=0070EF71,$009875A0])]
      012 010000C5 GETGLOBAL r1 := _G[k3 ('sReasonForFailure' [h=12EC9DFC,$00A12E80])]
      013 00010099      CALL r0 (1 args) => 1 results
      014 01000085 GETGLOBAL r1 := _G[k2 ('type' [h=0070EF71,$009875A0])]
      015 02000105 GETGLOBAL r2 := _G[k4 ('sVOPlayedOnFailure' [h=90E10020,$009CB980])]
      016 01010099      CALL r1 (1 args) => 1 results
      017 02000141     LOADK r2 := k5 ('mission_MissionFailureRetryNo' [h=4C6AC222,$00A14A80])
      018 03000181     LOADK r3 := k6 ('mission_MissionFailureRetryYes' [h=2D7E5C6C,$009E3640])
      019 00004055        EQ r0 != k7 ('string' [h=81F98B41,$0097FB00])
      020 00800214       JMP +9 ; 30
      021 0000C055        EQ r1 != k7 ('string' [h=81F98B41,$0097FB00])
      022 00800194       JMP +7 ; 30
      023 04000205 GETGLOBAL r4 := _G[k8 ('Desktop_BeginLoseSequence' [h=0FA31568,$009D3E40])]
      024 05010000      MOVE r5 := r2
      025 06018000      MOVE r6 := r3
      026 070000C5 GETGLOBAL r7 := _G[k3 ('sReasonForFailure' [h=12EC9DFC,$00A12E80])]
      027 08000105 GETGLOBAL r8 := _G[k4 ('sVOPlayedOnFailure' [h=90E10020,$009CB980])]
      028 04028059      CALL r4 (4 args) => 0 results
      029 00800514       JMP +21 ; 51
      030 00004055        EQ r0 != k7 ('string' [h=81F98B41,$0097FB00])
      031 00800154       JMP +6 ; 38
      032 04000205 GETGLOBAL r4 := _G[k8 ('Desktop_BeginLoseSequence' [h=0FA31568,$009D3E40])]
      033 05010000      MOVE r5 := r2
      034 06018000      MOVE r6 := r3
      035 070000C5 GETGLOBAL r7 := _G[k3 ('sReasonForFailure' [h=12EC9DFC,$00A12E80])]
      036 04020059      CALL r4 (3 args) => 0 results
      037 00800314       JMP +13 ; 51
      038 0000C055        EQ r1 != k7 ('string' [h=81F98B41,$0097FB00])
      039 00800194       JMP +7 ; 47
      040 04000205 GETGLOBAL r4 := _G[k8 ('Desktop_BeginLoseSequence' [h=0FA31568,$009D3E40])]
      041 05010000      MOVE r5 := r2
      042 06018000      MOVE r6 := r3
      043 07000241     LOADK r7 := k9 ('' [h=00000000,$009A40A0])
      044 08000105 GETGLOBAL r8 := _G[k4 ('sVOPlayedOnFailure' [h=90E10020,$009CB980])]
      045 04028059      CALL r4 (4 args) => 0 results
      046 008000D4       JMP +4 ; 51
      047 04000205 GETGLOBAL r4 := _G[k8 ('Desktop_BeginLoseSequence' [h=0FA31568,$009D3E40])]
      048 05010000      MOVE r5 := r2
      049 06018000      MOVE r6 := r3
      050 04018059      CALL r4 (2 args) => 0 results
      051 0000801B    RETURN
  [Node$01A31378] 'SetupEventActorInTargetVehicleStatusChange' [h=9A0ED636,$009E5540]: function$0098C080 'SetupEventActorInTargetVehicleStatusChange' [h=9A0ED636,$009E5540]
    CONST$0097A8C0 k0  'Event_AiInNamedVehicle' [h=F4DC0213,$009D0FC0]
    CONST$0097A8C8 k1  'ActorInTargetVehicleStatusChange' [h=D9D4FB5C,$00A1ECC0]
    CONST$0097A8D0 k2  'b' [h=00000083,$00983380]
     CODE$009EEFC0
      000 03000005 GETGLOBAL r3 := _G[k0 ('Event_AiInNamedVehicle' [h=F4DC0213,$009D0FC0])]
      001 04000041     LOADK r4 := k1 ('ActorInTargetVehicleStatusChange' [h=D9D4FB5C,$00A1ECC0])
      002 05000081     LOADK r5 := k2 ('b' [h=00000083,$00983380])
      003 06000000      MOVE r6 := r0
      004 07008000      MOVE r7 := r1
      005 08010000      MOVE r8 := r2
      006 0303001A  TAILCALL r3 (5 args)
      007 0300001B    RETURN r3 ... top
      008 0000801B    RETURN
  [Node$01A3138C] 'Player_SetHumanModel' [h=C107AE37,$00A00C80]: cfunction$002F7AA0 'Player_SetHumanModel' [h=C107AE37,$00A00C80]
  [Node$01A313A0] 'SetupEventActorDestroyed' [h=AFD57238,$009DFAC0]: function$009A7720 'SetupEventActorDestroyed' [h=AFD57238,$009DFAC0]
    CONST$00A04800 k0  'Event_ActorHitPointsLessThan' [h=A14D40BC,$009E1F00]
    CONST$00A04808 k1  'TargetActorDestroyed' [h=6D8A839E,$00A0EF00]
    CONST$00A04810 k2  'b' [h=00000083,$00983380]
    CONST$00A04818 k3  'actorName' [h=4EB2E2FD,$0098A660]
    CONST$00A04820 k4  TObject(1.0)
     CODE$009ACB00
      000 01000005 GETGLOBAL r1 := _G[k0 ('Event_ActorHitPointsLessThan' [h=A14D40BC,$009E1F00])]
      001 02000041     LOADK r2 := k1 ('TargetActorDestroyed' [h=6D8A839E,$00A0EF00])
      002 03000081     LOADK r3 := k2 ('b' [h=00000083,$00983380])
      003 04003F46  GETTABLE r4 := r0[k3 ('actorName' [h=4EB2E2FD,$0098A660])]
      004 05000101     LOADK r5 := k4 (TObject(1.0))
      005 0102801A  TAILCALL r1 (4 args)
      006 0100001B    RETURN r1 ... top
      007 0000801B    RETURN
  [Node$01A313B4] 'Ui_AddDisplayMarkerActor' [h=C6434B2B,$009E4840]: cfunction$002A7E18 'Ui_AddDisplayMarkerActor' [h=C6434B2B,$009E4840]
  [Node$01A313C8] 'gameflow_GetCardScribbleMemoryVariableName' [h=22BDD88D,$00A13240]: function$00983A00 'gameflow_GetCardScribbleMemoryVariableName' [h=22BDD88D,$00A13240]
    CONST$00957B30 k0  'status' [h=86B6A8CC,$009800E0]
     CODE$009793E0
      000 02000000      MOVE r2 := r0
      001 03008000      MOVE r3 := r1
      002 04000001     LOADK r4 := k0 ('status' [h=86B6A8CC,$009800E0])
      003 02010113    CONCAT r2 := r2 ... r4
      004 0201001B    RETURN r2 ... r2
      005 0000801B    RETURN
  [Node$01A313DC] 'jeff_clearVehicleEvents' [h=3E56DA3B,$009FA100]: function$009A4880 'jeff_clearVehicleEvents' [h=3E56DA3B,$009FA100]
    CONST$00982F80 k0  'jeff_hPlayerOutOfVehicle' [h=F611A62E,$009FAD00]
    CONST$00982F88 k1  'Event_CancelEvent' [h=D8960070,$009D8C00]
    CONST$00982F90 k2  'jeff_hVehicleDamagedEvent' [h=1E912908,$00A04340]
     CODE$00A04B80
      000 00000045 GETGLOBAL r0 := _G[k1 ('Event_CancelEvent' [h=D8960070,$009D8C00])]
      001 01000005 GETGLOBAL r1 := _G[k0 ('jeff_hPlayerOutOfVehicle' [h=F611A62E,$009FAD00])]
      002 00010099      CALL r0 (1 args) => 1 results
      003 00000007 SETGLOBAL r0 ->> _G[k0 ('jeff_hPlayerOutOfVehicle' [h=F611A62E,$009FAD00])]
      004 00000045 GETGLOBAL r0 := _G[k1 ('Event_CancelEvent' [h=D8960070,$009D8C00])]
      005 01000085 GETGLOBAL r1 := _G[k2 ('jeff_hVehicleDamagedEvent' [h=1E912908,$00A04340])]
      006 00010099      CALL r0 (1 args) => 1 results
      007 00000087 SETGLOBAL r0 ->> _G[k2 ('jeff_hVehicleDamagedEvent' [h=1E912908,$00A04340])]
      008 0000801B    RETURN
  [Node$01A313F0] 'RS_AFLG_HOLD' [h=72A00E3C,$009C4220]: TObject(8.0)
  [Node$01A31404] 'gameflow_GetCardLayerName' [h=CF95F46B,$00A06C40]: function$0098FA80 'gameflow_GetCardLayerName' [h=CF95F46B,$00A06C40]
    CONST$00A40580 k0  'Utility_ReadStringFromScribbleMemory' [h=5455F3B9,$00A0C940]
    CONST$00A40588 k1  'SkipTo_Map' [h=F88EFA9D,$009BF700]
    CONST$00A40590 k2  '\\' [h=0000007D,$00990D60]
    CONST$00A40598 k3  '_' [h=0000007E,$0097A4C0]
    CONST$00A405A0 k4  'gameflow_GetCardActorName' [h=D3E96681,$00A150C0]
     CODE$00A03900
      000 02000005 GETGLOBAL r2 := _G[k0 ('Utility_ReadStringFromScribbleMemory' [h=5455F3B9,$00A0C940])]
      001 03000041     LOADK r3 := k1 ('SkipTo_Map' [h=F88EFA9D,$009BF700])
      002 02010099      CALL r2 (1 args) => 1 results
      003 03000081     LOADK r3 := k2 ('\\' [h=0000007D,$00990D60])
      004 04010000      MOVE r4 := r2
      005 05000081     LOADK r5 := k2 ('\\' [h=0000007D,$00990D60])
      006 06010000      MOVE r6 := r2
      007 070000C1     LOADK r7 := k3 ('_' [h=0000007E,$0097A4C0])
      008 08000105 GETGLOBAL r8 := _G[k4 ('gameflow_GetCardActorName' [h=D3E96681,$00A150C0])]
      009 09000000      MOVE r9 := r0
      010 0A008000      MOVE r10 := r1
      011 08018099      CALL r8 (2 args) => 1 results
      012 03018213    CONCAT r3 := r3 ... r8
      013 0301001B    RETURN r3 ... r3
      014 0000801B    RETURN
  [Node$01A31418] 'Event_ActorIsDormant' [h=EDBBFA3E,$00A0B100]: cfunction$002BA520 'Event_ActorIsDormant' [h=EDBBFA3E,$00A0B100]
  [Node$01A3142C] 'MissionContractCancel' [h=4B7FE912,$00A2E200]: function$009777A0 'MissionContractCancel' [h=4B7FE912,$00A2E200]
    CONST$009592A0 k0  'mission_MissionFailure' [h=1F10195A,$009E7240]
     CODE$00959440
      000 00000005 GETGLOBAL r0 := _G[k0 ('mission_MissionFailure' [h=1F10195A,$009E7240])]
      001 00008059      CALL r0 (0 args) => 0 results
      002 0000801B    RETURN
  [Node$01A31440] 'VerificationTargetSubduedAndVerified' [h=AE447453,$00A04CC0]: function$00986560 'VerificationTargetSubduedAndVerified' [h=AE447453,$00A04CC0]
    CONST$009CCE80 k0  'mission_tTargets' [h=28796635,$00A38080]
    CONST$009CCE88 k1  'Utility_GetActorAsInt' [h=A2B359A3,$00A3EB80]
    CONST$009CCE90 k2  'VerificationTargetVerified' [h=D7E1760C,$00A39280]
    CONST$009CCE98 k3  'mission_tObjectives' [h=B4A8BCEB,$009D7BC0]
    CONST$009CCEA0 k4  'objectiveName' [h=2337C7CC,$0097D840]
    CONST$009CCEA8 k5  'callbackFunc' [h=1E1CD035,$009C7860]
    CONST$009CCEB0 k6  'actorName' [h=4EB2E2FD,$0098A660]
    CONST$009CCEB8 k7  'FALSE' [h=0E4B730F,$009A6040]
     CODE$00A224C0
      000 01000005 GETGLOBAL r1 := _G[k0 ('mission_tTargets' [h=28796635,$00A38080])]
      001 02000045 GETGLOBAL r2 := _G[k1 ('Utility_GetActorAsInt' [h=A2B359A3,$00A3EB80])]
      002 03000000      MOVE r3 := r0
      003 02010099      CALL r2 (1 args) => 1 results
      004 01008086  GETTABLE r1 := r1[r2]
      005 02000085 GETGLOBAL r2 := _G[k2 ('VerificationTargetVerified' [h=D7E1760C,$00A39280])]
      006 03008000      MOVE r3 := r1
      007 02010059      CALL r2 (1 args) => 0 results
      008 020000C5 GETGLOBAL r2 := _G[k3 ('mission_tObjectives' [h=B4A8BCEB,$009D7BC0])]
      009 0300BF86  GETTABLE r3 := r1[k4 ('objectiveName' [h=2337C7CC,$0097D840])]
      010 020100C6  GETTABLE r2 := r2[r3]
      011 02013FC6  GETTABLE r2 := r2[k5 ('callbackFunc' [h=1E1CD035,$009C7860])]
      012 0300C006  GETTABLE r3 := r1[k6 ('actorName' [h=4EB2E2FD,$0098A660])]
      013 040001C5 GETGLOBAL r4 := _G[k7 ('FALSE' [h=0E4B730F,$009A6040])]
      014 02018059      CALL r2 (2 args) => 0 results
      015 0000801B    RETURN
  [Node$01A31454] 'Utility_CompareActorToOdf' [h=4910433F,$00A13F00]: cfunction$002C1FD8 'Utility_CompareActorToOdf' [h=4910433F,$00A13F00]
  [Node$01A31468] 'Squad_CommandQueue' [h=2CB70242,$009E9400]: cfunction$002F76B8 'Squad_CommandQueue' [h=2CB70242,$009E9400]
  [Node$01A3147C] 'Event_ActorIsWinchingSomething' [h=38B94E43,$009D09C0]: cfunction$002BA768 'Event_ActorIsWinchingSomething' [h=38B94E43,$009D09C0]
  [Node$01A31490] 'gameflow_UpdatePDAIntelMeter' [h=1CE87DF6,$009DD3C0]: function$00994EC0 'gameflow_UpdatePDAIntelMeter' [h=1CE87DF6,$009DD3C0]
    CONST$009FD6C0 k0  'Utility_ReadNumberFromScribbleMemory' [h=2BB92038,$009F9D40]
    CONST$009FD6C8 k1  'chapter' [h=9A11FF20,$009C12E0]
    CONST$009FD6D0 k2  TObject(0.0)
    CONST$009FD6D8 k3  TObject(1.0)
    CONST$009FD6E0 k4  'suit_sequence' [h=3E108615,$009801E0]
    CONST$009FD6E8 k5  'Utility_WriteNumberToScribbleMemory' [h=DCF55147,$00A29080]
    CONST$009FD6F0 k6  'iCurrentIntel' [h=C1A40687,$009A7620]
    CONST$009FD6F8 k7  'gameflow_GetIntelTotal' [h=0305AFE4,$009CDD00]
     CODE$00ABAF40
      000 00000005 GETGLOBAL r0 := _G[k0 ('Utility_ReadNumberFromScribbleMemory' [h=2BB92038,$009F9D40])]
      001 01000041     LOADK r1 := k1 ('chapter' [h=9A11FF20,$009C12E0])
      002 00010099      CALL r0 (1 args) => 1 results
      003 00003F15        EQ r0 != k2 (TObject(0.0))
      004 00800014       JMP +1 ; 6
      005 000000C1     LOADK r0 := k3 (TObject(1.0))
      006 01000105 GETGLOBAL r1 := _G[k4 ('suit_sequence' [h=3E108615,$009801E0])]
      007 01008006  GETTABLE r1 := r1[r0]
      008 02000145 GETGLOBAL r2 := _G[k5 ('Utility_WriteNumberToScribbleMemory' [h=DCF55147,$00A29080])]
      009 03000181     LOADK r3 := k6 ('iCurrentIntel' [h=C1A40687,$009A7620])
      010 04008000      MOVE r4 := r1
      011 03018113    CONCAT r3 := r3 ... r4
      012 040001C5 GETGLOBAL r4 := _G[k7 ('gameflow_GetIntelTotal' [h=0305AFE4,$009CDD00])]
      013 05000000      MOVE r5 := r0
      014 04010019      CALL r4 (1 args) => -1 results
      015 02000059      CALL r2 (-1 args) => 0 results
      016 0000801B    RETURN
  [Node$01A314A4] 'gameflow_DeckNumberCardDeverified' [h=1ED57DBE,$009F1180]: function$00981680 'gameflow_DeckNumberCardDeverified' [h=1ED57DBE,$009F1180]
    CONST$00A02F00 k0  'Utility_ReadNumberFromScribbleMemory' [h=2BB92038,$009F9D40]
    CONST$00A02F08 k1  'gameflow_GetHadCardIntelScribMemVarName' [h=B66B54E2,$00A308C0]
    CONST$00A02F10 k2  'Utility_EraseValueFromScribbleMemory' [h=D5C200E6,$00A13000]
    CONST$00A02F18 k3  'Utility_WriteStringToScribbleMemory' [h=5E8C6272,$00A3A080]
    CONST$00A02F20 k4  'gameflow_GetCardIntelScribMemVarName' [h=1BD00BE0,$00A3CF00]
    CONST$00A02F28 k5  'newinfo' [h=6C9AFA8E,$00992D80]
    CONST$00A02F30 k6  'gameflow_DeckCardDeverified' [h=F20F0C77,$009EF200]
     CODE$00B09140
      000 02000005 GETGLOBAL r2 := _G[k0 ('Utility_ReadNumberFromScribbleMemory' [h=2BB92038,$009F9D40])]
      001 03000045 GETGLOBAL r3 := _G[k1 ('gameflow_GetHadCardIntelScribMemVarName' [h=B66B54E2,$00A308C0])]
      002 04000000      MOVE r4 := r0
      003 05008000      MOVE r5 := r1
      004 03018019      CALL r3 (2 args) => -1 results
      005 02000099      CALL r2 (-1 args) => 1 results
      006 02010018      TEST not r2 : r2 := r2
      007 00800314       JMP +13 ; 21
      008 02000085 GETGLOBAL r2 := _G[k2 ('Utility_EraseValueFromScribbleMemory' [h=D5C200E6,$00A13000])]
      009 03000045 GETGLOBAL r3 := _G[k1 ('gameflow_GetHadCardIntelScribMemVarName' [h=B66B54E2,$00A308C0])]
      010 04000000      MOVE r4 := r0
      011 05008000      MOVE r5 := r1
      012 03018019      CALL r3 (2 args) => -1 results
      013 02000059      CALL r2 (-1 args) => 0 results
      014 020000C5 GETGLOBAL r2 := _G[k3 ('Utility_WriteStringToScribbleMemory' [h=5E8C6272,$00A3A080])]
      015 03000105 GETGLOBAL r3 := _G[k4 ('gameflow_GetCardIntelScribMemVarName' [h=1BD00BE0,$00A3CF00])]
      016 04000000      MOVE r4 := r0
      017 05008000      MOVE r5 := r1
      018 03018099      CALL r3 (2 args) => 1 results
      019 04000141     LOADK r4 := k5 ('newinfo' [h=6C9AFA8E,$00992D80])
      020 02018059      CALL r2 (2 args) => 0 results
      021 02000185 GETGLOBAL r2 := _G[k6 ('gameflow_DeckCardDeverified' [h=F20F0C77,$009EF200])]
      022 03000000      MOVE r3 := r0
      023 04008000      MOVE r4 := r1
      024 02018059      CALL r2 (2 args) => 0 results
      025 0000801B    RETURN
  [Node$01A314B8] 'print' [h=11BAAE46,$00987D40]: cfunction$003B74B0 'print' [h=11BAAE46,$00987D40]
  [Node$01A314CC] 'gameflow_DeckNumberCardVerified' [h=2828B179,$00A13E00]: function$00977580 'gameflow_DeckNumberCardVerified' [h=2828B179,$00A13E00]
    CONST$00C29540 k0  'util_PrintDebugMsg' [h=A2961C17,$00A25100]
    CONST$00C29548 k1  '[gameflow.lua] gameflow_DeckNumberCardVerified\n' [h=D6C04958,$009D36C0]
    CONST$00C29550 k2  'tDeckNameLookup' [h=A7B158D1,$009C3980]
    CONST$00C29558 k3  'Utility_GetActorAsInt' [h=A2B359A3,$00A3EB80]
    CONST$00C29560 k4  'suit' [h=0078DBD6,$00988AA0]
    CONST$00C29568 k5  'rank' [h=0074F9BF,$00984980]
    CONST$00C29570 k6  'pairs' [h=12CC6B12,$0099D0C0]
    CONST$00C29578 k7  'events' [h=7B78A23A,$009A5380]
    CONST$00C29580 k8  '[gameflow.lua] cancelling event ' [h=2EBE23B4,$009DA480]
    CONST$00C29588 k9  ' (handle ' [h=7F6EA89C,$00986720]
    CONST$00C29590 k10 'tostring' [h=787EB105,$009A9A40]
    CONST$00C29598 k11 ')\n' [h=00000973,$00999AC0]
    CONST$00C295A0 k12 'Event_CancelEvent' [h=D8960070,$009D8C00]
    CONST$00C295A8 k13 'stateKilled' [h=0D0073F8,$00979A80]
    CONST$00C295B0 k14 'stateCaptured' [h=8495A2AD,$00999220]
    CONST$00C295B8 k15 'gameflow_DeckCardVerified' [h=52863805,$009DC100]
    CONST$00C295C0 k16 'Mail_Delete' [h=8D1A255E,$009A4260]
    CONST$00C295C8 k17 'mail_cardinfo_' [h=B8CA2498,$00975CE0]
    CONST$00C295D0 k18 'gameflow_RemoveCardIntel' [h=533D8100,$009D1CC0]
    CONST$00C295D8 k19 'Utility_ReadNumberFromScribbleMemory' [h=2BB92038,$009F9D40]
    CONST$00C295E0 k20 'mission_accepted' [h=77464996,$00A32D40]
    CONST$00C295E8 k21 'Utility_WriteNumberToScribbleMemory' [h=DCF55147,$00A29080]
    CONST$00C295F0 k22 'gameflow_GetCardVerifiedInMissionScribMemVarName' [h=7D6276A4,$00B18E40]
    CONST$00C295F8 k23 TObject(1.0)
    CONST$00C29600 k24 'Desktop_BeginVerify' [h=B6292127,$00A41F40]
    CONST$00C29608 k25 'gameflow_RewardNumberCardBounty' [h=72E13F03,$009F8C40]
    CONST$00C29610 k26 'FALSE' [h=0E4B730F,$009A6040]
     CODE$00CA8C00
      000 02000005 GETGLOBAL r2 := _G[k0 ('util_PrintDebugMsg' [h=A2961C17,$00A25100])]
      001 03000041     LOADK r3 := k1 ('[gameflow.lua] gameflow_DeckNumberCardVerified\n' [h=D6C04958,$009D36C0])
      002 02010059      CALL r2 (1 args) => 0 results
      003 02000085 GETGLOBAL r2 := _G[k2 ('tDeckNameLookup' [h=A7B158D1,$009C3980])]
      004 030000C5 GETGLOBAL r3 := _G[k3 ('Utility_GetActorAsInt' [h=A2B359A3,$00A3EB80])]
      005 04000000      MOVE r4 := r0
      006 03010099      CALL r3 (1 args) => 1 results
      007 020100C6  GETTABLE r2 := r2[r3]
      008 03013F86  GETTABLE r3 := r2[k4 ('suit' [h=0078DBD6,$00988AA0])]
      009 04013FC6  GETTABLE r4 := r2[k5 ('rank' [h=0074F9BF,$00984980])]
      010 05000185 GETGLOBAL r5 := _G[k6 ('pairs' [h=12CC6B12,$0099D0C0])]
      011 06014046  GETTABLE r6 := r2[k7 ('events' [h=7B78A23A,$009A5380])]
      012 05010159      CALL r5 (1 args) => 4 results
      013 0580039E  TFORPREP WIP
      014 09000005 GETGLOBAL r9 := _G[k0 ('util_PrintDebugMsg' [h=A2961C17,$00A25100])]
      015 0A000201     LOADK r10 := k8 ('[gameflow.lua] cancelling event ' [h=2EBE23B4,$009DA480])
      016 0B038000      MOVE r11 := r7
      017 0C000241     LOADK r12 := k9 (' (handle ' [h=7F6EA89C,$00986720])
      018 0D000285 GETGLOBAL r13 := _G[k10 ('tostring' [h=787EB105,$009A9A40])]
      019 0E040000      MOVE r14 := r8
      020 0D010099      CALL r13 (1 args) => 1 results
      021 0E0002C1     LOADK r14 := k11 (')\n' [h=00000973,$00999AC0])
      022 0A050393    CONCAT r10 := r10 ... r14
      023 09010059      CALL r9 (1 args) => 0 results
      024 09014046  GETTABLE r9 := r2[k7 ('events' [h=7B78A23A,$009A5380])]
      025 0A000305 GETGLOBAL r10 := _G[k12 ('Event_CancelEvent' [h=D8960070,$009D8C00])]
      026 0B040000      MOVE r11 := r8
      027 0A010099      CALL r10 (1 args) => 1 results
      028 09038289  SETTABLE r10 ->> r9[r7]
      029 0500005D  TFORLOOP WIP
      030 007FFB94       JMP -17 ; 14
      031 05000345 GETGLOBAL r5 := _G[k13 ('stateKilled' [h=0D0073F8,$00979A80])]
      032 01008058      TEST r1 : r1 := r1
      033 00800014       JMP +1 ; 35
      034 05000385 GETGLOBAL r5 := _G[k14 ('stateCaptured' [h=8495A2AD,$00999220])]
      035 06000002  LOADBOOL r6 := False
      036 03018018      TEST not r3 : r3 := r3
      037 00800454       JMP +18 ; 56
      038 04020018      TEST not r4 : r4 := r4
      039 008003D4       JMP +16 ; 56
      040 070003C5 GETGLOBAL r7 := _G[k15 ('gameflow_DeckCardVerified' [h=52863805,$009DC100])]
      041 08018000      MOVE r8 := r3
      042 09020000      MOVE r9 := r4
      043 0A028000      MOVE r10 := r5
      044 07020099      CALL r7 (3 args) => 1 results
      045 06038000      MOVE r6 := r7
      046 07000405 GETGLOBAL r7 := _G[k16 ('Mail_Delete' [h=8D1A255E,$009A4260])]
      047 08000441     LOADK r8 := k17 ('mail_cardinfo_' [h=B8CA2498,$00975CE0])
      048 09018000      MOVE r9 := r3
      049 0A020000      MOVE r10 := r4
      050 08040293    CONCAT r8 := r8 ... r10
      051 07010059      CALL r7 (1 args) => 0 results
      052 07000485 GETGLOBAL r7 := _G[k18 ('gameflow_RemoveCardIntel' [h=533D8100,$009D1CC0])]
      053 08018000      MOVE r8 := r3
      054 09020000      MOVE r9 := r4
      055 07018059      CALL r7 (2 args) => 0 results
      056 070004C5 GETGLOBAL r7 := _G[k19 ('Utility_ReadNumberFromScribbleMemory' [h=2BB92038,$009F9D40])]
      057 08000501     LOADK r8 := k20 ('mission_accepted' [h=77464996,$00A32D40])
      058 07010099      CALL r7 (1 args) => 1 results
      059 07038018      TEST not r7 : r7 := r7
      060 00800194       JMP +7 ; 68
      061 07000545 GETGLOBAL r7 := _G[k21 ('Utility_WriteNumberToScribbleMemory' [h=DCF55147,$00A29080])]
      062 08000585 GETGLOBAL r8 := _G[k22 ('gameflow_GetCardVerifiedInMissionScribMemVarName' [h=7D6276A4,$00B18E40])]
      063 09018000      MOVE r9 := r3
      064 0A020000      MOVE r10 := r4
      065 08018099      CALL r8 (2 args) => 1 results
      066 090005C1     LOADK r9 := k23 (TObject(1.0))
      067 07018059      CALL r7 (2 args) => 0 results
      068 07000605 GETGLOBAL r7 := _G[k24 ('Desktop_BeginVerify' [h=B6292127,$00A41F40])]
      069 08000641     LOADK r8 := k25 ('gameflow_RewardNumberCardBounty' [h=72E13F03,$009F8C40])
      070 09018000      MOVE r9 := r3
      071 0A020000      MOVE r10 := r4
      072 0B028000      MOVE r11 := r5
      073 0C000685 GETGLOBAL r12 := _G[k26 ('FALSE' [h=0E4B730F,$009A6040])]
      074 07030059      CALL r7 (5 args) => 0 results
      075 07000022   CLOSURE r7 := closure(0, r7...)
      076 00028000      MOVE r0 := r5
      077 00030000      MOVE r0 := r6
      078 07000647 SETGLOBAL r7 ->> _G[k25 ('gameflow_RewardNumberCardBounty' [h=72E13F03,$009F8C40])]
      079 0000801B    RETURN
  [Node$01A314E0] 'gameflow_CreateNumberCardVerifyObjective' [h=8E902A3C,$00A05800]: function$009C0CE0 'gameflow_CreateNumberCardVerifyObjective' [h=8E902A3C,$00A05800]
    CONST$00C7C740 k0  'tDeckNameLookup' [h=A7B158D1,$009C3980]
    CONST$00C7C748 k1  'Utility_GetActorAsInt' [h=A2B359A3,$00A3EB80]
    CONST$00C7C750 k2  'suit' [h=0078DBD6,$00988AA0]
    CONST$00C7C758 k3  'rank' [h=0074F9BF,$00984980]
    CONST$00C7C760 k4  'actorName' [h=4EB2E2FD,$0098A660]
    CONST$00C7C768 k5  'Utility_GetStringById' [h=F7067A6C,$009EF080]
    CONST$00C7C770 k6  'cards.' [h=D57F6D19,$009C2520]
    CONST$00C7C778 k7  '.' [h=0000004F,$00994000]
    CONST$00C7C780 k8  '.Name' [h=10ED9EC8,$0097CE00]
    CONST$00C7C788 k9  'Objective' [h=6EC2C442,$0098FB80]
    CONST$00C7C790 k10 'gameflow_DoesPlayerHaveCardIntel' [h=A6CC3E05,$00A3B080]
    CONST$00C7C798 k11 'objectiveName' [h=2337C7CC,$0097D840]
    CONST$00C7C7A0 k12 'callbackFunc' [h=1E1CD035,$009C7860]
    CONST$00C7C7A8 k13 'gameflow_DeckNumberCardVerified' [h=2828B179,$00A13E00]
    CONST$00C7C7B0 k14 'actorCaption' [h=0C46BDC7,$0099F520]
    CONST$00C7C7B8 k15 'objectiveDesc' [h=54B269EB,$009A9720]
    CONST$00C7C7C0 k16 'objectiveType' [h=4CF75B8E,$00995160]
    CONST$00C7C7C8 k17 'OBJECTIVE_TYPE_SECONDARY' [h=AE817712,$00A3DE00]
    CONST$00C7C7D0 k18 'targetType' [h=4E235805,$0098DD20]
    CONST$00C7C7D8 k19 'TARGET_TYPE_OBJECTIVE_SECONDARY' [h=A2EEB365,$00A31440]
    CONST$00C7C7E0 k20 'markInGPS' [h=1F1CD89F,$009C6C20]
    CONST$00C7C7E8 k21 'markInPDA' [h=06AF161A,$0099AF00]
    CONST$00C7C7F0 k22 'bCardIdentified' [h=9E3CFB0E,$00997600]
    CONST$00C7C7F8 k23 'markInWorld' [h=5268B4A8,$009BF900]
    CONST$00C7C800 k24 'blipType' [h=D6B22C63,$009C0A20]
    CONST$00C7C808 k25 'drawDiamond' [h=F9D35DC5,$00985900]
    CONST$00C7C810 k26 'events' [h=7B78A23A,$009A5380]
    CONST$00C7C818 k27 'hCardNearEvent' [h=E8F1F851,$009A7700]
    CONST$00C7C820 k28 'gameflow_SetupEventCardIsNear' [h=12E1AC1E,$00A08940]
    CONST$00C7C828 k29 'player0' [h=316752BF,$009A56E0]
    CONST$00C7C830 k30 'INTEL_CARD_IDENT_DIST' [h=B8F54555,$009E0480]
    CONST$00C7C838 k31 'killCallbackFunc' [h=4C5627FE,$009D0840]
    CONST$00C7C840 k32 'gameflow_UnidentifiedCardFound' [h=C1A0D2B9,$009DEE80]
    CONST$00C7C848 k33 'subdueCallbackFunc' [h=24C7EABC,$009DD1C0]
    CONST$00C7C850 k34 'hCardInFocusEvent' [h=9EB93E12,$009F6800]
    CONST$00C7C858 k35 'Event_ActorInFocus' [h=EF5E56D2,$009F3340]
    CONST$00C7C860 k36 'b' [h=00000083,$00983380]
    CONST$00C7C868 k37 'NO_INTEL_CARD_IDENT_DIST' [h=82F96B69,$009CBE00]
    CONST$00C7C870 k38 'mission_ObjectiveVerify' [h=E406DF42,$009DB040]
     CODE$00C91F00
      000 01000005 GETGLOBAL r1 := _G[k0 ('tDeckNameLookup' [h=A7B158D1,$009C3980])]
      001 02000045 GETGLOBAL r2 := _G[k1 ('Utility_GetActorAsInt' [h=A2B359A3,$00A3EB80])]
      002 03000000      MOVE r3 := r0
      003 02010099      CALL r2 (1 args) => 1 results
      004 01008086  GETTABLE r1 := r1[r2]
      005 0200BF06  GETTABLE r2 := r1[k2 ('suit' [h=0078DBD6,$00988AA0])]
      006 0300BF46  GETTABLE r3 := r1[k3 ('rank' [h=0074F9BF,$00984980])]
      007 0400BF86  GETTABLE r4 := r1[k4 ('actorName' [h=4EB2E2FD,$0098A660])]
      008 05000145 GETGLOBAL r5 := _G[k5 ('Utility_GetStringById' [h=F7067A6C,$009EF080])]
      009 06000181     LOADK r6 := k6 ('cards.' [h=D57F6D19,$009C2520])
      010 07010000      MOVE r7 := r2
      011 080001C1     LOADK r8 := k7 ('.' [h=0000004F,$00994000])
      012 09018000      MOVE r9 := r3
      013 0A000201     LOADK r10 := k8 ('.Name' [h=10ED9EC8,$0097CE00])
      014 06030293    CONCAT r6 := r6 ... r10
      015 05010099      CALL r5 (1 args) => 1 results
      016 06010000      MOVE r6 := r2
      017 07018000      MOVE r7 := r3
      018 08000241     LOADK r8 := k9 ('Objective' [h=6EC2C442,$0098FB80])
      019 06030213    CONCAT r6 := r6 ... r8
      020 07000285 GETGLOBAL r7 := _G[k10 ('gameflow_DoesPlayerHaveCardIntel' [h=A6CC3E05,$00A3B080])]
      021 08010000      MOVE r8 := r2
      022 09018000      MOVE r9 := r3
      023 07018099      CALL r7 (2 args) => 1 results
      024 0800010A  NEWTABLE r8 := {} (#a=0, #h=4)
      025 08828189  SETTABLE r6 ->> r8[k11 ('objectiveName' [h=2337C7CC,$0097D840])]
      026 09000345 GETGLOBAL r9 := _G[k13 ('gameflow_DeckNumberCardVerified' [h=2828B179,$00A13E00])]
      027 08830249  SETTABLE r9 ->> r8[k12 ('callbackFunc' [h=1E1CD035,$009C7860])]
      028 087F0109  SETTABLE r4 ->> r8[k4 ('actorName' [h=4EB2E2FD,$0098A660])]
      029 08840149  SETTABLE r5 ->> r8[k14 ('actorCaption' [h=0C46BDC7,$0099F520])]
      030 08848149  SETTABLE r5 ->> r8[k15 ('objectiveDesc' [h=54B269EB,$009A9720])]
      031 088542C9  SETTABLE k17 ('OBJECTIVE_TYPE_SECONDARY' [h=AE817712,$00A3DE00]) ->> r8[k16 ('objectiveType' [h=4CF75B8E,$00995160])]
      032 08864349  SETTABLE k19 ('TARGET_TYPE_OBJECTIVE_SECONDARY' [h=A2EEB365,$00A31440]) ->> r8[k18 ('targetType' [h=4E235805,$0098DD20])]
      033 09000002  LOADBOOL r9 := False
      034 08870249  SETTABLE r9 ->> r8[k20 ('markInGPS' [h=1F1CD89F,$009C6C20])]
      035 0900C406  GETTABLE r9 := r1[k22 ('bCardIdentified' [h=9E3CFB0E,$00997600])]
      036 08878249  SETTABLE r9 ->> r8[k21 ('markInPDA' [h=06AF161A,$0099AF00])]
      037 09000002  LOADBOOL r9 := False
      038 08888249  SETTABLE r9 ->> r8[k23 ('markInWorld' [h=5268B4A8,$009BF900])]
      039 08890089  SETTABLE r2 ->> r8[k24 ('blipType' [h=D6B22C63,$009C0A20])]
      040 09008002  LOADBOOL r9 := True
      041 08898249  SETTABLE r9 ->> r8[k25 ('drawDiamond' [h=F9D35DC5,$00985900])]
      042 07038018      TEST not r7 : r7 := r7
      043 00800214       JMP +9 ; 53
      044 0900C506  GETTABLE r9 := r1[k26 ('events' [h=7B78A23A,$009A5380])]
      045 0A000705 GETGLOBAL r10 := _G[k28 ('gameflow_SetupEventCardIsNear' [h=12E1AC1E,$00A08940])]
      046 0B000741     LOADK r11 := k29 ('player0' [h=316752BF,$009A56E0])
      047 0C000000      MOVE r12 := r0
      048 0D000785 GETGLOBAL r13 := _G[k30 ('INTEL_CARD_IDENT_DIST' [h=B8F54555,$009E0480])]
      049 0E008002  LOADBOOL r14 := True
      050 0A028099      CALL r10 (4 args) => 1 results
      051 098A8289  SETTABLE r10 ->> r9[k27 ('hCardNearEvent' [h=E8F1F851,$009A7700])]
      052 00800494       JMP +19 ; 72
      053 09000805 GETGLOBAL r9 := _G[k32 ('gameflow_UnidentifiedCardFound' [h=C1A0D2B9,$009DEE80])]
      054 088C8249  SETTABLE r9 ->> r8[k31 ('killCallbackFunc' [h=4C5627FE,$009D0840])]
      055 09000805 GETGLOBAL r9 := _G[k32 ('gameflow_UnidentifiedCardFound' [h=C1A0D2B9,$009DEE80])]
      056 088D8249  SETTABLE r9 ->> r8[k33 ('subdueCallbackFunc' [h=24C7EABC,$009DD1C0])]
      057 0900C506  GETTABLE r9 := r1[k26 ('events' [h=7B78A23A,$009A5380])]
      058 0A0008C5 GETGLOBAL r10 := _G[k35 ('Event_ActorInFocus' [h=EF5E56D2,$009F3340])]
      059 0B000801     LOADK r11 := k32 ('gameflow_UnidentifiedCardFound' [h=C1A0D2B9,$009DEE80])
      060 0C000901     LOADK r12 := k36 ('b' [h=00000083,$00983380])
      061 0D000000      MOVE r13 := r0
      062 0A020099      CALL r10 (3 args) => 1 results
      063 098E0289  SETTABLE r10 ->> r9[k34 ('hCardInFocusEvent' [h=9EB93E12,$009F6800])]
      064 0900C506  GETTABLE r9 := r1[k26 ('events' [h=7B78A23A,$009A5380])]
      065 0A000705 GETGLOBAL r10 := _G[k28 ('gameflow_SetupEventCardIsNear' [h=12E1AC1E,$00A08940])]
      066 0B000741     LOADK r11 := k29 ('player0' [h=316752BF,$009A56E0])
      067 0C000000      MOVE r12 := r0
      068 0D000945 GETGLOBAL r13 := _G[k37 ('NO_INTEL_CARD_IDENT_DIST' [h=82F96B69,$009CBE00])]
      069 0E008002  LOADBOOL r14 := True
      070 0A028099      CALL r10 (4 args) => 1 results
      071 098A8289  SETTABLE r10 ->> r9[k27 ('hCardNearEvent' [h=E8F1F851,$009A7700])]
      072 09000985 GETGLOBAL r9 := _G[k38 ('mission_ObjectiveVerify' [h=E406DF42,$009DB040])]
      073 0A040000      MOVE r10 := r8
      074 09010059      CALL r9 (1 args) => 0 results
      075 0000801B    RETURN
  [Node$01A314F4] 'jeff_EquippedItem' [h=4C3BFE49,$009EE4C0]: function$0097F900 'jeff_EquippedItem' [h=4C3BFE49,$009EE4C0]
    CONST$00B1EBC0 k0  'util_PrintDebugMsg' [h=A2961C17,$00A25100]
    CONST$00B1EBC8 k1  '[##########] Generating e-mail for ' [h=A4363F2C,$009DEE40]
    CONST$00B1EBD0 k2  'tostring' [h=787EB105,$009A9A40]
    CONST$00B1EBD8 k3  '...' [h=00022571,$009A0EA0]
    CONST$00B1EBE0 k4  'Utility_ReadNumberFromScribbleMemory' [h=2BB92038,$009F9D40]
    CONST$00B1EBE8 k5  'EXISTS\n' [h=CD74A963,$009C89E0]
    CONST$00B1EBF0 k6  'Utility_WriteNumberToScribbleMemory' [h=DCF55147,$00A29080]
    CONST$00B1EBF8 k7  TObject(1.0)
    CONST$00B1EC00 k8  'Mail_Post' [h=CC9FDE1E,$0098B3A0]
    CONST$00B1EC08 k9  'sent!\n' [h=97817E08,$009BFE20]
     CODE$00A99AC0
      000 01000005 GETGLOBAL r1 := _G[k0 ('util_PrintDebugMsg' [h=A2961C17,$00A25100])]
      001 02000041     LOADK r2 := k1 ('[##########] Generating e-mail for ' [h=A4363F2C,$009DEE40])
      002 03000085 GETGLOBAL r3 := _G[k2 ('tostring' [h=787EB105,$009A9A40])]
      003 04000000      MOVE r4 := r0
      004 03010099      CALL r3 (1 args) => 1 results
      005 040000C1     LOADK r4 := k3 ('...' [h=00022571,$009A0EA0])
      006 02010113    CONCAT r2 := r2 ... r4
      007 01010059      CALL r1 (1 args) => 0 results
      008 01000105 GETGLOBAL r1 := _G[k4 ('Utility_ReadNumberFromScribbleMemory' [h=2BB92038,$009F9D40])]
      009 02000000      MOVE r2 := r0
      010 01010099      CALL r1 (1 args) => 1 results
      011 01008018      TEST not r1 : r1 := r1
      012 008000D4       JMP +4 ; 17
      013 01000005 GETGLOBAL r1 := _G[k0 ('util_PrintDebugMsg' [h=A2961C17,$00A25100])]
      014 02000141     LOADK r2 := k5 ('EXISTS\n' [h=CD74A963,$009C89E0])
      015 01010059      CALL r1 (1 args) => 0 results
      016 0000801B    RETURN
      017 01000185 GETGLOBAL r1 := _G[k6 ('Utility_WriteNumberToScribbleMemory' [h=DCF55147,$00A29080])]
      018 02000000      MOVE r2 := r0
      019 030001C1     LOADK r3 := k7 (TObject(1.0))
      020 01018059      CALL r1 (2 args) => 0 results
      021 01000205 GETGLOBAL r1 := _G[k8 ('Mail_Post' [h=CC9FDE1E,$0098B3A0])]
      022 02000000      MOVE r2 := r0
      023 01010059      CALL r1 (1 args) => 0 results
      024 01000005 GETGLOBAL r1 := _G[k0 ('util_PrintDebugMsg' [h=A2961C17,$00A25100])]
      025 02000241     LOADK r2 := k9 ('sent!\n' [h=97817E08,$009BFE20])
      026 01010059      CALL r1 (1 args) => 0 results
      027 0000801B    RETURN
  [Node$01A31508] 'table_ElementCnt' [h=BA1DCA4A,$009DB900]: function$009C0440 'table_ElementCnt' [h=BA1DCA4A,$009DB900]
    CONST$009575E0 k0  TObject(0.0)
    CONST$009575E8 k1  TObject(1.0)
     CODE$009F21C0
      000 01000001     LOADK r1 := k0 (TObject(0.0))
      001 02000000      MOVE r2 := r0
      002 03028003   LOADNIL r3 ... r5
      003 0280001E  TFORPREP WIP
      004 0100BECC       ADD r1 := r1 + k1 (TObject(1.0))
      005 0200005D  TFORLOOP WIP
      006 007FFF14       JMP -3 ; 4
      007 0101001B    RETURN r1 ... r1
      008 0000801B    RETURN
  [Node$01A3151C] 'DELIV_AREA_TYPE_LOC' [h=C2CF524B,$00A23880]: TObject(1.0)
  [Node$01A31530] 'gameflow_RemoveCardIntel' [h=533D8100,$009D1CC0]: function$0097F9A0 'gameflow_RemoveCardIntel' [h=533D8100,$009D1CC0]
    CONST$009CFB00 k0  'gameflow_DoesPlayerHaveCardIntel' [h=A6CC3E05,$00A3B080]
    CONST$009CFB08 k1  'Utility_EraseValueFromScribbleMemory' [h=D5C200E6,$00A13000]
    CONST$009CFB10 k2  'gameflow_GetCardIntelScribMemVarName' [h=1BD00BE0,$00A3CF00]
    CONST$009CFB18 k3  'Utility_WriteNumberToScribbleMemory' [h=DCF55147,$00A29080]
    CONST$009CFB20 k4  'gameflow_GetHadCardIntelScribMemVarName' [h=B66B54E2,$00A308C0]
    CONST$009CFB28 k5  TObject(1.0)
     CODE$00B0EAC0
      000 02000005 GETGLOBAL r2 := _G[k0 ('gameflow_DoesPlayerHaveCardIntel' [h=A6CC3E05,$00A3B080])]
      001 03000000      MOVE r3 := r0
      002 04008000      MOVE r4 := r1
      003 02018099      CALL r2 (2 args) => 1 results
      004 02010018      TEST not r2 : r2 := r2
      005 00800314       JMP +13 ; 19
      006 02000045 GETGLOBAL r2 := _G[k1 ('Utility_EraseValueFromScribbleMemory' [h=D5C200E6,$00A13000])]
      007 03000085 GETGLOBAL r3 := _G[k2 ('gameflow_GetCardIntelScribMemVarName' [h=1BD00BE0,$00A3CF00])]
      008 04000000      MOVE r4 := r0
      009 05008000      MOVE r5 := r1
      010 03018019      CALL r3 (2 args) => -1 results
      011 02000059      CALL r2 (-1 args) => 0 results
      012 020000C5 GETGLOBAL r2 := _G[k3 ('Utility_WriteNumberToScribbleMemory' [h=DCF55147,$00A29080])]
      013 03000105 GETGLOBAL r3 := _G[k4 ('gameflow_GetHadCardIntelScribMemVarName' [h=B66B54E2,$00A308C0])]
      014 04000000      MOVE r4 := r0
      015 05008000      MOVE r5 := r1
      016 03018099      CALL r3 (2 args) => 1 results
      017 04000141     LOADK r4 := k5 (TObject(1.0))
      018 02018059      CALL r2 (2 args) => 0 results
      019 0000801B    RETURN
  [Node$01A31544] 'gameflow_RemoveCardIntelEmailsForChapter' [h=6614ACBA,$009E8800]: function$00992700 'gameflow_RemoveCardIntelEmailsForChapter' [h=6614ACBA,$009E8800]
    CONST$009EB340 k0  'suit_sequence' [h=3E108615,$009801E0]
    CONST$009EB348 k1  'CARD_RANK_MIN' [h=4771A7AF,$0098B6E0]
    CONST$009EB350 k2  'CARD_RANK_NUM_MAX' [h=7876B666,$00A39880]
    CONST$009EB358 k3  TObject(1.0)
    CONST$009EB360 k4  'Mail_Delete' [h=8D1A255E,$009A4260]
    CONST$009EB368 k5  'mail_cardinfo_' [h=B8CA2498,$00975CE0]
    CONST$009EB370 k6  'Utility_EraseValueFromScribbleMemory' [h=D5C200E6,$00A13000]
    CONST$009EB378 k7  'gameflow_GetCardIntelScribMemVarName' [h=1BD00BE0,$00A3CF00]
     CODE$00A84140
      000 01000005 GETGLOBAL r1 := _G[k0 ('suit_sequence' [h=3E108615,$009801E0])]
      001 01008006  GETTABLE r1 := r1[r0]
      002 02000045 GETGLOBAL r2 := _G[k1 ('CARD_RANK_MIN' [h=4771A7AF,$0098B6E0])]
      003 03000085 GETGLOBAL r3 := _G[k2 ('CARD_RANK_NUM_MAX' [h=7876B666,$00A39880])]
      004 040000C1     LOADK r4 := k3 (TObject(1.0))
      005 0201010D       SUB r2 := r2 - r4
      006 008002D4       JMP +12 ; 19
      007 05000105 GETGLOBAL r5 := _G[k4 ('Mail_Delete' [h=8D1A255E,$009A4260])]
      008 06000141     LOADK r6 := k5 ('mail_cardinfo_' [h=B8CA2498,$00975CE0])
      009 07008000      MOVE r7 := r1
      010 08010000      MOVE r8 := r2
      011 06030213    CONCAT r6 := r6 ... r8
      012 05010059      CALL r5 (1 args) => 0 results
      013 05000185 GETGLOBAL r5 := _G[k6 ('Utility_EraseValueFromScribbleMemory' [h=D5C200E6,$00A13000])]
      014 060001C5 GETGLOBAL r6 := _G[k7 ('gameflow_GetCardIntelScribMemVarName' [h=1BD00BE0,$00A3CF00])]
      015 07008000      MOVE r7 := r1
      016 08010000      MOVE r8 := r2
      017 06018019      CALL r6 (2 args) => -1 results
      018 05000059      CALL r5 (-1 args) => 0 results
      019 027FFC9C   FORLOOP r2 := r4; if r2 <= r3 JMP -13
      020 0000801B    RETURN
  [Node$01A31558] 'gameflow_DoesPlayerHaveCardIntel' [h=A6CC3E05,$00A3B080]: function$00989D80 'gameflow_DoesPlayerHaveCardIntel' [h=A6CC3E05,$00A3B080]
    CONST$00979F20 k0  'Utility_ReadStringFromScribbleMemory' [h=5455F3B9,$00A0C940]
    CONST$00979F28 k1  'gameflow_GetCardIntelScribMemVarName' [h=1BD00BE0,$00A3CF00]
    CONST$00979F30 k2  'newinfo' [h=6C9AFA8E,$00992D80]
     CODE$00A09E40
      000 02000005 GETGLOBAL r2 := _G[k0 ('Utility_ReadStringFromScribbleMemory' [h=5455F3B9,$00A0C940])]
      001 03000045 GETGLOBAL r3 := _G[k1 ('gameflow_GetCardIntelScribMemVarName' [h=1BD00BE0,$00A3CF00])]
      002 04000000      MOVE r4 := r0
      003 05008000      MOVE r5 := r1
      004 03018019      CALL r3 (2 args) => -1 results
      005 02000099      CALL r2 (-1 args) => 1 results
      006 01013F15        EQ r2 == k2 ('newinfo' [h=6C9AFA8E,$00992D80])
      007 00800014       JMP +1 ; 9
      008 02000042  LOADBOOL r2 := False ; br 10
      009 02008002  LOADBOOL r2 := True
      010 0201001B    RETURN r2 ... r2
      011 0000801B    RETURN
  [Node$01A3156C] 'gameflow_UnidentifiedCardFound' [h=C1A0D2B9,$009DEE80]: function$009C4E60 'gameflow_UnidentifiedCardFound' [h=C1A0D2B9,$009DEE80]
    CONST$00BB9540 k0  'tDeckNameLookup' [h=A7B158D1,$009C3980]
    CONST$00BB9548 k1  'Utility_GetActorAsInt' [h=A2B359A3,$00A3EB80]
    CONST$00BB9550 k2  'suit' [h=0078DBD6,$00988AA0]
    CONST$00BB9558 k3  'rank' [h=0074F9BF,$00984980]
    CONST$00BB9560 k4  'bCardIdentified' [h=9E3CFB0E,$00997600]
    CONST$00BB9568 k5  'gameflow_DoesPlayerHaveCardIntel' [h=A6CC3E05,$00A3B080]
    CONST$00BB9570 k6  'Utility_WriteNumberToScribbleMemory' [h=DCF55147,$00A29080]
    CONST$00BB9578 k7  'identified' [h=D2D7AD7D,$0099B580]
    CONST$00BB9580 k8  TObject(1.0)
    CONST$00BB9588 k9  'actorName' [h=4EB2E2FD,$0098A660]
    CONST$00BB9590 k10 'mission_ModifyObjective' [h=CACD7EB6,$009CB800]
    CONST$00BB9598 k11 'targets' [h=0DB147A6,$00976E00]
    CONST$00BB95A0 k12 'markInGPS' [h=1F1CD89F,$009C6C20]
    CONST$00BB95A8 k13 'markInPDA' [h=06AF161A,$0099AF00]
    CONST$00BB95B0 k14 'markInWorld' [h=5268B4A8,$009BF900]
    CONST$00BB95B8 k15 'bForceRemove' [h=7DD64BE6,$009A8E00]
    CONST$00BB95C0 k16 'bForceRedraw' [h=B0EEE69E,$009A7EE0]
    CONST$00BB95C8 k17 'Audio_IsFionaDialogPlaying' [h=5472B5FE,$00A2CC80]
    CONST$00BB95D0 k18 'Audio_PlayVoiceover' [h=EE2AB1DE,$00A40EC0]
    CONST$00BB95D8 k19 'fio.xfio059' [h=1F60BBD2,$0099E240]
     CODE$00C27940
      000 01000005 GETGLOBAL r1 := _G[k0 ('tDeckNameLookup' [h=A7B158D1,$009C3980])]
      001 02000045 GETGLOBAL r2 := _G[k1 ('Utility_GetActorAsInt' [h=A2B359A3,$00A3EB80])]
      002 03000000      MOVE r3 := r0
      003 02010099      CALL r2 (1 args) => 1 results
      004 01008086  GETTABLE r1 := r1[r2]
      005 0200BF06  GETTABLE r2 := r1[k2 ('suit' [h=0078DBD6,$00988AA0])]
      006 0300BF46  GETTABLE r3 := r1[k3 ('rank' [h=0074F9BF,$00984980])]
      007 0400BF86  GETTABLE r4 := r1[k4 ('bCardIdentified' [h=9E3CFB0E,$00997600])]
      008 04020058      TEST r4 : r4 := r4
      009 00800A14       JMP +41 ; 51
      010 04008002  LOADBOOL r4 := True
      011 017F0109  SETTABLE r4 ->> r1[k4 ('bCardIdentified' [h=9E3CFB0E,$00997600])]
      012 04000145 GETGLOBAL r4 := _G[k5 ('gameflow_DoesPlayerHaveCardIntel' [h=A6CC3E05,$00A3B080])]
      013 05010000      MOVE r5 := r2
      014 06018000      MOVE r6 := r3
      015 04018099      CALL r4 (2 args) => 1 results
      016 04020018      TEST not r4 : r4 := r4
      017 00800194       JMP +7 ; 25
      018 04000185 GETGLOBAL r4 := _G[k6 ('Utility_WriteNumberToScribbleMemory' [h=DCF55147,$00A29080])]
      019 05010000      MOVE r5 := r2
      020 06018000      MOVE r6 := r3
      021 070001C1     LOADK r7 := k7 ('identified' [h=D2D7AD7D,$0099B580])
      022 050281D3    CONCAT r5 := r5 ... r7
      023 06000201     LOADK r6 := k8 (TObject(1.0))
      024 04018059      CALL r4 (2 args) => 0 results
      025 0400C0C6  GETTABLE r4 := r1[k9 ('actorName' [h=4EB2E2FD,$0098A660])]
      026 05000285 GETGLOBAL r5 := _G[k10 ('mission_ModifyObjective' [h=CACD7EB6,$009CB800])]
      027 0600008A  NEWTABLE r6 := {} (#a=0, #h=2)
      028 0700800A  NEWTABLE r7 := {} (#a=1, #h=0)
      029 080000CA  NEWTABLE r8 := {} (#a=0, #h=3)
      030 08818109  SETTABLE r4 ->> r8[k9 ('actorName' [h=4EB2E2FD,$0098A660])]
      031 09008002  LOADBOOL r9 := True
      032 08830249  SETTABLE r9 ->> r8[k12 ('markInGPS' [h=1F1CD89F,$009C6C20])]
      033 09008002  LOADBOOL r9 := True
      034 08838249  SETTABLE r9 ->> r8[k13 ('markInPDA' [h=06AF161A,$0099AF00])]
      035 09008002  LOADBOOL r9 := True
      036 08840249  SETTABLE r9 ->> r8[k14 ('markInWorld' [h=5268B4A8,$009BF900])]
      037 0700001F   SETLIST r7 [0]
      038 068281C9  SETTABLE r7 ->> r6[k11 ('targets' [h=0DB147A6,$00976E00])]
      039 07008002  LOADBOOL r7 := True
      040 068481C9  SETTABLE r7 ->> r6[k15 ('bForceRemove' [h=7DD64BE6,$009A8E00])]
      041 07008002  LOADBOOL r7 := True
      042 068501C9  SETTABLE r7 ->> r6[k16 ('bForceRedraw' [h=B0EEE69E,$009A7EE0])]
      043 05010059      CALL r5 (1 args) => 0 results
      044 05000445 GETGLOBAL r5 := _G[k17 ('Audio_IsFionaDialogPlaying' [h=5472B5FE,$00A2CC80])]
      045 05008099      CALL r5 (0 args) => 1 results
      046 05028058      TEST r5 : r5 := r5
      047 00800094       JMP +3 ; 51
      048 05000485 GETGLOBAL r5 := _G[k18 ('Audio_PlayVoiceover' [h=EE2AB1DE,$00A40EC0])]
      049 060004C1     LOADK r6 := k19 ('fio.xfio059' [h=1F60BBD2,$0099E240])
      050 05010059      CALL r5 (1 args) => 0 results
      051 0000801B    RETURN
  [Node$01A31580] 'VERB_DESTROY' [h=4B9E3A50,$009C0600]: TObject(1.0)
  [Node$01A31594] 'gameflow_CardIsNear' [h=CF58EF7F,$009DAEC0]: function$0099D620 'gameflow_CardIsNear' [h=CF58EF7F,$009DAEC0]
    CONST$00A1F440 k0  'tDeckNameLookup' [h=A7B158D1,$009C3980]
    CONST$00A1F448 k1  'Utility_GetActorAsInt' [h=A2B359A3,$00A3EB80]
    CONST$00A1F450 k2  'gameflow_UnidentifiedCardFound' [h=C1A0D2B9,$009DEE80]
    CONST$00A1F458 k3  'events' [h=7B78A23A,$009A5380]
    CONST$00A1F460 k4  'hCardNearEvent' [h=E8F1F851,$009A7700]
    CONST$00A1F468 k5  'gameflow_SetupEventCardIsNear' [h=12E1AC1E,$00A08940]
     CODE$00B17FC0
      000 04000005 GETGLOBAL r4 := _G[k0 ('tDeckNameLookup' [h=A7B158D1,$009C3980])]
      001 05000045 GETGLOBAL r5 := _G[k1 ('Utility_GetActorAsInt' [h=A2B359A3,$00A3EB80])]
      002 06008000      MOVE r6 := r1
      003 05010099      CALL r5 (1 args) => 1 results
      004 04020146  GETTABLE r4 := r4[r5]
      005 03018018      TEST not r3 : r3 := r3
      006 00800094       JMP +3 ; 10
      007 05000085 GETGLOBAL r5 := _G[k2 ('gameflow_UnidentifiedCardFound' [h=C1A0D2B9,$009DEE80])]
      008 06008000      MOVE r6 := r1
      009 05010059      CALL r5 (1 args) => 0 results
      010 05023F46  GETTABLE r5 := r4[k3 ('events' [h=7B78A23A,$009A5380])]
      011 06000145 GETGLOBAL r6 := _G[k5 ('gameflow_SetupEventCardIsNear' [h=12E1AC1E,$00A08940])]
      012 07000000      MOVE r7 := r0
      013 08008000      MOVE r8 := r1
      014 09010000      MOVE r9 := r2
      015 0A018012       NOT r10 := not r3
      016 06028099      CALL r6 (4 args) => 1 results
      017 057F0189  SETTABLE r6 ->> r5[k4 ('hCardNearEvent' [h=E8F1F851,$009A7700])]
      018 0000801B    RETURN
  [Node$01A315A8] 'SetupEventTargetActorSold' [h=886D0252,$00A3E800]: function$009812C0 'SetupEventTargetActorSold' [h=886D0252,$00A3E800]
    CONST$009C7440 k0  'Event_ActorSold' [h=F4423E83,$00998B40]
    CONST$009C7448 k1  'TargetActorSold' [h=35E6B2AF,$00987760]
    CONST$009C7450 k2  'b' [h=00000083,$00983380]
     CODE$009872E0
      000 01000005 GETGLOBAL r1 := _G[k0 ('Event_ActorSold' [h=F4423E83,$00998B40])]
      001 02000041     LOADK r2 := k1 ('TargetActorSold' [h=35E6B2AF,$00987760])
      002 03000081     LOADK r3 := k2 ('b' [h=00000083,$00983380])
      003 04000000      MOVE r4 := r0
      004 0102001A  TAILCALL r1 (3 args)
      005 0100001B    RETURN r1 ... top
      006 0000801B    RETURN
  [Node$01A315BC] 'iAceIntel' [h=ECD07653,$009AA1C0]: TObject(0.0)
  [Node$01A315D0] 'Mission_PlayerRespawn' [h=4F618654,$00A085C0]: cfunction$002A0C10 'Mission_PlayerRespawn' [h=4F618654,$00A085C0]
  [Node$01A315E4] 'ActorVehicle_SpawnCargo' [h=F40A6655,$009FC180]: cfunction$002B1608 'ActorVehicle_SpawnCargo' [h=F40A6655,$009FC180]
  [Node$01A315F8] 'gameflow_CardIsDormant' [h=587430DC,$009D2D40]: function$009C6340 'gameflow_CardIsDormant' [h=587430DC,$009D2D40]
    CONST$00C1F440 k0  'tDeckNameLookup' [h=A7B158D1,$009C3980]
    CONST$00C1F448 k1  'Utility_GetActorAsInt' [h=A2B359A3,$00A3EB80]
    CONST$00C1F450 k2  'suit' [h=0078DBD6,$00988AA0]
    CONST$00C1F458 k3  'rank' [h=0074F9BF,$00984980]
    CONST$00C1F460 k4  'actorName' [h=4EB2E2FD,$0098A660]
    CONST$00C1F468 k5  'Utility_GetStringById' [h=F7067A6C,$009EF080]
    CONST$00C1F470 k6  'cards.' [h=D57F6D19,$009C2520]
    CONST$00C1F478 k7  '.' [h=0000004F,$00994000]
    CONST$00C1F480 k8  '.Name' [h=10ED9EC8,$0097CE00]
    CONST$00C1F488 k9  'Objective' [h=6EC2C442,$0098FB80]
    CONST$00C1F490 k10 'gameflow_DoesPlayerHaveCardIntel' [h=A6CC3E05,$00A3B080]
    CONST$00C1F498 k11 'util_PrintDebugMsg' [h=A2961C17,$00A25100]
    CONST$00C1F4A0 k12 '[gameflow.lua] Verification objective for ' [h=5FA7DA01,$009E7600]
    CONST$00C1F4A8 k13 ' (' [h=00000D10,$00985F00]
    CONST$00C1F4B0 k14 ') ' [h=00000CE3,$009AA5C0]
    CONST$00C1F4B8 k15 'removed\n' [h=2F6AADA4,$009A8CA0]
    CONST$00C1F4C0 k16 'mission_ModifyObjective' [h=CACD7EB6,$009CB800]
    CONST$00C1F4C8 k17 'targets' [h=0DB147A6,$00976E00]
    CONST$00C1F4D0 k18 'markInGPS' [h=1F1CD89F,$009C6C20]
    CONST$00C1F4D8 k19 'markInWorld' [h=5268B4A8,$009BF900]
    CONST$00C1F4E0 k20 'bForceRemove' [h=7DD64BE6,$009A8E00]
    CONST$00C1F4E8 k21 'bForceRedraw' [h=B0EEE69E,$009A7EE0]
    CONST$00C1F4F0 k22 'bCardIdentified' [h=9E3CFB0E,$00997600]
    CONST$00C1F4F8 k23 'mission_RemoveObjective' [h=B90D805B,$00A28940]
    CONST$00C1F500 k24 'added\n' [h=CB3E69BA,$0099C460]
    CONST$00C1F508 k25 'gameflow_CreateNumberCardVerifyObjective' [h=8E902A3C,$00A05800]
    CONST$00C1F510 k26 'events' [h=7B78A23A,$009A5380]
    CONST$00C1F518 k27 'hCardDormantEvent' [h=A8580966,$00A02100]
    CONST$00C1F520 k28 'gameflow_SetupEventCardIsDormant' [h=FDEEF66B,$00A40800]
     CODE$00CFD800
      000 02000005 GETGLOBAL r2 := _G[k0 ('tDeckNameLookup' [h=A7B158D1,$009C3980])]
      001 03000045 GETGLOBAL r3 := _G[k1 ('Utility_GetActorAsInt' [h=A2B359A3,$00A3EB80])]
      002 04000000      MOVE r4 := r0
      003 03010099      CALL r3 (1 args) => 1 results
      004 020100C6  GETTABLE r2 := r2[r3]
      005 03013F06  GETTABLE r3 := r2[k2 ('suit' [h=0078DBD6,$00988AA0])]
      006 04013F46  GETTABLE r4 := r2[k3 ('rank' [h=0074F9BF,$00984980])]
      007 05013F86  GETTABLE r5 := r2[k4 ('actorName' [h=4EB2E2FD,$0098A660])]
      008 06000145 GETGLOBAL r6 := _G[k5 ('Utility_GetStringById' [h=F7067A6C,$009EF080])]
      009 07000181     LOADK r7 := k6 ('cards.' [h=D57F6D19,$009C2520])
      010 08018000      MOVE r8 := r3
      011 090001C1     LOADK r9 := k7 ('.' [h=0000004F,$00994000])
      012 0A020000      MOVE r10 := r4
      013 0B000201     LOADK r11 := k8 ('.Name' [h=10ED9EC8,$0097CE00])
      014 070382D3    CONCAT r7 := r7 ... r11
      015 06010099      CALL r6 (1 args) => 1 results
      016 07018000      MOVE r7 := r3
      017 08020000      MOVE r8 := r4
      018 09000241     LOADK r9 := k9 ('Objective' [h=6EC2C442,$0098FB80])
      019 07038253    CONCAT r7 := r7 ... r9
      020 08000285 GETGLOBAL r8 := _G[k10 ('gameflow_DoesPlayerHaveCardIntel' [h=A6CC3E05,$00A3B080])]
      021 09018000      MOVE r9 := r3
      022 0A020000      MOVE r10 := r4
      023 08018099      CALL r8 (2 args) => 1 results
      024 090002C5 GETGLOBAL r9 := _G[k11 ('util_PrintDebugMsg' [h=A2961C17,$00A25100])]
      025 0A000301     LOADK r10 := k12 ('[gameflow.lua] Verification objective for ' [h=5FA7DA01,$009E7600])
      026 0B028000      MOVE r11 := r5
      027 0C000341     LOADK r12 := k13 (' (' [h=00000D10,$00985F00])
      028 0D030000      MOVE r13 := r6
      029 0E000381     LOADK r14 := k14 (') ' [h=00000CE3,$009AA5C0])
      030 0A050393    CONCAT r10 := r10 ... r14
      031 09010059      CALL r9 (1 args) => 0 results
      032 01008018      TEST not r1 : r1 := r1
      033 008006D4       JMP +28 ; 62
      034 090002C5 GETGLOBAL r9 := _G[k11 ('util_PrintDebugMsg' [h=A2961C17,$00A25100])]
      035 0A0003C1     LOADK r10 := k15 ('removed\n' [h=2F6AADA4,$009A8CA0])
      036 09010059      CALL r9 (1 args) => 0 results
      037 08040018      TEST not r8 : r8 := r8
      038 00800414       JMP +17 ; 56
      039 09000405 GETGLOBAL r9 := _G[k16 ('mission_ModifyObjective' [h=CACD7EB6,$009CB800])]
      040 0A00008A  NEWTABLE r10 := {} (#a=0, #h=2)
      041 0B00800A  NEWTABLE r11 := {} (#a=1, #h=0)
      042 0C00008A  NEWTABLE r12 := {} (#a=0, #h=2)
      043 0C7F0149  SETTABLE r5 ->> r12[k4 ('actorName' [h=4EB2E2FD,$0098A660])]
      044 0D000002  LOADBOOL r13 := False
      045 0C860349  SETTABLE r13 ->> r12[k18 ('markInGPS' [h=1F1CD89F,$009C6C20])]
      046 0D000002  LOADBOOL r13 := False
      047 0C868349  SETTABLE r13 ->> r12[k19 ('markInWorld' [h=5268B4A8,$009BF900])]
      048 0B00001F   SETLIST r11 [0]
      049 0A8582C9  SETTABLE r11 ->> r10[k17 ('targets' [h=0DB147A6,$00976E00])]
      050 0B008002  LOADBOOL r11 := True
      051 0A8702C9  SETTABLE r11 ->> r10[k20 ('bForceRemove' [h=7DD64BE6,$009A8E00])]
      052 0B008002  LOADBOOL r11 := True
      053 0A8782C9  SETTABLE r11 ->> r10[k21 ('bForceRedraw' [h=B0EEE69E,$009A7EE0])]
      054 09010059      CALL r9 (1 args) => 0 results
      055 00800854       JMP +34 ; 90
      056 09000002  LOADBOOL r9 := False
      057 02880249  SETTABLE r9 ->> r2[k22 ('bCardIdentified' [h=9E3CFB0E,$00997600])]
      058 090005C5 GETGLOBAL r9 := _G[k23 ('mission_RemoveObjective' [h=B90D805B,$00A28940])]
      059 0A038000      MOVE r10 := r7
      060 09010059      CALL r9 (1 args) => 0 results
      061 008006D4       JMP +28 ; 90
      062 090002C5 GETGLOBAL r9 := _G[k11 ('util_PrintDebugMsg' [h=A2961C17,$00A25100])]
      063 0A000601     LOADK r10 := k24 ('added\n' [h=CB3E69BA,$0099C460])
      064 09010059      CALL r9 (1 args) => 0 results
      065 08040018      TEST not r8 : r8 := r8
      066 008004D4       JMP +20 ; 87
      067 09014406  GETTABLE r9 := r2[k22 ('bCardIdentified' [h=9E3CFB0E,$00997600])]
      068 09048018      TEST not r9 : r9 := r9
      069 00800414       JMP +17 ; 87
      070 09000405 GETGLOBAL r9 := _G[k16 ('mission_ModifyObjective' [h=CACD7EB6,$009CB800])]
      071 0A00008A  NEWTABLE r10 := {} (#a=0, #h=2)
      072 0B00800A  NEWTABLE r11 := {} (#a=1, #h=0)
      073 0C00008A  NEWTABLE r12 := {} (#a=0, #h=2)
      074 0C7F0149  SETTABLE r5 ->> r12[k4 ('actorName' [h=4EB2E2FD,$0098A660])]
      075 0D008002  LOADBOOL r13 := True
      076 0C860349  SETTABLE r13 ->> r12[k18 ('markInGPS' [h=1F1CD89F,$009C6C20])]
      077 0D008002  LOADBOOL r13 := True
      078 0C868349  SETTABLE r13 ->> r12[k19 ('markInWorld' [h=5268B4A8,$009BF900])]
      079 0B00001F   SETLIST r11 [0]
      080 0A8582C9  SETTABLE r11 ->> r10[k17 ('targets' [h=0DB147A6,$00976E00])]
      081 0B008002  LOADBOOL r11 := True
      082 0A8702C9  SETTABLE r11 ->> r10[k20 ('bForceRemove' [h=7DD64BE6,$009A8E00])]
      083 0B008002  LOADBOOL r11 := True
      084 0A8782C9  SETTABLE r11 ->> r10[k21 ('bForceRedraw' [h=B0EEE69E,$009A7EE0])]
      085 09010059      CALL r9 (1 args) => 0 results
      086 00800094       JMP +3 ; 90
      087 09000645 GETGLOBAL r9 := _G[k25 ('gameflow_CreateNumberCardVerifyObjective' [h=8E902A3C,$00A05800])]
      088 0A000000      MOVE r10 := r0
      089 09010059      CALL r9 (1 args) => 0 results
      090 09014506  GETTABLE r9 := r2[k26 ('events' [h=7B78A23A,$009A5380])]
      091 0A000705 GETGLOBAL r10 := _G[k28 ('gameflow_SetupEventCardIsDormant' [h=FDEEF66B,$00A40800])]
      092 0B000000      MOVE r11 := r0
      093 0C008012       NOT r12 := not r1
      094 0A018099      CALL r10 (2 args) => 1 results
      095 098A8289  SETTABLE r10 ->> r9[k27 ('hCardDormantEvent' [h=A8580966,$00A02100])]
      096 0000801B    RETURN
  [Node$01A3160C] 'gameflow_Bridge_SW_pyn2pyd_Destroyed' [h=6B0719A9,$009DA280]: function$009A8BA0 'gameflow_Bridge_SW_pyn2pyd_Destroyed' [h=6B0719A9,$009DA280]
    CONST$009E04C0 k0  'gameflow_Bridge_SW_pyn2pyd_Destroyed' [h=6B0719A9,$009DA280]
    CONST$009E04C8 k1  'util_PrintDebugMsg' [h=A2961C17,$00A25100]
    CONST$009E04D0 k2  'Bridge pyn2pyd destroyed!!!\n' [h=6834E5D9,$00A06BC0]
    CONST$009E04D8 k3  'gameflow_Bridge_Destroy' [h=3AF48C8C,$00A035C0]
    CONST$009E04E0 k4  'bridge_pyn2pyd_01' [h=9C4766AF,$00A257C0]
    CONST$009E04E8 k5  't_pyn2pyd_01a' [h=2CE1BED7,$009BF8E0]
    CONST$009E04F0 k6  't_pyn2pyd_01b' [h=6AFC8613,$009861C0]
     CODE$009FCD40
      000 00000003   LOADNIL r0 ... r0
      001 00000007 SETGLOBAL r0 ->> _G[k0 ('gameflow_Bridge_SW_pyn2pyd_Destroyed' [h=6B0719A9,$009DA280])]
      002 00000045 GETGLOBAL r0 := _G[k1 ('util_PrintDebugMsg' [h=A2961C17,$00A25100])]
      003 01000081     LOADK r1 := k2 ('Bridge pyn2pyd destroyed!!!\n' [h=6834E5D9,$00A06BC0])
      004 00010059      CALL r0 (1 args) => 0 results
      005 000000C5 GETGLOBAL r0 := _G[k3 ('gameflow_Bridge_Destroy' [h=3AF48C8C,$00A035C0])]
      006 0100800A  NEWTABLE r1 := {} (#a=1, #h=0)
      007 02000101     LOADK r2 := k4 ('bridge_pyn2pyd_01' [h=9C4766AF,$00A257C0])
      008 0100001F   SETLIST r1 [0]
      009 0201000A  NEWTABLE r2 := {} (#a=2, #h=0)
      010 03000141     LOADK r3 := k5 ('t_pyn2pyd_01a' [h=2CE1BED7,$009BF8E0])
      011 04000181     LOADK r4 := k6 ('t_pyn2pyd_01b' [h=6AFC8613,$009861C0])
      012 0200005F   SETLIST r2 [1]
      013 00018059      CALL r0 (2 args) => 0 results
      014 0000801B    RETURN
  [Node$01A31620] 'util_MissionSeqNumToMissionAssetNum' [h=1B571A58,$00A1DCC0]: function$00985E20 'util_MissionSeqNumToMissionAssetNum' [h=1B571A58,$00A1DCC0]
    CONST$00961B90 k0  'util_GetMissionArcTable' [h=7D75105B,$00A39A40]
     CODE$009C2460
      000 03000005 GETGLOBAL r3 := _G[k0 ('util_GetMissionArcTable' [h=7D75105B,$00A39A40])]
      001 03008099      CALL r3 (0 args) => 1 results
      002 04018046  GETTABLE r4 := r3[r1]
      003 04020006  GETTABLE r4 := r4[r0]
      004 04020086  GETTABLE r4 := r4[r2]
      005 0401001B    RETURN r4 ... r4
      006 0000801B    RETURN
  [Node$01A31634] 'gameflow_Bridge_NW_bridge_ku2ybd_Destroyed' [h=47743DD5,$009D24C0]: function$00977C00 'gameflow_Bridge_NW_bridge_ku2ybd_Destroyed' [h=47743DD5,$009D24C0]
    CONST$00A67DC0 k0  'gameflow_Bridge_NW_bridge_ku2ybd_Destroyed' [h=47743DD5,$009D24C0]
    CONST$00A67DC8 k1  'util_PrintDebugMsg' [h=A2961C17,$00A25100]
    CONST$00A67DD0 k2  'Bridge bridge_ku2ybd_01 destroyed!!!\n' [h=B2156D29,$009DB8C0]
    CONST$00A67DD8 k3  'gameflow_Bridge_Destroy' [h=3AF48C8C,$00A035C0]
    CONST$00A67DE0 k4  'bridge_ku2ybd_01' [h=2383A54D,$00A31480]
    CONST$00A67DE8 k5  't_ku2ybd_02a' [h=C7E07131,$009C1B00]
    CONST$00A67DF0 k6  't_ku2ybd_02b' [h=B48E791E,$009C0180]
    CONST$00A67DF8 k7  't_ku2ybd_03a' [h=9190F7E7,$00987580]
    CONST$00A67E00 k8  't_ku2ybd_03b' [h=B40EFD7A,$0099FD80]
    CONST$00A67E08 k9  't_ku2ybd_04a' [h=65300F40,$009C0720]
    CONST$00A67E10 k10 't_ku2ybd_04b' [h=B62B8B23,$009C2240]
    CONST$00A67E18 k11 't_ku2ybd_01c' [h=262EA349,$00978100]
     CODE$00A6AA40
      000 00000003   LOADNIL r0 ... r0
      001 00000007 SETGLOBAL r0 ->> _G[k0 ('gameflow_Bridge_NW_bridge_ku2ybd_Destroyed' [h=47743DD5,$009D24C0])]
      002 00000045 GETGLOBAL r0 := _G[k1 ('util_PrintDebugMsg' [h=A2961C17,$00A25100])]
      003 01000081     LOADK r1 := k2 ('Bridge bridge_ku2ybd_01 destroyed!!!\n' [h=B2156D29,$009DB8C0])
      004 00010059      CALL r0 (1 args) => 0 results
      005 000000C5 GETGLOBAL r0 := _G[k3 ('gameflow_Bridge_Destroy' [h=3AF48C8C,$00A035C0])]
      006 0100800A  NEWTABLE r1 := {} (#a=1, #h=0)
      007 02000101     LOADK r2 := k4 ('bridge_ku2ybd_01' [h=2383A54D,$00A31480])
      008 0100001F   SETLIST r1 [0]
      009 0203000A  NEWTABLE r2 := {} (#a=6, #h=0)
      010 03000141     LOADK r3 := k5 ('t_ku2ybd_02a' [h=C7E07131,$009C1B00])
      011 04000181     LOADK r4 := k6 ('t_ku2ybd_02b' [h=B48E791E,$009C0180])
      012 050001C1     LOADK r5 := k7 ('t_ku2ybd_03a' [h=9190F7E7,$00987580])
      013 06000201     LOADK r6 := k8 ('t_ku2ybd_03b' [h=B40EFD7A,$0099FD80])
      014 07000241     LOADK r7 := k9 ('t_ku2ybd_04a' [h=65300F40,$009C0720])
      015 08000281     LOADK r8 := k10 ('t_ku2ybd_04b' [h=B62B8B23,$009C2240])
      016 0200015F   SETLIST r2 [5]
      017 0300800A  NEWTABLE r3 := {} (#a=1, #h=0)
      018 040002C1     LOADK r4 := k11 ('t_ku2ybd_01c' [h=262EA349,$00978100])
      019 0300001F   SETLIST r3 [0]
      020 00020059      CALL r0 (3 args) => 0 results
      021 0000801B    RETURN
  [Node$01A31648] 'Utility_OpenBriefingDataSets' [h=42CDDE5A,$009D5B00]: cfunction$002F8480 'Utility_OpenBriefingDataSets' [h=42CDDE5A,$009D5B00]
  [Node$01A3165C] 'gameflow_Bridge_NW_bridge_temple_Destroyed' [h=CB42C366,$00A2D580]: function$009C01A0 'gameflow_Bridge_NW_bridge_temple_Destroyed' [h=CB42C366,$00A2D580]
    CONST$009E06C0 k0  'gameflow_Bridge_NW_bridge_temple_Destroyed' [h=CB42C366,$00A2D580]
    CONST$009E06C8 k1  'util_PrintDebugMsg' [h=A2961C17,$00A25100]
    CONST$009E06D0 k2  'Bridge bridge_temple_01 destroyed!!!\n' [h=1F977369,$009FEAC0]
    CONST$009E06D8 k3  'gameflow_Bridge_Destroy' [h=3AF48C8C,$00A035C0]
    CONST$009E06E0 k4  'bridge_temple_01' [h=2F977EA5,$009EAC80]
     CODE$009CFEC0
      000 00000003   LOADNIL r0 ... r0
      001 00000007 SETGLOBAL r0 ->> _G[k0 ('gameflow_Bridge_NW_bridge_temple_Destroyed' [h=CB42C366,$00A2D580])]
      002 00000045 GETGLOBAL r0 := _G[k1 ('util_PrintDebugMsg' [h=A2961C17,$00A25100])]
      003 01000081     LOADK r1 := k2 ('Bridge bridge_temple_01 destroyed!!!\n' [h=1F977369,$009FEAC0])
      004 00010059      CALL r0 (1 args) => 0 results
      005 000000C5 GETGLOBAL r0 := _G[k3 ('gameflow_Bridge_Destroy' [h=3AF48C8C,$00A035C0])]
      006 0100800A  NEWTABLE r1 := {} (#a=1, #h=0)
      007 02000101     LOADK r2 := k4 ('bridge_temple_01' [h=2F977EA5,$009EAC80])
      008 0100001F   SETLIST r1 [0]
      009 00010059      CALL r0 (1 args) => 0 results
      010 0000801B    RETURN
  [Node$01A31670] 'Audio_PlayMusic' [h=FDC4EA5C,$009C2D40]: cfunction$002B84F0 'Audio_PlayMusic' [h=FDC4EA5C,$009C2D40]
  [Node$01A31684] 'Actor_Kill' [h=7FBDBA5D,$009C56C0]: cfunction$002A8F98 'Actor_Kill' [h=7FBDBA5D,$009C56C0]
  [Node$01A31698] 'Building_AlarmSetAlarmActive' [h=5A10D07E,$00A396C0]: cfunction$002C1220 'Building_AlarmSetAlarmActive' [h=5A10D07E,$00A396C0]
  [Node$01A316AC] 'Actor_SetIdleInPuppetState' [h=972AFA5F,$009EF780]: cfunction$002AD3F8 'Actor_SetIdleInPuppetState' [h=972AFA5F,$009EF780]
  [Node$01A316C0] 'gameflow_Bridge_SW_nmp2nab_Destroyed' [h=8B8F2660,$009DBF40]: function$009C0980 'gameflow_Bridge_SW_nmp2nab_Destroyed' [h=8B8F2660,$009DBF40]
    CONST$00ABE0C0 k0  'gameflow_Bridge_SW_nmp2nab_Destroyed' [h=8B8F2660,$009DBF40]
    CONST$00ABE0C8 k1  'util_PrintDebugMsg' [h=A2961C17,$00A25100]
    CONST$00ABE0D0 k2  'Bridge nmp2nab destroyed!!!\n' [h=C65EDD43,$009DE680]
    CONST$00ABE0D8 k3  'gameflow_Bridge_Destroy' [h=3AF48C8C,$00A035C0]
    CONST$00ABE0E0 k4  'bridge_nmp2nab_01' [h=87BD2D32,$009EABC0]
    CONST$00ABE0E8 k5  'bridge_nmp2nab_02' [h=8D655379,$009CFD00]
    CONST$00ABE0F0 k6  'bridge_nmp2nab_03' [h=AAA6DA67,$009FAA80]
    CONST$00ABE0F8 k7  't_nmp2nab_01a' [h=374476A8,$009767E0]
    CONST$00ABE100 k8  't_nmp2nab_01b' [h=6808CFDE,$00987B60]
     CODE$00ACC8C0
      000 00000003   LOADNIL r0 ... r0
      001 00000007 SETGLOBAL r0 ->> _G[k0 ('gameflow_Bridge_SW_nmp2nab_Destroyed' [h=8B8F2660,$009DBF40])]
      002 00000045 GETGLOBAL r0 := _G[k1 ('util_PrintDebugMsg' [h=A2961C17,$00A25100])]
      003 01000081     LOADK r1 := k2 ('Bridge nmp2nab destroyed!!!\n' [h=C65EDD43,$009DE680])
      004 00010059      CALL r0 (1 args) => 0 results
      005 000000C5 GETGLOBAL r0 := _G[k3 ('gameflow_Bridge_Destroy' [h=3AF48C8C,$00A035C0])]
      006 0101800A  NEWTABLE r1 := {} (#a=3, #h=0)
      007 02000101     LOADK r2 := k4 ('bridge_nmp2nab_01' [h=87BD2D32,$009EABC0])
      008 03000141     LOADK r3 := k5 ('bridge_nmp2nab_02' [h=8D655379,$009CFD00])
      009 04000181     LOADK r4 := k6 ('bridge_nmp2nab_03' [h=AAA6DA67,$009FAA80])
      010 0100009F   SETLIST r1 [2]
      011 0201000A  NEWTABLE r2 := {} (#a=2, #h=0)
      012 030001C1     LOADK r3 := k7 ('t_nmp2nab_01a' [h=374476A8,$009767E0])
      013 04000201     LOADK r4 := k8 ('t_nmp2nab_01b' [h=6808CFDE,$00987B60])
      014 0200005F   SETLIST r2 [1]
      015 00018059      CALL r0 (2 args) => 0 results
      016 0000801B    RETURN
  [Node$01A316D4] 'gameflow_Bridge_NW_bridge_village_02_Destroyed' [h=52F0EB8F,$00A3ECC0]: function$009A0C60 'gameflow_Bridge_NW_bridge_village_02_Destroyed' [h=52F0EB8F,$00A3ECC0]
    CONST$009E6000 k0  'gameflow_Bridge_NW_bridge_village_02_Destroyed' [h=52F0EB8F,$00A3ECC0]
    CONST$009E6008 k1  'util_PrintDebugMsg' [h=A2961C17,$00A25100]
    CONST$009E6010 k2  'Bridge village_02 destroyed!!!\n' [h=A9D3A3D3,$009E6780]
    CONST$009E6018 k3  'gameflow_Bridge_Destroy' [h=3AF48C8C,$00A035C0]
    CONST$009E6020 k4  'bridge_village_02' [h=30F4C7C7,$00A29FC0]
    CONST$009E6028 k5  't_village_08a' [h=CB905B13,$0097BC60]
    CONST$009E6030 k6  't_village_08b' [h=D101690F,$009801A0]
    CONST$009E6038 k7  't_village_05c' [h=3E2D2310,$009A5FE0]
     CODE$00AA5AC0
      000 00000003   LOADNIL r0 ... r0
      001 00000007 SETGLOBAL r0 ->> _G[k0 ('gameflow_Bridge_NW_bridge_village_02_Destroyed' [h=52F0EB8F,$00A3ECC0])]
      002 00000045 GETGLOBAL r0 := _G[k1 ('util_PrintDebugMsg' [h=A2961C17,$00A25100])]
      003 01000081     LOADK r1 := k2 ('Bridge village_02 destroyed!!!\n' [h=A9D3A3D3,$009E6780])
      004 00010059      CALL r0 (1 args) => 0 results
      005 000000C5 GETGLOBAL r0 := _G[k3 ('gameflow_Bridge_Destroy' [h=3AF48C8C,$00A035C0])]
      006 0100800A  NEWTABLE r1 := {} (#a=1, #h=0)
      007 02000101     LOADK r2 := k4 ('bridge_village_02' [h=30F4C7C7,$00A29FC0])
      008 0100001F   SETLIST r1 [0]
      009 0201000A  NEWTABLE r2 := {} (#a=2, #h=0)
      010 03000141     LOADK r3 := k5 ('t_village_08a' [h=CB905B13,$0097BC60])
      011 04000181     LOADK r4 := k6 ('t_village_08b' [h=D101690F,$009801A0])
      012 0200005F   SETLIST r2 [1]
      013 0300800A  NEWTABLE r3 := {} (#a=1, #h=0)
      014 040001C1     LOADK r4 := k7 ('t_village_05c' [h=3E2D2310,$009A5FE0])
      015 0300001F   SETLIST r3 [0]
      016 00020059      CALL r0 (3 args) => 0 results
      017 0000801B    RETURN
  [Node$01A316E8] 'Audio_RemoveAllStreamPreloadRegions' [h=DE077662,$00A0E740]: cfunction$002F79B8 'Audio_RemoveAllStreamPreloadRegions' [h=DE077662,$00A0E740]
  [Node$01A316FC] 'util_IsFaceCardMission' [h=2D88A1FE,$00A36C00]: function$00985A20 'util_IsFaceCardMission' [h=2D88A1FE,$00A36C00]
    CONST$0097ABE0 k0  'allies' [h=B57F1C27,$009BF7E0]
    CONST$0097ABE8 k1  TObject(3.0)
    CONST$0097ABF0 k2  TObject(6.0)
     CODE$009EC400
      000 01003E95        EQ r0 == k0 ('allies' [h=B57F1C27,$009BF7E0])
      001 008000D4       JMP +4 ; 6
      002 0100BED5        EQ r1 == k1 (TObject(3.0))
      003 00800094       JMP +3 ; 7
      004 0100BF15        EQ r1 == k2 (TObject(6.0))
      005 00800014       JMP +1 ; 7
      006 02000042  LOADBOOL r2 := False ; br 8
      007 02008002  LOADBOOL r2 := True
      008 0201001B    RETURN r2 ... r2
      009 0000801B    RETURN
  [Node$01A31710] 'gameflow_Bridge_NW_tmn2ku_Destroyed' [h=8F59C0D4,$009CE040]: function$0097A1A0 'gameflow_Bridge_NW_tmn2ku_Destroyed' [h=8F59C0D4,$009CE040]
    CONST$009FE900 k0  'gameflow_Bridge_NW_tmn2ku_Destroyed' [h=8F59C0D4,$009CE040]
    CONST$009FE908 k1  'util_PrintDebugMsg' [h=A2961C17,$00A25100]
    CONST$009FE910 k2  'Bridge tmn2ku destroyed!!!\n' [h=4FE1EDFD,$009EA380]
    CONST$009FE918 k3  'gameflow_Bridge_Destroy' [h=3AF48C8C,$00A035C0]
    CONST$009FE920 k4  't_tmn2ku_01c' [h=A1E6DD24,$009779A0]
    CONST$009FE928 k5  't_tmn2ku_02a' [h=14D4B8DD,$009AB940]
    CONST$009FE930 k6  't_tmn2ku_02b' [h=95D0650E,$00981CC0]
     CODE$00B30BC0
      000 00000003   LOADNIL r0 ... r0
      001 00000007 SETGLOBAL r0 ->> _G[k0 ('gameflow_Bridge_NW_tmn2ku_Destroyed' [h=8F59C0D4,$009CE040])]
      002 00000045 GETGLOBAL r0 := _G[k1 ('util_PrintDebugMsg' [h=A2961C17,$00A25100])]
      003 01000081     LOADK r1 := k2 ('Bridge tmn2ku destroyed!!!\n' [h=4FE1EDFD,$009EA380])
      004 00010059      CALL r0 (1 args) => 0 results
      005 000000C5 GETGLOBAL r0 := _G[k3 ('gameflow_Bridge_Destroy' [h=3AF48C8C,$00A035C0])]
      006 0100800A  NEWTABLE r1 := {} (#a=1, #h=0)
      007 02000101     LOADK r2 := k4 ('t_tmn2ku_01c' [h=A1E6DD24,$009779A0])
      008 0100001F   SETLIST r1 [0]
      009 0201000A  NEWTABLE r2 := {} (#a=2, #h=0)
      010 03000141     LOADK r3 := k5 ('t_tmn2ku_02a' [h=14D4B8DD,$009AB940])
      011 04000181     LOADK r4 := k6 ('t_tmn2ku_02b' [h=95D0650E,$00981CC0])
      012 0200005F   SETLIST r2 [1]
      013 0300800A  NEWTABLE r3 := {} (#a=1, #h=0)
      014 04000101     LOADK r4 := k4 ('t_tmn2ku_01c' [h=A1E6DD24,$009779A0])
      015 0300001F   SETLIST r3 [0]
      016 00020059      CALL r0 (3 args) => 0 results
      017 0000801B    RETURN
  [Node$01A31724] 'Debug_PrintMemoryStatistics' [h=AD1BBA65,$00A2D280]: cfunction$002F7160 'Debug_PrintMemoryStatistics' [h=AD1BBA65,$00A2D280]
  [Node$01A31738] 'util_GetBribeCost' [h=64F50666,$009E0BC0]: function$009796C0 'util_GetBribeCost' [h=64F50666,$009E0BC0]
    CONST$00A41D80 k0  TObject(1.0)
    CONST$00A41D88 k1  TObject(25000.0)
    CONST$00A41D90 k2  TObject(2.0)
    CONST$00A41D98 k3  TObject(100000.0)
    CONST$00A41DA0 k4  TObject(3.0)
    CONST$00A41DA8 k5  TObject(250000.0)
    CONST$00A41DB0 k6  TObject(4.0)
    CONST$00A41DB8 k7  TObject(1000000.0)
     CODE$00A765C0
      000 00003E95        EQ r0 != k0 (TObject(1.0))
      001 00800094       JMP +3 ; 5
      002 01000041     LOADK r1 := k1 (TObject(25000.0))
      003 0101001B    RETURN r1 ... r1
      004 00800354       JMP +14 ; 19
      005 00003F15        EQ r0 != k2 (TObject(2.0))
      006 00800094       JMP +3 ; 10
      007 010000C1     LOADK r1 := k3 (TObject(100000.0))
      008 0101001B    RETURN r1 ... r1
      009 00800214       JMP +9 ; 19
      010 00003F95        EQ r0 != k4 (TObject(3.0))
      011 00800094       JMP +3 ; 15
      012 01000141     LOADK r1 := k5 (TObject(250000.0))
      013 0101001B    RETURN r1 ... r1
      014 008000D4       JMP +4 ; 19
      015 00004015        EQ r0 != k6 (TObject(4.0))
      016 00800054       JMP +2 ; 19
      017 010001C1     LOADK r1 := k7 (TObject(1000000.0))
      018 0101001B    RETURN r1 ... r1
      019 0000801B    RETURN
  [Node$01A3174C] 'VerificationTargetCarryStatusChange' [h=DEF395E3,$00A12740]: function$00990E40 'VerificationTargetCarryStatusChange' [h=DEF395E3,$00A12740]
    CONST$00A83DC0 k0  'mission_tTargets' [h=28796635,$00A38080]
    CONST$00A83DC8 k1  'Utility_GetActorAsInt' [h=A2B359A3,$00A3EB80]
    CONST$00A83DD0 k2  'util_PrintDebugMsg' [h=A2961C17,$00A25100]
    CONST$00A83DD8 k3  '\n[OBJECTIVEVERIFY] verification target ' [h=12913736,$00A08F00]
    CONST$00A83DE0 k4  'actorName' [h=4EB2E2FD,$0098A660]
    CONST$00A83DE8 k5  ' carried\n' [h=B18121AD,$009778C0]
    CONST$00A83DF0 k6  'RemoveVerificationTargetBlip' [h=399A40BF,$009FAEC0]
    CONST$00A83DF8 k7  ' dropped\n' [h=12C4B79F,$009C5C00]
    CONST$00A83E00 k8  'CreateVerificationTargetBlip' [h=3986CCCA,$009DA080]
    CONST$00A83E08 k9  'SetupEventVerificationTargetCarryStatusChange' [h=1EC4489D,$009DC840]
     CODE$00AC75C0
      000 02000005 GETGLOBAL r2 := _G[k0 ('mission_tTargets' [h=28796635,$00A38080])]
      001 03000045 GETGLOBAL r3 := _G[k1 ('Utility_GetActorAsInt' [h=A2B359A3,$00A3EB80])]
      002 04000000      MOVE r4 := r0
      003 03010099      CALL r3 (1 args) => 1 results
      004 020100C6  GETTABLE r2 := r2[r3]
      005 03000085 GETGLOBAL r3 := _G[k2 ('util_PrintDebugMsg' [h=A2961C17,$00A25100])]
      006 040000C1     LOADK r4 := k3 ('\n[OBJECTIVEVERIFY] verification target ' [h=12913736,$00A08F00])
      007 05013F86  GETTABLE r5 := r2[k4 ('actorName' [h=4EB2E2FD,$0098A660])]
      008 04020153    CONCAT r4 := r4 ... r5
      009 03010059      CALL r3 (1 args) => 0 results
      010 01008018      TEST not r1 : r1 := r1
      011 00800194       JMP +7 ; 19
      012 03000085 GETGLOBAL r3 := _G[k2 ('util_PrintDebugMsg' [h=A2961C17,$00A25100])]
      013 04000141     LOADK r4 := k5 (' carried\n' [h=B18121AD,$009778C0])
      014 03010059      CALL r3 (1 args) => 0 results
      015 03000185 GETGLOBAL r3 := _G[k6 ('RemoveVerificationTargetBlip' [h=399A40BF,$009FAEC0])]
      016 04010000      MOVE r4 := r2
      017 03010059      CALL r3 (1 args) => 0 results
      018 00800154       JMP +6 ; 25
      019 03000085 GETGLOBAL r3 := _G[k2 ('util_PrintDebugMsg' [h=A2961C17,$00A25100])]
      020 040001C1     LOADK r4 := k7 (' dropped\n' [h=12C4B79F,$009C5C00])
      021 03010059      CALL r3 (1 args) => 0 results
      022 03000205 GETGLOBAL r3 := _G[k8 ('CreateVerificationTargetBlip' [h=3986CCCA,$009DA080])]
      023 04010000      MOVE r4 := r2
      024 03010059      CALL r3 (1 args) => 0 results
      025 03000245 GETGLOBAL r3 := _G[k9 ('SetupEventVerificationTargetCarryStatusChange' [h=1EC4489D,$009DC840])]
      026 04010000      MOVE r4 := r2
      027 05008012       NOT r5 := not r1
      028 03018059      CALL r3 (2 args) => 0 results
      029 0000801B    RETURN
  [Node$01A31760] 'gameflow_Bridge_SW_pyd2srw_Destroyed' [h=0138648D,$00A21F40]: function$009C26C0 'gameflow_Bridge_SW_pyd2srw_Destroyed' [h=0138648D,$00A21F40]
    CONST$009F6700 k0  'gameflow_Bridge_SW_pyd2srw_Destroyed' [h=0138648D,$00A21F40]
    CONST$009F6708 k1  'util_PrintDebugMsg' [h=A2961C17,$00A25100]
    CONST$009F6710 k2  'Bridge pyd2srw destroyed!!!\n' [h=E1D4D5E1,$00A21000]
    CONST$009F6718 k3  'gameflow_Bridge_Destroy' [h=3AF48C8C,$00A035C0]
    CONST$009F6720 k4  'bridge_pyd2srw_01' [h=607DDBE2,$00A0B300]
    CONST$009F6728 k5  't_pyd2srw_01a' [h=F24D4EA2,$009A6EE0]
    CONST$009F6730 k6  't_pyd2srw_01b' [h=B3F19A04,$009815E0]
     CODE$009E6B40
      000 00000003   LOADNIL r0 ... r0
      001 00000007 SETGLOBAL r0 ->> _G[k0 ('gameflow_Bridge_SW_pyd2srw_Destroyed' [h=0138648D,$00A21F40])]
      002 00000045 GETGLOBAL r0 := _G[k1 ('util_PrintDebugMsg' [h=A2961C17,$00A25100])]
      003 01000081     LOADK r1 := k2 ('Bridge pyd2srw destroyed!!!\n' [h=E1D4D5E1,$00A21000])
      004 00010059      CALL r0 (1 args) => 0 results
      005 000000C5 GETGLOBAL r0 := _G[k3 ('gameflow_Bridge_Destroy' [h=3AF48C8C,$00A035C0])]
      006 0100800A  NEWTABLE r1 := {} (#a=1, #h=0)
      007 02000101     LOADK r2 := k4 ('bridge_pyd2srw_01' [h=607DDBE2,$00A0B300])
      008 0100001F   SETLIST r1 [0]
      009 0201000A  NEWTABLE r2 := {} (#a=2, #h=0)
      010 03000141     LOADK r3 := k5 ('t_pyd2srw_01a' [h=F24D4EA2,$009A6EE0])
      011 04000181     LOADK r4 := k6 ('t_pyd2srw_01b' [h=B3F19A04,$009815E0])
      012 0200005F   SETLIST r2 [1]
      013 00018059      CALL r0 (2 args) => 0 results
      014 0000801B    RETURN
  [Node$01A31774] 'gameflow_Bridge_SW_pyd2pye_Destroyed' [h=DF8F8D38,$00A33940]: function$0099CC00 'gameflow_Bridge_SW_pyd2pye_Destroyed' [h=DF8F8D38,$00A33940]
    CONST$00A17900 k0  'gameflow_Bridge_SW_pyd2pye_Destroyed' [h=DF8F8D38,$00A33940]
    CONST$00A17908 k1  'util_PrintDebugMsg' [h=A2961C17,$00A25100]
    CONST$00A17910 k2  'Bridge pyd2pye destroyed!!!\n' [h=5C706A06,$009D1340]
    CONST$00A17918 k3  'gameflow_Bridge_Destroy' [h=3AF48C8C,$00A035C0]
    CONST$00A17920 k4  'bridge_pyd2pye_01' [h=2C7C3A6F,$00A154C0]
    CONST$00A17928 k5  't_pyd2pye_01a' [h=B15B5893,$009C2AC0]
    CONST$00A17930 k6  't_pyd2pye_01b' [h=596CDDA8,$0099C1E0]
     CODE$009E3300
      000 00000003   LOADNIL r0 ... r0
      001 00000007 SETGLOBAL r0 ->> _G[k0 ('gameflow_Bridge_SW_pyd2pye_Destroyed' [h=DF8F8D38,$00A33940])]
      002 00000045 GETGLOBAL r0 := _G[k1 ('util_PrintDebugMsg' [h=A2961C17,$00A25100])]
      003 01000081     LOADK r1 := k2 ('Bridge pyd2pye destroyed!!!\n' [h=5C706A06,$009D1340])
      004 00010059      CALL r0 (1 args) => 0 results
      005 000000C5 GETGLOBAL r0 := _G[k3 ('gameflow_Bridge_Destroy' [h=3AF48C8C,$00A035C0])]
      006 0100800A  NEWTABLE r1 := {} (#a=1, #h=0)
      007 02000101     LOADK r2 := k4 ('bridge_pyd2pye_01' [h=2C7C3A6F,$00A154C0])
      008 0100001F   SETLIST r1 [0]
      009 0201000A  NEWTABLE r2 := {} (#a=2, #h=0)
      010 03000141     LOADK r3 := k5 ('t_pyd2pye_01a' [h=B15B5893,$009C2AC0])
      011 04000181     LOADK r4 := k6 ('t_pyd2pye_01b' [h=596CDDA8,$0099C1E0])
      012 0200005F   SETLIST r2 [1]
      013 00018059      CALL r0 (2 args) => 0 results
      014 0000801B    RETURN
  [Node$01A31788] 'ActorVehicle_IsExtractionHelicopter' [h=3FBA1E6A,$009ED1C0]: cfunction$002B0428 'ActorVehicle_IsExtractionHelicopter' [h=3FBA1E6A,$009ED1C0]
  [Node$01A3179C] 'gameflow_SetupEventCardIsDormant' [h=FDEEF66B,$00A40800]: function$009C9240 'gameflow_SetupEventCardIsDormant' [h=FDEEF66B,$00A40800]
    CONST$0098A860 k0  'Event_ActorIsDormant' [h=EDBBFA3E,$00A0B100]
    CONST$0098A868 k1  'gameflow_CardIsDormant' [h=587430DC,$009D2D40]
    CONST$0098A870 k2  'b' [h=00000083,$00983380]
     CODE$00993F60
      000 02000005 GETGLOBAL r2 := _G[k0 ('Event_ActorIsDormant' [h=EDBBFA3E,$00A0B100])]
      001 03000041     LOADK r3 := k1 ('gameflow_CardIsDormant' [h=587430DC,$009D2D40])
      002 04000081     LOADK r4 := k2 ('b' [h=00000083,$00983380])
      003 05000000      MOVE r5 := r0
      004 06008000      MOVE r6 := r1
      005 0202801A  TAILCALL r2 (4 args)
      006 0200001B    RETURN r2 ... top
      007 0000801B    RETURN
  [Node$01A317B0] 'Cinematic_Placeholder' [h=52002A6C,$009D3A40]: cfunction$002C0DB8 'Cinematic_Placeholder' [h=52002A6C,$009D3A40]
  [Node$01A317C4] 'Boundary_Enable' [h=65FD5E6D,$00987300]: cfunction$002C8AC0 'Boundary_Enable' [h=65FD5E6D,$00987300]
  [Node$01A317D8] 'pcall' [h=114DA26E,$0099EE80]: cfunction$003B8BB8 'pcall' [h=114DA26E,$0099EE80]
  [Node$01A317EC] 'Support_ResetToDefault' [h=692AE66F,$009F1940]: cfunction$002F72E8 'Support_ResetToDefault' [h=692AE66F,$009F1940]
  [Node$01A31800] 'gameflow_Bridge_SW_Setup' [h=A747A7A2,$00A20B80]: function$0099BDE0 'gameflow_Bridge_SW_Setup' [h=A747A7A2,$00A20B80]
    CONST$00C20740 k0  'gameflow_Bridge_SW_Setup' [h=A747A7A2,$00A20B80]
    CONST$00C20748 k1  'bridge_pyd2srw_01' [h=607DDBE2,$00A0B300]
    CONST$00C20750 k2  'template_bridge_pyd2srw_01' [h=DC5CC4E9,$009E23C0]
    CONST$00C20758 k3  'bridge_pyn2pyd_01' [h=9C4766AF,$00A257C0]
    CONST$00C20760 k4  'template_bridge_pyn2pyd_01' [h=CA9145FE,$009E0CC0]
    CONST$00C20768 k5  'bridge_2dmz_01' [h=D150B918,$0098C0E0]
    CONST$00C20770 k6  'template_bridge_2dmz' [h=DA9D01DB,$009EC880]
    CONST$00C20778 k7  'bridge_2dmz_02' [h=43085BBC,$00987BC0]
    CONST$00C20780 k8  'gameflow_Bridge_Setup' [h=FDB319FC,$009D9040]
    CONST$00C20788 k9  'gameflow_Bridge_SW_nmp2nab_Destroyed' [h=8B8F2660,$009DBF40]
    CONST$00C20790 k10 'bridge_nmp2nab_01' [h=87BD2D32,$009EABC0]
    CONST$00C20798 k11 'bridge_nmp2nab_02' [h=8D655379,$009CFD00]
    CONST$00C207A0 k12 'bridge_nmp2nab_03' [h=AAA6DA67,$009FAA80]
    CONST$00C207A8 k13 'gameflow_Bridge_SW_pyd2pye_Destroyed' [h=DF8F8D38,$00A33940]
    CONST$00C207B0 k14 'bridge_pyd2pye_01' [h=2C7C3A6F,$00A154C0]
    CONST$00C207B8 k15 'gameflow_Bridge_SW_pyd2srw_Destroyed' [h=0138648D,$00A21F40]
    CONST$00C207C0 k16 'gameflow_Bridge_SW_pyn2pyd_Destroyed' [h=6B0719A9,$009DA280]
    CONST$00C207C8 k17 'gameflow_Bridge_SW_2dmz_Destroyed' [h=2319C6CA,$009D4B80]
    CONST$00C207D0 k18 'gameflow_Bridge_NW_ddg2sdk_Destroyed' [h=2F21657A,$00A03040]
    CONST$00C207D8 k19 'gameflow_Bridge_NW_tmn2ku_Destroyed' [h=8F59C0D4,$009CE040]
    CONST$00C207E0 k20 'gameflow_Bridge_NW_cj2ybr_Destroyed' [h=6DD2032A,$00A2B680]
    CONST$00C207E8 k21 'gameflow_Bridge_NW_bridge_village_01_Destroyed' [h=DF5ED628,$009CFCC0]
    CONST$00C207F0 k22 'gameflow_Bridge_NW_bridge_village_02_Destroyed' [h=52F0EB8F,$00A3ECC0]
    CONST$00C207F8 k23 'gameflow_Bridge_NW_bridge_ybw2vil_Destroyed' [h=48581417,$009EEB40]
    CONST$00C20800 k24 'gameflow_Bridge_NW_bridge_temple_Destroyed' [h=CB42C366,$00A2D580]
    CONST$00C20808 k25 'gameflow_Bridge_NW_bridge_ku2ybd_Destroyed' [h=47743DD5,$009D24C0]
    CONST$00C20810 k26 'collectgarbage' [h=7631F05C,$0099FB20]
     CODE$00C91500
      000 00000003   LOADNIL r0 ... r0
      001 00000007 SETGLOBAL r0 ->> _G[k0 ('gameflow_Bridge_SW_Setup' [h=A747A7A2,$00A20B80])]
      002 00000022   CLOSURE r0 := closure(0, r0...)
      003 01000000      MOVE r1 := r0
      004 02000041     LOADK r2 := k1 ('bridge_pyd2srw_01' [h=607DDBE2,$00A0B300])
      005 03000081     LOADK r3 := k2 ('template_bridge_pyd2srw_01' [h=DC5CC4E9,$009E23C0])
      006 01018059      CALL r1 (2 args) => 0 results
      007 01000000      MOVE r1 := r0
      008 020000C1     LOADK r2 := k3 ('bridge_pyn2pyd_01' [h=9C4766AF,$00A257C0])
      009 03000101     LOADK r3 := k4 ('template_bridge_pyn2pyd_01' [h=CA9145FE,$009E0CC0])
      010 01018059      CALL r1 (2 args) => 0 results
      011 01000000      MOVE r1 := r0
      012 02000141     LOADK r2 := k5 ('bridge_2dmz_01' [h=D150B918,$0098C0E0])
      013 03000181     LOADK r3 := k6 ('template_bridge_2dmz' [h=DA9D01DB,$009EC880])
      014 01018059      CALL r1 (2 args) => 0 results
      015 01000000      MOVE r1 := r0
      016 020001C1     LOADK r2 := k7 ('bridge_2dmz_02' [h=43085BBC,$00987BC0])
      017 03000181     LOADK r3 := k6 ('template_bridge_2dmz' [h=DA9D01DB,$009EC880])
      018 01018059      CALL r1 (2 args) => 0 results
      019 01000205 GETGLOBAL r1 := _G[k8 ('gameflow_Bridge_Setup' [h=FDB319FC,$009D9040])]
      020 02000241     LOADK r2 := k9 ('gameflow_Bridge_SW_nmp2nab_Destroyed' [h=8B8F2660,$009DBF40])
      021 0301800A  NEWTABLE r3 := {} (#a=3, #h=0)
      022 04000281     LOADK r4 := k10 ('bridge_nmp2nab_01' [h=87BD2D32,$009EABC0])
      023 050002C1     LOADK r5 := k11 ('bridge_nmp2nab_02' [h=8D655379,$009CFD00])
      024 06000301     LOADK r6 := k12 ('bridge_nmp2nab_03' [h=AAA6DA67,$009FAA80])
      025 0300009F   SETLIST r3 [2]
      026 01018059      CALL r1 (2 args) => 0 results
      027 01000205 GETGLOBAL r1 := _G[k8 ('gameflow_Bridge_Setup' [h=FDB319FC,$009D9040])]
      028 02000341     LOADK r2 := k13 ('gameflow_Bridge_SW_pyd2pye_Destroyed' [h=DF8F8D38,$00A33940])
      029 0300800A  NEWTABLE r3 := {} (#a=1, #h=0)
      030 04000381     LOADK r4 := k14 ('bridge_pyd2pye_01' [h=2C7C3A6F,$00A154C0])
      031 0300001F   SETLIST r3 [0]
      032 01018059      CALL r1 (2 args) => 0 results
      033 01000205 GETGLOBAL r1 := _G[k8 ('gameflow_Bridge_Setup' [h=FDB319FC,$009D9040])]
      034 020003C1     LOADK r2 := k15 ('gameflow_Bridge_SW_pyd2srw_Destroyed' [h=0138648D,$00A21F40])
      035 0300800A  NEWTABLE r3 := {} (#a=1, #h=0)
      036 04000041     LOADK r4 := k1 ('bridge_pyd2srw_01' [h=607DDBE2,$00A0B300])
      037 0300001F   SETLIST r3 [0]
      038 01018059      CALL r1 (2 args) => 0 results
      039 01000205 GETGLOBAL r1 := _G[k8 ('gameflow_Bridge_Setup' [h=FDB319FC,$009D9040])]
      040 02000401     LOADK r2 := k16 ('gameflow_Bridge_SW_pyn2pyd_Destroyed' [h=6B0719A9,$009DA280])
      041 0300800A  NEWTABLE r3 := {} (#a=1, #h=0)
      042 040000C1     LOADK r4 := k3 ('bridge_pyn2pyd_01' [h=9C4766AF,$00A257C0])
      043 0300001F   SETLIST r3 [0]
      044 01018059      CALL r1 (2 args) => 0 results
      045 01000205 GETGLOBAL r1 := _G[k8 ('gameflow_Bridge_Setup' [h=FDB319FC,$009D9040])]
      046 02000441     LOADK r2 := k17 ('gameflow_Bridge_SW_2dmz_Destroyed' [h=2319C6CA,$009D4B80])
      047 0301000A  NEWTABLE r3 := {} (#a=2, #h=0)
      048 04000141     LOADK r4 := k5 ('bridge_2dmz_01' [h=D150B918,$0098C0E0])
      049 050001C1     LOADK r5 := k7 ('bridge_2dmz_02' [h=43085BBC,$00987BC0])
      050 0300005F   SETLIST r3 [1]
      051 01018059      CALL r1 (2 args) => 0 results
      052 01008003   LOADNIL r1 ... r1
      053 01000487 SETGLOBAL r1 ->> _G[k18 ('gameflow_Bridge_NW_ddg2sdk_Destroyed' [h=2F21657A,$00A03040])]
      054 01008003   LOADNIL r1 ... r1
      055 010004C7 SETGLOBAL r1 ->> _G[k19 ('gameflow_Bridge_NW_tmn2ku_Destroyed' [h=8F59C0D4,$009CE040])]
      056 01008003   LOADNIL r1 ... r1
      057 01000507 SETGLOBAL r1 ->> _G[k20 ('gameflow_Bridge_NW_cj2ybr_Destroyed' [h=6DD2032A,$00A2B680])]
      058 01008003   LOADNIL r1 ... r1
      059 01000547 SETGLOBAL r1 ->> _G[k21 ('gameflow_Bridge_NW_bridge_village_01_Destroyed' [h=DF5ED628,$009CFCC0])]
      060 01008003   LOADNIL r1 ... r1
      061 01000587 SETGLOBAL r1 ->> _G[k22 ('gameflow_Bridge_NW_bridge_village_02_Destroyed' [h=52F0EB8F,$00A3ECC0])]
      062 01008003   LOADNIL r1 ... r1
      063 010005C7 SETGLOBAL r1 ->> _G[k23 ('gameflow_Bridge_NW_bridge_ybw2vil_Destroyed' [h=48581417,$009EEB40])]
      064 01008003   LOADNIL r1 ... r1
      065 01000607 SETGLOBAL r1 ->> _G[k24 ('gameflow_Bridge_NW_bridge_temple_Destroyed' [h=CB42C366,$00A2D580])]
      066 01008003   LOADNIL r1 ... r1
      067 01000647 SETGLOBAL r1 ->> _G[k25 ('gameflow_Bridge_NW_bridge_ku2ybd_Destroyed' [h=47743DD5,$009D24C0])]
      068 01008003   LOADNIL r1 ... r1
      069 01000207 SETGLOBAL r1 ->> _G[k8 ('gameflow_Bridge_Setup' [h=FDB319FC,$009D9040])]
      070 01000685 GETGLOBAL r1 := _G[k26 ('collectgarbage' [h=7631F05C,$0099FB20])]
      071 01008059      CALL r1 (0 args) => 0 results
      072 0000801B    RETURN
  [Node$01A31814] 'Ui_RemoveChallengeMarkerActor' [h=56DAC671,$00A14C00]: cfunction$002A8328 'Ui_RemoveChallengeMarkerActor' [h=56DAC671,$00A14C00]
  [Node$01A31828] 'Debug' [h=129D1272,$009C2A20]: function$009AC8A0[2] 'Debug' [h=129D1272,$009C2A20]
    CONST$00960B20 k0  TObject(None)
    CONST$00960B28 k1  'Debug_Printf' [h=445430CF,$009A1C40]
     CODE$009D3940
      000 01003E95        EQ r0 == k0 (TObject(None))
      001 00800154       JMP +6 ; 8
      002 01000045 GETGLOBAL r1 := _G[k1 ('Debug_Printf' [h=445430CF,$009A1C40])]
      003 02000004  GETUPVAL r2 := u0
      004 03000000      MOVE r3 := r0
      005 04008004  GETUPVAL r4 := u1
      006 02010113    CONCAT r2 := r2 ... r4
      007 01010059      CALL r1 (1 args) => 0 results
      008 0000801B    RETURN
  [Node$01A3183C] 'Event_AiIsPassenger' [h=D8938E73,$009F8340]: cfunction$002BBF18 'Event_AiIsPassenger' [h=D8938E73,$009F8340]
  [Node$01A31850] 'Player_SetWeaponEnabled' [h=8CB30274,$009D1600]: cfunction$002BF930 'Player_SetWeaponEnabled' [h=8CB30274,$009D1600]
  [Node$01A31864] 'gameflow_HandleProceduralFirefights' [h=93737229,$009D0900]: function$009A73A0 'gameflow_HandleProceduralFirefights' [h=93737229,$009D0900]
    CONST$0099C220 k0  'proceduralFirefights' [h=9FEDC907,$009E1980]
    CONST$0099C228 k1  'ipairs' [h=B6F4A157,$0098FC00]
    CONST$0099C230 k2  'firefight_Create' [h=01896FF3,$009D1A40]
     CODE$00A076C0
      000 01003E86  GETTABLE r1 := r0[k0 ('proceduralFirefights' [h=9FEDC907,$009E1980])]
      001 01008058      TEST r1 : r1 := r1
      002 00800014       JMP +1 ; 4
      003 0000801B    RETURN
      004 02000045 GETGLOBAL r2 := _G[k1 ('ipairs' [h=B6F4A157,$0098FC00])]
      005 03008000      MOVE r3 := r1
      006 02010159      CALL r2 (1 args) => 4 results
      007 0280009E  TFORPREP WIP
      008 06000085 GETGLOBAL r6 := _G[k2 ('firefight_Create' [h=01896FF3,$009D1A40])]
      009 07028000      MOVE r7 := r5
      010 06010059      CALL r6 (1 args) => 0 results
      011 0200005D  TFORLOOP WIP
      012 007FFE94       JMP -5 ; 8
      013 0000801B    RETURN
  [Node$01A31878] 'MISSION_OBJECTIVEVERIFY_LUA_LOADED' [h=7F05917B,$009F29C0]: TObject(1.0)
  [Node$01A3188C] 'MISSION_OBJECTIVEDELIVER_LUA_LOADED' [h=EC480A77,$009DF180]: TObject(1.0)
  [Node$01A318A0] 'VERB_DELIVER_HUM' [h=AC2E5278,$00A38640]: TObject(5.0)
  [Node$01A318B4] 'gameflow_IsNegationCondition' [h=77078C6B,$009E2D80]: function$0097AA40 'gameflow_IsNegationCondition' [h=77078C6B,$009E2D80]
    CONST$00A163C0 k0  'type' [h=0070EF71,$009875A0]
    CONST$00A163C8 k1  'table' [h=10F2114B,$0098D780]
    CONST$00A163D0 k2  TObject(1.0)
    CONST$00A163D8 k3  'string' [h=81F98B41,$0097FB00]
    CONST$00A163E0 k4  'not' [h=00036AF1,$0098B580]
    CONST$00A163E8 k5  TObject(2.0)
     CODE$00AA3BC0
      000 01000005 GETGLOBAL r1 := _G[k0 ('type' [h=0070EF71,$009875A0])]
      001 02000000      MOVE r2 := r0
      002 01010099      CALL r1 (1 args) => 1 results
      003 0000BED5        EQ r1 != k1 ('table' [h=10F2114B,$0098D780])
      004 008002D4       JMP +12 ; 17
      005 01000005 GETGLOBAL r1 := _G[k0 ('type' [h=0070EF71,$009875A0])]
      006 02003F06  GETTABLE r2 := r0[k2 (TObject(1.0))]
      007 01010099      CALL r1 (1 args) => 1 results
      008 0000BF55        EQ r1 != k3 ('string' [h=81F98B41,$0097FB00])
      009 00800194       JMP +7 ; 17
      010 01003F06  GETTABLE r1 := r0[k2 (TObject(1.0))]
      011 0000BF95        EQ r1 != k4 ('not' [h=00036AF1,$0098B580])
      012 008000D4       JMP +4 ; 17
      013 01008002  LOADBOOL r1 := True
      014 02003FC6  GETTABLE r2 := r0[k5 (TObject(2.0))]
      015 0101801B    RETURN r1 ... r2
      016 00800094       JMP +3 ; 20
      017 01000002  LOADBOOL r1 := False
      018 02000000      MOVE r2 := r0
      019 0101801B    RETURN r1 ... r2
      020 0000801B    RETURN
  [Node$01A318C8] 'gameflow_EvaluateChapterCondition' [h=E1AA6C11,$009D50C0]: function$009A2AC0 'gameflow_EvaluateChapterCondition' [h=E1AA6C11,$009D50C0]
    CONST$00AA43C0 k0  'gameflow_IsNegationCondition' [h=77078C6B,$009E2D80]
    CONST$00AA43C8 k1  'ipairs' [h=B6F4A157,$0098FC00]
    CONST$00AA43D0 k2  'type' [h=0070EF71,$009875A0]
    CONST$00AA43D8 k3  'table' [h=10F2114B,$0098D780]
    CONST$00AA43E0 k4  TObject(1.0)
    CONST$00AA43E8 k5  TObject(2.0)
    CONST$00AA43F0 k6  'number' [h=77DB8760,$0099E3A0]
    CONST$00AA43F8 k7  'util_PrintDebugMsg' [h=A2961C17,$00A25100]
    CONST$00AA4400 k8  '[gameflow.lua] gameflow_EvaluateChapterCondition: ' [h=2E2B7FAA,$00B179C0]
    CONST$00AA4408 k9  'NOT ' [h=0057622A,$009C01E0]
    CONST$00AA4410 k10 ' <= ' [h=00540F4E,$00978D60]
    CONST$00AA4418 k11 '? ' [h=00000CF5,$0098A640]
    CONST$00AA4420 k12 'tostring' [h=787EB105,$009A9A40]
    CONST$00AA4428 k13 '\n' [h=0000002B,$009AB680]
    CONST$00AA4430 k14 '[gameflow.lua] gameflow_EvaluateChapterCondition: cumulative chapter condition test results: ' [h=25D8A71B,$00A98A40]
     CODE$00CA4600
      000 02000002  LOADBOOL r2 := False
      001 03000005 GETGLOBAL r3 := _G[k0 ('gameflow_IsNegationCondition' [h=77078C6B,$009E2D80])]
      002 04008000      MOVE r4 := r1
      003 030100D9      CALL r3 (1 args) => 2 results
      004 05000045 GETGLOBAL r5 := _G[k1 ('ipairs' [h=B6F4A157,$0098FC00])]
      005 06020000      MOVE r6 := r4
      006 05010159      CALL r5 (1 args) => 4 results
      007 05800BDE  TFORPREP WIP
      008 09050003   LOADNIL r9 ... r10
      009 0B000085 GETGLOBAL r11 := _G[k2 ('type' [h=0070EF71,$009875A0])]
      010 0C040000      MOVE r12 := r8
      011 0B010099      CALL r11 (1 args) => 1 results
      012 0005BF55        EQ r11 != k3 ('table' [h=10F2114B,$0098D780])
      013 00800094       JMP +3 ; 17
      014 09043F86  GETTABLE r9 := r8[k4 (TObject(1.0))]
      015 0A043FC6  GETTABLE r10 := r8[k5 (TObject(2.0))]
      016 008000D4       JMP +4 ; 21
      017 0005C015        EQ r11 != k6 ('number' [h=77DB8760,$0099E3A0])
      018 00800054       JMP +2 ; 21
      019 09040000      MOVE r9 := r8
      020 0A048000      MOVE r10 := r9
      021 0C0001C5 GETGLOBAL r12 := _G[k7 ('util_PrintDebugMsg' [h=A2961C17,$00A25100])]
      022 0D000201     LOADK r13 := k8 ('[gameflow.lua] gameflow_EvaluateChapterCondition: ' [h=2E2B7FAA,$00B179C0])
      023 0C010059      CALL r12 (1 args) => 0 results
      024 03018018      TEST not r3 : r3 := r3
      025 00800094       JMP +3 ; 29
      026 0C0001C5 GETGLOBAL r12 := _G[k7 ('util_PrintDebugMsg' [h=A2961C17,$00A25100])]
      027 0D000241     LOADK r13 := k9 ('NOT ' [h=0057622A,$009C01E0])
      028 0C010059      CALL r12 (1 args) => 0 results
      029 0C0001C5 GETGLOBAL r12 := _G[k7 ('util_PrintDebugMsg' [h=A2961C17,$00A25100])]
      030 0D048000      MOVE r13 := r9
      031 0E000281     LOADK r14 := k10 (' <= ' [h=00540F4E,$00978D60])
      032 0F000000      MOVE r15 := r0
      033 10000281     LOADK r16 := k10 (' <= ' [h=00540F4E,$00978D60])
      034 11050000      MOVE r17 := r10
      035 120002C1     LOADK r18 := k11 ('? ' [h=00000CF5,$0098A640])
      036 0D068493    CONCAT r13 := r13 ... r18
      037 0C010059      CALL r12 (1 args) => 0 results
      038 02010058      TEST r2 : r2 := r2
      039 00800154       JMP +6 ; 46
      040 00048017        LE r9 > r0
      041 00800054       JMP +2 ; 44
      042 01000297        LE r0 <= r10
      043 00800014       JMP +1 ; 45
      044 02000042  LOADBOOL r2 := False ; br 46
      045 02008002  LOADBOOL r2 := True
      046 0C0001C5 GETGLOBAL r12 := _G[k7 ('util_PrintDebugMsg' [h=A2961C17,$00A25100])]
      047 0D000305 GETGLOBAL r13 := _G[k12 ('tostring' [h=787EB105,$009A9A40])]
      048 0E010000      MOVE r14 := r2
      049 0D010099      CALL r13 (1 args) => 1 results
      050 0E000341     LOADK r14 := k13 ('\n' [h=0000002B,$009AB680])
      051 0D068393    CONCAT r13 := r13 ... r14
      052 0C010059      CALL r12 (1 args) => 0 results
      053 02010018      TEST not r2 : r2 := r2
      054 00800014       JMP +1 ; 56
      055 00800054       JMP +2 ; 58
      056 0500005D  TFORLOOP WIP
      057 007FF354       JMP -50 ; 8
      058 03018018      TEST not r3 : r3 := r3
      059 00800014       JMP +1 ; 61
      060 02010012       NOT r2 := not r2
      061 050001C5 GETGLOBAL r5 := _G[k7 ('util_PrintDebugMsg' [h=A2961C17,$00A25100])]
      062 06000381     LOADK r6 := k14 ('[gameflow.lua] gameflow_EvaluateChapterCondition: cumulative chapter condition test results: ' [h=25D8A71B,$00A98A40])
      063 07000305 GETGLOBAL r7 := _G[k12 ('tostring' [h=787EB105,$009A9A40])]
      064 08010000      MOVE r8 := r2
      065 07010099      CALL r7 (1 args) => 1 results
      066 08000341     LOADK r8 := k13 ('\n' [h=0000002B,$009AB680])
      067 06030213    CONCAT r6 := r6 ... r8
      068 05010059      CALL r5 (1 args) => 0 results
      069 0201001B    RETURN r2 ... r2
      070 0000801B    RETURN
  [Node$01A318DC] 'gameflow_EvaluateFactionCondition' [h=1152A024,$00A1F880]: function$009769C0 'gameflow_EvaluateFactionCondition' [h=1152A024,$00A1F880]
    CONST$00C5AE40 k0  'gameflow_IsNegationCondition' [h=77078C6B,$009E2D80]
    CONST$00C5AE48 k1  'type' [h=0070EF71,$009875A0]
    CONST$00C5AE50 k2  'number' [h=77DB8760,$0099E3A0]
    CONST$00C5AE58 k3  'table' [h=10F2114B,$0098D780]
    CONST$00C5AE60 k4  TObject(1.0)
    CONST$00C5AE68 k5  'getn' [h=0083B006,$0097DBC0]
    CONST$00C5AE70 k6  TObject(2.0)
    CONST$00C5AE78 k7  'string' [h=81F98B41,$0097FB00]
    CONST$00C5AE80 k8  'util_PrintDebugMsg' [h=A2961C17,$00A25100]
    CONST$00C5AE88 k9  '[gameflow.lua] gameflow_EvaluateFactionCondition: ' [h=CE052686,$00A62740]
    CONST$00C5AE90 k10 'NOT ' [h=0057622A,$009C01E0]
    CONST$00C5AE98 k11 'post' [h=0078F550,$0099CC80]
    CONST$00C5AEA0 k12 '-' [h=0000004C,$0098DCE0]
    CONST$00C5AEA8 k13 '\n[gameflow.lua] gameflow_EvaluateFactionCondition: ERROR: invalid modifier string provided for range start value! (only "post" is permitted)\n' [h=77D8969F,$00BBDB00]
    CONST$00C5AEB0 k14 'start' [h=11BCD3FC,$009A1F40]
    CONST$00C5AEB8 k15 'end' [h=0003246B,$0098D060]
    CONST$00C5AEC0 k16 TObject(7.0)
    CONST$00C5AEC8 k17 '\n[gameflow.lua] gameflow_EvaluateFactionCondition: ERROR: invalid alias string provided as range start value!\n' [h=0AD70B9C,$00ABC040]
    CONST$00C5AED0 k18 ' <= ' [h=00540F4E,$00978D60]
    CONST$00C5AED8 k19 '\n[gameflow.lua] gameflow_EvaluateFactionCondition: ERROR: invalid modifier string provided for range end value! (only "post" is permitted)\n' [h=5D262F23,$00BEB280]
    CONST$00C5AEE0 k20 '\n[gameflow.lua] gameflow_EvaluateFactionCondition: ERROR: invalid alias string provided for range end value!\n' [h=6693752F,$00B36B40]
    CONST$00C5AEE8 k21 'sw' [h=000017F5,$009A9160]
    CONST$00C5AEF0 k22 TObject(3.0)
    CONST$00C5AEF8 k23 TObject(4.0)
    CONST$00C5AF00 k24 '\n[gameflow.lua] gameflow_EvaluateFactionCondition: skipping evaluation; special case of SW + ch.3/4...\n' [h=587EC3E5,$00AA9140]
    CONST$00C5AF08 k25 '[gameflow.lua] gameflow_EvaluateFactionCondition: auto-approving this game state subset (end-of-SW state + ch. ' [h=40B632AB,$00A620C0]
    CONST$00C5AF10 k26 ')\n' [h=00000973,$00999AC0]
    CONST$00C5AF18 k27 '[gameflow.lua] gameflow_EvaluateFactionCondition: auto-rejecting this game state subset (non-end-of-SW state + ch. ' [h=C9B12B81,$00BEB040]
    CONST$00C5AF20 k28 '..? ' [h=0054D0C7,$00989B80]
    CONST$00C5AF28 k29 'tostring' [h=787EB105,$009A9A40]
    CONST$00C5AF30 k30 '\n' [h=0000002B,$009AB680]
     CODE$019D3040
      000 07008002  LOADBOOL r7 := True
      001 08000005 GETGLOBAL r8 := _G[k0 ('gameflow_IsNegationCondition' [h=77078C6B,$009E2D80])]
      002 09008000      MOVE r9 := r1
      003 080100D9      CALL r8 (1 args) => 2 results
      004 0A058003   LOADNIL r10 ... r11
      005 0C000045 GETGLOBAL r12 := _G[k1 ('type' [h=0070EF71,$009875A0])]
      006 0D048000      MOVE r13 := r9
      007 0C010099      CALL r12 (1 args) => 1 results
      008 00063F15        EQ r12 != k2 ('number' [h=77DB8760,$0099E3A0])
      009 00800094       JMP +3 ; 13
      010 0A048000      MOVE r10 := r9
      011 0B050000      MOVE r11 := r10
      012 00800494       JMP +19 ; 32
      013 00063F55        EQ r12 != k3 ('table' [h=10F2114B,$0098D780])
      014 00800314       JMP +13 ; 28
      015 0A04BF86  GETTABLE r10 := r9[k4 (TObject(1.0))]
      016 0D0000C5 GETGLOBAL r13 := _G[k3 ('table' [h=10F2114B,$0098D780])]
      017 0D06BFC6  GETTABLE r13 := r13[k5 ('getn' [h=0083B006,$0097DBC0])]
      018 0E048000      MOVE r14 := r9
      019 0D010099      CALL r13 (1 args) => 1 results
      020 0006BF95        EQ r13 != k4 (TObject(1.0))
      021 00800054       JMP +2 ; 24
      022 0B050000      MOVE r11 := r10
      023 008001D4       JMP +8 ; 32
      024 0006C015        EQ r13 != k6 (TObject(2.0))
      025 00800154       JMP +6 ; 32
      026 0B04C006  GETTABLE r11 := r9[k6 (TObject(2.0))]
      027 008000D4       JMP +4 ; 32
      028 00064055        EQ r12 != k7 ('string' [h=81F98B41,$0097FB00])
      029 00800054       JMP +2 ; 32
      030 0A048000      MOVE r10 := r9
      031 0B050000      MOVE r11 := r10
      032 0D010006  GETTABLE r13 := r2[r0]
      033 0E000205 GETGLOBAL r14 := _G[k8 ('util_PrintDebugMsg' [h=A2961C17,$00A25100])]
      034 0F000241     LOADK r15 := k9 ('[gameflow.lua] gameflow_EvaluateFactionCondition: ' [h=CE052686,$00A62740])
      035 0E010059      CALL r14 (1 args) => 0 results
      036 08040018      TEST not r8 : r8 := r8
      037 00800094       JMP +3 ; 41
      038 0E000205 GETGLOBAL r14 := _G[k8 ('util_PrintDebugMsg' [h=A2961C17,$00A25100])]
      039 0F000281     LOADK r15 := k10 ('NOT ' [h=0057622A,$009C01E0])
      040 0E010059      CALL r14 (1 args) => 0 results
      041 0E078003   LOADNIL r14 ... r15
      042 10000002  LOADBOOL r16 := False
      043 11000002  LOADBOOL r17 := False
      044 12000045 GETGLOBAL r18 := _G[k1 ('type' [h=0070EF71,$009875A0])]
      045 13050000      MOVE r19 := r10
      046 12010099      CALL r18 (1 args) => 1 results
      047 00093F55        EQ r18 != k3 ('table' [h=10F2114B,$0098D780])
      048 00800414       JMP +17 ; 66
      049 13053F86  GETTABLE r19 := r10[k4 (TObject(1.0))]
      050 0009C155        EQ r19 != k11 ('post' [h=0078F550,$0099CC80])
      051 00800254       JMP +10 ; 62
      052 13054006  GETTABLE r19 := r10[k6 (TObject(2.0))]
      053 0E09BF8C       ADD r14 := r19 + k4 (TObject(1.0))
      054 13000205 GETGLOBAL r19 := _G[k8 ('util_PrintDebugMsg' [h=A2961C17,$00A25100])]
      055 14053F86  GETTABLE r20 := r10[k4 (TObject(1.0))]
      056 15000301     LOADK r21 := k12 ('-' [h=0000004C,$0098DCE0])
      057 16000000      MOVE r22 := r0
      058 17054006  GETTABLE r23 := r10[k6 (TObject(2.0))]
      059 140A05D3    CONCAT r20 := r20 ... r23
      060 13010059      CALL r19 (1 args) => 0 results
      061 00800814       JMP +33 ; 95
      062 13000205 GETGLOBAL r19 := _G[k8 ('util_PrintDebugMsg' [h=A2961C17,$00A25100])]
      063 14000341     LOADK r20 := k13 ('\n[gameflow.lua] gameflow_EvaluateFactionCondition: ERROR: invalid modifier string provided for range start value! (only "post" is permitted)\n' [h=77D8969F,$00BBDB00])
      064 13010059      CALL r19 (1 args) => 0 results
      065 00800714       JMP +29 ; 95
      066 00093F15        EQ r18 != k2 ('number' [h=77DB8760,$0099E3A0])
      067 008001D4       JMP +8 ; 76
      068 0E050000      MOVE r14 := r10
      069 10008002  LOADBOOL r16 := True
      070 13000205 GETGLOBAL r19 := _G[k8 ('util_PrintDebugMsg' [h=A2961C17,$00A25100])]
      071 14000000      MOVE r20 := r0
      072 15050000      MOVE r21 := r10
      073 140A0553    CONCAT r20 := r20 ... r21
      074 13010059      CALL r19 (1 args) => 0 results
      075 00800494       JMP +19 ; 95
      076 00094055        EQ r18 != k7 ('string' [h=81F98B41,$0097FB00])
      077 00800414       JMP +17 ; 95
      078 00054215        EQ r10 != k14 ('start' [h=11BCD3FC,$009A1F40])
      079 00800114       JMP +5 ; 85
      080 0E000101     LOADK r14 := k4 (TObject(1.0))
      081 13000205 GETGLOBAL r19 := _G[k8 ('util_PrintDebugMsg' [h=A2961C17,$00A25100])]
      082 14050000      MOVE r20 := r10
      083 13010059      CALL r19 (1 args) => 0 results
      084 00800254       JMP +10 ; 95
      085 00054255        EQ r10 != k15 ('end' [h=0003246B,$0098D060])
      086 00800114       JMP +5 ; 92
      087 0E000401     LOADK r14 := k16 (TObject(7.0))
      088 13000205 GETGLOBAL r19 := _G[k8 ('util_PrintDebugMsg' [h=A2961C17,$00A25100])]
      089 14050000      MOVE r20 := r10
      090 13010059      CALL r19 (1 args) => 0 results
      091 00800094       JMP +3 ; 95
      092 13000205 GETGLOBAL r19 := _G[k8 ('util_PrintDebugMsg' [h=A2961C17,$00A25100])]
      093 14000441     LOADK r20 := k17 ('\n[gameflow.lua] gameflow_EvaluateFactionCondition: ERROR: invalid alias string provided as range start value!\n' [h=0AD70B9C,$00ABC040])
      094 13010059      CALL r19 (1 args) => 0 results
      095 13000205 GETGLOBAL r19 := _G[k8 ('util_PrintDebugMsg' [h=A2961C17,$00A25100])]
      096 14000481     LOADK r20 := k18 (' <= ' [h=00540F4E,$00978D60])
      097 15000000      MOVE r21 := r0
      098 16068000      MOVE r22 := r13
      099 17000481     LOADK r23 := k18 (' <= ' [h=00540F4E,$00978D60])
      100 140A05D3    CONCAT r20 := r20 ... r23
      101 13010059      CALL r19 (1 args) => 0 results
      102 13000045 GETGLOBAL r19 := _G[k1 ('type' [h=0070EF71,$009875A0])]
      103 14058000      MOVE r20 := r11
      104 13010099      CALL r19 (1 args) => 1 results
      105 0009BF55        EQ r19 != k3 ('table' [h=10F2114B,$0098D780])
      106 00800454       JMP +18 ; 125
      107 1405BF86  GETTABLE r20 := r11[k4 (TObject(1.0))]
      108 000A4155        EQ r20 != k11 ('post' [h=0078F550,$0099CC80])
      109 00800294       JMP +11 ; 121
      110 1405C006  GETTABLE r20 := r11[k6 (TObject(2.0))]
      111 0F0A3F8C       ADD r15 := r20 + k4 (TObject(1.0))
      112 11008002  LOADBOOL r17 := True
      113 14000205 GETGLOBAL r20 := _G[k8 ('util_PrintDebugMsg' [h=A2961C17,$00A25100])]
      114 1505BF86  GETTABLE r21 := r11[k4 (TObject(1.0))]
      115 16000301     LOADK r22 := k12 ('-' [h=0000004C,$0098DCE0])
      116 17000000      MOVE r23 := r0
      117 1805C006  GETTABLE r24 := r11[k6 (TObject(2.0))]
      118 150A8613    CONCAT r21 := r21 ... r24
      119 14010059      CALL r20 (1 args) => 0 results
      120 00800814       JMP +33 ; 154
      121 14000205 GETGLOBAL r20 := _G[k8 ('util_PrintDebugMsg' [h=A2961C17,$00A25100])]
      122 150004C1     LOADK r21 := k19 ('\n[gameflow.lua] gameflow_EvaluateFactionCondition: ERROR: invalid modifier string provided for range end value! (only "post" is permitted)\n' [h=5D262F23,$00BEB280])
      123 14010059      CALL r20 (1 args) => 0 results
      124 00800714       JMP +29 ; 154
      125 0009BF15        EQ r19 != k2 ('number' [h=77DB8760,$0099E3A0])
      126 00800194       JMP +7 ; 134
      127 0F058000      MOVE r15 := r11
      128 14000205 GETGLOBAL r20 := _G[k8 ('util_PrintDebugMsg' [h=A2961C17,$00A25100])]
      129 15000000      MOVE r21 := r0
      130 16058000      MOVE r22 := r11
      131 150A8593    CONCAT r21 := r21 ... r22
      132 14010059      CALL r20 (1 args) => 0 results
      133 008004D4       JMP +20 ; 154
      134 0009C055        EQ r19 != k7 ('string' [h=81F98B41,$0097FB00])
      135 00800454       JMP +18 ; 154
      136 0005C215        EQ r11 != k14 ('start' [h=11BCD3FC,$009A1F40])
      137 00800154       JMP +6 ; 144
      138 0F000101     LOADK r15 := k4 (TObject(1.0))
      139 11008002  LOADBOOL r17 := True
      140 14000205 GETGLOBAL r20 := _G[k8 ('util_PrintDebugMsg' [h=A2961C17,$00A25100])]
      141 15058000      MOVE r21 := r11
      142 14010059      CALL r20 (1 args) => 0 results
      143 00800254       JMP +10 ; 154
      144 0005C255        EQ r11 != k15 ('end' [h=0003246B,$0098D060])
      145 00800114       JMP +5 ; 151
      146 0F000401     LOADK r15 := k16 (TObject(7.0))
      147 14000205 GETGLOBAL r20 := _G[k8 ('util_PrintDebugMsg' [h=A2961C17,$00A25100])]
      148 15058000      MOVE r21 := r11
      149 14010059      CALL r20 (1 args) => 0 results
      150 00800094       JMP +3 ; 154
      151 14000205 GETGLOBAL r20 := _G[k8 ('util_PrintDebugMsg' [h=A2961C17,$00A25100])]
      152 15000501     LOADK r21 := k20 ('\n[gameflow.lua] gameflow_EvaluateFactionCondition: ERROR: invalid alias string provided for range end value!\n' [h=6693752F,$00B36B40])
      153 14010059      CALL r20 (1 args) => 0 results
      154 0002C3D5        EQ r5 != k21 ('sw' [h=000017F5,$009A9160])
      155 00800694       JMP +27 ; 183
      156 01034415        EQ r6 == k22 (TObject(3.0))
      157 00800054       JMP +2 ; 160
      158 00034455        EQ r6 != k23 (TObject(4.0))
      159 00800594       JMP +23 ; 183
      160 14000205 GETGLOBAL r20 := _G[k8 ('util_PrintDebugMsg' [h=A2961C17,$00A25100])]
      161 15000601     LOADK r21 := k24 ('\n[gameflow.lua] gameflow_EvaluateFactionCondition: skipping evaluation; special case of SW + ch.3/4...\n' [h=587EC3E5,$00AA9140])
      162 14010059      CALL r20 (1 args) => 0 results
      163 0005C255        EQ r11 != k15 ('end' [h=0003246B,$0098D060])
      164 00800194       JMP +7 ; 172
      165 14000205 GETGLOBAL r20 := _G[k8 ('util_PrintDebugMsg' [h=A2961C17,$00A25100])]
      166 15000641     LOADK r21 := k25 ('[gameflow.lua] gameflow_EvaluateFactionCondition: auto-approving this game state subset (end-of-SW state + ch. ' [h=40B632AB,$00A620C0])
      167 16030000      MOVE r22 := r6
      168 17000681     LOADK r23 := k26 (')\n' [h=00000973,$00999AC0])
      169 150A85D3    CONCAT r21 := r21 ... r23
      170 14010059      CALL r20 (1 args) => 0 results
      171 00800154       JMP +6 ; 178
      172 14000205 GETGLOBAL r20 := _G[k8 ('util_PrintDebugMsg' [h=A2961C17,$00A25100])]
      173 150006C1     LOADK r21 := k27 ('[gameflow.lua] gameflow_EvaluateFactionCondition: auto-rejecting this game state subset (non-end-of-SW state + ch. ' [h=C9B12B81,$00BEB040])
      174 16030000      MOVE r22 := r6
      175 17000681     LOADK r23 := k26 (')\n' [h=00000973,$00999AC0])
      176 150A85D3    CONCAT r21 := r21 ... r23
      177 14010059      CALL r20 (1 args) => 0 results
      178 0105C255        EQ r11 == k15 ('end' [h=0003246B,$0098D060])
      179 00800014       JMP +1 ; 181
      180 14000042  LOADBOOL r20 := False ; br 182
      181 14008002  LOADBOOL r20 := True
      182 1401001B    RETURN r20 ... r20
      183 00070357        LE r14 > r13
      184 00800514       JMP +21 ; 206
      185 000683D7        LE r13 > r15
      186 00800494       JMP +19 ; 206
      187 00068395        EQ r13 != r14
      188 00800194       JMP +7 ; 196
      189 10080018      TEST not r16 : r16 := r16
      190 00800114       JMP +5 ; 196
      191 03018018      TEST not r3 : r3 := r3
      192 00800094       JMP +3 ; 196
      193 01020015        EQ r4 == r0
      194 00800014       JMP +1 ; 196
      195 07000002  LOADBOOL r7 := False
      196 000683D5        EQ r13 != r15
      197 00800214       JMP +9 ; 207
      198 11088018      TEST not r17 : r17 := r17
      199 00800194       JMP +7 ; 207
      200 03018018      TEST not r3 : r3 := r3
      201 00800114       JMP +5 ; 207
      202 00020015        EQ r4 != r0
      203 00800094       JMP +3 ; 207
      204 07000002  LOADBOOL r7 := False
      205 00800014       JMP +1 ; 207
      206 07000002  LOADBOOL r7 := False
      207 08040018      TEST not r8 : r8 := r8
      208 00800014       JMP +1 ; 210
      209 07038012       NOT r7 := not r7
      210 14000205 GETGLOBAL r20 := _G[k8 ('util_PrintDebugMsg' [h=A2961C17,$00A25100])]
      211 15000701     LOADK r21 := k28 ('..? ' [h=0054D0C7,$00989B80])
      212 16000745 GETGLOBAL r22 := _G[k29 ('tostring' [h=787EB105,$009A9A40])]
      213 17038000      MOVE r23 := r7
      214 16010099      CALL r22 (1 args) => 1 results
      215 17000781     LOADK r23 := k30 ('\n' [h=0000002B,$009AB680])
      216 150A85D3    CONCAT r21 := r21 ... r23
      217 14010059      CALL r20 (1 args) => 0 results
      218 0701001B    RETURN r7 ... r7
      219 0000801B    RETURN
  [Node$01A318F0] 'SongTowerDestroyed_SpawnHind' [h=60F491B1,$00A17380]: function$00985820[2] 'SongTowerDestroyed_SpawnHind' [h=60F491B1,$00A17380]
    CONST$00C13340 k0  'Debug' [h=129D1272,$009C2A20]
    CONST$00C13348 k1  'SongTowerDestroyed_SpawnHind: ....' [h=21A0A776,$009E8140]
    CONST$00C13350 k2  'Actor_GetPosition' [h=F7E6F403,$009E29C0]
    CONST$00C13358 k3  'HERO' [h=0077AA50,$00988480]
    CONST$00C13360 k4  'SongHind' [h=07CA57B1,$00991680]
    CONST$00C13368 k5  'tostring' [h=787EB105,$009A9A40]
    CONST$00C13370 k6  'SongTowerDestroyed_FindPath' [h=E2FCFBEE,$009F8980]
    CONST$00C13378 k7  'bSuccess' [h=0C9AEBFB,$009A5840]
    CONST$00C13380 k8  TObject(1.0)
    CONST$00C13388 k9  'SongTowerDestroyed_SpawnHind: spawning ' [h=ED049096,$009F0C00]
    CONST$00C13390 k10 'Spawn_Actor' [h=44229E9F,$0097B0C0]
    CONST$00C13398 k11 'sTemplate' [h=71335A82,$0099F8A0]
    CONST$00C133A0 k12 'tTemplate' [h=71335A83,$00990B60]
    CONST$00C133A8 k13 'Hind' [h=00716370,$009936E0]
    CONST$00C133B0 k14 'sName' [h=10ED9F0D,$0097E600]
    CONST$00C133B8 k15 'spawnLocation' [h=8D916716,$0097CB60]
    CONST$00C133C0 k16 'x' [h=00000099,$0098E3E0]
    CONST$00C133C8 k17 'y' [h=00000098,$0099F120]
    CONST$00C133D0 k18 'z' [h=0000009B,$009A8AA0]
    CONST$00C133D8 k19 'yaw' [h=0003646B,$009C3FC0]
    CONST$00C133E0 k20 'SongTowerDestroyed_SpawnHind: commanding to attack hero ' [h=EDA20AA4,$00B2FEC0]
    CONST$00C133E8 k21 'Ai_CommandDefault' [h=60550F94,$00A00F80]
    CONST$00C133F0 k22 'Attack' [h=5EDA61FF,$00978080]
    CONST$00C133F8 k23 'medPri' [h=61E5011D,$009C4340]
    CONST$00C13400 k24 'SongTowerDestroyed_SpawnHind: DONE' [h=73872F11,$00A0C580]
     CODE$00C12F40
      000 00000005 GETGLOBAL r0 := _G[k0 ('Debug' [h=129D1272,$009C2A20])]
      001 01000041     LOADK r1 := k1 ('SongTowerDestroyed_SpawnHind: ....' [h=21A0A776,$009E8140])
      002 00010059      CALL r0 (1 args) => 0 results
      003 00000085 GETGLOBAL r0 := _G[k2 ('Actor_GetPosition' [h=F7E6F403,$009E29C0])]
      004 010000C5 GETGLOBAL r1 := _G[k3 ('HERO' [h=0077AA50,$00988480])]
      005 00010119      CALL r0 (1 args) => 3 results
      006 03000101     LOADK r3 := k4 ('SongHind' [h=07CA57B1,$00991680])
      007 04000145 GETGLOBAL r4 := _G[k5 ('tostring' [h=787EB105,$009A9A40])]
      008 05000004  GETUPVAL r5 := u0
      009 04010099      CALL r4 (1 args) => 1 results
      010 03018113    CONCAT r3 := r3 ... r4
      011 04000185 GETGLOBAL r4 := _G[k6 ('SongTowerDestroyed_FindPath' [h=E2FCFBEE,$009F8980])]
      012 05000000      MOVE r5 := r0
      013 06008000      MOVE r6 := r1
      014 07010000      MOVE r7 := r2
      015 04020099      CALL r4 (3 args) => 1 results
      016 05024046  GETTABLE r5 := r4[k7 ('bSuccess' [h=0C9AEBFB,$009A5840])]
      017 05028018      TEST not r5 : r5 := r5
      018 00800814       JMP +33 ; 52
      019 05000004  GETUPVAL r5 := u0
      020 0502C08C       ADD r5 := r5 + k8 (TObject(1.0))
      021 05000008  SETUPVAL r5 ->> UV[0]
      022 05000005 GETGLOBAL r5 := _G[k0 ('Debug' [h=129D1272,$009C2A20])]
      023 06000241     LOADK r6 := k9 ('SongTowerDestroyed_SpawnHind: spawning ' [h=ED049096,$009F0C00])
      024 05010059      CALL r5 (1 args) => 0 results
      025 05000285 GETGLOBAL r5 := _G[k10 ('Spawn_Actor' [h=44229E9F,$0097B0C0])]
      026 0600008A  NEWTABLE r6 := {} (#a=0, #h=2)
      027 07008004  GETUPVAL r7 := u1
      028 0703C186  GETTABLE r7 := r7[k12 ('tTemplate' [h=71335A83,$00990B60])]
      029 0703C1C6  GETTABLE r7 := r7[k13 ('Hind' [h=00716370,$009936E0])]
      030 068281C9  SETTABLE r7 ->> r6[k11 ('sTemplate' [h=71335A82,$0099F8A0])]
      031 068400C9  SETTABLE r3 ->> r6[k14 ('sName' [h=10ED9F0D,$0097E600])]
      032 070000CA  NEWTABLE r7 := {} (#a=0, #h=3)
      033 08024286  GETTABLE r8 := r4[k16 ('x' [h=00000099,$0098E3E0])]
      034 07850209  SETTABLE r8 ->> r7[k16 ('x' [h=00000099,$0098E3E0])]
      035 080242C6  GETTABLE r8 := r4[k17 ('y' [h=00000098,$0099F120])]
      036 07858209  SETTABLE r8 ->> r7[k17 ('y' [h=00000098,$0099F120])]
      037 08024306  GETTABLE r8 := r4[k18 ('z' [h=0000009B,$009A8AA0])]
      038 07860209  SETTABLE r8 ->> r7[k18 ('z' [h=0000009B,$009A8AA0])]
      039 08024346  GETTABLE r8 := r4[k19 ('yaw' [h=0003646B,$009C3FC0])]
      040 07868209  SETTABLE r8 ->> r7[k19 ('yaw' [h=0003646B,$009C3FC0])]
      041 068481C9  SETTABLE r7 ->> r6[k15 ('spawnLocation' [h=8D916716,$0097CB60])]
      042 05010059      CALL r5 (1 args) => 0 results
      043 05000005 GETGLOBAL r5 := _G[k0 ('Debug' [h=129D1272,$009C2A20])]
      044 06000501     LOADK r6 := k20 ('SongTowerDestroyed_SpawnHind: commanding to attack hero ' [h=EDA20AA4,$00B2FEC0])
      045 05010059      CALL r5 (1 args) => 0 results
      046 05000545 GETGLOBAL r5 := _G[k21 ('Ai_CommandDefault' [h=60550F94,$00A00F80])]
      047 06018000      MOVE r6 := r3
      048 07000581     LOADK r7 := k22 ('Attack' [h=5EDA61FF,$00978080])
      049 080000C5 GETGLOBAL r8 := _G[k3 ('HERO' [h=0077AA50,$00988480])]
      050 090005C1     LOADK r9 := k23 ('medPri' [h=61E5011D,$009C4340])
      051 05028059      CALL r5 (4 args) => 0 results
      052 05000005 GETGLOBAL r5 := _G[k0 ('Debug' [h=129D1272,$009C2A20])]
      053 06000601     LOADK r6 := k24 ('SongTowerDestroyed_SpawnHind: DONE' [h=73872F11,$00A0C580])
      054 05010059      CALL r5 (1 args) => 0 results
      055 0000801B    RETURN
  [Node$01A31904] 'gameflow_CardStatusReport' [h=B6B13F24,$009E2180]: function$009898A0 'gameflow_CardStatusReport' [h=B6B13F24,$009E2180]
    CONST$00AB9EC0 k0  'util_PrintDebugMsg' [h=A2961C17,$00A25100]
    CONST$00AB9EC8 k1  '\n[gameflow.lua] gameflow_CardStatusReport: begin...\n' [h=23B956ED,$00B12940]
    CONST$00AB9ED0 k2  'ipairs' [h=B6F4A157,$0098FC00]
    CONST$00AB9ED8 k3  'suit_sequence' [h=3E108615,$009801E0]
    CONST$00AB9EE0 k4  'CARD_RANK_MIN' [h=4771A7AF,$0098B6E0]
    CONST$00AB9EE8 k5  'CARD_RANK_MAX' [h=B37F15FE,$009C4100]
    CONST$00AB9EF0 k6  TObject(1.0)
    CONST$00AB9EF8 k7  'gameflow_GetCardScribbleMemoryVariableName' [h=22BDD88D,$00A13240]
    CONST$00AB9F00 k8  'Utility_ReadStringFromScribbleMemory' [h=5455F3B9,$00A0C940]
    CONST$00AB9F08 k9  'at large' [h=91AF56D0,$00981620]
    CONST$00AB9F10 k10 '[gameflow.lua] gameflow_CardStatusReport: ' [h=559E0484,$009DC380]
    CONST$00AB9F18 k11 ': ' [h=00000CF0,$00993940]
    CONST$00AB9F20 k12 '\n' [h=0000002B,$009AB680]
    CONST$00AB9F28 k13 '[gameflow.lua] gameflow_CardStatusReport: ...end\n' [h=AE3F6EE3,$00ACC940]
     CODE$00B9D940
      000 00000005 GETGLOBAL r0 := _G[k0 ('util_PrintDebugMsg' [h=A2961C17,$00A25100])]
      001 01000041     LOADK r1 := k1 ('\n[gameflow.lua] gameflow_CardStatusReport: begin...\n' [h=23B956ED,$00B12940])
      002 00010059      CALL r0 (1 args) => 0 results
      003 00000085 GETGLOBAL r0 := _G[k2 ('ipairs' [h=B6F4A157,$0098FC00])]
      004 010000C5 GETGLOBAL r1 := _G[k3 ('suit_sequence' [h=3E108615,$009801E0])]
      005 00010159      CALL r0 (1 args) => 4 results
      006 008005DE  TFORPREP WIP
      007 04000105 GETGLOBAL r4 := _G[k4 ('CARD_RANK_MIN' [h=4771A7AF,$0098B6E0])]
      008 05000145 GETGLOBAL r5 := _G[k5 ('CARD_RANK_MAX' [h=B37F15FE,$009C4100])]
      009 06000181     LOADK r6 := k6 (TObject(1.0))
      010 0402018D       SUB r4 := r4 - r6
      011 00800454       JMP +18 ; 30
      012 070001C5 GETGLOBAL r7 := _G[k7 ('gameflow_GetCardScribbleMemoryVariableName' [h=22BDD88D,$00A13240])]
      013 08018000      MOVE r8 := r3
      014 09020000      MOVE r9 := r4
      015 07018099      CALL r7 (2 args) => 1 results
      016 08000205 GETGLOBAL r8 := _G[k8 ('Utility_ReadStringFromScribbleMemory' [h=5455F3B9,$00A0C940])]
      017 09038000      MOVE r9 := r7
      018 08010099      CALL r8 (1 args) => 1 results
      019 08040058      TEST r8 : r8 := r8
      020 00800014       JMP +1 ; 22
      021 08000241     LOADK r8 := k9 ('at large' [h=91AF56D0,$00981620])
      022 09000005 GETGLOBAL r9 := _G[k0 ('util_PrintDebugMsg' [h=A2961C17,$00A25100])]
      023 0A000281     LOADK r10 := k10 ('[gameflow.lua] gameflow_CardStatusReport: ' [h=559E0484,$009DC380])
      024 0B038000      MOVE r11 := r7
      025 0C0002C1     LOADK r12 := k11 (': ' [h=00000CF0,$00993940])
      026 0D040000      MOVE r13 := r8
      027 0E000301     LOADK r14 := k12 ('\n' [h=0000002B,$009AB680])
      028 0A050393    CONCAT r10 := r10 ... r14
      029 09010059      CALL r9 (1 args) => 0 results
      030 047FFB1C   FORLOOP r4 := r6; if r4 <= r5 JMP -19
      031 0000005D  TFORLOOP WIP
      032 007FF954       JMP -26 ; 7
      033 00000005 GETGLOBAL r0 := _G[k0 ('util_PrintDebugMsg' [h=A2961C17,$00A25100])]
      034 01000341     LOADK r1 := k13 ('[gameflow.lua] gameflow_CardStatusReport: ...end\n' [h=AE3F6EE3,$00ACC940])
      035 00010059      CALL r0 (1 args) => 0 results
      036 0000801B    RETURN
  [Node$01A31918] 'util_QueueRadioEventHandler' [h=59EC849D,$00A07F00]: function$00984DE0[1] 'util_QueueRadioEventHandler' [h=59EC849D,$00A07F00]
    CONST$009D0940 k0  'type' [h=0070EF71,$009875A0]
    CONST$009D0948 k1  'func' [h=0071EF66,$009C8B60]
    CONST$009D0950 k2  'function' [h=7C9F9568,$009A90A0]
    CONST$009D0958 k3  'bWhenDone' [h=7C281FF5,$009C19C0]
    CONST$009D0960 k4  'Event_RelativeTimer' [h=AD23F6E2,$009F7840]
    CONST$009D0968 k5  'b' [h=00000083,$00983380]
    CONST$009D0970 k6  TObject(0.0)
    CONST$009D0978 k7  TObject(None)
     CODE$00BC3B00
      000 02000005 GETGLOBAL r2 := _G[k0 ('type' [h=0070EF71,$009875A0])]
      001 03000004  GETUPVAL r3 := u0
      002 03018006  GETTABLE r3 := r3[r0]
      003 0301BEC6  GETTABLE r3 := r3[k1 ('func' [h=0071EF66,$009C8B60])]
      004 02010099      CALL r2 (1 args) => 1 results
      005 00013F15        EQ r2 != k2 ('function' [h=7C9F9568,$009A90A0])
      006 00800114       JMP +5 ; 12
      007 02000004  GETUPVAL r2 := u0
      008 02010006  GETTABLE r2 := r2[r0]
      009 02013EC6  GETTABLE r2 := r2[k1 ('func' [h=0071EF66,$009C8B60])]
      010 02008059      CALL r2 (0 args) => 0 results
      011 008004D4       JMP +20 ; 32
      012 02000004  GETUPVAL r2 := u0
      013 02010006  GETTABLE r2 := r2[r0]
      014 02013F46  GETTABLE r2 := r2[k3 ('bWhenDone' [h=7C281FF5,$009C19C0])]
      015 02010018      TEST not r2 : r2 := r2
      016 008001D4       JMP +8 ; 25
      017 02000105 GETGLOBAL r2 := _G[k4 ('Event_RelativeTimer' [h=AD23F6E2,$009F7840])]
      018 03000004  GETUPVAL r3 := u0
      019 03018006  GETTABLE r3 := r3[r0]
      020 0301BEC6  GETTABLE r3 := r3[k1 ('func' [h=0071EF66,$009C8B60])]
      021 04000141     LOADK r4 := k5 ('b' [h=00000083,$00983380])
      022 05008000      MOVE r5 := r1
      023 02020059      CALL r2 (3 args) => 0 results
      024 00800194       JMP +7 ; 32
      025 02000105 GETGLOBAL r2 := _G[k4 ('Event_RelativeTimer' [h=AD23F6E2,$009F7840])]
      026 03000004  GETUPVAL r3 := u0
      027 03018006  GETTABLE r3 := r3[r0]
      028 0301BEC6  GETTABLE r3 := r3[k1 ('func' [h=0071EF66,$009C8B60])]
      029 04000141     LOADK r4 := k5 ('b' [h=00000083,$00983380])
      030 05000181     LOADK r5 := k6 (TObject(0.0))
      031 02020059      CALL r2 (3 args) => 0 results
      032 02000004  GETUPVAL r2 := u0
      033 02004049  SETTABLE k7 (TObject(None)) ->> r2[r0]
      034 0000801B    RETURN
  [Node$01A3192C] 'Ui_TutorialTrayPrint' [h=A427467F,$009E6F40]: cfunction$002A75F8 'Ui_TutorialTrayPrint' [h=A427467F,$009E6F40]
  [Node$01A31940] 'Utility_CloseThisScript' [h=CEFBE680,$009FE880]: cfunction$002C1E60 'Utility_CloseThisScript' [h=CEFBE680,$009FE880]
  [Node$01A31954] 'gameflow_GetCardActorName' [h=D3E96681,$00A150C0]: function$00996080 'gameflow_GetCardActorName' [h=D3E96681,$00A150C0]
    CONST$009C4680 k0  'deck_' [h=10137744,$0099C280]
    CONST$009C4688 k1  'Utility_StringFormat' [h=886808AD,$00A16940]
    CONST$009C4690 k2  '%02d' [h=007272B4,$009C3E20]
     CODE$009CFAC0
      000 02000001     LOADK r2 := k0 ('deck_' [h=10137744,$0099C280])
      001 03000000      MOVE r3 := r0
      002 04000045 GETGLOBAL r4 := _G[k1 ('Utility_StringFormat' [h=886808AD,$00A16940])]
      003 05000081     LOADK r5 := k2 ('%02d' [h=007272B4,$009C3E20])
      004 06008000      MOVE r6 := r1
      005 04018099      CALL r4 (2 args) => 1 results
      006 02010113    CONCAT r2 := r2 ... r4
      007 0201001B    RETURN r2 ... r2
      008 0000801B    RETURN
  [Node$01A31968] 'Actor_IsInvincible' [h=B1CD2E82,$00A07E80]: cfunction$002AA368 'Actor_IsInvincible' [h=B1CD2E82,$00A07E80]
  [Node$01A3197C] 'ClearLZ_OnUnBlipNKForces' [h=A598B683,$009E03C0]: function$009C5A40[2] 'ClearLZ_OnUnBlipNKForces' [h=A598B683,$009E03C0]
    CONST$00B21540 k0  'Debug' [h=129D1272,$009C2A20]
    CONST$00B21548 k1  'ClearLZ_OnUnBlipNKForces: ....' [h=2B03BD61,$009E4C00]
    CONST$00B21550 k2  'BlipLZForces' [h=570FD2D0,$0098CDE0]
    CONST$00B21558 k3  'Event_ActorToLocationProximity' [h=396A4210,$009DB240]
    CONST$00B21560 k4  'ClearLZ_OnBlipNKForces' [h=794B41ED,$009E7B00]
    CONST$00B21568 k5  'b' [h=00000083,$00983380]
    CONST$00B21570 k6  'HERO' [h=0077AA50,$00988480]
    CONST$00B21578 k7  'tLocation' [h=1B661449,$0098DE00]
    CONST$00B21580 k8  'LZ' [h=000013EA,$009923A0]
    CONST$00B21588 k9  TObject(150.0)
    CONST$00B21590 k10 'ClearLZ_Objectify' [h=2445F049,$009DEBC0]
    CONST$00B21598 k11 'ClearLZ_OnUnBlipNKForces: DONE' [h=B8051E85,$009E2380]
     CODE$00A632C0
      000 00000005 GETGLOBAL r0 := _G[k0 ('Debug' [h=129D1272,$009C2A20])]
      001 01000041     LOADK r1 := k1 ('ClearLZ_OnUnBlipNKForces: ....' [h=2B03BD61,$009E4C00])
      002 00010059      CALL r0 (1 args) => 0 results
      003 00000004  GETUPVAL r0 := u0
      004 010000C5 GETGLOBAL r1 := _G[k3 ('Event_ActorToLocationProximity' [h=396A4210,$009DB240])]
      005 02000101     LOADK r2 := k4 ('ClearLZ_OnBlipNKForces' [h=794B41ED,$009E7B00])
      006 03000141     LOADK r3 := k5 ('b' [h=00000083,$00983380])
      007 04000185 GETGLOBAL r4 := _G[k6 ('HERO' [h=0077AA50,$00988480])]
      008 05008004  GETUPVAL r5 := u1
      009 0502C046  GETTABLE r5 := r5[k7 ('tLocation' [h=1B661449,$0098DE00])]
      010 0502C086  GETTABLE r5 := r5[k8 ('LZ' [h=000013EA,$009923A0])]
      011 06000241     LOADK r6 := k9 (TObject(150.0))
      012 07008002  LOADBOOL r7 := True
      013 08008002  LOADBOOL r8 := True
      014 01040099      CALL r1 (7 args) => 1 results
      015 007E0049  SETTABLE r1 ->> r0[k2 ('BlipLZForces' [h=570FD2D0,$0098CDE0])]
      016 00000285 GETGLOBAL r0 := _G[k10 ('ClearLZ_Objectify' [h=2445F049,$009DEBC0])]
      017 01000002  LOADBOOL r1 := False
      018 00010059      CALL r0 (1 args) => 0 results
      019 00000005 GETGLOBAL r0 := _G[k0 ('Debug' [h=129D1272,$009C2A20])]
      020 010002C1     LOADK r1 := k11 ('ClearLZ_OnUnBlipNKForces: DONE' [h=B8051E85,$009E2380])
      021 00010059      CALL r0 (1 args) => 0 results
      022 0000801B    RETURN
  [Node$01A31990] 'CARD_RANK_NUM_MAX' [h=7876B666,$00A39880]: TObject(10.0)
  [Node$01A319A4] 'Utility_GetActorsVehicle' [h=19764E85,$009E8C80]: cfunction$002C2448 'Utility_GetActorsVehicle' [h=19764E85,$009E8C80]
  [Node$01A319B8] 'Actor_GetPosition' [h=F7E6F403,$009E29C0]: cfunction$002AB790 'Actor_GetPosition' [h=F7E6F403,$009E29C0]
  [Node$01A319CC] 'AceHeliDonePath' [h=78976E87,$009C0360]: function$009A0640[1] 'AceHeliDonePath' [h=78976E87,$009C0360]
    CONST$00A837C0 k0  'Debug' [h=129D1272,$009C2A20]
    CONST$00A837C8 k1  'AceHeliDonePath: ....' [h=93E50D9D,$00A1D540]
    CONST$00A837D0 k2  'AceHeliDonePath' [h=78976E87,$009C0360]
    CONST$00A837D8 k3  TObject(None)
    CONST$00A837E0 k4  'AceHeliDonePath: spawning air superiority strike' [h=DCD5F84B,$00B1F840]
    CONST$00A837E8 k5  'Actor_GetPosition' [h=F7E6F403,$009E29C0]
    CONST$00A837F0 k6  'AceHeli' [h=BF24F2E2,$009A23A0]
    CONST$00A837F8 k7  'Actor_GetYaw' [h=4E977D3A,$009A1B80]
    CONST$00A83800 k8  'Mission_SpawnAirstrike' [h=A09DA73E,$009F6500]
    CONST$00A83808 k9  'template_sam_airsuperiority' [h=D02E2DB1,$00A29D00]
    CONST$00A83810 k10 'AceHeliDonePath: DONE' [h=6A1E2FD7,$009DB980]
     CODE$00B2C2C0
      000 00000005 GETGLOBAL r0 := _G[k0 ('Debug' [h=129D1272,$009C2A20])]
      001 01000041     LOADK r1 := k1 ('AceHeliDonePath: ....' [h=93E50D9D,$00A1D540])
      002 00010059      CALL r0 (1 args) => 0 results
      003 00000004  GETUPVAL r0 := u0
      004 007E3F49  SETTABLE k3 (TObject(None)) ->> r0[k2 ('AceHeliDonePath' [h=78976E87,$009C0360])]
      005 00000005 GETGLOBAL r0 := _G[k0 ('Debug' [h=129D1272,$009C2A20])]
      006 01000101     LOADK r1 := k4 ('AceHeliDonePath: spawning air superiority strike' [h=DCD5F84B,$00B1F840])
      007 00010059      CALL r0 (1 args) => 0 results
      008 00000145 GETGLOBAL r0 := _G[k5 ('Actor_GetPosition' [h=F7E6F403,$009E29C0])]
      009 01000181     LOADK r1 := k6 ('AceHeli' [h=BF24F2E2,$009A23A0])
      010 00010119      CALL r0 (1 args) => 3 results
      011 030001C5 GETGLOBAL r3 := _G[k7 ('Actor_GetYaw' [h=4E977D3A,$009A1B80])]
      012 04000181     LOADK r4 := k6 ('AceHeli' [h=BF24F2E2,$009A23A0])
      013 03010099      CALL r3 (1 args) => 1 results
      014 04000205 GETGLOBAL r4 := _G[k8 ('Mission_SpawnAirstrike' [h=A09DA73E,$009F6500])]
      015 05000241     LOADK r5 := k9 ('template_sam_airsuperiority' [h=D02E2DB1,$00A29D00])
      016 06000000      MOVE r6 := r0
      017 07008000      MOVE r7 := r1
      018 08010000      MOVE r8 := r2
      019 09018000      MOVE r9 := r3
      020 04030059      CALL r4 (5 args) => 0 results
      021 04000005 GETGLOBAL r4 := _G[k0 ('Debug' [h=129D1272,$009C2A20])]
      022 05000281     LOADK r5 := k10 ('AceHeliDonePath: DONE' [h=6A1E2FD7,$009DB980])
      023 04010059      CALL r4 (1 args) => 0 results
      024 0000801B    RETURN
  [Node$01A319E0] 'CARD_RANK_MAX' [h=B37F15FE,$009C4100]: TObject(14.0)
  [Node$01A319F4] 'jeff_playerOutOfVehicle' [h=98DDF833,$00A23CC0]: function$0098A3C0 'jeff_playerOutOfVehicle' [h=98DDF833,$00A23CC0]
    CONST$00A993C0 k0  'jeff_clearVehicleEvents' [h=3E56DA3B,$009FA100]
    CONST$00A993C8 k1  'hNiceWheels' [h=008D1A55,$0097F100]
    CONST$00A993D0 k2  'Event_CancelEvent' [h=D8960070,$009D8C00]
    CONST$00A993D8 k3  'hCopterHelp2' [h=6BE9A9D6,$00979440]
    CONST$00A993E0 k4  'jeff_hPlayerInVehicle' [h=EF229078,$00A06A40]
    CONST$00A993E8 k5  'Event_AiInVehicle' [h=8A9BD566,$009FA180]
    CONST$00A993F0 k6  'jeff_playerInVehicle' [h=8CFD0379,$009E5BC0]
    CONST$00A993F8 k7  'b' [h=00000083,$00983380]
    CONST$00A99400 k8  'player0' [h=316752BF,$009A56E0]
    CONST$00A99408 k9  'TRUE' [h=0067B195,$0097E680]
     CODE$00A9EC40
      000 00000005 GETGLOBAL r0 := _G[k0 ('jeff_clearVehicleEvents' [h=3E56DA3B,$009FA100])]
      001 00008059      CALL r0 (0 args) => 0 results
      002 00000085 GETGLOBAL r0 := _G[k2 ('Event_CancelEvent' [h=D8960070,$009D8C00])]
      003 01000045 GETGLOBAL r1 := _G[k1 ('hNiceWheels' [h=008D1A55,$0097F100])]
      004 00010099      CALL r0 (1 args) => 1 results
      005 00000047 SETGLOBAL r0 ->> _G[k1 ('hNiceWheels' [h=008D1A55,$0097F100])]
      006 00000085 GETGLOBAL r0 := _G[k2 ('Event_CancelEvent' [h=D8960070,$009D8C00])]
      007 010000C5 GETGLOBAL r1 := _G[k3 ('hCopterHelp2' [h=6BE9A9D6,$00979440])]
      008 00010099      CALL r0 (1 args) => 1 results
      009 000000C7 SETGLOBAL r0 ->> _G[k3 ('hCopterHelp2' [h=6BE9A9D6,$00979440])]
      010 00000145 GETGLOBAL r0 := _G[k5 ('Event_AiInVehicle' [h=8A9BD566,$009FA180])]
      011 01000181     LOADK r1 := k6 ('jeff_playerInVehicle' [h=8CFD0379,$009E5BC0])
      012 020001C1     LOADK r2 := k7 ('b' [h=00000083,$00983380])
      013 03000201     LOADK r3 := k8 ('player0' [h=316752BF,$009A56E0])
      014 04000245 GETGLOBAL r4 := _G[k9 ('TRUE' [h=0067B195,$0097E680])]
      015 00028099      CALL r0 (4 args) => 1 results
      016 00000107 SETGLOBAL r0 ->> _G[k4 ('jeff_hPlayerInVehicle' [h=EF229078,$00A06A40])]
      017 0000801B    RETURN
  [Node$01A31A08] 'spades' [h=B57ECFE8,$0098FA40]: 'spades' [h=B57ECFE8,$0098FA40]
  [Node$01A31A1C] 'mission_MissionCleanup' [h=5D2498FC,$009DA440]: function$0097AE60 'mission_MissionCleanup' [h=5D2498FC,$009DA440]
    CONST$00C24040 k0  'util_PrintDebugMsg' [h=A2961C17,$00A25100]
    CONST$00C24048 k1  '[mission.lua] mission_MissionCleanup\n' [h=5EBF1780,$00A1D680]
    CONST$00C24050 k2  'custom_MissionCleanup' [h=30FFEEFD,$009E9200]
    CONST$00C24058 k3  'pre_MissionCleanup' [h=E7972C32,$009E55C0]
    CONST$00C24060 k4  'util_IsFinalMission' [h=DF10E46E,$009ED6C0]
    CONST$00C24068 k5  'sQuadrant' [h=4B410EBA,$0099BEC0]
    CONST$00C24070 k6  'sFaction' [h=7C9C46C0,$009785C0]
    CONST$00C24078 k7  'iMission' [h=7DD21FF8,$0098A720]
    CONST$00C24080 k8  'sInitialMail' [h=F588F94B,$009A8900]
    CONST$00C24088 k9  'Mail_Delete' [h=8D1A255E,$009A4260]
    CONST$00C24090 k10 'hMission_FactionAttitudeChange' [h=7412F9A2,$009D4FC0]
    CONST$00C24098 k11 'Event_CancelEvent' [h=D8960070,$009D8C00]
    CONST$00C240A0 k12 'Desktop_OverrideDeathSequence' [h=3CAC09E7,$009F87C0]
    CONST$00C240A8 k13 'FALSE' [h=0E4B730F,$009A6040]
    CONST$00C240B0 k14 'util_DefaultSupport' [h=35D008B5,$00A403C0]
    CONST$00C240B8 k15 'Utility_WriteStringToScribbleMemory' [h=5E8C6272,$00A3A080]
    CONST$00C240C0 k16 'most_recent_mission_faction' [h=9A5E011B,$009E5B80]
    CONST$00C240C8 k17 'Ai_SetFactionFavor' [h=FA240704,$00A0E600]
    CONST$00C240D0 k18 'HERO' [h=0077AA50,$00988480]
    CONST$00C240D8 k19 'mission_ClearAllMessages' [h=121C58B5,$009D6BC0]
    CONST$00C240E0 k20 'jeff_setupElevator' [h=24C5B5F2,$009FFD40]
    CONST$00C240E8 k21 'jeff_setupCostumeTent' [h=3D41CBCF,$009EB3C0]
    CONST$00C240F0 k22 'util_IsPlayableIntro' [h=F04BEFE8,$009E8700]
    CONST$00C240F8 k23 'util_IsFaceCardMission' [h=2D88A1FE,$00A36C00]
    CONST$00C24100 k24 'util_IsAceMission' [h=3411A219,$009F2FC0]
    CONST$00C24108 k25 'gameflow_ClearNumericCardsVerifiedInMissionFromScribMem' [h=11BC1DDD,$00A8C0C0]
    CONST$00C24110 k26 'post_MissionCleanup' [h=7A15D91B,$009FE8C0]
    CONST$00C24118 k27 'Utility_CloseThisScript' [h=CEFBE680,$009FE880]
     CODE$00CCE0C0
      000 00000005 GETGLOBAL r0 := _G[k0 ('util_PrintDebugMsg' [h=A2961C17,$00A25100])]
      001 01000041     LOADK r1 := k1 ('[mission.lua] mission_MissionCleanup\n' [h=5EBF1780,$00A1D680])
      002 00010059      CALL r0 (1 args) => 0 results
      003 00000085 GETGLOBAL r0 := _G[k2 ('custom_MissionCleanup' [h=30FFEEFD,$009E9200])]
      004 00000018      TEST not r0 : r0 := r0
      005 00800094       JMP +3 ; 9
      006 00000085 GETGLOBAL r0 := _G[k2 ('custom_MissionCleanup' [h=30FFEEFD,$009E9200])]
      007 00008059      CALL r0 (0 args) => 0 results
      008 00801394       JMP +79 ; 88
      009 000000C5 GETGLOBAL r0 := _G[k3 ('pre_MissionCleanup' [h=E7972C32,$009E55C0])]
      010 00000018      TEST not r0 : r0 := r0
      011 00800054       JMP +2 ; 14
      012 000000C5 GETGLOBAL r0 := _G[k3 ('pre_MissionCleanup' [h=E7972C32,$009E55C0])]
      013 00008059      CALL r0 (0 args) => 0 results
      014 00000105 GETGLOBAL r0 := _G[k4 ('util_IsFinalMission' [h=DF10E46E,$009ED6C0])]
      015 01000145 GETGLOBAL r1 := _G[k5 ('sQuadrant' [h=4B410EBA,$0099BEC0])]
      016 02000185 GETGLOBAL r2 := _G[k6 ('sFaction' [h=7C9C46C0,$009785C0])]
      017 030001C5 GETGLOBAL r3 := _G[k7 ('iMission' [h=7DD21FF8,$0098A720])]
      018 00020099      CALL r0 (3 args) => 1 results
      019 00000058      TEST r0 : r0 := r0
      020 00800754       JMP +30 ; 51
      021 00000205 GETGLOBAL r0 := _G[k8 ('sInitialMail' [h=F588F94B,$009A8900])]
      022 00000018      TEST not r0 : r0 := r0
      023 00800094       JMP +3 ; 27
      024 00000245 GETGLOBAL r0 := _G[k9 ('Mail_Delete' [h=8D1A255E,$009A4260])]
      025 01000205 GETGLOBAL r1 := _G[k8 ('sInitialMail' [h=F588F94B,$009A8900])]
      026 00010059      CALL r0 (1 args) => 0 results
      027 000002C5 GETGLOBAL r0 := _G[k11 ('Event_CancelEvent' [h=D8960070,$009D8C00])]
      028 01000285 GETGLOBAL r1 := _G[k10 ('hMission_FactionAttitudeChange' [h=7412F9A2,$009D4FC0])]
      029 00010099      CALL r0 (1 args) => 1 results
      030 00000287 SETGLOBAL r0 ->> _G[k10 ('hMission_FactionAttitudeChange' [h=7412F9A2,$009D4FC0])]
      031 00000305 GETGLOBAL r0 := _G[k12 ('Desktop_OverrideDeathSequence' [h=3CAC09E7,$009F87C0])]
      032 01000345 GETGLOBAL r1 := _G[k13 ('FALSE' [h=0E4B730F,$009A6040])]
      033 00010059      CALL r0 (1 args) => 0 results
      034 00000385 GETGLOBAL r0 := _G[k14 ('util_DefaultSupport' [h=35D008B5,$00A403C0])]
      035 00008059      CALL r0 (0 args) => 0 results
      036 000003C5 GETGLOBAL r0 := _G[k15 ('Utility_WriteStringToScribbleMemory' [h=5E8C6272,$00A3A080])]
      037 01000401     LOADK r1 := k16 ('most_recent_mission_faction' [h=9A5E011B,$009E5B80])
      038 02000185 GETGLOBAL r2 := _G[k6 ('sFaction' [h=7C9C46C0,$009785C0])]
      039 00018059      CALL r0 (2 args) => 0 results
      040 00000445 GETGLOBAL r0 := _G[k17 ('Ai_SetFactionFavor' [h=FA240704,$00A0E600])]
      041 01000485 GETGLOBAL r1 := _G[k18 ('HERO' [h=0077AA50,$00988480])]
      042 02000185 GETGLOBAL r2 := _G[k6 ('sFaction' [h=7C9C46C0,$009785C0])]
      043 03000002  LOADBOOL r3 := False
      044 00020059      CALL r0 (3 args) => 0 results
      045 000004C5 GETGLOBAL r0 := _G[k19 ('mission_ClearAllMessages' [h=121C58B5,$009D6BC0])]
      046 00008059      CALL r0 (0 args) => 0 results
      047 00000505 GETGLOBAL r0 := _G[k20 ('jeff_setupElevator' [h=24C5B5F2,$009FFD40])]
      048 00008059      CALL r0 (0 args) => 0 results
      049 00000545 GETGLOBAL r0 := _G[k21 ('jeff_setupCostumeTent' [h=3D41CBCF,$009EB3C0])]
      050 00008059      CALL r0 (0 args) => 0 results
      051 00000585 GETGLOBAL r0 := _G[k22 ('util_IsPlayableIntro' [h=F04BEFE8,$009E8700])]
      052 01000145 GETGLOBAL r1 := _G[k5 ('sQuadrant' [h=4B410EBA,$0099BEC0])]
      053 02000185 GETGLOBAL r2 := _G[k6 ('sFaction' [h=7C9C46C0,$009785C0])]
      054 030001C5 GETGLOBAL r3 := _G[k7 ('iMission' [h=7DD21FF8,$0098A720])]
      055 00020099      CALL r0 (3 args) => 1 results
      056 010005C5 GETGLOBAL r1 := _G[k23 ('util_IsFaceCardMission' [h=2D88A1FE,$00A36C00])]
      057 02000185 GETGLOBAL r2 := _G[k6 ('sFaction' [h=7C9C46C0,$009785C0])]
      058 030001C5 GETGLOBAL r3 := _G[k7 ('iMission' [h=7DD21FF8,$0098A720])]
      059 01018099      CALL r1 (2 args) => 1 results
      060 02000605 GETGLOBAL r2 := _G[k24 ('util_IsAceMission' [h=3411A219,$009F2FC0])]
      061 03000145 GETGLOBAL r3 := _G[k5 ('sQuadrant' [h=4B410EBA,$0099BEC0])]
      062 04000185 GETGLOBAL r4 := _G[k6 ('sFaction' [h=7C9C46C0,$009785C0])]
      063 050001C5 GETGLOBAL r5 := _G[k7 ('iMission' [h=7DD21FF8,$0098A720])]
      064 02020099      CALL r2 (3 args) => 1 results
      065 00000058      TEST r0 : r0 := r0
      066 008000D4       JMP +4 ; 71
      067 01008058      TEST r1 : r1 := r1
      068 00800054       JMP +2 ; 71
      069 03010012       NOT r3 := not r2
      070 00800054       JMP +2 ; 73
      071 03000042  LOADBOOL r3 := False ; br 73
      072 03008002  LOADBOOL r3 := True
      073 03018058      TEST r3 : r3 := r3
      074 00800054       JMP +2 ; 77
      075 01008018      TEST not r1 : r1 := r1
      076 00800094       JMP +3 ; 80
      077 04000645 GETGLOBAL r4 := _G[k25 ('gameflow_ClearNumericCardsVerifiedInMissionFromScribMem' [h=11BC1DDD,$00A8C0C0])]
      078 05000002  LOADBOOL r5 := False
      079 04010059      CALL r4 (1 args) => 0 results
      080 04000685 GETGLOBAL r4 := _G[k26 ('post_MissionCleanup' [h=7A15D91B,$009FE8C0])]
      081 04020018      TEST not r4 : r4 := r4
      082 00800094       JMP +3 ; 86
      083 04000685 GETGLOBAL r4 := _G[k26 ('post_MissionCleanup' [h=7A15D91B,$009FE8C0])]
      084 04008059      CALL r4 (0 args) => 0 results
      085 00800054       JMP +2 ; 88
      086 040006C5 GETGLOBAL r4 := _G[k27 ('Utility_CloseThisScript' [h=CEFBE680,$009FE880])]
      087 04008059      CALL r4 (0 args) => 0 results
      088 0000801B    RETURN
  [Node$01A31A30] 'Objective_SetShortDescription' [h=3CB3128C,$00A25740]: cfunction$002A3888 'Objective_SetShortDescription' [h=3CB3128C,$00A25740]
  [Node$01A31A44] 'CreateVerificationTargetBlip' [h=3986CCCA,$009DA080]: function$0098D0E0 'CreateVerificationTargetBlip' [h=3986CCCA,$009DA080]
    CONST$00BF7880 k0  'markInPDA' [h=06AF161A,$0099AF00]
    CONST$00BF7888 k1  'util_PrintDebugMsg' [h=A2961C17,$00A25100]
    CONST$00BF7890 k2  '\n[OBJECTIVEVERIFY] Adding blip for verification target ' [h=F641E514,$00A71FC0]
    CONST$00BF7898 k3  'actorName' [h=4EB2E2FD,$0098A660]
    CONST$00BF78A0 k4  ' (objective ' [h=2765F23D,$00982A20]
    CONST$00BF78A8 k5  'objectiveName' [h=2337C7CC,$0097D840]
    CONST$00BF78B0 k6  ')\n' [h=00000973,$00999AC0]
    CONST$00BF78B8 k7  'Objective_SetType' [h=7BC600A9,$009E09C0]
    CONST$00BF78C0 k8  'objectiveType' [h=4CF75B8E,$00995160]
    CONST$00BF78C8 k9  'Objective_SetShortDescription' [h=3CB3128C,$00A25740]
    CONST$00BF78D0 k10 'objectiveDesc' [h=54B269EB,$009A9720]
    CONST$00BF78D8 k11 'Objective_SetTargetActor' [h=A04E11C0,$009CB2C0]
    CONST$00BF78E0 k12 'actorCaption' [h=0C46BDC7,$0099F520]
    CONST$00BF78E8 k13 'targetType' [h=4E235805,$0098DD20]
    CONST$00BF78F0 k14 'blipType' [h=D6B22C63,$009C0A20]
    CONST$00BF78F8 k15 'markInGPS' [h=1F1CD89F,$009C6C20]
    CONST$00BF7900 k16 'markInWorld' [h=5268B4A8,$009BF900]
    CONST$00BF7908 k17 TObject(0.0)
    CONST$00BF7910 k18 'drawDiamond' [h=F9D35DC5,$00985900]
     CODE$00B29D40
      000 01003E86  GETTABLE r1 := r0[k0 ('markInPDA' [h=06AF161A,$0099AF00])]
      001 01008018      TEST not r1 : r1 := r1
      002 008006D4       JMP +28 ; 31
      003 01000045 GETGLOBAL r1 := _G[k1 ('util_PrintDebugMsg' [h=A2961C17,$00A25100])]
      004 02000081     LOADK r2 := k2 ('\n[OBJECTIVEVERIFY] Adding blip for verification target ' [h=F641E514,$00A71FC0])
      005 03003F46  GETTABLE r3 := r0[k3 ('actorName' [h=4EB2E2FD,$0098A660])]
      006 04000101     LOADK r4 := k4 (' (objective ' [h=2765F23D,$00982A20])
      007 05003FC6  GETTABLE r5 := r0[k5 ('objectiveName' [h=2337C7CC,$0097D840])]
      008 06000181     LOADK r6 := k6 (')\n' [h=00000973,$00999AC0])
      009 02010193    CONCAT r2 := r2 ... r6
      010 01010059      CALL r1 (1 args) => 0 results
      011 010001C5 GETGLOBAL r1 := _G[k7 ('Objective_SetType' [h=7BC600A9,$009E09C0])]
      012 02003FC6  GETTABLE r2 := r0[k5 ('objectiveName' [h=2337C7CC,$0097D840])]
      013 03004086  GETTABLE r3 := r0[k8 ('objectiveType' [h=4CF75B8E,$00995160])]
      014 01018059      CALL r1 (2 args) => 0 results
      015 01000245 GETGLOBAL r1 := _G[k9 ('Objective_SetShortDescription' [h=3CB3128C,$00A25740])]
      016 02003FC6  GETTABLE r2 := r0[k5 ('objectiveName' [h=2337C7CC,$0097D840])]
      017 03004106  GETTABLE r3 := r0[k10 ('objectiveDesc' [h=54B269EB,$009A9720])]
      018 01018059      CALL r1 (2 args) => 0 results
      019 010002C5 GETGLOBAL r1 := _G[k11 ('Objective_SetTargetActor' [h=A04E11C0,$009CB2C0])]
      020 02003FC6  GETTABLE r2 := r0[k5 ('objectiveName' [h=2337C7CC,$0097D840])]
      021 03003F46  GETTABLE r3 := r0[k3 ('actorName' [h=4EB2E2FD,$0098A660])]
      022 04004186  GETTABLE r4 := r0[k12 ('actorCaption' [h=0C46BDC7,$0099F520])]
      023 050041C6  GETTABLE r5 := r0[k13 ('targetType' [h=4E235805,$0098DD20])]
      024 06004206  GETTABLE r6 := r0[k14 ('blipType' [h=D6B22C63,$009C0A20])]
      025 07004246  GETTABLE r7 := r0[k15 ('markInGPS' [h=1F1CD89F,$009C6C20])]
      026 08003E86  GETTABLE r8 := r0[k0 ('markInPDA' [h=06AF161A,$0099AF00])]
      027 09004286  GETTABLE r9 := r0[k16 ('markInWorld' [h=5268B4A8,$009BF900])]
      028 0A000441     LOADK r10 := k17 (TObject(0.0))
      029 0B004306  GETTABLE r11 := r0[k18 ('drawDiamond' [h=F9D35DC5,$00985900])]
      030 01058059      CALL r1 (10 args) => 0 results
      031 0000801B    RETURN
  [Node$01A31A58] 'Player_EnableUseOnlyControl' [h=EADF41F1,$009D3980]: cfunction$002C06D0 'Player_EnableUseOnlyControl' [h=EADF41F1,$009D3980]
  [Node$01A31A6C] 'getfenv' [h=9EE7928F,$00999DA0]: cfunction$003B7770 'getfenv' [h=9EE7928F,$00999DA0]
  [Node$01A31A80] 'Event_ActorInBoundary' [h=5BF73290,$00A20700]: cfunction$002B9DF0 'Event_ActorInBoundary' [h=5BF73290,$00A20700]
  [Node$01A31A94] 'Challenge_ReadStatInteger' [h=24AEB691,$009D2200]: cfunction$002CAA10 'Challenge_ReadStatInteger' [h=24AEB691,$009D2200]
  [Node$01A31AA8] 'iFaceIntel' [h=DBE92741,$0099DBA0]: TObject(30.0)
  [Node$01A31ABC] 'stateFaceCard' [h=B6107CFD,$009A5800]: 'face' [h=0070A965,$0097A4A0]
  [Node$01A31AD0] 'CreateTargetActorBlip' [h=964AC294,$009E9980]: function$0098E720 'CreateTargetActorBlip' [h=964AC294,$009E9980]
    CONST$00BB5C40 k0  'actorName' [h=4EB2E2FD,$0098A660]
    CONST$00BB5C48 k1  'player0' [h=316752BF,$009A56E0]
    CONST$00BB5C50 k2  'Objective_SetTargetActor' [h=A04E11C0,$009CB2C0]
    CONST$00BB5C58 k3  'objectiveName' [h=2337C7CC,$0097D840]
    CONST$00BB5C60 k4  'actorCaption' [h=0C46BDC7,$0099F520]
    CONST$00BB5C68 k5  'targetType' [h=4E235805,$0098DD20]
    CONST$00BB5C70 k6  'actorBlipType' [h=4F027204,$0099BFE0]
    CONST$00BB5C78 k7  'util_SetDefault' [h=3072A05A,$00988C60]
    CONST$00BB5C80 k8  'markActorInGPS' [h=F06DA975,$0098E960]
    CONST$00BB5C88 k9  'markActorInPDA' [h=7DC541FE,$00977840]
    CONST$00BB5C90 k10 'markActorInWorld' [h=CA3DE581,$009D4CC0]
    CONST$00BB5C98 k11 'drawActorDiamond' [h=453E947B,$00A41F00]
    CONST$00BB5CA0 k12 'drawActorOutline' [h=B0975648,$009EFC80]
    CONST$00BB5CA8 k13 'util_PrintDebugMsg' [h=A2961C17,$00A25100]
    CONST$00BB5CB0 k14 '[OBJECTIVEDELIVER] Blip added for deliverable actor ' [h=1569CBBE,$00B19740]
    CONST$00BB5CB8 k15 ' (objective ' [h=2765F23D,$00982A20]
    CONST$00BB5CC0 k16 ')\n' [h=00000973,$00999AC0]
     CODE$00BFA100
      000 06003E86  GETTABLE r6 := r0[k0 ('actorName' [h=4EB2E2FD,$0098A660])]
      001 01033ED5        EQ r6 == k1 ('player0' [h=316752BF,$009A56E0])
      002 008008D4       JMP +36 ; 39
      003 06000085 GETGLOBAL r6 := _G[k2 ('Objective_SetTargetActor' [h=A04E11C0,$009CB2C0])]
      004 07003F46  GETTABLE r7 := r0[k3 ('objectiveName' [h=2337C7CC,$0097D840])]
      005 08003E86  GETTABLE r8 := r0[k0 ('actorName' [h=4EB2E2FD,$0098A660])]
      006 09003F86  GETTABLE r9 := r0[k4 ('actorCaption' [h=0C46BDC7,$0099F520])]
      007 0A003FC6  GETTABLE r10 := r0[k5 ('targetType' [h=4E235805,$0098DD20])]
      008 0B004006  GETTABLE r11 := r0[k6 ('actorBlipType' [h=4F027204,$0099BFE0])]
      009 0C0001C5 GETGLOBAL r12 := _G[k7 ('util_SetDefault' [h=3072A05A,$00988C60])]
      010 0D008000      MOVE r13 := r1
      011 0E004086  GETTABLE r14 := r0[k8 ('markActorInGPS' [h=F06DA975,$0098E960])]
      012 0C018099      CALL r12 (2 args) => 1 results
      013 0D0001C5 GETGLOBAL r13 := _G[k7 ('util_SetDefault' [h=3072A05A,$00988C60])]
      014 0E010000      MOVE r14 := r2
      015 0F0040C6  GETTABLE r15 := r0[k9 ('markActorInPDA' [h=7DC541FE,$00977840])]
      016 0D018099      CALL r13 (2 args) => 1 results
      017 0E0001C5 GETGLOBAL r14 := _G[k7 ('util_SetDefault' [h=3072A05A,$00988C60])]
      018 0F018000      MOVE r15 := r3
      019 10004106  GETTABLE r16 := r0[k10 ('markActorInWorld' [h=CA3DE581,$009D4CC0])]
      020 0E018099      CALL r14 (2 args) => 1 results
      021 0F078003   LOADNIL r15 ... r15
      022 100001C5 GETGLOBAL r16 := _G[k7 ('util_SetDefault' [h=3072A05A,$00988C60])]
      023 11020000      MOVE r17 := r4
      024 12004146  GETTABLE r18 := r0[k11 ('drawActorDiamond' [h=453E947B,$00A41F00])]
      025 10018099      CALL r16 (2 args) => 1 results
      026 110001C5 GETGLOBAL r17 := _G[k7 ('util_SetDefault' [h=3072A05A,$00988C60])]
      027 12028000      MOVE r18 := r5
      028 13004186  GETTABLE r19 := r0[k12 ('drawActorOutline' [h=B0975648,$009EFC80])]
      029 11018019      CALL r17 (2 args) => -1 results
      030 06000059      CALL r6 (-1 args) => 0 results
      031 06000345 GETGLOBAL r6 := _G[k13 ('util_PrintDebugMsg' [h=A2961C17,$00A25100])]
      032 07000381     LOADK r7 := k14 ('[OBJECTIVEDELIVER] Blip added for deliverable actor ' [h=1569CBBE,$00B19740])
      033 08003E86  GETTABLE r8 := r0[k0 ('actorName' [h=4EB2E2FD,$0098A660])]
      034 090003C1     LOADK r9 := k15 (' (objective ' [h=2765F23D,$00982A20])
      035 0A003F46  GETTABLE r10 := r0[k3 ('objectiveName' [h=2337C7CC,$0097D840])]
      036 0B000401     LOADK r11 := k16 (')\n' [h=00000973,$00999AC0])
      037 070382D3    CONCAT r7 := r7 ... r11
      038 06010059      CALL r6 (1 args) => 0 results
      039 0000801B    RETURN
  [Node$01A31AE4] 'Spawn_Actor' [h=44229E9F,$0097B0C0]: function$009AA100[1] 'Spawn_Actor' [h=44229E9F,$0097B0C0]
    CONST$00C6EB40 k0  'assert' [h=92EA3D15,$00979840]
    CONST$00C6EB48 k1  'type' [h=0070EF71,$009875A0]
    CONST$00C6EB50 k2  'table' [h=10F2114B,$0098D780]
    CONST$00C6EB58 k3  'tostring' [h=787EB105,$009A9A40]
    CONST$00C6EB60 k4  'sFullMissionID' [h=55237598,$00978BC0]
    CONST$00C6EB68 k5  " . . . Spawn_Actor:  ASSERT:  You didn't pass in a table, Beavis.  DUUURRRR!\n" [h=A6E00065,$00AB5EC0]
    CONST$00C6EB70 k6  'sTemplate' [h=71335A82,$0099F8A0]
    CONST$00C6EB78 k7  'string' [h=81F98B41,$0097FB00]
    CONST$00C6EB80 k8  ' . . . Spawn_Actor:  ASSERT:  sTemplate is not a string\n' [h=6BB8367B,$00B157C0]
    CONST$00C6EB88 k9  'sName' [h=10ED9F0D,$0097E600]
    CONST$00C6EB90 k10 ' . . . Spawn_Actor:  ASSERT:  sName is not a string\n' [h=F9C209BE,$00A94840]
    CONST$00C6EB98 k11 'spawnLocation' [h=8D916716,$0097CB60]
    CONST$00C6EBA0 k12 ' . . . Spawn_Actor:  ASSERT:  spawnLocation is not a string or table\n' [h=AC016CFB,$00AA0AC0]
    CONST$00C6EBA8 k13 'Actor_GetType' [h=DC0B4554,$0099AC20]
    CONST$00C6EBB0 k14 'TYPE_LOCATION' [h=86EE561B,$009891A0]
    CONST$00C6EBB8 k15 ' . . . Spawn_Actor:  ASSERT:  spawnLocation (' [h=AADB731A,$00A02040]
    CONST$00C6EBC0 k16 ') is a string but does not point to a location object\n' [h=53469165,$00A8E1C0]
    CONST$00C6EBC8 k17 'x' [h=00000099,$0098E3E0]
    CONST$00C6EBD0 k18 'number' [h=77DB8760,$0099E3A0]
    CONST$00C6EBD8 k19 ' . . . Spawn_Actor:  ASSERT:  t.spawnLocation.x not a number\n' [h=235457C6,$00B2BCC0]
    CONST$00C6EBE0 k20 'y' [h=00000098,$0099F120]
    CONST$00C6EBE8 k21 ' . . . Spawn_Actor:  ASSERT:  t.spawnLocation.y not a number\n' [h=F77E796C,$00A852C0]
    CONST$00C6EBF0 k22 'z' [h=0000009B,$009A8AA0]
    CONST$00C6EBF8 k23 ' . . . Spawn_Actor:  ASSERT:  t.spawnLocation.z not a number\n' [h=42A71BCC,$00AB9840]
    CONST$00C6EC00 k24 'yaw' [h=0003646B,$009C3FC0]
    CONST$00C6EC08 k25 ' . . . Spawn_Actor:  ASSERT:  t.spawnLocation.yaw not a number\n' [h=21D5B19D,$00A9D8C0]
    CONST$00C6EC10 k26 'Location_GetPosition' [h=A933ECC8,$009F8880]
    CONST$00C6EC18 k27 'Location_GetYaw' [h=888B12C2,$009892E0]
    CONST$00C6EC20 k28 'bInvertYaw' [h=AA1141A0,$00997F60]
    CONST$00C6EC28 k29 'bFlip' [h=11038A15,$0097CA20]
    CONST$00C6EC30 k30 TObject(180.0)
    CONST$00C6EC38 k31 'Mission_Spawn' [h=59A02AE9,$009AC240]
    CONST$00C6EC40 k32 'sEncounter' [h=4CD961D9,$009BF980]
    CONST$00C6EC48 k33 TObject(None)
    CONST$00C6EC50 k34 'sSquad' [h=7089B391,$0098C100]
    CONST$00C6EC58 k35 'Ai_SetSquad' [h=18402E9B,$00978940]
     CODE$01981140
      000 01000004  GETUPVAL r1 := u0
      001 01008018      TEST not r1 : r1 := r1
      002 00802554       JMP +150 ; 153
      003 01000005 GETGLOBAL r1 := _G[k0 ('assert' [h=92EA3D15,$00979840])]
      004 02000045 GETGLOBAL r2 := _G[k1 ('type' [h=0070EF71,$009875A0])]
      005 03000000      MOVE r3 := r0
      006 02010099      CALL r2 (1 args) => 1 results
      007 01013F15        EQ r2 == k2 ('table' [h=10F2114B,$0098D780])
      008 00800014       JMP +1 ; 10
      009 02000042  LOADBOOL r2 := False ; br 11
      010 02008002  LOADBOOL r2 := True
      011 030000C5 GETGLOBAL r3 := _G[k3 ('tostring' [h=787EB105,$009A9A40])]
      012 04000105 GETGLOBAL r4 := _G[k4 ('sFullMissionID' [h=55237598,$00978BC0])]
      013 03010099      CALL r3 (1 args) => 1 results
      014 04000141     LOADK r4 := k5 (" . . . Spawn_Actor:  ASSERT:  You didn't pass in a table, Beavis.  DUUURRRR!\n" [h=A6E00065,$00AB5EC0])
      015 03018113    CONCAT r3 := r3 ... r4
      016 01018059      CALL r1 (2 args) => 0 results
      017 01000005 GETGLOBAL r1 := _G[k0 ('assert' [h=92EA3D15,$00979840])]
      018 02000045 GETGLOBAL r2 := _G[k1 ('type' [h=0070EF71,$009875A0])]
      019 03004006  GETTABLE r3 := r0[k6 ('sTemplate' [h=71335A82,$0099F8A0])]
      020 02010099      CALL r2 (1 args) => 1 results
      021 01014055        EQ r2 == k7 ('string' [h=81F98B41,$0097FB00])
      022 00800014       JMP +1 ; 24
      023 02000042  LOADBOOL r2 := False ; br 25
      024 02008002  LOADBOOL r2 := True
      025 030000C5 GETGLOBAL r3 := _G[k3 ('tostring' [h=787EB105,$009A9A40])]
      026 04000105 GETGLOBAL r4 := _G[k4 ('sFullMissionID' [h=55237598,$00978BC0])]
      027 03010099      CALL r3 (1 args) => 1 results
      028 04000201     LOADK r4 := k8 (' . . . Spawn_Actor:  ASSERT:  sTemplate is not a string\n' [h=6BB8367B,$00B157C0])
      029 03018113    CONCAT r3 := r3 ... r4
      030 01018059      CALL r1 (2 args) => 0 results
      031 01000005 GETGLOBAL r1 := _G[k0 ('assert' [h=92EA3D15,$00979840])]
      032 02000045 GETGLOBAL r2 := _G[k1 ('type' [h=0070EF71,$009875A0])]
      033 030040C6  GETTABLE r3 := r0[k9 ('sName' [h=10ED9F0D,$0097E600])]
      034 02010099      CALL r2 (1 args) => 1 results
      035 01014055        EQ r2 == k7 ('string' [h=81F98B41,$0097FB00])
      036 00800014       JMP +1 ; 38
      037 02000042  LOADBOOL r2 := False ; br 39
      038 02008002  LOADBOOL r2 := True
      039 030000C5 GETGLOBAL r3 := _G[k3 ('tostring' [h=787EB105,$009A9A40])]
      040 04000105 GETGLOBAL r4 := _G[k4 ('sFullMissionID' [h=55237598,$00978BC0])]
      041 03010099      CALL r3 (1 args) => 1 results
      042 04000281     LOADK r4 := k10 (' . . . Spawn_Actor:  ASSERT:  sName is not a string\n' [h=F9C209BE,$00A94840])
      043 03018113    CONCAT r3 := r3 ... r4
      044 01018059      CALL r1 (2 args) => 0 results
      045 01000005 GETGLOBAL r1 := _G[k0 ('assert' [h=92EA3D15,$00979840])]
      046 02000045 GETGLOBAL r2 := _G[k1 ('type' [h=0070EF71,$009875A0])]
      047 03004146  GETTABLE r3 := r0[k11 ('spawnLocation' [h=8D916716,$0097CB60])]
      048 02010099      CALL r2 (1 args) => 1 results
      049 01014055        EQ r2 == k7 ('string' [h=81F98B41,$0097FB00])
      050 00800154       JMP +6 ; 57
      051 02000045 GETGLOBAL r2 := _G[k1 ('type' [h=0070EF71,$009875A0])]
      052 03004146  GETTABLE r3 := r0[k11 ('spawnLocation' [h=8D916716,$0097CB60])]
      053 02010099      CALL r2 (1 args) => 1 results
      054 01013F15        EQ r2 == k2 ('table' [h=10F2114B,$0098D780])
      055 00800014       JMP +1 ; 57
      056 02000042  LOADBOOL r2 := False ; br 58
      057 02008002  LOADBOOL r2 := True
      058 030000C5 GETGLOBAL r3 := _G[k3 ('tostring' [h=787EB105,$009A9A40])]
      059 04000105 GETGLOBAL r4 := _G[k4 ('sFullMissionID' [h=55237598,$00978BC0])]
      060 03010099      CALL r3 (1 args) => 1 results
      061 04000301     LOADK r4 := k12 (' . . . Spawn_Actor:  ASSERT:  spawnLocation is not a string or table\n' [h=AC016CFB,$00AA0AC0])
      062 03018113    CONCAT r3 := r3 ... r4
      063 01018059      CALL r1 (2 args) => 0 results
      064 01000045 GETGLOBAL r1 := _G[k1 ('type' [h=0070EF71,$009875A0])]
      065 02004146  GETTABLE r2 := r0[k11 ('spawnLocation' [h=8D916716,$0097CB60])]
      066 01010099      CALL r1 (1 args) => 1 results
      067 0000C055        EQ r1 != k7 ('string' [h=81F98B41,$0097FB00])
      068 00800494       JMP +19 ; 88
      069 01000005 GETGLOBAL r1 := _G[k0 ('assert' [h=92EA3D15,$00979840])]
      070 02000345 GETGLOBAL r2 := _G[k13 ('Actor_GetType' [h=DC0B4554,$0099AC20])]
      071 03004146  GETTABLE r3 := r0[k11 ('spawnLocation' [h=8D916716,$0097CB60])]
      072 02010099      CALL r2 (1 args) => 1 results
      073 01014215        EQ r2 == k14 ('TYPE_LOCATION' [h=86EE561B,$009891A0])
      074 00800014       JMP +1 ; 76
      075 02000042  LOADBOOL r2 := False ; br 77
      076 02008002  LOADBOOL r2 := True
      077 030000C5 GETGLOBAL r3 := _G[k3 ('tostring' [h=787EB105,$009A9A40])]
      078 04000105 GETGLOBAL r4 := _G[k4 ('sFullMissionID' [h=55237598,$00978BC0])]
      079 03010099      CALL r3 (1 args) => 1 results
      080 040003C1     LOADK r4 := k15 (' . . . Spawn_Actor:  ASSERT:  spawnLocation (' [h=AADB731A,$00A02040])
      081 050000C5 GETGLOBAL r5 := _G[k3 ('tostring' [h=787EB105,$009A9A40])]
      082 06004146  GETTABLE r6 := r0[k11 ('spawnLocation' [h=8D916716,$0097CB60])]
      083 05010099      CALL r5 (1 args) => 1 results
      084 06000401     LOADK r6 := k16 (') is a string but does not point to a location object\n' [h=53469165,$00A8E1C0])
      085 03018193    CONCAT r3 := r3 ... r6
      086 01018059      CALL r1 (2 args) => 0 results
      087 00801014       JMP +65 ; 153
      088 01000045 GETGLOBAL r1 := _G[k1 ('type' [h=0070EF71,$009875A0])]
      089 02004146  GETTABLE r2 := r0[k11 ('spawnLocation' [h=8D916716,$0097CB60])]
      090 01010099      CALL r1 (1 args) => 1 results
      091 0000BF15        EQ r1 != k2 ('table' [h=10F2114B,$0098D780])
      092 00800ED4       JMP +60 ; 153
      093 01000005 GETGLOBAL r1 := _G[k0 ('assert' [h=92EA3D15,$00979840])]
      094 02000045 GETGLOBAL r2 := _G[k1 ('type' [h=0070EF71,$009875A0])]
      095 03004146  GETTABLE r3 := r0[k11 ('spawnLocation' [h=8D916716,$0097CB60])]
      096 0301C2C6  GETTABLE r3 := r3[k17 ('x' [h=00000099,$0098E3E0])]
      097 02010099      CALL r2 (1 args) => 1 results
      098 01014315        EQ r2 == k18 ('number' [h=77DB8760,$0099E3A0])
      099 00800014       JMP +1 ; 101
      100 02000042  LOADBOOL r2 := False ; br 102
      101 02008002  LOADBOOL r2 := True
      102 030000C5 GETGLOBAL r3 := _G[k3 ('tostring' [h=787EB105,$009A9A40])]
      103 04000105 GETGLOBAL r4 := _G[k4 ('sFullMissionID' [h=55237598,$00978BC0])]
      104 03010099      CALL r3 (1 args) => 1 results
      105 040004C1     LOADK r4 := k19 (' . . . Spawn_Actor:  ASSERT:  t.spawnLocation.x not a number\n' [h=235457C6,$00B2BCC0])
      106 03018113    CONCAT r3 := r3 ... r4
      107 01018059      CALL r1 (2 args) => 0 results
      108 01000005 GETGLOBAL r1 := _G[k0 ('assert' [h=92EA3D15,$00979840])]
      109 02000045 GETGLOBAL r2 := _G[k1 ('type' [h=0070EF71,$009875A0])]
      110 03004146  GETTABLE r3 := r0[k11 ('spawnLocation' [h=8D916716,$0097CB60])]
      111 0301C386  GETTABLE r3 := r3[k20 ('y' [h=00000098,$0099F120])]
      112 02010099      CALL r2 (1 args) => 1 results
      113 01014315        EQ r2 == k18 ('number' [h=77DB8760,$0099E3A0])
      114 00800014       JMP +1 ; 116
      115 02000042  LOADBOOL r2 := False ; br 117
      116 02008002  LOADBOOL r2 := True
      117 030000C5 GETGLOBAL r3 := _G[k3 ('tostring' [h=787EB105,$009A9A40])]
      118 04000105 GETGLOBAL r4 := _G[k4 ('sFullMissionID' [h=55237598,$00978BC0])]
      119 03010099      CALL r3 (1 args) => 1 results
      120 04000541     LOADK r4 := k21 (' . . . Spawn_Actor:  ASSERT:  t.spawnLocation.y not a number\n' [h=F77E796C,$00A852C0])
      121 03018113    CONCAT r3 := r3 ... r4
      122 01018059      CALL r1 (2 args) => 0 results
      123 01000005 GETGLOBAL r1 := _G[k0 ('assert' [h=92EA3D15,$00979840])]
      124 02000045 GETGLOBAL r2 := _G[k1 ('type' [h=0070EF71,$009875A0])]
      125 03004146  GETTABLE r3 := r0[k11 ('spawnLocation' [h=8D916716,$0097CB60])]
      126 0301C406  GETTABLE r3 := r3[k22 ('z' [h=0000009B,$009A8AA0])]
      127 02010099      CALL r2 (1 args) => 1 results
      128 01014315        EQ r2 == k18 ('number' [h=77DB8760,$0099E3A0])
      129 00800014       JMP +1 ; 131
      130 02000042  LOADBOOL r2 := False ; br 132
      131 02008002  LOADBOOL r2 := True
      132 030000C5 GETGLOBAL r3 := _G[k3 ('tostring' [h=787EB105,$009A9A40])]
      133 04000105 GETGLOBAL r4 := _G[k4 ('sFullMissionID' [h=55237598,$00978BC0])]
      134 03010099      CALL r3 (1 args) => 1 results
      135 040005C1     LOADK r4 := k23 (' . . . Spawn_Actor:  ASSERT:  t.spawnLocation.z not a number\n' [h=42A71BCC,$00AB9840])
      136 03018113    CONCAT r3 := r3 ... r4
      137 01018059      CALL r1 (2 args) => 0 results
      138 01000005 GETGLOBAL r1 := _G[k0 ('assert' [h=92EA3D15,$00979840])]
      139 02000045 GETGLOBAL r2 := _G[k1 ('type' [h=0070EF71,$009875A0])]
      140 03004146  GETTABLE r3 := r0[k11 ('spawnLocation' [h=8D916716,$0097CB60])]
      141 0301C486  GETTABLE r3 := r3[k24 ('yaw' [h=0003646B,$009C3FC0])]
      142 02010099      CALL r2 (1 args) => 1 results
      143 01014315        EQ r2 == k18 ('number' [h=77DB8760,$0099E3A0])
      144 00800014       JMP +1 ; 146
      145 02000042  LOADBOOL r2 := False ; br 147
      146 02008002  LOADBOOL r2 := True
      147 030000C5 GETGLOBAL r3 := _G[k3 ('tostring' [h=787EB105,$009A9A40])]
      148 04000105 GETGLOBAL r4 := _G[k4 ('sFullMissionID' [h=55237598,$00978BC0])]
      149 03010099      CALL r3 (1 args) => 1 results
      150 04000641     LOADK r4 := k25 (' . . . Spawn_Actor:  ASSERT:  t.spawnLocation.yaw not a number\n' [h=21D5B19D,$00A9D8C0])
      151 03018113    CONCAT r3 := r3 ... r4
      152 01018059      CALL r1 (2 args) => 0 results
      153 01008003   LOADNIL r1 ... r1
      154 02000045 GETGLOBAL r2 := _G[k1 ('type' [h=0070EF71,$009875A0])]
      155 03004146  GETTABLE r3 := r0[k11 ('spawnLocation' [h=8D916716,$0097CB60])]
      156 02010099      CALL r2 (1 args) => 1 results
      157 00014055        EQ r2 != k7 ('string' [h=81F98B41,$0097FB00])
      158 00800854       JMP +34 ; 193
      159 01004146  GETTABLE r1 := r0[k11 ('spawnLocation' [h=8D916716,$0097CB60])]
      160 0200000A  NEWTABLE r2 := {} (#a=0, #h=0)
      161 00828089  SETTABLE r2 ->> r0[k11 ('spawnLocation' [h=8D916716,$0097CB60])]
      162 02004146  GETTABLE r2 := r0[k11 ('spawnLocation' [h=8D916716,$0097CB60])]
      163 03004146  GETTABLE r3 := r0[k11 ('spawnLocation' [h=8D916716,$0097CB60])]
      164 04004146  GETTABLE r4 := r0[k11 ('spawnLocation' [h=8D916716,$0097CB60])]
      165 05000685 GETGLOBAL r5 := _G[k26 ('Location_GetPosition' [h=A933ECC8,$009F8880])]
      166 06008000      MOVE r6 := r1
      167 05010119      CALL r5 (1 args) => 3 results
      168 048801C9  SETTABLE r7 ->> r4[k22 ('z' [h=0000009B,$009A8AA0])]
      169 03870189  SETTABLE r6 ->> r3[k20 ('y' [h=00000098,$0099F120])]
      170 02858149  SETTABLE r5 ->> r2[k17 ('x' [h=00000099,$0098E3E0])]
      171 02004146  GETTABLE r2 := r0[k11 ('spawnLocation' [h=8D916716,$0097CB60])]
      172 030006C5 GETGLOBAL r3 := _G[k27 ('Location_GetYaw' [h=888B12C2,$009892E0])]
      173 04008000      MOVE r4 := r1
      174 03010099      CALL r3 (1 args) => 1 results
      175 028900C9  SETTABLE r3 ->> r2[k24 ('yaw' [h=0003646B,$009C3FC0])]
      176 02004586  GETTABLE r2 := r0[k28 ('bInvertYaw' [h=AA1141A0,$00997F60])]
      177 02010018      TEST not r2 : r2 := r2
      178 00800114       JMP +5 ; 184
      179 02004146  GETTABLE r2 := r0[k11 ('spawnLocation' [h=8D916716,$0097CB60])]
      180 03004146  GETTABLE r3 := r0[k11 ('spawnLocation' [h=8D916716,$0097CB60])]
      181 0301C486  GETTABLE r3 := r3[k24 ('yaw' [h=0003646B,$009C3FC0])]
      182 03018011       UNM r3 := -r3
      183 028900C9  SETTABLE r3 ->> r2[k24 ('yaw' [h=0003646B,$009C3FC0])]
      184 020045C6  GETTABLE r2 := r0[k29 ('bFlip' [h=11038A15,$0097CA20])]
      185 02010018      TEST not r2 : r2 := r2
      186 00800294       JMP +11 ; 198
      187 02004146  GETTABLE r2 := r0[k11 ('spawnLocation' [h=8D916716,$0097CB60])]
      188 03004146  GETTABLE r3 := r0[k11 ('spawnLocation' [h=8D916716,$0097CB60])]
      189 0301C486  GETTABLE r3 := r3[k24 ('yaw' [h=0003646B,$009C3FC0])]
      190 0301C60C       ADD r3 := r3 + k30 (TObject(180.0))
      191 028900C9  SETTABLE r3 ->> r2[k24 ('yaw' [h=0003646B,$009C3FC0])]
      192 00800114       JMP +5 ; 198
      193 02000045 GETGLOBAL r2 := _G[k1 ('type' [h=0070EF71,$009875A0])]
      194 03004146  GETTABLE r3 := r0[k11 ('spawnLocation' [h=8D916716,$0097CB60])]
      195 02010099      CALL r2 (1 args) => 1 results
      196 00013F15        EQ r2 != k2 ('table' [h=10F2114B,$0098D780])
      197 007FFFD4       JMP +0 ; 198
      198 020007C5 GETGLOBAL r2 := _G[k31 ('Mission_Spawn' [h=59A02AE9,$009AC240])]
      199 03004006  GETTABLE r3 := r0[k6 ('sTemplate' [h=71335A82,$0099F8A0])]
      200 040040C6  GETTABLE r4 := r0[k9 ('sName' [h=10ED9F0D,$0097E600])]
      201 05004146  GETTABLE r5 := r0[k11 ('spawnLocation' [h=8D916716,$0097CB60])]
      202 0502C2C6  GETTABLE r5 := r5[k17 ('x' [h=00000099,$0098E3E0])]
      203 06004146  GETTABLE r6 := r0[k11 ('spawnLocation' [h=8D916716,$0097CB60])]
      204 06034386  GETTABLE r6 := r6[k20 ('y' [h=00000098,$0099F120])]
      205 07004146  GETTABLE r7 := r0[k11 ('spawnLocation' [h=8D916716,$0097CB60])]
      206 0703C406  GETTABLE r7 := r7[k22 ('z' [h=0000009B,$009A8AA0])]
      207 08004146  GETTABLE r8 := r0[k11 ('spawnLocation' [h=8D916716,$0097CB60])]
      208 08044486  GETTABLE r8 := r8[k24 ('yaw' [h=0003646B,$009C3FC0])]
      209 02038099      CALL r2 (6 args) => 1 results
      210 03004686  GETTABLE r3 := r0[k32 ('sEncounter' [h=4CD961D9,$009BF980])]
      211 0101C6D5        EQ r3 == k33 (TObject(None))
      212 00800454       JMP +18 ; 231
      213 03000045 GETGLOBAL r3 := _G[k1 ('type' [h=0070EF71,$009875A0])]
      214 04004686  GETTABLE r4 := r0[k32 ('sEncounter' [h=4CD961D9,$009BF980])]
      215 03010099      CALL r3 (1 args) => 1 results
      216 0001C055        EQ r3 != k7 ('string' [h=81F98B41,$0097FB00])
      217 00800314       JMP +13 ; 231
      218 03004706  GETTABLE r3 := r0[k34 ('sSquad' [h=7089B391,$0098C100])]
      219 0101C6D5        EQ r3 == k33 (TObject(None))
      220 00800254       JMP +10 ; 231
      221 03000045 GETGLOBAL r3 := _G[k1 ('type' [h=0070EF71,$009875A0])]
      222 04004706  GETTABLE r4 := r0[k34 ('sSquad' [h=7089B391,$0098C100])]
      223 03010099      CALL r3 (1 args) => 1 results
      224 0001C055        EQ r3 != k7 ('string' [h=81F98B41,$0097FB00])
      225 00800114       JMP +5 ; 231
      226 030008C5 GETGLOBAL r3 := _G[k35 ('Ai_SetSquad' [h=18402E9B,$00978940])]
      227 040040C6  GETTABLE r4 := r0[k9 ('sName' [h=10ED9F0D,$0097E600])]
      228 05004686  GETTABLE r5 := r0[k32 ('sEncounter' [h=4CD961D9,$009BF980])]
      229 06004706  GETTABLE r6 := r0[k34 ('sSquad' [h=7089B391,$0098C100])]
      230 03020059      CALL r3 (3 args) => 0 results
      231 0201001B    RETURN r2 ... r2
      232 0000801B    RETURN
  [Node$01A31AF8] 'Event_PlayerEquipsOdfItem' [h=C8FEA28F,$00A0EB80]: cfunction$002BE1E8 'Event_PlayerEquipsOdfItem' [h=C8FEA28F,$00A0EB80]
  [Node$01A31B0C] 'util_GetIconFromActorType' [h=B588C697,$009DD680]: function$00985100 'util_GetIconFromActorType' [h=B588C697,$009DD680]
    CONST$00961BE0 k0  'util_GetIconFromType' [h=9ADAC1DE,$009FFF00]
    CONST$00961BE8 k1  'Actor_GetType' [h=DC0B4554,$0099AC20]
     CODE$0099FEC0
      000 01000005 GETGLOBAL r1 := _G[k0 ('util_GetIconFromType' [h=9ADAC1DE,$009FFF00])]
      001 02000045 GETGLOBAL r2 := _G[k1 ('Actor_GetType' [h=DC0B4554,$0099AC20])]
      002 03000000      MOVE r3 := r0
      003 02010019      CALL r2 (1 args) => -1 results
      004 0100001A  TAILCALL r1 (-1 args)
      005 0100001B    RETURN r1 ... top
      006 0000801B    RETURN
  [Node$01A31B20] 'SetupExtraction' [h=216BA55B,$009C83E0]: function$009792E0 'SetupExtraction' [h=216BA55B,$009C83E0]
    CONST$009F1E00 k0  'Event_ActorCaptured' [h=A30657A8,$00A17100]
    CONST$009F1E08 k1  'BeginExtraction' [h=9E84A80C,$0099AF20]
    CONST$009F1E10 k2  'b' [h=00000083,$00983380]
    CONST$009F1E18 k3  'Event_ActorVerified' [h=38B70F66,$009E4000]
    CONST$009F1E20 k4  'BeginQuickExtraction' [h=B6F79C84,$00A15900]
     CODE$00AAF040
      000 04000005 GETGLOBAL r4 := _G[k0 ('Event_ActorCaptured' [h=A30657A8,$00A17100])]
      001 05000041     LOADK r5 := k1 ('BeginExtraction' [h=9E84A80C,$0099AF20])
      002 06000081     LOADK r6 := k2 ('b' [h=00000083,$00983380])
      003 07008000      MOVE r7 := r1
      004 04020059      CALL r4 (3 args) => 0 results
      005 03018018      TEST not r3 : r3 := r3
      006 00800114       JMP +5 ; 12
      007 040000C5 GETGLOBAL r4 := _G[k3 ('Event_ActorVerified' [h=38B70F66,$009E4000])]
      008 05000101     LOADK r5 := k4 ('BeginQuickExtraction' [h=B6F79C84,$00A15900])
      009 06000081     LOADK r6 := k2 ('b' [h=00000083,$00983380])
      010 07008000      MOVE r7 := r1
      011 04020059      CALL r4 (3 args) => 0 results
      012 04000022   CLOSURE r4 := closure(0, r4...)
      013 00000000      MOVE r0 := r0
      014 04000107 SETGLOBAL r4 ->> _G[k4 ('BeginQuickExtraction' [h=B6F79C84,$00A15900])]
      015 04000062   CLOSURE r4 := closure(1, r4...)
      016 00000000      MOVE r0 := r0
      017 00010000      MOVE r0 := r2
      018 04000047 SETGLOBAL r4 ->> _G[k1 ('BeginExtraction' [h=9E84A80C,$0099AF20])]
      019 0000801B    RETURN
  [Node$01A31B34] 'Event_ActorToVectorProximity' [h=A77CCA99,$00A30C80]: cfunction$002BAF68 'Event_ActorToVectorProximity' [h=A77CCA99,$00A30C80]
  [Node$01A31B48] 'Event_SkipCinematic' [h=363CCE9A,$009F52C0]: cfunction$002BEA90 'Event_SkipCinematic' [h=363CCE9A,$009F52C0]
  [Node$01A31B5C] 'Ai_SetSquad' [h=18402E9B,$00978940]: cfunction$002B2F00 'Ai_SetSquad' [h=18402E9B,$00978940]
  [Node$01A31B70] 'Insertion' [h=59FF4789,$009AA720]: function$0098B220 'Insertion' [h=59FF4789,$009AA720]
    CONST$00D218C0 k0  'Insertion_Debug' [h=2960F285,$0097FBE0]
    CONST$00D218C8 k1  'Insertion: ....' [h=15B7DDC3,$0097A9C0]
    CONST$00D218D0 k2  'Insertion: setting default values' [h=9D6FE8F8,$00A415C0]
    CONST$00D218D8 k3  'callback_arrived' [h=1BB5C3A3,$00A0E7C0]
    CONST$00D218E0 k4  'Insertion_DoNothing' [h=46B1DFEF,$009E1C00]
    CONST$00D218E8 k5  'callback_landed' [h=BB9DDD29,$00988420]
    CONST$00D218F0 k6  'callback_takeoff' [h=6AEE151C,$00A11980]
    CONST$00D218F8 k7  'callback_takeoff_Complete' [h=4F3F15CF,$009D0440]
    CONST$00D21900 k8  'callback_spore' [h=C177D5C9,$00996120]
    CONST$00D21908 k9  'takeoff_heli_throttle' [h=67E8E6CF,$00A20400]
    CONST$00D21910 k10 TObject(0.5)
    CONST$00D21918 k11 'landing_speed' [h=2855F46B,$00987F60]
    CONST$00D21920 k12 TObject(1.0)
    CONST$00D21928 k13 'Insertion: takeoff_heli_throttle \t= ' [h=99EB7CBF,$00A15340]
    CONST$00D21930 k14 'tostring' [h=787EB105,$009A9A40]
    CONST$00D21938 k15 'Insertion: landing_speed \t\t\t= ' [h=3042F4FF,$00A312C0]
    CONST$00D21940 k16 'Insertion: spawning blackhawk' [h=B4BCFA73,$00A07440]
    CONST$00D21948 k17 'Actor_GetPosition' [h=F7E6F403,$009E29C0]
    CONST$00D21950 k18 'start_location' [h=7ACABAEE,$00998B80]
    CONST$00D21958 k19 'Actor_GetYaw' [h=4E977D3A,$009A1B80]
    CONST$00D21960 k20 'vehicleActor' [h=76961E35,$00993460]
    CONST$00D21968 k21 'Mission_Spawn' [h=59A02AE9,$009AC240]
    CONST$00D21970 k22 'vehicle_template' [h=03EAB65F,$00A15B80]
    CONST$00D21978 k23 'InsertionVehicle' [h=BF1C0BFB,$00A3ACC0]
    CONST$00D21980 k24 'Actor_AttachToLocation' [h=9F19B8E3,$009E4A00]
    CONST$00D21988 k25 'Actor_SetInvincible' [h=3C5DC0FC,$009E4640]
    CONST$00D21990 k26 'ActorVehicle_EnableRotorEffects' [h=1613BF6F,$00A23900]
    CONST$00D21998 k27 'Utility_SetSporeAllowHibernation' [h=F43F80BD,$009E2900]
    CONST$00D219A0 k28 'Player_SpecialAttach' [h=49EB6E00,$009D9580]
    CONST$00D219A8 k29 'player_seat_dockpoint' [h=D8937E87,$009FFBC0]
    CONST$00D219B0 k30 'Actor_EnableCinematicControl' [h=754A6937,$00A38280]
    CONST$00D219B8 k31 'player0' [h=316752BF,$009A56E0]
    CONST$00D219C0 k32 'TRUE' [h=0067B195,$0097E680]
    CONST$00D219C8 k33 'Actor_EnableCollision' [h=D757B1B8,$009DDC00]
    CONST$00D219D0 k34 'FALSE' [h=0E4B730F,$009A6040]
    CONST$00D219D8 k35 'Actor_EnableShadow' [h=E3D224E4,$00A00B40]
    CONST$00D219E0 k36 'Actor_PlayHumanAnimation' [h=57432632,$009EF4C0]
    CONST$00D219E8 k37 'player_seat_anim' [h=B5730506,$00A10040]
    CONST$00D219F0 k38 'RS_AFLG_NOHEAD' [h=811D0C13,$009893A0]
    CONST$00D219F8 k39 'RS_AFLG_LOOP' [h=60AE7424,$0099AB40]
    CONST$00D21A00 k40 'Briefing_EnableWeaponRendering' [h=367ED0B1,$009DCCC0]
    CONST$00D21A08 k41 'Player_DisableControl' [h=8EBE948F,$00A06A00]
    CONST$00D21A10 k42 'Camera_SetMode' [h=5AC27046,$009A5500]
    CONST$00D21A18 k43 'RS_SCRIPT_VIEW' [h=3D0E0691,$00978340]
    CONST$00D21A20 k44 'Video_LetterboxEffect' [h=C60CB51A,$009E7C80]
    CONST$00D21A28 k45 'InsertionArrived' [h=057589D1,$00A0E4C0]
    CONST$00D21A30 k46 'skip_entrance' [h=02BE15BA,$009A26E0]
    CONST$00D21A38 k47 'hCommand' [h=6C9B8F71,$009A4A80]
    CONST$00D21A40 k48 'Ai_Command' [h=F55C71A7,$009A9EE0]
    CONST$00D21A48 k49 'PathMove' [h=F35F139F,$0098C0A0]
    CONST$00D21A50 k50 'vehicle_entrance_path' [h=2B4E1233,$00A38580]
    CONST$00D21A58 k51 'vehicle_speed' [h=C938D3B2,$009C3460]
    CONST$00D21A60 k52 'hiPri' [h=11C2D9E2,$00977D00]
    CONST$00D21A68 k53 'Event_AiCommandStatus' [h=A9E3357D,$009D1D80]
    CONST$00D21A70 k54 'b' [h=00000083,$00983380]
    CONST$00D21A78 k55 TObject(3.0)
    CONST$00D21A80 k56 'Camera_ScriptPlayAnimation' [h=4697E538,$00A01B80]
    CONST$00D21A88 k57 'insertion_shot_anim' [h=ECEDC55C,$00A0F880]
    CONST$00D21A90 k58 'InsertionLanded' [h=6B1BDD23,$0098B8C0]
    CONST$00D21A98 k59 'InsertionTakeoff' [h=5AB566FF,$009F5100]
    CONST$00D21AA0 k60 'InsertionDoneTakeoffShot' [h=3CD7784E,$009EED00]
    CONST$00D21AA8 k61 'InsertionTakeoffComplete' [h=49D1F41B,$009FB5C0]
    CONST$00D21AB0 k62 'InsertionHeliOutOfRange' [h=6A9BFD0C,$00A2A7C0]
    CONST$00D21AB8 k63 'Insertion: DONE' [h=38189577,$00995120]
     CODE$01981A00
      000 02000005 GETGLOBAL r2 := _G[k0 ('Insertion_Debug' [h=2960F285,$0097FBE0])]
      001 03000041     LOADK r3 := k1 ('Insertion: ....' [h=15B7DDC3,$0097A9C0])
      002 02010059      CALL r2 (1 args) => 0 results
      003 02000005 GETGLOBAL r2 := _G[k0 ('Insertion_Debug' [h=2960F285,$0097FBE0])]
      004 03000081     LOADK r3 := k2 ('Insertion: setting default values' [h=9D6FE8F8,$00A415C0])
      005 02010059      CALL r2 (1 args) => 0 results
      006 02003F46  GETTABLE r2 := r0[k3 ('callback_arrived' [h=1BB5C3A3,$00A0E7C0])]
      007 02010058      TEST r2 : r2 := r2
      008 00800014       JMP +1 ; 10
      009 02000105 GETGLOBAL r2 := _G[k4 ('Insertion_DoNothing' [h=46B1DFEF,$009E1C00])]
      010 007E8089  SETTABLE r2 ->> r0[k3 ('callback_arrived' [h=1BB5C3A3,$00A0E7C0])]
      011 02003FC6  GETTABLE r2 := r0[k5 ('callback_landed' [h=BB9DDD29,$00988420])]
      012 02010058      TEST r2 : r2 := r2
      013 00800014       JMP +1 ; 15
      014 02000105 GETGLOBAL r2 := _G[k4 ('Insertion_DoNothing' [h=46B1DFEF,$009E1C00])]
      015 007F8089  SETTABLE r2 ->> r0[k5 ('callback_landed' [h=BB9DDD29,$00988420])]
      016 02004006  GETTABLE r2 := r0[k6 ('callback_takeoff' [h=6AEE151C,$00A11980])]
      017 02010058      TEST r2 : r2 := r2
      018 00800014       JMP +1 ; 20
      019 02000105 GETGLOBAL r2 := _G[k4 ('Insertion_DoNothing' [h=46B1DFEF,$009E1C00])]
      020 00800089  SETTABLE r2 ->> r0[k6 ('callback_takeoff' [h=6AEE151C,$00A11980])]
      021 02004046  GETTABLE r2 := r0[k7 ('callback_takeoff_Complete' [h=4F3F15CF,$009D0440])]
      022 02010058      TEST r2 : r2 := r2
      023 00800014       JMP +1 ; 25
      024 02000105 GETGLOBAL r2 := _G[k4 ('Insertion_DoNothing' [h=46B1DFEF,$009E1C00])]
      025 00808089  SETTABLE r2 ->> r0[k7 ('callback_takeoff_Complete' [h=4F3F15CF,$009D0440])]
      026 02004086  GETTABLE r2 := r0[k8 ('callback_spore' [h=C177D5C9,$00996120])]
      027 02010058      TEST r2 : r2 := r2
      028 00800014       JMP +1 ; 30
      029 02000105 GETGLOBAL r2 := _G[k4 ('Insertion_DoNothing' [h=46B1DFEF,$009E1C00])]
      030 00810089  SETTABLE r2 ->> r0[k8 ('callback_spore' [h=C177D5C9,$00996120])]
      031 020040C6  GETTABLE r2 := r0[k9 ('takeoff_heli_throttle' [h=67E8E6CF,$00A20400])]
      032 02010058      TEST r2 : r2 := r2
      033 00800014       JMP +1 ; 35
      034 02000281     LOADK r2 := k10 (TObject(0.5))
      035 00818089  SETTABLE r2 ->> r0[k9 ('takeoff_heli_throttle' [h=67E8E6CF,$00A20400])]
      036 02004146  GETTABLE r2 := r0[k11 ('landing_speed' [h=2855F46B,$00987F60])]
      037 02010058      TEST r2 : r2 := r2
      038 00800014       JMP +1 ; 40
      039 02000301     LOADK r2 := k12 (TObject(1.0))
      040 00828089  SETTABLE r2 ->> r0[k11 ('landing_speed' [h=2855F46B,$00987F60])]
      041 02000005 GETGLOBAL r2 := _G[k0 ('Insertion_Debug' [h=2960F285,$0097FBE0])]
      042 03000341     LOADK r3 := k13 ('Insertion: takeoff_heli_throttle \t= ' [h=99EB7CBF,$00A15340])
      043 04000385 GETGLOBAL r4 := _G[k14 ('tostring' [h=787EB105,$009A9A40])]
      044 050040C6  GETTABLE r5 := r0[k9 ('takeoff_heli_throttle' [h=67E8E6CF,$00A20400])]
      045 04010099      CALL r4 (1 args) => 1 results
      046 03018113    CONCAT r3 := r3 ... r4
      047 02010059      CALL r2 (1 args) => 0 results
      048 02000005 GETGLOBAL r2 := _G[k0 ('Insertion_Debug' [h=2960F285,$0097FBE0])]
      049 030003C1     LOADK r3 := k15 ('Insertion: landing_speed \t\t\t= ' [h=3042F4FF,$00A312C0])
      050 04000385 GETGLOBAL r4 := _G[k14 ('tostring' [h=787EB105,$009A9A40])]
      051 05004146  GETTABLE r5 := r0[k11 ('landing_speed' [h=2855F46B,$00987F60])]
      052 04010099      CALL r4 (1 args) => 1 results
      053 03018113    CONCAT r3 := r3 ... r4
      054 02010059      CALL r2 (1 args) => 0 results
      055 02000005 GETGLOBAL r2 := _G[k0 ('Insertion_Debug' [h=2960F285,$0097FBE0])]
      056 03000401     LOADK r3 := k16 ('Insertion: spawning blackhawk' [h=B4BCFA73,$00A07440])
      057 02010059      CALL r2 (1 args) => 0 results
      058 02000445 GETGLOBAL r2 := _G[k17 ('Actor_GetPosition' [h=F7E6F403,$009E29C0])]
      059 03004306  GETTABLE r3 := r0[k18 ('start_location' [h=7ACABAEE,$00998B80])]
      060 02010119      CALL r2 (1 args) => 3 results
      061 050004C5 GETGLOBAL r5 := _G[k19 ('Actor_GetYaw' [h=4E977D3A,$009A1B80])]
      062 06004306  GETTABLE r6 := r0[k18 ('start_location' [h=7ACABAEE,$00998B80])]
      063 05010099      CALL r5 (1 args) => 1 results
      064 06000545 GETGLOBAL r6 := _G[k21 ('Mission_Spawn' [h=59A02AE9,$009AC240])]
      065 07004406  GETTABLE r7 := r0[k22 ('vehicle_template' [h=03EAB65F,$00A15B80])]
      066 080005C1     LOADK r8 := k23 ('InsertionVehicle' [h=BF1C0BFB,$00A3ACC0])
      067 09010000      MOVE r9 := r2
      068 0A018000      MOVE r10 := r3
      069 0B020000      MOVE r11 := r4
      070 0C028000      MOVE r12 := r5
      071 06038099      CALL r6 (6 args) => 1 results
      072 06000507 SETGLOBAL r6 ->> _G[k20 ('vehicleActor' [h=76961E35,$00993460])]
      073 06000605 GETGLOBAL r6 := _G[k24 ('Actor_AttachToLocation' [h=9F19B8E3,$009E4A00])]
      074 07000505 GETGLOBAL r7 := _G[k20 ('vehicleActor' [h=76961E35,$00993460])]
      075 08004306  GETTABLE r8 := r0[k18 ('start_location' [h=7ACABAEE,$00998B80])]
      076 06018059      CALL r6 (2 args) => 0 results
      077 06000645 GETGLOBAL r6 := _G[k25 ('Actor_SetInvincible' [h=3C5DC0FC,$009E4640])]
      078 07000505 GETGLOBAL r7 := _G[k20 ('vehicleActor' [h=76961E35,$00993460])]
      079 08008002  LOADBOOL r8 := True
      080 06018059      CALL r6 (2 args) => 0 results
      081 06000685 GETGLOBAL r6 := _G[k26 ('ActorVehicle_EnableRotorEffects' [h=1613BF6F,$00A23900])]
      082 07000505 GETGLOBAL r7 := _G[k20 ('vehicleActor' [h=76961E35,$00993460])]
      083 08008002  LOADBOOL r8 := True
      084 06018059      CALL r6 (2 args) => 0 results
      085 060006C5 GETGLOBAL r6 := _G[k27 ('Utility_SetSporeAllowHibernation' [h=F43F80BD,$009E2900])]
      086 07000505 GETGLOBAL r7 := _G[k20 ('vehicleActor' [h=76961E35,$00993460])]
      087 08000002  LOADBOOL r8 := False
      088 06018059      CALL r6 (2 args) => 0 results
      089 06000705 GETGLOBAL r6 := _G[k28 ('Player_SpecialAttach' [h=49EB6E00,$009D9580])]
      090 07000505 GETGLOBAL r7 := _G[k20 ('vehicleActor' [h=76961E35,$00993460])]
      091 080045C6  GETTABLE r8 := r0[k29 ('player_seat_dockpoint' [h=D8937E87,$009FFBC0])]
      092 06018059      CALL r6 (2 args) => 0 results
      093 06000785 GETGLOBAL r6 := _G[k30 ('Actor_EnableCinematicControl' [h=754A6937,$00A38280])]
      094 070007C1     LOADK r7 := k31 ('player0' [h=316752BF,$009A56E0])
      095 08000805 GETGLOBAL r8 := _G[k32 ('TRUE' [h=0067B195,$0097E680])]
      096 06018059      CALL r6 (2 args) => 0 results
      097 06000845 GETGLOBAL r6 := _G[k33 ('Actor_EnableCollision' [h=D757B1B8,$009DDC00])]
      098 070007C1     LOADK r7 := k31 ('player0' [h=316752BF,$009A56E0])
      099 08000885 GETGLOBAL r8 := _G[k34 ('FALSE' [h=0E4B730F,$009A6040])]
      100 06018059      CALL r6 (2 args) => 0 results
      101 060008C5 GETGLOBAL r6 := _G[k35 ('Actor_EnableShadow' [h=E3D224E4,$00A00B40])]
      102 070007C1     LOADK r7 := k31 ('player0' [h=316752BF,$009A56E0])
      103 08000885 GETGLOBAL r8 := _G[k34 ('FALSE' [h=0E4B730F,$009A6040])]
      104 06018059      CALL r6 (2 args) => 0 results
      105 06000905 GETGLOBAL r6 := _G[k36 ('Actor_PlayHumanAnimation' [h=57432632,$009EF4C0])]
      106 070007C1     LOADK r7 := k31 ('player0' [h=316752BF,$009A56E0])
      107 080047C6  GETTABLE r8 := r0[k37 ('player_seat_anim' [h=B5730506,$00A10040])]
      108 09000985 GETGLOBAL r9 := _G[k38 ('RS_AFLG_NOHEAD' [h=811D0C13,$009893A0])]
      109 0A0009C5 GETGLOBAL r10 := _G[k39 ('RS_AFLG_LOOP' [h=60AE7424,$0099AB40])]
      110 0904828C       ADD r9 := r9 + r10
      111 06020059      CALL r6 (3 args) => 0 results
      112 06000A05 GETGLOBAL r6 := _G[k40 ('Briefing_EnableWeaponRendering' [h=367ED0B1,$009DCCC0])]
      113 07000002  LOADBOOL r7 := False
      114 06010059      CALL r6 (1 args) => 0 results
      115 06000A45 GETGLOBAL r6 := _G[k41 ('Player_DisableControl' [h=8EBE948F,$00A06A00])]
      116 06008099      CALL r6 (0 args) => 1 results
      117 07000A85 GETGLOBAL r7 := _G[k42 ('Camera_SetMode' [h=5AC27046,$009A5500])]
      118 08000AC1     LOADK r8 := k43 ('RS_SCRIPT_VIEW' [h=3D0E0691,$00978340])
      119 07010059      CALL r7 (1 args) => 0 results
      120 07000B05 GETGLOBAL r7 := _G[k44 ('Video_LetterboxEffect' [h=C60CB51A,$009E7C80])]
      121 08008002  LOADBOOL r8 := True
      122 07010059      CALL r7 (1 args) => 0 results
      123 07000022   CLOSURE r7 := closure(0, r7...)
      124 00000000      MOVE r0 := r0
      125 07000B47 SETGLOBAL r7 ->> _G[k45 ('InsertionArrived' [h=057589D1,$00A0E4C0])]
      126 07004A06  GETTABLE r7 := r0[k46 ('skip_entrance' [h=02BE15BA,$009A26E0])]
      127 08008002  LOADBOOL r8 := True
      128 00038215        EQ r7 != r8
      129 00800094       JMP +3 ; 133
      130 07000B45 GETGLOBAL r7 := _G[k45 ('InsertionArrived' [h=057589D1,$00A0E4C0])]
      131 07008059      CALL r7 (0 args) => 0 results
      132 00800494       JMP +19 ; 152
      133 07000C05 GETGLOBAL r7 := _G[k48 ('Ai_Command' [h=F55C71A7,$009A9EE0])]
      134 080005C1     LOADK r8 := k23 ('InsertionVehicle' [h=BF1C0BFB,$00A3ACC0])
      135 09000C41     LOADK r9 := k49 ('PathMove' [h=F35F139F,$0098C0A0])
      136 0A004B06  GETTABLE r10 := r0[k50 ('vehicle_entrance_path' [h=2B4E1233,$00A38580])]
      137 0B004B46  GETTABLE r11 := r0[k51 ('vehicle_speed' [h=C938D3B2,$009C3460])]
      138 0C000D01     LOADK r12 := k52 ('hiPri' [h=11C2D9E2,$00977D00])
      139 07030099      CALL r7 (5 args) => 1 results
      140 07000BC7 SETGLOBAL r7 ->> _G[k47 ('hCommand' [h=6C9B8F71,$009A4A80])]
      141 07000D45 GETGLOBAL r7 := _G[k53 ('Event_AiCommandStatus' [h=A9E3357D,$009D1D80])]
      142 08000B41     LOADK r8 := k45 ('InsertionArrived' [h=057589D1,$00A0E4C0])
      143 09000D81     LOADK r9 := k54 ('b' [h=00000083,$00983380])
      144 0A0005C1     LOADK r10 := k23 ('InsertionVehicle' [h=BF1C0BFB,$00A3ACC0])
      145 0B000BC5 GETGLOBAL r11 := _G[k47 ('hCommand' [h=6C9B8F71,$009A4A80])]
      146 0C000DC1     LOADK r12 := k55 (TObject(3.0))
      147 07030059      CALL r7 (5 args) => 0 results
      148 07000E05 GETGLOBAL r7 := _G[k56 ('Camera_ScriptPlayAnimation' [h=4697E538,$00A01B80])]
      149 08004CC6  GETTABLE r8 := r0[k57 ('insertion_shot_anim' [h=ECEDC55C,$00A0F880])]
      150 09000505 GETGLOBAL r9 := _G[k20 ('vehicleActor' [h=76961E35,$00993460])]
      151 07018059      CALL r7 (2 args) => 0 results
      152 07000062   CLOSURE r7 := closure(1, r7...)
      153 00000000      MOVE r0 := r0
      154 07000E87 SETGLOBAL r7 ->> _G[k58 ('InsertionLanded' [h=6B1BDD23,$0098B8C0])]
      155 070000A2   CLOSURE r7 := closure(2, r7...)
      156 00000000      MOVE r0 := r0
      157 07000EC7 SETGLOBAL r7 ->> _G[k59 ('InsertionTakeoff' [h=5AB566FF,$009F5100])]
      158 070000E2   CLOSURE r7 := closure(3, r7...)
      159 00030000      MOVE r0 := r6
      160 00008000      MOVE r0 := r1
      161 07000F07 SETGLOBAL r7 ->> _G[k60 ('InsertionDoneTakeoffShot' [h=3CD7784E,$009EED00])]
      162 07000122   CLOSURE r7 := closure(4, r7...)
      163 00000000      MOVE r0 := r0
      164 07000F47 SETGLOBAL r7 ->> _G[k61 ('InsertionTakeoffComplete' [h=49D1F41B,$009FB5C0])]
      165 07000162   CLOSURE r7 := closure(5, r7...)
      166 00000000      MOVE r0 := r0
      167 07000F87 SETGLOBAL r7 ->> _G[k62 ('InsertionHeliOutOfRange' [h=6A9BFD0C,$00A2A7C0])]
      168 07000005 GETGLOBAL r7 := _G[k0 ('Insertion_Debug' [h=2960F285,$0097FBE0])]
      169 08000FC1     LOADK r8 := k63 ('Insertion: DONE' [h=38189577,$00995120])
      170 07010059      CALL r7 (1 args) => 0 results
      171 0000801B    RETURN
  [Node$01A31B84] 'TestInsertion' [h=23B7461A,$009A66C0]: function$00981800 'TestInsertion' [h=23B7461A,$009A66C0]
    CONST$00C972C0 k0  'testInsertion' [h=23B7463A,$009C1B80]
    CONST$00C972C8 k1  'land_location' [h=39251684,$009888C0]
    CONST$00C972D0 k2  'loc_heli_land' [h=DC711940,$009C47C0]
    CONST$00C972D8 k3  'start_location' [h=7ACABAEE,$00998B80]
    CONST$00C972E0 k4  'loc_heli_start' [h=69D94330,$00975E40]
    CONST$00C972E8 k5  'insertion_shot_anim' [h=ECEDC55C,$00A0F880]
    CONST$00C972F0 k6  'ace_blackhawk_insertion_establishing_camera' [h=757965C7,$00A2D8C0]
    CONST$00C972F8 k7  'landing_shot_anim' [h=EFE0E002,$009F7440]
    CONST$00C97300 k8  'ace_blackhawk_insertion_landing_camera' [h=C785476A,$00A00600]
    CONST$00C97308 k9  'getout_shot_anim' [h=E461505F,$00A25F00]
    CONST$00C97310 k10 'ace_blackhawk_insertion_getout_camera' [h=C7215248,$009D4140]
    CONST$00C97318 k11 'getout_shot_time' [h=BC973F60,$00A386C0]
    CONST$00C97320 k12 TObject(3.0)
    CONST$00C97328 k13 'takeoff_shot_anim' [h=13065574,$00A20AC0]
    CONST$00C97330 k14 'ace_blackhawk_insertion_takeoff_camera' [h=220EDF2A,$00A23700]
    CONST$00C97338 k15 'takeoff_shot_time' [h=A99E5E86,$00A38780]
    CONST$00C97340 k16 TObject(4.699999809265137)
    CONST$00C97348 k17 'vehicle_template' [h=03EAB65F,$00A15B80]
    CONST$00C97350 k18 'template_blackhawk' [h=8DF69860,$00A01440]
    CONST$00C97358 k19 'player_seat_dockpoint' [h=D8937E87,$009FFBC0]
    CONST$00C97360 k20 'hp_seat_lm' [h=441D99A2,$00985FC0]
    CONST$00C97368 k21 'player_seat_anim' [h=B5730506,$00A10040]
    CONST$00C97370 k22 'all_hummer_fb_gunner_idle' [h=E07997B1,$00A0B440]
    CONST$00C97378 k23 'player_getout_dockpoint' [h=925FFDB2,$00A0F600]
    CONST$00C97380 k24 'hp_dock_lm' [h=D89B5231,$009C0BC0]
    CONST$00C97388 k25 'player_getout_anim' [h=17E7844E,$00A12D80]
    CONST$00C97390 k26 'all_blackhawk_fb_gunner_getout_left' [h=60D05276,$009F9EC0]
    CONST$00C97398 k27 'vehicle_entrance_path' [h=2B4E1233,$00A38580]
    CONST$00C973A0 k28 'insertion_path' [h=3A0594EE,$0098D260]
    CONST$00C973A8 k29 'vehicle_exit_path' [h=509CB943,$009DCC80]
    CONST$00C973B0 k30 'insertion_exit_path' [h=48F2CBAD,$009EEDC0]
    CONST$00C973B8 k31 'vehicle_speed' [h=C938D3B2,$009C3460]
    CONST$00C973C0 k32 TObject(5.0)
    CONST$00C973C8 k33 'Insertion' [h=59FF4789,$009AA720]
     CODE$00A72540
      000 0000014A  NEWTABLE r0 := {} (#a=0, #h=5)
      001 007DBF09  SETTABLE k2 ('loc_heli_land' [h=DC711940,$009C47C0]) ->> r0[k1 ('land_location' [h=39251684,$009888C0])]
      002 007EBF89  SETTABLE k4 ('loc_heli_start' [h=69D94330,$00975E40]) ->> r0[k3 ('start_location' [h=7ACABAEE,$00998B80])]
      003 007FC009  SETTABLE k6 ('ace_blackhawk_insertion_establishing_camera' [h=757965C7,$00A2D8C0]) ->> r0[k5 ('insertion_shot_anim' [h=ECEDC55C,$00A0F880])]
      004 0080C089  SETTABLE k8 ('ace_blackhawk_insertion_landing_camera' [h=C785476A,$00A00600]) ->> r0[k7 ('landing_shot_anim' [h=EFE0E002,$009F7440])]
      005 0081C109  SETTABLE k10 ('ace_blackhawk_insertion_getout_camera' [h=C7215248,$009D4140]) ->> r0[k9 ('getout_shot_anim' [h=E461505F,$00A25F00])]
      006 0082C189  SETTABLE k12 (TObject(3.0)) ->> r0[k11 ('getout_shot_time' [h=BC973F60,$00A386C0])]
      007 0083C209  SETTABLE k14 ('ace_blackhawk_insertion_takeoff_camera' [h=220EDF2A,$00A23700]) ->> r0[k13 ('takeoff_shot_anim' [h=13065574,$00A20AC0])]
      008 0084C289  SETTABLE k16 (TObject(4.699999809265137)) ->> r0[k15 ('takeoff_shot_time' [h=A99E5E86,$00A38780])]
      009 0085C309  SETTABLE k18 ('template_blackhawk' [h=8DF69860,$00A01440]) ->> r0[k17 ('vehicle_template' [h=03EAB65F,$00A15B80])]
      010 0086C389  SETTABLE k20 ('hp_seat_lm' [h=441D99A2,$00985FC0]) ->> r0[k19 ('player_seat_dockpoint' [h=D8937E87,$009FFBC0])]
      011 0087C409  SETTABLE k22 ('all_hummer_fb_gunner_idle' [h=E07997B1,$00A0B440]) ->> r0[k21 ('player_seat_anim' [h=B5730506,$00A10040])]
      012 0088C489  SETTABLE k24 ('hp_dock_lm' [h=D89B5231,$009C0BC0]) ->> r0[k23 ('player_getout_dockpoint' [h=925FFDB2,$00A0F600])]
      013 0089C509  SETTABLE k26 ('all_blackhawk_fb_gunner_getout_left' [h=60D05276,$009F9EC0]) ->> r0[k25 ('player_getout_anim' [h=17E7844E,$00A12D80])]
      014 008AC589  SETTABLE k28 ('insertion_path' [h=3A0594EE,$0098D260]) ->> r0[k27 ('vehicle_entrance_path' [h=2B4E1233,$00A38580])]
      015 008BC609  SETTABLE k30 ('insertion_exit_path' [h=48F2CBAD,$009EEDC0]) ->> r0[k29 ('vehicle_exit_path' [h=509CB943,$009DCC80])]
      016 008CC689  SETTABLE k32 (TObject(5.0)) ->> r0[k31 ('vehicle_speed' [h=C938D3B2,$009C3460])]
      017 00000007 SETGLOBAL r0 ->> _G[k0 ('testInsertion' [h=23B7463A,$009C1B80])]
      018 00000845 GETGLOBAL r0 := _G[k33 ('Insertion' [h=59FF4789,$009AA720])]
      019 01000005 GETGLOBAL r1 := _G[k0 ('testInsertion' [h=23B7463A,$009C1B80])]
      020 00010059      CALL r0 (1 args) => 0 results
      021 0000801B    RETURN
  [Node$01A31B98] 'TestRailInsertion' [h=886B3C22,$009D1F00]: function$009C2160 'TestRailInsertion' [h=886B3C22,$009D1F00]
    CONST$00C4D140 k0  'testRailInsertion' [h=886B3C02,$009FB700]
    CONST$00C4D148 k1  'land_location' [h=39251684,$009888C0]
    CONST$00C4D150 k2  'loc_heli_land' [h=DC711940,$009C47C0]
    CONST$00C4D158 k3  'start_location' [h=7ACABAEE,$00998B80]
    CONST$00C4D160 k4  'loc_heli_start' [h=69D94330,$00975E40]
    CONST$00C4D168 k5  'establishing_shot_time' [h=F006C8D5,$00A12F40]
    CONST$00C4D170 k6  TObject(2.6600000858306885)
    CONST$00C4D178 k7  'establishing_shot_anim' [h=E75958F4,$00A337C0]
    CONST$00C4D180 k8  'ace_blackhawk_insertion_camera' [h=85B5AB95,$00A12A40]
    CONST$00C4D188 k9  'vehicle_template' [h=03EAB65F,$00A15B80]
    CONST$00C4D190 k10 'template_blackhawk' [h=8DF69860,$00A01440]
    CONST$00C4D198 k11 'vehicle_seat' [h=EC8FB826,$00995B20]
    CONST$00C4D1A0 k12 'PASSENGER' [h=548D828A,$00981F60]
    CONST$00C4D1A8 k13 'vehicle_entrance_path' [h=2B4E1233,$00A38580]
    CONST$00C4D1B0 k14 'insertion_path' [h=3A0594EE,$0098D260]
    CONST$00C4D1B8 k15 'vehicle_exit_path' [h=509CB943,$009DCC80]
    CONST$00C4D1C0 k16 'insertion_exit_path' [h=48F2CBAD,$009EEDC0]
    CONST$00C4D1C8 k17 'vehicle_speed' [h=C938D3B2,$009C3460]
    CONST$00C4D1D0 k18 TObject(5.0)
    CONST$00C4D1D8 k19 'dropoff_shot_anim' [h=130BF4C5,$00A2E780]
    CONST$00C4D1E0 k20 'ace_blackhawk_insertion_takeoff_camera' [h=220EDF2A,$00A23700]
    CONST$00C4D1E8 k21 'dropoff_shot_time' [h=A9BA38FB,$00A15880]
    CONST$00C4D1F0 k22 TObject(4.699999809265137)
    CONST$00C4D1F8 k23 'dropoff_time' [h=BB6EBD60,$0097B060]
    CONST$00C4D200 k24 TObject(3.0)
    CONST$00C4D208 k25 'RailInsertion' [h=22EBA5F5,$0097D640]
    CONST$00C4D210 k26 'testInsertion' [h=23B7463A,$009C1B80]
     CODE$00B36D40
      000 0000010A  NEWTABLE r0 := {} (#a=0, #h=4)
      001 007DBF09  SETTABLE k2 ('loc_heli_land' [h=DC711940,$009C47C0]) ->> r0[k1 ('land_location' [h=39251684,$009888C0])]
      002 007EBF89  SETTABLE k4 ('loc_heli_start' [h=69D94330,$00975E40]) ->> r0[k3 ('start_location' [h=7ACABAEE,$00998B80])]
      003 007FC009  SETTABLE k6 (TObject(2.6600000858306885)) ->> r0[k5 ('establishing_shot_time' [h=F006C8D5,$00A12F40])]
      004 0080C089  SETTABLE k8 ('ace_blackhawk_insertion_camera' [h=85B5AB95,$00A12A40]) ->> r0[k7 ('establishing_shot_anim' [h=E75958F4,$00A337C0])]
      005 0081C109  SETTABLE k10 ('template_blackhawk' [h=8DF69860,$00A01440]) ->> r0[k9 ('vehicle_template' [h=03EAB65F,$00A15B80])]
      006 0082C189  SETTABLE k12 ('PASSENGER' [h=548D828A,$00981F60]) ->> r0[k11 ('vehicle_seat' [h=EC8FB826,$00995B20])]
      007 0083C209  SETTABLE k14 ('insertion_path' [h=3A0594EE,$0098D260]) ->> r0[k13 ('vehicle_entrance_path' [h=2B4E1233,$00A38580])]
      008 0084C289  SETTABLE k16 ('insertion_exit_path' [h=48F2CBAD,$009EEDC0]) ->> r0[k15 ('vehicle_exit_path' [h=509CB943,$009DCC80])]
      009 0085C309  SETTABLE k18 (TObject(5.0)) ->> r0[k17 ('vehicle_speed' [h=C938D3B2,$009C3460])]
      010 0086C389  SETTABLE k20 ('ace_blackhawk_insertion_takeoff_camera' [h=220EDF2A,$00A23700]) ->> r0[k19 ('dropoff_shot_anim' [h=130BF4C5,$00A2E780])]
      011 0087C409  SETTABLE k22 (TObject(4.699999809265137)) ->> r0[k21 ('dropoff_shot_time' [h=A9BA38FB,$00A15880])]
      012 0088C489  SETTABLE k24 (TObject(3.0)) ->> r0[k23 ('dropoff_time' [h=BB6EBD60,$0097B060])]
      013 00000007 SETGLOBAL r0 ->> _G[k0 ('testRailInsertion' [h=886B3C02,$009FB700])]
      014 00000645 GETGLOBAL r0 := _G[k25 ('RailInsertion' [h=22EBA5F5,$0097D640])]
      015 01000685 GETGLOBAL r1 := _G[k26 ('testInsertion' [h=23B7463A,$009C1B80])]
      016 00010059      CALL r0 (1 args) => 0 results
      017 0000801B    RETURN
  [Node$01A31BAC] 'Actor_GetAttitudeTowardActor' [h=B5F1D69F,$009CF940]: cfunction$002A9A10 'Actor_GetAttitudeTowardActor' [h=B5F1D69F,$009CF940]
  [Node$01A31BC0] 'Ai_PlaceOnClosestTerrain' [h=A43A86A0,$009DA8C0]: cfunction$002B22E8 'Ai_PlaceOnClosestTerrain' [h=A43A86A0,$009DA8C0]
  [Node$01A31BD4] 'Insertion_DoNothing' [h=46B1DFEF,$009E1C00]: function$009C2480 'Insertion_DoNothing' [h=46B1DFEF,$009E1C00]
    CONST$00957940 k0  'Insertion_Debug' [h=2960F285,$0097FBE0]
    CONST$00957948 k1  'Insertion_DoNothing: not doing anything' [h=4363EB50,$009F5B00]
     CODE$00957770
      000 00000005 GETGLOBAL r0 := _G[k0 ('Insertion_Debug' [h=2960F285,$0097FBE0])]
      001 01000041     LOADK r1 := k1 ('Insertion_DoNothing: not doing anything' [h=4363EB50,$009F5B00])
      002 00010059      CALL r0 (1 args) => 0 results
      003 0000801B    RETURN
  [Node$01A31BE8] 'spawn_Cleanup' [h=3BEE7312,$009C6AA0]: function$009C6A40 'spawn_Cleanup' [h=3BEE7312,$009C6AA0]
    CONST$00B1D0C0 k0  'SPAWN_LUA_LOADED' [h=E1684F23,$00A062C0]
    CONST$00B1D0C8 k1  'spawn_Cleanup' [h=3BEE7312,$009C6AA0]
    CONST$00B1D0D0 k2  'Spawn_Actor' [h=44229E9F,$0097B0C0]
    CONST$00B1D0D8 k3  'Spawn_VehicleWithRiders' [h=AF0A4ED4,$009DE800]
    CONST$00B1D0E0 k4  'spawn_ActorTables' [h=4BB339B1,$009EB900]
    CONST$00B1D0E8 k5  'spawn_ActorQueueAdd' [h=74976BF9,$009E7B80]
    CONST$00B1D0F0 k6  'spawn_ActorQueueSpawn' [h=9349201A,$009CD9C0]
    CONST$00B1D0F8 k7  'spawn_ActorTablesMultiple' [h=FA58507E,$00A075C0]
    CONST$00B1D100 k8  'tDefault_spawn_ActorTableSettings' [h=716F1C57,$009EA780]
     CODE$00AC1640
      000 00000003   LOADNIL r0 ... r0
      001 00000007 SETGLOBAL r0 ->> _G[k0 ('SPAWN_LUA_LOADED' [h=E1684F23,$00A062C0])]
      002 00000003   LOADNIL r0 ... r0
      003 00000047 SETGLOBAL r0 ->> _G[k1 ('spawn_Cleanup' [h=3BEE7312,$009C6AA0])]
      004 00000003   LOADNIL r0 ... r0
      005 00000087 SETGLOBAL r0 ->> _G[k2 ('Spawn_Actor' [h=44229E9F,$0097B0C0])]
      006 00000003   LOADNIL r0 ... r0
      007 000000C7 SETGLOBAL r0 ->> _G[k3 ('Spawn_VehicleWithRiders' [h=AF0A4ED4,$009DE800])]
      008 00000003   LOADNIL r0 ... r0
      009 00000107 SETGLOBAL r0 ->> _G[k4 ('spawn_ActorTables' [h=4BB339B1,$009EB900])]
      010 00000003   LOADNIL r0 ... r0
      011 00000147 SETGLOBAL r0 ->> _G[k5 ('spawn_ActorQueueAdd' [h=74976BF9,$009E7B80])]
      012 00000003   LOADNIL r0 ... r0
      013 00000187 SETGLOBAL r0 ->> _G[k6 ('spawn_ActorQueueSpawn' [h=9349201A,$009CD9C0])]
      014 00000003   LOADNIL r0 ... r0
      015 000001C7 SETGLOBAL r0 ->> _G[k7 ('spawn_ActorTablesMultiple' [h=FA58507E,$00A075C0])]
      016 00000003   LOADNIL r0 ... r0
      017 00000207 SETGLOBAL r0 ->> _G[k8 ('tDefault_spawn_ActorTableSettings' [h=716F1C57,$009EA780])]
      018 0000801B    RETURN
  [Node$01A31BFC] 'ConInsertion_Debug' [h=7B3CD381,$00A0D500]: function$009C5D00 'ConInsertion_Debug' [h=7B3CD381,$00A0D500]
    CONST$00957960 k0  'Insertion_Debug' [h=2960F285,$0097FBE0]
    CONST$00957968 k1  TObject(None)
     CODE$00A22740
      000 00000018      TEST not r0 : r0 := r0
      001 008000D4       JMP +4 ; 6
      002 03000005 GETGLOBAL r3 := _G[k0 ('Insertion_Debug' [h=2960F285,$0097FBE0])]
      003 04008000      MOVE r4 := r1
      004 03010059      CALL r3 (1 args) => 0 results
      005 00800114       JMP +5 ; 11
      006 01013ED5        EQ r2 == k1 (TObject(None))
      007 00800094       JMP +3 ; 11
      008 03000005 GETGLOBAL r3 := _G[k0 ('Insertion_Debug' [h=2960F285,$0097FBE0])]
      009 04010000      MOVE r4 := r2
      010 03010059      CALL r3 (1 args) => 0 results
      011 0000801B    RETURN
  [Node$01A31C10] 'Utility_FormatCurrency' [h=6DAB4AA4,$009F6080]: cfunction$002C5408 'Utility_FormatCurrency' [h=6DAB4AA4,$009F6080]
  [Node$01A31C24] 'Insertion_Debug' [h=2960F285,$0097FBE0]: function$009C0580 'Insertion_Debug' [h=2960F285,$0097FBE0]
    CONST$00A12840 k0  'bDebugOutput' [h=2660F98C,$00984200]
    CONST$00A12848 k1  TObject(None)
    CONST$00A12850 k2  'Debug_Printf' [h=445430CF,$009A1C40]
    CONST$00A12858 k3  '[UTIL_INSERTION] ' [h=29AE6AB1,$00A3A780]
    CONST$00A12860 k4  'tostring' [h=787EB105,$009A9A40]
    CONST$00A12868 k5  '\n' [h=0000002B,$009AB680]
     CODE$009D0800
      000 01000005 GETGLOBAL r1 := _G[k0 ('bDebugOutput' [h=2660F98C,$00984200])]
      001 01008018      TEST not r1 : r1 := r1
      002 00800254       JMP +10 ; 13
      003 01003ED5        EQ r0 == k1 (TObject(None))
      004 008001D4       JMP +8 ; 13
      005 01000085 GETGLOBAL r1 := _G[k2 ('Debug_Printf' [h=445430CF,$009A1C40])]
      006 020000C1     LOADK r2 := k3 ('[UTIL_INSERTION] ' [h=29AE6AB1,$00A3A780])
      007 03000105 GETGLOBAL r3 := _G[k4 ('tostring' [h=787EB105,$009A9A40])]
      008 04000000      MOVE r4 := r0
      009 03010099      CALL r3 (1 args) => 1 results
      010 04000141     LOADK r4 := k5 ('\n' [h=0000002B,$009AB680])
      011 02010113    CONCAT r2 := r2 ... r4
      012 01010059      CALL r1 (1 args) => 0 results
      013 0000801B    RETURN
  [Node$01A31C38] 'UTIL_INSERTION_LUA_LOADED' [h=3C16552C,$009E5C40]: TObject(1.0)
  [Node$01A31C4C] 'spawn_ActorTablesMultiple' [h=FA58507E,$00A075C0]: function$0097F6E0 'spawn_ActorTablesMultiple' [h=FA58507E,$00A075C0]
    CONST$00AB4540 k0  'type' [h=0070EF71,$009875A0]
    CONST$00AB4548 k1  'table' [h=10F2114B,$0098D780]
    CONST$00AB4550 k2  'getn' [h=0083B006,$0097DBC0]
    CONST$00AB4558 k3  TObject(0.0)
    CONST$00AB4560 k4  'spawn_ActorTables' [h=4BB339B1,$009EB900]
    CONST$00AB4568 k5  'i' [h=00000088,$0099E6C0]
    CONST$00AB4570 k6  'tTemplates' [h=8E9A91F4,$00992D60]
    CONST$00AB4578 k7  'tLocations' [h=6C167A32,$009A4580]
    CONST$00AB4580 k8  'tSettings' [h=390A41FE,$00998B60]
    CONST$00AB4588 k9  TObject(1.0)
    CONST$00AB4590 k10 'util_SetDefault' [h=3072A05A,$00988C60]
    CONST$00AB4598 k11 'spawn_ActorTablesMultiple' [h=FA58507E,$00A075C0]
    CONST$00AB45A0 k12 'insert' [h=92EA3D93,$009903C0]
     CODE$00D38AC0
      000 01000005 GETGLOBAL r1 := _G[k0 ('type' [h=0070EF71,$009875A0])]
      001 02000000      MOVE r2 := r0
      002 01010099      CALL r1 (1 args) => 1 results
      003 0000BED5        EQ r1 != k1 ('table' [h=10F2114B,$0098D780])
      004 00801DD4       JMP +120 ; 125
      005 01000045 GETGLOBAL r1 := _G[k1 ('table' [h=10F2114B,$0098D780])]
      006 0100BF06  GETTABLE r1 := r1[k2 ('getn' [h=0083B006,$0097DBC0])]
      007 02000000      MOVE r2 := r0
      008 01010099      CALL r1 (1 args) => 1 results
      009 0000BF55        EQ r1 != k3 (TObject(0.0))
      010 00800314       JMP +13 ; 24
      011 01000105 GETGLOBAL r1 := _G[k4 ('spawn_ActorTables' [h=4BB339B1,$009EB900])]
      012 02000145 GETGLOBAL r2 := _G[k5 ('i' [h=00000088,$0099E6C0])]
      013 02000086  GETTABLE r2 := r0[r2]
      014 02014006  GETTABLE r2 := r2[k6 ('tTemplates' [h=8E9A91F4,$00992D60])]
      015 03000145 GETGLOBAL r3 := _G[k5 ('i' [h=00000088,$0099E6C0])]
      016 030000C6  GETTABLE r3 := r0[r3]
      017 0301C046  GETTABLE r3 := r3[k7 ('tLocations' [h=6C167A32,$009A4580])]
      018 04000145 GETGLOBAL r4 := _G[k5 ('i' [h=00000088,$0099E6C0])]
      019 04000106  GETTABLE r4 := r0[r4]
      020 04024086  GETTABLE r4 := r4[k8 ('tSettings' [h=390A41FE,$00998B60])]
      021 0102001A  TAILCALL r1 (3 args)
      022 0100001B    RETURN r1 ... top
      023 00801914       JMP +101 ; 125
      024 0100000A  NEWTABLE r1 := {} (#a=0, #h=0)
      025 02020003   LOADNIL r2 ... r4
      026 05000241     LOADK r5 := k9 (TObject(1.0))
      027 06000045 GETGLOBAL r6 := _G[k1 ('table' [h=10F2114B,$0098D780])]
      028 06033F06  GETTABLE r6 := r6[k2 ('getn' [h=0083B006,$0097DBC0])]
      029 07000000      MOVE r7 := r0
      030 06010099      CALL r6 (1 args) => 1 results
      031 07000241     LOADK r7 := k9 (TObject(1.0))
      032 050281CD       SUB r5 := r5 - r7
      033 00801514       JMP +85 ; 119
      034 08000005 GETGLOBAL r8 := _G[k0 ('type' [h=0070EF71,$009875A0])]
      035 09000146  GETTABLE r9 := r0[r5]
      036 08010099      CALL r8 (1 args) => 1 results
      037 00043ED5        EQ r8 != k1 ('table' [h=10F2114B,$0098D780])
      038 008013D4       JMP +80 ; 119
      039 08000146  GETTABLE r8 := r0[r5]
      040 09000285 GETGLOBAL r9 := _G[k10 ('util_SetDefault' [h=3072A05A,$00988C60])]
      041 0A000146  GETTABLE r10 := r0[r5]
      042 0A054006  GETTABLE r10 := r10[k6 ('tTemplates' [h=8E9A91F4,$00992D60])]
      043 0B004006  GETTABLE r11 := r0[k6 ('tTemplates' [h=8E9A91F4,$00992D60])]
      044 09018099      CALL r9 (2 args) => 1 results
      045 08800249  SETTABLE r9 ->> r8[k6 ('tTemplates' [h=8E9A91F4,$00992D60])]
      046 08000146  GETTABLE r8 := r0[r5]
      047 09000285 GETGLOBAL r9 := _G[k10 ('util_SetDefault' [h=3072A05A,$00988C60])]
      048 0A000146  GETTABLE r10 := r0[r5]
      049 0A054046  GETTABLE r10 := r10[k7 ('tLocations' [h=6C167A32,$009A4580])]
      050 0B004046  GETTABLE r11 := r0[k7 ('tLocations' [h=6C167A32,$009A4580])]
      051 09018099      CALL r9 (2 args) => 1 results
      052 08808249  SETTABLE r9 ->> r8[k7 ('tLocations' [h=6C167A32,$009A4580])]
      053 08000146  GETTABLE r8 := r0[r5]
      054 09000285 GETGLOBAL r9 := _G[k10 ('util_SetDefault' [h=3072A05A,$00988C60])]
      055 0A000146  GETTABLE r10 := r0[r5]
      056 0A054086  GETTABLE r10 := r10[k8 ('tSettings' [h=390A41FE,$00998B60])]
      057 0B004086  GETTABLE r11 := r0[k8 ('tSettings' [h=390A41FE,$00998B60])]
      058 09018099      CALL r9 (2 args) => 1 results
      059 08810249  SETTABLE r9 ->> r8[k8 ('tSettings' [h=390A41FE,$00998B60])]
      060 080002C5 GETGLOBAL r8 := _G[k11 ('spawn_ActorTablesMultiple' [h=FA58507E,$00A075C0])]
      061 09000146  GETTABLE r9 := r0[r5]
      062 08010159      CALL r8 (1 args) => 4 results
      063 0C000241     LOADK r12 := k9 (TObject(1.0))
      064 0D000045 GETGLOBAL r13 := _G[k1 ('table' [h=10F2114B,$0098D780])]
      065 0D06BF06  GETTABLE r13 := r13[k2 ('getn' [h=0083B006,$0097DBC0])]
      066 0E040000      MOVE r14 := r8
      067 0D010099      CALL r13 (1 args) => 1 results
      068 0E000241     LOADK r14 := k9 (TObject(1.0))
      069 0C06038D       SUB r12 := r12 - r14
      070 00800114       JMP +5 ; 76
      071 0F000045 GETGLOBAL r15 := _G[k1 ('table' [h=10F2114B,$0098D780])]
      072 0F07C186  GETTABLE r15 := r15[k12 ('insert' [h=92EA3D93,$009903C0])]
      073 10008000      MOVE r16 := r1
      074 11040306  GETTABLE r17 := r8[r12]
      075 0F018059      CALL r15 (2 args) => 0 results
      076 0C7FFE5C   FORLOOP r12 := r14; if r12 <= r13 JMP -6
      077 0C000241     LOADK r12 := k9 (TObject(1.0))
      078 0D000045 GETGLOBAL r13 := _G[k1 ('table' [h=10F2114B,$0098D780])]
      079 0D06BF06  GETTABLE r13 := r13[k2 ('getn' [h=0083B006,$0097DBC0])]
      080 0E048000      MOVE r14 := r9
      081 0D010099      CALL r13 (1 args) => 1 results
      082 0E000241     LOADK r14 := k9 (TObject(1.0))
      083 0C06038D       SUB r12 := r12 - r14
      084 00800114       JMP +5 ; 90
      085 0F000045 GETGLOBAL r15 := _G[k1 ('table' [h=10F2114B,$0098D780])]
      086 0F07C186  GETTABLE r15 := r15[k12 ('insert' [h=92EA3D93,$009903C0])]
      087 10010000      MOVE r16 := r2
      088 11048306  GETTABLE r17 := r9[r12]
      089 0F018059      CALL r15 (2 args) => 0 results
      090 0C7FFE5C   FORLOOP r12 := r14; if r12 <= r13 JMP -6
      091 0C000241     LOADK r12 := k9 (TObject(1.0))
      092 0D000045 GETGLOBAL r13 := _G[k1 ('table' [h=10F2114B,$0098D780])]
      093 0D06BF06  GETTABLE r13 := r13[k2 ('getn' [h=0083B006,$0097DBC0])]
      094 0E050000      MOVE r14 := r10
      095 0D010099      CALL r13 (1 args) => 1 results
      096 0E000241     LOADK r14 := k9 (TObject(1.0))
      097 0C06038D       SUB r12 := r12 - r14
      098 00800114       JMP +5 ; 104
      099 0F000045 GETGLOBAL r15 := _G[k1 ('table' [h=10F2114B,$0098D780])]
      100 0F07C186  GETTABLE r15 := r15[k12 ('insert' [h=92EA3D93,$009903C0])]
      101 10018000      MOVE r16 := r3
      102 11050306  GETTABLE r17 := r10[r12]
      103 0F018059      CALL r15 (2 args) => 0 results
      104 0C7FFE5C   FORLOOP r12 := r14; if r12 <= r13 JMP -6
      105 0C000241     LOADK r12 := k9 (TObject(1.0))
      106 0D000045 GETGLOBAL r13 := _G[k1 ('table' [h=10F2114B,$0098D780])]
      107 0D06BF06  GETTABLE r13 := r13[k2 ('getn' [h=0083B006,$0097DBC0])]
      108 0E058000      MOVE r14 := r11
      109 0D010099      CALL r13 (1 args) => 1 results
      110 0E000241     LOADK r14 := k9 (TObject(1.0))
      111 0C06038D       SUB r12 := r12 - r14
      112 00800114       JMP +5 ; 118
      113 0F000045 GETGLOBAL r15 := _G[k1 ('table' [h=10F2114B,$0098D780])]
      114 0F07C186  GETTABLE r15 := r15[k12 ('insert' [h=92EA3D93,$009903C0])]
      115 10020000      MOVE r16 := r4
      116 11058306  GETTABLE r17 := r11[r12]
      117 0F018059      CALL r15 (2 args) => 0 results
      118 0C7FFE5C   FORLOOP r12 := r14; if r12 <= r13 JMP -6
      119 057FEA5C   FORLOOP r5 := r7; if r5 <= r6 JMP -86
      120 05008000      MOVE r5 := r1
      121 06010000      MOVE r6 := r2
      122 07018000      MOVE r7 := r3
      123 08020000      MOVE r8 := r4
      124 0502801B    RETURN r5 ... r8
      125 0100800A  NEWTABLE r1 := {} (#a=1, #h=0)
      126 02010003   LOADNIL r2 ... r2
      127 0100001F   SETLIST r1 [0]
      128 0200800A  NEWTABLE r2 := {} (#a=1, #h=0)
      129 03018003   LOADNIL r3 ... r3
      130 0200001F   SETLIST r2 [0]
      131 0300800A  NEWTABLE r3 := {} (#a=1, #h=0)
      132 04020003   LOADNIL r4 ... r4
      133 0300001F   SETLIST r3 [0]
      134 0400800A  NEWTABLE r4 := {} (#a=1, #h=0)
      135 05028003   LOADNIL r5 ... r5
      136 0400001F   SETLIST r4 [0]
      137 0102801B    RETURN r1 ... r4
      138 0000801B    RETURN
  [Node$01A31C60] 'spawn_ActorQueueSpawn' [h=9349201A,$009CD9C0]: function$00976200 'spawn_ActorQueueSpawn' [h=9349201A,$009CD9C0]
    CONST$00C38F40 k0  'type' [h=0070EF71,$009875A0]
    CONST$00C38F48 k1  'g_SpawnActorQueue' [h=33931F48,$009FEA80]
    CONST$00C38F50 k2  'table' [h=10F2114B,$0098D780]
    CONST$00C38F58 k3  TObject(None)
    CONST$00C38F60 k4  'getn' [h=0083B006,$0097DBC0]
    CONST$00C38F68 k5  TObject(1.0)
    CONST$00C38F70 k6  TObject(-1.0)
    CONST$00C38F78 k7  'remove' [h=4893DA49,$0098EC00]
    CONST$00C38F80 k8  'Mission_Spawn' [h=59A02AE9,$009AC240]
    CONST$00C38F88 k9  'sName' [h=10ED9F0D,$0097E600]
    CONST$00C38F90 k10 'x' [h=00000099,$0098E3E0]
    CONST$00C38F98 k11 'y' [h=00000098,$0099F120]
    CONST$00C38FA0 k12 'z' [h=0000009B,$009A8AA0]
    CONST$00C38FA8 k13 'yaw' [h=0003646B,$009C3FC0]
    CONST$00C38FB0 k14 'sEncounter' [h=4CD961D9,$009BF980]
    CONST$00C38FB8 k15 'nil' [h=000347C9,$0097E260]
    CONST$00C38FC0 k16 'sSquad' [h=7089B391,$0098C100]
    CONST$00C38FC8 k17 'Ai_SetSquad' [h=18402E9B,$00978940]
    CONST$00C38FD0 k18 'bInvincible' [h=4FA74776,$009C2740]
    CONST$00C38FD8 k19 'Actor_SetInvincible' [h=3C5DC0FC,$009E4640]
    CONST$00C38FE0 k20 'fSetup' [h=9C855945,$009972C0]
    CONST$00C38FE8 k21 'insert' [h=92EA3D93,$009903C0]
    CONST$00C38FF0 k22 'ipairs' [h=B6F4A157,$0098FC00]
    CONST$00C38FF8 k23 'string' [h=81F98B41,$0097FB00]
    CONST$00C39000 k24 'function_Call' [h=35CC729B,$009C86C0]
    CONST$00C39008 k25 'util_GetFunct' [h=804789D1,$00992780]
    CONST$00C39010 k26 TObject(0.0)
    CONST$00C39018 k27 'collectgarbage' [h=7631F05C,$0099FB20]
    CONST$00C39020 k28 'Event_RelativeTimer' [h=AD23F6E2,$009F7840]
    CONST$00C39028 k29 'spawn_ActorQueueSpawn' [h=9349201A,$009CD9C0]
    CONST$00C39030 k30 'b' [h=00000083,$00983380]
     CODE$00D2A2C0
      000 00000005 GETGLOBAL r0 := _G[k0 ('type' [h=0070EF71,$009875A0])]
      001 01000045 GETGLOBAL r1 := _G[k1 ('g_SpawnActorQueue' [h=33931F48,$009FEA80])]
      002 00010099      CALL r0 (1 args) => 1 results
      003 00003F15        EQ r0 != k2 ('table' [h=10F2114B,$0098D780])
      004 00801A94       JMP +107 ; 112
      005 00000045 GETGLOBAL r0 := _G[k1 ('g_SpawnActorQueue' [h=33931F48,$009FEA80])]
      006 01018003   LOADNIL r1 ... r3
      007 0080195E  TFORPREP WIP
      008 0101BF55        EQ r3 == k3 (TObject(None))
      009 008018D4       JMP +100 ; 110
      010 04000085 GETGLOBAL r4 := _G[k2 ('table' [h=10F2114B,$0098D780])]
      011 04023F86  GETTABLE r4 := r4[k4 ('getn' [h=0083B006,$0097DBC0])]
      012 05018000      MOVE r5 := r3
      013 04010099      CALL r4 (1 args) => 1 results
      014 05000141     LOADK r5 := k5 (TObject(1.0))
      015 06000181     LOADK r6 := k6 (TObject(-1.0))
      016 0402018D       SUB r4 := r4 - r6
      017 00801254       JMP +74 ; 92
      018 07018106  GETTABLE r7 := r3[r4]
      019 08000085 GETGLOBAL r8 := _G[k2 ('table' [h=10F2114B,$0098D780])]
      020 08044046  GETTABLE r8 := r8[k7 ('remove' [h=4893DA49,$0098EC00])]
      021 09018000      MOVE r9 := r3
      022 0A020000      MOVE r10 := r4
      023 08018059      CALL r8 (2 args) => 0 results
      024 08000205 GETGLOBAL r8 := _G[k8 ('Mission_Spawn' [h=59A02AE9,$009AC240])]
      025 09010000      MOVE r9 := r2
      026 0A03C0C6  GETTABLE r10 := r7[k9 ('sName' [h=10ED9F0D,$0097E600])]
      027 0B03C106  GETTABLE r11 := r7[k10 ('x' [h=00000099,$0098E3E0])]
      028 0C03C146  GETTABLE r12 := r7[k11 ('y' [h=00000098,$0099F120])]
      029 0D03C186  GETTABLE r13 := r7[k12 ('z' [h=0000009B,$009A8AA0])]
      030 0E03C1C6  GETTABLE r14 := r7[k13 ('yaw' [h=0003646B,$009C3FC0])]
      031 08038099      CALL r8 (6 args) => 1 results
      032 09000005 GETGLOBAL r9 := _G[k0 ('type' [h=0070EF71,$009875A0])]
      033 0A03C206  GETTABLE r10 := r7[k14 ('sEncounter' [h=4CD961D9,$009BF980])]
      034 09010099      CALL r9 (1 args) => 1 results
      035 0104C255        EQ r9 == k15 ('nil' [h=000347C9,$0097E260])
      036 00800254       JMP +10 ; 47
      037 09000005 GETGLOBAL r9 := _G[k0 ('type' [h=0070EF71,$009875A0])]
      038 0A03C286  GETTABLE r10 := r7[k16 ('sSquad' [h=7089B391,$0098C100])]
      039 09010099      CALL r9 (1 args) => 1 results
      040 0104C255        EQ r9 == k15 ('nil' [h=000347C9,$0097E260])
      041 00800114       JMP +5 ; 47
      042 09000445 GETGLOBAL r9 := _G[k17 ('Ai_SetSquad' [h=18402E9B,$00978940])]
      043 0A040000      MOVE r10 := r8
      044 0B03C206  GETTABLE r11 := r7[k14 ('sEncounter' [h=4CD961D9,$009BF980])]
      045 0C03C286  GETTABLE r12 := r7[k16 ('sSquad' [h=7089B391,$0098C100])]
      046 09020059      CALL r9 (3 args) => 0 results
      047 0903C306  GETTABLE r9 := r7[k18 ('bInvincible' [h=4FA74776,$009C2740])]
      048 09048018      TEST not r9 : r9 := r9
      049 008000D4       JMP +4 ; 54
      050 090004C5 GETGLOBAL r9 := _G[k19 ('Actor_SetInvincible' [h=3C5DC0FC,$009E4640])]
      051 0A040000      MOVE r10 := r8
      052 0B008002  LOADBOOL r11 := True
      053 09018059      CALL r9 (2 args) => 0 results
      054 0903C386  GETTABLE r9 := r7[k20 ('fSetup' [h=9C855945,$009972C0])]
      055 0104BF55        EQ r9 == k3 (TObject(None))
      056 00800894       JMP +35 ; 92
      057 0900000A  NEWTABLE r9 := {} (#a=0, #h=0)
      058 0A000005 GETGLOBAL r10 := _G[k0 ('type' [h=0070EF71,$009875A0])]
      059 0B03C386  GETTABLE r11 := r7[k20 ('fSetup' [h=9C855945,$009972C0])]
      060 0A010099      CALL r10 (1 args) => 1 results
      061 00053F15        EQ r10 != k2 ('table' [h=10F2114B,$0098D780])
      062 00800054       JMP +2 ; 65
      063 0903C386  GETTABLE r9 := r7[k20 ('fSetup' [h=9C855945,$009972C0])]
      064 00800114       JMP +5 ; 70
      065 0A000085 GETGLOBAL r10 := _G[k2 ('table' [h=10F2114B,$0098D780])]
      066 0A0543C6  GETTABLE r10 := r10[k21 ('insert' [h=92EA3D93,$009903C0])]
      067 0B048000      MOVE r11 := r9
      068 0C03C386  GETTABLE r12 := r7[k20 ('fSetup' [h=9C855945,$009972C0])]
      069 0A018059      CALL r10 (2 args) => 0 results
      070 0A000585 GETGLOBAL r10 := _G[k22 ('ipairs' [h=B6F4A157,$0098FC00])]
      071 0B048000      MOVE r11 := r9
      072 0A010159      CALL r10 (1 args) => 4 results
      073 0A8003DE  TFORPREP WIP
      074 0E000005 GETGLOBAL r14 := _G[k0 ('type' [h=0070EF71,$009875A0])]
      075 0F068000      MOVE r15 := r13
      076 0E010099      CALL r14 (1 args) => 1 results
      077 00074455        EQ r14 != k23 ('string' [h=81F98B41,$0097FB00])
      078 00800194       JMP +7 ; 86
      079 0E000605 GETGLOBAL r14 := _G[k24 ('function_Call' [h=35CC729B,$009C86C0])]
      080 0F000645 GETGLOBAL r15 := _G[k25 ('util_GetFunct' [h=804789D1,$00992780])]
      081 10068000      MOVE r16 := r13
      082 0F010099      CALL r15 (1 args) => 1 results
      083 10040000      MOVE r16 := r8
      084 0E018059      CALL r14 (2 args) => 0 results
      085 008000D4       JMP +4 ; 90
      086 0E000605 GETGLOBAL r14 := _G[k24 ('function_Call' [h=35CC729B,$009C86C0])]
      087 0F068000      MOVE r15 := r13
      088 10040000      MOVE r16 := r8
      089 0E018059      CALL r14 (2 args) => 0 results
      090 0A00005D  TFORLOOP WIP
      091 007FFB54       JMP -18 ; 74
      092 047FED1C   FORLOOP r4 := r6; if r4 <= r5 JMP -75
      093 04000085 GETGLOBAL r4 := _G[k2 ('table' [h=10F2114B,$0098D780])]
      094 04023F86  GETTABLE r4 := r4[k4 ('getn' [h=0083B006,$0097DBC0])]
      095 05018000      MOVE r5 := r3
      096 04010099      CALL r4 (1 args) => 1 results
      097 00024517        LE r4 > k26 (TObject(0.0))
      098 00800054       JMP +2 ; 101
      099 04000045 GETGLOBAL r4 := _G[k1 ('g_SpawnActorQueue' [h=33931F48,$009FEA80])]
      100 04013F49  SETTABLE k3 (TObject(None)) ->> r4[r2]
      101 040006C5 GETGLOBAL r4 := _G[k27 ('collectgarbage' [h=7631F05C,$0099FB20])]
      102 04008059      CALL r4 (0 args) => 0 results
      103 04000705 GETGLOBAL r4 := _G[k28 ('Event_RelativeTimer' [h=AD23F6E2,$009F7840])]
      104 05000741     LOADK r5 := k29 ('spawn_ActorQueueSpawn' [h=9349201A,$009CD9C0])
      105 06000781     LOADK r6 := k30 ('b' [h=00000083,$00983380])
      106 07000681     LOADK r7 := k26 (TObject(0.0))
      107 04020059      CALL r4 (3 args) => 0 results
      108 04020003   LOADNIL r4 ... r4
      109 0401001B    RETURN r4 ... r4
      110 0000005D  TFORLOOP WIP
      111 007FE5D4       JMP -104 ; 8
      112 00000003   LOADNIL r0 ... r0
      113 00000047 SETGLOBAL r0 ->> _G[k1 ('g_SpawnActorQueue' [h=33931F48,$009FEA80])]
      114 000006C5 GETGLOBAL r0 := _G[k27 ('collectgarbage' [h=7631F05C,$0099FB20])]
      115 00008059      CALL r0 (0 args) => 0 results
      116 0000801B    RETURN
  [Node$01A31C74] 'Actor_SetModelNodeVisibility' [h=C8B8DAA9,$009D1C00]: cfunction$002AF1C0 'Actor_SetModelNodeVisibility' [h=C8B8DAA9,$009D1C00]
  [Node$01A31C88] 'Squad_GetAllActors' [h=723731AE,$00A10080]: cfunction$002B5B98 'Squad_GetAllActors' [h=723731AE,$00A10080]
  [Node$01A31C9C] 'spawn_ActorTables' [h=4BB339B1,$009EB900]: function$009A3DA0[1] 'spawn_ActorTables' [h=4BB339B1,$009EB900]
    CONST$00D61FC0 k0  'type' [h=0070EF71,$009875A0]
    CONST$00D61FC8 k1  'string' [h=81F98B41,$0097FB00]
    CONST$00D61FD0 k2  'assert' [h=92EA3D15,$00979840]
    CONST$00D61FD8 k3  'table' [h=10F2114B,$0098D780]
    CONST$00D61FE0 k4  'ASSERT: Spawn.lua: spawn_ActorTables: tTemplates is not a table' [h=3C21E506,$00A6EAC0]
    CONST$00D61FE8 k5  'ASSERT: Spawn.lua: spawn_ActorTables: tLocations is not a table' [h=013ECF9E,$00B29640]
    CONST$00D61FF0 k6  'tNameCollision' [h=BA06ED43,$00983CE0]
    CONST$00D61FF8 k7  'tDefault_spawn_ActorTableSettings' [h=716F1C57,$009EA780]
    CONST$00D62000 k8  'util_SetDefault' [h=3072A05A,$00988C60]
    CONST$00D62008 k9  TObject(None)
    CONST$00D62010 k10 'table_Copy' [h=84C4D84B,$009A4A40]
    CONST$00D62018 k11 'FALSE' [h=0E4B730F,$009A6040]
    CONST$00D62020 k12 'ASSERT: Spawn.lua: spawn_ActorTables: tSettings is ' [h=1653737F,$00A83E40]
    CONST$00D62028 k13 ' instead of a table.' [h=FDFE93E4,$009FA200]
    CONST$00D62030 k14 'nTemplatesMax' [h=14A8D819,$009A3300]
    CONST$00D62038 k15 'getn' [h=0083B006,$0097DBC0]
    CONST$00D62040 k16 'nTemplatesMin' [h=85D666A2,$00987220]
    CONST$00D62048 k17 'util_GetRandomIntInRange' [h=E995DC0A,$00A1F580]
    CONST$00D62050 k18 'nLocationsMax' [h=4D3F5402,$0097B680]
    CONST$00D62058 k19 'nLocationsMin' [h=03DFF5DF,$009847E0]
    CONST$00D62060 k20 TObject(0.0)
    CONST$00D62068 k21 'remove' [h=4893DA49,$0098EC00]
    CONST$00D62070 k22 TObject(1.0)
    CONST$00D62078 k23 'g_debugSpawn' [h=04F903B8,$0097A340]
    CONST$00D62080 k24 'table_Debug' [h=EAB4DD10,$0099E160]
    CONST$00D62088 k25 '     ' [h=0C338AC5,$009C2C40]
    CONST$00D62090 k26 '' [h=00000000,$009A40A0]
    CONST$00D62098 k27 'nNameBaseStartIndex' [h=EC2E230C,$00A10980]
    CONST$00D620A0 k28 'sNameBase' [h=272F9148,$009A5DE0]
    CONST$00D620A8 k29 'tostring' [h=787EB105,$009A9A40]
    CONST$00D620B0 k30 '_driver' [h=9AC9BB00,$0098CE80]
    CONST$00D620B8 k31 '_passa' [h=7317D842,$00983880]
    CONST$00D620C0 k32 '_passb' [h=792FD393,$009A66A0]
    CONST$00D620C8 k33 '_passc' [h=6E57393C,$00991400]
    CONST$00D620D0 k34 '_passd' [h=56B7FFA4,$00976460]
    CONST$00D620D8 k35 '_passe' [h=4B6C617E,$009A9640]
    CONST$00D620E0 k36 '_passf' [h=90043936,$0099B6A0]
    CONST$00D620E8 k37 'bUnique' [h=9233073F,$00984820]
    CONST$00D620F0 k38 'bRemoveNamedRiders' [h=B01EE30E,$00A14080]
    CONST$00D620F8 k39 'Utility_DoesActorExist' [h=446B4DB5,$009F0740]
    CONST$00D62100 k40 'ipairs' [h=B6F4A157,$0098FC00]
    CONST$00D62108 k41 'Actor_Remove' [h=3657B3EC,$0098CD00]
    CONST$00D62110 k42 'x' [h=00000099,$0098E3E0]
    CONST$00D62118 k43 'y' [h=00000098,$0099F120]
    CONST$00D62120 k44 'z' [h=0000009B,$009A8AA0]
    CONST$00D62128 k45 'yaw' [h=0003646B,$009C3FC0]
    CONST$00D62130 k46 'Location_GetPosition' [h=A933ECC8,$009F8880]
    CONST$00D62138 k47 'Location_GetYaw' [h=888B12C2,$009892E0]
    CONST$00D62140 k48 'bDeleteLoc' [h=52ECBEBF,$0098E600]
    CONST$00D62148 k49 'bYawRandom' [h=18F4BE79,$0097E1E0]
    CONST$00D62150 k50 'util_GetRandomFloatInRange' [h=0C36D81F,$00A11B00]
    CONST$00D62158 k51 'nYawMin' [h=09CC3293,$0098E2A0]
    CONST$00D62160 k52 TObject(180.0)
    CONST$00D62168 k53 TObject(-180.0)
    CONST$00D62170 k54 'nYawMax' [h=AA900907,$009A8C00]
    CONST$00D62178 k55 'nil' [h=000347C9,$0097E260]
    CONST$00D62180 k56 'bQueue' [h=4837AE19,$009A89E0]
    CONST$00D62188 k57 'Mission_Spawn' [h=59A02AE9,$009AC240]
    CONST$00D62190 k58 'bResetToHome' [h=35A98384,$00995340]
    CONST$00D62198 k59 'Utility_GetActor' [h=077E9779,$009FB8C0]
    CONST$00D621A0 k60 'Actor_SetPosition' [h=1D26B41B,$009D9EC0]
    CONST$00D621A8 k61 'Actor_SetYaw' [h=B08E3772,$00987500]
    CONST$00D621B0 k62 'bResetSettings' [h=8419CD38,$00978C20]
    CONST$00D621B8 k63 'sEncounter' [h=4CD961D9,$009BF980]
    CONST$00D621C0 k64 'sSquad' [h=7089B391,$0098C100]
    CONST$00D621C8 k65 'Ai_SetSquad' [h=18402E9B,$00978940]
    CONST$00D621D0 k66 'bInvincible' [h=4FA74776,$009C2740]
    CONST$00D621D8 k67 'Actor_SetInvincible' [h=3C5DC0FC,$009E4640]
    CONST$00D621E0 k68 'spawn_ActorQueueAdd' [h=74976BF9,$009E7B80]
    CONST$00D621E8 k69 'fSetup' [h=9C855945,$009972C0]
    CONST$00D621F0 k70 'bReturnSpawnedOnly' [h=B21176FC,$00A02B00]
    CONST$00D621F8 k71 'insert' [h=92EA3D93,$009903C0]
    CONST$00D62200 k72 'function_Call' [h=35CC729B,$009C86C0]
    CONST$00D62208 k73 'util_GetFunct' [h=804789D1,$00992780]
     CODE$019D0BC0
      000 03000005 GETGLOBAL r3 := _G[k0 ('type' [h=0070EF71,$009875A0])]
      001 04000000      MOVE r4 := r0
      002 03010099      CALL r3 (1 args) => 1 results
      003 0001BED5        EQ r3 != k1 ('string' [h=81F98B41,$0097FB00])
      004 008000D4       JMP +4 ; 9
      005 0300800A  NEWTABLE r3 := {} (#a=1, #h=0)
      006 04000000      MOVE r4 := r0
      007 0300001F   SETLIST r3 [0]
      008 00018000      MOVE r0 := r3
      009 03000005 GETGLOBAL r3 := _G[k0 ('type' [h=0070EF71,$009875A0])]
      010 04008000      MOVE r4 := r1
      011 03010099      CALL r3 (1 args) => 1 results
      012 0001BED5        EQ r3 != k1 ('string' [h=81F98B41,$0097FB00])
      013 008000D4       JMP +4 ; 18
      014 0300800A  NEWTABLE r3 := {} (#a=1, #h=0)
      015 04008000      MOVE r4 := r1
      016 0300001F   SETLIST r3 [0]
      017 01018000      MOVE r1 := r3
      018 03000004  GETUPVAL r3 := u0
      019 03018018      TEST not r3 : r3 := r3
      020 008004D4       JMP +20 ; 41
      021 03000085 GETGLOBAL r3 := _G[k2 ('assert' [h=92EA3D15,$00979840])]
      022 04000005 GETGLOBAL r4 := _G[k0 ('type' [h=0070EF71,$009875A0])]
      023 05000000      MOVE r5 := r0
      024 04010099      CALL r4 (1 args) => 1 results
      025 01023F55        EQ r4 == k3 ('table' [h=10F2114B,$0098D780])
      026 00800014       JMP +1 ; 28
      027 04000042  LOADBOOL r4 := False ; br 29
      028 04008002  LOADBOOL r4 := True
      029 05000101     LOADK r5 := k4 ('ASSERT: Spawn.lua: spawn_ActorTables: tTemplates is not a table' [h=3C21E506,$00A6EAC0])
      030 03018059      CALL r3 (2 args) => 0 results
      031 03000085 GETGLOBAL r3 := _G[k2 ('assert' [h=92EA3D15,$00979840])]
      032 04000005 GETGLOBAL r4 := _G[k0 ('type' [h=0070EF71,$009875A0])]
      033 05008000      MOVE r5 := r1
      034 04010099      CALL r4 (1 args) => 1 results
      035 01023F55        EQ r4 == k3 ('table' [h=10F2114B,$0098D780])
      036 00800014       JMP +1 ; 38
      037 04000042  LOADBOOL r4 := False ; br 39
      038 04008002  LOADBOOL r4 := True
      039 05000141     LOADK r5 := k5 ('ASSERT: Spawn.lua: spawn_ActorTables: tLocations is not a table' [h=013ECF9E,$00B29640])
      040 03018059      CALL r3 (2 args) => 0 results
      041 03000005 GETGLOBAL r3 := _G[k0 ('type' [h=0070EF71,$009875A0])]
      042 04010000      MOVE r4 := r2
      043 03010099      CALL r3 (1 args) => 1 results
      044 0001BF55        EQ r3 != k3 ('table' [h=10F2114B,$0098D780])
      045 008007D4       JMP +32 ; 78
      046 03000005 GETGLOBAL r3 := _G[k0 ('type' [h=0070EF71,$009875A0])]
      047 04014006  GETTABLE r4 := r2[k6 ('tNameCollision' [h=BA06ED43,$00983CE0])]
      048 03010099      CALL r3 (1 args) => 1 results
      049 0001BF55        EQ r3 != k3 ('table' [h=10F2114B,$0098D780])
      050 00800394       JMP +15 ; 66
      051 030001C5 GETGLOBAL r3 := _G[k7 ('tDefault_spawn_ActorTableSettings' [h=716F1C57,$009EA780])]
      052 0301C006  GETTABLE r3 := r3[k6 ('tNameCollision' [h=BA06ED43,$00983CE0])]
      053 04030003   LOADNIL r4 ... r6
      054 0380021E  TFORPREP WIP
      055 07014006  GETTABLE r7 := r2[k6 ('tNameCollision' [h=BA06ED43,$00983CE0])]
      056 08000205 GETGLOBAL r8 := _G[k8 ('util_SetDefault' [h=3072A05A,$00988C60])]
      057 09014006  GETTABLE r9 := r2[k6 ('tNameCollision' [h=BA06ED43,$00983CE0])]
      058 09048146  GETTABLE r9 := r9[r5]
      059 0A0001C5 GETGLOBAL r10 := _G[k7 ('tDefault_spawn_ActorTableSettings' [h=716F1C57,$009EA780])]
      060 0A054006  GETTABLE r10 := r10[k6 ('tNameCollision' [h=BA06ED43,$00983CE0])]
      061 0A050146  GETTABLE r10 := r10[r5]
      062 08018099      CALL r8 (2 args) => 1 results
      063 07028209  SETTABLE r8 ->> r7[r5]
      064 0300005D  TFORLOOP WIP
      065 007FFD14       JMP -11 ; 55
      066 030001C5 GETGLOBAL r3 := _G[k7 ('tDefault_spawn_ActorTableSettings' [h=716F1C57,$009EA780])]
      067 04030003   LOADNIL r4 ... r6
      068 0380015E  TFORPREP WIP
      069 07000205 GETGLOBAL r7 := _G[k8 ('util_SetDefault' [h=3072A05A,$00988C60])]
      070 08010146  GETTABLE r8 := r2[r5]
      071 090001C5 GETGLOBAL r9 := _G[k7 ('tDefault_spawn_ActorTableSettings' [h=716F1C57,$009EA780])]
      072 09048146  GETTABLE r9 := r9[r5]
      073 07018099      CALL r7 (2 args) => 1 results
      074 020281C9  SETTABLE r7 ->> r2[r5]
      075 0300005D  TFORLOOP WIP
      076 007FFDD4       JMP -8 ; 69
      077 00800494       JMP +19 ; 97
      078 000140D5        EQ r2 != k9 (TObject(None))
      079 00800114       JMP +5 ; 85
      080 03000285 GETGLOBAL r3 := _G[k10 ('table_Copy' [h=84C4D84B,$009A4A40])]
      081 040001C5 GETGLOBAL r4 := _G[k7 ('tDefault_spawn_ActorTableSettings' [h=716F1C57,$009EA780])]
      082 03010099      CALL r3 (1 args) => 1 results
      083 02018000      MOVE r2 := r3
      084 008002D4       JMP +12 ; 97
      085 03000004  GETUPVAL r3 := u0
      086 03018018      TEST not r3 : r3 := r3
      087 00800214       JMP +9 ; 97
      088 03000085 GETGLOBAL r3 := _G[k2 ('assert' [h=92EA3D15,$00979840])]
      089 040002C5 GETGLOBAL r4 := _G[k11 ('FALSE' [h=0E4B730F,$009A6040])]
      090 05000301     LOADK r5 := k12 ('ASSERT: Spawn.lua: spawn_ActorTables: tSettings is ' [h=1653737F,$00A83E40])
      091 06000005 GETGLOBAL r6 := _G[k0 ('type' [h=0070EF71,$009875A0])]
      092 07010000      MOVE r7 := r2
      093 06010099      CALL r6 (1 args) => 1 results
      094 07000341     LOADK r7 := k13 (' instead of a table.' [h=FDFE93E4,$009FA200])
      095 050281D3    CONCAT r5 := r5 ... r7
      096 03018059      CALL r3 (2 args) => 0 results
      097 03000205 GETGLOBAL r3 := _G[k8 ('util_SetDefault' [h=3072A05A,$00988C60])]
      098 04014206  GETTABLE r4 := r2[k14 ('nTemplatesMax' [h=14A8D819,$009A3300])]
      099 050000C5 GETGLOBAL r5 := _G[k3 ('table' [h=10F2114B,$0098D780])]
      100 0502C246  GETTABLE r5 := r5[k15 ('getn' [h=0083B006,$0097DBC0])]
      101 06000000      MOVE r6 := r0
      102 05010019      CALL r5 (1 args) => -1 results
      103 03000099      CALL r3 (-1 args) => 1 results
      104 028400C9  SETTABLE r3 ->> r2[k14 ('nTemplatesMax' [h=14A8D819,$009A3300])]
      105 03014206  GETTABLE r3 := r2[k14 ('nTemplatesMax' [h=14A8D819,$009A3300])]
      106 040000C5 GETGLOBAL r4 := _G[k3 ('table' [h=10F2114B,$0098D780])]
      107 04024246  GETTABLE r4 := r4[k15 ('getn' [h=0083B006,$0097DBC0])]
      108 05000000      MOVE r5 := r0
      109 04010099      CALL r4 (1 args) => 1 results
      110 000200D6        LT r4 >= r3
      111 00800114       JMP +5 ; 117
      112 030000C5 GETGLOBAL r3 := _G[k3 ('table' [h=10F2114B,$0098D780])]
      113 0301C246  GETTABLE r3 := r3[k15 ('getn' [h=0083B006,$0097DBC0])]
      114 04000000      MOVE r4 := r0
      115 03010099      CALL r3 (1 args) => 1 results
      116 028400C9  SETTABLE r3 ->> r2[k14 ('nTemplatesMax' [h=14A8D819,$009A3300])]
      117 03000205 GETGLOBAL r3 := _G[k8 ('util_SetDefault' [h=3072A05A,$00988C60])]
      118 04014286  GETTABLE r4 := r2[k16 ('nTemplatesMin' [h=85D666A2,$00987220])]
      119 05014206  GETTABLE r5 := r2[k14 ('nTemplatesMax' [h=14A8D819,$009A3300])]
      120 03018099      CALL r3 (2 args) => 1 results
      121 028500C9  SETTABLE r3 ->> r2[k16 ('nTemplatesMin' [h=85D666A2,$00987220])]
      122 03014286  GETTABLE r3 := r2[k16 ('nTemplatesMin' [h=85D666A2,$00987220])]
      123 04014206  GETTABLE r4 := r2[k14 ('nTemplatesMax' [h=14A8D819,$009A3300])]
      124 000200D6        LT r4 >= r3
      125 00800054       JMP +2 ; 128
      126 03014206  GETTABLE r3 := r2[k14 ('nTemplatesMax' [h=14A8D819,$009A3300])]
      127 028500C9  SETTABLE r3 ->> r2[k16 ('nTemplatesMin' [h=85D666A2,$00987220])]
      128 03000445 GETGLOBAL r3 := _G[k17 ('util_GetRandomIntInRange' [h=E995DC0A,$00A1F580])]
      129 04014286  GETTABLE r4 := r2[k16 ('nTemplatesMin' [h=85D666A2,$00987220])]
      130 05014206  GETTABLE r5 := r2[k14 ('nTemplatesMax' [h=14A8D819,$009A3300])]
      131 03018099      CALL r3 (2 args) => 1 results
      132 04000205 GETGLOBAL r4 := _G[k8 ('util_SetDefault' [h=3072A05A,$00988C60])]
      133 05014306  GETTABLE r5 := r2[k18 ('nLocationsMax' [h=4D3F5402,$0097B680])]
      134 060000C5 GETGLOBAL r6 := _G[k3 ('table' [h=10F2114B,$0098D780])]
      135 06034246  GETTABLE r6 := r6[k15 ('getn' [h=0083B006,$0097DBC0])]
      136 07008000      MOVE r7 := r1
      137 06010019      CALL r6 (1 args) => -1 results
      138 04000099      CALL r4 (-1 args) => 1 results
      139 02860109  SETTABLE r4 ->> r2[k18 ('nLocationsMax' [h=4D3F5402,$0097B680])]
      140 04014306  GETTABLE r4 := r2[k18 ('nLocationsMax' [h=4D3F5402,$0097B680])]
      141 050000C5 GETGLOBAL r5 := _G[k3 ('table' [h=10F2114B,$0098D780])]
      142 0502C246  GETTABLE r5 := r5[k15 ('getn' [h=0083B006,$0097DBC0])]
      143 06008000      MOVE r6 := r1
      144 05010099      CALL r5 (1 args) => 1 results
      145 00028116        LT r5 >= r4
      146 00800114       JMP +5 ; 152
      147 040000C5 GETGLOBAL r4 := _G[k3 ('table' [h=10F2114B,$0098D780])]
      148 04024246  GETTABLE r4 := r4[k15 ('getn' [h=0083B006,$0097DBC0])]
      149 05008000      MOVE r5 := r1
      150 04010099      CALL r4 (1 args) => 1 results
      151 02860109  SETTABLE r4 ->> r2[k18 ('nLocationsMax' [h=4D3F5402,$0097B680])]
      152 04000205 GETGLOBAL r4 := _G[k8 ('util_SetDefault' [h=3072A05A,$00988C60])]
      153 05014346  GETTABLE r5 := r2[k19 ('nLocationsMin' [h=03DFF5DF,$009847E0])]
      154 06014306  GETTABLE r6 := r2[k18 ('nLocationsMax' [h=4D3F5402,$0097B680])]
      155 04018099      CALL r4 (2 args) => 1 results
      156 02868109  SETTABLE r4 ->> r2[k19 ('nLocationsMin' [h=03DFF5DF,$009847E0])]
      157 04014346  GETTABLE r4 := r2[k19 ('nLocationsMin' [h=03DFF5DF,$009847E0])]
      158 05014306  GETTABLE r5 := r2[k18 ('nLocationsMax' [h=4D3F5402,$0097B680])]
      159 00028116        LT r5 >= r4
      160 00800054       JMP +2 ; 163
      161 04014306  GETTABLE r4 := r2[k18 ('nLocationsMax' [h=4D3F5402,$0097B680])]
      162 02868109  SETTABLE r4 ->> r2[k19 ('nLocationsMin' [h=03DFF5DF,$009847E0])]
      163 04000445 GETGLOBAL r4 := _G[k17 ('util_GetRandomIntInRange' [h=E995DC0A,$00A1F580])]
      164 05014346  GETTABLE r5 := r2[k19 ('nLocationsMin' [h=03DFF5DF,$009847E0])]
      165 06014306  GETTABLE r6 := r2[k18 ('nLocationsMax' [h=4D3F5402,$0097B680])]
      166 04018099      CALL r4 (2 args) => 1 results
      167 008700D6        LT k20 (TObject(0.0)) >= r3
      168 00806E54       JMP +442 ; 611
      169 00870116        LT k20 (TObject(0.0)) >= r4
      170 00806DD4       JMP +440 ; 611
      171 05030003   LOADNIL r5 ... r6
      172 070000C5 GETGLOBAL r7 := _G[k3 ('table' [h=10F2114B,$0098D780])]
      173 0703C246  GETTABLE r7 := r7[k15 ('getn' [h=0083B006,$0097DBC0])]
      174 08000000      MOVE r8 := r0
      175 07010099      CALL r7 (1 args) => 1 results
      176 000181D6        LT r3 >= r7
      177 00800594       JMP +23 ; 201
      178 07000285 GETGLOBAL r7 := _G[k10 ('table_Copy' [h=84C4D84B,$009A4A40])]
      179 08000000      MOVE r8 := r0
      180 07010099      CALL r7 (1 args) => 1 results
      181 05038000      MOVE r5 := r7
      182 00800294       JMP +11 ; 194
      183 070000C5 GETGLOBAL r7 := _G[k3 ('table' [h=10F2114B,$0098D780])]
      184 0703C3C6  GETTABLE r7 := r7[k21 ('remove' [h=4893DA49,$0098EC00])]
      185 08028000      MOVE r8 := r5
      186 09000445 GETGLOBAL r9 := _G[k17 ('util_GetRandomIntInRange' [h=E995DC0A,$00A1F580])]
      187 0A000581     LOADK r10 := k22 (TObject(1.0))
      188 0B0000C5 GETGLOBAL r11 := _G[k3 ('table' [h=10F2114B,$0098D780])]
      189 0B05C246  GETTABLE r11 := r11[k15 ('getn' [h=0083B006,$0097DBC0])]
      190 0C028000      MOVE r12 := r5
      191 0B010019      CALL r11 (1 args) => -1 results
      192 09000019      CALL r9 (-1 args) => -1 results
      193 07000059      CALL r7 (-1 args) => 0 results
      194 070000C5 GETGLOBAL r7 := _G[k3 ('table' [h=10F2114B,$0098D780])]
      195 0703C246  GETTABLE r7 := r7[k15 ('getn' [h=0083B006,$0097DBC0])]
      196 08028000      MOVE r8 := r5
      197 07010099      CALL r7 (1 args) => 1 results
      198 010181D6        LT r3 < r7
      199 007FFB94       JMP -17 ; 183
      200 00800014       JMP +1 ; 202
      201 05000000      MOVE r5 := r0
      202 070005C5 GETGLOBAL r7 := _G[k23 ('g_debugSpawn' [h=04F903B8,$0097A340])]
      203 07038018      TEST not r7 : r7 := r7
      204 00800214       JMP +9 ; 214
      205 07000581     LOADK r7 := k22 (TObject(1.0))
      206 080000C5 GETGLOBAL r8 := _G[k3 ('table' [h=10F2114B,$0098D780])]
      207 08044246  GETTABLE r8 := r8[k15 ('getn' [h=0083B006,$0097DBC0])]
      208 09028000      MOVE r9 := r5
      209 08010099      CALL r8 (1 args) => 1 results
      210 09000581     LOADK r9 := k22 (TObject(1.0))
      211 0703824D       SUB r7 := r7 - r9
      212 007FFFD4       JMP +0 ; 213
      213 077FFF9C   FORLOOP r7 := r9; if r7 <= r8 JMP -1
      214 070000C5 GETGLOBAL r7 := _G[k3 ('table' [h=10F2114B,$0098D780])]
      215 0703C246  GETTABLE r7 := r7[k15 ('getn' [h=0083B006,$0097DBC0])]
      216 08008000      MOVE r8 := r1
      217 07010099      CALL r7 (1 args) => 1 results
      218 000201D6        LT r4 >= r7
      219 00800594       JMP +23 ; 243
      220 07000285 GETGLOBAL r7 := _G[k10 ('table_Copy' [h=84C4D84B,$009A4A40])]
      221 08008000      MOVE r8 := r1
      222 07010099      CALL r7 (1 args) => 1 results
      223 06038000      MOVE r6 := r7
      224 00800294       JMP +11 ; 236
      225 070000C5 GETGLOBAL r7 := _G[k3 ('table' [h=10F2114B,$0098D780])]
      226 0703C3C6  GETTABLE r7 := r7[k21 ('remove' [h=4893DA49,$0098EC00])]
      227 08030000      MOVE r8 := r6
      228 09000445 GETGLOBAL r9 := _G[k17 ('util_GetRandomIntInRange' [h=E995DC0A,$00A1F580])]
      229 0A000581     LOADK r10 := k22 (TObject(1.0))
      230 0B0000C5 GETGLOBAL r11 := _G[k3 ('table' [h=10F2114B,$0098D780])]
      231 0B05C246  GETTABLE r11 := r11[k15 ('getn' [h=0083B006,$0097DBC0])]
      232 0C030000      MOVE r12 := r6
      233 0B010019      CALL r11 (1 args) => -1 results
      234 09000019      CALL r9 (-1 args) => -1 results
      235 07000059      CALL r7 (-1 args) => 0 results
      236 070000C5 GETGLOBAL r7 := _G[k3 ('table' [h=10F2114B,$0098D780])]
      237 0703C246  GETTABLE r7 := r7[k15 ('getn' [h=0083B006,$0097DBC0])]
      238 08030000      MOVE r8 := r6
      239 07010099      CALL r7 (1 args) => 1 results
      240 010201D6        LT r4 < r7
      241 007FFB94       JMP -17 ; 225
      242 00800014       JMP +1 ; 244
      243 06008000      MOVE r6 := r1
      244 070005C5 GETGLOBAL r7 := _G[k23 ('g_debugSpawn' [h=04F903B8,$0097A340])]
      245 07038018      TEST not r7 : r7 := r7
      246 00800214       JMP +9 ; 256
      247 07000581     LOADK r7 := k22 (TObject(1.0))
      248 080000C5 GETGLOBAL r8 := _G[k3 ('table' [h=10F2114B,$0098D780])]
      249 08044246  GETTABLE r8 := r8[k15 ('getn' [h=0083B006,$0097DBC0])]
      250 09030000      MOVE r9 := r6
      251 08010099      CALL r8 (1 args) => 1 results
      252 09000581     LOADK r9 := k22 (TObject(1.0))
      253 0703824D       SUB r7 := r7 - r9
      254 007FFFD4       JMP +0 ; 255
      255 077FFF9C   FORLOOP r7 := r9; if r7 <= r8 JMP -1
      256 070005C5 GETGLOBAL r7 := _G[k23 ('g_debugSpawn' [h=04F903B8,$0097A340])]
      257 07038018      TEST not r7 : r7 := r7
      258 00800194       JMP +7 ; 266
      259 07000605 GETGLOBAL r7 := _G[k24 ('table_Debug' [h=EAB4DD10,$0099E160])]
      260 08010000      MOVE r8 := r2
      261 09008002  LOADBOOL r9 := True
      262 0A008002  LOADBOOL r10 := True
      263 0B000641     LOADK r11 := k25 ('     ' [h=0C338AC5,$009C2C40])
      264 0C008002  LOADBOOL r12 := True
      265 07030059      CALL r7 (5 args) => 0 results
      266 07000681     LOADK r7 := k26 ('' [h=00000000,$009A40A0])
      267 08014546  GETTABLE r8 := r2[k27 ('nNameBaseStartIndex' [h=EC2E230C,$00A10980])]
      268 0900000A  NEWTABLE r9 := {} (#a=0, #h=0)
      269 0A00000A  NEWTABLE r10 := {} (#a=0, #h=0)
      270 0B00000A  NEWTABLE r11 := {} (#a=0, #h=0)
      271 0C088003   LOADNIL r12 ... r17
      272 12000002  LOADBOOL r18 := False
      273 13030000      MOVE r19 := r6
      274 140B0003   LOADNIL r20 ... r22
      275 1380519E  TFORPREP WIP
      276 17000445 GETGLOBAL r23 := _G[k17 ('util_GetRandomIntInRange' [h=E995DC0A,$00A1F580])]
      277 18000581     LOADK r24 := k22 (TObject(1.0))
      278 190000C5 GETGLOBAL r25 := _G[k3 ('table' [h=10F2114B,$0098D780])]
      279 190CC246  GETTABLE r25 := r25[k15 ('getn' [h=0083B006,$0097DBC0])]
      280 1A028000      MOVE r26 := r5
      281 19010019      CALL r25 (1 args) => -1 results
      282 17000099      CALL r23 (-1 args) => 1 results
      283 170005C6  GETTABLE r23 := r0[r23]
      284 008001D4       JMP +8 ; 293
      285 18000445 GETGLOBAL r24 := _G[k17 ('util_GetRandomIntInRange' [h=E995DC0A,$00A1F580])]
      286 19000581     LOADK r25 := k22 (TObject(1.0))
      287 1A0000C5 GETGLOBAL r26 := _G[k3 ('table' [h=10F2114B,$0098D780])]
      288 1A0D4246  GETTABLE r26 := r26[k15 ('getn' [h=0083B006,$0097DBC0])]
      289 1B0B8000      MOVE r27 := r23
      290 1A010019      CALL r26 (1 args) => -1 results
      291 18000099      CALL r24 (-1 args) => 1 results
      292 170B8606  GETTABLE r23 := r23[r24]
      293 18000005 GETGLOBAL r24 := _G[k0 ('type' [h=0070EF71,$009875A0])]
      294 190B8000      MOVE r25 := r23
      295 18010099      CALL r24 (1 args) => 1 results
      296 010C3F55        EQ r24 == k3 ('table' [h=10F2114B,$0098D780])
      297 007FFC94       JMP -13 ; 285
      298 18000005 GETGLOBAL r24 := _G[k0 ('type' [h=0070EF71,$009875A0])]
      299 19014586  GETTABLE r25 := r2[k28 ('sNameBase' [h=272F9148,$009A5DE0])]
      300 18010099      CALL r24 (1 args) => 1 results
      301 000C3ED5        EQ r24 != k1 ('string' [h=81F98B41,$0097FB00])
      302 00801194       JMP +71 ; 374
      303 18014586  GETTABLE r24 := r2[k28 ('sNameBase' [h=272F9148,$009A5DE0])]
      304 19000745 GETGLOBAL r25 := _G[k29 ('tostring' [h=787EB105,$009A9A40])]
      305 1A040000      MOVE r26 := r8
      306 19010099      CALL r25 (1 args) => 1 results
      307 070C0653    CONCAT r7 := r24 ... r25
      308 1803800A  NEWTABLE r24 := {} (#a=7, #h=0)
      309 19000781     LOADK r25 := k30 ('_driver' [h=9AC9BB00,$0098CE80])
      310 1A0007C1     LOADK r26 := k31 ('_passa' [h=7317D842,$00983880])
      311 1B000801     LOADK r27 := k32 ('_passb' [h=792FD393,$009A66A0])
      312 1C000841     LOADK r28 := k33 ('_passc' [h=6E57393C,$00991400])
      313 1D000881     LOADK r29 := k34 ('_passd' [h=56B7FFA4,$00976460])
      314 1E0008C1     LOADK r30 := k35 ('_passe' [h=4B6C617E,$009A9640])
      315 1F000901     LOADK r31 := k36 ('_passf' [h=90043936,$0099B6A0])
      316 1800019F   SETLIST r24 [6]
      317 19000022   CLOSURE r25 := closure(0, r25...)
      318 000B0000      MOVE r0 := r22
      319 000B8000      MOVE r0 := r23
      320 000C0000      MOVE r0 := r24
      321 1A014006  GETTABLE r26 := r2[k6 ('tNameCollision' [h=BA06ED43,$00983CE0])]
      322 1A0D47C6  GETTABLE r26 := r26[k37 ('bUnique' [h=9233073F,$00984820])]
      323 1A0D0018      TEST not r26 : r26 := r26
      324 008002D4       JMP +12 ; 337
      325 00800014       JMP +1 ; 327
      326 0804440C       ADD r8 := r8 + k22 (TObject(1.0))
      327 1A0C8000      MOVE r26 := r25
      328 1B014586  GETTABLE r27 := r2[k28 ('sNameBase' [h=272F9148,$009A5DE0])]
      329 1C000745 GETGLOBAL r28 := _G[k29 ('tostring' [h=787EB105,$009A9A40])]
      330 1D040000      MOVE r29 := r8
      331 1C010099      CALL r28 (1 args) => 1 results
      332 1B0D8713    CONCAT r27 := r27 ... r28
      333 1C014006  GETTABLE r28 := r2[k6 ('tNameCollision' [h=BA06ED43,$00983CE0])]
      334 1A018099      CALL r26 (2 args) => 1 results
      335 1A0D0058      TEST r26 : r26 := r26
      336 007FFD14       JMP -11 ; 326
      337 1A014586  GETTABLE r26 := r2[k28 ('sNameBase' [h=272F9148,$009A5DE0])]
      338 1B000745 GETGLOBAL r27 := _G[k29 ('tostring' [h=787EB105,$009A9A40])]
      339 1C040000      MOVE r28 := r8
      340 1B010099      CALL r27 (1 args) => 1 results
      341 070D06D3    CONCAT r7 := r26 ... r27
      342 1A014006  GETTABLE r26 := r2[k6 ('tNameCollision' [h=BA06ED43,$00983CE0])]
      343 1A0D4806  GETTABLE r26 := r26[k38 ('bRemoveNamedRiders' [h=B01EE30E,$00A14080])]
      344 1A0D0018      TEST not r26 : r26 := r26
      345 00800554       JMP +22 ; 368
      346 1A0009C5 GETGLOBAL r26 := _G[k39 ('Utility_DoesActorExist' [h=446B4DB5,$009F0740])]
      347 1B038000      MOVE r27 := r7
      348 1A010099      CALL r26 (1 args) => 1 results
      349 1A0D0058      TEST r26 : r26 := r26
      350 00800414       JMP +17 ; 368
      351 1A000A05 GETGLOBAL r26 := _G[k40 ('ipairs' [h=B6F4A157,$0098FC00])]
      352 1B0C0000      MOVE r27 := r24
      353 1A010159      CALL r26 (1 args) => 4 results
      354 1A80029E  TFORPREP WIP
      355 1E038000      MOVE r30 := r7
      356 1F0E8000      MOVE r31 := r29
      357 1E0F07D3    CONCAT r30 := r30 ... r31
      358 1F0009C5 GETGLOBAL r31 := _G[k39 ('Utility_DoesActorExist' [h=446B4DB5,$009F0740])]
      359 200F0000      MOVE r32 := r30
      360 1F010099      CALL r31 (1 args) => 1 results
      361 1F0F8018      TEST not r31 : r31 := r31
      362 00800094       JMP +3 ; 366
      363 1F000A45 GETGLOBAL r31 := _G[k41 ('Actor_Remove' [h=3657B3EC,$0098CD00])]
      364 200F0000      MOVE r32 := r30
      365 1F010059      CALL r31 (1 args) => 0 results
      366 1A00005D  TFORLOOP WIP
      367 007FFC94       JMP -13 ; 355
      368 1A0009C5 GETGLOBAL r26 := _G[k39 ('Utility_DoesActorExist' [h=446B4DB5,$009F0740])]
      369 1B038000      MOVE r27 := r7
      370 1A010099      CALL r26 (1 args) => 1 results
      371 110D0000      MOVE r17 := r26
      372 18000021     CLOSE r24 ...
      373 00800014       JMP +1 ; 375
      374 11000002  LOADBOOL r17 := False
      375 180B0000      MOVE r24 := r22
      376 19000005 GETGLOBAL r25 := _G[k0 ('type' [h=0070EF71,$009875A0])]
      377 1A0C0000      MOVE r26 := r24
      378 19010099      CALL r25 (1 args) => 1 results
      379 000CBF55        EQ r25 != k3 ('table' [h=10F2114B,$0098D780])
      380 00800114       JMP +5 ; 386
      381 0D0C4906  GETTABLE r13 := r24[k42 ('x' [h=00000099,$0098E3E0])]
      382 0E0C4946  GETTABLE r14 := r24[k43 ('y' [h=00000098,$0099F120])]
      383 0F0C4986  GETTABLE r15 := r24[k44 ('z' [h=0000009B,$009A8AA0])]
      384 100C49C6  GETTABLE r16 := r24[k45 ('yaw' [h=0003646B,$009C3FC0])]
      385 008003D4       JMP +16 ; 402
      386 19000B85 GETGLOBAL r25 := _G[k46 ('Location_GetPosition' [h=A933ECC8,$009F8880])]
      387 1A0C0000      MOVE r26 := r24
      388 19010119      CALL r25 (1 args) => 3 results
      389 0F0D8000      MOVE r15 := r27
      390 0E0D0000      MOVE r14 := r26
      391 0D0C8000      MOVE r13 := r25
      392 19000BC5 GETGLOBAL r25 := _G[k47 ('Location_GetYaw' [h=888B12C2,$009892E0])]
      393 1A0C0000      MOVE r26 := r24
      394 19010099      CALL r25 (1 args) => 1 results
      395 100C8011       UNM r16 := -r25
      396 19014A86  GETTABLE r25 := r2[k48 ('bDeleteLoc' [h=52ECBEBF,$0098E600])]
      397 190C8018      TEST not r25 : r25 := r25
      398 00800094       JMP +3 ; 402
      399 19000A45 GETGLOBAL r25 := _G[k41 ('Actor_Remove' [h=3657B3EC,$0098CD00])]
      400 1A0C0000      MOVE r26 := r24
      401 19010059      CALL r25 (1 args) => 0 results
      402 19014AC6  GETTABLE r25 := r2[k49 ('bYawRandom' [h=18F4BE79,$0097E1E0])]
      403 190C8018      TEST not r25 : r25 := r25
      404 008002D4       JMP +12 ; 417
      405 19000C85 GETGLOBAL r25 := _G[k50 ('util_GetRandomFloatInRange' [h=0C36D81F,$00A11B00])]
      406 1A000205 GETGLOBAL r26 := _G[k8 ('util_SetDefault' [h=3072A05A,$00988C60])]
      407 1B014B46  GETTABLE r27 := r2[k51 ('nYawMin' [h=09CC3293,$0098E2A0])]
      408 1C000D41     LOADK r28 := k53 (TObject(-180.0))
      409 1A018099      CALL r26 (2 args) => 1 results
      410 1B000205 GETGLOBAL r27 := _G[k8 ('util_SetDefault' [h=3072A05A,$00988C60])]
      411 1C014C06  GETTABLE r28 := r2[k54 ('nYawMax' [h=AA900907,$009A8C00])]
      412 1D000D01     LOADK r29 := k52 (TObject(180.0))
      413 1B018019      CALL r27 (2 args) => -1 results
      414 19000099      CALL r25 (-1 args) => 1 results
      415 100C8000      MOVE r16 := r25
      416 00800494       JMP +19 ; 436
      417 19000005 GETGLOBAL r25 := _G[k0 ('type' [h=0070EF71,$009875A0])]
      418 1A014B46  GETTABLE r26 := r2[k51 ('nYawMin' [h=09CC3293,$0098E2A0])]
      419 19010099      CALL r25 (1 args) => 1 results
      420 010CCC55        EQ r25 == k55 ('nil' [h=000347C9,$0097E260])
      421 00800114       JMP +5 ; 427
      422 19014B46  GETTABLE r25 := r2[k51 ('nYawMin' [h=09CC3293,$0098E2A0])]
      423 00080656        LT r16 >= r25
      424 00800054       JMP +2 ; 427
      425 10014B46  GETTABLE r16 := r2[k51 ('nYawMin' [h=09CC3293,$0098E2A0])]
      426 00800214       JMP +9 ; 436
      427 19000005 GETGLOBAL r25 := _G[k0 ('type' [h=0070EF71,$009875A0])]
      428 1A014C06  GETTABLE r26 := r2[k54 ('nYawMax' [h=AA900907,$009A8C00])]
      429 19010099      CALL r25 (1 args) => 1 results
      430 010CCC55        EQ r25 == k55 ('nil' [h=000347C9,$0097E260])
      431 008000D4       JMP +4 ; 436
      432 19014C06  GETTABLE r25 := r2[k54 ('nYawMax' [h=AA900907,$009A8C00])]
      433 00080656        LT r16 >= r25
      434 00800014       JMP +1 ; 436
      435 10014C06  GETTABLE r16 := r2[k54 ('nYawMax' [h=AA900907,$009A8C00])]
      436 19000002  LOADBOOL r25 := False
      437 0103C515        EQ r7 == k26 ('' [h=00000000,$009A40A0])
      438 00800114       JMP +5 ; 444
      439 1A0009C5 GETGLOBAL r26 := _G[k39 ('Utility_DoesActorExist' [h=446B4DB5,$009F0740])]
      440 1B038000      MOVE r27 := r7
      441 1A010099      CALL r26 (1 args) => 1 results
      442 1A0D0058      TEST r26 : r26 := r26
      443 008003D4       JMP +16 ; 460
      444 19008002  LOADBOOL r25 := True
      445 1A014C86  GETTABLE r26 := r2[k56 ('bQueue' [h=4837AE19,$009A89E0])]
      446 1A0D0058      TEST r26 : r26 := r26
      447 00800254       JMP +10 ; 458
      448 1A000E45 GETGLOBAL r26 := _G[k57 ('Mission_Spawn' [h=59A02AE9,$009AC240])]
      449 1B0B8000      MOVE r27 := r23
      450 1C038000      MOVE r28 := r7
      451 1D068000      MOVE r29 := r13
      452 1E070000      MOVE r30 := r14
      453 1F078000      MOVE r31 := r15
      454 20080000      MOVE r32 := r16
      455 1A038099      CALL r26 (6 args) => 1 results
      456 0C0D0000      MOVE r12 := r26
      457 008004D4       JMP +20 ; 478
      458 12008002  LOADBOOL r18 := True
      459 00800454       JMP +18 ; 478
      460 1A014006  GETTABLE r26 := r2[k6 ('tNameCollision' [h=BA06ED43,$00983CE0])]
      461 1A0D4D06  GETTABLE r26 := r26[k58 ('bResetToHome' [h=35A98384,$00995340])]
      462 1A0D0018      TEST not r26 : r26 := r26
      463 00800354       JMP +14 ; 478
      464 1A000EC5 GETGLOBAL r26 := _G[k59 ('Utility_GetActor' [h=077E9779,$009FB8C0])]
      465 1B038000      MOVE r27 := r7
      466 1A010099      CALL r26 (1 args) => 1 results
      467 0C0D0000      MOVE r12 := r26
      468 1A000F05 GETGLOBAL r26 := _G[k60 ('Actor_SetPosition' [h=1D26B41B,$009D9EC0])]
      469 1B060000      MOVE r27 := r12
      470 1C068000      MOVE r28 := r13
      471 1D070000      MOVE r29 := r14
      472 1E078000      MOVE r30 := r15
      473 1A028059      CALL r26 (4 args) => 0 results
      474 1A000F45 GETGLOBAL r26 := _G[k61 ('Actor_SetYaw' [h=B08E3772,$00987500])]
      475 1B060000      MOVE r27 := r12
      476 1C080000      MOVE r28 := r16
      477 1A018059      CALL r26 (2 args) => 0 results
      478 1A000005 GETGLOBAL r26 := _G[k0 ('type' [h=0070EF71,$009875A0])]
      479 1B060000      MOVE r27 := r12
      480 1A010099      CALL r26 (1 args) => 1 results
      481 010D4C55        EQ r26 == k55 ('nil' [h=000347C9,$0097E260])
      482 00800854       JMP +34 ; 517
      483 0103C515        EQ r7 == k26 ('' [h=00000000,$009A40A0])
      484 00800214       JMP +9 ; 494
      485 1A0009C5 GETGLOBAL r26 := _G[k39 ('Utility_DoesActorExist' [h=446B4DB5,$009F0740])]
      486 1B038000      MOVE r27 := r7
      487 1A010099      CALL r26 (1 args) => 1 results
      488 1A0D0018      TEST not r26 : r26 := r26
      489 008000D4       JMP +4 ; 494
      490 1A014006  GETTABLE r26 := r2[k6 ('tNameCollision' [h=BA06ED43,$00983CE0])]
      491 1A0D4E06  GETTABLE r26 := r26[k62 ('bResetSettings' [h=8419CD38,$00978C20])]
      492 1A0D0018      TEST not r26 : r26 := r26
      493 00800594       JMP +23 ; 517
      494 1A000005 GETGLOBAL r26 := _G[k0 ('type' [h=0070EF71,$009875A0])]
      495 1B014E46  GETTABLE r27 := r2[k63 ('sEncounter' [h=4CD961D9,$009BF980])]
      496 1A010099      CALL r26 (1 args) => 1 results
      497 010D4C55        EQ r26 == k55 ('nil' [h=000347C9,$0097E260])
      498 00800254       JMP +10 ; 509
      499 1A000005 GETGLOBAL r26 := _G[k0 ('type' [h=0070EF71,$009875A0])]
      500 1B014E86  GETTABLE r27 := r2[k64 ('sSquad' [h=7089B391,$0098C100])]
      501 1A010099      CALL r26 (1 args) => 1 results
      502 010D4C55        EQ r26 == k55 ('nil' [h=000347C9,$0097E260])
      503 00800114       JMP +5 ; 509
      504 1A001045 GETGLOBAL r26 := _G[k65 ('Ai_SetSquad' [h=18402E9B,$00978940])]
      505 1B060000      MOVE r27 := r12
      506 1C014E46  GETTABLE r28 := r2[k63 ('sEncounter' [h=4CD961D9,$009BF980])]
      507 1D014E86  GETTABLE r29 := r2[k64 ('sSquad' [h=7089B391,$0098C100])]
      508 1A020059      CALL r26 (3 args) => 0 results
      509 1A014F06  GETTABLE r26 := r2[k66 ('bInvincible' [h=4FA74776,$009C2740])]
      510 1A0D0018      TEST not r26 : r26 := r26
      511 00800494       JMP +19 ; 531
      512 1A0010C5 GETGLOBAL r26 := _G[k67 ('Actor_SetInvincible' [h=3C5DC0FC,$009E4640])]
      513 1B060000      MOVE r27 := r12
      514 1C008002  LOADBOOL r28 := True
      515 1A018059      CALL r26 (2 args) => 0 results
      516 00800354       JMP +14 ; 531
      517 12090018      TEST not r18 : r18 := r18
      518 008002D4       JMP +12 ; 531
      519 1A001105 GETGLOBAL r26 := _G[k68 ('spawn_ActorQueueAdd' [h=74976BF9,$009E7B80])]
      520 1B0B8000      MOVE r27 := r23
      521 1C038000      MOVE r28 := r7
      522 1D068000      MOVE r29 := r13
      523 1E070000      MOVE r30 := r14
      524 1F078000      MOVE r31 := r15
      525 20080000      MOVE r32 := r16
      526 21014E46  GETTABLE r33 := r2[k63 ('sEncounter' [h=4CD961D9,$009BF980])]
      527 22014E86  GETTABLE r34 := r2[k64 ('sSquad' [h=7089B391,$0098C100])]
      528 23014F06  GETTABLE r35 := r2[k66 ('bInvincible' [h=4FA74776,$009C2740])]
      529 24014FC6  GETTABLE r36 := r2[k69 ('fSetup' [h=9C855945,$009972C0])]
      530 1A058059      CALL r26 (10 args) => 0 results
      531 190C8058      TEST r25 : r25 := r25
      532 00800094       JMP +3 ; 536
      533 1A001185 GETGLOBAL r26 := _G[k70 ('bReturnSpawnedOnly' [h=B21176FC,$00A02B00])]
      534 1A0D0058      TEST r26 : r26 := r26
      535 00800594       JMP +23 ; 559
      536 010640D5        EQ r12 == k9 (TObject(None))
      537 00800114       JMP +5 ; 543
      538 1A0000C5 GETGLOBAL r26 := _G[k3 ('table' [h=10F2114B,$0098D780])]
      539 1A0D5046  GETTABLE r26 := r26[k71 ('insert' [h=92EA3D93,$009903C0])]
      540 1B050000      MOVE r27 := r10
      541 1C060000      MOVE r28 := r12
      542 1A018059      CALL r26 (2 args) => 0 results
      543 0103C0D5        EQ r7 == k9 (TObject(None))
      544 00800194       JMP +7 ; 552
      545 0103C515        EQ r7 == k26 ('' [h=00000000,$009A40A0])
      546 00800114       JMP +5 ; 552
      547 1A0000C5 GETGLOBAL r26 := _G[k3 ('table' [h=10F2114B,$0098D780])]
      548 1A0D5046  GETTABLE r26 := r26[k71 ('insert' [h=92EA3D93,$009903C0])]
      549 1B048000      MOVE r27 := r9
      550 1C038000      MOVE r28 := r7
      551 1A018059      CALL r26 (2 args) => 0 results
      552 010BC0D5        EQ r23 == k9 (TObject(None))
      553 00800114       JMP +5 ; 559
      554 1A0000C5 GETGLOBAL r26 := _G[k3 ('table' [h=10F2114B,$0098D780])]
      555 1A0D5046  GETTABLE r26 := r26[k71 ('insert' [h=92EA3D93,$009903C0])]
      556 1B058000      MOVE r27 := r11
      557 1C0B8000      MOVE r28 := r23
      558 1A018059      CALL r26 (2 args) => 0 results
      559 12090058      TEST r18 : r18 := r18
      560 008009D4       JMP +40 ; 601
      561 1A014FC6  GETTABLE r26 := r2[k69 ('fSetup' [h=9C855945,$009972C0])]
      562 010D40D5        EQ r26 == k9 (TObject(None))
      563 00800914       JMP +37 ; 601
      564 1A00000A  NEWTABLE r26 := {} (#a=0, #h=0)
      565 1B000005 GETGLOBAL r27 := _G[k0 ('type' [h=0070EF71,$009875A0])]
      566 1C014FC6  GETTABLE r28 := r2[k69 ('fSetup' [h=9C855945,$009972C0])]
      567 1B010099      CALL r27 (1 args) => 1 results
      568 000DBF55        EQ r27 != k3 ('table' [h=10F2114B,$0098D780])
      569 00800054       JMP +2 ; 572
      570 1A014FC6  GETTABLE r26 := r2[k69 ('fSetup' [h=9C855945,$009972C0])]
      571 00800114       JMP +5 ; 577
      572 1B0000C5 GETGLOBAL r27 := _G[k3 ('table' [h=10F2114B,$0098D780])]
      573 1B0DD046  GETTABLE r27 := r27[k71 ('insert' [h=92EA3D93,$009903C0])]
      574 1C0D0000      MOVE r28 := r26
      575 1D014FC6  GETTABLE r29 := r2[k69 ('fSetup' [h=9C855945,$009972C0])]
      576 1B018059      CALL r27 (2 args) => 0 results
      577 1B000A05 GETGLOBAL r27 := _G[k40 ('ipairs' [h=B6F4A157,$0098FC00])]
      578 1C0D0000      MOVE r28 := r26
      579 1B010159      CALL r27 (1 args) => 4 results
      580 1B80045E  TFORPREP WIP
      581 1F000005 GETGLOBAL r31 := _G[k0 ('type' [h=0070EF71,$009875A0])]
      582 200F0000      MOVE r32 := r30
      583 1F010099      CALL r31 (1 args) => 1 results
      584 000FBED5        EQ r31 != k1 ('string' [h=81F98B41,$0097FB00])
      585 008001D4       JMP +8 ; 594
      586 1F001205 GETGLOBAL r31 := _G[k72 ('function_Call' [h=35CC729B,$009C86C0])]
      587 20001245 GETGLOBAL r32 := _G[k73 ('util_GetFunct' [h=804789D1,$00992780])]
      588 210F0000      MOVE r33 := r30
      589 20010099      CALL r32 (1 args) => 1 results
      590 21060000      MOVE r33 := r12
      591 22038000      MOVE r34 := r7
      592 1F020059      CALL r31 (3 args) => 0 results
      593 00800114       JMP +5 ; 599
      594 1F001205 GETGLOBAL r31 := _G[k72 ('function_Call' [h=35CC729B,$009C86C0])]
      595 200F0000      MOVE r32 := r30
      596 21060000      MOVE r33 := r12
      597 22038000      MOVE r34 := r7
      598 1F020059      CALL r31 (3 args) => 0 results
      599 1B00005D  TFORLOOP WIP
      600 007FFAD4       JMP -20 ; 581
      601 0804440C       ADD r8 := r8 + k22 (TObject(1.0))
      602 17000021     CLOSE r23 ...
      603 1300005D  TFORLOOP WIP
      604 007FAD94       JMP -329 ; 276
      605 13000021     CLOSE r19 ...
      606 13058000      MOVE r19 := r11
      607 14030000      MOVE r20 := r6
      608 15048000      MOVE r21 := r9
      609 16050000      MOVE r22 := r10
      610 1302801B    RETURN r19 ... r22
      611 0500800A  NEWTABLE r5 := {} (#a=1, #h=0)
      612 06030003   LOADNIL r6 ... r6
      613 0500001F   SETLIST r5 [0]
      614 0600800A  NEWTABLE r6 := {} (#a=1, #h=0)
      615 07038003   LOADNIL r7 ... r7
      616 0600001F   SETLIST r6 [0]
      617 0700800A  NEWTABLE r7 := {} (#a=1, #h=0)
      618 08040003   LOADNIL r8 ... r8
      619 0700001F   SETLIST r7 [0]
      620 0800800A  NEWTABLE r8 := {} (#a=1, #h=0)
      621 09048003   LOADNIL r9 ... r9
      622 0800001F   SETLIST r8 [0]
      623 0502801B    RETURN r5 ... r8
      624 0000801B    RETURN
  [Node$01A31CB0] 'Spawn_VehicleWithRiders' [h=AF0A4ED4,$009DE800]: function$009C1000[1] 'Spawn_VehicleWithRiders' [h=AF0A4ED4,$009DE800]
    CONST$00C87140 k0  'tostring' [h=787EB105,$009A9A40]
    CONST$00C87148 k1  'sFullMissionID' [h=55237598,$00978BC0]
    CONST$00C87150 k2  ' . . . Spawn_VehicleWithRiders:  ASSERT:  ' [h=51BE722F,$009D8A80]
    CONST$00C87158 k3  'assert' [h=92EA3D15,$00979840]
    CONST$00C87160 k4  'type' [h=0070EF71,$009875A0]
    CONST$00C87168 k5  'table' [h=10F2114B,$0098D780]
    CONST$00C87170 k6  "You didn't pass in a table, Beavis.  DUUURRRR!\n" [h=356B938B,$009F2F40]
    CONST$00C87178 k7  'tVehicle' [h=DF637256,$009C5780]
    CONST$00C87180 k8  'tVehicle is not a table\n' [h=181879C0,$00A06500]
    CONST$00C87188 k9  'tRiders' [h=9A4B48D9,$009A22A0]
    CONST$00C87190 k10 'tRiders is not a table\n' [h=EF7CE071,$00A05140]
    CONST$00C87198 k11 'tRiders contains a non-table value\n' [h=656BF233,$00A29C40]
    CONST$00C871A0 k12 'Spawn_Actor' [h=44229E9F,$0097B0C0]
    CONST$00C871A8 k13 'Actor_GetPosition' [h=F7E6F403,$009E29C0]
    CONST$00C871B0 k14 'sName' [h=10ED9F0D,$0097E600]
    CONST$00C871B8 k15 'Utility_GetTerrainHeightAtXZ' [h=3D5463A9,$00A239C0]
    CONST$00C871C0 k16 TObject(30.0)
    CONST$00C871C8 k17 'spawnLocation' [h=8D916716,$0097CB60]
    CONST$00C871D0 k18 'x' [h=00000099,$0098E3E0]
    CONST$00C871D8 k19 'y' [h=00000098,$0099F120]
    CONST$00C871E0 k20 'z' [h=0000009B,$009A8AA0]
    CONST$00C871E8 k21 'yaw' [h=0003646B,$009C3FC0]
    CONST$00C871F0 k22 TObject(0.0)
    CONST$00C871F8 k23 'sEncounter' [h=4CD961D9,$009BF980]
    CONST$00C87200 k24 TObject(None)
    CONST$00C87208 k25 'sSquad' [h=7089B391,$0098C100]
    CONST$00C87210 k26 '' [h=00000000,$009A40A0]
    CONST$00C87218 k27 'sTemplate' [h=71335A82,$0099F8A0]
    CONST$00C87220 k28 'util_GetRandomIntInRange' [h=E995DC0A,$00A1F580]
    CONST$00C87228 k29 TObject(1.0)
    CONST$00C87230 k30 'getn' [h=0083B006,$0097DBC0]
    CONST$00C87238 k31 'sPosition' [h=1BEA7728,$00991F40]
    CONST$00C87240 k32 'DRIVER' [h=37391C17,$009A6880]
    CONST$00C87248 k33 'PASSENGER' [h=548D828A,$00981F60]
    CONST$00C87250 k34 'ActorVehicle_ReceiveRider' [h=A15FE812,$00A0C080]
     CODE$00D73540
      000 01000004  GETUPVAL r1 := u0
      001 01008018      TEST not r1 : r1 := r1
      002 00800E54       JMP +58 ; 61
      003 01000005 GETGLOBAL r1 := _G[k0 ('tostring' [h=787EB105,$009A9A40])]
      004 02000045 GETGLOBAL r2 := _G[k1 ('sFullMissionID' [h=55237598,$00978BC0])]
      005 01010099      CALL r1 (1 args) => 1 results
      006 02000081     LOADK r2 := k2 (' . . . Spawn_VehicleWithRiders:  ASSERT:  ' [h=51BE722F,$009D8A80])
      007 01008093    CONCAT r1 := r1 ... r2
      008 020000C5 GETGLOBAL r2 := _G[k3 ('assert' [h=92EA3D15,$00979840])]
      009 03000105 GETGLOBAL r3 := _G[k4 ('type' [h=0070EF71,$009875A0])]
      010 04000000      MOVE r4 := r0
      011 03010099      CALL r3 (1 args) => 1 results
      012 0101BFD5        EQ r3 == k5 ('table' [h=10F2114B,$0098D780])
      013 00800014       JMP +1 ; 15
      014 03000042  LOADBOOL r3 := False ; br 16
      015 03008002  LOADBOOL r3 := True
      016 04008000      MOVE r4 := r1
      017 05000181     LOADK r5 := k6 ("You didn't pass in a table, Beavis.  DUUURRRR!\n" [h=356B938B,$009F2F40])
      018 04020153    CONCAT r4 := r4 ... r5
      019 02018059      CALL r2 (2 args) => 0 results
      020 020000C5 GETGLOBAL r2 := _G[k3 ('assert' [h=92EA3D15,$00979840])]
      021 03000105 GETGLOBAL r3 := _G[k4 ('type' [h=0070EF71,$009875A0])]
      022 04004046  GETTABLE r4 := r0[k7 ('tVehicle' [h=DF637256,$009C5780])]
      023 03010099      CALL r3 (1 args) => 1 results
      024 0101BFD5        EQ r3 == k5 ('table' [h=10F2114B,$0098D780])
      025 00800014       JMP +1 ; 27
      026 03000042  LOADBOOL r3 := False ; br 28
      027 03008002  LOADBOOL r3 := True
      028 04008000      MOVE r4 := r1
      029 05000201     LOADK r5 := k8 ('tVehicle is not a table\n' [h=181879C0,$00A06500])
      030 04020153    CONCAT r4 := r4 ... r5
      031 02018059      CALL r2 (2 args) => 0 results
      032 020000C5 GETGLOBAL r2 := _G[k3 ('assert' [h=92EA3D15,$00979840])]
      033 03000105 GETGLOBAL r3 := _G[k4 ('type' [h=0070EF71,$009875A0])]
      034 040040C6  GETTABLE r4 := r0[k9 ('tRiders' [h=9A4B48D9,$009A22A0])]
      035 03010099      CALL r3 (1 args) => 1 results
      036 0101BFD5        EQ r3 == k5 ('table' [h=10F2114B,$0098D780])
      037 00800014       JMP +1 ; 39
      038 03000042  LOADBOOL r3 := False ; br 40
      039 03008002  LOADBOOL r3 := True
      040 04008000      MOVE r4 := r1
      041 05000281     LOADK r5 := k10 ('tRiders is not a table\n' [h=EF7CE071,$00A05140])
      042 04020153    CONCAT r4 := r4 ... r5
      043 02018059      CALL r2 (2 args) => 0 results
      044 020040C6  GETTABLE r2 := r0[k9 ('tRiders' [h=9A4B48D9,$009A22A0])]
      045 03028003   LOADNIL r3 ... r5
      046 028002DE  TFORPREP WIP
      047 060000C5 GETGLOBAL r6 := _G[k3 ('assert' [h=92EA3D15,$00979840])]
      048 07000105 GETGLOBAL r7 := _G[k4 ('type' [h=0070EF71,$009875A0])]
      049 08028000      MOVE r8 := r5
      050 07010099      CALL r7 (1 args) => 1 results
      051 0103BFD5        EQ r7 == k5 ('table' [h=10F2114B,$0098D780])
      052 00800014       JMP +1 ; 54
      053 07000042  LOADBOOL r7 := False ; br 55
      054 07008002  LOADBOOL r7 := True
      055 08008000      MOVE r8 := r1
      056 090002C1     LOADK r9 := k11 ('tRiders contains a non-table value\n' [h=656BF233,$00A29C40])
      057 08040253    CONCAT r8 := r8 ... r9
      058 06018059      CALL r6 (2 args) => 0 results
      059 0200005D  TFORLOOP WIP
      060 007FFC54       JMP -14 ; 47
      061 01000305 GETGLOBAL r1 := _G[k12 ('Spawn_Actor' [h=44229E9F,$0097B0C0])]
      062 02004046  GETTABLE r2 := r0[k7 ('tVehicle' [h=DF637256,$009C5780])]
      063 01010059      CALL r1 (1 args) => 0 results
      064 01000345 GETGLOBAL r1 := _G[k13 ('Actor_GetPosition' [h=F7E6F403,$009E29C0])]
      065 02004046  GETTABLE r2 := r0[k7 ('tVehicle' [h=DF637256,$009C5780])]
      066 02014206  GETTABLE r2 := r2[k14 ('sName' [h=10ED9F0D,$0097E600])]
      067 01010119      CALL r1 (1 args) => 3 results
      068 040003C5 GETGLOBAL r4 := _G[k15 ('Utility_GetTerrainHeightAtXZ' [h=3D5463A9,$00A239C0])]
      069 05008000      MOVE r5 := r1
      070 06018000      MOVE r6 := r3
      071 04018099      CALL r4 (2 args) => 1 results
      072 0401010D       SUB r4 := r2 - r4
      073 0202428D       SUB r2 := r4 - k16 (TObject(30.0))
      074 04008002  LOADBOOL r4 := True
      075 050040C6  GETTABLE r5 := r0[k9 ('tRiders' [h=9A4B48D9,$009A22A0])]
      076 06040003   LOADNIL r6 ... r8
      077 0580101E  TFORPREP WIP
      078 090000CA  NEWTABLE r9 := {} (#a=0, #h=3)
      079 09860049  SETTABLE r1 ->> r9[k18 ('x' [h=00000099,$0098E3E0])]
      080 09868089  SETTABLE r2 ->> r9[k19 ('y' [h=00000098,$0099F120])]
      081 098700C9  SETTABLE r3 ->> r9[k20 ('z' [h=0000009B,$009A8AA0])]
      082 0987C409  SETTABLE k22 (TObject(0.0)) ->> r9[k21 ('yaw' [h=0003646B,$009C3FC0])]
      083 08858249  SETTABLE r9 ->> r8[k17 ('spawnLocation' [h=8D916716,$0097CB60])]
      084 09004046  GETTABLE r9 := r0[k7 ('tVehicle' [h=DF637256,$009C5780])]
      085 0904C446  GETTABLE r9 := r9[k23 ('sEncounter' [h=4CD961D9,$009BF980])]
      086 0104C495        EQ r9 == k24 (TObject(None))
      087 00800154       JMP +6 ; 94
      088 09044446  GETTABLE r9 := r8[k23 ('sEncounter' [h=4CD961D9,$009BF980])]
      089 09048058      TEST r9 : r9 := r9
      090 00800054       JMP +2 ; 93
      091 09004046  GETTABLE r9 := r0[k7 ('tVehicle' [h=DF637256,$009C5780])]
      092 0904C446  GETTABLE r9 := r9[k23 ('sEncounter' [h=4CD961D9,$009BF980])]
      093 08888249  SETTABLE r9 ->> r8[k23 ('sEncounter' [h=4CD961D9,$009BF980])]
      094 09004046  GETTABLE r9 := r0[k7 ('tVehicle' [h=DF637256,$009C5780])]
      095 0904C4C6  GETTABLE r9 := r9[k25 ('sSquad' [h=7089B391,$0098C100])]
      096 0104C495        EQ r9 == k24 (TObject(None))
      097 00800154       JMP +6 ; 104
      098 090444C6  GETTABLE r9 := r8[k25 ('sSquad' [h=7089B391,$0098C100])]
      099 09048058      TEST r9 : r9 := r9
      100 00800054       JMP +2 ; 103
      101 09004046  GETTABLE r9 := r0[k7 ('tVehicle' [h=DF637256,$009C5780])]
      102 0904C4C6  GETTABLE r9 := r9[k25 ('sSquad' [h=7089B391,$0098C100])]
      103 08898249  SETTABLE r9 ->> r8[k25 ('sSquad' [h=7089B391,$0098C100])]
      104 09044206  GETTABLE r9 := r8[k14 ('sName' [h=10ED9F0D,$0097E600])]
      105 0004C495        EQ r9 != k24 (TObject(None))
      106 00800014       JMP +1 ; 108
      107 08844509  SETTABLE k26 ('' [h=00000000,$009A40A0]) ->> r8[k14 ('sName' [h=10ED9F0D,$0097E600])]
      108 09000105 GETGLOBAL r9 := _G[k4 ('type' [h=0070EF71,$009875A0])]
      109 0A044546  GETTABLE r10 := r8[k27 ('sTemplate' [h=71335A82,$0099F8A0])]
      110 09010099      CALL r9 (1 args) => 1 results
      111 0004BFD5        EQ r9 != k5 ('table' [h=10F2114B,$0098D780])
      112 00800254       JMP +10 ; 123
      113 09044546  GETTABLE r9 := r8[k27 ('sTemplate' [h=71335A82,$0099F8A0])]
      114 0A000705 GETGLOBAL r10 := _G[k28 ('util_GetRandomIntInRange' [h=E995DC0A,$00A1F580])]
      115 0B000741     LOADK r11 := k29 (TObject(1.0))
      116 0C000145 GETGLOBAL r12 := _G[k5 ('table' [h=10F2114B,$0098D780])]
      117 0C064606  GETTABLE r12 := r12[k30 ('getn' [h=0083B006,$0097DBC0])]
      118 0D044546  GETTABLE r13 := r8[k27 ('sTemplate' [h=71335A82,$0099F8A0])]
      119 0C010019      CALL r12 (1 args) => -1 results
      120 0A000099      CALL r10 (-1 args) => 1 results
      121 09048286  GETTABLE r9 := r9[r10]
      122 088A8249  SETTABLE r9 ->> r8[k27 ('sTemplate' [h=71335A82,$0099F8A0])]
      123 09000305 GETGLOBAL r9 := _G[k12 ('Spawn_Actor' [h=44229E9F,$0097B0C0])]
      124 0A040000      MOVE r10 := r8
      125 09010099      CALL r9 (1 args) => 1 results
      126 0A044646  GETTABLE r10 := r8[k31 ('sPosition' [h=1BEA7728,$00991F40])]
      127 00054495        EQ r10 != k24 (TObject(None))
      128 00800114       JMP +5 ; 134
      129 04020018      TEST not r4 : r4 := r4
      130 00800054       JMP +2 ; 133
      131 0A000801     LOADK r10 := k32 ('DRIVER' [h=37391C17,$009A6880])
      132 00800014       JMP +1 ; 134
      133 0A000841     LOADK r10 := k33 ('PASSENGER' [h=548D828A,$00981F60])
      134 00054695        EQ r10 != k32 ('DRIVER' [h=37391C17,$009A6880])
      135 00800014       JMP +1 ; 137
      136 04000002  LOADBOOL r4 := False
      137 0B000885 GETGLOBAL r11 := _G[k34 ('ActorVehicle_ReceiveRider' [h=A15FE812,$00A0C080])]
      138 0C004046  GETTABLE r12 := r0[k7 ('tVehicle' [h=DF637256,$009C5780])]
      139 0C064206  GETTABLE r12 := r12[k14 ('sName' [h=10ED9F0D,$0097E600])]
      140 0D048000      MOVE r13 := r9
      141 0E050000      MOVE r14 := r10
      142 0B020059      CALL r11 (3 args) => 0 results
      143 0500005D  TFORLOOP WIP
      144 007FEF14       JMP -67 ; 78
      145 0000801B    RETURN
  [Node$01A31CC4] 'stateCaptured' [h=8495A2AD,$00999220]: 'captured' [h=23DFEFBF,$0098D140]
  [Node$01A31CD8] 'Utility_RunLuaScript' [h=CD9596AE,$00A399C0]: cfunction$002C4980 'Utility_RunLuaScript' [h=CD9596AE,$00A399C0]
  [Node$01A31CEC] 'TargetActorSold' [h=35E6B2AF,$00987760]: function$0098AD60 'TargetActorSold' [h=35E6B2AF,$00987760]
    CONST$009F3C00 k0  'mission_tTargets' [h=28796635,$00A38080]
    CONST$009F3C08 k1  'Utility_GetActorAsInt' [h=A2B359A3,$00A3EB80]
    CONST$009F3C10 k2  'mission_tObjectives' [h=B4A8BCEB,$009D7BC0]
    CONST$009F3C18 k3  'objectiveName' [h=2337C7CC,$0097D840]
    CONST$009F3C20 k4  'soldCallbackFunc' [h=4C72FF28,$00A13880]
    CONST$009F3C28 k5  'actorName' [h=4EB2E2FD,$0098A660]
     CODE$00A41340
      000 01000005 GETGLOBAL r1 := _G[k0 ('mission_tTargets' [h=28796635,$00A38080])]
      001 02000045 GETGLOBAL r2 := _G[k1 ('Utility_GetActorAsInt' [h=A2B359A3,$00A3EB80])]
      002 03000000      MOVE r3 := r0
      003 02010099      CALL r2 (1 args) => 1 results
      004 01008086  GETTABLE r1 := r1[r2]
      005 02000085 GETGLOBAL r2 := _G[k2 ('mission_tObjectives' [h=B4A8BCEB,$009D7BC0])]
      006 0300BF46  GETTABLE r3 := r1[k3 ('objectiveName' [h=2337C7CC,$0097D840])]
      007 020100C6  GETTABLE r2 := r2[r3]
      008 03013F86  GETTABLE r3 := r2[k4 ('soldCallbackFunc' [h=4C72FF28,$00A13880])]
      009 03018018      TEST not r3 : r3 := r3
      010 008000D4       JMP +4 ; 15
      011 03013F86  GETTABLE r3 := r2[k4 ('soldCallbackFunc' [h=4C72FF28,$00A13880])]
      012 0400BFC6  GETTABLE r4 := r1[k5 ('actorName' [h=4EB2E2FD,$0098A660])]
      013 0500BF46  GETTABLE r5 := r1[k3 ('objectiveName' [h=2337C7CC,$0097D840])]
      014 03018059      CALL r3 (2 args) => 0 results
      015 0000801B    RETURN
  [Node$01A31D00] 'Insertion_CallIn' [h=DBF6CEB0,$009D12C0]: function$0099D1E0 'Insertion_CallIn' [h=DBF6CEB0,$009D12C0]
    CONST$0094B4E0 k0  'Event_RelativeTimer' [h=AD23F6E2,$009F7840]
    CONST$0094B4E8 k1  'b' [h=00000083,$00983380]
     CODE$0099B2E0
      000 02000005 GETGLOBAL r2 := _G[k0 ('Event_RelativeTimer' [h=AD23F6E2,$009F7840])]
      001 03000000      MOVE r3 := r0
      002 04000041     LOADK r4 := k1 ('b' [h=00000083,$00983380])
      003 05008000      MOVE r5 := r1
      004 0202001A  TAILCALL r2 (3 args)
      005 0200001B    RETURN r2 ... top
      006 0000801B    RETURN
  [Node$01A31D14] 'table_Debug' [h=EAB4DD10,$0099E160]: function$009A1620 'table_Debug' [h=EAB4DD10,$0099E160]
    CONST$00B36FC0 k0  'type' [h=0070EF71,$009875A0]
    CONST$00B36FC8 k1  'table' [h=10F2114B,$0098D780]
    CONST$00B36FD0 k2  'util_SetDefault' [h=3072A05A,$00988C60]
    CONST$00B36FD8 k3  '' [h=00000000,$009A40A0]
    CONST$00B36FE0 k4  'TRUE' [h=0067B195,$0097E680]
    CONST$00B36FE8 k5  'Debug_Printf' [h=445430CF,$009A1C40]
    CONST$00B36FF0 k6  '{\n' [h=000009C5,$0098E1A0]
    CONST$00B36FF8 k7  'tostring' [h=787EB105,$009A9A40]
    CONST$00B37000 k8  ' = ' [h=00021BD1,$00986A60]
    CONST$00B37008 k9  '\n' [h=0000002B,$009AB680]
    CONST$00B37010 k10 'table_Debug' [h=EAB4DD10,$0099E160]
    CONST$00B37018 k11 '     ' [h=0C338AC5,$009C2C40]
    CONST$00B37020 k12 '}\n' [h=000009C7,$009C5CA0]
     CODE$00CD52C0
      000 05000005 GETGLOBAL r5 := _G[k0 ('type' [h=0070EF71,$009875A0])]
      001 06000000      MOVE r6 := r0
      002 05010099      CALL r5 (1 args) => 1 results
      003 0002BED5        EQ r5 != k1 ('table' [h=10F2114B,$0098D780])
      004 00801394       JMP +79 ; 84
      005 01008058      TEST r1 : r1 := r1
      006 00800054       JMP +2 ; 9
      007 02010018      TEST not r2 : r2 := r2
      008 00801294       JMP +75 ; 84
      009 05000085 GETGLOBAL r5 := _G[k2 ('util_SetDefault' [h=3072A05A,$00988C60])]
      010 06018000      MOVE r6 := r3
      011 070000C1     LOADK r7 := k3 ('' [h=00000000,$009A40A0])
      012 05018099      CALL r5 (2 args) => 1 results
      013 03028000      MOVE r3 := r5
      014 05000085 GETGLOBAL r5 := _G[k2 ('util_SetDefault' [h=3072A05A,$00988C60])]
      015 06008000      MOVE r6 := r1
      016 07000105 GETGLOBAL r7 := _G[k4 ('TRUE' [h=0067B195,$0097E680])]
      017 05018099      CALL r5 (2 args) => 1 results
      018 01028000      MOVE r1 := r5
      019 05000085 GETGLOBAL r5 := _G[k2 ('util_SetDefault' [h=3072A05A,$00988C60])]
      020 06010000      MOVE r6 := r2
      021 07000105 GETGLOBAL r7 := _G[k4 ('TRUE' [h=0067B195,$0097E680])]
      022 05018099      CALL r5 (2 args) => 1 results
      023 02028000      MOVE r2 := r5
      024 05000085 GETGLOBAL r5 := _G[k2 ('util_SetDefault' [h=3072A05A,$00988C60])]
      025 06020000      MOVE r6 := r4
      026 07000105 GETGLOBAL r7 := _G[k4 ('TRUE' [h=0067B195,$0097E680])]
      027 05018099      CALL r5 (2 args) => 1 results
      028 04028000      MOVE r4 := r5
      029 05000145 GETGLOBAL r5 := _G[k5 ('Debug_Printf' [h=445430CF,$009A1C40])]
      030 06018000      MOVE r6 := r3
      031 07000181     LOADK r7 := k6 ('{\n' [h=000009C5,$0098E1A0])
      032 060301D3    CONCAT r6 := r6 ... r7
      033 05010059      CALL r5 (1 args) => 0 results
      034 05000000      MOVE r5 := r0
      035 06040003   LOADNIL r6 ... r8
      036 058009DE  TFORPREP WIP
      037 09018000      MOVE r9 := r3
      038 01008018      TEST not r1 : r1 := r1
      039 00800254       JMP +10 ; 50
      040 0A048000      MOVE r10 := r9
      041 0B0001C5 GETGLOBAL r11 := _G[k7 ('tostring' [h=787EB105,$009A9A40])]
      042 0C038000      MOVE r12 := r7
      043 0B010099      CALL r11 (1 args) => 1 results
      044 090502D3    CONCAT r9 := r10 ... r11
      045 02010018      TEST not r2 : r2 := r2
      046 00800094       JMP +3 ; 50
      047 0A048000      MOVE r10 := r9
      048 0B000201     LOADK r11 := k8 (' = ' [h=00021BD1,$00986A60])
      049 090502D3    CONCAT r9 := r10 ... r11
      050 02010018      TEST not r2 : r2 := r2
      051 00800114       JMP +5 ; 57
      052 0A048000      MOVE r10 := r9
      053 0B0001C5 GETGLOBAL r11 := _G[k7 ('tostring' [h=787EB105,$009A9A40])]
      054 0C040000      MOVE r12 := r8
      055 0B010099      CALL r11 (1 args) => 1 results
      056 090502D3    CONCAT r9 := r10 ... r11
      057 0A000145 GETGLOBAL r10 := _G[k5 ('Debug_Printf' [h=445430CF,$009A1C40])]
      058 0B048000      MOVE r11 := r9
      059 0C000241     LOADK r12 := k9 ('\n' [h=0000002B,$009AB680])
      060 0B058313    CONCAT r11 := r11 ... r12
      061 0A010059      CALL r10 (1 args) => 0 results
      062 0A000005 GETGLOBAL r10 := _G[k0 ('type' [h=0070EF71,$009875A0])]
      063 0B040000      MOVE r11 := r8
      064 0A010099      CALL r10 (1 args) => 1 results
      065 00053ED5        EQ r10 != k1 ('table' [h=10F2114B,$0098D780])
      066 00800254       JMP +10 ; 77
      067 04020018      TEST not r4 : r4 := r4
      068 008001D4       JMP +8 ; 77
      069 0A000285 GETGLOBAL r10 := _G[k10 ('table_Debug' [h=EAB4DD10,$0099E160])]
      070 0B040000      MOVE r11 := r8
      071 0C008000      MOVE r12 := r1
      072 0D010000      MOVE r13 := r2
      073 0E018000      MOVE r14 := r3
      074 0F0002C1     LOADK r15 := k11 ('     ' [h=0C338AC5,$009C2C40])
      075 0E0703D3    CONCAT r14 := r14 ... r15
      076 0A028059      CALL r10 (4 args) => 0 results
      077 0500005D  TFORLOOP WIP
      078 007FF554       JMP -42 ; 37
      079 05000145 GETGLOBAL r5 := _G[k5 ('Debug_Printf' [h=445430CF,$009A1C40])]
      080 06018000      MOVE r6 := r3
      081 07000301     LOADK r7 := k12 ('}\n' [h=000009C7,$009C5CA0])
      082 060301D3    CONCAT r6 := r6 ... r7
      083 05010059      CALL r5 (1 args) => 0 results
      084 0000801B    RETURN
  [Node$01A31D28] 'table_Copy' [h=84C4D84B,$009A4A40]: function$0097CCA0 'table_Copy' [h=84C4D84B,$009A4A40]
    CONST$0097E8E0 k0  'type' [h=0070EF71,$009875A0]
    CONST$0097E8E8 k1  'table' [h=10F2114B,$0098D780]
    CONST$0097E8F0 k2  'table_Copy' [h=84C4D84B,$009A4A40]
     CODE$00B370C0
      000 0100000A  NEWTABLE r1 := {} (#a=0, #h=0)
      001 02000000      MOVE r2 := r0
      002 03028003   LOADNIL r3 ... r5
      003 0280029E  TFORPREP WIP
      004 06000005 GETGLOBAL r6 := _G[k0 ('type' [h=0070EF71,$009875A0])]
      005 07028000      MOVE r7 := r5
      006 06010099      CALL r6 (1 args) => 1 results
      007 00033ED5        EQ r6 != k1 ('table' [h=10F2114B,$0098D780])
      008 00800114       JMP +5 ; 14
      009 06000085 GETGLOBAL r6 := _G[k2 ('table_Copy' [h=84C4D84B,$009A4A40])]
      010 07028000      MOVE r7 := r5
      011 06010099      CALL r6 (1 args) => 1 results
      012 01020189  SETTABLE r6 ->> r1[r4]
      013 00800014       JMP +1 ; 15
      014 01020149  SETTABLE r5 ->> r1[r4]
      015 0200005D  TFORLOOP WIP
      016 007FFC94       JMP -13 ; 4
      017 0101001B    RETURN r1 ... r1
      018 0000801B    RETURN
  [Node$01A31D3C] 'SetupEventActorInVehicleStatusChange' [h=931E9EB3,$00A2A780]: function$009AC4C0 'SetupEventActorInVehicleStatusChange' [h=931E9EB3,$00A2A780]
    CONST$009CCA00 k0  'hHeroInVehicle' [h=5C79BE3B,$0097DA60]
    CONST$009CCA08 k1  'Event_CancelEvent' [h=D8960070,$009D8C00]
    CONST$009CCA10 k2  'Event_AiInVehicle' [h=8A9BD566,$009FA180]
    CONST$009CCA18 k3  'ActorInVehicleStatusChange' [h=E61C59CF,$009EFEC0]
    CONST$009CCA20 k4  'b' [h=00000083,$00983380]
     CODE$00A32FC0
      000 02000045 GETGLOBAL r2 := _G[k1 ('Event_CancelEvent' [h=D8960070,$009D8C00])]
      001 03000005 GETGLOBAL r3 := _G[k0 ('hHeroInVehicle' [h=5C79BE3B,$0097DA60])]
      002 02010099      CALL r2 (1 args) => 1 results
      003 02000007 SETGLOBAL r2 ->> _G[k0 ('hHeroInVehicle' [h=5C79BE3B,$0097DA60])]
      004 02000085 GETGLOBAL r2 := _G[k2 ('Event_AiInVehicle' [h=8A9BD566,$009FA180])]
      005 030000C1     LOADK r3 := k3 ('ActorInVehicleStatusChange' [h=E61C59CF,$009EFEC0])
      006 04000101     LOADK r4 := k4 ('b' [h=00000083,$00983380])
      007 05000000      MOVE r5 := r0
      008 06008000      MOVE r6 := r1
      009 02028099      CALL r2 (4 args) => 1 results
      010 02000007 SETGLOBAL r2 ->> _G[k0 ('hHeroInVehicle' [h=5C79BE3B,$0097DA60])]
      011 0000801B    RETURN
  [Node$01A31D50] 'table_DeleteElement' [h=E16A3552,$00A02380]: function$009C1720 'table_DeleteElement' [h=E16A3552,$00A02380]
    CONST$00A37740 k0  TObject(0.0)
    CONST$00A37748 k1  'type' [h=0070EF71,$009875A0]
    CONST$00A37750 k2  'table' [h=10F2114B,$0098D780]
    CONST$00A37758 k3  'table_DeleteElement' [h=E16A3552,$00A02380]
    CONST$00A37760 k4  TObject(1.0)
    CONST$00A37768 k5  'remove' [h=4893DA49,$0098EC00]
    CONST$00A37770 k6  TObject(None)
     CODE$00A96D40
      000 03000001     LOADK r3 := k0 (TObject(0.0))
      001 04000000      MOVE r4 := r0
      002 05038003   LOADNIL r5 ... r7
      003 0480055E  TFORPREP WIP
      004 08000045 GETGLOBAL r8 := _G[k1 ('type' [h=0070EF71,$009875A0])]
      005 09038000      MOVE r9 := r7
      006 08010099      CALL r8 (1 args) => 1 results
      007 00043F15        EQ r8 != k2 ('table' [h=10F2114B,$0098D780])
      008 00800154       JMP +6 ; 15
      009 080000C5 GETGLOBAL r8 := _G[k3 ('table_DeleteElement' [h=E16A3552,$00A02380])]
      010 09038000      MOVE r9 := r7
      011 0A008000      MOVE r10 := r1
      012 0B010000      MOVE r11 := r2
      013 08020059      CALL r8 (3 args) => 0 results
      014 00800294       JMP +11 ; 26
      015 00038055        EQ r7 != r1
      016 00800214       JMP +9 ; 26
      017 0301BF8C       ADD r3 := r3 + k4 (TObject(1.0))
      018 08000085 GETGLOBAL r8 := _G[k2 ('table' [h=10F2114B,$0098D780])]
      019 08043FC6  GETTABLE r8 := r8[k5 ('remove' [h=4893DA49,$0098EC00])]
      020 09000000      MOVE r9 := r0
      021 0A030000      MOVE r10 := r6
      022 08018059      CALL r8 (2 args) => 0 results
      023 00014015        EQ r2 != k6 (TObject(None))
      024 00800014       JMP +1 ; 26
      025 00800054       JMP +2 ; 28
      026 0400005D  TFORLOOP WIP
      027 007FF9D4       JMP -24 ; 4
      028 0301001B    RETURN r3 ... r3
      029 0000801B    RETURN
  [Node$01A31D64] 'table_FindElementKey' [h=CA5025A5,$00A13500]: function$0097A860 'table_FindElementKey' [h=CA5025A5,$00A13500]
     CODE$00A398C0
      000 02000000      MOVE r2 := r0
      001 03028003   LOADNIL r3 ... r5
      002 0280009E  TFORPREP WIP
      003 00028055        EQ r5 != r1
      004 00800014       JMP +1 ; 6
      005 0401001B    RETURN r4 ... r4
      006 0200005D  TFORLOOP WIP
      007 007FFE94       JMP -5 ; 3
      008 02010003   LOADNIL r2 ... r2
      009 0201001B    RETURN r2 ... r2
      010 0000801B    RETURN
  [Node$01A31D78] 'mission_ModifyObjective' [h=CACD7EB6,$009CB800]: function$009A0880 'mission_ModifyObjective' [h=CACD7EB6,$009CB800]
    CONST$00CA5140 k0  'ipairs' [h=B6F4A157,$0098FC00]
    CONST$00CA5148 k1  'targets' [h=0DB147A6,$00976E00]
    CONST$00CA5150 k2  'mission_tTargets' [h=28796635,$00A38080]
    CONST$00CA5158 k3  'Utility_GetActorAsInt' [h=A2B359A3,$00A3EB80]
    CONST$00CA5160 k4  'actorName' [h=4EB2E2FD,$0098A660]
    CONST$00CA5168 k5  'Debug_Assert' [h=E8876833,$009778E0]
    CONST$00CA5170 k6  "mission_ModifyObjective: target doesn't exist!" [h=39AC1BAA,$00A00A40]
    CONST$00CA5178 k7  'mission_tObjectives' [h=B4A8BCEB,$009D7BC0]
    CONST$00CA5180 k8  'objectiveName' [h=2337C7CC,$0097D840]
    CONST$00CA5188 k9  "mission_ModifyObjective: target exists, but somehow doesn't belong to an objective!" [h=89478901,$00B18040]
    CONST$00CA5190 k10 "mission_ModifyObjective: --target's objective name and the objective name provided don't correspond!" [h=C1BC5F27,$00A7EEC0]
    CONST$00CA5198 k11 'pairs' [h=12CC6B12,$0099D0C0]
    CONST$00CA51A0 k12 TObject(None)
    CONST$00CA51A8 k13 'util_PrintDebugMsg' [h=A2961C17,$00A25100]
    CONST$00CA51B0 k14 '[OBJECTIVE] modifying target ' [h=8BBE8C17,$009F2000]
    CONST$00CA51B8 k15 ' (objective ' [h=2765F23D,$00982A20]
    CONST$00CA51C0 k16 '): ' [h=00021B6E,$00983E40]
    CONST$00CA51C8 k17 'key ' [h=00597638,$009C1D80]
    CONST$00CA51D0 k18 ' = ' [h=00021BD1,$00986A60]
    CONST$00CA51D8 k19 'tostring' [h=787EB105,$009A9A40]
    CONST$00CA51E0 k20 ' -> ' [h=0054966A,$009C4E00]
    CONST$00CA51E8 k21 '\n' [h=0000002B,$009AB680]
    CONST$00CA51F0 k22 'bForceRemove' [h=7DD64BE6,$009A8E00]
    CONST$00CA51F8 k23 'verb' [h=0076582D,$0098A700]
    CONST$00CA5200 k24 'VERB_VERIFY' [h=CAE4DEEE,$0098CEC0]
    CONST$00CA5208 k25 'RemoveVerificationTargetBlip' [h=399A40BF,$009FAEC0]
    CONST$00CA5210 k26 'VERB_DELIVER' [h=B4F35383,$00985E60]
    CONST$00CA5218 k27 'RemoveTargetActorBlip' [h=970D0ED5,$00A2B800]
    CONST$00CA5220 k28 '[OBJECTIVE] forcing removal of objective target\n' [h=1E56180E,$00B28840]
    CONST$00CA5228 k29 'bForceRedraw' [h=B0EEE69E,$009A7EE0]
    CONST$00CA5230 k30 'CreateVerificationTargetBlip' [h=3986CCCA,$009DA080]
    CONST$00CA5238 k31 'fRemovalFunction' [h=940CAE77,$009EFF80]
    CONST$00CA5240 k32 'CreateTargetActorBlip' [h=964AC294,$009E9980]
    CONST$00CA5248 k33 '[OBJECTIVE] forcing redraw of objective target\n' [h=A3FAE496,$00A3C080]
     CODE$00CE9280
      000 01000005 GETGLOBAL r1 := _G[k0 ('ipairs' [h=B6F4A157,$0098FC00])]
      001 02003EC6  GETTABLE r2 := r0[k1 ('targets' [h=0DB147A6,$00976E00])]
      002 01010159      CALL r1 (1 args) => 4 results
      003 01801A1E  TFORPREP WIP
      004 05000085 GETGLOBAL r5 := _G[k2 ('mission_tTargets' [h=28796635,$00A38080])]
      005 060000C5 GETGLOBAL r6 := _G[k3 ('Utility_GetActorAsInt' [h=A2B359A3,$00A3EB80])]
      006 07023F86  GETTABLE r7 := r4[k4 ('actorName' [h=4EB2E2FD,$0098A660])]
      007 06010099      CALL r6 (1 args) => 1 results
      008 05028186  GETTABLE r5 := r5[r6]
      009 06000145 GETGLOBAL r6 := _G[k5 ('Debug_Assert' [h=E8876833,$009778E0])]
      010 07028000      MOVE r7 := r5
      011 08000181     LOADK r8 := k6 ("mission_ModifyObjective: target doesn't exist!" [h=39AC1BAA,$00A00A40])
      012 06018059      CALL r6 (2 args) => 0 results
      013 060001C5 GETGLOBAL r6 := _G[k7 ('mission_tObjectives' [h=B4A8BCEB,$009D7BC0])]
      014 0702C086  GETTABLE r7 := r5[k8 ('objectiveName' [h=2337C7CC,$0097D840])]
      015 060301C6  GETTABLE r6 := r6[r7]
      016 07000145 GETGLOBAL r7 := _G[k5 ('Debug_Assert' [h=E8876833,$009778E0])]
      017 08030000      MOVE r8 := r6
      018 09000241     LOADK r9 := k9 ("mission_ModifyObjective: target exists, but somehow doesn't belong to an objective!" [h=89478901,$00B18040])
      019 07018059      CALL r7 (2 args) => 0 results
      020 07000145 GETGLOBAL r7 := _G[k5 ('Debug_Assert' [h=E8876833,$009778E0])]
      021 08024086  GETTABLE r8 := r4[k8 ('objectiveName' [h=2337C7CC,$0097D840])]
      022 0902C086  GETTABLE r9 := r5[k8 ('objectiveName' [h=2337C7CC,$0097D840])]
      023 00040255        EQ r8 != r9
      024 00800014       JMP +1 ; 26
      025 08000042  LOADBOOL r8 := False ; br 27
      026 08008002  LOADBOOL r8 := True
      027 09000281     LOADK r9 := k10 ("mission_ModifyObjective: --target's objective name and the objective name provided don't correspond!" [h=C1BC5F27,$00A7EEC0])
      028 07018059      CALL r7 (2 args) => 0 results
      029 070002C5 GETGLOBAL r7 := _G[k11 ('pairs' [h=12CC6B12,$0099D0C0])]
      030 08028000      MOVE r8 := r5
      031 07010159      CALL r7 (1 args) => 4 results
      032 0780069E  TFORPREP WIP
      033 0B020246  GETTABLE r11 := r4[r9]
      034 0105C195        EQ r11 == k12 (TObject(None))
      035 008005D4       JMP +24 ; 60
      036 0B000345 GETGLOBAL r11 := _G[k13 ('util_PrintDebugMsg' [h=A2961C17,$00A25100])]
      037 0C000381     LOADK r12 := k14 ('[OBJECTIVE] modifying target ' [h=8BBE8C17,$009F2000])
      038 0D023F86  GETTABLE r13 := r4[k4 ('actorName' [h=4EB2E2FD,$0098A660])]
      039 0E0003C1     LOADK r14 := k15 (' (objective ' [h=2765F23D,$00982A20])
      040 0F02C086  GETTABLE r15 := r5[k8 ('objectiveName' [h=2337C7CC,$0097D840])]
      041 10000401     LOADK r16 := k16 ('): ' [h=00021B6E,$00983E40])
      042 0C060413    CONCAT r12 := r12 ... r16
      043 0B010059      CALL r11 (1 args) => 0 results
      044 0B000345 GETGLOBAL r11 := _G[k13 ('util_PrintDebugMsg' [h=A2961C17,$00A25100])]
      045 0C000441     LOADK r12 := k17 ('key ' [h=00597638,$009C1D80])
      046 0D048000      MOVE r13 := r9
      047 0E000481     LOADK r14 := k18 (' = ' [h=00021BD1,$00986A60])
      048 0F0004C5 GETGLOBAL r15 := _G[k19 ('tostring' [h=787EB105,$009A9A40])]
      049 10028246  GETTABLE r16 := r5[r9]
      050 0F010099      CALL r15 (1 args) => 1 results
      051 10000501     LOADK r16 := k20 (' -> ' [h=0054966A,$009C4E00])
      052 110004C5 GETGLOBAL r17 := _G[k19 ('tostring' [h=787EB105,$009A9A40])]
      053 12020246  GETTABLE r18 := r4[r9]
      054 11010099      CALL r17 (1 args) => 1 results
      055 12000541     LOADK r18 := k21 ('\n' [h=0000002B,$009AB680])
      056 0C060493    CONCAT r12 := r12 ... r18
      057 0B010059      CALL r11 (1 args) => 0 results
      058 0B020246  GETTABLE r11 := r4[r9]
      059 050482C9  SETTABLE r11 ->> r5[r9]
      060 0700005D  TFORLOOP WIP
      061 007FF894       JMP -29 ; 33
      062 07004406  GETTABLE r7 := r0[k22 ('bForceRemove' [h=7DD64BE6,$009A8E00])]
      063 07038018      TEST not r7 : r7 := r7
      064 008004D4       JMP +20 ; 85
      065 07038003   LOADNIL r7 ... r7
      066 08034446  GETTABLE r8 := r6[k23 ('verb' [h=0076582D,$0098A700])]
      067 09000605 GETGLOBAL r9 := _G[k24 ('VERB_VERIFY' [h=CAE4DEEE,$0098CEC0])]
      068 00040255        EQ r8 != r9
      069 00800054       JMP +2 ; 72
      070 07000645 GETGLOBAL r7 := _G[k25 ('RemoveVerificationTargetBlip' [h=399A40BF,$009FAEC0])]
      071 00800114       JMP +5 ; 77
      072 08034446  GETTABLE r8 := r6[k23 ('verb' [h=0076582D,$0098A700])]
      073 09000685 GETGLOBAL r9 := _G[k26 ('VERB_DELIVER' [h=B4F35383,$00985E60])]
      074 00040255        EQ r8 != r9
      075 00800014       JMP +1 ; 77
      076 070006C5 GETGLOBAL r7 := _G[k27 ('RemoveTargetActorBlip' [h=970D0ED5,$00A2B800])]
      077 07038018      TEST not r7 : r7 := r7
      078 00800154       JMP +6 ; 85
      079 08000345 GETGLOBAL r8 := _G[k13 ('util_PrintDebugMsg' [h=A2961C17,$00A25100])]
      080 09000701     LOADK r9 := k28 ('[OBJECTIVE] forcing removal of objective target\n' [h=1E56180E,$00B28840])
      081 08010059      CALL r8 (1 args) => 0 results
      082 08038000      MOVE r8 := r7
      083 09028000      MOVE r9 := r5
      084 08010059      CALL r8 (1 args) => 0 results
      085 070045C6  GETTABLE r7 := r0[k29 ('bForceRedraw' [h=B0EEE69E,$009A7EE0])]
      086 07038018      TEST not r7 : r7 := r7
      087 00800514       JMP +21 ; 109
      088 07038003   LOADNIL r7 ... r7
      089 08034446  GETTABLE r8 := r6[k23 ('verb' [h=0076582D,$0098A700])]
      090 09000605 GETGLOBAL r9 := _G[k24 ('VERB_VERIFY' [h=CAE4DEEE,$0098CEC0])]
      091 00040255        EQ r8 != r9
      092 00800054       JMP +2 ; 95
      093 07000785 GETGLOBAL r7 := _G[k30 ('CreateVerificationTargetBlip' [h=3986CCCA,$009DA080])]
      094 00800154       JMP +6 ; 101
      095 08034446  GETTABLE r8 := r6[k23 ('verb' [h=0076582D,$0098A700])]
      096 09000685 GETGLOBAL r9 := _G[k26 ('VERB_DELIVER' [h=B4F35383,$00985E60])]
      097 00040255        EQ r8 != r9
      098 00800054       JMP +2 ; 101
      099 08000805 GETGLOBAL r8 := _G[k32 ('CreateTargetActorBlip' [h=964AC294,$009E9980])]
      100 080007C7 SETGLOBAL r8 ->> _G[k31 ('fRemovalFunction' [h=940CAE77,$009EFF80])]
      101 07038018      TEST not r7 : r7 := r7
      102 00800154       JMP +6 ; 109
      103 08000345 GETGLOBAL r8 := _G[k13 ('util_PrintDebugMsg' [h=A2961C17,$00A25100])]
      104 09000841     LOADK r9 := k33 ('[OBJECTIVE] forcing redraw of objective target\n' [h=A3FAE496,$00A3C080])
      105 08010059      CALL r8 (1 args) => 0 results
      106 08038000      MOVE r8 := r7
      107 09028000      MOVE r9 := r5
      108 08010059      CALL r8 (1 args) => 0 results
      109 0100005D  TFORLOOP WIP
      110 007FE514       JMP -107 ; 4
      111 0000801B    RETURN
  [Node$01A31D8C] 'table_AppendTableUnique' [h=FA2780D4,$009D8880]: function$009C40A0 'table_AppendTableUnique' [h=FA2780D4,$009D8880]
    CONST$009D4500 k0  'type' [h=0070EF71,$009875A0]
    CONST$009D4508 k1  'table' [h=10F2114B,$0098D780]
    CONST$009D4510 k2  'table_FindElementKey' [h=CA5025A5,$00A13500]
    CONST$009D4518 k3  TObject(None)
    CONST$009D4520 k4  'insert' [h=92EA3D93,$009903C0]
     CODE$00B8D800
      000 02000005 GETGLOBAL r2 := _G[k0 ('type' [h=0070EF71,$009875A0])]
      001 03008000      MOVE r3 := r1
      002 02010099      CALL r2 (1 args) => 1 results
      003 00013ED5        EQ r2 != k1 ('table' [h=10F2114B,$0098D780])
      004 00800414       JMP +17 ; 22
      005 02008000      MOVE r2 := r1
      006 03028003   LOADNIL r3 ... r5
      007 0280029E  TFORPREP WIP
      008 06000085 GETGLOBAL r6 := _G[k2 ('table_FindElementKey' [h=CA5025A5,$00A13500])]
      009 07000000      MOVE r7 := r0
      010 08028000      MOVE r8 := r5
      011 06018099      CALL r6 (2 args) => 1 results
      012 00033F55        EQ r6 != k3 (TObject(None))
      013 00800114       JMP +5 ; 19
      014 06000045 GETGLOBAL r6 := _G[k1 ('table' [h=10F2114B,$0098D780])]
      015 06033F86  GETTABLE r6 := r6[k4 ('insert' [h=92EA3D93,$009903C0])]
      016 07000000      MOVE r7 := r0
      017 08028000      MOVE r8 := r5
      018 06018059      CALL r6 (2 args) => 0 results
      019 0200005D  TFORLOOP WIP
      020 007FFC94       JMP -13 ; 8
      021 00800294       JMP +11 ; 33
      022 02000085 GETGLOBAL r2 := _G[k2 ('table_FindElementKey' [h=CA5025A5,$00A13500])]
      023 03000000      MOVE r3 := r0
      024 04008000      MOVE r4 := r1
      025 02018099      CALL r2 (2 args) => 1 results
      026 00013F55        EQ r2 != k3 (TObject(None))
      027 00800114       JMP +5 ; 33
      028 02000045 GETGLOBAL r2 := _G[k1 ('table' [h=10F2114B,$0098D780])]
      029 02013F86  GETTABLE r2 := r2[k4 ('insert' [h=92EA3D93,$009903C0])]
      030 03000000      MOVE r3 := r0
      031 04008000      MOVE r4 := r1
      032 02018059      CALL r2 (2 args) => 0 results
      033 0001001B    RETURN r0 ... r0
      034 0000801B    RETURN
  [Node$01A31DA0] 'SPAWN_LUA_LOADED' [h=E1684F23,$00A062C0]: TObject(1.0)
  [Node$01A31DB4] 'Event_SquadStatus' [h=A7ADEAB9,$009F0240]: cfunction$002BCEB8 'Event_SquadStatus' [h=A7ADEAB9,$009F0240]
  [Node$01A31DC8] 'Building_SpawnerSetAlertState' [h=D4B816BA,$009DA040]: cfunction$002C1838 'Building_SpawnerSetAlertState' [h=D4B816BA,$009DA040]
  [Node$01A31DDC] 'StopCardMusic' [h=A5D2DCD6,$009C73C0]: function$009A7060 'StopCardMusic' [h=A5D2DCD6,$009C73C0]
    CONST$009E0640 k0  'Utility_ReadStringFromScribbleMemory' [h=5455F3B9,$00A0C940]
    CONST$009E0648 k1  'current_faction' [h=B9B21A68,$009C4920]
    CONST$009E0650 k2  TObject(None)
    CONST$009E0658 k3  'Audio_PlayFactionMusic' [h=4E56600E,$009D8E80]
    CONST$009E0660 k4  'none' [h=0077FE1F,$00986640]
     CODE$00A37180
      000 00000005 GETGLOBAL r0 := _G[k0 ('Utility_ReadStringFromScribbleMemory' [h=5455F3B9,$00A0C940])]
      001 01000041     LOADK r1 := k1 ('current_faction' [h=B9B21A68,$009C4920])
      002 00010099      CALL r0 (1 args) => 1 results
      003 01003F15        EQ r0 == k2 (TObject(None))
      004 008000D4       JMP +4 ; 9
      005 010000C5 GETGLOBAL r1 := _G[k3 ('Audio_PlayFactionMusic' [h=4E56600E,$009D8E80])]
      006 02000000      MOVE r2 := r0
      007 01010059      CALL r1 (1 args) => 0 results
      008 00800094       JMP +3 ; 12
      009 010000C5 GETGLOBAL r1 := _G[k3 ('Audio_PlayFactionMusic' [h=4E56600E,$009D8E80])]
      010 02000101     LOADK r2 := k4 ('none' [h=0077FE1F,$00986640])
      011 01010059      CALL r1 (1 args) => 0 results
      012 0000801B    RETURN
  [Node$01A31DF0] 'RemoveExtractionSupport' [h=150B07D2,$009ED680]: function$00996900 'RemoveExtractionSupport' [h=150B07D2,$009ED680]
    CONST$009575C0 k0  'Support_RemoveItem' [h=843B3C39,$009EC940]
    CONST$009575C8 k1  'template_weapon_Extraction' [h=F03E424C,$00A3CC80]
     CODE$00951420
      000 00000005 GETGLOBAL r0 := _G[k0 ('Support_RemoveItem' [h=843B3C39,$009EC940])]
      001 01000041     LOADK r1 := k1 ('template_weapon_Extraction' [h=F03E424C,$00A3CC80])
      002 00010059      CALL r0 (1 args) => 0 results
      003 0000801B    RETURN
  [Node$01A31E04] 'Tooltip_ZoomCamera' [h=1122FABD,$009F1F40]: function$009DD8C0[4] 'Tooltip_ZoomCamera' [h=1122FABD,$009F1F40]
    CONST$00BF6C80 k0  'iCinemaLength' [h=E743C015,$009887C0]
    CONST$00BF6C88 k1  TObject(0.4000000059604645)
    CONST$00BF6C90 k2  TObject(1.0)
    CONST$00BF6C98 k3  'Ui_EnableHud' [h=AE5763B4,$00988460]
    CONST$00BF6CA0 k4  'Video_LetterboxEffect' [h=C60CB51A,$009E7C80]
    CONST$00BF6CA8 k5  'Camera_DetachFromActor' [h=4B9C5BE9,$00A0D780]
    CONST$00BF6CB0 k6  'Camera_SetMode' [h=5AC27046,$009A5500]
    CONST$00BF6CB8 k7  'RS_SCRIPT_VIEW' [h=3D0E0691,$00978340]
    CONST$00BF6CC0 k8  'Camera_SetInterestActor' [h=FF9BDEDD,$00A38400]
    CONST$00BF6CC8 k9  'aInterestActor' [h=64B1E1B4,$0099E000]
    CONST$00BF6CD0 k10 'Camera_SetZoom' [h=E7C33FFC,$0098E780]
    CONST$00BF6CD8 k11 TObject(1.3300000429153442)
    CONST$00BF6CE0 k12 'eShow' [h=1385C2EC,$009C6E00]
    CONST$00BF6CE8 k13 'Event_RelativeTimer' [h=AD23F6E2,$009F7840]
    CONST$00BF6CF0 k14 'Tooltip_ShowTip' [h=52632D9C,$009785E0]
    CONST$00BF6CF8 k15 'b' [h=00000083,$00983380]
    CONST$00BF6D00 k16 'eBulletTime' [h=DB717123,$009A7E80]
    CONST$00BF6D08 k17 'Tooltip_BulletTime' [h=C67F3E03,$00A24440]
    CONST$00BF6D10 k18 TObject(0.009999999776482582)
     CODE$00BB8B80
      000 00008002  LOADBOOL r0 := True
      001 00000008  SETUPVAL r0 ->> UV[0]
      002 00000041     LOADK r0 := k1 (TObject(0.4000000059604645))
      003 00000007 SETGLOBAL r0 ->> _G[k0 ('iCinemaLength' [h=E743C015,$009887C0])]
      004 00000081     LOADK r0 := k2 (TObject(1.0))
      005 00008008  SETUPVAL r0 ->> UV[1]
      006 000000C5 GETGLOBAL r0 := _G[k3 ('Ui_EnableHud' [h=AE5763B4,$00988460])]
      007 01000002  LOADBOOL r1 := False
      008 00010059      CALL r0 (1 args) => 0 results
      009 00000105 GETGLOBAL r0 := _G[k4 ('Video_LetterboxEffect' [h=C60CB51A,$009E7C80])]
      010 01008002  LOADBOOL r1 := True
      011 00010059      CALL r0 (1 args) => 0 results
      012 00000145 GETGLOBAL r0 := _G[k5 ('Camera_DetachFromActor' [h=4B9C5BE9,$00A0D780])]
      013 00008059      CALL r0 (0 args) => 0 results
      014 00000185 GETGLOBAL r0 := _G[k6 ('Camera_SetMode' [h=5AC27046,$009A5500])]
      015 010001C1     LOADK r1 := k7 ('RS_SCRIPT_VIEW' [h=3D0E0691,$00978340])
      016 00010059      CALL r0 (1 args) => 0 results
      017 00000205 GETGLOBAL r0 := _G[k8 ('Camera_SetInterestActor' [h=FF9BDEDD,$00A38400])]
      018 01010004  GETUPVAL r1 := u2
      019 02018004  GETUPVAL r2 := u3
      020 01008086  GETTABLE r1 := r1[r2]
      021 0100C0C6  GETTABLE r1 := r1[k9 ('aInterestActor' [h=64B1E1B4,$0099E000])]
      022 00010059      CALL r0 (1 args) => 0 results
      023 00000285 GETGLOBAL r0 := _G[k10 ('Camera_SetZoom' [h=E7C33FFC,$0098E780])]
      024 010002C1     LOADK r1 := k11 (TObject(1.3300000429153442))
      025 02000005 GETGLOBAL r2 := _G[k0 ('iCinemaLength' [h=E743C015,$009887C0])]
      026 00018059      CALL r0 (2 args) => 0 results
      027 00010004  GETUPVAL r0 := u2
      028 01018004  GETUPVAL r1 := u3
      029 00000046  GETTABLE r0 := r0[r1]
      030 01000345 GETGLOBAL r1 := _G[k13 ('Event_RelativeTimer' [h=AD23F6E2,$009F7840])]
      031 02000381     LOADK r2 := k14 ('Tooltip_ShowTip' [h=52632D9C,$009785E0])
      032 030003C1     LOADK r3 := k15 ('b' [h=00000083,$00983380])
      033 04000005 GETGLOBAL r4 := _G[k0 ('iCinemaLength' [h=E743C015,$009887C0])]
      034 01020099      CALL r1 (3 args) => 1 results
      035 00830049  SETTABLE r1 ->> r0[k12 ('eShow' [h=1385C2EC,$009C6E00])]
      036 00010004  GETUPVAL r0 := u2
      037 01018004  GETUPVAL r1 := u3
      038 00000046  GETTABLE r0 := r0[r1]
      039 01000345 GETGLOBAL r1 := _G[k13 ('Event_RelativeTimer' [h=AD23F6E2,$009F7840])]
      040 02000441     LOADK r2 := k17 ('Tooltip_BulletTime' [h=C67F3E03,$00A24440])
      041 030003C1     LOADK r3 := k15 ('b' [h=00000083,$00983380])
      042 04000481     LOADK r4 := k18 (TObject(0.009999999776482582))
      043 01020099      CALL r1 (3 args) => 1 results
      044 00850049  SETTABLE r1 ->> r0[k16 ('eBulletTime' [h=DB717123,$009A7E80])]
      045 0000801B    RETURN
  [Node$01A31E18] 'VerbTargetSubdued' [h=A94DEABE,$009FD840]: function$009C6440 'VerbTargetSubdued' [h=A94DEABE,$009FD840]
    CONST$009DD980 k0  'mission_tTargets' [h=28796635,$00A38080]
    CONST$009DD988 k1  'Utility_GetActorAsInt' [h=A2B359A3,$00A3EB80]
    CONST$009DD990 k2  'mission_tObjectives' [h=B4A8BCEB,$009D7BC0]
    CONST$009DD998 k3  'objectiveName' [h=2337C7CC,$0097D840]
    CONST$009DD9A0 k4  'subdueCallbackFunc' [h=24C7EABC,$009DD1C0]
    CONST$009DD9A8 k5  'actorName' [h=4EB2E2FD,$0098A660]
     CODE$00A17940
      000 01000005 GETGLOBAL r1 := _G[k0 ('mission_tTargets' [h=28796635,$00A38080])]
      001 02000045 GETGLOBAL r2 := _G[k1 ('Utility_GetActorAsInt' [h=A2B359A3,$00A3EB80])]
      002 03000000      MOVE r3 := r0
      003 02010099      CALL r2 (1 args) => 1 results
      004 01008086  GETTABLE r1 := r1[r2]
      005 02000085 GETGLOBAL r2 := _G[k2 ('mission_tObjectives' [h=B4A8BCEB,$009D7BC0])]
      006 0300BF46  GETTABLE r3 := r1[k3 ('objectiveName' [h=2337C7CC,$0097D840])]
      007 020100C6  GETTABLE r2 := r2[r3]
      008 03013F86  GETTABLE r3 := r2[k4 ('subdueCallbackFunc' [h=24C7EABC,$009DD1C0])]
      009 03018018      TEST not r3 : r3 := r3
      010 008000D4       JMP +4 ; 15
      011 03013F86  GETTABLE r3 := r2[k4 ('subdueCallbackFunc' [h=24C7EABC,$009DD1C0])]
      012 0400BFC6  GETTABLE r4 := r1[k5 ('actorName' [h=4EB2E2FD,$0098A660])]
      013 0500BF46  GETTABLE r5 := r1[k3 ('objectiveName' [h=2337C7CC,$0097D840])]
      014 03018059      CALL r3 (2 args) => 0 results
      015 0000801B    RETURN
  [Node$01A31E2C] 'Utility_SecondsToClock' [h=70859ABF,$009E7800]: cfunction$002C51C8 'Utility_SecondsToClock' [h=70859ABF,$009E7800]
  [Node$01A31E40] 'Objective_Remove' [h=732926C0,$00A0AE00]: cfunction$002A4710 'Objective_Remove' [h=732926C0,$00A0AE00]
  [Node$01A31E54] 'AddExtractionSupport' [h=84821F12,$00A1DB00]: function$00997D60 'AddExtractionSupport' [h=84821F12,$00A1DB00]
    CONST$00957530 k0  'Support_AddItem' [h=E53E40DA,$0098F7E0]
    CONST$00957538 k1  'template_weapon_Extraction' [h=F03E424C,$00A3CC80]
     CODE$00957570
      000 00000005 GETGLOBAL r0 := _G[k0 ('Support_AddItem' [h=E53E40DA,$0098F7E0])]
      001 01000041     LOADK r1 := k1 ('template_weapon_Extraction' [h=F03E424C,$00A3CC80])
      002 00010059      CALL r0 (1 args) => 0 results
      003 0000801B    RETURN
  [Node$01A31E68] 'Location_GetYaw' [h=888B12C2,$009892E0]: cfunction$002C99A0 'Location_GetYaw' [h=888B12C2,$009892E0]
  [Node$01A31E7C] 'Building_SpawnerReset' [h=11EDDEC3,$00A13980]: cfunction$002C1A18 'Building_SpawnerReset' [h=11EDDEC3,$00A13980]
  [Node$01A31E90] 'Cinematic_FadeOut' [h=67692EC4,$009EC540]: cfunction$002C0BA8 'Cinematic_FadeOut' [h=67692EC4,$009EC540]
  [Node$01A31EA4] 'gameflow_GetCardIntelValue' [h=840612C5,$009FEB80]: function$0099E260 'gameflow_GetCardIntelValue' [h=840612C5,$009FEB80]
    CONST$009A4220 k0  TObject(10.0)
    CONST$009A4228 k1  TObject(14.0)
    CONST$009A4230 k2  'iFaceIntel' [h=DBE92741,$0099DBA0]
    CONST$009A4238 k3  'iAceIntel' [h=ECD07653,$009AA1C0]
     CODE$00A37600
      000 00003E97        LE r0 > k0 (TObject(10.0))
      001 00800054       JMP +2 ; 4
      002 0001001B    RETURN r0 ... r0
      003 00800194       JMP +7 ; 11
      004 00003ED6        LT r0 >= k1 (TObject(14.0))
      005 00800094       JMP +3 ; 9
      006 01000085 GETGLOBAL r1 := _G[k2 ('iFaceIntel' [h=DBE92741,$0099DBA0])]
      007 0101001B    RETURN r1 ... r1
      008 00800054       JMP +2 ; 11
      009 010000C5 GETGLOBAL r1 := _G[k3 ('iAceIntel' [h=ECD07653,$009AA1C0])]
      010 0101001B    RETURN r1 ... r1
      011 0000801B    RETURN
  [Node$01A31EB8] 'VerificationTargetKilledAndVerified' [h=755D17D2,$009EAA40]: function$00986C00 'VerificationTargetKilledAndVerified' [h=755D17D2,$009EAA40]
    CONST$009D3740 k0  'mission_tTargets' [h=28796635,$00A38080]
    CONST$009D3748 k1  'Utility_GetActorAsInt' [h=A2B359A3,$00A3EB80]
    CONST$009D3750 k2  'VerificationTargetVerified' [h=D7E1760C,$00A39280]
    CONST$009D3758 k3  'mission_tObjectives' [h=B4A8BCEB,$009D7BC0]
    CONST$009D3760 k4  'objectiveName' [h=2337C7CC,$0097D840]
    CONST$009D3768 k5  'callbackFunc' [h=1E1CD035,$009C7860]
    CONST$009D3770 k6  'actorName' [h=4EB2E2FD,$0098A660]
    CONST$009D3778 k7  'TRUE' [h=0067B195,$0097E680]
     CODE$009FF6C0
      000 01000005 GETGLOBAL r1 := _G[k0 ('mission_tTargets' [h=28796635,$00A38080])]
      001 02000045 GETGLOBAL r2 := _G[k1 ('Utility_GetActorAsInt' [h=A2B359A3,$00A3EB80])]
      002 03000000      MOVE r3 := r0
      003 02010099      CALL r2 (1 args) => 1 results
      004 01008086  GETTABLE r1 := r1[r2]
      005 02000085 GETGLOBAL r2 := _G[k2 ('VerificationTargetVerified' [h=D7E1760C,$00A39280])]
      006 03008000      MOVE r3 := r1
      007 02010059      CALL r2 (1 args) => 0 results
      008 020000C5 GETGLOBAL r2 := _G[k3 ('mission_tObjectives' [h=B4A8BCEB,$009D7BC0])]
      009 0300BF86  GETTABLE r3 := r1[k4 ('objectiveName' [h=2337C7CC,$0097D840])]
      010 020100C6  GETTABLE r2 := r2[r3]
      011 02013FC6  GETTABLE r2 := r2[k5 ('callbackFunc' [h=1E1CD035,$009C7860])]
      012 0300C006  GETTABLE r3 := r1[k6 ('actorName' [h=4EB2E2FD,$0098A660])]
      013 040001C5 GETGLOBAL r4 := _G[k7 ('TRUE' [h=0067B195,$0097E680])]
      014 02018059      CALL r2 (2 args) => 0 results
      015 0000801B    RETURN
  [Node$01A31ECC] 'VerificationTargetSubdued' [h=5E2481D2,$00A29340]: function$0097A3A0 'VerificationTargetSubdued' [h=5E2481D2,$00A29340]
    CONST$00BC3C80 k0  'mission_tTargets' [h=28796635,$00A38080]
    CONST$00BC3C88 k1  'Utility_GetActorAsInt' [h=A2B359A3,$00A3EB80]
    CONST$00BC3C90 k2  'mission_tObjectives' [h=B4A8BCEB,$009D7BC0]
    CONST$00BC3C98 k3  'objectiveName' [h=2337C7CC,$0097D840]
    CONST$00BC3CA0 k4  'util_PrintDebugMsg' [h=A2961C17,$00A25100]
    CONST$00BC3CA8 k5  '\n[OBJECTIVEVERIFY] verification target ' [h=12913736,$00A08F00]
    CONST$00BC3CB0 k6  'actorName' [h=4EB2E2FD,$0098A660]
    CONST$00BC3CB8 k7  ' subdued\n' [h=820D0687,$009848E0]
    CONST$00BC3CC0 k8  'subduedHandle' [h=0B4CA19C,$0097A3C0]
    CONST$00BC3CC8 k9  'Event_ActorCaptured' [h=A30657A8,$00A17100]
    CONST$00BC3CD0 k10 'VerificationTargetSubduedAndVerified' [h=AE447453,$00A04CC0]
    CONST$00BC3CD8 k11 'b' [h=00000083,$00983380]
    CONST$00BC3CE0 k12 'subdueCallbackFunc' [h=24C7EABC,$009DD1C0]
    CONST$00BC3CE8 k13 'StopCardMusic' [h=A5D2DCD6,$009C73C0]
    CONST$00BC3CF0 k14 'handleExtractionSupport' [h=E2FD4C04,$00A06F80]
    CONST$00BC3CF8 k15 'Event_RelativeTimer' [h=AD23F6E2,$009F7840]
    CONST$00BC3D00 k16 'AddExtractionSupport' [h=84821F12,$00A1DB00]
    CONST$00BC3D08 k17 TObject(3.0)
     CODE$00B98CC0
      000 01000005 GETGLOBAL r1 := _G[k0 ('mission_tTargets' [h=28796635,$00A38080])]
      001 02000045 GETGLOBAL r2 := _G[k1 ('Utility_GetActorAsInt' [h=A2B359A3,$00A3EB80])]
      002 03000000      MOVE r3 := r0
      003 02010099      CALL r2 (1 args) => 1 results
      004 01008086  GETTABLE r1 := r1[r2]
      005 02000085 GETGLOBAL r2 := _G[k2 ('mission_tObjectives' [h=B4A8BCEB,$009D7BC0])]
      006 0300BF46  GETTABLE r3 := r1[k3 ('objectiveName' [h=2337C7CC,$0097D840])]
      007 020100C6  GETTABLE r2 := r2[r3]
      008 03000105 GETGLOBAL r3 := _G[k4 ('util_PrintDebugMsg' [h=A2961C17,$00A25100])]
      009 04000141     LOADK r4 := k5 ('\n[OBJECTIVEVERIFY] verification target ' [h=12913736,$00A08F00])
      010 0500C006  GETTABLE r5 := r1[k6 ('actorName' [h=4EB2E2FD,$0098A660])]
      011 060001C1     LOADK r6 := k7 (' subdued\n' [h=820D0687,$009848E0])
      012 04020193    CONCAT r4 := r4 ... r6
      013 03010059      CALL r3 (1 args) => 0 results
      014 03000245 GETGLOBAL r3 := _G[k9 ('Event_ActorCaptured' [h=A30657A8,$00A17100])]
      015 04000281     LOADK r4 := k10 ('VerificationTargetSubduedAndVerified' [h=AE447453,$00A04CC0])
      016 050002C1     LOADK r5 := k11 ('b' [h=00000083,$00983380])
      017 0600C006  GETTABLE r6 := r1[k6 ('actorName' [h=4EB2E2FD,$0098A660])]
      018 03020099      CALL r3 (3 args) => 1 results
      019 018100C9  SETTABLE r3 ->> r1[k8 ('subduedHandle' [h=0B4CA19C,$0097A3C0])]
      020 03000085 GETGLOBAL r3 := _G[k2 ('mission_tObjectives' [h=B4A8BCEB,$009D7BC0])]
      021 0400BF46  GETTABLE r4 := r1[k3 ('objectiveName' [h=2337C7CC,$0097D840])]
      022 03018106  GETTABLE r3 := r3[r4]
      023 0301C186  GETTABLE r3 := r3[k12 ('subdueCallbackFunc' [h=24C7EABC,$009DD1C0])]
      024 03018018      TEST not r3 : r3 := r3
      025 00800154       JMP +6 ; 32
      026 03000085 GETGLOBAL r3 := _G[k2 ('mission_tObjectives' [h=B4A8BCEB,$009D7BC0])]
      027 0400BF46  GETTABLE r4 := r1[k3 ('objectiveName' [h=2337C7CC,$0097D840])]
      028 03018106  GETTABLE r3 := r3[r4]
      029 0301C186  GETTABLE r3 := r3[k12 ('subdueCallbackFunc' [h=24C7EABC,$009DD1C0])]
      030 0400C006  GETTABLE r4 := r1[k6 ('actorName' [h=4EB2E2FD,$0098A660])]
      031 03010059      CALL r3 (1 args) => 0 results
      032 03000345 GETGLOBAL r3 := _G[k13 ('StopCardMusic' [h=A5D2DCD6,$009C73C0])]
      033 03008059      CALL r3 (0 args) => 0 results
      034 03014206  GETTABLE r3 := r2[k14 ('handleExtractionSupport' [h=E2FD4C04,$00A06F80])]
      035 03018018      TEST not r3 : r3 := r3
      036 00800114       JMP +5 ; 42
      037 030003C5 GETGLOBAL r3 := _G[k15 ('Event_RelativeTimer' [h=AD23F6E2,$009F7840])]
      038 04000401     LOADK r4 := k16 ('AddExtractionSupport' [h=84821F12,$00A1DB00])
      039 050002C1     LOADK r5 := k11 ('b' [h=00000083,$00983380])
      040 06000441     LOADK r6 := k17 (TObject(3.0))
      041 03020059      CALL r3 (3 args) => 0 results
      042 0000801B    RETURN
  [Node$01A31EE0] 'jeff_displayCopterHelp' [h=F983E2C8,$009EC2C0]: function$00987EE0 'jeff_displayCopterHelp' [h=F983E2C8,$009EC2C0]
    CONST$00A21E00 k0  'Utility_MessageBox' [h=E0C5D484,$009E5400]
    CONST$00A21E08 k1  'Utility_GetStringById' [h=F7067A6C,$009EF080]
    CONST$00A21E10 k2  'tutorial.Helicopter01.Title' [h=F10B6E87,$009DD640]
    CONST$00A21E18 k3  'tutorial.global.helicopter.body' [h=15B4B57A,$00A39200]
    CONST$00A21E20 k4  'jeff_displayCopterHelp2' [h=964090BF,$00A092C0]
     CODE$00A10940
      000 00000005 GETGLOBAL r0 := _G[k0 ('Utility_MessageBox' [h=E0C5D484,$009E5400])]
      001 01000045 GETGLOBAL r1 := _G[k1 ('Utility_GetStringById' [h=F7067A6C,$009EF080])]
      002 02000081     LOADK r2 := k2 ('tutorial.Helicopter01.Title' [h=F10B6E87,$009DD640])
      003 01010099      CALL r1 (1 args) => 1 results
      004 02000045 GETGLOBAL r2 := _G[k1 ('Utility_GetStringById' [h=F7067A6C,$009EF080])]
      005 030000C1     LOADK r3 := k3 ('tutorial.global.helicopter.body' [h=15B4B57A,$00A39200])
      006 02010099      CALL r2 (1 args) => 1 results
      007 03008002  LOADBOOL r3 := True
      008 04000101     LOADK r4 := k4 ('jeff_displayCopterHelp2' [h=964090BF,$00A092C0])
      009 00028059      CALL r0 (4 args) => 0 results
      010 0000801B    RETURN
  [Node$01A31EF4] 'VerificationTargetKilled' [h=7354BF51,$009EC500]: function$0098BFE0 'VerificationTargetKilled' [h=7354BF51,$009EC500]
    CONST$00B91940 k0  'mission_tTargets' [h=28796635,$00A38080]
    CONST$00B91948 k1  'Utility_GetActorAsInt' [h=A2B359A3,$00A3EB80]
    CONST$00B91950 k2  'mission_tObjectives' [h=B4A8BCEB,$009D7BC0]
    CONST$00B91958 k3  'objectiveName' [h=2337C7CC,$0097D840]
    CONST$00B91960 k4  'util_PrintDebugMsg' [h=A2961C17,$00A25100]
    CONST$00B91968 k5  '\n[OBJECTIVEVERIFY] verification target ' [h=12913736,$00A08F00]
    CONST$00B91970 k6  'actorName' [h=4EB2E2FD,$0098A660]
    CONST$00B91978 k7  ' killed\n' [h=263FC732,$009A78C0]
    CONST$00B91980 k8  'subduedHandle' [h=0B4CA19C,$0097A3C0]
    CONST$00B91988 k9  'Event_CancelEvent' [h=D8960070,$009D8C00]
    CONST$00B91990 k10 'killedHandle' [h=10232A24,$0098EC60]
    CONST$00B91998 k11 'Event_ActorVerified' [h=38B70F66,$009E4000]
    CONST$00B919A0 k12 'VerificationTargetKilledAndVerified' [h=755D17D2,$009EAA40]
    CONST$00B919A8 k13 'b' [h=00000083,$00983380]
    CONST$00B919B0 k14 'killCallbackFunc' [h=4C5627FE,$009D0840]
    CONST$00B919B8 k15 'StopCardMusic' [h=A5D2DCD6,$009C73C0]
    CONST$00B919C0 k16 'handleExtractionSupport' [h=E2FD4C04,$00A06F80]
    CONST$00B919C8 k17 'Event_RelativeTimer' [h=AD23F6E2,$009F7840]
    CONST$00B919D0 k18 'AddExtractionSupport' [h=84821F12,$00A1DB00]
    CONST$00B919D8 k19 TObject(3.0)
     CODE$00BBE340
      000 01000005 GETGLOBAL r1 := _G[k0 ('mission_tTargets' [h=28796635,$00A38080])]
      001 02000045 GETGLOBAL r2 := _G[k1 ('Utility_GetActorAsInt' [h=A2B359A3,$00A3EB80])]
      002 03000000      MOVE r3 := r0
      003 02010099      CALL r2 (1 args) => 1 results
      004 01008086  GETTABLE r1 := r1[r2]
      005 02000085 GETGLOBAL r2 := _G[k2 ('mission_tObjectives' [h=B4A8BCEB,$009D7BC0])]
      006 0300BF46  GETTABLE r3 := r1[k3 ('objectiveName' [h=2337C7CC,$0097D840])]
      007 020100C6  GETTABLE r2 := r2[r3]
      008 03000105 GETGLOBAL r3 := _G[k4 ('util_PrintDebugMsg' [h=A2961C17,$00A25100])]
      009 04000141     LOADK r4 := k5 ('\n[OBJECTIVEVERIFY] verification target ' [h=12913736,$00A08F00])
      010 0500C006  GETTABLE r5 := r1[k6 ('actorName' [h=4EB2E2FD,$0098A660])]
      011 060001C1     LOADK r6 := k7 (' killed\n' [h=263FC732,$009A78C0])
      012 04020193    CONCAT r4 := r4 ... r6
      013 03010059      CALL r3 (1 args) => 0 results
      014 03000245 GETGLOBAL r3 := _G[k9 ('Event_CancelEvent' [h=D8960070,$009D8C00])]
      015 0400C086  GETTABLE r4 := r1[k8 ('subduedHandle' [h=0B4CA19C,$0097A3C0])]
      016 03010099      CALL r3 (1 args) => 1 results
      017 018100C9  SETTABLE r3 ->> r1[k8 ('subduedHandle' [h=0B4CA19C,$0097A3C0])]
      018 030002C5 GETGLOBAL r3 := _G[k11 ('Event_ActorVerified' [h=38B70F66,$009E4000])]
      019 04000301     LOADK r4 := k12 ('VerificationTargetKilledAndVerified' [h=755D17D2,$009EAA40])
      020 05000341     LOADK r5 := k13 ('b' [h=00000083,$00983380])
      021 0600C006  GETTABLE r6 := r1[k6 ('actorName' [h=4EB2E2FD,$0098A660])]
      022 03020099      CALL r3 (3 args) => 1 results
      023 018200C9  SETTABLE r3 ->> r1[k10 ('killedHandle' [h=10232A24,$0098EC60])]
      024 03000085 GETGLOBAL r3 := _G[k2 ('mission_tObjectives' [h=B4A8BCEB,$009D7BC0])]
      025 0400BF46  GETTABLE r4 := r1[k3 ('objectiveName' [h=2337C7CC,$0097D840])]
      026 03018106  GETTABLE r3 := r3[r4]
      027 0301C206  GETTABLE r3 := r3[k14 ('killCallbackFunc' [h=4C5627FE,$009D0840])]
      028 03018018      TEST not r3 : r3 := r3
      029 00800154       JMP +6 ; 36
      030 03000085 GETGLOBAL r3 := _G[k2 ('mission_tObjectives' [h=B4A8BCEB,$009D7BC0])]
      031 0400BF46  GETTABLE r4 := r1[k3 ('objectiveName' [h=2337C7CC,$0097D840])]
      032 03018106  GETTABLE r3 := r3[r4]
      033 0301C206  GETTABLE r3 := r3[k14 ('killCallbackFunc' [h=4C5627FE,$009D0840])]
      034 0400C006  GETTABLE r4 := r1[k6 ('actorName' [h=4EB2E2FD,$0098A660])]
      035 03010059      CALL r3 (1 args) => 0 results
      036 030003C5 GETGLOBAL r3 := _G[k15 ('StopCardMusic' [h=A5D2DCD6,$009C73C0])]
      037 03008059      CALL r3 (0 args) => 0 results
      038 03014286  GETTABLE r3 := r2[k16 ('handleExtractionSupport' [h=E2FD4C04,$00A06F80])]
      039 03018018      TEST not r3 : r3 := r3
      040 00800114       JMP +5 ; 46
      041 03000445 GETGLOBAL r3 := _G[k17 ('Event_RelativeTimer' [h=AD23F6E2,$009F7840])]
      042 04000481     LOADK r4 := k18 ('AddExtractionSupport' [h=84821F12,$00A1DB00])
      043 05000341     LOADK r5 := k13 ('b' [h=00000083,$00983380])
      044 060004C1     LOADK r6 := k19 (TObject(3.0))
      045 03020059      CALL r3 (3 args) => 0 results
      046 0000801B    RETURN
  [Node$01A31F08] 'gameflow_Bridge_SW_2dmz_Destroyed' [h=2319C6CA,$009D4B80]: function$0098EDA0 'gameflow_Bridge_SW_2dmz_Destroyed' [h=2319C6CA,$009D4B80]
    CONST$00A3C700 k0  'gameflow_Bridge_SW_2dmz_Destroyed' [h=2319C6CA,$009D4B80]
    CONST$00A3C708 k1  'util_PrintDebugMsg' [h=A2961C17,$00A25100]
    CONST$00A3C710 k2  'Bridge 2dmz destroyed!!!\n' [h=73EB2E6F,$00A36780]
    CONST$00A3C718 k3  'gameflow_Bridge_Destroy' [h=3AF48C8C,$00A035C0]
    CONST$00A3C720 k4  'bridge_2dmz_01' [h=D150B918,$0098C0E0]
    CONST$00A3C728 k5  'bridge_2dmz_02' [h=43085BBC,$00987BC0]
     CODE$009F6400
      000 00000003   LOADNIL r0 ... r0
      001 00000007 SETGLOBAL r0 ->> _G[k0 ('gameflow_Bridge_SW_2dmz_Destroyed' [h=2319C6CA,$009D4B80])]
      002 00000045 GETGLOBAL r0 := _G[k1 ('util_PrintDebugMsg' [h=A2961C17,$00A25100])]
      003 01000081     LOADK r1 := k2 ('Bridge 2dmz destroyed!!!\n' [h=73EB2E6F,$00A36780])
      004 00010059      CALL r0 (1 args) => 0 results
      005 000000C5 GETGLOBAL r0 := _G[k3 ('gameflow_Bridge_Destroy' [h=3AF48C8C,$00A035C0])]
      006 0101000A  NEWTABLE r1 := {} (#a=2, #h=0)
      007 02000101     LOADK r2 := k4 ('bridge_2dmz_01' [h=D150B918,$0098C0E0])
      008 03000141     LOADK r3 := k5 ('bridge_2dmz_02' [h=43085BBC,$00987BC0])
      009 0100005F   SETLIST r1 [1]
      010 00010059      CALL r0 (1 args) => 0 results
      011 0000801B    RETURN
  [Node$01A31F1C] 'Utility_GetActorsInRange' [h=5830AACB,$009EE3C0]: cfunction$002C29D8 'Utility_GetActorsInRange' [h=5830AACB,$009EE3C0]
  [Node$01A31F30] 'SetupEventVerificationTargetCarryStatusChange' [h=1EC4489D,$009DC840]: function$009C3200 'SetupEventVerificationTargetCarryStatusChange' [h=1EC4489D,$009DC840]
    CONST$00A411C0 k0  'carriedHandle' [h=37E82AAD,$00978CA0]
    CONST$00A411C8 k1  'Event_ActorInFiremansCarry' [h=AC05FBEE,$009F34C0]
    CONST$00A411D0 k2  'VerificationTargetCarryStatusChange' [h=DEF395E3,$00A12740]
    CONST$00A411D8 k3  'b' [h=00000083,$00983380]
    CONST$00A411E0 k4  'actorName' [h=4EB2E2FD,$0098A660]
     CODE$0097D420
      000 02000045 GETGLOBAL r2 := _G[k1 ('Event_ActorInFiremansCarry' [h=AC05FBEE,$009F34C0])]
      001 03000081     LOADK r3 := k2 ('VerificationTargetCarryStatusChange' [h=DEF395E3,$00A12740])
      002 040000C1     LOADK r4 := k3 ('b' [h=00000083,$00983380])
      003 05003F86  GETTABLE r5 := r0[k4 ('actorName' [h=4EB2E2FD,$0098A660])]
      004 06008000      MOVE r6 := r1
      005 02028099      CALL r2 (4 args) => 1 results
      006 007D0089  SETTABLE r2 ->> r0[k0 ('carriedHandle' [h=37E82AAD,$00978CA0])]
      007 0000801B    RETURN
  [Node$01A31F44] 'VerificationTargetNearStatusChange' [h=73EE3415,$009F19C0]: function$00990660 'VerificationTargetNearStatusChange' [h=73EE3415,$009F19C0]
    CONST$00A9D2C0 k0  'mission_tTargets' [h=28796635,$00A38080]
    CONST$00A9D2C8 k1  'Utility_GetActorAsInt' [h=A2B359A3,$00A3EB80]
    CONST$00A9D2D0 k2  'util_PrintDebugMsg' [h=A2961C17,$00A25100]
    CONST$00A9D2D8 k3  '\n[OBJECTIVEVERIFY] unmarked verification target ' [h=CB77247C,$00AC31C0]
    CONST$00A9D2E0 k4  'actorName' [h=4EB2E2FD,$0098A660]
    CONST$00A9D2E8 k5  ' near\n' [h=A9D2D8B4,$0097BB80]
    CONST$00A9D2F0 k6  'CreateVerificationTargetBlip' [h=3986CCCA,$009DA080]
    CONST$00A9D2F8 k7  'StartCardMusic' [h=F2FB054F,$00997960]
    CONST$00A9D300 k8  ' far\n' [h=0B8AF456,$00976560]
    CONST$00A9D308 k9  'RemoveVerificationTargetBlip' [h=399A40BF,$009FAEC0]
    CONST$00A9D310 k10 'StopCardMusic' [h=A5D2DCD6,$009C73C0]
    CONST$00A9D318 k11 'SetupEventVerificationTargetNearStatusChange' [h=6D3221BD,$009EC840]
     CODE$00BF62C0
      000 04000005 GETGLOBAL r4 := _G[k0 ('mission_tTargets' [h=28796635,$00A38080])]
      001 05000045 GETGLOBAL r5 := _G[k1 ('Utility_GetActorAsInt' [h=A2B359A3,$00A3EB80])]
      002 06008000      MOVE r6 := r1
      003 05010099      CALL r5 (1 args) => 1 results
      004 04020146  GETTABLE r4 := r4[r5]
      005 05000085 GETGLOBAL r5 := _G[k2 ('util_PrintDebugMsg' [h=A2961C17,$00A25100])]
      006 060000C1     LOADK r6 := k3 ('\n[OBJECTIVEVERIFY] unmarked verification target ' [h=CB77247C,$00AC31C0])
      007 07023F86  GETTABLE r7 := r4[k4 ('actorName' [h=4EB2E2FD,$0098A660])]
      008 060301D3    CONCAT r6 := r6 ... r7
      009 05010059      CALL r5 (1 args) => 0 results
      010 03018018      TEST not r3 : r3 := r3
      011 00800214       JMP +9 ; 21
      012 05000085 GETGLOBAL r5 := _G[k2 ('util_PrintDebugMsg' [h=A2961C17,$00A25100])]
      013 06000141     LOADK r6 := k5 (' near\n' [h=A9D2D8B4,$0097BB80])
      014 05010059      CALL r5 (1 args) => 0 results
      015 05000185 GETGLOBAL r5 := _G[k6 ('CreateVerificationTargetBlip' [h=3986CCCA,$009DA080])]
      016 06020000      MOVE r6 := r4
      017 05010059      CALL r5 (1 args) => 0 results
      018 050001C5 GETGLOBAL r5 := _G[k7 ('StartCardMusic' [h=F2FB054F,$00997960])]
      019 05008059      CALL r5 (0 args) => 0 results
      020 008001D4       JMP +8 ; 29
      021 05000085 GETGLOBAL r5 := _G[k2 ('util_PrintDebugMsg' [h=A2961C17,$00A25100])]
      022 06000201     LOADK r6 := k8 (' far\n' [h=0B8AF456,$00976560])
      023 05010059      CALL r5 (1 args) => 0 results
      024 05000245 GETGLOBAL r5 := _G[k9 ('RemoveVerificationTargetBlip' [h=399A40BF,$009FAEC0])]
      025 06020000      MOVE r6 := r4
      026 05010059      CALL r5 (1 args) => 0 results
      027 05000285 GETGLOBAL r5 := _G[k10 ('StopCardMusic' [h=A5D2DCD6,$009C73C0])]
      028 05008059      CALL r5 (0 args) => 0 results
      029 050002C5 GETGLOBAL r5 := _G[k11 ('SetupEventVerificationTargetNearStatusChange' [h=6D3221BD,$009EC840])]
      030 06020000      MOVE r6 := r4
      031 07018012       NOT r7 := not r3
      032 05018059      CALL r5 (2 args) => 0 results
      033 0000801B    RETURN
  [Node$01A31F58] 'require' [h=4A1302CE,$00979960]: cfunction$003B7C00 'require' [h=4A1302CE,$00979960]
  [Node$01A31F6C] 'RemoveVerificationTargetBlip' [h=399A40BF,$009FAEC0]: function$0098F640 'RemoveVerificationTargetBlip' [h=399A40BF,$009FAEC0]
    CONST$00A3D400 k0  'util_PrintDebugMsg' [h=A2961C17,$00A25100]
    CONST$00A3D408 k1  '\n[OBJECTIVEVERIFY] Removing blip for verification target ' [h=8ABB42C5,$00A8A440]
    CONST$00A3D410 k2  'actorName' [h=4EB2E2FD,$0098A660]
    CONST$00A3D418 k3  ' (objective ' [h=2765F23D,$00982A20]
    CONST$00A3D420 k4  'objectiveName' [h=2337C7CC,$0097D840]
    CONST$00A3D428 k5  ')\n' [h=00000973,$00999AC0]
    CONST$00A3D430 k6  'Objective_Remove' [h=732926C0,$00A0AE00]
     CODE$00A21140
      000 01000005 GETGLOBAL r1 := _G[k0 ('util_PrintDebugMsg' [h=A2961C17,$00A25100])]
      001 02000041     LOADK r2 := k1 ('\n[OBJECTIVEVERIFY] Removing blip for verification target ' [h=8ABB42C5,$00A8A440])
      002 03003F06  GETTABLE r3 := r0[k2 ('actorName' [h=4EB2E2FD,$0098A660])]
      003 040000C1     LOADK r4 := k3 (' (objective ' [h=2765F23D,$00982A20])
      004 05003F86  GETTABLE r5 := r0[k4 ('objectiveName' [h=2337C7CC,$0097D840])]
      005 06000141     LOADK r6 := k5 (')\n' [h=00000973,$00999AC0])
      006 02010193    CONCAT r2 := r2 ... r6
      007 01010059      CALL r1 (1 args) => 0 results
      008 01000185 GETGLOBAL r1 := _G[k6 ('Objective_Remove' [h=732926C0,$00A0AE00])]
      009 02003F86  GETTABLE r2 := r0[k4 ('objectiveName' [h=2337C7CC,$0097D840])]
      010 01010059      CALL r1 (1 args) => 0 results
      011 0000801B    RETURN
  [Node$01A31F80] 'clubs' [h=12E946D0,$009AA340]: 'clubs' [h=12E946D0,$009AA340]
  [Node$01A31F94] 'Encounter_ReportStatus' [h=D4A5A2D1,$009F8C80]: cfunction$002B5FB8 'Encounter_ReportStatus' [h=D4A5A2D1,$009F8C80]
  [Node$01A31FA8] 'Event_ActorInFocus' [h=EF5E56D2,$009F3340]: cfunction$002B9BD0 'Event_ActorInFocus' [h=EF5E56D2,$009F3340]
  [Node$01A31FBC] 'mission_ObjectiveVerify' [h=E406DF42,$009DB040]: function$0097EB60 'mission_ObjectiveVerify' [h=E406DF42,$009DB040]
    CONST$00CF6100 k0  'callbackFunc' [h=1E1CD035,$009C7860]
    CONST$00CF6108 k1  'killCallbackFunc' [h=4C5627FE,$009D0840]
    CONST$00CF6110 k2  'stunCallbackFunc' [h=4C5A8302,$009E1BC0]
    CONST$00CF6118 k3  'subdueCallbackFunc' [h=24C7EABC,$009DD1C0]
    CONST$00CF6120 k4  'carryCallbackFunc' [h=6C258A1E,$009E2E40]
    CONST$00CF6128 k5  'objectiveName' [h=2337C7CC,$0097D840]
    CONST$00CF6130 k6  'objectiveType' [h=4CF75B8E,$00995160]
    CONST$00CF6138 k7  'objectiveDesc' [h=54B269EB,$009A9720]
    CONST$00CF6140 k8  'handleExtractionSupport' [h=E2FD4C04,$00A06F80]
    CONST$00CF6148 k9  'targetType' [h=4E235805,$0098DD20]
    CONST$00CF6150 k10 'actorName' [h=4EB2E2FD,$0098A660]
    CONST$00CF6158 k11 'actorCaption' [h=0C46BDC7,$0099F520]
    CONST$00CF6160 k12 'markInGPS' [h=1F1CD89F,$009C6C20]
    CONST$00CF6168 k13 'markInPDA' [h=06AF161A,$0099AF00]
    CONST$00CF6170 k14 'markInWorld' [h=5268B4A8,$009BF900]
    CONST$00CF6178 k15 'blipType' [h=D6B22C63,$009C0A20]
    CONST$00CF6180 k16 'drawDiamond' [h=F9D35DC5,$00985900]
    CONST$00CF6188 k17 'util_SetDefault' [h=3072A05A,$00988C60]
    CONST$00CF6190 k18 '' [h=00000000,$009A40A0]
    CONST$00CF6198 k19 'OBJECTIVE_TYPE_PRIMARY' [h=8DDCFC8C,$009D6680]
    CONST$00CF61A0 k20 '(TEMP) OBJECTIVE DESCRIPTION GOES HERE' [h=AA748333,$00A40940]
    CONST$00CF61A8 k21 'TARGET_TYPE_OBJECTIVE_PRIMARY' [h=90240E28,$009D6000]
    CONST$00CF61B0 k22 'TRUE' [h=0067B195,$0097E680]
    CONST$00CF61B8 k23 'blip' [h=007EFB0F,$009A5620]
    CONST$00CF61C0 k24 'FALSE' [h=0E4B730F,$009A6040]
    CONST$00CF61C8 k25 TObject(None)
    CONST$00CF61D0 k26 'mission_numDynCreatedObjectives' [h=90D3BB37,$009CCB40]
    CONST$00CF61D8 k27 TObject(1.0)
    CONST$00CF61E0 k28 'mission_DynCreatedObjectivePrefix' [h=84B62FC0,$00A0B880]
    CONST$00CF61E8 k29 'util_PrintDebugMsg' [h=A2961C17,$00A25100]
    CONST$00CF61F0 k30 '\n[OBJECTIVEVERIFY] Creating objective ' [h=D619E8ED,$00A0F6C0]
    CONST$00CF61F8 k31 '\n' [h=0000002B,$009AB680]
    CONST$00CF6200 k32 'Utility_GetActorAsInt' [h=A2B359A3,$00A3EB80]
    CONST$00CF6208 k33 'mission_tTargets' [h=28796635,$00A38080]
    CONST$00CF6210 k34 'killedHandle' [h=10232A24,$0098EC60]
    CONST$00CF6218 k35 'Event_ActorHitPointsLessThan' [h=A14D40BC,$009E1F00]
    CONST$00CF6220 k36 'VerificationTargetKilled' [h=7354BF51,$009EC500]
    CONST$00CF6228 k37 'b' [h=00000083,$00983380]
    CONST$00CF6230 k38 'subduedHandle' [h=0B4CA19C,$0097A3C0]
    CONST$00CF6238 k39 'Event_ActorIsSubdued' [h=22FBBD0D,$00A04D40]
    CONST$00CF6240 k40 'VerificationTargetSubdued' [h=5E2481D2,$00A29340]
    CONST$00CF6248 k41 'SetupEventVerificationTargetCarryStatusChange' [h=1EC4489D,$009DC840]
    CONST$00CF6250 k42 'mission_tObjectives' [h=B4A8BCEB,$009D7BC0]
    CONST$00CF6258 k43 'verb' [h=0076582D,$0098A700]
    CONST$00CF6260 k44 'VERB_VERIFY' [h=CAE4DEEE,$0098CEC0]
    CONST$00CF6268 k45 'targetActors' [h=DB0363C4,$0097CC00]
    CONST$00CF6270 k46 'objectify' [h=AEDDA575,$009C5EA0]
    CONST$00CF6278 k47 'CreateVerificationTargetBlip' [h=3986CCCA,$009DA080]
    CONST$00CF6280 k48 'Actor_SetVerifiable' [h=281DE4A8,$009FA2C0]
     CODE$00D8FEC0
      000 01003E86  GETTABLE r1 := r0[k0 ('callbackFunc' [h=1E1CD035,$009C7860])]
      001 02003EC6  GETTABLE r2 := r0[k1 ('killCallbackFunc' [h=4C5627FE,$009D0840])]
      002 03003F06  GETTABLE r3 := r0[k2 ('stunCallbackFunc' [h=4C5A8302,$009E1BC0])]
      003 04003F46  GETTABLE r4 := r0[k3 ('subdueCallbackFunc' [h=24C7EABC,$009DD1C0])]
      004 05003F86  GETTABLE r5 := r0[k4 ('carryCallbackFunc' [h=6C258A1E,$009E2E40])]
      005 06003FC6  GETTABLE r6 := r0[k5 ('objectiveName' [h=2337C7CC,$0097D840])]
      006 07004006  GETTABLE r7 := r0[k6 ('objectiveType' [h=4CF75B8E,$00995160])]
      007 08004046  GETTABLE r8 := r0[k7 ('objectiveDesc' [h=54B269EB,$009A9720])]
      008 09004086  GETTABLE r9 := r0[k8 ('handleExtractionSupport' [h=E2FD4C04,$00A06F80])]
      009 0A0040C6  GETTABLE r10 := r0[k9 ('targetType' [h=4E235805,$0098DD20])]
      010 0B004106  GETTABLE r11 := r0[k10 ('actorName' [h=4EB2E2FD,$0098A660])]
      011 0C004146  GETTABLE r12 := r0[k11 ('actorCaption' [h=0C46BDC7,$0099F520])]
      012 0D004186  GETTABLE r13 := r0[k12 ('markInGPS' [h=1F1CD89F,$009C6C20])]
      013 0E0041C6  GETTABLE r14 := r0[k13 ('markInPDA' [h=06AF161A,$0099AF00])]
      014 0F004206  GETTABLE r15 := r0[k14 ('markInWorld' [h=5268B4A8,$009BF900])]
      015 10004246  GETTABLE r16 := r0[k15 ('blipType' [h=D6B22C63,$009C0A20])]
      016 11004286  GETTABLE r17 := r0[k16 ('drawDiamond' [h=F9D35DC5,$00985900])]
      017 12000445 GETGLOBAL r18 := _G[k17 ('util_SetDefault' [h=3072A05A,$00988C60])]
      018 13060000      MOVE r19 := r12
      019 14000481     LOADK r20 := k18 ('' [h=00000000,$009A40A0])
      020 12018099      CALL r18 (2 args) => 1 results
      021 0C090000      MOVE r12 := r18
      022 12000445 GETGLOBAL r18 := _G[k17 ('util_SetDefault' [h=3072A05A,$00988C60])]
      023 13038000      MOVE r19 := r7
      024 140004C1     LOADK r20 := k19 ('OBJECTIVE_TYPE_PRIMARY' [h=8DDCFC8C,$009D6680])
      025 12018099      CALL r18 (2 args) => 1 results
      026 07090000      MOVE r7 := r18
      027 12000445 GETGLOBAL r18 := _G[k17 ('util_SetDefault' [h=3072A05A,$00988C60])]
      028 13040000      MOVE r19 := r8
      029 14000501     LOADK r20 := k20 ('(TEMP) OBJECTIVE DESCRIPTION GOES HERE' [h=AA748333,$00A40940])
      030 12018099      CALL r18 (2 args) => 1 results
      031 08090000      MOVE r8 := r18
      032 12000445 GETGLOBAL r18 := _G[k17 ('util_SetDefault' [h=3072A05A,$00988C60])]
      033 13050000      MOVE r19 := r10
      034 14000541     LOADK r20 := k21 ('TARGET_TYPE_OBJECTIVE_PRIMARY' [h=90240E28,$009D6000])
      035 12018099      CALL r18 (2 args) => 1 results
      036 0A090000      MOVE r10 := r18
      037 12000445 GETGLOBAL r18 := _G[k17 ('util_SetDefault' [h=3072A05A,$00988C60])]
      038 13068000      MOVE r19 := r13
      039 14000585 GETGLOBAL r20 := _G[k22 ('TRUE' [h=0067B195,$0097E680])]
      040 12018099      CALL r18 (2 args) => 1 results
      041 0D090000      MOVE r13 := r18
      042 12000445 GETGLOBAL r18 := _G[k17 ('util_SetDefault' [h=3072A05A,$00988C60])]
      043 13070000      MOVE r19 := r14
      044 14000585 GETGLOBAL r20 := _G[k22 ('TRUE' [h=0067B195,$0097E680])]
      045 12018099      CALL r18 (2 args) => 1 results
      046 0E090000      MOVE r14 := r18
      047 12000445 GETGLOBAL r18 := _G[k17 ('util_SetDefault' [h=3072A05A,$00988C60])]
      048 13078000      MOVE r19 := r15
      049 14000585 GETGLOBAL r20 := _G[k22 ('TRUE' [h=0067B195,$0097E680])]
      050 12018099      CALL r18 (2 args) => 1 results
      051 0F090000      MOVE r15 := r18
      052 12000445 GETGLOBAL r18 := _G[k17 ('util_SetDefault' [h=3072A05A,$00988C60])]
      053 13080000      MOVE r19 := r16
      054 140005C1     LOADK r20 := k23 ('blip' [h=007EFB0F,$009A5620])
      055 12018099      CALL r18 (2 args) => 1 results
      056 10090000      MOVE r16 := r18
      057 12000445 GETGLOBAL r18 := _G[k17 ('util_SetDefault' [h=3072A05A,$00988C60])]
      058 13088000      MOVE r19 := r17
      059 14000585 GETGLOBAL r20 := _G[k22 ('TRUE' [h=0067B195,$0097E680])]
      060 12018099      CALL r18 (2 args) => 1 results
      061 11090000      MOVE r17 := r18
      062 12000445 GETGLOBAL r18 := _G[k17 ('util_SetDefault' [h=3072A05A,$00988C60])]
      063 13048000      MOVE r19 := r9
      064 14000605 GETGLOBAL r20 := _G[k24 ('FALSE' [h=0E4B730F,$009A6040])]
      065 12018099      CALL r18 (2 args) => 1 results
      066 09090000      MOVE r9 := r18
      067 12000585 GETGLOBAL r18 := _G[k22 ('TRUE' [h=0067B195,$0097E680])]
      068 000344D5        EQ r6 != k25 (TObject(None))
      069 00800194       JMP +7 ; 77
      070 13000685 GETGLOBAL r19 := _G[k26 ('mission_numDynCreatedObjectives' [h=90D3BB37,$009CCB40])]
      071 1309C54C       ADD r19 := r19 + k27 (TObject(1.0))
      072 13000687 SETGLOBAL r19 ->> _G[k26 ('mission_numDynCreatedObjectives' [h=90D3BB37,$009CCB40])]
      073 13000705 GETGLOBAL r19 := _G[k28 ('mission_DynCreatedObjectivePrefix' [h=84B62FC0,$00A0B880])]
      074 14000685 GETGLOBAL r20 := _G[k26 ('mission_numDynCreatedObjectives' [h=90D3BB37,$009CCB40])]
      075 06098513    CONCAT r6 := r19 ... r20
      076 12000605 GETGLOBAL r18 := _G[k24 ('FALSE' [h=0E4B730F,$009A6040])]
      077 13000745 GETGLOBAL r19 := _G[k29 ('util_PrintDebugMsg' [h=A2961C17,$00A25100])]
      078 14000781     LOADK r20 := k30 ('\n[OBJECTIVEVERIFY] Creating objective ' [h=D619E8ED,$00A0F6C0])
      079 15030000      MOVE r21 := r6
      080 160007C1     LOADK r22 := k31 ('\n' [h=0000002B,$009AB680])
      081 140A0593    CONCAT r20 := r20 ... r22
      082 13010059      CALL r19 (1 args) => 0 results
      083 13000805 GETGLOBAL r19 := _G[k32 ('Utility_GetActorAsInt' [h=A2B359A3,$00A3EB80])]
      084 14058000      MOVE r20 := r11
      085 13010099      CALL r19 (1 args) => 1 results
      086 14000845 GETGLOBAL r20 := _G[k33 ('mission_tTargets' [h=28796635,$00A38080])]
      087 1500010A  NEWTABLE r21 := {} (#a=0, #h=4)
      088 157F8189  SETTABLE r6 ->> r21[k5 ('objectiveName' [h=2337C7CC,$0097D840])]
      089 158202C9  SETTABLE r11 ->> r21[k10 ('actorName' [h=4EB2E2FD,$0098A660])]
      090 15828309  SETTABLE r12 ->> r21[k11 ('actorCaption' [h=0C46BDC7,$0099F520])]
      091 158001C9  SETTABLE r7 ->> r21[k6 ('objectiveType' [h=4CF75B8E,$00995160])]
      092 15808209  SETTABLE r8 ->> r21[k7 ('objectiveDesc' [h=54B269EB,$009A9720])]
      093 15818289  SETTABLE r10 ->> r21[k9 ('targetType' [h=4E235805,$0098DD20])]
      094 15830349  SETTABLE r13 ->> r21[k12 ('markInGPS' [h=1F1CD89F,$009C6C20])]
      095 15838389  SETTABLE r14 ->> r21[k13 ('markInPDA' [h=06AF161A,$0099AF00])]
      096 158403C9  SETTABLE r15 ->> r21[k14 ('markInWorld' [h=5268B4A8,$009BF900])]
      097 15848409  SETTABLE r16 ->> r21[k15 ('blipType' [h=D6B22C63,$009C0A20])]
      098 15850449  SETTABLE r17 ->> r21[k16 ('drawDiamond' [h=F9D35DC5,$00985900])]
      099 160008C5 GETGLOBAL r22 := _G[k35 ('Event_ActorHitPointsLessThan' [h=A14D40BC,$009E1F00])]
      100 17000901     LOADK r23 := k36 ('VerificationTargetKilled' [h=7354BF51,$009EC500])
      101 18000941     LOADK r24 := k37 ('b' [h=00000083,$00983380])
      102 19058000      MOVE r25 := r11
      103 1A0006C1     LOADK r26 := k27 (TObject(1.0))
      104 16028099      CALL r22 (4 args) => 1 results
      105 158E0589  SETTABLE r22 ->> r21[k34 ('killedHandle' [h=10232A24,$0098EC60])]
      106 160009C5 GETGLOBAL r22 := _G[k39 ('Event_ActorIsSubdued' [h=22FBBD0D,$00A04D40])]
      107 17000A01     LOADK r23 := k40 ('VerificationTargetSubdued' [h=5E2481D2,$00A29340])
      108 18000941     LOADK r24 := k37 ('b' [h=00000083,$00983380])
      109 19058000      MOVE r25 := r11
      110 16020099      CALL r22 (3 args) => 1 results
      111 15900589  SETTABLE r22 ->> r21[k38 ('subduedHandle' [h=0B4CA19C,$0097A3C0])]
      112 14098549  SETTABLE r21 ->> r20[r19]
      113 14000A45 GETGLOBAL r20 := _G[k41 ('SetupEventVerificationTargetCarryStatusChange' [h=1EC4489D,$009DC840])]
      114 15000845 GETGLOBAL r21 := _G[k33 ('mission_tTargets' [h=28796635,$00A38080])]
      115 150A84C6  GETTABLE r21 := r21[r19]
      116 16000585 GETGLOBAL r22 := _G[k22 ('TRUE' [h=0067B195,$0097E680])]
      117 14018059      CALL r20 (2 args) => 0 results
      118 14000A85 GETGLOBAL r20 := _G[k42 ('mission_tObjectives' [h=B4A8BCEB,$009D7BC0])]
      119 1500010A  NEWTABLE r21 := {} (#a=0, #h=4)
      120 16000B05 GETGLOBAL r22 := _G[k44 ('VERB_VERIFY' [h=CAE4DEEE,$0098CEC0])]
      121 15928589  SETTABLE r22 ->> r21[k43 ('verb' [h=0076582D,$0098A700])]
      122 157D0049  SETTABLE r1 ->> r21[k0 ('callbackFunc' [h=1E1CD035,$009C7860])]
      123 157D8089  SETTABLE r2 ->> r21[k1 ('killCallbackFunc' [h=4C5627FE,$009D0840])]
      124 157E00C9  SETTABLE r3 ->> r21[k2 ('stunCallbackFunc' [h=4C5A8302,$009E1BC0])]
      125 157E8109  SETTABLE r4 ->> r21[k3 ('subdueCallbackFunc' [h=24C7EABC,$009DD1C0])]
      126 157F0149  SETTABLE r5 ->> r21[k4 ('carryCallbackFunc' [h=6C258A1E,$009E2E40])]
      127 1600800A  NEWTABLE r22 := {} (#a=1, #h=0)
      128 17058000      MOVE r23 := r11
      129 1600001F   SETLIST r22 [0]
      130 15938589  SETTABLE r22 ->> r21[k45 ('targetActors' [h=DB0363C4,$0097CC00])]
      131 15940489  SETTABLE r18 ->> r21[k46 ('objectify' [h=AEDDA575,$009C5EA0])]
      132 15810249  SETTABLE r9 ->> r21[k8 ('handleExtractionSupport' [h=E2FD4C04,$00A06F80])]
      133 14030549  SETTABLE r21 ->> r20[r6]
      134 12090018      TEST not r18 : r18 := r18
      135 008000D4       JMP +4 ; 140
      136 14000BC5 GETGLOBAL r20 := _G[k47 ('CreateVerificationTargetBlip' [h=3986CCCA,$009DA080])]
      137 15000845 GETGLOBAL r21 := _G[k33 ('mission_tTargets' [h=28796635,$00A38080])]
      138 150A84C6  GETTABLE r21 := r21[r19]
      139 14010059      CALL r20 (1 args) => 0 results
      140 14000C05 GETGLOBAL r20 := _G[k48 ('Actor_SetVerifiable' [h=281DE4A8,$009FA2C0])]
      141 15058000      MOVE r21 := r11
      142 16000585 GETGLOBAL r22 := _G[k22 ('TRUE' [h=0067B195,$0097E680])]
      143 14018059      CALL r20 (2 args) => 0 results
      144 0000801B    RETURN
  [Node$01A31FD0] 'SetupEventTargetActorFollowingHeroStatusChange' [h=F88DA6D4,$00A01340]: function$00993D40 'SetupEventTargetActorFollowingHeroStatusChange' [h=F88DA6D4,$00A01340]
    CONST$00AA5B40 k0  'actions.follow' [h=3181043C,$009A58C0]
    CONST$00AA5B48 k1  'actions.stopfollowing' [h=EC957D74,$009F71C0]
    CONST$00AA5B50 k2  'Actor_EnableScriptedUse' [h=2140441B,$00A37B40]
    CONST$00AA5B58 k3  'TRUE' [h=0067B195,$0097E680]
    CONST$00AA5B60 k4  'TargetActorFollowingHero' [h=6379611D,$009F99C0]
    CONST$00AA5B68 k5  'TargetActorNotFollowingHero' [h=52A6DA07,$009CB700]
    CONST$00AA5B70 k6  'util_PrintDebugMsg' [h=A2961C17,$00A25100]
    CONST$00AA5B78 k7  '\n[OBJECTIVEDELIVER] setting up ActorUsed event (bIsFollowing ' [h=AEADC194,$00B2F640]
    CONST$00AA5B80 k8  'tostring' [h=787EB105,$009A9A40]
    CONST$00AA5B88 k9  ')\n' [h=00000973,$00999AC0]
    CONST$00AA5B90 k10 'Event_ActorUsed' [h=760DA02B,$00992960]
    CONST$00AA5B98 k11 'b' [h=00000083,$00983380]
     CODE$00B2EEC0
      000 02010003   LOADNIL r2 ... r2
      001 01008018      TEST not r1 : r1 := r1
      002 00800054       JMP +2 ; 5
      003 02000001     LOADK r2 := k0 ('actions.follow' [h=3181043C,$009A58C0])
      004 00800014       JMP +1 ; 6
      005 02000041     LOADK r2 := k1 ('actions.stopfollowing' [h=EC957D74,$009F71C0])
      006 03000085 GETGLOBAL r3 := _G[k2 ('Actor_EnableScriptedUse' [h=2140441B,$00A37B40])]
      007 04000000      MOVE r4 := r0
      008 050000C5 GETGLOBAL r5 := _G[k3 ('TRUE' [h=0067B195,$0097E680])]
      009 06010000      MOVE r6 := r2
      010 03020059      CALL r3 (3 args) => 0 results
      011 03018003   LOADNIL r3 ... r3
      012 01008018      TEST not r1 : r1 := r1
      013 00800054       JMP +2 ; 16
      014 03000101     LOADK r3 := k4 ('TargetActorFollowingHero' [h=6379611D,$009F99C0])
      015 00800014       JMP +1 ; 17
      016 03000141     LOADK r3 := k5 ('TargetActorNotFollowingHero' [h=52A6DA07,$009CB700])
      017 04000185 GETGLOBAL r4 := _G[k6 ('util_PrintDebugMsg' [h=A2961C17,$00A25100])]
      018 050001C1     LOADK r5 := k7 ('\n[OBJECTIVEDELIVER] setting up ActorUsed event (bIsFollowing ' [h=AEADC194,$00B2F640])
      019 06000205 GETGLOBAL r6 := _G[k8 ('tostring' [h=787EB105,$009A9A40])]
      020 07008000      MOVE r7 := r1
      021 06010099      CALL r6 (1 args) => 1 results
      022 07000241     LOADK r7 := k9 (')\n' [h=00000973,$00999AC0])
      023 050281D3    CONCAT r5 := r5 ... r7
      024 04010059      CALL r4 (1 args) => 0 results
      025 04000285 GETGLOBAL r4 := _G[k10 ('Event_ActorUsed' [h=760DA02B,$00992960])]
      026 05018000      MOVE r5 := r3
      027 060002C1     LOADK r6 := k11 ('b' [h=00000083,$00983380])
      028 07000000      MOVE r7 := r0
      029 0402001A  TAILCALL r4 (3 args)
      030 0400001B    RETURN r4 ... top
      031 0000801B    RETURN
  [Node$01A31FE4] 'Utility_SetTimeScale' [h=6D9AF2D5,$00A29D40]: cfunction$002C4E80 'Utility_SetTimeScale' [h=6D9AF2D5,$00A29D40]
  [Node$01A31FF8] 'Boundary_GetEnclosingBoundaries' [h=961336D6,$009E46C0]: cfunction$002C8E50 'Boundary_GetEnclosingBoundaries' [h=961336D6,$009E46C0]
  [Node$01A3200C] 'mission_ObjectiveVerifyActor' [h=0D60DEBF,$00A37DC0]: function$009877A0 'mission_ObjectiveVerifyActor' [h=0D60DEBF,$00A37DC0]
    CONST$00A876C0 k0  'mission_ObjectiveVerify' [h=E406DF42,$009DB040]
    CONST$00A876C8 k1  'callbackFunc' [h=1E1CD035,$009C7860]
    CONST$00A876D0 k2  'objectiveName' [h=2337C7CC,$0097D840]
    CONST$00A876D8 k3  'objectiveDesc' [h=54B269EB,$009A9720]
    CONST$00A876E0 k4  'actorName' [h=4EB2E2FD,$0098A660]
    CONST$00A876E8 k5  'objectiveType' [h=4CF75B8E,$00995160]
    CONST$00A876F0 k6  'targetType' [h=4E235805,$0098DD20]
    CONST$00A876F8 k7  'markInGPS' [h=1F1CD89F,$009C6C20]
    CONST$00A87700 k8  'markInPDA' [h=06AF161A,$0099AF00]
    CONST$00A87708 k9  'markInWorld' [h=5268B4A8,$009BF900]
     CODE$009D5C00
      000 09000005 GETGLOBAL r9 := _G[k0 ('mission_ObjectiveVerify' [h=E406DF42,$009DB040])]
      001 0A00010A  NEWTABLE r10 := {} (#a=0, #h=4)
      002 0A7D8009  SETTABLE r0 ->> r10[k1 ('callbackFunc' [h=1E1CD035,$009C7860])]
      003 0A7E0049  SETTABLE r1 ->> r10[k2 ('objectiveName' [h=2337C7CC,$0097D840])]
      004 0A7E8089  SETTABLE r2 ->> r10[k3 ('objectiveDesc' [h=54B269EB,$009A9720])]
      005 0A7F00C9  SETTABLE r3 ->> r10[k4 ('actorName' [h=4EB2E2FD,$0098A660])]
      006 0A7F8109  SETTABLE r4 ->> r10[k5 ('objectiveType' [h=4CF75B8E,$00995160])]
      007 0A800149  SETTABLE r5 ->> r10[k6 ('targetType' [h=4E235805,$0098DD20])]
      008 0A808189  SETTABLE r6 ->> r10[k7 ('markInGPS' [h=1F1CD89F,$009C6C20])]
      009 0A8101C9  SETTABLE r7 ->> r10[k8 ('markInPDA' [h=06AF161A,$0099AF00])]
      010 0A818209  SETTABLE r8 ->> r10[k9 ('markInWorld' [h=5268B4A8,$009BF900])]
      011 09010059      CALL r9 (1 args) => 0 results
      012 0000801B    RETURN
  [Node$01A32020] 'mission_ObjectiveSubdueActor' [h=687B52D8,$009D8080]: function$009879A0 'mission_ObjectiveSubdueActor' [h=687B52D8,$009D8080]
    CONST$00959500 k0  'CreateArgTableFromOldStyleFunctionArgs' [h=F06CF7A7,$009E8DC0]
    CONST$00959508 k1  'mission_ObjectiveSubdue' [h=C9A1484E,$009CD640]
     CODE$009E7300
      000 0A000005 GETGLOBAL r10 := _G[k0 ('CreateArgTableFromOldStyleFunctionArgs' [h=F06CF7A7,$009E8DC0])]
      001 0B000000      MOVE r11 := r0
      002 0C008000      MOVE r12 := r1
      003 0D010000      MOVE r13 := r2
      004 0E018000      MOVE r14 := r3
      005 0F020000      MOVE r15 := r4
      006 10028000      MOVE r16 := r5
      007 11030000      MOVE r17 := r6
      008 12038000      MOVE r18 := r7
      009 13040000      MOVE r19 := r8
      010 14048000      MOVE r20 := r9
      011 0A058099      CALL r10 (10 args) => 1 results
      012 0B000045 GETGLOBAL r11 := _G[k1 ('mission_ObjectiveSubdue' [h=C9A1484E,$009CD640])]
      013 0C050000      MOVE r12 := r10
      014 0B010059      CALL r11 (1 args) => 0 results
      015 0000801B    RETURN
  [Node$01A32034] 'Global_GetValue' [h=A320AED9,$009A34A0]: cfunction$002C9DD8 'Global_GetValue' [h=A320AED9,$009A34A0]
  [Node$01A32048] 'StartInsertionStingerAttack' [h=E973BADA,$009E5AC0]: TObject(None)
  [Node$01A3205C] 'gameflow_QueueLayerLoads' [h=345D3ADB,$00A3E680]: function$0098D8E0 'gameflow_QueueLayerLoads' [h=345D3ADB,$00A3E680]
    CONST$00A1FCC0 k0  'layers' [h=B6F25259,$009C3960]
    CONST$00A1FCC8 k1  'ipairs' [h=B6F4A157,$0098FC00]
    CONST$00A1FCD0 k2  'util_PrintDebugMsg' [h=A2961C17,$00A25100]
    CONST$00A1FCD8 k3  '[gameflow.lua] gameflow_QueueLayerLoads: queueing layer ' [h=EBCC0C7C,$00AB9BC0]
    CONST$00A1FCE0 k4  ' for load\n' [h=7092F1FD,$009A80E0]
    CONST$00A1FCE8 k5  'Utility_ReadLevelFile' [h=882BA6F9,$00A11C80]
    CONST$00A1FCF0 k6  '\\' [h=0000007D,$00990D60]
     CODE$00AA4740
      000 02003E86  GETTABLE r2 := r0[k0 ('layers' [h=B6F25259,$009C3960])]
      001 02010018      TEST not r2 : r2 := r2
      002 00800494       JMP +19 ; 22
      003 02000045 GETGLOBAL r2 := _G[k1 ('ipairs' [h=B6F4A157,$0098FC00])]
      004 03003E86  GETTABLE r3 := r0[k0 ('layers' [h=B6F25259,$009C3960])]
      005 02010159      CALL r2 (1 args) => 4 results
      006 0280031E  TFORPREP WIP
      007 06000085 GETGLOBAL r6 := _G[k2 ('util_PrintDebugMsg' [h=A2961C17,$00A25100])]
      008 070000C1     LOADK r7 := k3 ('[gameflow.lua] gameflow_QueueLayerLoads: queueing layer ' [h=EBCC0C7C,$00AB9BC0])
      009 08028000      MOVE r8 := r5
      010 09000101     LOADK r9 := k4 (' for load\n' [h=7092F1FD,$009A80E0])
      011 07038253    CONCAT r7 := r7 ... r9
      012 06010059      CALL r6 (1 args) => 0 results
      013 06000145 GETGLOBAL r6 := _G[k5 ('Utility_ReadLevelFile' [h=882BA6F9,$00A11C80])]
      014 07000181     LOADK r7 := k6 ('\\' [h=0000007D,$00990D60])
      015 08008000      MOVE r8 := r1
      016 09000181     LOADK r9 := k6 ('\\' [h=0000007D,$00990D60])
      017 0A028000      MOVE r10 := r5
      018 07038293    CONCAT r7 := r7 ... r10
      019 06010059      CALL r6 (1 args) => 0 results
      020 0200005D  TFORLOOP WIP
      021 007FFC14       JMP -15 ; 7
      022 0000801B    RETURN
  [Node$01A32070] 'Event_ActorInLoadingZone' [h=DD9C6EDC,$009DF840]: cfunction$002BB5A8 'Event_ActorInLoadingZone' [h=DD9C6EDC,$009DF840]
  [Node$01A32084] 'Camera_SetInterestActor' [h=FF9BDEDD,$00A38400]: cfunction$002A5B08 'Camera_SetInterestActor' [h=FF9BDEDD,$00A38400]
  [Node$01A32098] 'Player_RefillWeaponAmmo' [h=7EBC9EDE,$009F7C80]: cfunction$002BFBB8 'Player_RefillWeaponAmmo' [h=7EBC9EDE,$009F7C80]
  [Node$01A320AC] 'mission_ObjectiveVerb_Deinit' [h=2EF4185C,$009D2400]: function$00999CE0 'mission_ObjectiveVerb_Deinit' [h=2EF4185C,$009D2400]
    CONST$00BB6180 k0  'MISSION_OBJECTIVEVERB_LUA_LOADED' [h=4EEBE033,$009E20C0]
    CONST$00BB6188 k1  'mission_ObjectiveDestroySingle' [h=3279C0E2,$00A10CC0]
    CONST$00BB6190 k2  'mission_ObjectiveActionActor' [h=FDF55A83,$00A3C580]
    CONST$00BB6198 k3  'mission_ObjectiveExtractActor' [h=3D4FDF72,$00A1E200]
    CONST$00BB61A0 k4  'mission_ObjectiveSubdueActor' [h=687B52D8,$009D8080]
    CONST$00BB61A8 k5  'CreateArgTableFromOldStyleFunctionArgs' [h=F06CF7A7,$009E8DC0]
    CONST$00BB61B0 k6  'mission_ObjectiveDestroy' [h=A28EF47D,$00A107C0]
    CONST$00BB61B8 k7  'mission_ObjectiveAction' [h=074379F2,$00A09340]
    CONST$00BB61C0 k8  'mission_ObjectiveExtract' [h=B5600970,$00A01540]
    CONST$00BB61C8 k9  'mission_ObjectiveSubdue' [h=C9A1484E,$009CD640]
    CONST$00BB61D0 k10 'mission_ObjectiveDisable' [h=29E191CA,$00A36540]
    CONST$00BB61D8 k11 'mission_ObjectiveVerb' [h=7FAF457B,$009E77C0]
    CONST$00BB61E0 k12 'VerbTargetKilled' [h=7342C13C,$009D9280]
    CONST$00BB61E8 k13 'TargetVerbed' [h=19EA2342,$009A2F20]
    CONST$00BB61F0 k14 'TargetPickedup' [h=BF3589B8,$009A1FA0]
    CONST$00BB61F8 k15 'OdfDestroyed' [h=8B0D2AF2,$009C5B20]
    CONST$00BB6200 k16 'SetupOdfDestroyedObjective' [h=AF1CF4CC,$00A012C0]
    CONST$00BB6208 k17 'TargetDisabled' [h=5ADC98F5,$009C4F40]
    CONST$00BB6210 k18 'mission_ObjectiveVerb_Deinit' [h=2EF4185C,$009D2400]
     CODE$00BF2180
      000 00000003   LOADNIL r0 ... r0
      001 00000007 SETGLOBAL r0 ->> _G[k0 ('MISSION_OBJECTIVEVERB_LUA_LOADED' [h=4EEBE033,$009E20C0])]
      002 00000003   LOADNIL r0 ... r0
      003 00000047 SETGLOBAL r0 ->> _G[k1 ('mission_ObjectiveDestroySingle' [h=3279C0E2,$00A10CC0])]
      004 00000003   LOADNIL r0 ... r0
      005 00000087 SETGLOBAL r0 ->> _G[k2 ('mission_ObjectiveActionActor' [h=FDF55A83,$00A3C580])]
      006 00000003   LOADNIL r0 ... r0
      007 000000C7 SETGLOBAL r0 ->> _G[k3 ('mission_ObjectiveExtractActor' [h=3D4FDF72,$00A1E200])]
      008 00000003   LOADNIL r0 ... r0
      009 00000107 SETGLOBAL r0 ->> _G[k4 ('mission_ObjectiveSubdueActor' [h=687B52D8,$009D8080])]
      010 00000003   LOADNIL r0 ... r0
      011 00000147 SETGLOBAL r0 ->> _G[k5 ('CreateArgTableFromOldStyleFunctionArgs' [h=F06CF7A7,$009E8DC0])]
      012 00000003   LOADNIL r0 ... r0
      013 00000187 SETGLOBAL r0 ->> _G[k6 ('mission_ObjectiveDestroy' [h=A28EF47D,$00A107C0])]
      014 00000003   LOADNIL r0 ... r0
      015 000001C7 SETGLOBAL r0 ->> _G[k7 ('mission_ObjectiveAction' [h=074379F2,$00A09340])]
      016 00000003   LOADNIL r0 ... r0
      017 00000207 SETGLOBAL r0 ->> _G[k8 ('mission_ObjectiveExtract' [h=B5600970,$00A01540])]
      018 00000003   LOADNIL r0 ... r0
      019 00000247 SETGLOBAL r0 ->> _G[k9 ('mission_ObjectiveSubdue' [h=C9A1484E,$009CD640])]
      020 00000003   LOADNIL r0 ... r0
      021 00000287 SETGLOBAL r0 ->> _G[k10 ('mission_ObjectiveDisable' [h=29E191CA,$00A36540])]
      022 00000003   LOADNIL r0 ... r0
      023 000002C7 SETGLOBAL r0 ->> _G[k11 ('mission_ObjectiveVerb' [h=7FAF457B,$009E77C0])]
      024 00000003   LOADNIL r0 ... r0
      025 00000307 SETGLOBAL r0 ->> _G[k12 ('VerbTargetKilled' [h=7342C13C,$009D9280])]
      026 00000003   LOADNIL r0 ... r0
      027 00000347 SETGLOBAL r0 ->> _G[k13 ('TargetVerbed' [h=19EA2342,$009A2F20])]
      028 00000003   LOADNIL r0 ... r0
      029 00000387 SETGLOBAL r0 ->> _G[k14 ('TargetPickedup' [h=BF3589B8,$009A1FA0])]
      030 00000003   LOADNIL r0 ... r0
      031 000003C7 SETGLOBAL r0 ->> _G[k15 ('OdfDestroyed' [h=8B0D2AF2,$009C5B20])]
      032 00000003   LOADNIL r0 ... r0
      033 00000407 SETGLOBAL r0 ->> _G[k16 ('SetupOdfDestroyedObjective' [h=AF1CF4CC,$00A012C0])]
      034 00000003   LOADNIL r0 ... r0
      035 00000447 SETGLOBAL r0 ->> _G[k17 ('TargetDisabled' [h=5ADC98F5,$009C4F40])]
      036 00000003   LOADNIL r0 ... r0
      037 00000487 SETGLOBAL r0 ->> _G[k18 ('mission_ObjectiveVerb_Deinit' [h=2EF4185C,$009D2400])]
      038 0000801B    RETURN
  [Node$01A320C0] 'nextsw' [h=B360CFCD,$00975E00]: function$0097EE00 'nextsw' [h=B360CFCD,$00975E00]
    CONST$009EAB40 k0  'g_iCurrentSwBountyIndex' [h=07EF99C7,$009F5C00]
    CONST$009EAB48 k1  TObject(1.0)
    CONST$009EAB50 k2  'util_SkipToBounty' [h=FA688C8B,$00A10380]
    CONST$009EAB58 k3  'util_GetBountyName' [h=AD9397D9,$009D7400]
    CONST$009EAB60 k4  'sw' [h=000017F5,$009A9160]
     CODE$00AACA40
      000 01000005 GETGLOBAL r1 := _G[k0 ('g_iCurrentSwBountyIndex' [h=07EF99C7,$009F5C00])]
      001 01008058      TEST r1 : r1 := r1
      002 00800054       JMP +2 ; 5
      003 01000041     LOADK r1 := k1 (TObject(1.0))
      004 01000007 SETGLOBAL r1 ->> _G[k0 ('g_iCurrentSwBountyIndex' [h=07EF99C7,$009F5C00])]
      005 00000018      TEST not r0 : r0 := r0
      006 008000D4       JMP +4 ; 11
      007 01000085 GETGLOBAL r1 := _G[k2 ('util_SkipToBounty' [h=FA688C8B,$00A10380])]
      008 02000000      MOVE r2 := r0
      009 01010059      CALL r1 (1 args) => 0 results
      010 00800254       JMP +10 ; 21
      011 010000C5 GETGLOBAL r1 := _G[k3 ('util_GetBountyName' [h=AD9397D9,$009D7400])]
      012 02000101     LOADK r2 := k4 ('sw' [h=000017F5,$009A9160])
      013 03000005 GETGLOBAL r3 := _G[k0 ('g_iCurrentSwBountyIndex' [h=07EF99C7,$009F5C00])]
      014 01018099      CALL r1 (2 args) => 1 results
      015 02000085 GETGLOBAL r2 := _G[k2 ('util_SkipToBounty' [h=FA688C8B,$00A10380])]
      016 03008000      MOVE r3 := r1
      017 02010059      CALL r2 (1 args) => 0 results
      018 02000005 GETGLOBAL r2 := _G[k0 ('g_iCurrentSwBountyIndex' [h=07EF99C7,$009F5C00])]
      019 02013ECC       ADD r2 := r2 + k1 (TObject(1.0))
      020 02000007 SETGLOBAL r2 ->> _G[k0 ('g_iCurrentSwBountyIndex' [h=07EF99C7,$009F5C00])]
      021 0000801B    RETURN
  [Node$01A320D4] 'jeff_CheckTutorialText' [h=8F0C6EE1,$00A3A6C0]: function$009C2560 'jeff_CheckTutorialText' [h=8F0C6EE1,$00A3A6C0]
    CONST$009F3100 k0  'Actor_GetType' [h=DC0B4554,$0099AC20]
    CONST$009F3108 k1  'tutorial_' [h=9945D57D,$00995B80]
    CONST$009F3110 k2  'Utility_ReadNumberFromScribbleMemory' [h=2BB92038,$009F9D40]
    CONST$009F3118 k3  'Utility_WriteNumberToScribbleMemory' [h=DCF55147,$00A29080]
    CONST$009F3120 k4  TObject(1.0)
    CONST$009F3128 k5  'jeff_DisplayTutorialText' [h=DE4D51B5,$00A23C80]
     CODE$00ACA640
      000 01000005 GETGLOBAL r1 := _G[k0 ('Actor_GetType' [h=DC0B4554,$0099AC20])]
      001 02000000      MOVE r2 := r0
      002 01010099      CALL r1 (1 args) => 1 results
      003 02000041     LOADK r2 := k1 ('tutorial_' [h=9945D57D,$00995B80])
      004 03008000      MOVE r3 := r1
      005 020100D3    CONCAT r2 := r2 ... r3
      006 03000085 GETGLOBAL r3 := _G[k2 ('Utility_ReadNumberFromScribbleMemory' [h=2BB92038,$009F9D40])]
      007 04010000      MOVE r4 := r2
      008 03010099      CALL r3 (1 args) => 1 results
      009 03018058      TEST r3 : r3 := r3
      010 00800194       JMP +7 ; 18
      011 030000C5 GETGLOBAL r3 := _G[k3 ('Utility_WriteNumberToScribbleMemory' [h=DCF55147,$00A29080])]
      012 04010000      MOVE r4 := r2
      013 05000101     LOADK r5 := k4 (TObject(1.0))
      014 03018059      CALL r3 (2 args) => 0 results
      015 03000145 GETGLOBAL r3 := _G[k5 ('jeff_DisplayTutorialText' [h=DE4D51B5,$00A23C80])]
      016 04010000      MOVE r4 := r2
      017 03010059      CALL r3 (1 args) => 0 results
      018 0000801B    RETURN
  [Node$01A320E8] 'Event_RelativeTimer' [h=AD23F6E2,$009F7840]: cfunction$002BE868 'Event_RelativeTimer' [h=AD23F6E2,$009F7840]
  [Node$01A320FC] 'TargetPickedup' [h=BF3589B8,$009A1FA0]: function$009AA9C0 'TargetPickedup' [h=BF3589B8,$009A1FA0]
    CONST$00A739C0 k0  'mission_tTargets' [h=28796635,$00A38080]
    CONST$00A739C8 k1  'Utility_GetActorAsInt' [h=A2B359A3,$00A3EB80]
    CONST$00A739D0 k2  'mission_tObjectives' [h=B4A8BCEB,$009D7BC0]
    CONST$00A739D8 k3  'objectiveName' [h=2337C7CC,$0097D840]
    CONST$00A739E0 k4  'TRUE' [h=0067B195,$0097E680]
    CONST$00A739E8 k5  'events' [h=7B78A23A,$009A5380]
    CONST$00A739F0 k6  'pickupEventHandle' [h=01FC1DBD,$009DA300]
    CONST$00A739F8 k7  'Event_CancelEvent' [h=D8960070,$009D8C00]
    CONST$00A73A00 k8  'Event_RelativeTimer' [h=AD23F6E2,$009F7840]
    CONST$00A73A08 k9  'CallTargetVerbed' [h=E6988BD9,$009DAB40]
    CONST$00A73A10 k10 'bTempFlag' [h=BC1187E2,$00987F00]
    CONST$00A73A18 k11 TObject(1.5)
    CONST$00A73A20 k12 'Event_AiIsPassenger' [h=D8938E73,$009F8340]
    CONST$00A73A28 k13 'TargetPickedup' [h=BF3589B8,$009A1FA0]
    CONST$00A73A30 k14 'b' [h=00000083,$00983380]
    CONST$00A73A38 k15 'actor' [h=1227C151,$00977420]
     CODE$00BAA9C0
      000 01000005 GETGLOBAL r1 := _G[k0 ('mission_tTargets' [h=28796635,$00A38080])]
      001 02000045 GETGLOBAL r2 := _G[k1 ('Utility_GetActorAsInt' [h=A2B359A3,$00A3EB80])]
      002 03000000      MOVE r3 := r0
      003 02010099      CALL r2 (1 args) => 1 results
      004 01008086  GETTABLE r1 := r1[r2]
      005 02000085 GETGLOBAL r2 := _G[k2 ('mission_tObjectives' [h=B4A8BCEB,$009D7BC0])]
      006 0300BF46  GETTABLE r3 := r1[k3 ('objectiveName' [h=2337C7CC,$0097D840])]
      007 020100C6  GETTABLE r2 := r2[r3]
      008 03000105 GETGLOBAL r3 := _G[k4 ('TRUE' [h=0067B195,$0097E680])]
      009 03018018      TEST not r3 : r3 := r3
      010 008003D4       JMP +16 ; 27
      011 0300BFC6  GETTABLE r3 := r1[k5 ('events' [h=7B78A23A,$009A5380])]
      012 040001C5 GETGLOBAL r4 := _G[k7 ('Event_CancelEvent' [h=D8960070,$009D8C00])]
      013 0500BFC6  GETTABLE r5 := r1[k5 ('events' [h=7B78A23A,$009A5380])]
      014 0502C006  GETTABLE r5 := r5[k6 ('pickupEventHandle' [h=01FC1DBD,$009DA300])]
      015 04010099      CALL r4 (1 args) => 1 results
      016 03800109  SETTABLE r4 ->> r3[k6 ('pickupEventHandle' [h=01FC1DBD,$009DA300])]
      017 03000205 GETGLOBAL r3 := _G[k8 ('Event_RelativeTimer' [h=AD23F6E2,$009F7840])]
      018 04000241     LOADK r4 := k9 ('CallTargetVerbed' [h=E6988BD9,$009DAB40])
      019 05000281     LOADK r5 := k10 ('bTempFlag' [h=BC1187E2,$00987F00])
      020 060002C1     LOADK r6 := k11 (TObject(1.5))
      021 03020059      CALL r3 (3 args) => 0 results
      022 03000022   CLOSURE r3 := closure(0, r3...)
      023 00008000      MOVE r0 := r1
      024 00000000      MOVE r0 := r0
      025 03000247 SETGLOBAL r3 ->> _G[k9 ('CallTargetVerbed' [h=E6988BD9,$009DAB40])]
      026 008001D4       JMP +8 ; 35
      027 0300BFC6  GETTABLE r3 := r1[k5 ('events' [h=7B78A23A,$009A5380])]
      028 04000305 GETGLOBAL r4 := _G[k12 ('Event_AiIsPassenger' [h=D8938E73,$009F8340])]
      029 05000341     LOADK r5 := k13 ('TargetPickedup' [h=BF3589B8,$009A1FA0])
      030 06000381     LOADK r6 := k14 ('b' [h=00000083,$00983380])
      031 070003C5 GETGLOBAL r7 := _G[k15 ('actor' [h=1227C151,$00977420])]
      032 08000105 GETGLOBAL r8 := _G[k4 ('TRUE' [h=0067B195,$0097E680])]
      033 04028099      CALL r4 (4 args) => 1 results
      034 03800109  SETTABLE r4 ->> r3[k6 ('pickupEventHandle' [h=01FC1DBD,$009DA300])]
      035 0000801B    RETURN
  [Node$01A32110] 'mission_RemoveObjectiveTarget' [h=4C7C6737,$00A16280]: function$009C2CE0 'mission_RemoveObjectiveTarget' [h=4C7C6737,$00A16280]
    CONST$00B1EFC0 k0  'Debug_Assert' [h=E8876833,$009778E0]
    CONST$00B1EFC8 k1  '[OBJECTIVE] attempting to remove target from invalid objectiveName!' [h=776E1D70,$00A9E040]
    CONST$00B1EFD0 k2  '[OBJECTIVE] attempting to remove invalid targetName from objective!' [h=1A16D93B,$00A70A40]
    CONST$00B1EFD8 k3  'util_PrintDebugMsg' [h=A2961C17,$00A25100]
    CONST$00B1EFE0 k4  '[OBJECTIVE] removing target ' [h=587CF68A,$00A18240]
    CONST$00B1EFE8 k5  ' from objective ' [h=25935262,$00A39B80]
    CONST$00B1EFF0 k6  '\n' [h=0000002B,$009AB680]
    CONST$00B1EFF8 k7  'Objective_RemoveTarget' [h=0A56591C,$00A20380]
    CONST$00B1F000 k8  'mission_tObjectives' [h=B4A8BCEB,$009D7BC0]
    CONST$00B1F008 k9  'Utility_GetActorAsInt' [h=A2B359A3,$00A3EB80]
    CONST$00B1F010 k10 'CancelEventsForObjectiveTarget' [h=57E38D51,$009E4180]
    CONST$00B1F018 k11 'verb' [h=0076582D,$0098A700]
    CONST$00B1F020 k12 'mission_tTargets' [h=28796635,$00A38080]
     CODE$00B9F980
      000 02000005 GETGLOBAL r2 := _G[k0 ('Debug_Assert' [h=E8876833,$009778E0])]
      001 03000000      MOVE r3 := r0
      002 04000041     LOADK r4 := k1 ('[OBJECTIVE] attempting to remove target from invalid objectiveName!' [h=776E1D70,$00A9E040])
      003 02018059      CALL r2 (2 args) => 0 results
      004 02000005 GETGLOBAL r2 := _G[k0 ('Debug_Assert' [h=E8876833,$009778E0])]
      005 03008000      MOVE r3 := r1
      006 04000081     LOADK r4 := k2 ('[OBJECTIVE] attempting to remove invalid targetName from objective!' [h=1A16D93B,$00A70A40])
      007 02018059      CALL r2 (2 args) => 0 results
      008 020000C5 GETGLOBAL r2 := _G[k3 ('util_PrintDebugMsg' [h=A2961C17,$00A25100])]
      009 03000101     LOADK r3 := k4 ('[OBJECTIVE] removing target ' [h=587CF68A,$00A18240])
      010 04008000      MOVE r4 := r1
      011 05000141     LOADK r5 := k5 (' from objective ' [h=25935262,$00A39B80])
      012 06000000      MOVE r6 := r0
      013 07000181     LOADK r7 := k6 ('\n' [h=0000002B,$009AB680])
      014 030181D3    CONCAT r3 := r3 ... r7
      015 02010059      CALL r2 (1 args) => 0 results
      016 020001C5 GETGLOBAL r2 := _G[k7 ('Objective_RemoveTarget' [h=0A56591C,$00A20380])]
      017 03000000      MOVE r3 := r0
      018 04008000      MOVE r4 := r1
      019 02018059      CALL r2 (2 args) => 0 results
      020 02000205 GETGLOBAL r2 := _G[k8 ('mission_tObjectives' [h=B4A8BCEB,$009D7BC0])]
      021 02010006  GETTABLE r2 := r2[r0]
      022 03000245 GETGLOBAL r3 := _G[k9 ('Utility_GetActorAsInt' [h=A2B359A3,$00A3EB80])]
      023 04008000      MOVE r4 := r1
      024 03010099      CALL r3 (1 args) => 1 results
      025 02010018      TEST not r2 : r2 := r2
      026 00800194       JMP +7 ; 34
      027 03018018      TEST not r3 : r3 := r3
      028 00800114       JMP +5 ; 34
      029 04000285 GETGLOBAL r4 := _G[k10 ('CancelEventsForObjectiveTarget' [h=57E38D51,$009E4180])]
      030 05014146  GETTABLE r5 := r2[k11 ('verb' [h=0076582D,$0098A700])]
      031 06000305 GETGLOBAL r6 := _G[k12 ('mission_tTargets' [h=28796635,$00A38080])]
      032 060300C6  GETTABLE r6 := r6[r3]
      033 04018059      CALL r4 (2 args) => 0 results
      034 0000801B    RETURN
  [Node$01A32124] 'Event_PlayerIsBeingFilmed' [h=B53B2AE5,$00A16EC0]: cfunction$002BE668 'Event_PlayerIsBeingFilmed' [h=B53B2AE5,$00A16EC0]
  [Node$01A32138] 'mission_ObjectiveVerb' [h=7FAF457B,$009E77C0]: function$009A8720 'mission_ObjectiveVerb' [h=7FAF457B,$009E77C0]
    CONST$01978E00 k0  'verb' [h=0076582D,$0098A700]
    CONST$01978E08 k1  'callbackFunc' [h=1E1CD035,$009C7860]
    CONST$01978E10 k2  'killCallbackFunc' [h=4C5627FE,$009D0840]
    CONST$01978E18 k3  'subdueCallbackFunc' [h=24C7EABC,$009DD1C0]
    CONST$01978E20 k4  'saleCallbackFunc' [h=4C714F01,$009FB140]
    CONST$01978E28 k5  'objectiveName' [h=2337C7CC,$0097D840]
    CONST$01978E30 k6  'objectiveType' [h=4CF75B8E,$00995160]
    CONST$01978E38 k7  'objectiveDesc' [h=54B269EB,$009A9720]
    CONST$01978E40 k8  'locationOnMaps' [h=FA99E3AB,$00982F20]
    CONST$01978E48 k9  'actorName' [h=4EB2E2FD,$0098A660]
    CONST$01978E50 k10 'actorCaption' [h=0C46BDC7,$0099F520]
    CONST$01978E58 k11 'targetType' [h=4E235805,$0098DD20]
    CONST$01978E60 k12 'markInGPS' [h=1F1CD89F,$009C6C20]
    CONST$01978E68 k13 'markInPDA' [h=06AF161A,$0099AF00]
    CONST$01978E70 k14 'markInWorld' [h=5268B4A8,$009BF900]
    CONST$01978E78 k15 'blipType' [h=D6B22C63,$009C0A20]
    CONST$01978E80 k16 'drawDiamond' [h=F9D35DC5,$00985900]
    CONST$01978E88 k17 'drawOutline' [h=E9E9F788,$0098B140]
    CONST$01978E90 k18 'odfName' [h=AB9C0ADB,$00998F60]
    CONST$01978E98 k19 'bSubdueEqualsKill' [h=FE893AD9,$009E3900]
    CONST$01978EA0 k20 'bPlayerInVehicleEqualsKill' [h=454E4611,$009CB940]
    CONST$01978EA8 k21 'actionCaption' [h=CE805BB5,$0099A180]
    CONST$01978EB0 k22 'drawWordBalloon' [h=8C519CF4,$009AAC60]
    CONST$01978EB8 k23 'pickupTriggersAction' [h=25E3A41C,$00A03400]
    CONST$01978EC0 k24 'kickoutAfterAction' [h=DA644490,$00A3EF00]
    CONST$01978EC8 k25 'actionRange' [h=92C7F219,$009C5680]
    CONST$01978ED0 k26 'util_SetDefault' [h=3072A05A,$00988C60]
    CONST$01978ED8 k27 'OBJECTIVE_TYPE_PRIMARY' [h=8DDCFC8C,$009D6680]
    CONST$01978EE0 k28 '(TEMP) OBJECTIVE DESCRIPTION GOES HERE' [h=AA748333,$00A40940]
    CONST$01978EE8 k29 '' [h=00000000,$009A40A0]
    CONST$01978EF0 k30 'TARGET_TYPE_OBJECTIVE_PRIMARY' [h=90240E28,$009D6000]
    CONST$01978EF8 k31 'TRUE' [h=0067B195,$0097E680]
    CONST$01978F00 k32 'VERB_ACTION' [h=F6A76037,$0097F040]
    CONST$01978F08 k33 'actions.use' [h=2C8B38CA,$009A8AC0]
    CONST$01978F10 k34 'FALSE' [h=0E4B730F,$009A6040]
    CONST$01978F18 k35 TObject(1.0)
    CONST$01978F20 k36 TObject(None)
    CONST$01978F28 k37 'location' [h=7C6728BC,$009858C0]
    CONST$01978F30 k38 'Objective_SetTargetActor' [h=A04E11C0,$009CB2C0]
    CONST$01978F38 k39 'util_PrintDebugMsg' [h=A2961C17,$00A25100]
    CONST$01978F40 k40 '\n[OBJECTIVEVERB] Creating objective ' [h=884E22AB,$009E3F80]
    CONST$01978F48 k41 '...\n' [h=00481635,$00977AE0]
    CONST$01978F50 k42 'Objective_SetShortDescription' [h=3CB3128C,$00A25740]
    CONST$01978F58 k43 'Objective_SetType' [h=7BC600A9,$009E09C0]
    CONST$01978F60 k44 'mission_tObjectives' [h=B4A8BCEB,$009D7BC0]
    CONST$01978F68 k45 'targetActors' [h=DB0363C4,$0097CC00]
    CONST$01978F70 k46 'VERB_DESTROY' [h=4B9E3A50,$009C0600]
    CONST$01978F78 k47 'mission_tTargets' [h=28796635,$00A38080]
    CONST$01978F80 k48 'eventHandle' [h=CB2EA18F,$00991D20]
    CONST$01978F88 k49 'SetupOdfDestroyedObjective' [h=AF1CF4CC,$00A012C0]
    CONST$01978F90 k50 TObject(0.0)
    CONST$01978F98 k51 'type' [h=0070EF71,$009875A0]
    CONST$01978FA0 k52 'string' [h=81F98B41,$0097FB00]
    CONST$01978FA8 k53 'table' [h=10F2114B,$0098D780]
    CONST$01978FB0 k54 'ipairs' [h=B6F4A157,$0098FC00]
    CONST$01978FB8 k55 '[OBJECTIVEVERB] Adding target actor ' [h=49C9AC3A,$009D1DC0]
    CONST$01978FC0 k56 ' to objective ' [h=E8850916,$0098C680]
    CONST$01978FC8 k57 '\n' [h=0000002B,$009AB680]
    CONST$01978FD0 k58 'VERB_DISABLE' [h=0D5E0FD1,$00980A00]
    CONST$01978FD8 k59 'scope' [h=10EB8494,$00982020]
    CONST$01978FE0 k60 'util_GetIconFromActorType' [h=B588C697,$009DD680]
    CONST$01978FE8 k61 'Utility_GetActorAsInt' [h=A2B359A3,$00A3EB80]
    CONST$01978FF0 k62 'events' [h=7B78A23A,$009A5380]
    CONST$01978FF8 k63 'killedHandle' [h=10232A24,$0098EC60]
    CONST$01979000 k64 'Event_ActorHitPointsLessThan' [h=A14D40BC,$009E1F00]
    CONST$01979008 k65 'VerbTargetKilled' [h=7342C13C,$009D9280]
    CONST$01979010 k66 'b' [h=00000083,$00983380]
    CONST$01979018 k67 'subduedHandle' [h=0B4CA19C,$0097A3C0]
    CONST$01979020 k68 'Event_ActorIsSubdued' [h=22FBBD0D,$00A04D40]
    CONST$01979028 k69 'VerbTargetSubdued' [h=A94DEABE,$009FD840]
    CONST$01979030 k70 'soldHandle' [h=4DCA04E2,$009ABFE0]
    CONST$01979038 k71 'Event_ActorSold' [h=F4423E83,$00998B40]
    CONST$01979040 k72 'VerbTargetSold' [h=2CB7F091,$009A05E0]
    CONST$01979048 k73 'TargetVerbed' [h=19EA2342,$009A2F20]
    CONST$01979050 k74 '[OBJECTIVEVERB] subdue equals kill for ' [h=526AE0E0,$00A02C80]
    CONST$01979058 k75 '[OBJECTIVEVERB] player in vehicle equals kill for ' [h=658899C6,$00A82140]
    CONST$01979060 k76 'playerInVehicleHandle' [h=9CDBFEAF,$009F01C0]
    CONST$01979068 k77 'Event_AiInNamedVehicle' [h=F4DC0213,$009D0FC0]
    CONST$01979070 k78 'TargetDisabled' [h=5ADC98F5,$009C4F40]
    CONST$01979078 k79 'player0' [h=316752BF,$009A56E0]
    CONST$01979080 k80 'Event_ActorUsed' [h=760DA02B,$00992960]
    CONST$01979088 k81 '[OBJECTIVEVERB] Actor_EnableScriptedUse ' [h=83111B29,$00A0CC80]
    CONST$01979090 k82 'tostring' [h=787EB105,$009A9A40]
    CONST$01979098 k83 ', ' [h=00000CE6,$009A70C0]
    CONST$019790A0 k84 'Actor_EnableScriptedUse' [h=2140441B,$00A37B40]
    CONST$019790A8 k85 'pickupEventHandle' [h=01FC1DBD,$009DA300]
    CONST$019790B0 k86 'Event_AiIsPassenger' [h=D8938E73,$009F8340]
    CONST$019790B8 k87 'TargetPickedup' [h=BF3589B8,$009A1FA0]
    CONST$019790C0 k88 'VERB_EXTRACT' [h=3EC2A516,$009A6AC0]
    CONST$019790C8 k89 'Event_ActorCaptured' [h=A30657A8,$00A17100]
    CONST$019790D0 k90 'Actor_SetVerifiable' [h=281DE4A8,$009FA2C0]
    CONST$019790D8 k91 'VERB_SUBDUE' [h=9C793DA4,$009998A0]
    CONST$019790E0 k92 'insert' [h=92EA3D93,$009903C0]
    CONST$019790E8 k93 'targetsRemaining' [h=124C4A35,$00A15A00]
    CONST$019790F0 k94 '[OBJECTIVEVERB] Objective ' [h=33E54450,$009D2B00]
    CONST$019790F8 k95 ' contains ' [h=A1F3BABD,$009C63A0]
    CONST$01979100 k96 ' targets\n' [h=62973587,$009924A0]
     CODE$0197BA80
      000 01003E86  GETTABLE r1 := r0[k0 ('verb' [h=0076582D,$0098A700])]
      001 02003EC6  GETTABLE r2 := r0[k1 ('callbackFunc' [h=1E1CD035,$009C7860])]
      002 03003F06  GETTABLE r3 := r0[k2 ('killCallbackFunc' [h=4C5627FE,$009D0840])]
      003 04003F46  GETTABLE r4 := r0[k3 ('subdueCallbackFunc' [h=24C7EABC,$009DD1C0])]
      004 05003F86  GETTABLE r5 := r0[k4 ('saleCallbackFunc' [h=4C714F01,$009FB140])]
      005 06003FC6  GETTABLE r6 := r0[k5 ('objectiveName' [h=2337C7CC,$0097D840])]
      006 07004006  GETTABLE r7 := r0[k6 ('objectiveType' [h=4CF75B8E,$00995160])]
      007 08004046  GETTABLE r8 := r0[k7 ('objectiveDesc' [h=54B269EB,$009A9720])]
      008 09004086  GETTABLE r9 := r0[k8 ('locationOnMaps' [h=FA99E3AB,$00982F20])]
      009 0A0040C6  GETTABLE r10 := r0[k9 ('actorName' [h=4EB2E2FD,$0098A660])]
      010 0B004106  GETTABLE r11 := r0[k10 ('actorCaption' [h=0C46BDC7,$0099F520])]
      011 0C004146  GETTABLE r12 := r0[k11 ('targetType' [h=4E235805,$0098DD20])]
      012 0D004186  GETTABLE r13 := r0[k12 ('markInGPS' [h=1F1CD89F,$009C6C20])]
      013 0E0041C6  GETTABLE r14 := r0[k13 ('markInPDA' [h=06AF161A,$0099AF00])]
      014 0F004206  GETTABLE r15 := r0[k14 ('markInWorld' [h=5268B4A8,$009BF900])]
      015 10004246  GETTABLE r16 := r0[k15 ('blipType' [h=D6B22C63,$009C0A20])]
      016 11004286  GETTABLE r17 := r0[k16 ('drawDiamond' [h=F9D35DC5,$00985900])]
      017 120042C6  GETTABLE r18 := r0[k17 ('drawOutline' [h=E9E9F788,$0098B140])]
      018 13004306  GETTABLE r19 := r0[k18 ('odfName' [h=AB9C0ADB,$00998F60])]
      019 14004346  GETTABLE r20 := r0[k19 ('bSubdueEqualsKill' [h=FE893AD9,$009E3900])]
      020 140A0058      TEST r20 : r20 := r20
      021 00800014       JMP +1 ; 23
      022 14000002  LOADBOOL r20 := False
      023 15004386  GETTABLE r21 := r0[k20 ('bPlayerInVehicleEqualsKill' [h=454E4611,$009CB940])]
      024 150A8058      TEST r21 : r21 := r21
      025 00800014       JMP +1 ; 27
      026 15000002  LOADBOOL r21 := False
      027 160043C6  GETTABLE r22 := r0[k21 ('actionCaption' [h=CE805BB5,$0099A180])]
      028 17004406  GETTABLE r23 := r0[k22 ('drawWordBalloon' [h=8C519CF4,$009AAC60])]
      029 18004446  GETTABLE r24 := r0[k23 ('pickupTriggersAction' [h=25E3A41C,$00A03400])]
      030 19004486  GETTABLE r25 := r0[k24 ('kickoutAfterAction' [h=DA644490,$00A3EF00])]
      031 1A0044C6  GETTABLE r26 := r0[k25 ('actionRange' [h=92C7F219,$009C5680])]
      032 1B000685 GETGLOBAL r27 := _G[k26 ('util_SetDefault' [h=3072A05A,$00988C60])]
      033 1C038000      MOVE r28 := r7
      034 1D0006C1     LOADK r29 := k27 ('OBJECTIVE_TYPE_PRIMARY' [h=8DDCFC8C,$009D6680])
      035 1B018099      CALL r27 (2 args) => 1 results
      036 070D8000      MOVE r7 := r27
      037 1B000685 GETGLOBAL r27 := _G[k26 ('util_SetDefault' [h=3072A05A,$00988C60])]
      038 1C040000      MOVE r28 := r8
      039 1D000701     LOADK r29 := k28 ('(TEMP) OBJECTIVE DESCRIPTION GOES HERE' [h=AA748333,$00A40940])
      040 1B018099      CALL r27 (2 args) => 1 results
      041 080D8000      MOVE r8 := r27
      042 1B000685 GETGLOBAL r27 := _G[k26 ('util_SetDefault' [h=3072A05A,$00988C60])]
      043 1C058000      MOVE r28 := r11
      044 1D000741     LOADK r29 := k29 ('' [h=00000000,$009A40A0])
      045 1B018099      CALL r27 (2 args) => 1 results
      046 0B0D8000      MOVE r11 := r27
      047 1B000685 GETGLOBAL r27 := _G[k26 ('util_SetDefault' [h=3072A05A,$00988C60])]
      048 1C060000      MOVE r28 := r12
      049 1D000781     LOADK r29 := k30 ('TARGET_TYPE_OBJECTIVE_PRIMARY' [h=90240E28,$009D6000])
      050 1B018099      CALL r27 (2 args) => 1 results
      051 0C0D8000      MOVE r12 := r27
      052 1B000685 GETGLOBAL r27 := _G[k26 ('util_SetDefault' [h=3072A05A,$00988C60])]
      053 1C068000      MOVE r28 := r13
      054 1D0007C5 GETGLOBAL r29 := _G[k31 ('TRUE' [h=0067B195,$0097E680])]
      055 1B018099      CALL r27 (2 args) => 1 results
      056 0D0D8000      MOVE r13 := r27
      057 1B000685 GETGLOBAL r27 := _G[k26 ('util_SetDefault' [h=3072A05A,$00988C60])]
      058 1C070000      MOVE r28 := r14
      059 1D0007C5 GETGLOBAL r29 := _G[k31 ('TRUE' [h=0067B195,$0097E680])]
      060 1B018099      CALL r27 (2 args) => 1 results
      061 0E0D8000      MOVE r14 := r27
      062 1B000685 GETGLOBAL r27 := _G[k26 ('util_SetDefault' [h=3072A05A,$00988C60])]
      063 1C078000      MOVE r28 := r15
      064 1D0007C5 GETGLOBAL r29 := _G[k31 ('TRUE' [h=0067B195,$0097E680])]
      065 1B018099      CALL r27 (2 args) => 1 results
      066 0F0D8000      MOVE r15 := r27
      067 1B000685 GETGLOBAL r27 := _G[k26 ('util_SetDefault' [h=3072A05A,$00988C60])]
      068 1C088000      MOVE r28 := r17
      069 1D0007C5 GETGLOBAL r29 := _G[k31 ('TRUE' [h=0067B195,$0097E680])]
      070 1B018099      CALL r27 (2 args) => 1 results
      071 110D8000      MOVE r17 := r27
      072 1B000685 GETGLOBAL r27 := _G[k26 ('util_SetDefault' [h=3072A05A,$00988C60])]
      073 1C090000      MOVE r28 := r18
      074 1D0007C5 GETGLOBAL r29 := _G[k31 ('TRUE' [h=0067B195,$0097E680])]
      075 1B018099      CALL r27 (2 args) => 1 results
      076 120D8000      MOVE r18 := r27
      077 1B000805 GETGLOBAL r27 := _G[k32 ('VERB_ACTION' [h=F6A76037,$0097F040])]
      078 000086D5        EQ r1 != r27
      079 00800614       JMP +25 ; 105
      080 1B000685 GETGLOBAL r27 := _G[k26 ('util_SetDefault' [h=3072A05A,$00988C60])]
      081 1C0B0000      MOVE r28 := r22
      082 1D000841     LOADK r29 := k33 ('actions.use' [h=2C8B38CA,$009A8AC0])
      083 1B018099      CALL r27 (2 args) => 1 results
      084 160D8000      MOVE r22 := r27
      085 1B000685 GETGLOBAL r27 := _G[k26 ('util_SetDefault' [h=3072A05A,$00988C60])]
      086 1C0B8000      MOVE r28 := r23
      087 1D000885 GETGLOBAL r29 := _G[k34 ('FALSE' [h=0E4B730F,$009A6040])]
      088 1B018099      CALL r27 (2 args) => 1 results
      089 170D8000      MOVE r23 := r27
      090 1B000685 GETGLOBAL r27 := _G[k26 ('util_SetDefault' [h=3072A05A,$00988C60])]
      091 1C0C0000      MOVE r28 := r24
      092 1D000885 GETGLOBAL r29 := _G[k34 ('FALSE' [h=0E4B730F,$009A6040])]
      093 1B018099      CALL r27 (2 args) => 1 results
      094 180D8000      MOVE r24 := r27
      095 1B000685 GETGLOBAL r27 := _G[k26 ('util_SetDefault' [h=3072A05A,$00988C60])]
      096 1C0C8000      MOVE r28 := r25
      097 1D000885 GETGLOBAL r29 := _G[k34 ('FALSE' [h=0E4B730F,$009A6040])]
      098 1B018099      CALL r27 (2 args) => 1 results
      099 190D8000      MOVE r25 := r27
      100 1B000685 GETGLOBAL r27 := _G[k26 ('util_SetDefault' [h=3072A05A,$00988C60])]
      101 1C0D0000      MOVE r28 := r26
      102 1D0008C1     LOADK r29 := k35 (TObject(1.0))
      103 1B018099      CALL r27 (2 args) => 1 results
      104 1A0D8000      MOVE r26 := r27
      105 0104C795        EQ r9 == k36 (TObject(None))
      106 00800394       JMP +15 ; 122
      107 1B000685 GETGLOBAL r27 := _G[k26 ('util_SetDefault' [h=3072A05A,$00988C60])]
      108 1C080000      MOVE r28 := r16
      109 1D000941     LOADK r29 := k37 ('location' [h=7C6728BC,$009858C0])
      110 1B018099      CALL r27 (2 args) => 1 results
      111 100D8000      MOVE r16 := r27
      112 1B000985 GETGLOBAL r27 := _G[k38 ('Objective_SetTargetActor' [h=A04E11C0,$009CB2C0])]
      113 1C030000      MOVE r28 := r6
      114 1D048000      MOVE r29 := r9
      115 1E058000      MOVE r30 := r11
      116 1F060000      MOVE r31 := r12
      117 20080000      MOVE r32 := r16
      118 210007C5 GETGLOBAL r33 := _G[k31 ('TRUE' [h=0067B195,$0097E680])]
      119 220007C5 GETGLOBAL r34 := _G[k31 ('TRUE' [h=0067B195,$0097E680])]
      120 23000885 GETGLOBAL r35 := _G[k34 ('FALSE' [h=0E4B730F,$009A6040])]
      121 1B048059      CALL r27 (8 args) => 0 results
      122 1B0009C5 GETGLOBAL r27 := _G[k39 ('util_PrintDebugMsg' [h=A2961C17,$00A25100])]
      123 1C000A01     LOADK r28 := k40 ('\n[OBJECTIVEVERB] Creating objective ' [h=884E22AB,$009E3F80])
      124 1D030000      MOVE r29 := r6
      125 1E000A41     LOADK r30 := k41 ('...\n' [h=00481635,$00977AE0])
      126 1C0E0793    CONCAT r28 := r28 ... r30
      127 1B010059      CALL r27 (1 args) => 0 results
      128 1B000A85 GETGLOBAL r27 := _G[k42 ('Objective_SetShortDescription' [h=3CB3128C,$00A25740])]
      129 1C030000      MOVE r28 := r6
      130 1D040000      MOVE r29 := r8
      131 1B018059      CALL r27 (2 args) => 0 results
      132 1B000AC5 GETGLOBAL r27 := _G[k43 ('Objective_SetType' [h=7BC600A9,$009E09C0])]
      133 1C030000      MOVE r28 := r6
      134 1D038000      MOVE r29 := r7
      135 1B018059      CALL r27 (2 args) => 0 results
      136 1B000B05 GETGLOBAL r27 := _G[k44 ('mission_tObjectives' [h=B4A8BCEB,$009D7BC0])]
      137 1C0000CA  NEWTABLE r28 := {} (#a=0, #h=3)
      138 1C7D0049  SETTABLE r1 ->> r28[k0 ('verb' [h=0076582D,$0098A700])]
      139 1C7D8089  SETTABLE r2 ->> r28[k1 ('callbackFunc' [h=1E1CD035,$009C7860])]
      140 1C7E00C9  SETTABLE r3 ->> r28[k2 ('killCallbackFunc' [h=4C5627FE,$009D0840])]
      141 1C7E8109  SETTABLE r4 ->> r28[k3 ('subdueCallbackFunc' [h=24C7EABC,$009DD1C0])]
      142 1C7F0149  SETTABLE r5 ->> r28[k4 ('saleCallbackFunc' [h=4C714F01,$009FB140])]
      143 1D00000A  NEWTABLE r29 := {} (#a=0, #h=0)
      144 1C938749  SETTABLE r29 ->> r28[k45 ('targetActors' [h=DB0363C4,$0097CC00])]
      145 1B030709  SETTABLE r28 ->> r27[r6]
      146 1B000B85 GETGLOBAL r27 := _G[k46 ('VERB_DESTROY' [h=4B9E3A50,$009C0600])]
      147 000086D5        EQ r1 != r27
      148 00800294       JMP +11 ; 160
      149 0109C795        EQ r19 == k36 (TObject(None))
      150 00800214       JMP +9 ; 160
      151 1B000BC5 GETGLOBAL r27 := _G[k47 ('mission_tTargets' [h=28796635,$00A38080])]
      152 1C00008A  NEWTABLE r28 := {} (#a=0, #h=2)
      153 1C7F8189  SETTABLE r6 ->> r28[k5 ('objectiveName' [h=2337C7CC,$0097D840])]
      154 1D000C45 GETGLOBAL r29 := _G[k49 ('SetupOdfDestroyedObjective' [h=AF1CF4CC,$00A012C0])]
      155 1E098000      MOVE r30 := r19
      156 1D010099      CALL r29 (1 args) => 1 results
      157 1C950749  SETTABLE r29 ->> r28[k48 ('eventHandle' [h=CB2EA18F,$00991D20])]
      158 1B098709  SETTABLE r28 ->> r27[r19]
      159 008044D4       JMP +276 ; 436
      160 1B000C81     LOADK r27 := k50 (TObject(0.0))
      161 1C0E0003   LOADNIL r28 ... r28
      162 1D000CC5 GETGLOBAL r29 := _G[k51 ('type' [h=0070EF71,$009875A0])]
      163 1E050000      MOVE r30 := r10
      164 1D010099      CALL r29 (1 args) => 1 results
      165 000ECB95        EQ r29 != k52 ('string' [h=81F98B41,$0097FB00])
      166 00800114       JMP +5 ; 172
      167 1E00800A  NEWTABLE r30 := {} (#a=1, #h=0)
      168 1F050000      MOVE r31 := r10
      169 1E00001F   SETLIST r30 [0]
      170 1C0F0000      MOVE r28 := r30
      171 00800094       JMP +3 ; 175
      172 000ECBD5        EQ r29 != k53 ('table' [h=10F2114B,$0098D780])
      173 00800014       JMP +1 ; 175
      174 1C050000      MOVE r28 := r10
      175 1E000D85 GETGLOBAL r30 := _G[k54 ('ipairs' [h=B6F4A157,$0098FC00])]
      176 1F0E0000      MOVE r31 := r28
      177 1E010159      CALL r30 (1 args) => 4 results
      178 1E803CDE  TFORPREP WIP
      179 220009C5 GETGLOBAL r34 := _G[k39 ('util_PrintDebugMsg' [h=A2961C17,$00A25100])]
      180 23000DC1     LOADK r35 := k55 ('[OBJECTIVEVERB] Adding target actor ' [h=49C9AC3A,$009D1DC0])
      181 24108000      MOVE r36 := r33
      182 25000E01     LOADK r37 := k56 (' to objective ' [h=E8850916,$0098C680])
      183 26030000      MOVE r38 := r6
      184 27000E41     LOADK r39 := k57 ('\n' [h=0000002B,$009AB680])
      185 231189D3    CONCAT r35 := r35 ... r39
      186 22010059      CALL r34 (1 args) => 0 results
      187 22000B85 GETGLOBAL r34 := _G[k46 ('VERB_DESTROY' [h=4B9E3A50,$009C0600])]
      188 01008895        EQ r1 == r34
      189 00800094       JMP +3 ; 193
      190 22000E85 GETGLOBAL r34 := _G[k58 ('VERB_DISABLE' [h=0D5E0FD1,$00980A00])]
      191 00008895        EQ r1 != r34
      192 00800154       JMP +6 ; 199
      193 22000685 GETGLOBAL r34 := _G[k26 ('util_SetDefault' [h=3072A05A,$00988C60])]
      194 23080000      MOVE r35 := r16
      195 24000EC1     LOADK r36 := k59 ('scope' [h=10EB8494,$00982020])
      196 22018099      CALL r34 (2 args) => 1 results
      197 10110000      MOVE r16 := r34
      198 00800194       JMP +7 ; 206
      199 22000685 GETGLOBAL r34 := _G[k26 ('util_SetDefault' [h=3072A05A,$00988C60])]
      200 23080000      MOVE r35 := r16
      201 24000F05 GETGLOBAL r36 := _G[k60 ('util_GetIconFromActorType' [h=B588C697,$009DD680])]
      202 25108000      MOVE r37 := r33
      203 24010019      CALL r36 (1 args) => -1 results
      204 22000099      CALL r34 (-1 args) => 1 results
      205 10110000      MOVE r16 := r34
      206 22000985 GETGLOBAL r34 := _G[k38 ('Objective_SetTargetActor' [h=A04E11C0,$009CB2C0])]
      207 23030000      MOVE r35 := r6
      208 24108000      MOVE r36 := r33
      209 25058000      MOVE r37 := r11
      210 26060000      MOVE r38 := r12
      211 27080000      MOVE r39 := r16
      212 28068000      MOVE r40 := r13
      213 29070000      MOVE r41 := r14
      214 2A078000      MOVE r42 := r15
      215 2B000C81     LOADK r43 := k50 (TObject(0.0))
      216 2C088000      MOVE r44 := r17
      217 2D090000      MOVE r45 := r18
      218 22060059      CALL r34 (11 args) => 0 results
      219 22000F45 GETGLOBAL r34 := _G[k61 ('Utility_GetActorAsInt' [h=A2B359A3,$00A3EB80])]
      220 23108000      MOVE r35 := r33
      221 22010099      CALL r34 (1 args) => 1 results
      222 23000BC5 GETGLOBAL r35 := _G[k47 ('mission_tTargets' [h=28796635,$00A38080])]
      223 2400008A  NEWTABLE r36 := {} (#a=0, #h=2)
      224 247F8189  SETTABLE r6 ->> r36[k5 ('objectiveName' [h=2337C7CC,$0097D840])]
      225 24818849  SETTABLE r33 ->> r36[k9 ('actorName' [h=4EB2E2FD,$0098A660])]
      226 2500008A  NEWTABLE r37 := {} (#a=0, #h=2)
      227 26001005 GETGLOBAL r38 := _G[k64 ('Event_ActorHitPointsLessThan' [h=A14D40BC,$009E1F00])]
      228 27001041     LOADK r39 := k65 ('VerbTargetKilled' [h=7342C13C,$009D9280])
      229 28001081     LOADK r40 := k66 ('b' [h=00000083,$00983380])
      230 29108000      MOVE r41 := r33
      231 2A0008C1     LOADK r42 := k35 (TObject(1.0))
      232 26028099      CALL r38 (4 args) => 1 results
      233 259C8989  SETTABLE r38 ->> r37[k63 ('killedHandle' [h=10232A24,$0098EC60])]
      234 26001105 GETGLOBAL r38 := _G[k68 ('Event_ActorIsSubdued' [h=22FBBD0D,$00A04D40])]
      235 27001141     LOADK r39 := k69 ('VerbTargetSubdued' [h=A94DEABE,$009FD840])
      236 28001081     LOADK r40 := k66 ('b' [h=00000083,$00983380])
      237 29108000      MOVE r41 := r33
      238 26020099      CALL r38 (3 args) => 1 results
      239 259E8989  SETTABLE r38 ->> r37[k67 ('subduedHandle' [h=0B4CA19C,$0097A3C0])]
      240 260011C5 GETGLOBAL r38 := _G[k71 ('Event_ActorSold' [h=F4423E83,$00998B40])]
      241 27001201     LOADK r39 := k72 ('VerbTargetSold' [h=2CB7F091,$009A05E0])
      242 28001081     LOADK r40 := k66 ('b' [h=00000083,$00983380])
      243 29108000      MOVE r41 := r33
      244 26020099      CALL r38 (3 args) => 1 results
      245 25A00989  SETTABLE r38 ->> r37[k70 ('soldHandle' [h=4DCA04E2,$009ABFE0])]
      246 249C0949  SETTABLE r37 ->> r36[k62 ('events' [h=7B78A23A,$009A5380])]
      247 23110909  SETTABLE r36 ->> r35[r34]
      248 23000B85 GETGLOBAL r35 := _G[k46 ('VERB_DESTROY' [h=4B9E3A50,$009C0600])]
      249 000088D5        EQ r1 != r35
      250 00800C94       JMP +51 ; 302
      251 23000BC5 GETGLOBAL r35 := _G[k47 ('mission_tTargets' [h=28796635,$00A38080])]
      252 23118886  GETTABLE r35 := r35[r34]
      253 2311CE06  GETTABLE r35 := r35[k62 ('events' [h=7B78A23A,$009A5380])]
      254 24001005 GETGLOBAL r36 := _G[k64 ('Event_ActorHitPointsLessThan' [h=A14D40BC,$009E1F00])]
      255 25001241     LOADK r37 := k73 ('TargetVerbed' [h=19EA2342,$009A2F20])
      256 26001081     LOADK r38 := k66 ('b' [h=00000083,$00983380])
      257 27108000      MOVE r39 := r33
      258 280008C1     LOADK r40 := k35 (TObject(1.0))
      259 24028099      CALL r36 (4 args) => 1 results
      260 23950909  SETTABLE r36 ->> r35[k48 ('eventHandle' [h=CB2EA18F,$00991D20])]
      261 140A0018      TEST not r20 : r20 := r20
      262 00800414       JMP +17 ; 280
      263 230009C5 GETGLOBAL r35 := _G[k39 ('util_PrintDebugMsg' [h=A2961C17,$00A25100])]
      264 24001281     LOADK r36 := k74 ('[OBJECTIVEVERB] subdue equals kill for ' [h=526AE0E0,$00A02C80])
      265 25108000      MOVE r37 := r33
      266 26000E01     LOADK r38 := k56 (' to objective ' [h=E8850916,$0098C680])
      267 27030000      MOVE r39 := r6
      268 28000E41     LOADK r40 := k57 ('\n' [h=0000002B,$009AB680])
      269 24120A13    CONCAT r36 := r36 ... r40
      270 23010059      CALL r35 (1 args) => 0 results
      271 23000BC5 GETGLOBAL r35 := _G[k47 ('mission_tTargets' [h=28796635,$00A38080])]
      272 23118886  GETTABLE r35 := r35[r34]
      273 2311CE06  GETTABLE r35 := r35[k62 ('events' [h=7B78A23A,$009A5380])]
      274 24001105 GETGLOBAL r36 := _G[k68 ('Event_ActorIsSubdued' [h=22FBBD0D,$00A04D40])]
      275 25001241     LOADK r37 := k73 ('TargetVerbed' [h=19EA2342,$009A2F20])
      276 26001081     LOADK r38 := k66 ('b' [h=00000083,$00983380])
      277 27108000      MOVE r39 := r33
      278 24020099      CALL r36 (3 args) => 1 results
      279 23950909  SETTABLE r36 ->> r35[k48 ('eventHandle' [h=CB2EA18F,$00991D20])]
      280 150A8018      TEST not r21 : r21 := r21
      281 00802114       JMP +133 ; 415
      282 230009C5 GETGLOBAL r35 := _G[k39 ('util_PrintDebugMsg' [h=A2961C17,$00A25100])]
      283 240012C1     LOADK r36 := k75 ('[OBJECTIVEVERB] player in vehicle equals kill for ' [h=658899C6,$00A82140])
      284 25108000      MOVE r37 := r33
      285 26000E01     LOADK r38 := k56 (' to objective ' [h=E8850916,$0098C680])
      286 27030000      MOVE r39 := r6
      287 28000E41     LOADK r40 := k57 ('\n' [h=0000002B,$009AB680])
      288 24120A13    CONCAT r36 := r36 ... r40
      289 23010059      CALL r35 (1 args) => 0 results
      290 23000BC5 GETGLOBAL r35 := _G[k47 ('mission_tTargets' [h=28796635,$00A38080])]
      291 23118886  GETTABLE r35 := r35[r34]
      292 2311CE06  GETTABLE r35 := r35[k62 ('events' [h=7B78A23A,$009A5380])]
      293 24001345 GETGLOBAL r36 := _G[k77 ('Event_AiInNamedVehicle' [h=F4DC0213,$009D0FC0])]
      294 25001381     LOADK r37 := k78 ('TargetDisabled' [h=5ADC98F5,$009C4F40])
      295 26001081     LOADK r38 := k66 ('b' [h=00000083,$00983380])
      296 270013C1     LOADK r39 := k79 ('player0' [h=316752BF,$009A56E0])
      297 28108000      MOVE r40 := r33
      298 290007C5 GETGLOBAL r41 := _G[k31 ('TRUE' [h=0067B195,$0097E680])]
      299 24030099      CALL r36 (5 args) => 1 results
      300 23A30909  SETTABLE r36 ->> r35[k76 ('playerInVehicleHandle' [h=9CDBFEAF,$009F01C0])]
      301 00801C14       JMP +113 ; 415
      302 23000805 GETGLOBAL r35 := _G[k32 ('VERB_ACTION' [h=F6A76037,$0097F040])]
      303 000088D5        EQ r1 != r35
      304 00800DD4       JMP +56 ; 361
      305 23000BC5 GETGLOBAL r35 := _G[k47 ('mission_tTargets' [h=28796635,$00A38080])]
      306 23118886  GETTABLE r35 := r35[r34]
      307 2311CE06  GETTABLE r35 := r35[k62 ('events' [h=7B78A23A,$009A5380])]
      308 24001405 GETGLOBAL r36 := _G[k80 ('Event_ActorUsed' [h=760DA02B,$00992960])]
      309 25001241     LOADK r37 := k73 ('TargetVerbed' [h=19EA2342,$009A2F20])
      310 26001081     LOADK r38 := k66 ('b' [h=00000083,$00983380])
      311 27108000      MOVE r39 := r33
      312 24020099      CALL r36 (3 args) => 1 results
      313 23950909  SETTABLE r36 ->> r35[k48 ('eventHandle' [h=CB2EA18F,$00991D20])]
      314 230009C5 GETGLOBAL r35 := _G[k39 ('util_PrintDebugMsg' [h=A2961C17,$00A25100])]
      315 24001441     LOADK r36 := k81 ('[OBJECTIVEVERB] Actor_EnableScriptedUse ' [h=83111B29,$00A0CC80])
      316 25001485 GETGLOBAL r37 := _G[k82 ('tostring' [h=787EB105,$009A9A40])]
      317 26108000      MOVE r38 := r33
      318 25010099      CALL r37 (1 args) => 1 results
      319 260014C1     LOADK r38 := k83 (', ' [h=00000CE6,$009A70C0])
      320 27001485 GETGLOBAL r39 := _G[k82 ('tostring' [h=787EB105,$009A9A40])]
      321 280007C5 GETGLOBAL r40 := _G[k31 ('TRUE' [h=0067B195,$0097E680])]
      322 27010099      CALL r39 (1 args) => 1 results
      323 280014C1     LOADK r40 := k83 (', ' [h=00000CE6,$009A70C0])
      324 29001485 GETGLOBAL r41 := _G[k82 ('tostring' [h=787EB105,$009A9A40])]
      325 2A0B0000      MOVE r42 := r22
      326 29010099      CALL r41 (1 args) => 1 results
      327 2A0014C1     LOADK r42 := k83 (', ' [h=00000CE6,$009A70C0])
      328 2B001485 GETGLOBAL r43 := _G[k82 ('tostring' [h=787EB105,$009A9A40])]
      329 2C0B8000      MOVE r44 := r23
      330 2B010099      CALL r43 (1 args) => 1 results
      331 2C0014C1     LOADK r44 := k83 (', ' [h=00000CE6,$009A70C0])
      332 2D001485 GETGLOBAL r45 := _G[k82 ('tostring' [h=787EB105,$009A9A40])]
      333 2E0D0000      MOVE r46 := r26
      334 2D010099      CALL r45 (1 args) => 1 results
      335 2E000E41     LOADK r46 := k57 ('\n' [h=0000002B,$009AB680])
      336 24120B93    CONCAT r36 := r36 ... r46
      337 23010059      CALL r35 (1 args) => 0 results
      338 23001505 GETGLOBAL r35 := _G[k84 ('Actor_EnableScriptedUse' [h=2140441B,$00A37B40])]
      339 24108000      MOVE r36 := r33
      340 250007C5 GETGLOBAL r37 := _G[k31 ('TRUE' [h=0067B195,$0097E680])]
      341 260B0000      MOVE r38 := r22
      342 270B8000      MOVE r39 := r23
      343 280D0000      MOVE r40 := r26
      344 23030059      CALL r35 (5 args) => 0 results
      345 180C0018      TEST not r24 : r24 := r24
      346 008010D4       JMP +68 ; 415
      347 23000BC5 GETGLOBAL r35 := _G[k47 ('mission_tTargets' [h=28796635,$00A38080])]
      348 23118886  GETTABLE r35 := r35[r34]
      349 2311CE06  GETTABLE r35 := r35[k62 ('events' [h=7B78A23A,$009A5380])]
      350 24001585 GETGLOBAL r36 := _G[k86 ('Event_AiIsPassenger' [h=D8938E73,$009F8340])]
      351 250015C1     LOADK r37 := k87 ('TargetPickedup' [h=BF3589B8,$009A1FA0])
      352 26001081     LOADK r38 := k66 ('b' [h=00000083,$00983380])
      353 27108000      MOVE r39 := r33
      354 280007C5 GETGLOBAL r40 := _G[k31 ('TRUE' [h=0067B195,$0097E680])]
      355 24028099      CALL r36 (4 args) => 1 results
      356 23A78909  SETTABLE r36 ->> r35[k85 ('pickupEventHandle' [h=01FC1DBD,$009DA300])]
      357 23000BC5 GETGLOBAL r35 := _G[k47 ('mission_tTargets' [h=28796635,$00A38080])]
      358 23118886  GETTABLE r35 := r35[r34]
      359 23890649  SETTABLE r25 ->> r35[k24 ('kickoutAfterAction' [h=DA644490,$00A3EF00])]
      360 00800D54       JMP +54 ; 415
      361 23001605 GETGLOBAL r35 := _G[k88 ('VERB_EXTRACT' [h=3EC2A516,$009A6AC0])]
      362 000088D5        EQ r1 != r35
      363 00800354       JMP +14 ; 378
      364 23000BC5 GETGLOBAL r35 := _G[k47 ('mission_tTargets' [h=28796635,$00A38080])]
      365 23118886  GETTABLE r35 := r35[r34]
      366 2311CE06  GETTABLE r35 := r35[k62 ('events' [h=7B78A23A,$009A5380])]
      367 24001645 GETGLOBAL r36 := _G[k89 ('Event_ActorCaptured' [h=A30657A8,$00A17100])]
      368 25001241     LOADK r37 := k73 ('TargetVerbed' [h=19EA2342,$009A2F20])
      369 26001081     LOADK r38 := k66 ('b' [h=00000083,$00983380])
      370 27108000      MOVE r39 := r33
      371 24020099      CALL r36 (3 args) => 1 results
      372 23950909  SETTABLE r36 ->> r35[k48 ('eventHandle' [h=CB2EA18F,$00991D20])]
      373 23001685 GETGLOBAL r35 := _G[k90 ('Actor_SetVerifiable' [h=281DE4A8,$009FA2C0])]
      374 24108000      MOVE r36 := r33
      375 250007C5 GETGLOBAL r37 := _G[k31 ('TRUE' [h=0067B195,$0097E680])]
      376 23018059      CALL r35 (2 args) => 0 results
      377 00800914       JMP +37 ; 415
      378 230016C5 GETGLOBAL r35 := _G[k91 ('VERB_SUBDUE' [h=9C793DA4,$009998A0])]
      379 000088D5        EQ r1 != r35
      380 00800254       JMP +10 ; 391
      381 23000BC5 GETGLOBAL r35 := _G[k47 ('mission_tTargets' [h=28796635,$00A38080])]
      382 23118886  GETTABLE r35 := r35[r34]
      383 2311CE06  GETTABLE r35 := r35[k62 ('events' [h=7B78A23A,$009A5380])]
      384 24001105 GETGLOBAL r36 := _G[k68 ('Event_ActorIsSubdued' [h=22FBBD0D,$00A04D40])]
      385 25001241     LOADK r37 := k73 ('TargetVerbed' [h=19EA2342,$009A2F20])
      386 26001081     LOADK r38 := k66 ('b' [h=00000083,$00983380])
      387 27108000      MOVE r39 := r33
      388 24020099      CALL r36 (3 args) => 1 results
      389 23950909  SETTABLE r36 ->> r35[k48 ('eventHandle' [h=CB2EA18F,$00991D20])]
      390 008005D4       JMP +24 ; 415
      391 23000E85 GETGLOBAL r35 := _G[k58 ('VERB_DISABLE' [h=0D5E0FD1,$00980A00])]
      392 000088D5        EQ r1 != r35
      393 00800514       JMP +21 ; 415
      394 23000BC5 GETGLOBAL r35 := _G[k47 ('mission_tTargets' [h=28796635,$00A38080])]
      395 23118886  GETTABLE r35 := r35[r34]
      396 2311CE06  GETTABLE r35 := r35[k62 ('events' [h=7B78A23A,$009A5380])]
      397 24001005 GETGLOBAL r36 := _G[k64 ('Event_ActorHitPointsLessThan' [h=A14D40BC,$009E1F00])]
      398 25001241     LOADK r37 := k73 ('TargetVerbed' [h=19EA2342,$009A2F20])
      399 26001081     LOADK r38 := k66 ('b' [h=00000083,$00983380])
      400 27108000      MOVE r39 := r33
      401 280008C1     LOADK r40 := k35 (TObject(1.0))
      402 24028099      CALL r36 (4 args) => 1 results
      403 23950909  SETTABLE r36 ->> r35[k48 ('eventHandle' [h=CB2EA18F,$00991D20])]
      404 23000BC5 GETGLOBAL r35 := _G[k47 ('mission_tTargets' [h=28796635,$00A38080])]
      405 23118886  GETTABLE r35 := r35[r34]
      406 2311CE06  GETTABLE r35 := r35[k62 ('events' [h=7B78A23A,$009A5380])]
      407 24001345 GETGLOBAL r36 := _G[k77 ('Event_AiInNamedVehicle' [h=F4DC0213,$009D0FC0])]
      408 25001381     LOADK r37 := k78 ('TargetDisabled' [h=5ADC98F5,$009C4F40])
      409 26001081     LOADK r38 := k66 ('b' [h=00000083,$00983380])
      410 270013C1     LOADK r39 := k79 ('player0' [h=316752BF,$009A56E0])
      411 28108000      MOVE r40 := r33
      412 290007C5 GETGLOBAL r41 := _G[k31 ('TRUE' [h=0067B195,$0097E680])]
      413 24030099      CALL r36 (5 args) => 1 results
      414 23A30909  SETTABLE r36 ->> r35[k76 ('playerInVehicleHandle' [h=9CDBFEAF,$009F01C0])]
      415 23000D45 GETGLOBAL r35 := _G[k53 ('table' [h=10F2114B,$0098D780])]
      416 2311D586  GETTABLE r35 := r35[k92 ('insert' [h=92EA3D93,$009903C0])]
      417 24000B05 GETGLOBAL r36 := _G[k44 ('mission_tObjectives' [h=B4A8BCEB,$009D7BC0])]
      418 24120186  GETTABLE r36 := r36[r6]
      419 241249C6  GETTABLE r36 := r36[k45 ('targetActors' [h=DB0363C4,$0097CC00])]
      420 25108000      MOVE r37 := r33
      421 23018059      CALL r35 (2 args) => 0 results
      422 1B0DC74C       ADD r27 := r27 + k35 (TObject(1.0))
      423 1E00005D  TFORLOOP WIP
      424 007FC254       JMP -246 ; 179
      425 1E000B05 GETGLOBAL r30 := _G[k44 ('mission_tObjectives' [h=B4A8BCEB,$009D7BC0])]
      426 1E0F0186  GETTABLE r30 := r30[r6]
      427 1EAB86C9  SETTABLE r27 ->> r30[k93 ('targetsRemaining' [h=124C4A35,$00A15A00])]
      428 1E0009C5 GETGLOBAL r30 := _G[k39 ('util_PrintDebugMsg' [h=A2961C17,$00A25100])]
      429 1F001781     LOADK r31 := k94 ('[OBJECTIVEVERB] Objective ' [h=33E54450,$009D2B00])
      430 20030000      MOVE r32 := r6
      431 210017C1     LOADK r33 := k95 (' contains ' [h=A1F3BABD,$009C63A0])
      432 220D8000      MOVE r34 := r27
      433 23001801     LOADK r35 := k96 (' targets\n' [h=62973587,$009924A0])
      434 1F0F88D3    CONCAT r31 := r31 ... r35
      435 1E010059      CALL r30 (1 args) => 0 results
      436 0000801B    RETURN
  [Node$01A3214C] 'mission_ObjectiveAction' [h=074379F2,$00A09340]: function$009819C0 'mission_ObjectiveAction' [h=074379F2,$00A09340]
    CONST$0097A360 k0  'verb' [h=0076582D,$0098A700]
    CONST$0097A368 k1  'VERB_ACTION' [h=F6A76037,$0097F040]
    CONST$0097A370 k2  'mission_ObjectiveVerb' [h=7FAF457B,$009E77C0]
     CODE$009A97A0
      000 01000045 GETGLOBAL r1 := _G[k1 ('VERB_ACTION' [h=F6A76037,$0097F040])]
      001 007D0049  SETTABLE r1 ->> r0[k0 ('verb' [h=0076582D,$0098A700])]
      002 01000085 GETGLOBAL r1 := _G[k2 ('mission_ObjectiveVerb' [h=7FAF457B,$009E77C0])]
      003 02000000      MOVE r2 := r0
      004 01010059      CALL r1 (1 args) => 0 results
      005 0000801B    RETURN
  [Node$01A32160] 'mission_ObjectiveDestroy' [h=A28EF47D,$00A107C0]: function$009823C0 'mission_ObjectiveDestroy' [h=A28EF47D,$00A107C0]
    CONST$009AC7A0 k0  'verb' [h=0076582D,$0098A700]
    CONST$009AC7A8 k1  'VERB_DESTROY' [h=4B9E3A50,$009C0600]
    CONST$009AC7B0 k2  'mission_ObjectiveVerb' [h=7FAF457B,$009E77C0]
     CODE$0099A020
      000 01000045 GETGLOBAL r1 := _G[k1 ('VERB_DESTROY' [h=4B9E3A50,$009C0600])]
      001 007D0049  SETTABLE r1 ->> r0[k0 ('verb' [h=0076582D,$0098A700])]
      002 01000085 GETGLOBAL r1 := _G[k2 ('mission_ObjectiveVerb' [h=7FAF457B,$009E77C0])]
      003 02000000      MOVE r2 := r0
      004 01010059      CALL r1 (1 args) => 0 results
      005 0000801B    RETURN
  [Node$01A32174] 'Briefing_AddActor' [h=7D5A76E9,$00A37CC0]: cfunction$002C7168 'Briefing_AddActor' [h=7D5A76E9,$00A37CC0]
  [Node$01A32188] 'Mission_EnableGlobalGpsJammer' [h=E706E48D,$009E0600]: cfunction$002A09B0 'Mission_EnableGlobalGpsJammer' [h=E706E48D,$009E0600]
  [Node$01A3219C] 'mission_ObjectiveExtractActor' [h=3D4FDF72,$00A1E200]: function$009A9D20 'mission_ObjectiveExtractActor' [h=3D4FDF72,$00A1E200]
    CONST$009595A0 k0  'CreateArgTableFromOldStyleFunctionArgs' [h=F06CF7A7,$009E8DC0]
    CONST$009595A8 k1  'mission_ObjectiveExtract' [h=B5600970,$00A01540]
     CODE$009D76C0
      000 0A000005 GETGLOBAL r10 := _G[k0 ('CreateArgTableFromOldStyleFunctionArgs' [h=F06CF7A7,$009E8DC0])]
      001 0B000000      MOVE r11 := r0
      002 0C008000      MOVE r12 := r1
      003 0D010000      MOVE r13 := r2
      004 0E018000      MOVE r14 := r3
      005 0F020000      MOVE r15 := r4
      006 10028000      MOVE r16 := r5
      007 11030000      MOVE r17 := r6
      008 12038000      MOVE r18 := r7
      009 13040000      MOVE r19 := r8
      010 14048000      MOVE r20 := r9
      011 0A058099      CALL r10 (10 args) => 1 results
      012 0B000045 GETGLOBAL r11 := _G[k1 ('mission_ObjectiveExtract' [h=B5600970,$00A01540])]
      013 0C050000      MOVE r12 := r10
      014 0B010059      CALL r11 (1 args) => 0 results
      015 0000801B    RETURN
  [Node$01A321B0] 'mission_ObjectiveActionActor' [h=FDF55A83,$00A3C580]: function$009883A0 'mission_ObjectiveActionActor' [h=FDF55A83,$00A3C580]
    CONST$00959520 k0  'CreateArgTableFromOldStyleFunctionArgs' [h=F06CF7A7,$009E8DC0]
    CONST$00959528 k1  'mission_ObjectiveAction' [h=074379F2,$00A09340]
     CODE$00A22200
      000 0A000005 GETGLOBAL r10 := _G[k0 ('CreateArgTableFromOldStyleFunctionArgs' [h=F06CF7A7,$009E8DC0])]
      001 0B000000      MOVE r11 := r0
      002 0C008000      MOVE r12 := r1
      003 0D010000      MOVE r13 := r2
      004 0E018000      MOVE r14 := r3
      005 0F020000      MOVE r15 := r4
      006 10028000      MOVE r16 := r5
      007 11030000      MOVE r17 := r6
      008 12038000      MOVE r18 := r7
      009 13040000      MOVE r19 := r8
      010 14048000      MOVE r20 := r9
      011 0A058099      CALL r10 (10 args) => 1 results
      012 0B000045 GETGLOBAL r11 := _G[k1 ('mission_ObjectiveAction' [h=074379F2,$00A09340])]
      013 0C050000      MOVE r12 := r10
      014 0B010059      CALL r11 (1 args) => 0 results
      015 0000801B    RETURN
  [Node$01A321C4] 'mission_ObjectiveDestroySingle' [h=3279C0E2,$00A10CC0]: function$009840A0 'mission_ObjectiveDestroySingle' [h=3279C0E2,$00A10CC0]
    CONST$00959490 k0  'CreateArgTableFromOldStyleFunctionArgs' [h=F06CF7A7,$009E8DC0]
    CONST$00959498 k1  'mission_ObjectiveDestroy' [h=A28EF47D,$00A107C0]
     CODE$009CF700
      000 0A000005 GETGLOBAL r10 := _G[k0 ('CreateArgTableFromOldStyleFunctionArgs' [h=F06CF7A7,$009E8DC0])]
      001 0B000000      MOVE r11 := r0
      002 0C008000      MOVE r12 := r1
      003 0D010000      MOVE r13 := r2
      004 0E018000      MOVE r14 := r3
      005 0F020000      MOVE r15 := r4
      006 10028000      MOVE r16 := r5
      007 11030000      MOVE r17 := r6
      008 12038000      MOVE r18 := r7
      009 13040000      MOVE r19 := r8
      010 14048000      MOVE r20 := r9
      011 0A058099      CALL r10 (10 args) => 1 results
      012 0B000045 GETGLOBAL r11 := _G[k1 ('mission_ObjectiveDestroy' [h=A28EF47D,$00A107C0])]
      013 0C050000      MOVE r12 := r10
      014 0B010059      CALL r11 (1 args) => 0 results
      015 0000801B    RETURN
  [Node$01A321D8] 'Challenge_ReadStatFloat' [h=01F0A2EE,$009D17C0]: cfunction$002CA818 'Challenge_ReadStatFloat' [h=01F0A2EE,$009D17C0]
  [Node$01A321EC] 'PreemptiveMissionComplete' [h=520C05B8,$00A37140]: function$009A2BC0 'PreemptiveMissionComplete' [h=520C05B8,$00A37140]
    CONST$009770A0 k0  'custom_PreemptiveMissionComplete' [h=3CD0F527,$00A09380]
    CONST$009770A8 k1  'pre_PreemptiveMissionComplete' [h=211A3C40,$00A009C0]
    CONST$009770B0 k2  'mission_MissionComplete' [h=97CC5E62,$00A020C0]
    CONST$009770B8 k3  'post_PreemptiveMissionComplete' [h=3F05AA2B,$00A2C040]
     CODE$00A712C0
      000 00000005 GETGLOBAL r0 := _G[k0 ('custom_PreemptiveMissionComplete' [h=3CD0F527,$00A09380])]
      001 00000018      TEST not r0 : r0 := r0
      002 00800094       JMP +3 ; 6
      003 00000005 GETGLOBAL r0 := _G[k0 ('custom_PreemptiveMissionComplete' [h=3CD0F527,$00A09380])]
      004 00008059      CALL r0 (0 args) => 0 results
      005 008002D4       JMP +12 ; 18
      006 00000045 GETGLOBAL r0 := _G[k1 ('pre_PreemptiveMissionComplete' [h=211A3C40,$00A009C0])]
      007 00000018      TEST not r0 : r0 := r0
      008 00800054       JMP +2 ; 11
      009 00000045 GETGLOBAL r0 := _G[k1 ('pre_PreemptiveMissionComplete' [h=211A3C40,$00A009C0])]
      010 00008059      CALL r0 (0 args) => 0 results
      011 00000085 GETGLOBAL r0 := _G[k2 ('mission_MissionComplete' [h=97CC5E62,$00A020C0])]
      012 00008059      CALL r0 (0 args) => 0 results
      013 000000C5 GETGLOBAL r0 := _G[k3 ('post_PreemptiveMissionComplete' [h=3F05AA2B,$00A2C040])]
      014 00000018      TEST not r0 : r0 := r0
      015 00800054       JMP +2 ; 18
      016 000000C5 GETGLOBAL r0 := _G[k3 ('post_PreemptiveMissionComplete' [h=3F05AA2B,$00A2C040])]
      017 00008059      CALL r0 (0 args) => 0 results
      018 0000801B    RETURN
  [Node$01A32200] 'DELIV_AREA_TYPE_LINEREGION' [h=E0C7BEF0,$00A04300]: TObject(3.0)
  [Node$01A32214] 'nextnw' [h=B0B996E9,$00980360]: function$00998740 'nextnw' [h=B0B996E9,$00980360]
    CONST$009F3540 k0  'g_iCurrentNwBountyIndex' [h=77811B19,$009F9640]
    CONST$009F3548 k1  TObject(1.0)
    CONST$009F3550 k2  'util_SkipToBounty' [h=FA688C8B,$00A10380]
    CONST$009F3558 k3  'util_GetBountyName' [h=AD9397D9,$009D7400]
    CONST$009F3560 k4  'nw' [h=0000178E,$009898E0]
     CODE$00AAD9C0
      000 01000005 GETGLOBAL r1 := _G[k0 ('g_iCurrentNwBountyIndex' [h=77811B19,$009F9640])]
      001 01008058      TEST r1 : r1 := r1
      002 00800054       JMP +2 ; 5
      003 01000041     LOADK r1 := k1 (TObject(1.0))
      004 01000007 SETGLOBAL r1 ->> _G[k0 ('g_iCurrentNwBountyIndex' [h=77811B19,$009F9640])]
      005 00000018      TEST not r0 : r0 := r0
      006 008000D4       JMP +4 ; 11
      007 01000085 GETGLOBAL r1 := _G[k2 ('util_SkipToBounty' [h=FA688C8B,$00A10380])]
      008 02000000      MOVE r2 := r0
      009 01010059      CALL r1 (1 args) => 0 results
      010 00800254       JMP +10 ; 21
      011 010000C5 GETGLOBAL r1 := _G[k3 ('util_GetBountyName' [h=AD9397D9,$009D7400])]
      012 02000101     LOADK r2 := k4 ('nw' [h=0000178E,$009898E0])
      013 03000005 GETGLOBAL r3 := _G[k0 ('g_iCurrentNwBountyIndex' [h=77811B19,$009F9640])]
      014 01018099      CALL r1 (2 args) => 1 results
      015 02000085 GETGLOBAL r2 := _G[k2 ('util_SkipToBounty' [h=FA688C8B,$00A10380])]
      016 03008000      MOVE r3 := r1
      017 02010059      CALL r2 (1 args) => 0 results
      018 02000005 GETGLOBAL r2 := _G[k0 ('g_iCurrentNwBountyIndex' [h=77811B19,$009F9640])]
      019 02013ECC       ADD r2 := r2 + k1 (TObject(1.0))
      020 02000007 SETGLOBAL r2 ->> _G[k0 ('g_iCurrentNwBountyIndex' [h=77811B19,$009F9640])]
      021 0000801B    RETURN
  [Node$01A32228] 'OdfDestroyed' [h=8B0D2AF2,$009C5B20]: function$00995C40 'OdfDestroyed' [h=8B0D2AF2,$009C5B20]
    CONST$00ABD2C0 k0  'util_PrintDebugMsg' [h=A2961C17,$00A25100]
    CONST$00ABD2C8 k1  '\n[OBJECTIVEVERB] Instance of ODF ' [h=04C00515,$00A41640]
    CONST$00ABD2D0 k2  ' destroyed\n' [h=F2C99101,$009A1820]
    CONST$00ABD2D8 k3  'mission_tTargets' [h=28796635,$00A38080]
    CONST$00ABD2E0 k4  'mission_tObjectives' [h=B4A8BCEB,$009D7BC0]
    CONST$00ABD2E8 k5  'objectiveName' [h=2337C7CC,$0097D840]
    CONST$00ABD2F0 k6  'eventHandle' [h=CB2EA18F,$00991D20]
    CONST$00ABD2F8 k7  'SetupOdfDestroyedObjective' [h=AF1CF4CC,$00A012C0]
    CONST$00ABD300 k8  'callbackFunc' [h=1E1CD035,$009C7860]
    CONST$00ABD308 k9  'FALSE' [h=0E4B730F,$009A6040]
     CODE$00B1C140
      000 05000005 GETGLOBAL r5 := _G[k0 ('util_PrintDebugMsg' [h=A2961C17,$00A25100])]
      001 06000041     LOADK r6 := k1 ('\n[OBJECTIVEVERB] Instance of ODF ' [h=04C00515,$00A41640])
      002 07000000      MOVE r7 := r0
      003 08000081     LOADK r8 := k2 (' destroyed\n' [h=F2C99101,$009A1820])
      004 06030213    CONCAT r6 := r6 ... r8
      005 05010059      CALL r5 (1 args) => 0 results
      006 050000C5 GETGLOBAL r5 := _G[k3 ('mission_tTargets' [h=28796635,$00A38080])]
      007 05028006  GETTABLE r5 := r5[r0]
      008 06000105 GETGLOBAL r6 := _G[k4 ('mission_tObjectives' [h=B4A8BCEB,$009D7BC0])]
      009 0702BFC6  GETTABLE r7 := r5[k5 ('objectiveName' [h=2337C7CC,$0097D840])]
      010 060301C6  GETTABLE r6 := r6[r7]
      011 070001C5 GETGLOBAL r7 := _G[k7 ('SetupOdfDestroyedObjective' [h=AF1CF4CC,$00A012C0])]
      012 08000000      MOVE r8 := r0
      013 07010099      CALL r7 (1 args) => 1 results
      014 058001C9  SETTABLE r7 ->> r5[k6 ('eventHandle' [h=CB2EA18F,$00991D20])]
      015 07034086  GETTABLE r7 := r6[k8 ('callbackFunc' [h=1E1CD035,$009C7860])]
      016 08000000      MOVE r8 := r0
      017 09000245 GETGLOBAL r9 := _G[k9 ('FALSE' [h=0E4B730F,$009A6040])]
      018 0A02BFC6  GETTABLE r10 := r5[k5 ('objectiveName' [h=2337C7CC,$0097D840])]
      019 0B018000      MOVE r11 := r3
      020 0C020000      MOVE r12 := r4
      021 07030059      CALL r7 (5 args) => 0 results
      022 0000801B    RETURN
  [Node$01A3223C] 'Mission_EnableAtmosphere' [h=89A6E115,$00A3B0C0]: cfunction$002A0828 'Mission_EnableAtmosphere' [h=89A6E115,$00A3B0C0]
  [Node$01A32250] 'util_PrintDebugMsg' [h=A2961C17,$00A25100]: function$009899E0 'util_PrintDebugMsg' [h=A2961C17,$00A25100]
    CONST$009576D0 k0  'bDebugOutput' [h=2660F98C,$00984200]
    CONST$009576D8 k1  'Debug_Printf' [h=445430CF,$009A1C40]
     CODE$00983AA0
      000 01000005 GETGLOBAL r1 := _G[k0 ('bDebugOutput' [h=2660F98C,$00984200])]
      001 01008018      TEST not r1 : r1 := r1
      002 00800094       JMP +3 ; 6
      003 01000045 GETGLOBAL r1 := _G[k1 ('Debug_Printf' [h=445430CF,$009A1C40])]
      004 02000000      MOVE r2 := r0
      005 01010059      CALL r1 (1 args) => 0 results
      006 0000801B    RETURN
  [Node$01A32264] 'MISSION_OBJECTIVEVERB_LUA_LOADED' [h=4EEBE033,$009E20C0]: TObject(1.0)
  [Node$01A32278] 'custom_InitialNotifications' [h=6C2372F6,$009ED640]: TObject(None)
  [Node$01A3228C] 'Squad_Command' [h=8B87927F,$00976AE0]: cfunction$002F75B8 'Squad_Command' [h=8B87927F,$00976AE0]
  [Node$01A322A0] 'ObjectDeliveryCheck' [h=925F780A,$009FEE80]: function$009A6DA0 'ObjectDeliveryCheck' [h=925F780A,$009FEE80]
    CONST$00C16540 k0  'mission_tTargets' [h=28796635,$00A38080]
    CONST$00C16548 k1  'Utility_GetActorAsInt' [h=A2B359A3,$00A3EB80]
    CONST$00C16550 k2  'mission_tObjectives' [h=B4A8BCEB,$009D7BC0]
    CONST$00C16558 k3  'objectiveName' [h=2337C7CC,$0097D840]
    CONST$00C16560 k4  'FALSE' [h=0E4B730F,$009A6040]
    CONST$00C16568 k5  'inRegion' [h=84D76BBC,$0097F620]
    CONST$00C16570 k6  'isWinched' [h=383B8FE4,$009C68A0]
    CONST$00C16578 k7  'TRUE' [h=0067B195,$0097E680]
    CONST$00C16580 k8  'RemoveTooltip' [h=99903744,$009C06A0]
    CONST$00C16588 k9  'bDisplayHelpText' [h=F03C0514,$00A1DEC0]
    CONST$00C16590 k10 'Utility_ReadNumberFromScribbleMemory' [h=2BB92038,$009F9D40]
    CONST$00C16598 k11 'tutorial_winchRelease' [h=1FA22AA3,$00A02840]
    CONST$00C165A0 k12 'AddTooltip' [h=74727381,$0097E5E0]
    CONST$00C165A8 k13 'sMessage' [h=5806A233,$0099A700]
    CONST$00C165B0 k14 '[white][standardMission.releaseWinch]' [h=37211F10,$00A110C0]
    CONST$00C165B8 k15 'nDisplayDuration' [h=7445B995,$00A096C0]
    CONST$00C165C0 k16 TObject(5.0)
    CONST$00C165C8 k17 'Utility_MessageBox' [h=E0C5D484,$009E5400]
    CONST$00C165D0 k18 'Utility_GetStringById' [h=F7067A6C,$009EF080]
    CONST$00C165D8 k19 'tutorial.Winch01.Title' [h=8F45CA50,$009D2B80]
    CONST$00C165E0 k20 'tutorial.Winch02a.Body' [h=30E6F917,$00A03A80]
    CONST$00C165E8 k21 'Utility_WriteNumberToScribbleMemory' [h=DCF55147,$00A29080]
    CONST$00C165F0 k22 TObject(1.0)
    CONST$00C165F8 k23 'util_PrintDebugMsg' [h=A2961C17,$00A25100]
    CONST$00C16600 k24 '[OBJECTIVEDELIVER] Actor ' [h=0B7BFB6A,$00A05240]
    CONST$00C16608 k25 'actorName' [h=4EB2E2FD,$0098A660]
    CONST$00C16610 k26 ' (objective ' [h=2765F23D,$00982A20]
    CONST$00C16618 k27 ')' [h=00000048,$009C8BA0]
    CONST$00C16620 k28 ' delivered\n' [h=9AAD5417,$0098A220]
    CONST$00C16628 k29 ' not delivered\n' [h=96242E98,$0099AD80]
     CODE$00C74E00
      000 01000005 GETGLOBAL r1 := _G[k0 ('mission_tTargets' [h=28796635,$00A38080])]
      001 02000045 GETGLOBAL r2 := _G[k1 ('Utility_GetActorAsInt' [h=A2B359A3,$00A3EB80])]
      002 03000000      MOVE r3 := r0
      003 02010099      CALL r2 (1 args) => 1 results
      004 01008086  GETTABLE r1 := r1[r2]
      005 02000085 GETGLOBAL r2 := _G[k2 ('mission_tObjectives' [h=B4A8BCEB,$009D7BC0])]
      006 0300BF46  GETTABLE r3 := r1[k3 ('objectiveName' [h=2337C7CC,$0097D840])]
      007 020100C6  GETTABLE r2 := r2[r3]
      008 03000105 GETGLOBAL r3 := _G[k4 ('FALSE' [h=0E4B730F,$009A6040])]
      009 0400BFC6  GETTABLE r4 := r1[k5 ('inRegion' [h=84D76BBC,$0097F620])]
      010 04020018      TEST not r4 : r4 := r4
      011 00800914       JMP +37 ; 49
      012 0400C006  GETTABLE r4 := r1[k6 ('isWinched' [h=383B8FE4,$009C68A0])]
      013 04020058      TEST r4 : r4 := r4
      014 008000D4       JMP +4 ; 19
      015 030001C5 GETGLOBAL r3 := _G[k7 ('TRUE' [h=0067B195,$0097E680])]
      016 04000205 GETGLOBAL r4 := _G[k8 ('RemoveTooltip' [h=99903744,$009C06A0])]
      017 04008059      CALL r4 (0 args) => 0 results
      018 00800754       JMP +30 ; 49
      019 0400C006  GETTABLE r4 := r1[k6 ('isWinched' [h=383B8FE4,$009C68A0])]
      020 04020018      TEST not r4 : r4 := r4
      021 00800694       JMP +27 ; 49
      022 040140C6  GETTABLE r4 := r2[k9 ('bDisplayHelpText' [h=F03C0514,$00A1DEC0])]
      023 04020018      TEST not r4 : r4 := r4
      024 008005D4       JMP +24 ; 49
      025 04000285 GETGLOBAL r4 := _G[k10 ('Utility_ReadNumberFromScribbleMemory' [h=2BB92038,$009F9D40])]
      026 050002C1     LOADK r5 := k11 ('tutorial_winchRelease' [h=1FA22AA3,$00A02840])
      027 04010099      CALL r4 (1 args) => 1 results
      028 04020018      TEST not r4 : r4 := r4
      029 00800154       JMP +6 ; 36
      030 04000305 GETGLOBAL r4 := _G[k12 ('AddTooltip' [h=74727381,$0097E5E0])]
      031 0500008A  NEWTABLE r5 := {} (#a=0, #h=2)
      032 0583C209  SETTABLE k14 ('[white][standardMission.releaseWinch]' [h=37211F10,$00A110C0]) ->> r5[k13 ('sMessage' [h=5806A233,$0099A700])]
      033 0584C289  SETTABLE k16 (TObject(5.0)) ->> r5[k15 ('nDisplayDuration' [h=7445B995,$00A096C0])]
      034 04010059      CALL r4 (1 args) => 0 results
      035 00800314       JMP +13 ; 49
      036 04000445 GETGLOBAL r4 := _G[k17 ('Utility_MessageBox' [h=E0C5D484,$009E5400])]
      037 05000485 GETGLOBAL r5 := _G[k18 ('Utility_GetStringById' [h=F7067A6C,$009EF080])]
      038 060004C1     LOADK r6 := k19 ('tutorial.Winch01.Title' [h=8F45CA50,$009D2B80])
      039 05010099      CALL r5 (1 args) => 1 results
      040 06000485 GETGLOBAL r6 := _G[k18 ('Utility_GetStringById' [h=F7067A6C,$009EF080])]
      041 07000501     LOADK r7 := k20 ('tutorial.Winch02a.Body' [h=30E6F917,$00A03A80])
      042 06010099      CALL r6 (1 args) => 1 results
      043 07008002  LOADBOOL r7 := True
      044 04020059      CALL r4 (3 args) => 0 results
      045 04000545 GETGLOBAL r4 := _G[k21 ('Utility_WriteNumberToScribbleMemory' [h=DCF55147,$00A29080])]
      046 050002C1     LOADK r5 := k11 ('tutorial_winchRelease' [h=1FA22AA3,$00A02840])
      047 06000581     LOADK r6 := k22 (TObject(1.0))
      048 04018059      CALL r4 (2 args) => 0 results
      049 040005C5 GETGLOBAL r4 := _G[k23 ('util_PrintDebugMsg' [h=A2961C17,$00A25100])]
      050 05000601     LOADK r5 := k24 ('[OBJECTIVEDELIVER] Actor ' [h=0B7BFB6A,$00A05240])
      051 0600C4C6  GETTABLE r6 := r1[k25 ('actorName' [h=4EB2E2FD,$0098A660])]
      052 07000681     LOADK r7 := k26 (' (objective ' [h=2765F23D,$00982A20])
      053 0800BF46  GETTABLE r8 := r1[k3 ('objectiveName' [h=2337C7CC,$0097D840])]
      054 090006C1     LOADK r9 := k27 (')' [h=00000048,$009C8BA0])
      055 05028253    CONCAT r5 := r5 ... r9
      056 04010059      CALL r4 (1 args) => 0 results
      057 03018018      TEST not r3 : r3 := r3
      058 008000D4       JMP +4 ; 63
      059 040005C5 GETGLOBAL r4 := _G[k23 ('util_PrintDebugMsg' [h=A2961C17,$00A25100])]
      060 05000701     LOADK r5 := k28 (' delivered\n' [h=9AAD5417,$0098A220])
      061 04010059      CALL r4 (1 args) => 0 results
      062 00800094       JMP +3 ; 66
      063 040005C5 GETGLOBAL r4 := _G[k23 ('util_PrintDebugMsg' [h=A2961C17,$00A25100])]
      064 05000741     LOADK r5 := k29 (' not delivered\n' [h=96242E98,$0099AD80])
      065 04010059      CALL r4 (1 args) => 0 results
      066 0301001B    RETURN r3 ... r3
      067 0000801B    RETURN
  [Node$01A322B4] 'Utility_ReadLevelFile' [h=882BA6F9,$00A11C80]: cfunction$002C4570 'Utility_ReadLevelFile' [h=882BA6F9,$00A11C80]
  [Node$01A322C8] 'HumanDeliveryCheck' [h=2FD95FF1,$009E8680]: function$009A22E0 'HumanDeliveryCheck' [h=2FD95FF1,$009E8680]
    CONST$00C70080 k0  'mission_tTargets' [h=28796635,$00A38080]
    CONST$00C70088 k1  'Utility_GetActorAsInt' [h=A2B359A3,$00A3EB80]
    CONST$00C70090 k2  'mission_tObjectives' [h=B4A8BCEB,$009D7BC0]
    CONST$00C70098 k3  'objectiveName' [h=2337C7CC,$0097D840]
    CONST$00C700A0 k4  'FALSE' [h=0E4B730F,$009A6040]
    CONST$00C700A8 k5  'inRegion' [h=84D76BBC,$0097F620]
    CONST$00C700B0 k6  'isWinched' [h=383B8FE4,$009C68A0]
    CONST$00C700B8 k7  'followingPlayer' [h=E3095E99,$009A4840]
    CONST$00C700C0 k8  'stopAtDest' [h=5D101CAC,$0099FEE0]
    CONST$00C700C8 k9  'targetInVehicle' [h=E9B429D3,$0098C720]
    CONST$00C700D0 k10 'TRUE' [h=0067B195,$0097E680]
    CONST$00C700D8 k11 'RemoveTooltip' [h=99903744,$009C06A0]
    CONST$00C700E0 k12 'actorName' [h=4EB2E2FD,$0098A660]
    CONST$00C700E8 k13 'player0' [h=316752BF,$009A56E0]
    CONST$00C700F0 k14 'Actor_EnableScriptedUse' [h=2140441B,$00A37B40]
    CONST$00C700F8 k15 'bDisplayHelpText' [h=F03C0514,$00A1DEC0]
    CONST$00C70100 k16 'Utility_ReadNumberFromScribbleMemory' [h=2BB92038,$009F9D40]
    CONST$00C70108 k17 'tutorial_winchRelease' [h=1FA22AA3,$00A02840]
    CONST$00C70110 k18 'AddTooltip' [h=74727381,$0097E5E0]
    CONST$00C70118 k19 'sMessage' [h=5806A233,$0099A700]
    CONST$00C70120 k20 '[white][standardMission.releaseWinchEscort]' [h=06C08283,$009F2240]
    CONST$00C70128 k21 'nDisplayDuration' [h=7445B995,$00A096C0]
    CONST$00C70130 k22 TObject(5.0)
    CONST$00C70138 k23 'Utility_MessageBox' [h=E0C5D484,$009E5400]
    CONST$00C70140 k24 'Utility_GetStringById' [h=F7067A6C,$009EF080]
    CONST$00C70148 k25 'tutorial.Winch01.Title' [h=8F45CA50,$009D2B80]
    CONST$00C70150 k26 'tutorial.Winch02a.Body' [h=30E6F917,$00A03A80]
    CONST$00C70158 k27 'Utility_WriteNumberToScribbleMemory' [h=DCF55147,$00A29080]
    CONST$00C70160 k28 TObject(1.0)
    CONST$00C70168 k29 'util_PrintDebugMsg' [h=A2961C17,$00A25100]
    CONST$00C70170 k30 '[OBJECTIVEDELIVER] Actor ' [h=0B7BFB6A,$00A05240]
    CONST$00C70178 k31 ' (objective ' [h=2765F23D,$00982A20]
    CONST$00C70180 k32 ')' [h=00000048,$009C8BA0]
    CONST$00C70188 k33 ' delivered\n' [h=9AAD5417,$0098A220]
    CONST$00C70190 k34 ' not delivered\n' [h=96242E98,$0099AD80]
     CODE$00CDD9C0
      000 01000005 GETGLOBAL r1 := _G[k0 ('mission_tTargets' [h=28796635,$00A38080])]
      001 02000045 GETGLOBAL r2 := _G[k1 ('Utility_GetActorAsInt' [h=A2B359A3,$00A3EB80])]
      002 03000000      MOVE r3 := r0
      003 02010099      CALL r2 (1 args) => 1 results
      004 01008086  GETTABLE r1 := r1[r2]
      005 02000085 GETGLOBAL r2 := _G[k2 ('mission_tObjectives' [h=B4A8BCEB,$009D7BC0])]
      006 0300BF46  GETTABLE r3 := r1[k3 ('objectiveName' [h=2337C7CC,$0097D840])]
      007 020100C6  GETTABLE r2 := r2[r3]
      008 03000105 GETGLOBAL r3 := _G[k4 ('FALSE' [h=0E4B730F,$009A6040])]
      009 0400BFC6  GETTABLE r4 := r1[k5 ('inRegion' [h=84D76BBC,$0097F620])]
      010 04020018      TEST not r4 : r4 := r4
      011 00800DD4       JMP +56 ; 68
      012 0400C006  GETTABLE r4 := r1[k6 ('isWinched' [h=383B8FE4,$009C68A0])]
      013 04020058      TEST r4 : r4 := r4
      014 00800594       JMP +23 ; 38
      015 0400C046  GETTABLE r4 := r1[k7 ('followingPlayer' [h=E3095E99,$009A4840])]
      016 04020018      TEST not r4 : r4 := r4
      017 00800094       JMP +3 ; 21
      018 0400C086  GETTABLE r4 := r1[k8 ('stopAtDest' [h=5D101CAC,$0099FEE0])]
      019 04020058      TEST r4 : r4 := r4
      020 00800414       JMP +17 ; 38
      021 0400C0C6  GETTABLE r4 := r1[k9 ('targetInVehicle' [h=E9B429D3,$0098C720])]
      022 04020018      TEST not r4 : r4 := r4
      023 00800094       JMP +3 ; 27
      024 0400C086  GETTABLE r4 := r1[k8 ('stopAtDest' [h=5D101CAC,$0099FEE0])]
      025 04020058      TEST r4 : r4 := r4
      026 00800294       JMP +11 ; 38
      027 03000285 GETGLOBAL r3 := _G[k10 ('TRUE' [h=0067B195,$0097E680])]
      028 040002C5 GETGLOBAL r4 := _G[k11 ('RemoveTooltip' [h=99903744,$009C06A0])]
      029 04008059      CALL r4 (0 args) => 0 results
      030 0400C186  GETTABLE r4 := r1[k12 ('actorName' [h=4EB2E2FD,$0098A660])]
      031 010241D5        EQ r4 == k13 ('player0' [h=316752BF,$009A56E0])
      032 00800894       JMP +35 ; 68
      033 04000385 GETGLOBAL r4 := _G[k14 ('Actor_EnableScriptedUse' [h=2140441B,$00A37B40])]
      034 0500C186  GETTABLE r5 := r1[k12 ('actorName' [h=4EB2E2FD,$0098A660])]
      035 06000105 GETGLOBAL r6 := _G[k4 ('FALSE' [h=0E4B730F,$009A6040])]
      036 04018059      CALL r4 (2 args) => 0 results
      037 00800754       JMP +30 ; 68
      038 0400C006  GETTABLE r4 := r1[k6 ('isWinched' [h=383B8FE4,$009C68A0])]
      039 04020018      TEST not r4 : r4 := r4
      040 00800694       JMP +27 ; 68
      041 04014246  GETTABLE r4 := r2[k15 ('bDisplayHelpText' [h=F03C0514,$00A1DEC0])]
      042 04020018      TEST not r4 : r4 := r4
      043 008005D4       JMP +24 ; 68
      044 04000405 GETGLOBAL r4 := _G[k16 ('Utility_ReadNumberFromScribbleMemory' [h=2BB92038,$009F9D40])]
      045 05000441     LOADK r5 := k17 ('tutorial_winchRelease' [h=1FA22AA3,$00A02840])
      046 04010099      CALL r4 (1 args) => 1 results
      047 04020018      TEST not r4 : r4 := r4
      048 00800154       JMP +6 ; 55
      049 04000485 GETGLOBAL r4 := _G[k18 ('AddTooltip' [h=74727381,$0097E5E0])]
      050 0500008A  NEWTABLE r5 := {} (#a=0, #h=2)
      051 0586C389  SETTABLE k20 ('[white][standardMission.releaseWinchEscort]' [h=06C08283,$009F2240]) ->> r5[k19 ('sMessage' [h=5806A233,$0099A700])]
      052 0587C409  SETTABLE k22 (TObject(5.0)) ->> r5[k21 ('nDisplayDuration' [h=7445B995,$00A096C0])]
      053 04010059      CALL r4 (1 args) => 0 results
      054 00800314       JMP +13 ; 68
      055 040005C5 GETGLOBAL r4 := _G[k23 ('Utility_MessageBox' [h=E0C5D484,$009E5400])]
      056 05000605 GETGLOBAL r5 := _G[k24 ('Utility_GetStringById' [h=F7067A6C,$009EF080])]
      057 06000641     LOADK r6 := k25 ('tutorial.Winch01.Title' [h=8F45CA50,$009D2B80])
      058 05010099      CALL r5 (1 args) => 1 results
      059 06000605 GETGLOBAL r6 := _G[k24 ('Utility_GetStringById' [h=F7067A6C,$009EF080])]
      060 07000681     LOADK r7 := k26 ('tutorial.Winch02a.Body' [h=30E6F917,$00A03A80])
      061 06010099      CALL r6 (1 args) => 1 results
      062 07008002  LOADBOOL r7 := True
      063 04020059      CALL r4 (3 args) => 0 results
      064 040006C5 GETGLOBAL r4 := _G[k27 ('Utility_WriteNumberToScribbleMemory' [h=DCF55147,$00A29080])]
      065 05000441     LOADK r5 := k17 ('tutorial_winchRelease' [h=1FA22AA3,$00A02840])
      066 06000701     LOADK r6 := k28 (TObject(1.0))
      067 04018059      CALL r4 (2 args) => 0 results
      068 04000745 GETGLOBAL r4 := _G[k29 ('util_PrintDebugMsg' [h=A2961C17,$00A25100])]
      069 05000781     LOADK r5 := k30 ('[OBJECTIVEDELIVER] Actor ' [h=0B7BFB6A,$00A05240])
      070 0600C186  GETTABLE r6 := r1[k12 ('actorName' [h=4EB2E2FD,$0098A660])]
      071 070007C1     LOADK r7 := k31 (' (objective ' [h=2765F23D,$00982A20])
      072 0800BF46  GETTABLE r8 := r1[k3 ('objectiveName' [h=2337C7CC,$0097D840])]
      073 09000801     LOADK r9 := k32 (')' [h=00000048,$009C8BA0])
      074 05028253    CONCAT r5 := r5 ... r9
      075 04010059      CALL r4 (1 args) => 0 results
      076 03018018      TEST not r3 : r3 := r3
      077 008000D4       JMP +4 ; 82
      078 04000745 GETGLOBAL r4 := _G[k29 ('util_PrintDebugMsg' [h=A2961C17,$00A25100])]
      079 05000841     LOADK r5 := k33 (' delivered\n' [h=9AAD5417,$0098A220])
      080 04010059      CALL r4 (1 args) => 0 results
      081 00800094       JMP +3 ; 85
      082 04000745 GETGLOBAL r4 := _G[k29 ('util_PrintDebugMsg' [h=A2961C17,$00A25100])]
      083 05000881     LOADK r5 := k34 (' not delivered\n' [h=96242E98,$0099AD80])
      084 04010059      CALL r4 (1 args) => 0 results
      085 0301001B    RETURN r3 ... r3
      086 0000801B    RETURN
  [Node$01A322DC] 'Faction_GetRelation' [h=94E8C2FB,$00A2AD80]: cfunction$002B6570 'Faction_GetRelation' [h=94E8C2FB,$00A2AD80]
  [Node$01A322F0] 'Player_EnableControl' [h=5310CEFC,$00A0A880]: cfunction$002C0568 'Player_EnableControl' [h=5310CEFC,$00A0A880]
  [Node$01A32304] 'VehicleDeliveryCheck' [h=3B2108BD,$00A13E40]: function$009A9BA0 'VehicleDeliveryCheck' [h=3B2108BD,$00A13E40]
    CONST$00C42F40 k0  'mission_tTargets' [h=28796635,$00A38080]
    CONST$00C42F48 k1  'Utility_GetActorAsInt' [h=A2B359A3,$00A3EB80]
    CONST$00C42F50 k2  'mission_tObjectives' [h=B4A8BCEB,$009D7BC0]
    CONST$00C42F58 k3  'objectiveName' [h=2337C7CC,$0097D840]
    CONST$00C42F60 k4  'FALSE' [h=0E4B730F,$009A6040]
    CONST$00C42F68 k5  'inRegion' [h=84D76BBC,$0097F620]
    CONST$00C42F70 k6  'isWinched' [h=383B8FE4,$009C68A0]
    CONST$00C42F78 k7  'playerInVehicle' [h=ED8194BA,$00988560]
    CONST$00C42F80 k8  'TRUE' [h=0067B195,$0097E680]
    CONST$00C42F88 k9  'RemoveTooltip' [h=99903744,$009C06A0]
    CONST$00C42F90 k10 'bDisplayHelpText' [h=F03C0514,$00A1DEC0]
    CONST$00C42F98 k11 'AddTooltip' [h=74727381,$0097E5E0]
    CONST$00C42FA0 k12 'sMessage' [h=5806A233,$0099A700]
    CONST$00C42FA8 k13 '[white][standardMission.exitVehicle]' [h=AD7E0228,$00A168C0]
    CONST$00C42FB0 k14 'nDisplayDuration' [h=7445B995,$00A096C0]
    CONST$00C42FB8 k15 TObject(5.0)
    CONST$00C42FC0 k16 'Utility_ReadNumberFromScribbleMemory' [h=2BB92038,$009F9D40]
    CONST$00C42FC8 k17 'tutorial_winchRelease' [h=1FA22AA3,$00A02840]
    CONST$00C42FD0 k18 '[white][standardMission.releaseWinch]' [h=37211F10,$00A110C0]
    CONST$00C42FD8 k19 'Utility_MessageBox' [h=E0C5D484,$009E5400]
    CONST$00C42FE0 k20 'Utility_GetStringById' [h=F7067A6C,$009EF080]
    CONST$00C42FE8 k21 'tutorial.Winch01.Title' [h=8F45CA50,$009D2B80]
    CONST$00C42FF0 k22 'tutorial.Winch02a.Body' [h=30E6F917,$00A03A80]
    CONST$00C42FF8 k23 'Utility_WriteNumberToScribbleMemory' [h=DCF55147,$00A29080]
    CONST$00C43000 k24 TObject(1.0)
    CONST$00C43008 k25 'util_PrintDebugMsg' [h=A2961C17,$00A25100]
    CONST$00C43010 k26 '[OBJECTIVEDELIVER] Actor ' [h=0B7BFB6A,$00A05240]
    CONST$00C43018 k27 'actorName' [h=4EB2E2FD,$0098A660]
    CONST$00C43020 k28 ' (objective ' [h=2765F23D,$00982A20]
    CONST$00C43028 k29 ')' [h=00000048,$009C8BA0]
    CONST$00C43030 k30 ' delivered\n' [h=9AAD5417,$0098A220]
    CONST$00C43038 k31 ' not delivered\n' [h=96242E98,$0099AD80]
     CODE$00CE0FC0
      000 01000005 GETGLOBAL r1 := _G[k0 ('mission_tTargets' [h=28796635,$00A38080])]
      001 02000045 GETGLOBAL r2 := _G[k1 ('Utility_GetActorAsInt' [h=A2B359A3,$00A3EB80])]
      002 03000000      MOVE r3 := r0
      003 02010099      CALL r2 (1 args) => 1 results
      004 01008086  GETTABLE r1 := r1[r2]
      005 02000085 GETGLOBAL r2 := _G[k2 ('mission_tObjectives' [h=B4A8BCEB,$009D7BC0])]
      006 0300BF46  GETTABLE r3 := r1[k3 ('objectiveName' [h=2337C7CC,$0097D840])]
      007 020100C6  GETTABLE r2 := r2[r3]
      008 03000105 GETGLOBAL r3 := _G[k4 ('FALSE' [h=0E4B730F,$009A6040])]
      009 0400BFC6  GETTABLE r4 := r1[k5 ('inRegion' [h=84D76BBC,$0097F620])]
      010 04020018      TEST not r4 : r4 := r4
      011 00800CD4       JMP +52 ; 64
      012 0400C006  GETTABLE r4 := r1[k6 ('isWinched' [h=383B8FE4,$009C68A0])]
      013 04020058      TEST r4 : r4 := r4
      014 00800194       JMP +7 ; 22
      015 0400C046  GETTABLE r4 := r1[k7 ('playerInVehicle' [h=ED8194BA,$00988560])]
      016 04020058      TEST r4 : r4 := r4
      017 008000D4       JMP +4 ; 22
      018 03000205 GETGLOBAL r3 := _G[k8 ('TRUE' [h=0067B195,$0097E680])]
      019 04000245 GETGLOBAL r4 := _G[k9 ('RemoveTooltip' [h=99903744,$009C06A0])]
      020 04008059      CALL r4 (0 args) => 0 results
      021 00800A54       JMP +42 ; 64
      022 0400C046  GETTABLE r4 := r1[k7 ('playerInVehicle' [h=ED8194BA,$00988560])]
      023 04020018      TEST not r4 : r4 := r4
      024 00800214       JMP +9 ; 34
      025 04014106  GETTABLE r4 := r2[k10 ('bDisplayHelpText' [h=F03C0514,$00A1DEC0])]
      026 04020018      TEST not r4 : r4 := r4
      027 00800154       JMP +6 ; 34
      028 040002C5 GETGLOBAL r4 := _G[k11 ('AddTooltip' [h=74727381,$0097E5E0])]
      029 0500008A  NEWTABLE r5 := {} (#a=0, #h=2)
      030 058341C9  SETTABLE k13 ('[white][standardMission.exitVehicle]' [h=AD7E0228,$00A168C0]) ->> r5[k12 ('sMessage' [h=5806A233,$0099A700])]
      031 05844249  SETTABLE k15 (TObject(5.0)) ->> r5[k14 ('nDisplayDuration' [h=7445B995,$00A096C0])]
      032 04010059      CALL r4 (1 args) => 0 results
      033 00800754       JMP +30 ; 64
      034 0400C006  GETTABLE r4 := r1[k6 ('isWinched' [h=383B8FE4,$009C68A0])]
      035 04020018      TEST not r4 : r4 := r4
      036 00800694       JMP +27 ; 64
      037 04014106  GETTABLE r4 := r2[k10 ('bDisplayHelpText' [h=F03C0514,$00A1DEC0])]
      038 04020018      TEST not r4 : r4 := r4
      039 008005D4       JMP +24 ; 64
      040 04000405 GETGLOBAL r4 := _G[k16 ('Utility_ReadNumberFromScribbleMemory' [h=2BB92038,$009F9D40])]
      041 05000441     LOADK r5 := k17 ('tutorial_winchRelease' [h=1FA22AA3,$00A02840])
      042 04010099      CALL r4 (1 args) => 1 results
      043 04020018      TEST not r4 : r4 := r4
      044 00800154       JMP +6 ; 51
      045 040002C5 GETGLOBAL r4 := _G[k11 ('AddTooltip' [h=74727381,$0097E5E0])]
      046 0500008A  NEWTABLE r5 := {} (#a=0, #h=2)
      047 05834309  SETTABLE k18 ('[white][standardMission.releaseWinch]' [h=37211F10,$00A110C0]) ->> r5[k12 ('sMessage' [h=5806A233,$0099A700])]
      048 05844249  SETTABLE k15 (TObject(5.0)) ->> r5[k14 ('nDisplayDuration' [h=7445B995,$00A096C0])]
      049 04010059      CALL r4 (1 args) => 0 results
      050 00800314       JMP +13 ; 64
      051 040004C5 GETGLOBAL r4 := _G[k19 ('Utility_MessageBox' [h=E0C5D484,$009E5400])]
      052 05000505 GETGLOBAL r5 := _G[k20 ('Utility_GetStringById' [h=F7067A6C,$009EF080])]
      053 06000541     LOADK r6 := k21 ('tutorial.Winch01.Title' [h=8F45CA50,$009D2B80])
      054 05010099      CALL r5 (1 args) => 1 results
      055 06000505 GETGLOBAL r6 := _G[k20 ('Utility_GetStringById' [h=F7067A6C,$009EF080])]
      056 07000581     LOADK r7 := k22 ('tutorial.Winch02a.Body' [h=30E6F917,$00A03A80])
      057 06010099      CALL r6 (1 args) => 1 results
      058 07008002  LOADBOOL r7 := True
      059 04020059      CALL r4 (3 args) => 0 results
      060 040005C5 GETGLOBAL r4 := _G[k23 ('Utility_WriteNumberToScribbleMemory' [h=DCF55147,$00A29080])]
      061 05000441     LOADK r5 := k17 ('tutorial_winchRelease' [h=1FA22AA3,$00A02840])
      062 06000601     LOADK r6 := k24 (TObject(1.0))
      063 04018059      CALL r4 (2 args) => 0 results
      064 04000645 GETGLOBAL r4 := _G[k25 ('util_PrintDebugMsg' [h=A2961C17,$00A25100])]
      065 05000681     LOADK r5 := k26 ('[OBJECTIVEDELIVER] Actor ' [h=0B7BFB6A,$00A05240])
      066 0600C546  GETTABLE r6 := r1[k27 ('actorName' [h=4EB2E2FD,$0098A660])]
      067 07000701     LOADK r7 := k28 (' (objective ' [h=2765F23D,$00982A20])
      068 0800BF46  GETTABLE r8 := r1[k3 ('objectiveName' [h=2337C7CC,$0097D840])]
      069 09000741     LOADK r9 := k29 (')' [h=00000048,$009C8BA0])
      070 05028253    CONCAT r5 := r5 ... r9
      071 04010059      CALL r4 (1 args) => 0 results
      072 03018018      TEST not r3 : r3 := r3
      073 008000D4       JMP +4 ; 78
      074 04000645 GETGLOBAL r4 := _G[k25 ('util_PrintDebugMsg' [h=A2961C17,$00A25100])]
      075 05000781     LOADK r5 := k30 (' delivered\n' [h=9AAD5417,$0098A220])
      076 04010059      CALL r4 (1 args) => 0 results
      077 00800094       JMP +3 ; 81
      078 04000645 GETGLOBAL r4 := _G[k25 ('util_PrintDebugMsg' [h=A2961C17,$00A25100])]
      079 050007C1     LOADK r5 := k31 (' not delivered\n' [h=96242E98,$0099AD80])
      080 04010059      CALL r4 (1 args) => 0 results
      081 0301001B    RETURN r3 ... r3
      082 0000801B    RETURN
  [Node$01A32318] 'tRsActor' [h=5767DEFE,$009A7B00]: table$00996E40[a=0,h=64]
  [Node$01A3232C] 'Utility_GetDistanceBetweenVectors' [h=942A76FF,$00A15BC0]: cfunction$002C3288 'Utility_GetDistanceBetweenVectors' [h=942A76FF,$00A15BC0]
  [Node$01A32340] 'TargetActorSubdued' [h=71F25B7C,$00A33EC0]: function$009A5780 'TargetActorSubdued' [h=71F25B7C,$00A33EC0]
    CONST$009CCBC0 k0  'mission_tTargets' [h=28796635,$00A38080]
    CONST$009CCBC8 k1  'Utility_GetActorAsInt' [h=A2B359A3,$00A3EB80]
    CONST$009CCBD0 k2  'mission_tObjectives' [h=B4A8BCEB,$009D7BC0]
    CONST$009CCBD8 k3  'objectiveName' [h=2337C7CC,$0097D840]
    CONST$009CCBE0 k4  'subdueCallbackFunc' [h=24C7EABC,$009DD1C0]
    CONST$009CCBE8 k5  'actorName' [h=4EB2E2FD,$0098A660]
     CODE$00A3FA80
      000 01000005 GETGLOBAL r1 := _G[k0 ('mission_tTargets' [h=28796635,$00A38080])]
      001 02000045 GETGLOBAL r2 := _G[k1 ('Utility_GetActorAsInt' [h=A2B359A3,$00A3EB80])]
      002 03000000      MOVE r3 := r0
      003 02010099      CALL r2 (1 args) => 1 results
      004 01008086  GETTABLE r1 := r1[r2]
      005 02000085 GETGLOBAL r2 := _G[k2 ('mission_tObjectives' [h=B4A8BCEB,$009D7BC0])]
      006 0300BF46  GETTABLE r3 := r1[k3 ('objectiveName' [h=2337C7CC,$0097D840])]
      007 020100C6  GETTABLE r2 := r2[r3]
      008 03013F86  GETTABLE r3 := r2[k4 ('subdueCallbackFunc' [h=24C7EABC,$009DD1C0])]
      009 03018018      TEST not r3 : r3 := r3
      010 008000D4       JMP +4 ; 15
      011 03013F86  GETTABLE r3 := r2[k4 ('subdueCallbackFunc' [h=24C7EABC,$009DD1C0])]
      012 0400BFC6  GETTABLE r4 := r1[k5 ('actorName' [h=4EB2E2FD,$0098A660])]
      013 0500BF46  GETTABLE r5 := r1[k3 ('objectiveName' [h=2337C7CC,$0097D840])]
      014 03018059      CALL r3 (2 args) => 0 results
      015 0000801B    RETURN
  [Node$01A32354] 'TargetActorFollowingHeroStatusChange' [h=FA953A32,$009CE640]: function$0097C040 'TargetActorFollowingHeroStatusChange' [h=FA953A32,$009CE640]
    CONST$00C9E5C0 k0  'mission_tTargets' [h=28796635,$00A38080]
    CONST$00C9E5C8 k1  'Utility_GetActorAsInt' [h=A2B359A3,$00A3EB80]
    CONST$00C9E5D0 k2  'util_PrintDebugMsg' [h=A2961C17,$00A25100]
    CONST$00C9E5D8 k3  '\n[OBJECTIVEDELIVER] TargetActorFollowingHeroStatusChange referencing a bad actor guid\n' [h=D6A515E7,$00AA13C0]
    CONST$00C9E5E0 k4  'mission_tObjectives' [h=B4A8BCEB,$009D7BC0]
    CONST$00C9E5E8 k5  'objectiveName' [h=2337C7CC,$0097D840]
    CONST$00C9E5F0 k6  'bGlobalFollowState' [h=69D5FE18,$009D1C80]
    CONST$00C9E5F8 k7  'targetActors' [h=DB0363C4,$0097CC00]
    CONST$00C9E600 k8  'ipairs' [h=B6F4A157,$0098FC00]
    CONST$00C9E608 k9  'Actor_IsAlive' [h=BD5193A3,$009A6640]
    CONST$00C9E610 k10 '\n[OBJECTIVEDELIVER] Actor ' [h=B3192C5E,$00A08900]
    CONST$00C9E618 k11 'actorName' [h=4EB2E2FD,$0098A660]
    CONST$00C9E620 k12 ' not' [h=0078C427,$0098D6A0]
    CONST$00C9E628 k13 ' following hero (objective ' [h=ECF2265F,$00A3D540]
    CONST$00C9E630 k14 ')\n' [h=00000973,$00999AC0]
    CONST$00C9E638 k15 'followingPlayer' [h=E3095E99,$009A4840]
    CONST$00C9E640 k16 'followingHandle' [h=2FF3E617,$0098E300]
    CONST$00C9E648 k17 'Event_CancelEvent' [h=D8960070,$009D8C00]
    CONST$00C9E650 k18 'SetupEventTargetActorFollowingHeroStatusChange' [h=F88DA6D4,$00A01340]
    CONST$00C9E658 k19 'Ai_CommandClearAll' [h=CDA0E905,$009F9C00]
    CONST$00C9E660 k20 'Ai_CommandDefault' [h=60550F94,$00A00F80]
    CONST$00C9E668 k21 'follow' [h=892FA525,$00978620]
    CONST$00C9E670 k22 'player0' [h=316752BF,$009A56E0]
    CONST$00C9E678 k23 TObject(3.0)
    CONST$00C9E680 k24 'medPri' [h=61E5011D,$009C4340]
    CONST$00C9E688 k25 'Audio_SubmitChatterEvent' [h=B1ADFFEF,$009ED000]
    CONST$00C9E690 k26 'chat_hfol' [h=30F1C43B,$009AAD40]
    CONST$00C9E698 k27 'wait' [h=00792F97,$0098B1E0]
    CONST$00C9E6A0 k28 'loPri' [h=11C2D9AB,$009C4380]
    CONST$00C9E6A8 k29 'chat_hsty' [h=5CDCC9AF,$0097FC00]
    CONST$00C9E6B0 k30 'objectify' [h=AEDDA575,$009C5EA0]
    CONST$00C9E6B8 k31 'RemoveTargetActorBlip' [h=970D0ED5,$00A2B800]
    CONST$00C9E6C0 k32 'CreateTargetActorBlip' [h=964AC294,$009E9980]
    CONST$00C9E6C8 k33 'CreateDestinationRegionBlip' [h=4E25EC62,$00A08DC0]
    CONST$00C9E6D0 k34 'attachmentCallbackFunc' [h=A366B3C9,$00A374C0]
    CONST$00C9E6D8 k35 'FOLLOW' [h=48890801,$0097DC60]
    CONST$00C9E6E0 k36 'DeliveryCheck' [h=B7ECB131,$009942C0]
     CODE$00D49B00
      000 02000005 GETGLOBAL r2 := _G[k0 ('mission_tTargets' [h=28796635,$00A38080])]
      001 03000045 GETGLOBAL r3 := _G[k1 ('Utility_GetActorAsInt' [h=A2B359A3,$00A3EB80])]
      002 04000000      MOVE r4 := r0
      003 03010099      CALL r3 (1 args) => 1 results
      004 020100C6  GETTABLE r2 := r2[r3]
      005 02010058      TEST r2 : r2 := r2
      006 008000D4       JMP +4 ; 11
      007 03000085 GETGLOBAL r3 := _G[k2 ('util_PrintDebugMsg' [h=A2961C17,$00A25100])]
      008 040000C1     LOADK r4 := k3 ('\n[OBJECTIVEDELIVER] TargetActorFollowingHeroStatusChange referencing a bad actor guid\n' [h=D6A515E7,$00AA13C0])
      009 03010059      CALL r3 (1 args) => 0 results
      010 0000801B    RETURN
      011 03000105 GETGLOBAL r3 := _G[k4 ('mission_tObjectives' [h=B4A8BCEB,$009D7BC0])]
      012 04013FC6  GETTABLE r4 := r2[k5 ('objectiveName' [h=2337C7CC,$0097D840])]
      013 03018106  GETTABLE r3 := r3[r4]
      014 04020003   LOADNIL r4 ... r4
      015 0501C006  GETTABLE r5 := r3[k6 ('bGlobalFollowState' [h=69D5FE18,$009D1C80])]
      016 05028018      TEST not r5 : r5 := r5
      017 00800054       JMP +2 ; 20
      018 0401C046  GETTABLE r4 := r3[k7 ('targetActors' [h=DB0363C4,$0097CC00])]
      019 008000D4       JMP +4 ; 24
      020 0500800A  NEWTABLE r5 := {} (#a=1, #h=0)
      021 06000000      MOVE r6 := r0
      022 0500001F   SETLIST r5 [0]
      023 04028000      MOVE r4 := r5
      024 05000205 GETGLOBAL r5 := _G[k8 ('ipairs' [h=B6F4A157,$0098FC00])]
      025 06020000      MOVE r6 := r4
      026 05010159      CALL r5 (1 args) => 4 results
      027 0580185E  TFORPREP WIP
      028 09000005 GETGLOBAL r9 := _G[k0 ('mission_tTargets' [h=28796635,$00A38080])]
      029 0A000045 GETGLOBAL r10 := _G[k1 ('Utility_GetActorAsInt' [h=A2B359A3,$00A3EB80])]
      030 0B040000      MOVE r11 := r8
      031 0A010099      CALL r10 (1 args) => 1 results
      032 09048286  GETTABLE r9 := r9[r10]
      033 09048018      TEST not r9 : r9 := r9
      034 00801694       JMP +91 ; 126
      035 0A000245 GETGLOBAL r10 := _G[k9 ('Actor_IsAlive' [h=BD5193A3,$009A6640])]
      036 0B040000      MOVE r11 := r8
      037 0A010099      CALL r10 (1 args) => 1 results
      038 0A050018      TEST not r10 : r10 := r10
      039 00801554       JMP +86 ; 126
      040 0A000085 GETGLOBAL r10 := _G[k2 ('util_PrintDebugMsg' [h=A2961C17,$00A25100])]
      041 0B000281     LOADK r11 := k10 ('\n[OBJECTIVEDELIVER] Actor ' [h=B3192C5E,$00A08900])
      042 0C04C146  GETTABLE r12 := r9[k11 ('actorName' [h=4EB2E2FD,$0098A660])]
      043 0B058313    CONCAT r11 := r11 ... r12
      044 0A010059      CALL r10 (1 args) => 0 results
      045 01008058      TEST r1 : r1 := r1
      046 00800094       JMP +3 ; 50
      047 0A000085 GETGLOBAL r10 := _G[k2 ('util_PrintDebugMsg' [h=A2961C17,$00A25100])]
      048 0B000301     LOADK r11 := k12 (' not' [h=0078C427,$0098D6A0])
      049 0A010059      CALL r10 (1 args) => 0 results
      050 0A000085 GETGLOBAL r10 := _G[k2 ('util_PrintDebugMsg' [h=A2961C17,$00A25100])]
      051 0B000341     LOADK r11 := k13 (' following hero (objective ' [h=ECF2265F,$00A3D540])
      052 0C04BFC6  GETTABLE r12 := r9[k5 ('objectiveName' [h=2337C7CC,$0097D840])]
      053 0D000381     LOADK r13 := k14 (')\n' [h=00000973,$00999AC0])
      054 0B058353    CONCAT r11 := r11 ... r13
      055 0A010059      CALL r10 (1 args) => 0 results
      056 09848049  SETTABLE r1 ->> r9[k15 ('followingPlayer' [h=E3095E99,$009A4840])]
      057 0A000445 GETGLOBAL r10 := _G[k17 ('Event_CancelEvent' [h=D8960070,$009D8C00])]
      058 0B04C286  GETTABLE r11 := r9[k16 ('followingHandle' [h=2FF3E617,$0098E300])]
      059 0A010099      CALL r10 (1 args) => 1 results
      060 09850289  SETTABLE r10 ->> r9[k16 ('followingHandle' [h=2FF3E617,$0098E300])]
      061 0A000485 GETGLOBAL r10 := _G[k18 ('SetupEventTargetActorFollowingHeroStatusChange' [h=F88DA6D4,$00A01340])]
      062 0B040000      MOVE r11 := r8
      063 0C008012       NOT r12 := not r1
      064 0A018099      CALL r10 (2 args) => 1 results
      065 09850289  SETTABLE r10 ->> r9[k16 ('followingHandle' [h=2FF3E617,$0098E300])]
      066 01008018      TEST not r1 : r1 := r1
      067 00800394       JMP +15 ; 83
      068 0A0004C5 GETGLOBAL r10 := _G[k19 ('Ai_CommandClearAll' [h=CDA0E905,$009F9C00])]
      069 0B040000      MOVE r11 := r8
      070 0A010059      CALL r10 (1 args) => 0 results
      071 0A000505 GETGLOBAL r10 := _G[k20 ('Ai_CommandDefault' [h=60550F94,$00A00F80])]
      072 0B040000      MOVE r11 := r8
      073 0C000541     LOADK r12 := k21 ('follow' [h=892FA525,$00978620])
      074 0D000581     LOADK r13 := k22 ('player0' [h=316752BF,$009A56E0])
      075 0E0005C1     LOADK r14 := k23 (TObject(3.0))
      076 0F000601     LOADK r15 := k24 ('medPri' [h=61E5011D,$009C4340])
      077 0A030059      CALL r10 (5 args) => 0 results
      078 0A000645 GETGLOBAL r10 := _G[k25 ('Audio_SubmitChatterEvent' [h=B1ADFFEF,$009ED000])]
      079 0B000581     LOADK r11 := k22 ('player0' [h=316752BF,$009A56E0])
      080 0C000681     LOADK r12 := k26 ('chat_hfol' [h=30F1C43B,$009AAD40])
      081 0A018059      CALL r10 (2 args) => 0 results
      082 00800214       JMP +9 ; 92
      083 0A000505 GETGLOBAL r10 := _G[k20 ('Ai_CommandDefault' [h=60550F94,$00A00F80])]
      084 0B040000      MOVE r11 := r8
      085 0C0006C1     LOADK r12 := k27 ('wait' [h=00792F97,$0098B1E0])
      086 0D000701     LOADK r13 := k28 ('loPri' [h=11C2D9AB,$009C4380])
      087 0A020059      CALL r10 (3 args) => 0 results
      088 0A000645 GETGLOBAL r10 := _G[k25 ('Audio_SubmitChatterEvent' [h=B1ADFFEF,$009ED000])]
      089 0B000581     LOADK r11 := k22 ('player0' [h=316752BF,$009A56E0])
      090 0C000741     LOADK r12 := k29 ('chat_hsty' [h=5CDCC9AF,$0097FC00])
      091 0A018059      CALL r10 (2 args) => 0 results
      092 0A01C606  GETTABLE r10 := r3[k30 ('objectify' [h=AEDDA575,$009C5EA0])]
      093 0A050018      TEST not r10 : r10 := r10
      094 00800414       JMP +17 ; 112
      095 01008018      TEST not r1 : r1 := r1
      096 008002D4       JMP +12 ; 109
      097 0A0007C5 GETGLOBAL r10 := _G[k31 ('RemoveTargetActorBlip' [h=970D0ED5,$00A2B800])]
      098 0B048000      MOVE r11 := r9
      099 0A010059      CALL r10 (1 args) => 0 results
      100 0A000805 GETGLOBAL r10 := _G[k32 ('CreateTargetActorBlip' [h=964AC294,$009E9980])]
      101 0B048000      MOVE r11 := r9
      102 0C068003   LOADNIL r12 ... r13
      103 0E000002  LOADBOOL r14 := False
      104 0A028059      CALL r10 (4 args) => 0 results
      105 0A000845 GETGLOBAL r10 := _G[k33 ('CreateDestinationRegionBlip' [h=4E25EC62,$00A08DC0])]
      106 0B048000      MOVE r11 := r9
      107 0A010059      CALL r10 (1 args) => 0 results
      108 00800094       JMP +3 ; 112
      109 0A000805 GETGLOBAL r10 := _G[k32 ('CreateTargetActorBlip' [h=964AC294,$009E9980])]
      110 0B048000      MOVE r11 := r9
      111 0A010059      CALL r10 (1 args) => 0 results
      112 0A01C706  GETTABLE r10 := r3[k34 ('attachmentCallbackFunc' [h=A366B3C9,$00A374C0])]
      113 0A050018      TEST not r10 : r10 := r10
      114 00800154       JMP +6 ; 121
      115 0A01C706  GETTABLE r10 := r3[k34 ('attachmentCallbackFunc' [h=A366B3C9,$00A374C0])]
      116 0B008012       NOT r11 := not r1
      117 0C0008C1     LOADK r12 := k35 ('FOLLOW' [h=48890801,$0097DC60])
      118 0D04C146  GETTABLE r13 := r9[k11 ('actorName' [h=4EB2E2FD,$0098A660])]
      119 0E04BFC6  GETTABLE r14 := r9[k5 ('objectiveName' [h=2337C7CC,$0097D840])]
      120 0A028059      CALL r10 (4 args) => 0 results
      121 01008058      TEST r1 : r1 := r1
      122 00800094       JMP +3 ; 126
      123 0A000905 GETGLOBAL r10 := _G[k36 ('DeliveryCheck' [h=B7ECB131,$009942C0])]
      124 0B040000      MOVE r11 := r8
      125 0A010059      CALL r10 (1 args) => 0 results
      126 0500005D  TFORLOOP WIP
      127 007FE6D4       JMP -100 ; 28
      128 0000801B    RETURN
  [Node$01A32368] 'TargetActorInVehicleStatusChange' [h=6B63C89B,$00A1FBC0]: function$009C0E80 'TargetActorInVehicleStatusChange' [h=6B63C89B,$00A1FBC0]
    CONST$00C4CC40 k0  'mission_tTargets' [h=28796635,$00A38080]
    CONST$00C4CC48 k1  'Utility_GetActorAsInt' [h=A2B359A3,$00A3EB80]
    CONST$00C4CC50 k2  'mission_tObjectives' [h=B4A8BCEB,$009D7BC0]
    CONST$00C4CC58 k3  'objectiveName' [h=2337C7CC,$0097D840]
    CONST$00C4CC60 k4  'util_PrintDebugMsg' [h=A2961C17,$00A25100]
    CONST$00C4CC68 k5  '\n[OBJECTIVEDELIVER] Actor ' [h=B3192C5E,$00A08900]
    CONST$00C4CC70 k6  'actorName' [h=4EB2E2FD,$0098A660]
    CONST$00C4CC78 k7  ' ' [h=00000041,$0097FF20]
    CONST$00C4CC80 k8  'inside' [h=4F2419C7,$009A4400]
    CONST$00C4CC88 k9  'outside' [h=1C088095,$0098B300]
    CONST$00C4CC90 k10 ' vehicle (objective ' [h=83B11147,$00A21840]
    CONST$00C4CC98 k11 ')\n' [h=00000973,$00999AC0]
    CONST$00C4CCA0 k12 'targetInVehicle' [h=E9B429D3,$0098C720]
    CONST$00C4CCA8 k13 'targetInVehicleHandle' [h=A66B2FA1,$00A22AC0]
    CONST$00C4CCB0 k14 'SetupEventTargetActorInVehicleStatusChange' [h=00E9FFEE,$009D5240]
    CONST$00C4CCB8 k15 'objectify' [h=AEDDA575,$009C5EA0]
    CONST$00C4CCC0 k16 'vehicleGuidInt' [h=31C2B88A,$009A6000]
    CONST$00C4CCC8 k17 'Utility_GetActorsVehicle' [h=19764E85,$009E8C80]
    CONST$00C4CCD0 k18 'RemoveTargetActorBlip' [h=970D0ED5,$00A2B800]
    CONST$00C4CCD8 k19 'CreateTargetActorBlip' [h=964AC294,$009E9980]
    CONST$00C4CCE0 k20 'CreateDestinationRegionBlip' [h=4E25EC62,$00A08DC0]
    CONST$00C4CCE8 k21 'inRegion' [h=84D76BBC,$0097F620]
    CONST$00C4CCF0 k22 'bAutoFollowOnVehExit' [h=A98DAD82,$00A3CC40]
    CONST$00C4CCF8 k23 'player0' [h=316752BF,$009A56E0]
    CONST$00C4CD00 k24 'Utility_GetActor' [h=077E9779,$009FB8C0]
    CONST$00C4CD08 k25 'TargetActorFollowingHeroStatusChange' [h=FA953A32,$009CE640]
    CONST$00C4CD10 k26 TObject(None)
    CONST$00C4CD18 k27 'attachmentCallbackFunc' [h=A366B3C9,$00A374C0]
    CONST$00C4CD20 k28 'TARGET_ACTOR_IN_PLAYER_VEH' [h=E32368C1,$009FB440]
    CONST$00C4CD28 k29 'DeliveryCheck' [h=B7ECB131,$009942C0]
     CODE$00CEC000
      000 02000005 GETGLOBAL r2 := _G[k0 ('mission_tTargets' [h=28796635,$00A38080])]
      001 03000045 GETGLOBAL r3 := _G[k1 ('Utility_GetActorAsInt' [h=A2B359A3,$00A3EB80])]
      002 04000000      MOVE r4 := r0
      003 03010099      CALL r3 (1 args) => 1 results
      004 020100C6  GETTABLE r2 := r2[r3]
      005 03000085 GETGLOBAL r3 := _G[k2 ('mission_tObjectives' [h=B4A8BCEB,$009D7BC0])]
      006 04013F46  GETTABLE r4 := r2[k3 ('objectiveName' [h=2337C7CC,$0097D840])]
      007 03018106  GETTABLE r3 := r3[r4]
      008 04000105 GETGLOBAL r4 := _G[k4 ('util_PrintDebugMsg' [h=A2961C17,$00A25100])]
      009 05000141     LOADK r5 := k5 ('\n[OBJECTIVEDELIVER] Actor ' [h=B3192C5E,$00A08900])
      010 06014006  GETTABLE r6 := r2[k6 ('actorName' [h=4EB2E2FD,$0098A660])]
      011 070001C1     LOADK r7 := k7 (' ' [h=00000041,$0097FF20])
      012 050281D3    CONCAT r5 := r5 ... r7
      013 04010059      CALL r4 (1 args) => 0 results
      014 01008018      TEST not r1 : r1 := r1
      015 008000D4       JMP +4 ; 20
      016 04000105 GETGLOBAL r4 := _G[k4 ('util_PrintDebugMsg' [h=A2961C17,$00A25100])]
      017 05000201     LOADK r5 := k8 ('inside' [h=4F2419C7,$009A4400])
      018 04010059      CALL r4 (1 args) => 0 results
      019 00800094       JMP +3 ; 23
      020 04000105 GETGLOBAL r4 := _G[k4 ('util_PrintDebugMsg' [h=A2961C17,$00A25100])]
      021 05000241     LOADK r5 := k9 ('outside' [h=1C088095,$0098B300])
      022 04010059      CALL r4 (1 args) => 0 results
      023 04000105 GETGLOBAL r4 := _G[k4 ('util_PrintDebugMsg' [h=A2961C17,$00A25100])]
      024 05000281     LOADK r5 := k10 (' vehicle (objective ' [h=83B11147,$00A21840])
      025 06013F46  GETTABLE r6 := r2[k3 ('objectiveName' [h=2337C7CC,$0097D840])]
      026 070002C1     LOADK r7 := k11 (')\n' [h=00000973,$00999AC0])
      027 050281D3    CONCAT r5 := r5 ... r7
      028 04010059      CALL r4 (1 args) => 0 results
      029 02830049  SETTABLE r1 ->> r2[k12 ('targetInVehicle' [h=E9B429D3,$0098C720])]
      030 04000385 GETGLOBAL r4 := _G[k14 ('SetupEventTargetActorInVehicleStatusChange' [h=00E9FFEE,$009D5240])]
      031 05000000      MOVE r5 := r0
      032 06008012       NOT r6 := not r1
      033 04018099      CALL r4 (2 args) => 1 results
      034 02838109  SETTABLE r4 ->> r2[k13 ('targetInVehicleHandle' [h=A66B2FA1,$00A22AC0])]
      035 0401C246  GETTABLE r4 := r3[k15 ('objectify' [h=AEDDA575,$009C5EA0])]
      036 04020018      TEST not r4 : r4 := r4
      037 00800BD4       JMP +48 ; 86
      038 01008018      TEST not r1 : r1 := r1
      039 00800454       JMP +18 ; 58
      040 04000045 GETGLOBAL r4 := _G[k1 ('Utility_GetActorAsInt' [h=A2B359A3,$00A3EB80])]
      041 05000445 GETGLOBAL r5 := _G[k17 ('Utility_GetActorsVehicle' [h=19764E85,$009E8C80])]
      042 06000000      MOVE r6 := r0
      043 05010019      CALL r5 (1 args) => -1 results
      044 04000099      CALL r4 (-1 args) => 1 results
      045 02850109  SETTABLE r4 ->> r2[k16 ('vehicleGuidInt' [h=31C2B88A,$009A6000])]
      046 04000485 GETGLOBAL r4 := _G[k18 ('RemoveTargetActorBlip' [h=970D0ED5,$00A2B800])]
      047 05010000      MOVE r5 := r2
      048 04010059      CALL r4 (1 args) => 0 results
      049 040004C5 GETGLOBAL r4 := _G[k19 ('CreateTargetActorBlip' [h=964AC294,$009E9980])]
      050 05010000      MOVE r5 := r2
      051 06038003   LOADNIL r6 ... r7
      052 08000002  LOADBOOL r8 := False
      053 04028059      CALL r4 (4 args) => 0 results
      054 04000505 GETGLOBAL r4 := _G[k20 ('CreateDestinationRegionBlip' [h=4E25EC62,$00A08DC0])]
      055 05010000      MOVE r5 := r2
      056 04010059      CALL r4 (1 args) => 0 results
      057 008006D4       JMP +28 ; 86
      058 040143C6  GETTABLE r4 := r2[k21 ('inRegion' [h=84D76BBC,$0097F620])]
      059 04020058      TEST r4 : r4 := r4
      060 008005D4       JMP +24 ; 85
      061 0401C406  GETTABLE r4 := r3[k22 ('bAutoFollowOnVehExit' [h=A98DAD82,$00A3CC40])]
      062 04020018      TEST not r4 : r4 := r4
      063 00800414       JMP +17 ; 81
      064 04000045 GETGLOBAL r4 := _G[k1 ('Utility_GetActorAsInt' [h=A2B359A3,$00A3EB80])]
      065 05000445 GETGLOBAL r5 := _G[k17 ('Utility_GetActorsVehicle' [h=19764E85,$009E8C80])]
      066 060005C1     LOADK r6 := k23 ('player0' [h=316752BF,$009A56E0])
      067 05010019      CALL r5 (1 args) => -1 results
      068 04000099      CALL r4 (-1 args) => 1 results
      069 05000045 GETGLOBAL r5 := _G[k1 ('Utility_GetActorAsInt' [h=A2B359A3,$00A3EB80])]
      070 06000605 GETGLOBAL r6 := _G[k24 ('Utility_GetActor' [h=077E9779,$009FB8C0])]
      071 070005C1     LOADK r7 := k23 ('player0' [h=316752BF,$009A56E0])
      072 06010019      CALL r6 (1 args) => -1 results
      073 05000099      CALL r5 (-1 args) => 1 results
      074 00020155        EQ r4 != r5
      075 00800114       JMP +5 ; 81
      076 04000645 GETGLOBAL r4 := _G[k25 ('TargetActorFollowingHeroStatusChange' [h=FA953A32,$009CE640])]
      077 05000000      MOVE r5 := r0
      078 06008002  LOADBOOL r6 := True
      079 04018059      CALL r4 (2 args) => 0 results
      080 008000D4       JMP +4 ; 85
      081 04000645 GETGLOBAL r4 := _G[k25 ('TargetActorFollowingHeroStatusChange' [h=FA953A32,$009CE640])]
      082 05000000      MOVE r5 := r0
      083 06000002  LOADBOOL r6 := False
      084 04018059      CALL r4 (2 args) => 0 results
      085 02854509  SETTABLE k26 (TObject(None)) ->> r2[k16 ('vehicleGuidInt' [h=31C2B88A,$009A6000])]
      086 0401C546  GETTABLE r4 := r3[k27 ('attachmentCallbackFunc' [h=A366B3C9,$00A374C0])]
      087 04020018      TEST not r4 : r4 := r4
      088 00800154       JMP +6 ; 95
      089 0401C546  GETTABLE r4 := r3[k27 ('attachmentCallbackFunc' [h=A366B3C9,$00A374C0])]
      090 05008012       NOT r5 := not r1
      091 06000701     LOADK r6 := k28 ('TARGET_ACTOR_IN_PLAYER_VEH' [h=E32368C1,$009FB440])
      092 07014006  GETTABLE r7 := r2[k6 ('actorName' [h=4EB2E2FD,$0098A660])]
      093 08013F46  GETTABLE r8 := r2[k3 ('objectiveName' [h=2337C7CC,$0097D840])]
      094 04028059      CALL r4 (4 args) => 0 results
      095 01008058      TEST r1 : r1 := r1
      096 00800094       JMP +3 ; 100
      097 04000745 GETGLOBAL r4 := _G[k29 ('DeliveryCheck' [h=B7ECB131,$009942C0])]
      098 05000000      MOVE r5 := r0
      099 04010059      CALL r4 (1 args) => 0 results
      100 0000801B    RETURN
  [Node$01A3237C] 'Ui_MessageBoxPrint' [h=CF59BB03,$009D4DC0]: cfunction$002A7888 'Ui_MessageBoxPrint' [h=CF59BB03,$009D4DC0]
  [Node$01A32390] 'Ai_SetFactionFavor' [h=FA240704,$00A0E600]: cfunction$002B3298 'Ai_SetFactionFavor' [h=FA240704,$00A0E600]
  [Node$01A323A4] 'SetupEventTargetActorInVehicleStatusChange' [h=00E9FFEE,$009D5240]: function$009880A0 'SetupEventTargetActorInVehicleStatusChange' [h=00E9FFEE,$009D5240]
    CONST$00996140 k0  'Event_AiIsPassenger' [h=D8938E73,$009F8340]
    CONST$00996148 k1  'TargetActorInVehicleStatusChange' [h=6B63C89B,$00A1FBC0]
    CONST$00996150 k2  'b' [h=00000083,$00983380]
     CODE$00984720
      000 02000005 GETGLOBAL r2 := _G[k0 ('Event_AiIsPassenger' [h=D8938E73,$009F8340])]
      001 03000041     LOADK r3 := k1 ('TargetActorInVehicleStatusChange' [h=6B63C89B,$00A1FBC0])
      002 04000081     LOADK r4 := k2 ('b' [h=00000083,$00983380])
      003 05000000      MOVE r5 := r0
      004 06008000      MOVE r6 := r1
      005 0202801A  TAILCALL r2 (4 args)
      006 0200001B    RETURN r2 ... top
      007 0000801B    RETURN
  [Node$01A323B8] 'ActorInTargetVehicleStatusChange' [h=D9D4FB5C,$00A1ECC0]: function$00994F40 'ActorInTargetVehicleStatusChange' [h=D9D4FB5C,$00A1ECC0]
    CONST$00B8EC40 k0  'mission_tTargets' [h=28796635,$00A38080]
    CONST$00B8EC48 k1  'Utility_GetActorAsInt' [h=A2B359A3,$00A3EB80]
    CONST$00B8EC50 k2  'mission_tObjectives' [h=B4A8BCEB,$009D7BC0]
    CONST$00B8EC58 k3  'objectiveName' [h=2337C7CC,$0097D840]
    CONST$00B8EC60 k4  'util_PrintDebugMsg' [h=A2961C17,$00A25100]
    CONST$00B8EC68 k5  '\n[OBJECTIVEDELIVER] Target vehicle ' [h=3C1BEEAB,$00A05100]
    CONST$00B8EC70 k6  'actorName' [h=4EB2E2FD,$0098A660]
    CONST$00B8EC78 k7  ' ' [h=00000041,$0097FF20]
    CONST$00B8EC80 k8  'embarked...\n' [h=F64D1127,$0097C9E0]
    CONST$00B8EC88 k9  'disembarked...\n' [h=0C70AC45,$0099C160]
    CONST$00B8EC90 k10 'playerInVehicle' [h=ED8194BA,$00988560]
    CONST$00B8EC98 k11 'playerInVehicleHandle' [h=9CDBFEAF,$009F01C0]
    CONST$00B8ECA0 k12 'SetupEventActorInTargetVehicleStatusChange' [h=9A0ED636,$009E5540]
    CONST$00B8ECA8 k13 'objectify' [h=AEDDA575,$009C5EA0]
    CONST$00B8ECB0 k14 'RemoveTargetActorBlip' [h=970D0ED5,$00A2B800]
    CONST$00B8ECB8 k15 'CreateDestinationRegionBlip' [h=4E25EC62,$00A08DC0]
    CONST$00B8ECC0 k16 'CreateTargetActorBlip' [h=964AC294,$009E9980]
    CONST$00B8ECC8 k17 'attachmentCallbackFunc' [h=A366B3C9,$00A374C0]
    CONST$00B8ECD0 k18 'IN_TARGET_VEH' [h=674775DE,$009C27C0]
    CONST$00B8ECD8 k19 'DeliveryCheck' [h=B7ECB131,$009942C0]
     CODE$00C4CF40
      000 03000005 GETGLOBAL r3 := _G[k0 ('mission_tTargets' [h=28796635,$00A38080])]
      001 04000045 GETGLOBAL r4 := _G[k1 ('Utility_GetActorAsInt' [h=A2B359A3,$00A3EB80])]
      002 05008000      MOVE r5 := r1
      003 04010099      CALL r4 (1 args) => 1 results
      004 03018106  GETTABLE r3 := r3[r4]
      005 04000085 GETGLOBAL r4 := _G[k2 ('mission_tObjectives' [h=B4A8BCEB,$009D7BC0])]
      006 0501BF46  GETTABLE r5 := r3[k3 ('objectiveName' [h=2337C7CC,$0097D840])]
      007 04020146  GETTABLE r4 := r4[r5]
      008 05000105 GETGLOBAL r5 := _G[k4 ('util_PrintDebugMsg' [h=A2961C17,$00A25100])]
      009 06000141     LOADK r6 := k5 ('\n[OBJECTIVEDELIVER] Target vehicle ' [h=3C1BEEAB,$00A05100])
      010 0701C006  GETTABLE r7 := r3[k6 ('actorName' [h=4EB2E2FD,$0098A660])]
      011 080001C1     LOADK r8 := k7 (' ' [h=00000041,$0097FF20])
      012 06030213    CONCAT r6 := r6 ... r8
      013 05010059      CALL r5 (1 args) => 0 results
      014 02010018      TEST not r2 : r2 := r2
      015 008000D4       JMP +4 ; 20
      016 05000105 GETGLOBAL r5 := _G[k4 ('util_PrintDebugMsg' [h=A2961C17,$00A25100])]
      017 06000201     LOADK r6 := k8 ('embarked...\n' [h=F64D1127,$0097C9E0])
      018 05010059      CALL r5 (1 args) => 0 results
      019 00800094       JMP +3 ; 23
      020 05000105 GETGLOBAL r5 := _G[k4 ('util_PrintDebugMsg' [h=A2961C17,$00A25100])]
      021 06000241     LOADK r6 := k9 ('disembarked...\n' [h=0C70AC45,$0099C160])
      022 05010059      CALL r5 (1 args) => 0 results
      023 03820089  SETTABLE r2 ->> r3[k10 ('playerInVehicle' [h=ED8194BA,$00988560])]
      024 05000305 GETGLOBAL r5 := _G[k12 ('SetupEventActorInTargetVehicleStatusChange' [h=9A0ED636,$009E5540])]
      025 06000000      MOVE r6 := r0
      026 07008000      MOVE r7 := r1
      027 08010012       NOT r8 := not r2
      028 05020099      CALL r5 (3 args) => 1 results
      029 03828149  SETTABLE r5 ->> r3[k11 ('playerInVehicleHandle' [h=9CDBFEAF,$009F01C0])]
      030 050241C6  GETTABLE r5 := r4[k13 ('objectify' [h=AEDDA575,$009C5EA0])]
      031 05028018      TEST not r5 : r5 := r5
      032 008002D4       JMP +12 ; 45
      033 02010018      TEST not r2 : r2 := r2
      034 00800194       JMP +7 ; 42
      035 05000385 GETGLOBAL r5 := _G[k14 ('RemoveTargetActorBlip' [h=970D0ED5,$00A2B800])]
      036 06018000      MOVE r6 := r3
      037 05010059      CALL r5 (1 args) => 0 results
      038 050003C5 GETGLOBAL r5 := _G[k15 ('CreateDestinationRegionBlip' [h=4E25EC62,$00A08DC0])]
      039 06018000      MOVE r6 := r3
      040 05010059      CALL r5 (1 args) => 0 results
      041 00800094       JMP +3 ; 45
      042 05000405 GETGLOBAL r5 := _G[k16 ('CreateTargetActorBlip' [h=964AC294,$009E9980])]
      043 06018000      MOVE r6 := r3
      044 05010059      CALL r5 (1 args) => 0 results
      045 050242C6  GETTABLE r5 := r4[k17 ('attachmentCallbackFunc' [h=A366B3C9,$00A374C0])]
      046 05028018      TEST not r5 : r5 := r5
      047 00800154       JMP +6 ; 54
      048 050242C6  GETTABLE r5 := r4[k17 ('attachmentCallbackFunc' [h=A366B3C9,$00A374C0])]
      049 06010012       NOT r6 := not r2
      050 07000481     LOADK r7 := k18 ('IN_TARGET_VEH' [h=674775DE,$009C27C0])
      051 0801C006  GETTABLE r8 := r3[k6 ('actorName' [h=4EB2E2FD,$0098A660])]
      052 0901BF46  GETTABLE r9 := r3[k3 ('objectiveName' [h=2337C7CC,$0097D840])]
      053 05028059      CALL r5 (4 args) => 0 results
      054 02010058      TEST r2 : r2 := r2
      055 00800094       JMP +3 ; 59
      056 050004C5 GETGLOBAL r5 := _G[k19 ('DeliveryCheck' [h=B7ECB131,$009942C0])]
      057 06008000      MOVE r6 := r1
      058 05010059      CALL r5 (1 args) => 0 results
      059 0000801B    RETURN
  [Node$01A323CC] 'SomethingWinchedStatusChange' [h=3C78ED76,$009D1900]: function$00996340 'SomethingWinchedStatusChange' [h=3C78ED76,$009D1900]
    CONST$00C32940 k0  'util_PrintDebugMsg' [h=A2961C17,$00A25100]
    CONST$00C32948 k1  '\n[OBJECTIVEDELIVER] Actor ' [h=B3192C5E,$00A08900]
    CONST$00C32950 k2  'winched...\n' [h=08130621,$0098E040]
    CONST$00C32958 k3  'released...\n' [h=AAEFA173,$00978BE0]
    CONST$00C32960 k4  'currentlyWinchedActor' [h=89174AF8,$00A36640]
    CONST$00C32968 k5  'ActorVehicle_GetWinchedActor' [h=34D52DB1,$00A0F040]
    CONST$00C32970 k6  '[OBJECTIVEDELIVER] ...actor invalid!\n' [h=DCAD1637,$00A06A80]
    CONST$00C32978 k7  'SetupEventSomethingWinchedStatusChange' [h=240E68E8,$00A3D200]
    CONST$00C32980 k8  'mission_tTargets' [h=28796635,$00A38080]
    CONST$00C32988 k9  'Utility_GetActorAsInt' [h=A2B359A3,$00A3EB80]
    CONST$00C32990 k10 '[OBJECTIVEDELIVER] ...Actor ' [h=ACB82CA4,$009EF100]
    CONST$00C32998 k11 'actorName' [h=4EB2E2FD,$0098A660]
    CONST$00C329A0 k12 ' (objective ' [h=2765F23D,$00982A20]
    CONST$00C329A8 k13 'objectiveName' [h=2337C7CC,$0097D840]
    CONST$00C329B0 k14 ')\n' [h=00000973,$00999AC0]
    CONST$00C329B8 k15 'mission_tObjectives' [h=B4A8BCEB,$009D7BC0]
    CONST$00C329C0 k16 'isWinched' [h=383B8FE4,$009C68A0]
    CONST$00C329C8 k17 'objectify' [h=AEDDA575,$009C5EA0]
    CONST$00C329D0 k18 'RemoveTargetActorBlip' [h=970D0ED5,$00A2B800]
    CONST$00C329D8 k19 'CreateTargetActorBlip' [h=964AC294,$009E9980]
    CONST$00C329E0 k20 'CreateDestinationRegionBlip' [h=4E25EC62,$00A08DC0]
    CONST$00C329E8 k21 'attachmentCallbackFunc' [h=A366B3C9,$00A374C0]
    CONST$00C329F0 k22 'WINCH' [h=0ED7725C,$00987820]
    CONST$00C329F8 k23 'DeliveryCheck' [h=B7ECB131,$009942C0]
    CONST$00C32A00 k24 'Utility_GetActor' [h=077E9779,$009FB8C0]
     CODE$00CB9CC0
      000 02000005 GETGLOBAL r2 := _G[k0 ('util_PrintDebugMsg' [h=A2961C17,$00A25100])]
      001 03000041     LOADK r3 := k1 ('\n[OBJECTIVEDELIVER] Actor ' [h=B3192C5E,$00A08900])
      002 02010059      CALL r2 (1 args) => 0 results
      003 01008018      TEST not r1 : r1 := r1
      004 008000D4       JMP +4 ; 9
      005 02000005 GETGLOBAL r2 := _G[k0 ('util_PrintDebugMsg' [h=A2961C17,$00A25100])]
      006 03000081     LOADK r3 := k2 ('winched...\n' [h=08130621,$0098E040])
      007 02010059      CALL r2 (1 args) => 0 results
      008 00800094       JMP +3 ; 12
      009 02000005 GETGLOBAL r2 := _G[k0 ('util_PrintDebugMsg' [h=A2961C17,$00A25100])]
      010 030000C1     LOADK r3 := k3 ('released...\n' [h=AAEFA173,$00978BE0])
      011 02010059      CALL r2 (1 args) => 0 results
      012 01008018      TEST not r1 : r1 := r1
      013 008000D4       JMP +4 ; 18
      014 02000145 GETGLOBAL r2 := _G[k5 ('ActorVehicle_GetWinchedActor' [h=34D52DB1,$00A0F040])]
      015 03000000      MOVE r3 := r0
      016 02010099      CALL r2 (1 args) => 1 results
      017 02000107 SETGLOBAL r2 ->> _G[k4 ('currentlyWinchedActor' [h=89174AF8,$00A36640])]
      018 02000105 GETGLOBAL r2 := _G[k4 ('currentlyWinchedActor' [h=89174AF8,$00A36640])]
      019 02010058      TEST r2 : r2 := r2
      020 008000D4       JMP +4 ; 25
      021 02000005 GETGLOBAL r2 := _G[k0 ('util_PrintDebugMsg' [h=A2961C17,$00A25100])]
      022 03000181     LOADK r3 := k6 ('[OBJECTIVEDELIVER] ...actor invalid!\n' [h=DCAD1637,$00A06A80])
      023 02010059      CALL r2 (1 args) => 0 results
      024 0000801B    RETURN
      025 020001C5 GETGLOBAL r2 := _G[k7 ('SetupEventSomethingWinchedStatusChange' [h=240E68E8,$00A3D200])]
      026 03000000      MOVE r3 := r0
      027 04008012       NOT r4 := not r1
      028 02018059      CALL r2 (2 args) => 0 results
      029 02000205 GETGLOBAL r2 := _G[k8 ('mission_tTargets' [h=28796635,$00A38080])]
      030 03000245 GETGLOBAL r3 := _G[k9 ('Utility_GetActorAsInt' [h=A2B359A3,$00A3EB80])]
      031 04000105 GETGLOBAL r4 := _G[k4 ('currentlyWinchedActor' [h=89174AF8,$00A36640])]
      032 03010099      CALL r3 (1 args) => 1 results
      033 020100C6  GETTABLE r2 := r2[r3]
      034 02010018      TEST not r2 : r2 := r2
      035 00800BD4       JMP +48 ; 84
      036 03000005 GETGLOBAL r3 := _G[k0 ('util_PrintDebugMsg' [h=A2961C17,$00A25100])]
      037 04000281     LOADK r4 := k10 ('[OBJECTIVEDELIVER] ...Actor ' [h=ACB82CA4,$009EF100])
      038 05014146  GETTABLE r5 := r2[k11 ('actorName' [h=4EB2E2FD,$0098A660])]
      039 06000301     LOADK r6 := k12 (' (objective ' [h=2765F23D,$00982A20])
      040 070141C6  GETTABLE r7 := r2[k13 ('objectiveName' [h=2337C7CC,$0097D840])]
      041 08000381     LOADK r8 := k14 (')\n' [h=00000973,$00999AC0])
      042 04020213    CONCAT r4 := r4 ... r8
      043 03010059      CALL r3 (1 args) => 0 results
      044 030003C5 GETGLOBAL r3 := _G[k15 ('mission_tObjectives' [h=B4A8BCEB,$009D7BC0])]
      045 040141C6  GETTABLE r4 := r2[k13 ('objectiveName' [h=2337C7CC,$0097D840])]
      046 03018106  GETTABLE r3 := r3[r4]
      047 02850049  SETTABLE r1 ->> r2[k16 ('isWinched' [h=383B8FE4,$009C68A0])]
      048 0401C2C6  GETTABLE r4 := r3[k17 ('objectify' [h=AEDDA575,$009C5EA0])]
      049 04020018      TEST not r4 : r4 := r4
      050 00800414       JMP +17 ; 68
      051 01008018      TEST not r1 : r1 := r1
      052 008002D4       JMP +12 ; 65
      053 04000485 GETGLOBAL r4 := _G[k18 ('RemoveTargetActorBlip' [h=970D0ED5,$00A2B800])]
      054 05010000      MOVE r5 := r2
      055 04010059      CALL r4 (1 args) => 0 results
      056 040004C5 GETGLOBAL r4 := _G[k19 ('CreateTargetActorBlip' [h=964AC294,$009E9980])]
      057 05010000      MOVE r5 := r2
      058 06038003   LOADNIL r6 ... r7
      059 08000002  LOADBOOL r8 := False
      060 04028059      CALL r4 (4 args) => 0 results
      061 04000505 GETGLOBAL r4 := _G[k20 ('CreateDestinationRegionBlip' [h=4E25EC62,$00A08DC0])]
      062 05010000      MOVE r5 := r2
      063 04010059      CALL r4 (1 args) => 0 results
      064 00800094       JMP +3 ; 68
      065 040004C5 GETGLOBAL r4 := _G[k19 ('CreateTargetActorBlip' [h=964AC294,$009E9980])]
      066 05010000      MOVE r5 := r2
      067 04010059      CALL r4 (1 args) => 0 results
      068 0401C3C6  GETTABLE r4 := r3[k21 ('attachmentCallbackFunc' [h=A366B3C9,$00A374C0])]
      069 04020018      TEST not r4 : r4 := r4
      070 00800154       JMP +6 ; 77
      071 0401C3C6  GETTABLE r4 := r3[k21 ('attachmentCallbackFunc' [h=A366B3C9,$00A374C0])]
      072 05008012       NOT r5 := not r1
      073 06000581     LOADK r6 := k22 ('WINCH' [h=0ED7725C,$00987820])
      074 07014146  GETTABLE r7 := r2[k11 ('actorName' [h=4EB2E2FD,$0098A660])]
      075 080141C6  GETTABLE r8 := r2[k13 ('objectiveName' [h=2337C7CC,$0097D840])]
      076 04028059      CALL r4 (4 args) => 0 results
      077 01008058      TEST r1 : r1 := r1
      078 00800114       JMP +5 ; 84
      079 040005C5 GETGLOBAL r4 := _G[k23 ('DeliveryCheck' [h=B7ECB131,$009942C0])]
      080 05000605 GETGLOBAL r5 := _G[k24 ('Utility_GetActor' [h=077E9779,$009FB8C0])]
      081 06014146  GETTABLE r6 := r2[k11 ('actorName' [h=4EB2E2FD,$0098A660])]
      082 05010019      CALL r5 (1 args) => -1 results
      083 04000059      CALL r4 (-1 args) => 0 results
      084 01008058      TEST r1 : r1 := r1
      085 00800054       JMP +2 ; 88
      086 03018003   LOADNIL r3 ... r3
      087 03000107 SETGLOBAL r3 ->> _G[k4 ('currentlyWinchedActor' [h=89174AF8,$00A36640])]
      088 0000801B    RETURN
  [Node$01A323E0] 'ActorOutsideRegion' [h=8FC85E9B,$009EE640]: function$0098A680 'ActorOutsideRegion' [h=8FC85E9B,$009EE640]
    CONST$00AA3740 k0  'mission_tTargets' [h=28796635,$00A38080]
    CONST$00AA3748 k1  'Utility_GetActorAsInt' [h=A2B359A3,$00A3EB80]
    CONST$00AA3750 k2  'util_PrintDebugMsg' [h=A2961C17,$00A25100]
    CONST$00AA3758 k3  '\n[OBJECTIVEDELIVER] Actor ' [h=B3192C5E,$00A08900]
    CONST$00AA3760 k4  'actorName' [h=4EB2E2FD,$0098A660]
    CONST$00AA3768 k5  ' outside destination region (objective ' [h=86C35BF8,$00A2E580]
    CONST$00AA3770 k6  'objectiveName' [h=2337C7CC,$0097D840]
    CONST$00AA3778 k7  ')\n' [h=00000973,$00999AC0]
    CONST$00AA3780 k8  'inRegion' [h=84D76BBC,$0097F620]
    CONST$00AA3788 k9  'FALSE' [h=0E4B730F,$009A6040]
    CONST$00AA3790 k10 'inRegionHandle' [h=2D0C1147,$00982580]
    CONST$00AA3798 k11 'SetupEventActorInsideRegion' [h=B0F6FBC4,$009F7E40]
     CODE$00AAC7C0
      000 01000005 GETGLOBAL r1 := _G[k0 ('mission_tTargets' [h=28796635,$00A38080])]
      001 02000045 GETGLOBAL r2 := _G[k1 ('Utility_GetActorAsInt' [h=A2B359A3,$00A3EB80])]
      002 03000000      MOVE r3 := r0
      003 02010099      CALL r2 (1 args) => 1 results
      004 01008086  GETTABLE r1 := r1[r2]
      005 02000085 GETGLOBAL r2 := _G[k2 ('util_PrintDebugMsg' [h=A2961C17,$00A25100])]
      006 030000C1     LOADK r3 := k3 ('\n[OBJECTIVEDELIVER] Actor ' [h=B3192C5E,$00A08900])
      007 0400BF86  GETTABLE r4 := r1[k4 ('actorName' [h=4EB2E2FD,$0098A660])]
      008 05000141     LOADK r5 := k5 (' outside destination region (objective ' [h=86C35BF8,$00A2E580])
      009 0600C006  GETTABLE r6 := r1[k6 ('objectiveName' [h=2337C7CC,$0097D840])]
      010 070001C1     LOADK r7 := k7 (')\n' [h=00000973,$00999AC0])
      011 030181D3    CONCAT r3 := r3 ... r7
      012 02010059      CALL r2 (1 args) => 0 results
      013 02000245 GETGLOBAL r2 := _G[k9 ('FALSE' [h=0E4B730F,$009A6040])]
      014 01810089  SETTABLE r2 ->> r1[k8 ('inRegion' [h=84D76BBC,$0097F620])]
      015 020002C5 GETGLOBAL r2 := _G[k11 ('SetupEventActorInsideRegion' [h=B0F6FBC4,$009F7E40])]
      016 03008000      MOVE r3 := r1
      017 02010099      CALL r2 (1 args) => 1 results
      018 01820089  SETTABLE r2 ->> r1[k10 ('inRegionHandle' [h=2D0C1147,$00982580])]
      019 0000801B    RETURN
  [Node$01A323F4] 'Challenge_WriteStatInteger' [h=5BF21709,$009F9E80]: cfunction$002CA1A8 'Challenge_WriteStatInteger' [h=5BF21709,$009F9E80]
  [Node$01A32408] 'ActorInsideRegion' [h=3108DA37,$00A0A400]: function$00975BA0 'ActorInsideRegion' [h=3108DA37,$00A0A400]
    CONST$00CB0540 k0  'mission_tTargets' [h=28796635,$00A38080]
    CONST$00CB0548 k1  'Utility_GetActorAsInt' [h=A2B359A3,$00A3EB80]
    CONST$00CB0550 k2  'util_PrintDebugMsg' [h=A2961C17,$00A25100]
    CONST$00CB0558 k3  '\n[OBJECTIVEDELIVER] Actor ' [h=B3192C5E,$00A08900]
    CONST$00CB0560 k4  'actorName' [h=4EB2E2FD,$0098A660]
    CONST$00CB0568 k5  ' inside destination region (objective ' [h=72CF9601,$00A0B840]
    CONST$00CB0570 k6  'objectiveName' [h=2337C7CC,$0097D840]
    CONST$00CB0578 k7  ')\n' [h=00000973,$00999AC0]
    CONST$00CB0580 k8  'inRegion' [h=84D76BBC,$0097F620]
    CONST$00CB0588 k9  'TRUE' [h=0067B195,$0097E680]
    CONST$00CB0590 k10 'inRegionHandle' [h=2D0C1147,$00982580]
    CONST$00CB0598 k11 'SetupEventActorOutsideRegion' [h=E074D3A0,$009D1140]
    CONST$00CB05A0 k12 'verb' [h=0076582D,$0098A700]
    CONST$00CB05A8 k13 'VERB_DELIVER_HUM' [h=AC2E5278,$00A38640]
    CONST$00CB05B0 k14 'Actor_GetType' [h=DC0B4554,$0099AC20]
    CONST$00CB05B8 k15 'TYPE_VEHICLE_HUMAN_PLAYER' [h=6C1681F3,$00A09040]
    CONST$00CB05C0 k16 'stopAtDest' [h=5D101CAC,$0099FEE0]
    CONST$00CB05C8 k17 'targetInVehicle' [h=E9B429D3,$0098C720]
    CONST$00CB05D0 k18 'Ai_CommandQueue' [h=C194E249,$00991FA0]
    CONST$00CB05D8 k19 'exit' [h=0078DA00,$00975A20]
    CONST$00CB05E0 k20 'hiPri' [h=11C2D9E2,$00977D00]
    CONST$00CB05E8 k21 'DetermineDeliveryAreaType' [h=C8F189E9,$009D6700]
    CONST$00CB05F0 k22 'delivAreaType' [h=64847EB2,$0098E100]
    CONST$00CB05F8 k23 'DELIV_AREA_TYPE_LOC' [h=C2CF524B,$00A23880]
    CONST$00CB0600 k24 'destLocRadius' [h=33FDCDF5,$00995640]
    CONST$00CB0608 k25 TObject(None)
    CONST$00CB0610 k26 'DEFAULT_DELIVERY_RADIUS' [h=1EC6D5B3,$009E38C0]
    CONST$00CB0618 k27 'MoveToActor' [h=4D005276,$00998960]
    CONST$00CB0620 k28 'destLoc' [h=0C475489,$0098D3C0]
    CONST$00CB0628 k29 TObject(1.0)
    CONST$00CB0630 k30 TObject(0.800000011920929)
    CONST$00CB0638 k31 'followingPlayer' [h=E3095E99,$009A4840]
    CONST$00CB0640 k32 'TargetActorFollowingHeroStatusChange' [h=FA953A32,$009CE640]
    CONST$00CB0648 k33 'DeliveryCheck' [h=B7ECB131,$009942C0]
     CODE$00C968C0
      000 01000005 GETGLOBAL r1 := _G[k0 ('mission_tTargets' [h=28796635,$00A38080])]
      001 02000045 GETGLOBAL r2 := _G[k1 ('Utility_GetActorAsInt' [h=A2B359A3,$00A3EB80])]
      002 03000000      MOVE r3 := r0
      003 02010099      CALL r2 (1 args) => 1 results
      004 01008086  GETTABLE r1 := r1[r2]
      005 02000085 GETGLOBAL r2 := _G[k2 ('util_PrintDebugMsg' [h=A2961C17,$00A25100])]
      006 030000C1     LOADK r3 := k3 ('\n[OBJECTIVEDELIVER] Actor ' [h=B3192C5E,$00A08900])
      007 0400BF86  GETTABLE r4 := r1[k4 ('actorName' [h=4EB2E2FD,$0098A660])]
      008 05000141     LOADK r5 := k5 (' inside destination region (objective ' [h=72CF9601,$00A0B840])
      009 0600C006  GETTABLE r6 := r1[k6 ('objectiveName' [h=2337C7CC,$0097D840])]
      010 070001C1     LOADK r7 := k7 (')\n' [h=00000973,$00999AC0])
      011 030181D3    CONCAT r3 := r3 ... r7
      012 02010059      CALL r2 (1 args) => 0 results
      013 02000245 GETGLOBAL r2 := _G[k9 ('TRUE' [h=0067B195,$0097E680])]
      014 01810089  SETTABLE r2 ->> r1[k8 ('inRegion' [h=84D76BBC,$0097F620])]
      015 020002C5 GETGLOBAL r2 := _G[k11 ('SetupEventActorOutsideRegion' [h=E074D3A0,$009D1140])]
      016 03008000      MOVE r3 := r1
      017 02010099      CALL r2 (1 args) => 1 results
      018 01820089  SETTABLE r2 ->> r1[k10 ('inRegionHandle' [h=2D0C1147,$00982580])]
      019 0200C186  GETTABLE r2 := r1[k12 ('verb' [h=0076582D,$0098A700])]
      020 03000345 GETGLOBAL r3 := _G[k13 ('VERB_DELIVER_HUM' [h=AC2E5278,$00A38640])]
      021 000100D5        EQ r2 != r3
      022 00800A54       JMP +42 ; 65
      023 02000385 GETGLOBAL r2 := _G[k14 ('Actor_GetType' [h=DC0B4554,$0099AC20])]
      024 0300BF86  GETTABLE r3 := r1[k4 ('actorName' [h=4EB2E2FD,$0098A660])]
      025 02010099      CALL r2 (1 args) => 1 results
      026 01014255        EQ r2 == k15 ('TYPE_VEHICLE_HUMAN_PLAYER' [h=6C1681F3,$00A09040])
      027 00800914       JMP +37 ; 65
      028 0200C286  GETTABLE r2 := r1[k16 ('stopAtDest' [h=5D101CAC,$0099FEE0])]
      029 02010018      TEST not r2 : r2 := r2
      030 00800854       JMP +34 ; 65
      031 0200C2C6  GETTABLE r2 := r1[k17 ('targetInVehicle' [h=E9B429D3,$0098C720])]
      032 02010018      TEST not r2 : r2 := r2
      033 008005D4       JMP +24 ; 58
      034 02000485 GETGLOBAL r2 := _G[k18 ('Ai_CommandQueue' [h=C194E249,$00991FA0])]
      035 0300BF86  GETTABLE r3 := r1[k4 ('actorName' [h=4EB2E2FD,$0098A660])]
      036 040004C1     LOADK r4 := k19 ('exit' [h=0078DA00,$00975A20])
      037 05000501     LOADK r5 := k20 ('hiPri' [h=11C2D9E2,$00977D00])
      038 02020059      CALL r2 (3 args) => 0 results
      039 02000545 GETGLOBAL r2 := _G[k21 ('DetermineDeliveryAreaType' [h=C8F189E9,$009D6700])]
      040 03008000      MOVE r3 := r1
      041 02010099      CALL r2 (1 args) => 1 results
      042 03014406  GETTABLE r3 := r2[k22 ('delivAreaType' [h=64847EB2,$0098E100])]
      043 040005C5 GETGLOBAL r4 := _G[k23 ('DELIV_AREA_TYPE_LOC' [h=C2CF524B,$00A23880])]
      044 00018115        EQ r3 != r4
      045 008002D4       JMP +12 ; 58
      046 0400C486  GETTABLE r4 := r1[k24 ('destLocRadius' [h=33FDCDF5,$00995640])]
      047 000244D5        EQ r4 != k25 (TObject(None))
      048 00800014       JMP +1 ; 50
      049 04000685 GETGLOBAL r4 := _G[k26 ('DEFAULT_DELIVERY_RADIUS' [h=1EC6D5B3,$009E38C0])]
      050 05000485 GETGLOBAL r5 := _G[k18 ('Ai_CommandQueue' [h=C194E249,$00991FA0])]
      051 0600BF86  GETTABLE r6 := r1[k4 ('actorName' [h=4EB2E2FD,$0098A660])]
      052 070006C1     LOADK r7 := k27 ('MoveToActor' [h=4D005276,$00998960])
      053 0800C586  GETTABLE r8 := r1[k28 ('destLoc' [h=0C475489,$0098D3C0])]
      054 09000741     LOADK r9 := k29 (TObject(1.0))
      055 0A02460E       MUL r10 := r4 * k30 (TObject(0.800000011920929))
      056 0B000501     LOADK r11 := k20 ('hiPri' [h=11C2D9E2,$00977D00])
      057 05038059      CALL r5 (6 args) => 0 results
      058 0200C646  GETTABLE r2 := r1[k31 ('followingPlayer' [h=E3095E99,$009A4840])]
      059 02010018      TEST not r2 : r2 := r2
      060 008000D4       JMP +4 ; 65
      061 02000805 GETGLOBAL r2 := _G[k32 ('TargetActorFollowingHeroStatusChange' [h=FA953A32,$009CE640])]
      062 03000000      MOVE r3 := r0
      063 04000002  LOADBOOL r4 := False
      064 02018059      CALL r2 (2 args) => 0 results
      065 02000845 GETGLOBAL r2 := _G[k33 ('DeliveryCheck' [h=B7ECB131,$009942C0])]
      066 03000000      MOVE r3 := r0
      067 02010059      CALL r2 (1 args) => 0 results
      068 0000801B    RETURN
  [Node$01A3241C] 'jeff_displayTankHelp2' [h=E61AA4E1,$00A1E6C0]: function$00986860 'jeff_displayTankHelp2' [h=E61AA4E1,$00A1E6C0]
    CONST$00977800 k0  'Utility_MessageBox' [h=E0C5D484,$009E5400]
    CONST$00977808 k1  'Utility_GetStringById' [h=F7067A6C,$009EF080]
    CONST$00977810 k2  'tutorial.Tank01.Title' [h=F9A74033,$009E53C0]
    CONST$00977818 k3  'tutorial.Tank03.Body' [h=3C77335E,$009CC3C0]
     CODE$009FE940
      000 00000005 GETGLOBAL r0 := _G[k0 ('Utility_MessageBox' [h=E0C5D484,$009E5400])]
      001 01000045 GETGLOBAL r1 := _G[k1 ('Utility_GetStringById' [h=F7067A6C,$009EF080])]
      002 02000081     LOADK r2 := k2 ('tutorial.Tank01.Title' [h=F9A74033,$009E53C0])
      003 01010099      CALL r1 (1 args) => 1 results
      004 02000045 GETGLOBAL r2 := _G[k1 ('Utility_GetStringById' [h=F7067A6C,$009EF080])]
      005 030000C1     LOADK r3 := k3 ('tutorial.Tank03.Body' [h=3C77335E,$009CC3C0])
      006 02010099      CALL r2 (1 args) => 1 results
      007 03008002  LOADBOOL r3 := True
      008 00020059      CALL r0 (3 args) => 0 results
      009 0000801B    RETURN
  [Node$01A32430] 'jeff_hHeroDamagedEvent' [h=E78B0B0C,$00A2ADC0]: TObject(3829.0)
  [Node$01A32444] 'RemoveTargetActorBlip' [h=970D0ED5,$00A2B800]: function$00983720 'RemoveTargetActorBlip' [h=970D0ED5,$00A2B800]
    CONST$009E33C0 k0  'Objective_RemoveTarget' [h=0A56591C,$00A20380]
    CONST$009E33C8 k1  'objectiveName' [h=2337C7CC,$0097D840]
    CONST$009E33D0 k2  'actorName' [h=4EB2E2FD,$0098A660]
    CONST$009E33D8 k3  'util_PrintDebugMsg' [h=A2961C17,$00A25100]
    CONST$009E33E0 k4  '[OBJECTIVEDELIVER] Blip removed for deliverable actor ' [h=30C6F8FB,$00B1A9C0]
    CONST$009E33E8 k5  ' (objective ' [h=2765F23D,$00982A20]
    CONST$009E33F0 k6  ')\n' [h=00000973,$00999AC0]
     CODE$00A38C40
      000 01000005 GETGLOBAL r1 := _G[k0 ('Objective_RemoveTarget' [h=0A56591C,$00A20380])]
      001 02003EC6  GETTABLE r2 := r0[k1 ('objectiveName' [h=2337C7CC,$0097D840])]
      002 03003F06  GETTABLE r3 := r0[k2 ('actorName' [h=4EB2E2FD,$0098A660])]
      003 01018059      CALL r1 (2 args) => 0 results
      004 010000C5 GETGLOBAL r1 := _G[k3 ('util_PrintDebugMsg' [h=A2961C17,$00A25100])]
      005 02000101     LOADK r2 := k4 ('[OBJECTIVEDELIVER] Blip removed for deliverable actor ' [h=30C6F8FB,$00B1A9C0])
      006 03003F06  GETTABLE r3 := r0[k2 ('actorName' [h=4EB2E2FD,$0098A660])]
      007 04000141     LOADK r4 := k5 (' (objective ' [h=2765F23D,$00982A20])
      008 05003EC6  GETTABLE r5 := r0[k1 ('objectiveName' [h=2337C7CC,$0097D840])]
      009 06000181     LOADK r6 := k6 (')\n' [h=00000973,$00999AC0])
      010 02010193    CONCAT r2 := r2 ... r6
      011 01010059      CALL r1 (1 args) => 0 results
      012 0000801B    RETURN
  [Node$01A32458] 'RemoveDestinationRegionBlip' [h=17EB8864,$009E6900]: function$009A8EA0 'RemoveDestinationRegionBlip' [h=17EB8864,$009E6900]
    CONST$00ABAE40 k0  'mission_tObjectives' [h=B4A8BCEB,$009D7BC0]
    CONST$00ABAE48 k1  'objectiveName' [h=2337C7CC,$0097D840]
    CONST$00ABAE50 k2  'DetermineDeliveryAreaType' [h=C8F189E9,$009D6700]
    CONST$00ABAE58 k3  'locToMakeBlip' [h=4FC48612,$0098E7A0]
    CONST$00ABAE60 k4  'Objective_RemoveTarget' [h=0A56591C,$00A20380]
    CONST$00ABAE68 k5  'destCurrentlyBlipped' [h=44B2E2C0,$00A07C40]
    CONST$00ABAE70 k6  'FALSE' [h=0E4B730F,$009A6040]
    CONST$00ABAE78 k7  'util_PrintDebugMsg' [h=A2961C17,$00A25100]
    CONST$00ABAE80 k8  '[OBJECTIVEDELIVER] Blip removed for destination actor ' [h=B67B853F,$00AA4DC0]
    CONST$00ABAE88 k9  ' (objective ' [h=2765F23D,$00982A20]
    CONST$00ABAE90 k10 ')\n' [h=00000973,$00999AC0]
     CODE$00AC3AC0
      000 01000005 GETGLOBAL r1 := _G[k0 ('mission_tObjectives' [h=B4A8BCEB,$009D7BC0])]
      001 02003EC6  GETTABLE r2 := r0[k1 ('objectiveName' [h=2337C7CC,$0097D840])]
      002 01008086  GETTABLE r1 := r1[r2]
      003 02000085 GETGLOBAL r2 := _G[k2 ('DetermineDeliveryAreaType' [h=C8F189E9,$009D6700])]
      004 03000000      MOVE r3 := r0
      005 02010099      CALL r2 (1 args) => 1 results
      006 03013F46  GETTABLE r3 := r2[k3 ('locToMakeBlip' [h=4FC48612,$0098E7A0])]
      007 04000105 GETGLOBAL r4 := _G[k4 ('Objective_RemoveTarget' [h=0A56591C,$00A20380])]
      008 05003EC6  GETTABLE r5 := r0[k1 ('objectiveName' [h=2337C7CC,$0097D840])]
      009 06018000      MOVE r6 := r3
      010 04018059      CALL r4 (2 args) => 0 results
      011 04000185 GETGLOBAL r4 := _G[k6 ('FALSE' [h=0E4B730F,$009A6040])]
      012 017F8109  SETTABLE r4 ->> r1[k5 ('destCurrentlyBlipped' [h=44B2E2C0,$00A07C40])]
      013 040001C5 GETGLOBAL r4 := _G[k7 ('util_PrintDebugMsg' [h=A2961C17,$00A25100])]
      014 05000201     LOADK r5 := k8 ('[OBJECTIVEDELIVER] Blip removed for destination actor ' [h=B67B853F,$00AA4DC0])
      015 06018000      MOVE r6 := r3
      016 07000241     LOADK r7 := k9 (' (objective ' [h=2765F23D,$00982A20])
      017 08003EC6  GETTABLE r8 := r0[k1 ('objectiveName' [h=2337C7CC,$0097D840])]
      018 09000281     LOADK r9 := k10 (')\n' [h=00000973,$00999AC0])
      019 05028253    CONCAT r5 := r5 ... r9
      020 04010059      CALL r4 (1 args) => 0 results
      021 0000801B    RETURN
  [Node$01A3246C] 'FALSE' [h=0E4B730F,$009A6040]: TObject(False)
  [Node$01A32480] 'DEFAULT_DELIVERY_RADIUS' [h=1EC6D5B3,$009E38C0]: TObject(5.0)
  [Node$01A32494] 'jeff_shutdownCostumeTent' [h=A7EFAF11,$009F0000]: function$0098AC20 'jeff_shutdownCostumeTent' [h=A7EFAF11,$009F0000]
    CONST$00A1F5C0 k0  'jeff_costumeTentExists' [h=8DB7F529,$00A0B6C0]
    CONST$00A1F5C8 k1  'Actor_EnableScriptedUse' [h=2140441B,$00A37B40]
    CONST$00A1F5D0 k2  'costumeTentEntrance' [h=90556325,$009D2F00]
    CONST$00A1F5D8 k3  'jeff_hCostumeTentUsed' [h=03A86AD1,$009CF480]
    CONST$00A1F5E0 k4  'Event_CancelEvent' [h=D8960070,$009D8C00]
     CODE$00A2CB40
      000 00000005 GETGLOBAL r0 := _G[k0 ('jeff_costumeTentExists' [h=8DB7F529,$00A0B6C0])]
      001 00008099      CALL r0 (0 args) => 1 results
      002 00000058      TEST r0 : r0 := r0
      003 00800014       JMP +1 ; 5
      004 0000801B    RETURN
      005 00000045 GETGLOBAL r0 := _G[k1 ('Actor_EnableScriptedUse' [h=2140441B,$00A37B40])]
      006 01000081     LOADK r1 := k2 ('costumeTentEntrance' [h=90556325,$009D2F00])
      007 02000002  LOADBOOL r2 := False
      008 00018059      CALL r0 (2 args) => 0 results
      009 00000105 GETGLOBAL r0 := _G[k4 ('Event_CancelEvent' [h=D8960070,$009D8C00])]
      010 010000C5 GETGLOBAL r1 := _G[k3 ('jeff_hCostumeTentUsed' [h=03A86AD1,$009CF480])]
      011 00010099      CALL r0 (1 args) => 1 results
      012 000000C7 SETGLOBAL r0 ->> _G[k3 ('jeff_hCostumeTentUsed' [h=03A86AD1,$009CF480])]
      013 0000801B    RETURN
  [Node$01A324A8] 'pairs' [h=12CC6B12,$0099D0C0]: cfunction$003B8800 'pairs' [h=12CC6B12,$0099D0C0]
  [Node$01A324BC] 'Building_SpawnerSetSpawnType' [h=27243B13,$00A111C0]: cfunction$002C15D8 'Building_SpawnerSetSpawnType' [h=27243B13,$00A111C0]
  [Node$01A324D0] 'Tooltip_CloseTip' [h=965E429A,$009D5300]: function$009D1780[3] 'Tooltip_CloseTip' [h=965E429A,$009D5300]
    CONST$00B9AAC0 k0  'Tooltip_Debug' [h=7F31FC17,$00997060]
    CONST$00B9AAC8 k1  'Tooltip_CloseTip: id=' [h=1B63884D,$009D2D00]
    CONST$00B9AAD0 k2  'tostring' [h=787EB105,$009A9A40]
    CONST$00B9AAD8 k3  'table' [h=10F2114B,$0098D780]
    CONST$00B9AAE0 k4  'remove' [h=4893DA49,$0098EC00]
    CONST$00B9AAE8 k5  'tBodyKey' [h=3C4986AE,$009AC800]
    CONST$00B9AAF0 k6  TObject(1.0)
    CONST$00B9AAF8 k7  'type' [h=0070EF71,$009875A0]
    CONST$00B9AB00 k8  'string' [h=81F98B41,$0097FB00]
    CONST$00B9AB08 k9  'Event_RelativeTimer' [h=AD23F6E2,$009F7840]
    CONST$00B9AB10 k10 'Tooltip_ShowTip' [h=52632D9C,$009785E0]
    CONST$00B9AB18 k11 'b' [h=00000083,$00983380]
    CONST$00B9AB20 k12 TObject(0.0)
    CONST$00B9AB28 k13 TObject(None)
    CONST$00B9AB30 k14 'Ui_EnableHud' [h=AE5763B4,$00988460]
    CONST$00B9AB38 k15 'Video_LetterboxEffect' [h=C60CB51A,$009E7C80]
    CONST$00B9AB40 k16 'Camera_SetMode' [h=5AC27046,$009A5500]
    CONST$00B9AB48 k17 'RS_ACTOR_VIEW' [h=6AC9ACBF,$009A03C0]
    CONST$00B9AB50 k18 'Camera_SetZoom' [h=E7C33FFC,$0098E780]
    CONST$00B9AB58 k19 TObject(0.20000000298023224)
    CONST$00B9AB60 k20 'Utility_SetTimeScale' [h=6D9AF2D5,$00A29D40]
    CONST$00B9AB68 k21 'Tooltip_ZoomCamera' [h=1122FABD,$009F1F40]
     CODE$00CB2480
      000 00000005 GETGLOBAL r0 := _G[k0 ('Tooltip_Debug' [h=7F31FC17,$00997060])]
      001 01000041     LOADK r1 := k1 ('Tooltip_CloseTip: id=' [h=1B63884D,$009D2D00])
      002 02000085 GETGLOBAL r2 := _G[k2 ('tostring' [h=787EB105,$009A9A40])]
      003 03000004  GETUPVAL r3 := u0
      004 02010099      CALL r2 (1 args) => 1 results
      005 01008093    CONCAT r1 := r1 ... r2
      006 00010059      CALL r0 (1 args) => 0 results
      007 000000C5 GETGLOBAL r0 := _G[k3 ('table' [h=10F2114B,$0098D780])]
      008 00003F86  GETTABLE r0 := r0[k4 ('remove' [h=4893DA49,$0098EC00])]
      009 01008004  GETUPVAL r1 := u1
      010 02000004  GETUPVAL r2 := u0
      011 01008086  GETTABLE r1 := r1[r2]
      012 0100BFC6  GETTABLE r1 := r1[k5 ('tBodyKey' [h=3C4986AE,$009AC800])]
      013 02000181     LOADK r2 := k6 (TObject(1.0))
      014 00018059      CALL r0 (2 args) => 0 results
      015 000001C5 GETGLOBAL r0 := _G[k7 ('type' [h=0070EF71,$009875A0])]
      016 01008004  GETUPVAL r1 := u1
      017 02000004  GETUPVAL r2 := u0
      018 01008086  GETTABLE r1 := r1[r2]
      019 0100BFC6  GETTABLE r1 := r1[k5 ('tBodyKey' [h=3C4986AE,$009AC800])]
      020 0100C006  GETTABLE r1 := r1[k6 (TObject(1.0))]
      021 00010099      CALL r0 (1 args) => 1 results
      022 00004095        EQ r0 != k8 ('string' [h=81F98B41,$0097FB00])
      023 00800154       JMP +6 ; 30
      024 00000245 GETGLOBAL r0 := _G[k9 ('Event_RelativeTimer' [h=AD23F6E2,$009F7840])]
      025 01000281     LOADK r1 := k10 ('Tooltip_ShowTip' [h=52632D9C,$009785E0])
      026 020002C1     LOADK r2 := k11 ('b' [h=00000083,$00983380])
      027 03000301     LOADK r3 := k12 (TObject(0.0))
      028 00020059      CALL r0 (3 args) => 0 results
      029 008008D4       JMP +36 ; 66
      030 00000002  LOADBOOL r0 := False
      031 00010008  SETUPVAL r0 ->> UV[2]
      032 00008004  GETUPVAL r0 := u1
      033 01000004  GETUPVAL r1 := u0
      034 0000C1C9  SETTABLE k13 (TObject(None)) ->> r0[r1]
      035 00000385 GETGLOBAL r0 := _G[k14 ('Ui_EnableHud' [h=AE5763B4,$00988460])]
      036 01008002  LOADBOOL r1 := True
      037 00010059      CALL r0 (1 args) => 0 results
      038 000003C5 GETGLOBAL r0 := _G[k15 ('Video_LetterboxEffect' [h=C60CB51A,$009E7C80])]
      039 01000002  LOADBOOL r1 := False
      040 00010059      CALL r0 (1 args) => 0 results
      041 00000405 GETGLOBAL r0 := _G[k16 ('Camera_SetMode' [h=5AC27046,$009A5500])]
      042 01000441     LOADK r1 := k17 ('RS_ACTOR_VIEW' [h=6AC9ACBF,$009A03C0])
      043 00010059      CALL r0 (1 args) => 0 results
      044 00000485 GETGLOBAL r0 := _G[k18 ('Camera_SetZoom' [h=E7C33FFC,$0098E780])]
      045 01000181     LOADK r1 := k6 (TObject(1.0))
      046 020004C1     LOADK r2 := k19 (TObject(0.20000000298023224))
      047 00018059      CALL r0 (2 args) => 0 results
      048 00000505 GETGLOBAL r0 := _G[k20 ('Utility_SetTimeScale' [h=6D9AF2D5,$00A29D40])]
      049 01000181     LOADK r1 := k6 (TObject(1.0))
      050 00010059      CALL r0 (1 args) => 0 results
      051 00008004  GETUPVAL r0 := u1
      052 01000004  GETUPVAL r1 := u0
      053 0100C00C       ADD r1 := r1 + k6 (TObject(1.0))
      054 00000046  GETTABLE r0 := r0[r1]
      055 00000018      TEST not r0 : r0 := r0
      056 00800214       JMP +9 ; 66
      057 00000004  GETUPVAL r0 := u0
      058 0000400C       ADD r0 := r0 + k6 (TObject(1.0))
      059 00000008  SETUPVAL r0 ->> UV[0]
      060 00000245 GETGLOBAL r0 := _G[k9 ('Event_RelativeTimer' [h=AD23F6E2,$009F7840])]
      061 01000541     LOADK r1 := k21 ('Tooltip_ZoomCamera' [h=1122FABD,$009F1F40])
      062 020002C1     LOADK r2 := k11 ('b' [h=00000083,$00983380])
      063 030004C1     LOADK r3 := k19 (TObject(0.20000000298023224))
      064 00020059      CALL r0 (3 args) => 0 results
      065 007FFFD4       JMP +0 ; 66
      066 0000801B    RETURN
  [Node$01A324E4] 'Tooltip_AddTip' [h=95B7D95A,$009A6340]: function$00A23EC0[4] 'Tooltip_AddTip' [h=95B7D95A,$009A6340]
    CONST$00BBC0C0 k0  'Debug_Printf' [h=445430CF,$009A1C40]
    CONST$00BBC0C8 k1  '[TOOLTIP] Tooltip_AddTip: ' [h=BBFAC8D6,$009E1140]
    CONST$00BBC0D0 k2  TObject(1.0)
    CONST$00BBC0D8 k3  ' id=' [h=005FDAA1,$00989900]
    CONST$00BBC0E0 k4  'tostring' [h=787EB105,$009A9A40]
    CONST$00BBC0E8 k5  'aInterestActor' [h=64B1E1B4,$0099E000]
    CONST$00BBC0F0 k6  'sTitleKey' [h=F0A0390A,$009A7AA0]
    CONST$00BBC0F8 k7  'tBodyKey' [h=3C4986AE,$009AC800]
    CONST$00BBC100 k8  ' actor=' [h=CFB4BDED,$00985DE0]
    CONST$00BBC108 k9  ' title=' [h=AAF85441,$009C6C00]
    CONST$00BBC110 k10 ' body=' [h=F52A9C89,$009AC3A0]
    CONST$00BBC118 k11 ' Playing now.' [h=E2A191A3,$009A3B60]
    CONST$00BBC120 k12 'Event_RelativeTimer' [h=AD23F6E2,$009F7840]
    CONST$00BBC128 k13 'Tooltip_ZoomCamera' [h=1122FABD,$009F1F40]
    CONST$00BBC130 k14 'b' [h=00000083,$00983380]
    CONST$00BBC138 k15 TObject(0.0)
    CONST$00BBC140 k16 ' Playing later.' [h=EA03CB35,$009947E0]
    CONST$00BBC148 k17 ' DONE.' [h=D70A8DCC,$0098F5C0]
     CODE$00C7B480
      000 01000005 GETGLOBAL r1 := _G[k0 ('Debug_Printf' [h=445430CF,$009A1C40])]
      001 02000041     LOADK r2 := k1 ('[TOOLTIP] Tooltip_AddTip: ' [h=BBFAC8D6,$009E1140])
      002 01010059      CALL r1 (1 args) => 0 results
      003 01000004  GETUPVAL r1 := u0
      004 0100BF0C       ADD r1 := r1 + k2 (TObject(1.0))
      005 01000008  SETUPVAL r1 ->> UV[0]
      006 01000005 GETGLOBAL r1 := _G[k0 ('Debug_Printf' [h=445430CF,$009A1C40])]
      007 020000C1     LOADK r2 := k3 (' id=' [h=005FDAA1,$00989900])
      008 03000105 GETGLOBAL r3 := _G[k4 ('tostring' [h=787EB105,$009A9A40])]
      009 04000004  GETUPVAL r4 := u0
      010 03010099      CALL r3 (1 args) => 1 results
      011 020100D3    CONCAT r2 := r2 ... r3
      012 01010059      CALL r1 (1 args) => 0 results
      013 01008004  GETUPVAL r1 := u1
      014 02000004  GETUPVAL r2 := u0
      015 0300000A  NEWTABLE r3 := {} (#a=0, #h=0)
      016 010100C9  SETTABLE r3 ->> r1[r2]
      017 01008004  GETUPVAL r1 := u1
      018 02000004  GETUPVAL r2 := u0
      019 01008086  GETTABLE r1 := r1[r2]
      020 02003FC6  GETTABLE r2 := r0[k5 ('aInterestActor' [h=64B1E1B4,$0099E000])]
      021 017F8089  SETTABLE r2 ->> r1[k5 ('aInterestActor' [h=64B1E1B4,$0099E000])]
      022 01008004  GETUPVAL r1 := u1
      023 02000004  GETUPVAL r2 := u0
      024 01008086  GETTABLE r1 := r1[r2]
      025 02004006  GETTABLE r2 := r0[k6 ('sTitleKey' [h=F0A0390A,$009A7AA0])]
      026 01800089  SETTABLE r2 ->> r1[k6 ('sTitleKey' [h=F0A0390A,$009A7AA0])]
      027 01008004  GETUPVAL r1 := u1
      028 02000004  GETUPVAL r2 := u0
      029 01008086  GETTABLE r1 := r1[r2]
      030 02004046  GETTABLE r2 := r0[k7 ('tBodyKey' [h=3C4986AE,$009AC800])]
      031 01808089  SETTABLE r2 ->> r1[k7 ('tBodyKey' [h=3C4986AE,$009AC800])]
      032 01000005 GETGLOBAL r1 := _G[k0 ('Debug_Printf' [h=445430CF,$009A1C40])]
      033 02000201     LOADK r2 := k8 (' actor=' [h=CFB4BDED,$00985DE0])
      034 03000105 GETGLOBAL r3 := _G[k4 ('tostring' [h=787EB105,$009A9A40])]
      035 04003FC6  GETTABLE r4 := r0[k5 ('aInterestActor' [h=64B1E1B4,$0099E000])]
      036 03010099      CALL r3 (1 args) => 1 results
      037 04000241     LOADK r4 := k9 (' title=' [h=AAF85441,$009C6C00])
      038 05000105 GETGLOBAL r5 := _G[k4 ('tostring' [h=787EB105,$009A9A40])]
      039 06004006  GETTABLE r6 := r0[k6 ('sTitleKey' [h=F0A0390A,$009A7AA0])]
      040 05010099      CALL r5 (1 args) => 1 results
      041 02010153    CONCAT r2 := r2 ... r5
      042 01010059      CALL r1 (1 args) => 0 results
      043 01004046  GETTABLE r1 := r0[k7 ('tBodyKey' [h=3C4986AE,$009AC800])]
      044 02020003   LOADNIL r2 ... r4
      045 0180019E  TFORPREP WIP
      046 05000005 GETGLOBAL r5 := _G[k0 ('Debug_Printf' [h=445430CF,$009A1C40])]
      047 06000281     LOADK r6 := k10 (' body=' [h=F52A9C89,$009AC3A0])
      048 07000105 GETGLOBAL r7 := _G[k4 ('tostring' [h=787EB105,$009A9A40])]
      049 08020000      MOVE r8 := r4
      050 07010099      CALL r7 (1 args) => 1 results
      051 060301D3    CONCAT r6 := r6 ... r7
      052 05010059      CALL r5 (1 args) => 0 results
      053 0100005D  TFORLOOP WIP
      054 007FFD94       JMP -9 ; 46
      055 01010004  GETUPVAL r1 := u2
      056 01008058      TEST r1 : r1 := r1
      057 00800314       JMP +13 ; 71
      058 01000005 GETGLOBAL r1 := _G[k0 ('Debug_Printf' [h=445430CF,$009A1C40])]
      059 020002C1     LOADK r2 := k11 (' Playing now.' [h=E2A191A3,$009A3B60])
      060 01010059      CALL r1 (1 args) => 0 results
      061 01008002  LOADBOOL r1 := True
      062 01010008  SETUPVAL r1 ->> UV[2]
      063 01000004  GETUPVAL r1 := u0
      064 01018008  SETUPVAL r1 ->> UV[3]
      065 01000305 GETGLOBAL r1 := _G[k12 ('Event_RelativeTimer' [h=AD23F6E2,$009F7840])]
      066 02000341     LOADK r2 := k13 ('Tooltip_ZoomCamera' [h=1122FABD,$009F1F40])
      067 03000381     LOADK r3 := k14 ('b' [h=00000083,$00983380])
      068 040003C1     LOADK r4 := k15 (TObject(0.0))
      069 01020059      CALL r1 (3 args) => 0 results
      070 00800094       JMP +3 ; 74
      071 01000005 GETGLOBAL r1 := _G[k0 ('Debug_Printf' [h=445430CF,$009A1C40])]
      072 02000401     LOADK r2 := k16 (' Playing later.' [h=EA03CB35,$009947E0])
      073 01010059      CALL r1 (1 args) => 0 results
      074 01000005 GETGLOBAL r1 := _G[k0 ('Debug_Printf' [h=445430CF,$009A1C40])]
      075 02000441     LOADK r2 := k17 (' DONE.' [h=D70A8DCC,$0098F5C0])
      076 01010059      CALL r1 (1 args) => 0 results
      077 01000004  GETUPVAL r1 := u0
      078 0101001B    RETURN r1 ... r1
      079 0000801B    RETURN
  [Node$01A324F8] 'Ai_Land' [h=2CF2957E,$009A9460]: cfunction$002B1DD0 'Ai_Land' [h=2CF2957E,$009A9460]
  [Node$01A3250C] 'AceLost' [h=E81BC2F9,$0098B7C0]: function$00995920 'AceLost' [h=E81BC2F9,$0098B7C0]
    CONST$009A4FA0 k0  'Debug' [h=129D1272,$009C2A20]
    CONST$009A4FA8 k1  'AceLost: ....' [h=785E4791,$0099CAE0]
    CONST$009A4FB0 k2  'mission_MissionFailure' [h=1F10195A,$009E7240]
    CONST$009A4FB8 k3  'AceLost: DONE' [h=F5E6BD51,$0099AFE0]
     CODE$00A24580
      000 00000005 GETGLOBAL r0 := _G[k0 ('Debug' [h=129D1272,$009C2A20])]
      001 01000041     LOADK r1 := k1 ('AceLost: ....' [h=785E4791,$0099CAE0])
      002 00010059      CALL r0 (1 args) => 0 results
      003 00000085 GETGLOBAL r0 := _G[k2 ('mission_MissionFailure' [h=1F10195A,$009E7240])]
      004 00008059      CALL r0 (0 args) => 0 results
      005 00000005 GETGLOBAL r0 := _G[k0 ('Debug' [h=129D1272,$009C2A20])]
      006 010000C1     LOADK r1 := k3 ('AceLost: DONE' [h=F5E6BD51,$0099AFE0])
      007 00010059      CALL r0 (1 args) => 0 results
      008 0000801B    RETURN
  [Node$01A32520] 'Audio_StopAllVoiceover' [h=DC10F851,$00A18880]: cfunction$002B80B0 'Audio_StopAllVoiceover' [h=DC10F851,$00A18880]
  [Node$01A32534] 'ConTooltip_Debug' [h=D8DAE1F2,$009DD040]: function$0098FF60 'ConTooltip_Debug' [h=D8DAE1F2,$009DD040]
    CONST$009619C0 k0  'Tooltip_Debug' [h=7F31FC17,$00997060]
    CONST$009619C8 k1  TObject(None)
     CODE$009D5AC0
      000 00000018      TEST not r0 : r0 := r0
      001 008000D4       JMP +4 ; 6
      002 03000005 GETGLOBAL r3 := _G[k0 ('Tooltip_Debug' [h=7F31FC17,$00997060])]
      003 04008000      MOVE r4 := r1
      004 03010059      CALL r3 (1 args) => 0 results
      005 00800114       JMP +5 ; 11
      006 01013ED5        EQ r2 == k1 (TObject(None))
      007 00800094       JMP +3 ; 11
      008 03000005 GETGLOBAL r3 := _G[k0 ('Tooltip_Debug' [h=7F31FC17,$00997060])]
      009 04010000      MOVE r4 := r2
      010 03010059      CALL r3 (1 args) => 0 results
      011 0000801B    RETURN
  [Node$01A32548] 'Tooltip_Debug' [h=7F31FC17,$00997060]: function$0098AFC0[1] 'Tooltip_Debug' [h=7F31FC17,$00997060]
    CONST$00A16980 k0  TObject(None)
    CONST$00A16988 k1  'Debug_Printf' [h=445430CF,$009A1C40]
    CONST$00A16990 k2  '[TOOLTIP] ' [h=ADF254DA,$009A2EE0]
    CONST$00A16998 k3  'tostring' [h=787EB105,$009A9A40]
    CONST$00A169A0 k4  '\n' [h=0000002B,$009AB680]
     CODE$009CE580
      000 01000004  GETUPVAL r1 := u0
      001 01008018      TEST not r1 : r1 := r1
      002 00800254       JMP +10 ; 13
      003 01003E95        EQ r0 == k0 (TObject(None))
      004 008001D4       JMP +8 ; 13
      005 01000045 GETGLOBAL r1 := _G[k1 ('Debug_Printf' [h=445430CF,$009A1C40])]
      006 02000081     LOADK r2 := k2 ('[TOOLTIP] ' [h=ADF254DA,$009A2EE0])
      007 030000C5 GETGLOBAL r3 := _G[k3 ('tostring' [h=787EB105,$009A9A40])]
      008 04000000      MOVE r4 := r0
      009 03010099      CALL r3 (1 args) => 1 results
      010 04000101     LOADK r4 := k4 ('\n' [h=0000002B,$009AB680])
      011 02010113    CONCAT r2 := r2 ... r4
      012 01010059      CALL r1 (1 args) => 0 results
      013 0000801B    RETURN
  [Node$01A32570] 'util_SetLoadScreen' [h=60A3A91B,$009EA580]: function$0099FC00 'util_SetLoadScreen' [h=60A3A91B,$009EA580]
    CONST$00BB1680 k0  'aclubs' [h=8C490E45,$0098DC80]
    CONST$00BB1688 k1  'Utility_SetNextLoadScreen' [h=A74FEE05,$00A30BC0]
    CONST$00BB1690 k2  TObject(76.0)
    CONST$00BB1698 k3  'admnd' [h=10BE8475,$00987AA0]
    CONST$00BB16A0 k4  TObject(77.0)
    CONST$00BB16A8 k5  'aheart' [h=9171EE89,$0099FB60]
    CONST$00BB16B0 k6  TObject(78.0)
    CONST$00BB16B8 k7  'aspade' [h=4F383D95,$009A80C0]
    CONST$00BB16C0 k8  TObject(83.0)
    CONST$00BB16C8 k9  'chapter1' [h=AFA0CB8D,$009C2340]
    CONST$00BB16D0 k10 TObject(79.0)
    CONST$00BB16D8 k11 'chapter2' [h=445CC534,$009820E0]
    CONST$00BB16E0 k12 TObject(80.0)
    CONST$00BB16E8 k13 'chapter3' [h=49A10091,$0098ACE0]
    CONST$00BB16F0 k14 TObject(81.0)
    CONST$00BB16F8 k15 'chapter4' [h=C3F68A0B,$0097E540]
    CONST$00BB1700 k16 TObject(82.0)
    CONST$00BB1708 k17 TObject(1.0)
    CONST$00BB1710 k18 TObject(-1.0)
     CODE$00C23840
      000 00003E95        EQ r0 != k0 ('aclubs' [h=8C490E45,$0098DC80])
      001 008000D4       JMP +4 ; 6
      002 01000045 GETGLOBAL r1 := _G[k1 ('Utility_SetNextLoadScreen' [h=A74FEE05,$00A30BC0])]
      003 02000081     LOADK r2 := k2 (TObject(76.0))
      004 01010059      CALL r1 (1 args) => 0 results
      005 00800B14       JMP +45 ; 51
      006 00003F55        EQ r0 != k3 ('admnd' [h=10BE8475,$00987AA0])
      007 008000D4       JMP +4 ; 12
      008 01000045 GETGLOBAL r1 := _G[k1 ('Utility_SetNextLoadScreen' [h=A74FEE05,$00A30BC0])]
      009 02000101     LOADK r2 := k4 (TObject(77.0))
      010 01010059      CALL r1 (1 args) => 0 results
      011 00800994       JMP +39 ; 51
      012 00003FD5        EQ r0 != k5 ('aheart' [h=9171EE89,$0099FB60])
      013 008000D4       JMP +4 ; 18
      014 01000045 GETGLOBAL r1 := _G[k1 ('Utility_SetNextLoadScreen' [h=A74FEE05,$00A30BC0])]
      015 02000181     LOADK r2 := k6 (TObject(78.0))
      016 01010059      CALL r1 (1 args) => 0 results
      017 00800814       JMP +33 ; 51
      018 00004055        EQ r0 != k7 ('aspade' [h=4F383D95,$009A80C0])
      019 008000D4       JMP +4 ; 24
      020 01000045 GETGLOBAL r1 := _G[k1 ('Utility_SetNextLoadScreen' [h=A74FEE05,$00A30BC0])]
      021 02000201     LOADK r2 := k8 (TObject(83.0))
      022 01010059      CALL r1 (1 args) => 0 results
      023 00800694       JMP +27 ; 51
      024 000040D5        EQ r0 != k9 ('chapter1' [h=AFA0CB8D,$009C2340])
      025 008000D4       JMP +4 ; 30
      026 01000045 GETGLOBAL r1 := _G[k1 ('Utility_SetNextLoadScreen' [h=A74FEE05,$00A30BC0])]
      027 02000281     LOADK r2 := k10 (TObject(79.0))
      028 01010059      CALL r1 (1 args) => 0 results
      029 00800514       JMP +21 ; 51
      030 00004155        EQ r0 != k11 ('chapter2' [h=445CC534,$009820E0])
      031 008000D4       JMP +4 ; 36
      032 01000045 GETGLOBAL r1 := _G[k1 ('Utility_SetNextLoadScreen' [h=A74FEE05,$00A30BC0])]
      033 02000301     LOADK r2 := k12 (TObject(80.0))
      034 01010059      CALL r1 (1 args) => 0 results
      035 00800394       JMP +15 ; 51
      036 000041D5        EQ r0 != k13 ('chapter3' [h=49A10091,$0098ACE0])
      037 008000D4       JMP +4 ; 42
      038 01000045 GETGLOBAL r1 := _G[k1 ('Utility_SetNextLoadScreen' [h=A74FEE05,$00A30BC0])]
      039 02000381     LOADK r2 := k14 (TObject(81.0))
      040 01010059      CALL r1 (1 args) => 0 results
      041 00800214       JMP +9 ; 51
      042 00004255        EQ r0 != k15 ('chapter4' [h=C3F68A0B,$0097E540])
      043 008000D4       JMP +4 ; 48
      044 01000045 GETGLOBAL r1 := _G[k1 ('Utility_SetNextLoadScreen' [h=A74FEE05,$00A30BC0])]
      045 02000401     LOADK r2 := k16 (TObject(82.0))
      046 01010059      CALL r1 (1 args) => 0 results
      047 00800094       JMP +3 ; 51
      048 01000045 GETGLOBAL r1 := _G[k1 ('Utility_SetNextLoadScreen' [h=A74FEE05,$00A30BC0])]
      049 02000481     LOADK r2 := k18 (TObject(-1.0))
      050 01010059      CALL r1 (1 args) => 0 results
      051 0000801B    RETURN
  [Node$01A32584] 'Ui_SetFactionMoodVisible' [h=FD297E1B,$009E1E40]: cfunction$002A8930 'Ui_SetFactionMoodVisible' [h=FD297E1B,$009E1E40]
  [Node$01A32598] 'util_Mission_SpawnAlongPath' [h=A6BA6F1E,$009FA000]: function$0099D9C0 'util_Mission_SpawnAlongPath' [h=A6BA6F1E,$009FA000]
    CONST$009C51C0 k0  'Actor_GetPosition' [h=F7E6F403,$009E29C0]
    CONST$009C51C8 k1  'Utility_GetDistantSpawnPointOnPath' [h=E320C02E,$00A06380]
    CONST$009C51D0 k2  'Mission_Spawn' [h=59A02AE9,$009AC240]
     CODE$00A9A540
      000 05000005 GETGLOBAL r5 := _G[k0 ('Actor_GetPosition' [h=F7E6F403,$009E29C0])]
      001 06018000      MOVE r6 := r3
      002 05010119      CALL r5 (1 args) => 3 results
      003 08000045 GETGLOBAL r8 := _G[k1 ('Utility_GetDistantSpawnPointOnPath' [h=E320C02E,$00A06380])]
      004 09010000      MOVE r9 := r2
      005 0A028000      MOVE r10 := r5
      006 0B030000      MOVE r11 := r6
      007 0C038000      MOVE r12 := r7
      008 0D020000      MOVE r13 := r4
      009 08030199      CALL r8 (5 args) => 5 results
      010 08040018      TEST not r8 : r8 := r8
      011 00800254       JMP +10 ; 22
      012 0D000085 GETGLOBAL r13 := _G[k2 ('Mission_Spawn' [h=59A02AE9,$009AC240])]
      013 0E000000      MOVE r14 := r0
      014 0F008000      MOVE r15 := r1
      015 10048000      MOVE r16 := r9
      016 11050000      MOVE r17 := r10
      017 12058000      MOVE r18 := r11
      018 13060000      MOVE r19 := r12
      019 0D03801A  TAILCALL r13 (6 args)
      020 0D00001B    RETURN r13 ... top
      021 00800054       JMP +2 ; 24
      022 0D068003   LOADNIL r13 ... r13
      023 0D01001B    RETURN r13 ... r13
      024 0000801B    RETURN
  [Node$01A325AC] 'util_GetMinimumNonHostileMood' [h=3650D76F,$00A37280]: function$0097CE60 'util_GetMinimumNonHostileMood' [h=3650D76F,$00A37280]
    CONST$00961C60 k0  TObject(59.0)
    CONST$00961C68 k1  TObject(-59.0)
     CODE$00961C40
      000 00000041     LOADK r0 := k1 (TObject(-59.0))
      001 0001001B    RETURN r0 ... r0
      002 0000801B    RETURN
  [Node$01A325C0] 'util_GetPostBribeMood' [h=B23D1CCA,$009D3280]: function$009766C0 'util_GetPostBribeMood' [h=B23D1CCA,$009D3280]
    CONST$00961BA0 k0  TObject(40.0)
    CONST$00961BA8 k1  TObject(-40.0)
     CODE$00961C20
      000 00000041     LOADK r0 := k1 (TObject(-40.0))
      001 0001001B    RETURN r0 ... r0
      002 0000801B    RETURN
  [Node$01A325D4] 'util_GetDominantFaction' [h=55E8B321,$009D13C0]: function$009AB060 'util_GetDominantFaction' [h=55E8B321,$009D13C0]
    CONST$00A01200 k0  'china' [h=1129D14E,$009AB280]
    CONST$00A01208 k1  'mafia' [h=11226556,$009A69E0]
    CONST$00A01210 k2  'sk' [h=00001514,$00983C60]
    CONST$00A01218 k3  TObject(101.0)
    CONST$00A01220 k4  TObject(-101.0)
    CONST$00A01228 k5  'ipairs' [h=B6F4A157,$0098FC00]
    CONST$00A01230 k6  'Faction_GetRelation' [h=94E8C2FB,$00A2AD80]
    CONST$00A01238 k7  'prokat' [h=854F88C7,$0098DFC0]
     CODE$00BEBC40
      000 0001800A  NEWTABLE r0 := {} (#a=3, #h=0)
      001 01000001     LOADK r1 := k0 ('china' [h=1129D14E,$009AB280])
      002 02000041     LOADK r2 := k1 ('mafia' [h=11226556,$009A69E0])
      003 03000081     LOADK r3 := k2 ('sk' [h=00001514,$00983C60])
      004 0000009F   SETLIST r0 [2]
      005 01000101     LOADK r1 := k4 (TObject(-101.0))
      006 02010003   LOADNIL r2 ... r2
      007 03000145 GETGLOBAL r3 := _G[k5 ('ipairs' [h=B6F4A157,$0098FC00])]
      008 04000000      MOVE r4 := r0
      009 03010159      CALL r3 (1 args) => 4 results
      010 038001DE  TFORPREP WIP
      011 07000185 GETGLOBAL r7 := _G[k6 ('Faction_GetRelation' [h=94E8C2FB,$00A2AD80])]
      012 08030000      MOVE r8 := r6
      013 090001C1     LOADK r9 := k7 ('prokat' [h=854F88C7,$0098DFC0])
      014 07018099      CALL r7 (2 args) => 1 results
      015 000081D6        LT r1 >= r7
      016 00800054       JMP +2 ; 19
      017 01038000      MOVE r1 := r7
      018 02030000      MOVE r2 := r6
      019 0300005D  TFORLOOP WIP
      020 007FFD54       JMP -10 ; 11
      021 03000145 GETGLOBAL r3 := _G[k5 ('ipairs' [h=B6F4A157,$0098FC00])]
      022 04000000      MOVE r4 := r0
      023 03010159      CALL r3 (1 args) => 4 results
      024 0380021E  TFORPREP WIP
      025 01030095        EQ r6 == r2
      026 00800194       JMP +7 ; 34
      027 07000185 GETGLOBAL r7 := _G[k6 ('Faction_GetRelation' [h=94E8C2FB,$00A2AD80])]
      028 08030000      MOVE r8 := r6
      029 090001C1     LOADK r9 := k7 ('prokat' [h=854F88C7,$0098DFC0])
      030 07018099      CALL r7 (2 args) => 1 results
      031 00038055        EQ r7 != r1
      032 00800014       JMP +1 ; 34
      033 02000041     LOADK r2 := k1 ('mafia' [h=11226556,$009A69E0])
      034 0300005D  TFORLOOP WIP
      035 007FFD14       JMP -11 ; 25
      036 0201001B    RETURN r2 ... r2
      037 0000801B    RETURN
  [Node$01A325E8] 'Actor_GetMaxHitPoints' [h=13A50B22,$009E3D40]: cfunction$002A9C38 'Actor_GetMaxHitPoints' [h=13A50B22,$009E3D40]
  [Node$01A325FC] 'Objective_SetTargetVector' [h=34DB2323,$00A11680]: cfunction$002A4230 'Objective_SetTargetVector' [h=34DB2323,$00A11680]
  [Node$01A32610] '_LOADED' [h=BCC9FB24,$00982D60]: table$009A0D60[a=0,h=1]
  [Node$01A32624] 'jeff_costumeTentDestroyed' [h=B47B2F25,$00A12540]: function$0098DE40 'jeff_costumeTentDestroyed' [h=B47B2F25,$00A12540]
    CONST$009A1EE0 k0  'jeff_costumeTentExists' [h=8DB7F529,$00A0B6C0]
    CONST$009A1EE8 k1  'jeff_shutdownCostumeTent' [h=A7EFAF11,$009F0000]
    CONST$009A1EF0 k2  'Actor_Remove' [h=3657B3EC,$0098CD00]
    CONST$009A1EF8 k3  'costumeTentEntrance' [h=90556325,$009D2F00]
     CODE$009EEE40
      000 00000005 GETGLOBAL r0 := _G[k0 ('jeff_costumeTentExists' [h=8DB7F529,$00A0B6C0])]
      001 00008099      CALL r0 (0 args) => 1 results
      002 00000058      TEST r0 : r0 := r0
      003 00800014       JMP +1 ; 5
      004 0000801B    RETURN
      005 00000045 GETGLOBAL r0 := _G[k1 ('jeff_shutdownCostumeTent' [h=A7EFAF11,$009F0000])]
      006 00008059      CALL r0 (0 args) => 0 results
      007 00000085 GETGLOBAL r0 := _G[k2 ('Actor_Remove' [h=3657B3EC,$0098CD00])]
      008 010000C1     LOADK r1 := k3 ('costumeTentEntrance' [h=90556325,$009D2F00])
      009 00010059      CALL r0 (1 args) => 0 results
      010 0000801B    RETURN
  [Node$01A32638] 'util_GetMissionArcTable' [h=7D75105B,$00A39A40]: function$009C6560 'util_GetMissionArcTable' [h=7D75105B,$00A39A40]
    CONST$00A7E6C0 k0  'allies' [h=B57F1C27,$009BF7E0]
    CONST$00A7E6C8 k1  'sw' [h=000017F5,$009A9160]
    CONST$00A7E6D0 k2  TObject(1.0)
    CONST$00A7E6D8 k3  TObject(3.0)
    CONST$00A7E6E0 k4  TObject(4.0)
    CONST$00A7E6E8 k5  TObject(5.0)
    CONST$00A7E6F0 k6  TObject(6.0)
    CONST$00A7E6F8 k7  TObject(8.0)
    CONST$00A7E700 k8  'nw' [h=0000178E,$009898E0]
    CONST$00A7E708 k9  TObject(2.0)
    CONST$00A7E710 k10 'china' [h=1129D14E,$009AB280]
    CONST$00A7E718 k11 'mafia' [h=11226556,$009A69E0]
    CONST$00A7E720 k12 'sk' [h=00001514,$00983C60]
     CODE$00CCF440
      000 000000CA  NEWTABLE r0 := {} (#a=0, #h=3)
      001 0100008A  NEWTABLE r1 := {} (#a=0, #h=2)
      002 0203000A  NEWTABLE r2 := {} (#a=6, #h=0)
      003 03000081     LOADK r3 := k2 (TObject(1.0))
      004 040000C1     LOADK r4 := k3 (TObject(3.0))
      005 05000101     LOADK r5 := k4 (TObject(4.0))
      006 06000141     LOADK r6 := k5 (TObject(5.0))
      007 07000181     LOADK r7 := k6 (TObject(6.0))
      008 080001C1     LOADK r8 := k7 (TObject(8.0))
      009 0200015F   SETLIST r2 [5]
      010 017D8089  SETTABLE r2 ->> r1[k1 ('sw' [h=000017F5,$009A9160])]
      011 0202800A  NEWTABLE r2 := {} (#a=5, #h=0)
      012 03000081     LOADK r3 := k2 (TObject(1.0))
      013 040000C1     LOADK r4 := k3 (TObject(3.0))
      014 05000101     LOADK r5 := k4 (TObject(4.0))
      015 06000241     LOADK r6 := k9 (TObject(2.0))
      016 070001C1     LOADK r7 := k7 (TObject(8.0))
      017 0200011F   SETLIST r2 [4]
      018 01810089  SETTABLE r2 ->> r1[k8 ('nw' [h=0000178E,$009898E0])]
      019 007D0049  SETTABLE r1 ->> r0[k0 ('allies' [h=B57F1C27,$009BF7E0])]
      020 0100008A  NEWTABLE r1 := {} (#a=0, #h=2)
      021 0203000A  NEWTABLE r2 := {} (#a=6, #h=0)
      022 03000081     LOADK r3 := k2 (TObject(1.0))
      023 04000241     LOADK r4 := k9 (TObject(2.0))
      024 050000C1     LOADK r5 := k3 (TObject(3.0))
      025 06000101     LOADK r6 := k4 (TObject(4.0))
      026 07000141     LOADK r7 := k5 (TObject(5.0))
      027 08000181     LOADK r8 := k6 (TObject(6.0))
      028 0200015F   SETLIST r2 [5]
      029 017D8089  SETTABLE r2 ->> r1[k1 ('sw' [h=000017F5,$009A9160])]
      030 0203000A  NEWTABLE r2 := {} (#a=6, #h=0)
      031 03000081     LOADK r3 := k2 (TObject(1.0))
      032 04000241     LOADK r4 := k9 (TObject(2.0))
      033 050000C1     LOADK r5 := k3 (TObject(3.0))
      034 06000101     LOADK r6 := k4 (TObject(4.0))
      035 07000141     LOADK r7 := k5 (TObject(5.0))
      036 08000181     LOADK r8 := k6 (TObject(6.0))
      037 0200015F   SETLIST r2 [5]
      038 01810089  SETTABLE r2 ->> r1[k8 ('nw' [h=0000178E,$009898E0])]
      039 00820049  SETTABLE r1 ->> r0[k10 ('china' [h=1129D14E,$009AB280])]
      040 0100008A  NEWTABLE r1 := {} (#a=0, #h=2)
      041 0203000A  NEWTABLE r2 := {} (#a=6, #h=0)
      042 03000081     LOADK r3 := k2 (TObject(1.0))
      043 04000241     LOADK r4 := k9 (TObject(2.0))
      044 050000C1     LOADK r5 := k3 (TObject(3.0))
      045 06000101     LOADK r6 := k4 (TObject(4.0))
      046 07000141     LOADK r7 := k5 (TObject(5.0))
      047 08000181     LOADK r8 := k6 (TObject(6.0))
      048 0200015F   SETLIST r2 [5]
      049 017D8089  SETTABLE r2 ->> r1[k1 ('sw' [h=000017F5,$009A9160])]
      050 0203000A  NEWTABLE r2 := {} (#a=6, #h=0)
      051 03000081     LOADK r3 := k2 (TObject(1.0))
      052 04000241     LOADK r4 := k9 (TObject(2.0))
      053 050000C1     LOADK r5 := k3 (TObject(3.0))
      054 06000101     LOADK r6 := k4 (TObject(4.0))
      055 07000141     LOADK r7 := k5 (TObject(5.0))
      056 08000181     LOADK r8 := k6 (TObject(6.0))
      057 0200015F   SETLIST r2 [5]
      058 01810089  SETTABLE r2 ->> r1[k8 ('nw' [h=0000178E,$009898E0])]
      059 00828049  SETTABLE r1 ->> r0[k11 ('mafia' [h=11226556,$009A69E0])]
      060 0100008A  NEWTABLE r1 := {} (#a=0, #h=2)
      061 0203000A  NEWTABLE r2 := {} (#a=6, #h=0)
      062 03000081     LOADK r3 := k2 (TObject(1.0))
      063 04000241     LOADK r4 := k9 (TObject(2.0))
      064 050000C1     LOADK r5 := k3 (TObject(3.0))
      065 06000101     LOADK r6 := k4 (TObject(4.0))
      066 07000141     LOADK r7 := k5 (TObject(5.0))
      067 08000181     LOADK r8 := k6 (TObject(6.0))
      068 0200015F   SETLIST r2 [5]
      069 017D8089  SETTABLE r2 ->> r1[k1 ('sw' [h=000017F5,$009A9160])]
      070 0203000A  NEWTABLE r2 := {} (#a=6, #h=0)
      071 03000081     LOADK r3 := k2 (TObject(1.0))
      072 04000241     LOADK r4 := k9 (TObject(2.0))
      073 050000C1     LOADK r5 := k3 (TObject(3.0))
      074 06000101     LOADK r6 := k4 (TObject(4.0))
      075 07000141     LOADK r7 := k5 (TObject(5.0))
      076 08000181     LOADK r8 := k6 (TObject(6.0))
      077 0200015F   SETLIST r2 [5]
      078 01810089  SETTABLE r2 ->> r1[k8 ('nw' [h=0000178E,$009898E0])]
      079 00830049  SETTABLE r1 ->> r0[k12 ('sk' [h=00001514,$00983C60])]
      080 0001001B    RETURN r0 ... r0
      081 0000801B    RETURN
  [Node$01A3264C] 'mission_PlayAceMissionEndMovie' [h=B345E327,$00A36700]: function$0099C3A0 'mission_PlayAceMissionEndMovie' [h=B345E327,$00A36700]
    CONST$00B31440 k0  'CH' [h=0000112F,$00986260]
    CONST$00B31448 k1  'iChapter' [h=A641C774,$009A7D40]
    CONST$00B31450 k2  '_' [h=0000007E,$0097A4C0]
    CONST$00B31458 k3  'K_' [h=0000148F,$009C1800]
    CONST$00B31460 k4  'C_' [h=00001497,$0098F8A0]
    CONST$00B31468 k5  'util_GetDominantFaction' [h=55E8B321,$009D13C0]
    CONST$00B31470 k6  'util_GetFactionCodeForMovies' [h=08B41918,$00A06540]
    CONST$00B31478 k7  'util_PrintDebugMsg' [h=A2961C17,$00A25100]
    CONST$00B31480 k8  'movie: ' [h=896715A7,$00999EA0]
    CONST$00B31488 k9  '\n' [h=0000002B,$009AB680]
    CONST$00B31490 k10 TObject(1.0)
    CONST$00B31498 k11 'sw' [h=000017F5,$009A9160]
    CONST$00B314A0 k12 TObject(2.0)
    CONST$00B314A8 k13 TObject(3.0)
    CONST$00B314B0 k14 'nw' [h=0000178E,$009898E0]
    CONST$00B314B8 k15 'Utility_PlayMovie' [h=4F301068,$009E9A80]
     CODE$00BA5440
      000 01000001     LOADK r1 := k0 ('CH' [h=0000112F,$00986260])
      001 02000045 GETGLOBAL r2 := _G[k1 ('iChapter' [h=A641C774,$009A7D40])]
      002 03000081     LOADK r3 := k2 ('_' [h=0000007E,$0097A4C0])
      003 010080D3    CONCAT r1 := r1 ... r3
      004 00000018      TEST not r0 : r0 := r0
      005 008000D4       JMP +4 ; 10
      006 02008000      MOVE r2 := r1
      007 030000C1     LOADK r3 := k3 ('K_' [h=0000148F,$009C1800])
      008 010100D3    CONCAT r1 := r2 ... r3
      009 00800094       JMP +3 ; 13
      010 02008000      MOVE r2 := r1
      011 03000101     LOADK r3 := k4 ('C_' [h=00001497,$0098F8A0])
      012 010100D3    CONCAT r1 := r2 ... r3
      013 02000145 GETGLOBAL r2 := _G[k5 ('util_GetDominantFaction' [h=55E8B321,$009D13C0])]
      014 02008099      CALL r2 (0 args) => 1 results
      015 03008000      MOVE r3 := r1
      016 04000185 GETGLOBAL r4 := _G[k6 ('util_GetFactionCodeForMovies' [h=08B41918,$00A06540])]
      017 05010000      MOVE r5 := r2
      018 04010099      CALL r4 (1 args) => 1 results
      019 01018113    CONCAT r1 := r3 ... r4
      020 030001C5 GETGLOBAL r3 := _G[k7 ('util_PrintDebugMsg' [h=A2961C17,$00A25100])]
      021 04000201     LOADK r4 := k8 ('movie: ' [h=896715A7,$00999EA0])
      022 05008000      MOVE r5 := r1
      023 06000241     LOADK r6 := k9 ('\n' [h=0000002B,$009AB680])
      024 04020193    CONCAT r4 := r4 ... r6
      025 03010059      CALL r3 (1 args) => 0 results
      026 03018003   LOADNIL r3 ... r3
      027 04000045 GETGLOBAL r4 := _G[k1 ('iChapter' [h=A641C774,$009A7D40])]
      028 00024115        EQ r4 != k10 (TObject(1.0))
      029 00800054       JMP +2 ; 32
      030 030002C1     LOADK r3 := k11 ('sw' [h=000017F5,$009A9160])
      031 00800194       JMP +7 ; 39
      032 04000045 GETGLOBAL r4 := _G[k1 ('iChapter' [h=A641C774,$009A7D40])]
      033 01024195        EQ r4 == k12 (TObject(2.0))
      034 00800094       JMP +3 ; 38
      035 04000045 GETGLOBAL r4 := _G[k1 ('iChapter' [h=A641C774,$009A7D40])]
      036 000241D5        EQ r4 != k13 (TObject(3.0))
      037 00800014       JMP +1 ; 39
      038 03000381     LOADK r3 := k14 ('nw' [h=0000178E,$009898E0])
      039 040003C5 GETGLOBAL r4 := _G[k15 ('Utility_PlayMovie' [h=4F301068,$009E9A80])]
      040 05008000      MOVE r5 := r1
      041 06018000      MOVE r6 := r3
      042 04018059      CALL r4 (2 args) => 0 results
      043 0000801B    RETURN
  [Node$01A32660] 'util_MissionAssetNumToMissionSeqNum' [h=D715C45C,$00A40D80]: function$009A4A00 'util_MissionAssetNumToMissionSeqNum' [h=D715C45C,$00A40D80]
    CONST$00961BB0 k0  'util_GetMissionArcTable' [h=7D75105B,$00A39A40]
    CONST$00961BB8 k1  'ipairs' [h=B6F4A157,$0098FC00]
     CODE$00A2F140
      000 03000005 GETGLOBAL r3 := _G[k0 ('util_GetMissionArcTable' [h=7D75105B,$00A39A40])]
      001 03008099      CALL r3 (0 args) => 1 results
      002 04020003   LOADNIL r4 ... r4
      003 05000045 GETGLOBAL r5 := _G[k1 ('ipairs' [h=B6F4A157,$0098FC00])]
      004 06018046  GETTABLE r6 := r3[r1]
      005 06030006  GETTABLE r6 := r6[r0]
      006 05010159      CALL r5 (1 args) => 4 results
      007 058000DE  TFORPREP WIP
      008 00040095        EQ r8 != r2
      009 00800054       JMP +2 ; 12
      010 04038000      MOVE r4 := r7
      011 00800054       JMP +2 ; 14
      012 0500005D  TFORLOOP WIP
      013 007FFE54       JMP -6 ; 8
      014 0401001B    RETURN r4 ... r4
      015 0000801B    RETURN
  [Node$01A32674] 'util_GetFirstMissionsForChapter' [h=D8DA7945,$009F8E80]: function$009A0260 'util_GetFirstMissionsForChapter' [h=D8DA7945,$009F8E80]
    CONST$00A39980 k0  TObject(1.0)
    CONST$00A39988 k1  TObject(3.0)
    CONST$00A39990 k2  TObject(2.0)
    CONST$00A39998 k3  TObject(4.0)
    CONST$00A399A0 k4  'allies' [h=B57F1C27,$009BF7E0]
    CONST$00A399A8 k5  'china' [h=1129D14E,$009AB280]
    CONST$00A399B0 k6  'mafia' [h=11226556,$009A69E0]
    CONST$00A399B8 k7  'sk' [h=00001514,$00983C60]
     CODE$00A62EC0
      000 01020003   LOADNIL r1 ... r4
      001 01003E95        EQ r0 == k0 (TObject(1.0))
      002 00800054       JMP +2 ; 5
      003 00003ED5        EQ r0 != k1 (TObject(3.0))
      004 00800294       JMP +11 ; 16
      005 00003E95        EQ r0 != k0 (TObject(1.0))
      006 00800054       JMP +2 ; 9
      007 01000081     LOADK r1 := k2 (TObject(2.0))
      008 00800094       JMP +3 ; 12
      009 00003ED5        EQ r0 != k1 (TObject(3.0))
      010 00800014       JMP +1 ; 12
      011 01000001     LOADK r1 := k0 (TObject(1.0))
      012 02000001     LOADK r2 := k0 (TObject(1.0))
      013 03000001     LOADK r3 := k0 (TObject(1.0))
      014 04000001     LOADK r4 := k0 (TObject(1.0))
      015 008001D4       JMP +8 ; 24
      016 01003F15        EQ r0 == k2 (TObject(2.0))
      017 00800054       JMP +2 ; 20
      018 00003F55        EQ r0 != k3 (TObject(4.0))
      019 008000D4       JMP +4 ; 24
      020 010000C1     LOADK r1 := k3 (TObject(4.0))
      021 020000C1     LOADK r2 := k3 (TObject(4.0))
      022 030000C1     LOADK r3 := k3 (TObject(4.0))
      023 040000C1     LOADK r4 := k3 (TObject(4.0))
      024 050000CA  NEWTABLE r5 := {} (#a=0, #h=3)
      025 057F0049  SETTABLE r1 ->> r5[k4 ('allies' [h=B57F1C27,$009BF7E0])]
      026 057F8089  SETTABLE r2 ->> r5[k5 ('china' [h=1129D14E,$009AB280])]
      027 058000C9  SETTABLE r3 ->> r5[k6 ('mafia' [h=11226556,$009A69E0])]
      028 05808109  SETTABLE r4 ->> r5[k7 ('sk' [h=00001514,$00983C60])]
      029 0501001B    RETURN r5 ... r5
      030 0000801B    RETURN
  [Node$01A32688] 'gameflow_Bridge_NW_cj2ybr_Destroyed' [h=6DD2032A,$00A2B680]: function$00997340 'gameflow_Bridge_NW_cj2ybr_Destroyed' [h=6DD2032A,$00A2B680]
    CONST$00B30640 k0  'gameflow_Bridge_NW_cj2ybr_Destroyed' [h=6DD2032A,$00A2B680]
    CONST$00B30648 k1  'util_PrintDebugMsg' [h=A2961C17,$00A25100]
    CONST$00B30650 k2  'Bridge cj2ybr destroyed!!!\n' [h=6B43BA91,$009ED0C0]
    CONST$00B30658 k3  'gameflow_Bridge_Destroy' [h=3AF48C8C,$00A035C0]
    CONST$00B30660 k4  'bridge_cj2ybr_01' [h=AAE19F55,$00A06100]
    CONST$00B30668 k5  't_cj2ybr_02a' [h=40CBB349,$009A8200]
    CONST$00B30670 k6  't_cj2ybr_02b' [h=6E713470,$0098A4C0]
    CONST$00B30678 k7  't_cj2ybr_03a' [h=71147938,$00993660]
    CONST$00B30680 k8  't_cj2ybr_03b' [h=4C916C3E,$0098B620]
    CONST$00B30688 k9  't_cj2ybr_01c' [h=45612862,$009A9700]
     CODE$00A67140
      000 00000003   LOADNIL r0 ... r0
      001 00000007 SETGLOBAL r0 ->> _G[k0 ('gameflow_Bridge_NW_cj2ybr_Destroyed' [h=6DD2032A,$00A2B680])]
      002 00000045 GETGLOBAL r0 := _G[k1 ('util_PrintDebugMsg' [h=A2961C17,$00A25100])]
      003 01000081     LOADK r1 := k2 ('Bridge cj2ybr destroyed!!!\n' [h=6B43BA91,$009ED0C0])
      004 00010059      CALL r0 (1 args) => 0 results
      005 000000C5 GETGLOBAL r0 := _G[k3 ('gameflow_Bridge_Destroy' [h=3AF48C8C,$00A035C0])]
      006 0100800A  NEWTABLE r1 := {} (#a=1, #h=0)
      007 02000101     LOADK r2 := k4 ('bridge_cj2ybr_01' [h=AAE19F55,$00A06100])
      008 0100001F   SETLIST r1 [0]
      009 0202000A  NEWTABLE r2 := {} (#a=4, #h=0)
      010 03000141     LOADK r3 := k5 ('t_cj2ybr_02a' [h=40CBB349,$009A8200])
      011 04000181     LOADK r4 := k6 ('t_cj2ybr_02b' [h=6E713470,$0098A4C0])
      012 050001C1     LOADK r5 := k7 ('t_cj2ybr_03a' [h=71147938,$00993660])
      013 06000201     LOADK r6 := k8 ('t_cj2ybr_03b' [h=4C916C3E,$0098B620])
      014 020000DF   SETLIST r2 [3]
      015 0300800A  NEWTABLE r3 := {} (#a=1, #h=0)
      016 04000241     LOADK r4 := k9 ('t_cj2ybr_01c' [h=45612862,$009A9700])
      017 0300001F   SETLIST r3 [0]
      018 00020059      CALL r0 (3 args) => 0 results
      019 0000801B    RETURN
  [Node$01A3269C] 'Utility_ResetToBaseLayerOnly' [h=05E8CF2B,$009F7140]: cfunction$002C46C8 'Utility_ResetToBaseLayerOnly' [h=05E8CF2B,$009F7140]
  [Node$01A326B0] 'util_IsAceMission' [h=3411A219,$009F2FC0]: function$00983760 'util_IsAceMission' [h=3411A219,$009F2FC0]
    CONST$009EF400 k0  'sw' [h=000017F5,$009A9160]
    CONST$009EF408 k1  'allies' [h=B57F1C27,$009BF7E0]
    CONST$009EF410 k2  TObject(3.0)
    CONST$009EF418 k3  TObject(6.0)
    CONST$009EF420 k4  'nw' [h=0000178E,$009898E0]
    CONST$009EF428 k5  TObject(5.0)
     CODE$00A7FD40
      000 00003E95        EQ r0 != k0 ('sw' [h=000017F5,$009A9160])
      001 00800154       JMP +6 ; 8
      002 0000BED5        EQ r1 != k1 ('allies' [h=B57F1C27,$009BF7E0])
      003 008000D4       JMP +4 ; 8
      004 01013F15        EQ r2 == k2 (TObject(3.0))
      005 00800294       JMP +11 ; 17
      006 01013F55        EQ r2 == k3 (TObject(6.0))
      007 00800214       JMP +9 ; 17
      008 00003F95        EQ r0 != k4 ('nw' [h=0000178E,$009898E0])
      009 00800154       JMP +6 ; 16
      010 0000BED5        EQ r1 != k1 ('allies' [h=B57F1C27,$009BF7E0])
      011 008000D4       JMP +4 ; 16
      012 01013F15        EQ r2 == k2 (TObject(3.0))
      013 00800094       JMP +3 ; 17
      014 01013FD5        EQ r2 == k5 (TObject(5.0))
      015 00800014       JMP +1 ; 17
      016 03000042  LOADBOOL r3 := False ; br 18
      017 03008002  LOADBOOL r3 := True
      018 0301001B    RETURN r3 ... r3
      019 0000801B    RETURN
  [Node$01A326C4] 'ActorVehicle_KickoutPassenger' [h=853E272D,$009EDD00]: cfunction$002B0590 'ActorVehicle_KickoutPassenger' [h=853E272D,$009EDD00]
  [Node$01A326D8] 'coroutine' [h=1502C32E,$0098AEC0]: table$009AA740[a=0,h=8]
    [Node$00B95CD4] 'resume' [h=4DCBBB41,$009AB6A0]: cfunction$003B8018
    [Node$00B95CE8] 'yield' [h=10C250EA,$00979120]: cfunction$003B8ED0
    [Node$00B95D10] 'status' [h=86B6A8CC,$009800E0]: cfunction$003B8F00
    [Node$00B95D24] 'wrap' [h=0080D7D5,$00977600]: cfunction$003B8E30
    [Node$00B95D38] 'create' [h=480EB176,$009A0240]: cfunction$003B8DA0
  [Node$01A326EC] 'Actor_SetHitPointsNearDeath' [h=30D5297E,$009F9800]: cfunction$002AA1F0 'Actor_SetHitPointsNearDeath' [h=30D5297E,$009F9800]
  [Node$01A32700] 'Building_SiloLaunch' [h=9D6C3F30,$00A01C80]: cfunction$002C1BB8 'Building_SiloLaunch' [h=9D6C3F30,$00A01C80]
  [Node$01A32714] 'Briefing_SetAdditionalSoundBank' [h=CA688331,$009CC5C0]: cfunction$002C75F0 'Briefing_SetAdditionalSoundBank' [h=CA688331,$009CC5C0]
  [Node$01A32728] 'util_MissionOrChallengeAccepted' [h=6AC79732,$009D2180]: function$00994020 'util_MissionOrChallengeAccepted' [h=6AC79732,$009D2180]
    CONST$00988A00 k0  'Utility_ReadNumberFromScribbleMemory' [h=2BB92038,$009F9D40]
    CONST$00988A08 k1  'mission_accepted' [h=77464996,$00A32D40]
    CONST$00988A10 k2  'challenge_accepted' [h=384407E4,$009DC040]
     CODE$00A15440
      000 00000005 GETGLOBAL r0 := _G[k0 ('Utility_ReadNumberFromScribbleMemory' [h=2BB92038,$009F9D40])]
      001 01000041     LOADK r1 := k1 ('mission_accepted' [h=77464996,$00A32D40])
      002 00010099      CALL r0 (1 args) => 1 results
      003 01000005 GETGLOBAL r1 := _G[k0 ('Utility_ReadNumberFromScribbleMemory' [h=2BB92038,$009F9D40])]
      004 02000081     LOADK r2 := k2 ('challenge_accepted' [h=384407E4,$009DC040])
      005 01010099      CALL r1 (1 args) => 1 results
      006 02000058      TEST r0 : r2 := r0
      007 00800014       JMP +1 ; 9
      008 02008000      MOVE r2 := r1
      009 0201001B    RETURN r2 ... r2
      010 0000801B    RETURN
  [Node$01A3273C] 'util_GetIconFromType' [h=9ADAC1DE,$009FFF00]: function$0097A480 'util_GetIconFromType' [h=9ADAC1DE,$009FFF00]
    CONST$00C54D40 k0  'TYPE_LOCATION' [h=86EE561B,$009891A0]
    CONST$00C54D48 k1  'location' [h=7C6728BC,$009858C0]
    CONST$00C54D50 k2  'TYPE_VEHICLE_HUMAN_GENERAL' [h=26D618CB,$00A38B40]
    CONST$00C54D58 k3  'human' [h=10501C7D,$00978CE0]
    CONST$00C54D60 k4  'TYPE_VEHICLE_HUMAN_PLAYER' [h=6C1681F3,$00A09040]
    CONST$00C54D68 k5  'TYPE_BUILDING' [h=D3349F82,$0099D2A0]
    CONST$00C54D70 k6  'house' [h=10EC96B8,$0099EA60]
    CONST$00C54D78 k7  'TYPE_BUILDING_SPAWNER' [h=A5C4D5BF,$009E5A80]
    CONST$00C54D80 k8  'TYPE_BUILDING_GATE' [h=D8B0895E,$009CFD80]
    CONST$00C54D88 k9  'TYPE_VEHICLE_EMPLACED' [h=D3C0911A,$00A01840]
    CONST$00C54D90 k10 'TYPE_BUILDING_ALARM' [h=EF2686DE,$00A0AA00]
    CONST$00C54D98 k11 'TYPE_BUILDING_ENTRANCE' [h=3139E8DB,$009D6B00]
    CONST$00C54DA0 k12 'TYPE_BUILDING_PRISON' [h=516CD4C1,$009D8CC0]
    CONST$00C54DA8 k13 'TYPE_BUILDING_CHOPSHOP' [h=7F9732AF,$009FD1C0]
    CONST$00C54DB0 k14 'TYPE_BUILDING_HUMANTURRETS' [h=87AE4C97,$009E6B00]
    CONST$00C54DB8 k15 'TYPE_VEHICLE_CAR_GENERAL' [h=0F558DF5,$009E4080]
    CONST$00C54DC0 k16 'car' [h=00034918,$009AAB40]
    CONST$00C54DC8 k17 'TYPE_VEHICLE_AIRPLANE_GENERAL' [h=EC803A7E,$00A2DD00]
    CONST$00C54DD0 k18 'TYPE_PROP_CAR' [h=35341E70,$0098E5E0]
    CONST$00C54DD8 k19 'TYPE_VEHICLE_HELICOPTER_GENERAL' [h=E7879705,$009F8840]
    CONST$00C54DE0 k20 'copter' [h=76631A77,$009C8660]
    CONST$00C54DE8 k21 'TYPE_VEHICLE_TANK_GENERAL' [h=E5A9F29E,$009E82C0]
    CONST$00C54DF0 k22 'tank' [h=0074F9A1,$0097DCC0]
    CONST$00C54DF8 k23 'type' [h=0070EF71,$009875A0]
    CONST$00C54E00 k24 'nil' [h=000347C9,$0097E260]
    CONST$00C54E08 k25 'scope' [h=10EB8494,$00982020]
     CODE$00A981C0
      000 0100014A  NEWTABLE r1 := {} (#a=0, #h=5)
      001 017D3EC9  SETTABLE k1 ('location' [h=7C6728BC,$009858C0]) ->> r1[k0 ('TYPE_LOCATION' [h=86EE561B,$009891A0])]
      002 017E3F49  SETTABLE k3 ('human' [h=10501C7D,$00978CE0]) ->> r1[k2 ('TYPE_VEHICLE_HUMAN_GENERAL' [h=26D618CB,$00A38B40])]
      003 017F3F49  SETTABLE k3 ('human' [h=10501C7D,$00978CE0]) ->> r1[k4 ('TYPE_VEHICLE_HUMAN_PLAYER' [h=6C1681F3,$00A09040])]
      004 017FC009  SETTABLE k6 ('house' [h=10EC96B8,$0099EA60]) ->> r1[k5 ('TYPE_BUILDING' [h=D3349F82,$0099D2A0])]
      005 0180C009  SETTABLE k6 ('house' [h=10EC96B8,$0099EA60]) ->> r1[k7 ('TYPE_BUILDING_SPAWNER' [h=A5C4D5BF,$009E5A80])]
      006 01814009  SETTABLE k6 ('house' [h=10EC96B8,$0099EA60]) ->> r1[k8 ('TYPE_BUILDING_GATE' [h=D8B0895E,$009CFD80])]
      007 0181C009  SETTABLE k6 ('house' [h=10EC96B8,$0099EA60]) ->> r1[k9 ('TYPE_VEHICLE_EMPLACED' [h=D3C0911A,$00A01840])]
      008 01824009  SETTABLE k6 ('house' [h=10EC96B8,$0099EA60]) ->> r1[k10 ('TYPE_BUILDING_ALARM' [h=EF2686DE,$00A0AA00])]
      009 0182C009  SETTABLE k6 ('house' [h=10EC96B8,$0099EA60]) ->> r1[k11 ('TYPE_BUILDING_ENTRANCE' [h=3139E8DB,$009D6B00])]
      010 01834009  SETTABLE k6 ('house' [h=10EC96B8,$0099EA60]) ->> r1[k12 ('TYPE_BUILDING_PRISON' [h=516CD4C1,$009D8CC0])]
      011 0183C009  SETTABLE k6 ('house' [h=10EC96B8,$0099EA60]) ->> r1[k13 ('TYPE_BUILDING_CHOPSHOP' [h=7F9732AF,$009FD1C0])]
      012 01844009  SETTABLE k6 ('house' [h=10EC96B8,$0099EA60]) ->> r1[k14 ('TYPE_BUILDING_HUMANTURRETS' [h=87AE4C97,$009E6B00])]
      013 0184C289  SETTABLE k16 ('car' [h=00034918,$009AAB40]) ->> r1[k15 ('TYPE_VEHICLE_CAR_GENERAL' [h=0F558DF5,$009E4080])]
      014 0185C289  SETTABLE k16 ('car' [h=00034918,$009AAB40]) ->> r1[k17 ('TYPE_VEHICLE_AIRPLANE_GENERAL' [h=EC803A7E,$00A2DD00])]
      015 01864289  SETTABLE k16 ('car' [h=00034918,$009AAB40]) ->> r1[k18 ('TYPE_PROP_CAR' [h=35341E70,$0098E5E0])]
      016 0186C389  SETTABLE k20 ('copter' [h=76631A77,$009C8660]) ->> r1[k19 ('TYPE_VEHICLE_HELICOPTER_GENERAL' [h=E7879705,$009F8840])]
      017 0187C409  SETTABLE k22 ('tank' [h=0074F9A1,$0097DCC0]) ->> r1[k21 ('TYPE_VEHICLE_TANK_GENERAL' [h=E5A9F29E,$009E82C0])]
      018 020005C5 GETGLOBAL r2 := _G[k23 ('type' [h=0070EF71,$009875A0])]
      019 03008006  GETTABLE r3 := r1[r0]
      020 02010099      CALL r2 (1 args) => 1 results
      021 01014495        EQ r2 == k24 ('nil' [h=000347C9,$0097E260])
      022 00800054       JMP +2 ; 25
      023 02008006  GETTABLE r2 := r1[r0]
      024 0201001B    RETURN r2 ... r2
      025 02000641     LOADK r2 := k25 ('scope' [h=10EB8494,$00982020])
      026 0201001B    RETURN r2 ... r2
      027 0000801B    RETURN
  [Node$01A32750] 'function_Call' [h=35CC729B,$009C86C0]: function$009822A0 'function_Call' [h=35CC729B,$009C86C0]
    CONST$00991E00 k0  'type' [h=0070EF71,$009875A0]
    CONST$00991E08 k1  'function' [h=7C9F9568,$009A90A0]
    CONST$00991E10 k2  'unpack' [h=5EDBA9CB,$009A2480]
     CODE$00A1D880
      000 02000005 GETGLOBAL r2 := _G[k0 ('type' [h=0070EF71,$009875A0])]
      001 03000000      MOVE r3 := r0
      002 02010099      CALL r2 (1 args) => 1 results
      003 00013ED5        EQ r2 != k1 ('function' [h=7C9F9568,$009A90A0])
      004 00800114       JMP +5 ; 10
      005 02000000      MOVE r2 := r0
      006 03000085 GETGLOBAL r3 := _G[k2 ('unpack' [h=5EDBA9CB,$009A2480])]
      007 04008000      MOVE r4 := r1
      008 03010019      CALL r3 (1 args) => -1 results
      009 02000059      CALL r2 (-1 args) => 0 results
      010 0000801B    RETURN
  [Node$01A32764] 'GPSDestroyed' [h=8B0C2B35,$00991A40]: function$00994560[2] 'GPSDestroyed' [h=8B0C2B35,$00991A40]
  [Node$01A32778] 'ai_AddEnemies' [h=592BE1C6,$009A4BA0]: function$009BFA60 'ai_AddEnemies' [h=592BE1C6,$009A4BA0]
    CONST$00A1D7C0 k0  'type' [h=0070EF71,$009875A0]
    CONST$00A1D7C8 k1  'table' [h=10F2114B,$0098D780]
    CONST$00A1D7D0 k2  TObject(1.0)
    CONST$00A1D7D8 k3  'getn' [h=0083B006,$0097DBC0]
    CONST$00A1D7E0 k4  'ai_AddEnemies' [h=592BE1C6,$009A4BA0]
    CONST$00A1D7E8 k5  'Actor_IsAlive' [h=BD5193A3,$009A6640]
    CONST$00A1D7F0 k6  'number' [h=77DB8760,$0099E3A0]
    CONST$00A1D7F8 k7  'Ai_AddEnemy' [h=8E3695DB,$00982D00]
     CODE$00CA7440
      000 03000005 GETGLOBAL r3 := _G[k0 ('type' [h=0070EF71,$009875A0])]
      001 04000000      MOVE r4 := r0
      002 03010099      CALL r3 (1 args) => 1 results
      003 0001BED5        EQ r3 != k1 ('table' [h=10F2114B,$0098D780])
      004 00800394       JMP +15 ; 20
      005 03000081     LOADK r3 := k2 (TObject(1.0))
      006 04000045 GETGLOBAL r4 := _G[k1 ('table' [h=10F2114B,$0098D780])]
      007 04023F46  GETTABLE r4 := r4[k3 ('getn' [h=0083B006,$0097DBC0])]
      008 05000000      MOVE r5 := r0
      009 04010099      CALL r4 (1 args) => 1 results
      010 05000081     LOADK r5 := k2 (TObject(1.0))
      011 0301814D       SUB r3 := r3 - r5
      012 00800114       JMP +5 ; 18
      013 06000105 GETGLOBAL r6 := _G[k4 ('ai_AddEnemies' [h=592BE1C6,$009A4BA0])]
      014 070000C6  GETTABLE r7 := r0[r3]
      015 08008000      MOVE r8 := r1
      016 09010000      MOVE r9 := r2
      017 06020059      CALL r6 (3 args) => 0 results
      018 037FFE5C   FORLOOP r3 := r5; if r3 <= r4 JMP -6
      019 00800B14       JMP +45 ; 65
      020 03000005 GETGLOBAL r3 := _G[k0 ('type' [h=0070EF71,$009875A0])]
      021 04008000      MOVE r4 := r1
      022 03010099      CALL r3 (1 args) => 1 results
      023 0001BED5        EQ r3 != k1 ('table' [h=10F2114B,$0098D780])
      024 00800394       JMP +15 ; 40
      025 03000081     LOADK r3 := k2 (TObject(1.0))
      026 04000045 GETGLOBAL r4 := _G[k1 ('table' [h=10F2114B,$0098D780])]
      027 04023F46  GETTABLE r4 := r4[k3 ('getn' [h=0083B006,$0097DBC0])]
      028 05008000      MOVE r5 := r1
      029 04010099      CALL r4 (1 args) => 1 results
      030 05000081     LOADK r5 := k2 (TObject(1.0))
      031 0301814D       SUB r3 := r3 - r5
      032 00800114       JMP +5 ; 38
      033 06000105 GETGLOBAL r6 := _G[k4 ('ai_AddEnemies' [h=592BE1C6,$009A4BA0])]
      034 07000000      MOVE r7 := r0
      035 080080C6  GETTABLE r8 := r1[r3]
      036 09010000      MOVE r9 := r2
      037 06020059      CALL r6 (3 args) => 0 results
      038 037FFE5C   FORLOOP r3 := r5; if r3 <= r4 JMP -6
      039 00800614       JMP +25 ; 65
      040 03000145 GETGLOBAL r3 := _G[k5 ('Actor_IsAlive' [h=BD5193A3,$009A6640])]
      041 04000000      MOVE r4 := r0
      042 03010099      CALL r3 (1 args) => 1 results
      043 03018018      TEST not r3 : r3 := r3
      044 008004D4       JMP +20 ; 65
      045 03000145 GETGLOBAL r3 := _G[k5 ('Actor_IsAlive' [h=BD5193A3,$009A6640])]
      046 04008000      MOVE r4 := r1
      047 03010099      CALL r3 (1 args) => 1 results
      048 03018018      TEST not r3 : r3 := r3
      049 00800394       JMP +15 ; 65
      050 03000005 GETGLOBAL r3 := _G[k0 ('type' [h=0070EF71,$009875A0])]
      051 04010000      MOVE r4 := r2
      052 03010099      CALL r3 (1 args) => 1 results
      053 0001C015        EQ r3 != k6 ('number' [h=77DB8760,$0099E3A0])
      054 00800154       JMP +6 ; 61
      055 030001C5 GETGLOBAL r3 := _G[k7 ('Ai_AddEnemy' [h=8E3695DB,$00982D00])]
      056 04000000      MOVE r4 := r0
      057 05008000      MOVE r5 := r1
      058 06010000      MOVE r6 := r2
      059 03020059      CALL r3 (3 args) => 0 results
      060 008000D4       JMP +4 ; 65
      061 030001C5 GETGLOBAL r3 := _G[k7 ('Ai_AddEnemy' [h=8E3695DB,$00982D00])]
      062 04000000      MOVE r4 := r0
      063 05008000      MOVE r5 := r1
      064 03018059      CALL r3 (2 args) => 0 results
      065 0000801B    RETURN
  [Node$01A3278C] 'mission_numDynCreatedObjectives' [h=90D3BB37,$009CCB40]: TObject(0.0)
  [Node$01A327A0] 'gameflow_GenericInit' [h=BDE4BF38,$00A2BC80]: function$0097DC20 'gameflow_GenericInit' [h=BDE4BF38,$00A2BC80]
    CONST$00AC6640 k0  'Utility_ReadNumberFromScribbleMemory' [h=2BB92038,$009F9D40]
    CONST$00AC6648 k1  'DeckInitialized' [h=446BDB0D,$009C0A80]
    CONST$00AC6650 k2  'util_PrintDebugMsg' [h=A2961C17,$00A25100]
    CONST$00AC6658 k3  '[gameflow.lua] gameflow_GenericInit: initializing deck\n' [h=0B72B57B,$00AA3E40]
    CONST$00AC6660 k4  'Utility_WriteNumberToScribbleMemory' [h=DCF55147,$00A29080]
    CONST$00AC6668 k5  TObject(1.0)
    CONST$00AC6670 k6  'ipairs' [h=B6F4A157,$0098FC00]
    CONST$00AC6678 k7  'suit_sequence' [h=3E108615,$009801E0]
    CONST$00AC6680 k8  'CARD_RANK_FACE_MIN' [h=88A19756,$009CF3C0]
    CONST$00AC6688 k9  'CARD_RANK_MAX' [h=B37F15FE,$009C4100]
    CONST$00AC6690 k10 'gameflow_GetCardScribbleMemoryVariableName' [h=22BDD88D,$00A13240]
    CONST$00AC6698 k11 'Utility_WriteStringToScribbleMemory' [h=5E8C6272,$00A3A080]
    CONST$00AC66A0 k12 'stateFaceCard' [h=B6107CFD,$009A5800]
    CONST$00AC66A8 k13 'gameflow_CardStatusReport' [h=B6B13F24,$009E2180]
    CONST$00AC66B0 k14 'iCurrentIntel' [h=C1A40687,$009A7620]
    CONST$00AC66B8 k15 TObject(0.0)
     CODE$00C2AE40
      000 00000005 GETGLOBAL r0 := _G[k0 ('Utility_ReadNumberFromScribbleMemory' [h=2BB92038,$009F9D40])]
      001 01000041     LOADK r1 := k1 ('DeckInitialized' [h=446BDB0D,$009C0A80])
      002 00010099      CALL r0 (1 args) => 1 results
      003 00000058      TEST r0 : r0 := r0
      004 008006D4       JMP +28 ; 33
      005 01000085 GETGLOBAL r1 := _G[k2 ('util_PrintDebugMsg' [h=A2961C17,$00A25100])]
      006 020000C1     LOADK r2 := k3 ('[gameflow.lua] gameflow_GenericInit: initializing deck\n' [h=0B72B57B,$00AA3E40])
      007 01010059      CALL r1 (1 args) => 0 results
      008 01000105 GETGLOBAL r1 := _G[k4 ('Utility_WriteNumberToScribbleMemory' [h=DCF55147,$00A29080])]
      009 02000041     LOADK r2 := k1 ('DeckInitialized' [h=446BDB0D,$009C0A80])
      010 03000141     LOADK r3 := k5 (TObject(1.0))
      011 01018059      CALL r1 (2 args) => 0 results
      012 01000185 GETGLOBAL r1 := _G[k6 ('ipairs' [h=B6F4A157,$0098FC00])]
      013 020001C5 GETGLOBAL r2 := _G[k7 ('suit_sequence' [h=3E108615,$009801E0])]
      014 01010159      CALL r1 (1 args) => 4 results
      015 0180035E  TFORPREP WIP
      016 05000205 GETGLOBAL r5 := _G[k8 ('CARD_RANK_FACE_MIN' [h=88A19756,$009CF3C0])]
      017 06000245 GETGLOBAL r6 := _G[k9 ('CARD_RANK_MAX' [h=B37F15FE,$009C4100])]
      018 07000141     LOADK r7 := k5 (TObject(1.0))
      019 050281CD       SUB r5 := r5 - r7
      020 008001D4       JMP +8 ; 29
      021 08000285 GETGLOBAL r8 := _G[k10 ('gameflow_GetCardScribbleMemoryVariableName' [h=22BDD88D,$00A13240])]
      022 09020000      MOVE r9 := r4
      023 0A028000      MOVE r10 := r5
      024 08018099      CALL r8 (2 args) => 1 results
      025 090002C5 GETGLOBAL r9 := _G[k11 ('Utility_WriteStringToScribbleMemory' [h=5E8C6272,$00A3A080])]
      026 0A040000      MOVE r10 := r8
      027 0B000305 GETGLOBAL r11 := _G[k12 ('stateFaceCard' [h=B6107CFD,$009A5800])]
      028 09018059      CALL r9 (2 args) => 0 results
      029 057FFD9C   FORLOOP r5 := r7; if r5 <= r6 JMP -9
      030 0100005D  TFORLOOP WIP
      031 007FFBD4       JMP -16 ; 16
      032 00800054       JMP +2 ; 35
      033 01000345 GETGLOBAL r1 := _G[k13 ('gameflow_CardStatusReport' [h=B6B13F24,$009E2180])]
      034 01008059      CALL r1 (0 args) => 0 results
      035 01000185 GETGLOBAL r1 := _G[k6 ('ipairs' [h=B6F4A157,$0098FC00])]
      036 020001C5 GETGLOBAL r2 := _G[k7 ('suit_sequence' [h=3E108615,$009801E0])]
      037 01010159      CALL r1 (1 args) => 4 results
      038 0180031E  TFORPREP WIP
      039 05000005 GETGLOBAL r5 := _G[k0 ('Utility_ReadNumberFromScribbleMemory' [h=2BB92038,$009F9D40])]
      040 06000381     LOADK r6 := k14 ('iCurrentIntel' [h=C1A40687,$009A7620])
      041 07020000      MOVE r7 := r4
      042 060301D3    CONCAT r6 := r6 ... r7
      043 05010099      CALL r5 (1 args) => 1 results
      044 05028058      TEST r5 : r5 := r5
      045 00800154       JMP +6 ; 52
      046 06000105 GETGLOBAL r6 := _G[k4 ('Utility_WriteNumberToScribbleMemory' [h=DCF55147,$00A29080])]
      047 07000381     LOADK r7 := k14 ('iCurrentIntel' [h=C1A40687,$009A7620])
      048 08020000      MOVE r8 := r4
      049 07038213    CONCAT r7 := r7 ... r8
      050 080003C1     LOADK r8 := k15 (TObject(0.0))
      051 06018059      CALL r6 (2 args) => 0 results
      052 0100005D  TFORLOOP WIP
      053 007FFC14       JMP -15 ; 39
      054 0000801B    RETURN
  [Node$01A327B4] 'util_QueueHeroDialogue' [h=6C2822FE,$00A25180]: function$009855C0 'util_QueueHeroDialogue' [h=6C2822FE,$00A25180]
    CONST$00A82DC0 k0  'Utility_GetPlayerNationality' [h=CB78F623,$00A31200]
    CONST$00A82DC8 k1  'template_player_american' [h=B480AAA6,$00A013C0]
    CONST$00A82DD0 k2  'CHR.' [h=0056470D,$00981BE0]
    CONST$00A82DD8 k3  'template_player_british' [h=1C60DE63,$00A31280]
    CONST$00A82DE0 k4  'JEN.' [h=00567794,$009A82C0]
    CONST$00A82DE8 k5  'template_player_swedish' [h=1301F35E,$009F8D40]
    CONST$00A82DF0 k6  'MAT.' [h=005670B4,$0098D860]
    CONST$00A82DF8 k7  'util_PrintDebugMsg' [h=A2961C17,$00A25100]
    CONST$00A82E00 k8  '---> util_QueueHeroDialogue:  ' [h=EAF6913B,$00A2EF80]
    CONST$00A82E08 k9  'tostring' [h=787EB105,$009A9A40]
    CONST$00A82E10 k10 ' ' [h=00000041,$0097FF20]
    CONST$00A82E18 k11 '\n' [h=0000002B,$009AB680]
    CONST$00A82E20 k12 'Audio_PlayVoiceoverCB' [h=56573DF1,$00A16480]
    CONST$00A82E28 k13 '---> util_QueueHeroDialogue: ' [h=B54412F5,$00A20280]
    CONST$00A82E30 k14 'Audio_PlayVoiceover' [h=EE2AB1DE,$00A40EC0]
     CODE$00C38040
      000 05000005 GETGLOBAL r5 := _G[k0 ('Utility_GetPlayerNationality' [h=CB78F623,$00A31200])]
      001 05008099      CALL r5 (0 args) => 1 results
      002 06038003   LOADNIL r6 ... r7
      003 04020058      TEST r4 : r4 := r4
      004 00800014       JMP +1 ; 6
      005 04008002  LOADBOOL r4 := True
      006 0002BED5        EQ r5 != k1 ('template_player_american' [h=B480AAA6,$00A013C0])
      007 00800094       JMP +3 ; 11
      008 06000000      MOVE r6 := r0
      009 07000081     LOADK r7 := k2 ('CHR.' [h=0056470D,$00981BE0])
      010 008002D4       JMP +12 ; 23
      011 0002BF55        EQ r5 != k3 ('template_player_british' [h=1C60DE63,$00A31280])
      012 00800094       JMP +3 ; 16
      013 06008000      MOVE r6 := r1
      014 07000101     LOADK r7 := k4 ('JEN.' [h=00567794,$009A82C0])
      015 00800194       JMP +7 ; 23
      016 0002BFD5        EQ r5 != k5 ('template_player_swedish' [h=1301F35E,$009F8D40])
      017 00800094       JMP +3 ; 21
      018 06010000      MOVE r6 := r2
      019 07000181     LOADK r7 := k6 ('MAT.' [h=005670B4,$0098D860])
      020 00800054       JMP +2 ; 23
      021 06000000      MOVE r6 := r0
      022 07000081     LOADK r7 := k2 ('CHR.' [h=0056470D,$00981BE0])
      023 04020018      TEST not r4 : r4 := r4
      024 00800094       JMP +3 ; 28
      025 08038000      MOVE r8 := r7
      026 09030000      MOVE r9 := r6
      027 06040253    CONCAT r6 := r8 ... r9
      028 03018018      TEST not r3 : r3 := r3
      029 00800414       JMP +17 ; 47
      030 080001C5 GETGLOBAL r8 := _G[k7 ('util_PrintDebugMsg' [h=A2961C17,$00A25100])]
      031 09000201     LOADK r9 := k8 ('---> util_QueueHeroDialogue:  ' [h=EAF6913B,$00A2EF80])
      032 0A000245 GETGLOBAL r10 := _G[k9 ('tostring' [h=787EB105,$009A9A40])]
      033 0B030000      MOVE r11 := r6
      034 0A010099      CALL r10 (1 args) => 1 results
      035 0B000281     LOADK r11 := k10 (' ' [h=00000041,$0097FF20])
      036 0C000245 GETGLOBAL r12 := _G[k9 ('tostring' [h=787EB105,$009A9A40])]
      037 0D018000      MOVE r13 := r3
      038 0C010099      CALL r12 (1 args) => 1 results
      039 0D0002C1     LOADK r13 := k11 ('\n' [h=0000002B,$009AB680])
      040 09048353    CONCAT r9 := r9 ... r13
      041 08010059      CALL r8 (1 args) => 0 results
      042 08000305 GETGLOBAL r8 := _G[k12 ('Audio_PlayVoiceoverCB' [h=56573DF1,$00A16480])]
      043 09030000      MOVE r9 := r6
      044 0A018000      MOVE r10 := r3
      045 08018059      CALL r8 (2 args) => 0 results
      046 00800294       JMP +11 ; 58
      047 080001C5 GETGLOBAL r8 := _G[k7 ('util_PrintDebugMsg' [h=A2961C17,$00A25100])]
      048 09000341     LOADK r9 := k13 ('---> util_QueueHeroDialogue: ' [h=B54412F5,$00A20280])
      049 0A000245 GETGLOBAL r10 := _G[k9 ('tostring' [h=787EB105,$009A9A40])]
      050 0B030000      MOVE r11 := r6
      051 0A010099      CALL r10 (1 args) => 1 results
      052 0B0002C1     LOADK r11 := k11 ('\n' [h=0000002B,$009AB680])
      053 090482D3    CONCAT r9 := r9 ... r11
      054 08010059      CALL r8 (1 args) => 0 results
      055 08000385 GETGLOBAL r8 := _G[k14 ('Audio_PlayVoiceover' [h=EE2AB1DE,$00A40EC0])]
      056 09030000      MOVE r9 := r6
      057 08010059      CALL r8 (1 args) => 0 results
      058 0000801B    RETURN
  [Node$01A327C8] 'Traffic_AdjustZone' [h=DECC0ED1,$009DBF80]: function$0099FC40 'Traffic_AdjustZone' [h=DECC0ED1,$009DBF80]
    CONST$00A72E40 k0  'name' [h=0070FA5A,$00978740]
    CONST$00A72E48 k1  'reset' [h=12DB9D9F,$009C7C80]
    CONST$00A72E50 k2  'Traffic_ResetZoneSpawners' [h=D38E8042,$009D6280]
    CONST$00A72E58 k3  'vehs' [h=0079B56F,$00986740]
    CONST$00A72E60 k4  'vehsCount' [h=4BE43104,$009A74E0]
    CONST$00A72E68 k5  'pairs' [h=12CC6B12,$0099D0C0]
    CONST$00A72E70 k6  'Traffic_AddZoneSpawner' [h=76414073,$00A0B2C0]
    CONST$00A72E78 k7  'density' [h=78F59AB8,$00979FA0]
    CONST$00A72E80 k8  'Traffic_SetZoneDensity' [h=9D7F588E,$009DBB00]
    CONST$00A72E88 k9  'coolDown' [h=1A64E57F,$00976980]
    CONST$00A72E90 k10 'Traffic_SetZoneCoolDownTimer' [h=97E775A7,$00A3F5C0]
     CODE$00C24640
      000 01003E86  GETTABLE r1 := r0[k0 ('name' [h=0070FA5A,$00978740])]
      001 02003EC6  GETTABLE r2 := r0[k1 ('reset' [h=12DB9D9F,$009C7C80])]
      002 02010018      TEST not r2 : r2 := r2
      003 00800094       JMP +3 ; 7
      004 02000085 GETGLOBAL r2 := _G[k2 ('Traffic_ResetZoneSpawners' [h=D38E8042,$009D6280])]
      005 03008000      MOVE r3 := r1
      006 02010059      CALL r2 (1 args) => 0 results
      007 02003F46  GETTABLE r2 := r0[k3 ('vehs' [h=0079B56F,$00986740])]
      008 02010018      TEST not r2 : r2 := r2
      009 00800654       JMP +26 ; 36
      010 02003F86  GETTABLE r2 := r0[k4 ('vehsCount' [h=4BE43104,$009A74E0])]
      011 02010018      TEST not r2 : r2 := r2
      012 00800314       JMP +13 ; 26
      013 02000145 GETGLOBAL r2 := _G[k5 ('pairs' [h=12CC6B12,$0099D0C0])]
      014 03003F46  GETTABLE r3 := r0[k3 ('vehs' [h=0079B56F,$00986740])]
      015 02010159      CALL r2 (1 args) => 4 results
      016 0280015E  TFORPREP WIP
      017 06000185 GETGLOBAL r6 := _G[k6 ('Traffic_AddZoneSpawner' [h=76414073,$00A0B2C0])]
      018 07008000      MOVE r7 := r1
      019 08028000      MOVE r8 := r5
      020 09003F86  GETTABLE r9 := r0[k4 ('vehsCount' [h=4BE43104,$009A74E0])]
      021 09048106  GETTABLE r9 := r9[r4]
      022 06020059      CALL r6 (3 args) => 0 results
      023 0200005D  TFORLOOP WIP
      024 007FFDD4       JMP -8 ; 17
      025 00800254       JMP +10 ; 36
      026 02000145 GETGLOBAL r2 := _G[k5 ('pairs' [h=12CC6B12,$0099D0C0])]
      027 03003F46  GETTABLE r3 := r0[k3 ('vehs' [h=0079B56F,$00986740])]
      028 02010159      CALL r2 (1 args) => 4 results
      029 028000DE  TFORPREP WIP
      030 06000185 GETGLOBAL r6 := _G[k6 ('Traffic_AddZoneSpawner' [h=76414073,$00A0B2C0])]
      031 07008000      MOVE r7 := r1
      032 08028000      MOVE r8 := r5
      033 06018059      CALL r6 (2 args) => 0 results
      034 0200005D  TFORLOOP WIP
      035 007FFE54       JMP -6 ; 30
      036 02004046  GETTABLE r2 := r0[k7 ('density' [h=78F59AB8,$00979FA0])]
      037 02010018      TEST not r2 : r2 := r2
      038 008000D4       JMP +4 ; 43
      039 02000205 GETGLOBAL r2 := _G[k8 ('Traffic_SetZoneDensity' [h=9D7F588E,$009DBB00])]
      040 03008000      MOVE r3 := r1
      041 04004046  GETTABLE r4 := r0[k7 ('density' [h=78F59AB8,$00979FA0])]
      042 02018059      CALL r2 (2 args) => 0 results
      043 020040C6  GETTABLE r2 := r0[k9 ('coolDown' [h=1A64E57F,$00976980])]
      044 02010018      TEST not r2 : r2 := r2
      045 008000D4       JMP +4 ; 50
      046 02000285 GETGLOBAL r2 := _G[k10 ('Traffic_SetZoneCoolDownTimer' [h=97E775A7,$00A3F5C0])]
      047 03008000      MOVE r3 := r1
      048 040040C6  GETTABLE r4 := r0[k9 ('coolDown' [h=1A64E57F,$00976980])]
      049 02018059      CALL r2 (2 args) => 0 results
      050 0000801B    RETURN
  [Node$01A327DC] 'util_DefaultSupport' [h=35D008B5,$00A403C0]: function$00999900 'util_DefaultSupport' [h=35D008B5,$00A403C0]
    CONST$00961B00 k0  'Support_ResetToDefault' [h=692AE66F,$009F1940]
     CODE$00961B80
      000 00000005 GETGLOBAL r0 := _G[k0 ('Support_ResetToDefault' [h=692AE66F,$009F1940])]
      001 00008059      CALL r0 (0 args) => 0 results
      002 0000801B    RETURN
  [Node$01A327F0] 'MISSION_LUA_LOADED' [h=9D65AA8C,$00A41480]: TObject(1.0)
  [Node$01A32804] 'cheat_UnlockAce' [h=B8E9A73D,$0097F0E0]: function$0099F860 'cheat_UnlockAce' [h=B8E9A73D,$0097F0E0]
    CONST$00A01700 k0  'Utility_ReadNumberFromScribbleMemory' [h=2BB92038,$009F9D40]
    CONST$00A01708 k1  'chapter' [h=9A11FF20,$009C12E0]
    CONST$00A01710 k2  'suit_sequence' [h=3E108615,$009801E0]
    CONST$00A01718 k3  'CARD_RANK_MIN' [h=4771A7AF,$0098B6E0]
    CONST$00A01720 k4  'CARD_RANK_MAX' [h=B37F15FE,$009C4100]
    CONST$00A01728 k5  TObject(1.0)
    CONST$00A01730 k6  'gameflow_DeckCardVerified' [h=52863805,$009DC100]
    CONST$00A01738 k7  'stateKilled' [h=0D0073F8,$00979A80]
     CODE$00B09940
      000 00000005 GETGLOBAL r0 := _G[k0 ('Utility_ReadNumberFromScribbleMemory' [h=2BB92038,$009F9D40])]
      001 01000041     LOADK r1 := k1 ('chapter' [h=9A11FF20,$009C12E0])
      002 00010099      CALL r0 (1 args) => 1 results
      003 01000085 GETGLOBAL r1 := _G[k2 ('suit_sequence' [h=3E108615,$009801E0])]
      004 01008006  GETTABLE r1 := r1[r0]
      005 020000C5 GETGLOBAL r2 := _G[k3 ('CARD_RANK_MIN' [h=4771A7AF,$0098B6E0])]
      006 03000105 GETGLOBAL r3 := _G[k4 ('CARD_RANK_MAX' [h=B37F15FE,$009C4100])]
      007 0301BFCD       SUB r3 := r3 - k5 (TObject(1.0))
      008 04000141     LOADK r4 := k5 (TObject(1.0))
      009 0201010D       SUB r2 := r2 - r4
      010 00800114       JMP +5 ; 16
      011 05000185 GETGLOBAL r5 := _G[k6 ('gameflow_DeckCardVerified' [h=52863805,$009DC100])]
      012 06008000      MOVE r6 := r1
      013 07010000      MOVE r7 := r2
      014 080001C5 GETGLOBAL r8 := _G[k7 ('stateKilled' [h=0D0073F8,$00979A80])]
      015 05020059      CALL r5 (3 args) => 0 results
      016 027FFE5C   FORLOOP r2 := r4; if r2 <= r3 JMP -6
      017 0000801B    RETURN
  [Node$01A32818] 'Mission_SpawnAirstrike' [h=A09DA73E,$009F6500]: cfunction$002A2F80 'Mission_SpawnAirstrike' [h=A09DA73E,$009F6500]
  [Node$01A3282C] 'Briefing_Deinit' [h=057ECB3F,$00985CC0]: cfunction$002F8820 'Briefing_Deinit' [h=057ECB3F,$00985CC0]
  [Node$01A32840] 'TOOLTIP_LUA_LOADED' [h=19A48F2E,$009CBC80]: TObject(1.0)
  [Node$01A32854] 'Challenge_WriteStatTime' [h=268ABF41,$009D1A80]: cfunction$002CA628 'Challenge_WriteStatTime' [h=268ABF41,$009D1A80]
  [Node$01A32868] 'TargetVerbed' [h=19EA2342,$009A2F20]: function$00976020 'TargetVerbed' [h=19EA2342,$009A2F20]
    CONST$00C20940 k0  'util_PrintDebugMsg' [h=A2961C17,$00A25100]
    CONST$00C20948 k1  '\n[OBJECTIVEVERB] Actor verbed...\n' [h=29F10883,$009E7900]
    CONST$00C20950 k2  'mission_tTargets' [h=28796635,$00A38080]
    CONST$00C20958 k3  'Utility_GetActorAsInt' [h=A2B359A3,$00A3EB80]
    CONST$00C20960 k4  'mission_tObjectives' [h=B4A8BCEB,$009D7BC0]
    CONST$00C20968 k5  'objectiveName' [h=2337C7CC,$0097D840]
    CONST$00C20970 k6  '[OBJECTIVEVERB] ...Actor ' [h=BFB38CCA,$009D8DC0]
    CONST$00C20978 k7  'actorName' [h=4EB2E2FD,$0098A660]
    CONST$00C20980 k8  ' verbed (objective ' [h=A46BF313,$009E7AC0]
    CONST$00C20988 k9  ')\n' [h=00000973,$00999AC0]
    CONST$00C20990 k10 'events' [h=7B78A23A,$009A5380]
    CONST$00C20998 k11 'eventHandle' [h=CB2EA18F,$00991D20]
    CONST$00C209A0 k12 'Event_CancelEvent' [h=D8960070,$009D8C00]
    CONST$00C209A8 k13 'FALSE' [h=0E4B730F,$009A6040]
    CONST$00C209B0 k14 'targetsRemaining' [h=124C4A35,$00A15A00]
    CONST$00C209B8 k15 TObject(1.0)
    CONST$00C209C0 k16 '[OBJECTIVEVERB] targets remaining: ' [h=98BF9E5E,$009F8CC0]
    CONST$00C209C8 k17 '\n' [h=0000002B,$009AB680]
    CONST$00C209D0 k18 TObject(0.0)
    CONST$00C209D8 k19 'mission_RemoveObjective' [h=B90D805B,$00A28940]
    CONST$00C209E0 k20 'TRUE' [h=0067B195,$0097E680]
    CONST$00C209E8 k21 'mission_RemoveObjectiveTarget' [h=4C7C6737,$00A16280]
    CONST$00C209F0 k22 'verb' [h=0076582D,$0098A700]
    CONST$00C209F8 k23 'VERB_ACTION' [h=F6A76037,$0097F040]
    CONST$00C20A00 k24 'Actor_EnableScriptedUse' [h=2140441B,$00A37B40]
    CONST$00C20A08 k25 'pickupEventHandle' [h=01FC1DBD,$009DA300]
    CONST$00C20A10 k26 'VERB_EXTRACT' [h=3EC2A516,$009A6AC0]
    CONST$00C20A18 k27 'Actor_SetVerifiable' [h=281DE4A8,$009FA2C0]
    CONST$00C20A20 k28 'VERB_DISABLE' [h=0D5E0FD1,$00980A00]
    CONST$00C20A28 k29 'playerInVehicleHandle' [h=9CDBFEAF,$009F01C0]
    CONST$00C20A30 k30 'callbackFunc' [h=1E1CD035,$009C7860]
     CODE$00CDCC40
      000 01000005 GETGLOBAL r1 := _G[k0 ('util_PrintDebugMsg' [h=A2961C17,$00A25100])]
      001 02000041     LOADK r2 := k1 ('\n[OBJECTIVEVERB] Actor verbed...\n' [h=29F10883,$009E7900])
      002 01010059      CALL r1 (1 args) => 0 results
      003 01000085 GETGLOBAL r1 := _G[k2 ('mission_tTargets' [h=28796635,$00A38080])]
      004 020000C5 GETGLOBAL r2 := _G[k3 ('Utility_GetActorAsInt' [h=A2B359A3,$00A3EB80])]
      005 03000000      MOVE r3 := r0
      006 02010099      CALL r2 (1 args) => 1 results
      007 01008086  GETTABLE r1 := r1[r2]
      008 02000105 GETGLOBAL r2 := _G[k4 ('mission_tObjectives' [h=B4A8BCEB,$009D7BC0])]
      009 0300BFC6  GETTABLE r3 := r1[k5 ('objectiveName' [h=2337C7CC,$0097D840])]
      010 020100C6  GETTABLE r2 := r2[r3]
      011 03000005 GETGLOBAL r3 := _G[k0 ('util_PrintDebugMsg' [h=A2961C17,$00A25100])]
      012 04000181     LOADK r4 := k6 ('[OBJECTIVEVERB] ...Actor ' [h=BFB38CCA,$009D8DC0])
      013 0500C046  GETTABLE r5 := r1[k7 ('actorName' [h=4EB2E2FD,$0098A660])]
      014 06000201     LOADK r6 := k8 (' verbed (objective ' [h=A46BF313,$009E7AC0])
      015 0700BFC6  GETTABLE r7 := r1[k5 ('objectiveName' [h=2337C7CC,$0097D840])]
      016 08000241     LOADK r8 := k9 (')\n' [h=00000973,$00999AC0])
      017 04020213    CONCAT r4 := r4 ... r8
      018 03010059      CALL r3 (1 args) => 0 results
      019 0300C106  GETTABLE r3 := r1[k10 ('events' [h=7B78A23A,$009A5380])]
      020 04000305 GETGLOBAL r4 := _G[k12 ('Event_CancelEvent' [h=D8960070,$009D8C00])]
      021 0500C106  GETTABLE r5 := r1[k10 ('events' [h=7B78A23A,$009A5380])]
      022 0502C146  GETTABLE r5 := r5[k11 ('eventHandle' [h=CB2EA18F,$00991D20])]
      023 04010099      CALL r4 (1 args) => 1 results
      024 03828109  SETTABLE r4 ->> r3[k11 ('eventHandle' [h=CB2EA18F,$00991D20])]
      025 03000345 GETGLOBAL r3 := _G[k13 ('FALSE' [h=0E4B730F,$009A6040])]
      026 04014206  GETTABLE r4 := r2[k14 ('targetsRemaining' [h=124C4A35,$00A15A00])]
      027 0402424D       SUB r4 := r4 - k15 (TObject(1.0))
      028 02840109  SETTABLE r4 ->> r2[k14 ('targetsRemaining' [h=124C4A35,$00A15A00])]
      029 04000005 GETGLOBAL r4 := _G[k0 ('util_PrintDebugMsg' [h=A2961C17,$00A25100])]
      030 05000401     LOADK r5 := k16 ('[OBJECTIVEVERB] targets remaining: ' [h=98BF9E5E,$009F8CC0])
      031 06014206  GETTABLE r6 := r2[k14 ('targetsRemaining' [h=124C4A35,$00A15A00])]
      032 07000441     LOADK r7 := k17 ('\n' [h=0000002B,$009AB680])
      033 050281D3    CONCAT r5 := r5 ... r7
      034 04010059      CALL r4 (1 args) => 0 results
      035 04014206  GETTABLE r4 := r2[k14 ('targetsRemaining' [h=124C4A35,$00A15A00])]
      036 00024317        LE r4 > k18 (TObject(0.0))
      037 00800114       JMP +5 ; 43
      038 040004C5 GETGLOBAL r4 := _G[k19 ('mission_RemoveObjective' [h=B90D805B,$00A28940])]
      039 0500BFC6  GETTABLE r5 := r1[k5 ('objectiveName' [h=2337C7CC,$0097D840])]
      040 04010059      CALL r4 (1 args) => 0 results
      041 03000505 GETGLOBAL r3 := _G[k20 ('TRUE' [h=0067B195,$0097E680])]
      042 008000D4       JMP +4 ; 47
      043 04000545 GETGLOBAL r4 := _G[k21 ('mission_RemoveObjectiveTarget' [h=4C7C6737,$00A16280])]
      044 0500BFC6  GETTABLE r5 := r1[k5 ('objectiveName' [h=2337C7CC,$0097D840])]
      045 0600C046  GETTABLE r6 := r1[k7 ('actorName' [h=4EB2E2FD,$0098A660])]
      046 04018059      CALL r4 (2 args) => 0 results
      047 04014406  GETTABLE r4 := r2[k22 ('verb' [h=0076582D,$0098A700])]
      048 050005C5 GETGLOBAL r5 := _G[k23 ('VERB_ACTION' [h=F6A76037,$0097F040])]
      049 00020155        EQ r4 != r5
      050 00800214       JMP +9 ; 60
      051 04000605 GETGLOBAL r4 := _G[k24 ('Actor_EnableScriptedUse' [h=2140441B,$00A37B40])]
      052 0500C046  GETTABLE r5 := r1[k7 ('actorName' [h=4EB2E2FD,$0098A660])]
      053 06000345 GETGLOBAL r6 := _G[k13 ('FALSE' [h=0E4B730F,$009A6040])]
      054 04018059      CALL r4 (2 args) => 0 results
      055 04000305 GETGLOBAL r4 := _G[k12 ('Event_CancelEvent' [h=D8960070,$009D8C00])]
      056 0500C106  GETTABLE r5 := r1[k10 ('events' [h=7B78A23A,$009A5380])]
      057 0502C4C6  GETTABLE r5 := r5[k25 ('pickupEventHandle' [h=01FC1DBD,$009DA300])]
      058 04010059      CALL r4 (1 args) => 0 results
      059 00800514       JMP +21 ; 81
      060 04014406  GETTABLE r4 := r2[k22 ('verb' [h=0076582D,$0098A700])]
      061 05000685 GETGLOBAL r5 := _G[k26 ('VERB_EXTRACT' [h=3EC2A516,$009A6AC0])]
      062 00020155        EQ r4 != r5
      063 00800114       JMP +5 ; 69
      064 040006C5 GETGLOBAL r4 := _G[k27 ('Actor_SetVerifiable' [h=281DE4A8,$009FA2C0])]
      065 0500C046  GETTABLE r5 := r1[k7 ('actorName' [h=4EB2E2FD,$0098A660])]
      066 06000345 GETGLOBAL r6 := _G[k13 ('FALSE' [h=0E4B730F,$009A6040])]
      067 04018059      CALL r4 (2 args) => 0 results
      068 008002D4       JMP +12 ; 81
      069 04014406  GETTABLE r4 := r2[k22 ('verb' [h=0076582D,$0098A700])]
      070 05000705 GETGLOBAL r5 := _G[k28 ('VERB_DISABLE' [h=0D5E0FD1,$00980A00])]
      071 00020155        EQ r4 != r5
      072 008001D4       JMP +8 ; 81
      073 04000305 GETGLOBAL r4 := _G[k12 ('Event_CancelEvent' [h=D8960070,$009D8C00])]
      074 0500C106  GETTABLE r5 := r1[k10 ('events' [h=7B78A23A,$009A5380])]
      075 0502C146  GETTABLE r5 := r5[k11 ('eventHandle' [h=CB2EA18F,$00991D20])]
      076 04010059      CALL r4 (1 args) => 0 results
      077 04000305 GETGLOBAL r4 := _G[k12 ('Event_CancelEvent' [h=D8960070,$009D8C00])]
      078 0500C106  GETTABLE r5 := r1[k10 ('events' [h=7B78A23A,$009A5380])]
      079 0502C5C6  GETTABLE r5 := r5[k29 ('playerInVehicleHandle' [h=9CDBFEAF,$009F01C0])]
      080 04010059      CALL r4 (1 args) => 0 results
      081 04014606  GETTABLE r4 := r2[k30 ('callbackFunc' [h=1E1CD035,$009C7860])]
      082 0500C046  GETTABLE r5 := r1[k7 ('actorName' [h=4EB2E2FD,$0098A660])]
      083 06018000      MOVE r6 := r3
      084 0700BFC6  GETTABLE r7 := r1[k5 ('objectiveName' [h=2337C7CC,$0097D840])]
      085 04020059      CALL r4 (3 args) => 0 results
      086 0000801B    RETURN
  [Node$01A3287C] 'AceRunsForIt' [h=7AF24343,$00984D20]: function$00993780[1] 'AceRunsForIt' [h=7AF24343,$00984D20]
    CONST$00B9DDC0 k0  'Debug' [h=129D1272,$009C2A20]
    CONST$00B9DDC8 k1  'AceRunsForIt: ....' [h=9765242D,$009E0800]
    CONST$00B9DDD0 k2  'path_AceFlee' [h=CA40D018,$009A9A20]
    CONST$00B9DDD8 k3  'util_GetRandomIntInRange' [h=E995DC0A,$00A1F580]
    CONST$00B9DDE0 k4  TObject(1.0)
    CONST$00B9DDE8 k5  TObject(2.0)
    CONST$00B9DDF0 k6  'tostring' [h=787EB105,$009A9A40]
    CONST$00B9DDF8 k7  'AceRunsForIt: ' [h=AF6768BA,$009A6C40]
    CONST$00B9DE00 k8  'Ai_Command' [h=F55C71A7,$009A9EE0]
    CONST$00B9DE08 k9  'Ace' [h=00032177,$00985A00]
    CONST$00B9DE10 k10 'PathMove' [h=F35F139F,$0098C0A0]
    CONST$00B9DE18 k11 'hiPri' [h=11C2D9E2,$00977D00]
    CONST$00B9DE20 k12 'AceRunsForIt: path_AceFleeB' [h=971AA9F1,$009F0640]
    CONST$00B9DE28 k13 'Ai_CommandQueue' [h=C194E249,$00991FA0]
    CONST$00B9DE30 k14 'path_AceFleeB' [h=4C34160C,$00986F40]
    CONST$00B9DE38 k15 'CallIn' [h=7A5F9961,$00998BC0]
    CONST$00B9DE40 k16 'SpawnAce_SpawnHeli' [h=23530510,$00A06D00]
    CONST$00B9DE48 k17 TObject(16.0)
    CONST$00B9DE50 k18 'AceRunsForIt: DONE' [h=EF0918E5,$009F2F80]
    CONST$00B9DE58 k19 'AceRunsForIt' [h=7AF24343,$00984D20]
     CODE$00C49540
      000 00000005 GETGLOBAL r0 := _G[k0 ('Debug' [h=129D1272,$009C2A20])]
      001 01000041     LOADK r1 := k1 ('AceRunsForIt: ....' [h=9765242D,$009E0800])
      002 00010059      CALL r0 (1 args) => 0 results
      003 00000081     LOADK r0 := k2 ('path_AceFlee' [h=CA40D018,$009A9A20])
      004 010000C5 GETGLOBAL r1 := _G[k3 ('util_GetRandomIntInRange' [h=E995DC0A,$00A1F580])]
      005 02000101     LOADK r2 := k4 (TObject(1.0))
      006 03000141     LOADK r3 := k5 (TObject(2.0))
      007 01018099      CALL r1 (2 args) => 1 results
      008 02000000      MOVE r2 := r0
      009 03000185 GETGLOBAL r3 := _G[k6 ('tostring' [h=787EB105,$009A9A40])]
      010 04008000      MOVE r4 := r1
      011 03010099      CALL r3 (1 args) => 1 results
      012 000100D3    CONCAT r0 := r2 ... r3
      013 02000005 GETGLOBAL r2 := _G[k0 ('Debug' [h=129D1272,$009C2A20])]
      014 030001C1     LOADK r3 := k7 ('AceRunsForIt: ' [h=AF6768BA,$009A6C40])
      015 04000185 GETGLOBAL r4 := _G[k6 ('tostring' [h=787EB105,$009A9A40])]
      016 05000000      MOVE r5 := r0
      017 04010099      CALL r4 (1 args) => 1 results
      018 03018113    CONCAT r3 := r3 ... r4
      019 02010059      CALL r2 (1 args) => 0 results
      020 02000205 GETGLOBAL r2 := _G[k8 ('Ai_Command' [h=F55C71A7,$009A9EE0])]
      021 03000004  GETUPVAL r3 := u0
      022 0301C0C6  GETTABLE r3 := r3[k9 ('Ace' [h=00032177,$00985A00])]
      023 04000281     LOADK r4 := k10 ('PathMove' [h=F35F139F,$0098C0A0])
      024 05000000      MOVE r5 := r0
      025 06000101     LOADK r6 := k4 (TObject(1.0))
      026 070002C1     LOADK r7 := k11 ('hiPri' [h=11C2D9E2,$00977D00])
      027 02030059      CALL r2 (5 args) => 0 results
      028 02000005 GETGLOBAL r2 := _G[k0 ('Debug' [h=129D1272,$009C2A20])]
      029 03000301     LOADK r3 := k12 ('AceRunsForIt: path_AceFleeB' [h=971AA9F1,$009F0640])
      030 02010059      CALL r2 (1 args) => 0 results
      031 02000345 GETGLOBAL r2 := _G[k13 ('Ai_CommandQueue' [h=C194E249,$00991FA0])]
      032 03000004  GETUPVAL r3 := u0
      033 0301C0C6  GETTABLE r3 := r3[k9 ('Ace' [h=00032177,$00985A00])]
      034 04000281     LOADK r4 := k10 ('PathMove' [h=F35F139F,$0098C0A0])
      035 05000381     LOADK r5 := k14 ('path_AceFleeB' [h=4C34160C,$00986F40])
      036 06000101     LOADK r6 := k4 (TObject(1.0))
      037 070002C1     LOADK r7 := k11 ('hiPri' [h=11C2D9E2,$00977D00])
      038 02030059      CALL r2 (5 args) => 0 results
      039 020003C5 GETGLOBAL r2 := _G[k15 ('CallIn' [h=7A5F9961,$00998BC0])]
      040 03000401     LOADK r3 := k16 ('SpawnAce_SpawnHeli' [h=23530510,$00A06D00])
      041 04000441     LOADK r4 := k17 (TObject(16.0))
      042 02018059      CALL r2 (2 args) => 0 results
      043 02000005 GETGLOBAL r2 := _G[k0 ('Debug' [h=129D1272,$009C2A20])]
      044 03000481     LOADK r3 := k18 ('AceRunsForIt: DONE' [h=EF0918E5,$009F2F80])
      045 02010059      CALL r2 (1 args) => 0 results
      046 02010003   LOADNIL r2 ... r2
      047 020004C7 SETGLOBAL r2 ->> _G[k19 ('AceRunsForIt' [h=7AF24343,$00984D20])]
      048 0000801B    RETURN
  [Node$01A32890] 'RemoveTooltip' [h=99903744,$009C06A0]: function$009A31E0 'RemoveTooltip' [h=99903744,$009C06A0]
    CONST$00961A20 k0  'Tooltip_RemoveNag' [h=7881B552,$00A40840]
     CODE$00961A40
      000 00000005 GETGLOBAL r0 := _G[k0 ('Tooltip_RemoveNag' [h=7881B552,$00A40840])]
      001 00008059      CALL r0 (0 args) => 0 results
      002 0000801B    RETURN
  [Node$01A328A4] 'Traffic_SetZoneEncounter' [h=9620DF45,$009F7100]: cfunction$002A2658 'Traffic_SetZoneEncounter' [h=9620DF45,$009F7100]
  [Node$01A328B8] 'mission_tTargets' [h=28796635,$00A38080]: table$0097C160[a=0,h=16]
    [Node$00CA0A3C] TObject(685236032.0): table$00983CC0[a=0,h=4]
      [Node$00ABE9C0] 'objectiveName' [h=2337C7CC,$0097D840]: 'ClearLZ' [h=B63A9CA9,$00976C40]
      [Node$00ABE9D4] 'actorName' [h=4EB2E2FD,$0098A660]: 'LZ_1' [h=00600346,$009A5600]
      [Node$00ABE9E8] 'events' [h=7B78A23A,$009A5380]: table$009C0CA0[a=0,h=8]
        [Node$00BE8668] 'soldHandle' [h=4DCA04E2,$009ABFE0]: TObject(None)
        [Node$00BE8690] 'subduedHandle' [h=0B4CA19C,$0097A3C0]: TObject(None)
        [Node$00BE86B8] 'killedHandle' [h=10232A24,$0098EC60]: TObject(None)
        [Node$00BE86CC] 'eventHandle' [h=CB2EA18F,$00991D20]: TObject(None)
    [Node$00CA0A50] TObject(504820864.0): table$009A94E0[a=0,h=4]
      [Node$00A86B40] 'objectiveName' [h=2337C7CC,$0097D840]: 'ClearLZ' [h=B63A9CA9,$00976C40]
      [Node$00A86B54] 'actorName' [h=4EB2E2FD,$0098A660]: 'LZ_4' [h=005E4060,$009A4900]
      [Node$00A86B68] 'events' [h=7B78A23A,$009A5380]: table$00996360[a=0,h=8]
        [Node$00BF2868] 'soldHandle' [h=4DCA04E2,$009ABFE0]: TObject(None)
        [Node$00BF2890] 'subduedHandle' [h=0B4CA19C,$0097A3C0]: TObject(None)
        [Node$00BF28B8] 'killedHandle' [h=10232A24,$0098EC60]: TObject(None)
        [Node$00BF28CC] 'eventHandle' [h=CB2EA18F,$00991D20]: TObject(None)
    [Node$00CA0A64] TObject(3804701184.0): table$009A15A0[a=0,h=4]
      [Node$00A9CE40] 'objectiveName' [h=2337C7CC,$0097D840]: 'GPSDestroyed' [h=8B0C2B35,$00991A40]
      [Node$00A9CE54] 'actorName' [h=4EB2E2FD,$0098A660]: 'GPS1_GPS' [h=C40779B2,$00988880]
      [Node$00A9CE68] 'events' [h=7B78A23A,$009A5380]: table$009A7760[a=0,h=8]
        [Node$00BBCCE8] 'soldHandle' [h=4DCA04E2,$009ABFE0]: TObject(3701.0)
        [Node$00BBCD10] 'subduedHandle' [h=0B4CA19C,$0097A3C0]: TObject(3700.0)
        [Node$00BBCD38] 'killedHandle' [h=10232A24,$0098EC60]: TObject(3699.0)
        [Node$00BBCD4C] 'eventHandle' [h=CB2EA18F,$00991D20]: TObject(None)
    [Node$00CA0A8C] TObject(56693096.0): table$009A6CE0[a=0,h=4]
      [Node$00ABAC40] 'objectiveName' [h=2337C7CC,$0097D840]: 'ClearLZ' [h=B63A9CA9,$00976C40]
      [Node$00ABAC54] 'actorName' [h=4EB2E2FD,$0098A660]: 'LZ_3' [h=005EFEFB,$0097B100]
      [Node$00ABAC68] 'events' [h=7B78A23A,$009A5380]: table$00981DA0[a=0,h=8]
        [Node$00BFD968] 'soldHandle' [h=4DCA04E2,$009ABFE0]: TObject(None)
        [Node$00BFD990] 'subduedHandle' [h=0B4CA19C,$0097A3C0]: TObject(None)
        [Node$00BFD9B8] 'killedHandle' [h=10232A24,$0098EC60]: TObject(None)
        [Node$00BFD9CC] 'eventHandle' [h=CB2EA18F,$00991D20]: TObject(None)
    [Node$00CA0AA0] TObject(1245180160.0): table$009C40C0[a=0,h=4]
      [Node$00B0A240] 'objectiveName' [h=2337C7CC,$0097D840]: 'GPSDestroyed' [h=8B0C2B35,$00991A40]
      [Node$00B0A254] 'actorName' [h=4EB2E2FD,$0098A660]: 'GPS3_GPS' [h=C406606C,$0099B180]
      [Node$00B0A268] 'events' [h=7B78A23A,$009A5380]: table$009A0EE0[a=0,h=8]
        [Node$00BE2728] 'soldHandle' [h=4DCA04E2,$009ABFE0]: TObject(3709.0)
        [Node$00BE2750] 'subduedHandle' [h=0B4CA19C,$0097A3C0]: TObject(3708.0)
        [Node$00BE2778] 'killedHandle' [h=10232A24,$0098EC60]: TObject(3707.0)
        [Node$00BE278C] 'eventHandle' [h=CB2EA18F,$00991D20]: TObject(None)
    [Node$00CA0AB4] TObject(255725040.0): table$0098F9A0[a=0,h=4]
      [Node$00AB59C0] 'objectiveName' [h=2337C7CC,$0097D840]: 'ClearLZ' [h=B63A9CA9,$00976C40]
      [Node$00AB59D4] 'actorName' [h=4EB2E2FD,$0098A660]: 'LZ_5' [h=005BDE25,$00990300]
      [Node$00AB59E8] 'events' [h=7B78A23A,$009A5380]: table$0099C580[a=0,h=8]
        [Node$00BE0C28] 'soldHandle' [h=4DCA04E2,$009ABFE0]: TObject(None)
        [Node$00BE0C50] 'subduedHandle' [h=0B4CA19C,$0097A3C0]: TObject(None)
        [Node$00BE0C78] 'killedHandle' [h=10232A24,$0098EC60]: TObject(None)
        [Node$00BE0C8C] 'eventHandle' [h=CB2EA18F,$00991D20]: TObject(None)
    [Node$00CA0AC8] TObject(4068525312.0): table$009BFAA0[a=0,h=4]
      [Node$00ACC0C0] 'objectiveName' [h=2337C7CC,$0097D840]: 'SongTowerDestroyed' [h=F509FC24,$00A21500]
      [Node$00ACC0D4] 'actorName' [h=4EB2E2FD,$0098A660]: 'songtower_west' [h=D58A41B0,$00983660]
      [Node$00ACC0E8] 'events' [h=7B78A23A,$009A5380]: table$009AC6A0[a=0,h=8]
        [Node$00C00368] 'soldHandle' [h=4DCA04E2,$009ABFE0]: TObject(3817.0)
        [Node$00C00390] 'subduedHandle' [h=0B4CA19C,$0097A3C0]: TObject(3816.0)
        [Node$00C003B8] 'killedHandle' [h=10232A24,$0098EC60]: TObject(3815.0)
        [Node$00C003CC] 'eventHandle' [h=CB2EA18F,$00991D20]: TObject(3818.0)
    [Node$00CA0ADC] TObject(3801019136.0): table$0098EFC0[a=0,h=4]
      [Node$00B176C0] 'objectiveName' [h=2337C7CC,$0097D840]: 'ClearLZ' [h=B63A9CA9,$00976C40]
      [Node$00B176D4] 'actorName' [h=4EB2E2FD,$0098A660]: 'LZ_Driver' [h=756D028C,$0097D360]
      [Node$00B176E8] 'events' [h=7B78A23A,$009A5380]: table$0097FB60[a=0,h=8]
        [Node$00BAC068] 'soldHandle' [h=4DCA04E2,$009ABFE0]: TObject(None)
        [Node$00BAC090] 'subduedHandle' [h=0B4CA19C,$0097A3C0]: TObject(None)
        [Node$00BAC0B8] 'killedHandle' [h=10232A24,$0098EC60]: TObject(None)
        [Node$00BAC0CC] 'eventHandle' [h=CB2EA18F,$00991D20]: TObject(None)
    [Node$00CA0AF0] TObject(2663249664.0): table$00992A00[a=0,h=4]
      [Node$00AAF940] 'objectiveName' [h=2337C7CC,$0097D840]: 'SongTowerDestroyed' [h=F509FC24,$00A21500]
      [Node$00AAF954] 'actorName' [h=4EB2E2FD,$0098A660]: 'songtower_east' [h=1B5191D5,$0098E620]
      [Node$00AAF968] 'events' [h=7B78A23A,$009A5380]: table$00995C00[a=0,h=8]
        [Node$00BDEA68] 'soldHandle' [h=4DCA04E2,$009ABFE0]: TObject(3809.0)
        [Node$00BDEA90] 'subduedHandle' [h=0B4CA19C,$0097A3C0]: TObject(3808.0)
        [Node$00BDEAB8] 'killedHandle' [h=10232A24,$0098EC60]: TObject(3807.0)
        [Node$00BDEACC] 'eventHandle' [h=CB2EA18F,$00991D20]: TObject(3810.0)
    [Node$00CA0B04] TObject(387550912.0): table$0098A3E0[a=0,h=4]
      [Node$00A664C0] 'objectiveName' [h=2337C7CC,$0097D840]: 'SongTowerDestroyed' [h=F509FC24,$00A21500]
      [Node$00A664D4] 'actorName' [h=4EB2E2FD,$0098A660]: 'songtower_north' [h=9333E17C,$00994080]
      [Node$00A664E8] 'events' [h=7B78A23A,$009A5380]: table$009911E0[a=0,h=8]
        [Node$00BFD7E8] 'soldHandle' [h=4DCA04E2,$009ABFE0]: TObject(3813.0)
        [Node$00BFD810] 'subduedHandle' [h=0B4CA19C,$0097A3C0]: TObject(3812.0)
        [Node$00BFD838] 'killedHandle' [h=10232A24,$0098EC60]: TObject(3811.0)
        [Node$00BFD84C] 'eventHandle' [h=CB2EA18F,$00991D20]: TObject(3814.0)
    [Node$00CA0B18] TObject(2876775168.0): table$00999CC0[a=0,h=4]
      [Node$00AC2F40] 'objectiveName' [h=2337C7CC,$0097D840]: 'GPSDestroyed' [h=8B0C2B35,$00991A40]
      [Node$00AC2F54] 'actorName' [h=4EB2E2FD,$0098A660]: 'GPS2_GPS' [h=C407E7AB,$009AB0C0]
      [Node$00AC2F68] 'events' [h=7B78A23A,$009A5380]: table$009C0E00[a=0,h=8]
        [Node$00B96468] 'soldHandle' [h=4DCA04E2,$009ABFE0]: TObject(3705.0)
        [Node$00B96490] 'subduedHandle' [h=0B4CA19C,$0097A3C0]: TObject(3704.0)
        [Node$00B964B8] 'killedHandle' [h=10232A24,$0098EC60]: TObject(3703.0)
        [Node$00B964CC] 'eventHandle' [h=CB2EA18F,$00991D20]: TObject(None)
    [Node$00CA0B2C] TObject(341444352.0): table$009BFE40[a=0,h=4]
      [Node$00A8FB40] 'objectiveName' [h=2337C7CC,$0097D840]: 'ClearLZ' [h=B63A9CA9,$00976C40]
      [Node$00A8FB54] 'actorName' [h=4EB2E2FD,$0098A660]: 'LZ_2' [h=0060852D,$00989F60]
      [Node$00A8FB68] 'events' [h=7B78A23A,$009A5380]: table$009A0CC0[a=0,h=8]
        [Node$00BF50E8] 'soldHandle' [h=4DCA04E2,$009ABFE0]: TObject(None)
        [Node$00BF5110] 'subduedHandle' [h=0B4CA19C,$0097A3C0]: TObject(None)
        [Node$00BF5138] 'killedHandle' [h=10232A24,$0098EC60]: TObject(None)
        [Node$00BF514C] 'eventHandle' [h=CB2EA18F,$00991D20]: TObject(None)
  [Node$01A328CC] 'Utility_MathModulus' [h=4ABC5B47,$00A3E540]: cfunction$002F81B8 'Utility_MathModulus' [h=4ABC5B47,$00A3E540]
  [Node$01A328E0] 'setfenv' [h=9EE792FB,$009877E0]: cfunction$003B78A8 'setfenv' [h=9EE792FB,$009877E0]
  [Node$01A328F4] 'Camera_SetNearPlaneDistance' [h=1E889E54,$00A24B80]: cfunction$002A68C8 'Camera_SetNearPlaneDistance' [h=1E889E54,$00A24B80]
  [Node$01A32908] 'VERB_SUBDUE' [h=9C793DA4,$009998A0]: TObject(8.0)
  [Node$01A3291C] 'Event_ActorSold' [h=F4423E83,$00998B40]: cfunction$002BA9C0 'Event_ActorSold' [h=F4423E83,$00998B40]
  [Node$01A32930] 'VERB_VERIFY' [h=CAE4DEEE,$0098CEC0]: TObject(3.0)
  [Node$01A32944] 'MISSION_OBJECTIVE_LUA_LOADED' [h=74C8AECB,$009CFE80]: TObject(1.0)
  [Node$01A32958] 'mission_SpecialPostMissionActions' [h=77CB88B0,$009F9000]: function$00984CE0 'mission_SpecialPostMissionActions' [h=77CB88B0,$009F9000]
    CONST$00C1BF40 k0  'sMissionAssetID' [h=73C52FDD,$0098E9A0]
    CONST$00C1BF48 k1  'sw_sk1' [h=0A3EF9FB,$009A0600]
    CONST$00C1BF50 k2  'Mail_Post' [h=CC9FDE1E,$0098B3A0]
    CONST$00C1BF58 k3  'global_mafiaintro' [h=E7BB84C2,$009DA9C0]
    CONST$00C1BF60 k4  'help_crates' [h=57EBAFD5,$0099AF80]
    CONST$00C1BF68 k5  'Mail_Delete' [h=8D1A255E,$009A4260]
    CONST$00C1BF70 k6  'global_southmap' [h=D7427637,$009A83A0]
    CONST$00C1BF78 k7  'global_skintro' [h=3ED6869A,$0099A1A0]
    CONST$00C1BF80 k8  'sw_mafia1' [h=15DEF605,$009A7940]
    CONST$00C1BF88 k9  'global_chinaintro' [h=ED09C67A,$009FA540]
    CONST$00C1BF90 k10 'global_shopopen' [h=81A11AF6,$009A4980]
    CONST$00C1BF98 k11 'help_shop' [h=26A0D718,$00995440]
    CONST$00C1BFA0 k12 'collect_garage' [h=8CE51217,$00977B60]
    CONST$00C1BFA8 k13 'sw_china1' [h=10B884AE,$009790C0]
    CONST$00C1BFB0 k14 'sw_allies2' [h=00A7DC23,$009926A0]
    CONST$00C1BFB8 k15 'collect_wmd' [h=1E7E978A,$0097E900]
    CONST$00C1BFC0 k16 'collect_treasures' [h=0740F132,$009F8540]
    CONST$00C1BFC8 k17 'sw_china2' [h=26A06E71,$00978360]
    CONST$00C1BFD0 k18 'collect_posts' [h=D146F142,$009A15C0]
    CONST$00C1BFD8 k19 'sw_sk2' [h=0C1322C7,$0098FD20]
    CONST$00C1BFE0 k20 'collect_monument' [h=AC993FAF,$009ED840]
    CONST$00C1BFE8 k21 'nw_china1' [h=10B884AB,$00999660]
    CONST$00C1BFF0 k22 'nw_mafia1' [h=15DEF60A,$00987C00]
    CONST$00C1BFF8 k23 'nw_sk1' [h=0A3EF9F0,$009A9540]
    CONST$00C1C000 k24 'global_northmap' [h=0EB2932B,$0097BF60]
     CODE$00CCB240
      000 00000005 GETGLOBAL r0 := _G[k0 ('sMissionAssetID' [h=73C52FDD,$0098E9A0])]
      001 00003ED5        EQ r0 != k1 ('sw_sk1' [h=0A3EF9FB,$009A0600])
      002 00800314       JMP +13 ; 16
      003 00000085 GETGLOBAL r0 := _G[k2 ('Mail_Post' [h=CC9FDE1E,$0098B3A0])]
      004 010000C1     LOADK r1 := k3 ('global_mafiaintro' [h=E7BB84C2,$009DA9C0])
      005 00010059      CALL r0 (1 args) => 0 results
      006 00000085 GETGLOBAL r0 := _G[k2 ('Mail_Post' [h=CC9FDE1E,$0098B3A0])]
      007 01000101     LOADK r1 := k4 ('help_crates' [h=57EBAFD5,$0099AF80])
      008 00010059      CALL r0 (1 args) => 0 results
      009 00000145 GETGLOBAL r0 := _G[k5 ('Mail_Delete' [h=8D1A255E,$009A4260])]
      010 01000181     LOADK r1 := k6 ('global_southmap' [h=D7427637,$009A83A0])
      011 00010059      CALL r0 (1 args) => 0 results
      012 00000145 GETGLOBAL r0 := _G[k5 ('Mail_Delete' [h=8D1A255E,$009A4260])]
      013 010001C1     LOADK r1 := k7 ('global_skintro' [h=3ED6869A,$0099A1A0])
      014 00010059      CALL r0 (1 args) => 0 results
      015 00801014       JMP +65 ; 81
      016 00000005 GETGLOBAL r0 := _G[k0 ('sMissionAssetID' [h=73C52FDD,$0098E9A0])]
      017 00004095        EQ r0 != k8 ('sw_mafia1' [h=15DEF605,$009A7940])
      018 008003D4       JMP +16 ; 35
      019 00000085 GETGLOBAL r0 := _G[k2 ('Mail_Post' [h=CC9FDE1E,$0098B3A0])]
      020 01000241     LOADK r1 := k9 ('global_chinaintro' [h=ED09C67A,$009FA540])
      021 00010059      CALL r0 (1 args) => 0 results
      022 00000085 GETGLOBAL r0 := _G[k2 ('Mail_Post' [h=CC9FDE1E,$0098B3A0])]
      023 01000281     LOADK r1 := k10 ('global_shopopen' [h=81A11AF6,$009A4980])
      024 00010059      CALL r0 (1 args) => 0 results
      025 00000085 GETGLOBAL r0 := _G[k2 ('Mail_Post' [h=CC9FDE1E,$0098B3A0])]
      026 010002C1     LOADK r1 := k11 ('help_shop' [h=26A0D718,$00995440])
      027 00010059      CALL r0 (1 args) => 0 results
      028 00000085 GETGLOBAL r0 := _G[k2 ('Mail_Post' [h=CC9FDE1E,$0098B3A0])]
      029 01000301     LOADK r1 := k12 ('collect_garage' [h=8CE51217,$00977B60])
      030 00010059      CALL r0 (1 args) => 0 results
      031 00000145 GETGLOBAL r0 := _G[k5 ('Mail_Delete' [h=8D1A255E,$009A4260])]
      032 010000C1     LOADK r1 := k3 ('global_mafiaintro' [h=E7BB84C2,$009DA9C0])
      033 00010059      CALL r0 (1 args) => 0 results
      034 00800B54       JMP +46 ; 81
      035 00000005 GETGLOBAL r0 := _G[k0 ('sMissionAssetID' [h=73C52FDD,$0098E9A0])]
      036 000041D5        EQ r0 != k13 ('sw_china1' [h=10B884AE,$009790C0])
      037 00800194       JMP +7 ; 45
      038 00000145 GETGLOBAL r0 := _G[k5 ('Mail_Delete' [h=8D1A255E,$009A4260])]
      039 01000241     LOADK r1 := k9 ('global_chinaintro' [h=ED09C67A,$009FA540])
      040 00010059      CALL r0 (1 args) => 0 results
      041 00000145 GETGLOBAL r0 := _G[k5 ('Mail_Delete' [h=8D1A255E,$009A4260])]
      042 01000281     LOADK r1 := k10 ('global_shopopen' [h=81A11AF6,$009A4980])
      043 00010059      CALL r0 (1 args) => 0 results
      044 008008D4       JMP +36 ; 81
      045 00000005 GETGLOBAL r0 := _G[k0 ('sMissionAssetID' [h=73C52FDD,$0098E9A0])]
      046 00004215        EQ r0 != k14 ('sw_allies2' [h=00A7DC23,$009926A0])
      047 00800194       JMP +7 ; 55
      048 00000085 GETGLOBAL r0 := _G[k2 ('Mail_Post' [h=CC9FDE1E,$0098B3A0])]
      049 010003C1     LOADK r1 := k15 ('collect_wmd' [h=1E7E978A,$0097E900])
      050 00010059      CALL r0 (1 args) => 0 results
      051 00000085 GETGLOBAL r0 := _G[k2 ('Mail_Post' [h=CC9FDE1E,$0098B3A0])]
      052 01000401     LOADK r1 := k16 ('collect_treasures' [h=0740F132,$009F8540])
      053 00010059      CALL r0 (1 args) => 0 results
      054 00800654       JMP +26 ; 81
      055 00000005 GETGLOBAL r0 := _G[k0 ('sMissionAssetID' [h=73C52FDD,$0098E9A0])]
      056 000042D5        EQ r0 != k17 ('sw_china2' [h=26A06E71,$00978360])
      057 008000D4       JMP +4 ; 62
      058 00000085 GETGLOBAL r0 := _G[k2 ('Mail_Post' [h=CC9FDE1E,$0098B3A0])]
      059 01000481     LOADK r1 := k18 ('collect_posts' [h=D146F142,$009A15C0])
      060 00010059      CALL r0 (1 args) => 0 results
      061 00800494       JMP +19 ; 81
      062 00000005 GETGLOBAL r0 := _G[k0 ('sMissionAssetID' [h=73C52FDD,$0098E9A0])]
      063 00004355        EQ r0 != k19 ('sw_sk2' [h=0C1322C7,$0098FD20])
      064 008000D4       JMP +4 ; 69
      065 00000085 GETGLOBAL r0 := _G[k2 ('Mail_Post' [h=CC9FDE1E,$0098B3A0])]
      066 01000501     LOADK r1 := k20 ('collect_monument' [h=AC993FAF,$009ED840])
      067 00010059      CALL r0 (1 args) => 0 results
      068 008002D4       JMP +12 ; 81
      069 00000005 GETGLOBAL r0 := _G[k0 ('sMissionAssetID' [h=73C52FDD,$0098E9A0])]
      070 010043D5        EQ r0 == k21 ('nw_china1' [h=10B884AB,$00999660])
      071 00800154       JMP +6 ; 78
      072 00000005 GETGLOBAL r0 := _G[k0 ('sMissionAssetID' [h=73C52FDD,$0098E9A0])]
      073 01004415        EQ r0 == k22 ('nw_mafia1' [h=15DEF60A,$00987C00])
      074 00800094       JMP +3 ; 78
      075 00000005 GETGLOBAL r0 := _G[k0 ('sMissionAssetID' [h=73C52FDD,$0098E9A0])]
      076 00004455        EQ r0 != k23 ('nw_sk1' [h=0A3EF9F0,$009A9540])
      077 00800094       JMP +3 ; 81
      078 00000145 GETGLOBAL r0 := _G[k5 ('Mail_Delete' [h=8D1A255E,$009A4260])]
      079 01000601     LOADK r1 := k24 ('global_northmap' [h=0EB2932B,$0097BF60])
      080 00010059      CALL r0 (1 args) => 0 results
      081 0000801B    RETURN
  [Node$01A3296C] 'Objective_SetNagText' [h=37011F4F,$00A129C0]: cfunction$002A3D28 'Objective_SetNagText' [h=37011F4F,$00A129C0]
  [Node$01A32980] 'offerEasterEgg' [h=E16E0F50,$0097D480]: function$0098E060 'offerEasterEgg' [h=E16E0F50,$0097D480]
    CONST$00BF32C0 k0  'Actor_GetType' [h=DC0B4554,$0099AC20]
    CONST$00BF32C8 k1  'Utility_GetActorsVehicle' [h=19764E85,$009E8C80]
    CONST$00BF32D0 k2  'player0' [h=316752BF,$009A56E0]
    CONST$00BF32D8 k3  'HUMAN' [h=0EA2600B,$00999720]
    CONST$00BF32E0 k4  'Utility_WriteNumberToScribbleMemory' [h=DCF55147,$00A29080]
    CONST$00BF32E8 k5  'offerEasterEgg' [h=E16E0F50,$0097D480]
    CONST$00BF32F0 k6  TObject(1.0)
    CONST$00BF32F8 k7  'Utility_GetPlayerNationality' [h=CB78F623,$00A31200]
    CONST$00BF3300 k8  'template_player_swedish' [h=1301F35E,$009F8D40]
    CONST$00BF3308 k9  'banter_Add' [h=DA90A011,$009C2E00]
    CONST$00BF3310 k10 'fio.xfio153' [h=F06275AD,$009C33C0]
    CONST$00BF3318 k11 'swedish' [h=516A9264,$0099BB80]
    CONST$00BF3320 k12 'mat.xmat10' [h=5A633554,$009A96A0]
    CONST$00BF3328 k13 'american' [h=F8031FC5,$00986A00]
    CONST$00BF3330 k14 'chr.xchr09' [h=A5C774D3,$009C3DE0]
    CONST$00BF3338 k15 'british' [h=51127038,$00984700]
    CONST$00BF3340 k16 'jen.xjen10' [h=CCCDFD79,$009A3DE0]
    CONST$00BF3348 k17 'fio.xfio154' [h=BBA427AD,$00991820]
    CONST$00BF3350 k18 'chr.xchr10' [h=5ACDB6D4,$009830E0]
    CONST$00BF3358 k19 'jen.xjen11' [h=0C903156,$0097DB60]
    CONST$00BF3360 k20 'fio.xfio155' [h=D8005340,$0098CA80]
     CODE$00BB7500
      000 00000005 GETGLOBAL r0 := _G[k0 ('Actor_GetType' [h=DC0B4554,$0099AC20])]
      001 01000045 GETGLOBAL r1 := _G[k1 ('Utility_GetActorsVehicle' [h=19764E85,$009E8C80])]
      002 02000081     LOADK r2 := k2 ('player0' [h=316752BF,$009A56E0])
      003 01010019      CALL r1 (1 args) => -1 results
      004 00000099      CALL r0 (-1 args) => 1 results
      005 01003F55        EQ r0 == k3 ('HUMAN' [h=0EA2600B,$00999720])
      006 00800014       JMP +1 ; 8
      007 0000801B    RETURN
      008 00000105 GETGLOBAL r0 := _G[k4 ('Utility_WriteNumberToScribbleMemory' [h=DCF55147,$00A29080])]
      009 01000141     LOADK r1 := k5 ('offerEasterEgg' [h=E16E0F50,$0097D480])
      010 02000181     LOADK r2 := k6 (TObject(1.0))
      011 00018059      CALL r0 (2 args) => 0 results
      012 000001C5 GETGLOBAL r0 := _G[k7 ('Utility_GetPlayerNationality' [h=CB78F623,$00A31200])]
      013 00008099      CALL r0 (0 args) => 1 results
      014 00004095        EQ r0 != k8 ('template_player_swedish' [h=1301F35E,$009F8D40])
      015 008001D4       JMP +8 ; 24
      016 01000245 GETGLOBAL r1 := _G[k9 ('banter_Add' [h=DA90A011,$009C2E00])]
      017 0201000A  NEWTABLE r2 := {} (#a=2, #h=0)
      018 03000281     LOADK r3 := k10 ('fio.xfio153' [h=F06275AD,$009C33C0])
      019 0400004A  NEWTABLE r4 := {} (#a=0, #h=1)
      020 0482C189  SETTABLE k12 ('mat.xmat10' [h=5A633554,$009A96A0]) ->> r4[k11 ('swedish' [h=516A9264,$0099BB80])]
      021 0200005F   SETLIST r2 [1]
      022 01010059      CALL r1 (1 args) => 0 results
      023 00800314       JMP +13 ; 37
      024 01000245 GETGLOBAL r1 := _G[k9 ('banter_Add' [h=DA90A011,$009C2E00])]
      025 0202800A  NEWTABLE r2 := {} (#a=5, #h=0)
      026 03000281     LOADK r3 := k10 ('fio.xfio153' [h=F06275AD,$009C33C0])
      027 0400008A  NEWTABLE r4 := {} (#a=0, #h=2)
      028 0483C209  SETTABLE k14 ('chr.xchr09' [h=A5C774D3,$009C3DE0]) ->> r4[k13 ('american' [h=F8031FC5,$00986A00])]
      029 0484C289  SETTABLE k16 ('jen.xjen10' [h=CCCDFD79,$009A3DE0]) ->> r4[k15 ('british' [h=51127038,$00984700])]
      030 05000441     LOADK r5 := k17 ('fio.xfio154' [h=BBA427AD,$00991820])
      031 0600008A  NEWTABLE r6 := {} (#a=0, #h=2)
      032 0683C309  SETTABLE k18 ('chr.xchr10' [h=5ACDB6D4,$009830E0]) ->> r6[k13 ('american' [h=F8031FC5,$00986A00])]
      033 0684C349  SETTABLE k19 ('jen.xjen11' [h=0C903156,$0097DB60]) ->> r6[k15 ('british' [h=51127038,$00984700])]
      034 07000501     LOADK r7 := k20 ('fio.xfio155' [h=D8005340,$0098CA80])
      035 0200011F   SETLIST r2 [4]
      036 01010059      CALL r1 (1 args) => 0 results
      037 0000801B    RETURN
  [Node$01A32994] 'EjectSoldiers' [h=1BBA2F51,$0098D720]: function$00999000[1] 'EjectSoldiers' [h=1BBA2F51,$0098D720]
    CONST$00C17240 k0  'Debug' [h=129D1272,$009C2A20]
    CONST$00C17248 k1  'EjectSoldiers: ....' [h=12A594FE,$00A3E940]
    CONST$00C17250 k2  'Ai_Command' [h=F55C71A7,$009A9EE0]
    CONST$00C17258 k3  'AlliedOfficerInCharge' [h=D2C19A41,$009D0040]
    CONST$00C17260 k4  'Exit' [h=0078DA20,$00980C00]
    CONST$00C17268 k5  'hiPri' [h=11C2D9E2,$00977D00]
    CONST$00C17270 k6  'Ai_CommandQueue' [h=C194E249,$00991FA0]
    CONST$00C17278 k7  'TacticalMove' [h=A51FB2DA,$0098CCC0]
    CONST$00C17280 k8  'A' [h=00000060,$0097DB80]
    CONST$00C17288 k9  'medPri' [h=61E5011D,$009C4340]
    CONST$00C17290 k10 'Wait' [h=00792FF7,$009C0B40]
    CONST$00C17298 k11 TObject(5.0)
    CONST$00C172A0 k12 'O' [h=0000006E,$0098C6C0]
    CONST$00C172A8 k13 'AlliedSoldier1' [h=0212B730,$009C4D40]
    CONST$00C172B0 k14 'B' [h=00000063,$00982AA0]
    CONST$00C172B8 k15 'AlliedSoldier2' [h=7FB6DE24,$00975AE0]
    CONST$00C172C0 k16 'AlliedSoldier3' [h=3032A919,$00980500]
    CONST$00C172C8 k17 'AlliedSoldier4' [h=8D285EDC,$009A8C20]
    CONST$00C172D0 k18 'AlliedSoldier5' [h=36D64BE1,$009892A0]
    CONST$00C172D8 k19 'Ai_EnableHornResponse' [h=FF72DD7B,$00A3AC80]
    CONST$00C172E0 k20 'Ai_CommandClearAll' [h=CDA0E905,$009F9C00]
    CONST$00C172E8 k21 TObject(3.0)
    CONST$00C172F0 k22 'Takeoff' [h=8E7CC211,$009C05C0]
    CONST$00C172F8 k23 'PathMove' [h=F35F139F,$0098C0A0]
    CONST$00C17300 k24 'Calvary1Out' [h=5EEF9241,$00991060]
    CONST$00C17308 k25 TObject(1.0)
    CONST$00C17310 k26 'oneway' [h=853BBB56,$0098C860]
    CONST$00C17318 k27 'Support_AddItem' [h=E53E40DA,$0098F7E0]
    CONST$00C17320 k28 'template_support_deliverAlliesStryker' [h=EF53B2FC,$00A20840]
    CONST$00C17328 k29 'EjectSoldiers: DONE' [h=D3D92440,$00A289C0]
     CODE$0197A6C0
      000 03000005 GETGLOBAL r3 := _G[k0 ('Debug' [h=129D1272,$009C2A20])]
      001 04000041     LOADK r4 := k1 ('EjectSoldiers: ....' [h=12A594FE,$00A3E940])
      002 03010059      CALL r3 (1 args) => 0 results
      003 03000085 GETGLOBAL r3 := _G[k2 ('Ai_Command' [h=F55C71A7,$009A9EE0])]
      004 040000C1     LOADK r4 := k3 ('AlliedOfficerInCharge' [h=D2C19A41,$009D0040])
      005 05000101     LOADK r5 := k4 ('Exit' [h=0078DA20,$00980C00])
      006 06000141     LOADK r6 := k5 ('hiPri' [h=11C2D9E2,$00977D00])
      007 03020059      CALL r3 (3 args) => 0 results
      008 03000185 GETGLOBAL r3 := _G[k6 ('Ai_CommandQueue' [h=C194E249,$00991FA0])]
      009 040000C1     LOADK r4 := k3 ('AlliedOfficerInCharge' [h=D2C19A41,$009D0040])
      010 050001C1     LOADK r5 := k7 ('TacticalMove' [h=A51FB2DA,$0098CCC0])
      011 06000201     LOADK r6 := k8 ('A' [h=00000060,$0097DB80])
      012 07000241     LOADK r7 := k9 ('medPri' [h=61E5011D,$009C4340])
      013 03028059      CALL r3 (4 args) => 0 results
      014 03000185 GETGLOBAL r3 := _G[k6 ('Ai_CommandQueue' [h=C194E249,$00991FA0])]
      015 040000C1     LOADK r4 := k3 ('AlliedOfficerInCharge' [h=D2C19A41,$009D0040])
      016 05000281     LOADK r5 := k10 ('Wait' [h=00792FF7,$009C0B40])
      017 060002C1     LOADK r6 := k11 (TObject(5.0))
      018 07000241     LOADK r7 := k9 ('medPri' [h=61E5011D,$009C4340])
      019 03028059      CALL r3 (4 args) => 0 results
      020 03000185 GETGLOBAL r3 := _G[k6 ('Ai_CommandQueue' [h=C194E249,$00991FA0])]
      021 040000C1     LOADK r4 := k3 ('AlliedOfficerInCharge' [h=D2C19A41,$009D0040])
      022 050001C1     LOADK r5 := k7 ('TacticalMove' [h=A51FB2DA,$0098CCC0])
      023 06000301     LOADK r6 := k12 ('O' [h=0000006E,$0098C6C0])
      024 07000241     LOADK r7 := k9 ('medPri' [h=61E5011D,$009C4340])
      025 03028059      CALL r3 (4 args) => 0 results
      026 03000085 GETGLOBAL r3 := _G[k2 ('Ai_Command' [h=F55C71A7,$009A9EE0])]
      027 04000341     LOADK r4 := k13 ('AlliedSoldier1' [h=0212B730,$009C4D40])
      028 05000101     LOADK r5 := k4 ('Exit' [h=0078DA20,$00980C00])
      029 06000141     LOADK r6 := k5 ('hiPri' [h=11C2D9E2,$00977D00])
      030 03020059      CALL r3 (3 args) => 0 results
      031 03000185 GETGLOBAL r3 := _G[k6 ('Ai_CommandQueue' [h=C194E249,$00991FA0])]
      032 04000341     LOADK r4 := k13 ('AlliedSoldier1' [h=0212B730,$009C4D40])
      033 050001C1     LOADK r5 := k7 ('TacticalMove' [h=A51FB2DA,$0098CCC0])
      034 06000201     LOADK r6 := k8 ('A' [h=00000060,$0097DB80])
      035 07000241     LOADK r7 := k9 ('medPri' [h=61E5011D,$009C4340])
      036 03028059      CALL r3 (4 args) => 0 results
      037 03000185 GETGLOBAL r3 := _G[k6 ('Ai_CommandQueue' [h=C194E249,$00991FA0])]
      038 04000341     LOADK r4 := k13 ('AlliedSoldier1' [h=0212B730,$009C4D40])
      039 05000281     LOADK r5 := k10 ('Wait' [h=00792FF7,$009C0B40])
      040 060002C1     LOADK r6 := k11 (TObject(5.0))
      041 07000241     LOADK r7 := k9 ('medPri' [h=61E5011D,$009C4340])
      042 03028059      CALL r3 (4 args) => 0 results
      043 03000185 GETGLOBAL r3 := _G[k6 ('Ai_CommandQueue' [h=C194E249,$00991FA0])]
      044 04000341     LOADK r4 := k13 ('AlliedSoldier1' [h=0212B730,$009C4D40])
      045 050001C1     LOADK r5 := k7 ('TacticalMove' [h=A51FB2DA,$0098CCC0])
      046 06000381     LOADK r6 := k14 ('B' [h=00000063,$00982AA0])
      047 07000241     LOADK r7 := k9 ('medPri' [h=61E5011D,$009C4340])
      048 03028059      CALL r3 (4 args) => 0 results
      049 03000085 GETGLOBAL r3 := _G[k2 ('Ai_Command' [h=F55C71A7,$009A9EE0])]
      050 040003C1     LOADK r4 := k15 ('AlliedSoldier2' [h=7FB6DE24,$00975AE0])
      051 05000101     LOADK r5 := k4 ('Exit' [h=0078DA20,$00980C00])
      052 06000141     LOADK r6 := k5 ('hiPri' [h=11C2D9E2,$00977D00])
      053 03020059      CALL r3 (3 args) => 0 results
      054 03000185 GETGLOBAL r3 := _G[k6 ('Ai_CommandQueue' [h=C194E249,$00991FA0])]
      055 040003C1     LOADK r4 := k15 ('AlliedSoldier2' [h=7FB6DE24,$00975AE0])
      056 050001C1     LOADK r5 := k7 ('TacticalMove' [h=A51FB2DA,$0098CCC0])
      057 06000201     LOADK r6 := k8 ('A' [h=00000060,$0097DB80])
      058 07000241     LOADK r7 := k9 ('medPri' [h=61E5011D,$009C4340])
      059 03028059      CALL r3 (4 args) => 0 results
      060 03000185 GETGLOBAL r3 := _G[k6 ('Ai_CommandQueue' [h=C194E249,$00991FA0])]
      061 040003C1     LOADK r4 := k15 ('AlliedSoldier2' [h=7FB6DE24,$00975AE0])
      062 05000281     LOADK r5 := k10 ('Wait' [h=00792FF7,$009C0B40])
      063 060002C1     LOADK r6 := k11 (TObject(5.0))
      064 07000241     LOADK r7 := k9 ('medPri' [h=61E5011D,$009C4340])
      065 03028059      CALL r3 (4 args) => 0 results
      066 03000185 GETGLOBAL r3 := _G[k6 ('Ai_CommandQueue' [h=C194E249,$00991FA0])]
      067 040003C1     LOADK r4 := k15 ('AlliedSoldier2' [h=7FB6DE24,$00975AE0])
      068 050001C1     LOADK r5 := k7 ('TacticalMove' [h=A51FB2DA,$0098CCC0])
      069 06000201     LOADK r6 := k8 ('A' [h=00000060,$0097DB80])
      070 07000241     LOADK r7 := k9 ('medPri' [h=61E5011D,$009C4340])
      071 03028059      CALL r3 (4 args) => 0 results
      072 03000085 GETGLOBAL r3 := _G[k2 ('Ai_Command' [h=F55C71A7,$009A9EE0])]
      073 04000401     LOADK r4 := k16 ('AlliedSoldier3' [h=3032A919,$00980500])
      074 05000101     LOADK r5 := k4 ('Exit' [h=0078DA20,$00980C00])
      075 06000141     LOADK r6 := k5 ('hiPri' [h=11C2D9E2,$00977D00])
      076 03020059      CALL r3 (3 args) => 0 results
      077 03000185 GETGLOBAL r3 := _G[k6 ('Ai_CommandQueue' [h=C194E249,$00991FA0])]
      078 04000401     LOADK r4 := k16 ('AlliedSoldier3' [h=3032A919,$00980500])
      079 050001C1     LOADK r5 := k7 ('TacticalMove' [h=A51FB2DA,$0098CCC0])
      080 06000381     LOADK r6 := k14 ('B' [h=00000063,$00982AA0])
      081 07000241     LOADK r7 := k9 ('medPri' [h=61E5011D,$009C4340])
      082 03028059      CALL r3 (4 args) => 0 results
      083 03000185 GETGLOBAL r3 := _G[k6 ('Ai_CommandQueue' [h=C194E249,$00991FA0])]
      084 04000401     LOADK r4 := k16 ('AlliedSoldier3' [h=3032A919,$00980500])
      085 05000281     LOADK r5 := k10 ('Wait' [h=00792FF7,$009C0B40])
      086 060002C1     LOADK r6 := k11 (TObject(5.0))
      087 07000241     LOADK r7 := k9 ('medPri' [h=61E5011D,$009C4340])
      088 03028059      CALL r3 (4 args) => 0 results
      089 03000185 GETGLOBAL r3 := _G[k6 ('Ai_CommandQueue' [h=C194E249,$00991FA0])]
      090 04000401     LOADK r4 := k16 ('AlliedSoldier3' [h=3032A919,$00980500])
      091 050001C1     LOADK r5 := k7 ('TacticalMove' [h=A51FB2DA,$0098CCC0])
      092 06000201     LOADK r6 := k8 ('A' [h=00000060,$0097DB80])
      093 07000241     LOADK r7 := k9 ('medPri' [h=61E5011D,$009C4340])
      094 03028059      CALL r3 (4 args) => 0 results
      095 03000085 GETGLOBAL r3 := _G[k2 ('Ai_Command' [h=F55C71A7,$009A9EE0])]
      096 04000441     LOADK r4 := k17 ('AlliedSoldier4' [h=8D285EDC,$009A8C20])
      097 05000101     LOADK r5 := k4 ('Exit' [h=0078DA20,$00980C00])
      098 06000141     LOADK r6 := k5 ('hiPri' [h=11C2D9E2,$00977D00])
      099 03020059      CALL r3 (3 args) => 0 results
      100 03000185 GETGLOBAL r3 := _G[k6 ('Ai_CommandQueue' [h=C194E249,$00991FA0])]
      101 04000441     LOADK r4 := k17 ('AlliedSoldier4' [h=8D285EDC,$009A8C20])
      102 050001C1     LOADK r5 := k7 ('TacticalMove' [h=A51FB2DA,$0098CCC0])
      103 06000381     LOADK r6 := k14 ('B' [h=00000063,$00982AA0])
      104 07000241     LOADK r7 := k9 ('medPri' [h=61E5011D,$009C4340])
      105 03028059      CALL r3 (4 args) => 0 results
      106 03000185 GETGLOBAL r3 := _G[k6 ('Ai_CommandQueue' [h=C194E249,$00991FA0])]
      107 04000441     LOADK r4 := k17 ('AlliedSoldier4' [h=8D285EDC,$009A8C20])
      108 05000281     LOADK r5 := k10 ('Wait' [h=00792FF7,$009C0B40])
      109 060002C1     LOADK r6 := k11 (TObject(5.0))
      110 07000241     LOADK r7 := k9 ('medPri' [h=61E5011D,$009C4340])
      111 03028059      CALL r3 (4 args) => 0 results
      112 03000185 GETGLOBAL r3 := _G[k6 ('Ai_CommandQueue' [h=C194E249,$00991FA0])]
      113 04000441     LOADK r4 := k17 ('AlliedSoldier4' [h=8D285EDC,$009A8C20])
      114 050001C1     LOADK r5 := k7 ('TacticalMove' [h=A51FB2DA,$0098CCC0])
      115 06000201     LOADK r6 := k8 ('A' [h=00000060,$0097DB80])
      116 07000241     LOADK r7 := k9 ('medPri' [h=61E5011D,$009C4340])
      117 03028059      CALL r3 (4 args) => 0 results
      118 03000085 GETGLOBAL r3 := _G[k2 ('Ai_Command' [h=F55C71A7,$009A9EE0])]
      119 04000481     LOADK r4 := k18 ('AlliedSoldier5' [h=36D64BE1,$009892A0])
      120 05000101     LOADK r5 := k4 ('Exit' [h=0078DA20,$00980C00])
      121 06000141     LOADK r6 := k5 ('hiPri' [h=11C2D9E2,$00977D00])
      122 03020059      CALL r3 (3 args) => 0 results
      123 03000185 GETGLOBAL r3 := _G[k6 ('Ai_CommandQueue' [h=C194E249,$00991FA0])]
      124 04000481     LOADK r4 := k18 ('AlliedSoldier5' [h=36D64BE1,$009892A0])
      125 050001C1     LOADK r5 := k7 ('TacticalMove' [h=A51FB2DA,$0098CCC0])
      126 06000201     LOADK r6 := k8 ('A' [h=00000060,$0097DB80])
      127 07000241     LOADK r7 := k9 ('medPri' [h=61E5011D,$009C4340])
      128 03028059      CALL r3 (4 args) => 0 results
      129 03000185 GETGLOBAL r3 := _G[k6 ('Ai_CommandQueue' [h=C194E249,$00991FA0])]
      130 04000481     LOADK r4 := k18 ('AlliedSoldier5' [h=36D64BE1,$009892A0])
      131 05000281     LOADK r5 := k10 ('Wait' [h=00792FF7,$009C0B40])
      132 060002C1     LOADK r6 := k11 (TObject(5.0))
      133 07000241     LOADK r7 := k9 ('medPri' [h=61E5011D,$009C4340])
      134 03028059      CALL r3 (4 args) => 0 results
      135 03000185 GETGLOBAL r3 := _G[k6 ('Ai_CommandQueue' [h=C194E249,$00991FA0])]
      136 04000481     LOADK r4 := k18 ('AlliedSoldier5' [h=36D64BE1,$009892A0])
      137 050001C1     LOADK r5 := k7 ('TacticalMove' [h=A51FB2DA,$0098CCC0])
      138 06000381     LOADK r6 := k14 ('B' [h=00000063,$00982AA0])
      139 07000241     LOADK r7 := k9 ('medPri' [h=61E5011D,$009C4340])
      140 03028059      CALL r3 (4 args) => 0 results
      141 030004C5 GETGLOBAL r3 := _G[k19 ('Ai_EnableHornResponse' [h=FF72DD7B,$00A3AC80])]
      142 040000C1     LOADK r4 := k3 ('AlliedOfficerInCharge' [h=D2C19A41,$009D0040])
      143 05000002  LOADBOOL r5 := False
      144 03018059      CALL r3 (2 args) => 0 results
      145 03000505 GETGLOBAL r3 := _G[k20 ('Ai_CommandClearAll' [h=CDA0E905,$009F9C00])]
      146 04000000      MOVE r4 := r0
      147 03010059      CALL r3 (1 args) => 0 results
      148 03000185 GETGLOBAL r3 := _G[k6 ('Ai_CommandQueue' [h=C194E249,$00991FA0])]
      149 04000000      MOVE r4 := r0
      150 05000281     LOADK r5 := k10 ('Wait' [h=00792FF7,$009C0B40])
      151 06000541     LOADK r6 := k21 (TObject(3.0))
      152 07000141     LOADK r7 := k5 ('hiPri' [h=11C2D9E2,$00977D00])
      153 03028059      CALL r3 (4 args) => 0 results
      154 03000185 GETGLOBAL r3 := _G[k6 ('Ai_CommandQueue' [h=C194E249,$00991FA0])]
      155 04000000      MOVE r4 := r0
      156 05000581     LOADK r5 := k22 ('Takeoff' [h=8E7CC211,$009C05C0])
      157 06000141     LOADK r6 := k5 ('hiPri' [h=11C2D9E2,$00977D00])
      158 03020059      CALL r3 (3 args) => 0 results
      159 03000185 GETGLOBAL r3 := _G[k6 ('Ai_CommandQueue' [h=C194E249,$00991FA0])]
      160 04000000      MOVE r4 := r0
      161 050005C1     LOADK r5 := k23 ('PathMove' [h=F35F139F,$0098C0A0])
      162 06000004  GETUPVAL r6 := u0
      163 06034486  GETTABLE r6 := r6[k24 ('Calvary1Out' [h=5EEF9241,$00991060])]
      164 07000641     LOADK r7 := k25 (TObject(1.0))
      165 08000681     LOADK r8 := k26 ('oneway' [h=853BBB56,$0098C860])
      166 09000141     LOADK r9 := k5 ('hiPri' [h=11C2D9E2,$00977D00])
      167 03038059      CALL r3 (6 args) => 0 results
      168 030006C5 GETGLOBAL r3 := _G[k27 ('Support_AddItem' [h=E53E40DA,$0098F7E0])]
      169 04000701     LOADK r4 := k28 ('template_support_deliverAlliesStryker' [h=EF53B2FC,$00A20840])
      170 05000641     LOADK r5 := k25 (TObject(1.0))
      171 03018059      CALL r3 (2 args) => 0 results
      172 03000005 GETGLOBAL r3 := _G[k0 ('Debug' [h=129D1272,$009C2A20])]
      173 04000741     LOADK r4 := k29 ('EjectSoldiers: DONE' [h=D3D92440,$00A289C0])
      174 03010059      CALL r3 (1 args) => 0 results
      175 0000801B    RETURN
  [Node$01A329A8] 'Debug_EnableLocationRendering' [h=1C838752,$00A09E00]: cfunction$002F7098 'Debug_EnableLocationRendering' [h=1C838752,$00A09E00]
  [Node$01A329BC] 'Challenge_WriteStatHeader' [h=8BCB9F53,$009D1540]: cfunction$002CA030 'Challenge_WriteStatHeader' [h=8BCB9F53,$009D1540]
  [Node$01A329D0] 'mission_SpecialMissionStartActions' [h=8CE80905,$00A39E40]: function$009C0760 'mission_SpecialMissionStartActions' [h=8CE80905,$00A39E40]
    CONST$00A786C0 k0  'sMissionAssetID' [h=73C52FDD,$0098E9A0]
    CONST$00A786C8 k1  'sw_mafia1' [h=15DEF605,$009A7940]
    CONST$00A786D0 k2  'Mail_Post' [h=CC9FDE1E,$0098B3A0]
    CONST$00A786D8 k3  'help_c4' [h=F058D3BB,$00990420]
    CONST$00A786E0 k4  'sw_sk2' [h=0C1322C7,$0098FD20]
    CONST$00A786E8 k5  'help_jammers' [h=BF1F82C7,$009AC560]
    CONST$00A786F0 k6  'help_trespass' [h=40319E1F,$009C5C60]
    CONST$00A786F8 k7  'sw_sk3' [h=E2BF8CA3,$009A3780]
    CONST$00A78700 k8  'help_actionhijack' [h=0CF663F6,$00A39040]
    CONST$00A78708 k9  'help_disguise' [h=8EB1301D,$009829C0]
    CONST$00A78710 k10 'help_officers' [h=14AF8EF9,$009A0440]
    CONST$00A78718 k11 'sw_allies8' [h=1CAAD334,$009777E0]
    CONST$00A78720 k12 'help_radiation' [h=C2292FB1,$00987320]
     CODE$00BB5640
      000 00000005 GETGLOBAL r0 := _G[k0 ('sMissionAssetID' [h=73C52FDD,$0098E9A0])]
      001 00003ED5        EQ r0 != k1 ('sw_mafia1' [h=15DEF605,$009A7940])
      002 008000D4       JMP +4 ; 7
      003 00000085 GETGLOBAL r0 := _G[k2 ('Mail_Post' [h=CC9FDE1E,$0098B3A0])]
      004 010000C1     LOADK r1 := k3 ('help_c4' [h=F058D3BB,$00990420])
      005 00010059      CALL r0 (1 args) => 0 results
      006 00800714       JMP +29 ; 36
      007 00000005 GETGLOBAL r0 := _G[k0 ('sMissionAssetID' [h=73C52FDD,$0098E9A0])]
      008 00003F95        EQ r0 != k4 ('sw_sk2' [h=0C1322C7,$0098FD20])
      009 00800194       JMP +7 ; 17
      010 00000085 GETGLOBAL r0 := _G[k2 ('Mail_Post' [h=CC9FDE1E,$0098B3A0])]
      011 01000141     LOADK r1 := k5 ('help_jammers' [h=BF1F82C7,$009AC560])
      012 00010059      CALL r0 (1 args) => 0 results
      013 00000085 GETGLOBAL r0 := _G[k2 ('Mail_Post' [h=CC9FDE1E,$0098B3A0])]
      014 01000181     LOADK r1 := k6 ('help_trespass' [h=40319E1F,$009C5C60])
      015 00010059      CALL r0 (1 args) => 0 results
      016 00800494       JMP +19 ; 36
      017 00000005 GETGLOBAL r0 := _G[k0 ('sMissionAssetID' [h=73C52FDD,$0098E9A0])]
      018 00004055        EQ r0 != k7 ('sw_sk3' [h=E2BF8CA3,$009A3780])
      019 00800254       JMP +10 ; 30
      020 00000085 GETGLOBAL r0 := _G[k2 ('Mail_Post' [h=CC9FDE1E,$0098B3A0])]
      021 01000201     LOADK r1 := k8 ('help_actionhijack' [h=0CF663F6,$00A39040])
      022 00010059      CALL r0 (1 args) => 0 results
      023 00000085 GETGLOBAL r0 := _G[k2 ('Mail_Post' [h=CC9FDE1E,$0098B3A0])]
      024 01000241     LOADK r1 := k9 ('help_disguise' [h=8EB1301D,$009829C0])
      025 00010059      CALL r0 (1 args) => 0 results
      026 00000085 GETGLOBAL r0 := _G[k2 ('Mail_Post' [h=CC9FDE1E,$0098B3A0])]
      027 01000281     LOADK r1 := k10 ('help_officers' [h=14AF8EF9,$009A0440])
      028 00010059      CALL r0 (1 args) => 0 results
      029 00800154       JMP +6 ; 36
      030 00000005 GETGLOBAL r0 := _G[k0 ('sMissionAssetID' [h=73C52FDD,$0098E9A0])]
      031 00004155        EQ r0 != k11 ('sw_allies8' [h=1CAAD334,$009777E0])
      032 00800094       JMP +3 ; 36
      033 00000085 GETGLOBAL r0 := _G[k2 ('Mail_Post' [h=CC9FDE1E,$0098B3A0])]
      034 01000301     LOADK r1 := k12 ('help_radiation' [h=C2292FB1,$00987320])
      035 00010059      CALL r0 (1 args) => 0 results
      036 0000801B    RETURN
  [Node$01A329E4] 'mission_PlayFinalAceMissionEndMovie' [h=DCC5DDC6,$009DE0C0]: function$0097CBC0 'mission_PlayFinalAceMissionEndMovie' [h=DCC5DDC6,$009DE0C0]
    CONST$00A9F340 k0  'E_' [h=00001491,$00991AE0]
    CONST$00A9F348 k1  'NN_' [h=0002F97F,$009C23A0]
    CONST$00A9F350 k2  'N_S_' [h=007FC58B,$009C2000]
    CONST$00A9F358 k3  'util_GetDominantFaction' [h=55E8B321,$009D13C0]
    CONST$00A9F360 k4  'util_GetFactionCodeForMovies' [h=08B41918,$00A06540]
    CONST$00A9F368 k5  'util_PrintDebugMsg' [h=A2961C17,$00A25100]
    CONST$00A9F370 k6  'movie: ' [h=896715A7,$00999EA0]
    CONST$00A9F378 k7  '\n' [h=0000002B,$009AB680]
    CONST$00A9F380 k8  'Utility_PlayMovie' [h=4F301068,$009E9A80]
     CODE$00A96640
      000 01000001     LOADK r1 := k0 ('E_' [h=00001491,$00991AE0])
      001 00000018      TEST not r0 : r0 := r0
      002 008000D4       JMP +4 ; 7
      003 02008000      MOVE r2 := r1
      004 03000041     LOADK r3 := k1 ('NN_' [h=0002F97F,$009C23A0])
      005 010100D3    CONCAT r1 := r2 ... r3
      006 00800094       JMP +3 ; 10
      007 02008000      MOVE r2 := r1
      008 03000081     LOADK r3 := k2 ('N_S_' [h=007FC58B,$009C2000])
      009 010100D3    CONCAT r1 := r2 ... r3
      010 020000C5 GETGLOBAL r2 := _G[k3 ('util_GetDominantFaction' [h=55E8B321,$009D13C0])]
      011 02008099      CALL r2 (0 args) => 1 results
      012 03008000      MOVE r3 := r1
      013 04000105 GETGLOBAL r4 := _G[k4 ('util_GetFactionCodeForMovies' [h=08B41918,$00A06540])]
      014 05010000      MOVE r5 := r2
      015 04010099      CALL r4 (1 args) => 1 results
      016 01018113    CONCAT r1 := r3 ... r4
      017 03000145 GETGLOBAL r3 := _G[k5 ('util_PrintDebugMsg' [h=A2961C17,$00A25100])]
      018 04000181     LOADK r4 := k6 ('movie: ' [h=896715A7,$00999EA0])
      019 05008000      MOVE r5 := r1
      020 060001C1     LOADK r6 := k7 ('\n' [h=0000002B,$009AB680])
      021 04020193    CONCAT r4 := r4 ... r6
      022 03010059      CALL r3 (1 args) => 0 results
      023 03000205 GETGLOBAL r3 := _G[k8 ('Utility_PlayMovie' [h=4F301068,$009E9A80])]
      024 04008000      MOVE r4 := r1
      025 03010059      CALL r3 (1 args) => 0 results
      026 0000801B    RETURN
  [Node$01A329F8] 'CARD_RANK_FACE_MIN' [h=88A19756,$009CF3C0]: TObject(11.0)
  [Node$01A32A0C] 'Audio_SoundIsPlaying' [h=B0193757,$00A2E940]: cfunction$002B83A0 'Audio_SoundIsPlaying' [h=B0193757,$00A2E940]
  [Node$01A32A20] 'Actor_EnableScriptedUse' [h=2140441B,$00A37B40]: cfunction$002AD5A0 'Actor_EnableScriptedUse' [h=2140441B,$00A37B40]
  [Node$01A32A34] 'diamonds' [h=9540B759,$00982B80]: 'diamonds' [h=9540B759,$00982B80]
  [Node$01A32A48] 'sMemoryKey_ArcBookmark' [h=3345BF5A,$00A3B340]: 'current_allies_mission' [h=CB04149F,$009F2C00]
  [Node$01A32A5C] 'Audio_PlayFactionMusic' [h=4E56600E,$009D8E80]: cfunction$002B8640 'Audio_PlayFactionMusic' [h=4E56600E,$009D8E80]
  [Node$01A32A70] 'SpawnAce_Objectify' [h=E5CC2F5C,$00A20080]: function$009FE240[3] 'SpawnAce_Objectify' [h=E5CC2F5C,$00A20080]
    CONST$00C25840 k0  'Debug' [h=129D1272,$009C2A20]
    CONST$00C25848 k1  'SpawnAce_Objectify: ....' [h=F1C36905,$00A21900]
    CONST$00C25850 k2  'mission_ObjectiveVerify' [h=E406DF42,$009DB040]
    CONST$00C25858 k3  'callbackFunc' [h=1E1CD035,$009C7860]
    CONST$00C25860 k4  'AceVerified' [h=3B50C517,$00992B00]
    CONST$00C25868 k5  'objectiveName' [h=2337C7CC,$0097D840]
    CONST$00C25870 k6  'objectiveDesc' [h=54B269EB,$009A9720]
    CONST$00C25878 k7  'Utility_GetStringById' [h=F7067A6C,$009EF080]
    CONST$00C25880 k8  'p3Short' [h=EA10FDAD,$00988320]
    CONST$00C25888 k9  'actorName' [h=4EB2E2FD,$0098A660]
    CONST$00C25890 k10 'Ace' [h=00032177,$00985A00]
    CONST$00C25898 k11 'actorCaption' [h=0C46BDC7,$0099F520]
    CONST$00C258A0 k12 'p3Target' [h=1653FE54,$00987FA0]
    CONST$00C258A8 k13 'blipType' [h=D6B22C63,$009C0A20]
    CONST$00C258B0 k14 'clubs' [h=12E946D0,$009AA340]
    CONST$00C258B8 k15 'util_ObjMsgPrint' [h=C078DF61,$00A23780]
    CONST$00C258C0 k16 'sMsg' [h=00831EED,$0099FF40]
    CONST$00C258C8 k17 'sw.allies4.objPrimary03Short' [h=9DCC5862,$00A1E240]
    CONST$00C258D0 k18 'sType' [h=10E81B1C,$00984800]
    CONST$00C258D8 k19 'PRI_OBJ_ADD' [h=5E5C02AB,$009C2A00]
    CONST$00C258E0 k20 'vIdx' [h=008511D1,$00978A00]
    CONST$00C258E8 k21 TObject(3.0)
    CONST$00C258F0 k22 'SetupExtraction' [h=216BA55B,$009C83E0]
    CONST$00C258F8 k23 'mission_MissionComplete' [h=97CC5E62,$00A020C0]
    CONST$00C25900 k24 'SpawnAce_Objectify: DONE' [h=35B7DAA7,$00A3D580]
    CONST$00C25908 k25 'SpawnAce_Objectify' [h=E5CC2F5C,$00A20080]
     CODE$00BED740
      000 00000005 GETGLOBAL r0 := _G[k0 ('Debug' [h=129D1272,$009C2A20])]
      001 01000041     LOADK r1 := k1 ('SpawnAce_Objectify: ....' [h=F1C36905,$00A21900])
      002 00010059      CALL r0 (1 args) => 0 results
      003 00000085 GETGLOBAL r0 := _G[k2 ('mission_ObjectiveVerify' [h=E406DF42,$009DB040])]
      004 010000CA  NEWTABLE r1 := {} (#a=0, #h=3)
      005 02000105 GETGLOBAL r2 := _G[k4 ('AceVerified' [h=3B50C517,$00992B00])]
      006 017E8089  SETTABLE r2 ->> r1[k3 ('callbackFunc' [h=1E1CD035,$009C7860])]
      007 017FBF89  SETTABLE k4 ('AceVerified' [h=3B50C517,$00992B00]) ->> r1[k5 ('objectiveName' [h=2337C7CC,$0097D840])]
      008 020001C5 GETGLOBAL r2 := _G[k7 ('Utility_GetStringById' [h=F7067A6C,$009EF080])]
      009 03000004  GETUPVAL r3 := u0
      010 0301C086  GETTABLE r3 := r3[k8 ('p3Short' [h=EA10FDAD,$00988320])]
      011 02010099      CALL r2 (1 args) => 1 results
      012 01800089  SETTABLE r2 ->> r1[k6 ('objectiveDesc' [h=54B269EB,$009A9720])]
      013 02008004  GETUPVAL r2 := u1
      014 02014106  GETTABLE r2 := r2[k10 ('Ace' [h=00032177,$00985A00])]
      015 01818089  SETTABLE r2 ->> r1[k9 ('actorName' [h=4EB2E2FD,$0098A660])]
      016 020001C5 GETGLOBAL r2 := _G[k7 ('Utility_GetStringById' [h=F7067A6C,$009EF080])]
      017 03000004  GETUPVAL r3 := u0
      018 0301C186  GETTABLE r3 := r3[k12 ('p3Target' [h=1653FE54,$00987FA0])]
      019 02010099      CALL r2 (1 args) => 1 results
      020 01828089  SETTABLE r2 ->> r1[k11 ('actorCaption' [h=0C46BDC7,$0099F520])]
      021 0183C209  SETTABLE k14 ('clubs' [h=12E946D0,$009AA340]) ->> r1[k13 ('blipType' [h=D6B22C63,$009C0A20])]
      022 00010059      CALL r0 (1 args) => 0 results
      023 000003C5 GETGLOBAL r0 := _G[k15 ('util_ObjMsgPrint' [h=C078DF61,$00A23780])]
      024 0100008A  NEWTABLE r1 := {} (#a=0, #h=2)
      025 020001C5 GETGLOBAL r2 := _G[k7 ('Utility_GetStringById' [h=F7067A6C,$009EF080])]
      026 03000441     LOADK r3 := k17 ('sw.allies4.objPrimary03Short' [h=9DCC5862,$00A1E240])
      027 02010099      CALL r2 (1 args) => 1 results
      028 01850089  SETTABLE r2 ->> r1[k16 ('sMsg' [h=00831EED,$0099FF40])]
      029 01864349  SETTABLE k19 ('PRI_OBJ_ADD' [h=5E5C02AB,$009C2A00]) ->> r1[k18 ('sType' [h=10E81B1C,$00984800])]
      030 018743C9  SETTABLE k21 (TObject(3.0)) ->> r1[k20 ('vIdx' [h=008511D1,$00978A00])]
      031 00010059      CALL r0 (1 args) => 0 results
      032 00000585 GETGLOBAL r0 := _G[k22 ('SetupExtraction' [h=216BA55B,$009C83E0])]
      033 01010004  GETUPVAL r1 := u2
      034 02008004  GETUPVAL r2 := u1
      035 02014106  GETTABLE r2 := r2[k10 ('Ace' [h=00032177,$00985A00])]
      036 030005C5 GETGLOBAL r3 := _G[k23 ('mission_MissionComplete' [h=97CC5E62,$00A020C0])]
      037 00020059      CALL r0 (3 args) => 0 results
      038 00000005 GETGLOBAL r0 := _G[k0 ('Debug' [h=129D1272,$009C2A20])]
      039 01000601     LOADK r1 := k24 ('SpawnAce_Objectify: DONE' [h=35B7DAA7,$00A3D580])
      040 00010059      CALL r0 (1 args) => 0 results
      041 00000003   LOADNIL r0 ... r0
      042 00000647 SETGLOBAL r0 ->> _G[k25 ('SpawnAce_Objectify' [h=E5CC2F5C,$00A20080])]
      043 0000801B    RETURN
  [Node$01A32A84] 'util_DebugStartMissionChainLoading' [h=378B235D,$009EA3C0]: function$009A9DA0 'util_DebugStartMissionChainLoading' [h=378B235D,$009EA3C0]
    CONST$00C91DC0 k0  'Utility_WriteNumberToScribbleMemory' [h=DCF55147,$00A29080]
    CONST$00C91DC8 k1  'DebugMissionChainLoadingInProgress' [h=F4631AB3,$009EA600]
    CONST$00C91DD0 k2  TObject(1.0)
    CONST$00C91DD8 k3  'sw' [h=000017F5,$009A9160]
    CONST$00C91DE0 k4  'nw' [h=0000178E,$009898E0]
    CONST$00C91DE8 k5  'allies' [h=B57F1C27,$009BF7E0]
    CONST$00C91DF0 k6  'china' [h=1129D14E,$009AB280]
    CONST$00C91DF8 k7  'mafia' [h=11226556,$009A69E0]
    CONST$00C91E00 k8  'sk' [h=00001514,$00983C60]
    CONST$00C91E08 k9  'util_GetMissionArcTable' [h=7D75105B,$00A39A40]
    CONST$00C91E10 k10 'Utility_ReadNumberFromScribbleMemory' [h=2BB92038,$009F9D40]
    CONST$00C91E18 k11 'DebugMissionChainLoading_QuadrantIndex' [h=0CC890F5,$00A3D100]
    CONST$00C91E20 k12 'DebugMissionChainLoading_FactionIndex' [h=5EC194F7,$00A05340]
    CONST$00C91E28 k13 'DebugMissionChainLoading_SeqNumberIndex' [h=CC1A1B6B,$009CFF40]
    CONST$00C91E30 k14 'swn' [h=00034D73,$009A5300]
    CONST$00C91E38 k15 TObject(2.0)
    CONST$00C91E40 k16 TObject(4.0)
    CONST$00C91E48 k17 'aclubs' [h=8C490E45,$0098DC80]
    CONST$00C91E50 k18 'Global_SetValue' [h=AB0FD37C,$0099C420]
    CONST$00C91E58 k19 'LoadAceBriefing' [h=6F0AD05F,$009851C0]
    CONST$00C91E60 k20 TObject(8.0)
    CONST$00C91E68 k21 'admnd' [h=10BE8475,$00987AA0]
    CONST$00C91E70 k22 'aheart' [h=9171EE89,$0099FB60]
    CONST$00C91E78 k23 'aspade' [h=4F383D95,$009A80C0]
    CONST$00C91E80 k24 'Utility_WriteStringToScribbleMemory' [h=5E8C6272,$00A3A080]
    CONST$00C91E88 k25 'skipto_via_cheating' [h=BD67ECA0,$009DAF40]
    CONST$00C91E90 k26 'true' [h=00700450,$009A7C00]
    CONST$00C91E98 k27 'Utility_EraseValueFromScribbleMemory' [h=D5C200E6,$00A13000]
    CONST$00C91EA0 k28 'mission_accepted' [h=77464996,$00A32D40]
    CONST$00C91EA8 k29 'SkipTo_Map' [h=F88EFA9D,$009BF700]
    CONST$00C91EB0 k30 'SkipTo_Faction' [h=D8E965DF,$0099D000]
    CONST$00C91EB8 k31 'current_faction' [h=B9B21A68,$009C4920]
    CONST$00C91EC0 k32 'SkipTo_MissionNumber' [h=DF4E9E46,$00A068C0]
    CONST$00C91EC8 k33 'Utility_ResetToBaseLayerOnly' [h=05E8CF2B,$009F7140]
    CONST$00C91ED0 k34 'table' [h=10F2114B,$0098D780]
    CONST$00C91ED8 k35 'getn' [h=0083B006,$0097DBC0]
    CONST$00C91EE0 k36 'DebugMissionChainLoadingEventIsSet' [h=E79900B1,$009FA940]
     CODE$0197CA80
      000 00000005 GETGLOBAL r0 := _G[k0 ('Utility_WriteNumberToScribbleMemory' [h=DCF55147,$00A29080])]
      001 01000041     LOADK r1 := k1 ('DebugMissionChainLoadingInProgress' [h=F4631AB3,$009EA600])
      002 02000081     LOADK r2 := k2 (TObject(1.0))
      003 00018059      CALL r0 (2 args) => 0 results
      004 0001000A  NEWTABLE r0 := {} (#a=2, #h=0)
      005 010000C1     LOADK r1 := k3 ('sw' [h=000017F5,$009A9160])
      006 02000101     LOADK r2 := k4 ('nw' [h=0000178E,$009898E0])
      007 0000005F   SETLIST r0 [1]
      008 0102000A  NEWTABLE r1 := {} (#a=4, #h=0)
      009 02000141     LOADK r2 := k5 ('allies' [h=B57F1C27,$009BF7E0])
      010 03000181     LOADK r3 := k6 ('china' [h=1129D14E,$009AB280])
      011 040001C1     LOADK r4 := k7 ('mafia' [h=11226556,$009A69E0])
      012 05000201     LOADK r5 := k8 ('sk' [h=00001514,$00983C60])
      013 010000DF   SETLIST r1 [3]
      014 02000245 GETGLOBAL r2 := _G[k9 ('util_GetMissionArcTable' [h=7D75105B,$00A39A40])]
      015 02008099      CALL r2 (0 args) => 1 results
      016 03000285 GETGLOBAL r3 := _G[k10 ('Utility_ReadNumberFromScribbleMemory' [h=2BB92038,$009F9D40])]
      017 040002C1     LOADK r4 := k11 ('DebugMissionChainLoading_QuadrantIndex' [h=0CC890F5,$00A3D100])
      018 03010099      CALL r3 (1 args) => 1 results
      019 03018058      TEST r3 : r3 := r3
      020 00800014       JMP +1 ; 22
      021 03000081     LOADK r3 := k2 (TObject(1.0))
      022 04000285 GETGLOBAL r4 := _G[k10 ('Utility_ReadNumberFromScribbleMemory' [h=2BB92038,$009F9D40])]
      023 05000301     LOADK r5 := k12 ('DebugMissionChainLoading_FactionIndex' [h=5EC194F7,$00A05340])
      024 04010099      CALL r4 (1 args) => 1 results
      025 04020058      TEST r4 : r4 := r4
      026 00800014       JMP +1 ; 28
      027 04000081     LOADK r4 := k2 (TObject(1.0))
      028 05000285 GETGLOBAL r5 := _G[k10 ('Utility_ReadNumberFromScribbleMemory' [h=2BB92038,$009F9D40])]
      029 06000341     LOADK r6 := k13 ('DebugMissionChainLoading_SeqNumberIndex' [h=CC1A1B6B,$009CFF40])
      030 05010099      CALL r5 (1 args) => 1 results
      031 05028058      TEST r5 : r5 := r5
      032 00800014       JMP +1 ; 34
      033 05000081     LOADK r5 := k2 (TObject(1.0))
      034 060000C6  GETTABLE r6 := r0[r3]
      035 07008106  GETTABLE r7 := r1[r4]
      036 080101C6  GETTABLE r8 := r2[r7]
      037 08040186  GETTABLE r8 := r8[r6]
      038 08040146  GETTABLE r8 := r8[r5]
      039 0003BFD5        EQ r7 != k5 ('allies' [h=B57F1C27,$009BF7E0])
      040 008009D4       JMP +40 ; 81
      041 00033F55        EQ r6 != k3 ('sw' [h=000017F5,$009A9160])
      042 00800514       JMP +21 ; 64
      043 00043F15        EQ r8 != k2 (TObject(1.0))
      044 00800094       JMP +3 ; 48
      045 06000381     LOADK r6 := k14 ('swn' [h=00034D73,$009A5300])
      046 080003C1     LOADK r8 := k15 (TObject(2.0))
      047 00800814       JMP +33 ; 81
      048 00044295        EQ r8 != k16 (TObject(4.0))
      049 00800154       JMP +6 ; 56
      050 06000441     LOADK r6 := k17 ('aclubs' [h=8C490E45,$0098DC80])
      051 09000485 GETGLOBAL r9 := _G[k18 ('Global_SetValue' [h=AB0FD37C,$0099C420])]
      052 0A0004C1     LOADK r10 := k19 ('LoadAceBriefing' [h=6F0AD05F,$009851C0])
      053 0B000081     LOADK r11 := k2 (TObject(1.0))
      054 09018059      CALL r9 (2 args) => 0 results
      055 00800614       JMP +25 ; 81
      056 00044395        EQ r8 != k20 (TObject(8.0))
      057 00800594       JMP +23 ; 81
      058 06000541     LOADK r6 := k21 ('admnd' [h=10BE8475,$00987AA0])
      059 09000485 GETGLOBAL r9 := _G[k18 ('Global_SetValue' [h=AB0FD37C,$0099C420])]
      060 0A0004C1     LOADK r10 := k19 ('LoadAceBriefing' [h=6F0AD05F,$009851C0])
      061 0B000081     LOADK r11 := k2 (TObject(1.0))
      062 09018059      CALL r9 (2 args) => 0 results
      063 00800414       JMP +17 ; 81
      064 00033F95        EQ r6 != k4 ('nw' [h=0000178E,$009898E0])
      065 00800394       JMP +15 ; 81
      066 00044295        EQ r8 != k16 (TObject(4.0))
      067 00800154       JMP +6 ; 74
      068 06000581     LOADK r6 := k22 ('aheart' [h=9171EE89,$0099FB60])
      069 09000485 GETGLOBAL r9 := _G[k18 ('Global_SetValue' [h=AB0FD37C,$0099C420])]
      070 0A0004C1     LOADK r10 := k19 ('LoadAceBriefing' [h=6F0AD05F,$009851C0])
      071 0B000081     LOADK r11 := k2 (TObject(1.0))
      072 09018059      CALL r9 (2 args) => 0 results
      073 00800194       JMP +7 ; 81
      074 00044395        EQ r8 != k20 (TObject(8.0))
      075 00800114       JMP +5 ; 81
      076 060005C1     LOADK r6 := k23 ('aspade' [h=4F383D95,$009A80C0])
      077 09000485 GETGLOBAL r9 := _G[k18 ('Global_SetValue' [h=AB0FD37C,$0099C420])]
      078 0A0004C1     LOADK r10 := k19 ('LoadAceBriefing' [h=6F0AD05F,$009851C0])
      079 0B000081     LOADK r11 := k2 (TObject(1.0))
      080 09018059      CALL r9 (2 args) => 0 results
      081 09000605 GETGLOBAL r9 := _G[k24 ('Utility_WriteStringToScribbleMemory' [h=5E8C6272,$00A3A080])]
      082 0A000641     LOADK r10 := k25 ('skipto_via_cheating' [h=BD67ECA0,$009DAF40])
      083 0B000681     LOADK r11 := k26 ('true' [h=00700450,$009A7C00])
      084 09018059      CALL r9 (2 args) => 0 results
      085 090006C5 GETGLOBAL r9 := _G[k27 ('Utility_EraseValueFromScribbleMemory' [h=D5C200E6,$00A13000])]
      086 0A000701     LOADK r10 := k28 ('mission_accepted' [h=77464996,$00A32D40])
      087 09010059      CALL r9 (1 args) => 0 results
      088 09000605 GETGLOBAL r9 := _G[k24 ('Utility_WriteStringToScribbleMemory' [h=5E8C6272,$00A3A080])]
      089 0A000741     LOADK r10 := k29 ('SkipTo_Map' [h=F88EFA9D,$009BF700])
      090 0B030000      MOVE r11 := r6
      091 09018059      CALL r9 (2 args) => 0 results
      092 09000605 GETGLOBAL r9 := _G[k24 ('Utility_WriteStringToScribbleMemory' [h=5E8C6272,$00A3A080])]
      093 0A000781     LOADK r10 := k30 ('SkipTo_Faction' [h=D8E965DF,$0099D000])
      094 0B038000      MOVE r11 := r7
      095 09018059      CALL r9 (2 args) => 0 results
      096 09000605 GETGLOBAL r9 := _G[k24 ('Utility_WriteStringToScribbleMemory' [h=5E8C6272,$00A3A080])]
      097 0A0007C1     LOADK r10 := k31 ('current_faction' [h=B9B21A68,$009C4920])
      098 0B038000      MOVE r11 := r7
      099 09018059      CALL r9 (2 args) => 0 results
      100 09000005 GETGLOBAL r9 := _G[k0 ('Utility_WriteNumberToScribbleMemory' [h=DCF55147,$00A29080])]
      101 0A000801     LOADK r10 := k32 ('SkipTo_MissionNumber' [h=DF4E9E46,$00A068C0])
      102 0B040000      MOVE r11 := r8
      103 09018059      CALL r9 (2 args) => 0 results
      104 09000845 GETGLOBAL r9 := _G[k33 ('Utility_ResetToBaseLayerOnly' [h=05E8CF2B,$009F7140])]
      105 0A030000      MOVE r10 := r6
      106 09010059      CALL r9 (1 args) => 0 results
      107 0003BFD5        EQ r7 != k5 ('allies' [h=B57F1C27,$009BF7E0])
      108 00800454       JMP +18 ; 127
      109 00034215        EQ r6 != k14 ('swn' [h=00034D73,$009A5300])
      110 00800114       JMP +5 ; 116
      111 00044255        EQ r8 != k15 (TObject(2.0))
      112 00800354       JMP +14 ; 127
      113 060000C1     LOADK r6 := k3 ('sw' [h=000017F5,$009A9160])
      114 08000081     LOADK r8 := k2 (TObject(1.0))
      115 00800294       JMP +11 ; 127
      116 010342D5        EQ r6 == k17 ('aclubs' [h=8C490E45,$0098DC80])
      117 00800054       JMP +2 ; 120
      118 000343D5        EQ r6 != k21 ('admnd' [h=10BE8475,$00987AA0])
      119 00800054       JMP +2 ; 122
      120 060000C1     LOADK r6 := k3 ('sw' [h=000017F5,$009A9160])
      121 00800114       JMP +5 ; 127
      122 01034415        EQ r6 == k22 ('aheart' [h=9171EE89,$0099FB60])
      123 00800054       JMP +2 ; 126
      124 00034455        EQ r6 != k23 ('aspade' [h=4F383D95,$009A80C0])
      125 00800014       JMP +1 ; 127
      126 06000101     LOADK r6 := k4 ('nw' [h=0000178E,$009898E0])
      127 0502BF0C       ADD r5 := r5 + k2 (TObject(1.0))
      128 09000885 GETGLOBAL r9 := _G[k34 ('table' [h=10F2114B,$0098D780])]
      129 0904C746  GETTABLE r9 := r9[k35 ('getn' [h=0083B006,$0097DBC0])]
      130 0A0101C6  GETTABLE r10 := r2[r7]
      131 0A050186  GETTABLE r10 := r10[r6]
      132 09010099      CALL r9 (1 args) => 1 results
      133 00048156        LT r9 >= r5
      134 00800414       JMP +17 ; 152
      135 05000081     LOADK r5 := k2 (TObject(1.0))
      136 04023F0C       ADD r4 := r4 + k2 (TObject(1.0))
      137 09000885 GETGLOBAL r9 := _G[k34 ('table' [h=10F2114B,$0098D780])]
      138 0904C746  GETTABLE r9 := r9[k35 ('getn' [h=0083B006,$0097DBC0])]
      139 0A008000      MOVE r10 := r1
      140 09010099      CALL r9 (1 args) => 1 results
      141 00048116        LT r9 >= r4
      142 00800214       JMP +9 ; 152
      143 04000081     LOADK r4 := k2 (TObject(1.0))
      144 0301BF0C       ADD r3 := r3 + k2 (TObject(1.0))
      145 09000885 GETGLOBAL r9 := _G[k34 ('table' [h=10F2114B,$0098D780])]
      146 0904C746  GETTABLE r9 := r9[k35 ('getn' [h=0083B006,$0097DBC0])]
      147 0A000000      MOVE r10 := r0
      148 09010099      CALL r9 (1 args) => 1 results
      149 000480D6        LT r9 >= r3
      150 00800014       JMP +1 ; 152
      151 03000081     LOADK r3 := k2 (TObject(1.0))
      152 09000005 GETGLOBAL r9 := _G[k0 ('Utility_WriteNumberToScribbleMemory' [h=DCF55147,$00A29080])]
      153 0A000341     LOADK r10 := k13 ('DebugMissionChainLoading_SeqNumberIndex' [h=CC1A1B6B,$009CFF40])
      154 0B028000      MOVE r11 := r5
      155 09018059      CALL r9 (2 args) => 0 results
      156 09000005 GETGLOBAL r9 := _G[k0 ('Utility_WriteNumberToScribbleMemory' [h=DCF55147,$00A29080])]
      157 0A000301     LOADK r10 := k12 ('DebugMissionChainLoading_FactionIndex' [h=5EC194F7,$00A05340])
      158 0B020000      MOVE r11 := r4
      159 09018059      CALL r9 (2 args) => 0 results
      160 09000005 GETGLOBAL r9 := _G[k0 ('Utility_WriteNumberToScribbleMemory' [h=DCF55147,$00A29080])]
      161 0A0002C1     LOADK r10 := k11 ('DebugMissionChainLoading_QuadrantIndex' [h=0CC890F5,$00A3D100])
      162 0B018000      MOVE r11 := r3
      163 09018059      CALL r9 (2 args) => 0 results
      164 090006C5 GETGLOBAL r9 := _G[k27 ('Utility_EraseValueFromScribbleMemory' [h=D5C200E6,$00A13000])]
      165 0A000901     LOADK r10 := k36 ('DebugMissionChainLoadingEventIsSet' [h=E79900B1,$009FA940])
      166 09010059      CALL r9 (1 args) => 0 results
      167 0000801B    RETURN
  [Node$01A32A98] 'mission_FinalMissionEnd' [h=E7B1F637,$00A2ACC0]: function$009A5B60 'mission_FinalMissionEnd' [h=E7B1F637,$00A2ACC0]
    CONST$00CEC8C0 k0  'current_faction' [h=B9B21A68,$009C4920]
    CONST$00CEC8C8 k1  'current_allies_mission' [h=CB04149F,$009F2C00]
    CONST$00CEC8D0 k2  'current_china_mission' [h=83A0A4EA,$009FD640]
    CONST$00CEC8D8 k3  'current_mafia_mission' [h=C3DB5DB9,$00A3F780]
    CONST$00CEC8E0 k4  'current_sk_mission' [h=A983358C,$009EE7C0]
    CONST$00CEC8E8 k5  'old_allies_mission' [h=A2110E2E,$009E5300]
    CONST$00CEC8F0 k6  'SkipTo_Map' [h=F88EFA9D,$009BF700]
    CONST$00CEC8F8 k7  'SkipTo_Chapter' [h=34C20FAD,$00997200]
    CONST$00CEC900 k8  'SkipTo_Faction' [h=D8E965DF,$0099D000]
    CONST$00CEC908 k9  'SkipTo_MissionNumber' [h=DF4E9E46,$00A068C0]
    CONST$00CEC910 k10 'skipto_via_cheating' [h=BD67ECA0,$009DAF40]
    CONST$00CEC918 k11 'chapter' [h=9A11FF20,$009C12E0]
    CONST$00CEC920 k12 'full_mission_id' [h=2FB6F31B,$0098BCE0]
    CONST$00CEC928 k13 'mission_accepted' [h=77464996,$00A32D40]
    CONST$00CEC930 k14 'playable_intro_state' [h=9C8D9FCE,$00A3E900]
    CONST$00CEC938 k15 'num_std_missions_cmpl_allies' [h=0F6A628D,$00A25580]
    CONST$00CEC940 k16 'num_std_missions_cmpl_china' [h=0A3E59D9,$00A03E00]
    CONST$00CEC948 k17 'num_std_missions_cmpl_mafia' [h=C828F3CC,$00A3CC00]
    CONST$00CEC950 k18 'num_std_missions_cmpl_sk' [h=62C66A4A,$00A32B40]
    CONST$00CEC958 k19 'num_face_missions_cmpl_allies' [h=DCD627B8,$00A09B40]
    CONST$00CEC960 k20 'num_face_missions_cmpl_china' [h=30116F7C,$00A127C0]
    CONST$00CEC968 k21 'num_face_missions_cmpl_mafia' [h=BF916996,$00A3E200]
    CONST$00CEC970 k22 'num_face_missions_cmpl_sk' [h=6A315935,$00A2A9C0]
    CONST$00CEC978 k23 'total_missions_completedallies' [h=7265B9D3,$009EA900]
    CONST$00CEC980 k24 'total_missions_completedchina' [h=554F04C3,$00A169C0]
    CONST$00CEC988 k25 'total_missions_completedmafia' [h=2E46C8F9,$00A1FF80]
    CONST$00CEC990 k26 'total_missions_completedsk' [h=FACE7E11,$00A040C0]
    CONST$00CEC998 k27 'PlayerStartLocationName' [h=97810C56,$00A12EC0]
    CONST$00CEC9A0 k28 'most_recent_mission_faction' [h=9A5E011B,$009E5B80]
    CONST$00CEC9A8 k29 'iCurrentIntel' [h=C1A40687,$009A7620]
    CONST$00CEC9B0 k30 'DeckInitialized' [h=446BDB0D,$009C0A80]
    CONST$00CEC9B8 k31 'AceUnlocked' [h=68AFF695,$009A4320]
    CONST$00CEC9C0 k32 'firstRun' [h=D0E4AB9F,$009916E0]
    CONST$00CEC9C8 k33 'EnteredChapter2' [h=D78CEC32,$0097B3A0]
    CONST$00CEC9D0 k34 'EnteredChapter4' [h=A360C212,$009A3CA0]
    CONST$00CEC9D8 k35 'JustCameFromPlayableIntro' [h=2C8DA532,$00A25E40]
    CONST$00CEC9E0 k36 'ipairs' [h=B6F4A157,$0098FC00]
    CONST$00CEC9E8 k37 'Utility_EraseValueFromScribbleMemory' [h=D5C200E6,$00A13000]
    CONST$00CEC9F0 k38 'util_PrintDebugMsg' [h=A2961C17,$00A25100]
    CONST$00CEC9F8 k39 'mission_FinalMissionEnd: erasing scribble memory variable ' [h=675EBD10,$00A932C0]
    CONST$00CECA00 k40 '\n' [h=0000002B,$009AB680]
    CONST$00CECA08 k41 'Utility_WriteNumberToScribbleMemory' [h=DCF55147,$00A29080]
    CONST$00CECA10 k42 'FinishedGame' [h=9ABFC27F,$0099AB60]
    CONST$00CECA18 k43 TObject(1.0)
    CONST$00CECA20 k44 'mission_AwardContractFee' [h=760F6BB9,$00A2C380]
    CONST$00CECA28 k45 'FinalPlayerMoney' [h=DBD318D4,$00A15D00]
    CONST$00CECA30 k46 'Player_GetMoney' [h=21DC1219,$0097BA60]
    CONST$00CECA38 k47 'gameflow_RemoveCardIntelEmailsForChapter' [h=6614ACBA,$009E8800]
    CONST$00CECA40 k48 'iChapter' [h=A641C774,$009A7D40]
    CONST$00CECA48 k49 'sInitialMail' [h=F588F94B,$009A8900]
    CONST$00CECA50 k50 'Mail_Delete' [h=8D1A255E,$009A4260]
    CONST$00CECA58 k51 'ch4_ace_unlock' [h=4CEC3241,$009C66A0]
    CONST$00CECA60 k52 'Utility_SavePlayerData' [h=808E8486,$009FA0C0]
     CODE$00CB2700
      000 000E800A  NEWTABLE r0 := {} (#a=29, #h=0)
      001 01000001     LOADK r1 := k0 ('current_faction' [h=B9B21A68,$009C4920])
      002 02000041     LOADK r2 := k1 ('current_allies_mission' [h=CB04149F,$009F2C00])
      003 03000081     LOADK r3 := k2 ('current_china_mission' [h=83A0A4EA,$009FD640])
      004 040000C1     LOADK r4 := k3 ('current_mafia_mission' [h=C3DB5DB9,$00A3F780])
      005 05000101     LOADK r5 := k4 ('current_sk_mission' [h=A983358C,$009EE7C0])
      006 06000141     LOADK r6 := k5 ('old_allies_mission' [h=A2110E2E,$009E5300])
      007 07000181     LOADK r7 := k6 ('SkipTo_Map' [h=F88EFA9D,$009BF700])
      008 080001C1     LOADK r8 := k7 ('SkipTo_Chapter' [h=34C20FAD,$00997200])
      009 09000201     LOADK r9 := k8 ('SkipTo_Faction' [h=D8E965DF,$0099D000])
      010 0A000241     LOADK r10 := k9 ('SkipTo_MissionNumber' [h=DF4E9E46,$00A068C0])
      011 0B000281     LOADK r11 := k10 ('skipto_via_cheating' [h=BD67ECA0,$009DAF40])
      012 0C0002C1     LOADK r12 := k11 ('chapter' [h=9A11FF20,$009C12E0])
      013 0D000301     LOADK r13 := k12 ('full_mission_id' [h=2FB6F31B,$0098BCE0])
      014 0E000341     LOADK r14 := k13 ('mission_accepted' [h=77464996,$00A32D40])
      015 0F000381     LOADK r15 := k14 ('playable_intro_state' [h=9C8D9FCE,$00A3E900])
      016 100003C1     LOADK r16 := k15 ('num_std_missions_cmpl_allies' [h=0F6A628D,$00A25580])
      017 11000401     LOADK r17 := k16 ('num_std_missions_cmpl_china' [h=0A3E59D9,$00A03E00])
      018 12000441     LOADK r18 := k17 ('num_std_missions_cmpl_mafia' [h=C828F3CC,$00A3CC00])
      019 13000481     LOADK r19 := k18 ('num_std_missions_cmpl_sk' [h=62C66A4A,$00A32B40])
      020 140004C1     LOADK r20 := k19 ('num_face_missions_cmpl_allies' [h=DCD627B8,$00A09B40])
      021 15000501     LOADK r21 := k20 ('num_face_missions_cmpl_china' [h=30116F7C,$00A127C0])
      022 16000541     LOADK r22 := k21 ('num_face_missions_cmpl_mafia' [h=BF916996,$00A3E200])
      023 17000581     LOADK r23 := k22 ('num_face_missions_cmpl_sk' [h=6A315935,$00A2A9C0])
      024 180005C1     LOADK r24 := k23 ('total_missions_completedallies' [h=7265B9D3,$009EA900])
      025 19000601     LOADK r25 := k24 ('total_missions_completedchina' [h=554F04C3,$00A169C0])
      026 1A000641     LOADK r26 := k25 ('total_missions_completedmafia' [h=2E46C8F9,$00A1FF80])
      027 1B000681     LOADK r27 := k26 ('total_missions_completedsk' [h=FACE7E11,$00A040C0])
      028 1C0006C1     LOADK r28 := k27 ('PlayerStartLocationName' [h=97810C56,$00A12EC0])
      029 1D000701     LOADK r29 := k28 ('most_recent_mission_faction' [h=9A5E011B,$009E5B80])
      030 1E000741     LOADK r30 := k29 ('iCurrentIntel' [h=C1A40687,$009A7620])
      031 1F000781     LOADK r31 := k30 ('DeckInitialized' [h=446BDB0D,$009C0A80])
      032 200007C1     LOADK r32 := k31 ('AceUnlocked' [h=68AFF695,$009A4320])
      033 000007DF   SETLIST r0 [31]
      034 01000801     LOADK r1 := k32 ('firstRun' [h=D0E4AB9F,$009916E0])
      035 02000841     LOADK r2 := k33 ('EnteredChapter2' [h=D78CEC32,$0097B3A0])
      036 03000881     LOADK r3 := k34 ('EnteredChapter4' [h=A360C212,$009A3CA0])
      037 040008C1     LOADK r4 := k35 ('JustCameFromPlayableIntro' [h=2C8DA532,$00A25E40])
      038 000008DF   SETLIST r0 [35]
      039 01000905 GETGLOBAL r1 := _G[k36 ('ipairs' [h=B6F4A157,$0098FC00])]
      040 02000000      MOVE r2 := r0
      041 01010159      CALL r1 (1 args) => 4 results
      042 0180021E  TFORPREP WIP
      043 05000945 GETGLOBAL r5 := _G[k37 ('Utility_EraseValueFromScribbleMemory' [h=D5C200E6,$00A13000])]
      044 06020000      MOVE r6 := r4
      045 05010059      CALL r5 (1 args) => 0 results
      046 05000985 GETGLOBAL r5 := _G[k38 ('util_PrintDebugMsg' [h=A2961C17,$00A25100])]
      047 060009C1     LOADK r6 := k39 ('mission_FinalMissionEnd: erasing scribble memory variable ' [h=675EBD10,$00A932C0])
      048 07020000      MOVE r7 := r4
      049 08000A01     LOADK r8 := k40 ('\n' [h=0000002B,$009AB680])
      050 06030213    CONCAT r6 := r6 ... r8
      051 05010059      CALL r5 (1 args) => 0 results
      052 0100005D  TFORLOOP WIP
      053 007FFD14       JMP -11 ; 43
      054 01000A45 GETGLOBAL r1 := _G[k41 ('Utility_WriteNumberToScribbleMemory' [h=DCF55147,$00A29080])]
      055 02000A81     LOADK r2 := k42 ('FinishedGame' [h=9ABFC27F,$0099AB60])
      056 03000AC1     LOADK r3 := k43 (TObject(1.0))
      057 01018059      CALL r1 (2 args) => 0 results
      058 01000B05 GETGLOBAL r1 := _G[k44 ('mission_AwardContractFee' [h=760F6BB9,$00A2C380])]
      059 01008059      CALL r1 (0 args) => 0 results
      060 01000A45 GETGLOBAL r1 := _G[k41 ('Utility_WriteNumberToScribbleMemory' [h=DCF55147,$00A29080])]
      061 02000B41     LOADK r2 := k45 ('FinalPlayerMoney' [h=DBD318D4,$00A15D00])
      062 03000B85 GETGLOBAL r3 := _G[k46 ('Player_GetMoney' [h=21DC1219,$0097BA60])]
      063 03008019      CALL r3 (0 args) => -1 results
      064 01000059      CALL r1 (-1 args) => 0 results
      065 01000BC5 GETGLOBAL r1 := _G[k47 ('gameflow_RemoveCardIntelEmailsForChapter' [h=6614ACBA,$009E8800])]
      066 02000C05 GETGLOBAL r2 := _G[k48 ('iChapter' [h=A641C774,$009A7D40])]
      067 01010059      CALL r1 (1 args) => 0 results
      068 01000C45 GETGLOBAL r1 := _G[k49 ('sInitialMail' [h=F588F94B,$009A8900])]
      069 01008018      TEST not r1 : r1 := r1
      070 00800094       JMP +3 ; 74
      071 01000C85 GETGLOBAL r1 := _G[k50 ('Mail_Delete' [h=8D1A255E,$009A4260])]
      072 02000C45 GETGLOBAL r2 := _G[k49 ('sInitialMail' [h=F588F94B,$009A8900])]
      073 01010059      CALL r1 (1 args) => 0 results
      074 01000C85 GETGLOBAL r1 := _G[k50 ('Mail_Delete' [h=8D1A255E,$009A4260])]
      075 02000CC1     LOADK r2 := k51 ('ch4_ace_unlock' [h=4CEC3241,$009C66A0])
      076 01010059      CALL r1 (1 args) => 0 results
      077 01000D05 GETGLOBAL r1 := _G[k52 ('Utility_SavePlayerData' [h=808E8486,$009FA0C0])]
      078 01008059      CALL r1 (0 args) => 0 results
      079 0000801B    RETURN
  [Node$01A32AAC] 'Traffic_AddZoneCivSpawner' [h=F3A13B5F,$00A005C0]: cfunction$002A1E60 'Traffic_AddZoneCivSpawner' [h=F3A13B5F,$00A005C0]
  [Node$01A32AC0] 'Datapod_Activate' [h=94C27015,$00A37F40]: cfunction$002F71E8 'Datapod_Activate' [h=94C27015,$00A37F40]
  [Node$01A32AD4] 'util_ObjMsgPrint' [h=C078DF61,$00A23780]: function$009833A0 'util_ObjMsgPrint' [h=C078DF61,$00A23780]
    CONST$00CBA740 k0  'sMsg' [h=00831EED,$0099FF40]
    CONST$00CBA748 k1  'PRI_OBJ_ADD' [h=5E5C02AB,$009C2A00]
    CONST$00CBA750 k2  'messageColor' [h=27C43F52,$0099A6E0]
    CONST$00CBA758 k3  '[objt]' [h=5F6BCD9C,$009A4CC0]
    CONST$00CBA760 k4  'prefix' [h=B6425B2A,$00976960]
    CONST$00CBA768 k5  '[standardMission.objectiveAddedCaps]' [h=F73BB743,$009DF7C0]
    CONST$00CBA770 k6  'PRI_OBJ_UPD_POS' [h=9C6A6D98,$0097B540]
    CONST$00CBA778 k7  '[standardMission.objectiveUpdatedCaps]' [h=83A9EE13,$009F5EC0]
    CONST$00CBA780 k8  'PRI_OBJ_UPD_NEG' [h=AD430F10,$009AC320]
    CONST$00CBA788 k9  '[red]' [h=105ABDF3,$00976700]
    CONST$00CBA790 k10 'PRI_OBJ_CMPL' [h=3B2453BF,$009C4660]
    CONST$00CBA798 k11 '[standardMission.objectiveCompleteCaps]' [h=F9865E6C,$00A21F80]
    CONST$00CBA7A0 k12 'PRI_OBJ_FAIL' [h=2441FBD9,$00983360]
    CONST$00CBA7A8 k13 '[standardMission.objectiveFailedCaps]' [h=BAA98317,$009E4500]
    CONST$00CBA7B0 k14 'PRI_OBJ_REMIND' [h=3048AB7B,$0099BCA0]
    CONST$00CBA7B8 k15 'BON_OBJ_ADD' [h=5E5C9116,$00980AC0]
    CONST$00CBA7C0 k16 '[2ndobjt]' [h=AB5ECC08,$00979DA0]
    CONST$00CBA7C8 k17 '[standardMission.bonusObjectiveAddedCaps]' [h=D1C590EF,$009E7BC0]
    CONST$00CBA7D0 k18 'BON_OBJ_UPD_POS' [h=9C6A3A6B,$009A0AC0]
    CONST$00CBA7D8 k19 '[standardMission.bonusObjectiveUpdatedCaps]' [h=5E4C2CDD,$00A41DC0]
    CONST$00CBA7E0 k20 'BON_OBJ_UPD_NEG' [h=AD43BD21,$009C8040]
    CONST$00CBA7E8 k21 'BON_OBJ_CMPL' [h=3B2323EC,$00990E20]
    CONST$00CBA7F0 k22 '[standardMission.bonusObjectiveCompleteCaps]' [h=9E4CB830,$009E1840]
    CONST$00CBA7F8 k23 'BON_OBJ_FAIL' [h=24411614,$009A7CA0]
    CONST$00CBA800 k24 '[standardMission.bonusObjectiveFailedCaps]' [h=D47C96C7,$00A3F540]
    CONST$00CBA808 k25 'BON_OBJ_REMIND' [h=304802D8,$009894A0]
    CONST$00CBA810 k26 'GENERAL' [h=519214B0,$0099C380]
    CONST$00CBA818 k27 '[neut]' [h=5F57153B,$0097C500]
    CONST$00CBA820 k28 '' [h=00000000,$009A40A0]
    CONST$00CBA828 k29 'sType' [h=10E81B1C,$00984800]
    CONST$00CBA830 k30 ':[n]' [h=006CEDFB,$0099F240]
    CONST$00CBA838 k31 'vIdx' [h=008511D1,$00978A00]
    CONST$00CBA840 k32 'tostring' [h=787EB105,$009A9A40]
    CONST$00CBA848 k33 '. ' [h=00000CE4,$0098BEE0]
    CONST$00CBA850 k34 'tCounter' [h=A03640CE,$009C32C0]
    CONST$00CBA858 k35 'vCurr' [h=12274736,$00990C60]
    CONST$00CBA860 k36 'vLim' [h=00741718,$00989120]
    CONST$00CBA868 k37 ' (' [h=00000D10,$00985F00]
    CONST$00CBA870 k38 '/' [h=0000004E,$00997800]
    CONST$00CBA878 k39 ')' [h=00000048,$009C8BA0]
    CONST$00CBA880 k40 'sObjective' [h=E517B654,$00996DC0]
    CONST$00CBA888 k41 TObject(None)
    CONST$00CBA890 k42 'Objective_SetShortDescription' [h=3CB3128C,$00A25740]
    CONST$00CBA898 k43 'bClrQueue' [h=8D1ED2C0,$009AC940]
    CONST$00CBA8A0 k44 'Ui_MessageBoxClear' [h=4C1CADC6,$00A0F380]
    CONST$00CBA8A8 k45 'Ui_MessageBoxPrint' [h=CF59BB03,$009D4DC0]
    CONST$00CBA8B0 k46 TObject(0.0)
     CODE$00D7A0C0
      000 01003E86  GETTABLE r1 := r0[k0 ('sMsg' [h=00831EED,$0099FF40])]
      001 01008058      TEST r1 : r1 := r1
      002 00800014       JMP +1 ; 4
      003 0000801B    RETURN
      004 0200010A  NEWTABLE r2 := {} (#a=0, #h=4)
      005 0300008A  NEWTABLE r3 := {} (#a=0, #h=2)
      006 037E3F49  SETTABLE k3 ('[objt]' [h=5F6BCD9C,$009A4CC0]) ->> r3[k2 ('messageColor' [h=27C43F52,$0099A6E0])]
      007 037F3FC9  SETTABLE k5 ('[standardMission.objectiveAddedCaps]' [h=F73BB743,$009DF7C0]) ->> r3[k4 ('prefix' [h=B6425B2A,$00976960])]
      008 027D80C9  SETTABLE r3 ->> r2[k1 ('PRI_OBJ_ADD' [h=5E5C02AB,$009C2A00])]
      009 0300008A  NEWTABLE r3 := {} (#a=0, #h=2)
      010 037E3F49  SETTABLE k3 ('[objt]' [h=5F6BCD9C,$009A4CC0]) ->> r3[k2 ('messageColor' [h=27C43F52,$0099A6E0])]
      011 037F4049  SETTABLE k7 ('[standardMission.objectiveUpdatedCaps]' [h=83A9EE13,$009F5EC0]) ->> r3[k4 ('prefix' [h=B6425B2A,$00976960])]
      012 028000C9  SETTABLE r3 ->> r2[k6 ('PRI_OBJ_UPD_POS' [h=9C6A6D98,$0097B540])]
      013 0300008A  NEWTABLE r3 := {} (#a=0, #h=2)
      014 037E40C9  SETTABLE k9 ('[red]' [h=105ABDF3,$00976700]) ->> r3[k2 ('messageColor' [h=27C43F52,$0099A6E0])]
      015 037F4049  SETTABLE k7 ('[standardMission.objectiveUpdatedCaps]' [h=83A9EE13,$009F5EC0]) ->> r3[k4 ('prefix' [h=B6425B2A,$00976960])]
      016 028100C9  SETTABLE r3 ->> r2[k8 ('PRI_OBJ_UPD_NEG' [h=AD430F10,$009AC320])]
      017 0300008A  NEWTABLE r3 := {} (#a=0, #h=2)
      018 037E3F49  SETTABLE k3 ('[objt]' [h=5F6BCD9C,$009A4CC0]) ->> r3[k2 ('messageColor' [h=27C43F52,$0099A6E0])]
      019 037F4149  SETTABLE k11 ('[standardMission.objectiveCompleteCaps]' [h=F9865E6C,$00A21F80]) ->> r3[k4 ('prefix' [h=B6425B2A,$00976960])]
      020 028200C9  SETTABLE r3 ->> r2[k10 ('PRI_OBJ_CMPL' [h=3B2453BF,$009C4660])]
      021 0300008A  NEWTABLE r3 := {} (#a=0, #h=2)
      022 037E40C9  SETTABLE k9 ('[red]' [h=105ABDF3,$00976700]) ->> r3[k2 ('messageColor' [h=27C43F52,$0099A6E0])]
      023 037F41C9  SETTABLE k13 ('[standardMission.objectiveFailedCaps]' [h=BAA98317,$009E4500]) ->> r3[k4 ('prefix' [h=B6425B2A,$00976960])]
      024 028300C9  SETTABLE r3 ->> r2[k12 ('PRI_OBJ_FAIL' [h=2441FBD9,$00983360])]
      025 0300004A  NEWTABLE r3 := {} (#a=0, #h=1)
      026 037E3F49  SETTABLE k3 ('[objt]' [h=5F6BCD9C,$009A4CC0]) ->> r3[k2 ('messageColor' [h=27C43F52,$0099A6E0])]
      027 028400C9  SETTABLE r3 ->> r2[k14 ('PRI_OBJ_REMIND' [h=3048AB7B,$0099BCA0])]
      028 0300008A  NEWTABLE r3 := {} (#a=0, #h=2)
      029 037E4289  SETTABLE k16 ('[2ndobjt]' [h=AB5ECC08,$00979DA0]) ->> r3[k2 ('messageColor' [h=27C43F52,$0099A6E0])]
      030 037F42C9  SETTABLE k17 ('[standardMission.bonusObjectiveAddedCaps]' [h=D1C590EF,$009E7BC0]) ->> r3[k4 ('prefix' [h=B6425B2A,$00976960])]
      031 028480C9  SETTABLE r3 ->> r2[k15 ('BON_OBJ_ADD' [h=5E5C9116,$00980AC0])]
      032 0300008A  NEWTABLE r3 := {} (#a=0, #h=2)
      033 037E4289  SETTABLE k16 ('[2ndobjt]' [h=AB5ECC08,$00979DA0]) ->> r3[k2 ('messageColor' [h=27C43F52,$0099A6E0])]
      034 037F4349  SETTABLE k19 ('[standardMission.bonusObjectiveUpdatedCaps]' [h=5E4C2CDD,$00A41DC0]) ->> r3[k4 ('prefix' [h=B6425B2A,$00976960])]
      035 028600C9  SETTABLE r3 ->> r2[k18 ('BON_OBJ_UPD_POS' [h=9C6A3A6B,$009A0AC0])]
      036 0300008A  NEWTABLE r3 := {} (#a=0, #h=2)
      037 037E40C9  SETTABLE k9 ('[red]' [h=105ABDF3,$00976700]) ->> r3[k2 ('messageColor' [h=27C43F52,$0099A6E0])]
      038 037F4349  SETTABLE k19 ('[standardMission.bonusObjectiveUpdatedCaps]' [h=5E4C2CDD,$00A41DC0]) ->> r3[k4 ('prefix' [h=B6425B2A,$00976960])]
      039 028700C9  SETTABLE r3 ->> r2[k20 ('BON_OBJ_UPD_NEG' [h=AD43BD21,$009C8040])]
      040 0300008A  NEWTABLE r3 := {} (#a=0, #h=2)
      041 037E4289  SETTABLE k16 ('[2ndobjt]' [h=AB5ECC08,$00979DA0]) ->> r3[k2 ('messageColor' [h=27C43F52,$0099A6E0])]
      042 037F4409  SETTABLE k22 ('[standardMission.bonusObjectiveCompleteCaps]' [h=9E4CB830,$009E1840]) ->> r3[k4 ('prefix' [h=B6425B2A,$00976960])]
      043 028780C9  SETTABLE r3 ->> r2[k21 ('BON_OBJ_CMPL' [h=3B2323EC,$00990E20])]
      044 0300008A  NEWTABLE r3 := {} (#a=0, #h=2)
      045 037E40C9  SETTABLE k9 ('[red]' [h=105ABDF3,$00976700]) ->> r3[k2 ('messageColor' [h=27C43F52,$0099A6E0])]
      046 037F4489  SETTABLE k24 ('[standardMission.bonusObjectiveFailedCaps]' [h=D47C96C7,$00A3F540]) ->> r3[k4 ('prefix' [h=B6425B2A,$00976960])]
      047 028880C9  SETTABLE r3 ->> r2[k23 ('BON_OBJ_FAIL' [h=24411614,$009A7CA0])]
      048 0300004A  NEWTABLE r3 := {} (#a=0, #h=1)
      049 037E4289  SETTABLE k16 ('[2ndobjt]' [h=AB5ECC08,$00979DA0]) ->> r3[k2 ('messageColor' [h=27C43F52,$0099A6E0])]
      050 028980C9  SETTABLE r3 ->> r2[k25 ('BON_OBJ_REMIND' [h=304802D8,$009894A0])]
      051 0300004A  NEWTABLE r3 := {} (#a=0, #h=1)
      052 037E4549  SETTABLE k27 ('[neut]' [h=5F57153B,$0097C500]) ->> r3[k2 ('messageColor' [h=27C43F52,$0099A6E0])]
      053 028A00C9  SETTABLE r3 ->> r2[k26 ('GENERAL' [h=519214B0,$0099C380])]
      054 03000022   CLOSURE r3 := closure(0, r3...)
      055 04000062   CLOSURE r4 := closure(1, r4...)
      056 050006C1     LOADK r5 := k27 ('[neut]' [h=5F57153B,$0097C500])
      057 06000701     LOADK r6 := k28 ('' [h=00000000,$009A40A0])
      058 070045C6  GETTABLE r7 := r0[k29 ('sType' [h=10E81B1C,$00984800])]
      059 08040003   LOADNIL r8 ... r8
      060 07038018      TEST not r7 : r7 := r7
      061 00800054       JMP +2 ; 64
      062 090045C6  GETTABLE r9 := r0[k29 ('sType' [h=10E81B1C,$00984800])]
      063 08010246  GETTABLE r8 := r2[r9]
      064 08040018      TEST not r8 : r8 := r8
      065 00800294       JMP +11 ; 77
      066 09043F06  GETTABLE r9 := r8[k2 ('messageColor' [h=27C43F52,$0099A6E0])]
      067 09048018      TEST not r9 : r9 := r9
      068 00800014       JMP +1 ; 70
      069 05043F06  GETTABLE r5 := r8[k2 ('messageColor' [h=27C43F52,$0099A6E0])]
      070 09043F86  GETTABLE r9 := r8[k4 ('prefix' [h=B6425B2A,$00976960])]
      071 09048018      TEST not r9 : r9 := r9
      072 00800154       JMP +6 ; 79
      073 09043F86  GETTABLE r9 := r8[k4 ('prefix' [h=B6425B2A,$00976960])]
      074 0A000781     LOADK r10 := k30 (':[n]' [h=006CEDFB,$0099F240])
      075 06048293    CONCAT r6 := r9 ... r10
      076 00800054       JMP +2 ; 79
      077 09014506  GETTABLE r9 := r2[k26 ('GENERAL' [h=519214B0,$0099C380])]
      078 0504BF06  GETTABLE r5 := r9[k2 ('messageColor' [h=27C43F52,$0099A6E0])]
      079 09000701     LOADK r9 := k28 ('' [h=00000000,$009A40A0])
      080 0A018000      MOVE r10 := r3
      081 0B038000      MOVE r11 := r7
      082 0A010099      CALL r10 (1 args) => 1 results
      083 0A050018      TEST not r10 : r10 := r10
      084 00800014       JMP +1 ; 86
      085 008001D4       JMP +8 ; 94
      086 0A004646  GETTABLE r10 := r0[k31 ('vIdx' [h=008511D1,$00978A00])]
      087 0A050018      TEST not r10 : r10 := r10
      088 00800114       JMP +5 ; 94
      089 0A000805 GETGLOBAL r10 := _G[k32 ('tostring' [h=787EB105,$009A9A40])]
      090 0B0007C5 GETGLOBAL r11 := _G[k31 ('vIdx' [h=008511D1,$00978A00])]
      091 0A010099      CALL r10 (1 args) => 1 results
      092 0B000841     LOADK r11 := k33 ('. ' [h=00000CE4,$0098BEE0])
      093 090502D3    CONCAT r9 := r10 ... r11
      094 0A004706  GETTABLE r10 := r0[k34 ('tCounter' [h=A03640CE,$009C32C0])]
      095 0B000701     LOADK r11 := k28 ('' [h=00000000,$009A40A0])
      096 0A050018      TEST not r10 : r10 := r10
      097 008003D4       JMP +16 ; 114
      098 0C054746  GETTABLE r12 := r10[k35 ('vCurr' [h=12274736,$00990C60])]
      099 0C060018      TEST not r12 : r12 := r12
      100 00800314       JMP +13 ; 114
      101 0C054786  GETTABLE r12 := r10[k36 ('vLim' [h=00741718,$00989120])]
      102 0C060018      TEST not r12 : r12 := r12
      103 00800254       JMP +10 ; 114
      104 0C000941     LOADK r12 := k37 (' (' [h=00000D10,$00985F00])
      105 0D000805 GETGLOBAL r13 := _G[k32 ('tostring' [h=787EB105,$009A9A40])]
      106 0E054746  GETTABLE r14 := r10[k35 ('vCurr' [h=12274736,$00990C60])]
      107 0D010099      CALL r13 (1 args) => 1 results
      108 0E000981     LOADK r14 := k38 ('/' [h=0000004E,$00997800])
      109 0F000805 GETGLOBAL r15 := _G[k32 ('tostring' [h=787EB105,$009A9A40])]
      110 10054786  GETTABLE r16 := r10[k36 ('vLim' [h=00741718,$00989120])]
      111 0F010099      CALL r15 (1 args) => 1 results
      112 100009C1     LOADK r16 := k39 (')' [h=00000048,$009C8BA0])
      113 0B060413    CONCAT r11 := r12 ... r16
      114 0C008000      MOVE r12 := r1
      115 0D058000      MOVE r13 := r11
      116 0C060353    CONCAT r12 := r12 ... r13
      117 0D018000      MOVE r13 := r3
      118 0E038000      MOVE r14 := r7
      119 0D010099      CALL r13 (1 args) => 1 results
      120 0D068018      TEST not r13 : r13 := r13
      121 00800094       JMP +3 ; 125
      122 0D048000      MOVE r13 := r9
      123 0E060000      MOVE r14 := r12
      124 0C068393    CONCAT r12 := r13 ... r14
      125 0D004886  GETTABLE r13 := r0[k40 ('sObjective' [h=E517B654,$00996DC0])]
      126 0106C8D5        EQ r13 == k41 (TObject(None))
      127 008000D4       JMP +4 ; 132
      128 0E000A85 GETGLOBAL r14 := _G[k42 ('Objective_SetShortDescription' [h=3CB3128C,$00A25740])]
      129 0F068000      MOVE r15 := r13
      130 10060000      MOVE r16 := r12
      131 0E018059      CALL r14 (2 args) => 0 results
      132 0E028000      MOVE r14 := r5
      133 0F030000      MOVE r15 := r6
      134 10060000      MOVE r16 := r12
      135 0C070413    CONCAT r12 := r14 ... r16
      136 0E004946  GETTABLE r14 := r0[k43 ('bClrQueue' [h=8D1ED2C0,$009AC940])]
      137 0F008002  LOADBOOL r15 := True
      138 000703D5        EQ r14 != r15
      139 00800054       JMP +2 ; 142
      140 0E000B05 GETGLOBAL r14 := _G[k44 ('Ui_MessageBoxClear' [h=4C1CADC6,$00A0F380])]
      141 0E008059      CALL r14 (0 args) => 0 results
      142 0E000B45 GETGLOBAL r14 := _G[k45 ('Ui_MessageBoxPrint' [h=CF59BB03,$009D4DC0])]
      143 0F060000      MOVE r15 := r12
      144 10000B81     LOADK r16 := k46 (TObject(0.0))
      145 0E018059      CALL r14 (2 args) => 0 results
      146 0000801B    RETURN
  [Node$01A32AE8] 'jeff_iBanterHeroDamage' [h=58C02B62,$00A21880]: TObject(0.0)
  [Node$01A32AFC] 'Actor_SetDieUponHibernation' [h=CD35384F,$009FD180]: cfunction$002AB608 'Actor_SetDieUponHibernation' [h=CD35384F,$009FD180]
  [Node$01A32B10] 'Event_ActorToActorProximity' [h=33FEE622,$009FDA80]: cfunction$002BC618 'Event_ActorToActorProximity' [h=33FEE622,$009FDA80]
  [Node$01A32B24] 'RS_AFLG_LOOP' [h=60AE7424,$0099AB40]: TObject(1.0)
  [Node$01A32B38] 'Event_ActorVerified' [h=38B70F66,$009E4000]: cfunction$002BEE88 'Event_ActorVerified' [h=38B70F66,$009E4000]
  [Node$01A32B4C] 'HERO_FACTION' [h=A108AB67,$0098E6C0]: 'prokat' [h=854F88C7,$0098DFC0]
  [Node$01A32B60] 'mission_MissionComplete' [h=97CC5E62,$00A020C0]: function$00980D20 'mission_MissionComplete' [h=97CC5E62,$00A020C0]
    CONST$009CD700 k0  'util_PrintDebugMsg' [h=A2961C17,$00A25100]
    CONST$009CD708 k1  '[mission.lua] mission_MissionComplete\n' [h=D1616F12,$009CDF40]
    CONST$009CD710 k2  'bWinSequencePending' [h=332C6A94,$009D0140]
    CONST$009CD718 k3  'TRUE' [h=0067B195,$0097E680]
    CONST$009CD720 k4  'Event_RelativeTimer' [h=AD23F6E2,$009F7840]
    CONST$009CD728 k5  'WinLoseOrDieDecision' [h=2161732E,$009FC7C0]
    CONST$009CD730 k6  'b' [h=00000083,$00983380]
    CONST$009CD738 k7  TObject(0.0)
     CODE$00A12FC0
      000 00000005 GETGLOBAL r0 := _G[k0 ('util_PrintDebugMsg' [h=A2961C17,$00A25100])]
      001 01000041     LOADK r1 := k1 ('[mission.lua] mission_MissionComplete\n' [h=D1616F12,$009CDF40])
      002 00010059      CALL r0 (1 args) => 0 results
      003 000000C5 GETGLOBAL r0 := _G[k3 ('TRUE' [h=0067B195,$0097E680])]
      004 00000087 SETGLOBAL r0 ->> _G[k2 ('bWinSequencePending' [h=332C6A94,$009D0140])]
      005 00000105 GETGLOBAL r0 := _G[k4 ('Event_RelativeTimer' [h=AD23F6E2,$009F7840])]
      006 01000141     LOADK r1 := k5 ('WinLoseOrDieDecision' [h=2161732E,$009FC7C0])
      007 02000181     LOADK r2 := k6 ('b' [h=00000083,$00983380])
      008 030001C1     LOADK r3 := k7 (TObject(0.0))
      009 00020059      CALL r0 (3 args) => 0 results
      010 0000801B    RETURN
  [Node$01A32B74] 'NO_INTEL_CARD_IDENT_DIST' [h=82F96B69,$009CBE00]: TObject(30.0)
  [Node$01A32B88] 'UNFRIENDLY' [h=3A47DB6A,$0099F460]: TObject(1.0)
  [Node$01A32B9C] 'Briefing_Init' [h=A289182A,$009A2E20]: cfunction$002C6FC8 'Briefing_Init' [h=A289182A,$009A2E20]
  [Node$01A32BB0] 'mission_MissionFailureRetryYes' [h=2D7E5C6C,$009E3640]: function$0097CEA0 'mission_MissionFailureRetryYes' [h=2D7E5C6C,$009E3640]
    CONST$009F6940 k0  'util_PrintDebugMsg' [h=A2961C17,$00A25100]
    CONST$009F6948 k1  '[mission.lua] mission_MissionFailureRetryYes\n' [h=EBA777DE,$009DBC40]
    CONST$009F6950 k2  'post_MissionFailure' [h=5B9886F5,$009D1500]
    CONST$009F6958 k3  'Retry' [h=12C68D62,$009A5C20]
    CONST$009F6960 k4  'mission_MissionCleanup' [h=5D2498FC,$009DA440]
     CODE$00A2D240
      000 00000005 GETGLOBAL r0 := _G[k0 ('util_PrintDebugMsg' [h=A2961C17,$00A25100])]
      001 01000041     LOADK r1 := k1 ('[mission.lua] mission_MissionFailureRetryYes\n' [h=EBA777DE,$009DBC40])
      002 00010059      CALL r0 (1 args) => 0 results
      003 00000085 GETGLOBAL r0 := _G[k2 ('post_MissionFailure' [h=5B9886F5,$009D1500])]
      004 00000018      TEST not r0 : r0 := r0
      005 00800054       JMP +2 ; 8
      006 00000085 GETGLOBAL r0 := _G[k2 ('post_MissionFailure' [h=5B9886F5,$009D1500])]
      007 00008059      CALL r0 (0 args) => 0 results
      008 000000C5 GETGLOBAL r0 := _G[k3 ('Retry' [h=12C68D62,$009A5C20])]
      009 01008002  LOADBOOL r1 := True
      010 00010059      CALL r0 (1 args) => 0 results
      011 00000105 GETGLOBAL r0 := _G[k4 ('mission_MissionCleanup' [h=5D2498FC,$009DA440])]
      012 00008059      CALL r0 (0 args) => 0 results
      013 0000801B    RETURN
  [Node$01A32BC4] 'Debug_Assert' [h=E8876833,$009778E0]: cfunction$002A0678 'Debug_Assert' [h=E8876833,$009778E0]
  [Node$01A32BD8] 'Utility_SuspendLoading' [h=C5D26F6E,$009F94C0]: cfunction$002F8288 'Utility_SuspendLoading' [h=C5D26F6E,$009F94C0]
  [Node$01A32BEC] 'ActorVehicle_EnableRotorEffects' [h=1613BF6F,$00A23900]: cfunction$002AFBF8 'ActorVehicle_EnableRotorEffects' [h=1613BF6F,$00A23900]
  [Node$01A32C00] 'Support_RemoveItem' [h=843B3C39,$009EC940]: cfunction$002A13E8 'Support_RemoveItem' [h=843B3C39,$009EC940]
  [Node$01A32C14] 'Traffic_SetZoneSquad' [h=C052CB71,$009F8B40]: cfunction$002A27E8 'Traffic_SetZoneSquad' [h=C052CB71,$009F8B40]
  [Node$01A32C28] 'Actor_SetYaw' [h=B08E3772,$00987500]: cfunction$002AC560 'Actor_SetYaw' [h=B08E3772,$00987500]
  [Node$01A32C3C] 'Ui_DisplayLeftVideoPortrait' [h=A588DA3B,$00A07000]: cfunction$002A8450 'Ui_DisplayLeftVideoPortrait' [h=A588DA3B,$00A07000]
  [Node$01A32C50] 'iChapter' [h=A641C774,$009A7D40]: TObject(1.0)
  [Node$01A32C64] 'MissionRetry' [h=90EBD07C,$0097FFC0]: function$00984500 'MissionRetry' [h=90EBD07C,$0097FFC0]
    CONST$00984E40 k0  'Retry' [h=12C68D62,$009A5C20]
    CONST$00984E48 k1  'post_HeroKilled' [h=B3DE45CC,$009A13E0]
    CONST$00984E50 k2  'mission_MissionCleanup' [h=5D2498FC,$009DA440]
     CODE$009D1240
      000 01000005 GETGLOBAL r1 := _G[k0 ('Retry' [h=12C68D62,$009A5C20])]
      001 02000000      MOVE r2 := r0
      002 01010059      CALL r1 (1 args) => 0 results
      003 01000045 GETGLOBAL r1 := _G[k1 ('post_HeroKilled' [h=B3DE45CC,$009A13E0])]
      004 01008018      TEST not r1 : r1 := r1
      005 00800054       JMP +2 ; 8
      006 01000045 GETGLOBAL r1 := _G[k1 ('post_HeroKilled' [h=B3DE45CC,$009A13E0])]
      007 01008059      CALL r1 (0 args) => 0 results
      008 01000085 GETGLOBAL r1 := _G[k2 ('mission_MissionCleanup' [h=5D2498FC,$009DA440])]
      009 01008059      CALL r1 (0 args) => 0 results
      010 0000801B    RETURN
  [Node$01A32C78] 'mission_HeroKilled2' [h=CC79F7D2,$009EF300]: function$0099F760 'mission_HeroKilled2' [h=CC79F7D2,$009EF300]
    CONST$009C79E0 k0  'custom_HeroKilled' [h=0E23F3B5,$00A29680]
    CONST$009C79E8 k1  'pre_HeroKilled' [h=D20F94B2,$009A61C0]
    CONST$009C79F0 k2  'mission_ClearAllMessages' [h=121C58B5,$009D6BC0]
    CONST$009C79F8 k3  'Desktop_BeginDeathSequence' [h=2EA9F0C2,$009D32C0]
     CODE$009EA280
      000 00000005 GETGLOBAL r0 := _G[k0 ('custom_HeroKilled' [h=0E23F3B5,$00A29680])]
      001 00000018      TEST not r0 : r0 := r0
      002 00800094       JMP +3 ; 6
      003 00000005 GETGLOBAL r0 := _G[k0 ('custom_HeroKilled' [h=0E23F3B5,$00A29680])]
      004 00008059      CALL r0 (0 args) => 0 results
      005 00800214       JMP +9 ; 15
      006 00000045 GETGLOBAL r0 := _G[k1 ('pre_HeroKilled' [h=D20F94B2,$009A61C0])]
      007 00000018      TEST not r0 : r0 := r0
      008 00800054       JMP +2 ; 11
      009 00000045 GETGLOBAL r0 := _G[k1 ('pre_HeroKilled' [h=D20F94B2,$009A61C0])]
      010 00008059      CALL r0 (0 args) => 0 results
      011 00000085 GETGLOBAL r0 := _G[k2 ('mission_ClearAllMessages' [h=121C58B5,$009D6BC0])]
      012 00008059      CALL r0 (0 args) => 0 results
      013 000000C5 GETGLOBAL r0 := _G[k3 ('Desktop_BeginDeathSequence' [h=2EA9F0C2,$009D32C0])]
      014 00008059      CALL r0 (0 args) => 0 results
      015 0000801B    RETURN
  [Node$01A32C8C] 'mission_HeroKilled' [h=A6F64BB9,$009EE180]: function$0099A4E0 'mission_HeroKilled' [h=A6F64BB9,$009EE180]
    CONST$00A33140 k0  'util_PrintDebugMsg' [h=A2961C17,$00A25100]
    CONST$00A33148 k1  '[mission.lua] mission_HeroKilled\n' [h=B14FF8C5,$009CD4C0]
    CONST$00A33150 k2  'bDeathSequencePending' [h=792029EF,$009F5180]
    CONST$00A33158 k3  'TRUE' [h=0067B195,$0097E680]
    CONST$00A33160 k4  'Event_RelativeTimer' [h=AD23F6E2,$009F7840]
    CONST$00A33168 k5  'WinLoseOrDieDecision' [h=2161732E,$009FC7C0]
    CONST$00A33170 k6  'b' [h=00000083,$00983380]
    CONST$00A33178 k7  TObject(0.0)
     CODE$00A1F380
      000 00000005 GETGLOBAL r0 := _G[k0 ('util_PrintDebugMsg' [h=A2961C17,$00A25100])]
      001 01000041     LOADK r1 := k1 ('[mission.lua] mission_HeroKilled\n' [h=B14FF8C5,$009CD4C0])
      002 00010059      CALL r0 (1 args) => 0 results
      003 000000C5 GETGLOBAL r0 := _G[k3 ('TRUE' [h=0067B195,$0097E680])]
      004 00000087 SETGLOBAL r0 ->> _G[k2 ('bDeathSequencePending' [h=792029EF,$009F5180])]
      005 00000105 GETGLOBAL r0 := _G[k4 ('Event_RelativeTimer' [h=AD23F6E2,$009F7840])]
      006 01000141     LOADK r1 := k5 ('WinLoseOrDieDecision' [h=2161732E,$009FC7C0])
      007 02000181     LOADK r2 := k6 ('b' [h=00000083,$00983380])
      008 030001C1     LOADK r3 := k7 (TObject(0.0))
      009 00020059      CALL r0 (3 args) => 0 results
      010 0000801B    RETURN
  [Node$01A32CA0] 'Traffic_ResetZoneCivSpawners' [h=984D31BE,$00A05BC0]: cfunction$002A1FF0 'Traffic_ResetZoneCivSpawners' [h=984D31BE,$00A05BC0]
  [Node$01A32CB4] 'Utility_GetActor' [h=077E9779,$009FB8C0]: cfunction$002C2330 'Utility_GetActor' [h=077E9779,$009FB8C0]
  [Node$01A32CC8] 'jeff_SetupMoodEvents' [h=145A7F5F,$009FA9C0]: function$009C30C0 'jeff_SetupMoodEvents' [h=145A7F5F,$009FA9C0]
    CONST$00A96A40 k0  'jeff_CancelMoodEvents' [h=801B80DF,$009DF100]
    CONST$00A96A48 k1  'jeff_hMafiaMood' [h=AB979567,$009C0E60]
    CONST$00A96A50 k2  'Event_FactionAttitudeChange' [h=14A2E8E2,$009EECC0]
    CONST$00A96A58 k3  'jeff_tutorialFactionMood' [h=97193C9D,$00A11BC0]
    CONST$00A96A60 k4  'b' [h=00000083,$00983380]
    CONST$00A96A68 k5  'mafia' [h=11226556,$009A69E0]
    CONST$00A96A70 k6  'prokat' [h=854F88C7,$0098DFC0]
    CONST$00A96A78 k7  'jeff_hSKMood' [h=EAF10DC5,$0099ECE0]
    CONST$00A96A80 k8  'sk' [h=00001514,$00983C60]
    CONST$00A96A88 k9  'jeff_hChinaMood' [h=6188C7A9,$009C3300]
    CONST$00A96A90 k10 'china' [h=1129D14E,$009AB280]
    CONST$00A96A98 k11 'jeff_hAlliesMood' [h=9886F1A2,$009D5200]
    CONST$00A96AA0 k12 'allies' [h=B57F1C27,$009BF7E0]
     CODE$00A879C0
      000 00000005 GETGLOBAL r0 := _G[k0 ('jeff_CancelMoodEvents' [h=801B80DF,$009DF100])]
      001 00008059      CALL r0 (0 args) => 0 results
      002 00000085 GETGLOBAL r0 := _G[k2 ('Event_FactionAttitudeChange' [h=14A2E8E2,$009EECC0])]
      003 010000C1     LOADK r1 := k3 ('jeff_tutorialFactionMood' [h=97193C9D,$00A11BC0])
      004 02000101     LOADK r2 := k4 ('b' [h=00000083,$00983380])
      005 03000141     LOADK r3 := k5 ('mafia' [h=11226556,$009A69E0])
      006 04000181     LOADK r4 := k6 ('prokat' [h=854F88C7,$0098DFC0])
      007 00028099      CALL r0 (4 args) => 1 results
      008 00000047 SETGLOBAL r0 ->> _G[k1 ('jeff_hMafiaMood' [h=AB979567,$009C0E60])]
      009 00000085 GETGLOBAL r0 := _G[k2 ('Event_FactionAttitudeChange' [h=14A2E8E2,$009EECC0])]
      010 010000C1     LOADK r1 := k3 ('jeff_tutorialFactionMood' [h=97193C9D,$00A11BC0])
      011 02000101     LOADK r2 := k4 ('b' [h=00000083,$00983380])
      012 03000201     LOADK r3 := k8 ('sk' [h=00001514,$00983C60])
      013 04000181     LOADK r4 := k6 ('prokat' [h=854F88C7,$0098DFC0])
      014 00028099      CALL r0 (4 args) => 1 results
      015 000001C7 SETGLOBAL r0 ->> _G[k7 ('jeff_hSKMood' [h=EAF10DC5,$0099ECE0])]
      016 00000085 GETGLOBAL r0 := _G[k2 ('Event_FactionAttitudeChange' [h=14A2E8E2,$009EECC0])]
      017 010000C1     LOADK r1 := k3 ('jeff_tutorialFactionMood' [h=97193C9D,$00A11BC0])
      018 02000101     LOADK r2 := k4 ('b' [h=00000083,$00983380])
      019 03000281     LOADK r3 := k10 ('china' [h=1129D14E,$009AB280])
      020 04000181     LOADK r4 := k6 ('prokat' [h=854F88C7,$0098DFC0])
      021 00028099      CALL r0 (4 args) => 1 results
      022 00000247 SETGLOBAL r0 ->> _G[k9 ('jeff_hChinaMood' [h=6188C7A9,$009C3300])]
      023 00000085 GETGLOBAL r0 := _G[k2 ('Event_FactionAttitudeChange' [h=14A2E8E2,$009EECC0])]
      024 010000C1     LOADK r1 := k3 ('jeff_tutorialFactionMood' [h=97193C9D,$00A11BC0])
      025 02000101     LOADK r2 := k4 ('b' [h=00000083,$00983380])
      026 03000301     LOADK r3 := k12 ('allies' [h=B57F1C27,$009BF7E0])
      027 04000181     LOADK r4 := k6 ('prokat' [h=854F88C7,$0098DFC0])
      028 00028099      CALL r0 (4 args) => 1 results
      029 000002C7 SETGLOBAL r0 ->> _G[k11 ('jeff_hAlliesMood' [h=9886F1A2,$009D5200])]
      030 0000801B    RETURN
  [Node$01A32CDC] 'Camera_SetMode' [h=5AC27046,$009A5500]: cfunction$002A5FD8 'Camera_SetMode' [h=5AC27046,$009A5500]
  [Node$01A32CF0] 'Global_SetValue' [h=AB0FD37C,$0099C420]: cfunction$002C9B20 'Global_SetValue' [h=AB0FD37C,$0099C420]
  [Node$01A32D04] 'Ai_CommandQueue' [h=C194E249,$00991FA0]: cfunction$002B3598 'Ai_CommandQueue' [h=C194E249,$00991FA0]
  [Node$01A32D18] 'Audio_SetJournalistPropogandaEvent' [h=8502EF7E,$009E47C0]: cfunction$002B9208 'Audio_SetJournalistPropogandaEvent' [h=8502EF7E,$009E47C0]
  [Node$01A32D2C] 'util_GetActorClass' [h=4850D37F,$00A3DF80]: function$009C81C0 'util_GetActorClass' [h=4850D37F,$00A3DF80]
    CONST$00C1D040 k0  'Actor_GetType' [h=DC0B4554,$0099AC20]
    CONST$00C1D048 k1  'TYPE_BUILDING' [h=D3349F82,$0099D2A0]
    CONST$00C1D050 k2  'TYPE_BUILDING_ALARM' [h=EF2686DE,$00A0AA00]
    CONST$00C1D058 k3  'TYPE_BUILDING_ENTRANCE' [h=3139E8DB,$009D6B00]
    CONST$00C1D060 k4  'TYPE_BUILDING_PRISON' [h=516CD4C1,$009D8CC0]
    CONST$00C1D068 k5  'TYPE_BUILDING_SPAWNER' [h=A5C4D5BF,$009E5A80]
    CONST$00C1D070 k6  'TYPE_BUILDING_CHOPSHOP' [h=7F9732AF,$009FD1C0]
    CONST$00C1D078 k7  'TYPE_BUILDING_HUMANTURRETS' [h=87AE4C97,$009E6B00]
    CONST$00C1D080 k8  'TYPE_BUILDING_MONUMENT' [h=094A5471,$00A0E680]
    CONST$00C1D088 k9  'TYPE_BUILDING_GATE' [h=D8B0895E,$009CFD80]
    CONST$00C1D090 k10 'TYPE_BUILDING_CRANE' [h=B234217E,$009D2E80]
    CONST$00C1D098 k11 'BUILDING' [h=E0DC59D1,$009A08C0]
    CONST$00C1D0A0 k12 'TYPE_ITEM_WEAPON' [h=B9D84D3D,$00A173C0]
    CONST$00C1D0A8 k13 'TYPE_ITEM_BOUNTY' [h=875E1DC0,$00A17780]
    CONST$00C1D0B0 k14 'TYPE_ITEM_CACHE' [h=1A910A89,$00996260]
    CONST$00C1D0B8 k15 'TYPE_ITEM_PROP' [h=452DE650,$0099CA40]
    CONST$00C1D0C0 k16 'ITEM' [h=00659EFA,$0098DDA0]
    CONST$00C1D0C8 k17 'TYPE_PROP' [h=E5BBDAF7,$00976C60]
    CONST$00C1D0D0 k18 'TYPE_PROP_CRATE' [h=B26702B1,$00997760]
    CONST$00C1D0D8 k19 'TYPE_PROP_LISTENING_POST' [h=524AB50D,$00A2D840]
    CONST$00C1D0E0 k20 'TYPE_PROP_CAR' [h=35341E70,$0098E5E0]
    CONST$00C1D0E8 k21 'PROP' [h=00772548,$009A87C0]
    CONST$00C1D0F0 k22 'TYPE_VEHICLE_AIRPLANE_GENERAL' [h=EC803A7E,$00A2DD00]
    CONST$00C1D0F8 k23 'TYPE_VEHICLE_CAR_GENERAL' [h=0F558DF5,$009E4080]
    CONST$00C1D100 k24 'TYPE_VEHICLE_EMPLACED' [h=D3C0911A,$00A01840]
    CONST$00C1D108 k25 'TYPE_VEHICLE_HELICOPTER_GENERAL' [h=E7879705,$009F8840]
    CONST$00C1D110 k26 'TYPE_VEHICLE_TANK_GENERAL' [h=E5A9F29E,$009E82C0]
    CONST$00C1D118 k27 'VEHICLE' [h=80E0E7D6,$0097FF60]
    CONST$00C1D120 k28 'TYPE_VEHICLE_HUMAN_GENERAL' [h=26D618CB,$00A38B40]
    CONST$00C1D128 k29 'TYPE_VEHICLE_HUMAN_PLAYER' [h=6C1681F3,$00A09040]
    CONST$00C1D130 k30 'HUMAN' [h=0EA2600B,$00999720]
     CODE$00C70440
      000 01000005 GETGLOBAL r1 := _G[k0 ('Actor_GetType' [h=DC0B4554,$0099AC20])]
      001 02000000      MOVE r2 := r0
      002 01010099      CALL r1 (1 args) => 1 results
      003 0100BED5        EQ r1 == k1 ('TYPE_BUILDING' [h=D3349F82,$0099D2A0])
      004 00800454       JMP +18 ; 23
      005 0100BF15        EQ r1 == k2 ('TYPE_BUILDING_ALARM' [h=EF2686DE,$00A0AA00])
      006 008003D4       JMP +16 ; 23
      007 0100BF55        EQ r1 == k3 ('TYPE_BUILDING_ENTRANCE' [h=3139E8DB,$009D6B00])
      008 00800354       JMP +14 ; 23
      009 0100BF95        EQ r1 == k4 ('TYPE_BUILDING_PRISON' [h=516CD4C1,$009D8CC0])
      010 008002D4       JMP +12 ; 23
      011 0100BFD5        EQ r1 == k5 ('TYPE_BUILDING_SPAWNER' [h=A5C4D5BF,$009E5A80])
      012 00800254       JMP +10 ; 23
      013 0100C015        EQ r1 == k6 ('TYPE_BUILDING_CHOPSHOP' [h=7F9732AF,$009FD1C0])
      014 008001D4       JMP +8 ; 23
      015 0100C055        EQ r1 == k7 ('TYPE_BUILDING_HUMANTURRETS' [h=87AE4C97,$009E6B00])
      016 00800154       JMP +6 ; 23
      017 0100C095        EQ r1 == k8 ('TYPE_BUILDING_MONUMENT' [h=094A5471,$00A0E680])
      018 008000D4       JMP +4 ; 23
      019 0100C0D5        EQ r1 == k9 ('TYPE_BUILDING_GATE' [h=D8B0895E,$009CFD80])
      020 00800054       JMP +2 ; 23
      021 0000C115        EQ r1 != k10 ('TYPE_BUILDING_CRANE' [h=B234217E,$009D2E80])
      022 00800054       JMP +2 ; 25
      023 020002C1     LOADK r2 := k11 ('BUILDING' [h=E0DC59D1,$009A08C0])
      024 0201001B    RETURN r2 ... r2
      025 0100C195        EQ r1 == k12 ('TYPE_ITEM_WEAPON' [h=B9D84D3D,$00A173C0])
      026 00800154       JMP +6 ; 33
      027 0100C1D5        EQ r1 == k13 ('TYPE_ITEM_BOUNTY' [h=875E1DC0,$00A17780])
      028 008000D4       JMP +4 ; 33
      029 0100C215        EQ r1 == k14 ('TYPE_ITEM_CACHE' [h=1A910A89,$00996260])
      030 00800054       JMP +2 ; 33
      031 0000C255        EQ r1 != k15 ('TYPE_ITEM_PROP' [h=452DE650,$0099CA40])
      032 00800054       JMP +2 ; 35
      033 02000401     LOADK r2 := k16 ('ITEM' [h=00659EFA,$0098DDA0])
      034 0201001B    RETURN r2 ... r2
      035 0100C2D5        EQ r1 == k17 ('TYPE_PROP' [h=E5BBDAF7,$00976C60])
      036 00800154       JMP +6 ; 43
      037 0100C315        EQ r1 == k18 ('TYPE_PROP_CRATE' [h=B26702B1,$00997760])
      038 008000D4       JMP +4 ; 43
      039 0100C355        EQ r1 == k19 ('TYPE_PROP_LISTENING_POST' [h=524AB50D,$00A2D840])
      040 00800054       JMP +2 ; 43
      041 0000C395        EQ r1 != k20 ('TYPE_PROP_CAR' [h=35341E70,$0098E5E0])
      042 00800054       JMP +2 ; 45
      043 02000541     LOADK r2 := k21 ('PROP' [h=00772548,$009A87C0])
      044 0201001B    RETURN r2 ... r2
      045 0100C415        EQ r1 == k22 ('TYPE_VEHICLE_AIRPLANE_GENERAL' [h=EC803A7E,$00A2DD00])
      046 008001D4       JMP +8 ; 55
      047 0100C455        EQ r1 == k23 ('TYPE_VEHICLE_CAR_GENERAL' [h=0F558DF5,$009E4080])
      048 00800154       JMP +6 ; 55
      049 0100C495        EQ r1 == k24 ('TYPE_VEHICLE_EMPLACED' [h=D3C0911A,$00A01840])
      050 008000D4       JMP +4 ; 55
      051 0100C4D5        EQ r1 == k25 ('TYPE_VEHICLE_HELICOPTER_GENERAL' [h=E7879705,$009F8840])
      052 00800054       JMP +2 ; 55
      053 0000C515        EQ r1 != k26 ('TYPE_VEHICLE_TANK_GENERAL' [h=E5A9F29E,$009E82C0])
      054 00800054       JMP +2 ; 57
      055 020006C1     LOADK r2 := k27 ('VEHICLE' [h=80E0E7D6,$0097FF60])
      056 0201001B    RETURN r2 ... r2
      057 0100C595        EQ r1 == k28 ('TYPE_VEHICLE_HUMAN_GENERAL' [h=26D618CB,$00A38B40])
      058 00800054       JMP +2 ; 61
      059 0000C5D5        EQ r1 != k29 ('TYPE_VEHICLE_HUMAN_PLAYER' [h=6C1681F3,$00A09040])
      060 00800054       JMP +2 ; 63
      061 02000781     LOADK r2 := k30 ('HUMAN' [h=0EA2600B,$00999720])
      062 0201001B    RETURN r2 ... r2
      063 0101001B    RETURN r1 ... r1
      064 0000801B    RETURN
  [Node$01A32D40] 'Effect_SetRushingAirEffect' [h=1526A84F,$009E9B40]: cfunction$002A4F90 'Effect_SetRushingAirEffect' [h=1526A84F,$009E9B40]
  [Node$01A32D54] 'AddTooltip' [h=74727381,$0097E5E0]: function$00990400 'AddTooltip' [h=74727381,$0097E5E0]
    CONST$009619F0 k0  'Tooltip_AddNag' [h=B17F85F3,$009C6F60]
     CODE$009619E0
      000 01000005 GETGLOBAL r1 := _G[k0 ('Tooltip_AddNag' [h=B17F85F3,$009C6F60])]
      001 02000000      MOVE r2 := r0
      002 01010059      CALL r1 (1 args) => 0 results
      003 0000801B    RETURN
  [Node$01A32D68] 'Camera_StopScriptDriveActor' [h=E7826052,$00A02980]: cfunction$002A7118 'Camera_StopScriptDriveActor' [h=E7826052,$00A02980]
  [Node$01A32D7C] 'VERB_DELIVER' [h=B4F35383,$00985E60]: TObject(9.0)
  [Node$01A32D90] 'jeff_SetupWeaponEvents' [h=35B8C26F,$00A1F040]: function$00985680 'jeff_SetupWeaponEvents' [h=35B8C26F,$00A1F040]
    CONST$00C26C40 k0  'global_pic_ak47' [h=17D79FD2,$0099FAE0]
    CONST$00C26C48 k1  'global_pic_amrifle' [h=A21FBF49,$00A33880]
    CONST$00C26C50 k2  'global_pic_c4' [h=A6A7CDEA,$009C6900]
    CONST$00C26C58 k3  'global_pic_cheatgun' [h=3E415917,$009F2E40]
    CONST$00C26C60 k4  'global_pic_fraggrenade' [h=32B45AB9,$00A015C0]
    CONST$00C26C68 k5  'global_pic_lmg' [h=B837D114,$00981640]
    CONST$00C26C70 k6  'global_pic_m4' [h=D4FE00E8,$00980320]
    CONST$00C26C78 k7  'global_pic_mp5' [h=76BFB21E,$0098BF80]
    CONST$00C26C80 k8  'global_pic_rpg' [h=630A155D,$0098D880]
    CONST$00C26C88 k9  'global_pic_shotgun' [h=F4798F0E,$009EF540]
    CONST$00C26C90 k10 'global_pic_smaw' [h=81E77A94,$00988340]
    CONST$00C26C98 k11 'global_pic_smg' [h=2E258346,$00976B00]
    CONST$00C26CA0 k12 'global_pic_sniperrifle' [h=2F4DC0ED,$009DD840]
    CONST$00C26CA8 k13 'global_pic_stinger' [h=C3BD2200,$00A3AC40]
    CONST$00C26CB0 k14 'global_pic_stungrenade' [h=A47A2421,$00A3A840]
    CONST$00C26CB8 k15 'ipairs' [h=B6F4A157,$0098FC00]
    CONST$00C26CC0 k16 'util_PrintDebugMsg' [h=A2961C17,$00A25100]
    CONST$00C26CC8 k17 '[##########] Setting up equip event for ' [h=16709D3F,$009D64C0]
    CONST$00C26CD0 k18 'tostring' [h=787EB105,$009A9A40]
    CONST$00C26CD8 k19 '\n' [h=0000002B,$009AB680]
    CONST$00C26CE0 k20 'Utility_ReadNumberFromScribbleMemory' [h=2BB92038,$009F9D40]
    CONST$00C26CE8 k21 'Event_PlayerEquipsOdfItem' [h=C8FEA28F,$00A0EB80]
    CONST$00C26CF0 k22 'jeff_EquippedItem' [h=4C3BFE49,$009EE4C0]
    CONST$00C26CF8 k23 'b' [h=00000083,$00983380]
    CONST$00C26D00 k24 'TRUE' [h=0067B195,$0097E680]
     CODE$00B9EE40
      000 000A000A  NEWTABLE r0 := {} (#a=20, #h=0)
      001 01000001     LOADK r1 := k0 ('global_pic_ak47' [h=17D79FD2,$0099FAE0])
      002 02000041     LOADK r2 := k1 ('global_pic_amrifle' [h=A21FBF49,$00A33880])
      003 03000081     LOADK r3 := k2 ('global_pic_c4' [h=A6A7CDEA,$009C6900])
      004 040000C1     LOADK r4 := k3 ('global_pic_cheatgun' [h=3E415917,$009F2E40])
      005 05000101     LOADK r5 := k4 ('global_pic_fraggrenade' [h=32B45AB9,$00A015C0])
      006 06000141     LOADK r6 := k5 ('global_pic_lmg' [h=B837D114,$00981640])
      007 07000181     LOADK r7 := k6 ('global_pic_m4' [h=D4FE00E8,$00980320])
      008 080001C1     LOADK r8 := k7 ('global_pic_mp5' [h=76BFB21E,$0098BF80])
      009 09000201     LOADK r9 := k8 ('global_pic_rpg' [h=630A155D,$0098D880])
      010 0A000241     LOADK r10 := k9 ('global_pic_shotgun' [h=F4798F0E,$009EF540])
      011 0B000281     LOADK r11 := k10 ('global_pic_smaw' [h=81E77A94,$00988340])
      012 0C0002C1     LOADK r12 := k11 ('global_pic_smg' [h=2E258346,$00976B00])
      013 0D000301     LOADK r13 := k12 ('global_pic_sniperrifle' [h=2F4DC0ED,$009DD840])
      014 0E000341     LOADK r14 := k13 ('global_pic_stinger' [h=C3BD2200,$00A3AC40])
      015 0F000381     LOADK r15 := k14 ('global_pic_stungrenade' [h=A47A2421,$00A3A840])
      016 0000039F   SETLIST r0 [14]
      017 010003C5 GETGLOBAL r1 := _G[k15 ('ipairs' [h=B6F4A157,$0098FC00])]
      018 02000000      MOVE r2 := r0
      019 01010159      CALL r1 (1 args) => 4 results
      020 0180049E  TFORPREP WIP
      021 05000405 GETGLOBAL r5 := _G[k16 ('util_PrintDebugMsg' [h=A2961C17,$00A25100])]
      022 06000441     LOADK r6 := k17 ('[##########] Setting up equip event for ' [h=16709D3F,$009D64C0])
      023 07000485 GETGLOBAL r7 := _G[k18 ('tostring' [h=787EB105,$009A9A40])]
      024 08020000      MOVE r8 := r4
      025 07010099      CALL r7 (1 args) => 1 results
      026 080004C1     LOADK r8 := k19 ('\n' [h=0000002B,$009AB680])
      027 06030213    CONCAT r6 := r6 ... r8
      028 05010059      CALL r5 (1 args) => 0 results
      029 05000505 GETGLOBAL r5 := _G[k20 ('Utility_ReadNumberFromScribbleMemory' [h=2BB92038,$009F9D40])]
      030 06020000      MOVE r6 := r4
      031 05010099      CALL r5 (1 args) => 1 results
      032 05028058      TEST r5 : r5 := r5
      033 00800154       JMP +6 ; 40
      034 05000545 GETGLOBAL r5 := _G[k21 ('Event_PlayerEquipsOdfItem' [h=C8FEA28F,$00A0EB80])]
      035 06000581     LOADK r6 := k22 ('jeff_EquippedItem' [h=4C3BFE49,$009EE4C0])
      036 070005C1     LOADK r7 := k23 ('b' [h=00000083,$00983380])
      037 08020000      MOVE r8 := r4
      038 09000605 GETGLOBAL r9 := _G[k24 ('TRUE' [h=0067B195,$0097E680])]
      039 05028059      CALL r5 (4 args) => 0 results
      040 0100005D  TFORLOOP WIP
      041 007FFA94       JMP -21 ; 21
      042 00000003   LOADNIL r0 ... r0
      043 0000801B    RETURN
  [Node$01A32DA4] 'Utility_MathFloor' [h=DCA66785,$00A11100]: cfunction$002F8148 'Utility_MathFloor' [h=DCA66785,$00A11100]
  [Node$01A32DB8] 'Utility_LoadUtilityScript' [h=08CA6B86,$00A17300]: cfunction$002C41D8 'Utility_LoadUtilityScript' [h=08CA6B86,$00A17300]
  [Node$01A32DCC] 'jeff_elevatorExists' [h=D6713387,$00A16840]: function$009A4480 'jeff_elevatorExists' [h=D6713387,$00A16840]
    CONST$009936A0 k0  'Utility_GetActor' [h=077E9779,$009FB8C0]
    CONST$009936A8 k1  'mafia_fakeExit' [h=C9D228DC,$009A3CC0]
    CONST$009936B0 k2  'mafia_fakeEntrance' [h=A3626E69,$009D14C0]
     CODE$009FB540
      000 00000005 GETGLOBAL r0 := _G[k0 ('Utility_GetActor' [h=077E9779,$009FB8C0])]
      001 01000041     LOADK r1 := k1 ('mafia_fakeExit' [h=C9D228DC,$009A3CC0])
      002 00010099      CALL r0 (1 args) => 1 results
      003 00000018      TEST not r0 : r0 := r0
      004 00800094       JMP +3 ; 8
      005 00000005 GETGLOBAL r0 := _G[k0 ('Utility_GetActor' [h=077E9779,$009FB8C0])]
      006 01000081     LOADK r1 := k2 ('mafia_fakeEntrance' [h=A3626E69,$009D14C0])
      007 00010099      CALL r0 (1 args) => 1 results
      008 0001001B    RETURN r0 ... r0
      009 0000801B    RETURN
  [Node$01A32DE0] 'Debug_EnableCallStack' [h=ED4CFB88,$009E4740]: cfunction$002F7000 'Debug_EnableCallStack' [h=ED4CFB88,$009E4740]
  [Node$01A32DF4] 'Actor_ClearPrimaryInventory' [h=86DF1389,$009FDDC0]: cfunction$002AF868 'Actor_ClearPrimaryInventory' [h=86DF1389,$009FDDC0]
  [Node$01A32E08] 'Squad_AssignCombatNodes' [h=E199FC8F,$009D7B40]: cfunction$002B5938 'Squad_AssignCombatNodes' [h=E199FC8F,$009D7B40]
  [Node$01A32E1C] 'jeff_tHeroInfo' [h=ADAD5F8B,$00998FC0]: table$00978260[a=0,h=8]
    [Node$00BF2928] 'template_player_indianajones' [h=0B5B19EA,$009EFB00]: table$00996520[a=0,h=4]
      [Node$00B0C2C0] 'vehicleDamage' [h=6A9369E8,$00990000]: table$009C88E0[a=2,h=1]
        [0:$009603F0] 'ind.541189IND' [h=DE407174,$0099DE60]
        [1:$009603F8] 'ind.541190IND' [h=37856E7D,$00981C80]
      [Node$00B0C2FC] 'banterDamage' [h=CCFA1797,$00992160]: table$0097FF80[a=3,h=1]
        [0:$009C0800] 'ind.541171IND' [h=6EECC6D7,$00981B00]
        [1:$009C0808] 'ind.541172IND' [h=489F6082,$0099A6C0]
        [2:$009C0810] 'ind.541173IND' [h=D8FF502A,$0097EA20]
    [Node$00BF293C] 'template_player_british' [h=1C60DE63,$00A31280]: table$00998E80[a=0,h=4]
      [Node$00A696C0] 'vehicleDamage' [h=6A9369E8,$00990000]: table$009773E0[a=2,h=1]
        [0:$00958C20] 'JEN.541219jen' [h=B0780B42,$00976400]
        [1:$00958C28] 'JEN.541220jen' [h=CFC5D8AB,$00990560]
      [Node$00A696FC] 'banterDamage' [h=CCFA1797,$00992160]: table$0098EA00[a=3,h=1]
        [0:$009A4C80] 'JEN.541201jen' [h=47930922,$0098F740]
        [1:$009A4C88] 'JEN.541202jen' [h=90A2AEDE,$00975F20]
        [2:$009A4C90] 'JEN.541203jen' [h=4AAE18B1,$0097FCE0]
    [Node$00BF2964] 'template_player_swedish' [h=1301F35E,$009F8D40]: table$0099CB80[a=0,h=4]
      [Node$00B0BEC0] 'vehicleDamage' [h=6A9369E8,$00990000]: table$009C7920[a=2,h=1]
        [0:$0094CAC0] 'mat.541249mat' [h=3CF63813,$0099DBC0]
        [1:$0094CAC8] 'mat.541250mat' [h=BFCA1A7D,$009AA760]
      [Node$00B0BEFC] 'banterDamage' [h=CCFA1797,$00992160]: table$0097F460[a=3,h=1]
        [0:$00996040] 'mat.541231mat' [h=6045E9B5,$0097ABC0]
        [1:$00996048] 'mat.541232mat' [h=A76ABB36,$0099BCE0]
        [2:$00996050] 'mat.541233mat' [h=9E260CAE,$00982560]
    [Node$00BF2978] 'template_player_american' [h=B480AAA6,$00A013C0]: table$009C3780[a=0,h=4]
      [Node$00AF0AC0] 'vehicleDamage' [h=6A9369E8,$00990000]: table$00984AE0[a=2,h=1]
        [0:$0095C470] 'CHR.541189chr' [h=A58EE00E,$0097BFE0]
        [1:$0095C478] 'CHR.541190chr' [h=17D3A7D7,$0097C3E0]
      [Node$00AF0AFC] 'banterDamage' [h=CCFA1797,$00992160]: table$009C2C60[a=3,h=1]
        [0:$00992420] 'CHR.541171chr' [h=2BFB80F8,$009A2400]
        [1:$00992428] 'CHR.541172chr' [h=05921A8E,$009A3240]
        [2:$00992430] 'CHR.541173chr' [h=74F4246E,$0097B2C0]
    [Node$00BF298C] 'template_player_hansolo' [h=39D2080B,$00A03480]: table$0097FDC0[a=0,h=4]
      [Node$00B0B9C0] 'vehicleDamage' [h=6A9369E8,$00990000]: table$009976A0[a=2,h=1]
        [0:$0095B000] 'han.541190HAN' [h=48AF5FAF,$00985880]
        [1:$0095B008] 'han.541189HAN' [h=CA3EE7BA,$009AAB60]
      [Node$00B0B9FC] 'banterDamage' [h=CCFA1797,$00992160]: table$009A38E0[a=3,h=1]
        [0:$009C0120] 'han.541171HAN' [h=052129F0,$009A9520]
        [1:$009C0128] 'han.541172HAN' [h=1E0DEA36,$00989100]
        [2:$009C0130] 'han.541173HAN' [h=97895957,$0097F720]
  [Node$01A32E30] 'jeff_setupCostumeTentEvents' [h=EC9D32FC,$009E9900]: function$00987B40 'jeff_setupCostumeTentEvents' [h=EC9D32FC,$009E9900]
    CONST$00A73940 k0  'jeff_costumeTentExists' [h=8DB7F529,$00A0B6C0]
    CONST$00A73948 k1  'Utility_GetPlayerNationality' [h=CB78F623,$00A31200]
    CONST$00A73950 k2  'template_player_hansolo' [h=39D2080B,$00A03480]
    CONST$00A73958 k3  'template_player_indianajones' [h=0B5B19EA,$009EFB00]
    CONST$00A73960 k4  'jeff_hCostumeTentUsed' [h=03A86AD1,$009CF480]
    CONST$00A73968 k5  'Event_CancelEvent' [h=D8960070,$009D8C00]
    CONST$00A73970 k6  'jeff_hCostumeTentDestroyed' [h=773DB4EC,$009FAFC0]
    CONST$00A73978 k7  'Event_ActorUsed' [h=760DA02B,$00992960]
    CONST$00A73980 k8  'jeff_costumeTentUsed' [h=BD34F78F,$00A03680]
    CONST$00A73988 k9  'b' [h=00000083,$00983380]
    CONST$00A73990 k10 'costumeTentEntrance' [h=90556325,$009D2F00]
    CONST$00A73998 k11 'Event_ActorHitPointsLessThan' [h=A14D40BC,$009E1F00]
    CONST$00A739A0 k12 'jeff_CostumeTentDestroyed' [h=E4F16A2F,$00A10A40]
    CONST$00A739A8 k13 'costumeTent' [h=84C85380,$0097B1C0]
    CONST$00A739B0 k14 TObject(1.0)
    CONST$00A739B8 k15 'TRUE' [h=0067B195,$0097E680]
     CODE$00BB8700
      000 00000005 GETGLOBAL r0 := _G[k0 ('jeff_costumeTentExists' [h=8DB7F529,$00A0B6C0])]
      001 00008099      CALL r0 (0 args) => 1 results
      002 00000058      TEST r0 : r0 := r0
      003 00800014       JMP +1 ; 5
      004 0000801B    RETURN
      005 00000045 GETGLOBAL r0 := _G[k1 ('Utility_GetPlayerNationality' [h=CB78F623,$00A31200])]
      006 00008099      CALL r0 (0 args) => 1 results
      007 01003F15        EQ r0 == k2 ('template_player_hansolo' [h=39D2080B,$00A03480])
      008 00800054       JMP +2 ; 11
      009 00003F55        EQ r0 != k3 ('template_player_indianajones' [h=0B5B19EA,$009EFB00])
      010 00800014       JMP +1 ; 12
      011 0000801B    RETURN
      012 01000145 GETGLOBAL r1 := _G[k5 ('Event_CancelEvent' [h=D8960070,$009D8C00])]
      013 02000105 GETGLOBAL r2 := _G[k4 ('jeff_hCostumeTentUsed' [h=03A86AD1,$009CF480])]
      014 01010099      CALL r1 (1 args) => 1 results
      015 01000107 SETGLOBAL r1 ->> _G[k4 ('jeff_hCostumeTentUsed' [h=03A86AD1,$009CF480])]
      016 01000145 GETGLOBAL r1 := _G[k5 ('Event_CancelEvent' [h=D8960070,$009D8C00])]
      017 02000185 GETGLOBAL r2 := _G[k6 ('jeff_hCostumeTentDestroyed' [h=773DB4EC,$009FAFC0])]
      018 01010099      CALL r1 (1 args) => 1 results
      019 01000187 SETGLOBAL r1 ->> _G[k6 ('jeff_hCostumeTentDestroyed' [h=773DB4EC,$009FAFC0])]
      020 010001C5 GETGLOBAL r1 := _G[k7 ('Event_ActorUsed' [h=760DA02B,$00992960])]
      021 02000201     LOADK r2 := k8 ('jeff_costumeTentUsed' [h=BD34F78F,$00A03680])
      022 03000241     LOADK r3 := k9 ('b' [h=00000083,$00983380])
      023 04000281     LOADK r4 := k10 ('costumeTentEntrance' [h=90556325,$009D2F00])
      024 01020099      CALL r1 (3 args) => 1 results
      025 01000107 SETGLOBAL r1 ->> _G[k4 ('jeff_hCostumeTentUsed' [h=03A86AD1,$009CF480])]
      026 010002C5 GETGLOBAL r1 := _G[k11 ('Event_ActorHitPointsLessThan' [h=A14D40BC,$009E1F00])]
      027 02000301     LOADK r2 := k12 ('jeff_CostumeTentDestroyed' [h=E4F16A2F,$00A10A40])
      028 03000241     LOADK r3 := k9 ('b' [h=00000083,$00983380])
      029 04000341     LOADK r4 := k13 ('costumeTent' [h=84C85380,$0097B1C0])
      030 05000381     LOADK r5 := k14 (TObject(1.0))
      031 060003C5 GETGLOBAL r6 := _G[k15 ('TRUE' [h=0067B195,$0097E680])]
      032 01030099      CALL r1 (5 args) => 1 results
      033 01000187 SETGLOBAL r1 ->> _G[k6 ('jeff_hCostumeTentDestroyed' [h=773DB4EC,$009FAFC0])]
      034 0000801B    RETURN
  [Node$01A32E44] 'Debug_PrintEventDiagnostics' [h=44E3FF8D,$009FF0C0]: cfunction$002F70F8 'Debug_PrintEventDiagnostics' [h=44E3FF8D,$009FF0C0]
  [Node$01A32E58] 'Audio_SetCinematicDuckQuiet' [h=8E5BFB8E,$00A03A40]: cfunction$002B8D00 'Audio_SetCinematicDuckQuiet' [h=8E5BFB8E,$00A03A40]
  [Node$01A32E6C] 'jeff_costumeTentUsed' [h=BD34F78F,$00A03680]: function$009AC7E0 'jeff_costumeTentUsed' [h=BD34F78F,$00A03680]
    CONST$009D7E80 k0  'Utility_QuestionBox' [h=EE6D60DC,$00A41C80]
    CONST$009D7E88 k1  'Utility_GetStringById' [h=F7067A6C,$009EF080]
    CONST$009D7E90 k2  'actions.changeoutfit' [h=390BC16C,$009E2340]
    CONST$009D7E98 k3  'interface.unlock.outfitquestion' [h=29261A76,$009E8D00]
    CONST$009D7EA0 k4  'jeff_SwitchCostumes' [h=F1BDC804,$00A38840]
    CONST$009D7EA8 k5  'jeff_setupCostumeTentEvents' [h=EC9D32FC,$009E9900]
     CODE$009E0C80
      000 00000005 GETGLOBAL r0 := _G[k0 ('Utility_QuestionBox' [h=EE6D60DC,$00A41C80])]
      001 01000045 GETGLOBAL r1 := _G[k1 ('Utility_GetStringById' [h=F7067A6C,$009EF080])]
      002 02000081     LOADK r2 := k2 ('actions.changeoutfit' [h=390BC16C,$009E2340])
      003 01010099      CALL r1 (1 args) => 1 results
      004 02000045 GETGLOBAL r2 := _G[k1 ('Utility_GetStringById' [h=F7067A6C,$009EF080])]
      005 030000C1     LOADK r3 := k3 ('interface.unlock.outfitquestion' [h=29261A76,$009E8D00])
      006 02010099      CALL r2 (1 args) => 1 results
      007 03008002  LOADBOOL r3 := True
      008 04000101     LOADK r4 := k4 ('jeff_SwitchCostumes' [h=F1BDC804,$00A38840])
      009 05000141     LOADK r5 := k5 ('jeff_setupCostumeTentEvents' [h=EC9D32FC,$009E9900])
      010 00030059      CALL r0 (5 args) => 0 results
      011 0000801B    RETURN
  [Node$01A32E80] 'jeff_entranceUsed' [h=9EF5F2E9,$00A0E100]: function$00984120 'jeff_entranceUsed' [h=9EF5F2E9,$00A0E100]
    CONST$00978140 k0  'Cinematic_FadeOut' [h=67692EC4,$009EC540]
    CONST$00978148 k1  TObject(0.4000000059604645)
    CONST$00978150 k2  'jeff_doFakeEntrance' [h=5D30A696,$009D6980]
    CONST$00978158 k3  'jeff_setupElevatorEvents' [h=406EFCDE,$00A07480]
     CODE$009D97C0
      000 00000005 GETGLOBAL r0 := _G[k0 ('Cinematic_FadeOut' [h=67692EC4,$009EC540])]
      001 01000041     LOADK r1 := k1 (TObject(0.4000000059604645))
      002 02000081     LOADK r2 := k2 ('jeff_doFakeEntrance' [h=5D30A696,$009D6980])
      003 00018059      CALL r0 (2 args) => 0 results
      004 00000022   CLOSURE r0 := closure(0, r0...)
      005 00000087 SETGLOBAL r0 ->> _G[k2 ('jeff_doFakeEntrance' [h=5D30A696,$009D6980])]
      006 000000C5 GETGLOBAL r0 := _G[k3 ('jeff_setupElevatorEvents' [h=406EFCDE,$00A07480])]
      007 00008059      CALL r0 (0 args) => 0 results
      008 0000801B    RETURN
  [Node$01A32E94] 'Ui_PrintHudMessageById' [h=5C336791,$00A42340]: cfunction$002A7CA8 'Ui_PrintHudMessageById' [h=5C336791,$00A42340]
  [Node$01A32EA8] 'jeff_exitUsed' [h=65EF91E7,$0098EB00]: function$0099C9E0 'jeff_exitUsed' [h=65EF91E7,$0098EB00]
    CONST$009761A0 k0  'Cinematic_FadeOut' [h=67692EC4,$009EC540]
    CONST$009761A8 k1  TObject(0.4000000059604645)
    CONST$009761B0 k2  'jeff_doFakeExit' [h=949048D1,$009C4B60]
    CONST$009761B8 k3  'jeff_setupElevatorEvents' [h=406EFCDE,$00A07480]
     CODE$009EA0C0
      000 00000005 GETGLOBAL r0 := _G[k0 ('Cinematic_FadeOut' [h=67692EC4,$009EC540])]
      001 01000041     LOADK r1 := k1 (TObject(0.4000000059604645))
      002 02000081     LOADK r2 := k2 ('jeff_doFakeExit' [h=949048D1,$009C4B60])
      003 00018059      CALL r0 (2 args) => 0 results
      004 00000022   CLOSURE r0 := closure(0, r0...)
      005 00000087 SETGLOBAL r0 ->> _G[k2 ('jeff_doFakeExit' [h=949048D1,$009C4B60])]
      006 000000C5 GETGLOBAL r0 := _G[k3 ('jeff_setupElevatorEvents' [h=406EFCDE,$00A07480])]
      007 00008059      CALL r0 (0 args) => 0 results
      008 0000801B    RETURN
  [Node$01A32EBC] 'jeff_setupElevatorEvents' [h=406EFCDE,$00A07480]: function$0098E920 'jeff_setupElevatorEvents' [h=406EFCDE,$00A07480]
    CONST$00A789C0 k0  'jeff_elevatorExists' [h=D6713387,$00A16840]
    CONST$00A789C8 k1  'jeff_hExitUsed' [h=58F54B91,$009C02E0]
    CONST$00A789D0 k2  'Event_CancelEvent' [h=D8960070,$009D8C00]
    CONST$00A789D8 k3  'jeff_hEntranceUsed' [h=F77E78A8,$00A18000]
    CONST$00A789E0 k4  'jeff_hGarageDestroyed' [h=98F7675E,$009F4880]
    CONST$00A789E8 k5  'Event_ActorUsed' [h=760DA02B,$00992960]
    CONST$00A789F0 k6  'jeff_exitUsed' [h=65EF91E7,$0098EB00]
    CONST$00A789F8 k7  'b' [h=00000083,$00983380]
    CONST$00A78A00 k8  'mafia_fakeExit' [h=C9D228DC,$009A3CC0]
    CONST$00A78A08 k9  'jeff_entranceUsed' [h=9EF5F2E9,$00A0E100]
    CONST$00A78A10 k10 'mafia_fakeEntrance' [h=A3626E69,$009D14C0]
    CONST$00A78A18 k11 'Event_ActorHitPointsLessThan' [h=A14D40BC,$009E1F00]
    CONST$00A78A20 k12 'jeff_garageDestroyed' [h=83A1521F,$00A29140]
    CONST$00A78A28 k13 'mafia_chopShop' [h=0F2E2818,$009C7280]
    CONST$00A78A30 k14 TObject(1.0)
    CONST$00A78A38 k15 'TRUE' [h=0067B195,$0097E680]
     CODE$00B93740
      000 00000005 GETGLOBAL r0 := _G[k0 ('jeff_elevatorExists' [h=D6713387,$00A16840])]
      001 00008099      CALL r0 (0 args) => 1 results
      002 00000058      TEST r0 : r0 := r0
      003 00800014       JMP +1 ; 5
      004 0000801B    RETURN
      005 00000085 GETGLOBAL r0 := _G[k2 ('Event_CancelEvent' [h=D8960070,$009D8C00])]
      006 01000045 GETGLOBAL r1 := _G[k1 ('jeff_hExitUsed' [h=58F54B91,$009C02E0])]
      007 00010099      CALL r0 (1 args) => 1 results
      008 00000047 SETGLOBAL r0 ->> _G[k1 ('jeff_hExitUsed' [h=58F54B91,$009C02E0])]
      009 00000085 GETGLOBAL r0 := _G[k2 ('Event_CancelEvent' [h=D8960070,$009D8C00])]
      010 010000C5 GETGLOBAL r1 := _G[k3 ('jeff_hEntranceUsed' [h=F77E78A8,$00A18000])]
      011 00010099      CALL r0 (1 args) => 1 results
      012 000000C7 SETGLOBAL r0 ->> _G[k3 ('jeff_hEntranceUsed' [h=F77E78A8,$00A18000])]
      013 00000085 GETGLOBAL r0 := _G[k2 ('Event_CancelEvent' [h=D8960070,$009D8C00])]
      014 01000105 GETGLOBAL r1 := _G[k4 ('jeff_hGarageDestroyed' [h=98F7675E,$009F4880])]
      015 00010099      CALL r0 (1 args) => 1 results
      016 00000107 SETGLOBAL r0 ->> _G[k4 ('jeff_hGarageDestroyed' [h=98F7675E,$009F4880])]
      017 00000145 GETGLOBAL r0 := _G[k5 ('Event_ActorUsed' [h=760DA02B,$00992960])]
      018 01000181     LOADK r1 := k6 ('jeff_exitUsed' [h=65EF91E7,$0098EB00])
      019 020001C1     LOADK r2 := k7 ('b' [h=00000083,$00983380])
      020 03000201     LOADK r3 := k8 ('mafia_fakeExit' [h=C9D228DC,$009A3CC0])
      021 00020099      CALL r0 (3 args) => 1 results
      022 00000047 SETGLOBAL r0 ->> _G[k1 ('jeff_hExitUsed' [h=58F54B91,$009C02E0])]
      023 00000145 GETGLOBAL r0 := _G[k5 ('Event_ActorUsed' [h=760DA02B,$00992960])]
      024 01000241     LOADK r1 := k9 ('jeff_entranceUsed' [h=9EF5F2E9,$00A0E100])
      025 020001C1     LOADK r2 := k7 ('b' [h=00000083,$00983380])
      026 03000281     LOADK r3 := k10 ('mafia_fakeEntrance' [h=A3626E69,$009D14C0])
      027 00020099      CALL r0 (3 args) => 1 results
      028 000000C7 SETGLOBAL r0 ->> _G[k3 ('jeff_hEntranceUsed' [h=F77E78A8,$00A18000])]
      029 000002C5 GETGLOBAL r0 := _G[k11 ('Event_ActorHitPointsLessThan' [h=A14D40BC,$009E1F00])]
      030 01000301     LOADK r1 := k12 ('jeff_garageDestroyed' [h=83A1521F,$00A29140])
      031 020001C1     LOADK r2 := k7 ('b' [h=00000083,$00983380])
      032 03000341     LOADK r3 := k13 ('mafia_chopShop' [h=0F2E2818,$009C7280])
      033 04000381     LOADK r4 := k14 (TObject(1.0))
      034 050003C5 GETGLOBAL r5 := _G[k15 ('TRUE' [h=0067B195,$0097E680])]
      035 00030099      CALL r0 (5 args) => 1 results
      036 00000107 SETGLOBAL r0 ->> _G[k4 ('jeff_hGarageDestroyed' [h=98F7675E,$009F4880])]
      037 0000801B    RETURN
  [Node$01A32ED0] 'Ai_SetIsAwaitingExtraction' [h=86C80F94,$009F1C00]: cfunction$002B2CE8 'Ai_SetIsAwaitingExtraction' [h=86C80F94,$009F1C00]
  [Node$01A32EE4] 'Ai_SetFaction' [h=0CB8CB95,$0099AB00]: cfunction$002B2590 'Ai_SetFaction' [h=0CB8CB95,$0099AB00]
  [Node$01A32EF8] 'Utility_WriteStringToScribbleMemory' [h=5E8C6272,$00A3A080]: cfunction$002C5AA8 'Utility_WriteStringToScribbleMemory' [h=5E8C6272,$00A3A080]
  [Node$01A32F0C] 'Camera_MoveToPosition' [h=2DDDFE46,$009CDC80]: cfunction$002A5C70 'Camera_MoveToPosition' [h=2DDDFE46,$009CDC80]
  [Node$01A32F20] 'Faction_SetMinimumRelation' [h=4FB36F98,$009DF5C0]: cfunction$002B7180 'Faction_SetMinimumRelation' [h=4FB36F98,$009DF5C0]
  [Node$01A32F34] 'Shop_SetShopLocked' [h=71CC8B99,$009E4940]: cfunction$002A0E70 'Shop_SetShopLocked' [h=71CC8B99,$009E4940]
  [Node$01A32F48] 'Ui_EnableFlagMode' [h=4F454478,$009F6380]: cfunction$002A8810 'Ui_EnableFlagMode' [h=4F454478,$009F6380]
  [Node$01A32F5C] 'Actor_SetHitPoints' [h=D00F6B9B,$009E3DC0]: cfunction$002A9FE8 'Actor_SetHitPoints' [h=D00F6B9B,$009E3DC0]
  [Node$01A32F70] 'gameflow_Bridge_NW_ybw2vil_Destroyed' [h=EE90239C,$00A391C0]: function$009C5280 'gameflow_Bridge_NW_ybw2vil_Destroyed' [h=EE90239C,$00A391C0]
    CONST$009CD2C0 k0  'gameflow_Bridge_NW_ybw2vil_Destroyed' [h=EE90239C,$00A391C0]
    CONST$009CD2C8 k1  'util_PrintDebugMsg' [h=A2961C17,$00A25100]
    CONST$009CD2D0 k2  'Bridge ybw2vil destroyed!!!\n' [h=0B85F74F,$009FADC0]
    CONST$009CD2D8 k3  'gameflow_Bridge_Destroy' [h=3AF48C8C,$00A035C0]
    CONST$009CD2E0 k4  'bridge_ybw2vil_01' [h=6A963859,$00A24D80]
    CONST$009CD2E8 k5  't_ybw2vil_03a' [h=5704A53F,$009C8840]
    CONST$009CD2F0 k6  't_ybw2vil_03b' [h=247BB918,$00984AA0]
    CONST$009CD2F8 k7  't_ybw2vil_02c' [h=4089F175,$009C41A0]
     CODE$00A7CFC0
      000 00000003   LOADNIL r0 ... r0
      001 00000007 SETGLOBAL r0 ->> _G[k0 ('gameflow_Bridge_NW_ybw2vil_Destroyed' [h=EE90239C,$00A391C0])]
      002 00000045 GETGLOBAL r0 := _G[k1 ('util_PrintDebugMsg' [h=A2961C17,$00A25100])]
      003 01000081     LOADK r1 := k2 ('Bridge ybw2vil destroyed!!!\n' [h=0B85F74F,$009FADC0])
      004 00010059      CALL r0 (1 args) => 0 results
      005 000000C5 GETGLOBAL r0 := _G[k3 ('gameflow_Bridge_Destroy' [h=3AF48C8C,$00A035C0])]
      006 0100800A  NEWTABLE r1 := {} (#a=1, #h=0)
      007 02000101     LOADK r2 := k4 ('bridge_ybw2vil_01' [h=6A963859,$00A24D80])
      008 0100001F   SETLIST r1 [0]
      009 0201000A  NEWTABLE r2 := {} (#a=2, #h=0)
      010 03000141     LOADK r3 := k5 ('t_ybw2vil_03a' [h=5704A53F,$009C8840])
      011 04000181     LOADK r4 := k6 ('t_ybw2vil_03b' [h=247BB918,$00984AA0])
      012 0200005F   SETLIST r2 [1]
      013 0300800A  NEWTABLE r3 := {} (#a=1, #h=0)
      014 040001C1     LOADK r4 := k7 ('t_ybw2vil_02c' [h=4089F175,$009C41A0])
      015 0300001F   SETLIST r3 [0]
      016 00020059      CALL r0 (3 args) => 0 results
      017 0000801B    RETURN
  [Node$01A32F84] 'Actor_PlayHumanAnimationByHandleInGame' [h=3B04779D,$00A08680]: cfunction$002ADFE0 'Actor_PlayHumanAnimationByHandleInGame' [h=3B04779D,$00A08680]
  [Node$01A32F98] 'TargetActorDestroyed' [h=6D8A839E,$00A0EF00]: function$0097BD20 'TargetActorDestroyed' [h=6D8A839E,$00A0EF00]
    CONST$00C5AC40 k0  'util_PrintDebugMsg' [h=A2961C17,$00A25100]
    CONST$00C5AC48 k1  '\n[OBJECTIVEDELIVER] Actor destroyed...\n' [h=BD0C9ADD,$00A0BD40]
    CONST$00C5AC50 k2  '[OBJECTIVEDELIVER] ...destroyed actor invalid!\n' [h=92896ACD,$009E9800]
    CONST$00C5AC58 k3  'mission_tTargets' [h=28796635,$00A38080]
    CONST$00C5AC60 k4  'Utility_GetActorAsInt' [h=A2B359A3,$00A3EB80]
    CONST$00C5AC68 k5  'mission_tObjectives' [h=B4A8BCEB,$009D7BC0]
    CONST$00C5AC70 k6  'objectiveName' [h=2337C7CC,$0097D840]
    CONST$00C5AC78 k7  '[OBJECTIVEDELIVER] ...Actor ' [h=ACB82CA4,$009EF100]
    CONST$00C5AC80 k8  'actorName' [h=4EB2E2FD,$0098A660]
    CONST$00C5AC88 k9  ' destroyed (objective ' [h=A6CEFCEC,$00A21C00]
    CONST$00C5AC90 k10 ')\n' [h=00000973,$00999AC0]
    CONST$00C5AC98 k11 'targetsRemaining' [h=124C4A35,$00A15A00]
    CONST$00C5ACA0 k12 TObject(1.0)
    CONST$00C5ACA8 k13 'objectify' [h=AEDDA575,$009C5EA0]
    CONST$00C5ACB0 k14 'RemoveTargetActorBlip' [h=970D0ED5,$00A2B800]
    CONST$00C5ACB8 k15 TObject(0.0)
    CONST$00C5ACC0 k16 'RemoveDestinationRegionBlip' [h=17EB8864,$009E6900]
    CONST$00C5ACC8 k17 'DetermineDeliveryAreaType' [h=C8F189E9,$009D6700]
    CONST$00C5ACD0 k18 'dest' [h=0078F78C,$00983E60]
    CONST$00C5ACD8 k19 'FALSE' [h=0E4B730F,$009A6040]
    CONST$00C5ACE0 k20 'TRUE' [h=0067B195,$0097E680]
    CONST$00C5ACE8 k21 'type' [h=0070EF71,$009875A0]
    CONST$00C5ACF0 k22 'callbackFunc' [h=1E1CD035,$009C7860]
    CONST$00C5ACF8 k23 'function' [h=7C9F9568,$009A90A0]
    CONST$00C5AD00 k24 '[OBJECTIVEDELIVER] issuing callback (' [h=38788255,$00A0F100]
    CONST$00C5AD08 k25 'tostring' [h=787EB105,$009A9A40]
    CONST$00C5AD10 k26 '[OBJECTIVEDELIVER] callback is of type ' [h=B532B73A,$009FF500]
    CONST$00C5AD18 k27 '\n' [h=0000002B,$009AB680]
     CODE$00CA3200
      000 01000005 GETGLOBAL r1 := _G[k0 ('util_PrintDebugMsg' [h=A2961C17,$00A25100])]
      001 02000041     LOADK r2 := k1 ('\n[OBJECTIVEDELIVER] Actor destroyed...\n' [h=BD0C9ADD,$00A0BD40])
      002 01010059      CALL r1 (1 args) => 0 results
      003 00000058      TEST r0 : r0 := r0
      004 008000D4       JMP +4 ; 9
      005 01000005 GETGLOBAL r1 := _G[k0 ('util_PrintDebugMsg' [h=A2961C17,$00A25100])]
      006 02000081     LOADK r2 := k2 ('[OBJECTIVEDELIVER] ...destroyed actor invalid!\n' [h=92896ACD,$009E9800])
      007 01010059      CALL r1 (1 args) => 0 results
      008 0000801B    RETURN
      009 010000C5 GETGLOBAL r1 := _G[k3 ('mission_tTargets' [h=28796635,$00A38080])]
      010 02000105 GETGLOBAL r2 := _G[k4 ('Utility_GetActorAsInt' [h=A2B359A3,$00A3EB80])]
      011 03000000      MOVE r3 := r0
      012 02010099      CALL r2 (1 args) => 1 results
      013 01008086  GETTABLE r1 := r1[r2]
      014 02000145 GETGLOBAL r2 := _G[k5 ('mission_tObjectives' [h=B4A8BCEB,$009D7BC0])]
      015 0300C006  GETTABLE r3 := r1[k6 ('objectiveName' [h=2337C7CC,$0097D840])]
      016 020100C6  GETTABLE r2 := r2[r3]
      017 03000005 GETGLOBAL r3 := _G[k0 ('util_PrintDebugMsg' [h=A2961C17,$00A25100])]
      018 040001C1     LOADK r4 := k7 ('[OBJECTIVEDELIVER] ...Actor ' [h=ACB82CA4,$009EF100])
      019 0500C086  GETTABLE r5 := r1[k8 ('actorName' [h=4EB2E2FD,$0098A660])]
      020 06000241     LOADK r6 := k9 (' destroyed (objective ' [h=A6CEFCEC,$00A21C00])
      021 0700C006  GETTABLE r7 := r1[k6 ('objectiveName' [h=2337C7CC,$0097D840])]
      022 08000281     LOADK r8 := k10 (')\n' [h=00000973,$00999AC0])
      023 04020213    CONCAT r4 := r4 ... r8
      024 03010059      CALL r3 (1 args) => 0 results
      025 03014146  GETTABLE r3 := r2[k11 ('targetsRemaining' [h=124C4A35,$00A15A00])]
      026 0301C18D       SUB r3 := r3 - k12 (TObject(1.0))
      027 028280C9  SETTABLE r3 ->> r2[k11 ('targetsRemaining' [h=124C4A35,$00A15A00])]
      028 030141C6  GETTABLE r3 := r2[k13 ('objectify' [h=AEDDA575,$009C5EA0])]
      029 03018018      TEST not r3 : r3 := r3
      030 00800214       JMP +9 ; 40
      031 03000385 GETGLOBAL r3 := _G[k14 ('RemoveTargetActorBlip' [h=970D0ED5,$00A2B800])]
      032 04008000      MOVE r4 := r1
      033 03010059      CALL r3 (1 args) => 0 results
      034 03014146  GETTABLE r3 := r2[k11 ('targetsRemaining' [h=124C4A35,$00A15A00])]
      035 0001C257        LE r3 > k15 (TObject(0.0))
      036 00800094       JMP +3 ; 40
      037 03000405 GETGLOBAL r3 := _G[k16 ('RemoveDestinationRegionBlip' [h=17EB8864,$009E6900])]
      038 04008000      MOVE r4 := r1
      039 03010059      CALL r3 (1 args) => 0 results
      040 03000445 GETGLOBAL r3 := _G[k17 ('DetermineDeliveryAreaType' [h=C8F189E9,$009D6700])]
      041 04008000      MOVE r4 := r1
      042 03010099      CALL r3 (1 args) => 1 results
      043 0401C306  GETTABLE r4 := r3[k18 ('dest' [h=0078F78C,$00983E60])]
      044 050004C5 GETGLOBAL r5 := _G[k19 ('FALSE' [h=0E4B730F,$009A6040])]
      045 06014146  GETTABLE r6 := r2[k11 ('targetsRemaining' [h=124C4A35,$00A15A00])]
      046 00034257        LE r6 > k15 (TObject(0.0))
      047 00800014       JMP +1 ; 49
      048 05000505 GETGLOBAL r5 := _G[k20 ('TRUE' [h=0067B195,$0097E680])]
      049 06000545 GETGLOBAL r6 := _G[k21 ('type' [h=0070EF71,$009875A0])]
      050 07014406  GETTABLE r7 := r2[k22 ('callbackFunc' [h=1E1CD035,$009C7860])]
      051 06010099      CALL r6 (1 args) => 1 results
      052 00034455        EQ r6 != k23 ('function' [h=7C9F9568,$009A90A0])
      053 00800414       JMP +17 ; 71
      054 07000005 GETGLOBAL r7 := _G[k0 ('util_PrintDebugMsg' [h=A2961C17,$00A25100])]
      055 08000601     LOADK r8 := k24 ('[OBJECTIVEDELIVER] issuing callback (' [h=38788255,$00A0F100])
      056 09000645 GETGLOBAL r9 := _G[k25 ('tostring' [h=787EB105,$009A9A40])]
      057 0A030000      MOVE r10 := r6
      058 09010099      CALL r9 (1 args) => 1 results
      059 0A000281     LOADK r10 := k10 (')\n' [h=00000973,$00999AC0])
      060 08040293    CONCAT r8 := r8 ... r10
      061 07010059      CALL r7 (1 args) => 0 results
      062 07014406  GETTABLE r7 := r2[k22 ('callbackFunc' [h=1E1CD035,$009C7860])]
      063 0800C086  GETTABLE r8 := r1[k8 ('actorName' [h=4EB2E2FD,$0098A660])]
      064 09028000      MOVE r9 := r5
      065 0A000505 GETGLOBAL r10 := _G[k20 ('TRUE' [h=0067B195,$0097E680])]
      066 0B00C006  GETTABLE r11 := r1[k6 ('objectiveName' [h=2337C7CC,$0097D840])]
      067 0C020000      MOVE r12 := r4
      068 0D0004C5 GETGLOBAL r13 := _G[k19 ('FALSE' [h=0E4B730F,$009A6040])]
      069 07038059      CALL r7 (6 args) => 0 results
      070 008001D4       JMP +8 ; 79
      071 07000005 GETGLOBAL r7 := _G[k0 ('util_PrintDebugMsg' [h=A2961C17,$00A25100])]
      072 08000681     LOADK r8 := k26 ('[OBJECTIVEDELIVER] callback is of type ' [h=B532B73A,$009FF500])
      073 09000645 GETGLOBAL r9 := _G[k25 ('tostring' [h=787EB105,$009A9A40])]
      074 0A030000      MOVE r10 := r6
      075 09010099      CALL r9 (1 args) => 1 results
      076 0A0006C1     LOADK r10 := k27 ('\n' [h=0000002B,$009AB680])
      077 08040293    CONCAT r8 := r8 ... r10
      078 07010059      CALL r7 (1 args) => 0 results
      079 0000801B    RETURN
  [Node$01A32FAC] 'Camera_SetPan' [h=FD64CE80,$009AB240]: cfunction$002A5590 'Camera_SetPan' [h=FD64CE80,$009AB240]
  [Node$01A32FC0] 'SetupEventActorOutsideRegion' [h=E074D3A0,$009D1140]: function$00985700 'SetupEventActorOutsideRegion' [h=E074D3A0,$009D1140]
    CONST$00BF6740 k0  'DetermineDeliveryAreaType' [h=C8F189E9,$009D6700]
    CONST$00BF6748 k1  'delivAreaType' [h=64847EB2,$0098E100]
    CONST$00BF6750 k2  'DELIV_AREA_TYPE_LINEREGION' [h=E0C7BEF0,$00A04300]
    CONST$00BF6758 k3  'Event_ActorInBoundary' [h=5BF73290,$00A20700]
    CONST$00BF6760 k4  'ActorOutsideRegion' [h=8FC85E9B,$009EE640]
    CONST$00BF6768 k5  'b' [h=00000083,$00983380]
    CONST$00BF6770 k6  'actorName' [h=4EB2E2FD,$0098A660]
    CONST$00BF6778 k7  'destLineRegion' [h=8EB06915,$009A21A0]
    CONST$00BF6780 k8  'FALSE' [h=0E4B730F,$009A6040]
    CONST$00BF6788 k9  'DELIV_AREA_TYPE_LOC' [h=C2CF524B,$00A23880]
    CONST$00BF6790 k10 'destLocRadius' [h=33FDCDF5,$00995640]
    CONST$00BF6798 k11 TObject(None)
    CONST$00BF67A0 k12 'DEFAULT_DELIVERY_RADIUS' [h=1EC6D5B3,$009E38C0]
    CONST$00BF67A8 k13 TObject(0.0)
    CONST$00BF67B0 k14 'Event_ActorToLocationProximity' [h=396A4210,$009DB240]
    CONST$00BF67B8 k15 'destLoc' [h=0C475489,$0098D3C0]
    CONST$00BF67C0 k16 'TRUE' [h=0067B195,$0097E680]
     CODE$00BB9D80
      000 01000005 GETGLOBAL r1 := _G[k0 ('DetermineDeliveryAreaType' [h=C8F189E9,$009D6700])]
      001 02000000      MOVE r2 := r0
      002 01010099      CALL r1 (1 args) => 1 results
      003 0200BEC6  GETTABLE r2 := r1[k1 ('delivAreaType' [h=64847EB2,$0098E100])]
      004 03000085 GETGLOBAL r3 := _G[k2 ('DELIV_AREA_TYPE_LINEREGION' [h=E0C7BEF0,$00A04300])]
      005 000100D5        EQ r2 != r3
      006 00800214       JMP +9 ; 16
      007 030000C5 GETGLOBAL r3 := _G[k3 ('Event_ActorInBoundary' [h=5BF73290,$00A20700])]
      008 04000101     LOADK r4 := k4 ('ActorOutsideRegion' [h=8FC85E9B,$009EE640])
      009 05000141     LOADK r5 := k5 ('b' [h=00000083,$00983380])
      010 06004006  GETTABLE r6 := r0[k6 ('actorName' [h=4EB2E2FD,$0098A660])]
      011 07004046  GETTABLE r7 := r0[k7 ('destLineRegion' [h=8EB06915,$009A21A0])]
      012 08000205 GETGLOBAL r8 := _G[k8 ('FALSE' [h=0E4B730F,$009A6040])]
      013 0303001A  TAILCALL r3 (5 args)
      014 0300001B    RETURN r3 ... top
      015 00800494       JMP +19 ; 35
      016 03000245 GETGLOBAL r3 := _G[k9 ('DELIV_AREA_TYPE_LOC' [h=C2CF524B,$00A23880])]
      017 000100D5        EQ r2 != r3
      018 008003D4       JMP +16 ; 35
      019 03004106  GETTABLE r3 := r0[k10 ('destLocRadius' [h=33FDCDF5,$00995640])]
      020 0001C155        EQ r3 != k11 (TObject(None))
      021 00800014       JMP +1 ; 23
      022 03000305 GETGLOBAL r3 := _G[k12 ('DEFAULT_DELIVERY_RADIUS' [h=1EC6D5B3,$009E38C0])]
      023 008380D6        LT k13 (TObject(0.0)) >= r3
      024 00800254       JMP +10 ; 35
      025 04000385 GETGLOBAL r4 := _G[k14 ('Event_ActorToLocationProximity' [h=396A4210,$009DB240])]
      026 05000101     LOADK r5 := k4 ('ActorOutsideRegion' [h=8FC85E9B,$009EE640])
      027 06000141     LOADK r6 := k5 ('b' [h=00000083,$00983380])
      028 07004006  GETTABLE r7 := r0[k6 ('actorName' [h=4EB2E2FD,$0098A660])]
      029 08004246  GETTABLE r8 := r0[k15 ('destLoc' [h=0C475489,$0098D3C0])]
      030 09018000      MOVE r9 := r3
      031 0A000205 GETGLOBAL r10 := _G[k8 ('FALSE' [h=0E4B730F,$009A6040])]
      032 0B000405 GETGLOBAL r11 := _G[k16 ('TRUE' [h=0067B195,$0097E680])]
      033 0404001A  TAILCALL r4 (7 args)
      034 0400001B    RETURN r4 ... top
      035 0000801B    RETURN
  [Node$01A32FD4] 'StartInsertionAttack' [h=DB3E43A1,$009E7EC0]: TObject(None)
  [Node$01A32FE8] 'VERB_DELIVER_OBJ' [h=61CA93A2,$00A36740]: TObject(6.0)
  [Node$01A32FFC] 'Actor_IsAlive' [h=BD5193A3,$009A6640]: cfunction$002A8AF8 'Actor_IsAlive' [h=BD5193A3,$009A6640]
  [Node$01A33010] 'gcinfo' [h=74A6B886,$0099BDA0]: cfunction$003B86C8 'gcinfo' [h=74A6B886,$0099BDA0]
  [Node$01A33024] 'bHudOutput' [h=448C87A5,$009A6680]: TObject(False)
  [Node$01A33038] 'jeff_DisplayTutorialText' [h=DE4D51B5,$00A23C80]: function$00998C20 'jeff_DisplayTutorialText' [h=DE4D51B5,$00A23C80]
    CONST$00B2C4C0 k0  'tutorial_TYPE_VEHICLE_HELICOPTER_GENERAL' [h=6FE4BBB1,$009EA7C0]
    CONST$00B2C4C8 k1  'hCopterTutorial' [h=C2B19AD0,$00976BC0]
    CONST$00B2C4D0 k2  'Event_CancelEvent' [h=D8960070,$009D8C00]
    CONST$00B2C4D8 k3  'Event_RelativeTimer' [h=AD23F6E2,$009F7840]
    CONST$00B2C4E0 k4  'jeff_displayCopterHelp' [h=F983E2C8,$009EC2C0]
    CONST$00B2C4E8 k5  'b' [h=00000083,$00983380]
    CONST$00B2C4F0 k6  TObject(1.5)
    CONST$00B2C4F8 k7  'tutorial_TYPE_VEHICLE_TANK_GENERAL' [h=E172B296,$009F8A40]
    CONST$00B2C500 k8  'Utility_WriteNumberToScribbleMemory' [h=DCF55147,$00A29080]
    CONST$00B2C508 k9  'tutorial_tankControls' [h=BDFF80C7,$009F0F00]
    CONST$00B2C510 k10 TObject(1.0)
    CONST$00B2C518 k11 'hTankTutorial' [h=CCDE2906,$00977660]
    CONST$00B2C520 k12 'jeff_displayTankHelp' [h=91B9883A,$00A077C0]
    CONST$00B2C528 k13 TObject(3.0)
     CODE$00ABD540
      000 00003E95        EQ r0 != k0 ('tutorial_TYPE_VEHICLE_HELICOPTER_GENERAL' [h=6FE4BBB1,$009EA7C0])
      001 00800294       JMP +11 ; 13
      002 01000085 GETGLOBAL r1 := _G[k2 ('Event_CancelEvent' [h=D8960070,$009D8C00])]
      003 02000045 GETGLOBAL r2 := _G[k1 ('hCopterTutorial' [h=C2B19AD0,$00976BC0])]
      004 01010099      CALL r1 (1 args) => 1 results
      005 01000047 SETGLOBAL r1 ->> _G[k1 ('hCopterTutorial' [h=C2B19AD0,$00976BC0])]
      006 010000C5 GETGLOBAL r1 := _G[k3 ('Event_RelativeTimer' [h=AD23F6E2,$009F7840])]
      007 02000101     LOADK r2 := k4 ('jeff_displayCopterHelp' [h=F983E2C8,$009EC2C0])
      008 03000141     LOADK r3 := k5 ('b' [h=00000083,$00983380])
      009 04000181     LOADK r4 := k6 (TObject(1.5))
      010 01020099      CALL r1 (3 args) => 1 results
      011 01000047 SETGLOBAL r1 ->> _G[k1 ('hCopterTutorial' [h=C2B19AD0,$00976BC0])]
      012 008003D4       JMP +16 ; 29
      013 00004055        EQ r0 != k7 ('tutorial_TYPE_VEHICLE_TANK_GENERAL' [h=E172B296,$009F8A40])
      014 00800354       JMP +14 ; 29
      015 01000205 GETGLOBAL r1 := _G[k8 ('Utility_WriteNumberToScribbleMemory' [h=DCF55147,$00A29080])]
      016 02000241     LOADK r2 := k9 ('tutorial_tankControls' [h=BDFF80C7,$009F0F00])
      017 03000281     LOADK r3 := k10 (TObject(1.0))
      018 01018059      CALL r1 (2 args) => 0 results
      019 01000085 GETGLOBAL r1 := _G[k2 ('Event_CancelEvent' [h=D8960070,$009D8C00])]
      020 020002C5 GETGLOBAL r2 := _G[k11 ('hTankTutorial' [h=CCDE2906,$00977660])]
      021 01010099      CALL r1 (1 args) => 1 results
      022 010002C7 SETGLOBAL r1 ->> _G[k11 ('hTankTutorial' [h=CCDE2906,$00977660])]
      023 010000C5 GETGLOBAL r1 := _G[k3 ('Event_RelativeTimer' [h=AD23F6E2,$009F7840])]
      024 02000301     LOADK r2 := k12 ('jeff_displayTankHelp' [h=91B9883A,$00A077C0])
      025 03000141     LOADK r3 := k5 ('b' [h=00000083,$00983380])
      026 04000341     LOADK r4 := k13 (TObject(3.0))
      027 01020099      CALL r1 (3 args) => 1 results
      028 010002C7 SETGLOBAL r1 ->> _G[k11 ('hTankTutorial' [h=CCDE2906,$00977660])]
      029 0000801B    RETURN
  [Node$01A3304C] 'CreateArgTableFromOldStyleFunctionArgs' [h=F06CF7A7,$009E8DC0]: function$0099FE40 'CreateArgTableFromOldStyleFunctionArgs' [h=F06CF7A7,$009E8DC0]
    CONST$00B25D40 k0  'callbackFunc' [h=1E1CD035,$009C7860]
    CONST$00B25D48 k1  'objectiveName' [h=2337C7CC,$0097D840]
    CONST$00B25D50 k2  'objectiveDesc' [h=54B269EB,$009A9720]
    CONST$00B25D58 k3  'actorName' [h=4EB2E2FD,$0098A660]
    CONST$00B25D60 k4  'objectiveType' [h=4CF75B8E,$00995160]
    CONST$00B25D68 k5  'targetType' [h=4E235805,$0098DD20]
    CONST$00B25D70 k6  'markInGPS' [h=1F1CD89F,$009C6C20]
    CONST$00B25D78 k7  'markInPDA' [h=06AF161A,$0099AF00]
    CONST$00B25D80 k8  'markInWorld' [h=5268B4A8,$009BF900]
    CONST$00B25D88 k9  'locationOnMaps' [h=FA99E3AB,$00982F20]
     CODE$00A02BC0
      000 0A00010A  NEWTABLE r10 := {} (#a=0, #h=4)
      001 0A7D0009  SETTABLE r0 ->> r10[k0 ('callbackFunc' [h=1E1CD035,$009C7860])]
      002 0A7D8049  SETTABLE r1 ->> r10[k1 ('objectiveName' [h=2337C7CC,$0097D840])]
      003 0A7E0089  SETTABLE r2 ->> r10[k2 ('objectiveDesc' [h=54B269EB,$009A9720])]
      004 0A7E80C9  SETTABLE r3 ->> r10[k3 ('actorName' [h=4EB2E2FD,$0098A660])]
      005 0A7F0109  SETTABLE r4 ->> r10[k4 ('objectiveType' [h=4CF75B8E,$00995160])]
      006 0A7F8149  SETTABLE r5 ->> r10[k5 ('targetType' [h=4E235805,$0098DD20])]
      007 0A800189  SETTABLE r6 ->> r10[k6 ('markInGPS' [h=1F1CD89F,$009C6C20])]
      008 0A8081C9  SETTABLE r7 ->> r10[k7 ('markInPDA' [h=06AF161A,$0099AF00])]
      009 0A810209  SETTABLE r8 ->> r10[k8 ('markInWorld' [h=5268B4A8,$009BF900])]
      010 0A818249  SETTABLE r9 ->> r10[k9 ('locationOnMaps' [h=FA99E3AB,$00982F20])]
      011 0A01001B    RETURN r10 ... r10
      012 0000801B    RETURN
  [Node$01A33060] 'Event_ActorCaptured' [h=A30657A8,$00A17100]: cfunction$002BF2D8 'Event_ActorCaptured' [h=A30657A8,$00A17100]
  [Node$01A33074] 'Utility_GetTerrainHeightAtXZ' [h=3D5463A9,$00A239C0]: cfunction$002C36E0 'Utility_GetTerrainHeightAtXZ' [h=3D5463A9,$00A239C0]
  [Node$01A33088] 'jeff_checkVehicleName' [h=429B7547,$009D9240]: function$00997080 'jeff_checkVehicleName' [h=429B7547,$009D9240]
    CONST$00AB44C0 k0  'jeff_CheckTutorialText' [h=8F0C6EE1,$00A3A6C0]
    CONST$00AB44C8 k1  'Utility_ReadNumberFromScribbleMemory' [h=2BB92038,$009F9D40]
    CONST$00AB44D0 k2  'banter_NiceWheels' [h=EDD731E3,$00A25E80]
    CONST$00AB44D8 k3  'Utility_CompareActorToOdf' [h=4910433F,$00A13F00]
    CONST$00AB44E0 k4  'civ_veh_bus' [h=DFDC23DD,$009A6980]
    CONST$00AB44E8 k5  'Actor_GetHitPoints' [h=CDCBFCF4,$009CFA40]
    CONST$00AB44F0 k6  TObject(400.0)
    CONST$00AB44F8 k7  'bMissionAccepted' [h=C133AF8A,$00A158C0]
    CONST$00AB4500 k8  'hNiceWheels' [h=008D1A55,$0097F100]
    CONST$00AB4508 k9  'Event_CancelEvent' [h=D8960070,$009D8C00]
    CONST$00AB4510 k10 'Event_RelativeTimer' [h=AD23F6E2,$009F7840]
    CONST$00AB4518 k11 'jeff_playNiceWheelsBanter' [h=CCCACDF9,$009EF140]
    CONST$00AB4520 k12 'b' [h=00000083,$00983380]
    CONST$00AB4528 k13 TObject(2.0)
     CODE$00B9D280
      000 01000005 GETGLOBAL r1 := _G[k0 ('jeff_CheckTutorialText' [h=8F0C6EE1,$00A3A6C0])]
      001 02000000      MOVE r2 := r0
      002 01010059      CALL r1 (1 args) => 0 results
      003 01000045 GETGLOBAL r1 := _G[k1 ('Utility_ReadNumberFromScribbleMemory' [h=2BB92038,$009F9D40])]
      004 02000081     LOADK r2 := k2 ('banter_NiceWheels' [h=EDD731E3,$00A25E80])
      005 01010099      CALL r1 (1 args) => 1 results
      006 01008058      TEST r1 : r1 := r1
      007 008005D4       JMP +24 ; 32
      008 010000C5 GETGLOBAL r1 := _G[k3 ('Utility_CompareActorToOdf' [h=4910433F,$00A13F00])]
      009 02000000      MOVE r2 := r0
      010 03000101     LOADK r3 := k4 ('civ_veh_bus' [h=DFDC23DD,$009A6980])
      011 01018099      CALL r1 (2 args) => 1 results
      012 01008018      TEST not r1 : r1 := r1
      013 00800454       JMP +18 ; 32
      014 01000145 GETGLOBAL r1 := _G[k5 ('Actor_GetHitPoints' [h=CDCBFCF4,$009CFA40])]
      015 02000000      MOVE r2 := r0
      016 01010099      CALL r1 (1 args) => 1 results
      017 0000C016        LT r1 >= k6 (TObject(400.0))
      018 00800314       JMP +13 ; 32
      019 010001C5 GETGLOBAL r1 := _G[k7 ('bMissionAccepted' [h=C133AF8A,$00A158C0])]
      020 01008058      TEST r1 : r1 := r1
      021 00800254       JMP +10 ; 32
      022 01000245 GETGLOBAL r1 := _G[k9 ('Event_CancelEvent' [h=D8960070,$009D8C00])]
      023 02000205 GETGLOBAL r2 := _G[k8 ('hNiceWheels' [h=008D1A55,$0097F100])]
      024 01010099      CALL r1 (1 args) => 1 results
      025 01000207 SETGLOBAL r1 ->> _G[k8 ('hNiceWheels' [h=008D1A55,$0097F100])]
      026 01000285 GETGLOBAL r1 := _G[k10 ('Event_RelativeTimer' [h=AD23F6E2,$009F7840])]
      027 020002C1     LOADK r2 := k11 ('jeff_playNiceWheelsBanter' [h=CCCACDF9,$009EF140])
      028 03000301     LOADK r3 := k12 ('b' [h=00000083,$00983380])
      029 04000341     LOADK r4 := k13 (TObject(2.0))
      030 01020099      CALL r1 (3 args) => 1 results
      031 01000207 SETGLOBAL r1 ->> _G[k8 ('hNiceWheels' [h=008D1A55,$0097F100])]
      032 0000801B    RETURN
  [Node$01A3309C] 'jeff_clearHeroEvents' [h=87DA5CA6,$009DDC80]: function$009A4BE0 'jeff_clearHeroEvents' [h=87DA5CA6,$009DDC80]
    CONST$0099FBE0 k0  'jeff_hHeroHealedEvent' [h=7397F395,$009FA8C0]
    CONST$0099FBE8 k1  'Event_CancelEvent' [h=D8960070,$009D8C00]
    CONST$0099FBF0 k2  'jeff_hHeroDamagedEvent' [h=E78B0B0C,$00A2ADC0]
     CODE$00A3D680
      000 00000045 GETGLOBAL r0 := _G[k1 ('Event_CancelEvent' [h=D8960070,$009D8C00])]
      001 01000005 GETGLOBAL r1 := _G[k0 ('jeff_hHeroHealedEvent' [h=7397F395,$009FA8C0])]
      002 00010099      CALL r0 (1 args) => 1 results
      003 00000007 SETGLOBAL r0 ->> _G[k0 ('jeff_hHeroHealedEvent' [h=7397F395,$009FA8C0])]
      004 00000045 GETGLOBAL r0 := _G[k1 ('Event_CancelEvent' [h=D8960070,$009D8C00])]
      005 01000085 GETGLOBAL r1 := _G[k2 ('jeff_hHeroDamagedEvent' [h=E78B0B0C,$00A2ADC0])]
      006 00010099      CALL r0 (1 args) => 1 results
      007 00000087 SETGLOBAL r0 ->> _G[k2 ('jeff_hHeroDamagedEvent' [h=E78B0B0C,$00A2ADC0])]
      008 0000801B    RETURN
  [Node$01A330B0] 'jeff_newHeroDamageEvent' [h=EFF1FB7C,$00A22980]: function$009C0540 'jeff_newHeroDamageEvent' [h=EFF1FB7C,$00A22980]
    CONST$00A93340 k0  'jeff_clearHeroEvents' [h=87DA5CA6,$009DDC80]
    CONST$00A93348 k1  'Actor_GetHitPoints' [h=CDCBFCF4,$009CFA40]
    CONST$00A93350 k2  'player0' [h=316752BF,$009A56E0]
    CONST$00A93358 k3  'jeff_hHeroHealedEvent' [h=7397F395,$009FA8C0]
    CONST$00A93360 k4  'Event_ActorHitPointsLessThan' [h=A14D40BC,$009E1F00]
    CONST$00A93368 k5  'jeff_heroHealed' [h=D56197B2,$009C8D20]
    CONST$00A93370 k6  'b' [h=00000083,$00983380]
    CONST$00A93378 k7  TObject(1.0)
    CONST$00A93380 k8  'FALSE' [h=0E4B730F,$009A6040]
    CONST$00A93388 k9  'jeff_hHeroDamagedEvent' [h=E78B0B0C,$00A2ADC0]
    CONST$00A93390 k10 'jeff_heroDamaged' [h=D3A79912,$00A06400]
    CONST$00A93398 k11 TObject(0.9399999976158142)
     CODE$00B286C0
      000 00000005 GETGLOBAL r0 := _G[k0 ('jeff_clearHeroEvents' [h=87DA5CA6,$009DDC80])]
      001 00008059      CALL r0 (0 args) => 0 results
      002 00000045 GETGLOBAL r0 := _G[k1 ('Actor_GetHitPoints' [h=CDCBFCF4,$009CFA40])]
      003 01000081     LOADK r1 := k2 ('player0' [h=316752BF,$009A56E0])
      004 00010099      CALL r0 (1 args) => 1 results
      005 01000105 GETGLOBAL r1 := _G[k4 ('Event_ActorHitPointsLessThan' [h=A14D40BC,$009E1F00])]
      006 02000141     LOADK r2 := k5 ('jeff_heroHealed' [h=D56197B2,$009C8D20])
      007 03000181     LOADK r3 := k6 ('b' [h=00000083,$00983380])
      008 04000081     LOADK r4 := k2 ('player0' [h=316752BF,$009A56E0])
      009 0500404C       ADD r5 := r0 + k7 (TObject(1.0))
      010 06000205 GETGLOBAL r6 := _G[k8 ('FALSE' [h=0E4B730F,$009A6040])]
      011 01030099      CALL r1 (5 args) => 1 results
      012 010000C7 SETGLOBAL r1 ->> _G[k3 ('jeff_hHeroHealedEvent' [h=7397F395,$009FA8C0])]
      013 01000105 GETGLOBAL r1 := _G[k4 ('Event_ActorHitPointsLessThan' [h=A14D40BC,$009E1F00])]
      014 02000281     LOADK r2 := k10 ('jeff_heroDamaged' [h=D3A79912,$00A06400])
      015 03000181     LOADK r3 := k6 ('b' [h=00000083,$00983380])
      016 04000081     LOADK r4 := k2 ('player0' [h=316752BF,$009A56E0])
      017 0500414E       MUL r5 := r0 * k11 (TObject(0.9399999976158142))
      018 01028099      CALL r1 (4 args) => 1 results
      019 01000247 SETGLOBAL r1 ->> _G[k9 ('jeff_hHeroDamagedEvent' [h=E78B0B0C,$00A2ADC0])]
      020 0000801B    RETURN
  [Node$01A330C4] 'Objective_SetType' [h=7BC600A9,$009E09C0]: cfunction$002A3B78 'Objective_SetType' [h=7BC600A9,$009E09C0]
  [Node$01A330D8] 'jeff_vehicleDamaged' [h=ABE9CA23,$00A3AF40]: function$00989C60 'jeff_vehicleDamaged' [h=ABE9CA23,$00A3AF40]
    CONST$00A759C0 k0  'Utility_GetActorsVehicle' [h=19764E85,$009E8C80]
    CONST$00A759C8 k1  'player0' [h=316752BF,$009A56E0]
    CONST$00A759D0 k2  'Utility_GetActorAsInt' [h=A2B359A3,$00A3EB80]
    CONST$00A759D8 k3  'Actor_GetHitPoints' [h=CDCBFCF4,$009CFA40]
    CONST$00A759E0 k4  TObject(20.0)
    CONST$00A759E8 k5  'Utility_GetPlayerNationality' [h=CB78F623,$00A31200]
    CONST$00A759F0 k6  'jeff_tHeroInfo' [h=ADAD5F8B,$00998FC0]
    CONST$00A759F8 k7  'vehicleDamage' [h=6A9369E8,$00990000]
    CONST$00A75A00 k8  'jeff_iBanterVehicleDamage' [h=2654751A,$009E9500]
    CONST$00A75A08 k9  TObject(1.0)
    CONST$00A75A10 k10 'table' [h=10F2114B,$0098D780]
    CONST$00A75A18 k11 'getn' [h=0083B006,$0097DBC0]
    CONST$00A75A20 k12 'Audio_PlayVoiceover' [h=EE2AB1DE,$00A40EC0]
     CODE$00C39A40
      000 00000005 GETGLOBAL r0 := _G[k0 ('Utility_GetActorsVehicle' [h=19764E85,$009E8C80])]
      001 01000041     LOADK r1 := k1 ('player0' [h=316752BF,$009A56E0])
      002 00010099      CALL r0 (1 args) => 1 results
      003 01000085 GETGLOBAL r1 := _G[k2 ('Utility_GetActorAsInt' [h=A2B359A3,$00A3EB80])]
      004 02000000      MOVE r2 := r0
      005 01010099      CALL r1 (1 args) => 1 results
      006 02000085 GETGLOBAL r2 := _G[k2 ('Utility_GetActorAsInt' [h=A2B359A3,$00A3EB80])]
      007 03000041     LOADK r3 := k1 ('player0' [h=316752BF,$009A56E0])
      008 02010099      CALL r2 (1 args) => 1 results
      009 01008095        EQ r1 == r2
      010 00800194       JMP +7 ; 18
      011 010000C5 GETGLOBAL r1 := _G[k3 ('Actor_GetHitPoints' [h=CDCBFCF4,$009CFA40])]
      012 02000000      MOVE r2 := r0
      013 01010099      CALL r1 (1 args) => 1 results
      014 0100BF96        LT r1 < k4 (TObject(20.0))
      015 00800054       JMP +2 ; 18
      016 00000058      TEST r0 : r0 := r0
      017 00800014       JMP +1 ; 19
      018 0000801B    RETURN
      019 01000145 GETGLOBAL r1 := _G[k5 ('Utility_GetPlayerNationality' [h=CB78F623,$00A31200])]
      020 01008099      CALL r1 (0 args) => 1 results
      021 02000185 GETGLOBAL r2 := _G[k6 ('jeff_tHeroInfo' [h=ADAD5F8B,$00998FC0])]
      022 02010046  GETTABLE r2 := r2[r1]
      023 02014046  GETTABLE r2 := r2[k7 ('vehicleDamage' [h=6A9369E8,$00990000])]
      024 02010018      TEST not r2 : r2 := r2
      025 00800554       JMP +22 ; 48
      026 02000205 GETGLOBAL r2 := _G[k8 ('jeff_iBanterVehicleDamage' [h=2654751A,$009E9500])]
      027 020140CC       ADD r2 := r2 + k9 (TObject(1.0))
      028 02000207 SETGLOBAL r2 ->> _G[k8 ('jeff_iBanterVehicleDamage' [h=2654751A,$009E9500])]
      029 02000205 GETGLOBAL r2 := _G[k8 ('jeff_iBanterVehicleDamage' [h=2654751A,$009E9500])]
      030 03000285 GETGLOBAL r3 := _G[k10 ('table' [h=10F2114B,$0098D780])]
      031 0301C146  GETTABLE r3 := r3[k11 ('getn' [h=0083B006,$0097DBC0])]
      032 04000185 GETGLOBAL r4 := _G[k6 ('jeff_tHeroInfo' [h=ADAD5F8B,$00998FC0])]
      033 04020046  GETTABLE r4 := r4[r1]
      034 04024046  GETTABLE r4 := r4[k7 ('vehicleDamage' [h=6A9369E8,$00990000])]
      035 03010099      CALL r3 (1 args) => 1 results
      036 00018096        LT r3 >= r2
      037 00800054       JMP +2 ; 40
      038 02000241     LOADK r2 := k9 (TObject(1.0))
      039 02000207 SETGLOBAL r2 ->> _G[k8 ('jeff_iBanterVehicleDamage' [h=2654751A,$009E9500])]
      040 02000305 GETGLOBAL r2 := _G[k12 ('Audio_PlayVoiceover' [h=EE2AB1DE,$00A40EC0])]
      041 03000185 GETGLOBAL r3 := _G[k6 ('jeff_tHeroInfo' [h=ADAD5F8B,$00998FC0])]
      042 03018046  GETTABLE r3 := r3[r1]
      043 0301C046  GETTABLE r3 := r3[k7 ('vehicleDamage' [h=6A9369E8,$00990000])]
      044 04000205 GETGLOBAL r4 := _G[k8 ('jeff_iBanterVehicleDamage' [h=2654751A,$009E9500])]
      045 03018106  GETTABLE r3 := r3[r4]
      046 04000041     LOADK r4 := k1 ('player0' [h=316752BF,$009A56E0])
      047 02018059      CALL r2 (2 args) => 0 results
      048 0000801B    RETURN
  [Node$01A330EC] 'CARD_RANK_MIN' [h=4771A7AF,$0098B6E0]: TObject(2.0)
  [Node$01A33100] 'Event_AlarmUsed' [h=8220ECA3,$00997E20]: cfunction$002BF0A0 'Event_AlarmUsed' [h=8220ECA3,$00997E20]
  [Node$01A33114] 'jeff_playerInVehicle' [h=8CFD0379,$009E5BC0]: function$009AB160 'jeff_playerInVehicle' [h=8CFD0379,$009E5BC0]
    CONST$00ABC2C0 k0  'assert' [h=92EA3D15,$00979840]
    CONST$00ABC2C8 k1  'jeff_hVehicleDamagedEvent' [h=1E912908,$00A04340]
    CONST$00ABC2D0 k2  '[!!!!!!!!!!] Vehicle damage event already set up in Jeff.lua\n' [h=B3D563AB,$00ABDDC0]
    CONST$00ABC2D8 k3  'jeff_clearVehicleEvents' [h=3E56DA3B,$009FA100]
    CONST$00ABC2E0 k4  'Utility_GetActorsVehicle' [h=19764E85,$009E8C80]
    CONST$00ABC2E8 k5  'player0' [h=316752BF,$009A56E0]
    CONST$00ABC2F0 k6  'Actor_GetMaxHitPoints' [h=13A50B22,$009E3D40]
    CONST$00ABC2F8 k7  'Event_ActorHitPointsLessThan' [h=A14D40BC,$009E1F00]
    CONST$00ABC300 k8  'jeff_vehicleDamaged' [h=ABE9CA23,$00A3AF40]
    CONST$00ABC308 k9  'b' [h=00000083,$00983380]
    CONST$00ABC310 k10 TObject(0.20000000298023224)
    CONST$00ABC318 k11 'jeff_hPlayerOutOfVehicle' [h=F611A62E,$009FAD00]
    CONST$00ABC320 k12 'Event_AiInVehicle' [h=8A9BD566,$009FA180]
    CONST$00ABC328 k13 'jeff_playerOutOfVehicle' [h=98DDF833,$00A23CC0]
    CONST$00ABC330 k14 'FALSE' [h=0E4B730F,$009A6040]
    CONST$00ABC338 k15 'jeff_checkVehicleName' [h=429B7547,$009D9240]
     CODE$00B19C40
      000 00000005 GETGLOBAL r0 := _G[k0 ('assert' [h=92EA3D15,$00979840])]
      001 01000045 GETGLOBAL r1 := _G[k1 ('jeff_hVehicleDamagedEvent' [h=1E912908,$00A04340])]
      002 01008012       NOT r1 := not r1
      003 02000081     LOADK r2 := k2 ('[!!!!!!!!!!] Vehicle damage event already set up in Jeff.lua\n' [h=B3D563AB,$00ABDDC0])
      004 00018059      CALL r0 (2 args) => 0 results
      005 000000C5 GETGLOBAL r0 := _G[k3 ('jeff_clearVehicleEvents' [h=3E56DA3B,$009FA100])]
      006 00008059      CALL r0 (0 args) => 0 results
      007 00000105 GETGLOBAL r0 := _G[k4 ('Utility_GetActorsVehicle' [h=19764E85,$009E8C80])]
      008 01000141     LOADK r1 := k5 ('player0' [h=316752BF,$009A56E0])
      009 00010099      CALL r0 (1 args) => 1 results
      010 01000185 GETGLOBAL r1 := _G[k6 ('Actor_GetMaxHitPoints' [h=13A50B22,$009E3D40])]
      011 02000000      MOVE r2 := r0
      012 01010099      CALL r1 (1 args) => 1 results
      013 020001C5 GETGLOBAL r2 := _G[k7 ('Event_ActorHitPointsLessThan' [h=A14D40BC,$009E1F00])]
      014 03000201     LOADK r3 := k8 ('jeff_vehicleDamaged' [h=ABE9CA23,$00A3AF40])
      015 04000241     LOADK r4 := k9 ('b' [h=00000083,$00983380])
      016 05000000      MOVE r5 := r0
      017 0600C10E       MUL r6 := r1 * k10 (TObject(0.20000000298023224))
      018 02028099      CALL r2 (4 args) => 1 results
      019 02000047 SETGLOBAL r2 ->> _G[k1 ('jeff_hVehicleDamagedEvent' [h=1E912908,$00A04340])]
      020 02000305 GETGLOBAL r2 := _G[k12 ('Event_AiInVehicle' [h=8A9BD566,$009FA180])]
      021 03000341     LOADK r3 := k13 ('jeff_playerOutOfVehicle' [h=98DDF833,$00A23CC0])
      022 04000241     LOADK r4 := k9 ('b' [h=00000083,$00983380])
      023 05000141     LOADK r5 := k5 ('player0' [h=316752BF,$009A56E0])
      024 06000385 GETGLOBAL r6 := _G[k14 ('FALSE' [h=0E4B730F,$009A6040])]
      025 02028099      CALL r2 (4 args) => 1 results
      026 020002C7 SETGLOBAL r2 ->> _G[k11 ('jeff_hPlayerOutOfVehicle' [h=F611A62E,$009FAD00])]
      027 020003C5 GETGLOBAL r2 := _G[k15 ('jeff_checkVehicleName' [h=429B7547,$009D9240])]
      028 03000000      MOVE r3 := r0
      029 02010059      CALL r2 (1 args) => 0 results
      030 0000801B    RETURN
  [Node$01A33128] 'jeff_heroHealed' [h=D56197B2,$009C8D20]: function$009955E0 'jeff_heroHealed' [h=D56197B2,$009C8D20]
    CONST$009D8B40 k0  'jeff_clearHeroEvents' [h=87DA5CA6,$009DDC80]
    CONST$009D8B48 k1  'jeff_iBanterHeroDamage' [h=58C02B62,$00A21880]
    CONST$009D8B50 k2  TObject(0.0)
    CONST$009D8B58 k3  'Event_RelativeTimer' [h=AD23F6E2,$009F7840]
    CONST$009D8B60 k4  'jeff_newHeroDamageEvent' [h=EFF1FB7C,$00A22980]
    CONST$009D8B68 k5  'b' [h=00000083,$00983380]
    CONST$009D8B70 k6  TObject(0.5)
     CODE$00A0BC80
      000 00000005 GETGLOBAL r0 := _G[k0 ('jeff_clearHeroEvents' [h=87DA5CA6,$009DDC80])]
      001 00008059      CALL r0 (0 args) => 0 results
      002 00000081     LOADK r0 := k2 (TObject(0.0))
      003 00000047 SETGLOBAL r0 ->> _G[k1 ('jeff_iBanterHeroDamage' [h=58C02B62,$00A21880])]
      004 000000C5 GETGLOBAL r0 := _G[k3 ('Event_RelativeTimer' [h=AD23F6E2,$009F7840])]
      005 01000101     LOADK r1 := k4 ('jeff_newHeroDamageEvent' [h=EFF1FB7C,$00A22980])
      006 02000141     LOADK r2 := k5 ('b' [h=00000083,$00983380])
      007 03000181     LOADK r3 := k6 (TObject(0.5))
      008 00020059      CALL r0 (3 args) => 0 results
      009 0000801B    RETURN
  [Node$01A3313C] 'JEFF_LUA_LOADED' [h=AD41B5E3,$00984B80]: TObject(1.0)
  [Node$01A33150] 'Ui_EnableHud' [h=AE5763B4,$00988460]: cfunction$002F73E8 'Ui_EnableHud' [h=AE5763B4,$00988460]
  [Node$01A33164] 'ClearLZ_SetupObjective' [h=1B15EFB5,$00A38F80]: function$009E8AC0[3] 'ClearLZ_SetupObjective' [h=1B15EFB5,$00A38F80]
    CONST$00CA35C0 k0  'Debug' [h=129D1272,$009C2A20]
    CONST$00CA35C8 k1  'ClearLZ_SetupObjective: ....' [h=8BFE45F5,$009DAF80]
    CONST$00CA35D0 k2  'ClearLZ_SetupObjective: posting email' [h=C251B11E,$00A3E740]
    CONST$00CA35D8 k3  'Mail_Post' [h=CC9FDE1E,$0098B3A0]
    CONST$00CA35E0 k4  'sw_allies4_clearlz' [h=9F65F2FD,$00A1DD00]
    CONST$00CA35E8 k5  'util_ObjMsgPrint' [h=C078DF61,$00A23780]
    CONST$00CA35F0 k6  'sMsg' [h=00831EED,$0099FF40]
    CONST$00CA35F8 k7  'Utility_GetStringById' [h=F7067A6C,$009EF080]
    CONST$00CA3600 k8  'sw.allies4.objSecondary01Short' [h=F157C877,$009E5480]
    CONST$00CA3608 k9  'sType' [h=10E81B1C,$00984800]
    CONST$00CA3610 k10 'BON_OBJ_ADD' [h=5E5C9116,$00980AC0]
    CONST$00CA3618 k11 'tCounter' [h=A03640CE,$009C32C0]
    CONST$00CA3620 k12 'vCurr' [h=12274736,$00990C60]
    CONST$00CA3628 k13 TObject(0.0)
    CONST$00CA3630 k14 'vLim' [h=00741718,$00989120]
    CONST$00CA3638 k15 'table' [h=10F2114B,$0098D780]
    CONST$00CA3640 k16 'getn' [h=0083B006,$0097DBC0]
    CONST$00CA3648 k17 'tLZ' [h=0002FDBF,$00989E60]
    CONST$00CA3650 k18 'vIdx' [h=008511D1,$00978A00]
    CONST$00CA3658 k19 TObject(1.0)
    CONST$00CA3660 k20 'ClearLZ_SetupObjective: Placing driver into SAM' [h=6AD47649,$00A14040]
    CONST$00CA3668 k21 'ActorVehicle_ReceiveRider' [h=A15FE812,$00A0C080]
    CONST$00CA3670 k22 'LZ_SAM' [h=3B171E03,$009BFD60]
    CONST$00CA3678 k23 'DRIVER' [h=37391C17,$009A6880]
    CONST$00CA3680 k24 'ClearLZ_SetupObjective: Adding Objective' [h=5F9A3A7C,$00A1EA40]
    CONST$00CA3688 k25 'ClearLZ_Objectify' [h=2445F049,$009DEBC0]
    CONST$00CA3690 k26 'BlipLZForces' [h=570FD2D0,$0098CDE0]
    CONST$00CA3698 k27 'Event_ActorToLocationProximity' [h=396A4210,$009DB240]
    CONST$00CA36A0 k28 'ClearLZ_OnBlipNKForces' [h=794B41ED,$009E7B00]
    CONST$00CA36A8 k29 'b' [h=00000083,$00983380]
    CONST$00CA36B0 k30 'HERO' [h=0077AA50,$00988480]
    CONST$00CA36B8 k31 'tLocation' [h=1B661449,$0098DE00]
    CONST$00CA36C0 k32 'LZ' [h=000013EA,$009923A0]
    CONST$00CA36C8 k33 TObject(150.0)
    CONST$00CA36D0 k34 'ClearLZ_SetupObjective: DONE' [h=4F3D0A96,$00A02E00]
     CODE$00C931C0
      000 00000005 GETGLOBAL r0 := _G[k0 ('Debug' [h=129D1272,$009C2A20])]
      001 01000041     LOADK r1 := k1 ('ClearLZ_SetupObjective: ....' [h=8BFE45F5,$009DAF80])
      002 00010059      CALL r0 (1 args) => 0 results
      003 00000004  GETUPVAL r0 := u0
      004 00000058      TEST r0 : r0 := r0
      005 008008D4       JMP +36 ; 42
      006 00000005 GETGLOBAL r0 := _G[k0 ('Debug' [h=129D1272,$009C2A20])]
      007 01000081     LOADK r1 := k2 ('ClearLZ_SetupObjective: posting email' [h=C251B11E,$00A3E740])
      008 00010059      CALL r0 (1 args) => 0 results
      009 00008002  LOADBOOL r0 := True
      010 00000008  SETUPVAL r0 ->> UV[0]
      011 000000C5 GETGLOBAL r0 := _G[k3 ('Mail_Post' [h=CC9FDE1E,$0098B3A0])]
      012 01000101     LOADK r1 := k4 ('sw_allies4_clearlz' [h=9F65F2FD,$00A1DD00])
      013 00010059      CALL r0 (1 args) => 0 results
      014 00000145 GETGLOBAL r0 := _G[k5 ('util_ObjMsgPrint' [h=C078DF61,$00A23780])]
      015 010000CA  NEWTABLE r1 := {} (#a=0, #h=3)
      016 020001C5 GETGLOBAL r2 := _G[k7 ('Utility_GetStringById' [h=F7067A6C,$009EF080])]
      017 03000201     LOADK r3 := k8 ('sw.allies4.objSecondary01Short' [h=F157C877,$009E5480])
      018 02010099      CALL r2 (1 args) => 1 results
      019 01800089  SETTABLE r2 ->> r1[k6 ('sMsg' [h=00831EED,$0099FF40])]
      020 0181C109  SETTABLE k10 ('BON_OBJ_ADD' [h=5E5C9116,$00980AC0]) ->> r1[k9 ('sType' [h=10E81B1C,$00984800])]
      021 0200008A  NEWTABLE r2 := {} (#a=0, #h=2)
      022 028341C9  SETTABLE k13 (TObject(0.0)) ->> r2[k12 ('vCurr' [h=12274736,$00990C60])]
      023 030003C5 GETGLOBAL r3 := _G[k15 ('table' [h=10F2114B,$0098D780])]
      024 0301C286  GETTABLE r3 := r3[k16 ('getn' [h=0083B006,$0097DBC0])]
      025 04008004  GETUPVAL r4 := u1
      026 040242C6  GETTABLE r4 := r4[k17 ('tLZ' [h=0002FDBF,$00989E60])]
      027 03010099      CALL r3 (1 args) => 1 results
      028 028400C9  SETTABLE r3 ->> r2[k14 ('vLim' [h=00741718,$00989120])]
      029 01828089  SETTABLE r2 ->> r1[k11 ('tCounter' [h=A03640CE,$009C32C0])]
      030 01864349  SETTABLE k19 (TObject(1.0)) ->> r1[k18 ('vIdx' [h=008511D1,$00978A00])]
      031 00010059      CALL r0 (1 args) => 0 results
      032 00000005 GETGLOBAL r0 := _G[k0 ('Debug' [h=129D1272,$009C2A20])]
      033 01000501     LOADK r1 := k20 ('ClearLZ_SetupObjective: Placing driver into SAM' [h=6AD47649,$00A14040])
      034 00010059      CALL r0 (1 args) => 0 results
      035 00000545 GETGLOBAL r0 := _G[k21 ('ActorVehicle_ReceiveRider' [h=A15FE812,$00A0C080])]
      036 01000581     LOADK r1 := k22 ('LZ_SAM' [h=3B171E03,$009BFD60])
      037 02008004  GETUPVAL r2 := u1
      038 020142C6  GETTABLE r2 := r2[k17 ('tLZ' [h=0002FDBF,$00989E60])]
      039 02014346  GETTABLE r2 := r2[k19 (TObject(1.0))]
      040 030005C1     LOADK r3 := k23 ('DRIVER' [h=37391C17,$009A6880])
      041 00020059      CALL r0 (3 args) => 0 results
      042 00000005 GETGLOBAL r0 := _G[k0 ('Debug' [h=129D1272,$009C2A20])]
      043 01000601     LOADK r1 := k24 ('ClearLZ_SetupObjective: Adding Objective' [h=5F9A3A7C,$00A1EA40])
      044 00010059      CALL r0 (1 args) => 0 results
      045 00000645 GETGLOBAL r0 := _G[k25 ('ClearLZ_Objectify' [h=2445F049,$009DEBC0])]
      046 01000002  LOADBOOL r1 := False
      047 00010059      CALL r0 (1 args) => 0 results
      048 00010004  GETUPVAL r0 := u2
      049 010006C5 GETGLOBAL r1 := _G[k27 ('Event_ActorToLocationProximity' [h=396A4210,$009DB240])]
      050 02000701     LOADK r2 := k28 ('ClearLZ_OnBlipNKForces' [h=794B41ED,$009E7B00])
      051 03000741     LOADK r3 := k29 ('b' [h=00000083,$00983380])
      052 04000785 GETGLOBAL r4 := _G[k30 ('HERO' [h=0077AA50,$00988480])]
      053 05008004  GETUPVAL r5 := u1
      054 0502C646  GETTABLE r5 := r5[k31 ('tLocation' [h=1B661449,$0098DE00])]
      055 0502C686  GETTABLE r5 := r5[k32 ('LZ' [h=000013EA,$009923A0])]
      056 06000841     LOADK r6 := k33 (TObject(150.0))
      057 07008002  LOADBOOL r7 := True
      058 08008002  LOADBOOL r8 := True
      059 01040099      CALL r1 (7 args) => 1 results
      060 008A0049  SETTABLE r1 ->> r0[k26 ('BlipLZForces' [h=570FD2D0,$0098CDE0])]
      061 00000005 GETGLOBAL r0 := _G[k0 ('Debug' [h=129D1272,$009C2A20])]
      062 01000881     LOADK r1 := k34 ('ClearLZ_SetupObjective: DONE' [h=4F3D0A96,$00A02E00])
      063 00010059      CALL r0 (1 args) => 0 results
      064 0000801B    RETURN
  [Node$01A33178] 'post_MissionCleanup' [h=7A15D91B,$009FE8C0]: function$00983980[1] 'post_MissionCleanup' [h=7A15D91B,$009FE8C0]
    CONST$00A83FC0 k0  'Debug' [h=129D1272,$009C2A20]
    CONST$00A83FC8 k1  'post_MissionCleanup: ....' [h=12939E39,$009F0B80]
    CONST$00A83FD0 k2  'util_SetLoadScreen' [h=60A3A91B,$009EA580]
    CONST$00A83FD8 k3  'chapter2' [h=445CC534,$009820E0]
    CONST$00A83FE0 k4  'Event_CancelEvent' [h=D8960070,$009D8C00]
    CONST$00A83FE8 k5  'post_MissionCleanup: removing all emails' [h=56C2843B,$009ECF80]
    CONST$00A83FF0 k6  'Mail_Delete' [h=8D1A255E,$009A4260]
    CONST$00A83FF8 k7  'sw_allies4_initial' [h=7362B37A,$009D3300]
    CONST$00A84000 k8  'sw_allies4_destroycomputers' [h=A68DC8F9,$009D5380]
    CONST$00A84008 k9  'sw_allies4_usecomputers' [h=E8489953,$00A36580]
    CONST$00A84010 k10 'sw_allies4_clearlz' [h=9F65F2FD,$00A1DD00]
    CONST$00A84018 k11 'bMissionComplete' [h=E5941D58,$00A40B80]
    CONST$00A84020 k12 'ch1_ace_unlock' [h=4CEC265C,$009C8AC0]
    CONST$00A84028 k13 'mission_PlayAceMissionEndMovie' [h=B345E327,$00A36700]
    CONST$00A84030 k14 'bCardKilled' [h=0A4A4D9D,$009C0640]
    CONST$00A84038 k15 'post_MissionCleanup: DONE' [h=FE27C2F3,$009EC1C0]
     CODE$00BAF040
      000 00000005 GETGLOBAL r0 := _G[k0 ('Debug' [h=129D1272,$009C2A20])]
      001 01000041     LOADK r1 := k1 ('post_MissionCleanup: ....' [h=12939E39,$009F0B80])
      002 00010059      CALL r0 (1 args) => 0 results
      003 00000085 GETGLOBAL r0 := _G[k2 ('util_SetLoadScreen' [h=60A3A91B,$009EA580])]
      004 010000C1     LOADK r1 := k3 ('chapter2' [h=445CC534,$009820E0])
      005 00010059      CALL r0 (1 args) => 0 results
      006 00000004  GETUPVAL r0 := u0
      007 01018003   LOADNIL r1 ... r3
      008 008000DE  TFORPREP WIP
      009 04000105 GETGLOBAL r4 := _G[k4 ('Event_CancelEvent' [h=D8960070,$009D8C00])]
      010 05018000      MOVE r5 := r3
      011 04010099      CALL r4 (1 args) => 1 results
      012 03020000      MOVE r3 := r4
      013 0000005D  TFORLOOP WIP
      014 007FFE54       JMP -6 ; 9
      015 00000005 GETGLOBAL r0 := _G[k0 ('Debug' [h=129D1272,$009C2A20])]
      016 01000141     LOADK r1 := k5 ('post_MissionCleanup: removing all emails' [h=56C2843B,$009ECF80])
      017 00010059      CALL r0 (1 args) => 0 results
      018 00000185 GETGLOBAL r0 := _G[k6 ('Mail_Delete' [h=8D1A255E,$009A4260])]
      019 010001C1     LOADK r1 := k7 ('sw_allies4_initial' [h=7362B37A,$009D3300])
      020 00010059      CALL r0 (1 args) => 0 results
      021 00000185 GETGLOBAL r0 := _G[k6 ('Mail_Delete' [h=8D1A255E,$009A4260])]
      022 01000201     LOADK r1 := k8 ('sw_allies4_destroycomputers' [h=A68DC8F9,$009D5380])
      023 00010059      CALL r0 (1 args) => 0 results
      024 00000185 GETGLOBAL r0 := _G[k6 ('Mail_Delete' [h=8D1A255E,$009A4260])]
      025 01000241     LOADK r1 := k9 ('sw_allies4_usecomputers' [h=E8489953,$00A36580])
      026 00010059      CALL r0 (1 args) => 0 results
      027 00000185 GETGLOBAL r0 := _G[k6 ('Mail_Delete' [h=8D1A255E,$009A4260])]
      028 01000281     LOADK r1 := k10 ('sw_allies4_clearlz' [h=9F65F2FD,$00A1DD00])
      029 00010059      CALL r0 (1 args) => 0 results
      030 000002C5 GETGLOBAL r0 := _G[k11 ('bMissionComplete' [h=E5941D58,$00A40B80])]
      031 00000018      TEST not r0 : r0 := r0
      032 00800154       JMP +6 ; 39
      033 00000185 GETGLOBAL r0 := _G[k6 ('Mail_Delete' [h=8D1A255E,$009A4260])]
      034 01000301     LOADK r1 := k12 ('ch1_ace_unlock' [h=4CEC265C,$009C8AC0])
      035 00010059      CALL r0 (1 args) => 0 results
      036 00000345 GETGLOBAL r0 := _G[k13 ('mission_PlayAceMissionEndMovie' [h=B345E327,$00A36700])]
      037 01000385 GETGLOBAL r1 := _G[k14 ('bCardKilled' [h=0A4A4D9D,$009C0640])]
      038 00010059      CALL r0 (1 args) => 0 results
      039 00000005 GETGLOBAL r0 := _G[k0 ('Debug' [h=129D1272,$009C2A20])]
      040 010003C1     LOADK r1 := k15 ('post_MissionCleanup: DONE' [h=FE27C2F3,$009EC1C0])
      041 00010059      CALL r0 (1 args) => 0 results
      042 0000801B    RETURN
  [Node$01A3318C] 'Briefing_EnableWeaponRendering' [h=367ED0B1,$009DCCC0]: cfunction$002C7730 'Briefing_EnableWeaponRendering' [h=367ED0B1,$009DCCC0]
  [Node$01A331A0] 'Actor_ResetLookAtActor' [h=C9F6DFB8,$009D4280]: cfunction$002AEDB8 'Actor_ResetLookAtActor' [h=C9F6DFB8,$009D4280]
  [Node$01A331B4] 'Utility_ReadStringFromScribbleMemory' [h=5455F3B9,$00A0C940]: cfunction$002C5DB8 'Utility_ReadStringFromScribbleMemory' [h=5455F3B9,$00A0C940]
  [Node$01A331DC] 'Ai_MoveToPositionAndHeading' [h=D62DDFBB,$00A21AC0]: cfunction$002B1F30 'Ai_MoveToPositionAndHeading' [h=D62DDFBB,$00A21AC0]
  [Node$01A331F0] 'pre_MissionFailure' [h=669A42F9,$00A0C7C0]: function$00991980 'pre_MissionFailure' [h=669A42F9,$00A0C7C0]
    CONST$009EA800 k0  'Debug' [h=129D1272,$009C2A20]
    CONST$009EA808 k1  'pre_MissionFailure: ....' [h=146A2E10,$00A06740]
    CONST$009EA810 k2  'Utility_EraseValueFromScribbleMemory' [h=D5C200E6,$00A13000]
    CONST$009EA818 k3  'mission_accepted' [h=77464996,$00A32D40]
    CONST$009EA820 k4  'pre_MissionFailure: DONE' [h=18CA23FB,$009D7280]
     CODE$00A11500
      000 00000005 GETGLOBAL r0 := _G[k0 ('Debug' [h=129D1272,$009C2A20])]
      001 01000041     LOADK r1 := k1 ('pre_MissionFailure: ....' [h=146A2E10,$00A06740])
      002 00010059      CALL r0 (1 args) => 0 results
      003 00000085 GETGLOBAL r0 := _G[k2 ('Utility_EraseValueFromScribbleMemory' [h=D5C200E6,$00A13000])]
      004 010000C1     LOADK r1 := k3 ('mission_accepted' [h=77464996,$00A32D40])
      005 00010059      CALL r0 (1 args) => 0 results
      006 00000005 GETGLOBAL r0 := _G[k0 ('Debug' [h=129D1272,$009C2A20])]
      007 01000101     LOADK r1 := k4 ('pre_MissionFailure: DONE' [h=18CA23FB,$009D7280])
      008 00010059      CALL r0 (1 args) => 0 results
      009 0000801B    RETURN
  [Node$01A33204] 'Mission_GetTime' [h=DFD82BBD,$0099FF00]: cfunction$002A0AD0 'Mission_GetTime' [h=DFD82BBD,$0099FF00]
  [Node$01A33218] 'iMissionBounty' [h=4700E7BE,$0099BBC0]: TObject(150000.0)
  [Node$01A3322C] 'Unlockable_AceOfClubsMissionJustWon' [h=271FFF86,$009D1700]: cfunction$002F8AD8 'Unlockable_AceOfClubsMissionJustWon' [h=271FFF86,$009D1700]
  [Node$01A33240] 'mission_DynCreatedObjectivePrefix' [h=84B62FC0,$00A0B880]: 'dynCreatedObjective' [h=AC843D05,$009DF900]
  [Node$01A33254] 'xpcall' [h=6A0AACC2,$0098FF40]: cfunction$003B8C20 'xpcall' [h=6A0AACC2,$0098FF40]
  [Node$01A33268] 'SongTowerDestroyed_FindPath' [h=E2FCFBEE,$009F8980]: function$00995040[1] 'SongTowerDestroyed_FindPath' [h=E2FCFBEE,$009F8980]
    CONST$00BB66C0 k0  'Debug' [h=129D1272,$009C2A20]
    CONST$00BB66C8 k1  'SongTowerDestroyed_FindPath: ....' [h=1E8AE2F3,$00A00480]
    CONST$00BB66D0 k2  'tHind' [h=10BEBA63,$009A8FC0]
    CONST$00BB66D8 k3  'util_GetRandomIntInRange' [h=E995DC0A,$00A1F580]
    CONST$00BB66E0 k4  TObject(1.0)
    CONST$00BB66E8 k5  TObject(8.0)
    CONST$00BB66F0 k6  'bSuccess' [h=0C9AEBFB,$009A5840]
    CONST$00BB66F8 k7  'x' [h=00000099,$0098E3E0]
    CONST$00BB6700 k8  'y' [h=00000098,$0099F120]
    CONST$00BB6708 k9  'z' [h=0000009B,$009A8AA0]
    CONST$00BB6710 k10 'yaw' [h=0003646B,$009C3FC0]
    CONST$00BB6718 k11 'Utility_GetDistantSpawnPointOnPath' [h=E320C02E,$00A06380]
    CONST$00BB6720 k12 TObject(150.0)
    CONST$00BB6728 k13 'SongTowerDestroyed_FindPath: spawn point = ' [h=5EBCDE77,$00A05280]
    CONST$00BB6730 k14 'tostring' [h=787EB105,$009A9A40]
    CONST$00BB6738 k15 ', ' [h=00000CE6,$009A70C0]
    CONST$00BB6740 k16 'SongTowerDestroyed_FindPath' [h=E2FCFBEE,$009F8980]
    CONST$00BB6748 k17 'SongTowerDestroyed_FindPath: DONE' [h=0BF76C7C,$009D5640]
     CODE$00C34F40
      000 03000005 GETGLOBAL r3 := _G[k0 ('Debug' [h=129D1272,$009C2A20])]
      001 04000041     LOADK r4 := k1 ('SongTowerDestroyed_FindPath: ....' [h=1E8AE2F3,$00A00480])
      002 03010059      CALL r3 (1 args) => 0 results
      003 0300000A  NEWTABLE r3 := {} (#a=0, #h=0)
      004 04000004  GETUPVAL r4 := u0
      005 04023F06  GETTABLE r4 := r4[k2 ('tHind' [h=10BEBA63,$009A8FC0])]
      006 050000C5 GETGLOBAL r5 := _G[k3 ('util_GetRandomIntInRange' [h=E995DC0A,$00A1F580])]
      007 06000101     LOADK r6 := k4 (TObject(1.0))
      008 07000141     LOADK r7 := k5 (TObject(8.0))
      009 05018099      CALL r5 (2 args) => 1 results
      010 04020146  GETTABLE r4 := r4[r5]
      011 050002C5 GETGLOBAL r5 := _G[k11 ('Utility_GetDistantSpawnPointOnPath' [h=E320C02E,$00A06380])]
      012 06020000      MOVE r6 := r4
      013 07000000      MOVE r7 := r0
      014 08008000      MOVE r8 := r1
      015 09010000      MOVE r9 := r2
      016 0A000301     LOADK r10 := k12 (TObject(150.0))
      017 05030199      CALL r5 (5 args) => 5 results
      018 03820249  SETTABLE r9 ->> r3[k10 ('yaw' [h=0003646B,$009C3FC0])]
      019 03818209  SETTABLE r8 ->> r3[k9 ('z' [h=0000009B,$009A8AA0])]
      020 038101C9  SETTABLE r7 ->> r3[k8 ('y' [h=00000098,$0099F120])]
      021 03808189  SETTABLE r6 ->> r3[k7 ('x' [h=00000099,$0098E3E0])]
      022 03800149  SETTABLE r5 ->> r3[k6 ('bSuccess' [h=0C9AEBFB,$009A5840])]
      023 05000005 GETGLOBAL r5 := _G[k0 ('Debug' [h=129D1272,$009C2A20])]
      024 06000341     LOADK r6 := k13 ('SongTowerDestroyed_FindPath: spawn point = ' [h=5EBCDE77,$00A05280])
      025 07000385 GETGLOBAL r7 := _G[k14 ('tostring' [h=787EB105,$009A9A40])]
      026 08020000      MOVE r8 := r4
      027 07010099      CALL r7 (1 args) => 1 results
      028 080003C1     LOADK r8 := k15 (', ' [h=00000CE6,$009A70C0])
      029 09000385 GETGLOBAL r9 := _G[k14 ('tostring' [h=787EB105,$009A9A40])]
      030 0A01C006  GETTABLE r10 := r3[k6 ('bSuccess' [h=0C9AEBFB,$009A5840])]
      031 09010099      CALL r9 (1 args) => 1 results
      032 0A0003C1     LOADK r10 := k15 (', ' [h=00000CE6,$009A70C0])
      033 0B000385 GETGLOBAL r11 := _G[k14 ('tostring' [h=787EB105,$009A9A40])]
      034 0C01C046  GETTABLE r12 := r3[k7 ('x' [h=00000099,$0098E3E0])]
      035 0B010099      CALL r11 (1 args) => 1 results
      036 0C0003C1     LOADK r12 := k15 (', ' [h=00000CE6,$009A70C0])
      037 0D000385 GETGLOBAL r13 := _G[k14 ('tostring' [h=787EB105,$009A9A40])]
      038 0E01C086  GETTABLE r14 := r3[k8 ('y' [h=00000098,$0099F120])]
      039 0D010099      CALL r13 (1 args) => 1 results
      040 0E0003C1     LOADK r14 := k15 (', ' [h=00000CE6,$009A70C0])
      041 0F000385 GETGLOBAL r15 := _G[k14 ('tostring' [h=787EB105,$009A9A40])]
      042 1001C0C6  GETTABLE r16 := r3[k9 ('z' [h=0000009B,$009A8AA0])]
      043 0F010099      CALL r15 (1 args) => 1 results
      044 100003C1     LOADK r16 := k15 (', ' [h=00000CE6,$009A70C0])
      045 11000385 GETGLOBAL r17 := _G[k14 ('tostring' [h=787EB105,$009A9A40])]
      046 1201C106  GETTABLE r18 := r3[k10 ('yaw' [h=0003646B,$009C3FC0])]
      047 11010099      CALL r17 (1 args) => 1 results
      048 06030453    CONCAT r6 := r6 ... r17
      049 05010059      CALL r5 (1 args) => 0 results
      050 0501C006  GETTABLE r5 := r3[k6 ('bSuccess' [h=0C9AEBFB,$009A5840])]
      051 05028058      TEST r5 : r5 := r5
      052 00800054       JMP +2 ; 55
      053 05000405 GETGLOBAL r5 := _G[k16 ('SongTowerDestroyed_FindPath' [h=E2FCFBEE,$009F8980])]
      054 05008059      CALL r5 (0 args) => 0 results
      055 05000005 GETGLOBAL r5 := _G[k0 ('Debug' [h=129D1272,$009C2A20])]
      056 06000441     LOADK r6 := k17 ('SongTowerDestroyed_FindPath: DONE' [h=0BF76C7C,$009D5640])
      057 05010059      CALL r5 (1 args) => 0 results
      058 0301001B    RETURN r3 ... r3
      059 0000801B    RETURN
  [Node$01A3327C] 'gameflow_LoadLayers' [h=D98753C3,$00A04040]: function$0099F3C0 'gameflow_LoadLayers' [h=D98753C3,$00A04040]
    CONST$00D36480 k0  'Utility_ReadStringFromScribbleMemory' [h=5455F3B9,$00A0C940]
    CONST$00D36488 k1  'SkipTo_Map' [h=F88EFA9D,$009BF700]
    CONST$00D36490 k2  'suit_sequence' [h=3E108615,$009801E0]
    CONST$00D36498 k3  'util_PrintDebugMsg' [h=A2961C17,$00A25100]
    CONST$00D364A0 k4  '[gameflow.lua] gameflow_LoadLayers: loading layers for map ' [h=20BA3F47,$00A86F40]
    CONST$00D364A8 k5  ', chapter ' [h=D86990B2,$0098B800]
    CONST$00D364B0 k6  '\n' [h=0000002B,$009AB680]
    CONST$00D364B8 k7  'Utility_LoadUtilityScript' [h=08CA6B86,$00A17300]
    CONST$00D364C0 k8  'firefight' [h=8959581E,$0097BC40]
    CONST$00D364C8 k9  'Utility_SuspendLoading' [h=C5D26F6E,$009F94C0]
    CONST$00D364D0 k10 'sw' [h=000017F5,$009A9160]
    CONST$00D364D8 k11 TObject(1.0)
    CONST$00D364E0 k12 TObject(2.0)
    CONST$00D364E8 k13 'nw' [h=0000178E,$009898E0]
    CONST$00D364F0 k14 TObject(3.0)
    CONST$00D364F8 k15 TObject(4.0)
    CONST$00D36500 k16 'CARD_RANK_MIN' [h=4771A7AF,$0098B6E0]
    CONST$00D36508 k17 'CARD_RANK_MAX' [h=B37F15FE,$009C4100]
    CONST$00D36510 k18 'gameflow_GetCardScribbleMemoryVariableName' [h=22BDD88D,$00A13240]
    CONST$00D36518 k19 'Utility_ReadLevelFile' [h=882BA6F9,$00A11C80]
    CONST$00D36520 k20 'gameflow_GetCardLayerName' [h=CF95F46B,$00A06C40]
    CONST$00D36528 k21 '\\TEMPLATE\\template_vehicles_ch' [h=94EA7284,$00A2C4C0]
    CONST$00D36530 k22 'gameflow_sw' [h=2A631D37,$009A03E0]
    CONST$00D36538 k23 'gameflow_nw' [h=2610AB51,$009ABB00]
    CONST$00D36540 k24 'ipairs' [h=B6F4A157,$0098FC00]
    CONST$00D36548 k25 'tSubStates' [h=5663E535,$00975B40]
    CONST$00D36550 k26 'doPostLoadPass' [h=CEB46509,$009957C0]
    CONST$00D36558 k27 'gameflow_ShouldGameStateApply' [h=46081CD8,$00A0FD80]
    CONST$00D36560 k28 'layers' [h=B6F25259,$009C3960]
    CONST$00D36568 k29 'gameflow_QueueLayerLoads' [h=345D3ADB,$00A3E680]
    CONST$00D36570 k30 'trafficZones' [h=6C281FF5,$00987B80]
    CONST$00D36578 k31 'gameflow_ModifyTrafficZones' [h=2B655469,$00A0C740]
    CONST$00D36580 k32 'randomSpawnGroups' [h=E932E513,$00A0C100]
    CONST$00D36588 k33 'proceduralFirefights' [h=9FEDC907,$009E1980]
    CONST$00D36590 k34 'Utility_ResumeLoading' [h=CF829102,$00A05740]
    CONST$00D36598 k35 '[gameflow.lua] gameflow_LoadLayers: finished loading layers for map ' [h=390102A4,$00A848C0]
    CONST$00D365A0 k36 'spawn' [h=105FEC3F,$00991FE0]
    CONST$00D365A8 k37 'gameflow_HandleRandomSpawning' [h=760D2C0D,$009F6140]
    CONST$00D365B0 k38 'gameflow_HandleProceduralFirefights' [h=93737229,$009D0900]
    CONST$00D365B8 k39 'Utility_DoesActorExist' [h=446B4DB5,$009F0740]
    CONST$00D365C0 k40 'global_loc_poi_nkb' [h=8DB29882,$00A1EF00]
    CONST$00D365C8 k41 'Location_GetPosition' [h=A933ECC8,$009F8880]
    CONST$00D365D0 k42 'Actor_Remove' [h=3657B3EC,$0098CD00]
    CONST$00D365D8 k43 'Mission_Spawn' [h=59A02AE9,$009AC240]
    CONST$00D365E0 k44 'template_global_loc_poi_nkb' [h=E48CD1E6,$009EDB40]
    CONST$00D365E8 k45 '' [h=00000000,$009A40A0]
    CONST$00D365F0 k46 TObject(0.0)
    CONST$00D365F8 k47 'gameflow_Bridge_SW_Setup' [h=A747A7A2,$00A20B80]
    CONST$00D36600 k48 'gameflow_Bridge_NW_Setup' [h=40553D69,$00A38E80]
    CONST$00D36608 k49 'collectgarbage' [h=7631F05C,$0099FB20]
    CONST$00D36610 k50 '[gameflow.lua] gameflow_LoadLayers: setting up number card objectives...\n' [h=208EBBDF,$00A77B40]
    CONST$00D36618 k51 'mission_objective' [h=F998800F,$009E6EC0]
    CONST$00D36620 k52 'mission_objectiveverify' [h=E155BFBF,$00A2E8C0]
    CONST$00D36628 k53 'tDeckNameLookup' [h=A7B158D1,$009C3980]
    CONST$00D36630 k54 'gameflow_GetCardActorName' [h=D3E96681,$00A150C0]
    CONST$00D36638 k55 'Utility_GetActorAsInt' [h=A2B359A3,$00A3EB80]
    CONST$00D36640 k56 'Utility_ReadNumberFromScribbleMemory' [h=2BB92038,$009F9D40]
    CONST$00D36648 k57 'identified' [h=D2D7AD7D,$0099B580]
    CONST$00D36650 k58 'suit' [h=0078DBD6,$00988AA0]
    CONST$00D36658 k59 'rank' [h=0074F9BF,$00984980]
    CONST$00D36660 k60 'actorName' [h=4EB2E2FD,$0098A660]
    CONST$00D36668 k61 'bCardIdentified' [h=9E3CFB0E,$00997600]
    CONST$00D36670 k62 'events' [h=7B78A23A,$009A5380]
    CONST$00D36678 k63 'gameflow_CreateNumberCardVerifyObjective' [h=8E902A3C,$00A05800]
    CONST$00D36680 k64 'hCardDormantEvent' [h=A8580966,$00A02100]
    CONST$00D36688 k65 'gameflow_SetupEventCardIsDormant' [h=FDEEF66B,$00A40800]
    CONST$00D36690 k66 '[gameflow.lua] gameflow_LoadLayers: ...finished setting up number card objectives\n' [h=79694DE1,$00A74340]
    CONST$00D36698 k67 'util_SetupFlybys' [h=3A9EB054,$009ED180]
     CODE$019D1FC0
      000 01000005 GETGLOBAL r1 := _G[k0 ('Utility_ReadStringFromScribbleMemory' [h=5455F3B9,$00A0C940])]
      001 02000041     LOADK r2 := k1 ('SkipTo_Map' [h=F88EFA9D,$009BF700])
      002 01010099      CALL r1 (1 args) => 1 results
      003 02000085 GETGLOBAL r2 := _G[k2 ('suit_sequence' [h=3E108615,$009801E0])]
      004 02010006  GETTABLE r2 := r2[r0]
      005 030000C5 GETGLOBAL r3 := _G[k3 ('util_PrintDebugMsg' [h=A2961C17,$00A25100])]
      006 04000101     LOADK r4 := k4 ('[gameflow.lua] gameflow_LoadLayers: loading layers for map ' [h=20BA3F47,$00A86F40])
      007 05008000      MOVE r5 := r1
      008 06000141     LOADK r6 := k5 (', chapter ' [h=D86990B2,$0098B800])
      009 07000000      MOVE r7 := r0
      010 08000181     LOADK r8 := k6 ('\n' [h=0000002B,$009AB680])
      011 04020213    CONCAT r4 := r4 ... r8
      012 03010059      CALL r3 (1 args) => 0 results
      013 030001C5 GETGLOBAL r3 := _G[k7 ('Utility_LoadUtilityScript' [h=08CA6B86,$00A17300])]
      014 04000201     LOADK r4 := k8 ('firefight' [h=8959581E,$0097BC40])
      015 03010059      CALL r3 (1 args) => 0 results
      016 03000245 GETGLOBAL r3 := _G[k9 ('Utility_SuspendLoading' [h=C5D26F6E,$009F94C0])]
      017 03008059      CALL r3 (0 args) => 0 results
      018 0000C115        EQ r1 != k10 ('sw' [h=000017F5,$009A9160])
      019 008000D4       JMP +4 ; 24
      020 01004155        EQ r0 == k11 (TObject(1.0))
      021 008001D4       JMP +8 ; 30
      022 01004195        EQ r0 == k12 (TObject(2.0))
      023 00800154       JMP +6 ; 30
      024 0000C1D5        EQ r1 != k13 ('nw' [h=0000178E,$009898E0])
      025 00800614       JMP +25 ; 51
      026 01004215        EQ r0 == k14 (TObject(3.0))
      027 00800054       JMP +2 ; 30
      028 00004255        EQ r0 != k15 (TObject(4.0))
      029 00800514       JMP +21 ; 51
      030 03000405 GETGLOBAL r3 := _G[k16 ('CARD_RANK_MIN' [h=4771A7AF,$0098B6E0])]
      031 04000445 GETGLOBAL r4 := _G[k17 ('CARD_RANK_MAX' [h=B37F15FE,$009C4100])]
      032 050002C1     LOADK r5 := k11 (TObject(1.0))
      033 0301814D       SUB r3 := r3 - r5
      034 00800394       JMP +15 ; 50
      035 06000485 GETGLOBAL r6 := _G[k18 ('gameflow_GetCardScribbleMemoryVariableName' [h=22BDD88D,$00A13240])]
      036 07010000      MOVE r7 := r2
      037 08018000      MOVE r8 := r3
      038 06018099      CALL r6 (2 args) => 1 results
      039 07000005 GETGLOBAL r7 := _G[k0 ('Utility_ReadStringFromScribbleMemory' [h=5455F3B9,$00A0C940])]
      040 08030000      MOVE r8 := r6
      041 07010099      CALL r7 (1 args) => 1 results
      042 07038058      TEST r7 : r7 := r7
      043 00800154       JMP +6 ; 50
      044 080004C5 GETGLOBAL r8 := _G[k19 ('Utility_ReadLevelFile' [h=882BA6F9,$00A11C80])]
      045 09000505 GETGLOBAL r9 := _G[k20 ('gameflow_GetCardLayerName' [h=CF95F46B,$00A06C40])]
      046 0A010000      MOVE r10 := r2
      047 0B018000      MOVE r11 := r3
      048 09018019      CALL r9 (2 args) => -1 results
      049 08000059      CALL r8 (-1 args) => 0 results
      050 037FFBDC   FORLOOP r3 := r5; if r3 <= r4 JMP -16
      051 03000000      MOVE r3 := r0
      052 0000C115        EQ r1 != k10 ('sw' [h=000017F5,$009A9160])
      053 00800094       JMP +3 ; 57
      054 00830016        LT k12 (TObject(2.0)) >= r0
      055 00800014       JMP +1 ; 57
      056 03000301     LOADK r3 := k12 (TObject(2.0))
      057 040004C5 GETGLOBAL r4 := _G[k19 ('Utility_ReadLevelFile' [h=882BA6F9,$00A11C80])]
      058 05000541     LOADK r5 := k21 ('\\TEMPLATE\\template_vehicles_ch' [h=94EA7284,$00A2C4C0])
      059 06018000      MOVE r6 := r3
      060 05028193    CONCAT r5 := r5 ... r6
      061 04010059      CALL r4 (1 args) => 0 results
      062 0000C115        EQ r1 != k10 ('sw' [h=000017F5,$009A9160])
      063 008000D4       JMP +4 ; 68
      064 040001C5 GETGLOBAL r4 := _G[k7 ('Utility_LoadUtilityScript' [h=08CA6B86,$00A17300])]
      065 05000581     LOADK r5 := k22 ('gameflow_sw' [h=2A631D37,$009A03E0])
      066 04010059      CALL r4 (1 args) => 0 results
      067 00800114       JMP +5 ; 73
      068 0000C1D5        EQ r1 != k13 ('nw' [h=0000178E,$009898E0])
      069 00800094       JMP +3 ; 73
      070 040001C5 GETGLOBAL r4 := _G[k7 ('Utility_LoadUtilityScript' [h=08CA6B86,$00A17300])]
      071 050005C1     LOADK r5 := k23 ('gameflow_nw' [h=2610AB51,$009ABB00])
      072 04010059      CALL r4 (1 args) => 0 results
      073 04000605 GETGLOBAL r4 := _G[k24 ('ipairs' [h=B6F4A157,$0098FC00])]
      074 05000645 GETGLOBAL r5 := _G[k25 ('tSubStates' [h=5663E535,$00975B40])]
      075 05028046  GETTABLE r5 := r5[r1]
      076 04010159      CALL r4 (1 args) => 4 results
      077 0480075E  TFORPREP WIP
      078 08000002  LOADBOOL r8 := False
      079 078A0209  SETTABLE r8 ->> r7[k26 ('doPostLoadPass' [h=CEB46509,$009957C0])]
      080 080006C5 GETGLOBAL r8 := _G[k27 ('gameflow_ShouldGameStateApply' [h=46081CD8,$00A0FD80])]
      081 09038000      MOVE r9 := r7
      082 0A008000      MOVE r10 := r1
      083 0B000000      MOVE r11 := r0
      084 08020099      CALL r8 (3 args) => 1 results
      085 08040018      TEST not r8 : r8 := r8
      086 00800514       JMP +21 ; 108
      087 0803C586  GETTABLE r8 := r7[k28 ('layers' [h=B6F25259,$009C3960])]
      088 08040018      TEST not r8 : r8 := r8
      089 008000D4       JMP +4 ; 94
      090 08000745 GETGLOBAL r8 := _G[k29 ('gameflow_QueueLayerLoads' [h=345D3ADB,$00A3E680])]
      091 09038000      MOVE r9 := r7
      092 0A008000      MOVE r10 := r1
      093 08018059      CALL r8 (2 args) => 0 results
      094 0803C606  GETTABLE r8 := r7[k30 ('trafficZones' [h=6C281FF5,$00987B80])]
      095 08040018      TEST not r8 : r8 := r8
      096 00800094       JMP +3 ; 100
      097 080007C5 GETGLOBAL r8 := _G[k31 ('gameflow_ModifyTrafficZones' [h=2B655469,$00A0C740])]
      098 09038000      MOVE r9 := r7
      099 08010059      CALL r8 (1 args) => 0 results
      100 0803C686  GETTABLE r8 := r7[k32 ('randomSpawnGroups' [h=E932E513,$00A0C100])]
      101 08040058      TEST r8 : r8 := r8
      102 00800094       JMP +3 ; 106
      103 0803C6C6  GETTABLE r8 := r7[k33 ('proceduralFirefights' [h=9FEDC907,$009E1980])]
      104 08040018      TEST not r8 : r8 := r8
      105 00800054       JMP +2 ; 108
      106 08008002  LOADBOOL r8 := True
      107 078A0209  SETTABLE r8 ->> r7[k26 ('doPostLoadPass' [h=CEB46509,$009957C0])]
      108 0400005D  TFORLOOP WIP
      109 007FF7D4       JMP -32 ; 78
      110 04000885 GETGLOBAL r4 := _G[k34 ('Utility_ResumeLoading' [h=CF829102,$00A05740])]
      111 04008059      CALL r4 (0 args) => 0 results
      112 040000C5 GETGLOBAL r4 := _G[k3 ('util_PrintDebugMsg' [h=A2961C17,$00A25100])]
      113 050008C1     LOADK r5 := k35 ('[gameflow.lua] gameflow_LoadLayers: finished loading layers for map ' [h=390102A4,$00A848C0])
      114 06008000      MOVE r6 := r1
      115 07000141     LOADK r7 := k5 (', chapter ' [h=D86990B2,$0098B800])
      116 08000000      MOVE r8 := r0
      117 09000181     LOADK r9 := k6 ('\n' [h=0000002B,$009AB680])
      118 05028253    CONCAT r5 := r5 ... r9
      119 04010059      CALL r4 (1 args) => 0 results
      120 040001C5 GETGLOBAL r4 := _G[k7 ('Utility_LoadUtilityScript' [h=08CA6B86,$00A17300])]
      121 05000901     LOADK r5 := k36 ('spawn' [h=105FEC3F,$00991FE0])
      122 04010059      CALL r4 (1 args) => 0 results
      123 04000605 GETGLOBAL r4 := _G[k24 ('ipairs' [h=B6F4A157,$0098FC00])]
      124 05000645 GETGLOBAL r5 := _G[k25 ('tSubStates' [h=5663E535,$00975B40])]
      125 05028046  GETTABLE r5 := r5[r1]
      126 04010159      CALL r4 (1 args) => 4 results
      127 0480039E  TFORPREP WIP
      128 0803C506  GETTABLE r8 := r7[k26 ('doPostLoadPass' [h=CEB46509,$009957C0])]
      129 08040018      TEST not r8 : r8 := r8
      130 008002D4       JMP +12 ; 143
      131 0803C686  GETTABLE r8 := r7[k32 ('randomSpawnGroups' [h=E932E513,$00A0C100])]
      132 08040018      TEST not r8 : r8 := r8
      133 00800094       JMP +3 ; 137
      134 08000945 GETGLOBAL r8 := _G[k37 ('gameflow_HandleRandomSpawning' [h=760D2C0D,$009F6140])]
      135 09038000      MOVE r9 := r7
      136 08010059      CALL r8 (1 args) => 0 results
      137 0803C6C6  GETTABLE r8 := r7[k33 ('proceduralFirefights' [h=9FEDC907,$009E1980])]
      138 08040018      TEST not r8 : r8 := r8
      139 00800094       JMP +3 ; 143
      140 08000985 GETGLOBAL r8 := _G[k38 ('gameflow_HandleProceduralFirefights' [h=93737229,$009D0900])]
      141 09038000      MOVE r9 := r7
      142 08010059      CALL r8 (1 args) => 0 results
      143 0400005D  TFORLOOP WIP
      144 007FFB94       JMP -17 ; 128
      145 0000C115        EQ r1 != k10 ('sw' [h=000017F5,$009A9160])
      146 00800554       JMP +22 ; 169
      147 040009C5 GETGLOBAL r4 := _G[k39 ('Utility_DoesActorExist' [h=446B4DB5,$009F0740])]
      148 05000A01     LOADK r5 := k40 ('global_loc_poi_nkb' [h=8DB29882,$00A1EF00])
      149 04010099      CALL r4 (1 args) => 1 results
      150 04020018      TEST not r4 : r4 := r4
      151 00800354       JMP +14 ; 166
      152 04000A45 GETGLOBAL r4 := _G[k41 ('Location_GetPosition' [h=A933ECC8,$009F8880])]
      153 05000A01     LOADK r5 := k40 ('global_loc_poi_nkb' [h=8DB29882,$00A1EF00])
      154 04010119      CALL r4 (1 args) => 3 results
      155 07000A85 GETGLOBAL r7 := _G[k42 ('Actor_Remove' [h=3657B3EC,$0098CD00])]
      156 08000A01     LOADK r8 := k40 ('global_loc_poi_nkb' [h=8DB29882,$00A1EF00])
      157 07010059      CALL r7 (1 args) => 0 results
      158 07000AC5 GETGLOBAL r7 := _G[k43 ('Mission_Spawn' [h=59A02AE9,$009AC240])]
      159 08000B01     LOADK r8 := k44 ('template_global_loc_poi_nkb' [h=E48CD1E6,$009EDB40])
      160 09000B41     LOADK r9 := k45 ('' [h=00000000,$009A40A0])
      161 0A020000      MOVE r10 := r4
      162 0B028000      MOVE r11 := r5
      163 0C030000      MOVE r12 := r6
      164 0D000B81     LOADK r13 := k46 (TObject(0.0))
      165 07038059      CALL r7 (6 args) => 0 results
      166 04000BC5 GETGLOBAL r4 := _G[k47 ('gameflow_Bridge_SW_Setup' [h=A747A7A2,$00A20B80])]
      167 04008059      CALL r4 (0 args) => 0 results
      168 008000D4       JMP +4 ; 173
      169 0000C1D5        EQ r1 != k13 ('nw' [h=0000178E,$009898E0])
      170 00800054       JMP +2 ; 173
      171 04000C05 GETGLOBAL r4 := _G[k48 ('gameflow_Bridge_NW_Setup' [h=40553D69,$00A38E80])]
      172 04008059      CALL r4 (0 args) => 0 results
      173 04020003   LOADNIL r4 ... r4
      174 04000647 SETGLOBAL r4 ->> _G[k25 ('tSubStates' [h=5663E535,$00975B40])]
      175 04000C45 GETGLOBAL r4 := _G[k49 ('collectgarbage' [h=7631F05C,$0099FB20])]
      176 04008059      CALL r4 (0 args) => 0 results
      177 040000C5 GETGLOBAL r4 := _G[k3 ('util_PrintDebugMsg' [h=A2961C17,$00A25100])]
      178 05000C81     LOADK r5 := k50 ('[gameflow.lua] gameflow_LoadLayers: setting up number card objectives...\n' [h=208EBBDF,$00A77B40])
      179 04010059      CALL r4 (1 args) => 0 results
      180 0000C115        EQ r1 != k10 ('sw' [h=000017F5,$009A9160])
      181 008000D4       JMP +4 ; 186
      182 01004155        EQ r0 == k11 (TObject(1.0))
      183 008001D4       JMP +8 ; 192
      184 01004195        EQ r0 == k12 (TObject(2.0))
      185 00800154       JMP +6 ; 192
      186 0000C1D5        EQ r1 != k13 ('nw' [h=0000178E,$009898E0])
      187 008010D4       JMP +68 ; 256
      188 01004215        EQ r0 == k14 (TObject(3.0))
      189 00800054       JMP +2 ; 192
      190 00004255        EQ r0 != k15 (TObject(4.0))
      191 00800FD4       JMP +64 ; 256
      192 040001C5 GETGLOBAL r4 := _G[k7 ('Utility_LoadUtilityScript' [h=08CA6B86,$00A17300])]
      193 05000CC1     LOADK r5 := k51 ('mission_objective' [h=F998800F,$009E6EC0])
      194 04010059      CALL r4 (1 args) => 0 results
      195 040001C5 GETGLOBAL r4 := _G[k7 ('Utility_LoadUtilityScript' [h=08CA6B86,$00A17300])]
      196 05000D01     LOADK r5 := k52 ('mission_objectiveverify' [h=E155BFBF,$00A2E8C0])
      197 04010059      CALL r4 (1 args) => 0 results
      198 0400000A  NEWTABLE r4 := {} (#a=0, #h=0)
      199 04000D47 SETGLOBAL r4 ->> _G[k53 ('tDeckNameLookup' [h=A7B158D1,$009C3980])]
      200 04000405 GETGLOBAL r4 := _G[k16 ('CARD_RANK_MIN' [h=4771A7AF,$0098B6E0])]
      201 05000445 GETGLOBAL r5 := _G[k17 ('CARD_RANK_MAX' [h=B37F15FE,$009C4100])]
      202 060002C1     LOADK r6 := k11 (TObject(1.0))
      203 0402018D       SUB r4 := r4 - r6
      204 00800C54       JMP +50 ; 255
      205 07000485 GETGLOBAL r7 := _G[k18 ('gameflow_GetCardScribbleMemoryVariableName' [h=22BDD88D,$00A13240])]
      206 08010000      MOVE r8 := r2
      207 09020000      MOVE r9 := r4
      208 07018099      CALL r7 (2 args) => 1 results
      209 08000005 GETGLOBAL r8 := _G[k0 ('Utility_ReadStringFromScribbleMemory' [h=5455F3B9,$00A0C940])]
      210 09038000      MOVE r9 := r7
      211 08010099      CALL r8 (1 args) => 1 results
      212 08040058      TEST r8 : r8 := r8
      213 00800A14       JMP +41 ; 255
      214 09000D85 GETGLOBAL r9 := _G[k54 ('gameflow_GetCardActorName' [h=D3E96681,$00A150C0])]
      215 0A010000      MOVE r10 := r2
      216 0B020000      MOVE r11 := r4
      217 09018099      CALL r9 (2 args) => 1 results
      218 0A000DC5 GETGLOBAL r10 := _G[k55 ('Utility_GetActorAsInt' [h=A2B359A3,$00A3EB80])]
      219 0B048000      MOVE r11 := r9
      220 0A010099      CALL r10 (1 args) => 1 results
      221 0A050018      TEST not r10 : r10 := r10
      222 008007D4       JMP +32 ; 255
      223 0B000E05 GETGLOBAL r11 := _G[k56 ('Utility_ReadNumberFromScribbleMemory' [h=2BB92038,$009F9D40])]
      224 0C010000      MOVE r12 := r2
      225 0D020000      MOVE r13 := r4
      226 0E000E41     LOADK r14 := k57 ('identified' [h=D2D7AD7D,$0099B580])
      227 0C060393    CONCAT r12 := r12 ... r14
      228 0B010099      CALL r11 (1 args) => 1 results
      229 0105C155        EQ r11 == k11 (TObject(1.0))
      230 00800014       JMP +1 ; 232
      231 0B000042  LOADBOOL r11 := False ; br 233
      232 0B008002  LOADBOOL r11 := True
      233 0C000D45 GETGLOBAL r12 := _G[k53 ('tDeckNameLookup' [h=A7B158D1,$009C3980])]
      234 0D0000CA  NEWTABLE r13 := {} (#a=0, #h=3)
      235 0D9A0089  SETTABLE r2 ->> r13[k58 ('suit' [h=0078DBD6,$00988AA0])]
      236 0D9A8109  SETTABLE r4 ->> r13[k59 ('rank' [h=0074F9BF,$00984980])]
      237 0D9B0249  SETTABLE r9 ->> r13[k60 ('actorName' [h=4EB2E2FD,$0098A660])]
      238 0D9B82C9  SETTABLE r11 ->> r13[k61 ('bCardIdentified' [h=9E3CFB0E,$00997600])]
      239 0E00000A  NEWTABLE r14 := {} (#a=0, #h=0)
      240 0D9C0389  SETTABLE r14 ->> r13[k62 ('events' [h=7B78A23A,$009A5380])]
      241 0C050349  SETTABLE r13 ->> r12[r10]
      242 0B058018      TEST not r11 : r11 := r11
      243 00800094       JMP +3 ; 247
      244 0C000FC5 GETGLOBAL r12 := _G[k63 ('gameflow_CreateNumberCardVerifyObjective' [h=8E902A3C,$00A05800])]
      245 0D048000      MOVE r13 := r9
      246 0C010059      CALL r12 (1 args) => 0 results
      247 0C000D45 GETGLOBAL r12 := _G[k53 ('tDeckNameLookup' [h=A7B158D1,$009C3980])]
      248 0C060286  GETTABLE r12 := r12[r10]
      249 0C064E06  GETTABLE r12 := r12[k62 ('events' [h=7B78A23A,$009A5380])]
      250 0D001045 GETGLOBAL r13 := _G[k65 ('gameflow_SetupEventCardIsDormant' [h=FDEEF66B,$00A40800])]
      251 0E048000      MOVE r14 := r9
      252 0F000002  LOADBOOL r15 := False
      253 0D018099      CALL r13 (2 args) => 1 results
      254 0C9D0349  SETTABLE r13 ->> r12[k64 ('hCardDormantEvent' [h=A8580966,$00A02100])]
      255 047FF31C   FORLOOP r4 := r6; if r4 <= r5 JMP -51
      256 040000C5 GETGLOBAL r4 := _G[k3 ('util_PrintDebugMsg' [h=A2961C17,$00A25100])]
      257 05001081     LOADK r5 := k66 ('[gameflow.lua] gameflow_LoadLayers: ...finished setting up number card objectives\n' [h=79694DE1,$00A74340])
      258 04010059      CALL r4 (1 args) => 0 results
      259 040010C5 GETGLOBAL r4 := _G[k67 ('util_SetupFlybys' [h=3A9EB054,$009ED180])]
      260 04008059      CALL r4 (0 args) => 0 results
      261 0000801B    RETURN
  [Node$01A33290] 'SetupEventActorInsideRegion' [h=B0F6FBC4,$009F7E40]: function$00989500 'SetupEventActorInsideRegion' [h=B0F6FBC4,$009F7E40]
    CONST$00BEFA80 k0  'DetermineDeliveryAreaType' [h=C8F189E9,$009D6700]
    CONST$00BEFA88 k1  'delivAreaType' [h=64847EB2,$0098E100]
    CONST$00BEFA90 k2  'DELIV_AREA_TYPE_LINEREGION' [h=E0C7BEF0,$00A04300]
    CONST$00BEFA98 k3  'Event_ActorInBoundary' [h=5BF73290,$00A20700]
    CONST$00BEFAA0 k4  'ActorInsideRegion' [h=3108DA37,$00A0A400]
    CONST$00BEFAA8 k5  'b' [h=00000083,$00983380]
    CONST$00BEFAB0 k6  'actorName' [h=4EB2E2FD,$0098A660]
    CONST$00BEFAB8 k7  'destLineRegion' [h=8EB06915,$009A21A0]
    CONST$00BEFAC0 k8  'TRUE' [h=0067B195,$0097E680]
    CONST$00BEFAC8 k9  'DELIV_AREA_TYPE_LOC' [h=C2CF524B,$00A23880]
    CONST$00BEFAD0 k10 'destLocRadius' [h=33FDCDF5,$00995640]
    CONST$00BEFAD8 k11 TObject(None)
    CONST$00BEFAE0 k12 'DEFAULT_DELIVERY_RADIUS' [h=1EC6D5B3,$009E38C0]
    CONST$00BEFAE8 k13 TObject(0.0)
    CONST$00BEFAF0 k14 'stopAtDest' [h=5D101CAC,$0099FEE0]
    CONST$00BEFAF8 k15 'Event_ActorInLoadingZone' [h=DD9C6EDC,$009DF840]
    CONST$00BEFB00 k16 'destLoc' [h=0C475489,$0098D3C0]
    CONST$00BEFB08 k17 'Event_ActorToLocationProximity' [h=396A4210,$009DB240]
     CODE$00BB30C0
      000 01000005 GETGLOBAL r1 := _G[k0 ('DetermineDeliveryAreaType' [h=C8F189E9,$009D6700])]
      001 02000000      MOVE r2 := r0
      002 01010099      CALL r1 (1 args) => 1 results
      003 0200BEC6  GETTABLE r2 := r1[k1 ('delivAreaType' [h=64847EB2,$0098E100])]
      004 03000085 GETGLOBAL r3 := _G[k2 ('DELIV_AREA_TYPE_LINEREGION' [h=E0C7BEF0,$00A04300])]
      005 000100D5        EQ r2 != r3
      006 00800214       JMP +9 ; 16
      007 030000C5 GETGLOBAL r3 := _G[k3 ('Event_ActorInBoundary' [h=5BF73290,$00A20700])]
      008 04000101     LOADK r4 := k4 ('ActorInsideRegion' [h=3108DA37,$00A0A400])
      009 05000141     LOADK r5 := k5 ('b' [h=00000083,$00983380])
      010 06004006  GETTABLE r6 := r0[k6 ('actorName' [h=4EB2E2FD,$0098A660])]
      011 07004046  GETTABLE r7 := r0[k7 ('destLineRegion' [h=8EB06915,$009A21A0])]
      012 08000205 GETGLOBAL r8 := _G[k8 ('TRUE' [h=0067B195,$0097E680])]
      013 0303001A  TAILCALL r3 (5 args)
      014 0300001B    RETURN r3 ... top
      015 00800794       JMP +31 ; 47
      016 03000245 GETGLOBAL r3 := _G[k9 ('DELIV_AREA_TYPE_LOC' [h=C2CF524B,$00A23880])]
      017 000100D5        EQ r2 != r3
      018 008006D4       JMP +28 ; 47
      019 03004106  GETTABLE r3 := r0[k10 ('destLocRadius' [h=33FDCDF5,$00995640])]
      020 0001C155        EQ r3 != k11 (TObject(None))
      021 00800014       JMP +1 ; 23
      022 03000305 GETGLOBAL r3 := _G[k12 ('DEFAULT_DELIVERY_RADIUS' [h=1EC6D5B3,$009E38C0])]
      023 008380D6        LT k13 (TObject(0.0)) >= r3
      024 00800554       JMP +22 ; 47
      025 04004206  GETTABLE r4 := r0[k14 ('stopAtDest' [h=5D101CAC,$0099FEE0])]
      026 04020018      TEST not r4 : r4 := r4
      027 00800214       JMP +9 ; 37
      028 040003C5 GETGLOBAL r4 := _G[k15 ('Event_ActorInLoadingZone' [h=DD9C6EDC,$009DF840])]
      029 05000101     LOADK r5 := k4 ('ActorInsideRegion' [h=3108DA37,$00A0A400])
      030 06000141     LOADK r6 := k5 ('b' [h=00000083,$00983380])
      031 07004006  GETTABLE r7 := r0[k6 ('actorName' [h=4EB2E2FD,$0098A660])]
      032 08004286  GETTABLE r8 := r0[k16 ('destLoc' [h=0C475489,$0098D3C0])]
      033 09018000      MOVE r9 := r3
      034 0403001A  TAILCALL r4 (5 args)
      035 0400001B    RETURN r4 ... top
      036 00800254       JMP +10 ; 47
      037 04000445 GETGLOBAL r4 := _G[k17 ('Event_ActorToLocationProximity' [h=396A4210,$009DB240])]
      038 05000101     LOADK r5 := k4 ('ActorInsideRegion' [h=3108DA37,$00A0A400])
      039 06000141     LOADK r6 := k5 ('b' [h=00000083,$00983380])
      040 07004006  GETTABLE r7 := r0[k6 ('actorName' [h=4EB2E2FD,$0098A660])]
      041 08004286  GETTABLE r8 := r0[k16 ('destLoc' [h=0C475489,$0098D3C0])]
      042 09018000      MOVE r9 := r3
      043 0A000205 GETGLOBAL r10 := _G[k8 ('TRUE' [h=0067B195,$0097E680])]
      044 0B000205 GETGLOBAL r11 := _G[k8 ('TRUE' [h=0067B195,$0097E680])]
      045 0404001A  TAILCALL r4 (7 args)
      046 0400001B    RETURN r4 ... top
      047 0000801B    RETURN
  [Node$01A332A4] 'Ui_AddChallengeMarkerActor' [h=5CD130D9,$00A0E940]: cfunction$002A8108 'Ui_AddChallengeMarkerActor' [h=5CD130D9,$00A0E940]
  [Node$01A332B8] 'ActorVehicle_Lock' [h=2FEB53C6,$009E0000]: cfunction$002B0BD0 'ActorVehicle_Lock' [h=2FEB53C6,$009E0000]
  [Node$01A332CC] 'rawequal' [h=59B412DA,$009C5220]: cfunction$003B85D0 'rawequal' [h=59B412DA,$009C5220]
  [Node$01A332E0] 'TechSaysDestroySongTower1' [h=067D71D5,$00A0DB00]: function$009C23C0 'TechSaysDestroySongTower1' [h=067D71D5,$00A0DB00]
    CONST$00A98AC0 k0  'Debug' [h=129D1272,$009C2A20]
    CONST$00A98AC8 k1  'TechSaysDestroySongTower1: .....' [h=0E7FAAB4,$009CEB80]
    CONST$00A98AD0 k2  'TechSaysDestroySongTower2: add 1 bunker buster' [h=C1630755,$00A08000]
    CONST$00A98AD8 k3  'Support_AddItem' [h=E53E40DA,$0098F7E0]
    CONST$00A98AE0 k4  'template_support_bunkerbuster' [h=8FF368F3,$009F4800]
    CONST$00A98AE8 k5  TObject(1.0)
    CONST$00A98AF0 k6  'CallIn' [h=7A5F9961,$00998BC0]
    CONST$00A98AF8 k7  'TechSaysDestroySongTower2' [h=655C5478,$00A09F80]
    CONST$00A98B00 k8  TObject(0.75)
    CONST$00A98B08 k9  'TechSaysDestroySongTower1: DONE' [h=29A48E05,$009F3CC0]
     CODE$00A78CC0
      000 00000005 GETGLOBAL r0 := _G[k0 ('Debug' [h=129D1272,$009C2A20])]
      001 01000041     LOADK r1 := k1 ('TechSaysDestroySongTower1: .....' [h=0E7FAAB4,$009CEB80])
      002 00010059      CALL r0 (1 args) => 0 results
      003 00000005 GETGLOBAL r0 := _G[k0 ('Debug' [h=129D1272,$009C2A20])]
      004 01000081     LOADK r1 := k2 ('TechSaysDestroySongTower2: add 1 bunker buster' [h=C1630755,$00A08000])
      005 00010059      CALL r0 (1 args) => 0 results
      006 000000C5 GETGLOBAL r0 := _G[k3 ('Support_AddItem' [h=E53E40DA,$0098F7E0])]
      007 01000101     LOADK r1 := k4 ('template_support_bunkerbuster' [h=8FF368F3,$009F4800])
      008 02000141     LOADK r2 := k5 (TObject(1.0))
      009 00018059      CALL r0 (2 args) => 0 results
      010 00000185 GETGLOBAL r0 := _G[k6 ('CallIn' [h=7A5F9961,$00998BC0])]
      011 010001C1     LOADK r1 := k7 ('TechSaysDestroySongTower2' [h=655C5478,$00A09F80])
      012 02000201     LOADK r2 := k8 (TObject(0.75))
      013 00018059      CALL r0 (2 args) => 0 results
      014 00000005 GETGLOBAL r0 := _G[k0 ('Debug' [h=129D1272,$009C2A20])]
      015 01000241     LOADK r1 := k9 ('TechSaysDestroySongTower1: DONE' [h=29A48E05,$009F3CC0])
      016 00010059      CALL r0 (1 args) => 0 results
      017 0000801B    RETURN
  [Node$01A332F4] 'newproxy' [h=1FFD1ADE,$009C1FC0]: cfunction$003B8C98[1] 'newproxy' [h=1FFD1ADE,$009C1FC0]
  [Node$01A33308] 'Mission_Spawn' [h=59A02AE9,$009AC240]: cfunction$002A2C68 'Mission_Spawn' [h=59A02AE9,$009AC240]
  [Node$01A3331C] 'Player_SpecialDetach' [h=95FBD26C,$00A3B400]: cfunction$002F7B60 'Player_SpecialDetach' [h=95FBD26C,$00A3B400]
  [Node$01A33330] 'ClearLZ_UpdateObjMsgPrint' [h=480C4D66,$00A3D700]: function$009F7540[3] 'ClearLZ_UpdateObjMsgPrint' [h=480C4D66,$00A3D700]
    CONST$00BA2A40 k0  'Debug' [h=129D1272,$009C2A20]
    CONST$00BA2A48 k1  'ClearLZ_UpdateObjMsgPrint: ....' [h=A30EEA04,$009E6640]
    CONST$00BA2A50 k2  'UpdateObjMsgPrintOK' [h=EE21F08E,$009D1400]
    CONST$00BA2A58 k3  TObject(None)
    CONST$00BA2A60 k4  'CallIn' [h=7A5F9961,$00998BC0]
    CONST$00BA2A68 k5  'ClearLZ_UpdateObjMsgPrintOK' [h=534F89A0,$00A20000]
    CONST$00BA2A70 k6  TObject(6.0)
    CONST$00BA2A78 k7  'util_ObjMsgPrint' [h=C078DF61,$00A23780]
    CONST$00BA2A80 k8  'sMsg' [h=00831EED,$0099FF40]
    CONST$00BA2A88 k9  'Utility_GetStringById' [h=F7067A6C,$009EF080]
    CONST$00BA2A90 k10 'sw.allies4.objSecondary01Short' [h=F157C877,$009E5480]
    CONST$00BA2A98 k11 'sType' [h=10E81B1C,$00984800]
    CONST$00BA2AA0 k12 'BON_OBJ_UPD_POS' [h=9C6A3A6B,$009A0AC0]
    CONST$00BA2AA8 k13 'tCounter' [h=A03640CE,$009C32C0]
    CONST$00BA2AB0 k14 'vCurr' [h=12274736,$00990C60]
    CONST$00BA2AB8 k15 'vLim' [h=00741718,$00989120]
    CONST$00BA2AC0 k16 'vIdx' [h=008511D1,$00978A00]
    CONST$00BA2AC8 k17 TObject(1.0)
    CONST$00BA2AD0 k18 'ClearLZ_UpdateObjMsgPrint: okay for delayed update' [h=B98DB934,$00A843C0]
    CONST$00BA2AD8 k19 'ClearLZ_UpdateObjMsgPrint: DONE' [h=10AA03FE,$00A10A00]
     CODE$00BB1A40
      000 00000005 GETGLOBAL r0 := _G[k0 ('Debug' [h=129D1272,$009C2A20])]
      001 01000041     LOADK r1 := k1 ('ClearLZ_UpdateObjMsgPrint: ....' [h=A30EEA04,$009E6640])
      002 00010059      CALL r0 (1 args) => 0 results
      003 00000004  GETUPVAL r0 := u0
      004 00003F06  GETTABLE r0 := r0[k2 ('UpdateObjMsgPrintOK' [h=EE21F08E,$009D1400])]
      005 00003F55        EQ r0 != k3 (TObject(None))
      006 00800514       JMP +21 ; 28
      007 00000004  GETUPVAL r0 := u0
      008 01000105 GETGLOBAL r1 := _G[k4 ('CallIn' [h=7A5F9961,$00998BC0])]
      009 02000141     LOADK r2 := k5 ('ClearLZ_UpdateObjMsgPrintOK' [h=534F89A0,$00A20000])
      010 03000181     LOADK r3 := k6 (TObject(6.0))
      011 01018099      CALL r1 (2 args) => 1 results
      012 007E0049  SETTABLE r1 ->> r0[k2 ('UpdateObjMsgPrintOK' [h=EE21F08E,$009D1400])]
      013 000001C5 GETGLOBAL r0 := _G[k7 ('util_ObjMsgPrint' [h=C078DF61,$00A23780])]
      014 010000CA  NEWTABLE r1 := {} (#a=0, #h=3)
      015 02000245 GETGLOBAL r2 := _G[k9 ('Utility_GetStringById' [h=F7067A6C,$009EF080])]
      016 03000281     LOADK r3 := k10 ('sw.allies4.objSecondary01Short' [h=F157C877,$009E5480])
      017 02010099      CALL r2 (1 args) => 1 results
      018 01810089  SETTABLE r2 ->> r1[k8 ('sMsg' [h=00831EED,$0099FF40])]
      019 0182C189  SETTABLE k12 ('BON_OBJ_UPD_POS' [h=9C6A3A6B,$009A0AC0]) ->> r1[k11 ('sType' [h=10E81B1C,$00984800])]
      020 0200008A  NEWTABLE r2 := {} (#a=0, #h=2)
      021 03008004  GETUPVAL r3 := u1
      022 028400C9  SETTABLE r3 ->> r2[k14 ('vCurr' [h=12274736,$00990C60])]
      023 0284C009  SETTABLE k6 (TObject(6.0)) ->> r2[k15 ('vLim' [h=00741718,$00989120])]
      024 01838089  SETTABLE r2 ->> r1[k13 ('tCounter' [h=A03640CE,$009C32C0])]
      025 018542C9  SETTABLE k17 (TObject(1.0)) ->> r1[k16 ('vIdx' [h=008511D1,$00978A00])]
      026 00010059      CALL r0 (1 args) => 0 results
      027 00800114       JMP +5 ; 33
      028 00000005 GETGLOBAL r0 := _G[k0 ('Debug' [h=129D1272,$009C2A20])]
      029 01000481     LOADK r1 := k18 ('ClearLZ_UpdateObjMsgPrint: okay for delayed update' [h=B98DB934,$00A843C0])
      030 00010059      CALL r0 (1 args) => 0 results
      031 00008002  LOADBOOL r0 := True
      032 00010008  SETUPVAL r0 ->> UV[2]
      033 00000005 GETGLOBAL r0 := _G[k0 ('Debug' [h=129D1272,$009C2A20])]
      034 010004C1     LOADK r1 := k19 ('ClearLZ_UpdateObjMsgPrint: DONE' [h=10AA03FE,$00A10A00])
      035 00010059      CALL r0 (1 args) => 0 results
      036 0000801B    RETURN
  [Node$01A33344] 'Briefing_SpecialDisplayRadar' [h=92759FCD,$009FB000]: cfunction$002C7860 'Briefing_SpecialDisplayRadar' [h=92759FCD,$009FB000]
  [Node$01A33358] 'ClearLZ_OnBlipNKForces' [h=794B41ED,$009E7B00]: function$009A7240[2] 'ClearLZ_OnBlipNKForces' [h=794B41ED,$009E7B00]
    CONST$00A84A40 k0  'Debug' [h=129D1272,$009C2A20]
    CONST$00A84A48 k1  'ClearLZ_OnBlipNKForces: ....' [h=FA9B3634,$00A0F7C0]
    CONST$00A84A50 k2  'BlipLZForces' [h=570FD2D0,$0098CDE0]
    CONST$00A84A58 k3  'Event_ActorToLocationProximity' [h=396A4210,$009DB240]
    CONST$00A84A60 k4  'ClearLZ_OnUnBlipNKForces' [h=A598B683,$009E03C0]
    CONST$00A84A68 k5  'b' [h=00000083,$00983380]
    CONST$00A84A70 k6  'HERO' [h=0077AA50,$00988480]
    CONST$00A84A78 k7  'tLocation' [h=1B661449,$0098DE00]
    CONST$00A84A80 k8  'LZ' [h=000013EA,$009923A0]
    CONST$00A84A88 k9  TObject(150.0)
    CONST$00A84A90 k10 'ClearLZ_Objectify' [h=2445F049,$009DEBC0]
    CONST$00A84A98 k11 'ClearLZ_OnBlipNKForces: DONE' [h=7DD61E6B,$009F5280]
     CODE$00B2F6C0
      000 00000005 GETGLOBAL r0 := _G[k0 ('Debug' [h=129D1272,$009C2A20])]
      001 01000041     LOADK r1 := k1 ('ClearLZ_OnBlipNKForces: ....' [h=FA9B3634,$00A0F7C0])
      002 00010059      CALL r0 (1 args) => 0 results
      003 00000004  GETUPVAL r0 := u0
      004 010000C5 GETGLOBAL r1 := _G[k3 ('Event_ActorToLocationProximity' [h=396A4210,$009DB240])]
      005 02000101     LOADK r2 := k4 ('ClearLZ_OnUnBlipNKForces' [h=A598B683,$009E03C0])
      006 03000141     LOADK r3 := k5 ('b' [h=00000083,$00983380])
      007 04000185 GETGLOBAL r4 := _G[k6 ('HERO' [h=0077AA50,$00988480])]
      008 05008004  GETUPVAL r5 := u1
      009 0502C046  GETTABLE r5 := r5[k7 ('tLocation' [h=1B661449,$0098DE00])]
      010 0502C086  GETTABLE r5 := r5[k8 ('LZ' [h=000013EA,$009923A0])]
      011 06000241     LOADK r6 := k9 (TObject(150.0))
      012 07000002  LOADBOOL r7 := False
      013 08008002  LOADBOOL r8 := True
      014 01040099      CALL r1 (7 args) => 1 results
      015 007E0049  SETTABLE r1 ->> r0[k2 ('BlipLZForces' [h=570FD2D0,$0098CDE0])]
      016 00000285 GETGLOBAL r0 := _G[k10 ('ClearLZ_Objectify' [h=2445F049,$009DEBC0])]
      017 01008002  LOADBOOL r1 := True
      018 00010059      CALL r0 (1 args) => 0 results
      019 00000005 GETGLOBAL r0 := _G[k0 ('Debug' [h=129D1272,$009C2A20])]
      020 010002C1     LOADK r1 := k11 ('ClearLZ_OnBlipNKForces: DONE' [h=7DD61E6B,$009F5280])
      021 00010059      CALL r0 (1 args) => 0 results
      022 0000801B    RETURN
  [Node$01A3336C] 'jeff_setupCostumeTent' [h=3D41CBCF,$009EB3C0]: function$0097C900 'jeff_setupCostumeTent' [h=3D41CBCF,$009EB3C0]
    CONST$00A719C0 k0  'jeff_costumeTentExists' [h=8DB7F529,$00A0B6C0]
    CONST$00A719C8 k1  'Actor_EnableScriptedUse' [h=2140441B,$00A37B40]
    CONST$00A719D0 k2  'costumeTentEntrance' [h=90556325,$009D2F00]
    CONST$00A719D8 k3  'actions.changeoutfit' [h=390BC16C,$009E2340]
    CONST$00A719E0 k4  TObject(1.5)
    CONST$00A719E8 k5  'Objective_SetTargetActor' [h=A04E11C0,$009CB2C0]
    CONST$00A719F0 k6  '' [h=00000000,$009A40A0]
    CONST$00A719F8 k7  'TARGET_TYPE_OBJECTIVE_SECONDARY' [h=A2EEB365,$00A31440]
    CONST$00A71A00 k8  'shirt' [h=11BC326A,$00993AE0]
    CONST$00A71A08 k9  'jeff_setupCostumeTentEvents' [h=EC9D32FC,$009E9900]
     CODE$00ABD8C0
      000 00000005 GETGLOBAL r0 := _G[k0 ('jeff_costumeTentExists' [h=8DB7F529,$00A0B6C0])]
      001 00008099      CALL r0 (0 args) => 1 results
      002 00000058      TEST r0 : r0 := r0
      003 00800014       JMP +1 ; 5
      004 0000801B    RETURN
      005 00000045 GETGLOBAL r0 := _G[k1 ('Actor_EnableScriptedUse' [h=2140441B,$00A37B40])]
      006 01000081     LOADK r1 := k2 ('costumeTentEntrance' [h=90556325,$009D2F00])
      007 02008002  LOADBOOL r2 := True
      008 030000C1     LOADK r3 := k3 ('actions.changeoutfit' [h=390BC16C,$009E2340])
      009 04000002  LOADBOOL r4 := False
      010 05000101     LOADK r5 := k4 (TObject(1.5))
      011 00030059      CALL r0 (5 args) => 0 results
      012 00000145 GETGLOBAL r0 := _G[k5 ('Objective_SetTargetActor' [h=A04E11C0,$009CB2C0])]
      013 01000081     LOADK r1 := k2 ('costumeTentEntrance' [h=90556325,$009D2F00])
      014 02000081     LOADK r2 := k2 ('costumeTentEntrance' [h=90556325,$009D2F00])
      015 03000181     LOADK r3 := k6 ('' [h=00000000,$009A40A0])
      016 040001C1     LOADK r4 := k7 ('TARGET_TYPE_OBJECTIVE_SECONDARY' [h=A2EEB365,$00A31440])
      017 05000201     LOADK r5 := k8 ('shirt' [h=11BC326A,$00993AE0])
      018 06008002  LOADBOOL r6 := True
      019 07000002  LOADBOOL r7 := False
      020 08008002  LOADBOOL r8 := True
      021 09000101     LOADK r9 := k4 (TObject(1.5))
      022 0A000002  LOADBOOL r10 := False
      023 0B008002  LOADBOOL r11 := True
      024 00060059      CALL r0 (11 args) => 0 results
      025 00000245 GETGLOBAL r0 := _G[k9 ('jeff_setupCostumeTentEvents' [h=EC9D32FC,$009E9900])]
      026 00008059      CALL r0 (0 args) => 0 results
      027 0000801B    RETURN
  [Node$01A33380] 'Utility_ReadMissionData' [h=42A7BBD0,$00A29880]: cfunction$002C6328 'Utility_ReadMissionData' [h=42A7BBD0,$00A29880]
  [Node$01A33394] 'VERB_DISABLE' [h=0D5E0FD1,$00980A00]: TObject(10.0)
  [Node$01A333A8] 'ActorVehicle_GetRiderList' [h=AEEC93D2,$009DE7C0]: cfunction$002B0EA8 'ActorVehicle_GetRiderList' [h=AEEC93D2,$009DE7C0]
  [Node$01A333BC] 'InitialBlips' [h=40D957D3,$00996480]: TObject(None)
  [Node$01A333D0] 'switchHeroToAlternateCostume' [h=E1F153D4,$00A123C0]: function$00992E60 'switchHeroToAlternateCostume' [h=E1F153D4,$00A123C0]
    CONST$00B187C0 k0  'Utility_GetPlayerNationality' [h=CB78F623,$00A31200]
    CONST$00B187C8 k1  '' [h=00000000,$009A40A0]
    CONST$00B187D0 k2  'Utility_ReadNumberFromScribbleMemory' [h=2BB92038,$009F9D40]
    CONST$00B187D8 k3  'alternateCostumeEnabled' [h=5D176EF2,$00A0F640]
    CONST$00B187E0 k4  'Utility_EraseValueFromScribbleMemory' [h=D5C200E6,$00A13000]
    CONST$00B187E8 k5  'Alt' [h=00036A80,$00991440]
    CONST$00B187F0 k6  'Utility_WriteNumberToScribbleMemory' [h=DCF55147,$00A29080]
    CONST$00B187F8 k7  TObject(1.0)
    CONST$00B18800 k8  'template_player_american' [h=B480AAA6,$00A013C0]
    CONST$00B18808 k9  'Player_SetHumanModel' [h=C107AE37,$00A00C80]
    CONST$00B18810 k10 'prokat_hum_american' [h=41A6B53A,$00A22B40]
    CONST$00B18818 k11 'template_player_british' [h=1C60DE63,$00A31280]
    CONST$00B18820 k12 'prokat_hum_british' [h=DF6965AE,$009EAA80]
    CONST$00B18828 k13 'template_player_swedish' [h=1301F35E,$009F8D40]
    CONST$00B18830 k14 'prokat_hum_swedish' [h=36AE755D,$009FE600]
     CODE$00C50840
      000 01000005 GETGLOBAL r1 := _G[k0 ('Utility_GetPlayerNationality' [h=CB78F623,$00A31200])]
      001 01008099      CALL r1 (0 args) => 1 results
      002 02000041     LOADK r2 := k1 ('' [h=00000000,$009A40A0])
      003 03000085 GETGLOBAL r3 := _G[k2 ('Utility_ReadNumberFromScribbleMemory' [h=2BB92038,$009F9D40])]
      004 040000C1     LOADK r4 := k3 ('alternateCostumeEnabled' [h=5D176EF2,$00A0F640])
      005 03010099      CALL r3 (1 args) => 1 results
      006 03018018      TEST not r3 : r3 := r3
      007 008001D4       JMP +8 ; 16
      008 00000018      TEST not r0 : r0 := r0
      009 008000D4       JMP +4 ; 14
      010 03000105 GETGLOBAL r3 := _G[k4 ('Utility_EraseValueFromScribbleMemory' [h=D5C200E6,$00A13000])]
      011 040000C1     LOADK r4 := k3 ('alternateCostumeEnabled' [h=5D176EF2,$00A0F640])
      012 03010059      CALL r3 (1 args) => 0 results
      013 00800214       JMP +9 ; 23
      014 02000141     LOADK r2 := k5 ('Alt' [h=00036A80,$00991440])
      015 00800194       JMP +7 ; 23
      016 00000018      TEST not r0 : r0 := r0
      017 00800114       JMP +5 ; 23
      018 03000185 GETGLOBAL r3 := _G[k6 ('Utility_WriteNumberToScribbleMemory' [h=DCF55147,$00A29080])]
      019 040000C1     LOADK r4 := k3 ('alternateCostumeEnabled' [h=5D176EF2,$00A0F640])
      020 050001C1     LOADK r5 := k7 (TObject(1.0))
      021 03018059      CALL r3 (2 args) => 0 results
      022 02000141     LOADK r2 := k5 ('Alt' [h=00036A80,$00991440])
      023 0000C095        EQ r1 != k8 ('template_player_american' [h=B480AAA6,$00A013C0])
      024 00800194       JMP +7 ; 32
      025 03000245 GETGLOBAL r3 := _G[k9 ('Player_SetHumanModel' [h=C107AE37,$00A00C80])]
      026 04000281     LOADK r4 := k10 ('prokat_hum_american' [h=41A6B53A,$00A22B40])
      027 05010000      MOVE r5 := r2
      028 04020153    CONCAT r4 := r4 ... r5
      029 05008002  LOADBOOL r5 := True
      030 03018059      CALL r3 (2 args) => 0 results
      031 00800414       JMP +17 ; 49
      032 0000C155        EQ r1 != k11 ('template_player_british' [h=1C60DE63,$00A31280])
      033 00800194       JMP +7 ; 41
      034 03000245 GETGLOBAL r3 := _G[k9 ('Player_SetHumanModel' [h=C107AE37,$00A00C80])]
      035 04000301     LOADK r4 := k12 ('prokat_hum_british' [h=DF6965AE,$009EAA80])
      036 05010000      MOVE r5 := r2
      037 04020153    CONCAT r4 := r4 ... r5
      038 05008002  LOADBOOL r5 := True
      039 03018059      CALL r3 (2 args) => 0 results
      040 008001D4       JMP +8 ; 49
      041 0000C1D5        EQ r1 != k13 ('template_player_swedish' [h=1301F35E,$009F8D40])
      042 00800154       JMP +6 ; 49
      043 03000245 GETGLOBAL r3 := _G[k9 ('Player_SetHumanModel' [h=C107AE37,$00A00C80])]
      044 04000381     LOADK r4 := k14 ('prokat_hum_swedish' [h=36AE755D,$009FE600])
      045 05010000      MOVE r5 := r2
      046 04020153    CONCAT r4 := r4 ... r5
      047 05008002  LOADBOOL r5 := True
      048 03018059      CALL r3 (2 args) => 0 results
      049 0000801B    RETURN
  [Node$01A333E4] 'loadstring' [h=D5C88138,$00979EA0]: cfunction$003B8960 'loadstring' [h=D5C88138,$00979EA0]
  [Node$01A333F8] 'Mission_SetupPlayerRespawn' [h=AD17B3D6,$009F8D80]: cfunction$002A3738 'Mission_SetupPlayerRespawn' [h=AD17B3D6,$009F8D80]
  [Node$01A3340C] 'tostring' [h=787EB105,$009A9A40]: cfunction$003B7A78 'tostring' [h=787EB105,$009A9A40]
  [Node$01A33420] 'Utility_StartAsyncCaching' [h=1359E3A8,$009D07C0]: cfunction$002F8DA8 'Utility_StartAsyncCaching' [h=1359E3A8,$009D07C0]
  [Node$01A33434] 'util_GetBountyName' [h=AD9397D9,$009D7400]: function$009A7840 'util_GetBountyName' [h=AD9397D9,$009D7400]
    CONST$0197ED40 k0  'sw' [h=000017F5,$009A9160]
    CONST$0197ED48 k1  'bty_treasure01' [h=1B72589A,$009828C0]
    CONST$0197ED50 k2  'bty_treasure02' [h=D772E177,$009C63E0]
    CONST$0197ED58 k3  'bty_treasure03' [h=6896C59D,$00976B40]
    CONST$0197ED60 k4  'bty_treasure04' [h=F2A1932E,$009A41A0]
    CONST$0197ED68 k5  'bty_treasure05' [h=5CDD1F9B,$0099BCC0]
    CONST$0197ED70 k6  'bty_treasure06' [h=89BBBBA6,$009A94A0]
    CONST$0197ED78 k7  'bty_treasure07' [h=81251DEF,$00987700]
    CONST$0197ED80 k8  'bty_treasure08' [h=53377FE9,$0097C920]
    CONST$0197ED88 k9  'bty_treasure09' [h=15A5922A,$0098D8A0]
    CONST$0197ED90 k10 'bty_treasure10' [h=1C484059,$0099DAE0]
    CONST$0197ED98 k11 'bty_treasure11' [h=A167FC7C,$009A4AA0]
    CONST$0197EDA0 k12 'bty_treasure12' [h=111D9CF1,$00982900]
    CONST$0197EDA8 k13 'bty_treasure13' [h=7209C7FD,$009C6180]
    CONST$0197EDB0 k14 'bty_treasure14' [h=7A8BEED3,$0099ABE0]
    CONST$0197EDB8 k15 'bty_treasure15' [h=DDAA2FD4,$009A6800]
    CONST$0197EDC0 k16 'bty_treasure16' [h=7A4C9A9C,$00994660]
    CONST$0197EDC8 k17 'bty_treasure17' [h=92A385BB,$009AA7A0]
    CONST$0197EDD0 k18 'bty_treasure18' [h=59967C12,$009C8620]
    CONST$0197EDD8 k19 'bty_treasure19' [h=892392C2,$00982140]
    CONST$0197EDE0 k20 'bty_treasure20' [h=6B5113BE,$009A0C00]
    CONST$0197EDE8 k21 'bty_treasure21' [h=0A8D3CA0,$0097B880]
    CONST$0197EDF0 k22 'bty_treasure22' [h=476353C3,$0099CC40]
    CONST$0197EDF8 k23 'bty_treasure23' [h=73AE2052,$00977B00]
    CONST$0197EE00 k24 'bty_treasure24' [h=543BEA68,$00980160]
    CONST$0197EE08 k25 'bty_treasure25' [h=A8F59B42,$009AA640]
    CONST$0197EE10 k26 'bty_treasure26' [h=64E54E0F,$009AB560]
    CONST$0197EE18 k27 'bty_treasure27' [h=131A4A43,$00977020]
    CONST$0197EE20 k28 'bty_treasure28' [h=3EAB9C17,$0098FF80]
    CONST$0197EE28 k29 'bty_treasure29' [h=06E9811F,$009854A0]
    CONST$0197EE30 k30 'bty_treasure30' [h=CA1EC75C,$00998FE0]
    CONST$0197EE38 k31 'bty_treasure31' [h=B6D39D87,$0097C120]
    CONST$0197EE40 k32 'bty_treasure32' [h=6C06289F,$009C50C0]
    CONST$0197EE48 k33 'bty_treasure55' [h=23030949,$00982BE0]
    CONST$0197EE50 k34 'bty_treasure56' [h=39D766FD,$009810C0]
    CONST$0197EE58 k35 'bty_treasure57' [h=FFB7E186,$009C0480]
    CONST$0197EE60 k36 'bty_treasure58' [h=F53335A4,$0097CAC0]
    CONST$0197EE68 k37 'bty_treasure59' [h=C285B7AE,$009C5880]
    CONST$0197EE70 k38 'bty_treasure60' [h=D2AE320C,$009A5360]
    CONST$0197EE78 k39 'bty_treasure61' [h=079225A5,$009C6B20]
    CONST$0197EE80 k40 'bty_treasure62' [h=B2A64F01,$00982160]
    CONST$0197EE88 k41 'bty_treasure63' [h=F22488FC,$009A8780]
    CONST$0197EE90 k42 'bty_treasure64' [h=19366FA0,$0097A580]
    CONST$0197EE98 k43 'bty_treasure65' [h=D9FCE0BA,$00993740]
    CONST$0197EEA0 k44 'bty_treasure66' [h=81E2672D,$0098F020]
    CONST$0197EEA8 k45 'bty_treasure67' [h=D3E80051,$00991860]
    CONST$0197EEB0 k46 'bty_treasure68' [h=B73A2605,$0098B9C0]
    CONST$0197EEB8 k47 'bty_treasure69' [h=217F4430,$00985360]
    CONST$0197EEC0 k48 'bty_treasure70' [h=DF42F696,$00988A40]
    CONST$0197EEC8 k49 'bty_treasure71' [h=844C1D0A,$009A7FE0]
    CONST$0197EED0 k50 'bty_treasure72' [h=C5CE715E,$009A3080]
    CONST$0197EED8 k51 'bty_treasure73' [h=46DAF168,$009AC100]
    CONST$0197EEE0 k52 'bty_treasure74' [h=9D2A8483,$00992140]
    CONST$0197EEE8 k53 'bty_treasure75' [h=1F2B6376,$009A3FE0]
    CONST$0197EEF0 k54 'swlistenpost01' [h=8EA0574A,$0099B560]
    CONST$0197EEF8 k55 'swlistenpost02' [h=C9D8199E,$00985620]
    CONST$0197EF00 k56 'swlistenpost03' [h=EEF51FC0,$009912A0]
    CONST$0197EF08 k57 'swlistenpost04' [h=C9701A1C,$009AC520]
    CONST$0197EF10 k58 'swlistenpost05' [h=AF17E7C5,$009965C0]
    CONST$0197EF18 k59 'swlistenpost06' [h=2C63E204,$00981AA0]
    CONST$0197EF20 k60 'swlistenpost07' [h=0FC165F9,$00978500]
    CONST$0197EF28 k61 'swlistenpost08' [h=11CEF7D9,$009942A0]
    CONST$0197EF30 k62 'swlistenpost09' [h=98765C78,$009A3D60]
    CONST$0197EF38 k63 'swlistenpost10' [h=BCE539DE,$009C8320]
    CONST$0197EF40 k64 'swlistenpost11' [h=32B7191B,$0098F440]
    CONST$0197EF48 k65 'swlistenpost12' [h=70BC1F83,$009C5E00]
    CONST$0197EF50 k66 'swlistenpost13' [h=B70CE8FE,$00992260]
    CONST$0197EF58 k67 'swlistenpost14' [h=8AF98E86,$0097AE40]
    CONST$0197EF60 k68 'swlistenpost15' [h=A1C56144,$0098D200]
    CONST$0197EF68 k69 'swlistenpost16' [h=334AD71F,$009C64E0]
    CONST$0197EF70 k70 'swlistenpost17' [h=9287EDA6,$00987780]
    CONST$0197EF78 k71 'swlistenpost18' [h=06B01FBF,$0097A1C0]
    CONST$0197EF80 k72 'swlistenpost19' [h=9D0ADEC3,$00984EC0]
    CONST$0197EF88 k73 'swlistenpost20' [h=B8D0021A,$009826A0]
    CONST$0197EF90 k74 'swlistenpost21' [h=92746FA6,$00996E80]
    CONST$0197EF98 k75 'swlistenpost22' [h=AAF634DB,$0097B140]
    CONST$0197EFA0 k76 'swlistenpost23' [h=D79911DE,$009A41C0]
    CONST$0197EFA8 k77 'swlistenpost24' [h=0BA02871,$00982A60]
    CONST$0197EFB0 k78 'swlistenpost25' [h=857884B2,$009C6EE0]
    CONST$0197EFB8 k79 'bty_blueprint1' [h=F68AF0D1,$009C6F40]
    CONST$0197EFC0 k80 'bty_blueprint2' [h=49E4D797,$009A65A0]
    CONST$0197EFC8 k81 'bty_blueprint3' [h=7C62F2C6,$009A8F80]
    CONST$0197EFD0 k82 'bty_blueprint4' [h=C44B52A4,$009A7FA0]
    CONST$0197EFD8 k83 'bty_blueprint5' [h=2F5C3A7D,$009885A0]
    CONST$0197EFE0 k84 'bty_blueprint6' [h=66F494AD,$009A0B00]
    CONST$0197EFE8 k85 'bty_blueprint7' [h=FD476A09,$009C67A0]
    CONST$0197EFF0 k86 'bty_blueprint8' [h=F8CE0806,$00983EA0]
    CONST$0197EFF8 k87 'bty_blueprint9' [h=F9636067,$009AC480]
    CONST$0197F000 k88 'bty_blueprint10' [h=7D737C29,$00993560]
    CONST$0197F008 k89 'bty_blueprint11' [h=BB0B9AAF,$00990D80]
    CONST$0197F010 k90 'bty_blueprint12' [h=1EF7149A,$009767C0]
    CONST$0197F018 k91 'bty_blueprint13' [h=020B96BF,$0097B520]
    CONST$0197F020 k92 'bty_blueprint14' [h=26E06591,$0098EEA0]
    CONST$0197F028 k93 'bty_blueprint15' [h=FC4AF842,$0099F220]
    CONST$0197F030 k94 'bty_blueprint16' [h=46654E2E,$009A8500]
    CONST$0197F038 k95 'bty_blueprint17' [h=EE951EFD,$009A8660]
    CONST$0197F040 k96 'bty_blueprint18' [h=7EB72F4F,$009A3640]
    CONST$0197F048 k97 'bty_blueprint19' [h=086A92C2,$0097EAC0]
    CONST$0197F050 k98 'bty_blueprint20' [h=23742854,$00981AE0]
    CONST$0197F058 k99 'bty_blueprint21' [h=74104E40,$009A6820]
    CONST$0197F060 k100 'bty_blueprint22' [h=05B129E9,$0099B0A0]
    CONST$0197F068 k101 'bty_blueprint23' [h=ED805038,$009A9020]
    CONST$0197F070 k102 'bty_blueprint24' [h=D1BE9635,$00976780]
    CONST$0197F078 k103 'bty_blueprint25' [h=34A6B574,$009AA900]
    CONST$0197F080 k104 'bty_blueprint26' [h=EE3DBBAB,$009AC5C0]
    CONST$0197F088 k105 'bty_blueprint27' [h=0A4C4980,$009C6D20]
    CONST$0197F090 k106 'bty_blueprint28' [h=559D851E,$009A79C0]
    CONST$0197F098 k107 'bty_blueprint29' [h=B599BB10,$009BFFA0]
    CONST$0197F0A0 k108 'bty_blueprint30' [h=5EE4B280,$0099D860]
    CONST$0197F0A8 k109 'bty_blueprint54' [h=39EF5C45,$009A5860]
    CONST$0197F0B0 k110 'bty_blueprint55' [h=C5FA55EF,$0099B820]
    CONST$0197F0B8 k111 'bty_blueprint56' [h=2D6EEB84,$009C2E80]
    CONST$0197F0C0 k112 'bty_blueprint57' [h=0095289B,$009A2E60]
    CONST$0197F0C8 k113 'bty_blueprint58' [h=AA232238,$009AC040]
    CONST$0197F0D0 k114 'bty_blueprint59' [h=C452AC13,$009ABCA0]
    CONST$0197F0D8 k115 'bty_blueprint60' [h=B1BB2562,$00996D60]
    CONST$0197F0E0 k116 'bty_blueprint61' [h=F03755AA,$00980180]
    CONST$0197F0E8 k117 'bty_blueprint62' [h=3F1E06AA,$009C2200]
    CONST$0197F0F0 k118 'bty_blueprint63' [h=052A35B6,$009AA6C0]
    CONST$0197F0F8 k119 'bty_blueprint64' [h=D9868002,$00977C80]
    CONST$0197F100 k120 'bty_blueprint65' [h=6C218ED8,$00998880]
    CONST$0197F108 k121 'bty_blueprint66' [h=4D14DD5C,$009C09A0]
    CONST$0197F110 k122 'bty_blueprint67' [h=01F0D136,$0097CFC0]
    CONST$0197F118 k123 'bty_blueprint68' [h=1C1343EE,$009C3040]
    CONST$0197F120 k124 'bty_blueprint69' [h=CBD60D9A,$00999FC0]
    CONST$0197F128 k125 'bty_blueprint70' [h=0FB3E6E1,$00984A60]
    CONST$0197F130 k126 'bty_blueprint71' [h=FEE1CD69,$0097A7E0]
    CONST$0197F138 k127 'bty_blueprint72' [h=43FD51BE,$00990120]
    CONST$0197F140 k128 'bty_blueprint73' [h=4D0DBCF6,$009C5AA0]
    CONST$0197F148 k129 'bty_blueprint74' [h=81FEF439,$00985040]
    CONST$0197F150 k130 'bty_blueprint75' [h=D0EBFC10,$009A5E80]
    CONST$0197F158 k131 'bty_blueprint76' [h=08EE684B,$0099DB80]
    CONST$0197F160 k132 'bty_blueprint77' [h=DF9A8F1B,$0097AAC0]
    CONST$0197F168 k133 'bty_blueprint78' [h=C07C6524,$00983220]
    CONST$0197F170 k134 'bty_blueprint79' [h=8D86DCB0,$009AC740]
    CONST$0197F178 k135 'bty_blueprint80' [h=0C8992C4,$009931A0]
    CONST$0197F180 k136 'bty_blueprint81' [h=80226D74,$0098C5C0]
    CONST$0197F188 k137 'bty_blueprint82' [h=16FFB559,$0097AC00]
    CONST$0197F190 k138 'monument_sw1' [h=8974C02B,$0099EF20]
    CONST$0197F198 k139 'monument_sw2' [h=9C39FB69,$00980820]
    CONST$0197F1A0 k140 'monument_sw3' [h=2641389D,$00994580]
    CONST$0197F1A8 k141 'monument_sw4' [h=DB1DE8BB,$00992E20]
    CONST$0197F1B0 k142 'monument_sw5' [h=F2B478B1,$00989260]
    CONST$0197F1B8 k143 'monument_sw6' [h=7A867A17,$009A1360]
    CONST$0197F1C0 k144 'monument_sw7' [h=B1165C36,$00979760]
    CONST$0197F1C8 k145 'monument_sw8' [h=BD28B6C8,$0098D160]
    CONST$0197F1D0 k146 'monument_sw9' [h=75AF7FAC,$009C1EA0]
    CONST$0197F1D8 k147 'monument_sw10' [h=EC332DCF,$0097F8A0]
    CONST$0197F1E0 k148 'collectgarbage' [h=7631F05C,$0099FB20]
    CONST$0197F1E8 k149 'nw' [h=0000178E,$009898E0]
    CONST$0197F1F0 k150 'bty_treasure33' [h=1B53FEE3,$0098D6E0]
    CONST$0197F1F8 k151 'bty_treasure34' [h=008B94D3,$00989DA0]
    CONST$0197F200 k152 'bty_treasure35' [h=F2FDF366,$00975920]
    CONST$0197F208 k153 'bty_treasure36' [h=EC1549EB,$009A44C0]
    CONST$0197F210 k154 'bty_treasure37' [h=91BF99BC,$0099BD00]
    CONST$0197F218 k155 'bty_treasure38' [h=5D87AD5A,$00990100]
    CONST$0197F220 k156 'bty_treasure39' [h=69A3239B,$009AA0E0]
    CONST$0197F228 k157 'bty_treasure40' [h=76EDCF53,$0097C4E0]
    CONST$0197F230 k158 'bty_treasure41' [h=2EF04E18,$0097DCA0]
    CONST$0197F238 k159 'bty_treasure42' [h=B9231965,$00986600]
    CONST$0197F240 k160 'bty_treasure43' [h=2A206C65,$009841C0]
    CONST$0197F248 k161 'bty_treasure44' [h=010C1A29,$00977DC0]
    CONST$0197F250 k162 'bty_treasure45' [h=779AB621,$00996A00]
    CONST$0197F258 k163 'bty_treasure46' [h=C92C9138,$009918C0]
    CONST$0197F260 k164 'bty_treasure47' [h=BE07A480,$0097DDE0]
    CONST$0197F268 k165 'bty_treasure48' [h=3D77F1C6,$009C3800]
    CONST$0197F270 k166 'bty_treasure49' [h=6F8AB7D9,$00995F40]
    CONST$0197F278 k167 'bty_treasure50' [h=AAA06A8C,$0098E280]
    CONST$0197F280 k168 'bty_treasure51' [h=938079F5,$0098D120]
    CONST$0197F288 k169 'bty_treasure52' [h=02942B5A,$009A1D60]
    CONST$0197F290 k170 'bty_treasure53' [h=144B955F,$009BFFE0]
    CONST$0197F298 k171 'bty_treasure54' [h=B707F6CD,$009A9EA0]
    CONST$0197F2A0 k172 'bty_treasure76' [h=7B7E451F,$00978800]
    CONST$0197F2A8 k173 'bty_treasure77' [h=7A582696,$009834E0]
    CONST$0197F2B0 k174 'bty_treasure78' [h=2F8917B1,$009A2D60]
    CONST$0197F2B8 k175 'bty_treasure79' [h=71AA408E,$009ACA80]
    CONST$0197F2C0 k176 'bty_treasure80' [h=234EAD2D,$009804A0]
    CONST$0197F2C8 k177 'bty_treasure81' [h=9159BB89,$00998780]
    CONST$0197F2D0 k178 'bty_treasure82' [h=E9BA73B0,$0099A580]
    CONST$0197F2D8 k179 'bty_treasure83' [h=69164254,$00999140]
    CONST$0197F2E0 k180 'bty_treasure84' [h=61528FD6,$0097CF20]
    CONST$0197F2E8 k181 'bty_treasure85' [h=45FA3E8F,$00976D20]
    CONST$0197F2F0 k182 'bty_treasure86' [h=539CA94F,$00985FE0]
    CONST$0197F2F8 k183 'bty_treasure87' [h=28EA3E11,$009C85E0]
    CONST$0197F300 k184 'bty_treasure88' [h=F50548DB,$00990AC0]
    CONST$0197F308 k185 'bty_treasure89' [h=CEF5D790,$009AA260]
    CONST$0197F310 k186 'bty_treasure90' [h=C3316005,$0098D220]
    CONST$0197F318 k187 'bty_treasure91' [h=7F1B8FC3,$009AC620]
    CONST$0197F320 k188 'bty_treasure92' [h=FA085850,$0097DEE0]
    CONST$0197F328 k189 'bty_treasure93' [h=FA1A19E7,$009C6DA0]
    CONST$0197F330 k190 'bty_treasure94' [h=6AB7ABF8,$0099C340]
    CONST$0197F338 k191 'bty_treasure95' [h=34AC4FB5,$0097CE40]
    CONST$0197F340 k192 'bty_treasure96' [h=A468B78D,$009C4980]
    CONST$0197F348 k193 'bty_treasure97' [h=40FB1316,$00988060]
    CONST$0197F350 k194 'bty_treasure98' [h=E4FDBA11,$009A1C20]
    CONST$0197F358 k195 'bty_treasure99' [h=BD339FDE,$009A3120]
    CONST$0197F360 k196 'bty_treasure100' [h=E04A4C7E,$009C0520]
    CONST$0197F368 k197 'bty_treasure101' [h=3F34887F,$009982C0]
    CONST$0197F370 k198 'bty_treasure102' [h=F2D6149D,$00991B60]
    CONST$0197F378 k199 'bty_treasure103' [h=6CD08AA0,$009823A0]
    CONST$0197F380 k200 'bty_treasure104' [h=95B5CEFC,$009A88A0]
    CONST$0197F388 k201 'bty_treasure105' [h=F2835CA2,$0097E1C0]
    CONST$0197F390 k202 'bty_treasure106' [h=F9ADC67B,$0098BCC0]
    CONST$0197F398 k203 'bty_treasure107' [h=853E0BA0,$0097E780]
    CONST$0197F3A0 k204 'bty_treasure108' [h=1CC08980,$00988EC0]
    CONST$0197F3A8 k205 'bty_treasure109' [h=B2B9DBBF,$00994820]
    CONST$0197F3B0 k206 'bty_treasure110' [h=D88ADE5C,$00991360]
    CONST$0197F3B8 k207 'nwlistenpost01' [h=8EA05747,$0099D1C0]
    CONST$0197F3C0 k208 'nwlistenpost02' [h=C9D8199B,$0099B220]
    CONST$0197F3C8 k209 'nwlistenpost03' [h=EEF51E3D,$009968A0]
    CONST$0197F3D0 k210 'nwlistenpost04' [h=C9701A19,$0098D7C0]
    CONST$0197F3D8 k211 'nwlistenpost05' [h=AF17E7C0,$009C7F00]
    CONST$0197F3E0 k212 'nwlistenpost06' [h=2C63E201,$0098AA20]
    CONST$0197F3E8 k213 'nwlistenpost07' [h=0FC165F2,$0098AB20]
    CONST$0197F3F0 k214 'nwlistenpost08' [h=11CEF7DE,$009A8120]
    CONST$0197F3F8 k215 'nwlistenpost09' [h=98765C75,$0097D8A0]
    CONST$0197F400 k216 'nwlistenpost10' [h=BCE539DB,$009A6C80]
    CONST$0197F408 k217 'nwlistenpost11' [h=32B71926,$00986BA0]
    CONST$0197F410 k218 'nwlistenpost12' [h=70BC1FFE,$00977BE0]
    CONST$0197F418 k219 'nwlistenpost13' [h=B70CE8F5,$00976820]
    CONST$0197F420 k220 'nwlistenpost14' [h=8AF98E83,$009866A0]
    CONST$0197F428 k221 'nwlistenpost15' [h=A1C5614B,$0098F3E0]
    CONST$0197F430 k222 'nwlistenpost16' [h=334AD71A,$00987640]
    CONST$0197F438 k223 'nwlistenpost17' [h=9287EDBD,$009890C0]
    CONST$0197F440 k224 'nwlistenpost18' [h=06CFE040,$0098A600]
    CONST$0197F448 k225 'nwlistenpost19' [h=9D0AD938,$00999A00]
    CONST$0197F450 k226 'nwlistenpost20' [h=B8D00211,$009C7FA0]
    CONST$0197F458 k227 'nwlistenpost21' [h=92746FA3,$00991DC0]
    CONST$0197F460 k228 'nwlistenpost22' [h=AAF634D6,$00994960]
    CONST$0197F468 k229 'nwlistenpost23' [h=D79911DB,$009C7DE0]
    CONST$0197F470 k230 'nwlistenpost24' [h=0BA0286A,$00987E60]
    CONST$0197F478 k231 'nwlistenpost25' [h=857884AF,$00993960]
    CONST$0197F480 k232 'nwlistenpost26' [h=E68C8C20,$00986F80]
    CONST$0197F488 k233 'nwlistenpost27' [h=2DD4FBE2,$00977E60]
    CONST$0197F490 k234 'nwlistenpost28' [h=ED24B418,$009C0420]
    CONST$0197F498 k235 'nwlistenpost29' [h=245F00CB,$009C0C40]
    CONST$0197F4A0 k236 'nwlistenpost30' [h=D11C4BCF,$0099D180]
    CONST$0197F4A8 k237 'bty_blueprint31' [h=08CEC376,$00995580]
    CONST$0197F4B0 k238 'bty_blueprint32' [h=033C8BD7,$009920A0]
    CONST$0197F4B8 k239 'bty_blueprint33' [h=72E0AEC9,$0097A8A0]
    CONST$0197F4C0 k240 'bty_blueprint34' [h=11E3F817,$00995A40]
    CONST$0197F4C8 k241 'bty_blueprint35' [h=223684E0,$009AB760]
    CONST$0197F4D0 k242 'bty_blueprint36' [h=ADD1B5A7,$009967A0]
    CONST$0197F4D8 k243 'bty_blueprint37' [h=DA40F561,$0099C720]
    CONST$0197F4E0 k244 'bty_blueprint38' [h=2DBDE668,$009A01A0]
    CONST$0197F4E8 k245 'bty_blueprint39' [h=CA19F963,$0097BBC0]
    CONST$0197F4F0 k246 'bty_blueprint40' [h=EDE0BCDD,$009A58E0]
    CONST$0197F4F8 k247 'bty_blueprint41' [h=2543FADC,$0099DC00]
    CONST$0197F500 k248 'bty_blueprint42' [h=1FA4D284,$0098DCC0]
    CONST$0197F508 k249 'bty_blueprint43' [h=5F69289C,$009A7460]
    CONST$0197F510 k250 'bty_blueprint44' [h=1145965A,$009C5FC0]
    CONST$0197F518 k251 'bty_blueprint45' [h=6F8591FB,$0097EE40]
    CONST$0197F520 k252 'bty_blueprint46' [h=376EE585,$009BFF20]
    CONST$0197F528 k253 'bty_blueprint47' [h=6F1E8B6C,$00998CE0]
    CONST$0197F530 k254 'bty_blueprint48' [h=8DB288F8,$009C5D60]
    CONST$0197F538 k255 'bty_blueprint49' [h=AABF2811,$009BFC40]
    CONST$0197F540 k256 'bty_blueprint50' [h=1B664A21,$009A2B20]
    CONST$0197F548 k257 'bty_blueprint51' [h=9C561357,$009A8860]
    CONST$0197F550 k258 'bty_blueprint52' [h=0DB3706A,$009A46A0]
    CONST$0197F558 k259 'bty_blueprint53' [h=DCA93403,$009927A0]
    CONST$0197F560 k260 'bty_blueprint83' [h=D13AFF63,$00987B20]
    CONST$0197F568 k261 'bty_blueprint84' [h=870673B9,$009AB640]
    CONST$0197F570 k262 'bty_blueprint85' [h=02588111,$009C8A00]
    CONST$0197F578 k263 'bty_blueprint86' [h=A5241C02,$00982300]
    CONST$0197F580 k264 'bty_blueprint87' [h=47EEFA5D,$0099C8A0]
    CONST$0197F588 k265 'bty_blueprint88' [h=A2A40CA1,$00976680]
    CONST$0197F590 k266 'bty_blueprint89' [h=DFF494C8,$009C2440]
    CONST$0197F598 k267 'bty_blueprint90' [h=439D02C3,$00985660]
    CONST$0197F5A0 k268 'bty_blueprint91' [h=F9F3CF7A,$0099DFA0]
    CONST$0197F5A8 k269 'bty_blueprint92' [h=3652AB80,$009A1500]
    CONST$0197F5B0 k270 'bty_blueprint93' [h=1FA1CF12,$00983180]
    CONST$0197F5B8 k271 'bty_blueprint94' [h=34CCAFC4,$0098C5E0]
    CONST$0197F5C0 k272 'bty_blueprint95' [h=F8BD16E4,$009C88C0]
    CONST$0197F5C8 k273 'bty_blueprint96' [h=A68D4983,$00995D40]
    CONST$0197F5D0 k274 'bty_blueprint97' [h=A2E281B3,$00983960]
    CONST$0197F5D8 k275 'bty_blueprint98' [h=9AC75476,$00975860]
    CONST$0197F5E0 k276 'bty_blueprint99' [h=EF4BE2F9,$00977200]
    CONST$0197F5E8 k277 'bty_blueprint100' [h=C0B85E40,$009DBD40]
    CONST$0197F5F0 k278 'bty_blueprint101' [h=6D83C901,$009D3400]
    CONST$0197F5F8 k279 'bty_blueprint102' [h=7DCC71A1,$009EAF40]
    CONST$0197F600 k280 'bty_blueprint103' [h=970E8312,$00A29500]
    CONST$0197F608 k281 'bty_blueprint104' [h=32193E16,$009EF600]
    CONST$0197F610 k282 'bty_blueprint105' [h=A632D318,$00A03800]
    CONST$0197F618 k283 'bty_blueprint106' [h=AEB95E66,$00A3C680]
    CONST$0197F620 k284 'bty_blueprint107' [h=F9F3E2B3,$009F8C00]
    CONST$0197F628 k285 'bty_blueprint108' [h=E953EF05,$009DED00]
    CONST$0197F630 k286 'bty_blueprint109' [h=F323C713,$009D9A00]
    CONST$0197F638 k287 'bty_blueprint110' [h=C2E1634D,$009E0140]
    CONST$0197F640 k288 'monument_nw1' [h=8D68788F,$009977A0]
    CONST$0197F648 k289 'monument_nw2' [h=F9FC92FD,$009A03A0]
    CONST$0197F650 k290 'monument_nw3' [h=12F6C312,$00997FA0]
    CONST$0197F658 k291 'monument_nw4' [h=A665470B,$00990CA0]
    CONST$0197F660 k292 'monument_nw5' [h=C1102FED,$009BFA40]
    CONST$0197F668 k293 'monument_nw6' [h=3CB3DB3D,$0099BF60]
    CONST$0197F670 k294 'monument_nw7' [h=172EDC0C,$0099E0E0]
    CONST$0197F678 k295 'monument_nw8' [h=DCDE6450,$00982220]
    CONST$0197F680 k296 'monument_nw9' [h=B0CF3465,$009960A0]
    CONST$0197F688 k297 'monument_nw10' [h=C1215075,$00981C00]
     CODE$014C0DC0
      000 02010003   LOADNIL r2 ... r2
      001 00003E95        EQ r0 != k0 ('sw' [h=000017F5,$009A9160])
      002 008026D4       JMP +156 ; 159
      003 0316800A  NEWTABLE r3 := {} (#a=45, #h=0)
      004 04000041     LOADK r4 := k1 ('bty_treasure01' [h=1B72589A,$009828C0])
      005 05000081     LOADK r5 := k2 ('bty_treasure02' [h=D772E177,$009C63E0])
      006 060000C1     LOADK r6 := k3 ('bty_treasure03' [h=6896C59D,$00976B40])
      007 07000101     LOADK r7 := k4 ('bty_treasure04' [h=F2A1932E,$009A41A0])
      008 08000141     LOADK r8 := k5 ('bty_treasure05' [h=5CDD1F9B,$0099BCC0])
      009 09000181     LOADK r9 := k6 ('bty_treasure06' [h=89BBBBA6,$009A94A0])
      010 0A0001C1     LOADK r10 := k7 ('bty_treasure07' [h=81251DEF,$00987700])
      011 0B000201     LOADK r11 := k8 ('bty_treasure08' [h=53377FE9,$0097C920])
      012 0C000241     LOADK r12 := k9 ('bty_treasure09' [h=15A5922A,$0098D8A0])
      013 0D000281     LOADK r13 := k10 ('bty_treasure10' [h=1C484059,$0099DAE0])
      014 0E0002C1     LOADK r14 := k11 ('bty_treasure11' [h=A167FC7C,$009A4AA0])
      015 0F000301     LOADK r15 := k12 ('bty_treasure12' [h=111D9CF1,$00982900])
      016 10000341     LOADK r16 := k13 ('bty_treasure13' [h=7209C7FD,$009C6180])
      017 11000381     LOADK r17 := k14 ('bty_treasure14' [h=7A8BEED3,$0099ABE0])
      018 120003C1     LOADK r18 := k15 ('bty_treasure15' [h=DDAA2FD4,$009A6800])
      019 13000401     LOADK r19 := k16 ('bty_treasure16' [h=7A4C9A9C,$00994660])
      020 14000441     LOADK r20 := k17 ('bty_treasure17' [h=92A385BB,$009AA7A0])
      021 15000481     LOADK r21 := k18 ('bty_treasure18' [h=59967C12,$009C8620])
      022 160004C1     LOADK r22 := k19 ('bty_treasure19' [h=892392C2,$00982140])
      023 17000501     LOADK r23 := k20 ('bty_treasure20' [h=6B5113BE,$009A0C00])
      024 18000541     LOADK r24 := k21 ('bty_treasure21' [h=0A8D3CA0,$0097B880])
      025 19000581     LOADK r25 := k22 ('bty_treasure22' [h=476353C3,$0099CC40])
      026 1A0005C1     LOADK r26 := k23 ('bty_treasure23' [h=73AE2052,$00977B00])
      027 1B000601     LOADK r27 := k24 ('bty_treasure24' [h=543BEA68,$00980160])
      028 1C000641     LOADK r28 := k25 ('bty_treasure25' [h=A8F59B42,$009AA640])
      029 1D000681     LOADK r29 := k26 ('bty_treasure26' [h=64E54E0F,$009AB560])
      030 1E0006C1     LOADK r30 := k27 ('bty_treasure27' [h=131A4A43,$00977020])
      031 1F000701     LOADK r31 := k28 ('bty_treasure28' [h=3EAB9C17,$0098FF80])
      032 20000741     LOADK r32 := k29 ('bty_treasure29' [h=06E9811F,$009854A0])
      033 21000781     LOADK r33 := k30 ('bty_treasure30' [h=CA1EC75C,$00998FE0])
      034 220007C1     LOADK r34 := k31 ('bty_treasure31' [h=B6D39D87,$0097C120])
      035 23000801     LOADK r35 := k32 ('bty_treasure32' [h=6C06289F,$009C50C0])
      036 030007DF   SETLIST r3 [31]
      037 04000841     LOADK r4 := k33 ('bty_treasure55' [h=23030949,$00982BE0])
      038 05000881     LOADK r5 := k34 ('bty_treasure56' [h=39D766FD,$009810C0])
      039 060008C1     LOADK r6 := k35 ('bty_treasure57' [h=FFB7E186,$009C0480])
      040 07000901     LOADK r7 := k36 ('bty_treasure58' [h=F53335A4,$0097CAC0])
      041 08000941     LOADK r8 := k37 ('bty_treasure59' [h=C285B7AE,$009C5880])
      042 09000981     LOADK r9 := k38 ('bty_treasure60' [h=D2AE320C,$009A5360])
      043 0A0009C1     LOADK r10 := k39 ('bty_treasure61' [h=079225A5,$009C6B20])
      044 0B000A01     LOADK r11 := k40 ('bty_treasure62' [h=B2A64F01,$00982160])
      045 0C000A41     LOADK r12 := k41 ('bty_treasure63' [h=F22488FC,$009A8780])
      046 0D000A81     LOADK r13 := k42 ('bty_treasure64' [h=19366FA0,$0097A580])
      047 0E000AC1     LOADK r14 := k43 ('bty_treasure65' [h=D9FCE0BA,$00993740])
      048 0F000B01     LOADK r15 := k44 ('bty_treasure66' [h=81E2672D,$0098F020])
      049 10000B41     LOADK r16 := k45 ('bty_treasure67' [h=D3E80051,$00991860])
      050 11000B81     LOADK r17 := k46 ('bty_treasure68' [h=B73A2605,$0098B9C0])
      051 12000BC1     LOADK r18 := k47 ('bty_treasure69' [h=217F4430,$00985360])
      052 13000C01     LOADK r19 := k48 ('bty_treasure70' [h=DF42F696,$00988A40])
      053 14000C41     LOADK r20 := k49 ('bty_treasure71' [h=844C1D0A,$009A7FE0])
      054 15000C81     LOADK r21 := k50 ('bty_treasure72' [h=C5CE715E,$009A3080])
      055 16000CC1     LOADK r22 := k51 ('bty_treasure73' [h=46DAF168,$009AC100])
      056 17000D01     LOADK r23 := k52 ('bty_treasure74' [h=9D2A8483,$00992140])
      057 18000D41     LOADK r24 := k53 ('bty_treasure75' [h=1F2B6376,$009A3FE0])
      058 19000D81     LOADK r25 := k54 ('swlistenpost01' [h=8EA0574A,$0099B560])
      059 1A000DC1     LOADK r26 := k55 ('swlistenpost02' [h=C9D8199E,$00985620])
      060 1B000E01     LOADK r27 := k56 ('swlistenpost03' [h=EEF51FC0,$009912A0])
      061 1C000E41     LOADK r28 := k57 ('swlistenpost04' [h=C9701A1C,$009AC520])
      062 1D000E81     LOADK r29 := k58 ('swlistenpost05' [h=AF17E7C5,$009965C0])
      063 1E000EC1     LOADK r30 := k59 ('swlistenpost06' [h=2C63E204,$00981AA0])
      064 1F000F01     LOADK r31 := k60 ('swlistenpost07' [h=0FC165F9,$00978500])
      065 20000F41     LOADK r32 := k61 ('swlistenpost08' [h=11CEF7D9,$009942A0])
      066 21000F81     LOADK r33 := k62 ('swlistenpost09' [h=98765C78,$009A3D60])
      067 22000FC1     LOADK r34 := k63 ('swlistenpost10' [h=BCE539DE,$009C8320])
      068 23001001     LOADK r35 := k64 ('swlistenpost11' [h=32B7191B,$0098F440])
      069 03000FDF   SETLIST r3 [63]
      070 04001041     LOADK r4 := k65 ('swlistenpost12' [h=70BC1F83,$009C5E00])
      071 05001081     LOADK r5 := k66 ('swlistenpost13' [h=B70CE8FE,$00992260])
      072 060010C1     LOADK r6 := k67 ('swlistenpost14' [h=8AF98E86,$0097AE40])
      073 07001101     LOADK r7 := k68 ('swlistenpost15' [h=A1C56144,$0098D200])
      074 08001141     LOADK r8 := k69 ('swlistenpost16' [h=334AD71F,$009C64E0])
      075 09001181     LOADK r9 := k70 ('swlistenpost17' [h=9287EDA6,$00987780])
      076 0A0011C1     LOADK r10 := k71 ('swlistenpost18' [h=06B01FBF,$0097A1C0])
      077 0B001201     LOADK r11 := k72 ('swlistenpost19' [h=9D0ADEC3,$00984EC0])
      078 0C001241     LOADK r12 := k73 ('swlistenpost20' [h=B8D0021A,$009826A0])
      079 0D001281     LOADK r13 := k74 ('swlistenpost21' [h=92746FA6,$00996E80])
      080 0E0012C1     LOADK r14 := k75 ('swlistenpost22' [h=AAF634DB,$0097B140])
      081 0F001301     LOADK r15 := k76 ('swlistenpost23' [h=D79911DE,$009A41C0])
      082 10001341     LOADK r16 := k77 ('swlistenpost24' [h=0BA02871,$00982A60])
      083 11001381     LOADK r17 := k78 ('swlistenpost25' [h=857884B2,$009C6EE0])
      084 120013C1     LOADK r18 := k79 ('bty_blueprint1' [h=F68AF0D1,$009C6F40])
      085 13001401     LOADK r19 := k80 ('bty_blueprint2' [h=49E4D797,$009A65A0])
      086 14001441     LOADK r20 := k81 ('bty_blueprint3' [h=7C62F2C6,$009A8F80])
      087 15001481     LOADK r21 := k82 ('bty_blueprint4' [h=C44B52A4,$009A7FA0])
      088 160014C1     LOADK r22 := k83 ('bty_blueprint5' [h=2F5C3A7D,$009885A0])
      089 17001501     LOADK r23 := k84 ('bty_blueprint6' [h=66F494AD,$009A0B00])
      090 18001541     LOADK r24 := k85 ('bty_blueprint7' [h=FD476A09,$009C67A0])
      091 19001581     LOADK r25 := k86 ('bty_blueprint8' [h=F8CE0806,$00983EA0])
      092 1A0015C1     LOADK r26 := k87 ('bty_blueprint9' [h=F9636067,$009AC480])
      093 1B001601     LOADK r27 := k88 ('bty_blueprint10' [h=7D737C29,$00993560])
      094 1C001641     LOADK r28 := k89 ('bty_blueprint11' [h=BB0B9AAF,$00990D80])
      095 1D001681     LOADK r29 := k90 ('bty_blueprint12' [h=1EF7149A,$009767C0])
      096 1E0016C1     LOADK r30 := k91 ('bty_blueprint13' [h=020B96BF,$0097B520])
      097 1F001701     LOADK r31 := k92 ('bty_blueprint14' [h=26E06591,$0098EEA0])
      098 20001741     LOADK r32 := k93 ('bty_blueprint15' [h=FC4AF842,$0099F220])
      099 21001781     LOADK r33 := k94 ('bty_blueprint16' [h=46654E2E,$009A8500])
      100 220017C1     LOADK r34 := k95 ('bty_blueprint17' [h=EE951EFD,$009A8660])
      101 23001801     LOADK r35 := k96 ('bty_blueprint18' [h=7EB72F4F,$009A3640])
      102 030017DF   SETLIST r3 [95]
      103 04001841     LOADK r4 := k97 ('bty_blueprint19' [h=086A92C2,$0097EAC0])
      104 05001881     LOADK r5 := k98 ('bty_blueprint20' [h=23742854,$00981AE0])
      105 060018C1     LOADK r6 := k99 ('bty_blueprint21' [h=74104E40,$009A6820])
      106 07001901     LOADK r7 := k100 ('bty_blueprint22' [h=05B129E9,$0099B0A0])
      107 08001941     LOADK r8 := k101 ('bty_blueprint23' [h=ED805038,$009A9020])
      108 09001981     LOADK r9 := k102 ('bty_blueprint24' [h=D1BE9635,$00976780])
      109 0A0019C1     LOADK r10 := k103 ('bty_blueprint25' [h=34A6B574,$009AA900])
      110 0B001A01     LOADK r11 := k104 ('bty_blueprint26' [h=EE3DBBAB,$009AC5C0])
      111 0C001A41     LOADK r12 := k105 ('bty_blueprint27' [h=0A4C4980,$009C6D20])
      112 0D001A81     LOADK r13 := k106 ('bty_blueprint28' [h=559D851E,$009A79C0])
      113 0E001AC1     LOADK r14 := k107 ('bty_blueprint29' [h=B599BB10,$009BFFA0])
      114 0F001B01     LOADK r15 := k108 ('bty_blueprint30' [h=5EE4B280,$0099D860])
      115 10001B41     LOADK r16 := k109 ('bty_blueprint54' [h=39EF5C45,$009A5860])
      116 11001B81     LOADK r17 := k110 ('bty_blueprint55' [h=C5FA55EF,$0099B820])
      117 12001BC1     LOADK r18 := k111 ('bty_blueprint56' [h=2D6EEB84,$009C2E80])
      118 13001C01     LOADK r19 := k112 ('bty_blueprint57' [h=0095289B,$009A2E60])
      119 14001C41     LOADK r20 := k113 ('bty_blueprint58' [h=AA232238,$009AC040])
      120 15001C81     LOADK r21 := k114 ('bty_blueprint59' [h=C452AC13,$009ABCA0])
      121 16001CC1     LOADK r22 := k115 ('bty_blueprint60' [h=B1BB2562,$00996D60])
      122 17001D01     LOADK r23 := k116 ('bty_blueprint61' [h=F03755AA,$00980180])
      123 18001D41     LOADK r24 := k117 ('bty_blueprint62' [h=3F1E06AA,$009C2200])
      124 19001D81     LOADK r25 := k118 ('bty_blueprint63' [h=052A35B6,$009AA6C0])
      125 1A001DC1     LOADK r26 := k119 ('bty_blueprint64' [h=D9868002,$00977C80])
      126 1B001E01     LOADK r27 := k120 ('bty_blueprint65' [h=6C218ED8,$00998880])
      127 1C001E41     LOADK r28 := k121 ('bty_blueprint66' [h=4D14DD5C,$009C09A0])
      128 1D001E81     LOADK r29 := k122 ('bty_blueprint67' [h=01F0D136,$0097CFC0])
      129 1E001EC1     LOADK r30 := k123 ('bty_blueprint68' [h=1C1343EE,$009C3040])
      130 1F001F01     LOADK r31 := k124 ('bty_blueprint69' [h=CBD60D9A,$00999FC0])
      131 20001F41     LOADK r32 := k125 ('bty_blueprint70' [h=0FB3E6E1,$00984A60])
      132 21001F81     LOADK r33 := k126 ('bty_blueprint71' [h=FEE1CD69,$0097A7E0])
      133 22001FC1     LOADK r34 := k127 ('bty_blueprint72' [h=43FD51BE,$00990120])
      134 23002001     LOADK r35 := k128 ('bty_blueprint73' [h=4D0DBCF6,$009C5AA0])
      135 03001FDF   SETLIST r3 [127]
      136 04002041     LOADK r4 := k129 ('bty_blueprint74' [h=81FEF439,$00985040])
      137 05002081     LOADK r5 := k130 ('bty_blueprint75' [h=D0EBFC10,$009A5E80])
      138 060020C1     LOADK r6 := k131 ('bty_blueprint76' [h=08EE684B,$0099DB80])
      139 07002101     LOADK r7 := k132 ('bty_blueprint77' [h=DF9A8F1B,$0097AAC0])
      140 08002141     LOADK r8 := k133 ('bty_blueprint78' [h=C07C6524,$00983220])
      141 09002181     LOADK r9 := k134 ('bty_blueprint79' [h=8D86DCB0,$009AC740])
      142 0A0021C1     LOADK r10 := k135 ('bty_blueprint80' [h=0C8992C4,$009931A0])
      143 0B002201     LOADK r11 := k136 ('bty_blueprint81' [h=80226D74,$0098C5C0])
      144 0C002241     LOADK r12 := k137 ('bty_blueprint82' [h=16FFB559,$0097AC00])
      145 0D002281     LOADK r13 := k138 ('monument_sw1' [h=8974C02B,$0099EF20])
      146 0E0022C1     LOADK r14 := k139 ('monument_sw2' [h=9C39FB69,$00980820])
      147 0F002301     LOADK r15 := k140 ('monument_sw3' [h=2641389D,$00994580])
      148 10002341     LOADK r16 := k141 ('monument_sw4' [h=DB1DE8BB,$00992E20])
      149 11002381     LOADK r17 := k142 ('monument_sw5' [h=F2B478B1,$00989260])
      150 120023C1     LOADK r18 := k143 ('monument_sw6' [h=7A867A17,$009A1360])
      151 13002401     LOADK r19 := k144 ('monument_sw7' [h=B1165C36,$00979760])
      152 14002441     LOADK r20 := k145 ('monument_sw8' [h=BD28B6C8,$0098D160])
      153 15002481     LOADK r21 := k146 ('monument_sw9' [h=75AF7FAC,$009C1EA0])
      154 160024C1     LOADK r22 := k147 ('monument_sw10' [h=EC332DCF,$0097F8A0])
      155 0300249F   SETLIST r3 [146]
      156 02018046  GETTABLE r2 := r3[r1]
      157 04002505 GETGLOBAL r4 := _G[k148 ('collectgarbage' [h=7631F05C,$0099FB20])]
      158 04008059      CALL r4 (0 args) => 0 results
      159 000063D5        EQ r0 != k149 ('nw' [h=0000178E,$009898E0])
      160 00802714       JMP +157 ; 318
      161 0316800A  NEWTABLE r3 := {} (#a=45, #h=0)
      162 04002581     LOADK r4 := k150 ('bty_treasure33' [h=1B53FEE3,$0098D6E0])
      163 050025C1     LOADK r5 := k151 ('bty_treasure34' [h=008B94D3,$00989DA0])
      164 06002601     LOADK r6 := k152 ('bty_treasure35' [h=F2FDF366,$00975920])
      165 07002641     LOADK r7 := k153 ('bty_treasure36' [h=EC1549EB,$009A44C0])
      166 08002681     LOADK r8 := k154 ('bty_treasure37' [h=91BF99BC,$0099BD00])
      167 090026C1     LOADK r9 := k155 ('bty_treasure38' [h=5D87AD5A,$00990100])
      168 0A002701     LOADK r10 := k156 ('bty_treasure39' [h=69A3239B,$009AA0E0])
      169 0B002741     LOADK r11 := k157 ('bty_treasure40' [h=76EDCF53,$0097C4E0])
      170 0C002781     LOADK r12 := k158 ('bty_treasure41' [h=2EF04E18,$0097DCA0])
      171 0D0027C1     LOADK r13 := k159 ('bty_treasure42' [h=B9231965,$00986600])
      172 0E002801     LOADK r14 := k160 ('bty_treasure43' [h=2A206C65,$009841C0])
      173 0F002841     LOADK r15 := k161 ('bty_treasure44' [h=010C1A29,$00977DC0])
      174 10002881     LOADK r16 := k162 ('bty_treasure45' [h=779AB621,$00996A00])
      175 110028C1     LOADK r17 := k163 ('bty_treasure46' [h=C92C9138,$009918C0])
      176 12002901     LOADK r18 := k164 ('bty_treasure47' [h=BE07A480,$0097DDE0])
      177 13002941     LOADK r19 := k165 ('bty_treasure48' [h=3D77F1C6,$009C3800])
      178 14002981     LOADK r20 := k166 ('bty_treasure49' [h=6F8AB7D9,$00995F40])
      179 150029C1     LOADK r21 := k167 ('bty_treasure50' [h=AAA06A8C,$0098E280])
      180 16002A01     LOADK r22 := k168 ('bty_treasure51' [h=938079F5,$0098D120])
      181 17002A41     LOADK r23 := k169 ('bty_treasure52' [h=02942B5A,$009A1D60])
      182 18002A81     LOADK r24 := k170 ('bty_treasure53' [h=144B955F,$009BFFE0])
      183 19002AC1     LOADK r25 := k171 ('bty_treasure54' [h=B707F6CD,$009A9EA0])
      184 1A002B01     LOADK r26 := k172 ('bty_treasure76' [h=7B7E451F,$00978800])
      185 1B002B41     LOADK r27 := k173 ('bty_treasure77' [h=7A582696,$009834E0])
      186 1C002B81     LOADK r28 := k174 ('bty_treasure78' [h=2F8917B1,$009A2D60])
      187 1D002BC1     LOADK r29 := k175 ('bty_treasure79' [h=71AA408E,$009ACA80])
      188 1E002C01     LOADK r30 := k176 ('bty_treasure80' [h=234EAD2D,$009804A0])
      189 1F002C41     LOADK r31 := k177 ('bty_treasure81' [h=9159BB89,$00998780])
      190 20002C81     LOADK r32 := k178 ('bty_treasure82' [h=E9BA73B0,$0099A580])
      191 21002CC1     LOADK r33 := k179 ('bty_treasure83' [h=69164254,$00999140])
      192 22002D01     LOADK r34 := k180 ('bty_treasure84' [h=61528FD6,$0097CF20])
      193 23002D41     LOADK r35 := k181 ('bty_treasure85' [h=45FA3E8F,$00976D20])
      194 030007DF   SETLIST r3 [31]
      195 04002D81     LOADK r4 := k182 ('bty_treasure86' [h=539CA94F,$00985FE0])
      196 05002DC1     LOADK r5 := k183 ('bty_treasure87' [h=28EA3E11,$009C85E0])
      197 06002E01     LOADK r6 := k184 ('bty_treasure88' [h=F50548DB,$00990AC0])
      198 07002E41     LOADK r7 := k185 ('bty_treasure89' [h=CEF5D790,$009AA260])
      199 08002E81     LOADK r8 := k186 ('bty_treasure90' [h=C3316005,$0098D220])
      200 09002EC1     LOADK r9 := k187 ('bty_treasure91' [h=7F1B8FC3,$009AC620])
      201 0A002F01     LOADK r10 := k188 ('bty_treasure92' [h=FA085850,$0097DEE0])
      202 0B002F41     LOADK r11 := k189 ('bty_treasure93' [h=FA1A19E7,$009C6DA0])
      203 0C002F81     LOADK r12 := k190 ('bty_treasure94' [h=6AB7ABF8,$0099C340])
      204 0D002FC1     LOADK r13 := k191 ('bty_treasure95' [h=34AC4FB5,$0097CE40])
      205 0E003001     LOADK r14 := k192 ('bty_treasure96' [h=A468B78D,$009C4980])
      206 0F003041     LOADK r15 := k193 ('bty_treasure97' [h=40FB1316,$00988060])
      207 10003081     LOADK r16 := k194 ('bty_treasure98' [h=E4FDBA11,$009A1C20])
      208 110030C1     LOADK r17 := k195 ('bty_treasure99' [h=BD339FDE,$009A3120])
      209 12003101     LOADK r18 := k196 ('bty_treasure100' [h=E04A4C7E,$009C0520])
      210 13003141     LOADK r19 := k197 ('bty_treasure101' [h=3F34887F,$009982C0])
      211 14003181     LOADK r20 := k198 ('bty_treasure102' [h=F2D6149D,$00991B60])
      212 150031C1     LOADK r21 := k199 ('bty_treasure103' [h=6CD08AA0,$009823A0])
      213 16003201     LOADK r22 := k200 ('bty_treasure104' [h=95B5CEFC,$009A88A0])
      214 17003241     LOADK r23 := k201 ('bty_treasure105' [h=F2835CA2,$0097E1C0])
      215 18003281     LOADK r24 := k202 ('bty_treasure106' [h=F9ADC67B,$0098BCC0])
      216 190032C1     LOADK r25 := k203 ('bty_treasure107' [h=853E0BA0,$0097E780])
      217 1A003301     LOADK r26 := k204 ('bty_treasure108' [h=1CC08980,$00988EC0])
      218 1B003341     LOADK r27 := k205 ('bty_treasure109' [h=B2B9DBBF,$00994820])
      219 1C003381     LOADK r28 := k206 ('bty_treasure110' [h=D88ADE5C,$00991360])
      220 1D0033C1     LOADK r29 := k207 ('nwlistenpost01' [h=8EA05747,$0099D1C0])
      221 1E003401     LOADK r30 := k208 ('nwlistenpost02' [h=C9D8199B,$0099B220])
      222 1F003441     LOADK r31 := k209 ('nwlistenpost03' [h=EEF51E3D,$009968A0])
      223 20003481     LOADK r32 := k210 ('nwlistenpost04' [h=C9701A19,$0098D7C0])
      224 210034C1     LOADK r33 := k211 ('nwlistenpost05' [h=AF17E7C0,$009C7F00])
      225 22003501     LOADK r34 := k212 ('nwlistenpost06' [h=2C63E201,$0098AA20])
      226 23003541     LOADK r35 := k213 ('nwlistenpost07' [h=0FC165F2,$0098AB20])
      227 03000FDF   SETLIST r3 [63]
      228 04003581     LOADK r4 := k214 ('nwlistenpost08' [h=11CEF7DE,$009A8120])
      229 050035C1     LOADK r5 := k215 ('nwlistenpost09' [h=98765C75,$0097D8A0])
      230 06003601     LOADK r6 := k216 ('nwlistenpost10' [h=BCE539DB,$009A6C80])
      231 07003641     LOADK r7 := k217 ('nwlistenpost11' [h=32B71926,$00986BA0])
      232 08003681     LOADK r8 := k218 ('nwlistenpost12' [h=70BC1FFE,$00977BE0])
      233 090036C1     LOADK r9 := k219 ('nwlistenpost13' [h=B70CE8F5,$00976820])
      234 0A003701     LOADK r10 := k220 ('nwlistenpost14' [h=8AF98E83,$009866A0])
      235 0B003741     LOADK r11 := k221 ('nwlistenpost15' [h=A1C5614B,$0098F3E0])
      236 0C003781     LOADK r12 := k222 ('nwlistenpost16' [h=334AD71A,$00987640])
      237 0D0037C1     LOADK r13 := k223 ('nwlistenpost17' [h=9287EDBD,$009890C0])
      238 0E003801     LOADK r14 := k224 ('nwlistenpost18' [h=06CFE040,$0098A600])
      239 0F003841     LOADK r15 := k225 ('nwlistenpost19' [h=9D0AD938,$00999A00])
      240 10003881     LOADK r16 := k226 ('nwlistenpost20' [h=B8D00211,$009C7FA0])
      241 110038C1     LOADK r17 := k227 ('nwlistenpost21' [h=92746FA3,$00991DC0])
      242 12003901     LOADK r18 := k228 ('nwlistenpost22' [h=AAF634D6,$00994960])
      243 13003941     LOADK r19 := k229 ('nwlistenpost23' [h=D79911DB,$009C7DE0])
      244 14003981     LOADK r20 := k230 ('nwlistenpost24' [h=0BA0286A,$00987E60])
      245 150039C1     LOADK r21 := k231 ('nwlistenpost25' [h=857884AF,$00993960])
      246 16003A01     LOADK r22 := k232 ('nwlistenpost26' [h=E68C8C20,$00986F80])
      247 17003A41     LOADK r23 := k233 ('nwlistenpost27' [h=2DD4FBE2,$00977E60])
      248 18003A81     LOADK r24 := k234 ('nwlistenpost28' [h=ED24B418,$009C0420])
      249 19003AC1     LOADK r25 := k235 ('nwlistenpost29' [h=245F00CB,$009C0C40])
      250 1A003B01     LOADK r26 := k236 ('nwlistenpost30' [h=D11C4BCF,$0099D180])
      251 1B003B41     LOADK r27 := k237 ('bty_blueprint31' [h=08CEC376,$00995580])
      252 1C003B81     LOADK r28 := k238 ('bty_blueprint32' [h=033C8BD7,$009920A0])
      253 1D003BC1     LOADK r29 := k239 ('bty_blueprint33' [h=72E0AEC9,$0097A8A0])
      254 1E003C01     LOADK r30 := k240 ('bty_blueprint34' [h=11E3F817,$00995A40])
      255 1F003C41     LOADK r31 := k241 ('bty_blueprint35' [h=223684E0,$009AB760])
      256 20003C81     LOADK r32 := k242 ('bty_blueprint36' [h=ADD1B5A7,$009967A0])
      257 21003CC1     LOADK r33 := k243 ('bty_blueprint37' [h=DA40F561,$0099C720])
      258 22003D01     LOADK r34 := k244 ('bty_blueprint38' [h=2DBDE668,$009A01A0])
      259 23003D41     LOADK r35 := k245 ('bty_blueprint39' [h=CA19F963,$0097BBC0])
      260 030017DF   SETLIST r3 [95]
      261 04003D81     LOADK r4 := k246 ('bty_blueprint40' [h=EDE0BCDD,$009A58E0])
      262 05003DC1     LOADK r5 := k247 ('bty_blueprint41' [h=2543FADC,$0099DC00])
      263 06003E01     LOADK r6 := k248 ('bty_blueprint42' [h=1FA4D284,$0098DCC0])
      264 07003E41     LOADK r7 := k249 ('bty_blueprint43' [h=5F69289C,$009A7460])
      265 08003E81     LOADK r8 := k250 ('bty_blueprint44' [h=1145965A,$009C5FC0])
      266 09003EC1     LOADK r9 := k251 ('bty_blueprint45' [h=6F8591FB,$0097EE40])
      267 0A003F01     LOADK r10 := k252 ('bty_blueprint46' [h=376EE585,$009BFF20])
      268 0B003F41     LOADK r11 := k253 ('bty_blueprint47' [h=6F1E8B6C,$00998CE0])
      269 0C003F81     LOADK r12 := k254 ('bty_blueprint48' [h=8DB288F8,$009C5D60])
      270 0D003FC1     LOADK r13 := k255 ('bty_blueprint49' [h=AABF2811,$009BFC40])
      271 0E004001     LOADK r14 := k256 ('bty_blueprint50' [h=1B664A21,$009A2B20])
      272 0F004041     LOADK r15 := k257 ('bty_blueprint51' [h=9C561357,$009A8860])
      273 10004081     LOADK r16 := k258 ('bty_blueprint52' [h=0DB3706A,$009A46A0])
      274 110040C1     LOADK r17 := k259 ('bty_blueprint53' [h=DCA93403,$009927A0])
      275 12004101     LOADK r18 := k260 ('bty_blueprint83' [h=D13AFF63,$00987B20])
      276 13004141     LOADK r19 := k261 ('bty_blueprint84' [h=870673B9,$009AB640])
      277 14004181     LOADK r20 := k262 ('bty_blueprint85' [h=02588111,$009C8A00])
      278 150041C1     LOADK r21 := k263 ('bty_blueprint86' [h=A5241C02,$00982300])
      279 16004201     LOADK r22 := k264 ('bty_blueprint87' [h=47EEFA5D,$0099C8A0])
      280 17004241     LOADK r23 := k265 ('bty_blueprint88' [h=A2A40CA1,$00976680])
      281 18004281     LOADK r24 := k266 ('bty_blueprint89' [h=DFF494C8,$009C2440])
      282 190042C1     LOADK r25 := k267 ('bty_blueprint90' [h=439D02C3,$00985660])
      283 1A004301     LOADK r26 := k268 ('bty_blueprint91' [h=F9F3CF7A,$0099DFA0])
      284 1B004341     LOADK r27 := k269 ('bty_blueprint92' [h=3652AB80,$009A1500])
      285 1C004381     LOADK r28 := k270 ('bty_blueprint93' [h=1FA1CF12,$00983180])
      286 1D0043C1     LOADK r29 := k271 ('bty_blueprint94' [h=34CCAFC4,$0098C5E0])
      287 1E004401     LOADK r30 := k272 ('bty_blueprint95' [h=F8BD16E4,$009C88C0])
      288 1F004441     LOADK r31 := k273 ('bty_blueprint96' [h=A68D4983,$00995D40])
      289 20004481     LOADK r32 := k274 ('bty_blueprint97' [h=A2E281B3,$00983960])
      290 210044C1     LOADK r33 := k275 ('bty_blueprint98' [h=9AC75476,$00975860])
      291 22004501     LOADK r34 := k276 ('bty_blueprint99' [h=EF4BE2F9,$00977200])
      292 23004541     LOADK r35 := k277 ('bty_blueprint100' [h=C0B85E40,$009DBD40])
      293 03001FDF   SETLIST r3 [127]
      294 04004581     LOADK r4 := k278 ('bty_blueprint101' [h=6D83C901,$009D3400])
      295 050045C1     LOADK r5 := k279 ('bty_blueprint102' [h=7DCC71A1,$009EAF40])
      296 06004601     LOADK r6 := k280 ('bty_blueprint103' [h=970E8312,$00A29500])
      297 07004641     LOADK r7 := k281 ('bty_blueprint104' [h=32193E16,$009EF600])
      298 08004681     LOADK r8 := k282 ('bty_blueprint105' [h=A632D318,$00A03800])
      299 090046C1     LOADK r9 := k283 ('bty_blueprint106' [h=AEB95E66,$00A3C680])
      300 0A004701     LOADK r10 := k284 ('bty_blueprint107' [h=F9F3E2B3,$009F8C00])
      301 0B004741     LOADK r11 := k285 ('bty_blueprint108' [h=E953EF05,$009DED00])
      302 0C004781     LOADK r12 := k286 ('bty_blueprint109' [h=F323C713,$009D9A00])
      303 0D0047C1     LOADK r13 := k287 ('bty_blueprint110' [h=C2E1634D,$009E0140])
      304 0E004801     LOADK r14 := k288 ('monument_nw1' [h=8D68788F,$009977A0])
      305 0F004841     LOADK r15 := k289 ('monument_nw2' [h=F9FC92FD,$009A03A0])
      306 10004881     LOADK r16 := k290 ('monument_nw3' [h=12F6C312,$00997FA0])
      307 110048C1     LOADK r17 := k291 ('monument_nw4' [h=A665470B,$00990CA0])
      308 12004901     LOADK r18 := k292 ('monument_nw5' [h=C1102FED,$009BFA40])
      309 13004941     LOADK r19 := k293 ('monument_nw6' [h=3CB3DB3D,$0099BF60])
      310 14004981     LOADK r20 := k294 ('monument_nw7' [h=172EDC0C,$0099E0E0])
      311 150049C1     LOADK r21 := k295 ('monument_nw8' [h=DCDE6450,$00982220])
      312 16004A01     LOADK r22 := k296 ('monument_nw9' [h=B0CF3465,$009960A0])
      313 17004A41     LOADK r23 := k297 ('monument_nw10' [h=C1215075,$00981C00])
      314 030024DF   SETLIST r3 [147]
      315 02018046  GETTABLE r2 := r3[r1]
      316 04002505 GETGLOBAL r4 := _G[k148 ('collectgarbage' [h=7631F05C,$0099FB20])]
      317 04008059      CALL r4 (0 args) => 0 results
      318 0201001B    RETURN r2 ... r2
      319 0000801B    RETURN
  [Node$01A33448] 'Actor_ShowGrenadeProp' [h=AB2667DA,$009F9F00]: cfunction$002AAE20 'Actor_ShowGrenadeProp' [h=AB2667DA,$009F9F00]
  [Node$01A3345C] 'Ui_DisplayDateline' [h=1EEF23DB,$009D7CC0]: cfunction$002A7740 'Ui_DisplayDateline' [h=1EEF23DB,$009D7CC0]
  [Node$01A33470] 'Actor_Remove' [h=3657B3EC,$0098CD00]: cfunction$002ABDD8 'Actor_Remove' [h=3657B3EC,$0098CD00]
  [Node$01A33484] 'sMissionAssetID' [h=73C52FDD,$0098E9A0]: 'sw_allies4' [h=EDCEA531,$0097EB20]
  [Node$01A33498] 'Actor_PlayAnimation' [h=9F7C4B66,$00A00E40]: cfunction$002AE3E0 'Actor_PlayAnimation' [h=9F7C4B66,$00A00E40]
  [Node$01A334AC] 'Event_AiIsFollowing' [h=08712D27,$00A3B740]: cfunction$002BBCE0 'Event_AiIsFollowing' [h=08712D27,$00A3B740]
  [Node$01A334C0] 'gameflow_GetCardIntelScribMemVarName' [h=1BD00BE0,$00A3CF00]: function$0099AD00 'gameflow_GetCardIntelScribMemVarName' [h=1BD00BE0,$00A3CF00]
    CONST$00957BA0 k0  'info' [h=0080869A,$009AB460]
     CODE$0099A2E0
      000 02000000      MOVE r2 := r0
      001 03008000      MOVE r3 := r1
      002 04000001     LOADK r4 := k0 ('info' [h=0080869A,$009AB460])
      003 02010113    CONCAT r2 := r2 ... r4
      004 0201001B    RETURN r2 ... r2
      005 0000801B    RETURN
  [Node$01A334D4] 'Player_ShowMoney' [h=ED6837FE,$00A2FC40]: cfunction$002C0310 'Player_ShowMoney' [h=ED6837FE,$00A2FC40]
  [Node$01A334E8] 'Actor_SetPosition' [h=1D26B41B,$009D9EC0]: cfunction$002ABF68 'Actor_SetPosition' [h=1D26B41B,$009D9EC0]
  [Node$01A334FC] 'Actor_EnableTireSmoke' [h=20567FE3,$00A0B5C0]: cfunction$002AF528 'Actor_EnableTireSmoke' [h=20567FE3,$00A0B5C0]
  [Node$01A33510] 'gameflow_GetIntelTotal' [h=0305AFE4,$009CDD00]: function$009970C0 'gameflow_GetIntelTotal' [h=0305AFE4,$009CDD00]
    CONST$00B0B0C0 k0  TObject(0.0)
    CONST$00B0B0C8 k1  'suit_sequence' [h=3E108615,$009801E0]
    CONST$00B0B0D0 k2  'CARD_RANK_MIN' [h=4771A7AF,$0098B6E0]
    CONST$00B0B0D8 k3  'CARD_RANK_MAX' [h=B37F15FE,$009C4100]
    CONST$00B0B0E0 k4  TObject(1.0)
    CONST$00B0B0E8 k5  'gameflow_GetCardScribbleMemoryVariableName' [h=22BDD88D,$00A13240]
    CONST$00B0B0F0 k6  'Utility_ReadStringFromScribbleMemory' [h=5455F3B9,$00A0C940]
    CONST$00B0B0F8 k7  'stateKilled' [h=0D0073F8,$00979A80]
    CONST$00B0B100 k8  'stateCaptured' [h=8495A2AD,$00999220]
    CONST$00B0B108 k9  'gameflow_GetCardIntelValue' [h=840612C5,$009FEB80]
     CODE$00B0A040
      000 01000001     LOADK r1 := k0 (TObject(0.0))
      001 02000045 GETGLOBAL r2 := _G[k1 ('suit_sequence' [h=3E108615,$009801E0])]
      002 02010006  GETTABLE r2 := r2[r0]
      003 03000085 GETGLOBAL r3 := _G[k2 ('CARD_RANK_MIN' [h=4771A7AF,$0098B6E0])]
      004 040000C5 GETGLOBAL r4 := _G[k3 ('CARD_RANK_MAX' [h=B37F15FE,$009C4100])]
      005 05000101     LOADK r5 := k4 (TObject(1.0))
      006 0301814D       SUB r3 := r3 - r5
      007 00800414       JMP +17 ; 25
      008 06000145 GETGLOBAL r6 := _G[k5 ('gameflow_GetCardScribbleMemoryVariableName' [h=22BDD88D,$00A13240])]
      009 07010000      MOVE r7 := r2
      010 08018000      MOVE r8 := r3
      011 06018099      CALL r6 (2 args) => 1 results
      012 07000185 GETGLOBAL r7 := _G[k6 ('Utility_ReadStringFromScribbleMemory' [h=5455F3B9,$00A0C940])]
      013 08030000      MOVE r8 := r6
      014 07010099      CALL r7 (1 args) => 1 results
      015 080001C5 GETGLOBAL r8 := _G[k7 ('stateKilled' [h=0D0073F8,$00979A80])]
      016 01038215        EQ r7 == r8
      017 00800094       JMP +3 ; 21
      018 08000205 GETGLOBAL r8 := _G[k8 ('stateCaptured' [h=8495A2AD,$00999220])]
      019 00038215        EQ r7 != r8
      020 008000D4       JMP +4 ; 25
      021 08000245 GETGLOBAL r8 := _G[k9 ('gameflow_GetCardIntelValue' [h=840612C5,$009FEB80])]
      022 09018000      MOVE r9 := r3
      023 08010099      CALL r8 (1 args) => 1 results
      024 0100820C       ADD r1 := r1 + r8
      025 037FFB5C   FORLOOP r3 := r5; if r3 <= r4 JMP -18
      026 0101001B    RETURN r1 ... r1
      027 0000801B    RETURN
  [Node$01A33524] 'Actor_GetRiderType' [h=D547C55D,$009F45C0]: cfunction$002AB990 'Actor_GetRiderType' [h=D547C55D,$009F45C0]
  [Node$01A33538] 'Camera_ScriptDriveActor' [h=44FDD946,$00A0EAC0]: cfunction$002A6F68 'Camera_ScriptDriveActor' [h=44FDD946,$00A0EAC0]
  [Node$01A3354C] 'type' [h=0070EF71,$009875A0]: cfunction$003B8758 'type' [h=0070EF71,$009875A0]
  [Node$01A33560] 'util_IsPlayableIntro' [h=F04BEFE8,$009E8700]: function$009923E0 'util_IsPlayableIntro' [h=F04BEFE8,$009E8700]
    CONST$0097D9A0 k0  'sw' [h=000017F5,$009A9160]
    CONST$0097D9A8 k1  'allies' [h=B57F1C27,$009BF7E0]
    CONST$0097D9B0 k2  TObject(1.0)
     CODE$00A365C0
      000 00003E95        EQ r0 != k0 ('sw' [h=000017F5,$009A9160])
      001 008000D4       JMP +4 ; 6
      002 0000BED5        EQ r1 != k1 ('allies' [h=B57F1C27,$009BF7E0])
      003 00800054       JMP +2 ; 6
      004 01013F15        EQ r2 == k2 (TObject(1.0))
      005 00800014       JMP +1 ; 7
      006 03000042  LOADBOOL r3 := False ; br 8
      007 03008002  LOADBOOL r3 := True
      008 0301001B    RETURN r3 ... r3
      009 0000801B    RETURN
  [Node$01A33574] 'Camera_DetachFromActor' [h=4B9C5BE9,$00A0D780]: cfunction$002A6518 'Camera_DetachFromActor' [h=4B9C5BE9,$00A0D780]
  [Node$01A33588] 'Boundary_RadiationSetDamageRate' [h=69635A46,$009CEEC0]: cfunction$002C8C60 'Boundary_RadiationSetDamageRate' [h=69635A46,$009CEEC0]
  [Node$01A3359C] 'Ai_CommandStatus' [h=6633A7EB,$00A0EBC0]: cfunction$002B3AE0 'Ai_CommandStatus' [h=6633A7EB,$00A0EBC0]
  [Node$01A335B0] 'Faction_GetAttitude' [h=D25E63EC,$00A20680]: cfunction$002B6148 'Faction_GetAttitude' [h=D25E63EC,$00A20680]
  [Node$01A335C4] 'Desktop_BeginWinSequence' [h=71C223ED,$009F9380]: cfunction$002C8000 'Desktop_BeginWinSequence' [h=71C223ED,$009F9380]
  [Node$01A335D8] 'Event_ActorInFiremansCarry' [h=AC05FBEE,$009F34C0]: cfunction$002BA0B8 'Event_ActorInFiremansCarry' [h=AC05FBEE,$009F34C0]
  [Node$01A335EC] 'Audio_SubmitChatterEvent' [h=B1ADFFEF,$009ED000]: cfunction$002B8E58 'Audio_SubmitChatterEvent' [h=B1ADFFEF,$009ED000]
  [Node$01A33600] 'Ai_CommandDefault' [h=60550F94,$00A00F80]: cfunction$002B36E8 'Ai_CommandDefault' [h=60550F94,$00A00F80]
  [Node$01A33614] 'Tooltip_ShowNag' [h=557D2FF1,$009A24E0]: function$009C53A0[1] 'Tooltip_ShowNag' [h=557D2FF1,$009A24E0]
    CONST$00A78FC0 k0  'Ui_TutorialTrayPrint' [h=A427467F,$009E6F40]
    CONST$00A78FC8 k1  'sMessage' [h=5806A233,$0099A700]
    CONST$00A78FD0 k2  'nDisplayDuration' [h=7445B995,$00A096C0]
    CONST$00A78FD8 k3  TObject(0.0)
    CONST$00A78FE0 k4  'hTooltip_HideNag' [h=FE123C0E,$009F63C0]
    CONST$00A78FE8 k5  'Event_CancelEvent' [h=D8960070,$009D8C00]
    CONST$00A78FF0 k6  'Event_RelativeTimer' [h=AD23F6E2,$009F7840]
    CONST$00A78FF8 k7  'Tooltip_HideNag' [h=8DDECA24,$009AA620]
    CONST$00A79000 k8  'b' [h=00000083,$00983380]
     CODE$00A875C0
      000 00000005 GETGLOBAL r0 := _G[k0 ('Ui_TutorialTrayPrint' [h=A427467F,$009E6F40])]
      001 01000004  GETUPVAL r1 := u0
      002 0100BEC6  GETTABLE r1 := r1[k1 ('sMessage' [h=5806A233,$0099A700])]
      003 00010059      CALL r0 (1 args) => 0 results
      004 00000004  GETUPVAL r0 := u0
      005 00003F06  GETTABLE r0 := r0[k2 ('nDisplayDuration' [h=7445B995,$00A096C0])]
      006 007E8017        LE k3 (TObject(0.0)) > r0
      007 00800354       JMP +14 ; 22
      008 00000004  GETUPVAL r0 := u0
      009 01000145 GETGLOBAL r1 := _G[k5 ('Event_CancelEvent' [h=D8960070,$009D8C00])]
      010 02000004  GETUPVAL r2 := u0
      011 02013F86  GETTABLE r2 := r2[k4 ('hTooltip_HideNag' [h=FE123C0E,$009F63C0])]
      012 01010099      CALL r1 (1 args) => 1 results
      013 007F0049  SETTABLE r1 ->> r0[k4 ('hTooltip_HideNag' [h=FE123C0E,$009F63C0])]
      014 00000004  GETUPVAL r0 := u0
      015 01000185 GETGLOBAL r1 := _G[k6 ('Event_RelativeTimer' [h=AD23F6E2,$009F7840])]
      016 020001C1     LOADK r2 := k7 ('Tooltip_HideNag' [h=8DDECA24,$009AA620])
      017 03000201     LOADK r3 := k8 ('b' [h=00000083,$00983380])
      018 04000004  GETUPVAL r4 := u0
      019 04023F06  GETTABLE r4 := r4[k2 ('nDisplayDuration' [h=7445B995,$00A096C0])]
      020 01020099      CALL r1 (3 args) => 1 results
      021 007F0049  SETTABLE r1 ->> r0[k4 ('hTooltip_HideNag' [h=FE123C0E,$009F63C0])]
      022 0000801B    RETURN
  [Node$01A33628] 'Building_SpawnerEnable' [h=715F4385,$009E4FC0]: cfunction$002C1420 'Building_SpawnerEnable' [h=715F4385,$009E4FC0]
  [Node$01A3363C] 'Shop_UnlockItem' [h=0CE31B88,$009A2680]: cfunction$002A0D20 'Shop_UnlockItem' [h=0CE31B88,$009A2680]
  [Node$01A33650] 'Utility_GetStringById' [h=F7067A6C,$009EF080]: cfunction$002C4CB8 'Utility_GetStringById' [h=F7067A6C,$009EF080]
  [Node$01A33664] 'AceSporedIn' [h=1C1893F5,$009AA4C0]: function$009C0C80[1] 'AceSporedIn' [h=1C1893F5,$009AA4C0]
    CONST$00A03E40 k0  'Debug' [h=129D1272,$009C2A20]
    CONST$00A03E48 k1  'AceSporedIn: ....' [h=DA17ECF8,$009E3D80]
    CONST$00A03E50 k2  'AceSporedIn' [h=1C1893F5,$009AA4C0]
    CONST$00A03E58 k3  'CallIn' [h=7A5F9961,$00998BC0]
    CONST$00A03E60 k4  'AceRunsForIt' [h=7AF24343,$00984D20]
    CONST$00A03E68 k5  TObject(0.25)
    CONST$00A03E70 k6  'AceSporedIn: DONE' [h=5449DDDE,$00A2E5C0]
     CODE$00A778C0
      000 00000005 GETGLOBAL r0 := _G[k0 ('Debug' [h=129D1272,$009C2A20])]
      001 01000041     LOADK r1 := k1 ('AceSporedIn: ....' [h=DA17ECF8,$009E3D80])
      002 00010059      CALL r0 (1 args) => 0 results
      003 00000004  GETUPVAL r0 := u0
      004 01000004  GETUPVAL r1 := u0
      005 0100BF06  GETTABLE r1 := r1[k2 ('AceSporedIn' [h=1C1893F5,$009AA4C0])]
      006 007E0049  SETTABLE r1 ->> r0[k2 ('AceSporedIn' [h=1C1893F5,$009AA4C0])]
      007 000000C5 GETGLOBAL r0 := _G[k3 ('CallIn' [h=7A5F9961,$00998BC0])]
      008 01000101     LOADK r1 := k4 ('AceRunsForIt' [h=7AF24343,$00984D20])
      009 02000141     LOADK r2 := k5 (TObject(0.25))
      010 00018059      CALL r0 (2 args) => 0 results
      011 00000005 GETGLOBAL r0 := _G[k0 ('Debug' [h=129D1272,$009C2A20])]
      012 01000181     LOADK r1 := k6 ('AceSporedIn: DONE' [h=5449DDDE,$00A2E5C0])
      013 00010059      CALL r0 (1 args) => 0 results
      014 00000003   LOADNIL r0 ... r0
      015 00000087 SETGLOBAL r0 ->> _G[k2 ('AceSporedIn' [h=1C1893F5,$009AA4C0])]
      016 0000801B    RETURN
  [Node$01A33678] 'Camera_SetTurbulenceEnabled' [h=573A2399,$009E7DC0]: cfunction$002A67A8 'Camera_SetTurbulenceEnabled' [h=573A2399,$009E7DC0]
  [Node$01A3368C] 'Traffic_SetZoneCoolDownTimer' [h=97E775A7,$00A3F5C0]: cfunction$002A22D8 'Traffic_SetZoneCoolDownTimer' [h=97E775A7,$00A3F5C0]
  [Node$01A336A0] 'stateKilled' [h=0D0073F8,$00979A80]: 'killed' [h=76DA99AF,$009C2CA0]
  [Node$01A336B4] 'spawn_ActorQueueAdd' [h=74976BF9,$009E7B80]: function$009C3580 'spawn_ActorQueueAdd' [h=74976BF9,$009E7B80]
    CONST$00B93800 k0  'g_SpawnActorQueue' [h=33931F48,$009FEA80]
    CONST$00B93808 k1  TObject(None)
    CONST$00B93810 k2  'table' [h=10F2114B,$0098D780]
    CONST$00B93818 k3  'insert' [h=92EA3D93,$009903C0]
    CONST$00B93820 k4  'sName' [h=10ED9F0D,$0097E600]
    CONST$00B93828 k5  'x' [h=00000099,$0098E3E0]
    CONST$00B93830 k6  'y' [h=00000098,$0099F120]
    CONST$00B93838 k7  'z' [h=0000009B,$009A8AA0]
    CONST$00B93840 k8  'yaw' [h=0003646B,$009C3FC0]
    CONST$00B93848 k9  'sEncounter' [h=4CD961D9,$009BF980]
    CONST$00B93850 k10 'sSquad' [h=7089B391,$0098C100]
    CONST$00B93858 k11 'bInvincible' [h=4FA74776,$009C2740]
    CONST$00B93860 k12 'fSetup' [h=9C855945,$009972C0]
    CONST$00B93868 k13 'Event_RelativeTimer' [h=AD23F6E2,$009F7840]
    CONST$00B93870 k14 'spawn_ActorQueueSpawn' [h=9349201A,$009CD9C0]
    CONST$00B93878 k15 'b' [h=00000083,$00983380]
    CONST$00B93880 k16 TObject(0.0)
     CODE$00B90380
      000 0A000005 GETGLOBAL r10 := _G[k0 ('g_SpawnActorQueue' [h=33931F48,$009FEA80])]
      001 01053ED5        EQ r10 == k1 (TObject(None))
      002 00800014       JMP +1 ; 4
      003 0A000042  LOADBOOL r10 := False ; br 5
      004 0A008002  LOADBOOL r10 := True
      005 0A050018      TEST not r10 : r10 := r10
      006 00800054       JMP +2 ; 9
      007 0B00000A  NEWTABLE r11 := {} (#a=0, #h=0)
      008 0B000007 SETGLOBAL r11 ->> _G[k0 ('g_SpawnActorQueue' [h=33931F48,$009FEA80])]
      009 0B000005 GETGLOBAL r11 := _G[k0 ('g_SpawnActorQueue' [h=33931F48,$009FEA80])]
      010 0B058006  GETTABLE r11 := r11[r0]
      011 0005BED5        EQ r11 != k1 (TObject(None))
      012 00800094       JMP +3 ; 16
      013 0B000005 GETGLOBAL r11 := _G[k0 ('g_SpawnActorQueue' [h=33931F48,$009FEA80])]
      014 0C00000A  NEWTABLE r12 := {} (#a=0, #h=0)
      015 0B000309  SETTABLE r12 ->> r11[r0]
      016 0B000085 GETGLOBAL r11 := _G[k2 ('table' [h=10F2114B,$0098D780])]
      017 0B05BF46  GETTABLE r11 := r11[k3 ('insert' [h=92EA3D93,$009903C0])]
      018 0C000005 GETGLOBAL r12 := _G[k0 ('g_SpawnActorQueue' [h=33931F48,$009FEA80])]
      019 0C060006  GETTABLE r12 := r12[r0]
      020 0D00010A  NEWTABLE r13 := {} (#a=0, #h=4)
      021 0D7F0049  SETTABLE r1 ->> r13[k4 ('sName' [h=10ED9F0D,$0097E600])]
      022 0D7F8089  SETTABLE r2 ->> r13[k5 ('x' [h=00000099,$0098E3E0])]
      023 0D8000C9  SETTABLE r3 ->> r13[k6 ('y' [h=00000098,$0099F120])]
      024 0D808109  SETTABLE r4 ->> r13[k7 ('z' [h=0000009B,$009A8AA0])]
      025 0D810149  SETTABLE r5 ->> r13[k8 ('yaw' [h=0003646B,$009C3FC0])]
      026 0D818189  SETTABLE r6 ->> r13[k9 ('sEncounter' [h=4CD961D9,$009BF980])]
      027 0D8201C9  SETTABLE r7 ->> r13[k10 ('sSquad' [h=7089B391,$0098C100])]
      028 0D828209  SETTABLE r8 ->> r13[k11 ('bInvincible' [h=4FA74776,$009C2740])]
      029 0D830249  SETTABLE r9 ->> r13[k12 ('fSetup' [h=9C855945,$009972C0])]
      030 0B018059      CALL r11 (2 args) => 0 results
      031 0A050018      TEST not r10 : r10 := r10
      032 00800114       JMP +5 ; 38
      033 0B000345 GETGLOBAL r11 := _G[k13 ('Event_RelativeTimer' [h=AD23F6E2,$009F7840])]
      034 0C000381     LOADK r12 := k14 ('spawn_ActorQueueSpawn' [h=9349201A,$009CD9C0])
      035 0D0003C1     LOADK r13 := k15 ('b' [h=00000083,$00983380])
      036 0E000401     LOADK r14 := k16 (TObject(0.0))
      037 0B020059      CALL r11 (3 args) => 0 results
      038 0000801B    RETURN
  [Node$01A336C8] 'iMaxIntel' [h=ECDC7BFA,$00993DE0]: TObject(34.0)
  [Node$01A336DC] 'getmetatable' [h=48BED5DE,$0099B440]: cfunction$003B84C8 'getmetatable' [h=48BED5DE,$0099B440]
  [Node$01A336F0] 'Camera_SetZoom' [h=E7C33FFC,$0098E780]: cfunction$002A6620 'Camera_SetZoom' [h=E7C33FFC,$0098E780]
  [Node$01A33704] 'Cinematic_SignalEnd' [h=FE612BFD,$00A2B980]: cfunction$002F7D70 'Cinematic_SignalEnd' [h=FE612BFD,$00A2B980]
  [Node$01A33718] 'error' [h=1227EBFE,$009A48C0]: cfunction$003B8420 'error' [h=1227EBFE,$009A48C0]
  [Node$01A3372C] 'rawset' [h=7B26D5E5,$0098AB60]: cfunction$003B8670 'rawset' [h=7B26D5E5,$0098AB60]
