['-m', 'inspect']
PineStatus(title='Mercenaries - Playground of Destruction', id='SLUS-20932', uuid='23510f99', version='1.02')
L is at: 00AC41C0
Loading lua_State$00AC41C0
- stack: 014BCB00..014BCB08 (capacity: 158)
- shared global state: $00BB1BC0
- globals: table$009A90E0[a=0,h=2048]
- registry: table$009A9100[a=4,h=16]
- default metatable: table$009A91A0[a=0,h=1]
STACK:
- nil
- nil
_METATABLE: table$009A91A0[a=0,h=1]
_REGISTRY: table$009A9100[a=4,h=16]
  [1:$00990008] table$00997900[a=0,h=16]
    [Node$00CA1680] table$009886E0[a=1,h=1]: 1.0
    K [0:$0094B4E0] 'SW_challenge_Destroy01_spawn_1' [h=F12BF718,$00A09D00]
    [Node$00CA16BC] '__mode' [h=4F2D73E3,$0098FB60]: 'k' [h=0000008A,$0098F4A0]
    [Node$00CA1748] table$00995B60[a=1,h=1]: 1.0
    K [0:$0094B840] 'SW_challenge_destroy_dmz01__spawn_1' [h=D6C28D31,$00A0D4C0]
    [Node$00CA1770] table$0099C8E0[a=8,h=1]: 5.0
    K [0:$00A05E00] 'chal_Deliver01_vehicle_spawn_1' [h=082247E2,$00A40740]
    K [1:$00A05E08] 'chal_Deliver01_vehicle_spawn_2' [h=46BDB7ED,$009CF840]
    K [2:$00A05E10] 'chal_Deliver01_vehicle_spawn_3' [h=F271B4F7,$00A2C780]
    K [3:$00A05E18] 'chal_Deliver01_vehicle_spawn_4' [h=FF1549AC,$009E8C00]
    K [4:$00A05E20] 'chal_Deliver01_vehicle_spawn_5' [h=D889280C,$00A00300]
    META: table$00997900[a=0,h=16]
  [Node$00C7A0A8] table$0098F000[a=0,h=8]: 'tRsActor' [h=5767DEFE,$0099ADA0]
  K [Node$00C03BBC] '__eq' [h=007E46E3,$0098FB80]: cfunction$002F8FE0
  K [Node$00C03BD0] '__index' [h=761DF46E,$00998A00]: table$0098FA00[a=0,h=64]
  K   [Node$014BD500] 'GetMaxHitPoints' [h=8FECF540,$0098FCC0]: cfunction$002A9C38
  K   [Node$014BD514] 'IsAlive' [h=459E5F81,$0098FA40]: cfunction$002A8AF8
  K   [Node$014BD528] 'IsInvincible' [h=9A961D42,$0098A380]: cfunction$002AA368
  K   [Node$014BD550] 'IsFacing' [h=7CF6BC84,$0098F840]: cfunction$002AC8C0
  K   [Node$014BD564] 'GetYaw' [h=8AC12345,$00994D40]: cfunction$002AC1F8
  K   [Node$014BD5B4] 'AttachToLocation' [h=B4A43049,$009FD540]: cfunction$002ACD98
  K   [Node$014BD5C8] 'IsDormant' [h=18C106CA,$0098B1C0]: cfunction$002A8CE0
  K   [Node$014BD618] 'StopAnimation' [h=00A47F4E,$0098F300]: cfunction$002AE7E0
  K   [Node$014BD62C] 'SetDieUponHibernation' [h=3CAE2A0F,$009FDFC0]: cfunction$002AB608
  K   [Node$014BD640] 'IsPlayer' [h=AECB3690,$0098FAA0]: cfunction$002AAAB8
  K   [Node$014BD654] 'SetYaw' [h=8AC12351,$0098A460]: cfunction$002AC560
  K   [Node$014BD6A4] 'GetHitPoints' [h=B699BE55,$0098EAC0]: cfunction$002A9858
  K   [Node$014BD6B8] 'IsSubdued' [h=67FF4F56,$0098B640]: cfunction$002A8E10
  K   [Node$014BD6E0] 'CreateItemInPrimaryInventory' [h=2139E8BF,$00A0F940]: cfunction$002AFA10
  K   [Node$014BD6F4] 'SetHitPoints' [h=B699BE59,$0098FFC0]: cfunction$002A9FE8
  K   [Node$014BD708] 'ClearPrimaryInventory' [h=0C70A2D5,$009FC1C0]: cfunction$002AF868
  K   [Node$014BD71C] 'GetType' [h=4A29051B,$009979E0]: cfunction$002ABC98
  K   [Node$014BD730] 'KillWithMortar' [h=76078A1C,$0099BFE0]: cfunction$002A9160
  K   [Node$014BD744] 'SetIdleInPuppetState' [h=F1C1D3C1,$009E1F80]: cfunction$002AD3F8
  K   [Node$014BD758] 'SetModelNodeVisibility' [h=DC9F662D,$009FC500]: cfunction$002AF1C0
  K   [Node$014BD76C] 'ShowGrenadeProp' [h=3066559F,$0098FA80]: cfunction$002AAE20
  K   [Node$014BD780] 'StopHumanAnimationInGame' [h=C54D29E0,$00A08680]: cfunction$002AE230
  K   [Node$014BD794] 'EnableTireSmoke' [h=80FB2CA1,$0098F320]: cfunction$002AF528
  K   [Node$014BD7A8] 'Kill' [h=0074B362,$00999480]: cfunction$002A8F98
  K   [Node$014BD7BC] 'SetLightState' [h=D1E06E33,$0098F340]: cfunction$002AEF40
  K   [Node$014BD7D0] 'GetPrimaryEquipedItem' [h=F9A017A4,$00A0A4C0]: cfunction$002A9E08
  K   [Node$014BD7E4] 'ResetLookAtActor' [h=89C861FE,$009FFF40]: cfunction$002AEDB8
  K   [Node$014BD7F8] 'EnableShadow' [h=5B65D726,$00985800]: cfunction$002AD958
  K   [Node$014BD80C] 'IsObservedByFaction' [h=D17F2B67,$00A02440]: cfunction$002AB320
  K   [Node$014BD820] 'SetPosition' [h=64C751E8,$0098FA20]: cfunction$002ABF68
  K   [Node$014BD834] 'Remove' [h=4893DA69,$009910C0]: cfunction$002ABDD8
  K   [Node$014BD848] 'HideGrenadeProp' [h=304EECEA,$00984380]: cfunction$002AAC80
  K   [Node$014BD85C] 'SetAnimationSet' [h=7E37427F,$00990540]: cfunction$002AE9F8
  K   [Node$014BD870] 'SetCorpseCleanUpAllowed' [h=8BFAECEC,$00A05440]: cfunction$002AA8B8
  K   [Node$014BD884] 'LookAtActor' [h=4ED205AD,$0098F3A0]: cfunction$002AEBC8
  K   [Node$014BD898] 'SetInvincible' [h=5EEA71EE,$0098A060]: cfunction$002AA528
  K   [Node$014BD8AC] 'DisableTireSmoke' [h=D0B86AAF,$009DE4C0]: cfunction$002AF6F0
  K   [Node$014BD8C0] 'PlayAnimation' [h=00A088D9,$00989F80]: cfunction$002AE3E0
  K   [Node$014BD8D4] 'PlayHumanAnimationByHandleInGame' [h=062F6A68,$00A0A5C0]: cfunction$002ADFE0
  K   [Node$014BD8E8] 'EnableCollision' [h=B522BD3D,$00989FE0]: cfunction$002AD000
  K   [Node$014BD8FC] 'PlayHumanAnimation' [h=27721E73,$00A009C0]: cfunction$002ADB10
  K   [Node$014BD910] 'EnableScriptedUse' [h=5D5407AA,$00A3F5C0]: cfunction$002AD5A0
  K   [Node$014BD924] 'IsAnimating' [h=DD5BDD35,$0098C460]: cfunction$002AE648
  K   [Node$014BD938] 'SetHitPointsNearDeath' [h=D07799F6,$00A0F600]: cfunction$002AA1F0
  K   [Node$014BD94C] 'EnableCinematicControl' [h=BD80BC2A,$00A01280]: cfunction$002AD1B0
  K   [Node$014BD960] 'PlayHumanAnimationByHandle' [h=3EC6B938,$00A3E580]: cfunction$002ADDE0
  K   [Node$014BD974] 'SetVerifiable' [h=D9FE9841,$0098FAC0]: cfunction$002AA6C0
  K   [Node$014BD988] 'AttachToActor' [h=6E7904DF,$00984F20]: cfunction$002ACAB0
  K   [Node$014BD99C] 'GetAttitudeTowardActor' [h=EB4A14A9,$009D97C0]: cfunction$002A9A10
  K   [Node$014BD9B0] 'GetPosition' [h=64C751FC,$00996F00]: cfunction$002AB790
  K   [Node$014BD9C4] 'GetVelocity' [h=024B95FD,$009C7780]: cfunction$002AC378
  K   [Node$014BD9D8] 'GetRiderType' [h=137799FE,$00993680]: cfunction$002AB990
  K   [Node$014BD9EC] 'IsDetectedByFaction' [h=7C2FD47F,$00A06B00]: cfunction$002AAFC0
  K [Node$00C03BE4] '__metatable' [h=BDD03A15,$0098F2C0]: table$0098FA00[a=0,h=64]
  K [Node$00C03BF8] '__tostring' [h=D7D66906,$0098F2E0]: cfunction$002F8F70
  K [Node$00C03C0C] '__gc' [h=0071CC66,$0098FB40]: cfunction$002F8F68
  [Node$00C7A198] 'tRsActor' [h=5767DEFE,$0099ADA0]: table$0098F000[a=0,h=8]
_G: table$009A90E0[a=0,h=2048]
  [Node$01CA2F80] 'tSW_Challenge_Homerun01' [h=9316C000,$00A00000]: table$00996FA0[a=0,h=32]
    [Node$00D6B5E8] 'sChallengeScriptName' [h=8B569902,$009E2E40]: 'SW_challenge_Homerun01' [h=4228D6C9,$009D1F40]
    [Node$00D6B5FC] 'sFuncNameHide' [h=E8C1E1A3,$009A23A0]: 'SW_challenge_Homerun01_Hide' [h=6476D0AF,$009D9D00]
    [Node$00D6B610] 'tFactionImprove' [h=9D08AFC4,$0099DE80]: table$009A1460[a=0,h=2]
      [Node$00A2C440] 'mafia' [h=11226556,$009A6140]: 20.0
    [Node$00D6B638] 'sFuncNameQuestionBox' [h=25D5C106,$00A25740]: 'SW_challenge_Homerun01_QuestionBox' [h=D8F023C7,$009CF280]
    [Node$00D6B660] 'tGoals' [h=B6E9E608,$00999620]: table$009AC200[a=1,h=1]
      [0:$00957720] table$009A2BE0[a=0,h=4]
        [Node$00AB3F54] 'sText' [h=11BDEAA9,$0099A6A0]: '[challenge.goal.distance]' [h=589113F7,$009FBD40]
        [Node$00AB3F68] 'vValue' [h=4822E3A2,$00996420]: function$00993820 'SW_Challenge_Homerun01_GoalDistanceString' [h=E80AFA49,$00A09780]
          CONST$009DACC0 k0  'SW_Challenge_Homerun01_Level' [h=AAD2612C,$00A07B40]
          CONST$009DACC8 k1  5.0
          CONST$009DACD0 k2  'SW_Challenge_Homerun01_GoalDistance' [h=0BB8E46E,$009EE600]
          CONST$009DACD8 k3  ' ' [h=00000041,$009C76C0]
          CONST$009DACE0 k4  'Utility_GetStringById' [h=F7067A6C,$009D9780]
          CONST$009DACE8 k5  'interface.units.metersabbreviated' [h=5EB2DC2B,$009CF6C0]
          CONST$009DACF0 k6  'Utility_StringFormat' [h=886808AD,$009DDC00]
          CONST$009DACF8 k7  '%.2f' [h=00716210,$0098F9C0]
          CODE $00AB5B40
            000 00000005 GETGLOBAL r0 := _G[k0 ('SW_Challenge_Homerun01_Level' [h=AAD2612C,$00A07B40])]
            001 00008099      CALL r0 (0 args) => 1 results
            002 00003ED6       BLT r0 < k1 (5.0)
            003 00800214       JMP +9 ; 13
            004 01000085 GETGLOBAL r1 := _G[k2 ('SW_Challenge_Homerun01_GoalDistance' [h=0BB8E46E,$009EE600])]
            005 01008099      CALL r1 (0 args) => 1 results
            006 020000C1     LOADK r2 := k3 (' ' [h=00000041,$009C76C0])
            007 03000105 GETGLOBAL r3 := _G[k4 ('Utility_GetStringById' [h=F7067A6C,$009D9780])]
            008 04000141     LOADK r4 := k5 ('interface.units.metersabbreviated' [h=5EB2DC2B,$009CF6C0])
            009 03010099      CALL r3 (1 args) => 1 results
            010 010080D3    CONCAT r1 := r1 ... r3
            011 0101001B    RETURN r1 ... r1
            012 008002D4       JMP +12 ; 25
            013 01000185 GETGLOBAL r1 := _G[k6 ('Utility_StringFormat' [h=886808AD,$009DDC00])]
            014 020001C1     LOADK r2 := k7 ('%.2f' [h=00716210,$0098F9C0])
            015 03000085 GETGLOBAL r3 := _G[k2 ('SW_Challenge_Homerun01_GoalDistance' [h=0BB8E46E,$009EE600])]
            016 03008019      CALL r3 (0 args) => -1 results
            017 01000099      CALL r1 (-1 args) => 1 results
            018 02008000      MOVE r2 := r1
            019 030000C1     LOADK r3 := k3 (' ' [h=00000041,$009C76C0])
            020 04000105 GETGLOBAL r4 := _G[k4 ('Utility_GetStringById' [h=F7067A6C,$009D9780])]
            021 05000141     LOADK r5 := k5 ('interface.units.metersabbreviated' [h=5EB2DC2B,$009CF6C0])
            022 04010099      CALL r4 (1 args) => 1 results
            023 02010113    CONCAT r2 := r2 ... r4
            024 0201001B    RETURN r2 ... r2
            025 0000801B    RETURN r0 ... r-1
    [Node$00D6B674] 'sQuestionBoxInsideTextKey' [h=FCDCE389,$009E6FC0]: 'Impress the locals with your barrel-moving skillz! [n]Move the barrel as far as possible!' [h=407A5F66,$00B29A40]
    [Node$00D6B688] 'sFuncNameStart' [h=FF54EF6A,$009AA880]: 'SW_challenge_Homerun01_Start' [h=8C1BBFB8,$00A05280]
    [Node$00D6B6B0] 'bIsSetup' [h=D7AB01C6,$00997540]: True
    [Node$00D6B6C4] 'tEventHandlesForSetup' [h=9B8DA62D,$00A02E00]: table$009A3300[a=0,h=4]
      [Node$00B26068] 'hHitPointsLessThan' [h=4539B91F,$009E1F40]: 1617.0
      [Node$00B2607C] 'hActorUsed' [h=3D7C228B,$009A45C0]: 1616.0
    [Node$00D6B6D8] 'sFuncNameEnd' [h=78C8606E,$009A8800]: 'SW_challenge_Homerun01_End' [h=EEEE9128,$00A09A40]
    [Node$00D6B6EC] 'sFuncNameSetupAiInNamedVehicle' [h=8879F6AF,$00A23C40]: 'SW_challenge_Homerun01_SetupAiInNamedVehicle' [h=AA5E90F4,$00A02BC0]
    [Node$00D6B700] 'tRules' [h=B5794570,$009C3D40]: table$00981520[a=1,h=1]
      [0:$009576D0] table$009AB600[a=0,h=4]
        [Node$00A80F54] 'sText' [h=11BDEAA9,$0099A6A0]: '[challenge.goal.timelimit]' [h=FE0B893F,$009EEB40]
        [Node$00A80F68] 'vValue' [h=4822E3A2,$00996420]: '0:30' [h=005CC23E,$009A9A80]
    [Node$00D6B714] 'bStarterIsSpent' [h=5FEBD8E8,$009C7EE0]: nil
    [Node$00D6B728] 'sFuncNameWaitForReinitOpportunity' [h=A476F72A,$00A0EDC0]: 'SW_challenge_Homerun01_WaitForReinitOpportunity' [h=7BAF82F4,$009CFE00]
    [Node$00D6B73C] 'sFuncNamePrefix' [h=24CFBE93,$00985DC0]: 'SW_challenge_Homerun01' [h=4228D6C9,$009D1F40]
    [Node$00D6B750] 'sQuestionBoxWindowTitleKey' [h=0061E794,$00A00A00]: 'challenge.sw.Homerun01.title' [h=40BCCB68,$009F0FC0]
    [Node$00D6B764] 'sFuncOnStarterBroken' [h=ED7F76E3,$009DD680]: 'SW_challenge_Homerun01_OnStarterBroken' [h=0077D0F8,$00A114C0]
    [Node$00D6B778] 'bQuestionBoxPauseGame' [h=10991576,$00A10F40]: True
    [Node$00D6B78C] 'sFuncOnStarterSpent' [h=4BD64963,$009E1900]: 'SW_challenge_Homerun01_OnStarterSpent' [h=DABB00B5,$009D00C0]
    [Node$00D6B7A0] 'sFuncNameShow' [h=6964B278,$0097FB80]: 'SW_challenge_Homerun01_Show' [h=D659E3D4,$009D99C0]
    [Node$00D6B7B4] 'sCurrentChallengeStarter' [h=AFEC3F39,$00A01740]: 'chal_Homerun01_actor0' [h=3B443615,$009D8E80]
    [Node$00D6B7C8] 'sStarterNameBase' [h=52BE0E9A,$009DF640]: 'chal_Homerun01_actor' [h=E1D336E1,$009DA9C0]
    [Node$00D6B7DC] 'vReward' [h=18F9995B,$009C6E80]: function$00980E00 'SW_Challenge_Homerun01_Value' [h=43B8BCB4,$009F5140]
      CONST$0094C5A0 k0  'SW_Challenge_Homerun01_Level' [h=AAD2612C,$00A07B40]
      CONST$0094C5A8 k1  10000.0
      CODE $00995720
        000 00000005 GETGLOBAL r0 := _G[k0 ('SW_Challenge_Homerun01_Level' [h=AAD2612C,$00A07B40])]
        001 00008099      CALL r0 (0 args) => 1 results
        002 01003ECE       MUL r1 := r0 * k1 (10000.0)
        003 0101001B    RETURN r1 ... r1
        004 0000801B    RETURN r0 ... r-1
    [Node$00D6B7F0] 'sFuncNameStarterSpawned' [h=6EFD36B4,$009FC280]: 'SW_challenge_Homerun01_StarterSpawned' [h=D1DC4570,$009DDD00]
    [Node$00D6B804] 'sStarterTemplate' [h=01757CDA,$009FFDC0]: 'template_homerun01_barrel' [h=82FAE8B6,$009EE540]
    [Node$00D6B818] 'sStarterLocation' [h=A151005E,$009FE200]: 'chal_homerun01_starter' [h=53102BE3,$009D69C0]
    [Node$00D6B82C] 'sFuncNameReinit' [h=EC63489F,$00981FA0]: 'SW_challenge_Homerun01_Reinit' [h=D156697E,$009D2640]
  [Node$01CA2FD0] 'jeff_SwitchCostumes' [h=F1BDC804,$009E1E00]: function$009A25E0 'jeff_SwitchCostumes' [h=F1BDC804,$009E1E00]
    CONST$009615D0 k0  'switchHeroToAlternateCostume' [h=E1F153D4,$009E0680]
    CONST$009615D8 k1  'jeff_setupCostumeTentEvents' [h=EC9D32FC,$009E2800]
    CODE $00985960
      000 00000005 GETGLOBAL r0 := _G[k0 ('switchHeroToAlternateCostume' [h=E1F153D4,$009E0680])]
      001 01008002  LOADBOOL r1 := True
      002 00010059      CALL r0 (1 args) => 0 results
      003 00000045 GETGLOBAL r0 := _G[k1 ('jeff_setupCostumeTentEvents' [h=EC9D32FC,$009E2800])]
      004 00008059      CALL r0 (0 args) => 0 results
      005 0000801B    RETURN r0 ... r-1
  [Node$01CA2FE4] 'gameflow_DeckCardVerified' [h=52863805,$009F7F80]: function$0097CF00 'gameflow_DeckCardVerified' [h=52863805,$009F7F80]
    CONST$00C91000 k0  'util_PrintDebugMsg' [h=A2961C17,$00A11FC0]
    CONST$00C91008 k1  '[gameflow.lua] gameflow_DeckCardVerified\n' [h=958E8D15,$009F57C0]
    CONST$00C91010 k2  '[gameflow.lua] ' [h=0F35146C,$00987260]
    CONST$00C91018 k3  ' of ' [h=00565EBD,$0099DE40]
    CONST$00C91020 k4  ' ' [h=00000041,$009C76C0]
    CONST$00C91028 k5  '\n' [h=0000002B,$009A7280]
    CONST$00C91030 k6  'Utility_WriteStringToScribbleMemory' [h=5E8C6272,$00A3FBC0]
    CONST$00C91038 k7  'gameflow_GetCardScribbleMemoryVariableName' [h=22BDD88D,$00A382C0]
    CONST$00C91040 k8  'bAceUnlocked' [h=DF76847E,$009935E0]
    CONST$00C91048 k9  'CARD_RANK_MAX' [h=B37F15FE,$009983E0]
    CONST$00C91050 k10 'gameflow_AttemptAceMissionUnlock' [h=5B9F3191,$009F5800]
    CONST$00C91058 k11 'gameflow_UpdatePDAIntelMeter' [h=1CE87DF6,$009F78C0]
    CONST$00C91060 k12 'chat_C' [h=51825057,$00988560]
    CONST$00C91068 k13 'stateKilled' [h=0D0073F8,$009C4DE0]
    CONST$00C91070 k14 'K' [h=0000006A,$009870A0]
    CONST$00C91078 k15 'stateCaptured' [h=8495A2AD,$009A4380]
    CONST$00C91080 k16 'C' [h=00000062,$00988240]
    CONST$00C91088 k17 'JOU' [h=0002E0E6,$0099EFC0]
    CONST$00C91090 k18 'CARD_RANK_NUM_MAX' [h=7876B666,$00A39DC0]
    CONST$00C91098 k19 11.0
    CONST$00C910A0 k20 'J' [h=0000006B,$0097E100]
    CONST$00C910A8 k21 12.0
    CONST$00C910B0 k22 'Q' [h=00000070,$00980B60]
    CONST$00C910B8 k23 13.0
    CONST$00C910C0 k24 14.0
    CONST$00C910C8 k25 'A' [h=00000060,$00983DA0]
    CONST$00C910D0 k26 'clubs' [h=12E946D0,$00992080]
    CONST$00C910D8 k27 'diamonds' [h=9540B759,$00997440]
    CONST$00C910E0 k28 'D' [h=00000065,$0098C720]
    CONST$00C910E8 k29 'hearts' [h=7B78F22A,$00996620]
    CONST$00C910F0 k30 'H' [h=00000069,$009806E0]
    CONST$00C910F8 k31 'spades' [h=B57ECFE8,$00999B40]
    CONST$00C91100 k32 'S' [h=00000072,$00997740]
    CONST$00C91108 k33 'Audio_SetJournalistPropogandaEvent' [h=8502EF7E,$009E1C40]
    CODE $00CEE140
      000 03000005 GETGLOBAL r3 := _G[k0 ('util_PrintDebugMsg' [h=A2961C17,$00A11FC0])]
      001 04000041     LOADK r4 := k1 ('[gameflow.lua] gameflow_DeckCardVerified\n' [h=958E8D15,$009F57C0])
      002 03010059      CALL r3 (1 args) => 0 results
      003 03000005 GETGLOBAL r3 := _G[k0 ('util_PrintDebugMsg' [h=A2961C17,$00A11FC0])]
      004 04000081     LOADK r4 := k2 ('[gameflow.lua] ' [h=0F35146C,$00987260])
      005 05008000      MOVE r5 := r1
      006 060000C1     LOADK r6 := k3 (' of ' [h=00565EBD,$0099DE40])
      007 07000000      MOVE r7 := r0
      008 08000101     LOADK r8 := k4 (' ' [h=00000041,$009C76C0])
      009 09010000      MOVE r9 := r2
      010 0A000141     LOADK r10 := k5 ('\n' [h=0000002B,$009A7280])
      011 04020293    CONCAT r4 := r4 ... r10
      012 03010059      CALL r3 (1 args) => 0 results
      013 03000185 GETGLOBAL r3 := _G[k6 ('Utility_WriteStringToScribbleMemory' [h=5E8C6272,$00A3FBC0])]
      014 040001C5 GETGLOBAL r4 := _G[k7 ('gameflow_GetCardScribbleMemoryVariableName' [h=22BDD88D,$00A382C0])]
      015 05000000      MOVE r5 := r0
      016 06008000      MOVE r6 := r1
      017 04018099      CALL r4 (2 args) => 1 results
      018 05010000      MOVE r5 := r2
      019 03018059      CALL r3 (2 args) => 0 results
      020 03000002  LOADBOOL r3 := False
      021 03000207 SETGLOBAL r3 ->> _G[k8 ('bAceUnlocked' [h=DF76847E,$009935E0])]
      022 03000245 GETGLOBAL r3 := _G[k9 ('CARD_RANK_MAX' [h=B37F15FE,$009983E0])]
      023 010080D5       BNE r1 != r3
      024 00800094       JMP +3 ; 28
      025 03000285 GETGLOBAL r3 := _G[k10 ('gameflow_AttemptAceMissionUnlock' [h=5B9F3191,$009F5800])]
      026 03008099      CALL r3 (0 args) => 1 results
      027 03000207 SETGLOBAL r3 ->> _G[k8 ('bAceUnlocked' [h=DF76847E,$009935E0])]
      028 030002C5 GETGLOBAL r3 := _G[k11 ('gameflow_UpdatePDAIntelMeter' [h=1CE87DF6,$009F78C0])]
      029 03008059      CALL r3 (0 args) => 0 results
      030 03000301     LOADK r3 := k12 ('chat_C' [h=51825057,$00988560])
      031 04000345 GETGLOBAL r4 := _G[k13 ('stateKilled' [h=0D0073F8,$009C4DE0])]
      032 00010115       BEQ r2 == r4
      033 008000D4       JMP +4 ; 38
      034 04018000      MOVE r4 := r3
      035 05000381     LOADK r5 := k14 ('K' [h=0000006A,$009870A0])
      036 03020153    CONCAT r3 := r4 ... r5
      037 00800154       JMP +6 ; 44
      038 040003C5 GETGLOBAL r4 := _G[k15 ('stateCaptured' [h=8495A2AD,$009A4380])]
      039 00010115       BEQ r2 == r4
      040 00800094       JMP +3 ; 44
      041 04018000      MOVE r4 := r3
      042 05000401     LOADK r5 := k16 ('C' [h=00000062,$00988240])
      043 03020153    CONCAT r3 := r4 ... r5
      044 04018000      MOVE r4 := r3
      045 05000441     LOADK r5 := k17 ('JOU' [h=0002E0E6,$0099EFC0])
      046 03020153    CONCAT r3 := r4 ... r5
      047 04000485 GETGLOBAL r4 := _G[k18 ('CARD_RANK_NUM_MAX' [h=7876B666,$00A39DC0])]
      048 00008117       BLE r1 <= r4
      049 008000D4       JMP +4 ; 54
      050 04018000      MOVE r4 := r3
      051 05008000      MOVE r5 := r1
      052 03020153    CONCAT r3 := r4 ... r5
      053 00800594       JMP +23 ; 77
      054 0000C355       BEQ r1 == k19 (11.0)
      055 008000D4       JMP +4 ; 60
      056 04018000      MOVE r4 := r3
      057 05000501     LOADK r5 := k20 ('J' [h=0000006B,$0097E100])
      058 03020153    CONCAT r3 := r4 ... r5
      059 00800414       JMP +17 ; 77
      060 0000C3D5       BEQ r1 == k21 (12.0)
      061 008000D4       JMP +4 ; 66
      062 04018000      MOVE r4 := r3
      063 05000581     LOADK r5 := k22 ('Q' [h=00000070,$00980B60])
      064 03020153    CONCAT r3 := r4 ... r5
      065 00800294       JMP +11 ; 77
      066 0000C455       BEQ r1 == k23 (13.0)
      067 008000D4       JMP +4 ; 72
      068 04018000      MOVE r4 := r3
      069 05000381     LOADK r5 := k14 ('K' [h=0000006A,$009870A0])
      070 03020153    CONCAT r3 := r4 ... r5
      071 00800114       JMP +5 ; 77
      072 0000C495       BEQ r1 == k24 (14.0)
      073 00800094       JMP +3 ; 77
      074 04018000      MOVE r4 := r3
      075 05000641     LOADK r5 := k25 ('A' [h=00000060,$00983DA0])
      076 03020153    CONCAT r3 := r4 ... r5
      077 04000685 GETGLOBAL r4 := _G[k26 ('clubs' [h=12E946D0,$00992080])]
      078 00000115       BEQ r0 == r4
      079 008000D4       JMP +4 ; 84
      080 04018000      MOVE r4 := r3
      081 05000401     LOADK r5 := k16 ('C' [h=00000062,$00988240])
      082 03020153    CONCAT r3 := r4 ... r5
      083 008004D4       JMP +20 ; 104
      084 040006C5 GETGLOBAL r4 := _G[k27 ('diamonds' [h=9540B759,$00997440])]
      085 00000115       BEQ r0 == r4
      086 008000D4       JMP +4 ; 91
      087 04018000      MOVE r4 := r3
      088 05000701     LOADK r5 := k28 ('D' [h=00000065,$0098C720])
      089 03020153    CONCAT r3 := r4 ... r5
      090 00800314       JMP +13 ; 104
      091 04000745 GETGLOBAL r4 := _G[k29 ('hearts' [h=7B78F22A,$00996620])]
      092 00000115       BEQ r0 == r4
      093 008000D4       JMP +4 ; 98
      094 04018000      MOVE r4 := r3
      095 05000781     LOADK r5 := k30 ('H' [h=00000069,$009806E0])
      096 03020153    CONCAT r3 := r4 ... r5
      097 00800154       JMP +6 ; 104
      098 040007C5 GETGLOBAL r4 := _G[k31 ('spades' [h=B57ECFE8,$00999B40])]
      099 00000115       BEQ r0 == r4
      100 00800094       JMP +3 ; 104
      101 04018000      MOVE r4 := r3
      102 05000801     LOADK r5 := k32 ('S' [h=00000072,$00997740])
      103 03020153    CONCAT r3 := r4 ... r5
      104 04000845 GETGLOBAL r4 := _G[k33 ('Audio_SetJournalistPropogandaEvent' [h=8502EF7E,$009E1C40])]
      105 05018000      MOVE r5 := r3
      106 04010059      CALL r4 (1 args) => 0 results
      107 04000205 GETGLOBAL r4 := _G[k8 ('bAceUnlocked' [h=DF76847E,$009935E0])]
      108 0401001B    RETURN r4 ... r4
      109 0000801B    RETURN r0 ... r-1
  [Node$01CA2FF8] 'SW_challenge_homerun_prp2dmz_01_OnStarterSpent' [h=60970806,$00A0A000]: function$00997920 'SW_challenge_homerun_prp2dmz_01_OnStarterSpent' [h=60970806,$00A0A000]
    CONST$00963040 k0  'challenge_Recycler_OnStarterSpent' [h=B4FA0A88,$00A10D40]
    CONST$00963048 k1  'tSW_challenge_homerun_prp2dmz_01' [h=98FBDA5C,$009F8C40]
    CODE $00963030
      000 00000005 GETGLOBAL r0 := _G[k0 ('challenge_Recycler_OnStarterSpent' [h=B4FA0A88,$00A10D40])]
      001 01000045 GETGLOBAL r1 := _G[k1 ('tSW_challenge_homerun_prp2dmz_01' [h=98FBDA5C,$009F8C40])]
      002 00010059      CALL r0 (1 args) => 0 results
      003 0000801B    RETURN r0 ... r-1
  [Node$01CA300C] 'Squad_ReportStatus' [h=1F2BB807,$00A24200]: cfunction$002B5DD8 'Squad_ReportStatus' [h=1F2BB807,$00A24200]
  [Node$01CA3020] 'Event_OdfSold' [h=C2F0B808,$0098DD40]: cfunction$002BD478 'Event_OdfSold' [h=C2F0B808,$0098DD40]
  [Node$01CA3084] 'nenc_ff1947_v' [h=8A53180D,$009AAEE0]: table$0099EE40[a=0,h=4]
    [Node$00AAD3D4] 'tLocationObjectsA' [h=2C5376F5,$00A01980]: table$00982FC0[a=2,h=1]
      [0:$00961430] 'ff1947_v3' [h=29347B62,$00996F60]
      [1:$00961438] 'ff1947_v4' [h=6BBDF0AD,$009A0860]
    [Node$00AAD3E8] 'sEncounter' [h=4CD961D9,$009A5C20]: 'ff1947' [h=1D0D6CDD,$00996020]
    [Node$00AAD3FC] 'tLocationObjectsB' [h=CEC61813,$00A073C0]: nil
  [Node$01CA3098] 'SW_challenge_homerun_prp2dmz_01_WaitForReinitOpportunity' [h=B4B7580E,$00AB4940]: function$00986C00 'SW_challenge_homerun_prp2dmz_01_WaitForReinitOpportunity' [h=B4B7580E,$00AB4940]
    CONST$009630E0 k0  'challenge_Recycler_WaitForReinitOpportunity' [h=E437AA1D,$009E6000]
    CONST$009630E8 k1  'tSW_challenge_homerun_prp2dmz_01' [h=98FBDA5C,$009F8C40]
    CODE $009630D0
      000 00000005 GETGLOBAL r0 := _G[k0 ('challenge_Recycler_WaitForReinitOpportunity' [h=E437AA1D,$009E6000])]
      001 01000045 GETGLOBAL r1 := _G[k1 ('tSW_challenge_homerun_prp2dmz_01' [h=98FBDA5C,$009F8C40])]
      002 00010059      CALL r0 (1 args) => 0 results
      003 0000801B    RETURN r0 ... r-1
  [Node$01CA30C0] 'challenge_deliver_pyn_01_Start' [h=52A5D010,$00A28CC0]: function$0098EB60 'challenge_deliver_pyn_01_Start' [h=52A5D010,$00A28CC0]
    CONST$00957BD0 k0  'challenge_Recycler_Start' [h=26A0F7E1,$00A04240]
    CONST$00957BD8 k1  'tSW_challenge_deliver_pyn_01' [h=3CC49C56,$009DA980]
    CODE $00957B50
      000 00000005 GETGLOBAL r0 := _G[k0 ('challenge_Recycler_Start' [h=26A0F7E1,$00A04240])]
      001 01000045 GETGLOBAL r1 := _G[k1 ('tSW_challenge_deliver_pyn_01' [h=3CC49C56,$009DA980])]
      002 00010059      CALL r0 (1 args) => 0 results
      003 0000801B    RETURN r0 ... r-1
  [Node$01CA30D4] 'Traffic_SetZoneSpawnerCap' [h=8AB13811,$00A23840]: cfunction$002A2468 'Traffic_SetZoneSpawnerCap' [h=8AB13811,$00A23840]
  [Node$01CA30E8] 'ActorVehicle_ReceiveRider' [h=A15FE812,$00A01E00]: cfunction$002B08F0 'ActorVehicle_ReceiveRider' [h=A15FE812,$00A01E00]
  [Node$01CA3110] 'SW_Challenge_Race_HQs2HQm_01_WaitForReinitOpportunity' [h=FD471014,$00A9A140]: function$0099C280 'SW_Challenge_Race_HQs2HQm_01_WaitForReinitOpportunity' [h=FD471014,$00A9A140]
    CONST$00958490 k0  'challenge_Recycler_WaitForReinitOpportunity' [h=E437AA1D,$009E6000]
    CONST$00958498 k1  'tSW_Challenge_Race_HQs2HQm_01' [h=34E6356F,$009D6780]
    CODE $00958450
      000 00000005 GETGLOBAL r0 := _G[k0 ('challenge_Recycler_WaitForReinitOpportunity' [h=E437AA1D,$009E6000])]
      001 01000045 GETGLOBAL r1 := _G[k1 ('tSW_Challenge_Race_HQs2HQm_01' [h=34E6356F,$009D6780])]
      002 00010059      CALL r0 (1 args) => 0 results
      003 0000801B    RETURN r0 ... r-1
  [Node$01CA3124] 'Debug_EnableDebugMenu' [h=89F83815,$009DFEC0]: cfunction$002F7078 'Debug_EnableDebugMenu' [h=89F83815,$009DFEC0]
  [Node$01CA3138] 'loc_ff4943_s' [h=9EDD2016,$0097FF60]: table$009997A0[a=8,h=1]
    [0:$009E9A00] 'ff4943_9' [h=DA37360A,$009AC580]
    [1:$009E9A08] 'ff4943_10' [h=A192C06F,$00991580]
    [2:$009E9A10] 'ff4943_11' [h=F701395B,$009A4B60]
    [3:$009E9A18] 'ff4943_12' [h=CB26AA90,$009C5180]
    [4:$009E9A20] 'ff4943_13' [h=3AF339BB,$009A5BC0]
    [5:$009E9A28] 'ff4943_14' [h=073D5D93,$00984A60]
    [6:$009E9A30] 'ff4943_15' [h=8F5C3EC6,$0099FB80]
    [7:$009E9A38] 'ff4943_16' [h=EB79C8BC,$00981EE0]
  [Node$01CA3188] 'ff3039' [h=F03D481A,$00981120]: table$00990A40[a=0,h=4]
    [Node$00AC2E54] 'tLocationObjectsA' [h=2C5376F5,$00A01980]: table$009858A0[a=4,h=1]
      [0:$009C5880] 'ff3039_1' [h=E27E9108,$00991AC0]
      [1:$009C5888] 'ff3039_2' [h=D6BD7F12,$00991520]
      [2:$009C5890] 'ff3039_3' [h=8AEE6259,$009A1980]
      [3:$009C5898] 'ff3039_4' [h=A9F56C22,$0097D6A0]
    [Node$00AC2E68] 'sEncounter' [h=4CD961D9,$009A5C20]: 'ff3039' [h=F03D481A,$00981120]
    [Node$00AC2E7C] 'tLocationObjectsB' [h=CEC61813,$00A073C0]: table$009C4E20[a=4,h=1]
      [0:$009AB9A0] 'ff3039_5' [h=82C30E41,$009A84E0]
      [1:$009AB9A8] 'ff3039_6' [h=7A0FE080,$009A82E0]
      [2:$009AB9B0] 'ff3039_7' [h=C91FBC60,$0099D540]
      [3:$009AB9B8] 'ff3039_8' [h=534AE5B8,$0099C480]
  [Node$01CA319C] 'Utility_GetPointBehindPlayer' [h=83B0181B,$009FFC40]: cfunction$002C3868 'Utility_GetPointBehindPlayer' [h=83B0181B,$009FFC40]
  [Node$01CA31EC] 'SW_challenge_homerun_prp2dmz_01_Hide' [h=3886D01F,$00A2AEC0]: function$00995740 'SW_challenge_homerun_prp2dmz_01_Hide' [h=3886D01F,$00A2AEC0]
    CONST$00963070 k0  'challenge_Recycler_Hide' [h=C6CFE144,$00A40380]
    CONST$00963078 k1  'tSW_challenge_homerun_prp2dmz_01' [h=98FBDA5C,$009F8C40]
    CODE $00963060
      000 00000005 GETGLOBAL r0 := _G[k0 ('challenge_Recycler_Hide' [h=C6CFE144,$00A40380])]
      001 01000045 GETGLOBAL r1 := _G[k1 ('tSW_challenge_homerun_prp2dmz_01' [h=98FBDA5C,$009F8C40])]
      002 00010059      CALL r0 (1 args) => 0 results
      003 0000801B    RETURN r0 ... r-1
  [Node$01CA3214] 'Mission_SpawnAirplaneFlyby' [h=875A5021,$009DB180]: cfunction$002A3328 'Mission_SpawnAirplaneFlyby' [h=875A5021,$009DB180]
  [Node$01CA3250] 'gameflow_EvaluateFactionCondition' [h=1152A024,$00A38500]: function$009A3EA0 'gameflow_EvaluateFactionCondition' [h=1152A024,$00A38500]
    CONST$00C4BD40 k0  'gameflow_IsNegationCondition' [h=77078C6B,$00A37A40]
    CONST$00C4BD48 k1  'type' [h=0070EF71,$00990720]
    CONST$00C4BD50 k2  'number' [h=77DB8760,$00982720]
    CONST$00C4BD58 k3  'table' [h=10F2114B,$00979B40]
    CONST$00C4BD60 k4  1.0
    CONST$00C4BD68 k5  'getn' [h=0083B006,$00978AA0]
    CONST$00C4BD70 k6  2.0
    CONST$00C4BD78 k7  'string' [h=81F98B41,$00980520]
    CONST$00C4BD80 k8  'util_PrintDebugMsg' [h=A2961C17,$00A11FC0]
    CONST$00C4BD88 k9  '[gameflow.lua] gameflow_EvaluateFactionCondition: ' [h=CE052686,$00A89F40]
    CONST$00C4BD90 k10 'NOT ' [h=0057622A,$00980100]
    CONST$00C4BD98 k11 'post' [h=0078F550,$009799E0]
    CONST$00C4BDA0 k12 '-' [h=0000004C,$0097B9E0]
    CONST$00C4BDA8 k13 '\n[gameflow.lua] gameflow_EvaluateFactionCondition: ERROR: invalid modifier string provided for range start value! (only "post" is permitted)\n' [h=77D8969F,$00B9E6C0]
    CONST$00C4BDB0 k14 'start' [h=11BCD3FC,$009A4EA0]
    CONST$00C4BDB8 k15 'end' [h=0003246B,$0098F900]
    CONST$00C4BDC0 k16 7.0
    CONST$00C4BDC8 k17 '\n[gameflow.lua] gameflow_EvaluateFactionCondition: ERROR: invalid alias string provided as range start value!\n' [h=0AD70B9C,$00A8DDC0]
    CONST$00C4BDD0 k18 ' <= ' [h=00540F4E,$009A22E0]
    CONST$00C4BDD8 k19 '\n[gameflow.lua] gameflow_EvaluateFactionCondition: ERROR: invalid modifier string provided for range end value! (only "post" is permitted)\n' [h=5D262F23,$00BF5F00]
    CONST$00C4BDE0 k20 '\n[gameflow.lua] gameflow_EvaluateFactionCondition: ERROR: invalid alias string provided for range end value!\n' [h=6693752F,$00AAD6C0]
    CONST$00C4BDE8 k21 'sw' [h=000017F5,$009AA280]
    CONST$00C4BDF0 k22 3.0
    CONST$00C4BDF8 k23 4.0
    CONST$00C4BE00 k24 '\n[gameflow.lua] gameflow_EvaluateFactionCondition: skipping evaluation; special case of SW + ch.3/4...\n' [h=587EC3E5,$00AC3840]
    CONST$00C4BE08 k25 '[gameflow.lua] gameflow_EvaluateFactionCondition: auto-approving this game state subset (end-of-SW state + ch. ' [h=40B632AB,$00A8FA40]
    CONST$00C4BE10 k26 ')\n' [h=00000973,$009A40C0]
    CONST$00C4BE18 k27 '[gameflow.lua] gameflow_EvaluateFactionCondition: auto-rejecting this game state subset (non-end-of-SW state + ch. ' [h=C9B12B81,$00BFED80]
    CONST$00C4BE20 k28 '..? ' [h=0054D0C7,$00997660]
    CONST$00C4BE28 k29 'tostring' [h=787EB105,$00990700]
    CONST$00C4BE30 k30 '\n' [h=0000002B,$009A7280]
    CODE $014C1040
      000 07008002  LOADBOOL r7 := True
      001 08000005 GETGLOBAL r8 := _G[k0 ('gameflow_IsNegationCondition' [h=77078C6B,$00A37A40])]
      002 09008000      MOVE r9 := r1
      003 080100D9      CALL r8 (1 args) => 2 results
      004 0A058003   LOADNIL r10 ... r11
      005 0C000045 GETGLOBAL r12 := _G[k1 ('type' [h=0070EF71,$00990720])]
      006 0D048000      MOVE r13 := r9
      007 0C010099      CALL r12 (1 args) => 1 results
      008 00063F15       BEQ r12 == k2 ('number' [h=77DB8760,$00982720])
      009 00800094       JMP +3 ; 13
      010 0A048000      MOVE r10 := r9
      011 0B050000      MOVE r11 := r10
      012 00800494       JMP +19 ; 32
      013 00063F55       BEQ r12 == k3 ('table' [h=10F2114B,$00979B40])
      014 00800314       JMP +13 ; 28
      015 0A04BF86  GETTABLE r10 := r9[k4 (1.0)]
      016 0D0000C5 GETGLOBAL r13 := _G[k3 ('table' [h=10F2114B,$00979B40])]
      017 0D06BFC6  GETTABLE r13 := r13[k5 ('getn' [h=0083B006,$00978AA0])]
      018 0E048000      MOVE r14 := r9
      019 0D010099      CALL r13 (1 args) => 1 results
      020 0006BF95       BEQ r13 == k4 (1.0)
      021 00800054       JMP +2 ; 24
      022 0B050000      MOVE r11 := r10
      023 008001D4       JMP +8 ; 32
      024 0006C015       BEQ r13 == k6 (2.0)
      025 00800154       JMP +6 ; 32
      026 0B04C006  GETTABLE r11 := r9[k6 (2.0)]
      027 008000D4       JMP +4 ; 32
      028 00064055       BEQ r12 == k7 ('string' [h=81F98B41,$00980520])
      029 00800054       JMP +2 ; 32
      030 0A048000      MOVE r10 := r9
      031 0B050000      MOVE r11 := r10
      032 0D010006  GETTABLE r13 := r2[r0]
      033 0E000205 GETGLOBAL r14 := _G[k8 ('util_PrintDebugMsg' [h=A2961C17,$00A11FC0])]
      034 0F000241     LOADK r15 := k9 ('[gameflow.lua] gameflow_EvaluateFactionCondition: ' [h=CE052686,$00A89F40])
      035 0E010059      CALL r14 (1 args) => 0 results
      036 08040018      TEST not r8: r8 := r8 ; or skip
      037 00800094       JMP +3 ; 41
      038 0E000205 GETGLOBAL r14 := _G[k8 ('util_PrintDebugMsg' [h=A2961C17,$00A11FC0])]
      039 0F000281     LOADK r15 := k10 ('NOT ' [h=0057622A,$00980100])
      040 0E010059      CALL r14 (1 args) => 0 results
      041 0E078003   LOADNIL r14 ... r15
      042 10000002  LOADBOOL r16 := False
      043 11000002  LOADBOOL r17 := False
      044 12000045 GETGLOBAL r18 := _G[k1 ('type' [h=0070EF71,$00990720])]
      045 13050000      MOVE r19 := r10
      046 12010099      CALL r18 (1 args) => 1 results
      047 00093F55       BEQ r18 == k3 ('table' [h=10F2114B,$00979B40])
      048 00800414       JMP +17 ; 66
      049 13053F86  GETTABLE r19 := r10[k4 (1.0)]
      050 0009C155       BEQ r19 == k11 ('post' [h=0078F550,$009799E0])
      051 00800254       JMP +10 ; 62
      052 13054006  GETTABLE r19 := r10[k6 (2.0)]
      053 0E09BF8C       ADD r14 := r19 + k4 (1.0)
      054 13000205 GETGLOBAL r19 := _G[k8 ('util_PrintDebugMsg' [h=A2961C17,$00A11FC0])]
      055 14053F86  GETTABLE r20 := r10[k4 (1.0)]
      056 15000301     LOADK r21 := k12 ('-' [h=0000004C,$0097B9E0])
      057 16000000      MOVE r22 := r0
      058 17054006  GETTABLE r23 := r10[k6 (2.0)]
      059 140A05D3    CONCAT r20 := r20 ... r23
      060 13010059      CALL r19 (1 args) => 0 results
      061 00800814       JMP +33 ; 95
      062 13000205 GETGLOBAL r19 := _G[k8 ('util_PrintDebugMsg' [h=A2961C17,$00A11FC0])]
      063 14000341     LOADK r20 := k13 ('\n[gameflow.lua] gameflow_EvaluateFactionCondition: ERROR: invalid modifier string provided for range start value! (only "post" is permitted)\n' [h=77D8969F,$00B9E6C0])
      064 13010059      CALL r19 (1 args) => 0 results
      065 00800714       JMP +29 ; 95
      066 00093F15       BEQ r18 == k2 ('number' [h=77DB8760,$00982720])
      067 008001D4       JMP +8 ; 76
      068 0E050000      MOVE r14 := r10
      069 10008002  LOADBOOL r16 := True
      070 13000205 GETGLOBAL r19 := _G[k8 ('util_PrintDebugMsg' [h=A2961C17,$00A11FC0])]
      071 14000000      MOVE r20 := r0
      072 15050000      MOVE r21 := r10
      073 140A0553    CONCAT r20 := r20 ... r21
      074 13010059      CALL r19 (1 args) => 0 results
      075 00800494       JMP +19 ; 95
      076 00094055       BEQ r18 == k7 ('string' [h=81F98B41,$00980520])
      077 00800414       JMP +17 ; 95
      078 00054215       BEQ r10 == k14 ('start' [h=11BCD3FC,$009A4EA0])
      079 00800114       JMP +5 ; 85
      080 0E000101     LOADK r14 := k4 (1.0)
      081 13000205 GETGLOBAL r19 := _G[k8 ('util_PrintDebugMsg' [h=A2961C17,$00A11FC0])]
      082 14050000      MOVE r20 := r10
      083 13010059      CALL r19 (1 args) => 0 results
      084 00800254       JMP +10 ; 95
      085 00054255       BEQ r10 == k15 ('end' [h=0003246B,$0098F900])
      086 00800114       JMP +5 ; 92
      087 0E000401     LOADK r14 := k16 (7.0)
      088 13000205 GETGLOBAL r19 := _G[k8 ('util_PrintDebugMsg' [h=A2961C17,$00A11FC0])]
      089 14050000      MOVE r20 := r10
      090 13010059      CALL r19 (1 args) => 0 results
      091 00800094       JMP +3 ; 95
      092 13000205 GETGLOBAL r19 := _G[k8 ('util_PrintDebugMsg' [h=A2961C17,$00A11FC0])]
      093 14000441     LOADK r20 := k17 ('\n[gameflow.lua] gameflow_EvaluateFactionCondition: ERROR: invalid alias string provided as range start value!\n' [h=0AD70B9C,$00A8DDC0])
      094 13010059      CALL r19 (1 args) => 0 results
      095 13000205 GETGLOBAL r19 := _G[k8 ('util_PrintDebugMsg' [h=A2961C17,$00A11FC0])]
      096 14000481     LOADK r20 := k18 (' <= ' [h=00540F4E,$009A22E0])
      097 15000000      MOVE r21 := r0
      098 16068000      MOVE r22 := r13
      099 17000481     LOADK r23 := k18 (' <= ' [h=00540F4E,$009A22E0])
      100 140A05D3    CONCAT r20 := r20 ... r23
      101 13010059      CALL r19 (1 args) => 0 results
      102 13000045 GETGLOBAL r19 := _G[k1 ('type' [h=0070EF71,$00990720])]
      103 14058000      MOVE r20 := r11
      104 13010099      CALL r19 (1 args) => 1 results
      105 0009BF55       BEQ r19 == k3 ('table' [h=10F2114B,$00979B40])
      106 00800454       JMP +18 ; 125
      107 1405BF86  GETTABLE r20 := r11[k4 (1.0)]
      108 000A4155       BEQ r20 == k11 ('post' [h=0078F550,$009799E0])
      109 00800294       JMP +11 ; 121
      110 1405C006  GETTABLE r20 := r11[k6 (2.0)]
      111 0F0A3F8C       ADD r15 := r20 + k4 (1.0)
      112 11008002  LOADBOOL r17 := True
      113 14000205 GETGLOBAL r20 := _G[k8 ('util_PrintDebugMsg' [h=A2961C17,$00A11FC0])]
      114 1505BF86  GETTABLE r21 := r11[k4 (1.0)]
      115 16000301     LOADK r22 := k12 ('-' [h=0000004C,$0097B9E0])
      116 17000000      MOVE r23 := r0
      117 1805C006  GETTABLE r24 := r11[k6 (2.0)]
      118 150A8613    CONCAT r21 := r21 ... r24
      119 14010059      CALL r20 (1 args) => 0 results
      120 00800814       JMP +33 ; 154
      121 14000205 GETGLOBAL r20 := _G[k8 ('util_PrintDebugMsg' [h=A2961C17,$00A11FC0])]
      122 150004C1     LOADK r21 := k19 ('\n[gameflow.lua] gameflow_EvaluateFactionCondition: ERROR: invalid modifier string provided for range end value! (only "post" is permitted)\n' [h=5D262F23,$00BF5F00])
      123 14010059      CALL r20 (1 args) => 0 results
      124 00800714       JMP +29 ; 154
      125 0009BF15       BEQ r19 == k2 ('number' [h=77DB8760,$00982720])
      126 00800194       JMP +7 ; 134
      127 0F058000      MOVE r15 := r11
      128 14000205 GETGLOBAL r20 := _G[k8 ('util_PrintDebugMsg' [h=A2961C17,$00A11FC0])]
      129 15000000      MOVE r21 := r0
      130 16058000      MOVE r22 := r11
      131 150A8593    CONCAT r21 := r21 ... r22
      132 14010059      CALL r20 (1 args) => 0 results
      133 008004D4       JMP +20 ; 154
      134 0009C055       BEQ r19 == k7 ('string' [h=81F98B41,$00980520])
      135 00800454       JMP +18 ; 154
      136 0005C215       BEQ r11 == k14 ('start' [h=11BCD3FC,$009A4EA0])
      137 00800154       JMP +6 ; 144
      138 0F000101     LOADK r15 := k4 (1.0)
      139 11008002  LOADBOOL r17 := True
      140 14000205 GETGLOBAL r20 := _G[k8 ('util_PrintDebugMsg' [h=A2961C17,$00A11FC0])]
      141 15058000      MOVE r21 := r11
      142 14010059      CALL r20 (1 args) => 0 results
      143 00800254       JMP +10 ; 154
      144 0005C255       BEQ r11 == k15 ('end' [h=0003246B,$0098F900])
      145 00800114       JMP +5 ; 151
      146 0F000401     LOADK r15 := k16 (7.0)
      147 14000205 GETGLOBAL r20 := _G[k8 ('util_PrintDebugMsg' [h=A2961C17,$00A11FC0])]
      148 15058000      MOVE r21 := r11
      149 14010059      CALL r20 (1 args) => 0 results
      150 00800094       JMP +3 ; 154
      151 14000205 GETGLOBAL r20 := _G[k8 ('util_PrintDebugMsg' [h=A2961C17,$00A11FC0])]
      152 15000501     LOADK r21 := k20 ('\n[gameflow.lua] gameflow_EvaluateFactionCondition: ERROR: invalid alias string provided for range end value!\n' [h=6693752F,$00AAD6C0])
      153 14010059      CALL r20 (1 args) => 0 results
      154 0002C3D5       BEQ r5 == k21 ('sw' [h=000017F5,$009AA280])
      155 00800694       JMP +27 ; 183
      156 01034415       BNE r6 != k22 (3.0)
      157 00800054       JMP +2 ; 160
      158 00034455       BEQ r6 == k23 (4.0)
      159 00800594       JMP +23 ; 183
      160 14000205 GETGLOBAL r20 := _G[k8 ('util_PrintDebugMsg' [h=A2961C17,$00A11FC0])]
      161 15000601     LOADK r21 := k24 ('\n[gameflow.lua] gameflow_EvaluateFactionCondition: skipping evaluation; special case of SW + ch.3/4...\n' [h=587EC3E5,$00AC3840])
      162 14010059      CALL r20 (1 args) => 0 results
      163 0005C255       BEQ r11 == k15 ('end' [h=0003246B,$0098F900])
      164 00800194       JMP +7 ; 172
      165 14000205 GETGLOBAL r20 := _G[k8 ('util_PrintDebugMsg' [h=A2961C17,$00A11FC0])]
      166 15000641     LOADK r21 := k25 ('[gameflow.lua] gameflow_EvaluateFactionCondition: auto-approving this game state subset (end-of-SW state + ch. ' [h=40B632AB,$00A8FA40])
      167 16030000      MOVE r22 := r6
      168 17000681     LOADK r23 := k26 (')\n' [h=00000973,$009A40C0])
      169 150A85D3    CONCAT r21 := r21 ... r23
      170 14010059      CALL r20 (1 args) => 0 results
      171 00800154       JMP +6 ; 178
      172 14000205 GETGLOBAL r20 := _G[k8 ('util_PrintDebugMsg' [h=A2961C17,$00A11FC0])]
      173 150006C1     LOADK r21 := k27 ('[gameflow.lua] gameflow_EvaluateFactionCondition: auto-rejecting this game state subset (non-end-of-SW state + ch. ' [h=C9B12B81,$00BFED80])
      174 16030000      MOVE r22 := r6
      175 17000681     LOADK r23 := k26 (')\n' [h=00000973,$009A40C0])
      176 150A85D3    CONCAT r21 := r21 ... r23
      177 14010059      CALL r20 (1 args) => 0 results
      178 0105C255       BNE r11 != k15 ('end' [h=0003246B,$0098F900])
      179 00800014       JMP +1 ; 181
      180 14000042  LOADBOOL r20 := False ; br 182
      181 14008002  LOADBOOL r20 := True
      182 1401001B    RETURN r20 ... r20
      183 00070357       BLE r14 <= r13
      184 00800514       JMP +21 ; 206
      185 000683D7       BLE r13 <= r15
      186 00800494       JMP +19 ; 206
      187 00068395       BEQ r13 == r14
      188 00800194       JMP +7 ; 196
      189 10080018      TEST not r16: r16 := r16 ; or skip
      190 00800114       JMP +5 ; 196
      191 03018018      TEST not r3: r3 := r3 ; or skip
      192 00800094       JMP +3 ; 196
      193 01020015       BNE r4 != r0
      194 00800014       JMP +1 ; 196
      195 07000002  LOADBOOL r7 := False
      196 000683D5       BEQ r13 == r15
      197 00800214       JMP +9 ; 207
      198 11088018      TEST not r17: r17 := r17 ; or skip
      199 00800194       JMP +7 ; 207
      200 03018018      TEST not r3: r3 := r3 ; or skip
      201 00800114       JMP +5 ; 207
      202 00020015       BEQ r4 == r0
      203 00800094       JMP +3 ; 207
      204 07000002  LOADBOOL r7 := False
      205 00800014       JMP +1 ; 207
      206 07000002  LOADBOOL r7 := False
      207 08040018      TEST not r8: r8 := r8 ; or skip
      208 00800014       JMP +1 ; 210
      209 07038012       NOT r7 := not r7
      210 14000205 GETGLOBAL r20 := _G[k8 ('util_PrintDebugMsg' [h=A2961C17,$00A11FC0])]
      211 15000701     LOADK r21 := k28 ('..? ' [h=0054D0C7,$00997660])
      212 16000745 GETGLOBAL r22 := _G[k29 ('tostring' [h=787EB105,$00990700])]
      213 17038000      MOVE r23 := r7
      214 16010099      CALL r22 (1 args) => 1 results
      215 17000781     LOADK r23 := k30 ('\n' [h=0000002B,$009A7280])
      216 150A85D3    CONCAT r21 := r21 ... r23
      217 14010059      CALL r20 (1 args) => 0 results
      218 0701001B    RETURN r7 ... r7
      219 0000801B    RETURN r0 ... r-1
  [Node$01CA32A0] 'TutorialShop' [h=81598828,$0099D000]: function$00995EC0 'TutorialShop' [h=81598828,$0099D000]
    CONST$00A02080 k0  'Utility_MessageBox' [h=E0C5D484,$009FB480]
    CONST$00A02088 k1  'Utility_GetStringById' [h=F7067A6C,$009D9780]
    CONST$00A02090 k2  'tutorial.Shop01.title' [h=EFCCE490,$00A40400]
    CONST$00A02098 k3  'tutorial.Shop01.body' [h=CD18DF0A,$009DD700]
    CONST$00A020A0 k4  'TRUE' [h=0067B195,$0098F4C0]
    CONST$00A020A8 k5  'TutorialShop2' [h=E8F1E4E7,$009C3D20]
    CODE $00A05600
      000 00000005 GETGLOBAL r0 := _G[k0 ('Utility_MessageBox' [h=E0C5D484,$009FB480])]
      001 01000045 GETGLOBAL r1 := _G[k1 ('Utility_GetStringById' [h=F7067A6C,$009D9780])]
      002 02000081     LOADK r2 := k2 ('tutorial.Shop01.title' [h=EFCCE490,$00A40400])
      003 01010099      CALL r1 (1 args) => 1 results
      004 02000045 GETGLOBAL r2 := _G[k1 ('Utility_GetStringById' [h=F7067A6C,$009D9780])]
      005 030000C1     LOADK r3 := k3 ('tutorial.Shop01.body' [h=CD18DF0A,$009DD700])
      006 02010099      CALL r2 (1 args) => 1 results
      007 03000105 GETGLOBAL r3 := _G[k4 ('TRUE' [h=0067B195,$0098F4C0])]
      008 04000141     LOADK r4 := k5 ('TutorialShop2' [h=E8F1E4E7,$009C3D20])
      009 00028059      CALL r0 (4 args) => 0 results
      010 00000022   CLOSURE r0 := closure(0, r0...)
      011 00000147 SETGLOBAL r0 ->> _G[k5 ('TutorialShop2' [h=E8F1E4E7,$009C3D20])]
      012 0000801B    RETURN r0 ... r-1
  [Node$01CA32C8] 'Briefing_Init' [h=A289182A,$00986320]: cfunction$002C6FC8 'Briefing_Init' [h=A289182A,$00986320]
  [Node$01CA32DC] 'EnableRestrictedZones' [h=10E5E82B,$00A02800]: function$009A77C0 'EnableRestrictedZones' [h=10E5E82B,$00A02800]
    CONST$00C02EC0 k0  'Boundary_GetEnclosingBoundaries' [h=961336D6,$009DCC80]
    CONST$00C02EC8 k1  'player0' [h=316752BF,$009A6AC0]
    CONST$00C02ED0 k2  'ipairs' [h=B6F4A157,$00990680]
    CONST$00C02ED8 k3  'Boundary_GetProperties' [h=0A995967,$009FFA00]
    CONST$00C02EE0 k4  'sType' [h=10E81B1C,$009ABF60]
    CONST$00C02EE8 k5  'TYPE_BOUNDARY_FACTION' [h=B91106E4,$00A08980]
    CONST$00C02EF0 k6  'sFaction' [h=7C9C46C0,$009A69A0]
    CONST$00C02EF8 k7  'FactionNameToFactionEnumKey' [h=19884CC1,$00A41740]
    CONST$00C02F00 k8  'table' [h=10F2114B,$00979B40]
    CONST$00C02F08 k9  'insert' [h=92EA3D93,$0099E280]
    CONST$00C02F10 k10 'DefineRestrictedZoneTable' [h=C5688DCA,$009D91C0]
    CONST$00C02F18 k11 'util_PrintDebugMsg' [h=A2961C17,$00A11FC0]
    CONST$00C02F20 k12 '[global.lua] EnableRestrictedZones: hero inside restricted zone ' [h=C236597B,$00B1F140]
    CONST$00C02F28 k13 '...deferring re-enabling\n' [h=027609F7,$009DEC40]
    CONST$00C02F30 k14 'Event_ActorInBoundary' [h=5BF73290,$009D5540]
    CONST$00C02F38 k15 'DeferredEnableRestrictedZone' [h=62D55D2B,$009DBF80]
    CONST$00C02F40 k16 'b' [h=00000083,$009960C0]
    CONST$00C02F48 k17 '[global.lua] EnableRestrictedZones: re-enabling restricted zone' [h=99899B64,$00B1F0C0]
    CONST$00C02F50 k18 '\n' [h=0000002B,$009A7280]
    CONST$00C02F58 k19 'Boundary_Enable' [h=65FD5E6D,$009C7140]
    CODE $00C8D040
      000 01000005 GETGLOBAL r1 := _G[k0 ('Boundary_GetEnclosingBoundaries' [h=961336D6,$009DCC80])]
      001 02000041     LOADK r2 := k1 ('player0' [h=316752BF,$009A6AC0])
      002 01010099      CALL r1 (1 args) => 1 results
      003 0200000A  NEWTABLE r2 := {} (#a=0, #h=0)
      004 03000085 GETGLOBAL r3 := _G[k2 ('ipairs' [h=B6F4A157,$00990680])]
      005 04008000      MOVE r4 := r1
      006 03010159      CALL r3 (1 args) => 4 results
      007 0380041E  TFORPREP WIP
      008 070000C5 GETGLOBAL r7 := _G[k3 ('Boundary_GetProperties' [h=0A995967,$009FFA00])]
      009 08030000      MOVE r8 := r6
      010 07010099      CALL r7 (1 args) => 1 results
      011 0803BF86  GETTABLE r8 := r7[k4 ('sType' [h=10E81B1C,$009ABF60])]
      012 00043FD5       BEQ r8 == k5 ('TYPE_BOUNDARY_FACTION' [h=B91106E4,$00A08980])
      013 00800294       JMP +11 ; 25
      014 0803C006  GETTABLE r8 := r7[k6 ('sFaction' [h=7C9C46C0,$009A69A0])]
      015 090001C5 GETGLOBAL r9 := _G[k7 ('FactionNameToFactionEnumKey' [h=19884CC1,$00A41740])]
      016 0A000000      MOVE r10 := r0
      017 09010099      CALL r9 (1 args) => 1 results
      018 01040255       BNE r8 != r9
      019 00800114       JMP +5 ; 25
      020 08000205 GETGLOBAL r8 := _G[k8 ('table' [h=10F2114B,$00979B40])]
      021 080440C6  GETTABLE r8 := r8[k9 ('insert' [h=92EA3D93,$0099E280])]
      022 09010000      MOVE r9 := r2
      023 0A030000      MOVE r10 := r6
      024 08018059      CALL r8 (2 args) => 0 results
      025 0300005D  TFORLOOP WIP
      026 007FFB14       JMP -19 ; 8
      027 03000285 GETGLOBAL r3 := _G[k10 ('DefineRestrictedZoneTable' [h=C5688DCA,$009D91C0])]
      028 03008099      CALL r3 (0 args) => 1 results
      029 04000085 GETGLOBAL r4 := _G[k2 ('ipairs' [h=B6F4A157,$00990680])]
      030 05018006  GETTABLE r5 := r3[r0]
      031 04010159      CALL r4 (1 args) => 4 results
      032 0480091E  TFORPREP WIP
      033 08000002  LOADBOOL r8 := False
      034 09000085 GETGLOBAL r9 := _G[k2 ('ipairs' [h=B6F4A157,$00990680])]
      035 0A010000      MOVE r10 := r2
      036 09010159      CALL r9 (1 args) => 4 results
      037 098000DE  TFORPREP WIP
      038 00038315       BEQ r7 == r12
      039 00800054       JMP +2 ; 42
      040 08008002  LOADBOOL r8 := True
      041 00800054       JMP +2 ; 44
      042 0900005D  TFORLOOP WIP
      043 007FFE54       JMP -6 ; 38
      044 08040018      TEST not r8: r8 := r8 ; or skip
      045 00800354       JMP +14 ; 60
      046 090002C5 GETGLOBAL r9 := _G[k11 ('util_PrintDebugMsg' [h=A2961C17,$00A11FC0])]
      047 0A000301     LOADK r10 := k12 ('[global.lua] EnableRestrictedZones: hero inside restricted zone ' [h=C236597B,$00B1F140])
      048 0B038000      MOVE r11 := r7
      049 0C000341     LOADK r12 := k13 ('...deferring re-enabling\n' [h=027609F7,$009DEC40])
      050 0A050313    CONCAT r10 := r10 ... r12
      051 09010059      CALL r9 (1 args) => 0 results
      052 09000385 GETGLOBAL r9 := _G[k14 ('Event_ActorInBoundary' [h=5BF73290,$009D5540])]
      053 0A0003C1     LOADK r10 := k15 ('DeferredEnableRestrictedZone' [h=62D55D2B,$009DBF80])
      054 0B000401     LOADK r11 := k16 ('b' [h=00000083,$009960C0])
      055 0C000041     LOADK r12 := k1 ('player0' [h=316752BF,$009A6AC0])
      056 0D038000      MOVE r13 := r7
      057 0E000002  LOADBOOL r14 := False
      058 09030059      CALL r9 (5 args) => 0 results
      059 00800254       JMP +10 ; 70
      060 090002C5 GETGLOBAL r9 := _G[k11 ('util_PrintDebugMsg' [h=A2961C17,$00A11FC0])]
      061 0A000441     LOADK r10 := k17 ('[global.lua] EnableRestrictedZones: re-enabling restricted zone' [h=99899B64,$00B1F0C0])
      062 0B038000      MOVE r11 := r7
      063 0C000481     LOADK r12 := k18 ('\n' [h=0000002B,$009A7280])
      064 0A050313    CONCAT r10 := r10 ... r12
      065 09010059      CALL r9 (1 args) => 0 results
      066 090004C5 GETGLOBAL r9 := _G[k19 ('Boundary_Enable' [h=65FD5E6D,$009C7140])]
      067 0A038000      MOVE r10 := r7
      068 0B008002  LOADBOOL r11 := True
      069 09018059      CALL r9 (2 args) => 0 results
      070 0400005D  TFORLOOP WIP
      071 007FF614       JMP -39 ; 33
      072 0000801B    RETURN r0 ... r-1
  [Node$01CA3318] 'Utility_GetDistantSpawnPointOnPath' [h=E320C02E,$00A3FD40]: cfunction$002C2700 'Utility_GetDistantSpawnPointOnPath' [h=E320C02E,$00A3FD40]
  [Node$01CA337C] 'jeff_playerOutOfVehicle' [h=98DDF833,$00A25C00]: function$009C5520 'jeff_playerOutOfVehicle' [h=98DDF833,$00A25C00]
    CONST$00AC7DC0 k0  'jeff_clearVehicleEvents' [h=3E56DA3B,$00A2B640]
    CONST$00AC7DC8 k1  'hNiceWheels' [h=008D1A55,$0099A420]
    CONST$00AC7DD0 k2  'Event_CancelEvent' [h=D8960070,$00A08280]
    CONST$00AC7DD8 k3  'hCopterHelp2' [h=6BE9A9D6,$00978580]
    CONST$00AC7DE0 k4  'jeff_hPlayerInVehicle' [h=EF229078,$009F63C0]
    CONST$00AC7DE8 k5  'Event_AiInVehicle' [h=8A9BD566,$00A026C0]
    CONST$00AC7DF0 k6  'jeff_playerInVehicle' [h=8CFD0379,$009F5F80]
    CONST$00AC7DF8 k7  'b' [h=00000083,$009960C0]
    CONST$00AC7E00 k8  'player0' [h=316752BF,$009A6AC0]
    CONST$00AC7E08 k9  'TRUE' [h=0067B195,$0098F4C0]
    CODE $00AC7C40
      000 00000005 GETGLOBAL r0 := _G[k0 ('jeff_clearVehicleEvents' [h=3E56DA3B,$00A2B640])]
      001 00008059      CALL r0 (0 args) => 0 results
      002 00000085 GETGLOBAL r0 := _G[k2 ('Event_CancelEvent' [h=D8960070,$00A08280])]
      003 01000045 GETGLOBAL r1 := _G[k1 ('hNiceWheels' [h=008D1A55,$0099A420])]
      004 00010099      CALL r0 (1 args) => 1 results
      005 00000047 SETGLOBAL r0 ->> _G[k1 ('hNiceWheels' [h=008D1A55,$0099A420])]
      006 00000085 GETGLOBAL r0 := _G[k2 ('Event_CancelEvent' [h=D8960070,$00A08280])]
      007 010000C5 GETGLOBAL r1 := _G[k3 ('hCopterHelp2' [h=6BE9A9D6,$00978580])]
      008 00010099      CALL r0 (1 args) => 1 results
      009 000000C7 SETGLOBAL r0 ->> _G[k3 ('hCopterHelp2' [h=6BE9A9D6,$00978580])]
      010 00000145 GETGLOBAL r0 := _G[k5 ('Event_AiInVehicle' [h=8A9BD566,$00A026C0])]
      011 01000181     LOADK r1 := k6 ('jeff_playerInVehicle' [h=8CFD0379,$009F5F80])
      012 020001C1     LOADK r2 := k7 ('b' [h=00000083,$009960C0])
      013 03000201     LOADK r3 := k8 ('player0' [h=316752BF,$009A6AC0])
      014 04000245 GETGLOBAL r4 := _G[k9 ('TRUE' [h=0067B195,$0098F4C0])]
      015 00028099      CALL r0 (4 args) => 1 results
      016 00000107 SETGLOBAL r0 ->> _G[k4 ('jeff_hPlayerInVehicle' [h=EF229078,$009F63C0])]
      017 0000801B    RETURN r0 ... r-1
  [Node$01CA33A4] 'Ui_PrintHudMessage' [h=079D2035,$00A25200]: cfunction$002A7B60 'Ui_PrintHudMessage' [h=079D2035,$00A25200]
  [Node$01CA33CC] 'VERB_ACTION' [h=F6A76037,$009A32E0]: 2.0
  [Node$01CA33E0] 'Utility_ReadNumberFromScribbleMemory' [h=2BB92038,$00A00C80]: cfunction$002C5F20 'Utility_ReadNumberFromScribbleMemory' [h=2BB92038,$00A00C80]
  [Node$01CA3408] 'jeff_displayTankHelp' [h=91B9883A,$00A0CF80]: function$009C47E0 'jeff_displayTankHelp' [h=91B9883A,$00A0CF80]
    CONST$00A0C440 k0  'Utility_MessageBox' [h=E0C5D484,$009FB480]
    CONST$00A0C448 k1  'Utility_GetStringById' [h=F7067A6C,$009D9780]
    CONST$00A0C450 k2  'tutorial.Tank01.Title' [h=F9A74033,$00A0C380]
    CONST$00A0C458 k3  'tutorial.TankOperation' [h=0C1DE407,$00A0C800]
    CONST$00A0C460 k4  'jeff_displayTankHelp2' [h=E61AA4E1,$00A0C880]
    CODE $00A0C280
      000 00000005 GETGLOBAL r0 := _G[k0 ('Utility_MessageBox' [h=E0C5D484,$009FB480])]
      001 01000045 GETGLOBAL r1 := _G[k1 ('Utility_GetStringById' [h=F7067A6C,$009D9780])]
      002 02000081     LOADK r2 := k2 ('tutorial.Tank01.Title' [h=F9A74033,$00A0C380])
      003 01010099      CALL r1 (1 args) => 1 results
      004 02000045 GETGLOBAL r2 := _G[k1 ('Utility_GetStringById' [h=F7067A6C,$009D9780])]
      005 030000C1     LOADK r3 := k3 ('tutorial.TankOperation' [h=0C1DE407,$00A0C800])
      006 02010099      CALL r2 (1 args) => 1 results
      007 03008002  LOADBOOL r3 := True
      008 04000101     LOADK r4 := k4 ('jeff_displayTankHelp2' [h=E61AA4E1,$00A0C880])
      009 00028059      CALL r0 (4 args) => 0 results
      010 0000801B    RETURN r0 ... r-1
  [Node$01CA341C] 'SW_challenge_destroy_hae_01_Start' [h=9E53103B,$009CDC00]: function$00999BA0 'SW_challenge_destroy_hae_01_Start' [h=9E53103B,$009CDC00]
    CONST$00957F10 k0  'challenge_Recycler_Start' [h=26A0F7E1,$00A04240]
    CONST$00957F18 k1  'tSW_challenge_destroy_hae_01' [h=0B435F90,$009D7AC0]
    CODE $00957ED0
      000 00000005 GETGLOBAL r0 := _G[k0 ('challenge_Recycler_Start' [h=26A0F7E1,$00A04240])]
      001 01000045 GETGLOBAL r1 := _G[k1 ('tSW_challenge_destroy_hae_01' [h=0B435F90,$009D7AC0])]
      002 00010059      CALL r0 (1 args) => 0 results
      003 0000801B    RETURN r0 ... r-1
  [Node$01CA3480] 'loc_ff3026_v_n' [h=183B4840,$0097DFA0]: table$0099AA60[a=2,h=1]
    [0:$00952B60] 'ff3026_v3' [h=28D90319,$0099AF80]
    [1:$00952B68] 'ff3026_v4' [h=17CBA112,$0097CB80]
  [Node$01CA34A8] 'Traffic_ResetZoneSpawners' [h=D38E8042,$00A24EC0]: cfunction$002A17E8 'Traffic_ResetZoneSpawners' [h=D38E8042,$00A24EC0]
  [Node$01CA34BC] 'SW_challenge_Destroy01_End' [h=BE813843,$00A0F100]: function$00985D60 'SW_challenge_Destroy01_End' [h=BE813843,$00A0F100]
    CONST$009582B0 k0  'challenge_Recycler_End' [h=F30AB795,$009E4CC0]
    CONST$009582B8 k1  'tSW_Challenge_Destroy01' [h=8926D538,$009F2600]
    CODE $00958270
      000 00000005 GETGLOBAL r0 := _G[k0 ('challenge_Recycler_End' [h=F30AB795,$009E4CC0])]
      001 01000045 GETGLOBAL r1 := _G[k1 ('tSW_Challenge_Destroy01' [h=8926D538,$009F2600])]
      002 00010059      CALL r0 (1 args) => 0 results
      003 0000801B    RETURN r0 ... r-1
  [Node$01CA34D0] 'iTargetIntel' [h=B19BC844,$009A0AA0]: 80.0
  [Node$01CA34F8] 'Camera_SetMode' [h=5AC27046,$0098F3C0]: cfunction$002A5FD8 'Camera_SetMode' [h=5AC27046,$0098F3C0]
  [Node$01CA355C] 'Ai_SetHostileRange' [h=76FEC84B,$00A09640]: cfunction$002B2948 'Ai_SetHostileRange' [h=76FEC84B,$00A09640]
  [Node$01CA3570] 'SetupEventFactionAttitudeChange' [h=0C64404C,$00A04800]: function$009A0760 'SetupEventFactionAttitudeChange' [h=0C64404C,$00A04800]
    CONST$009DB600 k0  'util_PrintDebugMsg' [h=A2961C17,$00A11FC0]
    CONST$009DB608 k1  '[GLOBAL] SetupEventFactionAttitudeChange: ' [h=62B1ED54,$00A03DC0]
    CONST$009DB610 k2  ', ' [h=00000CE6,$009A07C0]
    CONST$009DB618 k3  '\n' [h=0000002B,$009A7280]
    CONST$009DB620 k4  'Event_FactionAttitudeChange' [h=14A2E8E2,$009E4A00]
    CONST$009DB628 k5  'PlayFactionAttitudeChangeVO' [h=A32302B3,$00A3FF00]
    CONST$009DB630 k6  'b' [h=00000083,$009960C0]
    CODE $00A09E80
      000 02000005 GETGLOBAL r2 := _G[k0 ('util_PrintDebugMsg' [h=A2961C17,$00A11FC0])]
      001 03000041     LOADK r3 := k1 ('[GLOBAL] SetupEventFactionAttitudeChange: ' [h=62B1ED54,$00A03DC0])
      002 04000000      MOVE r4 := r0
      003 05000081     LOADK r5 := k2 (', ' [h=00000CE6,$009A07C0])
      004 06008000      MOVE r6 := r1
      005 070000C1     LOADK r7 := k3 ('\n' [h=0000002B,$009A7280])
      006 030181D3    CONCAT r3 := r3 ... r7
      007 02010059      CALL r2 (1 args) => 0 results
      008 02000105 GETGLOBAL r2 := _G[k4 ('Event_FactionAttitudeChange' [h=14A2E8E2,$009E4A00])]
      009 03000141     LOADK r3 := k5 ('PlayFactionAttitudeChangeVO' [h=A32302B3,$00A3FF00])
      010 04000181     LOADK r4 := k6 ('b' [h=00000083,$009960C0])
      011 05000000      MOVE r5 := r0
      012 06008000      MOVE r6 := r1
      013 0202801A  TAILCALL r2 (4 args)
      014 0200001B    RETURN r2 ... r0
      015 0000801B    RETURN r0 ... r-1
  [Node$01CA35AC] 'Actor_SetDieUponHibernation' [h=CD35384F,$00A06900]: cfunction$002AB608 'Actor_SetDieUponHibernation' [h=CD35384F,$00A06900]
  [Node$01CA35D4] 'Audio_StopAllVoiceover' [h=DC10F851,$00A3F300]: cfunction$002B80B0 'Audio_StopAllVoiceover' [h=DC10F851,$00A3F300]
  [Node$01CA35E8] 'Audio_PlaySound' [h=349CB052,$0098D660]: cfunction$002B9018 'Audio_PlaySound' [h=349CB052,$0098D660]
  [Node$01CA35FC] 'loc_ff0834_v_n' [h=EA4E6053,$009A5D60]: table$009AC0A0[a=2,h=1]
    [0:$0095EEA0] 'ff0834_v3' [h=5C1AE75C,$00997CC0]
    [1:$0095EEA8] 'ff0834_v4' [h=23F5C632,$009859C0]
  [Node$01CA3610] 'util_SetupFlybys' [h=3A9EB054,$00A3AAC0]: function$00995AA0 'util_SetupFlybys' [h=3A9EB054,$00A3AAC0]
    CONST$00B2A540 k0  'allies' [h=B57F1C27,$009A61A0]
    CONST$00B2A548 k1  'china' [h=1129D14E,$009A6060]
    CONST$00B2A550 k2  'mafia' [h=11226556,$009A6140]
    CONST$00B2A558 k3  'sk' [h=00001514,$009A6180]
    CONST$00B2A560 k4  'tFlybys' [h=9C7F3CE8,$00996FE0]
    CONST$00B2A568 k5  'boundaryStatusChangeEvent' [h=E86E27A0,$00A3A4C0]
    CONST$00B2A570 k6  'SetupEventBoundaryStatusChange' [h=ED41BD8E,$00A3A500]
    CONST$00B2A578 k7  'player0' [h=316752BF,$009A6AC0]
    CONST$00B2A580 k8  'flyby_' [h=78072890,$00991BC0]
    CONST$00B2A588 k9  'TRUE' [h=0067B195,$0098F4C0]
    CODE $00B2AAC0
      000 0002000A  NEWTABLE r0 := {} (#a=4, #h=0)
      001 01000001     LOADK r1 := k0 ('allies' [h=B57F1C27,$009A61A0])
      002 02000041     LOADK r2 := k1 ('china' [h=1129D14E,$009A6060])
      003 03000081     LOADK r3 := k2 ('mafia' [h=11226556,$009A6140])
      004 040000C1     LOADK r4 := k3 ('sk' [h=00001514,$009A6180])
      005 000000DF   SETLIST r0 [3]
      006 01018003   LOADNIL r1 ... r3
      007 0080025E  TFORPREP WIP
      008 04000105 GETGLOBAL r4 := _G[k4 ('tFlybys' [h=9C7F3CE8,$00996FE0])]
      009 040200C6  GETTABLE r4 := r4[r3]
      010 05000185 GETGLOBAL r5 := _G[k6 ('SetupEventBoundaryStatusChange' [h=ED41BD8E,$00A3A500])]
      011 060001C1     LOADK r6 := k7 ('player0' [h=316752BF,$009A6AC0])
      012 07000201     LOADK r7 := k8 ('flyby_' [h=78072890,$00991BC0])
      013 08018000      MOVE r8 := r3
      014 07038213    CONCAT r7 := r7 ... r8
      015 08000245 GETGLOBAL r8 := _G[k9 ('TRUE' [h=0067B195,$0098F4C0])]
      016 05020099      CALL r5 (3 args) => 1 results
      017 047F8149  SETTABLE r5 ->> r4[k5 ('boundaryStatusChangeEvent' [h=E86E27A0,$00A3A4C0])]
      018 0000005D  TFORLOOP WIP
      019 007FFCD4       JMP -12 ; 8
      020 0000801B    RETURN r0 ... r-1
  [Node$01CA3688] 'util_SetDefault' [h=3072A05A,$009A7800]: function$0099FA80 'util_SetDefault' [h=3072A05A,$009A7800]
    CONST$00960920 k0  nil
    CODE $009829E0
      000 00003E95       BEQ r0 == k0 (nil)
      001 00800014       JMP +1 ; 3
      002 00008000      MOVE r0 := r1
      003 0001001B    RETURN r0 ... r0
      004 0000801B    RETURN r0 ... r-1
  [Node$01CA369C] 'util_GetMissionArcTable' [h=7D75105B,$00A3C500]: function$009948A0 'util_GetMissionArcTable' [h=7D75105B,$00A3C500]
    CONST$00B2C9C0 k0  'allies' [h=B57F1C27,$009A61A0]
    CONST$00B2C9C8 k1  'sw' [h=000017F5,$009AA280]
    CONST$00B2C9D0 k2  1.0
    CONST$00B2C9D8 k3  3.0
    CONST$00B2C9E0 k4  4.0
    CONST$00B2C9E8 k5  5.0
    CONST$00B2C9F0 k6  6.0
    CONST$00B2C9F8 k7  8.0
    CONST$00B2CA00 k8  'nw' [h=0000178E,$009C3CA0]
    CONST$00B2CA08 k9  2.0
    CONST$00B2CA10 k10 'china' [h=1129D14E,$009A6060]
    CONST$00B2CA18 k11 'mafia' [h=11226556,$009A6140]
    CONST$00B2CA20 k12 'sk' [h=00001514,$009A6180]
    CODE $00CDF340
      000 000000CA  NEWTABLE r0 := {} (#a=0, #h=3)
      001 0100008A  NEWTABLE r1 := {} (#a=0, #h=2)
      002 0203000A  NEWTABLE r2 := {} (#a=6, #h=0)
      003 03000081     LOADK r3 := k2 (1.0)
      004 040000C1     LOADK r4 := k3 (3.0)
      005 05000101     LOADK r5 := k4 (4.0)
      006 06000141     LOADK r6 := k5 (5.0)
      007 07000181     LOADK r7 := k6 (6.0)
      008 080001C1     LOADK r8 := k7 (8.0)
      009 0200015F   SETLIST r2 [5]
      010 017D8089  SETTABLE r2 ->> r1[k1 ('sw' [h=000017F5,$009AA280])]
      011 0202800A  NEWTABLE r2 := {} (#a=5, #h=0)
      012 03000081     LOADK r3 := k2 (1.0)
      013 040000C1     LOADK r4 := k3 (3.0)
      014 05000101     LOADK r5 := k4 (4.0)
      015 06000241     LOADK r6 := k9 (2.0)
      016 070001C1     LOADK r7 := k7 (8.0)
      017 0200011F   SETLIST r2 [4]
      018 01810089  SETTABLE r2 ->> r1[k8 ('nw' [h=0000178E,$009C3CA0])]
      019 007D0049  SETTABLE r1 ->> r0[k0 ('allies' [h=B57F1C27,$009A61A0])]
      020 0100008A  NEWTABLE r1 := {} (#a=0, #h=2)
      021 0203000A  NEWTABLE r2 := {} (#a=6, #h=0)
      022 03000081     LOADK r3 := k2 (1.0)
      023 04000241     LOADK r4 := k9 (2.0)
      024 050000C1     LOADK r5 := k3 (3.0)
      025 06000101     LOADK r6 := k4 (4.0)
      026 07000141     LOADK r7 := k5 (5.0)
      027 08000181     LOADK r8 := k6 (6.0)
      028 0200015F   SETLIST r2 [5]
      029 017D8089  SETTABLE r2 ->> r1[k1 ('sw' [h=000017F5,$009AA280])]
      030 0203000A  NEWTABLE r2 := {} (#a=6, #h=0)
      031 03000081     LOADK r3 := k2 (1.0)
      032 04000241     LOADK r4 := k9 (2.0)
      033 050000C1     LOADK r5 := k3 (3.0)
      034 06000101     LOADK r6 := k4 (4.0)
      035 07000141     LOADK r7 := k5 (5.0)
      036 08000181     LOADK r8 := k6 (6.0)
      037 0200015F   SETLIST r2 [5]
      038 01810089  SETTABLE r2 ->> r1[k8 ('nw' [h=0000178E,$009C3CA0])]
      039 00820049  SETTABLE r1 ->> r0[k10 ('china' [h=1129D14E,$009A6060])]
      040 0100008A  NEWTABLE r1 := {} (#a=0, #h=2)
      041 0203000A  NEWTABLE r2 := {} (#a=6, #h=0)
      042 03000081     LOADK r3 := k2 (1.0)
      043 04000241     LOADK r4 := k9 (2.0)
      044 050000C1     LOADK r5 := k3 (3.0)
      045 06000101     LOADK r6 := k4 (4.0)
      046 07000141     LOADK r7 := k5 (5.0)
      047 08000181     LOADK r8 := k6 (6.0)
      048 0200015F   SETLIST r2 [5]
      049 017D8089  SETTABLE r2 ->> r1[k1 ('sw' [h=000017F5,$009AA280])]
      050 0203000A  NEWTABLE r2 := {} (#a=6, #h=0)
      051 03000081     LOADK r3 := k2 (1.0)
      052 04000241     LOADK r4 := k9 (2.0)
      053 050000C1     LOADK r5 := k3 (3.0)
      054 06000101     LOADK r6 := k4 (4.0)
      055 07000141     LOADK r7 := k5 (5.0)
      056 08000181     LOADK r8 := k6 (6.0)
      057 0200015F   SETLIST r2 [5]
      058 01810089  SETTABLE r2 ->> r1[k8 ('nw' [h=0000178E,$009C3CA0])]
      059 00828049  SETTABLE r1 ->> r0[k11 ('mafia' [h=11226556,$009A6140])]
      060 0100008A  NEWTABLE r1 := {} (#a=0, #h=2)
      061 0203000A  NEWTABLE r2 := {} (#a=6, #h=0)
      062 03000081     LOADK r3 := k2 (1.0)
      063 04000241     LOADK r4 := k9 (2.0)
      064 050000C1     LOADK r5 := k3 (3.0)
      065 06000101     LOADK r6 := k4 (4.0)
      066 07000141     LOADK r7 := k5 (5.0)
      067 08000181     LOADK r8 := k6 (6.0)
      068 0200015F   SETLIST r2 [5]
      069 017D8089  SETTABLE r2 ->> r1[k1 ('sw' [h=000017F5,$009AA280])]
      070 0203000A  NEWTABLE r2 := {} (#a=6, #h=0)
      071 03000081     LOADK r3 := k2 (1.0)
      072 04000241     LOADK r4 := k9 (2.0)
      073 050000C1     LOADK r5 := k3 (3.0)
      074 06000101     LOADK r6 := k4 (4.0)
      075 07000141     LOADK r7 := k5 (5.0)
      076 08000181     LOADK r8 := k6 (6.0)
      077 0200015F   SETLIST r2 [5]
      078 01810089  SETTABLE r2 ->> r1[k8 ('nw' [h=0000178E,$009C3CA0])]
      079 00830049  SETTABLE r1 ->> r0[k12 ('sk' [h=00001514,$009A6180])]
      080 0001001B    RETURN r0 ... r0
      081 0000801B    RETURN r0 ... r-1
  [Node$01CA36B0] 'collectgarbage' [h=7631F05C,$00991000]: cfunction$003B8718 'collectgarbage' [h=7631F05C,$00991000]
  [Node$01CA36C4] 'Camera_SetMatrixFromActor' [h=EF58705D,$009E10C0]: cfunction$002A69F0 'Camera_SetMatrixFromActor' [h=EF58705D,$009E10C0]
  [Node$01CA3714] 'loc_ff3412_n' [h=0BF89061,$009C3A60]: table$00988A80[a=8,h=1]
    [0:$00A2E7C0] 'ff3412_1' [h=BB0AA6F8,$009AC340]
    [1:$00A2E7C8] 'ff3412_2' [h=4551BCD7,$009803A0]
    [2:$00A2E7D0] 'ff3412_3' [h=DB55E9CC,$0099F980]
    [3:$00A2E7D8] 'ff3412_4' [h=B8842726,$0097DFE0]
    [4:$00A2E7E0] 'ff3412_5' [h=2C044848,$009A2CC0]
    [5:$00A2E7E8] 'ff3412_6' [h=78307073,$009AC460]
    [6:$00A2E7F0] 'ff3412_7' [h=CD8C5953,$009A55A0]
    [7:$00A2E7F8] 'ff3412_8' [h=0BBAB5AE,$00999580]
  [Node$01CA373C] 'Unlockable_AceOfDiamondsMissionJustWon' [h=C611D063,$009E27C0]: cfunction$002F8B08 'Unlockable_AceOfDiamondsMissionJustWon' [h=C611D063,$009E27C0]
  [Node$01CA3764] 'Debug_Break' [h=9612D865,$0098F100]: cfunction$002F6F10 'Debug_Break' [h=9612D865,$0098F100]
  [Node$01CA3778] 'table_FindElementIndex' [h=C52AC866,$009E7A80]: function$00980420 'table_FindElementIndex' [h=C52AC866,$009E7A80]
    CONST$009796C0 k0  1.0
    CONST$009796C8 k1  'table' [h=10F2114B,$00979B40]
    CONST$009796D0 k2  'getn' [h=0083B006,$00978AA0]
    CONST$009796D8 k3  'value' [h=10E9A7CC,$009C4BC0]
    CODE $00A2C8C0
      000 02000001     LOADK r2 := k0 (1.0)
      001 03000045 GETGLOBAL r3 := _G[k1 ('table' [h=10F2114B,$00979B40])]
      002 0301BF06  GETTABLE r3 := r3[k2 ('getn' [h=0083B006,$00978AA0])]
      003 04000000      MOVE r4 := r0
      004 03010099      CALL r3 (1 args) => 1 results
      005 04000001     LOADK r4 := k0 (1.0)
      006 0201010D       SUB r2 := r2 - r4
      007 008000D4       JMP +4 ; 12
      008 050000C5 GETGLOBAL r5 := _G[k3 ('value' [h=10E9A7CC,$009C4BC0])]
      009 00028055       BEQ r5 == r1
      010 00800014       JMP +1 ; 12
      011 0201001B    RETURN r2 ... r2
      012 027FFE9C   FORLOOP r2 := r4; if r2 <= r3 JMP -5
      013 02010003   LOADNIL r2 ... r2
      014 0201001B    RETURN r2 ... r2
      015 0000801B    RETURN r0 ... r-1
  [Node$01CA37A0] 'Utility_PlayMovie' [h=4F301068,$00A0A2C0]: cfunction$002C4368 'Utility_PlayMovie' [h=4F301068,$00A0A2C0]
  [Node$01CA37DC] 'TABLE_LUA_LOADED' [h=1EAD206B,$009E8440]: 1.0
  [Node$01CA3804] 'jeff_tutorialFactionMood2' [h=D6ED406D,$00A33840]: function$00991A40 'jeff_tutorialFactionMood2' [h=D6ED406D,$00A33840]
    CONST$00981700 k0  'Utility_MessageBox' [h=E0C5D484,$009FB480]
    CONST$00981708 k1  'Utility_GetStringById' [h=F7067A6C,$009D9780]
    CONST$00981710 k2  'tutorial.global.factionmood.title' [h=E0AD8619,$00A0BD40]
    CONST$00981718 k3  'tutorial.FactionMood04.body' [h=94728C2F,$00A0B780]
    CODE $00A0AC80
      000 00000005 GETGLOBAL r0 := _G[k0 ('Utility_MessageBox' [h=E0C5D484,$009FB480])]
      001 01000045 GETGLOBAL r1 := _G[k1 ('Utility_GetStringById' [h=F7067A6C,$009D9780])]
      002 02000081     LOADK r2 := k2 ('tutorial.global.factionmood.title' [h=E0AD8619,$00A0BD40])
      003 01010099      CALL r1 (1 args) => 1 results
      004 02000045 GETGLOBAL r2 := _G[k1 ('Utility_GetStringById' [h=F7067A6C,$009D9780])]
      005 030000C1     LOADK r3 := k3 ('tutorial.FactionMood04.body' [h=94728C2F,$00A0B780])
      006 02010099      CALL r2 (1 args) => 1 results
      007 03008002  LOADBOOL r3 := True
      008 00020059      CALL r0 (3 args) => 0 results
      009 0000801B    RETURN r0 ... r-1
  [Node$01CA3840] 'Event_CancelEvent' [h=D8960070,$00A08280]: cfunction$002BC8E8 'Event_CancelEvent' [h=D8960070,$00A08280]
  [Node$01CA3854] 'SpawnBouncers' [h=890E7871,$009A60A0]: function$00999E40 'SpawnBouncers' [h=890E7871,$009A60A0]
    CONST$00A39C00 k0  'util_PrintDebugMsg' [h=A2961C17,$00A11FC0]
    CONST$00A39C08 k1  '\n[BOUNCER] SpawnBouncers: starting...\n' [h=CCE77859,$00A39940]
    CONST$00A39C10 k2  'ipairs' [h=B6F4A157,$00990680]
    CONST$00A39C18 k3  'factions' [h=B0868D1F,$0097FD60]
    CONST$00A39C20 k4  'SpawnBouncer' [h=7FCD8599,$009A9880]
    CONST$00A39C28 k5  'lower' [h=1231D4EF,$0099CA20]
    CONST$00A39C30 k6  'ace' [h=00032097,$009A4E60]
    CONST$00A39C38 k7  '[BOUNCER] SpawnBouncers: ...done\n' [h=EBB29FC3,$00A39900]
    CODE $00A998C0
      000 01000005 GETGLOBAL r1 := _G[k0 ('util_PrintDebugMsg' [h=A2961C17,$00A11FC0])]
      001 02000041     LOADK r2 := k1 ('\n[BOUNCER] SpawnBouncers: starting...\n' [h=CCE77859,$00A39940])
      002 01010059      CALL r1 (1 args) => 0 results
      003 01000085 GETGLOBAL r1 := _G[k2 ('ipairs' [h=B6F4A157,$00990680])]
      004 020000C5 GETGLOBAL r2 := _G[k3 ('factions' [h=B0868D1F,$0097FD60])]
      005 01010159      CALL r1 (1 args) => 4 results
      006 018000DE  TFORPREP WIP
      007 05000105 GETGLOBAL r5 := _G[k4 ('SpawnBouncer' [h=7FCD8599,$009A9880])]
      008 06000000      MOVE r6 := r0
      009 07023FC6  GETTABLE r7 := r4[k5 ('lower' [h=1231D4EF,$0099CA20])]
      010 05018059      CALL r5 (2 args) => 0 results
      011 0100005D  TFORLOOP WIP
      012 007FFE54       JMP -6 ; 7
      013 01000105 GETGLOBAL r1 := _G[k4 ('SpawnBouncer' [h=7FCD8599,$009A9880])]
      014 02000000      MOVE r2 := r0
      015 03000181     LOADK r3 := k6 ('ace' [h=00032097,$009A4E60])
      016 01018059      CALL r1 (2 args) => 0 results
      017 01000005 GETGLOBAL r1 := _G[k0 ('util_PrintDebugMsg' [h=A2961C17,$00A11FC0])]
      018 020001C1     LOADK r2 := k7 ('[BOUNCER] SpawnBouncers: ...done\n' [h=EBB29FC3,$00A39900])
      019 01010059      CALL r1 (1 args) => 0 results
      020 0000801B    RETURN r0 ... r-1
  [Node$01CA387C] 'Traffic_AddZoneSpawner' [h=76414073,$009E0CC0]: cfunction$002A1938 'Traffic_AddZoneSpawner' [h=76414073,$009E0CC0]
  [Node$01CA38E0] 'challenge_SpawnDeinit' [h=803E6878,$009D7DC0]: function$009AA840 'challenge_SpawnDeinit' [h=803E6878,$009D7DC0]
    CONST$00A9F8C0 k0  'type' [h=0070EF71,$00990720]
    CONST$00A9F8C8 k1  'g_tChallangeSpawned' [h=C3DC94E5,$009E44C0]
    CONST$00A9F8D0 k2  'table' [h=10F2114B,$00979B40]
    CONST$00A9F8D8 k3  'getn' [h=0083B006,$00978AA0]
    CONST$00A9F8E0 k4  1.0
    CONST$00A9F8E8 k5  -1.0
    CONST$00A9F8F0 k6  'vActor' [h=761CF0F1,$00982820]
    CONST$00A9F8F8 k7  'Utility_DoesActorExist' [h=446B4DB5,$009D8BC0]
    CONST$00A9F900 k8  'Utility_GetDistanceBetweenActors' [h=676B6499,$00A08940]
    CONST$00A9F908 k9  'player0' [h=316752BF,$009A6AC0]
    CONST$00A9F910 k10 nil
    CONST$00A9F918 k11 200.0
    CONST$00A9F920 k12 'Actor_Remove' [h=3657B3EC,$00977B00]
    CONST$00A9F928 k13 'remove' [h=4893DA49,$009C7B40]
    CONST$00A9F930 k14 'Actor_SetDieUponHibernation' [h=CD35384F,$00A06900]
    CODE $00C3E840
      000 00000005 GETGLOBAL r0 := _G[k0 ('type' [h=0070EF71,$00990720])]
      001 01000045 GETGLOBAL r1 := _G[k1 ('g_tChallangeSpawned' [h=C3DC94E5,$009E44C0])]
      002 00010099      CALL r0 (1 args) => 1 results
      003 00003F15       BEQ r0 == k2 ('table' [h=10F2114B,$00979B40])
      004 00800A94       JMP +43 ; 48
      005 00000085 GETGLOBAL r0 := _G[k2 ('table' [h=10F2114B,$00979B40])]
      006 00003F46  GETTABLE r0 := r0[k3 ('getn' [h=0083B006,$00978AA0])]
      007 01000045 GETGLOBAL r1 := _G[k1 ('g_tChallangeSpawned' [h=C3DC94E5,$009E44C0])]
      008 00010099      CALL r0 (1 args) => 1 results
      009 01000101     LOADK r1 := k4 (1.0)
      010 02000141     LOADK r2 := k5 (-1.0)
      011 0000008D       SUB r0 := r0 - r2
      012 00800854       JMP +34 ; 47
      013 03000045 GETGLOBAL r3 := _G[k1 ('g_tChallangeSpawned' [h=C3DC94E5,$009E44C0])]
      014 03018006  GETTABLE r3 := r3[r0]
      015 03000187 SETGLOBAL r3 ->> _G[k6 ('vActor' [h=761CF0F1,$00982820])]
      016 030001C5 GETGLOBAL r3 := _G[k7 ('Utility_DoesActorExist' [h=446B4DB5,$009D8BC0])]
      017 04000185 GETGLOBAL r4 := _G[k6 ('vActor' [h=761CF0F1,$00982820])]
      018 03010099      CALL r3 (1 args) => 1 results
      019 03018018      TEST not r3: r3 := r3 ; or skip
      020 00800514       JMP +21 ; 42
      021 03000205 GETGLOBAL r3 := _G[k8 ('Utility_GetDistanceBetweenActors' [h=676B6499,$00A08940])]
      022 04000185 GETGLOBAL r4 := _G[k6 ('vActor' [h=761CF0F1,$00982820])]
      023 05000241     LOADK r5 := k9 ('player0' [h=316752BF,$009A6AC0])
      024 03018099      CALL r3 (2 args) => 1 results
      025 0101C115       BNE r3 != k10 (nil)
      026 00800294       JMP +11 ; 38
      027 008280D7       BLE k11 (200.0) <= r3
      028 00800214       JMP +9 ; 38
      029 04000305 GETGLOBAL r4 := _G[k12 ('Actor_Remove' [h=3657B3EC,$00977B00])]
      030 05000185 GETGLOBAL r5 := _G[k6 ('vActor' [h=761CF0F1,$00982820])]
      031 04010059      CALL r4 (1 args) => 0 results
      032 04000085 GETGLOBAL r4 := _G[k2 ('table' [h=10F2114B,$00979B40])]
      033 040241C6  GETTABLE r4 := r4[k13 ('remove' [h=4893DA49,$009C7B40])]
      034 05000045 GETGLOBAL r5 := _G[k1 ('g_tChallangeSpawned' [h=C3DC94E5,$009E44C0])]
      035 06000000      MOVE r6 := r0
      036 04018059      CALL r4 (2 args) => 0 results
      037 00800214       JMP +9 ; 47
      038 04000385 GETGLOBAL r4 := _G[k14 ('Actor_SetDieUponHibernation' [h=CD35384F,$00A06900])]
      039 05000185 GETGLOBAL r5 := _G[k6 ('vActor' [h=761CF0F1,$00982820])]
      040 04010059      CALL r4 (1 args) => 0 results
      041 00800114       JMP +5 ; 47
      042 03000085 GETGLOBAL r3 := _G[k2 ('table' [h=10F2114B,$00979B40])]
      043 0301C1C6  GETTABLE r3 := r3[k13 ('remove' [h=4893DA49,$009C7B40])]
      044 04000045 GETGLOBAL r4 := _G[k1 ('g_tChallangeSpawned' [h=C3DC94E5,$009E44C0])]
      045 05000000      MOVE r5 := r0
      046 03018059      CALL r3 (2 args) => 0 results
      047 007FF71C   FORLOOP r0 := r2; if r0 <= r1 JMP -35
      048 0000801B    RETURN r0 ... r-1
  [Node$01CA3944] 'Traffic_SetZoneEnabled' [h=5F4C087D,$009DD8C0]: cfunction$002A1680 'Traffic_SetZoneEnabled' [h=5F4C087D,$009DD8C0]
  [Node$01CA3958] 'spawn_ActorTablesMultiple' [h=FA58507E,$009E6140]: function$0097EB00 'spawn_ActorTablesMultiple' [h=FA58507E,$009E6140]
    CONST$00AA9240 k0  'type' [h=0070EF71,$00990720]
    CONST$00AA9248 k1  'table' [h=10F2114B,$00979B40]
    CONST$00AA9250 k2  'getn' [h=0083B006,$00978AA0]
    CONST$00AA9258 k3  0.0
    CONST$00AA9260 k4  'spawn_ActorTables' [h=4BB339B1,$00A371C0]
    CONST$00AA9268 k5  'i' [h=00000088,$009A77E0]
    CONST$00AA9270 k6  'tTemplates' [h=8E9A91F4,$009A1A20]
    CONST$00AA9278 k7  'tLocations' [h=6C167A32,$0099A3C0]
    CONST$00AA9280 k8  'tSettings' [h=390A41FE,$00976BC0]
    CONST$00AA9288 k9  1.0
    CONST$00AA9290 k10 'util_SetDefault' [h=3072A05A,$009A7800]
    CONST$00AA9298 k11 'spawn_ActorTablesMultiple' [h=FA58507E,$009E6140]
    CONST$00AA92A0 k12 'insert' [h=92EA3D93,$0099E280]
    CODE $00D49B00
      000 01000005 GETGLOBAL r1 := _G[k0 ('type' [h=0070EF71,$00990720])]
      001 02000000      MOVE r2 := r0
      002 01010099      CALL r1 (1 args) => 1 results
      003 0000BED5       BEQ r1 == k1 ('table' [h=10F2114B,$00979B40])
      004 00801DD4       JMP +120 ; 125
      005 01000045 GETGLOBAL r1 := _G[k1 ('table' [h=10F2114B,$00979B40])]
      006 0100BF06  GETTABLE r1 := r1[k2 ('getn' [h=0083B006,$00978AA0])]
      007 02000000      MOVE r2 := r0
      008 01010099      CALL r1 (1 args) => 1 results
      009 0000BF55       BEQ r1 == k3 (0.0)
      010 00800314       JMP +13 ; 24
      011 01000105 GETGLOBAL r1 := _G[k4 ('spawn_ActorTables' [h=4BB339B1,$00A371C0])]
      012 02000145 GETGLOBAL r2 := _G[k5 ('i' [h=00000088,$009A77E0])]
      013 02000086  GETTABLE r2 := r0[r2]
      014 02014006  GETTABLE r2 := r2[k6 ('tTemplates' [h=8E9A91F4,$009A1A20])]
      015 03000145 GETGLOBAL r3 := _G[k5 ('i' [h=00000088,$009A77E0])]
      016 030000C6  GETTABLE r3 := r0[r3]
      017 0301C046  GETTABLE r3 := r3[k7 ('tLocations' [h=6C167A32,$0099A3C0])]
      018 04000145 GETGLOBAL r4 := _G[k5 ('i' [h=00000088,$009A77E0])]
      019 04000106  GETTABLE r4 := r0[r4]
      020 04024086  GETTABLE r4 := r4[k8 ('tSettings' [h=390A41FE,$00976BC0])]
      021 0102001A  TAILCALL r1 (3 args)
      022 0100001B    RETURN r1 ... r-1
      023 00801914       JMP +101 ; 125
      024 0100000A  NEWTABLE r1 := {} (#a=0, #h=0)
      025 02020003   LOADNIL r2 ... r4
      026 05000241     LOADK r5 := k9 (1.0)
      027 06000045 GETGLOBAL r6 := _G[k1 ('table' [h=10F2114B,$00979B40])]
      028 06033F06  GETTABLE r6 := r6[k2 ('getn' [h=0083B006,$00978AA0])]
      029 07000000      MOVE r7 := r0
      030 06010099      CALL r6 (1 args) => 1 results
      031 07000241     LOADK r7 := k9 (1.0)
      032 050281CD       SUB r5 := r5 - r7
      033 00801514       JMP +85 ; 119
      034 08000005 GETGLOBAL r8 := _G[k0 ('type' [h=0070EF71,$00990720])]
      035 09000146  GETTABLE r9 := r0[r5]
      036 08010099      CALL r8 (1 args) => 1 results
      037 00043ED5       BEQ r8 == k1 ('table' [h=10F2114B,$00979B40])
      038 008013D4       JMP +80 ; 119
      039 08000146  GETTABLE r8 := r0[r5]
      040 09000285 GETGLOBAL r9 := _G[k10 ('util_SetDefault' [h=3072A05A,$009A7800])]
      041 0A000146  GETTABLE r10 := r0[r5]
      042 0A054006  GETTABLE r10 := r10[k6 ('tTemplates' [h=8E9A91F4,$009A1A20])]
      043 0B004006  GETTABLE r11 := r0[k6 ('tTemplates' [h=8E9A91F4,$009A1A20])]
      044 09018099      CALL r9 (2 args) => 1 results
      045 08800249  SETTABLE r9 ->> r8[k6 ('tTemplates' [h=8E9A91F4,$009A1A20])]
      046 08000146  GETTABLE r8 := r0[r5]
      047 09000285 GETGLOBAL r9 := _G[k10 ('util_SetDefault' [h=3072A05A,$009A7800])]
      048 0A000146  GETTABLE r10 := r0[r5]
      049 0A054046  GETTABLE r10 := r10[k7 ('tLocations' [h=6C167A32,$0099A3C0])]
      050 0B004046  GETTABLE r11 := r0[k7 ('tLocations' [h=6C167A32,$0099A3C0])]
      051 09018099      CALL r9 (2 args) => 1 results
      052 08808249  SETTABLE r9 ->> r8[k7 ('tLocations' [h=6C167A32,$0099A3C0])]
      053 08000146  GETTABLE r8 := r0[r5]
      054 09000285 GETGLOBAL r9 := _G[k10 ('util_SetDefault' [h=3072A05A,$009A7800])]
      055 0A000146  GETTABLE r10 := r0[r5]
      056 0A054086  GETTABLE r10 := r10[k8 ('tSettings' [h=390A41FE,$00976BC0])]
      057 0B004086  GETTABLE r11 := r0[k8 ('tSettings' [h=390A41FE,$00976BC0])]
      058 09018099      CALL r9 (2 args) => 1 results
      059 08810249  SETTABLE r9 ->> r8[k8 ('tSettings' [h=390A41FE,$00976BC0])]
      060 080002C5 GETGLOBAL r8 := _G[k11 ('spawn_ActorTablesMultiple' [h=FA58507E,$009E6140])]
      061 09000146  GETTABLE r9 := r0[r5]
      062 08010159      CALL r8 (1 args) => 4 results
      063 0C000241     LOADK r12 := k9 (1.0)
      064 0D000045 GETGLOBAL r13 := _G[k1 ('table' [h=10F2114B,$00979B40])]
      065 0D06BF06  GETTABLE r13 := r13[k2 ('getn' [h=0083B006,$00978AA0])]
      066 0E040000      MOVE r14 := r8
      067 0D010099      CALL r13 (1 args) => 1 results
      068 0E000241     LOADK r14 := k9 (1.0)
      069 0C06038D       SUB r12 := r12 - r14
      070 00800114       JMP +5 ; 76
      071 0F000045 GETGLOBAL r15 := _G[k1 ('table' [h=10F2114B,$00979B40])]
      072 0F07C186  GETTABLE r15 := r15[k12 ('insert' [h=92EA3D93,$0099E280])]
      073 10008000      MOVE r16 := r1
      074 11040306  GETTABLE r17 := r8[r12]
      075 0F018059      CALL r15 (2 args) => 0 results
      076 0C7FFE5C   FORLOOP r12 := r14; if r12 <= r13 JMP -6
      077 0C000241     LOADK r12 := k9 (1.0)
      078 0D000045 GETGLOBAL r13 := _G[k1 ('table' [h=10F2114B,$00979B40])]
      079 0D06BF06  GETTABLE r13 := r13[k2 ('getn' [h=0083B006,$00978AA0])]
      080 0E048000      MOVE r14 := r9
      081 0D010099      CALL r13 (1 args) => 1 results
      082 0E000241     LOADK r14 := k9 (1.0)
      083 0C06038D       SUB r12 := r12 - r14
      084 00800114       JMP +5 ; 90
      085 0F000045 GETGLOBAL r15 := _G[k1 ('table' [h=10F2114B,$00979B40])]
      086 0F07C186  GETTABLE r15 := r15[k12 ('insert' [h=92EA3D93,$0099E280])]
      087 10010000      MOVE r16 := r2
      088 11048306  GETTABLE r17 := r9[r12]
      089 0F018059      CALL r15 (2 args) => 0 results
      090 0C7FFE5C   FORLOOP r12 := r14; if r12 <= r13 JMP -6
      091 0C000241     LOADK r12 := k9 (1.0)
      092 0D000045 GETGLOBAL r13 := _G[k1 ('table' [h=10F2114B,$00979B40])]
      093 0D06BF06  GETTABLE r13 := r13[k2 ('getn' [h=0083B006,$00978AA0])]
      094 0E050000      MOVE r14 := r10
      095 0D010099      CALL r13 (1 args) => 1 results
      096 0E000241     LOADK r14 := k9 (1.0)
      097 0C06038D       SUB r12 := r12 - r14
      098 00800114       JMP +5 ; 104
      099 0F000045 GETGLOBAL r15 := _G[k1 ('table' [h=10F2114B,$00979B40])]
      100 0F07C186  GETTABLE r15 := r15[k12 ('insert' [h=92EA3D93,$0099E280])]
      101 10018000      MOVE r16 := r3
      102 11050306  GETTABLE r17 := r10[r12]
      103 0F018059      CALL r15 (2 args) => 0 results
      104 0C7FFE5C   FORLOOP r12 := r14; if r12 <= r13 JMP -6
      105 0C000241     LOADK r12 := k9 (1.0)
      106 0D000045 GETGLOBAL r13 := _G[k1 ('table' [h=10F2114B,$00979B40])]
      107 0D06BF06  GETTABLE r13 := r13[k2 ('getn' [h=0083B006,$00978AA0])]
      108 0E058000      MOVE r14 := r11
      109 0D010099      CALL r13 (1 args) => 1 results
      110 0E000241     LOADK r14 := k9 (1.0)
      111 0C06038D       SUB r12 := r12 - r14
      112 00800114       JMP +5 ; 118
      113 0F000045 GETGLOBAL r15 := _G[k1 ('table' [h=10F2114B,$00979B40])]
      114 0F07C186  GETTABLE r15 := r15[k12 ('insert' [h=92EA3D93,$0099E280])]
      115 10020000      MOVE r16 := r4
      116 11058306  GETTABLE r17 := r11[r12]
      117 0F018059      CALL r15 (2 args) => 0 results
      118 0C7FFE5C   FORLOOP r12 := r14; if r12 <= r13 JMP -6
      119 057FEA5C   FORLOOP r5 := r7; if r5 <= r6 JMP -86
      120 05008000      MOVE r5 := r1
      121 06010000      MOVE r6 := r2
      122 07018000      MOVE r7 := r3
      123 08020000      MOVE r8 := r4
      124 0502801B    RETURN r5 ... r8
      125 0100800A  NEWTABLE r1 := {} (#a=1, #h=0)
      126 02010003   LOADNIL r2 ... r2
      127 0100001F   SETLIST r1 [0]
      128 0200800A  NEWTABLE r2 := {} (#a=1, #h=0)
      129 03018003   LOADNIL r3 ... r3
      130 0200001F   SETLIST r2 [0]
      131 0300800A  NEWTABLE r3 := {} (#a=1, #h=0)
      132 04020003   LOADNIL r4 ... r4
      133 0300001F   SETLIST r3 [0]
      134 0400800A  NEWTABLE r4 := {} (#a=1, #h=0)
      135 05028003   LOADNIL r5 ... r5
      136 0400001F   SETLIST r4 [0]
      137 0102801B    RETURN r1 ... r4
      138 0000801B    RETURN r0 ... r-1
  [Node$01CA3980] 'loc_ff3412_v_n' [h=B267F880,$00992960]: table$00999AA0[a=2,h=1]
    [0:$0095D600] 'ff3412_v3' [h=20FBEA45,$009C5800]
    [1:$0095D608] 'ff3412_v4' [h=7E60DE73,$009AC660]
  [Node$01CA39BC] 'Event_OdfToVectorProximity' [h=43314083,$00A0C140]: cfunction$002BD9B8 'Event_OdfToVectorProximity' [h=43314083,$00A0C140]
  [Node$01CA39D0] 'SW_challenge_homerun_pyn_01_Reinit' [h=AEB26084,$009E5B80]: function$00983CC0 'SW_challenge_homerun_pyn_01_Reinit' [h=AEB26084,$009E5B80]
    CONST$00962FF0 k0  'challenge_Recycler_Reinit' [h=1C420A72,$00A02840]
    CONST$00962FF8 k1  'tSW_challenge_homerun_pyn_01' [h=977228F9,$00A0C100]
    CODE $00962FD0
      000 00000005 GETGLOBAL r0 := _G[k0 ('challenge_Recycler_Reinit' [h=1C420A72,$00A02840])]
      001 01000045 GETGLOBAL r1 := _G[k1 ('tSW_challenge_homerun_pyn_01' [h=977228F9,$00A0C100])]
      002 00010059      CALL r0 (1 args) => 0 results
      003 0000801B    RETURN r0 ... r-1
  [Node$01CA39F8] 'gcinfo' [h=74A6B886,$00991120]: cfunction$003B86C8 'gcinfo' [h=74A6B886,$00991120]
  [Node$01CA3A48] 'ObjectifyTeleportPilot' [h=AB15908A,$009D9DC0]: function$009A7B60 'ObjectifyTeleportPilot' [h=AB15908A,$009D9DC0]
    CONST$00C02D40 k0  'teleport_pilot' [h=1FED1AF1,$009A7BC0]
    CONST$00C02D48 k1  'Utility_ReadStringFromScribbleMemory' [h=5455F3B9,$00A0B700]
    CONST$00C02D50 k2  'SkipTo_Map' [h=F88EFA9D,$009A69E0]
    CONST$00C02D58 k3  'nw' [h=0000178E,$009C3CA0]
    CONST$00C02D60 k4  'actions.southteleport' [h=0265E8C9,$00A24640]
    CONST$00C02D68 k5  'GoS' [h=0002DD1A,$009A78A0]
    CONST$00C02D70 k6  'sw' [h=000017F5,$009AA280]
    CONST$00C02D78 k7  'actions.northteleport' [h=2265FC66,$00A09C40]
    CONST$00C02D80 k8  'GoN' [h=0002CE5B,$009A7880]
    CONST$00C02D88 k9  'Objective_SetShortDescription' [h=3CB3128C,$00A3FE00]
    CONST$00C02D90 k10 'Utility_GetStringById' [h=F7067A6C,$009D9780]
    CONST$00C02D98 k11 'Objective_SetType' [h=7BC600A9,$00A112C0]
    CONST$00C02DA0 k12 'OBJECTIVE_TYPE_SECONDARY' [h=AE817712,$00A02780]
    CONST$00C02DA8 k13 'Objective_SetTargetActor' [h=A04E11C0,$00A0BA80]
    CONST$00C02DB0 k14 '' [h=00000000,$009A78C0]
    CONST$00C02DB8 k15 'TARGET_TYPE_OBJECTIVE_SECONDARY' [h=A2EEB365,$00A02740]
    CONST$00C02DC0 k16 'util_SetDefault' [h=3072A05A,$009A7800]
    CONST$00C02DC8 k17 'Objective_Remove' [h=732926C0,$00A3FB80]
    CODE $00C4CD40
      000 06000001     LOADK r6 := k0 ('teleport_pilot' [h=1FED1AF1,$009A7BC0])
      001 00000018      TEST not r0: r0 := r0 ; or skip
      002 00800CD4       JMP +52 ; 55
      003 07000045 GETGLOBAL r7 := _G[k1 ('Utility_ReadStringFromScribbleMemory' [h=5455F3B9,$00A0B700])]
      004 08000081     LOADK r8 := k2 ('SkipTo_Map' [h=F88EFA9D,$009A69E0])
      005 07010099      CALL r7 (1 args) => 1 results
      006 08048003   LOADNIL r8 ... r9
      007 0003BF55       BEQ r7 == k3 ('nw' [h=0000178E,$009C3CA0])
      008 00800094       JMP +3 ; 12
      009 08000101     LOADK r8 := k4 ('actions.southteleport' [h=0265E8C9,$00A24640])
      010 09000141     LOADK r9 := k5 ('GoS' [h=0002DD1A,$009A78A0])
      011 008000D4       JMP +4 ; 16
      012 0003C015       BEQ r7 == k6 ('sw' [h=000017F5,$009AA280])
      013 00800054       JMP +2 ; 16
      014 080001C1     LOADK r8 := k7 ('actions.northteleport' [h=2265FC66,$00A09C40])
      015 09000201     LOADK r9 := k8 ('GoN' [h=0002CE5B,$009A7880])
      016 0A000245 GETGLOBAL r10 := _G[k9 ('Objective_SetShortDescription' [h=3CB3128C,$00A3FE00])]
      017 0B030000      MOVE r11 := r6
      018 0C000285 GETGLOBAL r12 := _G[k10 ('Utility_GetStringById' [h=F7067A6C,$009D9780])]
      019 0D040000      MOVE r13 := r8
      020 0C010019      CALL r12 (1 args) => -1 results
      021 0A000059      CALL r10 (-1 args) => 0 results
      022 0A0002C5 GETGLOBAL r10 := _G[k11 ('Objective_SetType' [h=7BC600A9,$00A112C0])]
      023 0B030000      MOVE r11 := r6
      024 0C000301     LOADK r12 := k12 ('OBJECTIVE_TYPE_SECONDARY' [h=AE817712,$00A02780])
      025 0A018059      CALL r10 (2 args) => 0 results
      026 0A000345 GETGLOBAL r10 := _G[k13 ('Objective_SetTargetActor' [h=A04E11C0,$00A0BA80])]
      027 0B030000      MOVE r11 := r6
      028 0C030000      MOVE r12 := r6
      029 0D000381     LOADK r13 := k14 ('' [h=00000000,$009A78C0])
      030 0E0003C1     LOADK r14 := k15 ('TARGET_TYPE_OBJECTIVE_SECONDARY' [h=A2EEB365,$00A02740])
      031 0F048000      MOVE r15 := r9
      032 10000405 GETGLOBAL r16 := _G[k16 ('util_SetDefault' [h=3072A05A,$009A7800])]
      033 11008000      MOVE r17 := r1
      034 12008002  LOADBOOL r18 := True
      035 10018099      CALL r16 (2 args) => 1 results
      036 11000405 GETGLOBAL r17 := _G[k16 ('util_SetDefault' [h=3072A05A,$009A7800])]
      037 12010000      MOVE r18 := r2
      038 13008002  LOADBOOL r19 := True
      039 11018099      CALL r17 (2 args) => 1 results
      040 12000405 GETGLOBAL r18 := _G[k16 ('util_SetDefault' [h=3072A05A,$009A7800])]
      041 13018000      MOVE r19 := r3
      042 14008002  LOADBOOL r20 := True
      043 12018099      CALL r18 (2 args) => 1 results
      044 13098003   LOADNIL r19 ... r19
      045 14000405 GETGLOBAL r20 := _G[k16 ('util_SetDefault' [h=3072A05A,$009A7800])]
      046 15020000      MOVE r21 := r4
      047 16008002  LOADBOOL r22 := True
      048 14018099      CALL r20 (2 args) => 1 results
      049 15000405 GETGLOBAL r21 := _G[k16 ('util_SetDefault' [h=3072A05A,$009A7800])]
      050 16028000      MOVE r22 := r5
      051 17008002  LOADBOOL r23 := True
      052 15018019      CALL r21 (2 args) => -1 results
      053 0A000059      CALL r10 (-1 args) => 0 results
      054 00800094       JMP +3 ; 58
      055 07000445 GETGLOBAL r7 := _G[k17 ('Objective_Remove' [h=732926C0,$00A3FB80])]
      056 08030000      MOVE r8 := r6
      057 07010059      CALL r7 (1 args) => 0 results
      058 0000801B    RETURN r0 ... r-1
  [Node$01CA3A84] 'gameflow_GetCardScribbleMemoryVariableName' [h=22BDD88D,$00A382C0]: function$0097B580 'gameflow_GetCardScribbleMemoryVariableName' [h=22BDD88D,$00A382C0]
    CONST$00961790 k0  'status' [h=86B6A8CC,$0098F9E0]
    CODE $009A39A0
      000 02000000      MOVE r2 := r0
      001 03008000      MOVE r3 := r1
      002 04000001     LOADK r4 := k0 ('status' [h=86B6A8CC,$0098F9E0])
      003 02010113    CONCAT r2 := r2 ... r4
      004 0201001B    RETURN r2 ... r2
      005 0000801B    RETURN r0 ... r-1
  [Node$01CA3A98] 'Traffic_SetZoneDensity' [h=9D7F588E,$00A10E80]: cfunction$002A1B40 'Traffic_SetZoneDensity' [h=9D7F588E,$00A10E80]
  [Node$01CA3AD4] 'SW_challenge_Deliver01_QuestionBox' [h=D4A5A891,$009F9100]: function$00990B00 'SW_challenge_Deliver01_QuestionBox' [h=D4A5A891,$009F9100]
    CONST$00957D50 k0  'challenge_Recycler_QuestionBox' [h=BB143599,$00A40480]
    CONST$00957D58 k1  'tSW_Challenge_Deliver01' [h=83DCCEC7,$00A40D40]
    CODE $0097A9A0
      000 03000005 GETGLOBAL r3 := _G[k0 ('challenge_Recycler_QuestionBox' [h=BB143599,$00A40480])]
      001 04000045 GETGLOBAL r4 := _G[k1 ('tSW_Challenge_Deliver01' [h=83DCCEC7,$00A40D40])]
      002 05000000      MOVE r5 := r0
      003 06008000      MOVE r6 := r1
      004 07010000      MOVE r7 := r2
      005 03028059      CALL r3 (4 args) => 0 results
      006 0000801B    RETURN r0 ... r-1
  [Node$01CA3AFC] 'challenge_deliver_pyn_01_Reinit' [h=5D9D4093,$00A04440]: function$00981720 'challenge_deliver_pyn_01_Reinit' [h=5D9D4093,$00A04440]
    CONST$00957BC0 k0  'challenge_Recycler_Reinit' [h=1C420A72,$00A02840]
    CONST$00957BC8 k1  'tSW_challenge_deliver_pyn_01' [h=3CC49C56,$009DA980]
    CODE $00957BB0
      000 00000005 GETGLOBAL r0 := _G[k0 ('challenge_Recycler_Reinit' [h=1C420A72,$00A02840])]
      001 01000045 GETGLOBAL r1 := _G[k1 ('tSW_challenge_deliver_pyn_01' [h=3CC49C56,$009DA980])]
      002 00010059      CALL r0 (1 args) => 0 results
      003 0000801B    RETURN r0 ... r-1
  [Node$01CA3B38] 'FirefightConfirmation' [h=65C71096,$009DE840]: function$009A8460 'FirefightConfirmation' [h=65C71096,$009DE840]
    CONST$009616B0 k0  'Debug_Printf' [h=445430CF,$0098B6A0]
    CONST$009616B8 k1  '@@@@@@@@@@@@@@@@@@@@@@@@@ Firefight Confirmed Loaded (comes in pairs) \n' [h=6DD62E43,$00AC2C40]
    CODE $009615F0
      000 00000005 GETGLOBAL r0 := _G[k0 ('Debug_Printf' [h=445430CF,$0098B6A0])]
      001 01000041     LOADK r1 := k1 ('@@@@@@@@@@@@@@@@@@@@@@@@@ Firefight Confirmed Loaded (comes in pairs) \n' [h=6DD62E43,$00AC2C40])
      002 00010059      CALL r0 (1 args) => 0 results
      003 0000801B    RETURN r0 ... r-1
  [Node$01CA3B9C] 'Actor_StopHumanAnimationInGame' [h=CFC0889B,$00A0B0C0]: cfunction$002AE230 'Actor_StopHumanAnimationInGame' [h=CFC0889B,$00A0B0C0]
  [Node$01CA3BB0] 'challenge_deliver_nab_01_QuestionBox' [h=D62CB89C,$00A01C80]: function$0098ADA0 'challenge_deliver_nab_01_QuestionBox' [h=D62CB89C,$00A01C80]
    CONST$00957A00 k0  'challenge_Recycler_QuestionBox' [h=BB143599,$00A40480]
    CONST$00957A08 k1  'tSW_challenge_deliver_nab_01' [h=3632D442,$009CC180]
    CODE $009C7D20
      000 03000005 GETGLOBAL r3 := _G[k0 ('challenge_Recycler_QuestionBox' [h=BB143599,$00A40480])]
      001 04000045 GETGLOBAL r4 := _G[k1 ('tSW_challenge_deliver_nab_01' [h=3632D442,$009CC180])]
      002 05000000      MOVE r5 := r0
      003 06008000      MOVE r6 := r1
      004 07010000      MOVE r7 := r2
      005 03028059      CALL r3 (4 args) => 0 results
      006 0000801B    RETURN r0 ... r-1
  [Node$01CA3BC4] 'iTimeBetweenFlybysMax' [h=4082D89D,$00A3ADC0]: 30.0
  [Node$01CA3C28] 'nenc_ff2646' [h=F7BE70A2,$009C5D40]: table$00988B60[a=0,h=4]
    [Node$00ABFB54] 'tLocationObjectsA' [h=2C5376F5,$00A01980]: table$00996460[a=8,h=1]
      [0:$009DDD80] 'ff2646_1' [h=4C898459,$00999700]
      [1:$009DDD88] 'ff2646_2' [h=47F1F5A3,$009A4140]
      [2:$009DDD90] 'ff2646_3' [h=8E0F3DAE,$009ABCE0]
      [3:$009DDD98] 'ff2646_4' [h=D43D5312,$00986440]
      [4:$009DDDA0] 'ff2646_5' [h=B4B3B979,$009A1940]
      [5:$009DDDA8] 'ff2646_6' [h=B81A5D2B,$00989A80]
      [6:$009DDDB0] 'ff2646_7' [h=8EA2FC00,$00995040]
      [7:$009DDDB8] 'ff2646_8' [h=BCDC3EF2,$009C67E0]
    [Node$00ABFB68] 'sEncounter' [h=4CD961D9,$009A5C20]: 'ff2646' [h=E53CB973,$009895E0]
    [Node$00ABFB7C] 'tLocationObjectsB' [h=CEC61813,$00A073C0]: table$0099CF20[a=8,h=1]
      [0:$009E8400] 'ff2646_9' [h=ECCE4B74,$0098D940]
      [1:$009E8408] 'ff2646_10' [h=B45F3477,$00985A40]
      [2:$009E8410] 'ff2646_11' [h=E9318F69,$009A0160]
      [3:$009E8418] 'ff2646_12' [h=1C4E2889,$009A8E60]
      [4:$009E8420] 'ff2646_13' [h=3C23BB3D,$0099BF40]
      [5:$009E8428] 'ff2646_14' [h=0DA3323C,$009A3E20]
      [6:$009E8430] 'ff2646_15' [h=5C58FAF1,$0097DF80]
      [7:$009E8438] 'ff2646_16' [h=D29CAF1D,$009C4EC0]
  [Node$01CA3C3C] 'Desktop_BeginBossProfile' [h=851690A3,$00A23E00]: cfunction$002C7990 'Desktop_BeginBossProfile' [h=851690A3,$00A23E00]
  [Node$01CA3C78] 'nenc_ff3020_v' [h=B0F9A0A6,$009AC640]: table$009C6140[a=0,h=4]
    [Node$00AAA654] 'tLocationObjectsA' [h=2C5376F5,$00A01980]: table$0097F0A0[a=2,h=1]
      [0:$0095D5D0] 'ff3020_v3' [h=1CD1E76F,$009C5B80]
      [1:$0095D5D8] 'ff3020_v4' [h=B7372AAD,$0099D2E0]
    [Node$00AAA668] 'sEncounter' [h=4CD961D9,$009A5C20]: 'ff3020' [h=FBD7237F,$009AC4E0]
    [Node$00AAA67C] 'tLocationObjectsB' [h=CEC61813,$00A073C0]: nil
  [Node$01CA3C8C] 'SW_Challenge_Race_HQm2HQa_01_WaitForReinitOpportunity' [h=52D910A7,$00B1C9C0]: function$0097C420 'SW_Challenge_Race_HQm2HQa_01_WaitForReinitOpportunity' [h=52D910A7,$00B1C9C0]
    CONST$00962920 k0  'challenge_Recycler_WaitForReinitOpportunity' [h=E437AA1D,$009E6000]
    CONST$00962928 k1  'tSW_Challenge_Race_HQm2HQa_01' [h=AC4038AB,$009CCC00]
    CODE $00962910
      000 00000005 GETGLOBAL r0 := _G[k0 ('challenge_Recycler_WaitForReinitOpportunity' [h=E437AA1D,$009E6000])]
      001 01000045 GETGLOBAL r1 := _G[k1 ('tSW_Challenge_Race_HQm2HQa_01' [h=AC4038AB,$009CCC00])]
      002 00010059      CALL r0 (1 args) => 0 results
      003 0000801B    RETURN r0 ... r-1
  [Node$01CA3CA0] 'jeff_hEntranceUsed' [h=F77E78A8,$009FC540]: 1486.0
  [Node$01CA3CB4] 'Objective_SetType' [h=7BC600A9,$00A112C0]: cfunction$002A3B78 'Objective_SetType' [h=7BC600A9,$00A112C0]
  [Node$01CA3CDC] 'Audio_StopSound' [h=750D18AB,$009862A0]: cfunction$002B8258 'Audio_StopSound' [h=750D18AB,$009862A0]
  [Node$01CA3D04] 'Utility_StringFormat' [h=886808AD,$009DDC00]: cfunction$002CAD80 'Utility_StringFormat' [h=886808AD,$009DDC00]
  [Node$01CA3D18] 'SpecialPostMissionActions' [h=3D2298AE,$00A02D40]: function$00996F40 'SpecialPostMissionActions' [h=3D2298AE,$00A02D40]
    CONST$00996680 k0  'PlayPostMissionVO' [h=B5D614C0,$00A08080]
    CONST$00996688 k1  'Event_RelativeTimer' [h=AD23F6E2,$00A3EA80]
    CONST$00996690 k2  'b' [h=00000083,$009960C0]
    CONST$00996698 k3  8.0
    CODE $009F8480
      000 01000022   CLOSURE r1 := closure(0, r1...)
      001 00000000      MOVE r0 := r0
      002 01000007 SETGLOBAL r1 ->> _G[k0 ('PlayPostMissionVO' [h=B5D614C0,$00A08080])]
      003 01000045 GETGLOBAL r1 := _G[k1 ('Event_RelativeTimer' [h=AD23F6E2,$00A3EA80])]
      004 02000001     LOADK r2 := k0 ('PlayPostMissionVO' [h=B5D614C0,$00A08080])
      005 03000081     LOADK r3 := k2 ('b' [h=00000083,$009960C0])
      006 040000C1     LOADK r4 := k3 (8.0)
      007 01020059      CALL r1 (3 args) => 0 results
      008 0000801B    RETURN r0 ... r-1
  [Node$01CA3D2C] 'SW_challenge_Homerun01_Hide' [h=6476D0AF,$009D9D00]: function$00980D20 'SW_challenge_Homerun01_Hide' [h=6476D0AF,$009D9D00]
    CONST$00963260 k0  'challenge_Recycler_Hide' [h=C6CFE144,$00A40380]
    CONST$00963268 k1  'tSW_Challenge_Homerun01' [h=9316C000,$00A00000]
    CODE $00963250
      000 00000005 GETGLOBAL r0 := _G[k0 ('challenge_Recycler_Hide' [h=C6CFE144,$00A40380])]
      001 01000045 GETGLOBAL r1 := _G[k1 ('tSW_Challenge_Homerun01' [h=9316C000,$00A00000])]
      002 00010059      CALL r0 (1 args) => 0 results
      003 0000801B    RETURN r0 ... r-1
  [Node$01CA3D40] 'challenge_CommonClockDeinit' [h=9525E8B0,$009DCD80]: function$00983F20[1] 'challenge_CommonClockDeinit' [h=9525E8B0,$009DCD80]
    CONST$0094C5D0 k0  'HUD_LUA_LOADED' [h=FFAE7E81,$0099B340]
    CONST$0094C5D8 k1  'HUD_RemoveTrayDisplay' [h=6932E0E8,$009CBA40]
    CODE $0098CDC0
      000 00000005 GETGLOBAL r0 := _G[k0 ('HUD_LUA_LOADED' [h=FFAE7E81,$0099B340])]
      001 00000018      TEST not r0: r0 := r0 ; or skip
      002 00800094       JMP +3 ; 6
      003 00000045 GETGLOBAL r0 := _G[k1 ('HUD_RemoveTrayDisplay' [h=6932E0E8,$009CBA40])]
      004 01000004  GETUPVAL r1 := u0
      005 00010059      CALL r0 (1 args) => 0 results
      006 0000801B    RETURN r0 ... r-1
  [Node$01CA3D54] 'Renderer_SetMotionBlur' [h=FA0888B1,$00A0FE00]: cfunction$002C92C0 'Renderer_SetMotionBlur' [h=FA0888B1,$00A0FE00]
  [Node$01CA3D68] 'Event_PlayerEquipsNamedItem' [h=B712A8B2,$009FF840]: cfunction$002BDFA8 'Event_PlayerEquipsNamedItem' [h=B712A8B2,$009FF840]
  [Node$01CA3D7C] 'SW_challenge_homerun_pyn_01_Start' [h=491638B3,$00A03EC0]: function$009C3B40 'SW_challenge_homerun_pyn_01_Start' [h=491638B3,$00A03EC0]
    CONST$00962F90 k0  'challenge_Recycler_Start' [h=26A0F7E1,$00A04240]
    CONST$00962F98 k1  'tSW_challenge_homerun_pyn_01' [h=977228F9,$00A0C100]
    CODE $00962F80
      000 00000005 GETGLOBAL r0 := _G[k0 ('challenge_Recycler_Start' [h=26A0F7E1,$00A04240])]
      001 01000045 GETGLOBAL r1 := _G[k1 ('tSW_challenge_homerun_pyn_01' [h=977228F9,$00A0C100])]
      002 00010059      CALL r0 (1 args) => 0 results
      003 0000801B    RETURN r0 ... r-1
  [Node$01CA3D90] 'loc_ff3838_v_n' [h=9892D0B4,$009895A0]: table$009ABB00[a=2,h=1]
    [0:$00961500] 'ff3838_v3' [h=85C938BC,$009826E0]
    [1:$00961508] 'ff3838_v4' [h=912360A0,$009A4660]
  [Node$01CA3DA4] 'util_DefaultSupport' [h=35D008B5,$00A41C00]: function$0099FF60 'util_DefaultSupport' [h=35D008B5,$00A41C00]
    CONST$00960B20 k0  'Support_ResetToDefault' [h=692AE66F,$009E25C0]
    CODE $00960930
      000 00000005 GETGLOBAL r0 := _G[k0 ('Support_ResetToDefault' [h=692AE66F,$009E25C0])]
      001 00008059      CALL r0 (0 args) => 0 results
      002 0000801B    RETURN r0 ... r-1
  [Node$01CA3DB8] 'nenc_ff3113_v' [h=40AE68B6,$009C52E0]: table$009958C0[a=0,h=4]
    [Node$00ACC154] 'tLocationObjectsA' [h=2C5376F5,$00A01980]: table$009A3B60[a=2,h=1]
      [0:$0095EFB0] 'ff3113_v3' [h=2409413C,$009A4AA0]
      [1:$0095EFB8] 'ff3113_v4' [h=7CBD247B,$0098A000]
    [Node$00ACC168] 'sEncounter' [h=4CD961D9,$009A5C20]: 'ff3113' [h=E5832E7C,$0099ED00]
    [Node$00ACC17C] 'tLocationObjectsB' [h=CEC61813,$00A073C0]: nil
  [Node$01CA3E08] 'loc_ff3538_n' [h=EB5510BA,$00983BA0]: table$0097F6C0[a=8,h=1]
    [0:$00A0F200] 'ff3538_1' [h=4C287679,$009C54A0]
    [1:$00A0F208] 'ff3538_2' [h=D7BBBBA8,$0099E9C0]
    [2:$00A0F210] 'ff3538_3' [h=7604D81E,$00996CC0]
    [3:$00A0F218] 'ff3538_4' [h=D18D1241,$009A2340]
    [4:$00A0F220] 'ff3538_5' [h=88DF7DF7,$009C68E0]
    [5:$00A0F228] 'ff3538_6' [h=5CDCD7C1,$00999360]
    [6:$00A0F230] 'ff3538_7' [h=C1B85A50,$009834C0]
    [7:$00A0F238] 'ff3538_8' [h=A072B0CD,$00982520]
  [Node$01CA3E30] 'Event_ActorHitPointsLessThan' [h=A14D40BC,$00A24E80]: cfunction$002B9478 'Event_ActorHitPointsLessThan' [h=A14D40BC,$00A24E80]
  [Node$01CA3E44] 'Utility_SetSporeAllowHibernation' [h=F43F80BD,$00A00CC0]: cfunction$002F80B0 'Utility_SetSporeAllowHibernation' [h=F43F80BD,$00A00CC0]
  [Node$01CA3E6C] 'jeff_displayCopterHelp2' [h=964090BF,$00A0CBC0]: function$009966A0 'jeff_displayCopterHelp2' [h=964090BF,$00A0CBC0]
    CONST$009A5560 k0  'Utility_MessageBox' [h=E0C5D484,$009FB480]
    CONST$009A5568 k1  'Utility_GetStringById' [h=F7067A6C,$009D9780]
    CONST$009A5570 k2  'tutorial.Helicopter01.Title' [h=F10B6E87,$00A29280]
    CONST$009A5578 k3  'tutorial.Helicopter01.Body' [h=5E15B9B9,$00A0CDC0]
    CODE $00A0C740
      000 00000005 GETGLOBAL r0 := _G[k0 ('Utility_MessageBox' [h=E0C5D484,$009FB480])]
      001 01000045 GETGLOBAL r1 := _G[k1 ('Utility_GetStringById' [h=F7067A6C,$009D9780])]
      002 02000081     LOADK r2 := k2 ('tutorial.Helicopter01.Title' [h=F10B6E87,$00A29280])
      003 01010099      CALL r1 (1 args) => 1 results
      004 02000045 GETGLOBAL r2 := _G[k1 ('Utility_GetStringById' [h=F7067A6C,$009D9780])]
      005 030000C1     LOADK r3 := k3 ('tutorial.Helicopter01.Body' [h=5E15B9B9,$00A0CDC0])
      006 02010099      CALL r2 (1 args) => 1 results
      007 03008002  LOADBOOL r3 := True
      008 00020059      CALL r0 (3 args) => 0 results
      009 0000801B    RETURN r0 ... r-1
  [Node$01CA3E80] 'challenge_CommonTimerInit' [h=BEFE88C0,$00A03100]: function$00987E80 'challenge_CommonTimerInit' [h=BEFE88C0,$00A03100]
    CONST$00A6BDC0 k0  'type' [h=0070EF71,$00990720]
    CONST$00A6BDC8 k1  'table' [h=10F2114B,$00979B40]
    CONST$00A6BDD0 k2  'challenge_CommonClockInit' [h=091FE573,$009DBE80]
    CONST$00A6BDD8 k3  'nStart' [h=91719F64,$009A89A0]
    CONST$00A6BDE0 k4  'funcCallbackOnUpdate' [h=48A47821,$009CEB40]
    CONST$00A6BDE8 k5  'funcCallBackOnTimeUp' [h=7607C52A,$00A02200]
    CONST$00A6BDF0 k6  'nWarn' [h=106342B6,$0099FEC0]
    CONST$00A6BDF8 k7  'nFlash' [h=9FE3A0DA,$00977780]
    CONST$00A6BE00 k8  'bNoLineBreak' [h=642AC219,$009C7FC0]
    CONST$00A6BE08 k9  'nStartBeeping' [h=E55664EE,$00999D00]
    CODE $00A6ABC0
      000 08000005 GETGLOBAL r8 := _G[k0 ('type' [h=0070EF71,$00990720])]
      001 09000000      MOVE r9 := r0
      002 08010099      CALL r8 (1 args) => 1 results
      003 00043ED5       BEQ r8 == k1 ('table' [h=10F2114B,$00979B40])
      004 008000D4       JMP +4 ; 9
      005 08000085 GETGLOBAL r8 := _G[k2 ('challenge_CommonClockInit' [h=091FE573,$009DBE80])]
      006 09000000      MOVE r9 := r0
      007 08010059      CALL r8 (1 args) => 0 results
      008 00800254       JMP +10 ; 19
      009 08000085 GETGLOBAL r8 := _G[k2 ('challenge_CommonClockInit' [h=091FE573,$009DBE80])]
      010 090000CA  NEWTABLE r9 := {} (#a=0, #h=3)
      011 097E8049  SETTABLE r1 ->> r9[k3 ('nStart' [h=91719F64,$009A89A0])]
      012 097F00C9  SETTABLE r3 ->> r9[k4 ('funcCallbackOnUpdate' [h=48A47821,$009CEB40])]
      013 097F8009  SETTABLE r0 ->> r9[k5 ('funcCallBackOnTimeUp' [h=7607C52A,$00A02200])]
      014 09800109  SETTABLE r4 ->> r9[k6 ('nWarn' [h=106342B6,$0099FEC0])]
      015 09808149  SETTABLE r5 ->> r9[k7 ('nFlash' [h=9FE3A0DA,$00977780])]
      016 09810189  SETTABLE r6 ->> r9[k8 ('bNoLineBreak' [h=642AC219,$009C7FC0])]
      017 098181C9  SETTABLE r7 ->> r9[k9 ('nStartBeeping' [h=E55664EE,$00999D00])]
      018 08010059      CALL r8 (1 args) => 0 results
      019 0000801B    RETURN r0 ... r-1
  [Node$01CA3E94] 'gameflow_EvaluateMissionStateCondition' [h=AC2DE8C1,$00A37AC0]: function$0099C020 'gameflow_EvaluateMissionStateCondition' [h=AC2DE8C1,$00A37AC0]
    CONST$00A37680 k0  'gameflow_IsNegationCondition' [h=77078C6B,$00A37A40]
    CONST$00A37688 k1  'util_PrintDebugMsg' [h=A2961C17,$00A11FC0]
    CONST$00A37690 k2  '[gameflow.lua] gameflow_EvaluateMissionStateCondition: ' [h=12FBA6FD,$00A89CC0]
    CONST$00A37698 k3  'NOT ' [h=0057622A,$00980100]
    CONST$00A376A0 k4  'is the mission state active? ' [h=B8577C38,$00A37880]
    CONST$00A376A8 k5  'is the mission state inactive? ' [h=3FC2AC99,$00A37700]
    CONST$00A376B0 k6  'tostring' [h=787EB105,$00990700]
    CONST$00A376B8 k7  '\n' [h=0000002B,$009A7280]
    CODE $00BFECC0
      000 02000002  LOADBOOL r2 := False
      001 03000005 GETGLOBAL r3 := _G[k0 ('gameflow_IsNegationCondition' [h=77078C6B,$00A37A40])]
      002 04008000      MOVE r4 := r1
      003 030100D9      CALL r3 (1 args) => 2 results
      004 05000045 GETGLOBAL r5 := _G[k1 ('util_PrintDebugMsg' [h=A2961C17,$00A11FC0])]
      005 06000081     LOADK r6 := k2 ('[gameflow.lua] gameflow_EvaluateMissionStateCondition: ' [h=12FBA6FD,$00A89CC0])
      006 05010059      CALL r5 (1 args) => 0 results
      007 03018018      TEST not r3: r3 := r3 ; or skip
      008 00800094       JMP +3 ; 12
      009 05000045 GETGLOBAL r5 := _G[k1 ('util_PrintDebugMsg' [h=A2961C17,$00A11FC0])]
      010 060000C1     LOADK r6 := k3 ('NOT ' [h=0057622A,$00980100])
      011 05010059      CALL r5 (1 args) => 0 results
      012 04020018      TEST not r4: r4 := r4 ; or skip
      013 008000D4       JMP +4 ; 18
      014 05000045 GETGLOBAL r5 := _G[k1 ('util_PrintDebugMsg' [h=A2961C17,$00A11FC0])]
      015 06000101     LOADK r6 := k4 ('is the mission state active? ' [h=B8577C38,$00A37880])
      016 05010059      CALL r5 (1 args) => 0 results
      017 00800094       JMP +3 ; 21
      018 05000045 GETGLOBAL r5 := _G[k1 ('util_PrintDebugMsg' [h=A2961C17,$00A11FC0])]
      019 06000141     LOADK r6 := k5 ('is the mission state inactive? ' [h=3FC2AC99,$00A37700])
      020 05010059      CALL r5 (1 args) => 0 results
      021 04020018      TEST not r4: r4 := r4 ; or skip
      022 00800054       JMP +2 ; 25
      023 00000058      TEST r0: r0 := r0 ; or skip
      024 008000D4       JMP +4 ; 29
      025 04020058      TEST r4: r4 := r4 ; or skip
      026 00800094       JMP +3 ; 30
      027 00000058      TEST r0: r0 := r0 ; or skip
      028 00800014       JMP +1 ; 30
      029 02008002  LOADBOOL r2 := True
      030 03018018      TEST not r3: r3 := r3 ; or skip
      031 00800014       JMP +1 ; 33
      032 02010012       NOT r2 := not r2
      033 05000045 GETGLOBAL r5 := _G[k1 ('util_PrintDebugMsg' [h=A2961C17,$00A11FC0])]
      034 06000185 GETGLOBAL r6 := _G[k6 ('tostring' [h=787EB105,$00990700])]
      035 07010000      MOVE r7 := r2
      036 06010099      CALL r6 (1 args) => 1 results
      037 070001C1     LOADK r7 := k7 ('\n' [h=0000002B,$009A7280])
      038 060301D3    CONCAT r6 := r6 ... r7
      039 05010059      CALL r5 (1 args) => 0 results
      040 0201001B    RETURN r2 ... r2
      041 0000801B    RETURN r0 ... r-1
  [Node$01CA3EA8] 'Desktop_BeginDeathSequence' [h=2EA9F0C2,$009FCA00]: cfunction$002C7BB0 'Desktop_BeginDeathSequence' [h=2EA9F0C2,$009FCA00]
  [Node$01CA3EBC] 'Utility_ResetToShell' [h=C6B528C3,$00A03C00]: cfunction$002C4850 'Utility_ResetToShell' [h=C6B528C3,$00A03C00]
  [Node$01CA3ED0] 'Briefing_GetSceneActor' [h=4B0E00C4,$00A11240]: cfunction$002C7318 'Briefing_GetSceneActor' [h=4B0E00C4,$00A11240]
  [Node$01CA3F0C] 'Event_OdfToActorProximity' [h=5357D0C7,$00A0EF80]: cfunction$002BD6A8 'Event_OdfToActorProximity' [h=5357D0C7,$00A0EF80]
  [Node$01CA3F84] 'Effect_SetCloudFlightEffect' [h=05B2E0CD,$00A0DD00]: cfunction$002A5168 'Effect_SetCloudFlightEffect' [h=05B2E0CD,$00A0DD00]
  [Node$01CA3FAC] 'Debug_Printf' [h=445430CF,$0098B6A0]: cfunction$002F70B8 'Debug_Printf' [h=445430CF,$0098B6A0]
  [Node$01CA3FC0] 'UTIL_OBJECTIVES_LUA_LOADED' [h=601EA0D0,$00A39F00]: 1.0
  [Node$01CA3FD4] 'tDeckNameLookup' [h=A7B158D1,$00984260]: table$009891E0[a=0,h=16]
    [Node$00C96DC0] 3113634304.0: table$009860A0[a=0,h=8]
      [Node$00BF0EE8] 'events' [h=7B78A23A,$0097D180]: table$00989E20[a=0,h=2]
        [Node$009E93C0] 'hCardDormantEvent' [h=A8580966,$00A37B40]: 1431.0
      [Node$00BF0F10] 'bCardIdentified' [h=9E3CFB0E,$0098A1C0]: False
      [Node$00BF0F24] 'actorName' [h=4EB2E2FD,$00997FC0]: 'deck_clubs04' [h=E1B1FC76,$009945A0]
      [Node$00BF0F38] 'suit' [h=0078DBD6,$009C7760]: 'clubs' [h=12E946D0,$00992080]
      [Node$00BF0F4C] 'rank' [h=0074F9BF,$00985720]: 4.0
    [Node$00C96DE8] 2628381696.0: table$00995620[a=0,h=8]
      [Node$00BA5E28] 'events' [h=7B78A23A,$0097D180]: table$009A5B00[a=0,h=2]
        [Node$00A10880] 'hCardDormantEvent' [h=A8580966,$00A37B40]: 1434.0
      [Node$00BA5E50] 'bCardIdentified' [h=9E3CFB0E,$0098A1C0]: False
      [Node$00BA5E64] 'actorName' [h=4EB2E2FD,$00997FC0]: 'deck_clubs07' [h=8013AAA1,$009A36C0]
      [Node$00BA5E78] 'suit' [h=0078DBD6,$009C7760]: 'clubs' [h=12E946D0,$00992080]
      [Node$00BA5E8C] 'rank' [h=0074F9BF,$00985720]: 7.0
    [Node$00C96E24] 826511680.0: table$009A2A20[a=0,h=8]
      [Node$00BF1368] 'events' [h=7B78A23A,$0097D180]: table$0097E0E0[a=0,h=2]
        [Node$00A03300] 'hCardDormantEvent' [h=A8580966,$00A37B40]: 1430.0
      [Node$00BF1390] 'bCardIdentified' [h=9E3CFB0E,$0098A1C0]: False
      [Node$00BF13A4] 'actorName' [h=4EB2E2FD,$00997FC0]: 'deck_clubs03' [h=3AE78241,$009826A0]
      [Node$00BF13B8] 'suit' [h=0078DBD6,$009C7760]: 'clubs' [h=12E946D0,$00992080]
      [Node$00BF13CC] 'rank' [h=0074F9BF,$00985720]: 3.0
    [Node$00C96E4C] 568810368.0: table$0098E8A0[a=0,h=8]
      [Node$00BFAD28] 'events' [h=7B78A23A,$0097D180]: table$009A5AA0[a=0,h=2]
        [Node$009F56C0] 'hCardDormantEvent' [h=A8580966,$00A37B40]: 1435.0
      [Node$00BFAD50] 'bCardIdentified' [h=9E3CFB0E,$0098A1C0]: False
      [Node$00BFAD64] 'actorName' [h=4EB2E2FD,$00997FC0]: 'deck_clubs08' [h=1947EEB2,$0097F460]
      [Node$00BFAD78] 'suit' [h=0078DBD6,$009C7760]: 'clubs' [h=12E946D0,$00992080]
      [Node$00BFAD8C] 'rank' [h=0074F9BF,$00985720]: 8.0
    [Node$00C96E60] 636837952.0: table$0099F200[a=0,h=8]
      [Node$00BFA668] 'events' [h=7B78A23A,$0097D180]: table$009924E0[a=0,h=2]
        [Node$009E0EC0] 'hCardDormantEvent' [h=A8580966,$00A37B40]: 1437.0
      [Node$00BFA690] 'bCardIdentified' [h=9E3CFB0E,$0098A1C0]: False
      [Node$00BFA6A4] 'actorName' [h=4EB2E2FD,$00997FC0]: 'deck_clubs10' [h=26A09534,$009C74E0]
      [Node$00BFA6B8] 'suit' [h=0078DBD6,$009C7760]: 'clubs' [h=12E946D0,$00992080]
      [Node$00BFA6CC] 'rank' [h=0074F9BF,$00985720]: 10.0
    [Node$00C96EC4] 2874127616.0: table$0097E060[a=0,h=8]
      [Node$00BFAAE8] 'events' [h=7B78A23A,$0097D180]: table$0099A6C0[a=0,h=2]
        [Node$00A29C80] 'hCardDormantEvent' [h=A8580966,$00A37B40]: 1436.0
      [Node$00BFAB10] 'bCardIdentified' [h=9E3CFB0E,$0098A1C0]: False
      [Node$00BFAB24] 'actorName' [h=4EB2E2FD,$00997FC0]: 'deck_clubs09' [h=397C8C46,$00998A20]
      [Node$00BFAB38] 'suit' [h=0078DBD6,$009C7760]: 'clubs' [h=12E946D0,$00992080]
      [Node$00BFAB4C] 'rank' [h=0074F9BF,$00985720]: 9.0
    [Node$00C96ED8] 283781696.0: table$00989460[a=0,h=8]
      [Node$00BF5028] 'events' [h=7B78A23A,$0097D180]: table$0099FB20[a=0,h=2]
        [Node$00A0A6C0] 'hCardDormantEvent' [h=A8580966,$00A37B40]: 1433.0
      [Node$00BF5050] 'bCardIdentified' [h=9E3CFB0E,$0098A1C0]: False
      [Node$00BF5064] 'actorName' [h=4EB2E2FD,$00997FC0]: 'deck_clubs06' [h=93D42235,$009A5DE0]
      [Node$00BF5078] 'suit' [h=0078DBD6,$009C7760]: 'clubs' [h=12E946D0,$00992080]
      [Node$00BF508C] 'rank' [h=0074F9BF,$00985720]: 6.0
    [Node$00C96EEC] 3664616704.0: table$009C5BA0[a=0,h=8]
      [Node$00BFF468] 'events' [h=7B78A23A,$0097D180]: table$009A50C0[a=0,h=2]
        [Node$00A31E80] 'hCardDormantEvent' [h=A8580966,$00A37B40]: 1432.0
      [Node$00BFF490] 'bCardIdentified' [h=9E3CFB0E,$0098A1C0]: False
      [Node$00BFF4A4] 'actorName' [h=4EB2E2FD,$00997FC0]: 'deck_clubs05' [h=D0038E6A,$009A44A0]
      [Node$00BFF4B8] 'suit' [h=0078DBD6,$009C7760]: 'clubs' [h=12E946D0,$00992080]
      [Node$00BFF4CC] 'rank' [h=0074F9BF,$00985720]: 5.0
  [Node$01CA3FE8] 'Effect_CeilingDust' [h=F0CB78D2,$009DEF40]: cfunction$002A4A68 'Effect_CeilingDust' [h=F0CB78D2,$009DEF40]
  [Node$01CA3FFC] 'next' [h=007898D3,$00990740]: cfunction$003B87A8 'next' [h=007898D3,$00990740]
  [Node$01CA4010] 'table_AppendTableUnique' [h=FA2780D4,$009E7F80]: function$009C4220 'table_AppendTableUnique' [h=FA2780D4,$009E7F80]
    CONST$00A0F240 k0  'type' [h=0070EF71,$00990720]
    CONST$00A0F248 k1  'table' [h=10F2114B,$00979B40]
    CONST$00A0F250 k2  'table_FindElementKey' [h=CA5025A5,$00A081C0]
    CONST$00A0F258 k3  nil
    CONST$00A0F260 k4  'insert' [h=92EA3D93,$0099E280]
    CODE $00BF1280
      000 02000005 GETGLOBAL r2 := _G[k0 ('type' [h=0070EF71,$00990720])]
      001 03008000      MOVE r3 := r1
      002 02010099      CALL r2 (1 args) => 1 results
      003 00013ED5       BEQ r2 == k1 ('table' [h=10F2114B,$00979B40])
      004 00800414       JMP +17 ; 22
      005 02008000      MOVE r2 := r1
      006 03028003   LOADNIL r3 ... r5
      007 0280029E  TFORPREP WIP
      008 06000085 GETGLOBAL r6 := _G[k2 ('table_FindElementKey' [h=CA5025A5,$00A081C0])]
      009 07000000      MOVE r7 := r0
      010 08028000      MOVE r8 := r5
      011 06018099      CALL r6 (2 args) => 1 results
      012 00033F55       BEQ r6 == k3 (nil)
      013 00800114       JMP +5 ; 19
      014 06000045 GETGLOBAL r6 := _G[k1 ('table' [h=10F2114B,$00979B40])]
      015 06033F86  GETTABLE r6 := r6[k4 ('insert' [h=92EA3D93,$0099E280])]
      016 07000000      MOVE r7 := r0
      017 08028000      MOVE r8 := r5
      018 06018059      CALL r6 (2 args) => 0 results
      019 0200005D  TFORLOOP WIP
      020 007FFC94       JMP -13 ; 8
      021 00800294       JMP +11 ; 33
      022 02000085 GETGLOBAL r2 := _G[k2 ('table_FindElementKey' [h=CA5025A5,$00A081C0])]
      023 03000000      MOVE r3 := r0
      024 04008000      MOVE r4 := r1
      025 02018099      CALL r2 (2 args) => 1 results
      026 00013F55       BEQ r2 == k3 (nil)
      027 00800114       JMP +5 ; 33
      028 02000045 GETGLOBAL r2 := _G[k1 ('table' [h=10F2114B,$00979B40])]
      029 02013F86  GETTABLE r2 := r2[k4 ('insert' [h=92EA3D93,$0099E280])]
      030 03000000      MOVE r3 := r0
      031 04008000      MOVE r4 := r1
      032 02018059      CALL r2 (2 args) => 0 results
      033 0001001B    RETURN r0 ... r0
      034 0000801B    RETURN r0 ... r-1
  [Node$01CA4024] 'SW_challenge_destroy_dmz01_Value' [h=542D28D5,$00A06780]: function$00997800 'SW_challenge_destroy_dmz01_Value' [h=542D28D5,$00A06780]
    CONST$0097B300 k0  'SW_challenge_destroy_dmz01_Level' [h=64BADBA6,$00A29D40]
    CONST$0097B308 k1  3.0
    CONST$0097B310 k2  10000.0
    CODE $0097CA00
      000 00000005 GETGLOBAL r0 := _G[k0 ('SW_challenge_destroy_dmz01_Level' [h=64BADBA6,$00A29D40])]
      001 00008099      CALL r0 (0 args) => 1 results
      002 007D8016       BLT k1 (3.0) < r0
      003 00800014       JMP +1 ; 5
      004 00000041     LOADK r0 := k1 (3.0)
      005 01003F0E       MUL r1 := r0 * k2 (10000.0)
      006 0101001B    RETURN r1 ... r1
      007 0000801B    RETURN r0 ... r-1
  [Node$01CA4074] 'Ui_AddChallengeMarkerActor' [h=5CD130D9,$00A02A80]: cfunction$002A8108 'Ui_AddChallengeMarkerActor' [h=5CD130D9,$00A02A80]
  [Node$01CA4088] 'Support_AddItem' [h=E53E40DA,$0098D680]: cfunction$002A1230 'Support_AddItem' [h=E53E40DA,$0098D680]
  [Node$01CA40B0] 'Utility_QuestionBox' [h=EE6D60DC,$00A08B00]: cfunction$002C57C8 'Utility_QuestionBox' [h=EE6D60DC,$00A08B00]
  [Node$01CA40D8] 'Actor_SetCorpseCleanUpAllowed' [h=562C20DE,$00A0B6C0]: cfunction$002AA8B8 'Actor_SetCorpseCleanUpAllowed' [h=562C20DE,$00A0B6C0]
  [Node$01CA40EC] 'jeff_CancelMoodEvents' [h=801B80DF,$00A0BD80]: function$0097D5A0 'jeff_CancelMoodEvents' [h=801B80DF,$00A0BD80]
    CONST$00A0B800 k0  'jeff_hMafiaMood' [h=AB979567,$009C65C0]
    CONST$00A0B808 k1  'Event_CancelEvent' [h=D8960070,$00A08280]
    CONST$00A0B810 k2  'jeff_hSKMood' [h=EAF10DC5,$009AA480]
    CONST$00A0B818 k3  'jeff_hChinaMood' [h=6188C7A9,$009C6AE0]
    CONST$00A0B820 k4  'jeff_hAlliesMood' [h=9886F1A2,$00A0B400]
    CODE $00AC65C0
      000 00000045 GETGLOBAL r0 := _G[k1 ('Event_CancelEvent' [h=D8960070,$00A08280])]
      001 01000005 GETGLOBAL r1 := _G[k0 ('jeff_hMafiaMood' [h=AB979567,$009C65C0])]
      002 00010099      CALL r0 (1 args) => 1 results
      003 00000007 SETGLOBAL r0 ->> _G[k0 ('jeff_hMafiaMood' [h=AB979567,$009C65C0])]
      004 00000045 GETGLOBAL r0 := _G[k1 ('Event_CancelEvent' [h=D8960070,$00A08280])]
      005 01000085 GETGLOBAL r1 := _G[k2 ('jeff_hSKMood' [h=EAF10DC5,$009AA480])]
      006 00010099      CALL r0 (1 args) => 1 results
      007 00000087 SETGLOBAL r0 ->> _G[k2 ('jeff_hSKMood' [h=EAF10DC5,$009AA480])]
      008 00000045 GETGLOBAL r0 := _G[k1 ('Event_CancelEvent' [h=D8960070,$00A08280])]
      009 010000C5 GETGLOBAL r1 := _G[k3 ('jeff_hChinaMood' [h=6188C7A9,$009C6AE0])]
      010 00010099      CALL r0 (1 args) => 1 results
      011 000000C7 SETGLOBAL r0 ->> _G[k3 ('jeff_hChinaMood' [h=6188C7A9,$009C6AE0])]
      012 00000045 GETGLOBAL r0 := _G[k1 ('Event_CancelEvent' [h=D8960070,$00A08280])]
      013 01000105 GETGLOBAL r1 := _G[k4 ('jeff_hAlliesMood' [h=9886F1A2,$00A0B400])]
      014 00010099      CALL r0 (1 args) => 1 results
      015 00000107 SETGLOBAL r0 ->> _G[k4 ('jeff_hAlliesMood' [h=9886F1A2,$00A0B400])]
      016 0000801B    RETURN r0 ... r-1
  [Node$01CA4100] 'Camera_SetOrbit' [h=FC2E58E0,$0098D580]: cfunction$002A5340 'Camera_SetOrbit' [h=FC2E58E0,$0098D580]
  [Node$01CA4128] 'Event_FactionAttitudeChange' [h=14A2E8E2,$009E4A00]: cfunction$002BCA68 'Event_FactionAttitudeChange' [h=14A2E8E2,$009E4A00]
  [Node$01CA413C] 'Actor_AttachToLocation' [h=9F19B8E3,$00A24180]: cfunction$002ACD98 'Actor_AttachToLocation' [h=9F19B8E3,$00A24180]
  [Node$01CA4150] 'SW_Challenge_homerun_prp2dmz_01_Value' [h=97E580E4,$009E43C0]: function$00989560 'SW_Challenge_homerun_prp2dmz_01_Value' [h=97E580E4,$009E43C0]
    CONST$009631B0 k0  'SW_Challenge_homerun_prp2dmz_01_Level' [h=5DA77ED8,$009DD940]
    CONST$009631B8 k1  10000.0
    CODE $009880E0
      000 00000005 GETGLOBAL r0 := _G[k0 ('SW_Challenge_homerun_prp2dmz_01_Level' [h=5DA77ED8,$009DD940])]
      001 00008099      CALL r0 (0 args) => 1 results
      002 01003ECE       MUL r1 := r0 * k1 (10000.0)
      003 0101001B    RETURN r1 ... r1
      004 0000801B    RETURN r0 ... r-1
  [Node$01CA4178] 'PlayFactionBGM' [h=9DEB80E6,$009AA740]: function$009932C0 'PlayFactionBGM' [h=9DEB80E6,$009AA740]
    CONST$009A6480 k0  'Utility_ReadStringFromScribbleMemory' [h=5455F3B9,$00A0B700]
    CONST$009A6488 k1  'current_faction' [h=B9B21A68,$009A6960]
    CONST$009A6490 k2  nil
    CONST$009A6498 k3  'Audio_PlayFactionMusic' [h=4E56600E,$00A045C0]
    CODE $00A01C40
      000 00000005 GETGLOBAL r0 := _G[k0 ('Utility_ReadStringFromScribbleMemory' [h=5455F3B9,$00A0B700])]
      001 01000041     LOADK r1 := k1 ('current_faction' [h=B9B21A68,$009A6960])
      002 00010099      CALL r0 (1 args) => 1 results
      003 01003F15       BNE r0 != k2 (nil)
      004 00800094       JMP +3 ; 8
      005 010000C5 GETGLOBAL r1 := _G[k3 ('Audio_PlayFactionMusic' [h=4E56600E,$00A045C0])]
      006 02000000      MOVE r2 := r0
      007 01010059      CALL r1 (1 args) => 0 results
      008 0000801B    RETURN r0 ... r-1
  [Node$01CA41A0] 'challenge_SetupEvents' [h=F42020E8,$009DCCC0]: nil
  [Node$01CA42E0] 'SW_challenge_Homerun01_OnStarterBroken' [h=0077D0F8,$00A114C0]: function$0099E460 'SW_challenge_Homerun01_OnStarterBroken' [h=0077D0F8,$00A114C0]
    CONST$00963200 k0  'challenge_Recycler_OnStarterBroken' [h=8855A662,$00A07100]
    CONST$00963208 k1  'tSW_Challenge_Homerun01' [h=9316C000,$00A00000]
    CODE $009631F0
      000 00000005 GETGLOBAL r0 := _G[k0 ('challenge_Recycler_OnStarterBroken' [h=8855A662,$00A07100])]
      001 01000045 GETGLOBAL r1 := _G[k1 ('tSW_Challenge_Homerun01' [h=9316C000,$00A00000])]
      002 00010059      CALL r0 (1 args) => 0 results
      003 0000801B    RETURN r0 ... r-1
  [Node$01CA42F4] 'tSW_challenge_homerun_pyn_01' [h=977228F9,$00A0C100]: table$009792C0[a=0,h=32]
    [Node$00D8CCE8] 'sChallengeScriptName' [h=8B569902,$009E2E40]: 'SW_challenge_homerun_pyn_01' [h=A4CFA52C,$009DB080]
    [Node$00D8CCFC] 'sFuncNameHide' [h=E8C1E1A3,$009A23A0]: 'SW_challenge_homerun_pyn_01_Hide' [h=5B23305D,$00A10500]
    [Node$00D8CD38] 'sFuncNameQuestionBox' [h=25D5C106,$00A25740]: 'SW_challenge_homerun_pyn_01_QuestionBox' [h=A0F2C75C,$009DD200]
    [Node$00D8CD60] 'tGoals' [h=B6E9E608,$00999620]: table$00991A80[a=1,h=1]
      [0:$009576E0] table$0099CEE0[a=0,h=4]
        [Node$00B1B9D4] 'sText' [h=11BDEAA9,$0099A6A0]: '[challenge.goal.minimumdistance]' [h=55D35590,$009E8680]
        [Node$00B1B9E8] 'vValue' [h=4822E3A2,$00996420]: function$00988C80 'SW_challenge_homerun_pyn_01_BestDistance' [h=A723844D,$009D1A40]
          CONST$00AB4040 k0  'Utility_StringFormat' [h=886808AD,$009DDC00]
          CONST$00AB4048 k1  '%.2f' [h=00716210,$0098F9C0]
          CONST$00AB4050 k2  'challenge_StatGetFloat' [h=DF587491,$00A28A80]
          CONST$00AB4058 k3  'sw_challenge_homerun_pyn_01' [h=A4CFA924,$009DABC0]
          CONST$00AB4060 k4  'FarthestDistance' [h=0B6C3195,$009F2640]
          CONST$00AB4068 k5  500.0
          CONST$00AB4070 k6  ' ' [h=00000041,$009C76C0]
          CONST$00AB4078 k7  'Utility_GetStringById' [h=F7067A6C,$009D9780]
          CONST$00AB4080 k8  'interface.units.metersabbreviated' [h=5EB2DC2B,$009CF6C0]
          CODE $00A07800
            000 00000005 GETGLOBAL r0 := _G[k0 ('Utility_StringFormat' [h=886808AD,$009DDC00])]
            001 01000041     LOADK r1 := k1 ('%.2f' [h=00716210,$0098F9C0])
            002 02000085 GETGLOBAL r2 := _G[k2 ('challenge_StatGetFloat' [h=DF587491,$00A28A80])]
            003 030000C1     LOADK r3 := k3 ('sw_challenge_homerun_pyn_01' [h=A4CFA924,$009DABC0])
            004 04000101     LOADK r4 := k4 ('FarthestDistance' [h=0B6C3195,$009F2640])
            005 05000141     LOADK r5 := k5 (500.0)
            006 02020019      CALL r2 (3 args) => -1 results
            007 00000099      CALL r0 (-1 args) => 1 results
            008 01000181     LOADK r1 := k6 (' ' [h=00000041,$009C76C0])
            009 020001C5 GETGLOBAL r2 := _G[k7 ('Utility_GetStringById' [h=F7067A6C,$009D9780])]
            010 03000201     LOADK r3 := k8 ('interface.units.metersabbreviated' [h=5EB2DC2B,$009CF6C0])
            011 02010099      CALL r2 (1 args) => 1 results
            012 00000093    CONCAT r0 := r0 ... r2
            013 0001001B    RETURN r0 ... r0
            014 0000801B    RETURN r0 ... r-1
    [Node$00D8CD74] 'sQuestionBoxInsideTextKey' [h=FCDCE389,$009E6FC0]: '[challenge.sw.homerun.pyn.01.description]' [h=E7BF10A5,$009F1840]
    [Node$00D8CD88] 'sFuncNameStart' [h=FF54EF6A,$009AA880]: 'SW_challenge_homerun_pyn_01_Start' [h=491638B3,$00A03EC0]
    [Node$00D8CDB0] 'bIsSetup' [h=D7AB01C6,$00997540]: True
    [Node$00D8CDC4] 'tEventHandlesForSetup' [h=9B8DA62D,$00A02E00]: table$009A4120[a=0,h=4]
      [Node$00A83240] 'hAiInNamedVehicle0' [h=BDA1E5D0,$009DEC80]: 1618.0
      [Node$00A83268] 'hActorToVectorProximity' [h=5EDEF380,$00A00A80]: 1620.0
      [Node$00A8327C] 'hHitPointsLessThan' [h=4539B91F,$009E1F40]: 1619.0
    [Node$00D8CDD8] 'sFuncNameEnd' [h=78C8606E,$009A8800]: 'SW_challenge_homerun_pyn_01_End' [h=9911FB7B,$009D7380]
    [Node$00D8CDEC] 'sFuncNameSetupAiInNamedVehicle' [h=8879F6AF,$00A23C40]: 'SW_challenge_homerun_pyn_01_SetupAiInNamedVehicle' [h=0B23EE50,$00AB3E40]
    [Node$00D8CE00] 'tRules' [h=B5794570,$009C3D40]: table$00989B80[a=2,h=1]
      [0:$00957660] table$0097DEA0[a=0,h=2]
        [Node$00A0EE54] 'sText' [h=11BDEAA9,$0099A6A0]: '[challenge.rule.remaininvehicle]' [h=26841DE6,$00A01480]
      [1:$00957668] table$00996800[a=0,h=2]
        [Node$009D63D4] 'sText' [h=11BDEAA9,$0099A6A0]: '[challenge.rule.maintainminspeed]: 90[challenge.misc.KilometersPerHour]' [h=958B0294,$00AB5340]
    [Node$00D8CE14] 'bStarterIsSpent' [h=5FEBD8E8,$009C7EE0]: nil
    [Node$00D8CE28] 'sFuncNameWaitForReinitOpportunity' [h=A476F72A,$00A0EDC0]: 'SW_challenge_homerun_pyn_01_WaitForReinitOpportunity' [h=16D1C6AF,$00AB3940]
    [Node$00D8CE3C] 'sFuncNamePrefix' [h=24CFBE93,$00985DC0]: 'SW_challenge_homerun_pyn_01' [h=A4CFA52C,$009DB080]
    [Node$00D8CE50] 'sFuncNameStarterSpawned' [h=6EFD36B4,$009FC280]: 'SW_challenge_homerun_pyn_01_StarterSpawned' [h=0BFD309D,$00A0B580]
    [Node$00D8CE64] 'sFuncOnStarterBroken' [h=ED7F76E3,$009DD680]: 'SW_challenge_homerun_pyn_01_OnStarterBroken' [h=18D53DD1,$00A2D2C0]
    [Node$00D8CE78] 'bQuestionBoxPauseGame' [h=10991576,$00A10F40]: True
    [Node$00D8CE8C] 'sFuncOnStarterSpent' [h=4BD64963,$009E1900]: 'SW_challenge_homerun_pyn_01_OnStarterSpent' [h=41D9A9EE,$00A2A280]
    [Node$00D8CEA0] 'sFuncNameShow' [h=6964B278,$0097FB80]: 'SW_challenge_homerun_pyn_01_Show' [h=3F49710A,$009DBA00]
    [Node$00D8CEB4] 'sCurrentChallengeStarter' [h=AFEC3F39,$00A01740]: 'chal_homerun_pyn_01_actor0' [h=2CE10DD9,$009FAE40]
    [Node$00D8CEC8] 'sStarterNameBase' [h=52BE0E9A,$009DF640]: 'chal_homerun_pyn_01_actor' [h=577E22C1,$00A24580]
    [Node$00D8CEDC] 'vReward' [h=18F9995B,$009C6E80]: 25000.0
    [Node$00D8CEF0] 'sQuestionBoxWindowTitleKey' [h=0061E794,$00A00A00]: 'challenge.sw.homerun.pyn.01.title' [h=710B1885,$00A41180]
    [Node$00D8CF04] 'sStarterTemplate' [h=01757CDA,$009FFDC0]: 'template_civ_bus_empty' [h=BE6D43D3,$009DA400]
    [Node$00D8CF18] 'sStarterLocation' [h=A151005E,$009FE200]: 'c_hr_pyn_01_start' [h=A48271B6,$009CD780]
    [Node$00D8CF2C] 'sFuncNameReinit' [h=EC63489F,$00981FA0]: 'SW_challenge_homerun_pyn_01_Reinit' [h=AEB26084,$009E5B80]
  [Node$01CA431C] 'SW_challenge_destroy_hae_01_Show' [h=0E8BB8FB,$009D8A40]: function$0099DB00 'SW_challenge_destroy_hae_01_Show' [h=0E8BB8FB,$009D8A40]
    CONST$00957E50 k0  'challenge_Recycler_Show' [h=BA823C25,$009FC3C0]
    CONST$00957E58 k1  'tSW_challenge_destroy_hae_01' [h=0B435F90,$009D7AC0]
    CODE $00957E30
      000 00000005 GETGLOBAL r0 := _G[k0 ('challenge_Recycler_Show' [h=BA823C25,$009FC3C0])]
      001 01000045 GETGLOBAL r1 := _G[k1 ('tSW_challenge_destroy_hae_01' [h=0B435F90,$009D7AC0])]
      002 00010059      CALL r0 (1 args) => 0 results
      003 0000801B    RETURN r0 ... r-1
  [Node$01CA4330] 'Actor_SetInvincible' [h=3C5DC0FC,$00A3F9C0]: cfunction$002AA528 'Actor_SetInvincible' [h=3C5DC0FC,$00A3F9C0]
  [Node$01CA4380] 'gameflow_RemoveCardIntel' [h=533D8100,$00A136C0]: function$009843C0 'gameflow_RemoveCardIntel' [h=533D8100,$00A136C0]
    CONST$00A13280 k0  'gameflow_DoesPlayerHaveCardIntel' [h=A6CC3E05,$00A2D240]
    CONST$00A13288 k1  'Utility_EraseValueFromScribbleMemory' [h=D5C200E6,$00A03000]
    CONST$00A13290 k2  'gameflow_GetCardIntelScribMemVarName' [h=1BD00BE0,$00A2C9C0]
    CONST$00A13298 k3  'Utility_WriteNumberToScribbleMemory' [h=DCF55147,$009DC740]
    CONST$00A132A0 k4  'gameflow_GetHadCardIntelScribMemVarName' [h=B66B54E2,$00A13240]
    CONST$00A132A8 k5  1.0
    CODE $00ACAA40
      000 02000005 GETGLOBAL r2 := _G[k0 ('gameflow_DoesPlayerHaveCardIntel' [h=A6CC3E05,$00A2D240])]
      001 03000000      MOVE r3 := r0
      002 04008000      MOVE r4 := r1
      003 02018099      CALL r2 (2 args) => 1 results
      004 02010018      TEST not r2: r2 := r2 ; or skip
      005 00800314       JMP +13 ; 19
      006 02000045 GETGLOBAL r2 := _G[k1 ('Utility_EraseValueFromScribbleMemory' [h=D5C200E6,$00A03000])]
      007 03000085 GETGLOBAL r3 := _G[k2 ('gameflow_GetCardIntelScribMemVarName' [h=1BD00BE0,$00A2C9C0])]
      008 04000000      MOVE r4 := r0
      009 05008000      MOVE r5 := r1
      010 03018019      CALL r3 (2 args) => -1 results
      011 02000059      CALL r2 (-1 args) => 0 results
      012 020000C5 GETGLOBAL r2 := _G[k3 ('Utility_WriteNumberToScribbleMemory' [h=DCF55147,$009DC740])]
      013 03000105 GETGLOBAL r3 := _G[k4 ('gameflow_GetHadCardIntelScribMemVarName' [h=B66B54E2,$00A13240])]
      014 04000000      MOVE r4 := r0
      015 05008000      MOVE r5 := r1
      016 03018099      CALL r3 (2 args) => 1 results
      017 04000141     LOADK r4 := k5 (1.0)
      018 02018059      CALL r2 (2 args) => 0 results
      019 0000801B    RETURN r0 ... r-1
  [Node$01CA43A8] 'Utility_ResumeLoading' [h=CF829102,$00A3F1C0]: cfunction$002F8388 'Utility_ResumeLoading' [h=CF829102,$00A3F1C0]
  [Node$01CA43E4] 'Ai_CommandClearAll' [h=CDA0E905,$00A07340]: cfunction$002B39B0 'Ai_CommandClearAll' [h=CDA0E905,$00A07340]
  [Node$01CA43F8] 'Event_ActorIsAirborne' [h=9B58C906,$009E0340]: cfunction$002B9700 'Event_ActorIsAirborne' [h=9B58C906,$009E0340]
  [Node$01CA4448] 'Briefing_Entry' [h=F69DA90A,$009AA760]: function$009A6220 'Briefing_Entry' [h=F69DA90A,$009AA760]
    CONST$00960A90 k0  'hEventPlayBGM' [h=A9A9089B,$009A6160]
    CONST$00960A98 k1  'Event_CancelEvent' [h=D8960070,$00A08280]
    CODE $009A62A0
      000 00000045 GETGLOBAL r0 := _G[k1 ('Event_CancelEvent' [h=D8960070,$00A08280])]
      001 01000005 GETGLOBAL r1 := _G[k0 ('hEventPlayBGM' [h=A9A9089B,$009A6160])]
      002 00010099      CALL r0 (1 args) => 1 results
      003 00000007 SETGLOBAL r0 ->> _G[k0 ('hEventPlayBGM' [h=A9A9089B,$009A6160])]
      004 0000801B    RETURN r0 ... r-1
  [Node$01CA4470] 'challenge_deliver_pyn_01_Level' [h=90F3210C,$009CB680]: function$009C80C0 'challenge_deliver_pyn_01_Level' [h=90F3210C,$009CB680]
    CONST$00A04C40 k0  'challenge_deliver_pyn_01_FareGoal' [h=3B44E773,$009EF900]
    CONST$00A04C48 k1  5.0
    CONST$00A04C50 k2  1.0
    CONST$00A04C58 k3  8.0
    CONST$00A04C60 k4  2.0
    CONST$00A04C68 k5  3.0
    CODE $009E7380
      000 00000005 GETGLOBAL r0 := _G[k0 ('challenge_deliver_pyn_01_FareGoal' [h=3B44E773,$009EF900])]
      001 00008099      CALL r0 (0 args) => 1 results
      002 00003ED6       BLT r0 < k1 (5.0)
      003 00800054       JMP +2 ; 6
      004 00000081     LOADK r0 := k2 (1.0)
      005 00800114       JMP +5 ; 11
      006 00003F56       BLT r0 < k3 (8.0)
      007 00800054       JMP +2 ; 10
      008 00000101     LOADK r0 := k4 (2.0)
      009 00800014       JMP +1 ; 11
      010 00000141     LOADK r0 := k5 (3.0)
      011 0001001B    RETURN r0 ... r0
      012 0000801B    RETURN r0 ... r-1
  [Node$01CA44D4] 'nenc_ff0812_v' [h=8D7AB111,$009A2900]: table$009970E0[a=0,h=4]
    [Node$00AABD54] 'tLocationObjectsA' [h=2C5376F5,$00A01980]: table$00997960[a=2,h=1]
      [0:$00952AC0] 'ff0812_v3' [h=20CC54FF,$0099D7C0]
      [1:$00952AC8] 'ff0812_v4' [h=7E4F5FC9,$009A11C0]
    [Node$00AABD68] 'sEncounter' [h=4CD961D9,$009A5C20]: 'ff0812' [h=08F92FE7,$009A3480]
    [Node$00AABD7C] 'tLocationObjectsB' [h=CEC61813,$00A073C0]: nil
  [Node$01CA44E8] 'jeff_heroDamaged' [h=D3A79912,$009F7140]: function$009A2A80 'jeff_heroDamaged' [h=D3A79912,$009F7140]
    CONST$00AC78C0 k0  'jeff_clearHeroEvents' [h=87DA5CA6,$00A2B6C0]
    CONST$00AC78C8 k1  'Actor_GetHitPoints' [h=CDCBFCF4,$00A00E00]
    CONST$00AC78D0 k2  'player0' [h=316752BF,$009A6AC0]
    CONST$00AC78D8 k3  1.0
    CONST$00AC78E0 k4  'Utility_GetPlayerNationality' [h=CB78F623,$00A0AF00]
    CONST$00AC78E8 k5  'jeff_tHeroInfo' [h=ADAD5F8B,$009A4360]
    CONST$00AC78F0 k6  'banterDamage' [h=CCFA1797,$009AB320]
    CONST$00AC78F8 k7  'jeff_iBanterHeroDamage' [h=58C02B62,$00A2B040]
    CONST$00AC7900 k8  'table' [h=10F2114B,$00979B40]
    CONST$00AC7908 k9  'getn' [h=0083B006,$00978AA0]
    CONST$00AC7910 k10 'Audio_PlayVoiceover' [h=EE2AB1DE,$00A04CC0]
    CONST$00AC7918 k11 'Event_RelativeTimer' [h=AD23F6E2,$00A3EA80]
    CONST$00AC7920 k12 'jeff_newHeroDamageEvent' [h=EFF1FB7C,$00A2B600]
    CONST$00AC7928 k13 'b' [h=00000083,$009960C0]
    CONST$00AC7930 k14 1.5
    CODE $00BFA1C0
      000 00000005 GETGLOBAL r0 := _G[k0 ('jeff_clearHeroEvents' [h=87DA5CA6,$00A2B6C0])]
      001 00008059      CALL r0 (0 args) => 0 results
      002 00000045 GETGLOBAL r0 := _G[k1 ('Actor_GetHitPoints' [h=CDCBFCF4,$00A00E00])]
      003 01000081     LOADK r1 := k2 ('player0' [h=316752BF,$009A6AC0])
      004 00010099      CALL r0 (1 args) => 1 results
      005 00003F56       BLT r0 < k3 (1.0)
      006 00800014       JMP +1 ; 8
      007 0000801B    RETURN r0 ... r-1
      008 00000105 GETGLOBAL r0 := _G[k4 ('Utility_GetPlayerNationality' [h=CB78F623,$00A0AF00])]
      009 00008099      CALL r0 (0 args) => 1 results
      010 01000145 GETGLOBAL r1 := _G[k5 ('jeff_tHeroInfo' [h=ADAD5F8B,$009A4360])]
      011 01008006  GETTABLE r1 := r1[r0]
      012 0100C006  GETTABLE r1 := r1[k6 ('banterDamage' [h=CCFA1797,$009AB320])]
      013 01008018      TEST not r1: r1 := r1 ; or skip
      014 00800694       JMP +27 ; 42
      015 010001C5 GETGLOBAL r1 := _G[k7 ('jeff_iBanterHeroDamage' [h=58C02B62,$00A2B040])]
      016 0100BF4C       ADD r1 := r1 + k3 (1.0)
      017 010001C7 SETGLOBAL r1 ->> _G[k7 ('jeff_iBanterHeroDamage' [h=58C02B62,$00A2B040])]
      018 010001C5 GETGLOBAL r1 := _G[k7 ('jeff_iBanterHeroDamage' [h=58C02B62,$00A2B040])]
      019 02000205 GETGLOBAL r2 := _G[k8 ('table' [h=10F2114B,$00979B40])]
      020 020140C6  GETTABLE r2 := r2[k9 ('getn' [h=0083B006,$00978AA0])]
      021 03000145 GETGLOBAL r3 := _G[k5 ('jeff_tHeroInfo' [h=ADAD5F8B,$009A4360])]
      022 03018006  GETTABLE r3 := r3[r0]
      023 0301C006  GETTABLE r3 := r3[k6 ('banterDamage' [h=CCFA1797,$009AB320])]
      024 02010099      CALL r2 (1 args) => 1 results
      025 00010056       BLT r2 < r1
      026 00800054       JMP +2 ; 29
      027 010000C1     LOADK r1 := k3 (1.0)
      028 010001C7 SETGLOBAL r1 ->> _G[k7 ('jeff_iBanterHeroDamage' [h=58C02B62,$00A2B040])]
      029 01000285 GETGLOBAL r1 := _G[k10 ('Audio_PlayVoiceover' [h=EE2AB1DE,$00A04CC0])]
      030 02000145 GETGLOBAL r2 := _G[k5 ('jeff_tHeroInfo' [h=ADAD5F8B,$009A4360])]
      031 02010006  GETTABLE r2 := r2[r0]
      032 02014006  GETTABLE r2 := r2[k6 ('banterDamage' [h=CCFA1797,$009AB320])]
      033 030001C5 GETGLOBAL r3 := _G[k7 ('jeff_iBanterHeroDamage' [h=58C02B62,$00A2B040])]
      034 020100C6  GETTABLE r2 := r2[r3]
      035 03000081     LOADK r3 := k2 ('player0' [h=316752BF,$009A6AC0])
      036 01018059      CALL r1 (2 args) => 0 results
      037 010002C5 GETGLOBAL r1 := _G[k11 ('Event_RelativeTimer' [h=AD23F6E2,$00A3EA80])]
      038 02000301     LOADK r2 := k12 ('jeff_newHeroDamageEvent' [h=EFF1FB7C,$00A2B600])
      039 03000341     LOADK r3 := k13 ('b' [h=00000083,$009960C0])
      040 04000381     LOADK r4 := k14 (1.5)
      041 01020059      CALL r1 (3 args) => 0 results
      042 0000801B    RETURN r0 ... r-1
  [Node$01CA4510] 'tCurrentFactionAttitudes' [h=B9B23114,$009E1400]: table$0098C2C0[a=0,h=4]
    [Node$00A78240] 'sk' [h=00001514,$009A6180]: table$0099BBE0[a=0,h=8]
      [Node$00BBB594] 'attitudeChangeHandle' [h=F70DF901,$00A010C0]: 1458.0
      [Node$00BBB5A8] 'hostile' [h=AEF21FEA,$00995F20]: False
      [Node$00BBB5BC] 'becameNonHostileVOCues' [h=1CFA365B,$00A05F40]: table$00997260[a=3,h=1]
        [0:$009ABE00] 'fio.kmgfio01' [h=1C785B27,$0099A740]
        [1:$009ABE08] 'fio.kmgfio02' [h=F8225022,$00997780]
        [2:$009ABE10] 'fio.kmgfio03' [h=808CE1BD,$009A37C0]
      [Node$00BBB5E4] 'becameHostileVOCues' [h=4A04ACFD,$009DDEC0]: table$0097BC60[a=3,h=1]
        [0:$0097B000] 'fio.kmbfio01' [h=39B35F3C,$0099D380]
        [1:$0097B008] 'fio.kmbfio02' [h=8E7D722F,$009963E0]
        [2:$0097B010] 'fio.kmbfio03' [h=4241BFCA,$009A0620]
    [Node$00A78268] 'china' [h=1129D14E,$009A6060]: table$00982B00[a=0,h=8]
      [Node$00C05514] 'attitudeChangeHandle' [h=F70DF901,$00A010C0]: 1456.0
      [Node$00C05528] 'hostile' [h=AEF21FEA,$00995F20]: False
      [Node$00C0553C] 'becameNonHostileVOCues' [h=1CFA365B,$00A05F40]: table$009AAC80[a=3,h=1]
        [0:$009974A0] 'fio.cmgfio01' [h=189308F5,$0099DFC0]
        [1:$009974A8] 'fio.cmgfio02' [h=C4DF169E,$009A9E80]
        [2:$009974B0] 'fio.cmgfio03' [h=EDC176E9,$00985E60]
      [Node$00C05564] 'becameHostileVOCues' [h=4A04ACFD,$009DDEC0]: table$0099D420[a=3,h=1]
        [0:$009942E0] 'fio.cmbfio01' [h=F104175F,$00997CA0]
        [1:$009942E8] 'fio.cmbfio02' [h=B24C80A5,$0099D520]
        [2:$009942F0] 'fio.cmbfio03' [h=43B3D213,$009C77C0]
    [Node$00A7827C] 'mafia' [h=11226556,$009A6140]: table$00978E40[a=0,h=8]
      [Node$00BBB714] 'attitudeChangeHandle' [h=F70DF901,$00A010C0]: 1571.0
      [Node$00BBB728] 'hostile' [h=AEF21FEA,$00995F20]: False
      [Node$00BBB73C] 'becameNonHostileVOCues' [h=1CFA365B,$00A05F40]: table$00979E20[a=3,h=1]
        [0:$009A2980] 'fio.mmgfio01' [h=1C26146C,$0099E4C0]
        [1:$009A2988] 'fio.mmgfio02' [h=F80E9997,$009A4B40]
        [2:$009A2990] 'fio.mmgfio03' [h=863350CB,$00994DC0]
      [Node$00BBB764] 'becameHostileVOCues' [h=4A04ACFD,$009DDEC0]: table$00987920[a=3,h=1]
        [0:$00986E20] 'fio.mmbfio01' [h=39171E7B,$0098D8A0]
        [1:$00986E28] 'fio.mmbfio02' [h=8B4FE996,$0099EFE0]
        [2:$00986E30] 'fio.mmbfio03' [h=A03F946C,$009ABCA0]
  [Node$01CA4524] 'Mission_EnableAtmosphere' [h=89A6E115,$00A01540]: cfunction$002A0828 'Mission_EnableAtmosphere' [h=89A6E115,$00A01540]
  [Node$01CA4560] 'util_GetFactionCodeForMovies' [h=08B41918,$00A3B380]: function$009970A0 'util_GetFactionCodeForMovies' [h=08B41918,$00A3B380]
    CONST$00A3B280 k0  'allies' [h=B57F1C27,$009A61A0]
    CONST$00A3B288 k1  'UN' [h=00001174,$0097FB00]
    CONST$00A3B290 k2  'china' [h=1129D14E,$009A6060]
    CONST$00A3B298 k3  'CH' [h=0000112F,$0097F640]
    CONST$00A3B2A0 k4  'mafia' [h=11226556,$009A6140]
    CONST$00A3B2A8 k5  'RM' [h=000012DA,$0097FB60]
    CONST$00A3B2B0 k6  'sk' [h=00001514,$009A6180]
    CONST$00A3B2B8 k7  'SK' [h=0000111C,$0097F6E0]
    CODE $00B2BCC0
      000 01008003   LOADNIL r1 ... r1
      001 00003E95       BEQ r0 == k0 ('allies' [h=B57F1C27,$009A61A0])
      002 00800054       JMP +2 ; 5
      003 01000041     LOADK r1 := k1 ('UN' [h=00001174,$0097FB00])
      004 00800294       JMP +11 ; 16
      005 00003F15       BEQ r0 == k2 ('china' [h=1129D14E,$009A6060])
      006 00800054       JMP +2 ; 9
      007 010000C1     LOADK r1 := k3 ('CH' [h=0000112F,$0097F640])
      008 00800194       JMP +7 ; 16
      009 00003F95       BEQ r0 == k4 ('mafia' [h=11226556,$009A6140])
      010 00800054       JMP +2 ; 13
      011 01000141     LOADK r1 := k5 ('RM' [h=000012DA,$0097FB60])
      012 00800094       JMP +3 ; 16
      013 00004015       BEQ r0 == k6 ('sk' [h=00001514,$009A6180])
      014 00800014       JMP +1 ; 16
      015 010001C1     LOADK r1 := k7 ('SK' [h=0000111C,$0097F6E0])
      016 0101001B    RETURN r1 ... r1
      017 0000801B    RETURN r0 ... r-1
  [Node$01CA4574] 'SW_challenge_Destroy01_SetupAiInNamedVehicle' [h=849C7119,$00A32340]: function$009A0EA0 'SW_challenge_Destroy01_SetupAiInNamedVehicle' [h=849C7119,$00A32340]
    CONST$00958240 k0  'challenge_Recycler_Vehicle_Setup' [h=2383F7A5,$009E2480]
    CONST$00958248 k1  'tSW_Challenge_Destroy01' [h=8926D538,$009F2600]
    CODE $00987420
      000 03000005 GETGLOBAL r3 := _G[k0 ('challenge_Recycler_Vehicle_Setup' [h=2383F7A5,$009E2480])]
      001 04000045 GETGLOBAL r4 := _G[k1 ('tSW_Challenge_Destroy01' [h=8926D538,$009F2600])]
      002 05000000      MOVE r5 := r0
      003 06008000      MOVE r6 := r1
      004 03020059      CALL r3 (3 args) => 0 results
      005 0000801B    RETURN r0 ... r-1
  [Node$01CA459C] 'Ui_DisplayRightVideoPortrait' [h=E1F7091B,$009DE980]: cfunction$002A8630 'Ui_DisplayRightVideoPortrait' [h=E1F7091B,$009DE980]
  [Node$01CA45B0] 'Objective_RemoveTarget' [h=0A56591C,$009DB240]: cfunction$002A4598 'Objective_RemoveTarget' [h=0A56591C,$009DB240]
  [Node$01CA45EC] 'nenc_ff3026_v' [h=9922291F,$009804A0]: table$009AC1E0[a=0,h=4]
    [Node$00AC0A54] 'tLocationObjectsA' [h=2C5376F5,$00A01980]: table$0099AA60[a=2,h=1]
    [Node$00AC0A68] 'sEncounter' [h=4CD961D9,$009A5C20]: 'ff3026' [h=E700A38F,$0098D860]
    [Node$00AC0A7C] 'tLocationObjectsB' [h=CEC61813,$00A073C0]: nil
  [Node$01CA4650] 'Actor_LookAtActor' [h=397C8124,$009FC040]: cfunction$002AEBC8 'Actor_LookAtActor' [h=397C8124,$009FC040]
  [Node$01CA4664] 'BouncerBribeRequested' [h=C498F125,$00A39840]: function$0099EE80 'BouncerBribeRequested' [h=C498F125,$00A39840]
    CONST$00B95900 k0  'util_PrintDebugMsg' [h=A2961C17,$00A11FC0]
    CONST$00B95908 k1  '\n[BOUNCER] BouncerBribeRequested\n' [h=ECFDBB2A,$00A38CC0]
    CONST$00B95910 k2  'Actor_EnableScriptedUse' [h=2140441B,$009FBF80]
    CONST$00B95918 k3  'FALSE' [h=0E4B730F,$009965C0]
    CONST$00B95920 k4  'Utility_ReadNumberFromScribbleMemory' [h=2BB92038,$00A00C80]
    CONST$00B95928 k5  'chapter' [h=9A11FF20,$00997D80]
    CONST$00B95930 k6  'util_GetBribeCost' [h=64F50666,$00A3EB00]
    CONST$00B95938 k7  'Utility_GetStringById' [h=F7067A6C,$009D9780]
    CONST$00B95940 k8  'interface.factionbribeq1.dialog' [h=EF5355EE,$00A38E00]
    CONST$00B95948 k9  '[n][n]' [h=5D73ACB6,$0099C2A0]
    CONST$00B95950 k10 'interface.factionbribeq2.dialog' [h=22F95C5E,$00A38E40]
    CONST$00B95958 k11 ': ' [h=00000CF0,$00993700]
    CONST$00B95960 k12 'Utility_FormatCurrency' [h=6DAB4AA4,$00A3EDC0]
    CONST$00B95968 k13 'Player_GetMoney' [h=21DC1219,$009862E0]
    CONST$00B95970 k14 'BouncerBribeAccepted' [h=1A99631D,$00A38F40]
    CONST$00B95978 k15 'BouncerBribeRejected' [h=2280D0B7,$00A38E80]
    CONST$00B95980 k16 'Utility_QuestionBox' [h=EE6D60DC,$00A08B00]
    CONST$00B95988 k17 'interface.factionbribeq.name' [h=857E42FA,$00A38F80]
    CONST$00B95990 k18 'ReenableBouncerBribe' [h=35AD8DF3,$00A38BC0]
    CONST$00B95998 k19 'DetermineBouncerFaction' [h=C4B03EBE,$00A39480]
    CONST$00B959A0 k20 'ace' [h=00032097,$009A4E60]
    CONST$00B959A8 k21 'BouncerBribeAccepted2' [h=65C93743,$00A38D00]
    CODE $00C4DC40
      000 01000005 GETGLOBAL r1 := _G[k0 ('util_PrintDebugMsg' [h=A2961C17,$00A11FC0])]
      001 02000041     LOADK r2 := k1 ('\n[BOUNCER] BouncerBribeRequested\n' [h=ECFDBB2A,$00A38CC0])
      002 01010059      CALL r1 (1 args) => 0 results
      003 01000085 GETGLOBAL r1 := _G[k2 ('Actor_EnableScriptedUse' [h=2140441B,$009FBF80])]
      004 02000000      MOVE r2 := r0
      005 030000C5 GETGLOBAL r3 := _G[k3 ('FALSE' [h=0E4B730F,$009965C0])]
      006 01018059      CALL r1 (2 args) => 0 results
      007 01000105 GETGLOBAL r1 := _G[k4 ('Utility_ReadNumberFromScribbleMemory' [h=2BB92038,$00A00C80])]
      008 02000141     LOADK r2 := k5 ('chapter' [h=9A11FF20,$00997D80])
      009 01010099      CALL r1 (1 args) => 1 results
      010 02000185 GETGLOBAL r2 := _G[k6 ('util_GetBribeCost' [h=64F50666,$00A3EB00])]
      011 03008000      MOVE r3 := r1
      012 02010099      CALL r2 (1 args) => 1 results
      013 030001C5 GETGLOBAL r3 := _G[k7 ('Utility_GetStringById' [h=F7067A6C,$009D9780])]
      014 04000201     LOADK r4 := k8 ('interface.factionbribeq1.dialog' [h=EF5355EE,$00A38E00])
      015 03010099      CALL r3 (1 args) => 1 results
      016 04000241     LOADK r4 := k9 ('[n][n]' [h=5D73ACB6,$0099C2A0])
      017 050001C5 GETGLOBAL r5 := _G[k7 ('Utility_GetStringById' [h=F7067A6C,$009D9780])]
      018 06000281     LOADK r6 := k10 ('interface.factionbribeq2.dialog' [h=22F95C5E,$00A38E40])
      019 05010099      CALL r5 (1 args) => 1 results
      020 060002C1     LOADK r6 := k11 (': ' [h=00000CF0,$00993700])
      021 07000305 GETGLOBAL r7 := _G[k12 ('Utility_FormatCurrency' [h=6DAB4AA4,$00A3EDC0])]
      022 08010000      MOVE r8 := r2
      023 07010099      CALL r7 (1 args) => 1 results
      024 030181D3    CONCAT r3 := r3 ... r7
      025 04020003   LOADNIL r4 ... r4
      026 05000345 GETGLOBAL r5 := _G[k13 ('Player_GetMoney' [h=21DC1219,$009862E0])]
      027 05008099      CALL r5 (0 args) => 1 results
      028 00010157       BLE r2 <= r5
      029 00800054       JMP +2 ; 32
      030 04000381     LOADK r4 := k14 ('BouncerBribeAccepted' [h=1A99631D,$00A38F40])
      031 00800014       JMP +1 ; 33
      032 040003C1     LOADK r4 := k15 ('BouncerBribeRejected' [h=2280D0B7,$00A38E80])
      033 06000405 GETGLOBAL r6 := _G[k16 ('Utility_QuestionBox' [h=EE6D60DC,$00A08B00])]
      034 070001C5 GETGLOBAL r7 := _G[k7 ('Utility_GetStringById' [h=F7067A6C,$009D9780])]
      035 08000441     LOADK r8 := k17 ('interface.factionbribeq.name' [h=857E42FA,$00A38F80])
      036 07010099      CALL r7 (1 args) => 1 results
      037 08018000      MOVE r8 := r3
      038 09008002  LOADBOOL r9 := True
      039 0A020000      MOVE r10 := r4
      040 0B000481     LOADK r11 := k18 ('ReenableBouncerBribe' [h=35AD8DF3,$00A38BC0])
      041 06030059      CALL r6 (5 args) => 0 results
      042 060004C5 GETGLOBAL r6 := _G[k19 ('DetermineBouncerFaction' [h=C4B03EBE,$00A39480])]
      043 07000000      MOVE r7 := r0
      044 060100D9      CALL r6 (1 args) => 2 results
      045 08030000      MOVE r8 := r6
      046 07038018      TEST not r7: r7 := r7 ; or skip
      047 00800014       JMP +1 ; 49
      048 08000501     LOADK r8 := k20 ('ace' [h=00032097,$009A4E60])
      049 09000022   CLOSURE r9 := closure(0, r9...)
      050 09000387 SETGLOBAL r9 ->> _G[k14 ('BouncerBribeAccepted' [h=1A99631D,$00A38F40])]
      051 09000062   CLOSURE r9 := closure(1, r9...)
      052 00030000      MOVE r0 := r6
      053 00010000      MOVE r0 := r2
      054 09000547 SETGLOBAL r9 ->> _G[k21 ('BouncerBribeAccepted2' [h=65C93743,$00A38D00])]
      055 090000A2   CLOSURE r9 := closure(2, r9...)
      056 090003C7 SETGLOBAL r9 ->> _G[k15 ('BouncerBribeRejected' [h=2280D0B7,$00A38E80])]
      057 090000E2   CLOSURE r9 := closure(3, r9...)
      058 00000000      MOVE r0 := r0
      059 00040000      MOVE r0 := r8
      060 09000487 SETGLOBAL r9 ->> _G[k18 ('ReenableBouncerBribe' [h=35AD8DF3,$00A38BC0])]
      061 0000801B    RETURN r0 ... r-1
  [Node$01CA468C] 'Desktop_BeginVerify' [h=B6292127,$009DEA80]: cfunction$002C82B8 'Desktop_BeginVerify' [h=B6292127,$009DEA80]
  [Node$01CA46A0] 'SW_challenge_Homerun01_End' [h=EEEE9128,$00A09A40]: function$0097D080 'SW_challenge_Homerun01_End' [h=EEEE9128,$00A09A40]
    CONST$00963300 k0  'challenge_Recycler_End' [h=F30AB795,$009E4CC0]
    CONST$00963308 k1  'tSW_Challenge_Homerun01' [h=9316C000,$00A00000]
    CODE $00963320
      000 00000005 GETGLOBAL r0 := _G[k0 ('challenge_Recycler_End' [h=F30AB795,$009E4CC0])]
      001 01000045 GETGLOBAL r1 := _G[k1 ('tSW_Challenge_Homerun01' [h=9316C000,$00A00000])]
      002 00010059      CALL r0 (1 args) => 0 results
      003 0000801B    RETURN r0 ... r-1
  [Node$01CA46F0] 'SW_Challenge_Homerun01_Level' [h=AAD2612C,$00A07B40]: function$009A1FE0 'SW_Challenge_Homerun01_Level' [h=AAD2612C,$00A07B40]
    CONST$009D4C00 k0  'Utility_ReadNumberFromScribbleMemory' [h=2BB92038,$00A00C80]
    CONST$009D4C08 k1  'SW_challenge_Homerun01_Level' [h=B58C42AA,$00A3FD80]
    CONST$009D4C10 k2  nil
    CONST$009D4C18 k3  1.0
    CONST$009D4C20 k4  'Utility_WriteNumberToScribbleMemory' [h=DCF55147,$009DC740]
    CODE $009CB580
      000 00000005 GETGLOBAL r0 := _G[k0 ('Utility_ReadNumberFromScribbleMemory' [h=2BB92038,$00A00C80])]
      001 01000041     LOADK r1 := k1 ('SW_challenge_Homerun01_Level' [h=B58C42AA,$00A3FD80])
      002 00010099      CALL r0 (1 args) => 1 results
      003 00003F15       BEQ r0 == k2 (nil)
      004 00800114       JMP +5 ; 10
      005 000000C1     LOADK r0 := k3 (1.0)
      006 01000105 GETGLOBAL r1 := _G[k4 ('Utility_WriteNumberToScribbleMemory' [h=DCF55147,$009DC740])]
      007 02000041     LOADK r2 := k1 ('SW_challenge_Homerun01_Level' [h=B58C42AA,$00A3FD80])
      008 03000000      MOVE r3 := r0
      009 01018059      CALL r1 (2 args) => 0 results
      010 0001001B    RETURN r0 ... r0
      011 0000801B    RETURN r0 ... r-1
  [Node$01CA4704] 'SW_Challenge_Race_HQs2HQm_01_Reinit' [h=5B8A092D,$009F6140]: function$0099BD80 'SW_Challenge_Race_HQs2HQm_01_Reinit' [h=5B8A092D,$009F6140]
    CONST$00958510 k0  'challenge_Recycler_Reinit' [h=1C420A72,$00A02840]
    CONST$00958518 k1  'tSW_Challenge_Race_HQs2HQm_01' [h=34E6356F,$009D6780]
    CODE $009584C0
      000 00000005 GETGLOBAL r0 := _G[k0 ('challenge_Recycler_Reinit' [h=1C420A72,$00A02840])]
      001 01000045 GETGLOBAL r1 := _G[k1 ('tSW_Challenge_Race_HQs2HQm_01' [h=34E6356F,$009D6780])]
      002 00010059      CALL r0 (1 args) => 0 results
      003 0000801B    RETURN r0 ... r-1
  [Node$01CA4718] 'SW_challenge_destroy_hae_01_OnStarterBroken' [h=B48B992E,$009D7EC0]: function$00989CA0 'SW_challenge_destroy_hae_01_OnStarterBroken' [h=B48B992E,$009D7EC0]
    CONST$00957DC0 k0  'challenge_Recycler_OnStarterBroken' [h=8855A662,$00A07100]
    CONST$00957DC8 k1  'tSW_challenge_destroy_hae_01' [h=0B435F90,$009D7AC0]
    CODE $00957DB0
      000 00000005 GETGLOBAL r0 := _G[k0 ('challenge_Recycler_OnStarterBroken' [h=8855A662,$00A07100])]
      001 01000045 GETGLOBAL r1 := _G[k1 ('tSW_challenge_destroy_hae_01' [h=0B435F90,$009D7AC0])]
      002 00010059      CALL r0 (1 args) => 0 results
      003 0000801B    RETURN r0 ... r-1
  [Node$01CA47CC] 'Actor_EnableCinematicControl' [h=754A6937,$009DCD40]: cfunction$002AD1B0 'Actor_EnableCinematicControl' [h=754A6937,$009DCD40]
  [Node$01CA47E0] 'loadstring' [h=D5C88138,$009910E0]: cfunction$003B8960 'loadstring' [h=D5C88138,$009910E0]
  [Node$01CA4830] 'loc_ff3045_v_n' [h=F4BE093C,$0099CBA0]: table$0098DEA0[a=2,h=1]
    [0:$009614B0] 'ff3045_v3' [h=875B6E42,$00994160]
    [1:$009614B8] 'ff3045_v4' [h=2297D866,$009A9660]
  [Node$01CA4858] 'SW_challenge_Deliver01_Start' [h=4E28F93E,$00A0DC80]: function$00996CE0 'SW_challenge_Deliver01_Start' [h=4E28F93E,$00A0DC80]
    CONST$00957D70 k0  'challenge_Recycler_Start' [h=26A0F7E1,$00A04240]
    CONST$00957D78 k1  'tSW_Challenge_Deliver01' [h=83DCCEC7,$00A40D40]
    CODE $00957D30
      000 00000005 GETGLOBAL r0 := _G[k0 ('challenge_Recycler_Start' [h=26A0F7E1,$00A04240])]
      001 01000045 GETGLOBAL r1 := _G[k1 ('tSW_Challenge_Deliver01' [h=83DCCEC7,$00A40D40])]
      002 00010059      CALL r0 (1 args) => 0 results
      003 0000801B    RETURN r0 ... r-1
  [Node$01CA486C] 'EnableBouncer' [h=6B46993F,$0098EAA0]: function$0097F3E0 'EnableBouncer' [h=6B46993F,$0098EAA0]
    CONST$00C3DC40 k0  'ShouldBouncerBeEnabled' [h=2CBCB9BC,$00A39A00]
    CONST$00C3DC48 k1  'bouncers' [h=5D6099E4,$00981180]
    CONST$00C3DC50 k2  'useCaptionStrID' [h=7BC39AAF,$0099B600]
    CONST$00C3DC58 k3  'BouncerUsed' [h=EB9F32D0,$009986E0]
    CONST$00C3DC60 k4  'on' [h=000016B6,$00995C60]
    CONST$00C3DC68 k5  'TRUE' [h=0067B195,$0098F4C0]
    CONST$00C3DC70 k6  'bribeCaptionStrID' [h=EADF2C91,$00A39D00]
    CONST$00C3DC78 k7  'BouncerBribeRequested' [h=C498F125,$00A39840]
    CONST$00C3DC80 k8  'Actor_EnableScriptedUse' [h=2140441B,$009FBF80]
    CONST$00C3DC88 k9  'actorName' [h=4EB2E2FD,$00997FC0]
    CONST$00C3DC90 k10 'usedHandle' [h=4DCA79EE,$009A2F20]
    CONST$00C3DC98 k11 'Event_ActorUsed' [h=760DA02B,$009862C0]
    CONST$00C3DCA0 k12 'b' [h=00000083,$009960C0]
    CONST$00C3DCA8 k13 'ace' [h=00032097,$009A4E60]
    CONST$00C3DCB0 k14 'proximityEventHandle' [h=789827D9,$00A39980]
    CONST$00C3DCB8 k15 'Event_ActorToActorProximity' [h=33FEE622,$009DED80]
    CONST$00C3DCC0 k16 'InitBouncerMoodReaction' [h=F293DF3E,$00A39880]
    CONST$00C3DCC8 k17 'player0' [h=316752BF,$009A6AC0]
    CONST$00C3DCD0 k18 15.0
    CONST$00C3DCD8 k19 'FALSE' [h=0E4B730F,$009965C0]
    CONST$00C3DCE0 k20 'Event_CancelEvent' [h=D8960070,$00A08280]
    CONST$00C3DCE8 k21 'relativeTimerEventHandle' [h=79E69B9C,$00A39800]
    CONST$00C3DCF0 k22 'util_PrintDebugMsg' [h=A2961C17,$00A11FC0]
    CONST$00C3DCF8 k23 '[BOUNCER] EnableBouncer: ' [h=1CC9B746,$00A395C0]
    CONST$00C3DD00 k24 'enabling' [h=784B6D8F,$0099D480]
    CONST$00C3DD08 k25 'disabling' [h=82539992,$009A2F60]
    CONST$00C3DD10 k26 ' ' [h=00000041,$009C76C0]
    CONST$00C3DD18 k27 ' bouncer\n' [h=FAB8F535,$009859A0]
    CODE $00CF3FC0
      000 00000018      TEST not r0: r0 := r0 ; or skip
      001 00800CD4       JMP +52 ; 54
      002 02018003   LOADNIL r2 ... r3
      003 04000005 GETGLOBAL r4 := _G[k0 ('ShouldBouncerBeEnabled' [h=2CBCB9BC,$00A39A00])]
      004 05008000      MOVE r5 := r1
      005 04010099      CALL r4 (1 args) => 1 results
      006 04020018      TEST not r4: r4 := r4 ; or skip
      007 00800214       JMP +9 ; 17
      008 04000045 GETGLOBAL r4 := _G[k1 ('bouncers' [h=5D6099E4,$00981180])]
      009 04020046  GETTABLE r4 := r4[r1]
      010 02023F06  GETTABLE r2 := r4[k2 ('useCaptionStrID' [h=7BC39AAF,$0099B600])]
      011 030000C1     LOADK r3 := k3 ('BouncerUsed' [h=EB9F32D0,$009986E0])
      012 04000045 GETGLOBAL r4 := _G[k1 ('bouncers' [h=5D6099E4,$00981180])]
      013 04020046  GETTABLE r4 := r4[r1]
      014 05000145 GETGLOBAL r5 := _G[k5 ('TRUE' [h=0067B195,$0098F4C0])]
      015 047F0149  SETTABLE r5 ->> r4[k4 ('on' [h=000016B6,$00995C60])]
      016 008000D4       JMP +4 ; 21
      017 04000045 GETGLOBAL r4 := _G[k1 ('bouncers' [h=5D6099E4,$00981180])]
      018 04020046  GETTABLE r4 := r4[r1]
      019 02024006  GETTABLE r2 := r4[k6 ('bribeCaptionStrID' [h=EADF2C91,$00A39D00])]
      020 030001C1     LOADK r3 := k7 ('BouncerBribeRequested' [h=C498F125,$00A39840])
      021 04000205 GETGLOBAL r4 := _G[k8 ('Actor_EnableScriptedUse' [h=2140441B,$009FBF80])]
      022 05000045 GETGLOBAL r5 := _G[k1 ('bouncers' [h=5D6099E4,$00981180])]
      023 05028046  GETTABLE r5 := r5[r1]
      024 0502C0C6  GETTABLE r5 := r5[k9 ('actorName' [h=4EB2E2FD,$00997FC0])]
      025 06000145 GETGLOBAL r6 := _G[k5 ('TRUE' [h=0067B195,$0098F4C0])]
      026 07010000      MOVE r7 := r2
      027 04020059      CALL r4 (3 args) => 0 results
      028 04000045 GETGLOBAL r4 := _G[k1 ('bouncers' [h=5D6099E4,$00981180])]
      029 04020046  GETTABLE r4 := r4[r1]
      030 050002C5 GETGLOBAL r5 := _G[k11 ('Event_ActorUsed' [h=760DA02B,$009862C0])]
      031 06018000      MOVE r6 := r3
      032 07000301     LOADK r7 := k12 ('b' [h=00000083,$009960C0])
      033 08000045 GETGLOBAL r8 := _G[k1 ('bouncers' [h=5D6099E4,$00981180])]
      034 08040046  GETTABLE r8 := r8[r1]
      035 080440C6  GETTABLE r8 := r8[k9 ('actorName' [h=4EB2E2FD,$00997FC0])]
      036 05020099      CALL r5 (3 args) => 1 results
      037 04820149  SETTABLE r5 ->> r4[k10 ('usedHandle' [h=4DCA79EE,$009A2F20])]
      038 0100C1D5       BNE r1 != k13 ('ace' [h=00032097,$009A4E60])
      039 00800C54       JMP +50 ; 90
      040 04000045 GETGLOBAL r4 := _G[k1 ('bouncers' [h=5D6099E4,$00981180])]
      041 04020046  GETTABLE r4 := r4[r1]
      042 050003C5 GETGLOBAL r5 := _G[k15 ('Event_ActorToActorProximity' [h=33FEE622,$009DED80])]
      043 06000401     LOADK r6 := k16 ('InitBouncerMoodReaction' [h=F293DF3E,$00A39880])
      044 07000301     LOADK r7 := k12 ('b' [h=00000083,$009960C0])
      045 08000441     LOADK r8 := k17 ('player0' [h=316752BF,$009A6AC0])
      046 09000045 GETGLOBAL r9 := _G[k1 ('bouncers' [h=5D6099E4,$00981180])]
      047 09048046  GETTABLE r9 := r9[r1]
      048 0904C0C6  GETTABLE r9 := r9[k9 ('actorName' [h=4EB2E2FD,$00997FC0])]
      049 0A000481     LOADK r10 := k18 (15.0)
      050 0B000145 GETGLOBAL r11 := _G[k5 ('TRUE' [h=0067B195,$0098F4C0])]
      051 05038099      CALL r5 (6 args) => 1 results
      052 04840149  SETTABLE r5 ->> r4[k14 ('proximityEventHandle' [h=789827D9,$00A39980])]
      053 008008D4       JMP +36 ; 90
      054 02000205 GETGLOBAL r2 := _G[k8 ('Actor_EnableScriptedUse' [h=2140441B,$009FBF80])]
      055 03000045 GETGLOBAL r3 := _G[k1 ('bouncers' [h=5D6099E4,$00981180])]
      056 03018046  GETTABLE r3 := r3[r1]
      057 0301C0C6  GETTABLE r3 := r3[k9 ('actorName' [h=4EB2E2FD,$00997FC0])]
      058 040004C5 GETGLOBAL r4 := _G[k19 ('FALSE' [h=0E4B730F,$009965C0])]
      059 02018059      CALL r2 (2 args) => 0 results
      060 02000045 GETGLOBAL r2 := _G[k1 ('bouncers' [h=5D6099E4,$00981180])]
      061 02010046  GETTABLE r2 := r2[r1]
      062 03000505 GETGLOBAL r3 := _G[k20 ('Event_CancelEvent' [h=D8960070,$00A08280])]
      063 04000045 GETGLOBAL r4 := _G[k1 ('bouncers' [h=5D6099E4,$00981180])]
      064 04020046  GETTABLE r4 := r4[r1]
      065 04024106  GETTABLE r4 := r4[k10 ('usedHandle' [h=4DCA79EE,$009A2F20])]
      066 03010099      CALL r3 (1 args) => 1 results
      067 028200C9  SETTABLE r3 ->> r2[k10 ('usedHandle' [h=4DCA79EE,$009A2F20])]
      068 0100C1D5       BNE r1 != k13 ('ace' [h=00032097,$009A4E60])
      069 008001D4       JMP +8 ; 78
      070 02000045 GETGLOBAL r2 := _G[k1 ('bouncers' [h=5D6099E4,$00981180])]
      071 02010046  GETTABLE r2 := r2[r1]
      072 03000505 GETGLOBAL r3 := _G[k20 ('Event_CancelEvent' [h=D8960070,$00A08280])]
      073 04000045 GETGLOBAL r4 := _G[k1 ('bouncers' [h=5D6099E4,$00981180])]
      074 04020046  GETTABLE r4 := r4[r1]
      075 04024206  GETTABLE r4 := r4[k14 ('proximityEventHandle' [h=789827D9,$00A39980])]
      076 03010099      CALL r3 (1 args) => 1 results
      077 028400C9  SETTABLE r3 ->> r2[k14 ('proximityEventHandle' [h=789827D9,$00A39980])]
      078 02000045 GETGLOBAL r2 := _G[k1 ('bouncers' [h=5D6099E4,$00981180])]
      079 02010046  GETTABLE r2 := r2[r1]
      080 03000505 GETGLOBAL r3 := _G[k20 ('Event_CancelEvent' [h=D8960070,$00A08280])]
      081 04000045 GETGLOBAL r4 := _G[k1 ('bouncers' [h=5D6099E4,$00981180])]
      082 04020046  GETTABLE r4 := r4[r1]
      083 040243C6  GETTABLE r4 := r4[k21 ('relativeTimerEventHandle' [h=79E69B9C,$00A39800])]
      084 03010099      CALL r3 (1 args) => 1 results
      085 028780C9  SETTABLE r3 ->> r2[k21 ('relativeTimerEventHandle' [h=79E69B9C,$00A39800])]
      086 02000045 GETGLOBAL r2 := _G[k1 ('bouncers' [h=5D6099E4,$00981180])]
      087 02010046  GETTABLE r2 := r2[r1]
      088 030004C5 GETGLOBAL r3 := _G[k19 ('FALSE' [h=0E4B730F,$009965C0])]
      089 027F00C9  SETTABLE r3 ->> r2[k4 ('on' [h=000016B6,$00995C60])]
      090 02000585 GETGLOBAL r2 := _G[k22 ('util_PrintDebugMsg' [h=A2961C17,$00A11FC0])]
      091 030005C1     LOADK r3 := k23 ('[BOUNCER] EnableBouncer: ' [h=1CC9B746,$00A395C0])
      092 02010059      CALL r2 (1 args) => 0 results
      093 00000018      TEST not r0: r0 := r0 ; or skip
      094 008000D4       JMP +4 ; 99
      095 02000585 GETGLOBAL r2 := _G[k22 ('util_PrintDebugMsg' [h=A2961C17,$00A11FC0])]
      096 03000601     LOADK r3 := k24 ('enabling' [h=784B6D8F,$0099D480])
      097 02010059      CALL r2 (1 args) => 0 results
      098 00800094       JMP +3 ; 102
      099 02000585 GETGLOBAL r2 := _G[k22 ('util_PrintDebugMsg' [h=A2961C17,$00A11FC0])]
      100 03000641     LOADK r3 := k25 ('disabling' [h=82539992,$009A2F60])
      101 02010059      CALL r2 (1 args) => 0 results
      102 02000585 GETGLOBAL r2 := _G[k22 ('util_PrintDebugMsg' [h=A2961C17,$00A11FC0])]
      103 03000681     LOADK r3 := k26 (' ' [h=00000041,$009C76C0])
      104 04008000      MOVE r4 := r1
      105 050006C1     LOADK r5 := k27 (' bouncer\n' [h=FAB8F535,$009859A0])
      106 03018153    CONCAT r3 := r3 ... r5
      107 02010059      CALL r2 (1 args) => 0 results
      108 02008002  LOADBOOL r2 := True
      109 0201001B    RETURN r2 ... r2
      110 0000801B    RETURN r0 ... r-1
  [Node$01CA4880] 'SW_Challenge_homerun_prp2dmz_01_GoalDistanceString' [h=A8566140,$00AB4FC0]: function$0097B140 'SW_Challenge_homerun_prp2dmz_01_GoalDistanceString' [h=A8566140,$00AB4FC0]
    CONST$009CE3C0 k0  'SW_Challenge_homerun_prp2dmz_01_Level' [h=5DA77ED8,$009DD940]
    CONST$009CE3C8 k1  5.0
    CONST$009CE3D0 k2  'SW_Challenge_homerun_prp2dmz_01_GoalDistance' [h=07A23478,$009D1A00]
    CONST$009CE3D8 k3  ' ' [h=00000041,$009C76C0]
    CONST$009CE3E0 k4  'Utility_GetStringById' [h=F7067A6C,$009D9780]
    CONST$009CE3E8 k5  'interface.units.metersabbreviated' [h=5EB2DC2B,$009CF6C0]
    CONST$009CE3F0 k6  'Utility_StringFormat' [h=886808AD,$009DDC00]
    CONST$009CE3F8 k7  '%.2f' [h=00716210,$0098F9C0]
    CODE $00AB4CC0
      000 00000005 GETGLOBAL r0 := _G[k0 ('SW_Challenge_homerun_prp2dmz_01_Level' [h=5DA77ED8,$009DD940])]
      001 00008099      CALL r0 (0 args) => 1 results
      002 00003ED6       BLT r0 < k1 (5.0)
      003 00800214       JMP +9 ; 13
      004 01000085 GETGLOBAL r1 := _G[k2 ('SW_Challenge_homerun_prp2dmz_01_GoalDistance' [h=07A23478,$009D1A00])]
      005 01008099      CALL r1 (0 args) => 1 results
      006 020000C1     LOADK r2 := k3 (' ' [h=00000041,$009C76C0])
      007 03000105 GETGLOBAL r3 := _G[k4 ('Utility_GetStringById' [h=F7067A6C,$009D9780])]
      008 04000141     LOADK r4 := k5 ('interface.units.metersabbreviated' [h=5EB2DC2B,$009CF6C0])
      009 03010099      CALL r3 (1 args) => 1 results
      010 010080D3    CONCAT r1 := r1 ... r3
      011 0101001B    RETURN r1 ... r1
      012 008002D4       JMP +12 ; 25
      013 01000185 GETGLOBAL r1 := _G[k6 ('Utility_StringFormat' [h=886808AD,$009DDC00])]
      014 020001C1     LOADK r2 := k7 ('%.2f' [h=00716210,$0098F9C0])
      015 03000085 GETGLOBAL r3 := _G[k2 ('SW_Challenge_homerun_prp2dmz_01_GoalDistance' [h=07A23478,$009D1A00])]
      016 03008019      CALL r3 (0 args) => -1 results
      017 01000099      CALL r1 (-1 args) => 1 results
      018 02008000      MOVE r2 := r1
      019 030000C1     LOADK r3 := k3 (' ' [h=00000041,$009C76C0])
      020 04000105 GETGLOBAL r4 := _G[k4 ('Utility_GetStringById' [h=F7067A6C,$009D9780])]
      021 05000141     LOADK r5 := k5 ('interface.units.metersabbreviated' [h=5EB2DC2B,$009CF6C0])
      022 04010099      CALL r4 (1 args) => 1 results
      023 02010113    CONCAT r2 := r2 ... r4
      024 0201001B    RETURN r2 ... r2
      025 0000801B    RETURN r0 ... r-1
  [Node$01CA48D0] 'challenge_Recycler_Hide' [h=C6CFE144,$00A40380]: function$0097F000 'challenge_Recycler_Hide' [h=C6CFE144,$00A40380]
    CONST$0095EF50 k0  'challenge_Recycler_Unsetup' [h=BA0ADE8E,$009E1D00]
    CONST$0095EF58 k1  'challenge_Recycler_DetectStarterSpend' [h=B66D8BF5,$009FBB00]
    CODE $009C7900
      000 01000005 GETGLOBAL r1 := _G[k0 ('challenge_Recycler_Unsetup' [h=BA0ADE8E,$009E1D00])]
      001 02000000      MOVE r2 := r0
      002 01010059      CALL r1 (1 args) => 0 results
      003 01000045 GETGLOBAL r1 := _G[k1 ('challenge_Recycler_DetectStarterSpend' [h=B66D8BF5,$009FBB00])]
      004 02000000      MOVE r2 := r0
      005 01010059      CALL r1 (1 args) => 0 results
      006 0000801B    RETURN r0 ... r-1
  [Node$01CA48E4] 'util_GetFirstMissionsForChapter' [h=D8DA7945,$00A25180]: function$009AAB00 'util_GetFirstMissionsForChapter' [h=D8DA7945,$00A25180]
    CONST$00A3B080 k0  1.0
    CONST$00A3B088 k1  3.0
    CONST$00A3B090 k2  2.0
    CONST$00A3B098 k3  4.0
    CONST$00A3B0A0 k4  'allies' [h=B57F1C27,$009A61A0]
    CONST$00A3B0A8 k5  'china' [h=1129D14E,$009A6060]
    CONST$00A3B0B0 k6  'mafia' [h=11226556,$009A6140]
    CONST$00A3B0B8 k7  'sk' [h=00001514,$009A6180]
    CODE $00B2C340
      000 01020003   LOADNIL r1 ... r4
      001 01003E95       BNE r0 != k0 (1.0)
      002 00800054       JMP +2 ; 5
      003 00003ED5       BEQ r0 == k1 (3.0)
      004 00800294       JMP +11 ; 16
      005 00003E95       BEQ r0 == k0 (1.0)
      006 00800054       JMP +2 ; 9
      007 01000081     LOADK r1 := k2 (2.0)
      008 00800094       JMP +3 ; 12
      009 00003ED5       BEQ r0 == k1 (3.0)
      010 00800014       JMP +1 ; 12
      011 01000001     LOADK r1 := k0 (1.0)
      012 02000001     LOADK r2 := k0 (1.0)
      013 03000001     LOADK r3 := k0 (1.0)
      014 04000001     LOADK r4 := k0 (1.0)
      015 008001D4       JMP +8 ; 24
      016 01003F15       BNE r0 != k2 (2.0)
      017 00800054       JMP +2 ; 20
      018 00003F55       BEQ r0 == k3 (4.0)
      019 008000D4       JMP +4 ; 24
      020 010000C1     LOADK r1 := k3 (4.0)
      021 020000C1     LOADK r2 := k3 (4.0)
      022 030000C1     LOADK r3 := k3 (4.0)
      023 040000C1     LOADK r4 := k3 (4.0)
      024 050000CA  NEWTABLE r5 := {} (#a=0, #h=3)
      025 057F0049  SETTABLE r1 ->> r5[k4 ('allies' [h=B57F1C27,$009A61A0])]
      026 057F8089  SETTABLE r2 ->> r5[k5 ('china' [h=1129D14E,$009A6060])]
      027 058000C9  SETTABLE r3 ->> r5[k6 ('mafia' [h=11226556,$009A6140])]
      028 05808109  SETTABLE r4 ->> r5[k7 ('sk' [h=00001514,$009A6180])]
      029 0501001B    RETURN r5 ... r5
      030 0000801B    RETURN r0 ... r-1
  [Node$01CA48F8] 'Camera_ScriptDriveActor' [h=44FDD946,$009FDE80]: cfunction$002A6F68 'Camera_ScriptDriveActor' [h=44FDD946,$009FDE80]
  [Node$01CA490C] 'Utility_WriteNumberToScribbleMemory' [h=DCF55147,$009DC740]: cfunction$002C5C30 'Utility_WriteNumberToScribbleMemory' [h=DCF55147,$009DC740]
  [Node$01CA4934] 'Traffic_SaveZone' [h=74F23149,$009FDDC0]: cfunction$002A2978 'Traffic_SaveZone' [h=74F23149,$009FDDC0]
  [Node$01CA495C] 'table' [h=10F2114B,$00979B40]: table$0097A720[a=0,h=16]
    [Node$00C78B68] 'setn' [h=0083B032,$0098E960]: cfunction$003B9750
    [Node$00C78B7C] 'insert' [h=92EA3D93,$0099E280]: cfunction$003B97A0
    [Node$00C78BB8] 'getn' [h=0083B006,$00978AA0]: cfunction$003B9700
    [Node$00C78BCC] 'foreachi' [h=7388AEE7,$00990560]: cfunction$003B9568
    [Node$00C78BF4] 'foreach' [h=F02A92A9,$0098C0E0]: cfunction$003B9648
    [Node$00C78C08] 'sort' [h=0078E0EA,$0098EEC0]: cfunction$003B9AD0
    [Node$00C78C58] 'remove' [h=4893DA49,$009C7B40]: cfunction$003B98A0
    [Node$00C78C6C] 'concat' [h=854BEC1A,$00990460]: cfunction$003B9998
  [Node$01CA49C0] 'Cinematic_DeinitSequence' [h=9FAD4150,$00A3FC40]: cfunction$002F7E70 'Cinematic_DeinitSequence' [h=9FAD4150,$00A3FC40]
  [Node$01CA49FC] 'loc_ff0834_s' [h=2F6CA953,$00984780]: table$009A31A0[a=8,h=1]
    [0:$00A2C2C0] 'ff0834_9' [h=B22D3C2A,$0098E6A0]
    [1:$00A2C2C8] 'ff0834_10' [h=E62A6717,$009C5500]
    [2:$00A2C2D0] 'ff0834_11' [h=8A5AA2C4,$009AB7E0]
    [3:$00A2C2D8] 'ff0834_12' [h=CCB03AEB,$009A53E0]
    [4:$00A2C2E0] 'ff0834_13' [h=3BE74065,$0097D420]
    [5:$00A2C2E8] 'ff0834_14' [h=117185F9,$00997720]
    [6:$00A2C2F0] 'ff0834_15' [h=7A8A22E5,$00990D40]
    [7:$00A2C2F8] 'ff0834_16' [h=81967BBA,$00994020]
  [Node$01CA4A10] 'SW_Challenge_Race_HQm2HQa_01_Show' [h=2D8BE154,$009D5A40]: function$009C5DE0 'SW_Challenge_Race_HQm2HQa_01_Show' [h=2D8BE154,$009D5A40]
    CONST$009628E0 k0  'challenge_Recycler_Show' [h=BA823C25,$009FC3C0]
    CONST$009628E8 k1  'tSW_Challenge_Race_HQm2HQa_01' [h=AC4038AB,$009CCC00]
    CODE $009628D0
      000 00000005 GETGLOBAL r0 := _G[k0 ('challenge_Recycler_Show' [h=BA823C25,$009FC3C0])]
      001 01000045 GETGLOBAL r1 := _G[k1 ('tSW_Challenge_Race_HQm2HQa_01' [h=AC4038AB,$009CCC00])]
      002 00010059      CALL r0 (1 args) => 0 results
      003 0000801B    RETURN r0 ... r-1
  [Node$01CA4A24] 'skFlyby' [h=CF021155,$0097E920]: function$009A13A0 'skFlyby' [h=CF021155,$0097E920]
    CONST$009607A0 k0  'doFlyby' [h=CF0211EB,$0097F3A0]
    CONST$009607A8 k1  'sk' [h=00001514,$009A6180]
    CODE $00960790
      000 00000005 GETGLOBAL r0 := _G[k0 ('doFlyby' [h=CF0211EB,$0097F3A0])]
      001 01000041     LOADK r1 := k1 ('sk' [h=00001514,$009A6180])
      002 00010059      CALL r0 (1 args) => 0 results
      003 0000801B    RETURN r0 ... r-1
  [Node$01CA4A4C] 'ipairs' [h=B6F4A157,$00990680]: cfunction$003B8868 'ipairs' [h=B6F4A157,$00990680]
  [Node$01CA4A60] 'Traffic_SetPathEnabled' [h=63FBA958,$00A3EA40]: cfunction$002A1518 'Traffic_SetPathEnabled' [h=63FBA958,$00A3EA40]
  [Node$01CA4A88] 'Tooltip_AddTip' [h=95B7D95A,$009872E0]: function$009F6E40[4] 'Tooltip_AddTip' [h=95B7D95A,$009872E0]
    CONST$00BFF980 k0  'Debug_Printf' [h=445430CF,$0098B6A0]
    CONST$00BFF988 k1  '[TOOLTIP] Tooltip_AddTip: ' [h=BBFAC8D6,$00A0FE40]
    CONST$00BFF990 k2  1.0
    CONST$00BFF998 k3  ' id=' [h=005FDAA1,$009AB2A0]
    CONST$00BFF9A0 k4  'tostring' [h=787EB105,$00990700]
    CONST$00BFF9A8 k5  'aInterestActor' [h=64B1E1B4,$009A4CE0]
    CONST$00BFF9B0 k6  'sTitleKey' [h=F0A0390A,$009C7A40]
    CONST$00BFF9B8 k7  'tBodyKey' [h=3C4986AE,$009860E0]
    CONST$00BFF9C0 k8  ' actor=' [h=CFB4BDED,$009C4760]
    CONST$00BFF9C8 k9  ' title=' [h=AAF85441,$009888C0]
    CONST$00BFF9D0 k10 ' body=' [h=F52A9C89,$00993A20]
    CONST$00BFF9D8 k11 ' Playing now.' [h=E2A191A3,$00987840]
    CONST$00BFF9E0 k12 'Event_RelativeTimer' [h=AD23F6E2,$00A3EA80]
    CONST$00BFF9E8 k13 'Tooltip_ZoomCamera' [h=1122FABD,$00A337C0]
    CONST$00BFF9F0 k14 'b' [h=00000083,$009960C0]
    CONST$00BFF9F8 k15 0.0
    CONST$00BFFA00 k16 ' Playing later.' [h=EA03CB35,$00996300]
    CONST$00BFFA08 k17 ' DONE.' [h=D70A8DCC,$0099D940]
    CODE $00CA1040
      000 01000005 GETGLOBAL r1 := _G[k0 ('Debug_Printf' [h=445430CF,$0098B6A0])]
      001 02000041     LOADK r2 := k1 ('[TOOLTIP] Tooltip_AddTip: ' [h=BBFAC8D6,$00A0FE40])
      002 01010059      CALL r1 (1 args) => 0 results
      003 01000004  GETUPVAL r1 := u0
      004 0100BF0C       ADD r1 := r1 + k2 (1.0)
      005 01000008  SETUPVAL r1 ->> UV[0]
      006 01000005 GETGLOBAL r1 := _G[k0 ('Debug_Printf' [h=445430CF,$0098B6A0])]
      007 020000C1     LOADK r2 := k3 (' id=' [h=005FDAA1,$009AB2A0])
      008 03000105 GETGLOBAL r3 := _G[k4 ('tostring' [h=787EB105,$00990700])]
      009 04000004  GETUPVAL r4 := u0
      010 03010099      CALL r3 (1 args) => 1 results
      011 020100D3    CONCAT r2 := r2 ... r3
      012 01010059      CALL r1 (1 args) => 0 results
      013 01008004  GETUPVAL r1 := u1
      014 02000004  GETUPVAL r2 := u0
      015 0300000A  NEWTABLE r3 := {} (#a=0, #h=0)
      016 010100C9  SETTABLE r3 ->> r1[r2]
      017 01008004  GETUPVAL r1 := u1
      018 02000004  GETUPVAL r2 := u0
      019 01008086  GETTABLE r1 := r1[r2]
      020 02003FC6  GETTABLE r2 := r0[k5 ('aInterestActor' [h=64B1E1B4,$009A4CE0])]
      021 017F8089  SETTABLE r2 ->> r1[k5 ('aInterestActor' [h=64B1E1B4,$009A4CE0])]
      022 01008004  GETUPVAL r1 := u1
      023 02000004  GETUPVAL r2 := u0
      024 01008086  GETTABLE r1 := r1[r2]
      025 02004006  GETTABLE r2 := r0[k6 ('sTitleKey' [h=F0A0390A,$009C7A40])]
      026 01800089  SETTABLE r2 ->> r1[k6 ('sTitleKey' [h=F0A0390A,$009C7A40])]
      027 01008004  GETUPVAL r1 := u1
      028 02000004  GETUPVAL r2 := u0
      029 01008086  GETTABLE r1 := r1[r2]
      030 02004046  GETTABLE r2 := r0[k7 ('tBodyKey' [h=3C4986AE,$009860E0])]
      031 01808089  SETTABLE r2 ->> r1[k7 ('tBodyKey' [h=3C4986AE,$009860E0])]
      032 01000005 GETGLOBAL r1 := _G[k0 ('Debug_Printf' [h=445430CF,$0098B6A0])]
      033 02000201     LOADK r2 := k8 (' actor=' [h=CFB4BDED,$009C4760])
      034 03000105 GETGLOBAL r3 := _G[k4 ('tostring' [h=787EB105,$00990700])]
      035 04003FC6  GETTABLE r4 := r0[k5 ('aInterestActor' [h=64B1E1B4,$009A4CE0])]
      036 03010099      CALL r3 (1 args) => 1 results
      037 04000241     LOADK r4 := k9 (' title=' [h=AAF85441,$009888C0])
      038 05000105 GETGLOBAL r5 := _G[k4 ('tostring' [h=787EB105,$00990700])]
      039 06004006  GETTABLE r6 := r0[k6 ('sTitleKey' [h=F0A0390A,$009C7A40])]
      040 05010099      CALL r5 (1 args) => 1 results
      041 02010153    CONCAT r2 := r2 ... r5
      042 01010059      CALL r1 (1 args) => 0 results
      043 01004046  GETTABLE r1 := r0[k7 ('tBodyKey' [h=3C4986AE,$009860E0])]
      044 02020003   LOADNIL r2 ... r4
      045 0180019E  TFORPREP WIP
      046 05000005 GETGLOBAL r5 := _G[k0 ('Debug_Printf' [h=445430CF,$0098B6A0])]
      047 06000281     LOADK r6 := k10 (' body=' [h=F52A9C89,$00993A20])
      048 07000105 GETGLOBAL r7 := _G[k4 ('tostring' [h=787EB105,$00990700])]
      049 08020000      MOVE r8 := r4
      050 07010099      CALL r7 (1 args) => 1 results
      051 060301D3    CONCAT r6 := r6 ... r7
      052 05010059      CALL r5 (1 args) => 0 results
      053 0100005D  TFORLOOP WIP
      054 007FFD94       JMP -9 ; 46
      055 01010004  GETUPVAL r1 := u2
      056 01008058      TEST r1: r1 := r1 ; or skip
      057 00800314       JMP +13 ; 71
      058 01000005 GETGLOBAL r1 := _G[k0 ('Debug_Printf' [h=445430CF,$0098B6A0])]
      059 020002C1     LOADK r2 := k11 (' Playing now.' [h=E2A191A3,$00987840])
      060 01010059      CALL r1 (1 args) => 0 results
      061 01008002  LOADBOOL r1 := True
      062 01010008  SETUPVAL r1 ->> UV[2]
      063 01000004  GETUPVAL r1 := u0
      064 01018008  SETUPVAL r1 ->> UV[3]
      065 01000305 GETGLOBAL r1 := _G[k12 ('Event_RelativeTimer' [h=AD23F6E2,$00A3EA80])]
      066 02000341     LOADK r2 := k13 ('Tooltip_ZoomCamera' [h=1122FABD,$00A337C0])
      067 03000381     LOADK r3 := k14 ('b' [h=00000083,$009960C0])
      068 040003C1     LOADK r4 := k15 (0.0)
      069 01020059      CALL r1 (3 args) => 0 results
      070 00800094       JMP +3 ; 74
      071 01000005 GETGLOBAL r1 := _G[k0 ('Debug_Printf' [h=445430CF,$0098B6A0])]
      072 02000401     LOADK r2 := k16 (' Playing later.' [h=EA03CB35,$00996300])
      073 01010059      CALL r1 (1 args) => 0 results
      074 01000005 GETGLOBAL r1 := _G[k0 ('Debug_Printf' [h=445430CF,$0098B6A0])]
      075 02000441     LOADK r2 := k17 (' DONE.' [h=D70A8DCC,$0099D940])
      076 01010059      CALL r1 (1 args) => 0 results
      077 01000004  GETUPVAL r1 := u0
      078 0101001B    RETURN r1 ... r1
      079 0000801B    RETURN r0 ... r-1
  [Node$01CA4AB0] 'loc_ff1212_s' [h=3A52B95C,$009A9300]: table$00998900[a=8,h=1]
    [0:$009F1500] 'ff1212_9' [h=B8223FDF,$009C5380]
    [1:$009F1508] 'ff1212_10' [h=EA1A0F0F,$009C5A20]
    [2:$009F1510] 'ff1212_11' [h=F589E2F0,$0099E0C0]
    [3:$009F1518] 'ff1212_12' [h=CB43603D,$009C5560]
    [4:$009F1520] 'ff1212_13' [h=136C656A,$009C6CC0]
    [5:$009F1528] 'ff1212_14' [h=02AAEB64,$009A5CC0]
    [6:$009F1530] 'ff1212_15' [h=731FB92C,$009A2B20]
    [7:$009F1538] 'ff1212_16' [h=ED76E4A1,$009A8D40]
  [Node$01CA4AC4] 'AttemptFactionMoodClamp' [h=9656C15D,$009DC780]: function$0099CD00 'AttemptFactionMoodClamp' [h=9656C15D,$009DC780]
    CONST$00C4D840 k0  'Utility_ReadStringFromScribbleMemory' [h=5455F3B9,$00A0B700]
    CONST$00C4D848 k1  'SkipTo_Map' [h=F88EFA9D,$009A69E0]
    CONST$00C4D850 k2  'sw' [h=000017F5,$009AA280]
    CONST$00C4D858 k3  'Utility_ReadNumberFromScribbleMemory' [h=2BB92038,$00A00C80]
    CONST$00C4D860 k4  'FirstMissionSequenceComplete' [h=48B087A6,$00A0D8C0]
    CONST$00C4D868 k5  'current_allies_mission' [h=CB04149F,$009E5800]
    CONST$00C4D870 k6  'current_china_mission' [h=83A0A4EA,$009E5740]
    CONST$00C4D878 k7  'current_mafia_mission' [h=C3DB5DB9,$009E5700]
    CONST$00C4D880 k8  'current_sk_mission' [h=A983358C,$009E56C0]
    CONST$00C4D888 k9  2.0
    CONST$00C4D890 k10 'util_PrintDebugMsg' [h=A2961C17,$00A11FC0]
    CONST$00C4D898 k11 '[global.lua] AttemptFactionMoodClamp: just finished first mission sequence; unclamping faction mood\n' [h=44BB274C,$00AA23C0]
    CONST$00C4D8A0 k12 'Utility_WriteNumberToScribbleMemory' [h=DCF55147,$009DC740]
    CONST$00C4D8A8 k13 1.0
    CONST$00C4D8B0 k14 'Faction_SetMinimumRelation' [h=4FB36F98,$00A3EC80]
    CONST$00C4D8B8 k15 'allies' [h=B57F1C27,$009A61A0]
    CONST$00C4D8C0 k16 100.0
    CONST$00C4D8C8 k17 -100.0
    CONST$00C4D8D0 k18 'china' [h=1129D14E,$009A6060]
    CONST$00C4D8D8 k19 'mafia' [h=11226556,$009A6140]
    CONST$00C4D8E0 k20 'sk' [h=00001514,$009A6180]
    CONST$00C4D8E8 k21 '[global.lua] AttemptFactionMoodClamp: within first mission sequence; clamping faction mood\n' [h=7DCC8073,$00A83CC0]
    CONST$00C4D8F0 k22 59.0
    CONST$00C4D8F8 k23 -59.0
    CONST$00C4D900 k24 '[global.lua] AttemptFactionMoodClamp: beyond first mission sequence; not clamping faction mood\n' [h=6ABD1F45,$00A760C0]
    CODE $00CB1440
      000 00000005 GETGLOBAL r0 := _G[k0 ('Utility_ReadStringFromScribbleMemory' [h=5455F3B9,$00A0B700])]
      001 01000041     LOADK r1 := k1 ('SkipTo_Map' [h=F88EFA9D,$009A69E0])
      002 00010099      CALL r0 (1 args) => 1 results
      003 00003F15       BEQ r0 == k2 ('sw' [h=000017F5,$009AA280])
      004 00801114       JMP +69 ; 74
      005 000000C5 GETGLOBAL r0 := _G[k3 ('Utility_ReadNumberFromScribbleMemory' [h=2BB92038,$00A00C80])]
      006 01000101     LOADK r1 := k4 ('FirstMissionSequenceComplete' [h=48B087A6,$00A0D8C0])
      007 00010099      CALL r0 (1 args) => 1 results
      008 00000058      TEST r0: r0 := r0 ; or skip
      009 00800FD4       JMP +64 ; 74
      010 000000C5 GETGLOBAL r0 := _G[k3 ('Utility_ReadNumberFromScribbleMemory' [h=2BB92038,$00A00C80])]
      011 01000141     LOADK r1 := k5 ('current_allies_mission' [h=CB04149F,$009E5800])
      012 00010099      CALL r0 (1 args) => 1 results
      013 010000C5 GETGLOBAL r1 := _G[k3 ('Utility_ReadNumberFromScribbleMemory' [h=2BB92038,$00A00C80])]
      014 02000181     LOADK r2 := k6 ('current_china_mission' [h=83A0A4EA,$009E5740])
      015 01010099      CALL r1 (1 args) => 1 results
      016 020000C5 GETGLOBAL r2 := _G[k3 ('Utility_ReadNumberFromScribbleMemory' [h=2BB92038,$00A00C80])]
      017 030001C1     LOADK r3 := k7 ('current_mafia_mission' [h=C3DB5DB9,$009E5700])
      018 02010099      CALL r2 (1 args) => 1 results
      019 030000C5 GETGLOBAL r3 := _G[k3 ('Utility_ReadNumberFromScribbleMemory' [h=2BB92038,$00A00C80])]
      020 04000201     LOADK r4 := k8 ('current_sk_mission' [h=A983358C,$009E56C0])
      021 03010099      CALL r3 (1 args) => 1 results
      022 00818017       BLE k9 (2.0) <= r0
      023 00800754       JMP +30 ; 54
      024 00818057       BLE k9 (2.0) <= r1
      025 008006D4       JMP +28 ; 54
      026 00818097       BLE k9 (2.0) <= r2
      027 00800654       JMP +26 ; 54
      028 008180D7       BLE k9 (2.0) <= r3
      029 008005D4       JMP +24 ; 54
      030 04000285 GETGLOBAL r4 := _G[k10 ('util_PrintDebugMsg' [h=A2961C17,$00A11FC0])]
      031 050002C1     LOADK r5 := k11 ('[global.lua] AttemptFactionMoodClamp: just finished first mission sequence; unclamping faction mood\n' [h=44BB274C,$00AA23C0])
      032 04010059      CALL r4 (1 args) => 0 results
      033 04000305 GETGLOBAL r4 := _G[k12 ('Utility_WriteNumberToScribbleMemory' [h=DCF55147,$009DC740])]
      034 05000101     LOADK r5 := k4 ('FirstMissionSequenceComplete' [h=48B087A6,$00A0D8C0])
      035 06000341     LOADK r6 := k13 (1.0)
      036 04018059      CALL r4 (2 args) => 0 results
      037 04000385 GETGLOBAL r4 := _G[k14 ('Faction_SetMinimumRelation' [h=4FB36F98,$00A3EC80])]
      038 050003C1     LOADK r5 := k15 ('allies' [h=B57F1C27,$009A61A0])
      039 06000441     LOADK r6 := k17 (-100.0)
      040 04018059      CALL r4 (2 args) => 0 results
      041 04000385 GETGLOBAL r4 := _G[k14 ('Faction_SetMinimumRelation' [h=4FB36F98,$00A3EC80])]
      042 05000481     LOADK r5 := k18 ('china' [h=1129D14E,$009A6060])
      043 06000441     LOADK r6 := k17 (-100.0)
      044 04018059      CALL r4 (2 args) => 0 results
      045 04000385 GETGLOBAL r4 := _G[k14 ('Faction_SetMinimumRelation' [h=4FB36F98,$00A3EC80])]
      046 050004C1     LOADK r5 := k19 ('mafia' [h=11226556,$009A6140])
      047 06000441     LOADK r6 := k17 (-100.0)
      048 04018059      CALL r4 (2 args) => 0 results
      049 04000385 GETGLOBAL r4 := _G[k14 ('Faction_SetMinimumRelation' [h=4FB36F98,$00A3EC80])]
      050 05000501     LOADK r5 := k20 ('sk' [h=00001514,$009A6180])
      051 06000441     LOADK r6 := k17 (-100.0)
      052 04018059      CALL r4 (2 args) => 0 results
      053 00800594       JMP +23 ; 77
      054 04000285 GETGLOBAL r4 := _G[k10 ('util_PrintDebugMsg' [h=A2961C17,$00A11FC0])]
      055 05000541     LOADK r5 := k21 ('[global.lua] AttemptFactionMoodClamp: within first mission sequence; clamping faction mood\n' [h=7DCC8073,$00A83CC0])
      056 04010059      CALL r4 (1 args) => 0 results
      057 04000385 GETGLOBAL r4 := _G[k14 ('Faction_SetMinimumRelation' [h=4FB36F98,$00A3EC80])]
      058 050003C1     LOADK r5 := k15 ('allies' [h=B57F1C27,$009A61A0])
      059 060005C1     LOADK r6 := k23 (-59.0)
      060 04018059      CALL r4 (2 args) => 0 results
      061 04000385 GETGLOBAL r4 := _G[k14 ('Faction_SetMinimumRelation' [h=4FB36F98,$00A3EC80])]
      062 05000481     LOADK r5 := k18 ('china' [h=1129D14E,$009A6060])
      063 060005C1     LOADK r6 := k23 (-59.0)
      064 04018059      CALL r4 (2 args) => 0 results
      065 04000385 GETGLOBAL r4 := _G[k14 ('Faction_SetMinimumRelation' [h=4FB36F98,$00A3EC80])]
      066 050004C1     LOADK r5 := k19 ('mafia' [h=11226556,$009A6140])
      067 060005C1     LOADK r6 := k23 (-59.0)
      068 04018059      CALL r4 (2 args) => 0 results
      069 04000385 GETGLOBAL r4 := _G[k14 ('Faction_SetMinimumRelation' [h=4FB36F98,$00A3EC80])]
      070 05000501     LOADK r5 := k20 ('sk' [h=00001514,$009A6180])
      071 060005C1     LOADK r6 := k23 (-59.0)
      072 04018059      CALL r4 (2 args) => 0 results
      073 00800094       JMP +3 ; 77
      074 00000285 GETGLOBAL r0 := _G[k10 ('util_PrintDebugMsg' [h=A2961C17,$00A11FC0])]
      075 01000601     LOADK r1 := k24 ('[global.lua] AttemptFactionMoodClamp: beyond first mission sequence; not clamping faction mood\n' [h=6ABD1F45,$00A760C0])
      076 00010059      CALL r0 (1 args) => 0 results
      077 0000801B    RETURN r0 ... r-1
  [Node$01CA4AEC] 'SW_challenge_Destroy01_OnStarterSpent' [h=8E17C15F,$00A05940]: function$009AAE00 'SW_challenge_Destroy01_OnStarterSpent' [h=8E17C15F,$00A05940]
    CONST$00958190 k0  'challenge_Recycler_OnStarterSpent' [h=B4FA0A88,$00A10D40]
    CONST$00958198 k1  'tSW_Challenge_Destroy01' [h=8926D538,$009F2600]
    CODE $009581C0
      000 00000005 GETGLOBAL r0 := _G[k0 ('challenge_Recycler_OnStarterSpent' [h=B4FA0A88,$00A10D40])]
      001 01000045 GETGLOBAL r1 := _G[k1 ('tSW_Challenge_Destroy01' [h=8926D538,$009F2600])]
      002 00010059      CALL r0 (1 args) => 0 results
      003 0000801B    RETURN r0 ... r-1
  [Node$01CA4B50] 'SW_Challenge_Race_HQc2HQm_01_GoalBestTime' [h=0529B964,$00A08740]: function$00999A00 'SW_Challenge_Race_HQc2HQm_01_GoalBestTime' [h=0529B964,$00A08740]
    CONST$00A41C80 k0  'Utility_SecondsToClock' [h=70859ABF,$00A416C0]
    CONST$00A41C88 k1  'challenge_StatGetFloat' [h=DF587491,$00A28A80]
    CONST$00A41C90 k2  'sw_race_HQc2HQm_01' [h=B230C7E8,$009EF280]
    CONST$00A41C98 k3  'BestTime' [h=6B3D9C2E,$009A3E40]
    CONST$00A41CA0 k4  60.0
    CONST$00A41CA8 k5  2.0
    CODE $009D3E00
      000 00000005 GETGLOBAL r0 := _G[k0 ('Utility_SecondsToClock' [h=70859ABF,$00A416C0])]
      001 01000045 GETGLOBAL r1 := _G[k1 ('challenge_StatGetFloat' [h=DF587491,$00A28A80])]
      002 02000081     LOADK r2 := k2 ('sw_race_HQc2HQm_01' [h=B230C7E8,$009EF280])
      003 030000C1     LOADK r3 := k3 ('BestTime' [h=6B3D9C2E,$009A3E40])
      004 047F3FCE       MUL r4 := k4 (60.0) * k5 (2.0)
      005 01020019      CALL r1 (3 args) => -1 results
      006 0000001A  TAILCALL r0 (-1 args)
      007 0000001B    RETURN r0 ... r-2
      008 0000801B    RETURN r0 ... r-1
  [Node$01CA4B8C] 'Boundary_GetProperties' [h=0A995967,$009FFA00]: cfunction$002C9018 'Boundary_GetProperties' [h=0A995967,$009FFA00]
  [Node$01CA4C54] 'nenc_ff3230' [h=1E588971,$009929A0]: table$009A3400[a=0,h=4]
    [Node$00AC1154] 'tLocationObjectsA' [h=2C5376F5,$00A01980]: table$009A5C60[a=8,h=1]
      [0:$009E7500] 'ff3230_1' [h=0E928768,$00986880]
      [1:$009E7508] 'ff3230_2' [h=4750A58C,$009C6520]
      [2:$009E7510] 'ff3230_3' [h=A9826224,$009975E0]
      [3:$009E7518] 'ff3230_4' [h=D10032D7,$0097E040]
      [4:$009E7520] 'ff3230_5' [h=931CC83D,$0099EA40]
      [5:$009E7528] 'ff3230_6' [h=E0779FA8,$009A9B40]
      [6:$009E7530] 'ff3230_7' [h=86ECE0F8,$009A0F00]
      [7:$009E7538] 'ff3230_8' [h=76B71EF4,$00984E40]
    [Node$00AC1168] 'sEncounter' [h=4CD961D9,$009A5C20]: 'ff3230' [h=FA28FA74,$0097FE20]
    [Node$00AC117C] 'tLocationObjectsB' [h=CEC61813,$00A073C0]: table$009A00E0[a=8,h=1]
      [0:$009DE600] 'ff3230_9' [h=F15D802C,$0097EDC0]
      [1:$009DE608] 'ff3230_10' [h=80D2F6F1,$009C65E0]
      [2:$009DE610] 'ff3230_11' [h=ED450E7A,$0099F780]
      [3:$009DE618] 'ff3230_12' [h=617D6100,$009A5CE0]
      [4:$009DE620] 'ff3230_13' [h=03D475D7,$00999200]
      [5:$009DE628] 'ff3230_14' [h=6EE328BA,$0099CA60]
      [6:$009DE630] 'ff3230_15' [h=8FEDF5AA,$009C5C60]
      [7:$009DE638] 'ff3230_16' [h=9CB68A0C,$009A5500]
  [Node$01CA4C90] 'SW_Challenge_Race_HQc2HQm_01_WaitForReinitOpportunity' [h=67F5D174,$00AB3AC0]: function$0099E760 'SW_Challenge_Race_HQc2HQm_01_WaitForReinitOpportunity' [h=67F5D174,$00AB3AC0]
    CONST$00962AC0 k0  'challenge_Recycler_WaitForReinitOpportunity' [h=E437AA1D,$009E6000]
    CONST$00962AC8 k1  'tSW_Challenge_Race_HQc2HQm_01' [h=6F113451,$009CD280]
    CODE $00962AB0
      000 00000005 GETGLOBAL r0 := _G[k0 ('challenge_Recycler_WaitForReinitOpportunity' [h=E437AA1D,$009E6000])]
      001 01000045 GETGLOBAL r1 := _G[k1 ('tSW_Challenge_Race_HQc2HQm_01' [h=6F113451,$009CD280])]
      002 00010059      CALL r0 (1 args) => 0 results
      003 0000801B    RETURN r0 ... r-1
  [Node$01CA4CA4] 'RS_AFLG_PREEMPT' [h=5D84F975,$0098F040]: 4.0
  [Node$01CA4CB8] 'Event_ExtractionHelicopterDestroyed' [h=5134E176,$009DD080]: cfunction$002BF4F0 'Event_ExtractionHelicopterDestroyed' [h=5134E176,$009DD080]
  [Node$01CA4CF4] 'gameflow_DeckNumberCardVerified' [h=2828B179,$00A13300]: function$00994D20 'gameflow_DeckNumberCardVerified' [h=2828B179,$00A13300]
    CONST$00C40040 k0  'util_PrintDebugMsg' [h=A2961C17,$00A11FC0]
    CONST$00C40048 k1  '[gameflow.lua] gameflow_DeckNumberCardVerified\n' [h=D6C04958,$00A13080]
    CONST$00C40050 k2  'tDeckNameLookup' [h=A7B158D1,$00984260]
    CONST$00C40058 k3  'Utility_GetActorAsInt' [h=A2B359A3,$00A0FF40]
    CONST$00C40060 k4  'suit' [h=0078DBD6,$009C7760]
    CONST$00C40068 k5  'rank' [h=0074F9BF,$00985720]
    CONST$00C40070 k6  'pairs' [h=12CC6B12,$009906A0]
    CONST$00C40078 k7  'events' [h=7B78A23A,$0097D180]
    CONST$00C40080 k8  '[gameflow.lua] cancelling event ' [h=2EBE23B4,$00A13140]
    CONST$00C40088 k9  ' (handle ' [h=7F6EA89C,$0098EDC0]
    CONST$00C40090 k10 'tostring' [h=787EB105,$00990700]
    CONST$00C40098 k11 ')\n' [h=00000973,$009A40C0]
    CONST$00C400A0 k12 'Event_CancelEvent' [h=D8960070,$00A08280]
    CONST$00C400A8 k13 'stateKilled' [h=0D0073F8,$009C4DE0]
    CONST$00C400B0 k14 'stateCaptured' [h=8495A2AD,$009A4380]
    CONST$00C400B8 k15 'gameflow_DeckCardVerified' [h=52863805,$009F7F80]
    CONST$00C400C0 k16 'Mail_Delete' [h=8D1A255E,$0098D500]
    CONST$00C400C8 k17 'mail_cardinfo_' [h=B8CA2498,$00986E80]
    CONST$00C400D0 k18 'gameflow_RemoveCardIntel' [h=533D8100,$00A136C0]
    CONST$00C400D8 k19 'Utility_ReadNumberFromScribbleMemory' [h=2BB92038,$00A00C80]
    CONST$00C400E0 k20 'mission_accepted' [h=77464996,$00A123C0]
    CONST$00C400E8 k21 'Utility_WriteNumberToScribbleMemory' [h=DCF55147,$009DC740]
    CONST$00C400F0 k22 'gameflow_GetCardVerifiedInMissionScribMemVarName' [h=7D6276A4,$00ACA8C0]
    CONST$00C400F8 k23 1.0
    CONST$00C40100 k24 'Desktop_BeginVerify' [h=B6292127,$009DEA80]
    CONST$00C40108 k25 'gameflow_RewardNumberCardBounty' [h=72E13F03,$009FDBC0]
    CONST$00C40110 k26 'FALSE' [h=0E4B730F,$009965C0]
    CODE $00CB25C0
      000 02000005 GETGLOBAL r2 := _G[k0 ('util_PrintDebugMsg' [h=A2961C17,$00A11FC0])]
      001 03000041     LOADK r3 := k1 ('[gameflow.lua] gameflow_DeckNumberCardVerified\n' [h=D6C04958,$00A13080])
      002 02010059      CALL r2 (1 args) => 0 results
      003 02000085 GETGLOBAL r2 := _G[k2 ('tDeckNameLookup' [h=A7B158D1,$00984260])]
      004 030000C5 GETGLOBAL r3 := _G[k3 ('Utility_GetActorAsInt' [h=A2B359A3,$00A0FF40])]
      005 04000000      MOVE r4 := r0
      006 03010099      CALL r3 (1 args) => 1 results
      007 020100C6  GETTABLE r2 := r2[r3]
      008 03013F86  GETTABLE r3 := r2[k4 ('suit' [h=0078DBD6,$009C7760])]
      009 04013FC6  GETTABLE r4 := r2[k5 ('rank' [h=0074F9BF,$00985720])]
      010 05000185 GETGLOBAL r5 := _G[k6 ('pairs' [h=12CC6B12,$009906A0])]
      011 06014046  GETTABLE r6 := r2[k7 ('events' [h=7B78A23A,$0097D180])]
      012 05010159      CALL r5 (1 args) => 4 results
      013 0580039E  TFORPREP WIP
      014 09000005 GETGLOBAL r9 := _G[k0 ('util_PrintDebugMsg' [h=A2961C17,$00A11FC0])]
      015 0A000201     LOADK r10 := k8 ('[gameflow.lua] cancelling event ' [h=2EBE23B4,$00A13140])
      016 0B038000      MOVE r11 := r7
      017 0C000241     LOADK r12 := k9 (' (handle ' [h=7F6EA89C,$0098EDC0])
      018 0D000285 GETGLOBAL r13 := _G[k10 ('tostring' [h=787EB105,$00990700])]
      019 0E040000      MOVE r14 := r8
      020 0D010099      CALL r13 (1 args) => 1 results
      021 0E0002C1     LOADK r14 := k11 (')\n' [h=00000973,$009A40C0])
      022 0A050393    CONCAT r10 := r10 ... r14
      023 09010059      CALL r9 (1 args) => 0 results
      024 09014046  GETTABLE r9 := r2[k7 ('events' [h=7B78A23A,$0097D180])]
      025 0A000305 GETGLOBAL r10 := _G[k12 ('Event_CancelEvent' [h=D8960070,$00A08280])]
      026 0B040000      MOVE r11 := r8
      027 0A010099      CALL r10 (1 args) => 1 results
      028 09038289  SETTABLE r10 ->> r9[r7]
      029 0500005D  TFORLOOP WIP
      030 007FFB94       JMP -17 ; 14
      031 05000345 GETGLOBAL r5 := _G[k13 ('stateKilled' [h=0D0073F8,$009C4DE0])]
      032 01008058      TEST r1: r1 := r1 ; or skip
      033 00800014       JMP +1 ; 35
      034 05000385 GETGLOBAL r5 := _G[k14 ('stateCaptured' [h=8495A2AD,$009A4380])]
      035 06000002  LOADBOOL r6 := False
      036 03018018      TEST not r3: r3 := r3 ; or skip
      037 00800454       JMP +18 ; 56
      038 04020018      TEST not r4: r4 := r4 ; or skip
      039 008003D4       JMP +16 ; 56
      040 070003C5 GETGLOBAL r7 := _G[k15 ('gameflow_DeckCardVerified' [h=52863805,$009F7F80])]
      041 08018000      MOVE r8 := r3
      042 09020000      MOVE r9 := r4
      043 0A028000      MOVE r10 := r5
      044 07020099      CALL r7 (3 args) => 1 results
      045 06038000      MOVE r6 := r7
      046 07000405 GETGLOBAL r7 := _G[k16 ('Mail_Delete' [h=8D1A255E,$0098D500])]
      047 08000441     LOADK r8 := k17 ('mail_cardinfo_' [h=B8CA2498,$00986E80])
      048 09018000      MOVE r9 := r3
      049 0A020000      MOVE r10 := r4
      050 08040293    CONCAT r8 := r8 ... r10
      051 07010059      CALL r7 (1 args) => 0 results
      052 07000485 GETGLOBAL r7 := _G[k18 ('gameflow_RemoveCardIntel' [h=533D8100,$00A136C0])]
      053 08018000      MOVE r8 := r3
      054 09020000      MOVE r9 := r4
      055 07018059      CALL r7 (2 args) => 0 results
      056 070004C5 GETGLOBAL r7 := _G[k19 ('Utility_ReadNumberFromScribbleMemory' [h=2BB92038,$00A00C80])]
      057 08000501     LOADK r8 := k20 ('mission_accepted' [h=77464996,$00A123C0])
      058 07010099      CALL r7 (1 args) => 1 results
      059 07038018      TEST not r7: r7 := r7 ; or skip
      060 00800194       JMP +7 ; 68
      061 07000545 GETGLOBAL r7 := _G[k21 ('Utility_WriteNumberToScribbleMemory' [h=DCF55147,$009DC740])]
      062 08000585 GETGLOBAL r8 := _G[k22 ('gameflow_GetCardVerifiedInMissionScribMemVarName' [h=7D6276A4,$00ACA8C0])]
      063 09018000      MOVE r9 := r3
      064 0A020000      MOVE r10 := r4
      065 08018099      CALL r8 (2 args) => 1 results
      066 090005C1     LOADK r9 := k23 (1.0)
      067 07018059      CALL r7 (2 args) => 0 results
      068 07000605 GETGLOBAL r7 := _G[k24 ('Desktop_BeginVerify' [h=B6292127,$009DEA80])]
      069 08000641     LOADK r8 := k25 ('gameflow_RewardNumberCardBounty' [h=72E13F03,$009FDBC0])
      070 09018000      MOVE r9 := r3
      071 0A020000      MOVE r10 := r4
      072 0B028000      MOVE r11 := r5
      073 0C000685 GETGLOBAL r12 := _G[k26 ('FALSE' [h=0E4B730F,$009965C0])]
      074 07030059      CALL r7 (5 args) => 0 results
      075 07000022   CLOSURE r7 := closure(0, r7...)
      076 00028000      MOVE r0 := r5
      077 00030000      MOVE r0 := r6
      078 07000647 SETGLOBAL r7 ->> _G[k25 ('gameflow_RewardNumberCardBounty' [h=72E13F03,$009FDBC0])]
      079 0000801B    RETURN r0 ... r-1
  [Node$01CA4D08] 'loc_ff2248_v_n' [h=6A81C97A,$009997C0]: table$009A2C40[a=2,h=1]
    [0:$00961450] 'ff2248_v3' [h=9EBD0A68,$009978A0]
    [1:$00961458] 'ff2248_v4' [h=9110743D,$009C4CA0]
  [Node$01CA4D1C] 'MISSION_OBJECTIVEVERIFY_LUA_LOADED' [h=7F05917B,$009E3BC0]: 1.0
  [Node$01CA4D58] 'Actor_SetHitPointsNearDeath' [h=30D5297E,$00A00B40]: cfunction$002AA1F0 'Actor_SetHitPointsNearDeath' [h=30D5297E,$00A00B40]
  [Node$01CA4D6C] 'nenc_ff2248_v' [h=4E36017F,$009C5DA0]: table$009A59E0[a=0,h=4]
    [Node$00AC0CD4] 'tLocationObjectsA' [h=2C5376F5,$00A01980]: table$009A2C40[a=2,h=1]
    [Node$00AC0CE8] 'sEncounter' [h=4CD961D9,$009A5C20]: 'ff2248' [h=3D783F6C,$009AAF40]
    [Node$00AC0CFC] 'tLocationObjectsB' [h=CEC61813,$00A073C0]: nil
  [Node$01CA4D80] 'Effect_Explosion' [h=6D4E0180,$00A40CC0]: cfunction$002A4C88 'Effect_Explosion' [h=6D4E0180,$00A40CC0]
  [Node$01CA4DA8] 'Ui_ObjectiveTrayPrint' [h=7213E182,$009DF3C0]: cfunction$002A73A0 'Ui_ObjectiveTrayPrint' [h=7213E182,$009DF3C0]
  [Node$01CA4DF8] 'BoundaryStatusChange' [h=1F8A2986,$00A3A780]: function$009994A0 'BoundaryStatusChange' [h=1F8A2986,$00A3A780]
    CONST$00B2B940 k0  'flyby_allies' [h=6FB7EE47,$009837E0]
    CONST$00B2B948 k1  'allies' [h=B57F1C27,$009A61A0]
    CONST$00B2B950 k2  'flyby_china' [h=51BDA14C,$009825C0]
    CONST$00B2B958 k3  'china' [h=1129D14E,$009A6060]
    CONST$00B2B960 k4  'flyby_mafia' [h=3CCE31BF,$00982920]
    CONST$00B2B968 k5  'mafia' [h=11226556,$009A6140]
    CONST$00B2B970 k6  'flyby_sk' [h=A139CEE2,$0099B860]
    CONST$00B2B978 k7  'sk' [h=00001514,$009A6180]
    CONST$00B2B980 k8  'tFlybys' [h=9C7F3CE8,$00996FE0]
    CONST$00B2B988 k9  'flybyCountdownEvent' [h=0502754D,$00A3A400]
    CONST$00B2B990 k10 'SetupEventFlybyCountdown' [h=01B5729D,$00A3A440]
    CONST$00B2B998 k11 'GetRandomFlybyDelay' [h=EF124B39,$00A3A3C0]
    CONST$00B2B9A0 k12 'Event_CancelEvent' [h=D8960070,$00A08280]
    CONST$00B2B9A8 k13 'boundaryStatusChangeEvent' [h=E86E27A0,$00A3A4C0]
    CONST$00B2B9B0 k14 'SetupEventBoundaryStatusChange' [h=ED41BD8E,$00A3A500]
    CODE $00C02B00
      000 03018003   LOADNIL r3 ... r3
      001 0000BE95       BEQ r1 == k0 ('flyby_allies' [h=6FB7EE47,$009837E0])
      002 00800054       JMP +2 ; 5
      003 03000041     LOADK r3 := k1 ('allies' [h=B57F1C27,$009A61A0])
      004 00800294       JMP +11 ; 16
      005 0000BF15       BEQ r1 == k2 ('flyby_china' [h=51BDA14C,$009825C0])
      006 00800054       JMP +2 ; 9
      007 030000C1     LOADK r3 := k3 ('china' [h=1129D14E,$009A6060])
      008 00800194       JMP +7 ; 16
      009 0000BF95       BEQ r1 == k4 ('flyby_mafia' [h=3CCE31BF,$00982920])
      010 00800054       JMP +2 ; 13
      011 03000141     LOADK r3 := k5 ('mafia' [h=11226556,$009A6140])
      012 00800094       JMP +3 ; 16
      013 0000C015       BEQ r1 == k6 ('flyby_sk' [h=A139CEE2,$0099B860])
      014 00800014       JMP +1 ; 16
      015 030001C1     LOADK r3 := k7 ('sk' [h=00001514,$009A6180])
      016 02010018      TEST not r2: r2 := r2 ; or skip
      017 00800214       JMP +9 ; 27
      018 04000205 GETGLOBAL r4 := _G[k8 ('tFlybys' [h=9C7F3CE8,$00996FE0])]
      019 040200C6  GETTABLE r4 := r4[r3]
      020 05000285 GETGLOBAL r5 := _G[k10 ('SetupEventFlybyCountdown' [h=01B5729D,$00A3A440])]
      021 06018000      MOVE r6 := r3
      022 070002C5 GETGLOBAL r7 := _G[k11 ('GetRandomFlybyDelay' [h=EF124B39,$00A3A3C0])]
      023 07008019      CALL r7 (0 args) => -1 results
      024 05000099      CALL r5 (-1 args) => 1 results
      025 04818149  SETTABLE r5 ->> r4[k9 ('flybyCountdownEvent' [h=0502754D,$00A3A400])]
      026 008001D4       JMP +8 ; 35
      027 04000205 GETGLOBAL r4 := _G[k8 ('tFlybys' [h=9C7F3CE8,$00996FE0])]
      028 040200C6  GETTABLE r4 := r4[r3]
      029 05000305 GETGLOBAL r5 := _G[k12 ('Event_CancelEvent' [h=D8960070,$00A08280])]
      030 06000205 GETGLOBAL r6 := _G[k8 ('tFlybys' [h=9C7F3CE8,$00996FE0])]
      031 060300C6  GETTABLE r6 := r6[r3]
      032 060340C6  GETTABLE r6 := r6[k9 ('flybyCountdownEvent' [h=0502754D,$00A3A400])]
      033 05010099      CALL r5 (1 args) => 1 results
      034 04818149  SETTABLE r5 ->> r4[k9 ('flybyCountdownEvent' [h=0502754D,$00A3A400])]
      035 04000205 GETGLOBAL r4 := _G[k8 ('tFlybys' [h=9C7F3CE8,$00996FE0])]
      036 040200C6  GETTABLE r4 := r4[r3]
      037 05000385 GETGLOBAL r5 := _G[k14 ('SetupEventBoundaryStatusChange' [h=ED41BD8E,$00A3A500])]
      038 06000000      MOVE r6 := r0
      039 07008000      MOVE r7 := r1
      040 08010012       NOT r8 := not r2
      041 05020099      CALL r5 (3 args) => 1 results
      042 04838149  SETTABLE r5 ->> r4[k13 ('boundaryStatusChangeEvent' [h=E86E27A0,$00A3A4C0])]
      043 0000801B    RETURN r0 ... r-1
  [Node$01CA4E5C] 'util_GetLastMissionNumberInChapterArc' [h=8F3A298B,$00A3B140]: function$009A26A0 'util_GetLastMissionNumberInChapterArc' [h=8F3A298B,$00A3B140]
    CONST$00A3AF00 k0  1.0
    CONST$00A3AF08 k1  3.0
    CONST$00A3AF10 k2  'allies' [h=B57F1C27,$009A61A0]
    CONST$00A3AF18 k3  2.0
    CONST$00A3AF20 k4  5.0
    CONST$00A3AF28 k5  6.0
    CONST$00A3AF30 k6  4.0
    CODE $00B2C440
      000 0100BE95       BNE r1 != k0 (1.0)
      001 00800054       JMP +2 ; 4
      002 0000BED5       BEQ r1 == k1 (3.0)
      003 008001D4       JMP +8 ; 12
      004 00003F15       BEQ r0 == k2 ('allies' [h=B57F1C27,$009A61A0])
      005 00800094       JMP +3 ; 9
      006 020000C1     LOADK r2 := k3 (2.0)
      007 0201001B    RETURN r2 ... r2
      008 00800554       JMP +22 ; 31
      009 02000041     LOADK r2 := k1 (3.0)
      010 0201001B    RETURN r2 ... r2
      011 00800494       JMP +19 ; 31
      012 0000BF55       BEQ r1 == k3 (2.0)
      013 008001D4       JMP +8 ; 22
      014 00003F15       BEQ r0 == k2 ('allies' [h=B57F1C27,$009A61A0])
      015 00800094       JMP +3 ; 19
      016 02000101     LOADK r2 := k4 (5.0)
      017 0201001B    RETURN r2 ... r2
      018 008002D4       JMP +12 ; 31
      019 02000141     LOADK r2 := k5 (6.0)
      020 0201001B    RETURN r2 ... r2
      021 00800214       JMP +9 ; 31
      022 0000C015       BEQ r1 == k6 (4.0)
      023 00800194       JMP +7 ; 31
      024 00003F15       BEQ r0 == k2 ('allies' [h=B57F1C27,$009A61A0])
      025 00800094       JMP +3 ; 29
      026 02000181     LOADK r2 := k6 (4.0)
      027 0201001B    RETURN r2 ... r2
      028 00800054       JMP +2 ; 31
      029 02000141     LOADK r2 := k5 (6.0)
      030 0201001B    RETURN r2 ... r2
      031 0000801B    RETURN r0 ... r-1
  [Node$01CA4E70] 'bDebugOutput' [h=2660F98C,$009A6CC0]: False
  [Node$01CA4E84] 'SW_Challenge_Race_HQc2HQm_01_Reinit' [h=0787518D,$009E1480]: function$009A1AE0 'SW_Challenge_Race_HQc2HQm_01_Reinit' [h=0787518D,$009E1480]
    CONST$00962B70 k0  'challenge_Recycler_Reinit' [h=1C420A72,$00A02840]
    CONST$00962B78 k1  'tSW_Challenge_Race_HQc2HQm_01' [h=6F113451,$009CD280]
    CODE $00962B50
      000 00000005 GETGLOBAL r0 := _G[k0 ('challenge_Recycler_Reinit' [h=1C420A72,$00A02840])]
      001 01000045 GETGLOBAL r1 := _G[k1 ('tSW_Challenge_Race_HQc2HQm_01' [h=6F113451,$009CD280])]
      002 00010059      CALL r0 (1 args) => 0 results
      003 0000801B    RETURN r0 ... r-1
  [Node$01CA4E98] 'nenc_ff1412' [h=D8B1018E,$00988F20]: table$0099C5E0[a=0,h=4]
    [Node$00AC16D4] 'tLocationObjectsA' [h=2C5376F5,$00A01980]: table$009C55E0[a=8,h=1]
      [0:$00A2BEC0] 'ff1412_1' [h=BB0AAEEA,$00976DA0]
      [1:$00A2BEC8] 'ff1412_2' [h=455147C5,$009976E0]
      [2:$00A2BED0] 'ff1412_3' [h=DB5A9B5D,$009AC6A0]
      [3:$00A2BED8] 'ff1412_4' [h=B887F614,$00998100]
      [4:$00A2BEE0] 'ff1412_5' [h=2C0440FA,$009947C0]
      [5:$00A2BEE8] 'ff1412_6' [h=7831AC47,$009C6B40]
      [6:$00A2BEF0] 'ff1412_7' [h=CD8C4141,$009A43C0]
      [7:$00A2BEF8] 'ff1412_8' [h=0BBAAE18,$009C6300]
    [Node$00AC16E8] 'sEncounter' [h=4CD961D9,$009A5C20]: 'ff1412' [h=08F40E9B,$009891C0]
    [Node$00AC16FC] 'tLocationObjectsB' [h=CEC61813,$00A073C0]: table$009A2020[a=8,h=1]
      [0:$00A08700] 'ff1412_9' [h=B82F1BF9,$0099ED60]
      [1:$00A08708] 'ff1412_10' [h=EA63A201,$009C7EA0]
      [2:$00A08710] 'ff1412_11' [h=F58BABBE,$0097B040]
      [3:$00A08718] 'ff1412_12' [h=CB4C4CAB,$0098AC20]
      [4:$00A08720] 'ff1412_13' [h=13383B4F,$00989C60]
      [5:$00A08728] 'ff1412_14' [h=02950CF9,$009C39A0]
      [6:$00A08730] 'ff1412_15' [h=731E01C2,$00983360]
      [7:$00A08738] 'ff1412_16' [h=ED4BDC58,$009A5900]
  [Node$01CA4EC0] 'FirstTimeInChapter2' [h=06287190,$00A10780]: function$009A7820 'FirstTimeInChapter2' [h=06287190,$00A10780]
    CONST$00CA08C0 k0  'help_actionhijack' [h=0CF663F6,$00A02300]
    CONST$00CA08C8 k1  'help_c4' [h=F058D3BB,$00981040]
    CONST$00CA08D0 k2  'help_challenge' [h=868CEB41,$0099F060]
    CONST$00CA08D8 k3  'help_civilians' [h=5CF8BD36,$009A1960]
    CONST$00CA08E0 k4  'help_crates' [h=57EBAFD5,$009938C0]
    CONST$00CA08E8 k5  'help_deck' [h=423D24D3,$0099FFC0]
    CONST$00CA08F0 k6  'help_disguise' [h=8EB1301D,$009AA1E0]
    CONST$00CA08F8 k7  'help_factionmood' [h=A4B9D496,$00A0EB00]
    CONST$00CA0900 k8  'help_flags' [h=063CACF0,$0098CFA0]
    CONST$00CA0908 k9  'help_intel' [h=E39CCCAE,$0098D740]
    CONST$00CA0910 k10 'help_jammers' [h=BF1F82C7,$00996C40]
    CONST$00CA0918 k11 'help_laser' [h=99CC47C8,$009A3240]
    CONST$00CA0920 k12 'help_medivac' [h=B395794A,$0097D040]
    CONST$00CA0928 k13 'help_officers' [h=14AF8EF9,$009A0840]
    CONST$00CA0930 k14 'help_passengers' [h=D3136310,$00985DE0]
    CONST$00CA0938 k15 'help_radar' [h=1E1F2703,$0099E340]
    CONST$00CA0940 k16 'help_restricted' [h=8EA2E0E1,$009A2500]
    CONST$00CA0948 k17 'help_savegame' [h=0A1A6E34,$00994220]
    CONST$00CA0950 k18 'help_shop' [h=26A0D718,$009832E0]
    CONST$00CA0958 k19 'help_support' [h=DED40F88,$0099BC80]
    CONST$00CA0960 k20 'help_trespass' [h=40319E1F,$009954C0]
    CONST$00CA0968 k21 'help_verify' [h=F0365C8E,$009ABDA0]
    CONST$00CA0970 k22 'collect_garage' [h=8CE51217,$0098EA40]
    CONST$00CA0978 k23 'collect_monument' [h=AC993FAF,$00A00840]
    CONST$00CA0980 k24 'collect_posts' [h=D146F142,$009810A0]
    CONST$00CA0988 k25 'collect_treasures' [h=0740F132,$009DC600]
    CONST$00CA0990 k26 'collect_wmd' [h=1E7E978A,$00995360]
    CONST$00CA0998 k27 'ipairs' [h=B6F4A157,$00990680]
    CONST$00CA09A0 k28 'Mail_Post' [h=CC9FDE1E,$0098E400]
    CONST$00CA09A8 k29 'Unlockable_AceOfClubsMissionJustWon' [h=271FFF86,$00A00200]
    CONST$00CA09B0 k30 'Utility_SavePlayerData' [h=808E8486,$00A06100]
    CONST$00CA09B8 k31 'Ch2VO' [h=10BE4834,$0099F180]
    CONST$00CA09C0 k32 'Event_RelativeTimer' [h=AD23F6E2,$00A3EA80]
    CONST$00CA09C8 k33 'b' [h=00000083,$009960C0]
    CONST$00CA09D0 k34 3.0
    CODE $00C4CE40
      000 000B800A  NEWTABLE r0 := {} (#a=23, #h=0)
      001 01000001     LOADK r1 := k0 ('help_actionhijack' [h=0CF663F6,$00A02300])
      002 02000041     LOADK r2 := k1 ('help_c4' [h=F058D3BB,$00981040])
      003 03000081     LOADK r3 := k2 ('help_challenge' [h=868CEB41,$0099F060])
      004 040000C1     LOADK r4 := k3 ('help_civilians' [h=5CF8BD36,$009A1960])
      005 05000101     LOADK r5 := k4 ('help_crates' [h=57EBAFD5,$009938C0])
      006 06000141     LOADK r6 := k5 ('help_deck' [h=423D24D3,$0099FFC0])
      007 07000181     LOADK r7 := k6 ('help_disguise' [h=8EB1301D,$009AA1E0])
      008 080001C1     LOADK r8 := k7 ('help_factionmood' [h=A4B9D496,$00A0EB00])
      009 09000201     LOADK r9 := k8 ('help_flags' [h=063CACF0,$0098CFA0])
      010 0A000241     LOADK r10 := k9 ('help_intel' [h=E39CCCAE,$0098D740])
      011 0B000281     LOADK r11 := k10 ('help_jammers' [h=BF1F82C7,$00996C40])
      012 0C0002C1     LOADK r12 := k11 ('help_laser' [h=99CC47C8,$009A3240])
      013 0D000301     LOADK r13 := k12 ('help_medivac' [h=B395794A,$0097D040])
      014 0E000341     LOADK r14 := k13 ('help_officers' [h=14AF8EF9,$009A0840])
      015 0F000381     LOADK r15 := k14 ('help_passengers' [h=D3136310,$00985DE0])
      016 100003C1     LOADK r16 := k15 ('help_radar' [h=1E1F2703,$0099E340])
      017 11000401     LOADK r17 := k16 ('help_restricted' [h=8EA2E0E1,$009A2500])
      018 12000441     LOADK r18 := k17 ('help_savegame' [h=0A1A6E34,$00994220])
      019 13000481     LOADK r19 := k18 ('help_shop' [h=26A0D718,$009832E0])
      020 140004C1     LOADK r20 := k19 ('help_support' [h=DED40F88,$0099BC80])
      021 15000501     LOADK r21 := k20 ('help_trespass' [h=40319E1F,$009954C0])
      022 16000541     LOADK r22 := k21 ('help_verify' [h=F0365C8E,$009ABDA0])
      023 17000581     LOADK r23 := k22 ('collect_garage' [h=8CE51217,$0098EA40])
      024 180005C1     LOADK r24 := k23 ('collect_monument' [h=AC993FAF,$00A00840])
      025 19000601     LOADK r25 := k24 ('collect_posts' [h=D146F142,$009810A0])
      026 1A000641     LOADK r26 := k25 ('collect_treasures' [h=0740F132,$009DC600])
      027 1B000681     LOADK r27 := k26 ('collect_wmd' [h=1E7E978A,$00995360])
      028 0000069F   SETLIST r0 [26]
      029 010006C5 GETGLOBAL r1 := _G[k27 ('ipairs' [h=B6F4A157,$00990680])]
      030 02000000      MOVE r2 := r0
      031 01010159      CALL r1 (1 args) => 4 results
      032 0180009E  TFORPREP WIP
      033 05000705 GETGLOBAL r5 := _G[k28 ('Mail_Post' [h=CC9FDE1E,$0098E400])]
      034 06020000      MOVE r6 := r4
      035 05010059      CALL r5 (1 args) => 0 results
      036 0100005D  TFORLOOP WIP
      037 007FFE94       JMP -5 ; 33
      038 01000745 GETGLOBAL r1 := _G[k29 ('Unlockable_AceOfClubsMissionJustWon' [h=271FFF86,$00A00200])]
      039 01008059      CALL r1 (0 args) => 0 results
      040 01000785 GETGLOBAL r1 := _G[k30 ('Utility_SavePlayerData' [h=808E8486,$00A06100])]
      041 01008059      CALL r1 (0 args) => 0 results
      042 01000022   CLOSURE r1 := closure(0, r1...)
      043 010007C7 SETGLOBAL r1 ->> _G[k31 ('Ch2VO' [h=10BE4834,$0099F180])]
      044 01000805 GETGLOBAL r1 := _G[k32 ('Event_RelativeTimer' [h=AD23F6E2,$00A3EA80])]
      045 020007C1     LOADK r2 := k31 ('Ch2VO' [h=10BE4834,$0099F180])
      046 03000841     LOADK r3 := k33 ('b' [h=00000083,$009960C0])
      047 04000881     LOADK r4 := k34 (3.0)
      048 01020059      CALL r1 (3 args) => 0 results
      049 0000801B    RETURN r0 ... r-1
  [Node$01CA4ED4] 'gameflow_AttemptAceMissionUnlock' [h=5B9F3191,$009F5800]: function$00998B00 'gameflow_AttemptAceMissionUnlock' [h=5B9F3191,$009F5800]
    CONST$00BAA840 k0  'Utility_ReadNumberFromScribbleMemory' [h=2BB92038,$00A00C80]
    CONST$00BAA848 k1  'chapter' [h=9A11FF20,$00997D80]
    CONST$00BAA850 k2  'AceUnlocked' [h=68AFF695,$00981780]
    CONST$00BAA858 k3  1.0
    CONST$00BAA860 k4  0.0
    CONST$00BAA868 k5  'gameflow_GetIntelTotal' [h=0305AFE4,$009F74C0]
    CONST$00BAA870 k6  'iTargetIntel' [h=B19BC844,$009A0AA0]
    CONST$00BAA878 k7  'Utility_WriteNumberToScribbleMemory' [h=DCF55147,$009DC740]
    CONST$00BAA880 k8  'Mail_Post' [h=CC9FDE1E,$0098E400]
    CONST$00BAA888 k9  'ch' [h=00001567,$0099B8A0]
    CONST$00BAA890 k10 '_ace_unlock' [h=86CB8F75,$0098A140]
    CONST$00BAA898 k11 'mission_accepted' [h=77464996,$00A123C0]
    CONST$00BAA8A0 k12 nil
    CONST$00BAA8A8 k13 'IsBouncerSpawned' [h=932E52F4,$00A39A40]
    CONST$00BAA8B0 k14 'ace' [h=00032097,$009A4E60]
    CONST$00BAA8B8 k15 'SpawnBouncer' [h=7FCD8599,$009A9880]
    CONST$00BAA8C0 k16 'TRUE' [h=0067B195,$0098F4C0]
    CONST$00BAA8C8 k17 'EnableBouncer' [h=6B46993F,$0098EAA0]
    CODE $00C50E40
      000 00000005 GETGLOBAL r0 := _G[k0 ('Utility_ReadNumberFromScribbleMemory' [h=2BB92038,$00A00C80])]
      001 01000041     LOADK r1 := k1 ('chapter' [h=9A11FF20,$00997D80])
      002 00010099      CALL r0 (1 args) => 1 results
      003 01000005 GETGLOBAL r1 := _G[k0 ('Utility_ReadNumberFromScribbleMemory' [h=2BB92038,$00A00C80])]
      004 02000081     LOADK r2 := k2 ('AceUnlocked' [h=68AFF695,$00981780])
      005 030000C1     LOADK r3 := k3 (1.0)
      006 01018099      CALL r1 (2 args) => 1 results
      007 01008058      TEST r1: r1 := r1 ; or skip
      008 008009D4       JMP +40 ; 49
      009 007F0016       BLT k4 (0.0) < r0
      010 00800954       JMP +38 ; 49
      011 02000145 GETGLOBAL r2 := _G[k5 ('gameflow_GetIntelTotal' [h=0305AFE4,$009F74C0])]
      012 03000000      MOVE r3 := r0
      013 02010099      CALL r2 (1 args) => 1 results
      014 03000185 GETGLOBAL r3 := _G[k6 ('iTargetIntel' [h=B19BC844,$009A0AA0])]
      015 00018097       BLE r3 <= r2
      016 008007D4       JMP +32 ; 49
      017 020001C5 GETGLOBAL r2 := _G[k7 ('Utility_WriteNumberToScribbleMemory' [h=DCF55147,$009DC740])]
      018 03000081     LOADK r3 := k2 ('AceUnlocked' [h=68AFF695,$00981780])
      019 040000C1     LOADK r4 := k3 (1.0)
      020 02018059      CALL r2 (2 args) => 0 results
      021 02000205 GETGLOBAL r2 := _G[k8 ('Mail_Post' [h=CC9FDE1E,$0098E400])]
      022 03000241     LOADK r3 := k9 ('ch' [h=00001567,$0099B8A0])
      023 04000000      MOVE r4 := r0
      024 05000281     LOADK r5 := k10 ('_ace_unlock' [h=86CB8F75,$0098A140])
      025 03018153    CONCAT r3 := r3 ... r5
      026 02010059      CALL r2 (1 args) => 0 results
      027 02000005 GETGLOBAL r2 := _G[k0 ('Utility_ReadNumberFromScribbleMemory' [h=2BB92038,$00A00C80])]
      028 030002C1     LOADK r3 := k11 ('mission_accepted' [h=77464996,$00A123C0])
      029 02010099      CALL r2 (1 args) => 1 results
      030 00014195       BEQ r2 == k12 (nil)
      031 00800414       JMP +17 ; 49
      032 02000345 GETGLOBAL r2 := _G[k13 ('IsBouncerSpawned' [h=932E52F4,$00A39A40])]
      033 03000381     LOADK r3 := k14 ('ace' [h=00032097,$009A4E60])
      034 02010099      CALL r2 (1 args) => 1 results
      035 02010058      TEST r2: r2 := r2 ; or skip
      036 008002D4       JMP +12 ; 49
      037 020003C5 GETGLOBAL r2 := _G[k15 ('SpawnBouncer' [h=7FCD8599,$009A9880])]
      038 03000405 GETGLOBAL r3 := _G[k16 ('TRUE' [h=0067B195,$0098F4C0])]
      039 04000381     LOADK r4 := k14 ('ace' [h=00032097,$009A4E60])
      040 02018099      CALL r2 (2 args) => 1 results
      041 02010018      TEST not r2: r2 := r2 ; or skip
      042 00800154       JMP +6 ; 49
      043 02000445 GETGLOBAL r2 := _G[k17 ('EnableBouncer' [h=6B46993F,$0098EAA0])]
      044 03000405 GETGLOBAL r3 := _G[k16 ('TRUE' [h=0067B195,$0098F4C0])]
      045 04000381     LOADK r4 := k14 ('ace' [h=00032097,$009A4E60])
      046 02018059      CALL r2 (2 args) => 0 results
      047 02008002  LOADBOOL r2 := True
      048 0201001B    RETURN r2 ... r2
      049 02000002  LOADBOOL r2 := False
      050 0201001B    RETURN r2 ... r2
      051 0000801B    RETURN r0 ... r-1
  [Node$01CA4EE8] 'loc_ff5044_s' [h=33479992,$00989120]: table$009964A0[a=16,h=1]
    [0:$00AAAEC0] 'ff5044_17' [h=5B1859F8,$0098D040]
    [1:$00AAAEC8] 'ff5044_18' [h=89ED1B35,$009893A0]
    [2:$00AAAED0] 'ff5044_19' [h=A84A235D,$00994600]
    [3:$00AAAED8] 'ff5044_20' [h=3B3894CE,$0099C120]
    [4:$00AAAEE0] 'ff5044_21' [h=B2983CF1,$00992740]
    [5:$00AAAEE8] 'ff5044_22' [h=AA96FF54,$009C74A0]
    [6:$00AAAEF0] 'ff5044_23' [h=2707799A,$0099FC20]
    [7:$00AAAEF8] 'ff5044_24' [h=139687F0,$009A8AC0]
    [8:$00AAAF00] 'ff5044_25' [h=1B7B1941,$0097E280]
    [9:$00AAAF08] 'ff5044_26' [h=6F695680,$00999E00]
    [10:$00AAAF10] 'ff5044_27' [h=859A7FC3,$0097CEA0]
    [11:$00AAAF18] 'ff5044_28' [h=1258AC8E,$00989760]
    [12:$00AAAF20] 'ff5044_29' [h=A140283C,$009991A0]
    [13:$00AAAF28] 'ff5044_30' [h=8E728C55,$009C43C0]
    [14:$00AAAF30] 'ff5044_31' [h=F2E37207,$009A1F20]
    [15:$00AAAF38] 'ff5044_32' [h=919D41B6,$0099B420]
  [Node$01CA4EFC] 'Cinematic_FadeIn' [h=5CA28993,$009E0840]: cfunction$002C0998 'Cinematic_FadeIn' [h=5CA28993,$009E0840]
  [Node$01CA4F24] 'TRUE' [h=0067B195,$0098F4C0]: True
  [Node$01CA4F9C] 'Actor_AttachToActor' [h=D762899B,$00A109C0]: cfunction$002ACAB0 'Actor_AttachToActor' [h=D762899B,$00A109C0]
  [Node$01CA5028] 'jeff_hAlliesMood' [h=9886F1A2,$00A0B400]: 1570.0
  [Node$01CA503C] 'Utility_GetActorAsInt' [h=A2B359A3,$00A0FF40]: cfunction$002F8040 'Utility_GetActorAsInt' [h=A2B359A3,$00A0FF40]
  [Node$01CA5064] '_G' [h=000011A5,$0098F760]: table$009A90E0[a=0,h=2048]
  [Node$01CA5078] 'loc_ff1243_v_n' [h=D05D89A6,$00997BC0]: table$009C4060[a=2,h=1]
    [0:$0095EED0] 'ff1243_v3' [h=A5DAEAFE,$009A2960]
    [1:$0095EED8] 'ff1243_v4' [h=7D1BE8AD,$009ABB20]
  [Node$01CA508C] 'Ai_Command' [h=F55C71A7,$0098F540]: cfunction$002B3448 'Ai_Command' [h=F55C71A7,$0098F540]
  [Node$01CA50A0] 'loc_ff2033_n' [h=365379A8,$009C6F00]: table$009AB580[a=8,h=1]
    [0:$00A0AA80] 'ff2033_1' [h=BE875DE2,$00980680]
    [1:$00A0AA88] 'ff2033_2' [h=79278FB8,$0097D7E0]
    [2:$00A0AA90] 'ff2033_3' [h=D87DF12E,$009AAD20]
    [3:$00A0AA98] 'ff2033_4' [h=D3FCEF93,$00983700]
    [4:$00A0AAA0] 'ff2033_5' [h=95F98AC4,$0097E300]
    [5:$00A0AAA8] 'ff2033_6' [h=787D1FE8,$00976D40]
    [6:$00A0AAB0] 'ff2033_7' [h=C6984289,$00997520]
    [7:$00A0AAB8] 'ff2033_8' [h=124E9221,$0097FAA0]
  [Node$01CA50B4] 'gameflow_Bridge_SW_pyn2pyd_Destroyed' [h=6B0719A9,$00A36EC0]: function$0099B2A0 'gameflow_Bridge_SW_pyn2pyd_Destroyed' [h=6B0719A9,$00A36EC0]
    CONST$00A36B40 k0  'gameflow_Bridge_SW_pyn2pyd_Destroyed' [h=6B0719A9,$00A36EC0]
    CONST$00A36B48 k1  'util_PrintDebugMsg' [h=A2961C17,$00A11FC0]
    CONST$00A36B50 k2  'Bridge pyn2pyd destroyed!!!\n' [h=6834E5D9,$00A37600]
    CONST$00A36B58 k3  'gameflow_Bridge_Destroy' [h=3AF48C8C,$00A37180]
    CONST$00A36B60 k4  'bridge_pyn2pyd_01' [h=9C4766AF,$00A36F80]
    CONST$00A36B68 k5  't_pyn2pyd_01a' [h=2CE1BED7,$00996DC0]
    CONST$00A36B70 k6  't_pyn2pyd_01b' [h=6AFC8613,$009976C0]
    CODE $00A36980
      000 00000003   LOADNIL r0 ... r0
      001 00000007 SETGLOBAL r0 ->> _G[k0 ('gameflow_Bridge_SW_pyn2pyd_Destroyed' [h=6B0719A9,$00A36EC0])]
      002 00000045 GETGLOBAL r0 := _G[k1 ('util_PrintDebugMsg' [h=A2961C17,$00A11FC0])]
      003 01000081     LOADK r1 := k2 ('Bridge pyn2pyd destroyed!!!\n' [h=6834E5D9,$00A37600])
      004 00010059      CALL r0 (1 args) => 0 results
      005 000000C5 GETGLOBAL r0 := _G[k3 ('gameflow_Bridge_Destroy' [h=3AF48C8C,$00A37180])]
      006 0100800A  NEWTABLE r1 := {} (#a=1, #h=0)
      007 02000101     LOADK r2 := k4 ('bridge_pyn2pyd_01' [h=9C4766AF,$00A36F80])
      008 0100001F   SETLIST r1 [0]
      009 0201000A  NEWTABLE r2 := {} (#a=2, #h=0)
      010 03000141     LOADK r3 := k5 ('t_pyn2pyd_01a' [h=2CE1BED7,$00996DC0])
      011 04000181     LOADK r4 := k6 ('t_pyn2pyd_01b' [h=6AFC8613,$009976C0])
      012 0200005F   SETLIST r2 [1]
      013 00018059      CALL r0 (2 args) => 0 results
      014 0000801B    RETURN r0 ... r-1
  [Node$01CA5118] 'Event_ActorSpottedTrespassing' [h=050E69AE,$00A3F440]: cfunction$002BABE0 'Event_ActorSpottedTrespassing' [h=050E69AE,$00A3F440]
  [Node$01CA512C] 'challenge_Recycler_ClearTable' [h=895D11AF,$009DCAC0]: function$009894C0 'challenge_Recycler_ClearTable' [h=895D11AF,$009DCAC0]
    CONST$00989600 k0  nil
    CONST$00989608 k1  'pairs' [h=12CC6B12,$009906A0]
    CONST$00989610 k2  'Event_CancelEvent' [h=D8960070,$00A08280]
    CODE $00A05E40
      000 01003E95       BNE r0 != k0 (nil)
      001 00800254       JMP +10 ; 12
      002 01000045 GETGLOBAL r1 := _G[k1 ('pairs' [h=12CC6B12,$009906A0])]
      003 02000000      MOVE r2 := r0
      004 01010159      CALL r1 (1 args) => 4 results
      005 018000DE  TFORPREP WIP
      006 05000085 GETGLOBAL r5 := _G[k2 ('Event_CancelEvent' [h=D8960070,$00A08280])]
      007 06020000      MOVE r6 := r4
      008 05010059      CALL r5 (1 args) => 0 results
      009 0001BE89  SETTABLE k0 (nil) ->> r0[r3]
      010 0100005D  TFORLOOP WIP
      011 007FFE54       JMP -6 ; 6
      012 0000801B    RETURN r0 ... r-1
  [Node$01CA5154] 'spawn_ActorTables' [h=4BB339B1,$00A371C0]: function$00989660[1] 'spawn_ActorTables' [h=4BB339B1,$00A371C0]
    CONST$00D94240 k0  'type' [h=0070EF71,$00990720]
    CONST$00D94248 k1  'string' [h=81F98B41,$00980520]
    CONST$00D94250 k2  'assert' [h=92EA3D15,$00991340]
    CONST$00D94258 k3  'table' [h=10F2114B,$00979B40]
    CONST$00D94260 k4  'ASSERT: Spawn.lua: spawn_ActorTables: tTemplates is not a table' [h=3C21E506,$00AA98C0]
    CONST$00D94268 k5  'ASSERT: Spawn.lua: spawn_ActorTables: tLocations is not a table' [h=013ECF9E,$00AA97C0]
    CONST$00D94270 k6  'tNameCollision' [h=BA06ED43,$009ABC00]
    CONST$00D94278 k7  'tDefault_spawn_ActorTableSettings' [h=716F1C57,$00A297C0]
    CONST$00D94280 k8  'util_SetDefault' [h=3072A05A,$009A7800]
    CONST$00D94288 k9  nil
    CONST$00D94290 k10 'table_Copy' [h=84C4D84B,$009C3B80]
    CONST$00D94298 k11 'FALSE' [h=0E4B730F,$009965C0]
    CONST$00D942A0 k12 'ASSERT: Spawn.lua: spawn_ActorTables: tSettings is ' [h=1653737F,$00AA95C0]
    CONST$00D942A8 k13 ' instead of a table.' [h=FDFE93E4,$009F4F40]
    CONST$00D942B0 k14 'nTemplatesMax' [h=14A8D819,$0099E040]
    CONST$00D942B8 k15 'getn' [h=0083B006,$00978AA0]
    CONST$00D942C0 k16 'nTemplatesMin' [h=85D666A2,$009A2FC0]
    CONST$00D942C8 k17 'util_GetRandomIntInRange' [h=E995DC0A,$009E00C0]
    CONST$00D942D0 k18 'nLocationsMax' [h=4D3F5402,$00989DA0]
    CONST$00D942D8 k19 'nLocationsMin' [h=03DFF5DF,$009A5AE0]
    CONST$00D942E0 k20 0.0
    CONST$00D942E8 k21 'remove' [h=4893DA49,$009C7B40]
    CONST$00D942F0 k22 1.0
    CONST$00D942F8 k23 'g_debugSpawn' [h=04F903B8,$00985940]
    CONST$00D94300 k24 'table_Debug' [h=EAB4DD10,$009A10A0]
    CONST$00D94308 k25 '     ' [h=0C338AC5,$009810E0]
    CONST$00D94310 k26 '' [h=00000000,$009A78C0]
    CONST$00D94318 k27 'nNameBaseStartIndex' [h=EC2E230C,$00A31000]
    CONST$00D94320 k28 'sNameBase' [h=272F9148,$0099FE40]
    CONST$00D94328 k29 'tostring' [h=787EB105,$00990700]
    CONST$00D94330 k30 '_driver' [h=9AC9BB00,$009C7DE0]
    CONST$00D94338 k31 '_passa' [h=7317D842,$009AAE80]
    CONST$00D94340 k32 '_passb' [h=792FD393,$00997340]
    CONST$00D94348 k33 '_passc' [h=6E57393C,$009C3DC0]
    CONST$00D94350 k34 '_passd' [h=56B7FFA4,$009A4340]
    CONST$00D94358 k35 '_passe' [h=4B6C617E,$009C4AC0]
    CONST$00D94360 k36 '_passf' [h=90043936,$009C5020]
    CONST$00D94368 k37 'bUnique' [h=9233073F,$009A4A20]
    CONST$00D94370 k38 'bRemoveNamedRiders' [h=B01EE30E,$009E8B80]
    CONST$00D94378 k39 'Utility_DoesActorExist' [h=446B4DB5,$009D8BC0]
    CONST$00D94380 k40 'ipairs' [h=B6F4A157,$00990680]
    CONST$00D94388 k41 'Actor_Remove' [h=3657B3EC,$00977B00]
    CONST$00D94390 k42 'x' [h=00000099,$009A6B80]
    CONST$00D94398 k43 'y' [h=00000098,$009A6B60]
    CONST$00D943A0 k44 'z' [h=0000009B,$009A6B40]
    CONST$00D943A8 k45 'yaw' [h=0003646B,$009A6B20]
    CONST$00D943B0 k46 'Location_GetPosition' [h=A933ECC8,$00A108C0]
    CONST$00D943B8 k47 'Location_GetYaw' [h=888B12C2,$009C71A0]
    CONST$00D943C0 k48 'bDeleteLoc' [h=52ECBEBF,$00992BC0]
    CONST$00D943C8 k49 'bYawRandom' [h=18F4BE79,$009964C0]
    CONST$00D943D0 k50 'util_GetRandomFloatInRange' [h=0C36D81F,$00A3C300]
    CONST$00D943D8 k51 'nYawMin' [h=09CC3293,$009AA7E0]
    CONST$00D943E0 k52 180.0
    CONST$00D943E8 k53 -180.0
    CONST$00D943F0 k54 'nYawMax' [h=AA900907,$009A4100]
    CONST$00D943F8 k55 'nil' [h=000347C9,$0098F140]
    CONST$00D94400 k56 'bQueue' [h=4837AE19,$00998DE0]
    CONST$00D94408 k57 'Mission_Spawn' [h=59A02AE9,$0098E260]
    CONST$00D94410 k58 'bResetToHome' [h=35A98384,$00985EE0]
    CONST$00D94418 k59 'Utility_GetActor' [h=077E9779,$00A06B80]
    CONST$00D94420 k60 'Actor_SetPosition' [h=1D26B41B,$00A3F180]
    CONST$00D94428 k61 'Actor_SetYaw' [h=B08E3772,$00977AA0]
    CONST$00D94430 k62 'bResetSettings' [h=8419CD38,$00994700]
    CONST$00D94438 k63 'sEncounter' [h=4CD961D9,$009A5C20]
    CONST$00D94440 k64 'sSquad' [h=7089B391,$009C60E0]
    CONST$00D94448 k65 'Ai_SetSquad' [h=18402E9B,$0098AEC0]
    CONST$00D94450 k66 'bInvincible' [h=4FA74776,$00980D80]
    CONST$00D94458 k67 'Actor_SetInvincible' [h=3C5DC0FC,$00A3F9C0]
    CONST$00D94460 k68 'spawn_ActorQueueAdd' [h=74976BF9,$00A0BBC0]
    CONST$00D94468 k69 'fSetup' [h=9C855945,$0097EAC0]
    CONST$00D94470 k70 'bReturnSpawnedOnly' [h=B21176FC,$00A0E6C0]
    CONST$00D94478 k71 'insert' [h=92EA3D93,$0099E280]
    CONST$00D94480 k72 'function_Call' [h=35CC729B,$009A6380]
    CONST$00D94488 k73 'util_GetFunct' [h=804789D1,$00980C60]
    CODE $01AEF780
      000 03000005 GETGLOBAL r3 := _G[k0 ('type' [h=0070EF71,$00990720])]
      001 04000000      MOVE r4 := r0
      002 03010099      CALL r3 (1 args) => 1 results
      003 0001BED5       BEQ r3 == k1 ('string' [h=81F98B41,$00980520])
      004 008000D4       JMP +4 ; 9
      005 0300800A  NEWTABLE r3 := {} (#a=1, #h=0)
      006 04000000      MOVE r4 := r0
      007 0300001F   SETLIST r3 [0]
      008 00018000      MOVE r0 := r3
      009 03000005 GETGLOBAL r3 := _G[k0 ('type' [h=0070EF71,$00990720])]
      010 04008000      MOVE r4 := r1
      011 03010099      CALL r3 (1 args) => 1 results
      012 0001BED5       BEQ r3 == k1 ('string' [h=81F98B41,$00980520])
      013 008000D4       JMP +4 ; 18
      014 0300800A  NEWTABLE r3 := {} (#a=1, #h=0)
      015 04008000      MOVE r4 := r1
      016 0300001F   SETLIST r3 [0]
      017 01018000      MOVE r1 := r3
      018 03000004  GETUPVAL r3 := u0
      019 03018018      TEST not r3: r3 := r3 ; or skip
      020 008004D4       JMP +20 ; 41
      021 03000085 GETGLOBAL r3 := _G[k2 ('assert' [h=92EA3D15,$00991340])]
      022 04000005 GETGLOBAL r4 := _G[k0 ('type' [h=0070EF71,$00990720])]
      023 05000000      MOVE r5 := r0
      024 04010099      CALL r4 (1 args) => 1 results
      025 01023F55       BNE r4 != k3 ('table' [h=10F2114B,$00979B40])
      026 00800014       JMP +1 ; 28
      027 04000042  LOADBOOL r4 := False ; br 29
      028 04008002  LOADBOOL r4 := True
      029 05000101     LOADK r5 := k4 ('ASSERT: Spawn.lua: spawn_ActorTables: tTemplates is not a table' [h=3C21E506,$00AA98C0])
      030 03018059      CALL r3 (2 args) => 0 results
      031 03000085 GETGLOBAL r3 := _G[k2 ('assert' [h=92EA3D15,$00991340])]
      032 04000005 GETGLOBAL r4 := _G[k0 ('type' [h=0070EF71,$00990720])]
      033 05008000      MOVE r5 := r1
      034 04010099      CALL r4 (1 args) => 1 results
      035 01023F55       BNE r4 != k3 ('table' [h=10F2114B,$00979B40])
      036 00800014       JMP +1 ; 38
      037 04000042  LOADBOOL r4 := False ; br 39
      038 04008002  LOADBOOL r4 := True
      039 05000141     LOADK r5 := k5 ('ASSERT: Spawn.lua: spawn_ActorTables: tLocations is not a table' [h=013ECF9E,$00AA97C0])
      040 03018059      CALL r3 (2 args) => 0 results
      041 03000005 GETGLOBAL r3 := _G[k0 ('type' [h=0070EF71,$00990720])]
      042 04010000      MOVE r4 := r2
      043 03010099      CALL r3 (1 args) => 1 results
      044 0001BF55       BEQ r3 == k3 ('table' [h=10F2114B,$00979B40])
      045 008007D4       JMP +32 ; 78
      046 03000005 GETGLOBAL r3 := _G[k0 ('type' [h=0070EF71,$00990720])]
      047 04014006  GETTABLE r4 := r2[k6 ('tNameCollision' [h=BA06ED43,$009ABC00])]
      048 03010099      CALL r3 (1 args) => 1 results
      049 0001BF55       BEQ r3 == k3 ('table' [h=10F2114B,$00979B40])
      050 00800394       JMP +15 ; 66
      051 030001C5 GETGLOBAL r3 := _G[k7 ('tDefault_spawn_ActorTableSettings' [h=716F1C57,$00A297C0])]
      052 0301C006  GETTABLE r3 := r3[k6 ('tNameCollision' [h=BA06ED43,$009ABC00])]
      053 04030003   LOADNIL r4 ... r6
      054 0380021E  TFORPREP WIP
      055 07014006  GETTABLE r7 := r2[k6 ('tNameCollision' [h=BA06ED43,$009ABC00])]
      056 08000205 GETGLOBAL r8 := _G[k8 ('util_SetDefault' [h=3072A05A,$009A7800])]
      057 09014006  GETTABLE r9 := r2[k6 ('tNameCollision' [h=BA06ED43,$009ABC00])]
      058 09048146  GETTABLE r9 := r9[r5]
      059 0A0001C5 GETGLOBAL r10 := _G[k7 ('tDefault_spawn_ActorTableSettings' [h=716F1C57,$00A297C0])]
      060 0A054006  GETTABLE r10 := r10[k6 ('tNameCollision' [h=BA06ED43,$009ABC00])]
      061 0A050146  GETTABLE r10 := r10[r5]
      062 08018099      CALL r8 (2 args) => 1 results
      063 07028209  SETTABLE r8 ->> r7[r5]
      064 0300005D  TFORLOOP WIP
      065 007FFD14       JMP -11 ; 55
      066 030001C5 GETGLOBAL r3 := _G[k7 ('tDefault_spawn_ActorTableSettings' [h=716F1C57,$00A297C0])]
      067 04030003   LOADNIL r4 ... r6
      068 0380015E  TFORPREP WIP
      069 07000205 GETGLOBAL r7 := _G[k8 ('util_SetDefault' [h=3072A05A,$009A7800])]
      070 08010146  GETTABLE r8 := r2[r5]
      071 090001C5 GETGLOBAL r9 := _G[k7 ('tDefault_spawn_ActorTableSettings' [h=716F1C57,$00A297C0])]
      072 09048146  GETTABLE r9 := r9[r5]
      073 07018099      CALL r7 (2 args) => 1 results
      074 020281C9  SETTABLE r7 ->> r2[r5]
      075 0300005D  TFORLOOP WIP
      076 007FFDD4       JMP -8 ; 69
      077 00800494       JMP +19 ; 97
      078 000140D5       BEQ r2 == k9 (nil)
      079 00800114       JMP +5 ; 85
      080 03000285 GETGLOBAL r3 := _G[k10 ('table_Copy' [h=84C4D84B,$009C3B80])]
      081 040001C5 GETGLOBAL r4 := _G[k7 ('tDefault_spawn_ActorTableSettings' [h=716F1C57,$00A297C0])]
      082 03010099      CALL r3 (1 args) => 1 results
      083 02018000      MOVE r2 := r3
      084 008002D4       JMP +12 ; 97
      085 03000004  GETUPVAL r3 := u0
      086 03018018      TEST not r3: r3 := r3 ; or skip
      087 00800214       JMP +9 ; 97
      088 03000085 GETGLOBAL r3 := _G[k2 ('assert' [h=92EA3D15,$00991340])]
      089 040002C5 GETGLOBAL r4 := _G[k11 ('FALSE' [h=0E4B730F,$009965C0])]
      090 05000301     LOADK r5 := k12 ('ASSERT: Spawn.lua: spawn_ActorTables: tSettings is ' [h=1653737F,$00AA95C0])
      091 06000005 GETGLOBAL r6 := _G[k0 ('type' [h=0070EF71,$00990720])]
      092 07010000      MOVE r7 := r2
      093 06010099      CALL r6 (1 args) => 1 results
      094 07000341     LOADK r7 := k13 (' instead of a table.' [h=FDFE93E4,$009F4F40])
      095 050281D3    CONCAT r5 := r5 ... r7
      096 03018059      CALL r3 (2 args) => 0 results
      097 03000205 GETGLOBAL r3 := _G[k8 ('util_SetDefault' [h=3072A05A,$009A7800])]
      098 04014206  GETTABLE r4 := r2[k14 ('nTemplatesMax' [h=14A8D819,$0099E040])]
      099 050000C5 GETGLOBAL r5 := _G[k3 ('table' [h=10F2114B,$00979B40])]
      100 0502C246  GETTABLE r5 := r5[k15 ('getn' [h=0083B006,$00978AA0])]
      101 06000000      MOVE r6 := r0
      102 05010019      CALL r5 (1 args) => -1 results
      103 03000099      CALL r3 (-1 args) => 1 results
      104 028400C9  SETTABLE r3 ->> r2[k14 ('nTemplatesMax' [h=14A8D819,$0099E040])]
      105 03014206  GETTABLE r3 := r2[k14 ('nTemplatesMax' [h=14A8D819,$0099E040])]
      106 040000C5 GETGLOBAL r4 := _G[k3 ('table' [h=10F2114B,$00979B40])]
      107 04024246  GETTABLE r4 := r4[k15 ('getn' [h=0083B006,$00978AA0])]
      108 05000000      MOVE r5 := r0
      109 04010099      CALL r4 (1 args) => 1 results
      110 000200D6       BLT r4 < r3
      111 00800114       JMP +5 ; 117
      112 030000C5 GETGLOBAL r3 := _G[k3 ('table' [h=10F2114B,$00979B40])]
      113 0301C246  GETTABLE r3 := r3[k15 ('getn' [h=0083B006,$00978AA0])]
      114 04000000      MOVE r4 := r0
      115 03010099      CALL r3 (1 args) => 1 results
      116 028400C9  SETTABLE r3 ->> r2[k14 ('nTemplatesMax' [h=14A8D819,$0099E040])]
      117 03000205 GETGLOBAL r3 := _G[k8 ('util_SetDefault' [h=3072A05A,$009A7800])]
      118 04014286  GETTABLE r4 := r2[k16 ('nTemplatesMin' [h=85D666A2,$009A2FC0])]
      119 05014206  GETTABLE r5 := r2[k14 ('nTemplatesMax' [h=14A8D819,$0099E040])]
      120 03018099      CALL r3 (2 args) => 1 results
      121 028500C9  SETTABLE r3 ->> r2[k16 ('nTemplatesMin' [h=85D666A2,$009A2FC0])]
      122 03014286  GETTABLE r3 := r2[k16 ('nTemplatesMin' [h=85D666A2,$009A2FC0])]
      123 04014206  GETTABLE r4 := r2[k14 ('nTemplatesMax' [h=14A8D819,$0099E040])]
      124 000200D6       BLT r4 < r3
      125 00800054       JMP +2 ; 128
      126 03014206  GETTABLE r3 := r2[k14 ('nTemplatesMax' [h=14A8D819,$0099E040])]
      127 028500C9  SETTABLE r3 ->> r2[k16 ('nTemplatesMin' [h=85D666A2,$009A2FC0])]
      128 03000445 GETGLOBAL r3 := _G[k17 ('util_GetRandomIntInRange' [h=E995DC0A,$009E00C0])]
      129 04014286  GETTABLE r4 := r2[k16 ('nTemplatesMin' [h=85D666A2,$009A2FC0])]
      130 05014206  GETTABLE r5 := r2[k14 ('nTemplatesMax' [h=14A8D819,$0099E040])]
      131 03018099      CALL r3 (2 args) => 1 results
      132 04000205 GETGLOBAL r4 := _G[k8 ('util_SetDefault' [h=3072A05A,$009A7800])]
      133 05014306  GETTABLE r5 := r2[k18 ('nLocationsMax' [h=4D3F5402,$00989DA0])]
      134 060000C5 GETGLOBAL r6 := _G[k3 ('table' [h=10F2114B,$00979B40])]
      135 06034246  GETTABLE r6 := r6[k15 ('getn' [h=0083B006,$00978AA0])]
      136 07008000      MOVE r7 := r1
      137 06010019      CALL r6 (1 args) => -1 results
      138 04000099      CALL r4 (-1 args) => 1 results
      139 02860109  SETTABLE r4 ->> r2[k18 ('nLocationsMax' [h=4D3F5402,$00989DA0])]
      140 04014306  GETTABLE r4 := r2[k18 ('nLocationsMax' [h=4D3F5402,$00989DA0])]
      141 050000C5 GETGLOBAL r5 := _G[k3 ('table' [h=10F2114B,$00979B40])]
      142 0502C246  GETTABLE r5 := r5[k15 ('getn' [h=0083B006,$00978AA0])]
      143 06008000      MOVE r6 := r1
      144 05010099      CALL r5 (1 args) => 1 results
      145 00028116       BLT r5 < r4
      146 00800114       JMP +5 ; 152
      147 040000C5 GETGLOBAL r4 := _G[k3 ('table' [h=10F2114B,$00979B40])]
      148 04024246  GETTABLE r4 := r4[k15 ('getn' [h=0083B006,$00978AA0])]
      149 05008000      MOVE r5 := r1
      150 04010099      CALL r4 (1 args) => 1 results
      151 02860109  SETTABLE r4 ->> r2[k18 ('nLocationsMax' [h=4D3F5402,$00989DA0])]
      152 04000205 GETGLOBAL r4 := _G[k8 ('util_SetDefault' [h=3072A05A,$009A7800])]
      153 05014346  GETTABLE r5 := r2[k19 ('nLocationsMin' [h=03DFF5DF,$009A5AE0])]
      154 06014306  GETTABLE r6 := r2[k18 ('nLocationsMax' [h=4D3F5402,$00989DA0])]
      155 04018099      CALL r4 (2 args) => 1 results
      156 02868109  SETTABLE r4 ->> r2[k19 ('nLocationsMin' [h=03DFF5DF,$009A5AE0])]
      157 04014346  GETTABLE r4 := r2[k19 ('nLocationsMin' [h=03DFF5DF,$009A5AE0])]
      158 05014306  GETTABLE r5 := r2[k18 ('nLocationsMax' [h=4D3F5402,$00989DA0])]
      159 00028116       BLT r5 < r4
      160 00800054       JMP +2 ; 163
      161 04014306  GETTABLE r4 := r2[k18 ('nLocationsMax' [h=4D3F5402,$00989DA0])]
      162 02868109  SETTABLE r4 ->> r2[k19 ('nLocationsMin' [h=03DFF5DF,$009A5AE0])]
      163 04000445 GETGLOBAL r4 := _G[k17 ('util_GetRandomIntInRange' [h=E995DC0A,$009E00C0])]
      164 05014346  GETTABLE r5 := r2[k19 ('nLocationsMin' [h=03DFF5DF,$009A5AE0])]
      165 06014306  GETTABLE r6 := r2[k18 ('nLocationsMax' [h=4D3F5402,$00989DA0])]
      166 04018099      CALL r4 (2 args) => 1 results
      167 008700D6       BLT k20 (0.0) < r3
      168 00806E54       JMP +442 ; 611
      169 00870116       BLT k20 (0.0) < r4
      170 00806DD4       JMP +440 ; 611
      171 05030003   LOADNIL r5 ... r6
      172 070000C5 GETGLOBAL r7 := _G[k3 ('table' [h=10F2114B,$00979B40])]
      173 0703C246  GETTABLE r7 := r7[k15 ('getn' [h=0083B006,$00978AA0])]
      174 08000000      MOVE r8 := r0
      175 07010099      CALL r7 (1 args) => 1 results
      176 000181D6       BLT r3 < r7
      177 00800594       JMP +23 ; 201
      178 07000285 GETGLOBAL r7 := _G[k10 ('table_Copy' [h=84C4D84B,$009C3B80])]
      179 08000000      MOVE r8 := r0
      180 07010099      CALL r7 (1 args) => 1 results
      181 05038000      MOVE r5 := r7
      182 00800294       JMP +11 ; 194
      183 070000C5 GETGLOBAL r7 := _G[k3 ('table' [h=10F2114B,$00979B40])]
      184 0703C3C6  GETTABLE r7 := r7[k21 ('remove' [h=4893DA49,$009C7B40])]
      185 08028000      MOVE r8 := r5
      186 09000445 GETGLOBAL r9 := _G[k17 ('util_GetRandomIntInRange' [h=E995DC0A,$009E00C0])]
      187 0A000581     LOADK r10 := k22 (1.0)
      188 0B0000C5 GETGLOBAL r11 := _G[k3 ('table' [h=10F2114B,$00979B40])]
      189 0B05C246  GETTABLE r11 := r11[k15 ('getn' [h=0083B006,$00978AA0])]
      190 0C028000      MOVE r12 := r5
      191 0B010019      CALL r11 (1 args) => -1 results
      192 09000019      CALL r9 (-1 args) => -1 results
      193 07000059      CALL r7 (-1 args) => 0 results
      194 070000C5 GETGLOBAL r7 := _G[k3 ('table' [h=10F2114B,$00979B40])]
      195 0703C246  GETTABLE r7 := r7[k15 ('getn' [h=0083B006,$00978AA0])]
      196 08028000      MOVE r8 := r5
      197 07010099      CALL r7 (1 args) => 1 results
      198 010181D6       BGE r3 >= r7
      199 007FFB94       JMP -17 ; 183
      200 00800014       JMP +1 ; 202
      201 05000000      MOVE r5 := r0
      202 070005C5 GETGLOBAL r7 := _G[k23 ('g_debugSpawn' [h=04F903B8,$00985940])]
      203 07038018      TEST not r7: r7 := r7 ; or skip
      204 00800214       JMP +9 ; 214
      205 07000581     LOADK r7 := k22 (1.0)
      206 080000C5 GETGLOBAL r8 := _G[k3 ('table' [h=10F2114B,$00979B40])]
      207 08044246  GETTABLE r8 := r8[k15 ('getn' [h=0083B006,$00978AA0])]
      208 09028000      MOVE r9 := r5
      209 08010099      CALL r8 (1 args) => 1 results
      210 09000581     LOADK r9 := k22 (1.0)
      211 0703824D       SUB r7 := r7 - r9
      212 007FFFD4       JMP +0 ; 213
      213 077FFF9C   FORLOOP r7 := r9; if r7 <= r8 JMP -1
      214 070000C5 GETGLOBAL r7 := _G[k3 ('table' [h=10F2114B,$00979B40])]
      215 0703C246  GETTABLE r7 := r7[k15 ('getn' [h=0083B006,$00978AA0])]
      216 08008000      MOVE r8 := r1
      217 07010099      CALL r7 (1 args) => 1 results
      218 000201D6       BLT r4 < r7
      219 00800594       JMP +23 ; 243
      220 07000285 GETGLOBAL r7 := _G[k10 ('table_Copy' [h=84C4D84B,$009C3B80])]
      221 08008000      MOVE r8 := r1
      222 07010099      CALL r7 (1 args) => 1 results
      223 06038000      MOVE r6 := r7
      224 00800294       JMP +11 ; 236
      225 070000C5 GETGLOBAL r7 := _G[k3 ('table' [h=10F2114B,$00979B40])]
      226 0703C3C6  GETTABLE r7 := r7[k21 ('remove' [h=4893DA49,$009C7B40])]
      227 08030000      MOVE r8 := r6
      228 09000445 GETGLOBAL r9 := _G[k17 ('util_GetRandomIntInRange' [h=E995DC0A,$009E00C0])]
      229 0A000581     LOADK r10 := k22 (1.0)
      230 0B0000C5 GETGLOBAL r11 := _G[k3 ('table' [h=10F2114B,$00979B40])]
      231 0B05C246  GETTABLE r11 := r11[k15 ('getn' [h=0083B006,$00978AA0])]
      232 0C030000      MOVE r12 := r6
      233 0B010019      CALL r11 (1 args) => -1 results
      234 09000019      CALL r9 (-1 args) => -1 results
      235 07000059      CALL r7 (-1 args) => 0 results
      236 070000C5 GETGLOBAL r7 := _G[k3 ('table' [h=10F2114B,$00979B40])]
      237 0703C246  GETTABLE r7 := r7[k15 ('getn' [h=0083B006,$00978AA0])]
      238 08030000      MOVE r8 := r6
      239 07010099      CALL r7 (1 args) => 1 results
      240 010201D6       BGE r4 >= r7
      241 007FFB94       JMP -17 ; 225
      242 00800014       JMP +1 ; 244
      243 06008000      MOVE r6 := r1
      244 070005C5 GETGLOBAL r7 := _G[k23 ('g_debugSpawn' [h=04F903B8,$00985940])]
      245 07038018      TEST not r7: r7 := r7 ; or skip
      246 00800214       JMP +9 ; 256
      247 07000581     LOADK r7 := k22 (1.0)
      248 080000C5 GETGLOBAL r8 := _G[k3 ('table' [h=10F2114B,$00979B40])]
      249 08044246  GETTABLE r8 := r8[k15 ('getn' [h=0083B006,$00978AA0])]
      250 09030000      MOVE r9 := r6
      251 08010099      CALL r8 (1 args) => 1 results
      252 09000581     LOADK r9 := k22 (1.0)
      253 0703824D       SUB r7 := r7 - r9
      254 007FFFD4       JMP +0 ; 255
      255 077FFF9C   FORLOOP r7 := r9; if r7 <= r8 JMP -1
      256 070005C5 GETGLOBAL r7 := _G[k23 ('g_debugSpawn' [h=04F903B8,$00985940])]
      257 07038018      TEST not r7: r7 := r7 ; or skip
      258 00800194       JMP +7 ; 266
      259 07000605 GETGLOBAL r7 := _G[k24 ('table_Debug' [h=EAB4DD10,$009A10A0])]
      260 08010000      MOVE r8 := r2
      261 09008002  LOADBOOL r9 := True
      262 0A008002  LOADBOOL r10 := True
      263 0B000641     LOADK r11 := k25 ('     ' [h=0C338AC5,$009810E0])
      264 0C008002  LOADBOOL r12 := True
      265 07030059      CALL r7 (5 args) => 0 results
      266 07000681     LOADK r7 := k26 ('' [h=00000000,$009A78C0])
      267 08014546  GETTABLE r8 := r2[k27 ('nNameBaseStartIndex' [h=EC2E230C,$00A31000])]
      268 0900000A  NEWTABLE r9 := {} (#a=0, #h=0)
      269 0A00000A  NEWTABLE r10 := {} (#a=0, #h=0)
      270 0B00000A  NEWTABLE r11 := {} (#a=0, #h=0)
      271 0C088003   LOADNIL r12 ... r17
      272 12000002  LOADBOOL r18 := False
      273 13030000      MOVE r19 := r6
      274 140B0003   LOADNIL r20 ... r22
      275 1380519E  TFORPREP WIP
      276 17000445 GETGLOBAL r23 := _G[k17 ('util_GetRandomIntInRange' [h=E995DC0A,$009E00C0])]
      277 18000581     LOADK r24 := k22 (1.0)
      278 190000C5 GETGLOBAL r25 := _G[k3 ('table' [h=10F2114B,$00979B40])]
      279 190CC246  GETTABLE r25 := r25[k15 ('getn' [h=0083B006,$00978AA0])]
      280 1A028000      MOVE r26 := r5
      281 19010019      CALL r25 (1 args) => -1 results
      282 17000099      CALL r23 (-1 args) => 1 results
      283 170005C6  GETTABLE r23 := r0[r23]
      284 008001D4       JMP +8 ; 293
      285 18000445 GETGLOBAL r24 := _G[k17 ('util_GetRandomIntInRange' [h=E995DC0A,$009E00C0])]
      286 19000581     LOADK r25 := k22 (1.0)
      287 1A0000C5 GETGLOBAL r26 := _G[k3 ('table' [h=10F2114B,$00979B40])]
      288 1A0D4246  GETTABLE r26 := r26[k15 ('getn' [h=0083B006,$00978AA0])]
      289 1B0B8000      MOVE r27 := r23
      290 1A010019      CALL r26 (1 args) => -1 results
      291 18000099      CALL r24 (-1 args) => 1 results
      292 170B8606  GETTABLE r23 := r23[r24]
      293 18000005 GETGLOBAL r24 := _G[k0 ('type' [h=0070EF71,$00990720])]
      294 190B8000      MOVE r25 := r23
      295 18010099      CALL r24 (1 args) => 1 results
      296 010C3F55       BNE r24 != k3 ('table' [h=10F2114B,$00979B40])
      297 007FFC94       JMP -13 ; 285
      298 18000005 GETGLOBAL r24 := _G[k0 ('type' [h=0070EF71,$00990720])]
      299 19014586  GETTABLE r25 := r2[k28 ('sNameBase' [h=272F9148,$0099FE40])]
      300 18010099      CALL r24 (1 args) => 1 results
      301 000C3ED5       BEQ r24 == k1 ('string' [h=81F98B41,$00980520])
      302 00801194       JMP +71 ; 374
      303 18014586  GETTABLE r24 := r2[k28 ('sNameBase' [h=272F9148,$0099FE40])]
      304 19000745 GETGLOBAL r25 := _G[k29 ('tostring' [h=787EB105,$00990700])]
      305 1A040000      MOVE r26 := r8
      306 19010099      CALL r25 (1 args) => 1 results
      307 070C0653    CONCAT r7 := r24 ... r25
      308 1803800A  NEWTABLE r24 := {} (#a=7, #h=0)
      309 19000781     LOADK r25 := k30 ('_driver' [h=9AC9BB00,$009C7DE0])
      310 1A0007C1     LOADK r26 := k31 ('_passa' [h=7317D842,$009AAE80])
      311 1B000801     LOADK r27 := k32 ('_passb' [h=792FD393,$00997340])
      312 1C000841     LOADK r28 := k33 ('_passc' [h=6E57393C,$009C3DC0])
      313 1D000881     LOADK r29 := k34 ('_passd' [h=56B7FFA4,$009A4340])
      314 1E0008C1     LOADK r30 := k35 ('_passe' [h=4B6C617E,$009C4AC0])
      315 1F000901     LOADK r31 := k36 ('_passf' [h=90043936,$009C5020])
      316 1800019F   SETLIST r24 [6]
      317 19000022   CLOSURE r25 := closure(0, r25...)
      318 000B0000      MOVE r0 := r22
      319 000B8000      MOVE r0 := r23
      320 000C0000      MOVE r0 := r24
      321 1A014006  GETTABLE r26 := r2[k6 ('tNameCollision' [h=BA06ED43,$009ABC00])]
      322 1A0D47C6  GETTABLE r26 := r26[k37 ('bUnique' [h=9233073F,$009A4A20])]
      323 1A0D0018      TEST not r26: r26 := r26 ; or skip
      324 008002D4       JMP +12 ; 337
      325 00800014       JMP +1 ; 327
      326 0804440C       ADD r8 := r8 + k22 (1.0)
      327 1A0C8000      MOVE r26 := r25
      328 1B014586  GETTABLE r27 := r2[k28 ('sNameBase' [h=272F9148,$0099FE40])]
      329 1C000745 GETGLOBAL r28 := _G[k29 ('tostring' [h=787EB105,$00990700])]
      330 1D040000      MOVE r29 := r8
      331 1C010099      CALL r28 (1 args) => 1 results
      332 1B0D8713    CONCAT r27 := r27 ... r28
      333 1C014006  GETTABLE r28 := r2[k6 ('tNameCollision' [h=BA06ED43,$009ABC00])]
      334 1A018099      CALL r26 (2 args) => 1 results
      335 1A0D0058      TEST r26: r26 := r26 ; or skip
      336 007FFD14       JMP -11 ; 326
      337 1A014586  GETTABLE r26 := r2[k28 ('sNameBase' [h=272F9148,$0099FE40])]
      338 1B000745 GETGLOBAL r27 := _G[k29 ('tostring' [h=787EB105,$00990700])]
      339 1C040000      MOVE r28 := r8
      340 1B010099      CALL r27 (1 args) => 1 results
      341 070D06D3    CONCAT r7 := r26 ... r27
      342 1A014006  GETTABLE r26 := r2[k6 ('tNameCollision' [h=BA06ED43,$009ABC00])]
      343 1A0D4806  GETTABLE r26 := r26[k38 ('bRemoveNamedRiders' [h=B01EE30E,$009E8B80])]
      344 1A0D0018      TEST not r26: r26 := r26 ; or skip
      345 00800554       JMP +22 ; 368
      346 1A0009C5 GETGLOBAL r26 := _G[k39 ('Utility_DoesActorExist' [h=446B4DB5,$009D8BC0])]
      347 1B038000      MOVE r27 := r7
      348 1A010099      CALL r26 (1 args) => 1 results
      349 1A0D0058      TEST r26: r26 := r26 ; or skip
      350 00800414       JMP +17 ; 368
      351 1A000A05 GETGLOBAL r26 := _G[k40 ('ipairs' [h=B6F4A157,$00990680])]
      352 1B0C0000      MOVE r27 := r24
      353 1A010159      CALL r26 (1 args) => 4 results
      354 1A80029E  TFORPREP WIP
      355 1E038000      MOVE r30 := r7
      356 1F0E8000      MOVE r31 := r29
      357 1E0F07D3    CONCAT r30 := r30 ... r31
      358 1F0009C5 GETGLOBAL r31 := _G[k39 ('Utility_DoesActorExist' [h=446B4DB5,$009D8BC0])]
      359 200F0000      MOVE r32 := r30
      360 1F010099      CALL r31 (1 args) => 1 results
      361 1F0F8018      TEST not r31: r31 := r31 ; or skip
      362 00800094       JMP +3 ; 366
      363 1F000A45 GETGLOBAL r31 := _G[k41 ('Actor_Remove' [h=3657B3EC,$00977B00])]
      364 200F0000      MOVE r32 := r30
      365 1F010059      CALL r31 (1 args) => 0 results
      366 1A00005D  TFORLOOP WIP
      367 007FFC94       JMP -13 ; 355
      368 1A0009C5 GETGLOBAL r26 := _G[k39 ('Utility_DoesActorExist' [h=446B4DB5,$009D8BC0])]
      369 1B038000      MOVE r27 := r7
      370 1A010099      CALL r26 (1 args) => 1 results
      371 110D0000      MOVE r17 := r26
      372 18000021     CLOSE r24 ...
      373 00800014       JMP +1 ; 375
      374 11000002  LOADBOOL r17 := False
      375 180B0000      MOVE r24 := r22
      376 19000005 GETGLOBAL r25 := _G[k0 ('type' [h=0070EF71,$00990720])]
      377 1A0C0000      MOVE r26 := r24
      378 19010099      CALL r25 (1 args) => 1 results
      379 000CBF55       BEQ r25 == k3 ('table' [h=10F2114B,$00979B40])
      380 00800114       JMP +5 ; 386
      381 0D0C4906  GETTABLE r13 := r24[k42 ('x' [h=00000099,$009A6B80])]
      382 0E0C4946  GETTABLE r14 := r24[k43 ('y' [h=00000098,$009A6B60])]
      383 0F0C4986  GETTABLE r15 := r24[k44 ('z' [h=0000009B,$009A6B40])]
      384 100C49C6  GETTABLE r16 := r24[k45 ('yaw' [h=0003646B,$009A6B20])]
      385 008003D4       JMP +16 ; 402
      386 19000B85 GETGLOBAL r25 := _G[k46 ('Location_GetPosition' [h=A933ECC8,$00A108C0])]
      387 1A0C0000      MOVE r26 := r24
      388 19010119      CALL r25 (1 args) => 3 results
      389 0F0D8000      MOVE r15 := r27
      390 0E0D0000      MOVE r14 := r26
      391 0D0C8000      MOVE r13 := r25
      392 19000BC5 GETGLOBAL r25 := _G[k47 ('Location_GetYaw' [h=888B12C2,$009C71A0])]
      393 1A0C0000      MOVE r26 := r24
      394 19010099      CALL r25 (1 args) => 1 results
      395 100C8011       UNM r16 := -r25
      396 19014A86  GETTABLE r25 := r2[k48 ('bDeleteLoc' [h=52ECBEBF,$00992BC0])]
      397 190C8018      TEST not r25: r25 := r25 ; or skip
      398 00800094       JMP +3 ; 402
      399 19000A45 GETGLOBAL r25 := _G[k41 ('Actor_Remove' [h=3657B3EC,$00977B00])]
      400 1A0C0000      MOVE r26 := r24
      401 19010059      CALL r25 (1 args) => 0 results
      402 19014AC6  GETTABLE r25 := r2[k49 ('bYawRandom' [h=18F4BE79,$009964C0])]
      403 190C8018      TEST not r25: r25 := r25 ; or skip
      404 008002D4       JMP +12 ; 417
      405 19000C85 GETGLOBAL r25 := _G[k50 ('util_GetRandomFloatInRange' [h=0C36D81F,$00A3C300])]
      406 1A000205 GETGLOBAL r26 := _G[k8 ('util_SetDefault' [h=3072A05A,$009A7800])]
      407 1B014B46  GETTABLE r27 := r2[k51 ('nYawMin' [h=09CC3293,$009AA7E0])]
      408 1C000D41     LOADK r28 := k53 (-180.0)
      409 1A018099      CALL r26 (2 args) => 1 results
      410 1B000205 GETGLOBAL r27 := _G[k8 ('util_SetDefault' [h=3072A05A,$009A7800])]
      411 1C014C06  GETTABLE r28 := r2[k54 ('nYawMax' [h=AA900907,$009A4100])]
      412 1D000D01     LOADK r29 := k52 (180.0)
      413 1B018019      CALL r27 (2 args) => -1 results
      414 19000099      CALL r25 (-1 args) => 1 results
      415 100C8000      MOVE r16 := r25
      416 00800494       JMP +19 ; 436
      417 19000005 GETGLOBAL r25 := _G[k0 ('type' [h=0070EF71,$00990720])]
      418 1A014B46  GETTABLE r26 := r2[k51 ('nYawMin' [h=09CC3293,$009AA7E0])]
      419 19010099      CALL r25 (1 args) => 1 results
      420 010CCC55       BNE r25 != k55 ('nil' [h=000347C9,$0098F140])
      421 00800114       JMP +5 ; 427
      422 19014B46  GETTABLE r25 := r2[k51 ('nYawMin' [h=09CC3293,$009AA7E0])]
      423 00080656       BLT r16 < r25
      424 00800054       JMP +2 ; 427
      425 10014B46  GETTABLE r16 := r2[k51 ('nYawMin' [h=09CC3293,$009AA7E0])]
      426 00800214       JMP +9 ; 436
      427 19000005 GETGLOBAL r25 := _G[k0 ('type' [h=0070EF71,$00990720])]
      428 1A014C06  GETTABLE r26 := r2[k54 ('nYawMax' [h=AA900907,$009A4100])]
      429 19010099      CALL r25 (1 args) => 1 results
      430 010CCC55       BNE r25 != k55 ('nil' [h=000347C9,$0098F140])
      431 008000D4       JMP +4 ; 436
      432 19014C06  GETTABLE r25 := r2[k54 ('nYawMax' [h=AA900907,$009A4100])]
      433 00080656       BLT r16 < r25
      434 00800014       JMP +1 ; 436
      435 10014C06  GETTABLE r16 := r2[k54 ('nYawMax' [h=AA900907,$009A4100])]
      436 19000002  LOADBOOL r25 := False
      437 0103C515       BNE r7 != k26 ('' [h=00000000,$009A78C0])
      438 00800114       JMP +5 ; 444
      439 1A0009C5 GETGLOBAL r26 := _G[k39 ('Utility_DoesActorExist' [h=446B4DB5,$009D8BC0])]
      440 1B038000      MOVE r27 := r7
      441 1A010099      CALL r26 (1 args) => 1 results
      442 1A0D0058      TEST r26: r26 := r26 ; or skip
      443 008003D4       JMP +16 ; 460
      444 19008002  LOADBOOL r25 := True
      445 1A014C86  GETTABLE r26 := r2[k56 ('bQueue' [h=4837AE19,$00998DE0])]
      446 1A0D0058      TEST r26: r26 := r26 ; or skip
      447 00800254       JMP +10 ; 458
      448 1A000E45 GETGLOBAL r26 := _G[k57 ('Mission_Spawn' [h=59A02AE9,$0098E260])]
      449 1B0B8000      MOVE r27 := r23
      450 1C038000      MOVE r28 := r7
      451 1D068000      MOVE r29 := r13
      452 1E070000      MOVE r30 := r14
      453 1F078000      MOVE r31 := r15
      454 20080000      MOVE r32 := r16
      455 1A038099      CALL r26 (6 args) => 1 results
      456 0C0D0000      MOVE r12 := r26
      457 008004D4       JMP +20 ; 478
      458 12008002  LOADBOOL r18 := True
      459 00800454       JMP +18 ; 478
      460 1A014006  GETTABLE r26 := r2[k6 ('tNameCollision' [h=BA06ED43,$009ABC00])]
      461 1A0D4D06  GETTABLE r26 := r26[k58 ('bResetToHome' [h=35A98384,$00985EE0])]
      462 1A0D0018      TEST not r26: r26 := r26 ; or skip
      463 00800354       JMP +14 ; 478
      464 1A000EC5 GETGLOBAL r26 := _G[k59 ('Utility_GetActor' [h=077E9779,$00A06B80])]
      465 1B038000      MOVE r27 := r7
      466 1A010099      CALL r26 (1 args) => 1 results
      467 0C0D0000      MOVE r12 := r26
      468 1A000F05 GETGLOBAL r26 := _G[k60 ('Actor_SetPosition' [h=1D26B41B,$00A3F180])]
      469 1B060000      MOVE r27 := r12
      470 1C068000      MOVE r28 := r13
      471 1D070000      MOVE r29 := r14
      472 1E078000      MOVE r30 := r15
      473 1A028059      CALL r26 (4 args) => 0 results
      474 1A000F45 GETGLOBAL r26 := _G[k61 ('Actor_SetYaw' [h=B08E3772,$00977AA0])]
      475 1B060000      MOVE r27 := r12
      476 1C080000      MOVE r28 := r16
      477 1A018059      CALL r26 (2 args) => 0 results
      478 1A000005 GETGLOBAL r26 := _G[k0 ('type' [h=0070EF71,$00990720])]
      479 1B060000      MOVE r27 := r12
      480 1A010099      CALL r26 (1 args) => 1 results
      481 010D4C55       BNE r26 != k55 ('nil' [h=000347C9,$0098F140])
      482 00800854       JMP +34 ; 517
      483 0103C515       BNE r7 != k26 ('' [h=00000000,$009A78C0])
      484 00800214       JMP +9 ; 494
      485 1A0009C5 GETGLOBAL r26 := _G[k39 ('Utility_DoesActorExist' [h=446B4DB5,$009D8BC0])]
      486 1B038000      MOVE r27 := r7
      487 1A010099      CALL r26 (1 args) => 1 results
      488 1A0D0018      TEST not r26: r26 := r26 ; or skip
      489 008000D4       JMP +4 ; 494
      490 1A014006  GETTABLE r26 := r2[k6 ('tNameCollision' [h=BA06ED43,$009ABC00])]
      491 1A0D4E06  GETTABLE r26 := r26[k62 ('bResetSettings' [h=8419CD38,$00994700])]
      492 1A0D0018      TEST not r26: r26 := r26 ; or skip
      493 00800594       JMP +23 ; 517
      494 1A000005 GETGLOBAL r26 := _G[k0 ('type' [h=0070EF71,$00990720])]
      495 1B014E46  GETTABLE r27 := r2[k63 ('sEncounter' [h=4CD961D9,$009A5C20])]
      496 1A010099      CALL r26 (1 args) => 1 results
      497 010D4C55       BNE r26 != k55 ('nil' [h=000347C9,$0098F140])
      498 00800254       JMP +10 ; 509
      499 1A000005 GETGLOBAL r26 := _G[k0 ('type' [h=0070EF71,$00990720])]
      500 1B014E86  GETTABLE r27 := r2[k64 ('sSquad' [h=7089B391,$009C60E0])]
      501 1A010099      CALL r26 (1 args) => 1 results
      502 010D4C55       BNE r26 != k55 ('nil' [h=000347C9,$0098F140])
      503 00800114       JMP +5 ; 509
      504 1A001045 GETGLOBAL r26 := _G[k65 ('Ai_SetSquad' [h=18402E9B,$0098AEC0])]
      505 1B060000      MOVE r27 := r12
      506 1C014E46  GETTABLE r28 := r2[k63 ('sEncounter' [h=4CD961D9,$009A5C20])]
      507 1D014E86  GETTABLE r29 := r2[k64 ('sSquad' [h=7089B391,$009C60E0])]
      508 1A020059      CALL r26 (3 args) => 0 results
      509 1A014F06  GETTABLE r26 := r2[k66 ('bInvincible' [h=4FA74776,$00980D80])]
      510 1A0D0018      TEST not r26: r26 := r26 ; or skip
      511 00800494       JMP +19 ; 531
      512 1A0010C5 GETGLOBAL r26 := _G[k67 ('Actor_SetInvincible' [h=3C5DC0FC,$00A3F9C0])]
      513 1B060000      MOVE r27 := r12
      514 1C008002  LOADBOOL r28 := True
      515 1A018059      CALL r26 (2 args) => 0 results
      516 00800354       JMP +14 ; 531
      517 12090018      TEST not r18: r18 := r18 ; or skip
      518 008002D4       JMP +12 ; 531
      519 1A001105 GETGLOBAL r26 := _G[k68 ('spawn_ActorQueueAdd' [h=74976BF9,$00A0BBC0])]
      520 1B0B8000      MOVE r27 := r23
      521 1C038000      MOVE r28 := r7
      522 1D068000      MOVE r29 := r13
      523 1E070000      MOVE r30 := r14
      524 1F078000      MOVE r31 := r15
      525 20080000      MOVE r32 := r16
      526 21014E46  GETTABLE r33 := r2[k63 ('sEncounter' [h=4CD961D9,$009A5C20])]
      527 22014E86  GETTABLE r34 := r2[k64 ('sSquad' [h=7089B391,$009C60E0])]
      528 23014F06  GETTABLE r35 := r2[k66 ('bInvincible' [h=4FA74776,$00980D80])]
      529 24014FC6  GETTABLE r36 := r2[k69 ('fSetup' [h=9C855945,$0097EAC0])]
      530 1A058059      CALL r26 (10 args) => 0 results
      531 190C8058      TEST r25: r25 := r25 ; or skip
      532 00800094       JMP +3 ; 536
      533 1A001185 GETGLOBAL r26 := _G[k70 ('bReturnSpawnedOnly' [h=B21176FC,$00A0E6C0])]
      534 1A0D0058      TEST r26: r26 := r26 ; or skip
      535 00800594       JMP +23 ; 559
      536 010640D5       BNE r12 != k9 (nil)
      537 00800114       JMP +5 ; 543
      538 1A0000C5 GETGLOBAL r26 := _G[k3 ('table' [h=10F2114B,$00979B40])]
      539 1A0D5046  GETTABLE r26 := r26[k71 ('insert' [h=92EA3D93,$0099E280])]
      540 1B050000      MOVE r27 := r10
      541 1C060000      MOVE r28 := r12
      542 1A018059      CALL r26 (2 args) => 0 results
      543 0103C0D5       BNE r7 != k9 (nil)
      544 00800194       JMP +7 ; 552
      545 0103C515       BNE r7 != k26 ('' [h=00000000,$009A78C0])
      546 00800114       JMP +5 ; 552
      547 1A0000C5 GETGLOBAL r26 := _G[k3 ('table' [h=10F2114B,$00979B40])]
      548 1A0D5046  GETTABLE r26 := r26[k71 ('insert' [h=92EA3D93,$0099E280])]
      549 1B048000      MOVE r27 := r9
      550 1C038000      MOVE r28 := r7
      551 1A018059      CALL r26 (2 args) => 0 results
      552 010BC0D5       BNE r23 != k9 (nil)
      553 00800114       JMP +5 ; 559
      554 1A0000C5 GETGLOBAL r26 := _G[k3 ('table' [h=10F2114B,$00979B40])]
      555 1A0D5046  GETTABLE r26 := r26[k71 ('insert' [h=92EA3D93,$0099E280])]
      556 1B058000      MOVE r27 := r11
      557 1C0B8000      MOVE r28 := r23
      558 1A018059      CALL r26 (2 args) => 0 results
      559 12090058      TEST r18: r18 := r18 ; or skip
      560 008009D4       JMP +40 ; 601
      561 1A014FC6  GETTABLE r26 := r2[k69 ('fSetup' [h=9C855945,$0097EAC0])]
      562 010D40D5       BNE r26 != k9 (nil)
      563 00800914       JMP +37 ; 601
      564 1A00000A  NEWTABLE r26 := {} (#a=0, #h=0)
      565 1B000005 GETGLOBAL r27 := _G[k0 ('type' [h=0070EF71,$00990720])]
      566 1C014FC6  GETTABLE r28 := r2[k69 ('fSetup' [h=9C855945,$0097EAC0])]
      567 1B010099      CALL r27 (1 args) => 1 results
      568 000DBF55       BEQ r27 == k3 ('table' [h=10F2114B,$00979B40])
      569 00800054       JMP +2 ; 572
      570 1A014FC6  GETTABLE r26 := r2[k69 ('fSetup' [h=9C855945,$0097EAC0])]
      571 00800114       JMP +5 ; 577
      572 1B0000C5 GETGLOBAL r27 := _G[k3 ('table' [h=10F2114B,$00979B40])]
      573 1B0DD046  GETTABLE r27 := r27[k71 ('insert' [h=92EA3D93,$0099E280])]
      574 1C0D0000      MOVE r28 := r26
      575 1D014FC6  GETTABLE r29 := r2[k69 ('fSetup' [h=9C855945,$0097EAC0])]
      576 1B018059      CALL r27 (2 args) => 0 results
      577 1B000A05 GETGLOBAL r27 := _G[k40 ('ipairs' [h=B6F4A157,$00990680])]
      578 1C0D0000      MOVE r28 := r26
      579 1B010159      CALL r27 (1 args) => 4 results
      580 1B80045E  TFORPREP WIP
      581 1F000005 GETGLOBAL r31 := _G[k0 ('type' [h=0070EF71,$00990720])]
      582 200F0000      MOVE r32 := r30
      583 1F010099      CALL r31 (1 args) => 1 results
      584 000FBED5       BEQ r31 == k1 ('string' [h=81F98B41,$00980520])
      585 008001D4       JMP +8 ; 594
      586 1F001205 GETGLOBAL r31 := _G[k72 ('function_Call' [h=35CC729B,$009A6380])]
      587 20001245 GETGLOBAL r32 := _G[k73 ('util_GetFunct' [h=804789D1,$00980C60])]
      588 210F0000      MOVE r33 := r30
      589 20010099      CALL r32 (1 args) => 1 results
      590 21060000      MOVE r33 := r12
      591 22038000      MOVE r34 := r7
      592 1F020059      CALL r31 (3 args) => 0 results
      593 00800114       JMP +5 ; 599
      594 1F001205 GETGLOBAL r31 := _G[k72 ('function_Call' [h=35CC729B,$009A6380])]
      595 200F0000      MOVE r32 := r30
      596 21060000      MOVE r33 := r12
      597 22038000      MOVE r34 := r7
      598 1F020059      CALL r31 (3 args) => 0 results
      599 1B00005D  TFORLOOP WIP
      600 007FFAD4       JMP -20 ; 581
      601 0804440C       ADD r8 := r8 + k22 (1.0)
      602 17000021     CLOSE r23 ...
      603 1300005D  TFORLOOP WIP
      604 007FAD94       JMP -329 ; 276
      605 13000021     CLOSE r19 ...
      606 13058000      MOVE r19 := r11
      607 14030000      MOVE r20 := r6
      608 15048000      MOVE r21 := r9
      609 16050000      MOVE r22 := r10
      610 1302801B    RETURN r19 ... r22
      611 0500800A  NEWTABLE r5 := {} (#a=1, #h=0)
      612 06030003   LOADNIL r6 ... r6
      613 0500001F   SETLIST r5 [0]
      614 0600800A  NEWTABLE r6 := {} (#a=1, #h=0)
      615 07038003   LOADNIL r7 ... r7
      616 0600001F   SETLIST r6 [0]
      617 0700800A  NEWTABLE r7 := {} (#a=1, #h=0)
      618 08040003   LOADNIL r8 ... r8
      619 0700001F   SETLIST r7 [0]
      620 0800800A  NEWTABLE r8 := {} (#a=1, #h=0)
      621 09048003   LOADNIL r9 ... r9
      622 0800001F   SETLIST r8 [0]
      623 0502801B    RETURN r5 ... r8
      624 0000801B    RETURN r0 ... r-1
  [Node$01CA517C] 'chinaFlyby' [h=A7C3F1B3,$0097EE20]: function$009931A0 'chinaFlyby' [h=A7C3F1B3,$0097EE20]
    CONST$009608F0 k0  'doFlyby' [h=CF0211EB,$0097F3A0]
    CONST$009608F8 k1  'china' [h=1129D14E,$009A6060]
    CODE $009607F0
      000 00000005 GETGLOBAL r0 := _G[k0 ('doFlyby' [h=CF0211EB,$0097F3A0])]
      001 01000041     LOADK r1 := k1 ('china' [h=1129D14E,$009A6060])
      002 00010059      CALL r0 (1 args) => 0 results
      003 0000801B    RETURN r0 ... r-1
  [Node$01CA5190] 'AlliesSquad' [h=FC2B99B4,$009C6B00]: table$00982420[a=4,h=1]
    [0:$0097E260] 'template_allies_soldier' [h=926ADF5E,$009DE540]
    [1:$0097E268] 'template_allies_soldier' [h=926ADF5E,$009DE540]
    [2:$0097E270] 'template_allies_soldier' [h=926ADF5E,$009DE540]
    [3:$0097E278] 'template_allies_heavy' [h=51C48E64,$009DF940]
  [Node$01CA51A4] 'jeff_DisplayTutorialText' [h=DE4D51B5,$00A0D240]: function$00979A00 'jeff_DisplayTutorialText' [h=DE4D51B5,$00A0D240]
    CONST$00AC70C0 k0  'tutorial_TYPE_VEHICLE_HELICOPTER_GENERAL' [h=6FE4BBB1,$00A0D3C0]
    CONST$00AC70C8 k1  'hCopterTutorial' [h=C2B19AD0,$0097AEC0]
    CONST$00AC70D0 k2  'Event_CancelEvent' [h=D8960070,$00A08280]
    CONST$00AC70D8 k3  'Event_RelativeTimer' [h=AD23F6E2,$00A3EA80]
    CONST$00AC70E0 k4  'jeff_displayCopterHelp' [h=F983E2C8,$00A0D280]
    CONST$00AC70E8 k5  'b' [h=00000083,$009960C0]
    CONST$00AC70F0 k6  1.5
    CONST$00AC70F8 k7  'tutorial_TYPE_VEHICLE_TANK_GENERAL' [h=E172B296,$00A0CC40]
    CONST$00AC7100 k8  'Utility_WriteNumberToScribbleMemory' [h=DCF55147,$009DC740]
    CONST$00AC7108 k9  'tutorial_tankControls' [h=BDFF80C7,$00A0E100]
    CONST$00AC7110 k10 1.0
    CONST$00AC7118 k11 'hTankTutorial' [h=CCDE2906,$0097FF40]
    CONST$00AC7120 k12 'jeff_displayTankHelp' [h=91B9883A,$00A0CF80]
    CONST$00AC7128 k13 3.0
    CODE $00AC71C0
      000 00003E95       BEQ r0 == k0 ('tutorial_TYPE_VEHICLE_HELICOPTER_GENERAL' [h=6FE4BBB1,$00A0D3C0])
      001 00800294       JMP +11 ; 13
      002 01000085 GETGLOBAL r1 := _G[k2 ('Event_CancelEvent' [h=D8960070,$00A08280])]
      003 02000045 GETGLOBAL r2 := _G[k1 ('hCopterTutorial' [h=C2B19AD0,$0097AEC0])]
      004 01010099      CALL r1 (1 args) => 1 results
      005 01000047 SETGLOBAL r1 ->> _G[k1 ('hCopterTutorial' [h=C2B19AD0,$0097AEC0])]
      006 010000C5 GETGLOBAL r1 := _G[k3 ('Event_RelativeTimer' [h=AD23F6E2,$00A3EA80])]
      007 02000101     LOADK r2 := k4 ('jeff_displayCopterHelp' [h=F983E2C8,$00A0D280])
      008 03000141     LOADK r3 := k5 ('b' [h=00000083,$009960C0])
      009 04000181     LOADK r4 := k6 (1.5)
      010 01020099      CALL r1 (3 args) => 1 results
      011 01000047 SETGLOBAL r1 ->> _G[k1 ('hCopterTutorial' [h=C2B19AD0,$0097AEC0])]
      012 008003D4       JMP +16 ; 29
      013 00004055       BEQ r0 == k7 ('tutorial_TYPE_VEHICLE_TANK_GENERAL' [h=E172B296,$00A0CC40])
      014 00800354       JMP +14 ; 29
      015 01000205 GETGLOBAL r1 := _G[k8 ('Utility_WriteNumberToScribbleMemory' [h=DCF55147,$009DC740])]
      016 02000241     LOADK r2 := k9 ('tutorial_tankControls' [h=BDFF80C7,$00A0E100])
      017 03000281     LOADK r3 := k10 (1.0)
      018 01018059      CALL r1 (2 args) => 0 results
      019 01000085 GETGLOBAL r1 := _G[k2 ('Event_CancelEvent' [h=D8960070,$00A08280])]
      020 020002C5 GETGLOBAL r2 := _G[k11 ('hTankTutorial' [h=CCDE2906,$0097FF40])]
      021 01010099      CALL r1 (1 args) => 1 results
      022 010002C7 SETGLOBAL r1 ->> _G[k11 ('hTankTutorial' [h=CCDE2906,$0097FF40])]
      023 010000C5 GETGLOBAL r1 := _G[k3 ('Event_RelativeTimer' [h=AD23F6E2,$00A3EA80])]
      024 02000301     LOADK r2 := k12 ('jeff_displayTankHelp' [h=91B9883A,$00A0CF80])
      025 03000141     LOADK r3 := k5 ('b' [h=00000083,$009960C0])
      026 04000341     LOADK r4 := k13 (3.0)
      027 01020099      CALL r1 (3 args) => 1 results
      028 010002C7 SETGLOBAL r1 ->> _G[k11 ('hTankTutorial' [h=CCDE2906,$0097FF40])]
      029 0000801B    RETURN r0 ... r-1
  [Node$01CA51CC] 'SW_challenge_Deliver01_Hide' [h=092279B7,$00A40DC0]: function$009C69A0 'SW_challenge_Deliver01_Hide' [h=092279B7,$00A40DC0]
    CONST$00957C80 k0  'challenge_Recycler_Hide' [h=C6CFE144,$00A40380]
    CONST$00957C88 k1  'tSW_Challenge_Deliver01' [h=83DCCEC7,$00A40D40]
    CODE $00957C70
      000 00000005 GETGLOBAL r0 := _G[k0 ('challenge_Recycler_Hide' [h=C6CFE144,$00A40380])]
      001 01000045 GETGLOBAL r1 := _G[k1 ('tSW_Challenge_Deliver01' [h=83DCCEC7,$00A40D40])]
      002 00010059      CALL r0 (1 args) => 0 results
      003 0000801B    RETURN r0 ... r-1
  [Node$01CA51E0] 'Actor_EnableCollision' [h=D757B1B8,$00A04380]: cfunction$002AD000 'Actor_EnableCollision' [h=D757B1B8,$00A04380]
  [Node$01CA521C] 'nenc_ff3020' [h=294309BB,$009C54C0]: table$00993E00[a=0,h=4]
    [Node$00AAB3D4] 'tLocationObjectsA' [h=2C5376F5,$00A01980]: table$00999940[a=8,h=1]
      [0:$00A2E180] 'ff3020_1' [h=0E31317A,$009A8A20]
      [1:$00A2E188] 'ff3020_2' [h=78A5E933,$009898C0]
      [2:$00A2E190] 'ff3020_3' [h=A9BC504C,$009AA2C0]
      [3:$00A2E198] 'ff3020_4' [h=DEBCAB53,$009C6040]
      [4:$00A2E1A0] 'ff3020_5' [h=93F42277,$009A99A0]
      [5:$00A2E1A8] 'ff3020_6' [h=F0D11C49,$00986000]
      [6:$00A2E1B0] 'ff3020_7' [h=87337026,$0099AD40]
      [7:$00A2E1B8] 'ff3020_8' [h=72944FE5,$00981F60]
    [Node$00AAB3E8] 'sEncounter' [h=4CD961D9,$009A5C20]: 'ff3020' [h=FBD7237F,$009AC4E0]
    [Node$00AAB3FC] 'tLocationObjectsB' [h=CEC61813,$00A073C0]: table$009969A0[a=8,h=1]
      [0:$00A2A2C0] 'ff3020_9' [h=FCB6DE74,$009913A0]
      [1:$00A2A2C8] 'ff3020_10' [h=BFFE4521,$009C6740]
      [2:$00A2A2D0] 'ff3020_11' [h=EDDF9E4C,$00989020]
      [3:$00A2A2D8] 'ff3020_12' [h=615DF8E4,$009996C0]
      [4:$00A2A2E0] 'ff3020_13' [h=039DCD1F,$00989280]
      [5:$00A2A2E8] 'ff3020_14' [h=6F8C923C,$0099C1E0]
      [6:$00A2A2F0] 'ff3020_15' [h=8F96CEB5,$009A4F40]
      [7:$00A2A2F8] 'ff3020_16' [h=9F030511,$0097E9C0]
  [Node$01CA5230] 'ShouldBouncerBeEnabled' [h=2CBCB9BC,$00A39A00]: function$009A3BC0 'ShouldBouncerBeEnabled' [h=2CBCB9BC,$00A39A00]
    CONST$00A39A80 k0  'FALSE' [h=0E4B730F,$009965C0]
    CONST$00A39A88 k1  'bouncers' [h=5D6099E4,$00981180]
    CONST$00A39A90 k2  'spawned' [h=DAA16BD1,$00999460]
    CONST$00A39A98 k3  'Faction_GetAttitude' [h=D25E63EC,$009DE1C0]
    CONST$00A39AA0 k4  'faction' [h=0C8443BB,$009A6360]
    CONST$00A39AA8 k5  'prokat' [h=854F88C7,$009A6820]
    CONST$00A39AB0 k6  'HOSTILE' [h=809EFD3A,$009A6D60]
    CONST$00A39AB8 k7  'TRUE' [h=0067B195,$0098F4C0]
    CODE $00A91AC0
      000 01000005 GETGLOBAL r1 := _G[k0 ('FALSE' [h=0E4B730F,$009965C0])]
      001 02000045 GETGLOBAL r2 := _G[k1 ('bouncers' [h=5D6099E4,$00981180])]
      002 02010006  GETTABLE r2 := r2[r0]
      003 02013F06  GETTABLE r2 := r2[k2 ('spawned' [h=DAA16BD1,$00999460])]
      004 02010018      TEST not r2: r2 := r2 ; or skip
      005 00800254       JMP +10 ; 16
      006 020000C5 GETGLOBAL r2 := _G[k3 ('Faction_GetAttitude' [h=D25E63EC,$009DE1C0])]
      007 03000045 GETGLOBAL r3 := _G[k1 ('bouncers' [h=5D6099E4,$00981180])]
      008 03018006  GETTABLE r3 := r3[r0]
      009 0301BF86  GETTABLE r3 := r3[k4 ('faction' [h=0C8443BB,$009A6360])]
      010 04000141     LOADK r4 := k5 ('prokat' [h=854F88C7,$009A6820])
      011 02018099      CALL r2 (2 args) => 1 results
      012 03000185 GETGLOBAL r3 := _G[k6 ('HOSTILE' [h=809EFD3A,$009A6D60])]
      013 010100D5       BNE r2 != r3
      014 00800014       JMP +1 ; 16
      015 010001C5 GETGLOBAL r1 := _G[k7 ('TRUE' [h=0067B195,$0098F4C0])]
      016 0101001B    RETURN r1 ... r1
      017 0000801B    RETURN r0 ... r-1
  [Node$01CA5244] 'SetupEventVerificationTargetNearStatusChange' [h=6D3221BD,$00A290C0]: function$00989400 'SetupEventVerificationTargetNearStatusChange' [h=6D3221BD,$00A290C0]
    CONST$00A2CB00 k0  'nearHandle' [h=4DC26C2B,$0097D620]
    CONST$00A2CB08 k1  'Event_ActorToActorProximity' [h=33FEE622,$009DED80]
    CONST$00A2CB10 k2  'VerificationTargetNearStatusChange' [h=73EE3415,$00A2F740]
    CONST$00A2CB18 k3  'b' [h=00000083,$009960C0]
    CONST$00A2CB20 k4  'player0' [h=316752BF,$009A6AC0]
    CONST$00A2CB28 k5  'actorName' [h=4EB2E2FD,$00997FC0]
    CONST$00A2CB30 k6  120.0
    CODE $009E8280
      000 02000045 GETGLOBAL r2 := _G[k1 ('Event_ActorToActorProximity' [h=33FEE622,$009DED80])]
      001 03000081     LOADK r3 := k2 ('VerificationTargetNearStatusChange' [h=73EE3415,$00A2F740])
      002 040000C1     LOADK r4 := k3 ('b' [h=00000083,$009960C0])
      003 05000101     LOADK r5 := k4 ('player0' [h=316752BF,$009A6AC0])
      004 06003FC6  GETTABLE r6 := r0[k5 ('actorName' [h=4EB2E2FD,$00997FC0])]
      005 07000181     LOADK r7 := k6 (120.0)
      006 08008000      MOVE r8 := r1
      007 02038099      CALL r2 (6 args) => 1 results
      008 007D0089  SETTABLE r2 ->> r0[k0 ('nearHandle' [h=4DC26C2B,$0097D620])]
      009 0000801B    RETURN r0 ... r-1
  [Node$01CA5258] 'Traffic_ResetZoneCivSpawners' [h=984D31BE,$00A24940]: cfunction$002A1FF0 'Traffic_ResetZoneCivSpawners' [h=984D31BE,$00A24940]
  [Node$01CA5280] 'Objective_SetTargetActor' [h=A04E11C0,$00A0BA80]: cfunction$002A3EE0 'Objective_SetTargetActor' [h=A04E11C0,$00A0BA80]
  [Node$01CA52BC] 'loc_ff3020_n' [h=D398C9C3,$009C51E0]: table$00999940[a=8,h=1]
  [Node$01CA52E4] 'SW_Challenge_Race_HQa2HQs_01_Hide' [h=D26C89C5,$009FFF00]: function$0099DDE0 'SW_Challenge_Race_HQa2HQs_01_Hide' [h=D26C89C5,$009FFF00]
    CONST$00962BF0 k0  'challenge_Recycler_Hide' [h=C6CFE144,$00A40380]
    CONST$00962BF8 k1  'tSW_Challenge_Race_HQa2HQs_01' [h=35C26A6D,$009D2C40]
    CODE $00962BE0
      000 00000005 GETGLOBAL r0 := _G[k0 ('challenge_Recycler_Hide' [h=C6CFE144,$00A40380])]
      001 01000045 GETGLOBAL r1 := _G[k1 ('tSW_Challenge_Race_HQa2HQs_01' [h=35C26A6D,$009D2C40])]
      002 00010059      CALL r0 (1 args) => 0 results
      003 0000801B    RETURN r0 ... r-1
  [Node$01CA52F8] 'ai_AddEnemies' [h=592BE1C6,$00982AE0]: function$009A9E60 'ai_AddEnemies' [h=592BE1C6,$00982AE0]
    CONST$00A3B6C0 k0  'type' [h=0070EF71,$00990720]
    CONST$00A3B6C8 k1  'table' [h=10F2114B,$00979B40]
    CONST$00A3B6D0 k2  1.0
    CONST$00A3B6D8 k3  'getn' [h=0083B006,$00978AA0]
    CONST$00A3B6E0 k4  'ai_AddEnemies' [h=592BE1C6,$00982AE0]
    CONST$00A3B6E8 k5  'Actor_IsAlive' [h=BD5193A3,$00977840]
    CONST$00A3B6F0 k6  'number' [h=77DB8760,$00982720]
    CONST$00A3B6F8 k7  'Ai_AddEnemy' [h=8E3695DB,$0098EA20]
    CODE $00C93300
      000 03000005 GETGLOBAL r3 := _G[k0 ('type' [h=0070EF71,$00990720])]
      001 04000000      MOVE r4 := r0
      002 03010099      CALL r3 (1 args) => 1 results
      003 0001BED5       BEQ r3 == k1 ('table' [h=10F2114B,$00979B40])
      004 00800394       JMP +15 ; 20
      005 03000081     LOADK r3 := k2 (1.0)
      006 04000045 GETGLOBAL r4 := _G[k1 ('table' [h=10F2114B,$00979B40])]
      007 04023F46  GETTABLE r4 := r4[k3 ('getn' [h=0083B006,$00978AA0])]
      008 05000000      MOVE r5 := r0
      009 04010099      CALL r4 (1 args) => 1 results
      010 05000081     LOADK r5 := k2 (1.0)
      011 0301814D       SUB r3 := r3 - r5
      012 00800114       JMP +5 ; 18
      013 06000105 GETGLOBAL r6 := _G[k4 ('ai_AddEnemies' [h=592BE1C6,$00982AE0])]
      014 070000C6  GETTABLE r7 := r0[r3]
      015 08008000      MOVE r8 := r1
      016 09010000      MOVE r9 := r2
      017 06020059      CALL r6 (3 args) => 0 results
      018 037FFE5C   FORLOOP r3 := r5; if r3 <= r4 JMP -6
      019 00800B14       JMP +45 ; 65
      020 03000005 GETGLOBAL r3 := _G[k0 ('type' [h=0070EF71,$00990720])]
      021 04008000      MOVE r4 := r1
      022 03010099      CALL r3 (1 args) => 1 results
      023 0001BED5       BEQ r3 == k1 ('table' [h=10F2114B,$00979B40])
      024 00800394       JMP +15 ; 40
      025 03000081     LOADK r3 := k2 (1.0)
      026 04000045 GETGLOBAL r4 := _G[k1 ('table' [h=10F2114B,$00979B40])]
      027 04023F46  GETTABLE r4 := r4[k3 ('getn' [h=0083B006,$00978AA0])]
      028 05008000      MOVE r5 := r1
      029 04010099      CALL r4 (1 args) => 1 results
      030 05000081     LOADK r5 := k2 (1.0)
      031 0301814D       SUB r3 := r3 - r5
      032 00800114       JMP +5 ; 38
      033 06000105 GETGLOBAL r6 := _G[k4 ('ai_AddEnemies' [h=592BE1C6,$00982AE0])]
      034 07000000      MOVE r7 := r0
      035 080080C6  GETTABLE r8 := r1[r3]
      036 09010000      MOVE r9 := r2
      037 06020059      CALL r6 (3 args) => 0 results
      038 037FFE5C   FORLOOP r3 := r5; if r3 <= r4 JMP -6
      039 00800614       JMP +25 ; 65
      040 03000145 GETGLOBAL r3 := _G[k5 ('Actor_IsAlive' [h=BD5193A3,$00977840])]
      041 04000000      MOVE r4 := r0
      042 03010099      CALL r3 (1 args) => 1 results
      043 03018018      TEST not r3: r3 := r3 ; or skip
      044 008004D4       JMP +20 ; 65
      045 03000145 GETGLOBAL r3 := _G[k5 ('Actor_IsAlive' [h=BD5193A3,$00977840])]
      046 04008000      MOVE r4 := r1
      047 03010099      CALL r3 (1 args) => 1 results
      048 03018018      TEST not r3: r3 := r3 ; or skip
      049 00800394       JMP +15 ; 65
      050 03000005 GETGLOBAL r3 := _G[k0 ('type' [h=0070EF71,$00990720])]
      051 04010000      MOVE r4 := r2
      052 03010099      CALL r3 (1 args) => 1 results
      053 0001C015       BEQ r3 == k6 ('number' [h=77DB8760,$00982720])
      054 00800154       JMP +6 ; 61
      055 030001C5 GETGLOBAL r3 := _G[k7 ('Ai_AddEnemy' [h=8E3695DB,$0098EA20])]
      056 04000000      MOVE r4 := r0
      057 05008000      MOVE r5 := r1
      058 06010000      MOVE r6 := r2
      059 03020059      CALL r3 (3 args) => 0 results
      060 008000D4       JMP +4 ; 65
      061 030001C5 GETGLOBAL r3 := _G[k7 ('Ai_AddEnemy' [h=8E3695DB,$0098EA20])]
      062 04000000      MOVE r4 := r0
      063 05008000      MOVE r5 := r1
      064 03018059      CALL r3 (2 args) => 0 results
      065 0000801B    RETURN r0 ... r-1
  [Node$01CA530C] 'Squad_SetHostileRange' [h=D627F1C7,$009DF900]: cfunction$002B56C8 'Squad_SetHostileRange' [h=D627F1C7,$009DF900]
  [Node$01CA535C] 'unpack' [h=5EDBA9CB,$0098EEE0]: cfunction$003B8B28 'unpack' [h=5EDBA9CB,$0098EEE0]
  [Node$01CA5370] 'challenge_DoRidersAlreadyExist' [h=5049F9CC,$009CEE00]: function$0098C680 'challenge_DoRidersAlreadyExist' [h=5049F9CC,$009CEE00]
    CONST$00B1ACC0 k0  '_driver' [h=9AC9BB00,$009C7DE0]
    CONST$00B1ACC8 k1  '_passa' [h=7317D842,$009AAE80]
    CONST$00B1ACD0 k2  '_passb' [h=792FD393,$00997340]
    CONST$00B1ACD8 k3  '_passc' [h=6E57393C,$009C3DC0]
    CONST$00B1ACE0 k4  '_passd' [h=56B7FFA4,$009A4340]
    CONST$00B1ACE8 k5  '_passe' [h=4B6C617E,$009C4AC0]
    CONST$00B1ACF0 k6  '_passf' [h=90043936,$009C5020]
    CONST$00B1ACF8 k7  'ipairs' [h=B6F4A157,$00990680]
    CONST$00B1AD00 k8  'Utility_DoesActorExist' [h=446B4DB5,$009D8BC0]
    CODE $00A7E1C0
      000 01000002  LOADBOOL r1 := False
      001 0203800A  NEWTABLE r2 := {} (#a=7, #h=0)
      002 03000001     LOADK r3 := k0 ('_driver' [h=9AC9BB00,$009C7DE0])
      003 04000041     LOADK r4 := k1 ('_passa' [h=7317D842,$009AAE80])
      004 05000081     LOADK r5 := k2 ('_passb' [h=792FD393,$00997340])
      005 060000C1     LOADK r6 := k3 ('_passc' [h=6E57393C,$009C3DC0])
      006 07000101     LOADK r7 := k4 ('_passd' [h=56B7FFA4,$009A4340])
      007 08000141     LOADK r8 := k5 ('_passe' [h=4B6C617E,$009C4AC0])
      008 09000181     LOADK r9 := k6 ('_passf' [h=90043936,$009C5020])
      009 0200019F   SETLIST r2 [6]
      010 030001C5 GETGLOBAL r3 := _G[k7 ('ipairs' [h=B6F4A157,$00990680])]
      011 04010000      MOVE r4 := r2
      012 03010159      CALL r3 (1 args) => 4 results
      013 038001DE  TFORPREP WIP
      014 07000205 GETGLOBAL r7 := _G[k8 ('Utility_DoesActorExist' [h=446B4DB5,$009D8BC0])]
      015 08000000      MOVE r8 := r0
      016 09030000      MOVE r9 := r6
      017 08040253    CONCAT r8 := r8 ... r9
      018 07010099      CALL r7 (1 args) => 1 results
      019 07038018      TEST not r7: r7 := r7 ; or skip
      020 00800014       JMP +1 ; 22
      021 01008002  LOADBOOL r1 := True
      022 0300005D  TFORLOOP WIP
      023 007FFD54       JMP -10 ; 14
      024 0101001B    RETURN r1 ... r1
      025 0000801B    RETURN r0 ... r-1
  [Node$01CA5384] 'firefight_TestCase' [h=245D89CD,$009DD3C0]: function$0099D5A0 'firefight_TestCase' [h=245D89CD,$009DD3C0]
    CONST$00BFA7C0 k0  'Debug_Printf' [h=445430CF,$0098B6A0]
    CONST$00BFA7C8 k1  '@@@@@@@@@@@@@@@@@@@@@@@@@ firefight_TestCase function is loaded \n' [h=62FC7A07,$00AABEC0]
    CONST$00BFA7D0 k2  'firefight_Create' [h=01896FF3,$00A37280]
    CONST$00BFA7D8 k3  'SideA' [h=0E9BE4DE,$009A2040]
    CONST$00BFA7E0 k4  'SKSquad' [h=A35E01F6,$00983480]
    CONST$00BFA7E8 k5  'SideAmin' [h=74A7FCD1,$00998BA0]
    CONST$00BFA7F0 k6  2.0
    CONST$00BFA7F8 k7  'SideAmax' [h=7A169977,$009AC880]
    CONST$00BFA800 k8  4.0
    CONST$00BFA808 k9  'SideASettings' [h=6AF87308,$00980540]
    CONST$00BFA810 k10 'defaultA' [h=70E9ACD7,$009AAA20]
    CONST$00BFA818 k11 'SideB' [h=0E8A8F04,$009A2840]
    CONST$00BFA820 k12 'NKSquad' [h=A35E01F3,$009A4640]
    CONST$00BFA828 k13 'SideBmin' [h=74078448,$0097E700]
    CONST$00BFA830 k14 'SideBmax' [h=7A2B5CE3,$009A3780]
    CONST$00BFA838 k15 'SideBSettings' [h=6A933414,$0097DDC0]
    CONST$00BFA840 k16 'defaultB' [h=B5E37690,$0098C860]
    CONST$00BFA848 k17 'ffLocation' [h=8ECB610C,$00995BE0]
    CONST$00BFA850 k18 'ff3039' [h=F03D481A,$00981120]
    CONST$00BFA858 k19 '@@@@@@@@@@@@@@@@@@@@@@@@@ CreateFirefight Called /n' [h=60A4DF92,$00AACBC0]
    CODE $00AC2AC0
      000 00000005 GETGLOBAL r0 := _G[k0 ('Debug_Printf' [h=445430CF,$0098B6A0])]
      001 01000041     LOADK r1 := k1 ('@@@@@@@@@@@@@@@@@@@@@@@@@ firefight_TestCase function is loaded \n' [h=62FC7A07,$00AABEC0])
      002 00010059      CALL r0 (1 args) => 0 results
      003 00000085 GETGLOBAL r0 := _G[k2 ('firefight_Create' [h=01896FF3,$00A37280])]
      004 0100010A  NEWTABLE r1 := {} (#a=0, #h=4)
      005 02000105 GETGLOBAL r2 := _G[k4 ('SKSquad' [h=A35E01F6,$00983480])]
      006 017E8089  SETTABLE r2 ->> r1[k3 ('SideA' [h=0E9BE4DE,$009A2040])]
      007 017FC009  SETTABLE k6 (2.0) ->> r1[k5 ('SideAmin' [h=74A7FCD1,$00998BA0])]
      008 0180C089  SETTABLE k8 (4.0) ->> r1[k7 ('SideAmax' [h=7A169977,$009AC880])]
      009 02000285 GETGLOBAL r2 := _G[k10 ('defaultA' [h=70E9ACD7,$009AAA20])]
      010 01818089  SETTABLE r2 ->> r1[k9 ('SideASettings' [h=6AF87308,$00980540])]
      011 02000305 GETGLOBAL r2 := _G[k12 ('NKSquad' [h=A35E01F3,$009A4640])]
      012 01828089  SETTABLE r2 ->> r1[k11 ('SideB' [h=0E8A8F04,$009A2840])]
      013 0183C009  SETTABLE k6 (2.0) ->> r1[k13 ('SideBmin' [h=74078448,$0097E700])]
      014 01844089  SETTABLE k8 (4.0) ->> r1[k14 ('SideBmax' [h=7A2B5CE3,$009A3780])]
      015 02000405 GETGLOBAL r2 := _G[k16 ('defaultB' [h=B5E37690,$0098C860])]
      016 01848089  SETTABLE r2 ->> r1[k15 ('SideBSettings' [h=6A933414,$0097DDC0])]
      017 02000485 GETGLOBAL r2 := _G[k18 ('ff3039' [h=F03D481A,$00981120])]
      018 01858089  SETTABLE r2 ->> r1[k17 ('ffLocation' [h=8ECB610C,$00995BE0])]
      019 00010059      CALL r0 (1 args) => 0 results
      020 00000005 GETGLOBAL r0 := _G[k0 ('Debug_Printf' [h=445430CF,$0098B6A0])]
      021 010004C1     LOADK r1 := k19 ('@@@@@@@@@@@@@@@@@@@@@@@@@ CreateFirefight Called /n' [h=60A4DF92,$00AACBC0])
      022 00010059      CALL r0 (1 args) => 0 results
      023 0000801B    RETURN r0 ... r-1
  [Node$01CA53C0] 'challenge_CommonVehicleConstraintDeinit' [h=2494D1D0,$009D51C0]: function$00993120 'challenge_CommonVehicleConstraintDeinit' [h=2494D1D0,$009D51C0]
    CONST$0099D040 k0  'g_hVehicleConstraint_AiInNamedVehicle' [h=E3C37338,$009D7480]
    CONST$0099D048 k1  'Event_CancelEvent' [h=D8960070,$00A08280]
    CONST$0099D050 k2  'g_hVehicleConstraint_NamedVehicleSold' [h=7FCC0A19,$009CE6C0]
    CONST$0099D058 k3  'g_hVehicleConstraint_ActorHitPointsLessThan' [h=9316E97C,$009D81C0]
    CODE $009CCD80
      000 00000045 GETGLOBAL r0 := _G[k1 ('Event_CancelEvent' [h=D8960070,$00A08280])]
      001 01000005 GETGLOBAL r1 := _G[k0 ('g_hVehicleConstraint_AiInNamedVehicle' [h=E3C37338,$009D7480])]
      002 00010099      CALL r0 (1 args) => 1 results
      003 00000007 SETGLOBAL r0 ->> _G[k0 ('g_hVehicleConstraint_AiInNamedVehicle' [h=E3C37338,$009D7480])]
      004 00000045 GETGLOBAL r0 := _G[k1 ('Event_CancelEvent' [h=D8960070,$00A08280])]
      005 01000085 GETGLOBAL r1 := _G[k2 ('g_hVehicleConstraint_NamedVehicleSold' [h=7FCC0A19,$009CE6C0])]
      006 00010099      CALL r0 (1 args) => 1 results
      007 00000087 SETGLOBAL r0 ->> _G[k2 ('g_hVehicleConstraint_NamedVehicleSold' [h=7FCC0A19,$009CE6C0])]
      008 00000045 GETGLOBAL r0 := _G[k1 ('Event_CancelEvent' [h=D8960070,$00A08280])]
      009 010000C5 GETGLOBAL r1 := _G[k3 ('g_hVehicleConstraint_ActorHitPointsLessThan' [h=9316E97C,$009D81C0])]
      010 00010099      CALL r0 (1 args) => 1 results
      011 000000C7 SETGLOBAL r0 ->> _G[k3 ('g_hVehicleConstraint_ActorHitPointsLessThan' [h=9316E97C,$009D81C0])]
      012 0000801B    RETURN r0 ... r-1
  [Node$01CA53D4] 'util_GetFunct' [h=804789D1,$00980C60]: function$0099FA40 'util_GetFunct' [h=804789D1,$00980C60]
    CONST$00980A20 k0  'type' [h=0070EF71,$00990720]
    CONST$00980A28 k1  'string' [h=81F98B41,$00980520]
    CONST$00980A30 k2  'getfenv' [h=9EE7928F,$00990620]
    CONST$00980A38 k3  0.0
    CODE $00A3B3C0
      000 01000005 GETGLOBAL r1 := _G[k0 ('type' [h=0070EF71,$00990720])]
      001 02000000      MOVE r2 := r0
      002 01010099      CALL r1 (1 args) => 1 results
      003 0000BED5       BEQ r1 == k1 ('string' [h=81F98B41,$00980520])
      004 00800114       JMP +5 ; 10
      005 01000085 GETGLOBAL r1 := _G[k2 ('getfenv' [h=9EE7928F,$00990620])]
      006 020000C1     LOADK r2 := k3 (0.0)
      007 01010099      CALL r1 (1 args) => 1 results
      008 02008006  GETTABLE r2 := r1[r0]
      009 0201001B    RETURN r2 ... r2
      010 0001001B    RETURN r0 ... r0
      011 0000801B    RETURN r0 ... r-1
  [Node$01CA53E8] 'VerificationTargetSubdued' [h=5E2481D2,$009E8140]: function$00984520 'VerificationTargetSubdued' [h=5E2481D2,$009E8140]
    CONST$00BFFB00 k0  'mission_tTargets' [h=28796635,$009DFD00]
    CONST$00BFFB08 k1  'Utility_GetActorAsInt' [h=A2B359A3,$00A0FF40]
    CONST$00BFFB10 k2  'mission_tObjectives' [h=B4A8BCEB,$00A252C0]
    CONST$00BFFB18 k3  'objectiveName' [h=2337C7CC,$0097D2C0]
    CONST$00BFFB20 k4  'util_PrintDebugMsg' [h=A2961C17,$00A11FC0]
    CONST$00BFFB28 k5  '\n[OBJECTIVEVERIFY] verification target ' [h=12913736,$00A248C0]
    CONST$00BFFB30 k6  'actorName' [h=4EB2E2FD,$00997FC0]
    CONST$00BFFB38 k7  ' subdued\n' [h=820D0687,$00977760]
    CONST$00BFFB40 k8  'subduedHandle' [h=0B4CA19C,$009C7E00]
    CONST$00BFFB48 k9  'Event_ActorCaptured' [h=A30657A8,$00A05540]
    CONST$00BFFB50 k10 'VerificationTargetSubduedAndVerified' [h=AE447453,$009EEAC0]
    CONST$00BFFB58 k11 'b' [h=00000083,$009960C0]
    CONST$00BFFB60 k12 'subdueCallbackFunc' [h=24C7EABC,$00A13340]
    CONST$00BFFB68 k13 'StopCardMusic' [h=A5D2DCD6,$009A9680]
    CONST$00BFFB70 k14 'handleExtractionSupport' [h=E2FD4C04,$00A0D7C0]
    CONST$00BFFB78 k15 'Event_RelativeTimer' [h=AD23F6E2,$00A3EA80]
    CONST$00BFFB80 k16 'AddExtractionSupport' [h=84821F12,$00A29640]
    CONST$00BFFB88 k17 3.0
    CODE $00BFA880
      000 01000005 GETGLOBAL r1 := _G[k0 ('mission_tTargets' [h=28796635,$009DFD00])]
      001 02000045 GETGLOBAL r2 := _G[k1 ('Utility_GetActorAsInt' [h=A2B359A3,$00A0FF40])]
      002 03000000      MOVE r3 := r0
      003 02010099      CALL r2 (1 args) => 1 results
      004 01008086  GETTABLE r1 := r1[r2]
      005 02000085 GETGLOBAL r2 := _G[k2 ('mission_tObjectives' [h=B4A8BCEB,$00A252C0])]
      006 0300BF46  GETTABLE r3 := r1[k3 ('objectiveName' [h=2337C7CC,$0097D2C0])]
      007 020100C6  GETTABLE r2 := r2[r3]
      008 03000105 GETGLOBAL r3 := _G[k4 ('util_PrintDebugMsg' [h=A2961C17,$00A11FC0])]
      009 04000141     LOADK r4 := k5 ('\n[OBJECTIVEVERIFY] verification target ' [h=12913736,$00A248C0])
      010 0500C006  GETTABLE r5 := r1[k6 ('actorName' [h=4EB2E2FD,$00997FC0])]
      011 060001C1     LOADK r6 := k7 (' subdued\n' [h=820D0687,$00977760])
      012 04020193    CONCAT r4 := r4 ... r6
      013 03010059      CALL r3 (1 args) => 0 results
      014 03000245 GETGLOBAL r3 := _G[k9 ('Event_ActorCaptured' [h=A30657A8,$00A05540])]
      015 04000281     LOADK r4 := k10 ('VerificationTargetSubduedAndVerified' [h=AE447453,$009EEAC0])
      016 050002C1     LOADK r5 := k11 ('b' [h=00000083,$009960C0])
      017 0600C006  GETTABLE r6 := r1[k6 ('actorName' [h=4EB2E2FD,$00997FC0])]
      018 03020099      CALL r3 (3 args) => 1 results
      019 018100C9  SETTABLE r3 ->> r1[k8 ('subduedHandle' [h=0B4CA19C,$009C7E00])]
      020 03000085 GETGLOBAL r3 := _G[k2 ('mission_tObjectives' [h=B4A8BCEB,$00A252C0])]
      021 0400BF46  GETTABLE r4 := r1[k3 ('objectiveName' [h=2337C7CC,$0097D2C0])]
      022 03018106  GETTABLE r3 := r3[r4]
      023 0301C186  GETTABLE r3 := r3[k12 ('subdueCallbackFunc' [h=24C7EABC,$00A13340])]
      024 03018018      TEST not r3: r3 := r3 ; or skip
      025 00800154       JMP +6 ; 32
      026 03000085 GETGLOBAL r3 := _G[k2 ('mission_tObjectives' [h=B4A8BCEB,$00A252C0])]
      027 0400BF46  GETTABLE r4 := r1[k3 ('objectiveName' [h=2337C7CC,$0097D2C0])]
      028 03018106  GETTABLE r3 := r3[r4]
      029 0301C186  GETTABLE r3 := r3[k12 ('subdueCallbackFunc' [h=24C7EABC,$00A13340])]
      030 0400C006  GETTABLE r4 := r1[k6 ('actorName' [h=4EB2E2FD,$00997FC0])]
      031 03010059      CALL r3 (1 args) => 0 results
      032 03000345 GETGLOBAL r3 := _G[k13 ('StopCardMusic' [h=A5D2DCD6,$009A9680])]
      033 03008059      CALL r3 (0 args) => 0 results
      034 03014206  GETTABLE r3 := r2[k14 ('handleExtractionSupport' [h=E2FD4C04,$00A0D7C0])]
      035 03018018      TEST not r3: r3 := r3 ; or skip
      036 00800114       JMP +5 ; 42
      037 030003C5 GETGLOBAL r3 := _G[k15 ('Event_RelativeTimer' [h=AD23F6E2,$00A3EA80])]
      038 04000401     LOADK r4 := k16 ('AddExtractionSupport' [h=84821F12,$00A29640])
      039 050002C1     LOADK r5 := k11 ('b' [h=00000083,$009960C0])
      040 06000441     LOADK r6 := k17 (3.0)
      041 03020059      CALL r3 (3 args) => 0 results
      042 0000801B    RETURN r0 ... r-1
  [Node$01CA53FC] 'ActorVehicle_GetSeatInfo' [h=255C69D3,$00A05B00]: cfunction$002B0068 'ActorVehicle_GetSeatInfo' [h=255C69D3,$00A05B00]
  [Node$01CA5438] 'SW_challenge_Race01_GoalBestTime' [h=4DBF09D6,$00A06FC0]: function$0099AE60 'SW_challenge_Race01_GoalBestTime' [h=4DBF09D6,$00A06FC0]
    CONST$00A05040 k0  'Utility_SecondsToClock' [h=70859ABF,$00A416C0]
    CONST$00A05048 k1  'challenge_StatGetFloat' [h=DF587491,$00A28A80]
    CONST$00A05050 k2  'SW_challenge_race01' [h=EFCAAE56,$009F4580]
    CONST$00A05058 k3  'BestTime' [h=6B3D9C2E,$009A3E40]
    CONST$00A05060 k4  60.0
    CONST$00A05068 k5  2.0
    CODE $00A014C0
      000 00000005 GETGLOBAL r0 := _G[k0 ('Utility_SecondsToClock' [h=70859ABF,$00A416C0])]
      001 01000045 GETGLOBAL r1 := _G[k1 ('challenge_StatGetFloat' [h=DF587491,$00A28A80])]
      002 02000081     LOADK r2 := k2 ('SW_challenge_race01' [h=EFCAAE56,$009F4580])
      003 030000C1     LOADK r3 := k3 ('BestTime' [h=6B3D9C2E,$009A3E40])
      004 047F3FCE       MUL r4 := k4 (60.0) * k5 (2.0)
      005 01020019      CALL r1 (3 args) => -1 results
      006 0000001A  TAILCALL r0 (-1 args)
      007 0000001B    RETURN r0 ... r-2
      008 0000801B    RETURN r0 ... r-1
  [Node$01CA54C4] 'SW_Challenge_Race_HQs2HQm_01_GoalBestTime' [h=5904F9DD,$009D4B80]: function$0097A2E0 'SW_Challenge_Race_HQs2HQm_01_GoalBestTime' [h=5904F9DD,$009D4B80]
    CONST$009DC2C0 k0  'Utility_SecondsToClock' [h=70859ABF,$00A416C0]
    CONST$009DC2C8 k1  'challenge_StatGetFloat' [h=DF587491,$00A28A80]
    CONST$009DC2D0 k2  'sw_race_HQs2HQm_01' [h=0CF9201E,$009D8B00]
    CONST$009DC2D8 k3  'BestTime' [h=6B3D9C2E,$009A3E40]
    CONST$009DC2E0 k4  60.0
    CONST$009DC2E8 k5  2.0
    CODE $00A02C80
      000 00000005 GETGLOBAL r0 := _G[k0 ('Utility_SecondsToClock' [h=70859ABF,$00A416C0])]
      001 01000045 GETGLOBAL r1 := _G[k1 ('challenge_StatGetFloat' [h=DF587491,$00A28A80])]
      002 02000081     LOADK r2 := k2 ('sw_race_HQs2HQm_01' [h=0CF9201E,$009D8B00])
      003 030000C1     LOADK r3 := k3 ('BestTime' [h=6B3D9C2E,$009A3E40])
      004 047F3FCE       MUL r4 := k4 (60.0) * k5 (2.0)
      005 01020019      CALL r1 (3 args) => -1 results
      006 0000001A  TAILCALL r0 (-1 args)
      007 0000001B    RETURN r0 ... r-2
      008 0000801B    RETURN r0 ... r-1
  [Node$01CA54D8] 'Audio_PlayVoiceover' [h=EE2AB1DE,$00A04CC0]: cfunction$002B7450 'Audio_PlayVoiceover' [h=EE2AB1DE,$00A04CC0]
  [Node$01CA5500] 'Tooltip_CallIn' [h=E58511E0,$00987E40]: function$00987800 'Tooltip_CallIn' [h=E58511E0,$00987E40]
    CONST$00961860 k0  'Event_RelativeTimer' [h=AD23F6E2,$00A3EA80]
    CONST$00961868 k1  'b' [h=00000083,$009960C0]
    CODE $0098B340
      000 02000005 GETGLOBAL r2 := _G[k0 ('Event_RelativeTimer' [h=AD23F6E2,$00A3EA80])]
      001 03000000      MOVE r3 := r0
      002 04000041     LOADK r4 := k1 ('b' [h=00000083,$009960C0])
      003 05008000      MOVE r5 := r1
      004 0202001A  TAILCALL r2 (3 args)
      005 0200001B    RETURN r2 ... r0
      006 0000801B    RETURN r0 ... r-1
  [Node$01CA553C] 'Region_EnableRender' [h=EDF549E3,$009DE0C0]: cfunction$002C87C0 'Region_EnableRender' [h=EDF549E3,$009DE0C0]
  [Node$01CA5550] 'Objective_SetLongDescription' [h=2FF189E4,$00A09400]: cfunction$002A3A00 'Objective_SetLongDescription' [h=2FF189E4,$00A09400]
  [Node$01CA5564] 'Camera_AttachToActor' [h=FCD0E9E5,$00A40780]: cfunction$002A6370 'Camera_AttachToActor' [h=FCD0E9E5,$00A40780]
  [Node$01CA558C] 'Desktop_OverrideDeathSequence' [h=3CAC09E7,$009DE5C0]: cfunction$002C86A8 'Desktop_OverrideDeathSequence' [h=3CAC09E7,$009DE5C0]
  [Node$01CA55A0] 'SW_challenge_destroy_dmz01_QuestionBox' [h=161FB9E8,$00A24DC0]: function$009C5820 'SW_challenge_destroy_dmz01_QuestionBox' [h=161FB9E8,$00A24DC0]
    CONST$009580C0 k0  'challenge_Recycler_QuestionBox' [h=BB143599,$00A40480]
    CONST$009580C8 k1  'tSW_challenge_destroy_dmz01' [h=6E499F62,$009CD440]
    CODE $009A6C60
      000 03000005 GETGLOBAL r3 := _G[k0 ('challenge_Recycler_QuestionBox' [h=BB143599,$00A40480])]
      001 04000045 GETGLOBAL r4 := _G[k1 ('tSW_challenge_destroy_dmz01' [h=6E499F62,$009CD440])]
      002 05000000      MOVE r5 := r0
      003 06008000      MOVE r6 := r1
      004 07010000      MOVE r7 := r2
      005 03028059      CALL r3 (4 args) => 0 results
      006 0000801B    RETURN r0 ... r-1
  [Node$01CA55B4] 'SW_Challenge_Race_HQa2HQs_01_Start' [h=245339E9,$00A3E6C0]: function$0099C7E0 'SW_Challenge_Race_HQa2HQs_01_Start' [h=245339E9,$00A3E6C0]
    CONST$00962CC0 k0  'challenge_Recycler_Start' [h=26A0F7E1,$00A04240]
    CONST$00962CC8 k1  'tSW_Challenge_Race_HQa2HQs_01' [h=35C26A6D,$009D2C40]
    CODE $00962CB0
      000 00000005 GETGLOBAL r0 := _G[k0 ('challenge_Recycler_Start' [h=26A0F7E1,$00A04240])]
      001 01000045 GETGLOBAL r1 := _G[k1 ('tSW_Challenge_Race_HQa2HQs_01' [h=35C26A6D,$009D2C40])]
      002 00010059      CALL r0 (1 args) => 0 results
      003 0000801B    RETURN r0 ... r-1
  [Node$01CA55DC] 'doFlyby' [h=CF0211EB,$0097F3A0]: function$00981760 'doFlyby' [h=CF0211EB,$0097F3A0]
    CONST$00C4DA40 k0  'Location_GetPosition' [h=A933ECC8,$00A108C0]
    CONST$00C4DA48 k1  'player0' [h=316752BF,$009A6AC0]
    CONST$00C4DA50 k2  'Utility_GetRandomFloat' [h=79984DB3,$00A403C0]
    CONST$00C4DA58 k3  100.0
    CONST$00C4DA60 k4  360.0
    CONST$00C4DA68 k5  'tFlybys' [h=9C7F3CE8,$00996FE0]
    CONST$00C4DA70 k6  'planes' [h=B546DCFD,$0099B400]
    CONST$00C4DA78 k7  'table' [h=10F2114B,$00979B40]
    CONST$00C4DA80 k8  'getn' [h=0083B006,$00978AA0]
    CONST$00C4DA88 k9  0.0
    CONST$00C4DA90 k10 'util_GetRandomIntInRange' [h=E995DC0A,$009E00C0]
    CONST$00C4DA98 k11 1.0
    CONST$00C4DAA0 k12 'template' [h=7CE5CAD2,$009A1120]
    CONST$00C4DAA8 k13 140.0
    CONST$00C4DAB0 k14 'Mission_SpawnAirplaneFlyby' [h=875A5021,$009DB180]
    CONST$00C4DAB8 k15 'util_PrintDebugMsg' [h=A2961C17,$00A11FC0]
    CONST$00C4DAC0 k16 ' flyby at: (' [h=5D4128E3,$0097E800]
    CONST$00C4DAC8 k17 ',' [h=0000004D,$0097E820]
    CONST$00C4DAD0 k18 '), yaw: ' [h=FDD77E87,$0097E7A0]
    CONST$00C4DAD8 k19 '\n' [h=0000002B,$009A7280]
    CONST$00C4DAE0 k20 0.5
    CONST$00C4DAE8 k21 0.75
    CONST$00C4DAF0 k22 30.0
    CONST$00C4DAF8 k23 60.0
    CONST$00C4DB00 k24 'flybyCountdownEvent' [h=0502754D,$00A3A400]
    CONST$00C4DB08 k25 'SetupEventFlybyCountdown' [h=01B5729D,$00A3A440]
    CONST$00C4DB10 k26 'GetRandomFlybyDelay' [h=EF124B39,$00A3A3C0]
    CODE $00CDFAC0
      000 01000005 GETGLOBAL r1 := _G[k0 ('Location_GetPosition' [h=A933ECC8,$00A108C0])]
      001 02000041     LOADK r2 := k1 ('player0' [h=316752BF,$009A6AC0])
      002 01010119      CALL r1 (1 args) => 3 results
      003 04000085 GETGLOBAL r4 := _G[k2 ('Utility_GetRandomFloat' [h=79984DB3,$00A403C0])]
      004 04008099      CALL r4 (0 args) => 1 results
      005 04023F4E       MUL r4 := r4 * k3 (100.0)
      006 0100810C       ADD r1 := r1 + r4
      007 04000085 GETGLOBAL r4 := _G[k2 ('Utility_GetRandomFloat' [h=79984DB3,$00A403C0])]
      008 04008099      CALL r4 (0 args) => 1 results
      009 04023F4E       MUL r4 := r4 * k3 (100.0)
      010 0301810C       ADD r3 := r3 + r4
      011 04000085 GETGLOBAL r4 := _G[k2 ('Utility_GetRandomFloat' [h=79984DB3,$00A403C0])]
      012 04008099      CALL r4 (0 args) => 1 results
      013 04023F8E       MUL r4 := r4 * k4 (360.0)
      014 05000145 GETGLOBAL r5 := _G[k5 ('tFlybys' [h=9C7F3CE8,$00996FE0])]
      015 05028006  GETTABLE r5 := r5[r0]
      016 0502C006  GETTABLE r5 := r5[k6 ('planes' [h=B546DCFD,$0099B400])]
      017 060001C5 GETGLOBAL r6 := _G[k7 ('table' [h=10F2114B,$00979B40])]
      018 06034086  GETTABLE r6 := r6[k8 ('getn' [h=0083B006,$00978AA0])]
      019 07028000      MOVE r7 := r5
      020 06010099      CALL r6 (1 args) => 1 results
      021 00818196       BLT k9 (0.0) < r6
      022 00801014       JMP +65 ; 88
      023 07000285 GETGLOBAL r7 := _G[k10 ('util_GetRandomIntInRange' [h=E995DC0A,$009E00C0])]
      024 080002C1     LOADK r8 := k11 (1.0)
      025 09030000      MOVE r9 := r6
      026 07018099      CALL r7 (2 args) => 1 results
      027 070281C6  GETTABLE r7 := r5[r7]
      028 0703C186  GETTABLE r7 := r7[k12 ('template' [h=7CE5CAD2,$009A1120])]
      029 08000341     LOADK r8 := k13 (140.0)
      030 09000385 GETGLOBAL r9 := _G[k14 ('Mission_SpawnAirplaneFlyby' [h=875A5021,$009DB180])]
      031 0A038000      MOVE r10 := r7
      032 0B008000      MOVE r11 := r1
      033 0C01020C       ADD r12 := r2 + r8
      034 0D018000      MOVE r13 := r3
      035 0E020000      MOVE r14 := r4
      036 09030059      CALL r9 (5 args) => 0 results
      037 090003C5 GETGLOBAL r9 := _G[k15 ('util_PrintDebugMsg' [h=A2961C17,$00A11FC0])]
      038 0A038000      MOVE r10 := r7
      039 0B000401     LOADK r11 := k16 (' flyby at: (' [h=5D4128E3,$0097E800])
      040 0C008000      MOVE r12 := r1
      041 0D000441     LOADK r13 := k17 (',' [h=0000004D,$0097E820])
      042 0E010000      MOVE r14 := r2
      043 0F000441     LOADK r15 := k17 (',' [h=0000004D,$0097E820])
      044 10018000      MOVE r16 := r3
      045 11000481     LOADK r17 := k18 ('), yaw: ' [h=FDD77E87,$0097E7A0])
      046 12020000      MOVE r18 := r4
      047 130004C1     LOADK r19 := k19 ('\n' [h=0000002B,$009A7280])
      048 0A0504D3    CONCAT r10 := r10 ... r19
      049 09010059      CALL r9 (1 args) => 0 results
      050 09000085 GETGLOBAL r9 := _G[k2 ('Utility_GetRandomFloat' [h=79984DB3,$00A403C0])]
      051 09008099      CALL r9 (0 args) => 1 results
      052 00870256       BLT k20 (0.5) < r9
      053 00800254       JMP +10 ; 64
      054 0004C3D6       BLT r9 < k21 (0.75)
      055 008001D4       JMP +8 ; 64
      056 0A000385 GETGLOBAL r10 := _G[k14 ('Mission_SpawnAirplaneFlyby' [h=875A5021,$009DB180])]
      057 0B038000      MOVE r11 := r7
      058 0C00C40D       SUB r12 := r1 - k22 (30.0)
      059 0D01020C       ADD r13 := r2 + r8
      060 0E01C40C       ADD r14 := r3 + k22 (30.0)
      061 0F020000      MOVE r15 := r4
      062 0A030059      CALL r10 (5 args) => 0 results
      063 008003D4       JMP +16 ; 80
      064 00878257       BLE k21 (0.75) <= r9
      065 00800354       JMP +14 ; 80
      066 0A000385 GETGLOBAL r10 := _G[k14 ('Mission_SpawnAirplaneFlyby' [h=875A5021,$009DB180])]
      067 0B038000      MOVE r11 := r7
      068 0C00C40C       ADD r12 := r1 + k22 (30.0)
      069 0D01020C       ADD r13 := r2 + r8
      070 0E01C40C       ADD r14 := r3 + k22 (30.0)
      071 0F020000      MOVE r15 := r4
      072 0A030059      CALL r10 (5 args) => 0 results
      073 0A000385 GETGLOBAL r10 := _G[k14 ('Mission_SpawnAirplaneFlyby' [h=875A5021,$009DB180])]
      074 0B038000      MOVE r11 := r7
      075 0C00C44C       ADD r12 := r1 + k23 (60.0)
      076 0D01020C       ADD r13 := r2 + r8
      077 0E01C44C       ADD r14 := r3 + k23 (60.0)
      078 0F020000      MOVE r15 := r4
      079 0A030059      CALL r10 (5 args) => 0 results
      080 0A000145 GETGLOBAL r10 := _G[k5 ('tFlybys' [h=9C7F3CE8,$00996FE0])]
      081 0A050006  GETTABLE r10 := r10[r0]
      082 0B000645 GETGLOBAL r11 := _G[k25 ('SetupEventFlybyCountdown' [h=01B5729D,$00A3A440])]
      083 0C000000      MOVE r12 := r0
      084 0D000685 GETGLOBAL r13 := _G[k26 ('GetRandomFlybyDelay' [h=EF124B39,$00A3A3C0])]
      085 0D008019      CALL r13 (0 args) => -1 results
      086 0B000099      CALL r11 (-1 args) => 1 results
      087 0A8902C9  SETTABLE r11 ->> r10[k24 ('flybyCountdownEvent' [h=0502754D,$00A3A400])]
      088 0000801B    RETURN r0 ... r-1
  [Node$01CA55F0] 'Audio_SetAmbientCombatLevel' [h=9480F9EC,$00A25500]: cfunction$002B8BC8 'Audio_SetAmbientCombatLevel' [h=9480F9EC,$00A25500]
  [Node$01CA5618] 'SW_challenge_homerun_pyn_01_OnStarterSpent' [h=41D9A9EE,$00A2A280]: function$00999800 'SW_challenge_homerun_pyn_01_OnStarterSpent' [h=41D9A9EE,$00A2A280]
    CONST$00962EC0 k0  'challenge_Recycler_OnStarterSpent' [h=B4FA0A88,$00A10D40]
    CONST$00962EC8 k1  'tSW_challenge_homerun_pyn_01' [h=977228F9,$00A0C100]
    CODE $00962EB0
      000 00000005 GETGLOBAL r0 := _G[k0 ('challenge_Recycler_OnStarterSpent' [h=B4FA0A88,$00A10D40])]
      001 01000045 GETGLOBAL r1 := _G[k1 ('tSW_challenge_homerun_pyn_01' [h=977228F9,$00A0C100])]
      002 00010059      CALL r0 (1 args) => 0 results
      003 0000801B    RETURN r0 ... r-1
  [Node$01CA5654] 'loc_ff3712_n' [h=5C3C51F1,$009A2B40]: table$009890C0[a=8,h=1]
    [0:$009F5080] 'ff3712_1' [h=BB345051,$0099DB80]
    [1:$009F5088] 'ff3712_2' [h=4557D5D3,$009A2A40]
    [2:$009F5090] 'ff3712_3' [h=BDBE7B31,$00986120]
    [3:$009F5098] 'ff3712_4' [h=B8876427,$00994BE0]
    [4:$009F50A0] 'ff3712_5' [h=2DFA9414,$00995780]
    [5:$009F50A8] 'ff3712_6' [h=7A411D0E,$009A4260]
    [6:$009F50B0] 'ff3712_7' [h=CD8B6795,$00989220]
    [7:$009F50B8] 'ff3712_8' [h=0B846426,$009C9220]
  [Node$01CA5668] 'ConTooltip_Debug' [h=D8DAE1F2,$00A2EE40]: function$009807C0 'ConTooltip_Debug' [h=D8DAE1F2,$00A2EE40]
    CONST$00961840 k0  'Tooltip_Debug' [h=7F31FC17,$00980F40]
    CONST$00961848 k1  nil
    CODE $00A313C0
      000 00000018      TEST not r0: r0 := r0 ; or skip
      001 008000D4       JMP +4 ; 6
      002 03000005 GETGLOBAL r3 := _G[k0 ('Tooltip_Debug' [h=7F31FC17,$00980F40])]
      003 04008000      MOVE r4 := r1
      004 03010059      CALL r3 (1 args) => 0 results
      005 00800114       JMP +5 ; 11
      006 01013ED5       BNE r2 != k1 (nil)
      007 00800094       JMP +3 ; 11
      008 03000005 GETGLOBAL r3 := _G[k0 ('Tooltip_Debug' [h=7F31FC17,$00980F40])]
      009 04010000      MOVE r4 := r2
      010 03010059      CALL r3 (1 args) => 0 results
      011 0000801B    RETURN r0 ... r-1
  [Node$01CA567C] 'NKSquad' [h=A35E01F3,$009A4640]: table$009A88E0[a=4,h=1]
    [0:$00998C20] 'template_nk_soldier' [h=884FA464,$009D4740]
    [1:$00998C28] 'template_nk_soldier' [h=884FA464,$009D4740]
    [2:$00998C30] 'template_nk_soldier' [h=884FA464,$009D4740]
    [3:$00998C38] 'template_nk_heavy' [h=96E19340,$009DE800]
  [Node$01CA56B8] 'nenc_ff3122_v' [h=826159F6,$00980A00]: table$009C3DE0[a=0,h=4]
    [Node$00AAA554] 'tLocationObjectsA' [h=2C5376F5,$00A01980]: table$009A30C0[a=2,h=1]
      [0:$0095D5E0] 'ff3122_v3' [h=20C71234,$009ABD60]
      [1:$0095D5E8] 'ff3122_v4' [h=7EF6E165,$00997E40]
    [Node$00AAA568] 'sEncounter' [h=4CD961D9,$009A5C20]: 'ff3122' [h=0889C335,$0099E6C0]
    [Node$00AAA57C] 'tLocationObjectsB' [h=CEC61813,$00A073C0]: nil
  [Node$01CA56CC] 'rawget' [h=7B5F69F7,$0098F120]: cfunction$003B8628 'rawget' [h=7B5F69F7,$0098F120]
  [Node$01CA56F4] 'challenge_Recycler_VerifyFunctionExists' [h=D3F269F9,$00A00E40]: function$0098A220 'challenge_Recycler_VerifyFunctionExists' [h=D3F269F9,$00A00E40]
    CONST$00A40D80 k0  'type' [h=0070EF71,$00990720]
    CONST$00A40D88 k1  'string' [h=81F98B41,$00980520]
    CONST$00A40D90 k2  'getfenv' [h=9EE7928F,$00990620]
    CONST$00A40D98 k3  0.0
    CONST$00A40DA0 k4  'function' [h=7C9F9568,$0098F8A0]
    CONST$00A40DA8 k5  'Debug_Assert' [h=E8876833,$0098F0A0]
    CONST$00A40DB0 k6  'This function does not exist: ' [h=115016B3,$00A02880]
    CODE $00AB5FC0
      000 01000005 GETGLOBAL r1 := _G[k0 ('type' [h=0070EF71,$00990720])]
      001 02000000      MOVE r2 := r0
      002 01010099      CALL r1 (1 args) => 1 results
      003 0000BED5       BEQ r1 == k1 ('string' [h=81F98B41,$00980520])
      004 00800414       JMP +17 ; 22
      005 01000085 GETGLOBAL r1 := _G[k2 ('getfenv' [h=9EE7928F,$00990620])]
      006 020000C1     LOADK r2 := k3 (0.0)
      007 01010099      CALL r1 (1 args) => 1 results
      008 02008006  GETTABLE r2 := r1[r0]
      009 03000005 GETGLOBAL r3 := _G[k0 ('type' [h=0070EF71,$00990720])]
      010 04010000      MOVE r4 := r2
      011 03010099      CALL r3 (1 args) => 1 results
      012 0101BF95       BNE r3 != k4 ('function' [h=7C9F9568,$0098F8A0])
      013 00800014       JMP +1 ; 15
      014 03000042  LOADBOOL r3 := False ; br 16
      015 03008002  LOADBOOL r3 := True
      016 04000145 GETGLOBAL r4 := _G[k5 ('Debug_Assert' [h=E8876833,$0098F0A0])]
      017 05018000      MOVE r5 := r3
      018 06000181     LOADK r6 := k6 ('This function does not exist: ' [h=115016B3,$00A02880])
      019 07000000      MOVE r7 := r0
      020 060301D3    CONCAT r6 := r6 ... r7
      021 04018059      CALL r4 (2 args) => 0 results
      022 0000801B    RETURN r0 ... r-1
  [Node$01CA5730] 'SW_Challenge_Race_HQm2HQc_01_OnStarterSpent' [h=C1DFC9FC,$00A02B40]: function$00994D80 'SW_Challenge_Race_HQm2HQc_01_OnStarterSpent' [h=C1DFC9FC,$00A02B40]
    CONST$00958520 k0  'challenge_Recycler_OnStarterSpent' [h=B4FA0A88,$00A10D40]
    CONST$00958528 k1  'tSW_Challenge_Race_HQm2HQc_01' [h=876BBF1B,$00A2EB80]
    CODE $00958620
      000 00000005 GETGLOBAL r0 := _G[k0 ('challenge_Recycler_OnStarterSpent' [h=B4FA0A88,$00A10D40])]
      001 01000045 GETGLOBAL r1 := _G[k1 ('tSW_Challenge_Race_HQm2HQc_01' [h=876BBF1B,$00A2EB80])]
      002 00010059      CALL r0 (1 args) => 0 results
      003 0000801B    RETURN r0 ... r-1
  [Node$01CA5758] 'util_IsFaceCardMission' [h=2D88A1FE,$00A3B300]: function$0099DC80 'util_IsFaceCardMission' [h=2D88A1FE,$00A3B300]
    CONST$0097EEA0 k0  'allies' [h=B57F1C27,$009A61A0]
    CONST$0097EEA8 k1  3.0
    CONST$0097EEB0 k2  6.0
    CODE $00A3B100
      000 01003E95       BNE r0 != k0 ('allies' [h=B57F1C27,$009A61A0])
      001 008000D4       JMP +4 ; 6
      002 0100BED5       BNE r1 != k1 (3.0)
      003 00800094       JMP +3 ; 7
      004 0100BF15       BNE r1 != k2 (6.0)
      005 00800014       JMP +1 ; 7
      006 02000042  LOADBOOL r2 := False ; br 8
      007 02008002  LOADBOOL r2 := True
      008 0201001B    RETURN r2 ... r2
      009 0000801B    RETURN r0 ... r-1
  [Node$01CA5884] 'loc_ff3538_s' [h=6FCEEA0D,$00995380]: table$0097F200[a=8,h=1]
    [0:$009D7100] 'ff3538_9' [h=D879BDE3,$009A8C80]
    [1:$009D7108] 'ff3538_10' [h=D77A9D1C,$009C6CE0]
    [2:$009D7110] 'ff3538_11' [h=F6FD5771,$0099AF20]
    [3:$009D7118] 'ff3538_12' [h=104C9783,$0097EBA0]
    [4:$009D7120] 'ff3538_13' [h=3FC38B2B,$0097FA40]
    [5:$009D7128] 'ff3538_14' [h=06B57A46,$009916A0]
    [6:$009D7130] 'ff3538_15' [h=3135A8F8,$0099F160]
    [7:$009D7138] 'ff3538_16' [h=D7468586,$0099B140]
  [Node$01CA58C0] 'Event_ActorToLocationProximity' [h=396A4210,$00A0D100]: cfunction$002BB2E0 'Event_ActorToLocationProximity' [h=396A4210,$00A0D100]
  [Node$01CA58FC] 'Event_AiInNamedVehicle' [h=F4DC0213,$009FD700]: cfunction$002BBA70 'Event_AiInNamedVehicle' [h=F4DC0213,$009FD700]
  [Node$01CA5938] 'Actor_HideGrenadeProp' [h=A938FA16,$009E01C0]: cfunction$002AAC80 'Actor_HideGrenadeProp' [h=A938FA16,$009E01C0]
  [Node$01CA5960] 'Faction_ModifyRelation' [h=D1BD6A18,$00A10C80]: cfunction$002B6D38 'Faction_ModifyRelation' [h=D1BD6A18,$00A10C80]
  [Node$01CA5974] 'nenc_ff5044' [h=D5D32A19,$009939A0]: table$0099B980[a=0,h=4]
    [Node$00AAAB54] 'tLocationObjectsA' [h=2C5376F5,$00A01980]: table$009C44A0[a=16,h=1]
      [0:$00AAAFC0] 'ff5044_1' [h=773BD2F3,$009A9200]
      [1:$00AAAFC8] 'ff5044_2' [h=7BA49EAA,$0099D080]
      [2:$00AAAFD0] 'ff5044_3' [h=6776F936,$0098E040]
      [3:$00AAAFD8] 'ff5044_4' [h=5B2E835B,$00993560]
      [4:$00AAAFE0] 'ff5044_5' [h=B73BF162,$009C5460]
      [5:$00AAAFE8] 'ff5044_6' [h=4D627041,$009A6040]
      [6:$00AAAFF0] 'ff5044_7' [h=505197A0,$00980220]
      [7:$00AAAFF8] 'ff5044_8' [h=BB32ABBD,$0097A840]
      [8:$00AAB000] 'ff5044_9' [h=B29D5FCC,$00981E00]
      [9:$00AAB008] 'ff5044_10' [h=381799E2,$00983920]
      [10:$00AAB010] 'ff5044_11' [h=8A1015E5,$009C6E20]
      [11:$00AAB018] 'ff5044_12' [h=CC69E220,$009AC360]
      [12:$00AAB020] 'ff5044_13' [h=3A6ECF52,$0099D860]
      [13:$00AAB028] 'ff5044_14' [h=3E9CB722,$009C6CA0]
      [14:$00AAB030] 'ff5044_15' [h=7ADF9B05,$009C59C0]
      [15:$00AAB038] 'ff5044_16' [h=81880970,$00993DE0]
    [Node$00AAAB68] 'sEncounter' [h=4CD961D9,$009A5C20]: 'ff5044' [h=E371F3D7,$0097BD80]
    [Node$00AAAB7C] 'tLocationObjectsB' [h=CEC61813,$00A073C0]: table$009964A0[a=16,h=1]
  [Node$01CA599C] 'DeadBouncerSporedOut' [h=4746E21B,$00A39240]: function$0097F680 'DeadBouncerSporedOut' [h=4746E21B,$00A39240]
    CONST$00A8C4C0 k0  'pairs' [h=12CC6B12,$009906A0]
    CONST$00A8C4C8 k1  'bouncers' [h=5D6099E4,$00981180]
    CONST$00A8C4D0 k2  'Utility_GetActor' [h=077E9779,$00A06B80]
    CONST$00A8C4D8 k3  'locationName' [h=04B7F25D,$0099DCC0]
    CONST$00A8C4E0 k4  'util_PrintDebugMsg' [h=A2961C17,$00A11FC0]
    CONST$00A8C4E8 k5  '\n[BOUNCER] DeadBouncerSporedOut: dead ' [h=7CD7AFA4,$00A38FC0]
    CONST$00A8C4F0 k6  ' bouncer spored out\n' [h=C52A2366,$00A39380]
    CONST$00A8C4F8 k7  'Actor_Remove' [h=3657B3EC,$00977B00]
    CONST$00A8C500 k8  'actorName' [h=4EB2E2FD,$00997FC0]
    CONST$00A8C508 k9  'spawned' [h=DAA16BD1,$00999460]
    CONST$00A8C510 k10 'FALSE' [h=0E4B730F,$009965C0]
    CONST$00A8C518 k11 'SpawnBouncer' [h=7FCD8599,$009A9880]
    CONST$00A8C520 k12 'TRUE' [h=0067B195,$0098F4C0]
    CONST$00A8C528 k13 'EnableBouncer' [h=6B46993F,$0098EAA0]
    CODE $00C03100
      000 02010003   LOADNIL r2 ... r2
      001 03000005 GETGLOBAL r3 := _G[k0 ('pairs' [h=12CC6B12,$009906A0])]
      002 04000045 GETGLOBAL r4 := _G[k1 ('bouncers' [h=5D6099E4,$00981180])]
      003 03010159      CALL r3 (1 args) => 4 results
      004 0380021E  TFORPREP WIP
      005 02028000      MOVE r2 := r5
      006 07000085 GETGLOBAL r7 := _G[k2 ('Utility_GetActor' [h=077E9779,$00A06B80])]
      007 08000045 GETGLOBAL r8 := _G[k1 ('bouncers' [h=5D6099E4,$00981180])]
      008 08040086  GETTABLE r8 := r8[r2]
      009 08043F46  GETTABLE r8 := r8[k3 ('locationName' [h=04B7F25D,$0099DCC0])]
      010 07010099      CALL r7 (1 args) => 1 results
      011 000081D5       BEQ r1 == r7
      012 00800014       JMP +1 ; 14
      013 00800054       JMP +2 ; 16
      014 0300005D  TFORLOOP WIP
      015 007FFD14       JMP -11 ; 5
      016 03000105 GETGLOBAL r3 := _G[k4 ('util_PrintDebugMsg' [h=A2961C17,$00A11FC0])]
      017 04000141     LOADK r4 := k5 ('\n[BOUNCER] DeadBouncerSporedOut: dead ' [h=7CD7AFA4,$00A38FC0])
      018 05010000      MOVE r5 := r2
      019 06000181     LOADK r6 := k6 (' bouncer spored out\n' [h=C52A2366,$00A39380])
      020 04020193    CONCAT r4 := r4 ... r6
      021 03010059      CALL r3 (1 args) => 0 results
      022 030001C5 GETGLOBAL r3 := _G[k7 ('Actor_Remove' [h=3657B3EC,$00977B00])]
      023 04000045 GETGLOBAL r4 := _G[k1 ('bouncers' [h=5D6099E4,$00981180])]
      024 04020086  GETTABLE r4 := r4[r2]
      025 04024086  GETTABLE r4 := r4[k8 ('actorName' [h=4EB2E2FD,$00997FC0])]
      026 03010059      CALL r3 (1 args) => 0 results
      027 03000045 GETGLOBAL r3 := _G[k1 ('bouncers' [h=5D6099E4,$00981180])]
      028 03018086  GETTABLE r3 := r3[r2]
      029 04000285 GETGLOBAL r4 := _G[k10 ('FALSE' [h=0E4B730F,$009965C0])]
      030 03818109  SETTABLE r4 ->> r3[k9 ('spawned' [h=DAA16BD1,$00999460])]
      031 030002C5 GETGLOBAL r3 := _G[k11 ('SpawnBouncer' [h=7FCD8599,$009A9880])]
      032 04000305 GETGLOBAL r4 := _G[k12 ('TRUE' [h=0067B195,$0098F4C0])]
      033 05010000      MOVE r5 := r2
      034 03018099      CALL r3 (2 args) => 1 results
      035 03018018      TEST not r3: r3 := r3 ; or skip
      036 008000D4       JMP +4 ; 41
      037 03000345 GETGLOBAL r3 := _G[k13 ('EnableBouncer' [h=6B46993F,$0098EAA0])]
      038 04000305 GETGLOBAL r4 := _G[k12 ('TRUE' [h=0067B195,$0098F4C0])]
      039 05010000      MOVE r5 := r2
      040 03018059      CALL r3 (2 args) => 0 results
      041 0000801B    RETURN r0 ... r-1
  [Node$01CA59C4] 'nenc_ff2527_v' [h=BEBB7A1D,$009A5680]: table$009A5220[a=0,h=4]
    [Node$00ABF7D4] 'tLocationObjectsA' [h=2C5376F5,$00A01980]: table$009A95E0[a=2,h=1]
      [0:$0095EF00] 'ff2527_v3' [h=290DEC70,$00990AA0]
      [1:$0095EF08] 'ff2527_v4' [h=6B4139DC,$009AB560]
    [Node$00ABF7E8] 'sEncounter' [h=4CD961D9,$009A5C20]: 'ff2527' [h=1DBE23E0,$00993620]
    [Node$00ABF7FC] 'tLocationObjectsB' [h=CEC61813,$00A073C0]: nil
  [Node$01CA59D8] 'iTimeBetweenFlybysMin' [h=84D2221E,$00A3AE80]: 15.0
  [Node$01CA59EC] 'jeff_garageDestroyed' [h=83A1521F,$00A0BB40]: function$0098A760 'jeff_garageDestroyed' [h=83A1521F,$00A0BB40]
    CONST$009FC180 k0  'jeff_elevatorExists' [h=D6713387,$00A07640]
    CONST$009FC188 k1  'jeff_shutdownElevator' [h=8965749F,$009FC680]
    CONST$009FC190 k2  'Actor_Remove' [h=3657B3EC,$00977B00]
    CONST$009FC198 k3  'mafia_fakeExit' [h=C9D228DC,$009AB200]
    CONST$009FC1A0 k4  'mafia_fakeEntrance' [h=A3626E69,$00A0A540]
    CODE $009E2EC0
      000 00000005 GETGLOBAL r0 := _G[k0 ('jeff_elevatorExists' [h=D6713387,$00A07640])]
      001 00008099      CALL r0 (0 args) => 1 results
      002 00000058      TEST r0: r0 := r0 ; or skip
      003 00800014       JMP +1 ; 5
      004 0000801B    RETURN r0 ... r-1
      005 00000045 GETGLOBAL r0 := _G[k1 ('jeff_shutdownElevator' [h=8965749F,$009FC680])]
      006 00008059      CALL r0 (0 args) => 0 results
      007 00000085 GETGLOBAL r0 := _G[k2 ('Actor_Remove' [h=3657B3EC,$00977B00])]
      008 010000C1     LOADK r1 := k3 ('mafia_fakeExit' [h=C9D228DC,$009AB200])
      009 00010059      CALL r0 (1 args) => 0 results
      010 00000085 GETGLOBAL r0 := _G[k2 ('Actor_Remove' [h=3657B3EC,$00977B00])]
      011 01000101     LOADK r1 := k4 ('mafia_fakeEntrance' [h=A3626E69,$00A0A540])
      012 00010059      CALL r0 (1 args) => 0 results
      013 0000801B    RETURN r0 ... r-1
  [Node$01CA5A00] 'loc_ff3229_n' [h=22008220,$009A8CE0]: table$0098A880[a=8,h=1]
    [0:$009FE140] 'ff3229_1' [h=E26E9A1E,$009AA720]
    [1:$009FE148] 'ff3229_2' [h=D55F11B9,$00992860]
    [2:$009FE150] 'ff3229_3' [h=8B704F8D,$00976AE0]
    [3:$009FE158] 'ff3229_4' [h=AB7AAA69,$009AC940]
    [4:$009FE160] 'ff3229_5' [h=2CF2A154,$0098CCA0]
    [5:$009FE168] 'ff3229_6' [h=782BF9E5,$00980B00]
    [6:$009FE170] 'ff3229_7' [h=CB50241D,$0098BD80]
    [7:$009FE178] 'ff3229_8' [h=ABA28F2F,$0099C720]
  [Node$01CA5A3C] 'jeff_vehicleDamaged' [h=ABE9CA23,$009F6FC0]: function$00983560 'jeff_vehicleDamaged' [h=ABE9CA23,$009F6FC0]
    CONST$00AC7BC0 k0  'Utility_GetActorsVehicle' [h=19764E85,$00A0F8C0]
    CONST$00AC7BC8 k1  'player0' [h=316752BF,$009A6AC0]
    CONST$00AC7BD0 k2  'Utility_GetActorAsInt' [h=A2B359A3,$00A0FF40]
    CONST$00AC7BD8 k3  'Actor_GetHitPoints' [h=CDCBFCF4,$00A00E00]
    CONST$00AC7BE0 k4  20.0
    CONST$00AC7BE8 k5  'Utility_GetPlayerNationality' [h=CB78F623,$00A0AF00]
    CONST$00AC7BF0 k6  'jeff_tHeroInfo' [h=ADAD5F8B,$009A4360]
    CONST$00AC7BF8 k7  'vehicleDamage' [h=6A9369E8,$009AAB40]
    CONST$00AC7C00 k8  'jeff_iBanterVehicleDamage' [h=2654751A,$00A2B400]
    CONST$00AC7C08 k9  1.0
    CONST$00AC7C10 k10 'table' [h=10F2114B,$00979B40]
    CONST$00AC7C18 k11 'getn' [h=0083B006,$00978AA0]
    CONST$00AC7C20 k12 'Audio_PlayVoiceover' [h=EE2AB1DE,$00A04CC0]
    CODE $00C50540
      000 00000005 GETGLOBAL r0 := _G[k0 ('Utility_GetActorsVehicle' [h=19764E85,$00A0F8C0])]
      001 01000041     LOADK r1 := k1 ('player0' [h=316752BF,$009A6AC0])
      002 00010099      CALL r0 (1 args) => 1 results
      003 01000085 GETGLOBAL r1 := _G[k2 ('Utility_GetActorAsInt' [h=A2B359A3,$00A0FF40])]
      004 02000000      MOVE r2 := r0
      005 01010099      CALL r1 (1 args) => 1 results
      006 02000085 GETGLOBAL r2 := _G[k2 ('Utility_GetActorAsInt' [h=A2B359A3,$00A0FF40])]
      007 03000041     LOADK r3 := k1 ('player0' [h=316752BF,$009A6AC0])
      008 02010099      CALL r2 (1 args) => 1 results
      009 01008095       BNE r1 != r2
      010 00800194       JMP +7 ; 18
      011 010000C5 GETGLOBAL r1 := _G[k3 ('Actor_GetHitPoints' [h=CDCBFCF4,$00A00E00])]
      012 02000000      MOVE r2 := r0
      013 01010099      CALL r1 (1 args) => 1 results
      014 0100BF96       BGE r1 >= k4 (20.0)
      015 00800054       JMP +2 ; 18
      016 00000058      TEST r0: r0 := r0 ; or skip
      017 00800014       JMP +1 ; 19
      018 0000801B    RETURN r0 ... r-1
      019 01000145 GETGLOBAL r1 := _G[k5 ('Utility_GetPlayerNationality' [h=CB78F623,$00A0AF00])]
      020 01008099      CALL r1 (0 args) => 1 results
      021 02000185 GETGLOBAL r2 := _G[k6 ('jeff_tHeroInfo' [h=ADAD5F8B,$009A4360])]
      022 02010046  GETTABLE r2 := r2[r1]
      023 02014046  GETTABLE r2 := r2[k7 ('vehicleDamage' [h=6A9369E8,$009AAB40])]
      024 02010018      TEST not r2: r2 := r2 ; or skip
      025 00800554       JMP +22 ; 48
      026 02000205 GETGLOBAL r2 := _G[k8 ('jeff_iBanterVehicleDamage' [h=2654751A,$00A2B400])]
      027 020140CC       ADD r2 := r2 + k9 (1.0)
      028 02000207 SETGLOBAL r2 ->> _G[k8 ('jeff_iBanterVehicleDamage' [h=2654751A,$00A2B400])]
      029 02000205 GETGLOBAL r2 := _G[k8 ('jeff_iBanterVehicleDamage' [h=2654751A,$00A2B400])]
      030 03000285 GETGLOBAL r3 := _G[k10 ('table' [h=10F2114B,$00979B40])]
      031 0301C146  GETTABLE r3 := r3[k11 ('getn' [h=0083B006,$00978AA0])]
      032 04000185 GETGLOBAL r4 := _G[k6 ('jeff_tHeroInfo' [h=ADAD5F8B,$009A4360])]
      033 04020046  GETTABLE r4 := r4[r1]
      034 04024046  GETTABLE r4 := r4[k7 ('vehicleDamage' [h=6A9369E8,$009AAB40])]
      035 03010099      CALL r3 (1 args) => 1 results
      036 00018096       BLT r3 < r2
      037 00800054       JMP +2 ; 40
      038 02000241     LOADK r2 := k9 (1.0)
      039 02000207 SETGLOBAL r2 ->> _G[k8 ('jeff_iBanterVehicleDamage' [h=2654751A,$00A2B400])]
      040 02000305 GETGLOBAL r2 := _G[k12 ('Audio_PlayVoiceover' [h=EE2AB1DE,$00A04CC0])]
      041 03000185 GETGLOBAL r3 := _G[k6 ('jeff_tHeroInfo' [h=ADAD5F8B,$009A4360])]
      042 03018046  GETTABLE r3 := r3[r1]
      043 0301C046  GETTABLE r3 := r3[k7 ('vehicleDamage' [h=6A9369E8,$009AAB40])]
      044 04000205 GETGLOBAL r4 := _G[k8 ('jeff_iBanterVehicleDamage' [h=2654751A,$00A2B400])]
      045 03018106  GETTABLE r3 := r3[r4]
      046 04000041     LOADK r4 := k1 ('player0' [h=316752BF,$009A6AC0])
      047 02018059      CALL r2 (2 args) => 0 results
      048 0000801B    RETURN r0 ... r-1
  [Node$01CA5A50] 'Tooltip_HideNag' [h=8DDECA24,$0099FF20]: function$00988700[1] 'Tooltip_HideNag' [h=8DDECA24,$0099FF20]
    CONST$00A104C0 k0  'Ui_TutorialTrayPrint' [h=A427467F,$00A01040]
    CONST$00A104C8 k1  '' [h=00000000,$009A78C0]
    CONST$00A104D0 k2  'bRecurring' [h=D1080901,$00986BC0]
    CONST$00A104D8 k3  'recurHandle' [h=CB285C9F,$00982B60]
    CONST$00A104E0 k4  'Event_RelativeTimer' [h=AD23F6E2,$00A3EA80]
    CONST$00A104E8 k5  'Tooltip_ShowNag' [h=557D2FF1,$0097E460]
    CONST$00A104F0 k6  'b' [h=00000083,$009960C0]
    CONST$00A104F8 k7  'nNagInterval' [h=4F690280,$00979600]
    CODE $00A10240
      000 00000005 GETGLOBAL r0 := _G[k0 ('Ui_TutorialTrayPrint' [h=A427467F,$00A01040])]
      001 01000041     LOADK r1 := k1 ('' [h=00000000,$009A78C0])
      002 00010059      CALL r0 (1 args) => 0 results
      003 00000004  GETUPVAL r0 := u0
      004 00003F06  GETTABLE r0 := r0[k2 ('bRecurring' [h=D1080901,$00986BC0])]
      005 00000018      TEST not r0: r0 := r0 ; or skip
      006 008001D4       JMP +8 ; 15
      007 00000004  GETUPVAL r0 := u0
      008 01000105 GETGLOBAL r1 := _G[k4 ('Event_RelativeTimer' [h=AD23F6E2,$00A3EA80])]
      009 02000141     LOADK r2 := k5 ('Tooltip_ShowNag' [h=557D2FF1,$0097E460])
      010 03000181     LOADK r3 := k6 ('b' [h=00000083,$009960C0])
      011 04000004  GETUPVAL r4 := u0
      012 04024046  GETTABLE r4 := r4[k7 ('nNagInterval' [h=4F690280,$00979600])]
      013 01020099      CALL r1 (3 args) => 1 results
      014 007E8049  SETTABLE r1 ->> r0[k3 ('recurHandle' [h=CB285C9F,$00982B60])]
      015 0000801B    RETURN r0 ... r-1
  [Node$01CA5A78] 'Camera_SetPosition' [h=CD4DE226,$00A06700]: cfunction$002A5748 'Camera_SetPosition' [h=CD4DE226,$00A06700]
  [Node$01CA5AB4] 'gameflow_HandleProceduralFirefights' [h=93737229,$00A37D40]: function$009AABA0 'gameflow_HandleProceduralFirefights' [h=93737229,$00A37D40]
    CONST$00976EC0 k0  'proceduralFirefights' [h=9FEDC907,$00A37DC0]
    CONST$00976EC8 k1  'ipairs' [h=B6F4A157,$00990680]
    CONST$00976ED0 k2  'firefight_Create' [h=01896FF3,$00A37280]
    CODE $00A37200
      000 01003E86  GETTABLE r1 := r0[k0 ('proceduralFirefights' [h=9FEDC907,$00A37DC0])]
      001 01008058      TEST r1: r1 := r1 ; or skip
      002 00800014       JMP +1 ; 4
      003 0000801B    RETURN r0 ... r-1
      004 02000045 GETGLOBAL r2 := _G[k1 ('ipairs' [h=B6F4A157,$00990680])]
      005 03008000      MOVE r3 := r1
      006 02010159      CALL r2 (1 args) => 4 results
      007 0280009E  TFORPREP WIP
      008 06000085 GETGLOBAL r6 := _G[k2 ('firefight_Create' [h=01896FF3,$00A37280])]
      009 07028000      MOVE r7 := r5
      010 06010059      CALL r6 (1 args) => 0 results
      011 0200005D  TFORLOOP WIP
      012 007FFE94       JMP -5 ; 8
      013 0000801B    RETURN r0 ... r-1
  [Node$01CA5AC8] 'hearts' [h=7B78F22A,$00996620]: 'hearts' [h=7B78F22A,$00996620]
  [Node$01CA5B04] 'Event_ActorIsHostileToward' [h=3E7A8A2D,$00A035C0]: cfunction$002B9948 'Event_ActorIsHostileToward' [h=3E7A8A2D,$00A035C0]
  [Node$01CA5B7C] 'util_QueueRadioEvent' [h=6BB67233,$00A3BB40]: function$009807E0[1] 'util_QueueRadioEvent' [h=6BB67233,$00A3BB40]
    CONST$009838E0 k0  'func' [h=0071EF66,$00993300]
    CONST$009838E8 k1  'bWhenDone' [h=7C281FF5,$00983A00]
    CONST$009838F0 k2  'Radio_QueueMessage' [h=A22E967C,$00A3BA00]
    CONST$009838F8 k3  'util_QueueRadioEventHandler' [h=59EC849D,$00A3BA40]
    CODE $00A3B900
      000 02010058      TEST r2: r2 := r2 ; or skip
      001 00800014       JMP +1 ; 3
      002 02008002  LOADBOOL r2 := True
      003 03000004  GETUPVAL r3 := u0
      004 0400008A  NEWTABLE r4 := {} (#a=0, #h=2)
      005 047D0049  SETTABLE r1 ->> r4[k0 ('func' [h=0071EF66,$00993300])]
      006 047D8089  SETTABLE r2 ->> r4[k1 ('bWhenDone' [h=7C281FF5,$00983A00])]
      007 03000109  SETTABLE r4 ->> r3[r0]
      008 03000085 GETGLOBAL r3 := _G[k2 ('Radio_QueueMessage' [h=A22E967C,$00A3BA00])]
      009 04000000      MOVE r4 := r0
      010 050000C1     LOADK r5 := k3 ('util_QueueRadioEventHandler' [h=59EC849D,$00A3BA40])
      011 03018059      CALL r3 (2 args) => 0 results
      012 0000801B    RETURN r0 ... r-1
  [Node$01CA5C1C] 'Ui_DisplayLeftVideoPortrait' [h=A588DA3B,$00A3E780]: cfunction$002A8450 'Ui_DisplayLeftVideoPortrait' [h=A588DA3B,$00A3E780]
  [Node$01CA5C30] 'gameflow_CreateNumberCardVerifyObjective' [h=8E902A3C,$00A37940]: function$00986F00 'gameflow_CreateNumberCardVerifyObjective' [h=8E902A3C,$00A37940]
    CONST$00CB2200 k0  'tDeckNameLookup' [h=A7B158D1,$00984260]
    CONST$00CB2208 k1  'Utility_GetActorAsInt' [h=A2B359A3,$00A0FF40]
    CONST$00CB2210 k2  'suit' [h=0078DBD6,$009C7760]
    CONST$00CB2218 k3  'rank' [h=0074F9BF,$00985720]
    CONST$00CB2220 k4  'actorName' [h=4EB2E2FD,$00997FC0]
    CONST$00CB2228 k5  'Utility_GetStringById' [h=F7067A6C,$009D9780]
    CONST$00CB2230 k6  'cards.' [h=D57F6D19,$0098D820]
    CONST$00CB2238 k7  '.' [h=0000004F,$009804C0]
    CONST$00CB2240 k8  '.Name' [h=10ED9EC8,$00980D00]
    CONST$00CB2248 k9  'Objective' [h=6EC2C442,$0098A3C0]
    CONST$00CB2250 k10 'gameflow_DoesPlayerHaveCardIntel' [h=A6CC3E05,$00A2D240]
    CONST$00CB2258 k11 'objectiveName' [h=2337C7CC,$0097D2C0]
    CONST$00CB2260 k12 'callbackFunc' [h=1E1CD035,$00987000]
    CONST$00CB2268 k13 'gameflow_DeckNumberCardVerified' [h=2828B179,$00A13300]
    CONST$00CB2270 k14 'actorCaption' [h=0C46BDC7,$0097AFE0]
    CONST$00CB2278 k15 'objectiveDesc' [h=54B269EB,$0097B460]
    CONST$00CB2280 k16 'objectiveType' [h=4CF75B8E,$00987760]
    CONST$00CB2288 k17 'OBJECTIVE_TYPE_SECONDARY' [h=AE817712,$00A02780]
    CONST$00CB2290 k18 'targetType' [h=4E235805,$009962C0]
    CONST$00CB2298 k19 'TARGET_TYPE_OBJECTIVE_SECONDARY' [h=A2EEB365,$00A02740]
    CONST$00CB22A0 k20 'markInGPS' [h=1F1CD89F,$00979C40]
    CONST$00CB22A8 k21 'markInPDA' [h=06AF161A,$00999D60]
    CONST$00CB22B0 k22 'bCardIdentified' [h=9E3CFB0E,$0098A1C0]
    CONST$00CB22B8 k23 'markInWorld' [h=5268B4A8,$0097C860]
    CONST$00CB22C0 k24 'blipType' [h=D6B22C63,$009A7840]
    CONST$00CB22C8 k25 'drawDiamond' [h=F9D35DC5,$009A8A00]
    CONST$00CB22D0 k26 'events' [h=7B78A23A,$0097D180]
    CONST$00CB22D8 k27 'hCardNearEvent' [h=E8F1F851,$0097C220]
    CONST$00CB22E0 k28 'gameflow_SetupEventCardIsNear' [h=12E1AC1E,$00A2CE40]
    CONST$00CB22E8 k29 'player0' [h=316752BF,$009A6AC0]
    CONST$00CB22F0 k30 'INTEL_CARD_IDENT_DIST' [h=B8F54555,$00A37FC0]
    CONST$00CB22F8 k31 'killCallbackFunc' [h=4C5627FE,$00A131C0]
    CONST$00CB2300 k32 'gameflow_UnidentifiedCardFound' [h=C1A0D2B9,$00A2CE00]
    CONST$00CB2308 k33 'subdueCallbackFunc' [h=24C7EABC,$00A13340]
    CONST$00CB2310 k34 'hCardInFocusEvent' [h=9EB93E12,$00A13200]
    CONST$00CB2318 k35 'Event_ActorInFocus' [h=EF5E56D2,$009DA280]
    CONST$00CB2320 k36 'b' [h=00000083,$009960C0]
    CONST$00CB2328 k37 'NO_INTEL_CARD_IDENT_DIST' [h=82F96B69,$00A38000]
    CONST$00CB2330 k38 'mission_ObjectiveVerify' [h=E406DF42,$00A13100]
    CODE $00CB20C0
      000 01000005 GETGLOBAL r1 := _G[k0 ('tDeckNameLookup' [h=A7B158D1,$00984260])]
      001 02000045 GETGLOBAL r2 := _G[k1 ('Utility_GetActorAsInt' [h=A2B359A3,$00A0FF40])]
      002 03000000      MOVE r3 := r0
      003 02010099      CALL r2 (1 args) => 1 results
      004 01008086  GETTABLE r1 := r1[r2]
      005 0200BF06  GETTABLE r2 := r1[k2 ('suit' [h=0078DBD6,$009C7760])]
      006 0300BF46  GETTABLE r3 := r1[k3 ('rank' [h=0074F9BF,$00985720])]
      007 0400BF86  GETTABLE r4 := r1[k4 ('actorName' [h=4EB2E2FD,$00997FC0])]
      008 05000145 GETGLOBAL r5 := _G[k5 ('Utility_GetStringById' [h=F7067A6C,$009D9780])]
      009 06000181     LOADK r6 := k6 ('cards.' [h=D57F6D19,$0098D820])
      010 07010000      MOVE r7 := r2
      011 080001C1     LOADK r8 := k7 ('.' [h=0000004F,$009804C0])
      012 09018000      MOVE r9 := r3
      013 0A000201     LOADK r10 := k8 ('.Name' [h=10ED9EC8,$00980D00])
      014 06030293    CONCAT r6 := r6 ... r10
      015 05010099      CALL r5 (1 args) => 1 results
      016 06010000      MOVE r6 := r2
      017 07018000      MOVE r7 := r3
      018 08000241     LOADK r8 := k9 ('Objective' [h=6EC2C442,$0098A3C0])
      019 06030213    CONCAT r6 := r6 ... r8
      020 07000285 GETGLOBAL r7 := _G[k10 ('gameflow_DoesPlayerHaveCardIntel' [h=A6CC3E05,$00A2D240])]
      021 08010000      MOVE r8 := r2
      022 09018000      MOVE r9 := r3
      023 07018099      CALL r7 (2 args) => 1 results
      024 0800010A  NEWTABLE r8 := {} (#a=0, #h=4)
      025 08828189  SETTABLE r6 ->> r8[k11 ('objectiveName' [h=2337C7CC,$0097D2C0])]
      026 09000345 GETGLOBAL r9 := _G[k13 ('gameflow_DeckNumberCardVerified' [h=2828B179,$00A13300])]
      027 08830249  SETTABLE r9 ->> r8[k12 ('callbackFunc' [h=1E1CD035,$00987000])]
      028 087F0109  SETTABLE r4 ->> r8[k4 ('actorName' [h=4EB2E2FD,$00997FC0])]
      029 08840149  SETTABLE r5 ->> r8[k14 ('actorCaption' [h=0C46BDC7,$0097AFE0])]
      030 08848149  SETTABLE r5 ->> r8[k15 ('objectiveDesc' [h=54B269EB,$0097B460])]
      031 088542C9  SETTABLE k17 ('OBJECTIVE_TYPE_SECONDARY' [h=AE817712,$00A02780]) ->> r8[k16 ('objectiveType' [h=4CF75B8E,$00987760])]
      032 08864349  SETTABLE k19 ('TARGET_TYPE_OBJECTIVE_SECONDARY' [h=A2EEB365,$00A02740]) ->> r8[k18 ('targetType' [h=4E235805,$009962C0])]
      033 09000002  LOADBOOL r9 := False
      034 08870249  SETTABLE r9 ->> r8[k20 ('markInGPS' [h=1F1CD89F,$00979C40])]
      035 0900C406  GETTABLE r9 := r1[k22 ('bCardIdentified' [h=9E3CFB0E,$0098A1C0])]
      036 08878249  SETTABLE r9 ->> r8[k21 ('markInPDA' [h=06AF161A,$00999D60])]
      037 09000002  LOADBOOL r9 := False
      038 08888249  SETTABLE r9 ->> r8[k23 ('markInWorld' [h=5268B4A8,$0097C860])]
      039 08890089  SETTABLE r2 ->> r8[k24 ('blipType' [h=D6B22C63,$009A7840])]
      040 09008002  LOADBOOL r9 := True
      041 08898249  SETTABLE r9 ->> r8[k25 ('drawDiamond' [h=F9D35DC5,$009A8A00])]
      042 07038018      TEST not r7: r7 := r7 ; or skip
      043 00800214       JMP +9 ; 53
      044 0900C506  GETTABLE r9 := r1[k26 ('events' [h=7B78A23A,$0097D180])]
      045 0A000705 GETGLOBAL r10 := _G[k28 ('gameflow_SetupEventCardIsNear' [h=12E1AC1E,$00A2CE40])]
      046 0B000741     LOADK r11 := k29 ('player0' [h=316752BF,$009A6AC0])
      047 0C000000      MOVE r12 := r0
      048 0D000785 GETGLOBAL r13 := _G[k30 ('INTEL_CARD_IDENT_DIST' [h=B8F54555,$00A37FC0])]
      049 0E008002  LOADBOOL r14 := True
      050 0A028099      CALL r10 (4 args) => 1 results
      051 098A8289  SETTABLE r10 ->> r9[k27 ('hCardNearEvent' [h=E8F1F851,$0097C220])]
      052 00800494       JMP +19 ; 72
      053 09000805 GETGLOBAL r9 := _G[k32 ('gameflow_UnidentifiedCardFound' [h=C1A0D2B9,$00A2CE00])]
      054 088C8249  SETTABLE r9 ->> r8[k31 ('killCallbackFunc' [h=4C5627FE,$00A131C0])]
      055 09000805 GETGLOBAL r9 := _G[k32 ('gameflow_UnidentifiedCardFound' [h=C1A0D2B9,$00A2CE00])]
      056 088D8249  SETTABLE r9 ->> r8[k33 ('subdueCallbackFunc' [h=24C7EABC,$00A13340])]
      057 0900C506  GETTABLE r9 := r1[k26 ('events' [h=7B78A23A,$0097D180])]
      058 0A0008C5 GETGLOBAL r10 := _G[k35 ('Event_ActorInFocus' [h=EF5E56D2,$009DA280])]
      059 0B000801     LOADK r11 := k32 ('gameflow_UnidentifiedCardFound' [h=C1A0D2B9,$00A2CE00])
      060 0C000901     LOADK r12 := k36 ('b' [h=00000083,$009960C0])
      061 0D000000      MOVE r13 := r0
      062 0A020099      CALL r10 (3 args) => 1 results
      063 098E0289  SETTABLE r10 ->> r9[k34 ('hCardInFocusEvent' [h=9EB93E12,$00A13200])]
      064 0900C506  GETTABLE r9 := r1[k26 ('events' [h=7B78A23A,$0097D180])]
      065 0A000705 GETGLOBAL r10 := _G[k28 ('gameflow_SetupEventCardIsNear' [h=12E1AC1E,$00A2CE40])]
      066 0B000741     LOADK r11 := k29 ('player0' [h=316752BF,$009A6AC0])
      067 0C000000      MOVE r12 := r0
      068 0D000945 GETGLOBAL r13 := _G[k37 ('NO_INTEL_CARD_IDENT_DIST' [h=82F96B69,$00A38000])]
      069 0E008002  LOADBOOL r14 := True
      070 0A028099      CALL r10 (4 args) => 1 results
      071 098A8289  SETTABLE r10 ->> r9[k27 ('hCardNearEvent' [h=E8F1F851,$0097C220])]
      072 09000985 GETGLOBAL r9 := _G[k38 ('mission_ObjectiveVerify' [h=E406DF42,$00A13100])]
      073 0A040000      MOVE r10 := r8
      074 09010059      CALL r9 (1 args) => 0 results
      075 0000801B    RETURN r0 ... r-1
  [Node$01CA5C58] 'Event_ActorIsDormant' [h=EDBBFA3E,$009FD4C0]: cfunction$002BA520 'Event_ActorIsDormant' [h=EDBBFA3E,$009FD4C0]
  [Node$01CA5C80] 'SW_Challenge_Race_HQa2HQs_01_WaitForReinitOpportunity' [h=F5216240,$00ABE1C0]: function$009AA700 'SW_Challenge_Race_HQa2HQs_01_WaitForReinitOpportunity' [h=F5216240,$00ABE1C0]
    CONST$00962C60 k0  'challenge_Recycler_WaitForReinitOpportunity' [h=E437AA1D,$009E6000]
    CONST$00962C68 k1  'tSW_Challenge_Race_HQa2HQs_01' [h=35C26A6D,$009D2C40]
    CODE $00962C50
      000 00000005 GETGLOBAL r0 := _G[k0 ('challenge_Recycler_WaitForReinitOpportunity' [h=E437AA1D,$009E6000])]
      001 01000045 GETGLOBAL r1 := _G[k1 ('tSW_Challenge_Race_HQa2HQs_01' [h=35C26A6D,$009D2C40])]
      002 00010059      CALL r0 (1 args) => 0 results
      003 0000801B    RETURN r0 ... r-1
  [Node$01CA5CA8] 'Squad_CommandQueue' [h=2CB70242,$00A01B40]: cfunction$002F76B8 'Squad_CommandQueue' [h=2CB70242,$00A01B40]
  [Node$01CA5CF8] 'Boundary_RadiationSetDamageRate' [h=69635A46,$009E4900]: cfunction$002C8C60 'Boundary_RadiationSetDamageRate' [h=69635A46,$009E4900]
  [Node$01CA5D34] 'Ai_CommandQueue' [h=C194E249,$00990760]: cfunction$002B3598 'Ai_CommandQueue' [h=C194E249,$00990760]
  [Node$01CA5D48] 'table_ElementCnt' [h=BA1DCA4A,$00A23880]: function$009C5480 'table_ElementCnt' [h=BA1DCA4A,$00A23880]
    CONST$009585C0 k0  0.0
    CONST$009585C8 k1  1.0
    CODE $009E8C80
      000 01000001     LOADK r1 := k0 (0.0)
      001 02000000      MOVE r2 := r0
      002 03028003   LOADNIL r3 ... r5
      003 0280001E  TFORPREP WIP
      004 0100BECC       ADD r1 := r1 + k1 (1.0)
      005 0200005D  TFORLOOP WIP
      006 007FFF14       JMP -3 ; 4
      007 0101001B    RETURN r1 ... r1
      008 0000801B    RETURN r0 ... r-1
  [Node$01CA5DC0] 'VERB_DESTROY' [h=4B9E3A50,$009A5D20]: 1.0
  [Node$01CA5DE8] 'nenc_ff1212' [h=DEA68A52,$009AA6C0]: table$009C5FA0[a=0,h=4]
    [Node$00AC1854] 'tLocationObjectsA' [h=2C5376F5,$00A01980]: table$00983720[a=8,h=1]
      [0:$00A25E40] 'ff1212_1' [h=BB318A9C,$009A2860]
      [1:$00A25E48] 'ff1212_2' [h=45564BF3,$009ABF80]
      [2:$00A25E50] 'ff1212_3' [h=DB58CB5F,$0099D820]
      [3:$00A25E58] 'ff1212_4' [h=B8C954EA,$0099DEC0]
      [4:$00A25E60] 'ff1212_5' [h=2C0941F4,$009AC2A0]
      [5:$00A25E68] 'ff1212_6' [h=7834F821,$009A32C0]
      [6:$00A25E70] 'ff1212_7' [h=CD8D491F,$009AAB80]
      [7:$00A25E78] 'ff1212_8' [h=0BACA9A5,$0099A900]
    [Node$00AC1868] 'sEncounter' [h=4CD961D9,$009A5C20]: 'ff1212' [h=08F71FDD,$0098CEE0]
    [Node$00AC187C] 'tLocationObjectsB' [h=CEC61813,$00A073C0]: table$00998900[a=8,h=1]
  [Node$01CA5E24] 'nenc_ff3412_v' [h=F8519A55,$0097EA20]: table$0099EDA0[a=0,h=4]
    [Node$00ACB4D4] 'tLocationObjectsA' [h=2C5376F5,$00A01980]: table$00999AA0[a=2,h=1]
    [Node$00ACB4E8] 'sEncounter' [h=4CD961D9,$009A5C20]: 'ff3412' [h=08F4064D,$009A3560]
    [Node$00ACB4FC] 'tLocationObjectsB' [h=CEC61813,$00A073C0]: nil
  [Node$01CA5E60] 'util_MissionSeqNumToMissionAssetNum' [h=1B571A58,$00A0DD80]: function$0098D6E0 'util_MissionSeqNumToMissionAssetNum' [h=1B571A58,$00A0DD80]
    CONST$009608B0 k0  'util_GetMissionArcTable' [h=7D75105B,$00A3C500]
    CODE $0097E8A0
      000 03000005 GETGLOBAL r3 := _G[k0 ('util_GetMissionArcTable' [h=7D75105B,$00A3C500])]
      001 03008099      CALL r3 (0 args) => 1 results
      002 04018046  GETTABLE r4 := r3[r1]
      003 04020006  GETTABLE r4 := r4[r0]
      004 04020086  GETTABLE r4 := r4[r2]
      005 0401001B    RETURN r4 ... r4
      006 0000801B    RETURN r0 ... r-1
  [Node$01CA5E88] 'challenge_deliver_pyn_01_SetupAiInNamedVehicle' [h=A7A9F25A,$00A37100]: function$00997060 'challenge_deliver_pyn_01_SetupAiInNamedVehicle' [h=A7A9F25A,$00A37100]
    CONST$00957B00 k0  'challenge_Recycler_Vehicle_Setup' [h=2383F7A5,$009E2480]
    CONST$00957B08 k1  'tSW_challenge_deliver_pyn_01' [h=3CC49C56,$009DA980]
    CODE $00981640
      000 03000005 GETGLOBAL r3 := _G[k0 ('challenge_Recycler_Vehicle_Setup' [h=2383F7A5,$009E2480])]
      001 04000045 GETGLOBAL r4 := _G[k1 ('tSW_challenge_deliver_pyn_01' [h=3CC49C56,$009DA980])]
      002 05000000      MOVE r5 := r0
      003 06008000      MOVE r6 := r1
      004 03020059      CALL r3 (3 args) => 0 results
      005 0000801B    RETURN r0 ... r-1
  [Node$01CA5E9C] 'CHALLENGE_TOOLS_LUA_LOADED' [h=40182A5B,$00A0F840]: 1.0
  [Node$01CA5EB0] 'Audio_PlayMusic' [h=FDC4EA5C,$009954E0]: cfunction$002B84F0 'Audio_PlayMusic' [h=FDC4EA5C,$009954E0]
  [Node$01CA5EC4] 'Actor_Kill' [h=7FBDBA5D,$00977A80]: cfunction$002A8F98 'Actor_Kill' [h=7FBDBA5D,$00977A80]
  [Node$01CA5ED8] 'Briefing_Exit' [h=0FBECA5E,$009A6340]: function$009A6400 'Briefing_Exit' [h=0FBECA5E,$009A6340]
    CONST$00CF38C0 k0  'Utility_CloseBriefingDataSets' [h=F99465D5,$00A3F140]
    CONST$00CF38C8 k1  'Boundary_Enable' [h=65FD5E6D,$009C7140]
    CONST$00CF38D0 k2  'mainkillbox' [h=17F5301F,$009A6280]
    CONST$00CF38D8 k3  'TRUE' [h=0067B195,$0098F4C0]
    CONST$00CF38E0 k4  'Ui_EnableHud' [h=AE5763B4,$00986280]
    CONST$00CF38E8 k5  'Utility_ReadNumberFromScribbleMemory' [h=2BB92038,$00A00C80]
    CONST$00CF38F0 k6  'mission_accepted' [h=77464996,$00A123C0]
    CONST$00CF38F8 k7  nil
    CONST$00CF3900 k8  'Utility_ReadStringFromScribbleMemory' [h=5455F3B9,$00A0B700]
    CONST$00CF3908 k9  'SkipTo_Map' [h=F88EFA9D,$009A69E0]
    CONST$00CF3910 k10 'chapter' [h=9A11FF20,$00997D80]
    CONST$00CF3918 k11 'current_faction' [h=B9B21A68,$009A6960]
    CONST$00CF3920 k12 'current_' [h=8FEE355A,$009A6940]
    CONST$00CF3928 k13 '_mission' [h=7DD2639E,$009A8C00]
    CONST$00CF3930 k14 'Faction_GetAttitude' [h=D25E63EC,$009DE1C0]
    CONST$00CF3938 k15 'prokat' [h=854F88C7,$009A6820]
    CONST$00CF3940 k16 'HOSTILE' [h=809EFD3A,$009A6D60]
    CONST$00CF3948 k17 'Faction_SetRelation' [h=6D8FD48D,$009DFDC0]
    CONST$00CF3950 k18 'util_GetMinimumNonHostileMood' [h=3650D76F,$009D6980]
    CONST$00CF3958 k19 'Utility_SavePlayerData' [h=808E8486,$00A06100]
    CONST$00CF3960 k20 'allies' [h=B57F1C27,$009A61A0]
    CONST$00CF3968 k21 'Global_GetValue' [h=A320AED9,$00977860]
    CONST$00CF3970 k22 'LoadAceBriefing' [h=6F0AD05F,$009A6880]
    CONST$00CF3978 k23 0.0
    CONST$00CF3980 k24 'Global_SetValue' [h=AB0FD37C,$009777E0]
    CONST$00CF3988 k25 'Utility_WriteNumberToScribbleMemory' [h=DCF55147,$009DC740]
    CONST$00CF3990 k26 'old_allies_mission' [h=A2110E2E,$00A00700]
    CONST$00CF3998 k27 1.0
    CONST$00CF39A0 k28 'Utility_ResetToBaseLayerOnly' [h=05E8CF2B,$00A0D200]
    CONST$00CF39A8 k29 'aclubs' [h=8C490E45,$009A6800]
    CONST$00CF39B0 k30 'util_SetLoadScreen' [h=60A3A91B,$009E0E80]
    CONST$00CF39B8 k31 2.0
    CONST$00CF39C0 k32 'admnd' [h=10BE8475,$009A7DE0]
    CONST$00CF39C8 k33 3.0
    CONST$00CF39D0 k34 'aheart' [h=9171EE89,$009A7DA0]
    CONST$00CF39D8 k35 4.0
    CONST$00CF39E0 k36 'aspade' [h=4F383D95,$009A7DC0]
    CONST$00CF39E8 k37 'Utility_WriteStringToScribbleMemory' [h=5E8C6272,$00A3FBC0]
    CONST$00CF39F0 k38 'SkipTo_Faction' [h=D8E965DF,$009A6980]
    CONST$00CF39F8 k39 'SkipTo_MissionNumber' [h=DF4E9E46,$00A12200]
    CONST$00CF3A00 k40 'SpawnBouncers' [h=890E7871,$009A60A0]
    CONST$00CF3A08 k41 'EnableBouncers' [h=459C9068,$009A6080]
    CONST$00CF3A10 k42 'Mission_PlayerRespawn' [h=4F618654,$009DD2C0]
    CONST$00CF3A18 k43 'PlayerStartLocationName' [h=97810C56,$00A02EC0]
    CONST$00CF3A20 k44 'loc_playerstart' [h=AE611F70,$009A7D60]
    CONST$00CF3A28 k45 'hEventPlayBGM' [h=A9A9089B,$009A6160]
    CONST$00CF3A30 k46 'Event_RelativeTimer' [h=AD23F6E2,$00A3EA80]
    CONST$00CF3A38 k47 'PlayNoMissionStateBGM' [h=3A726FD9,$00A01C00]
    CONST$00CF3A40 k48 'b' [h=00000083,$009960C0]
    CONST$00CF3A48 k49 5.0
    CONST$00CF3A50 k50 'DoFadeIn' [h=B73309CB,$009A6260]
    CONST$00CF3A58 k51 0.10000000149011612
    CODE $00D48D80
      000 00000005 GETGLOBAL r0 := _G[k0 ('Utility_CloseBriefingDataSets' [h=F99465D5,$00A3F140])]
      001 00008059      CALL r0 (0 args) => 0 results
      002 00000045 GETGLOBAL r0 := _G[k1 ('Boundary_Enable' [h=65FD5E6D,$009C7140])]
      003 01000081     LOADK r1 := k2 ('mainkillbox' [h=17F5301F,$009A6280])
      004 020000C5 GETGLOBAL r2 := _G[k3 ('TRUE' [h=0067B195,$0098F4C0])]
      005 00018059      CALL r0 (2 args) => 0 results
      006 00000105 GETGLOBAL r0 := _G[k4 ('Ui_EnableHud' [h=AE5763B4,$00986280])]
      007 010000C5 GETGLOBAL r1 := _G[k3 ('TRUE' [h=0067B195,$0098F4C0])]
      008 00010059      CALL r0 (1 args) => 0 results
      009 00000145 GETGLOBAL r0 := _G[k5 ('Utility_ReadNumberFromScribbleMemory' [h=2BB92038,$00A00C80])]
      010 01000181     LOADK r1 := k6 ('mission_accepted' [h=77464996,$00A123C0])
      011 00010099      CALL r0 (1 args) => 1 results
      012 01004055       BNE r0 != k7 (nil)
      013 008016D4       JMP +92 ; 106
      014 00000205 GETGLOBAL r0 := _G[k8 ('Utility_ReadStringFromScribbleMemory' [h=5455F3B9,$00A0B700])]
      015 01000241     LOADK r1 := k9 ('SkipTo_Map' [h=F88EFA9D,$009A69E0])
      016 00010099      CALL r0 (1 args) => 1 results
      017 01000145 GETGLOBAL r1 := _G[k5 ('Utility_ReadNumberFromScribbleMemory' [h=2BB92038,$00A00C80])]
      018 02000281     LOADK r2 := k10 ('chapter' [h=9A11FF20,$00997D80])
      019 01010099      CALL r1 (1 args) => 1 results
      020 02000205 GETGLOBAL r2 := _G[k8 ('Utility_ReadStringFromScribbleMemory' [h=5455F3B9,$00A0B700])]
      021 030002C1     LOADK r3 := k11 ('current_faction' [h=B9B21A68,$009A6960])
      022 02010099      CALL r2 (1 args) => 1 results
      023 03000145 GETGLOBAL r3 := _G[k5 ('Utility_ReadNumberFromScribbleMemory' [h=2BB92038,$00A00C80])]
      024 04000301     LOADK r4 := k12 ('current_' [h=8FEE355A,$009A6940])
      025 05010000      MOVE r5 := r2
      026 06000341     LOADK r6 := k13 ('_mission' [h=7DD2639E,$009A8C00])
      027 04020193    CONCAT r4 := r4 ... r6
      028 03010099      CALL r3 (1 args) => 1 results
      029 04000385 GETGLOBAL r4 := _G[k14 ('Faction_GetAttitude' [h=D25E63EC,$009DE1C0])]
      030 05010000      MOVE r5 := r2
      031 060003C1     LOADK r6 := k15 ('prokat' [h=854F88C7,$009A6820])
      032 04018099      CALL r4 (2 args) => 1 results
      033 05000405 GETGLOBAL r5 := _G[k16 ('HOSTILE' [h=809EFD3A,$009A6D60])]
      034 00020155       BEQ r4 == r5
      035 00800154       JMP +6 ; 42
      036 05000445 GETGLOBAL r5 := _G[k17 ('Faction_SetRelation' [h=6D8FD48D,$009DFDC0])]
      037 06010000      MOVE r6 := r2
      038 070003C1     LOADK r7 := k15 ('prokat' [h=854F88C7,$009A6820])
      039 08000485 GETGLOBAL r8 := _G[k18 ('util_GetMinimumNonHostileMood' [h=3650D76F,$009D6980])]
      040 08008019      CALL r8 (0 args) => -1 results
      041 05000059      CALL r5 (-1 args) => 0 results
      042 050004C5 GETGLOBAL r5 := _G[k19 ('Utility_SavePlayerData' [h=808E8486,$00A06100])]
      043 05008059      CALL r5 (0 args) => 0 results
      044 00014395       BEQ r2 == k20 ('allies' [h=B57F1C27,$009A61A0])
      045 00800C14       JMP +49 ; 95
      046 05000545 GETGLOBAL r5 := _G[k21 ('Global_GetValue' [h=A320AED9,$00977860])]
      047 06000581     LOADK r6 := k22 ('LoadAceBriefing' [h=6F0AD05F,$009A6880])
      048 05010099      CALL r5 (1 args) => 1 results
      049 0102C455       BNE r5 != k23 (0.0)
      050 00800AD4       JMP +44 ; 95
      051 05000605 GETGLOBAL r5 := _G[k24 ('Global_SetValue' [h=AB0FD37C,$009777E0])]
      052 06000581     LOADK r6 := k22 ('LoadAceBriefing' [h=6F0AD05F,$009A6880])
      053 070005C1     LOADK r7 := k23 (0.0)
      054 05018059      CALL r5 (2 args) => 0 results
      055 05000645 GETGLOBAL r5 := _G[k25 ('Utility_WriteNumberToScribbleMemory' [h=DCF55147,$009DC740])]
      056 06000681     LOADK r6 := k26 ('old_allies_mission' [h=A2110E2E,$00A00700])
      057 07018000      MOVE r7 := r3
      058 05018059      CALL r5 (2 args) => 0 results
      059 0000C555       BEQ r1 == k27 (1.0)
      060 00800194       JMP +7 ; 68
      061 05000705 GETGLOBAL r5 := _G[k28 ('Utility_ResetToBaseLayerOnly' [h=05E8CF2B,$00A0D200])]
      062 06000741     LOADK r6 := k29 ('aclubs' [h=8C490E45,$009A6800])
      063 05010059      CALL r5 (1 args) => 0 results
      064 05000785 GETGLOBAL r5 := _G[k30 ('util_SetLoadScreen' [h=60A3A91B,$009E0E80])]
      065 06000741     LOADK r6 := k29 ('aclubs' [h=8C490E45,$009A6800])
      066 05010059      CALL r5 (1 args) => 0 results
      067 00800DD4       JMP +56 ; 124
      068 0000C655       BEQ r1 == k31 (2.0)
      069 00800194       JMP +7 ; 77
      070 05000705 GETGLOBAL r5 := _G[k28 ('Utility_ResetToBaseLayerOnly' [h=05E8CF2B,$00A0D200])]
      071 06000801     LOADK r6 := k32 ('admnd' [h=10BE8475,$009A7DE0])
      072 05010059      CALL r5 (1 args) => 0 results
      073 05000785 GETGLOBAL r5 := _G[k30 ('util_SetLoadScreen' [h=60A3A91B,$009E0E80])]
      074 06000801     LOADK r6 := k32 ('admnd' [h=10BE8475,$009A7DE0])
      075 05010059      CALL r5 (1 args) => 0 results
      076 00800B94       JMP +47 ; 124
      077 0000C6D5       BEQ r1 == k33 (3.0)
      078 00800194       JMP +7 ; 86
      079 05000705 GETGLOBAL r5 := _G[k28 ('Utility_ResetToBaseLayerOnly' [h=05E8CF2B,$00A0D200])]
      080 06000881     LOADK r6 := k34 ('aheart' [h=9171EE89,$009A7DA0])
      081 05010059      CALL r5 (1 args) => 0 results
      082 05000785 GETGLOBAL r5 := _G[k30 ('util_SetLoadScreen' [h=60A3A91B,$009E0E80])]
      083 06000881     LOADK r6 := k34 ('aheart' [h=9171EE89,$009A7DA0])
      084 05010059      CALL r5 (1 args) => 0 results
      085 00800954       JMP +38 ; 124
      086 0000C755       BEQ r1 == k35 (4.0)
      087 008008D4       JMP +36 ; 124
      088 05000705 GETGLOBAL r5 := _G[k28 ('Utility_ResetToBaseLayerOnly' [h=05E8CF2B,$00A0D200])]
      089 06000901     LOADK r6 := k36 ('aspade' [h=4F383D95,$009A7DC0])
      090 05010059      CALL r5 (1 args) => 0 results
      091 05000785 GETGLOBAL r5 := _G[k30 ('util_SetLoadScreen' [h=60A3A91B,$009E0E80])]
      092 06000901     LOADK r6 := k36 ('aspade' [h=4F383D95,$009A7DC0])
      093 05010059      CALL r5 (1 args) => 0 results
      094 00800714       JMP +29 ; 124
      095 05000945 GETGLOBAL r5 := _G[k37 ('Utility_WriteStringToScribbleMemory' [h=5E8C6272,$00A3FBC0])]
      096 06000981     LOADK r6 := k38 ('SkipTo_Faction' [h=D8E965DF,$009A6980])
      097 07010000      MOVE r7 := r2
      098 05018059      CALL r5 (2 args) => 0 results
      099 05000645 GETGLOBAL r5 := _G[k25 ('Utility_WriteNumberToScribbleMemory' [h=DCF55147,$009DC740])]
      100 060009C1     LOADK r6 := k39 ('SkipTo_MissionNumber' [h=DF4E9E46,$00A12200])
      101 07018000      MOVE r7 := r3
      102 05018059      CALL r5 (2 args) => 0 results
      103 05000705 GETGLOBAL r5 := _G[k28 ('Utility_ResetToBaseLayerOnly' [h=05E8CF2B,$00A0D200])]
      104 05008059      CALL r5 (0 args) => 0 results
      105 00800454       JMP +18 ; 124
      106 00000A05 GETGLOBAL r0 := _G[k40 ('SpawnBouncers' [h=890E7871,$009A60A0])]
      107 010000C5 GETGLOBAL r1 := _G[k3 ('TRUE' [h=0067B195,$0098F4C0])]
      108 00010059      CALL r0 (1 args) => 0 results
      109 00000A45 GETGLOBAL r0 := _G[k41 ('EnableBouncers' [h=459C9068,$009A6080])]
      110 010000C5 GETGLOBAL r1 := _G[k3 ('TRUE' [h=0067B195,$0098F4C0])]
      111 00010059      CALL r0 (1 args) => 0 results
      112 00000A85 GETGLOBAL r0 := _G[k42 ('Mission_PlayerRespawn' [h=4F618654,$009DD2C0])]
      113 00008059      CALL r0 (0 args) => 0 results
      114 00000945 GETGLOBAL r0 := _G[k37 ('Utility_WriteStringToScribbleMemory' [h=5E8C6272,$00A3FBC0])]
      115 01000AC1     LOADK r1 := k43 ('PlayerStartLocationName' [h=97810C56,$00A02EC0])
      116 02000B01     LOADK r2 := k44 ('loc_playerstart' [h=AE611F70,$009A7D60])
      117 00018059      CALL r0 (2 args) => 0 results
      118 00000B85 GETGLOBAL r0 := _G[k46 ('Event_RelativeTimer' [h=AD23F6E2,$00A3EA80])]
      119 01000BC1     LOADK r1 := k47 ('PlayNoMissionStateBGM' [h=3A726FD9,$00A01C00])
      120 02000C01     LOADK r2 := k48 ('b' [h=00000083,$009960C0])
      121 03000C41     LOADK r3 := k49 (5.0)
      122 00020099      CALL r0 (3 args) => 1 results
      123 00000B47 SETGLOBAL r0 ->> _G[k45 ('hEventPlayBGM' [h=A9A9089B,$009A6160])]
      124 00000B85 GETGLOBAL r0 := _G[k46 ('Event_RelativeTimer' [h=AD23F6E2,$00A3EA80])]
      125 01000C81     LOADK r1 := k50 ('DoFadeIn' [h=B73309CB,$009A6260])
      126 02000C01     LOADK r2 := k48 ('b' [h=00000083,$009960C0])
      127 03000CC1     LOADK r3 := k51 (0.10000000149011612)
      128 00020059      CALL r0 (3 args) => 0 results
      129 0000801B    RETURN r0 ... r-1
  [Node$01CA5EEC] 'Actor_SetIdleInPuppetState' [h=972AFA5F,$00A082C0]: cfunction$002AD3F8 'Actor_SetIdleInPuppetState' [h=972AFA5F,$00A082C0]
  [Node$01CA5F64] 'Debug_PrintMemoryStatistics' [h=AD1BBA65,$00A401C0]: cfunction$002F7160 'Debug_PrintMemoryStatistics' [h=AD1BBA65,$00A401C0]
  [Node$01CA5FA0] 'loc_ff4653_v_n' [h=1C3C6268,$00994A40]: table$009A5100[a=2,h=1]
    [0:$00961490] 'ff4653_v3' [h=A42C15E9,$009845A0]
    [1:$00961498] 'ff4653_v4' [h=7C87ECD8,$009986C0]
  [Node$01CA5FF0] 'Utility_GetStringById' [h=F7067A6C,$009D9780]: cfunction$002C4CB8 'Utility_GetStringById' [h=F7067A6C,$009D9780]
  [Node$01CA6004] 'tSW_Challenge_Race_HQa2HQs_01' [h=35C26A6D,$009D2C40]: table$0099D500[a=0,h=32]
    [Node$00D92BE8] 'sChallengeScriptName' [h=8B569902,$009E2E40]: 'SW_Challenge_Race_HQa2HQs_01' [h=C792C356,$009CC740]
    [Node$00D92BFC] 'sFuncNameHide' [h=E8C1E1A3,$009A23A0]: 'SW_Challenge_Race_HQa2HQs_01_Hide' [h=D26C89C5,$009FFF00]
    [Node$00D92C38] 'sFuncNameQuestionBox' [h=25D5C106,$00A25740]: 'SW_Challenge_Race_HQa2HQs_01_QuestionBox' [h=F9152E7A,$009FB940]
    [Node$00D92C60] 'tGoals' [h=B6E9E608,$00999620]: table$00977020[a=1,h=1]
      [0:$00957690] table$009AA220[a=0,h=4]
        [Node$00B29D54] 'sText' [h=11BDEAA9,$0099A6A0]: '[challenge.goal.time]' [h=870BC923,$009F6980]
        [Node$00B29D68] 'vValue' [h=4822E3A2,$00996420]: function$0099EE00 'SW_Challenge_Race_HQa2HQs_01_GoalBestTime' [h=430B35FC,$009CBD00]
          CONST$00A04840 k0  'Utility_SecondsToClock' [h=70859ABF,$00A416C0]
          CONST$00A04848 k1  'challenge_StatGetFloat' [h=DF587491,$00A28A80]
          CONST$00A04850 k2  'sw_race_HQa2HQs_01' [h=A742E182,$009F0740]
          CONST$00A04858 k3  'BestTime' [h=6B3D9C2E,$009A3E40]
          CONST$00A04860 k4  60.0
          CONST$00A04868 k5  2.0
          CODE $009D9D80
            000 00000005 GETGLOBAL r0 := _G[k0 ('Utility_SecondsToClock' [h=70859ABF,$00A416C0])]
            001 01000045 GETGLOBAL r1 := _G[k1 ('challenge_StatGetFloat' [h=DF587491,$00A28A80])]
            002 02000081     LOADK r2 := k2 ('sw_race_HQa2HQs_01' [h=A742E182,$009F0740])
            003 030000C1     LOADK r3 := k3 ('BestTime' [h=6B3D9C2E,$009A3E40])
            004 047F3FCE       MUL r4 := k4 (60.0) * k5 (2.0)
            005 01020019      CALL r1 (3 args) => -1 results
            006 0000001A  TAILCALL r0 (-1 args)
            007 0000001B    RETURN r0 ... r-2
            008 0000801B    RETURN r0 ... r-1
    [Node$00D92C74] 'sQuestionBoxInsideTextKey' [h=FCDCE389,$009E6FC0]: '[challenge.SW_Challenge_Race_HQa2HQs_01.description]' [h=50A8459A,$00ABBBC0]
    [Node$00D92C88] 'sFuncNameStart' [h=FF54EF6A,$009AA880]: 'SW_Challenge_Race_HQa2HQs_01_Start' [h=245339E9,$00A3E6C0]
    [Node$00D92CB0] 'bIsSetup' [h=D7AB01C6,$00997540]: True
    [Node$00D92CC4] 'tEventHandlesForSetup' [h=9B8DA62D,$00A02E00]: table$009A00C0[a=0,h=4]
      [Node$00ABDA40] 'hAiInNamedVehicle0' [h=BDA1E5D0,$009DEC80]: 1575.0
      [Node$00ABDA68] 'hActorToVectorProximity' [h=5EDEF380,$00A00A80]: 1577.0
      [Node$00ABDA7C] 'hHitPointsLessThan' [h=4539B91F,$009E1F40]: 1576.0
    [Node$00D92CD8] 'sFuncNameEnd' [h=78C8606E,$009A8800]: 'SW_Challenge_Race_HQa2HQs_01_End' [h=EA9025C3,$00A0AD80]
    [Node$00D92CEC] 'sFuncNameSetupAiInNamedVehicle' [h=8879F6AF,$00A23C40]: 'SW_Challenge_Race_HQa2HQs_01_SetupAiInNamedVehicle' [h=AA981B1E,$00ABE140]
    [Node$00D92D00] 'tRules' [h=B5794570,$009C3D40]: table$00989300[a=1,h=1]
      [0:$009576A0] table$00977080[a=0,h=2]
        [Node$009FBE94] 'sText' [h=11BDEAA9,$0099A6A0]: '[challenge.rule.remaininvehicle]' [h=26841DE6,$00A01480]
    [Node$00D92D14] 'bStarterIsSpent' [h=5FEBD8E8,$009C7EE0]: nil
    [Node$00D92D28] 'sFuncNameWaitForReinitOpportunity' [h=A476F72A,$00A0EDC0]: 'SW_Challenge_Race_HQa2HQs_01_WaitForReinitOpportunity' [h=F5216240,$00ABE1C0]
    [Node$00D92D3C] 'sFuncNamePrefix' [h=24CFBE93,$00985DC0]: 'SW_Challenge_Race_HQa2HQs_01' [h=C792C356,$009CC740]
    [Node$00D92D50] 'sFuncNameStarterSpawned' [h=6EFD36B4,$009FC280]: 'SW_Challenge_Race_HQa2HQs_01_StarterSpawned' [h=4174EB11,$009DF600]
    [Node$00D92D64] 'sFuncOnStarterBroken' [h=ED7F76E3,$009DD680]: 'SW_Challenge_Race_HQa2HQs_01_OnStarterBroken' [h=08BCBD56,$009DE900]
    [Node$00D92D78] 'bQuestionBoxPauseGame' [h=10991576,$00A10F40]: True
    [Node$00D92D8C] 'sFuncOnStarterSpent' [h=4BD64963,$009E1900]: 'SW_Challenge_Race_HQa2HQs_01_OnStarterSpent' [h=E3319CCE,$009D7F00]
    [Node$00D92DA0] 'sFuncNameShow' [h=6964B278,$0097FB80]: 'SW_Challenge_Race_HQa2HQs_01_Show' [h=5CDE5837,$009E2440]
    [Node$00D92DB4] 'sCurrentChallengeStarter' [h=AFEC3F39,$00A01740]: 'c_race_HQa2HQs_01_veh0' [h=A9C027FF,$00A29C00]
    [Node$00D92DC8] 'sStarterNameBase' [h=52BE0E9A,$009DF640]: 'c_race_HQa2HQs_01_veh' [h=69E33084,$00A24700]
    [Node$00D92DDC] 'vReward' [h=18F9995B,$009C6E80]: 5000.0
    [Node$00D92DF0] 'sQuestionBoxWindowTitleKey' [h=0061E794,$00A00A00]: 'challenge.SW_Challenge_Race_HQa2HQs_01.title' [h=F23E81C1,$009E0800]
    [Node$00D92E04] 'sStarterTemplate' [h=01757CDA,$009FFDC0]: 'template_allies_humvee_empty' [h=8CD06759,$00A06F40]
    [Node$00D92E18] 'sStarterLocation' [h=A151005E,$009FE200]: 'c_race_HQa2HQs_01_start' [h=D9677706,$00A05500]
    [Node$00D92E2C] 'sFuncNameReinit' [h=EC63489F,$00981FA0]: 'SW_Challenge_Race_HQa2HQs_01_Reinit' [h=DFA6CCC5,$009D3B80]
  [Node$01CA6018] 'pcall' [h=114DA26E,$0099A720]: cfunction$003B8BB8 'pcall' [h=114DA26E,$0099A720]
  [Node$01CA602C] 'jeff_SetupWeaponEvents' [h=35B8C26F,$00A2B240]: function$00988A00 'jeff_SetupWeaponEvents' [h=35B8C26F,$00A2B240]
    CONST$00C50840 k0  'global_pic_ak47' [h=17D79FD2,$009AC620]
    CONST$00C50848 k1  'global_pic_amrifle' [h=A21FBF49,$009E0FC0]
    CONST$00C50850 k2  'global_pic_c4' [h=A6A7CDEA,$009A58E0]
    CONST$00C50858 k3  'global_pic_cheatgun' [h=3E415917,$009E1000]
    CONST$00C50860 k4  'global_pic_fraggrenade' [h=32B45AB9,$009E0F40]
    CONST$00C50868 k5  'global_pic_lmg' [h=B837D114,$009A1FA0]
    CONST$00C50870 k6  'global_pic_m4' [h=D4FE00E8,$009C68A0]
    CONST$00C50878 k7  'global_pic_mp5' [h=76BFB21E,$0097FB20]
    CONST$00C50880 k8  'global_pic_rpg' [h=630A155D,$0098C6C0]
    CONST$00C50888 k9  'global_pic_shotgun' [h=F4798F0E,$009E0DC0]
    CONST$00C50890 k10 'global_pic_smaw' [h=81E77A94,$00994A60]
    CONST$00C50898 k11 'global_pic_smg' [h=2E258346,$00980DC0]
    CONST$00C508A0 k12 'global_pic_sniperrifle' [h=2F4DC0ED,$009E0E00]
    CONST$00C508A8 k13 'global_pic_stinger' [h=C3BD2200,$009E07C0]
    CONST$00C508B0 k14 'global_pic_stungrenade' [h=A47A2421,$009E0780]
    CONST$00C508B8 k15 'ipairs' [h=B6F4A157,$00990680]
    CONST$00C508C0 k16 'util_PrintDebugMsg' [h=A2961C17,$00A11FC0]
    CONST$00C508C8 k17 '[##########] Setting up equip event for ' [h=16709D3F,$009E1A00]
    CONST$00C508D0 k18 'tostring' [h=787EB105,$00990700]
    CONST$00C508D8 k19 '\n' [h=0000002B,$009A7280]
    CONST$00C508E0 k20 'Utility_ReadNumberFromScribbleMemory' [h=2BB92038,$00A00C80]
    CONST$00C508E8 k21 'Event_PlayerEquipsOdfItem' [h=C8FEA28F,$00A106C0]
    CONST$00C508F0 k22 'jeff_EquippedItem' [h=4C3BFE49,$009E0F80]
    CONST$00C508F8 k23 'b' [h=00000083,$009960C0]
    CONST$00C50900 k24 'TRUE' [h=0067B195,$0098F4C0]
    CODE $00BB7C80
      000 000A000A  NEWTABLE r0 := {} (#a=20, #h=0)
      001 01000001     LOADK r1 := k0 ('global_pic_ak47' [h=17D79FD2,$009AC620])
      002 02000041     LOADK r2 := k1 ('global_pic_amrifle' [h=A21FBF49,$009E0FC0])
      003 03000081     LOADK r3 := k2 ('global_pic_c4' [h=A6A7CDEA,$009A58E0])
      004 040000C1     LOADK r4 := k3 ('global_pic_cheatgun' [h=3E415917,$009E1000])
      005 05000101     LOADK r5 := k4 ('global_pic_fraggrenade' [h=32B45AB9,$009E0F40])
      006 06000141     LOADK r6 := k5 ('global_pic_lmg' [h=B837D114,$009A1FA0])
      007 07000181     LOADK r7 := k6 ('global_pic_m4' [h=D4FE00E8,$009C68A0])
      008 080001C1     LOADK r8 := k7 ('global_pic_mp5' [h=76BFB21E,$0097FB20])
      009 09000201     LOADK r9 := k8 ('global_pic_rpg' [h=630A155D,$0098C6C0])
      010 0A000241     LOADK r10 := k9 ('global_pic_shotgun' [h=F4798F0E,$009E0DC0])
      011 0B000281     LOADK r11 := k10 ('global_pic_smaw' [h=81E77A94,$00994A60])
      012 0C0002C1     LOADK r12 := k11 ('global_pic_smg' [h=2E258346,$00980DC0])
      013 0D000301     LOADK r13 := k12 ('global_pic_sniperrifle' [h=2F4DC0ED,$009E0E00])
      014 0E000341     LOADK r14 := k13 ('global_pic_stinger' [h=C3BD2200,$009E07C0])
      015 0F000381     LOADK r15 := k14 ('global_pic_stungrenade' [h=A47A2421,$009E0780])
      016 0000039F   SETLIST r0 [14]
      017 010003C5 GETGLOBAL r1 := _G[k15 ('ipairs' [h=B6F4A157,$00990680])]
      018 02000000      MOVE r2 := r0
      019 01010159      CALL r1 (1 args) => 4 results
      020 0180049E  TFORPREP WIP
      021 05000405 GETGLOBAL r5 := _G[k16 ('util_PrintDebugMsg' [h=A2961C17,$00A11FC0])]
      022 06000441     LOADK r6 := k17 ('[##########] Setting up equip event for ' [h=16709D3F,$009E1A00])
      023 07000485 GETGLOBAL r7 := _G[k18 ('tostring' [h=787EB105,$00990700])]
      024 08020000      MOVE r8 := r4
      025 07010099      CALL r7 (1 args) => 1 results
      026 080004C1     LOADK r8 := k19 ('\n' [h=0000002B,$009A7280])
      027 06030213    CONCAT r6 := r6 ... r8
      028 05010059      CALL r5 (1 args) => 0 results
      029 05000505 GETGLOBAL r5 := _G[k20 ('Utility_ReadNumberFromScribbleMemory' [h=2BB92038,$00A00C80])]
      030 06020000      MOVE r6 := r4
      031 05010099      CALL r5 (1 args) => 1 results
      032 05028058      TEST r5: r5 := r5 ; or skip
      033 00800154       JMP +6 ; 40
      034 05000545 GETGLOBAL r5 := _G[k21 ('Event_PlayerEquipsOdfItem' [h=C8FEA28F,$00A106C0])]
      035 06000581     LOADK r6 := k22 ('jeff_EquippedItem' [h=4C3BFE49,$009E0F80])
      036 070005C1     LOADK r7 := k23 ('b' [h=00000083,$009960C0])
      037 08020000      MOVE r8 := r4
      038 09000605 GETGLOBAL r9 := _G[k24 ('TRUE' [h=0067B195,$0098F4C0])]
      039 05028059      CALL r5 (4 args) => 0 results
      040 0100005D  TFORLOOP WIP
      041 007FFA94       JMP -21 ; 21
      042 00000003   LOADNIL r0 ... r0
      043 0000801B    RETURN r0 ... r-1
  [Node$01CA6054] 'bCorrectMissionSequence' [h=B1A14271,$00A12400]: True
  [Node$01CA6068] 'Utility_WriteStringToScribbleMemory' [h=5E8C6272,$00A3FBC0]: cfunction$002C5AA8 'Utility_WriteStringToScribbleMemory' [h=5E8C6272,$00A3FBC0]
  [Node$01CA6090] 'Player_SetWeaponEnabled' [h=8CB30274,$009DBEC0]: cfunction$002BF930 'Player_SetWeaponEnabled' [h=8CB30274,$009DBEC0]
  [Node$01CA60E0] 'VERB_DELIVER_HUM' [h=AC2E5278,$009DFD80]: 5.0
  [Node$01CA6158] 'DefineSubStateTable' [h=508E7A7E,$009DFF00]: function$0098E7A0 'DefineSubStateTable' [h=508E7A7E,$009DFF00]
    CONST$01A80100 k0  'tSubStates' [h=5663E535,$0099D920]
    CONST$01A80108 k1  'sw' [h=000017F5,$009AA280]
    CONST$01A80110 k2  'layers' [h=B6F25259,$00984C40]
    CONST$01A80118 k3  'sw_poi_haeju' [h=996D4AAC,$00988D00]
    CONST$01A80120 k4  'sw_poi_kaesong' [h=BCB679CE,$0098E560]
    CONST$01A80128 k5  'sw_poi_ichon' [h=00A1D86B,$00981C40]
    CONST$01A80130 k6  'sw_poi_sariwon' [h=6548969A,$009A5480]
    CONST$01A80138 k7  'sw_poi_propaganda' [h=9327D0E6,$009DD240]
    CONST$01A80140 k8  'sw_base-merge' [h=D49DA51F,$009775C0]
    CONST$01A80148 k9  'sw_poi_blackgate' [h=F4250F3F,$009DD300]
    CONST$01A80150 k10 'sw_poi_nampo' [h=E4D9E617,$009931E0]
    CONST$01A80158 k11 'sw_poi_nkartillery' [h=49B58AD4,$009DCB40]
    CONST$01A80160 k12 'sw_global_region_names' [h=6FEB5E57,$009DCA40]
    CONST$01A80168 k13 'sw_poi_pyongeast' [h=BA650E84,$009DCA80]
    CONST$01A80170 k14 'sw_poi_pyongairport' [h=B1DD90CC,$009DCA00]
    CONST$01A80178 k15 'sw_poi_dmz' [h=754B8B22,$00976B80]
    CONST$01A80180 k16 'sw_poi_smt' [h=240F1BF5,$009A5440]
    CONST$01A80188 k17 'sw_global_bounty_blueprints' [h=B2ACDB9F,$009DCC40]
    CONST$01A80190 k18 'sw_global_bounty_treasures' [h=C88C0C9C,$009DCE00]
    CONST$01A80198 k19 'sw_global_bounty_listening' [h=6B13F74E,$009DC980]
    CONST$01A801A0 k20 'sw_global_flyby' [h=737D15B1,$009AA900]
    CONST$01A801A8 k21 'sw_global_killbox' [h=508F980E,$009DC5C0]
    CONST$01A801B0 k22 'sw_global_save' [h=F6AD59CF,$009A0A80]
    CONST$01A801B8 k23 'sw_global_sound' [h=CAA0C953,$0099B680]
    CONST$01A801C0 k24 'sw_poi_nkartillery_tunnel01-active' [h=9A5AB9CE,$009DBE40]
    CONST$01A801C8 k25 'sw_poi_nkartillery_tunnel02-active' [h=9A5AB9CE,$009DBD00]
    CONST$01A801D0 k26 'sw_poi_pyongairport_tunnel01-active' [h=A1747C63,$009DBFC0]
    CONST$01A801D8 k27 'sw_poi_pyongeast_tunnel01-active' [h=FEC1C7D4,$009DD740]
    CONST$01A801E0 k28 'sw_poi_pyongwest_tunnel01-active' [h=42D3AD9E,$009DAF00]
    CONST$01A801E8 k29 'sw_poi_pyongwest_tunnel02-active' [h=42D3AD9E,$009DAE40]
    CONST$01A801F0 k30 'sw_poi_pyongwest_tunnel03-active' [h=42D3AD9E,$009DD140]
    CONST$01A801F8 k31 'sw_poi_sariwon_tunnel01-active' [h=7C605CC0,$009DAD80]
    CONST$01A80200 k32 'sw_road_ich2blg_tunnel01-active' [h=B9145C73,$009DAD00]
    CONST$01A80208 k33 'sw_road_ich2dmz_tunnel01-active' [h=696961A2,$00A0EC00]
    CONST$01A80210 k34 'sw_road_kae2frm_tunnel01-active' [h=D92CD287,$00A02000]
    CONST$01A80218 k35 'sw_road_prp2dmz_tunnel01-active' [h=1C66835E,$009DB040]
    CONST$01A80220 k36 'sw_road_prp2dmz_tunnel02-active' [h=BA52F0F0,$00A00B00]
    CONST$01A80228 k37 'sw_road_prp2dmz_tunnel03-active' [h=0A69EA23,$00A02D00]
    CONST$01A80230 k38 'sw_road_srw2ich_tunnel01-active' [h=87D9CB3F,$009F5380]
    CONST$01A80238 k39 'sw_road_srw2ich_tunnel02-active' [h=3430B97A,$009F4DC0]
    CONST$01A80240 k40 'sw_poi_fortress_tunnel01-active' [h=B92B1AE1,$009F4D40]
    CONST$01A80248 k41 'sw_road_nab2hae_tunnel01-active' [h=B397534C,$009F47C0]
    CONST$01A80250 k42 'sw_road_nab2hae_tunnel02-active' [h=F0769904,$009F42C0]
    CONST$01A80258 k43 'sw_poi_farmland_ff_NKvsUN_01' [h=A0788FA8,$009F4300]
    CONST$01A80260 k44 'sw_poi_haeju_ff_CHvsNK_01' [h=2ED6ABC6,$009F3DC0]
    CONST$01A80268 k45 'sw_poi_ichon_ff_UNvsNK_01' [h=7EF46EDF,$009F3E00]
    CONST$01A80270 k46 'sw_poi_dmz_traffic' [h=F3149CD4,$009F3E80]
    CONST$01A80278 k47 'sw_poi_farmland_traffic' [h=2CC10D7C,$009F3D80]
    CONST$01A80280 k48 'sw_poi_haeju_traffic' [h=9FD5F0DD,$009F3D40]
    CONST$01A80288 k49 'sw_poi_ichon_traffic' [h=4AC03A8E,$009F3CC0]
    CONST$01A80290 k50 'sw_poi_kaesong_traffic' [h=41477830,$009F34C0]
    CONST$01A80298 k51 'sw_poi_MASH_traffic' [h=6693BF39,$009F3500]
    CONST$01A802A0 k52 'sw_poi_nampo_traffic' [h=9B3E183A,$009F3300]
    CONST$01A802A8 k53 'sw_poi_nkartillery_traffic' [h=2458A039,$009F2E80]
    CONST$01A802B0 k54 'sw_poi_nkbase_traffic' [h=D6012409,$009F33C0]
    CONST$01A802B8 k55 'sw_poi_propaganda_traffic' [h=5C10228A,$009F8740]
    CONST$01A802C0 k56 'sw_poi_pyongairport_traffic' [h=DA1BFF1C,$00A058C0]
    CONST$01A802C8 k57 'sw_poi_pyongdowntown_traffic' [h=F4302427,$009FC2C0]
    CONST$01A802D0 k58 'sw_poi_pyongeast_traffic' [h=AAC21CAA,$009CCC40]
    CONST$01A802D8 k59 'sw_poi_pyongnorth_traffic' [h=7D9C4DBD,$009CF2C0]
    CONST$01A802E0 k60 'sw_poi_pyongwest_traffic' [h=E21564D5,$009CD4C0]
    CONST$01A802E8 k61 'sw_poi_sariwon_traffic' [h=61E18494,$009D93C0]
    CONST$01A802F0 k62 'sw_poi_smt_traffic' [h=9700898E,$009F1680]
    CONST$01A802F8 k63 'sw_road_blg2frt_traffic' [h=BA22549D,$009F15C0]
    CONST$01A80300 k64 'sw_road_dmz2kae_traffic' [h=75E6C2A4,$009F1200]
    CONST$01A80308 k65 'sw_road_frm2dmz_traffic' [h=D07BDBF2,$009F12C0]
    CONST$01A80310 k66 'sw_road_frm2kae_traffic' [h=77E2B517,$009F1100]
    CONST$01A80318 k67 'sw_road_frm2prp_traffic' [h=EBE3F87F,$009F0A80]
    CONST$01A80320 k68 'sw_road_hae2frm_traffic' [h=2E2717BB,$009F0B40]
    CONST$01A80328 k69 'sw_road_ich2blg_traffic' [h=08DD37EF,$009F0A00]
    CONST$01A80330 k70 'sw_road_ich2dmz_traffic' [h=1B8E9806,$009F0980]
    CONST$01A80338 k71 'sw_road_ich2kae_traffic' [h=455BC818,$009F0880]
    CONST$01A80340 k72 'sw_road_ich2srw_traffic' [h=8B417034,$009F0800]
    CONST$01A80348 k73 'sw_road_kae2ich_traffic' [h=FA4B6949,$009F07C0]
    CONST$01A80350 k74 'sw_road_kae2srw_traffic' [h=33C369B5,$009EFA80]
    CONST$01A80358 k75 'sw_road_nab2hae_traffic' [h=47A4A94A,$009EF780]
    CONST$01A80360 k76 'sw_road_nab2nkb_traffic' [h=B8679CA6,$009EFB00]
    CONST$01A80368 k77 'sw_road_nab2nmp_traffic' [h=654DFFFD,$009EF440]
    CONST$01A80370 k78 'sw_road_nmp2nab_traffic' [h=98F4ED3C,$009EF500]
    CONST$01A80378 k79 'sw_road_nmp2pyw_traffic' [h=F176A200,$009EF200]
    CONST$01A80380 k80 'sw_road_prp2dmz_traffic' [h=41308402,$009EF140]
    CONST$01A80388 k81 'sw_road_pya2pyw_traffic' [h=B152E455,$009EEC80]
    CONST$01A80390 k82 'sw_road_pyd2ich_traffic' [h=F9D6654D,$009EEA00]
    CONST$01A80398 k83 'sw_road_pyd2pye_traffic' [h=2E594435,$009EE980]
    CONST$01A803A0 k84 'sw_road_pyd2srw_traffic' [h=AB0353E8,$009EE480]
    CONST$01A803A8 k85 'sw_road_pye2frt_traffic' [h=CFD77EFE,$009EE440]
    CONST$01A803B0 k86 'sw_road_pye2pyn_traffic' [h=45750E37,$009CBAC0]
    CONST$01A803B8 k87 'sw_road_pye2srw_traffic' [h=4207F46F,$009CBB80]
    CONST$01A803C0 k88 'sw_road_pyn2pyd_traffic' [h=A7D18AE0,$009CB780]
    CONST$01A803C8 k89 'sw_road_pyn2pye_traffic' [h=A5705737,$009E37C0]
    CONST$01A803D0 k90 'sw_road_pyw2pya_traffic' [h=F620195E,$009FA6C0]
    CONST$01A803D8 k91 'sw_road_pyw2pyn_traffic' [h=A7C32AD4,$009CB7C0]
    CONST$01A803E0 k92 'sw_road_srw2ich_traffic' [h=CB5F5211,$009CB740]
    CONST$01A803E8 k93 'sw_road_srw2pyd_traffic' [h=F4BA3BD6,$009E1380]
    CONST$01A803F0 k94 'sw_road_srw2pye_traffic' [h=225F854A,$009EF680]
    CONST$01A803F8 k95 'sw_road_kae2dmz_traffic' [h=0C21410E,$00A03400]
    CONST$01A80400 k96 'sw_road_kae2frm_traffic' [h=69495FB6,$00A40040]
    CONST$01A80408 k97 'sw_road_nmp2hae_traffic' [h=E179C8D6,$009DADC0]
    CONST$01A80410 k98 'sw_road_nab2srw_traffic' [h=2199BC70,$00A0DFC0]
    CONST$01A80418 k99 'sw_poi_dmz_peds' [h=9DA92340,$00983D20]
    CONST$01A80420 k100 'sw_poi_farmland_peds' [h=BBB2B541,$009EF800]
    CONST$01A80428 k101 'sw_poi_haeju_peds' [h=AF44037B,$009F5680]
    CONST$01A80430 k102 'sw_poi_ichon_peds' [h=581686C5,$009F3400]
    CONST$01A80438 k103 'sw_poi_kaesong_peds' [h=134F71F3,$00A00AC0]
    CONST$01A80440 k104 'sw_poi_nampo_peds' [h=4C93715B,$009EE880]
    CONST$01A80448 k105 'sw_poi_nkartillery_peds' [h=B06A3F5A,$009DCDC0]
    CONST$01A80450 k106 'sw_poi_pyongairport_peds' [h=2664FDD8,$009DE700]
    CONST$01A80458 k107 'sw_poi_pyongeast_peds' [h=A2A4F862,$009DA8C0]
    CONST$01A80460 k108 'sw_poi_pyongnorth_peds' [h=37CB6762,$009F3700]
    CONST$01A80468 k109 'sw_poi_pyongwest_peds' [h=AD03CA1B,$00A09FC0]
    CONST$01A80470 k110 'sw_poi_pyongdowntown_peds' [h=39CD746D,$009E08C0]
    CONST$01A80478 k111 'sw_poi_sariwon_peds' [h=43C25B22,$009F1A40]
    CONST$01A80480 k112 'sw_poi_smt_peds' [h=D2723773,$009804E0]
    CONST$01A80488 k113 'sw_global_heli' [h=5D81350D,$009C3B20]
    CONST$01A80490 k114 'sw_skhq_breakin' [h=12946824,$00977120]
    CONST$01A80498 k115 'sw_road_dmz2kae_allies7-pre' [h=A3C66171,$009F3140]
    CONST$01A804A0 k116 'conditions' [h=B20F7A7D,$0097AA60]
    CONST$01A804A8 k117 'inMissionState' [h=769AC32E,$0098DAE0]
    CONST$01A804B0 k118 'sw_road_nmp2nab_tunnel01-active' [h=37681685,$00A01140]
    CONST$01A804B8 k119 'sw_road_pye2srw_tunnel01-active' [h=FD28E30B,$009F36C0]
    CONST$01A804C0 k120 'sw_poi_pyongnorth_ff_NKvsCN_01' [h=D738AFD7,$009EF840]
    CONST$01A804C8 k121 'sw_road_srw2kae_ff_NKvsSK_01' [h=FDC29863,$00A3EAC0]
    CONST$01A804D0 k122 'sw_road_ich2blg_ff_NKvsSK_01' [h=38689454,$009F0380]
    CONST$01A804D8 k123 'sw_road_nab2srw_ff_CNvsNK_01' [h=C4D5A9C1,$009EF4C0]
    CONST$01A804E0 k124 'chapter' [h=9A11FF20,$00997D80]
    CONST$01A804E8 k125 3.0
    CONST$01A804F0 k126 4.0
    CONST$01A804F8 k127 'sw_global_teleport' [h=CD1BBF4E,$009F4A80]
    CONST$01A80500 k128 'allies' [h=B57F1C27,$009A61A0]
    CONST$01A80508 k129 'start' [h=11BCD3FC,$009A4EA0]
    CONST$01A80510 k130 'end' [h=0003246B,$0098F900]
    CONST$01A80518 k131 'sw_poi_dmz-allies0' [h=D1BE16F2,$00A0B180]
    CONST$01A80520 k132 'post' [h=0078F550,$009799E0]
    CONST$01A80528 k133 1.0
    CONST$01A80530 k134 'sw_poi_dmz-allies1' [h=AC563337,$009EF700]
    CONST$01A80538 k135 'sw_poi_dmz-allies5' [h=C1490D56,$009EF040]
    CONST$01A80540 k136 'sw_road_dmz2kae_allies3-pre' [h=A4D42D55,$00A05740]
    CONST$01A80548 k137 2.0
    CONST$01A80550 k138 'sw_road_dmz2kae_allies3-post' [h=978AC681,$009F4AC0]
    CONST$01A80558 k139 5.0
    CONST$01A80560 k140 'SW_Allies6-pre' [h=B4CD0A19,$009770C0]
    CONST$01A80568 k141 'SW_Allies6-post' [h=BC63E32A,$009C40E0]
    CONST$01A80570 k142 'china' [h=1129D14E,$009A6060]
    CONST$01A80578 k143 'SW_Poi_PyongAirport-China0' [h=8813517C,$009F6040]
    CONST$01A80580 k144 'SW_Poi_PyongAirport-China1' [h=C52CB0D7,$009F0E80]
    CONST$01A80588 k145 'SW_Poi_PyongAirport-China3' [h=5234A553,$009DFE80]
    CONST$01A80590 k146 'SW_Poi_PyongAirport-China5' [h=0CEF3A86,$009F1B00]
    CONST$01A80598 k147 'SW_poi_haeju-china0' [h=79DE9ED2,$009F3680]
    CONST$01A805A0 k148 'SW_poi_haeju-mafia0' [h=F92157AF,$009F1EC0]
    CONST$01A805A8 k149 'SW_poi_haeju-china2' [h=50E608EF,$009F38C0]
    CONST$01A805B0 k150 'SW_poi_nampo-china0' [h=64BD066F,$009EE100]
    CONST$01A805B8 k151 'SW_poi_nampo-china3' [h=54F62651,$009FB540]
    CONST$01A805C0 k152 'SW_poi_nampo-china4' [h=EFB4290B,$009DEDC0]
    CONST$01A805C8 k153 'sk' [h=00001514,$009A6180]
    CONST$01A805D0 k154 'sw_poi_nampo_tunnel01-active' [h=71E63640,$009DD100]
    CONST$01A805D8 k155 'poi_nampo_tunnel01-deactive' [h=BC72D3F4,$00A101C0]
    CONST$01A805E0 k156 6.0
    CONST$01A805E8 k157 'SW_poi_nkartillery-China0' [h=A691EAA1,$00A404C0]
    CONST$01A805F0 k158 'SW_poi_nkartillery-china6' [h=04FCA547,$009F2740]
    CONST$01A805F8 k159 'mafia' [h=11226556,$009A6140]
    CONST$01A80600 k160 'SW_poi_pyongeast-mafia0' [h=209E022D,$009DDD40]
    CONST$01A80608 k161 'SW_poi_pyongeast-mafia1' [h=67AD00B0,$009DF380]
    CONST$01A80610 k162 'SW_poi_pyongeast-mafia2' [h=7B835197,$009EE0C0]
    CONST$01A80618 k163 'SW_poi_pyongeast-mafia3' [h=7BF60272,$009E09C0]
    CONST$01A80620 k164 'SW_poi_pyongeast-mafia4' [h=319D1738,$009DAA00]
    CONST$01A80628 k165 'SW_poi_pyongeast-mafia5' [h=BD18AA12,$009F1400]
    CONST$01A80630 k166 'sw_poi_nkbase' [h=2F8B634A,$00996B80]
    CONST$01A80638 k167 'sw_poi_nkbase_ruin' [h=7267926E,$009CFE40]
    CONST$01A80640 k168 'not' [h=00036AF1,$00990300]
    CONST$01A80648 k169 'sw_road_kae2srw_tunnel01-active' [h=B433C768,$009F1040]
    CONST$01A80650 k170 'SW_poi_kaesong-sk0' [h=CBE6324D,$009DAE80]
    CONST$01A80658 k171 'SW_poi_kaesong-sk1' [h=5670EAA0,$009EE800]
    CONST$01A80660 k172 'SW_poi_kaesong-sk2' [h=776973CF,$009F0C40]
    CONST$01A80668 k173 'SW_poi_kaesong-sk3' [h=A9EF58F2,$00A0F4C0]
    CONST$01A80670 k174 'SW_poi_kaesong-sk5' [h=5B6D14B5,$00A41440]
    CONST$01A80678 k175 'SW_poi_ichon-sk0' [h=AEBC3B85,$009F1480]
    CONST$01A80680 k176 'SW_poi_ichon-missile' [h=072BCC0D,$00A23E80]
    CONST$01A80688 k177 'SW_poi_ichon-sk3' [h=AB9086C6,$009F14C0]
    CONST$01A80690 k178 'SW_poi_ichon-sk4' [h=4F2C57FE,$00A07E40]
    CONST$01A80698 k179 'SW_poi_ichon-sk5' [h=9A1E8CE0,$009FE540]
    CONST$01A806A0 k180 'SW_poi_blackgate-sk0' [h=0210C792,$009F5300]
    CONST$01A806A8 k181 'SW_poi_blackgate-sk6' [h=DD0D075C,$009DF740]
    CONST$01A806B0 k182 'SW_road_ich2dm2-nobridge' [h=1869F8AD,$009EF880]
    CONST$01A806B8 k183 'SW_road_ich2dm2-bridge' [h=2485DD1B,$009E4880]
    CONST$01A806C0 k184 'SW_poi_nampo-sk0' [h=C54053AA,$009D4D00]
    CONST$01A806C8 k185 'SW_poi_nampo-sk4' [h=F8F18F5E,$009F2040]
    CONST$01A806D0 k186 'trafficZones' [h=6C281FF5,$00997B00]
    CONST$01A806D8 k187 'h-pyriver' [h=72433264,$00976F40]
    CONST$01A806E0 k188 'density' [h=78F59AB8,$0098AF40]
    CONST$01A806E8 k189 800.0
    CONST$01A806F0 k190 'destructionCoolDownTime' [h=7A20EC4B,$00A37480]
    CONST$01A806F8 k191 120.0
    CONST$01A80700 k192 'h-mash' [h=9FEB2DAB,$00994360]
    CONST$01A80708 k193 700.0
    CONST$01A80710 k194 'spawners' [h=5EA201D8,$009ABE80]
    CONST$01A80718 k195 'template' [h=7CE5CAD2,$009A1120]
    CONST$01A80720 k196 'template_allies_blackhawk' [h=3EBE2436,$009F2B00]
    CONST$01A80728 k197 'cap' [h=0003518A,$009A3DC0]
    CONST$01A80730 k198 'h-pysouth' [h=0538AD70,$0099A7C0]
    CONST$01A80738 k199 1200.0
    CONST$01A80740 k200 600.0
    CONST$01A80748 k201 'template_nk_oh6littlebird' [h=FC8568E6,$00A3FAC0]
    CONST$01A80750 k202 'h-pydtown' [h=7AC17297,$009A3B00]
    CONST$01A80758 k203 1000.0
    CONST$01A80760 k204 'h-pyeriver' [h=DB1FC4E2,$009C4A40]
    CONST$01A80768 k205 'dmz-heli' [h=BDEEEAD7,$00996520]
    CONST$01A80770 k206 'pya-heli' [h=BDEE72A2,$009A5420]
    CONST$01A80778 k207 400.0
    CONST$01A80780 k208 'blackgate' [h=8EAB4560,$009A56A0]
    CONST$01A80788 k209 200.0
    CONST$01A80790 k210 'dmz' [h=00037170,$00977600]
    CONST$01A80798 k211 300.0
    CONST$01A807A0 k212 'template_allies_humvee' [h=F98F4331,$00A0A1C0]
    CONST$01A807A8 k213 'dmz-hq' [h=7F337E05,$00990AC0]
    CONST$01A807B0 k214 'dmz-south' [h=05F861F6,$009A5F40]
    CONST$01A807B8 k215 'farmland' [h=6E8C6C77,$009A8B40]
    CONST$01A807C0 k216 'template_civ_80civic' [h=6D12359E,$009F0E40]
    CONST$01A807C8 k217 'template_civ_cargotruck' [h=E35CEF16,$009D87C0]
    CONST$01A807D0 k218 'weight' [h=922166CB,$009992E0]
    CONST$01A807D8 k219 'template_civ_markettruck' [h=B638FADE,$00A05F80]
    CONST$01A807E0 k220 'fortress' [h=70593C74,$0099F560]
    CONST$01A807E8 k221 150.0
    CONST$01A807F0 k222 'template_civ_generictruck' [h=9BE88D2C,$009DAB80]
    CONST$01A807F8 k223 'haeju-d' [h=D9860432,$009A5640]
    CONST$01A80800 k224 250.0
    CONST$01A80808 k225 'haeju-c' [h=90AC3851,$0099E620]
    CONST$01A80810 k226 'haeju' [h=11F837A1,$009809E0]
    CONST$01A80818 k227 'template_mafia_technicalmg' [h=C9A62A4B,$009F32C0]
    CONST$01A80820 k228 'ichon' [h=1060C847,$0099E1E0]
    CONST$01A80828 k229 'template_nk_type54' [h=CC261024,$009E0F00]
    CONST$01A80830 k230 'template_nk_btr60' [h=25E5D3C2,$009E2E00]
    CONST$01A80838 k231 'template_nk_jeepmgun' [h=723E0F6F,$009F2140]
    CONST$01A80840 k232 'ichon-sk' [h=F8E6D28D,$009AC020]
    CONST$01A80848 k233 'template_civ_presstruck' [h=461BA836,$00A05840]
    CONST$01A80850 k234 'template_civ_unaidtruck' [h=11022564,$00A007C0]
    CONST$01A80858 k235 'kaesong' [h=F73D9239,$00992160]
    CONST$01A80860 k236 'template_sk_humveemg' [h=2F3E811B,$009F1BC0]
    CONST$01A80868 k237 'nampo-c' [h=91100DC6,$009A1E80]
    CONST$01A80870 k238 'template_china_jeep' [h=510E0121,$009F3840]
    CONST$01A80878 k239 'template_china_apc' [h=8BA3B539,$009D9C80]
    CONST$01A80880 k240 'nampo-r' [h=EEA822D1,$009A08C0]
    CONST$01A80888 k241 350.0
    CONST$01A80890 k242 'nkartillery' [h=1E7879B0,$0097ECE0]
    CONST$01A80898 k243 'nabhills-h' [h=93FD21B3,$00990A80]
    CONST$01A808A0 k244 99999.0
    CONST$01A808A8 k245 'nabhills-g' [h=86A3ED54,$00995FE0]
    CONST$01A808B0 k246 'nkbase' [h=4B1D630F,$00990DA0]
    CONST$01A808B8 k247 'propaganda' [h=EB471DC3,$009A8400]
    CONST$01A808C0 k248 500.0
    CONST$01A808C8 k249 'pyongyangairport-p' [h=1AFF326F,$009EEC40]
    CONST$01A808D0 k250 'pyongyangairport-b' [h=7CCC2A46,$009F1F80]
    CONST$01A808D8 k251 'pyongyangairport-r' [h=FC94DEA1,$00A069C0]
    CONST$01A808E0 k252 'pya-a' [h=10136478,$009AC2E0]
    CONST$01A808E8 k253 'pyongdowntown' [h=A34DBFCD,$00997B40]
    CONST$01A808F0 k254 'template_civ_bus' [h=E19F7387,$00A07400]
    CONST$01A808F8 k255 'MASH' [h=0073CB49,$00997140]
    CONST$01A80900 k256 'pyongnorth' [h=A4B950E1,$0099FC80]
    CONST$01A80908 k257 'pyongwest' [h=31C2ED33,$0097E0A0]
    CONST$01A80910 k258 'pyongeast' [h=07DFCA5B,$00976F20]
    CONST$01A80918 k259 'airport' [h=EBB298A3,$009C79A0]
    CONST$01A80920 k260 'pyd2pye' [h=48C904AE,$009846A0]
    CONST$01A80928 k261 'pye2srw' [h=1134BECE,$00999D40]
    CONST$01A80930 k262 'pyn2pyd' [h=20F0EB99,$00986500]
    CONST$01A80938 k263 'pyn2pye' [h=48CED8FD,$00988EA0]
    CONST$01A80940 k264 'pya2pyw' [h=AA99D445,$0099F1E0]
    CONST$01A80948 k265 'srw2pyd' [h=20F0F5F1,$0099D720]
    CONST$01A80950 k266 'pyd2ich' [h=F1D334F1,$009AC900]
    CONST$01A80958 k267 'srw2pye' [h=48CE35D2,$009C5980]
    CONST$01A80960 k268 'pyd2srw' [h=1134A265,$00987CC0]
    CONST$01A80968 k269 'pye2pyn' [h=596EA41E,$0098CB80]
    CONST$01A80970 k270 'sariwon' [h=7599FB7F,$009C7680]
    CONST$01A80978 k271 'smt' [h=00036ABD,$009990C0]
    CONST$01A80980 k272 'smt-A2' [h=09CB82AA,$009C6BE0]
    CONST$01A80988 k273 'hae2frm' [h=549503FB,$00988FE0]
    CONST$01A80990 k274 'kae2dmz' [h=673C1C69,$009A0780]
    CONST$01A80998 k275 'disableZone' [h=1EEA23B1,$00980F80]
    CONST$01A809A0 k276 'kae2frm' [h=549503E6,$0097DEE0]
    CONST$01A809A8 k277 'kae2ich' [h=F1D32BC5,$009895C0]
    CONST$01A809B0 k278 'kae2srw' [h=1134A45B,$009995A0]
    CONST$01A809B8 k279 'nab2hae' [h=6A15D3F9,$009A20E0]
    CONST$01A809C0 k280 'nab2nkb' [h=4B91558A,$009C3FE0]
    CONST$01A809C8 k281 'nmp2hae' [h=6A1693B5,$009C9260]
    CONST$01A809D0 k282 'nmp2nab' [h=1A7F3591,$009A26C0]
    CONST$01A809D8 k283 'nmp2pyw' [h=AA9A0A8A,$0097DFC0]
    CONST$01A809E0 k284 'srw2ich' [h=F1D8661F,$009A45A0]
    CONST$01A809E8 k285 'srw2kae' [h=6A656F5E,$009C4780]
    CONST$01A809F0 k286 'dmz2kae' [h=6A659382,$009985C0]
    CONST$01A809F8 k287 'ich2srw' [h=11349F87,$0099B4A0]
    CONST$01A80A00 k288 'nab2nmp' [h=F5640FC2,$009AA0C0]
    CONST$01A80A08 k289 'frm2prp' [h=F25E1C1A,$009C5A40]
    CONST$01A80A10 k290 'frm2kae' [h=6A64EDBD,$00990C80]
    CONST$01A80A18 k291 'frm2dmz' [h=673C3FA8,$0099C060]
    CONST$01A80A20 k292 'ich2kae' [h=6A64B619,$00989B60]
    CONST$01A80A28 k293 'ich2dmz' [h=673C177E,$009C6D00]
    CONST$01A80A30 k294 'ich2blg' [h=AD95B68C,$00983780]
    CONST$01A80A38 k295 'template_nk_cargotruck' [h=42276D23,$009F3000]
    CONST$01A80A40 k296 's6sk' [h=00753569,$00997DC0]
    CONST$01A80A48 k297 160.0
    CONST$01A80A50 k298 'blg2frt' [h=75C58B9B,$00995800]
    CONST$01A80A58 k299 'nab-a' [h=10136AD2,$009C6100]
    CONST$01A80A60 k300 'template_nab_soldier' [h=23C5174F,$00A06140]
    CONST$01A80A68 k301 'template_nab_e_rpg' [h=82F2CA02,$00A23980]
    CONST$01A80A70 k302 'nab-b' [h=10F14CFD,$009998E0]
    CONST$01A80A78 k303 'template_nab_stinger' [h=8E41F57A,$009F28C0]
    CONST$01A80A80 k304 'nab-w' [h=138FBE25,$00983240]
    CONST$01A80A88 k305 'nampo-peds' [h=3E77EAD0,$009A5EC0]
    CONST$01A80A90 k306 'template_nam_nk_patrol' [h=6EC0FC50,$00A40600]
    CONST$01A80A98 k307 'nam-c-ped' [h=CA349776,$0099F100]
    CONST$01A80AA0 k308 'template_nam_c_patrol' [h=B931A4A3,$009FFB40]
    CONST$01A80AA8 k309 'haeju-peds' [h=3FBFBB22,$009A5740]
    CONST$01A80AB0 k310 'urgency' [h=CB1F6157,$009A1540]
    CONST$01A80AB8 k311 10.0
    CONST$01A80AC0 k312 'civDensity' [h=1B3040E2,$0099E1C0]
    CONST$01A80AC8 k313 20.0
    CONST$01A80AD0 k314 'civSpawners' [h=A0E7B8F0,$009ABB60]
    CONST$01A80AD8 k315 'template_civ_civilian01' [h=946CE746,$009F4D80]
    CONST$01A80AE0 k316 'template_civ_civilian03' [h=4592FD45,$009FCE40]
    CONST$01A80AE8 k317 'haeju-d-peds' [h=7EC34FC2,$009AAC40]
    CONST$01A80AF0 k318 'haeju-t-peds' [h=59515C07,$009C6BC0]
    CONST$01A80AF8 k319 'kaesong-peds' [h=B7643F1D,$009AA600]
    CONST$01A80B00 k320 'template_sk_soldier' [h=F73B2238,$009DDB00]
    CONST$01A80B08 k321 'template_civ_civilian04' [h=8FF29705,$009CF0C0]
    CONST$01A80B10 k322 'sariwon-peds' [h=0F1A6469,$0099CB00]
    CONST$01A80B18 k323 'ichon-peds' [h=2677C3A6,$009899A0]
    CONST$01A80B20 k324 'template_nk_soldier' [h=884FA464,$009D4740]
    CONST$01A80B28 k325 'pya-peds-a' [h=629AFEE3,$0097D840]
    CONST$01A80B30 k326 100.0
    CONST$01A80B38 k327 'template_china_soldier' [h=6F9601FC,$009DECC0]
    CONST$01A80B40 k328 'pya-peds-b' [h=E1460D2E,$00976BE0]
    CONST$01A80B48 k329 'pya-peds-p' [h=F6188198,$00981280]
    CONST$01A80B50 k330 'dmz-peds' [h=BE641E50,$009926A0]
    CONST$01A80B58 k331 50.0
    CONST$01A80B60 k332 'dmz-rf-peds' [h=CFD4224C,$0097DCA0]
    CONST$01A80B68 k333 'dmz-hq-peds' [h=D68A2979,$00985E40]
    CONST$01A80B70 k334 'frm-peds' [h=BE609AB9,$009A30A0]
    CONST$01A80B78 k335 'template_civ_civilian02' [h=8C19C226,$009E4D40]
    CONST$01A80B80 k336 'pyongnorth-peds' [h=F9334E13,$00982D80]
    CONST$01A80B88 k337 'pyongdowntown-peds' [h=B5C7DEC7,$009E0480]
    CONST$01A80B90 k338 'pye-peds' [h=BE645D49,$0099A1A0]
    CONST$01A80B98 k339 'template_allies_gunner' [h=90C27297,$009F4F00]
    CONST$01A80BA0 k340 'template_dmz_smaw' [h=CEF1719F,$009F48C0]
    CONST$01A80BA8 k341 'template_dmz_stryker' [h=0FFDA1EF,$009F4840]
    CONST$01A80BB0 k342 'template_dmz_stinger' [h=222986C5,$00A0D880]
    CONST$01A80BB8 k343 'template_dmz_m4' [h=DF9341EA,$00994340]
    CONST$01A80BC0 k344 25.0
    CONST$01A80BC8 k345 'template_pya_nk_jeepmg' [h=3311F04F,$00A0AEC0]
    CONST$01A80BD0 k346 'template_pya_a_baggage' [h=95BAD1B5,$009F1340]
    CONST$01A80BD8 k347 'template_pya_a_truck' [h=A4BCC4B2,$009F1A00]
    CONST$01A80BE0 k348 'template_pya_a_bj2020' [h=EAAB7D97,$009D4DC0]
    CONST$01A80BE8 k349 'template_pya_cSoldier' [h=B6B0D519,$009DB640]
    CONST$01A80BF0 k350 'template_pya_a_type89' [h=940E55EE,$00A41940]
    CONST$01A80BF8 k351 'template_pya_cOfficer' [h=01203919,$009F5540]
    CONST$01A80C00 k352 'template_pya_cElite' [h=DE8E57EB,$00A0C4C0]
    CONST$01A80C08 k353 'template_pya_a_type80' [h=5EADC59E,$009DFA00]
    CONST$01A80C10 k354 'Haeju' [h=11F83641,$00985B80]
    CONST$01A80C18 k355 'Haeju-peds' [h=3FBFB4C2,$00983280]
    CONST$01A80C20 k356 'template_mafia_soldier' [h=0E4E0F50,$009DDC40]
    CONST$01A80C28 k357 'template_nab_c_soldier' [h=0F66B354,$00A0B100]
    CONST$01A80C30 k358 'template_nab_c_elite' [h=9EA20760,$009E0040]
    CONST$01A80C38 k359 'template_nab_c_rpg' [h=CE955248,$009E1D40]
    CONST$01A80C40 k360 'trafficZone' [h=280B553E,$0099C800]
    CONST$01A80C48 k361 'nampo-l' [h=02E326C3,$009C5720]
    CONST$01A80C50 k362 'template_nabhills_hoplite' [h=961CA89D,$00A2D000]
    CONST$01A80C58 k363 'template_nabhills_littlebird' [h=6F697CAF,$00A04880]
    CONST$01A80C60 k364 'template_nabhills_54' [h=3968FA79,$00A408C0]
    CONST$01A80C68 k365 'template_nabhills_zsu' [h=8BD0C799,$009E8040]
    CONST$01A80C70 k366 'template_nabhills_cargo' [h=7D65A7B7,$009E5A00]
    CONST$01A80C78 k367 'template_nabhills_truck' [h=1FE3231D,$00A10A80]
    CONST$01A80C80 k368 'template_nabhills_frog' [h=E4C58E26,$00A0DF40]
    CONST$01A80C88 k369 'template_nabhills_jeep' [h=53F7CBA3,$009E6A00]
    CONST$01A80C90 k370 'template_nabhills_mi2hoplite' [h=272253C3,$00A2BE80]
    CONST$01A80C98 k371 'template_nabhills_62' [h=E03B7FDD,$00A2C340]
    CONST$01A80CA0 k372 'template_nk_transport' [h=46F5D0F3,$009E94C0]
    CONST$01A80CA8 k373 'template_nk_brdm' [h=8666E9CD,$009F4000]
    CONST$01A80CB0 k374 'template_pye_mafia_technicalMG' [h=1B6EB500,$009E5AC0]
    CONST$01A80CB8 k375 'template_sk_humveeat' [h=62281D55,$00A04D00]
    CONST$01A80CC0 k376 'template_civ_worker' [h=0408FA06,$00A03B40]
    CODE $01AD4540
      000 00000005 GETGLOBAL r0 := _G[k0 ('tSubStates' [h=5663E535,$0099D920])]
      001 0112800A  NEWTABLE r1 := {} (#a=37, #h=0)
      002 0200004A  NEWTABLE r2 := {} (#a=0, #h=1)
      003 0316000A  NEWTABLE r3 := {} (#a=44, #h=0)
      004 040000C1     LOADK r4 := k3 ('sw_poi_haeju' [h=996D4AAC,$00988D00])
      005 05000101     LOADK r5 := k4 ('sw_poi_kaesong' [h=BCB679CE,$0098E560])
      006 06000141     LOADK r6 := k5 ('sw_poi_ichon' [h=00A1D86B,$00981C40])
      007 07000181     LOADK r7 := k6 ('sw_poi_sariwon' [h=6548969A,$009A5480])
      008 080001C1     LOADK r8 := k7 ('sw_poi_propaganda' [h=9327D0E6,$009DD240])
      009 09000201     LOADK r9 := k8 ('sw_base-merge' [h=D49DA51F,$009775C0])
      010 0A000241     LOADK r10 := k9 ('sw_poi_blackgate' [h=F4250F3F,$009DD300])
      011 0B000281     LOADK r11 := k10 ('sw_poi_nampo' [h=E4D9E617,$009931E0])
      012 0C0002C1     LOADK r12 := k11 ('sw_poi_nkartillery' [h=49B58AD4,$009DCB40])
      013 0D000301     LOADK r13 := k12 ('sw_global_region_names' [h=6FEB5E57,$009DCA40])
      014 0E000341     LOADK r14 := k13 ('sw_poi_pyongeast' [h=BA650E84,$009DCA80])
      015 0F000381     LOADK r15 := k14 ('sw_poi_pyongairport' [h=B1DD90CC,$009DCA00])
      016 100003C1     LOADK r16 := k15 ('sw_poi_dmz' [h=754B8B22,$00976B80])
      017 11000401     LOADK r17 := k16 ('sw_poi_smt' [h=240F1BF5,$009A5440])
      018 12000441     LOADK r18 := k17 ('sw_global_bounty_blueprints' [h=B2ACDB9F,$009DCC40])
      019 13000481     LOADK r19 := k18 ('sw_global_bounty_treasures' [h=C88C0C9C,$009DCE00])
      020 140004C1     LOADK r20 := k19 ('sw_global_bounty_listening' [h=6B13F74E,$009DC980])
      021 15000501     LOADK r21 := k20 ('sw_global_flyby' [h=737D15B1,$009AA900])
      022 16000541     LOADK r22 := k21 ('sw_global_killbox' [h=508F980E,$009DC5C0])
      023 17000581     LOADK r23 := k22 ('sw_global_save' [h=F6AD59CF,$009A0A80])
      024 180005C1     LOADK r24 := k23 ('sw_global_sound' [h=CAA0C953,$0099B680])
      025 19000601     LOADK r25 := k24 ('sw_poi_nkartillery_tunnel01-active' [h=9A5AB9CE,$009DBE40])
      026 1A000641     LOADK r26 := k25 ('sw_poi_nkartillery_tunnel02-active' [h=9A5AB9CE,$009DBD00])
      027 1B000681     LOADK r27 := k26 ('sw_poi_pyongairport_tunnel01-active' [h=A1747C63,$009DBFC0])
      028 1C0006C1     LOADK r28 := k27 ('sw_poi_pyongeast_tunnel01-active' [h=FEC1C7D4,$009DD740])
      029 1D000701     LOADK r29 := k28 ('sw_poi_pyongwest_tunnel01-active' [h=42D3AD9E,$009DAF00])
      030 1E000741     LOADK r30 := k29 ('sw_poi_pyongwest_tunnel02-active' [h=42D3AD9E,$009DAE40])
      031 1F000781     LOADK r31 := k30 ('sw_poi_pyongwest_tunnel03-active' [h=42D3AD9E,$009DD140])
      032 200007C1     LOADK r32 := k31 ('sw_poi_sariwon_tunnel01-active' [h=7C605CC0,$009DAD80])
      033 21000801     LOADK r33 := k32 ('sw_road_ich2blg_tunnel01-active' [h=B9145C73,$009DAD00])
      034 22000841     LOADK r34 := k33 ('sw_road_ich2dmz_tunnel01-active' [h=696961A2,$00A0EC00])
      035 23000881     LOADK r35 := k34 ('sw_road_kae2frm_tunnel01-active' [h=D92CD287,$00A02000])
      036 030007DF   SETLIST r3 [31]
      037 040008C1     LOADK r4 := k35 ('sw_road_prp2dmz_tunnel01-active' [h=1C66835E,$009DB040])
      038 05000901     LOADK r5 := k36 ('sw_road_prp2dmz_tunnel02-active' [h=BA52F0F0,$00A00B00])
      039 06000941     LOADK r6 := k37 ('sw_road_prp2dmz_tunnel03-active' [h=0A69EA23,$00A02D00])
      040 07000981     LOADK r7 := k38 ('sw_road_srw2ich_tunnel01-active' [h=87D9CB3F,$009F5380])
      041 080009C1     LOADK r8 := k39 ('sw_road_srw2ich_tunnel02-active' [h=3430B97A,$009F4DC0])
      042 09000A01     LOADK r9 := k40 ('sw_poi_fortress_tunnel01-active' [h=B92B1AE1,$009F4D40])
      043 0A000A41     LOADK r10 := k41 ('sw_road_nab2hae_tunnel01-active' [h=B397534C,$009F47C0])
      044 0B000A81     LOADK r11 := k42 ('sw_road_nab2hae_tunnel02-active' [h=F0769904,$009F42C0])
      045 0C000AC1     LOADK r12 := k43 ('sw_poi_farmland_ff_NKvsUN_01' [h=A0788FA8,$009F4300])
      046 0D000B01     LOADK r13 := k44 ('sw_poi_haeju_ff_CHvsNK_01' [h=2ED6ABC6,$009F3DC0])
      047 0E000B41     LOADK r14 := k45 ('sw_poi_ichon_ff_UNvsNK_01' [h=7EF46EDF,$009F3E00])
      048 0F000B81     LOADK r15 := k46 ('sw_poi_dmz_traffic' [h=F3149CD4,$009F3E80])
      049 10000BC1     LOADK r16 := k47 ('sw_poi_farmland_traffic' [h=2CC10D7C,$009F3D80])
      050 11000C01     LOADK r17 := k48 ('sw_poi_haeju_traffic' [h=9FD5F0DD,$009F3D40])
      051 12000C41     LOADK r18 := k49 ('sw_poi_ichon_traffic' [h=4AC03A8E,$009F3CC0])
      052 13000C81     LOADK r19 := k50 ('sw_poi_kaesong_traffic' [h=41477830,$009F34C0])
      053 14000CC1     LOADK r20 := k51 ('sw_poi_MASH_traffic' [h=6693BF39,$009F3500])
      054 15000D01     LOADK r21 := k52 ('sw_poi_nampo_traffic' [h=9B3E183A,$009F3300])
      055 16000D41     LOADK r22 := k53 ('sw_poi_nkartillery_traffic' [h=2458A039,$009F2E80])
      056 17000D81     LOADK r23 := k54 ('sw_poi_nkbase_traffic' [h=D6012409,$009F33C0])
      057 18000DC1     LOADK r24 := k55 ('sw_poi_propaganda_traffic' [h=5C10228A,$009F8740])
      058 19000E01     LOADK r25 := k56 ('sw_poi_pyongairport_traffic' [h=DA1BFF1C,$00A058C0])
      059 1A000E41     LOADK r26 := k57 ('sw_poi_pyongdowntown_traffic' [h=F4302427,$009FC2C0])
      060 1B000E81     LOADK r27 := k58 ('sw_poi_pyongeast_traffic' [h=AAC21CAA,$009CCC40])
      061 1C000EC1     LOADK r28 := k59 ('sw_poi_pyongnorth_traffic' [h=7D9C4DBD,$009CF2C0])
      062 1D000F01     LOADK r29 := k60 ('sw_poi_pyongwest_traffic' [h=E21564D5,$009CD4C0])
      063 1E000F41     LOADK r30 := k61 ('sw_poi_sariwon_traffic' [h=61E18494,$009D93C0])
      064 1F000F81     LOADK r31 := k62 ('sw_poi_smt_traffic' [h=9700898E,$009F1680])
      065 20000FC1     LOADK r32 := k63 ('sw_road_blg2frt_traffic' [h=BA22549D,$009F15C0])
      066 21001001     LOADK r33 := k64 ('sw_road_dmz2kae_traffic' [h=75E6C2A4,$009F1200])
      067 22001041     LOADK r34 := k65 ('sw_road_frm2dmz_traffic' [h=D07BDBF2,$009F12C0])
      068 23001081     LOADK r35 := k66 ('sw_road_frm2kae_traffic' [h=77E2B517,$009F1100])
      069 03000FDF   SETLIST r3 [63]
      070 040010C1     LOADK r4 := k67 ('sw_road_frm2prp_traffic' [h=EBE3F87F,$009F0A80])
      071 05001101     LOADK r5 := k68 ('sw_road_hae2frm_traffic' [h=2E2717BB,$009F0B40])
      072 06001141     LOADK r6 := k69 ('sw_road_ich2blg_traffic' [h=08DD37EF,$009F0A00])
      073 07001181     LOADK r7 := k70 ('sw_road_ich2dmz_traffic' [h=1B8E9806,$009F0980])
      074 080011C1     LOADK r8 := k71 ('sw_road_ich2kae_traffic' [h=455BC818,$009F0880])
      075 09001201     LOADK r9 := k72 ('sw_road_ich2srw_traffic' [h=8B417034,$009F0800])
      076 0A001241     LOADK r10 := k73 ('sw_road_kae2ich_traffic' [h=FA4B6949,$009F07C0])
      077 0B001281     LOADK r11 := k74 ('sw_road_kae2srw_traffic' [h=33C369B5,$009EFA80])
      078 0C0012C1     LOADK r12 := k75 ('sw_road_nab2hae_traffic' [h=47A4A94A,$009EF780])
      079 0D001301     LOADK r13 := k76 ('sw_road_nab2nkb_traffic' [h=B8679CA6,$009EFB00])
      080 0E001341     LOADK r14 := k77 ('sw_road_nab2nmp_traffic' [h=654DFFFD,$009EF440])
      081 0F001381     LOADK r15 := k78 ('sw_road_nmp2nab_traffic' [h=98F4ED3C,$009EF500])
      082 100013C1     LOADK r16 := k79 ('sw_road_nmp2pyw_traffic' [h=F176A200,$009EF200])
      083 11001401     LOADK r17 := k80 ('sw_road_prp2dmz_traffic' [h=41308402,$009EF140])
      084 12001441     LOADK r18 := k81 ('sw_road_pya2pyw_traffic' [h=B152E455,$009EEC80])
      085 13001481     LOADK r19 := k82 ('sw_road_pyd2ich_traffic' [h=F9D6654D,$009EEA00])
      086 140014C1     LOADK r20 := k83 ('sw_road_pyd2pye_traffic' [h=2E594435,$009EE980])
      087 15001501     LOADK r21 := k84 ('sw_road_pyd2srw_traffic' [h=AB0353E8,$009EE480])
      088 16001541     LOADK r22 := k85 ('sw_road_pye2frt_traffic' [h=CFD77EFE,$009EE440])
      089 17001581     LOADK r23 := k86 ('sw_road_pye2pyn_traffic' [h=45750E37,$009CBAC0])
      090 180015C1     LOADK r24 := k87 ('sw_road_pye2srw_traffic' [h=4207F46F,$009CBB80])
      091 19001601     LOADK r25 := k88 ('sw_road_pyn2pyd_traffic' [h=A7D18AE0,$009CB780])
      092 1A001641     LOADK r26 := k89 ('sw_road_pyn2pye_traffic' [h=A5705737,$009E37C0])
      093 1B001681     LOADK r27 := k90 ('sw_road_pyw2pya_traffic' [h=F620195E,$009FA6C0])
      094 1C0016C1     LOADK r28 := k91 ('sw_road_pyw2pyn_traffic' [h=A7C32AD4,$009CB7C0])
      095 1D001701     LOADK r29 := k92 ('sw_road_srw2ich_traffic' [h=CB5F5211,$009CB740])
      096 1E001741     LOADK r30 := k93 ('sw_road_srw2pyd_traffic' [h=F4BA3BD6,$009E1380])
      097 1F001781     LOADK r31 := k94 ('sw_road_srw2pye_traffic' [h=225F854A,$009EF680])
      098 200017C1     LOADK r32 := k95 ('sw_road_kae2dmz_traffic' [h=0C21410E,$00A03400])
      099 21001801     LOADK r33 := k96 ('sw_road_kae2frm_traffic' [h=69495FB6,$00A40040])
      100 22001841     LOADK r34 := k97 ('sw_road_nmp2hae_traffic' [h=E179C8D6,$009DADC0])
      101 23001881     LOADK r35 := k98 ('sw_road_nab2srw_traffic' [h=2199BC70,$00A0DFC0])
      102 030017DF   SETLIST r3 [95]
      103 040018C1     LOADK r4 := k99 ('sw_poi_dmz_peds' [h=9DA92340,$00983D20])
      104 05001901     LOADK r5 := k100 ('sw_poi_farmland_peds' [h=BBB2B541,$009EF800])
      105 06001941     LOADK r6 := k101 ('sw_poi_haeju_peds' [h=AF44037B,$009F5680])
      106 07001981     LOADK r7 := k102 ('sw_poi_ichon_peds' [h=581686C5,$009F3400])
      107 080019C1     LOADK r8 := k103 ('sw_poi_kaesong_peds' [h=134F71F3,$00A00AC0])
      108 09001A01     LOADK r9 := k104 ('sw_poi_nampo_peds' [h=4C93715B,$009EE880])
      109 0A001A41     LOADK r10 := k105 ('sw_poi_nkartillery_peds' [h=B06A3F5A,$009DCDC0])
      110 0B001A81     LOADK r11 := k106 ('sw_poi_pyongairport_peds' [h=2664FDD8,$009DE700])
      111 0C001AC1     LOADK r12 := k107 ('sw_poi_pyongeast_peds' [h=A2A4F862,$009DA8C0])
      112 0D001B01     LOADK r13 := k108 ('sw_poi_pyongnorth_peds' [h=37CB6762,$009F3700])
      113 0E001B41     LOADK r14 := k109 ('sw_poi_pyongwest_peds' [h=AD03CA1B,$00A09FC0])
      114 0F001B81     LOADK r15 := k110 ('sw_poi_pyongdowntown_peds' [h=39CD746D,$009E08C0])
      115 10001BC1     LOADK r16 := k111 ('sw_poi_sariwon_peds' [h=43C25B22,$009F1A40])
      116 11001C01     LOADK r17 := k112 ('sw_poi_smt_peds' [h=D2723773,$009804E0])
      117 12001C41     LOADK r18 := k113 ('sw_global_heli' [h=5D81350D,$009C3B20])
      118 13001C81     LOADK r19 := k114 ('sw_skhq_breakin' [h=12946824,$00977120])
      119 14001CC1     LOADK r20 := k115 ('sw_road_dmz2kae_allies7-pre' [h=A3C66171,$009F3140])
      120 03001C1F   SETLIST r3 [112]
      121 027E00C9  SETTABLE r3 ->> r2[k2 ('layers' [h=B6F25259,$00984C40])]
      122 0300008A  NEWTABLE r3 := {} (#a=0, #h=2)
      123 0400004A  NEWTABLE r4 := {} (#a=0, #h=1)
      124 05000002  LOADBOOL r5 := False
      125 04B78149  SETTABLE r5 ->> r4[k117 ('inMissionState' [h=769AC32E,$0098DAE0])]
      126 03B70109  SETTABLE r4 ->> r3[k116 ('conditions' [h=B20F7A7D,$0097AA60])]
      127 0403000A  NEWTABLE r4 := {} (#a=6, #h=0)
      128 05001D81     LOADK r5 := k118 ('sw_road_nmp2nab_tunnel01-active' [h=37681685,$00A01140])
      129 06001DC1     LOADK r6 := k119 ('sw_road_pye2srw_tunnel01-active' [h=FD28E30B,$009F36C0])
      130 07001E01     LOADK r7 := k120 ('sw_poi_pyongnorth_ff_NKvsCN_01' [h=D738AFD7,$009EF840])
      131 08001E41     LOADK r8 := k121 ('sw_road_srw2kae_ff_NKvsSK_01' [h=FDC29863,$00A3EAC0])
      132 09001E81     LOADK r9 := k122 ('sw_road_ich2blg_ff_NKvsSK_01' [h=38689454,$009F0380])
      133 0A001EC1     LOADK r10 := k123 ('sw_road_nab2srw_ff_CNvsNK_01' [h=C4D5A9C1,$009EF4C0])
      134 0400015F   SETLIST r4 [5]
      135 037E0109  SETTABLE r4 ->> r3[k2 ('layers' [h=B6F25259,$00984C40])]
      136 0400008A  NEWTABLE r4 := {} (#a=0, #h=2)
      137 0500004A  NEWTABLE r5 := {} (#a=0, #h=1)
      138 0601000A  NEWTABLE r6 := {} (#a=2, #h=0)
      139 07001F41     LOADK r7 := k125 (3.0)
      140 08001F81     LOADK r8 := k126 (4.0)
      141 0600005F   SETLIST r6 [1]
      142 05BB0189  SETTABLE r6 ->> r5[k124 ('chapter' [h=9A11FF20,$00997D80])]
      143 04B70149  SETTABLE r5 ->> r4[k116 ('conditions' [h=B20F7A7D,$0097AA60])]
      144 0500800A  NEWTABLE r5 := {} (#a=1, #h=0)
      145 06001FC1     LOADK r6 := k127 ('sw_global_teleport' [h=CD1BBF4E,$009F4A80])
      146 0500001F   SETLIST r5 [0]
      147 047E0149  SETTABLE r5 ->> r4[k2 ('layers' [h=B6F25259,$00984C40])]
      148 0500008A  NEWTABLE r5 := {} (#a=0, #h=2)
      149 0600004A  NEWTABLE r6 := {} (#a=0, #h=1)
      150 0701000A  NEWTABLE r7 := {} (#a=2, #h=0)
      151 08002041     LOADK r8 := k129 ('start' [h=11BCD3FC,$009A4EA0])
      152 09002081     LOADK r9 := k130 ('end' [h=0003246B,$0098F900])
      153 0700005F   SETLIST r7 [1]
      154 06BD01C9  SETTABLE r7 ->> r6[k128 ('allies' [h=B57F1C27,$009A61A0])]
      155 05B70189  SETTABLE r6 ->> r5[k116 ('conditions' [h=B20F7A7D,$0097AA60])]
      156 0600800A  NEWTABLE r6 := {} (#a=1, #h=0)
      157 070020C1     LOADK r7 := k131 ('sw_poi_dmz-allies0' [h=D1BE16F2,$00A0B180])
      158 0600001F   SETLIST r6 [0]
      159 057E0189  SETTABLE r6 ->> r5[k2 ('layers' [h=B6F25259,$00984C40])]
      160 0600008A  NEWTABLE r6 := {} (#a=0, #h=2)
      161 0700004A  NEWTABLE r7 := {} (#a=0, #h=1)
      162 0801000A  NEWTABLE r8 := {} (#a=2, #h=0)
      163 0901000A  NEWTABLE r9 := {} (#a=2, #h=0)
      164 0A002101     LOADK r10 := k132 ('post' [h=0078F550,$009799E0])
      165 0B002141     LOADK r11 := k133 (1.0)
      166 0900005F   SETLIST r9 [1]
      167 0A002081     LOADK r10 := k130 ('end' [h=0003246B,$0098F900])
      168 0800005F   SETLIST r8 [1]
      169 07BD0209  SETTABLE r8 ->> r7[k128 ('allies' [h=B57F1C27,$009A61A0])]
      170 06B701C9  SETTABLE r7 ->> r6[k116 ('conditions' [h=B20F7A7D,$0097AA60])]
      171 0700800A  NEWTABLE r7 := {} (#a=1, #h=0)
      172 08002181     LOADK r8 := k134 ('sw_poi_dmz-allies1' [h=AC563337,$009EF700])
      173 0700001F   SETLIST r7 [0]
      174 067E01C9  SETTABLE r7 ->> r6[k2 ('layers' [h=B6F25259,$00984C40])]
      175 0700008A  NEWTABLE r7 := {} (#a=0, #h=2)
      176 0800004A  NEWTABLE r8 := {} (#a=0, #h=1)
      177 0901000A  NEWTABLE r9 := {} (#a=2, #h=0)
      178 0A01000A  NEWTABLE r10 := {} (#a=2, #h=0)
      179 0B002101     LOADK r11 := k132 ('post' [h=0078F550,$009799E0])
      180 0C001F81     LOADK r12 := k126 (4.0)
      181 0A00005F   SETLIST r10 [1]
      182 0B002081     LOADK r11 := k130 ('end' [h=0003246B,$0098F900])
      183 0900005F   SETLIST r9 [1]
      184 08BD0249  SETTABLE r9 ->> r8[k128 ('allies' [h=B57F1C27,$009A61A0])]
      185 07B70209  SETTABLE r8 ->> r7[k116 ('conditions' [h=B20F7A7D,$0097AA60])]
      186 0800800A  NEWTABLE r8 := {} (#a=1, #h=0)
      187 090021C1     LOADK r9 := k135 ('sw_poi_dmz-allies5' [h=C1490D56,$009EF040])
      188 0800001F   SETLIST r8 [0]
      189 077E0209  SETTABLE r8 ->> r7[k2 ('layers' [h=B6F25259,$00984C40])]
      190 0800008A  NEWTABLE r8 := {} (#a=0, #h=2)
      191 0900004A  NEWTABLE r9 := {} (#a=0, #h=1)
      192 0A01000A  NEWTABLE r10 := {} (#a=2, #h=0)
      193 0B002041     LOADK r11 := k129 ('start' [h=11BCD3FC,$009A4EA0])
      194 0C01000A  NEWTABLE r12 := {} (#a=2, #h=0)
      195 0D002101     LOADK r13 := k132 ('post' [h=0078F550,$009799E0])
      196 0E002141     LOADK r14 := k133 (1.0)
      197 0C00005F   SETLIST r12 [1]
      198 0A00005F   SETLIST r10 [1]
      199 09BD0289  SETTABLE r10 ->> r9[k128 ('allies' [h=B57F1C27,$009A61A0])]
      200 08B70249  SETTABLE r9 ->> r8[k116 ('conditions' [h=B20F7A7D,$0097AA60])]
      201 0900800A  NEWTABLE r9 := {} (#a=1, #h=0)
      202 0A002201     LOADK r10 := k136 ('sw_road_dmz2kae_allies3-pre' [h=A4D42D55,$00A05740])
      203 0900001F   SETLIST r9 [0]
      204 087E0249  SETTABLE r9 ->> r8[k2 ('layers' [h=B6F25259,$00984C40])]
      205 0900008A  NEWTABLE r9 := {} (#a=0, #h=2)
      206 0A00004A  NEWTABLE r10 := {} (#a=0, #h=1)
      207 0B01000A  NEWTABLE r11 := {} (#a=2, #h=0)
      208 0C01000A  NEWTABLE r12 := {} (#a=2, #h=0)
      209 0D002101     LOADK r13 := k132 ('post' [h=0078F550,$009799E0])
      210 0E002241     LOADK r14 := k137 (2.0)
      211 0C00005F   SETLIST r12 [1]
      212 0D002081     LOADK r13 := k130 ('end' [h=0003246B,$0098F900])
      213 0B00005F   SETLIST r11 [1]
      214 0ABD02C9  SETTABLE r11 ->> r10[k128 ('allies' [h=B57F1C27,$009A61A0])]
      215 09B70289  SETTABLE r10 ->> r9[k116 ('conditions' [h=B20F7A7D,$0097AA60])]
      216 0A00800A  NEWTABLE r10 := {} (#a=1, #h=0)
      217 0B002281     LOADK r11 := k138 ('sw_road_dmz2kae_allies3-post' [h=978AC681,$009F4AC0])
      218 0A00001F   SETLIST r10 [0]
      219 097E0289  SETTABLE r10 ->> r9[k2 ('layers' [h=B6F25259,$00984C40])]
      220 0A00008A  NEWTABLE r10 := {} (#a=0, #h=2)
      221 0B00004A  NEWTABLE r11 := {} (#a=0, #h=1)
      222 0C01000A  NEWTABLE r12 := {} (#a=2, #h=0)
      223 0D002041     LOADK r13 := k129 ('start' [h=11BCD3FC,$009A4EA0])
      224 0E0022C1     LOADK r14 := k139 (5.0)
      225 0C00005F   SETLIST r12 [1]
      226 0BBD0309  SETTABLE r12 ->> r11[k128 ('allies' [h=B57F1C27,$009A61A0])]
      227 0AB702C9  SETTABLE r11 ->> r10[k116 ('conditions' [h=B20F7A7D,$0097AA60])]
      228 0B00800A  NEWTABLE r11 := {} (#a=1, #h=0)
      229 0C002301     LOADK r12 := k140 ('SW_Allies6-pre' [h=B4CD0A19,$009770C0])
      230 0B00001F   SETLIST r11 [0]
      231 0A7E02C9  SETTABLE r11 ->> r10[k2 ('layers' [h=B6F25259,$00984C40])]
      232 0B00008A  NEWTABLE r11 := {} (#a=0, #h=2)
      233 0C00004A  NEWTABLE r12 := {} (#a=0, #h=1)
      234 0D01000A  NEWTABLE r13 := {} (#a=2, #h=0)
      235 0E01000A  NEWTABLE r14 := {} (#a=2, #h=0)
      236 0F002101     LOADK r15 := k132 ('post' [h=0078F550,$009799E0])
      237 100022C1     LOADK r16 := k139 (5.0)
      238 0E00005F   SETLIST r14 [1]
      239 0F002081     LOADK r15 := k130 ('end' [h=0003246B,$0098F900])
      240 0D00005F   SETLIST r13 [1]
      241 0CBD0349  SETTABLE r13 ->> r12[k128 ('allies' [h=B57F1C27,$009A61A0])]
      242 0BB70309  SETTABLE r12 ->> r11[k116 ('conditions' [h=B20F7A7D,$0097AA60])]
      243 0C00800A  NEWTABLE r12 := {} (#a=1, #h=0)
      244 0D002341     LOADK r13 := k141 ('SW_Allies6-post' [h=BC63E32A,$009C40E0])
      245 0C00001F   SETLIST r12 [0]
      246 0B7E0309  SETTABLE r12 ->> r11[k2 ('layers' [h=B6F25259,$00984C40])]
      247 0C00008A  NEWTABLE r12 := {} (#a=0, #h=2)
      248 0D00004A  NEWTABLE r13 := {} (#a=0, #h=1)
      249 0E01000A  NEWTABLE r14 := {} (#a=2, #h=0)
      250 0F002041     LOADK r15 := k129 ('start' [h=11BCD3FC,$009A4EA0])
      251 10002141     LOADK r16 := k133 (1.0)
      252 0E00005F   SETLIST r14 [1]
      253 0DC40389  SETTABLE r14 ->> r13[k142 ('china' [h=1129D14E,$009A6060])]
      254 0CB70349  SETTABLE r13 ->> r12[k116 ('conditions' [h=B20F7A7D,$0097AA60])]
      255 0D00800A  NEWTABLE r13 := {} (#a=1, #h=0)
      256 0E0023C1     LOADK r14 := k143 ('SW_Poi_PyongAirport-China0' [h=8813517C,$009F6040])
      257 0D00001F   SETLIST r13 [0]
      258 0C7E0349  SETTABLE r13 ->> r12[k2 ('layers' [h=B6F25259,$00984C40])]
      259 0D00008A  NEWTABLE r13 := {} (#a=0, #h=2)
      260 0E00004A  NEWTABLE r14 := {} (#a=0, #h=1)
      261 0F01000A  NEWTABLE r15 := {} (#a=2, #h=0)
      262 1001000A  NEWTABLE r16 := {} (#a=2, #h=0)
      263 11002101     LOADK r17 := k132 ('post' [h=0078F550,$009799E0])
      264 12002141     LOADK r18 := k133 (1.0)
      265 1000005F   SETLIST r16 [1]
      266 11002081     LOADK r17 := k130 ('end' [h=0003246B,$0098F900])
      267 0F00005F   SETLIST r15 [1]
      268 0EC403C9  SETTABLE r15 ->> r14[k142 ('china' [h=1129D14E,$009A6060])]
      269 0DB70389  SETTABLE r14 ->> r13[k116 ('conditions' [h=B20F7A7D,$0097AA60])]
      270 0E00800A  NEWTABLE r14 := {} (#a=1, #h=0)
      271 0F002401     LOADK r15 := k144 ('SW_Poi_PyongAirport-China1' [h=C52CB0D7,$009F0E80])
      272 0E00001F   SETLIST r14 [0]
      273 0D7E0389  SETTABLE r14 ->> r13[k2 ('layers' [h=B6F25259,$00984C40])]
      274 0E00008A  NEWTABLE r14 := {} (#a=0, #h=2)
      275 0F00004A  NEWTABLE r15 := {} (#a=0, #h=1)
      276 1001000A  NEWTABLE r16 := {} (#a=2, #h=0)
      277 1101000A  NEWTABLE r17 := {} (#a=2, #h=0)
      278 12002101     LOADK r18 := k132 ('post' [h=0078F550,$009799E0])
      279 13001F41     LOADK r19 := k125 (3.0)
      280 1100005F   SETLIST r17 [1]
      281 12002081     LOADK r18 := k130 ('end' [h=0003246B,$0098F900])
      282 1000005F   SETLIST r16 [1]
      283 0FC40409  SETTABLE r16 ->> r15[k142 ('china' [h=1129D14E,$009A6060])]
      284 0EB703C9  SETTABLE r15 ->> r14[k116 ('conditions' [h=B20F7A7D,$0097AA60])]
      285 0F00800A  NEWTABLE r15 := {} (#a=1, #h=0)
      286 10002441     LOADK r16 := k145 ('SW_Poi_PyongAirport-China3' [h=5234A553,$009DFE80])
      287 0F00001F   SETLIST r15 [0]
      288 0E7E03C9  SETTABLE r15 ->> r14[k2 ('layers' [h=B6F25259,$00984C40])]
      289 0F00008A  NEWTABLE r15 := {} (#a=0, #h=2)
      290 1000004A  NEWTABLE r16 := {} (#a=0, #h=1)
      291 1101000A  NEWTABLE r17 := {} (#a=2, #h=0)
      292 1201000A  NEWTABLE r18 := {} (#a=2, #h=0)
      293 13002101     LOADK r19 := k132 ('post' [h=0078F550,$009799E0])
      294 140022C1     LOADK r20 := k139 (5.0)
      295 1200005F   SETLIST r18 [1]
      296 13002081     LOADK r19 := k130 ('end' [h=0003246B,$0098F900])
      297 1100005F   SETLIST r17 [1]
      298 10C40449  SETTABLE r17 ->> r16[k142 ('china' [h=1129D14E,$009A6060])]
      299 0FB70409  SETTABLE r16 ->> r15[k116 ('conditions' [h=B20F7A7D,$0097AA60])]
      300 1000800A  NEWTABLE r16 := {} (#a=1, #h=0)
      301 11002481     LOADK r17 := k146 ('SW_Poi_PyongAirport-China5' [h=0CEF3A86,$009F1B00])
      302 1000001F   SETLIST r16 [0]
      303 0F7E0409  SETTABLE r16 ->> r15[k2 ('layers' [h=B6F25259,$00984C40])]
      304 1000008A  NEWTABLE r16 := {} (#a=0, #h=2)
      305 1100004A  NEWTABLE r17 := {} (#a=0, #h=1)
      306 1201000A  NEWTABLE r18 := {} (#a=2, #h=0)
      307 13002041     LOADK r19 := k129 ('start' [h=11BCD3FC,$009A4EA0])
      308 1401000A  NEWTABLE r20 := {} (#a=2, #h=0)
      309 15002101     LOADK r21 := k132 ('post' [h=0078F550,$009799E0])
      310 16002141     LOADK r22 := k133 (1.0)
      311 1400005F   SETLIST r20 [1]
      312 1200005F   SETLIST r18 [1]
      313 11C40489  SETTABLE r18 ->> r17[k142 ('china' [h=1129D14E,$009A6060])]
      314 10B70449  SETTABLE r17 ->> r16[k116 ('conditions' [h=B20F7A7D,$0097AA60])]
      315 1100800A  NEWTABLE r17 := {} (#a=1, #h=0)
      316 120024C1     LOADK r18 := k147 ('SW_poi_haeju-china0' [h=79DE9ED2,$009F3680])
      317 1100001F   SETLIST r17 [0]
      318 107E0449  SETTABLE r17 ->> r16[k2 ('layers' [h=B6F25259,$00984C40])]
      319 1100008A  NEWTABLE r17 := {} (#a=0, #h=2)
      320 1200004A  NEWTABLE r18 := {} (#a=0, #h=1)
      321 1301000A  NEWTABLE r19 := {} (#a=2, #h=0)
      322 14002041     LOADK r20 := k129 ('start' [h=11BCD3FC,$009A4EA0])
      323 15002241     LOADK r21 := k137 (2.0)
      324 1300005F   SETLIST r19 [1]
      325 12C404C9  SETTABLE r19 ->> r18[k142 ('china' [h=1129D14E,$009A6060])]
      326 11B70489  SETTABLE r18 ->> r17[k116 ('conditions' [h=B20F7A7D,$0097AA60])]
      327 1200800A  NEWTABLE r18 := {} (#a=1, #h=0)
      328 13002501     LOADK r19 := k148 ('SW_poi_haeju-mafia0' [h=F92157AF,$009F1EC0])
      329 1200001F   SETLIST r18 [0]
      330 117E0489  SETTABLE r18 ->> r17[k2 ('layers' [h=B6F25259,$00984C40])]
      331 1200008A  NEWTABLE r18 := {} (#a=0, #h=2)
      332 1300004A  NEWTABLE r19 := {} (#a=0, #h=1)
      333 1401000A  NEWTABLE r20 := {} (#a=2, #h=0)
      334 1501000A  NEWTABLE r21 := {} (#a=2, #h=0)
      335 16002101     LOADK r22 := k132 ('post' [h=0078F550,$009799E0])
      336 17002241     LOADK r23 := k137 (2.0)
      337 1500005F   SETLIST r21 [1]
      338 16002081     LOADK r22 := k130 ('end' [h=0003246B,$0098F900])
      339 1400005F   SETLIST r20 [1]
      340 13C40509  SETTABLE r20 ->> r19[k142 ('china' [h=1129D14E,$009A6060])]
      341 12B704C9  SETTABLE r19 ->> r18[k116 ('conditions' [h=B20F7A7D,$0097AA60])]
      342 1300800A  NEWTABLE r19 := {} (#a=1, #h=0)
      343 14002541     LOADK r20 := k149 ('SW_poi_haeju-china2' [h=50E608EF,$009F38C0])
      344 1300001F   SETLIST r19 [0]
      345 127E04C9  SETTABLE r19 ->> r18[k2 ('layers' [h=B6F25259,$00984C40])]
      346 1300008A  NEWTABLE r19 := {} (#a=0, #h=2)
      347 1400004A  NEWTABLE r20 := {} (#a=0, #h=1)
      348 1501000A  NEWTABLE r21 := {} (#a=2, #h=0)
      349 16002041     LOADK r22 := k129 ('start' [h=11BCD3FC,$009A4EA0])
      350 17001F41     LOADK r23 := k125 (3.0)
      351 1500005F   SETLIST r21 [1]
      352 14C40549  SETTABLE r21 ->> r20[k142 ('china' [h=1129D14E,$009A6060])]
      353 13B70509  SETTABLE r20 ->> r19[k116 ('conditions' [h=B20F7A7D,$0097AA60])]
      354 1400800A  NEWTABLE r20 := {} (#a=1, #h=0)
      355 15002581     LOADK r21 := k150 ('SW_poi_nampo-china0' [h=64BD066F,$009EE100])
      356 1400001F   SETLIST r20 [0]
      357 137E0509  SETTABLE r20 ->> r19[k2 ('layers' [h=B6F25259,$00984C40])]
      358 1400008A  NEWTABLE r20 := {} (#a=0, #h=2)
      359 1500004A  NEWTABLE r21 := {} (#a=0, #h=1)
      360 1601000A  NEWTABLE r22 := {} (#a=2, #h=0)
      361 1701000A  NEWTABLE r23 := {} (#a=2, #h=0)
      362 18002101     LOADK r24 := k132 ('post' [h=0078F550,$009799E0])
      363 19001F41     LOADK r25 := k125 (3.0)
      364 1700005F   SETLIST r23 [1]
      365 18002081     LOADK r24 := k130 ('end' [h=0003246B,$0098F900])
      366 1600005F   SETLIST r22 [1]
      367 15C40589  SETTABLE r22 ->> r21[k142 ('china' [h=1129D14E,$009A6060])]
      368 14B70549  SETTABLE r21 ->> r20[k116 ('conditions' [h=B20F7A7D,$0097AA60])]
      369 1500800A  NEWTABLE r21 := {} (#a=1, #h=0)
      370 160025C1     LOADK r22 := k151 ('SW_poi_nampo-china3' [h=54F62651,$009FB540])
      371 1500001F   SETLIST r21 [0]
      372 147E0549  SETTABLE r21 ->> r20[k2 ('layers' [h=B6F25259,$00984C40])]
      373 1500008A  NEWTABLE r21 := {} (#a=0, #h=2)
      374 1600004A  NEWTABLE r22 := {} (#a=0, #h=1)
      375 1701000A  NEWTABLE r23 := {} (#a=2, #h=0)
      376 1801000A  NEWTABLE r24 := {} (#a=2, #h=0)
      377 19002101     LOADK r25 := k132 ('post' [h=0078F550,$009799E0])
      378 1A001F81     LOADK r26 := k126 (4.0)
      379 1800005F   SETLIST r24 [1]
      380 19002081     LOADK r25 := k130 ('end' [h=0003246B,$0098F900])
      381 1700005F   SETLIST r23 [1]
      382 16C405C9  SETTABLE r23 ->> r22[k142 ('china' [h=1129D14E,$009A6060])]
      383 15B70589  SETTABLE r22 ->> r21[k116 ('conditions' [h=B20F7A7D,$0097AA60])]
      384 1600800A  NEWTABLE r22 := {} (#a=1, #h=0)
      385 17002601     LOADK r23 := k152 ('SW_poi_nampo-china4' [h=EFB4290B,$009DEDC0])
      386 1600001F   SETLIST r22 [0]
      387 157E0589  SETTABLE r22 ->> r21[k2 ('layers' [h=B6F25259,$00984C40])]
      388 1600008A  NEWTABLE r22 := {} (#a=0, #h=2)
      389 1700004A  NEWTABLE r23 := {} (#a=0, #h=1)
      390 1801000A  NEWTABLE r24 := {} (#a=2, #h=0)
      391 19002041     LOADK r25 := k129 ('start' [h=11BCD3FC,$009A4EA0])
      392 1A001F41     LOADK r26 := k125 (3.0)
      393 1800005F   SETLIST r24 [1]
      394 17C98609  SETTABLE r24 ->> r23[k153 ('sk' [h=00001514,$009A6180])]
      395 16B705C9  SETTABLE r23 ->> r22[k116 ('conditions' [h=B20F7A7D,$0097AA60])]
      396 1700800A  NEWTABLE r23 := {} (#a=1, #h=0)
      397 18002681     LOADK r24 := k154 ('sw_poi_nampo_tunnel01-active' [h=71E63640,$009DD100])
      398 1700001F   SETLIST r23 [0]
      399 167E05C9  SETTABLE r23 ->> r22[k2 ('layers' [h=B6F25259,$00984C40])]
      400 1700008A  NEWTABLE r23 := {} (#a=0, #h=2)
      401 1800004A  NEWTABLE r24 := {} (#a=0, #h=1)
      402 1901000A  NEWTABLE r25 := {} (#a=2, #h=0)
      403 1A01000A  NEWTABLE r26 := {} (#a=2, #h=0)
      404 1B002101     LOADK r27 := k132 ('post' [h=0078F550,$009799E0])
      405 1C001F41     LOADK r28 := k125 (3.0)
      406 1A00005F   SETLIST r26 [1]
      407 1B002081     LOADK r27 := k130 ('end' [h=0003246B,$0098F900])
      408 1900005F   SETLIST r25 [1]
      409 18C98649  SETTABLE r25 ->> r24[k153 ('sk' [h=00001514,$009A6180])]
      410 17B70609  SETTABLE r24 ->> r23[k116 ('conditions' [h=B20F7A7D,$0097AA60])]
      411 1800800A  NEWTABLE r24 := {} (#a=1, #h=0)
      412 190026C1     LOADK r25 := k155 ('poi_nampo_tunnel01-deactive' [h=BC72D3F4,$00A101C0])
      413 1800001F   SETLIST r24 [0]
      414 177E0609  SETTABLE r24 ->> r23[k2 ('layers' [h=B6F25259,$00984C40])]
      415 1800008A  NEWTABLE r24 := {} (#a=0, #h=2)
      416 1900004A  NEWTABLE r25 := {} (#a=0, #h=1)
      417 1A01000A  NEWTABLE r26 := {} (#a=2, #h=0)
      418 1B002041     LOADK r27 := k129 ('start' [h=11BCD3FC,$009A4EA0])
      419 1C002701     LOADK r28 := k156 (6.0)
      420 1A00005F   SETLIST r26 [1]
      421 19C40689  SETTABLE r26 ->> r25[k142 ('china' [h=1129D14E,$009A6060])]
      422 18B70649  SETTABLE r25 ->> r24[k116 ('conditions' [h=B20F7A7D,$0097AA60])]
      423 1900800A  NEWTABLE r25 := {} (#a=1, #h=0)
      424 1A002741     LOADK r26 := k157 ('SW_poi_nkartillery-China0' [h=A691EAA1,$00A404C0])
      425 1900001F   SETLIST r25 [0]
      426 187E0649  SETTABLE r25 ->> r24[k2 ('layers' [h=B6F25259,$00984C40])]
      427 1900008A  NEWTABLE r25 := {} (#a=0, #h=2)
      428 1A00004A  NEWTABLE r26 := {} (#a=0, #h=1)
      429 1B01000A  NEWTABLE r27 := {} (#a=2, #h=0)
      430 1C01000A  NEWTABLE r28 := {} (#a=2, #h=0)
      431 1D002101     LOADK r29 := k132 ('post' [h=0078F550,$009799E0])
      432 1E002701     LOADK r30 := k156 (6.0)
      433 1C00005F   SETLIST r28 [1]
      434 1D002081     LOADK r29 := k130 ('end' [h=0003246B,$0098F900])
      435 1B00005F   SETLIST r27 [1]
      436 1AC406C9  SETTABLE r27 ->> r26[k142 ('china' [h=1129D14E,$009A6060])]
      437 19B70689  SETTABLE r26 ->> r25[k116 ('conditions' [h=B20F7A7D,$0097AA60])]
      438 1A00800A  NEWTABLE r26 := {} (#a=1, #h=0)
      439 1B002781     LOADK r27 := k158 ('SW_poi_nkartillery-china6' [h=04FCA547,$009F2740])
      440 1A00001F   SETLIST r26 [0]
      441 197E0689  SETTABLE r26 ->> r25[k2 ('layers' [h=B6F25259,$00984C40])]
      442 1A00008A  NEWTABLE r26 := {} (#a=0, #h=2)
      443 1B00004A  NEWTABLE r27 := {} (#a=0, #h=1)
      444 1C01000A  NEWTABLE r28 := {} (#a=2, #h=0)
      445 1D002041     LOADK r29 := k129 ('start' [h=11BCD3FC,$009A4EA0])
      446 1E002081     LOADK r30 := k130 ('end' [h=0003246B,$0098F900])
      447 1C00005F   SETLIST r28 [1]
      448 1BCC8709  SETTABLE r28 ->> r27[k159 ('mafia' [h=11226556,$009A6140])]
      449 1AB706C9  SETTABLE r27 ->> r26[k116 ('conditions' [h=B20F7A7D,$0097AA60])]
      450 1B00800A  NEWTABLE r27 := {} (#a=1, #h=0)
      451 1C002801     LOADK r28 := k160 ('SW_poi_pyongeast-mafia0' [h=209E022D,$009DDD40])
      452 1B00001F   SETLIST r27 [0]
      453 1A7E06C9  SETTABLE r27 ->> r26[k2 ('layers' [h=B6F25259,$00984C40])]
      454 1B00008A  NEWTABLE r27 := {} (#a=0, #h=2)
      455 1C00004A  NEWTABLE r28 := {} (#a=0, #h=1)
      456 1D01000A  NEWTABLE r29 := {} (#a=2, #h=0)
      457 1E01000A  NEWTABLE r30 := {} (#a=2, #h=0)
      458 1F002101     LOADK r31 := k132 ('post' [h=0078F550,$009799E0])
      459 20002141     LOADK r32 := k133 (1.0)
      460 1E00005F   SETLIST r30 [1]
      461 1F002081     LOADK r31 := k130 ('end' [h=0003246B,$0098F900])
      462 1D00005F   SETLIST r29 [1]
      463 1CCC8749  SETTABLE r29 ->> r28[k159 ('mafia' [h=11226556,$009A6140])]
      464 1BB70709  SETTABLE r28 ->> r27[k116 ('conditions' [h=B20F7A7D,$0097AA60])]
      465 1C00800A  NEWTABLE r28 := {} (#a=1, #h=0)
      466 1D002841     LOADK r29 := k161 ('SW_poi_pyongeast-mafia1' [h=67AD00B0,$009DF380])
      467 1C00001F   SETLIST r28 [0]
      468 1B7E0709  SETTABLE r28 ->> r27[k2 ('layers' [h=B6F25259,$00984C40])]
      469 1C00008A  NEWTABLE r28 := {} (#a=0, #h=2)
      470 1D00004A  NEWTABLE r29 := {} (#a=0, #h=1)
      471 1E01000A  NEWTABLE r30 := {} (#a=2, #h=0)
      472 1F01000A  NEWTABLE r31 := {} (#a=2, #h=0)
      473 20002101     LOADK r32 := k132 ('post' [h=0078F550,$009799E0])
      474 21002241     LOADK r33 := k137 (2.0)
      475 1F00005F   SETLIST r31 [1]
      476 20002081     LOADK r32 := k130 ('end' [h=0003246B,$0098F900])
      477 1E00005F   SETLIST r30 [1]
      478 1DCC8789  SETTABLE r30 ->> r29[k159 ('mafia' [h=11226556,$009A6140])]
      479 1CB70749  SETTABLE r29 ->> r28[k116 ('conditions' [h=B20F7A7D,$0097AA60])]
      480 1D00800A  NEWTABLE r29 := {} (#a=1, #h=0)
      481 1E002881     LOADK r30 := k162 ('SW_poi_pyongeast-mafia2' [h=7B835197,$009EE0C0])
      482 1D00001F   SETLIST r29 [0]
      483 1C7E0749  SETTABLE r29 ->> r28[k2 ('layers' [h=B6F25259,$00984C40])]
      484 1D00008A  NEWTABLE r29 := {} (#a=0, #h=2)
      485 1E00004A  NEWTABLE r30 := {} (#a=0, #h=1)
      486 1F01000A  NEWTABLE r31 := {} (#a=2, #h=0)
      487 2001000A  NEWTABLE r32 := {} (#a=2, #h=0)
      488 21002101     LOADK r33 := k132 ('post' [h=0078F550,$009799E0])
      489 22001F41     LOADK r34 := k125 (3.0)
      490 2000005F   SETLIST r32 [1]
      491 21002081     LOADK r33 := k130 ('end' [h=0003246B,$0098F900])
      492 1F00005F   SETLIST r31 [1]
      493 1ECC87C9  SETTABLE r31 ->> r30[k159 ('mafia' [h=11226556,$009A6140])]
      494 1DB70789  SETTABLE r30 ->> r29[k116 ('conditions' [h=B20F7A7D,$0097AA60])]
      495 1E00800A  NEWTABLE r30 := {} (#a=1, #h=0)
      496 1F0028C1     LOADK r31 := k163 ('SW_poi_pyongeast-mafia3' [h=7BF60272,$009E09C0])
      497 1E00001F   SETLIST r30 [0]
      498 1D7E0789  SETTABLE r30 ->> r29[k2 ('layers' [h=B6F25259,$00984C40])]
      499 1E00008A  NEWTABLE r30 := {} (#a=0, #h=2)
      500 1F00004A  NEWTABLE r31 := {} (#a=0, #h=1)
      501 2001000A  NEWTABLE r32 := {} (#a=2, #h=0)
      502 2101000A  NEWTABLE r33 := {} (#a=2, #h=0)
      503 22002101     LOADK r34 := k132 ('post' [h=0078F550,$009799E0])
      504 23001F81     LOADK r35 := k126 (4.0)
      505 2100005F   SETLIST r33 [1]
      506 22002081     LOADK r34 := k130 ('end' [h=0003246B,$0098F900])
      507 2000005F   SETLIST r32 [1]
      508 1FCC8809  SETTABLE r32 ->> r31[k159 ('mafia' [h=11226556,$009A6140])]
      509 1EB707C9  SETTABLE r31 ->> r30[k116 ('conditions' [h=B20F7A7D,$0097AA60])]
      510 1F00800A  NEWTABLE r31 := {} (#a=1, #h=0)
      511 20002901     LOADK r32 := k164 ('SW_poi_pyongeast-mafia4' [h=319D1738,$009DAA00])
      512 1F00001F   SETLIST r31 [0]
      513 1E7E07C9  SETTABLE r31 ->> r30[k2 ('layers' [h=B6F25259,$00984C40])]
      514 1F00008A  NEWTABLE r31 := {} (#a=0, #h=2)
      515 2000004A  NEWTABLE r32 := {} (#a=0, #h=1)
      516 2101000A  NEWTABLE r33 := {} (#a=2, #h=0)
      517 2201000A  NEWTABLE r34 := {} (#a=2, #h=0)
      518 23002101     LOADK r35 := k132 ('post' [h=0078F550,$009799E0])
      519 240022C1     LOADK r36 := k139 (5.0)
      520 2200005F   SETLIST r34 [1]
      521 23002081     LOADK r35 := k130 ('end' [h=0003246B,$0098F900])
      522 2100005F   SETLIST r33 [1]
      523 20CC8849  SETTABLE r33 ->> r32[k159 ('mafia' [h=11226556,$009A6140])]
      524 1FB70809  SETTABLE r32 ->> r31[k116 ('conditions' [h=B20F7A7D,$0097AA60])]
      525 2000800A  NEWTABLE r32 := {} (#a=1, #h=0)
      526 21002941     LOADK r33 := k165 ('SW_poi_pyongeast-mafia5' [h=BD18AA12,$009F1400])
      527 2000001F   SETLIST r32 [0]
      528 1F7E0809  SETTABLE r32 ->> r31[k2 ('layers' [h=B6F25259,$00984C40])]
      529 2000008A  NEWTABLE r32 := {} (#a=0, #h=2)
      530 2100004A  NEWTABLE r33 := {} (#a=0, #h=1)
      531 2201000A  NEWTABLE r34 := {} (#a=2, #h=0)
      532 23002041     LOADK r35 := k129 ('start' [h=11BCD3FC,$009A4EA0])
      533 2401000A  NEWTABLE r36 := {} (#a=2, #h=0)
      534 25002101     LOADK r37 := k132 ('post' [h=0078F550,$009799E0])
      535 26001F41     LOADK r38 := k125 (3.0)
      536 2400005F   SETLIST r36 [1]
      537 2200005F   SETLIST r34 [1]
      538 21CC8889  SETTABLE r34 ->> r33[k159 ('mafia' [h=11226556,$009A6140])]
      539 20B70849  SETTABLE r33 ->> r32[k116 ('conditions' [h=B20F7A7D,$0097AA60])]
      540 2100800A  NEWTABLE r33 := {} (#a=1, #h=0)
      541 22002981     LOADK r34 := k166 ('sw_poi_nkbase' [h=2F8B634A,$00996B80])
      542 2100001F   SETLIST r33 [0]
      543 207E0849  SETTABLE r33 ->> r32[k2 ('layers' [h=B6F25259,$00984C40])]
      544 2100008A  NEWTABLE r33 := {} (#a=0, #h=2)
      545 2200004A  NEWTABLE r34 := {} (#a=0, #h=1)
      546 2301000A  NEWTABLE r35 := {} (#a=2, #h=0)
      547 24001F81     LOADK r36 := k126 (4.0)
      548 25002081     LOADK r37 := k130 ('end' [h=0003246B,$0098F900])
      549 2300005F   SETLIST r35 [1]
      550 22CC88C9  SETTABLE r35 ->> r34[k159 ('mafia' [h=11226556,$009A6140])]
      551 21B70889  SETTABLE r34 ->> r33[k116 ('conditions' [h=B20F7A7D,$0097AA60])]
      552 2200800A  NEWTABLE r34 := {} (#a=1, #h=0)
      553 230029C1     LOADK r35 := k167 ('sw_poi_nkbase_ruin' [h=7267926E,$009CFE40])
      554 2200001F   SETLIST r34 [0]
      555 217E0889  SETTABLE r34 ->> r33[k2 ('layers' [h=B6F25259,$00984C40])]
      556 010007DF   SETLIST r1 [31]
      557 0200008A  NEWTABLE r2 := {} (#a=0, #h=2)
      558 0300004A  NEWTABLE r3 := {} (#a=0, #h=1)
      559 0401000A  NEWTABLE r4 := {} (#a=2, #h=0)
      560 05002A01     LOADK r5 := k168 ('not' [h=00036AF1,$00990300])
      561 06001F41     LOADK r6 := k125 (3.0)
      562 0400005F   SETLIST r4 [1]
      563 03CC8109  SETTABLE r4 ->> r3[k159 ('mafia' [h=11226556,$009A6140])]
      564 02B700C9  SETTABLE r3 ->> r2[k116 ('conditions' [h=B20F7A7D,$0097AA60])]
      565 0300800A  NEWTABLE r3 := {} (#a=1, #h=0)
      566 04002A41     LOADK r4 := k169 ('sw_road_kae2srw_tunnel01-active' [h=B433C768,$009F1040])
      567 0300001F   SETLIST r3 [0]
      568 027E00C9  SETTABLE r3 ->> r2[k2 ('layers' [h=B6F25259,$00984C40])]
      569 0300008A  NEWTABLE r3 := {} (#a=0, #h=2)
      570 0400004A  NEWTABLE r4 := {} (#a=0, #h=1)
      571 0501000A  NEWTABLE r5 := {} (#a=2, #h=0)
      572 06002041     LOADK r6 := k129 ('start' [h=11BCD3FC,$009A4EA0])
      573 07002081     LOADK r7 := k130 ('end' [h=0003246B,$0098F900])
      574 0500005F   SETLIST r5 [1]
      575 04C98149  SETTABLE r5 ->> r4[k153 ('sk' [h=00001514,$009A6180])]
      576 03B70109  SETTABLE r4 ->> r3[k116 ('conditions' [h=B20F7A7D,$0097AA60])]
      577 0400800A  NEWTABLE r4 := {} (#a=1, #h=0)
      578 05002A81     LOADK r5 := k170 ('SW_poi_kaesong-sk0' [h=CBE6324D,$009DAE80])
      579 0400001F   SETLIST r4 [0]
      580 037E0109  SETTABLE r4 ->> r3[k2 ('layers' [h=B6F25259,$00984C40])]
      581 0400008A  NEWTABLE r4 := {} (#a=0, #h=2)
      582 0500004A  NEWTABLE r5 := {} (#a=0, #h=1)
      583 0601000A  NEWTABLE r6 := {} (#a=2, #h=0)
      584 0701000A  NEWTABLE r7 := {} (#a=2, #h=0)
      585 08002101     LOADK r8 := k132 ('post' [h=0078F550,$009799E0])
      586 09002141     LOADK r9 := k133 (1.0)
      587 0700005F   SETLIST r7 [1]
      588 08002081     LOADK r8 := k130 ('end' [h=0003246B,$0098F900])
      589 0600005F   SETLIST r6 [1]
      590 05C98189  SETTABLE r6 ->> r5[k153 ('sk' [h=00001514,$009A6180])]
      591 04B70149  SETTABLE r5 ->> r4[k116 ('conditions' [h=B20F7A7D,$0097AA60])]
      592 0500800A  NEWTABLE r5 := {} (#a=1, #h=0)
      593 06002AC1     LOADK r6 := k171 ('SW_poi_kaesong-sk1' [h=5670EAA0,$009EE800])
      594 0500001F   SETLIST r5 [0]
      595 047E0149  SETTABLE r5 ->> r4[k2 ('layers' [h=B6F25259,$00984C40])]
      596 0500008A  NEWTABLE r5 := {} (#a=0, #h=2)
      597 0600004A  NEWTABLE r6 := {} (#a=0, #h=1)
      598 0701000A  NEWTABLE r7 := {} (#a=2, #h=0)
      599 0801000A  NEWTABLE r8 := {} (#a=2, #h=0)
      600 09002101     LOADK r9 := k132 ('post' [h=0078F550,$009799E0])
      601 0A002241     LOADK r10 := k137 (2.0)
      602 0800005F   SETLIST r8 [1]
      603 09002081     LOADK r9 := k130 ('end' [h=0003246B,$0098F900])
      604 0700005F   SETLIST r7 [1]
      605 06C981C9  SETTABLE r7 ->> r6[k153 ('sk' [h=00001514,$009A6180])]
      606 05B70189  SETTABLE r6 ->> r5[k116 ('conditions' [h=B20F7A7D,$0097AA60])]
      607 0600800A  NEWTABLE r6 := {} (#a=1, #h=0)
      608 07002B01     LOADK r7 := k172 ('SW_poi_kaesong-sk2' [h=776973CF,$009F0C40])
      609 0600001F   SETLIST r6 [0]
      610 057E0189  SETTABLE r6 ->> r5[k2 ('layers' [h=B6F25259,$00984C40])]
      611 0600008A  NEWTABLE r6 := {} (#a=0, #h=2)
      612 0700004A  NEWTABLE r7 := {} (#a=0, #h=1)
      613 0801000A  NEWTABLE r8 := {} (#a=2, #h=0)
      614 0901000A  NEWTABLE r9 := {} (#a=2, #h=0)
      615 0A002101     LOADK r10 := k132 ('post' [h=0078F550,$009799E0])
      616 0B001F41     LOADK r11 := k125 (3.0)
      617 0900005F   SETLIST r9 [1]
      618 0A002081     LOADK r10 := k130 ('end' [h=0003246B,$0098F900])
      619 0800005F   SETLIST r8 [1]
      620 07C98209  SETTABLE r8 ->> r7[k153 ('sk' [h=00001514,$009A6180])]
      621 06B701C9  SETTABLE r7 ->> r6[k116 ('conditions' [h=B20F7A7D,$0097AA60])]
      622 0700800A  NEWTABLE r7 := {} (#a=1, #h=0)
      623 08002B41     LOADK r8 := k173 ('SW_poi_kaesong-sk3' [h=A9EF58F2,$00A0F4C0])
      624 0700001F   SETLIST r7 [0]
      625 067E01C9  SETTABLE r7 ->> r6[k2 ('layers' [h=B6F25259,$00984C40])]
      626 0700008A  NEWTABLE r7 := {} (#a=0, #h=2)
      627 0800004A  NEWTABLE r8 := {} (#a=0, #h=1)
      628 0901000A  NEWTABLE r9 := {} (#a=2, #h=0)
      629 0A01000A  NEWTABLE r10 := {} (#a=2, #h=0)
      630 0B002101     LOADK r11 := k132 ('post' [h=0078F550,$009799E0])
      631 0C0022C1     LOADK r12 := k139 (5.0)
      632 0A00005F   SETLIST r10 [1]
      633 0B002081     LOADK r11 := k130 ('end' [h=0003246B,$0098F900])
      634 0900005F   SETLIST r9 [1]
      635 08C98249  SETTABLE r9 ->> r8[k153 ('sk' [h=00001514,$009A6180])]
      636 07B70209  SETTABLE r8 ->> r7[k116 ('conditions' [h=B20F7A7D,$0097AA60])]
      637 0800800A  NEWTABLE r8 := {} (#a=1, #h=0)
      638 09002B81     LOADK r9 := k174 ('SW_poi_kaesong-sk5' [h=5B6D14B5,$00A41440])
      639 0800001F   SETLIST r8 [0]
      640 077E0209  SETTABLE r8 ->> r7[k2 ('layers' [h=B6F25259,$00984C40])]
      641 0800008A  NEWTABLE r8 := {} (#a=0, #h=2)
      642 0900004A  NEWTABLE r9 := {} (#a=0, #h=1)
      643 0A01000A  NEWTABLE r10 := {} (#a=2, #h=0)
      644 0B002041     LOADK r11 := k129 ('start' [h=11BCD3FC,$009A4EA0])
      645 0C001F41     LOADK r12 := k125 (3.0)
      646 0A00005F   SETLIST r10 [1]
      647 09C98289  SETTABLE r10 ->> r9[k153 ('sk' [h=00001514,$009A6180])]
      648 08B70249  SETTABLE r9 ->> r8[k116 ('conditions' [h=B20F7A7D,$0097AA60])]
      649 0900800A  NEWTABLE r9 := {} (#a=1, #h=0)
      650 0A002BC1     LOADK r10 := k175 ('SW_poi_ichon-sk0' [h=AEBC3B85,$009F1480])
      651 0900001F   SETLIST r9 [0]
      652 087E0249  SETTABLE r9 ->> r8[k2 ('layers' [h=B6F25259,$00984C40])]
      653 0900008A  NEWTABLE r9 := {} (#a=0, #h=2)
      654 0A00004A  NEWTABLE r10 := {} (#a=0, #h=1)
      655 0B01000A  NEWTABLE r11 := {} (#a=2, #h=0)
      656 0C002041     LOADK r12 := k129 ('start' [h=11BCD3FC,$009A4EA0])
      657 0D01000A  NEWTABLE r13 := {} (#a=2, #h=0)
      658 0E002101     LOADK r14 := k132 ('post' [h=0078F550,$009799E0])
      659 0F002241     LOADK r15 := k137 (2.0)
      660 0D00005F   SETLIST r13 [1]
      661 0B00005F   SETLIST r11 [1]
      662 0AC982C9  SETTABLE r11 ->> r10[k153 ('sk' [h=00001514,$009A6180])]
      663 09B70289  SETTABLE r10 ->> r9[k116 ('conditions' [h=B20F7A7D,$0097AA60])]
      664 0A00800A  NEWTABLE r10 := {} (#a=1, #h=0)
      665 0B002C01     LOADK r11 := k176 ('SW_poi_ichon-missile' [h=072BCC0D,$00A23E80])
      666 0A00001F   SETLIST r10 [0]
      667 097E0289  SETTABLE r10 ->> r9[k2 ('layers' [h=B6F25259,$00984C40])]
      668 0A00008A  NEWTABLE r10 := {} (#a=0, #h=2)
      669 0B00004A  NEWTABLE r11 := {} (#a=0, #h=1)
      670 0C01000A  NEWTABLE r12 := {} (#a=2, #h=0)
      671 0D01000A  NEWTABLE r13 := {} (#a=2, #h=0)
      672 0E002101     LOADK r14 := k132 ('post' [h=0078F550,$009799E0])
      673 0F001F41     LOADK r15 := k125 (3.0)
      674 0D00005F   SETLIST r13 [1]
      675 0E002081     LOADK r14 := k130 ('end' [h=0003246B,$0098F900])
      676 0C00005F   SETLIST r12 [1]
      677 0BC98309  SETTABLE r12 ->> r11[k153 ('sk' [h=00001514,$009A6180])]
      678 0AB702C9  SETTABLE r11 ->> r10[k116 ('conditions' [h=B20F7A7D,$0097AA60])]
      679 0B00800A  NEWTABLE r11 := {} (#a=1, #h=0)
      680 0C002C41     LOADK r12 := k177 ('SW_poi_ichon-sk3' [h=AB9086C6,$009F14C0])
      681 0B00001F   SETLIST r11 [0]
      682 0A7E02C9  SETTABLE r11 ->> r10[k2 ('layers' [h=B6F25259,$00984C40])]
      683 0B00008A  NEWTABLE r11 := {} (#a=0, #h=2)
      684 0C00004A  NEWTABLE r12 := {} (#a=0, #h=1)
      685 0D01000A  NEWTABLE r13 := {} (#a=2, #h=0)
      686 0E01000A  NEWTABLE r14 := {} (#a=2, #h=0)
      687 0F002101     LOADK r15 := k132 ('post' [h=0078F550,$009799E0])
      688 10001F81     LOADK r16 := k126 (4.0)
      689 0E00005F   SETLIST r14 [1]
      690 0F002081     LOADK r15 := k130 ('end' [h=0003246B,$0098F900])
      691 0D00005F   SETLIST r13 [1]
      692 0CC98349  SETTABLE r13 ->> r12[k153 ('sk' [h=00001514,$009A6180])]
      693 0BB70309  SETTABLE r12 ->> r11[k116 ('conditions' [h=B20F7A7D,$0097AA60])]
      694 0C00800A  NEWTABLE r12 := {} (#a=1, #h=0)
      695 0D002C81     LOADK r13 := k178 ('SW_poi_ichon-sk4' [h=4F2C57FE,$00A07E40])
      696 0C00001F   SETLIST r12 [0]
      697 0B7E0309  SETTABLE r12 ->> r11[k2 ('layers' [h=B6F25259,$00984C40])]
      698 0C00008A  NEWTABLE r12 := {} (#a=0, #h=2)
      699 0D00004A  NEWTABLE r13 := {} (#a=0, #h=1)
      700 0E01000A  NEWTABLE r14 := {} (#a=2, #h=0)
      701 0F01000A  NEWTABLE r15 := {} (#a=2, #h=0)
      702 10002101     LOADK r16 := k132 ('post' [h=0078F550,$009799E0])
      703 110022C1     LOADK r17 := k139 (5.0)
      704 0F00005F   SETLIST r15 [1]
      705 10002081     LOADK r16 := k130 ('end' [h=0003246B,$0098F900])
      706 0E00005F   SETLIST r14 [1]
      707 0DC98389  SETTABLE r14 ->> r13[k153 ('sk' [h=00001514,$009A6180])]
      708 0CB70349  SETTABLE r13 ->> r12[k116 ('conditions' [h=B20F7A7D,$0097AA60])]
      709 0D00800A  NEWTABLE r13 := {} (#a=1, #h=0)
      710 0E002CC1     LOADK r14 := k179 ('SW_poi_ichon-sk5' [h=9A1E8CE0,$009FE540])
      711 0D00001F   SETLIST r13 [0]
      712 0C7E0349  SETTABLE r13 ->> r12[k2 ('layers' [h=B6F25259,$00984C40])]
      713 0D00008A  NEWTABLE r13 := {} (#a=0, #h=2)
      714 0E00004A  NEWTABLE r14 := {} (#a=0, #h=1)
      715 0F01000A  NEWTABLE r15 := {} (#a=2, #h=0)
      716 10002041     LOADK r16 := k129 ('start' [h=11BCD3FC,$009A4EA0])
      717 11002701     LOADK r17 := k156 (6.0)
      718 0F00005F   SETLIST r15 [1]
      719 0EC983C9  SETTABLE r15 ->> r14[k153 ('sk' [h=00001514,$009A6180])]
      720 0DB70389  SETTABLE r14 ->> r13[k116 ('conditions' [h=B20F7A7D,$0097AA60])]
      721 0E00800A  NEWTABLE r14 := {} (#a=1, #h=0)
      722 0F002D01     LOADK r15 := k180 ('SW_poi_blackgate-sk0' [h=0210C792,$009F5300])
      723 0E00001F   SETLIST r14 [0]
      724 0D7E0389  SETTABLE r14 ->> r13[k2 ('layers' [h=B6F25259,$00984C40])]
      725 0E00008A  NEWTABLE r14 := {} (#a=0, #h=2)
      726 0F00004A  NEWTABLE r15 := {} (#a=0, #h=1)
      727 0FC9DF09  SETTABLE k130 ('end' [h=0003246B,$0098F900]) ->> r15[k153 ('sk' [h=00001514,$009A6180])]
      728 0EB703C9  SETTABLE r15 ->> r14[k116 ('conditions' [h=B20F7A7D,$0097AA60])]
      729 0F00800A  NEWTABLE r15 := {} (#a=1, #h=0)
      730 10002D41     LOADK r16 := k181 ('SW_poi_blackgate-sk6' [h=DD0D075C,$009DF740])
      731 0F00001F   SETLIST r15 [0]
      732 0E7E03C9  SETTABLE r15 ->> r14[k2 ('layers' [h=B6F25259,$00984C40])]
      733 0F00008A  NEWTABLE r15 := {} (#a=0, #h=2)
      734 1000004A  NEWTABLE r16 := {} (#a=0, #h=1)
      735 1101000A  NEWTABLE r17 := {} (#a=2, #h=0)
      736 12002041     LOADK r18 := k129 ('start' [h=11BCD3FC,$009A4EA0])
      737 13001F41     LOADK r19 := k125 (3.0)
      738 1100005F   SETLIST r17 [1]
      739 10C98449  SETTABLE r17 ->> r16[k153 ('sk' [h=00001514,$009A6180])]
      740 0FB70409  SETTABLE r16 ->> r15[k116 ('conditions' [h=B20F7A7D,$0097AA60])]
      741 1000800A  NEWTABLE r16 := {} (#a=1, #h=0)
      742 11002D81     LOADK r17 := k182 ('SW_road_ich2dm2-nobridge' [h=1869F8AD,$009EF880])
      743 1000001F   SETLIST r16 [0]
      744 0F7E0409  SETTABLE r16 ->> r15[k2 ('layers' [h=B6F25259,$00984C40])]
      745 1000008A  NEWTABLE r16 := {} (#a=0, #h=2)
      746 1100004A  NEWTABLE r17 := {} (#a=0, #h=1)
      747 1201000A  NEWTABLE r18 := {} (#a=2, #h=0)
      748 1301000A  NEWTABLE r19 := {} (#a=2, #h=0)
      749 14002101     LOADK r20 := k132 ('post' [h=0078F550,$009799E0])
      750 15001F41     LOADK r21 := k125 (3.0)
      751 1300005F   SETLIST r19 [1]
      752 14002081     LOADK r20 := k130 ('end' [h=0003246B,$0098F900])
      753 1200005F   SETLIST r18 [1]
      754 11C98489  SETTABLE r18 ->> r17[k153 ('sk' [h=00001514,$009A6180])]
      755 10B70449  SETTABLE r17 ->> r16[k116 ('conditions' [h=B20F7A7D,$0097AA60])]
      756 1100800A  NEWTABLE r17 := {} (#a=1, #h=0)
      757 12002DC1     LOADK r18 := k183 ('SW_road_ich2dm2-bridge' [h=2485DD1B,$009E4880])
      758 1100001F   SETLIST r17 [0]
      759 107E0449  SETTABLE r17 ->> r16[k2 ('layers' [h=B6F25259,$00984C40])]
      760 1100008A  NEWTABLE r17 := {} (#a=0, #h=2)
      761 1200004A  NEWTABLE r18 := {} (#a=0, #h=1)
      762 1301000A  NEWTABLE r19 := {} (#a=2, #h=0)
      763 14002041     LOADK r20 := k129 ('start' [h=11BCD3FC,$009A4EA0])
      764 15001F81     LOADK r21 := k126 (4.0)
      765 1300005F   SETLIST r19 [1]
      766 12C984C9  SETTABLE r19 ->> r18[k153 ('sk' [h=00001514,$009A6180])]
      767 11B70489  SETTABLE r18 ->> r17[k116 ('conditions' [h=B20F7A7D,$0097AA60])]
      768 1200800A  NEWTABLE r18 := {} (#a=1, #h=0)
      769 13002E01     LOADK r19 := k184 ('SW_poi_nampo-sk0' [h=C54053AA,$009D4D00])
      770 1200001F   SETLIST r18 [0]
      771 117E0489  SETTABLE r18 ->> r17[k2 ('layers' [h=B6F25259,$00984C40])]
      772 1200008A  NEWTABLE r18 := {} (#a=0, #h=2)
      773 1300004A  NEWTABLE r19 := {} (#a=0, #h=1)
      774 1401000A  NEWTABLE r20 := {} (#a=2, #h=0)
      775 1501000A  NEWTABLE r21 := {} (#a=2, #h=0)
      776 16002101     LOADK r22 := k132 ('post' [h=0078F550,$009799E0])
      777 17001F81     LOADK r23 := k126 (4.0)
      778 1500005F   SETLIST r21 [1]
      779 16002081     LOADK r22 := k130 ('end' [h=0003246B,$0098F900])
      780 1400005F   SETLIST r20 [1]
      781 13C98509  SETTABLE r20 ->> r19[k153 ('sk' [h=00001514,$009A6180])]
      782 12B704C9  SETTABLE r19 ->> r18[k116 ('conditions' [h=B20F7A7D,$0097AA60])]
      783 1300800A  NEWTABLE r19 := {} (#a=1, #h=0)
      784 14002E41     LOADK r20 := k185 ('SW_poi_nampo-sk4' [h=F8F18F5E,$009F2040])
      785 1300001F   SETLIST r19 [0]
      786 127E04C9  SETTABLE r19 ->> r18[k2 ('layers' [h=B6F25259,$00984C40])]
      787 1300004A  NEWTABLE r19 := {} (#a=0, #h=1)
      788 1400000A  NEWTABLE r20 := {} (#a=0, #h=0)
      789 1500008A  NEWTABLE r21 := {} (#a=0, #h=2)
      790 15DB6DC9  SETTABLE k189 (800.0) ->> r21[k188 ('density' [h=78F59AB8,$0098AF40])]
      791 15DC6E49  SETTABLE k191 (120.0) ->> r21[k190 ('destructionCoolDownTime' [h=7A20EC4B,$00A37480])]
      792 14DA8549  SETTABLE r21 ->> r20[k187 ('h-pyriver' [h=72433264,$00976F40])]
      793 1500008A  NEWTABLE r21 := {} (#a=0, #h=2)
      794 15DB6EC9  SETTABLE k193 (700.0) ->> r21[k188 ('density' [h=78F59AB8,$0098AF40])]
      795 15DC6E49  SETTABLE k191 (120.0) ->> r21[k190 ('destructionCoolDownTime' [h=7A20EC4B,$00A37480])]
      796 1600800A  NEWTABLE r22 := {} (#a=1, #h=0)
      797 1700008A  NEWTABLE r23 := {} (#a=0, #h=2)
      798 17DEEF89  SETTABLE k196 ('template_allies_blackhawk' [h=3EBE2436,$009F2B00]) ->> r23[k195 ('template' [h=7CE5CAD2,$009A1120])]
      799 17DFDFC9  SETTABLE k133 (1.0) ->> r23[k197 ('cap' [h=0003518A,$009A3DC0])]
      800 1600001F   SETLIST r22 [0]
      801 15DE0589  SETTABLE r22 ->> r21[k194 ('spawners' [h=5EA201D8,$009ABE80])]
      802 14DD0549  SETTABLE r21 ->> r20[k192 ('h-mash' [h=9FEB2DAB,$00994360])]
      803 1500008A  NEWTABLE r21 := {} (#a=0, #h=2)
      804 15DB7049  SETTABLE k199 (1200.0) ->> r21[k188 ('density' [h=78F59AB8,$0098AF40])]
      805 15DC7089  SETTABLE k200 (600.0) ->> r21[k190 ('destructionCoolDownTime' [h=7A20EC4B,$00A37480])]
      806 1600800A  NEWTABLE r22 := {} (#a=1, #h=0)
      807 1700008A  NEWTABLE r23 := {} (#a=0, #h=2)
      808 17DEF0C9  SETTABLE k201 ('template_nk_oh6littlebird' [h=FC8568E6,$00A3FAC0]) ->> r23[k195 ('template' [h=7CE5CAD2,$009A1120])]
      809 17DFDFC9  SETTABLE k133 (1.0) ->> r23[k197 ('cap' [h=0003518A,$009A3DC0])]
      810 1600001F   SETLIST r22 [0]
      811 15DE0589  SETTABLE r22 ->> r21[k194 ('spawners' [h=5EA201D8,$009ABE80])]
      812 14E00549  SETTABLE r21 ->> r20[k198 ('h-pysouth' [h=0538AD70,$0099A7C0])]
      813 1500008A  NEWTABLE r21 := {} (#a=0, #h=2)
      814 15DB7149  SETTABLE k203 (1000.0) ->> r21[k188 ('density' [h=78F59AB8,$0098AF40])]
      815 15DC7089  SETTABLE k200 (600.0) ->> r21[k190 ('destructionCoolDownTime' [h=7A20EC4B,$00A37480])]
      816 1600800A  NEWTABLE r22 := {} (#a=1, #h=0)
      817 1700008A  NEWTABLE r23 := {} (#a=0, #h=2)
      818 17DEF0C9  SETTABLE k201 ('template_nk_oh6littlebird' [h=FC8568E6,$00A3FAC0]) ->> r23[k195 ('template' [h=7CE5CAD2,$009A1120])]
      819 17DFDFC9  SETTABLE k133 (1.0) ->> r23[k197 ('cap' [h=0003518A,$009A3DC0])]
      820 1600001F   SETLIST r22 [0]
      821 15DE0589  SETTABLE r22 ->> r21[k194 ('spawners' [h=5EA201D8,$009ABE80])]
      822 14E20549  SETTABLE r21 ->> r20[k202 ('h-pydtown' [h=7AC17297,$009A3B00])]
      823 1500008A  NEWTABLE r21 := {} (#a=0, #h=2)
      824 15DB7149  SETTABLE k203 (1000.0) ->> r21[k188 ('density' [h=78F59AB8,$0098AF40])]
      825 15DC7089  SETTABLE k200 (600.0) ->> r21[k190 ('destructionCoolDownTime' [h=7A20EC4B,$00A37480])]
      826 1600800A  NEWTABLE r22 := {} (#a=1, #h=0)
      827 1700008A  NEWTABLE r23 := {} (#a=0, #h=2)
      828 17DEF0C9  SETTABLE k201 ('template_nk_oh6littlebird' [h=FC8568E6,$00A3FAC0]) ->> r23[k195 ('template' [h=7CE5CAD2,$009A1120])]
      829 17DFDFC9  SETTABLE k133 (1.0) ->> r23[k197 ('cap' [h=0003518A,$009A3DC0])]
      830 1600001F   SETLIST r22 [0]
      831 15DE0589  SETTABLE r22 ->> r21[k194 ('spawners' [h=5EA201D8,$009ABE80])]
      832 14E30549  SETTABLE r21 ->> r20[k204 ('h-pyeriver' [h=DB1FC4E2,$009C4A40])]
      833 1500008A  NEWTABLE r21 := {} (#a=0, #h=2)
      834 15DB7149  SETTABLE k203 (1000.0) ->> r21[k188 ('density' [h=78F59AB8,$0098AF40])]
      835 15DC6E49  SETTABLE k191 (120.0) ->> r21[k190 ('destructionCoolDownTime' [h=7A20EC4B,$00A37480])]
      836 1600800A  NEWTABLE r22 := {} (#a=1, #h=0)
      837 1700008A  NEWTABLE r23 := {} (#a=0, #h=2)
      838 17DEEF89  SETTABLE k196 ('template_allies_blackhawk' [h=3EBE2436,$009F2B00]) ->> r23[k195 ('template' [h=7CE5CAD2,$009A1120])]
      839 17DFDFC9  SETTABLE k133 (1.0) ->> r23[k197 ('cap' [h=0003518A,$009A3DC0])]
      840 1600001F   SETLIST r22 [0]
      841 15DE0589  SETTABLE r22 ->> r21[k194 ('spawners' [h=5EA201D8,$009ABE80])]
      842 14E38549  SETTABLE r21 ->> r20[k205 ('dmz-heli' [h=BDEEEAD7,$00996520])]
      843 1500008A  NEWTABLE r21 := {} (#a=0, #h=2)
      844 15DC7049  SETTABLE k199 (1200.0) ->> r21[k190 ('destructionCoolDownTime' [h=7A20EC4B,$00A37480])]
      845 15DB7249  SETTABLE k207 (400.0) ->> r21[k188 ('density' [h=78F59AB8,$0098AF40])]
      846 14E40549  SETTABLE r21 ->> r20[k206 ('pya-heli' [h=BDEE72A2,$009A5420])]
      847 1500008A  NEWTABLE r21 := {} (#a=0, #h=2)
      848 15DB72C9  SETTABLE k209 (200.0) ->> r21[k188 ('density' [h=78F59AB8,$0098AF40])]
      849 15DC6E49  SETTABLE k191 (120.0) ->> r21[k190 ('destructionCoolDownTime' [h=7A20EC4B,$00A37480])]
      850 14E50549  SETTABLE r21 ->> r20[k208 ('blackgate' [h=8EAB4560,$009A56A0])]
      851 1500008A  NEWTABLE r21 := {} (#a=0, #h=2)
      852 15DB7349  SETTABLE k211 (300.0) ->> r21[k188 ('density' [h=78F59AB8,$0098AF40])]
      853 15DC6E49  SETTABLE k191 (120.0) ->> r21[k190 ('destructionCoolDownTime' [h=7A20EC4B,$00A37480])]
      854 1600800A  NEWTABLE r22 := {} (#a=1, #h=0)
      855 1700004A  NEWTABLE r23 := {} (#a=0, #h=1)
      856 17DEF389  SETTABLE k212 ('template_allies_humvee' [h=F98F4331,$00A0A1C0]) ->> r23[k195 ('template' [h=7CE5CAD2,$009A1120])]
      857 1600001F   SETLIST r22 [0]
      858 15DE0589  SETTABLE r22 ->> r21[k194 ('spawners' [h=5EA201D8,$009ABE80])]
      859 14E60549  SETTABLE r21 ->> r20[k210 ('dmz' [h=00037170,$00977600])]
      860 1500008A  NEWTABLE r21 := {} (#a=0, #h=2)
      861 15DB7349  SETTABLE k211 (300.0) ->> r21[k188 ('density' [h=78F59AB8,$0098AF40])]
      862 15DC6E49  SETTABLE k191 (120.0) ->> r21[k190 ('destructionCoolDownTime' [h=7A20EC4B,$00A37480])]
      863 1600800A  NEWTABLE r22 := {} (#a=1, #h=0)
      864 1700004A  NEWTABLE r23 := {} (#a=0, #h=1)
      865 17DEF389  SETTABLE k212 ('template_allies_humvee' [h=F98F4331,$00A0A1C0]) ->> r23[k195 ('template' [h=7CE5CAD2,$009A1120])]
      866 1600001F   SETLIST r22 [0]
      867 15DE0589  SETTABLE r22 ->> r21[k194 ('spawners' [h=5EA201D8,$009ABE80])]
      868 14E78549  SETTABLE r21 ->> r20[k213 ('dmz-hq' [h=7F337E05,$00990AC0])]
      869 1500008A  NEWTABLE r21 := {} (#a=0, #h=2)
      870 15DB7349  SETTABLE k211 (300.0) ->> r21[k188 ('density' [h=78F59AB8,$0098AF40])]
      871 15DC6E49  SETTABLE k191 (120.0) ->> r21[k190 ('destructionCoolDownTime' [h=7A20EC4B,$00A37480])]
      872 1600800A  NEWTABLE r22 := {} (#a=1, #h=0)
      873 1700004A  NEWTABLE r23 := {} (#a=0, #h=1)
      874 17DEF389  SETTABLE k212 ('template_allies_humvee' [h=F98F4331,$00A0A1C0]) ->> r23[k195 ('template' [h=7CE5CAD2,$009A1120])]
      875 1600001F   SETLIST r22 [0]
      876 15DE0589  SETTABLE r22 ->> r21[k194 ('spawners' [h=5EA201D8,$009ABE80])]
      877 14E80549  SETTABLE r21 ->> r20[k214 ('dmz-south' [h=05F861F6,$009A5F40])]
      878 1500008A  NEWTABLE r21 := {} (#a=0, #h=2)
      879 15DB72C9  SETTABLE k209 (200.0) ->> r21[k188 ('density' [h=78F59AB8,$0098AF40])]
      880 15DC6E49  SETTABLE k191 (120.0) ->> r21[k190 ('destructionCoolDownTime' [h=7A20EC4B,$00A37480])]
      881 1601800A  NEWTABLE r22 := {} (#a=3, #h=0)
      882 1700004A  NEWTABLE r23 := {} (#a=0, #h=1)
      883 17DEF489  SETTABLE k216 ('template_civ_80civic' [h=6D12359E,$009F0E40]) ->> r23[k195 ('template' [h=7CE5CAD2,$009A1120])]
      884 1800008A  NEWTABLE r24 := {} (#a=0, #h=2)
      885 18DEF4C9  SETTABLE k217 ('template_civ_cargotruck' [h=E35CEF16,$009D87C0]) ->> r24[k195 ('template' [h=7CE5CAD2,$009A1120])]
      886 18EA60C9  SETTABLE k137 (2.0) ->> r24[k218 ('weight' [h=922166CB,$009992E0])]
      887 1900008A  NEWTABLE r25 := {} (#a=0, #h=2)
      888 19DEF549  SETTABLE k219 ('template_civ_markettruck' [h=B638FADE,$00A05F80]) ->> r25[k195 ('template' [h=7CE5CAD2,$009A1120])]
      889 19EA60C9  SETTABLE k137 (2.0) ->> r25[k218 ('weight' [h=922166CB,$009992E0])]
      890 1600009F   SETLIST r22 [2]
      891 15DE0589  SETTABLE r22 ->> r21[k194 ('spawners' [h=5EA201D8,$009ABE80])]
      892 14E88549  SETTABLE r21 ->> r20[k215 ('farmland' [h=6E8C6C77,$009A8B40])]
      893 1500008A  NEWTABLE r21 := {} (#a=0, #h=2)
      894 15DB75C9  SETTABLE k221 (150.0) ->> r21[k188 ('density' [h=78F59AB8,$0098AF40])]
      895 15DC6E49  SETTABLE k191 (120.0) ->> r21[k190 ('destructionCoolDownTime' [h=7A20EC4B,$00A37480])]
      896 1601000A  NEWTABLE r22 := {} (#a=2, #h=0)
      897 1700004A  NEWTABLE r23 := {} (#a=0, #h=1)
      898 17DEF489  SETTABLE k216 ('template_civ_80civic' [h=6D12359E,$009F0E40]) ->> r23[k195 ('template' [h=7CE5CAD2,$009A1120])]
      899 1800004A  NEWTABLE r24 := {} (#a=0, #h=1)
      900 18DEF609  SETTABLE k222 ('template_civ_generictruck' [h=9BE88D2C,$009DAB80]) ->> r24[k195 ('template' [h=7CE5CAD2,$009A1120])]
      901 1600005F   SETLIST r22 [1]
      902 15DE0589  SETTABLE r22 ->> r21[k194 ('spawners' [h=5EA201D8,$009ABE80])]
      903 14EB0549  SETTABLE r21 ->> r20[k220 ('fortress' [h=70593C74,$0099F560])]
      904 1500008A  NEWTABLE r21 := {} (#a=0, #h=2)
      905 15DB7689  SETTABLE k224 (250.0) ->> r21[k188 ('density' [h=78F59AB8,$0098AF40])]
      906 15DC6E49  SETTABLE k191 (120.0) ->> r21[k190 ('destructionCoolDownTime' [h=7A20EC4B,$00A37480])]
      907 1600800A  NEWTABLE r22 := {} (#a=1, #h=0)
      908 1700004A  NEWTABLE r23 := {} (#a=0, #h=1)
      909 17DEF489  SETTABLE k216 ('template_civ_80civic' [h=6D12359E,$009F0E40]) ->> r23[k195 ('template' [h=7CE5CAD2,$009A1120])]
      910 1600001F   SETLIST r22 [0]
      911 15DE0589  SETTABLE r22 ->> r21[k194 ('spawners' [h=5EA201D8,$009ABE80])]
      912 14EC8549  SETTABLE r21 ->> r20[k223 ('haeju-d' [h=D9860432,$009A5640])]
      913 1500008A  NEWTABLE r21 := {} (#a=0, #h=2)
      914 15DB7689  SETTABLE k224 (250.0) ->> r21[k188 ('density' [h=78F59AB8,$0098AF40])]
      915 15DC6E49  SETTABLE k191 (120.0) ->> r21[k190 ('destructionCoolDownTime' [h=7A20EC4B,$00A37480])]
      916 1600800A  NEWTABLE r22 := {} (#a=1, #h=0)
      917 1700004A  NEWTABLE r23 := {} (#a=0, #h=1)
      918 17DEF489  SETTABLE k216 ('template_civ_80civic' [h=6D12359E,$009F0E40]) ->> r23[k195 ('template' [h=7CE5CAD2,$009A1120])]
      919 1600001F   SETLIST r22 [0]
      920 15DE0589  SETTABLE r22 ->> r21[k194 ('spawners' [h=5EA201D8,$009ABE80])]
      921 14ED8549  SETTABLE r21 ->> r20[k225 ('haeju-c' [h=90AC3851,$0099E620])]
      922 1500008A  NEWTABLE r21 := {} (#a=0, #h=2)
      923 15DB7689  SETTABLE k224 (250.0) ->> r21[k188 ('density' [h=78F59AB8,$0098AF40])]
      924 15DC6E49  SETTABLE k191 (120.0) ->> r21[k190 ('destructionCoolDownTime' [h=7A20EC4B,$00A37480])]
      925 1601800A  NEWTABLE r22 := {} (#a=3, #h=0)
      926 1700008A  NEWTABLE r23 := {} (#a=0, #h=2)
      927 17DEF549  SETTABLE k219 ('template_civ_markettruck' [h=B638FADE,$00A05F80]) ->> r23[k195 ('template' [h=7CE5CAD2,$009A1120])]
      928 17EA5DC9  SETTABLE k125 (3.0) ->> r23[k218 ('weight' [h=922166CB,$009992E0])]
      929 1800004A  NEWTABLE r24 := {} (#a=0, #h=1)
      930 18DEF4C9  SETTABLE k217 ('template_civ_cargotruck' [h=E35CEF16,$009D87C0]) ->> r24[k195 ('template' [h=7CE5CAD2,$009A1120])]
      931 1900004A  NEWTABLE r25 := {} (#a=0, #h=1)
      932 19DEF749  SETTABLE k227 ('template_mafia_technicalmg' [h=C9A62A4B,$009F32C0]) ->> r25[k195 ('template' [h=7CE5CAD2,$009A1120])]
      933 1600009F   SETLIST r22 [2]
      934 15DE0589  SETTABLE r22 ->> r21[k194 ('spawners' [h=5EA201D8,$009ABE80])]
      935 14EE0549  SETTABLE r21 ->> r20[k226 ('haeju' [h=11F837A1,$009809E0])]
      936 1500008A  NEWTABLE r21 := {} (#a=0, #h=2)
      937 15DB7689  SETTABLE k224 (250.0) ->> r21[k188 ('density' [h=78F59AB8,$0098AF40])]
      938 15DC6E49  SETTABLE k191 (120.0) ->> r21[k190 ('destructionCoolDownTime' [h=7A20EC4B,$00A37480])]
      939 1601800A  NEWTABLE r22 := {} (#a=3, #h=0)
      940 1700008A  NEWTABLE r23 := {} (#a=0, #h=2)
      941 17DEF7C9  SETTABLE k229 ('template_nk_type54' [h=CC261024,$009E0F00]) ->> r23[k195 ('template' [h=7CE5CAD2,$009A1120])]
      942 17DFE0C9  SETTABLE k137 (2.0) ->> r23[k197 ('cap' [h=0003518A,$009A3DC0])]
      943 1800008A  NEWTABLE r24 := {} (#a=0, #h=2)
      944 18DEF809  SETTABLE k230 ('template_nk_btr60' [h=25E5D3C2,$009E2E00]) ->> r24[k195 ('template' [h=7CE5CAD2,$009A1120])]
      945 18DFE0C9  SETTABLE k137 (2.0) ->> r24[k197 ('cap' [h=0003518A,$009A3DC0])]
      946 1900004A  NEWTABLE r25 := {} (#a=0, #h=1)
      947 19DEF849  SETTABLE k231 ('template_nk_jeepmgun' [h=723E0F6F,$009F2140]) ->> r25[k195 ('template' [h=7CE5CAD2,$009A1120])]
      948 1600009F   SETLIST r22 [2]
      949 15DE0589  SETTABLE r22 ->> r21[k194 ('spawners' [h=5EA201D8,$009ABE80])]
      950 14EF0549  SETTABLE r21 ->> r20[k228 ('ichon' [h=1060C847,$0099E1E0])]
      951 1500008A  NEWTABLE r21 := {} (#a=0, #h=2)
      952 15DB7689  SETTABLE k224 (250.0) ->> r21[k188 ('density' [h=78F59AB8,$0098AF40])]
      953 15DC6E49  SETTABLE k191 (120.0) ->> r21[k190 ('destructionCoolDownTime' [h=7A20EC4B,$00A37480])]
      954 1601800A  NEWTABLE r22 := {} (#a=3, #h=0)
      955 1700004A  NEWTABLE r23 := {} (#a=0, #h=1)
      956 17DEF609  SETTABLE k222 ('template_civ_generictruck' [h=9BE88D2C,$009DAB80]) ->> r23[k195 ('template' [h=7CE5CAD2,$009A1120])]
      957 1800004A  NEWTABLE r24 := {} (#a=0, #h=1)
      958 18DEF8C9  SETTABLE k233 ('template_civ_presstruck' [h=461BA836,$00A05840]) ->> r24[k195 ('template' [h=7CE5CAD2,$009A1120])]
      959 1900004A  NEWTABLE r25 := {} (#a=0, #h=1)
      960 19DEF909  SETTABLE k234 ('template_civ_unaidtruck' [h=11022564,$00A007C0]) ->> r25[k195 ('template' [h=7CE5CAD2,$009A1120])]
      961 1600009F   SETLIST r22 [2]
      962 15DE0589  SETTABLE r22 ->> r21[k194 ('spawners' [h=5EA201D8,$009ABE80])]
      963 14F10549  SETTABLE r21 ->> r20[k232 ('ichon-sk' [h=F8E6D28D,$009AC020])]
      964 1500008A  NEWTABLE r21 := {} (#a=0, #h=2)
      965 15DB7349  SETTABLE k211 (300.0) ->> r21[k188 ('density' [h=78F59AB8,$0098AF40])]
      966 15DC6E49  SETTABLE k191 (120.0) ->> r21[k190 ('destructionCoolDownTime' [h=7A20EC4B,$00A37480])]
      967 1602800A  NEWTABLE r22 := {} (#a=5, #h=0)
      968 1700004A  NEWTABLE r23 := {} (#a=0, #h=1)
      969 17DEF549  SETTABLE k219 ('template_civ_markettruck' [h=B638FADE,$00A05F80]) ->> r23[k195 ('template' [h=7CE5CAD2,$009A1120])]
      970 1800004A  NEWTABLE r24 := {} (#a=0, #h=1)
      971 18DEF489  SETTABLE k216 ('template_civ_80civic' [h=6D12359E,$009F0E40]) ->> r24[k195 ('template' [h=7CE5CAD2,$009A1120])]
      972 1900004A  NEWTABLE r25 := {} (#a=0, #h=1)
      973 19DEF609  SETTABLE k222 ('template_civ_generictruck' [h=9BE88D2C,$009DAB80]) ->> r25[k195 ('template' [h=7CE5CAD2,$009A1120])]
      974 1A00004A  NEWTABLE r26 := {} (#a=0, #h=1)
      975 1ADEF989  SETTABLE k236 ('template_sk_humveemg' [h=2F3E811B,$009F1BC0]) ->> r26[k195 ('template' [h=7CE5CAD2,$009A1120])]
      976 1B00008A  NEWTABLE r27 := {} (#a=0, #h=2)
      977 1BDEF849  SETTABLE k231 ('template_nk_jeepmgun' [h=723E0F6F,$009F2140]) ->> r27[k195 ('template' [h=7CE5CAD2,$009A1120])]
      978 1BDFDFC9  SETTABLE k133 (1.0) ->> r27[k197 ('cap' [h=0003518A,$009A3DC0])]
      979 1600011F   SETLIST r22 [4]
      980 15DE0589  SETTABLE r22 ->> r21[k194 ('spawners' [h=5EA201D8,$009ABE80])]
      981 14F28549  SETTABLE r21 ->> r20[k235 ('kaesong' [h=F73D9239,$00992160])]
      982 1500008A  NEWTABLE r21 := {} (#a=0, #h=2)
      983 15DB7689  SETTABLE k224 (250.0) ->> r21[k188 ('density' [h=78F59AB8,$0098AF40])]
      984 15DC6E49  SETTABLE k191 (120.0) ->> r21[k190 ('destructionCoolDownTime' [h=7A20EC4B,$00A37480])]
      985 1601800A  NEWTABLE r22 := {} (#a=3, #h=0)
      986 1700004A  NEWTABLE r23 := {} (#a=0, #h=1)
      987 17DEF489  SETTABLE k216 ('template_civ_80civic' [h=6D12359E,$009F0E40]) ->> r23[k195 ('template' [h=7CE5CAD2,$009A1120])]
      988 1800004A  NEWTABLE r24 := {} (#a=0, #h=1)
      989 18DEFA09  SETTABLE k238 ('template_china_jeep' [h=510E0121,$009F3840]) ->> r24[k195 ('template' [h=7CE5CAD2,$009A1120])]
      990 1900008A  NEWTABLE r25 := {} (#a=0, #h=2)
      991 19DEFA49  SETTABLE k239 ('template_china_apc' [h=8BA3B539,$009D9C80]) ->> r25[k195 ('template' [h=7CE5CAD2,$009A1120])]
      992 19DFDFC9  SETTABLE k133 (1.0) ->> r25[k197 ('cap' [h=0003518A,$009A3DC0])]
      993 1600009F   SETLIST r22 [2]
      994 15DE0589  SETTABLE r22 ->> r21[k194 ('spawners' [h=5EA201D8,$009ABE80])]
      995 14F38549  SETTABLE r21 ->> r20[k237 ('nampo-c' [h=91100DC6,$009A1E80])]
      996 1500008A  NEWTABLE r21 := {} (#a=0, #h=2)
      997 15DB7AC9  SETTABLE k241 (350.0) ->> r21[k188 ('density' [h=78F59AB8,$0098AF40])]
      998 15DC6E49  SETTABLE k191 (120.0) ->> r21[k190 ('destructionCoolDownTime' [h=7A20EC4B,$00A37480])]
      999 14F50549  SETTABLE r21 ->> r20[k240 ('nampo-r' [h=EEA822D1,$009A08C0])]
      1000 1500008A  NEWTABLE r21 := {} (#a=0, #h=2)
      1001 15DB75C9  SETTABLE k221 (150.0) ->> r21[k188 ('density' [h=78F59AB8,$0098AF40])]
      1002 15DC6E49  SETTABLE k191 (120.0) ->> r21[k190 ('destructionCoolDownTime' [h=7A20EC4B,$00A37480])]
      1003 1600800A  NEWTABLE r22 := {} (#a=1, #h=0)
      1004 1700004A  NEWTABLE r23 := {} (#a=0, #h=1)
      1005 17DEF489  SETTABLE k216 ('template_civ_80civic' [h=6D12359E,$009F0E40]) ->> r23[k195 ('template' [h=7CE5CAD2,$009A1120])]
      1006 1600001F   SETLIST r22 [0]
      1007 15DE0589  SETTABLE r22 ->> r21[k194 ('spawners' [h=5EA201D8,$009ABE80])]
      1008 14F60549  SETTABLE r21 ->> r20[k242 ('nkartillery' [h=1E7879B0,$0097ECE0])]
      1009 1500008A  NEWTABLE r21 := {} (#a=0, #h=2)
      1010 15DB7B89  SETTABLE k244 (99999.0) ->> r21[k188 ('density' [h=78F59AB8,$0098AF40])]
      1011 15DC6E49  SETTABLE k191 (120.0) ->> r21[k190 ('destructionCoolDownTime' [h=7A20EC4B,$00A37480])]
      1012 14F68549  SETTABLE r21 ->> r20[k243 ('nabhills-h' [h=93FD21B3,$00990A80])]
      1013 1500008A  NEWTABLE r21 := {} (#a=0, #h=2)
      1014 15DB7B89  SETTABLE k244 (99999.0) ->> r21[k188 ('density' [h=78F59AB8,$0098AF40])]
      1015 15DC6E49  SETTABLE k191 (120.0) ->> r21[k190 ('destructionCoolDownTime' [h=7A20EC4B,$00A37480])]
      1016 14F78549  SETTABLE r21 ->> r20[k245 ('nabhills-g' [h=86A3ED54,$00995FE0])]
      1017 1500008A  NEWTABLE r21 := {} (#a=0, #h=2)
      1018 15DB7689  SETTABLE k224 (250.0) ->> r21[k188 ('density' [h=78F59AB8,$0098AF40])]
      1019 1600800A  NEWTABLE r22 := {} (#a=1, #h=0)
      1020 1700004A  NEWTABLE r23 := {} (#a=0, #h=1)
      1021 17DEF849  SETTABLE k231 ('template_nk_jeepmgun' [h=723E0F6F,$009F2140]) ->> r23[k195 ('template' [h=7CE5CAD2,$009A1120])]
      1022 1600001F   SETLIST r22 [0]
      1023 15DE0589  SETTABLE r22 ->> r21[k194 ('spawners' [h=5EA201D8,$009ABE80])]
      1024 15DC6E49  SETTABLE k191 (120.0) ->> r21[k190 ('destructionCoolDownTime' [h=7A20EC4B,$00A37480])]
      1025 14F80549  SETTABLE r21 ->> r20[k246 ('nkbase' [h=4B1D630F,$00990DA0])]
      1026 1500008A  NEWTABLE r21 := {} (#a=0, #h=2)
      1027 15DB7C89  SETTABLE k248 (500.0) ->> r21[k188 ('density' [h=78F59AB8,$0098AF40])]
      1028 15DC6E49  SETTABLE k191 (120.0) ->> r21[k190 ('destructionCoolDownTime' [h=7A20EC4B,$00A37480])]
      1029 14F88549  SETTABLE r21 ->> r20[k247 ('propaganda' [h=EB471DC3,$009A8400])]
      1030 1500008A  NEWTABLE r21 := {} (#a=0, #h=2)
      1031 15DB7689  SETTABLE k224 (250.0) ->> r21[k188 ('density' [h=78F59AB8,$0098AF40])]
      1032 15DC6E49  SETTABLE k191 (120.0) ->> r21[k190 ('destructionCoolDownTime' [h=7A20EC4B,$00A37480])]
      1033 1601000A  NEWTABLE r22 := {} (#a=2, #h=0)
      1034 1700008A  NEWTABLE r23 := {} (#a=0, #h=2)
      1035 17DEFA09  SETTABLE k238 ('template_china_jeep' [h=510E0121,$009F3840]) ->> r23[k195 ('template' [h=7CE5CAD2,$009A1120])]
      1036 17EA5DC9  SETTABLE k125 (3.0) ->> r23[k218 ('weight' [h=922166CB,$009992E0])]
      1037 1800004A  NEWTABLE r24 := {} (#a=0, #h=1)
      1038 18DEF849  SETTABLE k231 ('template_nk_jeepmgun' [h=723E0F6F,$009F2140]) ->> r24[k195 ('template' [h=7CE5CAD2,$009A1120])]
      1039 1600005F   SETLIST r22 [1]
      1040 15DE0589  SETTABLE r22 ->> r21[k194 ('spawners' [h=5EA201D8,$009ABE80])]
      1041 14F98549  SETTABLE r21 ->> r20[k249 ('pyongyangairport-p' [h=1AFF326F,$009EEC40])]
      1042 1500008A  NEWTABLE r21 := {} (#a=0, #h=2)
      1043 15DB7689  SETTABLE k224 (250.0) ->> r21[k188 ('density' [h=78F59AB8,$0098AF40])]
      1044 15DC6E49  SETTABLE k191 (120.0) ->> r21[k190 ('destructionCoolDownTime' [h=7A20EC4B,$00A37480])]
      1045 1601000A  NEWTABLE r22 := {} (#a=2, #h=0)
      1046 1700008A  NEWTABLE r23 := {} (#a=0, #h=2)
      1047 17DEFA09  SETTABLE k238 ('template_china_jeep' [h=510E0121,$009F3840]) ->> r23[k195 ('template' [h=7CE5CAD2,$009A1120])]
      1048 17EA5DC9  SETTABLE k125 (3.0) ->> r23[k218 ('weight' [h=922166CB,$009992E0])]
      1049 1800004A  NEWTABLE r24 := {} (#a=0, #h=1)
      1050 18DEF849  SETTABLE k231 ('template_nk_jeepmgun' [h=723E0F6F,$009F2140]) ->> r24[k195 ('template' [h=7CE5CAD2,$009A1120])]
      1051 1600005F   SETLIST r22 [1]
      1052 15DE0589  SETTABLE r22 ->> r21[k194 ('spawners' [h=5EA201D8,$009ABE80])]
      1053 14FA0549  SETTABLE r21 ->> r20[k250 ('pyongyangairport-b' [h=7CCC2A46,$009F1F80])]
      1054 1500008A  NEWTABLE r21 := {} (#a=0, #h=2)
      1055 15DB7689  SETTABLE k224 (250.0) ->> r21[k188 ('density' [h=78F59AB8,$0098AF40])]
      1056 15DC6E49  SETTABLE k191 (120.0) ->> r21[k190 ('destructionCoolDownTime' [h=7A20EC4B,$00A37480])]
      1057 14FA8549  SETTABLE r21 ->> r20[k251 ('pyongyangairport-r' [h=FC94DEA1,$00A069C0])]
      1058 1500008A  NEWTABLE r21 := {} (#a=0, #h=2)
      1059 15DC6E49  SETTABLE k191 (120.0) ->> r21[k190 ('destructionCoolDownTime' [h=7A20EC4B,$00A37480])]
      1060 15DB7B89  SETTABLE k244 (99999.0) ->> r21[k188 ('density' [h=78F59AB8,$0098AF40])]
      1061 14FB0549  SETTABLE r21 ->> r20[k252 ('pya-a' [h=10136478,$009AC2E0])]
      1062 1500008A  NEWTABLE r21 := {} (#a=0, #h=2)
      1063 15DB7AC9  SETTABLE k241 (350.0) ->> r21[k188 ('density' [h=78F59AB8,$0098AF40])]
      1064 15DC6E49  SETTABLE k191 (120.0) ->> r21[k190 ('destructionCoolDownTime' [h=7A20EC4B,$00A37480])]
      1065 1601800A  NEWTABLE r22 := {} (#a=3, #h=0)
      1066 1700004A  NEWTABLE r23 := {} (#a=0, #h=1)
      1067 17DEF489  SETTABLE k216 ('template_civ_80civic' [h=6D12359E,$009F0E40]) ->> r23[k195 ('template' [h=7CE5CAD2,$009A1120])]
      1068 1800008A  NEWTABLE r24 := {} (#a=0, #h=2)
      1069 18DEFE09  SETTABLE k254 ('template_civ_bus' [h=E19F7387,$00A07400]) ->> r24[k195 ('template' [h=7CE5CAD2,$009A1120])]
      1070 18DFDFC9  SETTABLE k133 (1.0) ->> r24[k197 ('cap' [h=0003518A,$009A3DC0])]
      1071 1900008A  NEWTABLE r25 := {} (#a=0, #h=2)
      1072 19DEF849  SETTABLE k231 ('template_nk_jeepmgun' [h=723E0F6F,$009F2140]) ->> r25[k195 ('template' [h=7CE5CAD2,$009A1120])]
      1073 19EA60C9  SETTABLE k137 (2.0) ->> r25[k218 ('weight' [h=922166CB,$009992E0])]
      1074 1600009F   SETLIST r22 [2]
      1075 15DE0589  SETTABLE r22 ->> r21[k194 ('spawners' [h=5EA201D8,$009ABE80])]
      1076 14FB8549  SETTABLE r21 ->> r20[k253 ('pyongdowntown' [h=A34DBFCD,$00997B40])]
      1077 1500008A  NEWTABLE r21 := {} (#a=0, #h=2)
      1078 15DB7AC9  SETTABLE k241 (350.0) ->> r21[k188 ('density' [h=78F59AB8,$0098AF40])]
      1079 15DC6E49  SETTABLE k191 (120.0) ->> r21[k190 ('destructionCoolDownTime' [h=7A20EC4B,$00A37480])]
      1080 1601000A  NEWTABLE r22 := {} (#a=2, #h=0)
      1081 1700004A  NEWTABLE r23 := {} (#a=0, #h=1)
      1082 17DEF489  SETTABLE k216 ('template_civ_80civic' [h=6D12359E,$009F0E40]) ->> r23[k195 ('template' [h=7CE5CAD2,$009A1120])]
      1083 1800008A  NEWTABLE r24 := {} (#a=0, #h=2)
      1084 18DEF389  SETTABLE k212 ('template_allies_humvee' [h=F98F4331,$00A0A1C0]) ->> r24[k195 ('template' [h=7CE5CAD2,$009A1120])]
      1085 18EA60C9  SETTABLE k137 (2.0) ->> r24[k218 ('weight' [h=922166CB,$009992E0])]
      1086 1600005F   SETLIST r22 [1]
      1087 15DE0589  SETTABLE r22 ->> r21[k194 ('spawners' [h=5EA201D8,$009ABE80])]
      1088 14FC8549  SETTABLE r21 ->> r20[k255 ('MASH' [h=0073CB49,$00997140])]
      1089 1500008A  NEWTABLE r21 := {} (#a=0, #h=2)
      1090 15DB7AC9  SETTABLE k241 (350.0) ->> r21[k188 ('density' [h=78F59AB8,$0098AF40])]
      1091 15DC6E49  SETTABLE k191 (120.0) ->> r21[k190 ('destructionCoolDownTime' [h=7A20EC4B,$00A37480])]
      1092 1602000A  NEWTABLE r22 := {} (#a=4, #h=0)
      1093 1700004A  NEWTABLE r23 := {} (#a=0, #h=1)
      1094 17DEF489  SETTABLE k216 ('template_civ_80civic' [h=6D12359E,$009F0E40]) ->> r23[k195 ('template' [h=7CE5CAD2,$009A1120])]
      1095 1800008A  NEWTABLE r24 := {} (#a=0, #h=2)
      1096 18DEFE09  SETTABLE k254 ('template_civ_bus' [h=E19F7387,$00A07400]) ->> r24[k195 ('template' [h=7CE5CAD2,$009A1120])]
      1097 18DFDFC9  SETTABLE k133 (1.0) ->> r24[k197 ('cap' [h=0003518A,$009A3DC0])]
      1098 1900008A  NEWTABLE r25 := {} (#a=0, #h=2)
      1099 19DEF849  SETTABLE k231 ('template_nk_jeepmgun' [h=723E0F6F,$009F2140]) ->> r25[k195 ('template' [h=7CE5CAD2,$009A1120])]
      1100 19EA60C9  SETTABLE k137 (2.0) ->> r25[k218 ('weight' [h=922166CB,$009992E0])]
      1101 1A00008A  NEWTABLE r26 := {} (#a=0, #h=2)
      1102 1ADEF389  SETTABLE k212 ('template_allies_humvee' [h=F98F4331,$00A0A1C0]) ->> r26[k195 ('template' [h=7CE5CAD2,$009A1120])]
      1103 1AEA60C9  SETTABLE k137 (2.0) ->> r26[k218 ('weight' [h=922166CB,$009992E0])]
      1104 160000DF   SETLIST r22 [3]
      1105 15DE0589  SETTABLE r22 ->> r21[k194 ('spawners' [h=5EA201D8,$009ABE80])]
      1106 14FD0549  SETTABLE r21 ->> r20[k256 ('pyongnorth' [h=A4B950E1,$0099FC80])]
      1107 1500008A  NEWTABLE r21 := {} (#a=0, #h=2)
      1108 15DB7AC9  SETTABLE k241 (350.0) ->> r21[k188 ('density' [h=78F59AB8,$0098AF40])]
      1109 15DC6E49  SETTABLE k191 (120.0) ->> r21[k190 ('destructionCoolDownTime' [h=7A20EC4B,$00A37480])]
      1110 1601800A  NEWTABLE r22 := {} (#a=3, #h=0)
      1111 1700004A  NEWTABLE r23 := {} (#a=0, #h=1)
      1112 17DEF489  SETTABLE k216 ('template_civ_80civic' [h=6D12359E,$009F0E40]) ->> r23[k195 ('template' [h=7CE5CAD2,$009A1120])]
      1113 1800004A  NEWTABLE r24 := {} (#a=0, #h=1)
      1114 18DEFA09  SETTABLE k238 ('template_china_jeep' [h=510E0121,$009F3840]) ->> r24[k195 ('template' [h=7CE5CAD2,$009A1120])]
      1115 1900004A  NEWTABLE r25 := {} (#a=0, #h=1)
      1116 19DEF849  SETTABLE k231 ('template_nk_jeepmgun' [h=723E0F6F,$009F2140]) ->> r25[k195 ('template' [h=7CE5CAD2,$009A1120])]
      1117 1600009F   SETLIST r22 [2]
      1118 15DE0589  SETTABLE r22 ->> r21[k194 ('spawners' [h=5EA201D8,$009ABE80])]
      1119 14FD8549  SETTABLE r21 ->> r20[k257 ('pyongwest' [h=31C2ED33,$0097E0A0])]
      1120 1500008A  NEWTABLE r21 := {} (#a=0, #h=2)
      1121 15DB7AC9  SETTABLE k241 (350.0) ->> r21[k188 ('density' [h=78F59AB8,$0098AF40])]
      1122 15DC6E49  SETTABLE k191 (120.0) ->> r21[k190 ('destructionCoolDownTime' [h=7A20EC4B,$00A37480])]
      1123 1600800A  NEWTABLE r22 := {} (#a=1, #h=0)
      1124 1700004A  NEWTABLE r23 := {} (#a=0, #h=1)
      1125 17DEF489  SETTABLE k216 ('template_civ_80civic' [h=6D12359E,$009F0E40]) ->> r23[k195 ('template' [h=7CE5CAD2,$009A1120])]
      1126 1600001F   SETLIST r22 [0]
      1127 15DE0589  SETTABLE r22 ->> r21[k194 ('spawners' [h=5EA201D8,$009ABE80])]
      1128 14FE0549  SETTABLE r21 ->> r20[k258 ('pyongeast' [h=07DFCA5B,$00976F20])]
      1129 1500008A  NEWTABLE r21 := {} (#a=0, #h=2)
      1130 15DB7AC9  SETTABLE k241 (350.0) ->> r21[k188 ('density' [h=78F59AB8,$0098AF40])]
      1131 15DC6E49  SETTABLE k191 (120.0) ->> r21[k190 ('destructionCoolDownTime' [h=7A20EC4B,$00A37480])]
      1132 1600800A  NEWTABLE r22 := {} (#a=1, #h=0)
      1133 1700008A  NEWTABLE r23 := {} (#a=0, #h=2)
      1134 17DEFA09  SETTABLE k238 ('template_china_jeep' [h=510E0121,$009F3840]) ->> r23[k195 ('template' [h=7CE5CAD2,$009A1120])]
      1135 17EA60C9  SETTABLE k137 (2.0) ->> r23[k218 ('weight' [h=922166CB,$009992E0])]
      1136 1600001F   SETLIST r22 [0]
      1137 15DE0589  SETTABLE r22 ->> r21[k194 ('spawners' [h=5EA201D8,$009ABE80])]
      1138 14FE8549  SETTABLE r21 ->> r20[k259 ('airport' [h=EBB298A3,$009C79A0])]
      1139 1500008A  NEWTABLE r21 := {} (#a=0, #h=2)
      1140 15DB7AC9  SETTABLE k241 (350.0) ->> r21[k188 ('density' [h=78F59AB8,$0098AF40])]
      1141 15DC6E49  SETTABLE k191 (120.0) ->> r21[k190 ('destructionCoolDownTime' [h=7A20EC4B,$00A37480])]
      1142 1600800A  NEWTABLE r22 := {} (#a=1, #h=0)
      1143 1700008A  NEWTABLE r23 := {} (#a=0, #h=2)
      1144 17DEFE09  SETTABLE k254 ('template_civ_bus' [h=E19F7387,$00A07400]) ->> r23[k195 ('template' [h=7CE5CAD2,$009A1120])]
      1145 17DFDFC9  SETTABLE k133 (1.0) ->> r23[k197 ('cap' [h=0003518A,$009A3DC0])]
      1146 1600001F   SETLIST r22 [0]
      1147 15DE0589  SETTABLE r22 ->> r21[k194 ('spawners' [h=5EA201D8,$009ABE80])]
      1148 14FF0549  SETTABLE r21 ->> r20[k260 ('pyd2pye' [h=48C904AE,$009846A0])]
      1149 1500008A  NEWTABLE r21 := {} (#a=0, #h=2)
      1150 15DB7AC9  SETTABLE k241 (350.0) ->> r21[k188 ('density' [h=78F59AB8,$0098AF40])]
      1151 15DC6E49  SETTABLE k191 (120.0) ->> r21[k190 ('destructionCoolDownTime' [h=7A20EC4B,$00A37480])]
      1152 1601800A  NEWTABLE r22 := {} (#a=3, #h=0)
      1153 1700008A  NEWTABLE r23 := {} (#a=0, #h=2)
      1154 17DEFE09  SETTABLE k254 ('template_civ_bus' [h=E19F7387,$00A07400]) ->> r23[k195 ('template' [h=7CE5CAD2,$009A1120])]
      1155 17DFDFC9  SETTABLE k133 (1.0) ->> r23[k197 ('cap' [h=0003518A,$009A3DC0])]
      1156 1800004A  NEWTABLE r24 := {} (#a=0, #h=1)
      1157 18DEF489  SETTABLE k216 ('template_civ_80civic' [h=6D12359E,$009F0E40]) ->> r24[k195 ('template' [h=7CE5CAD2,$009A1120])]
      1158 1900004A  NEWTABLE r25 := {} (#a=0, #h=1)
      1159 19DEF609  SETTABLE k222 ('template_civ_generictruck' [h=9BE88D2C,$009DAB80]) ->> r25[k195 ('template' [h=7CE5CAD2,$009A1120])]
      1160 1600009F   SETLIST r22 [2]
      1161 15DE0589  SETTABLE r22 ->> r21[k194 ('spawners' [h=5EA201D8,$009ABE80])]
      1162 14FF8549  SETTABLE r21 ->> r20[k261 ('pye2srw' [h=1134BECE,$00999D40])]
      1163 15004181     LOADK r21 := k262 ('pyn2pyd' [h=20F0EB99,$00986500])
      1164 1600008A  NEWTABLE r22 := {} (#a=0, #h=2)
      1165 16DB7AC9  SETTABLE k241 (350.0) ->> r22[k188 ('density' [h=78F59AB8,$0098AF40])]
      1166 16DC6E49  SETTABLE k191 (120.0) ->> r22[k190 ('destructionCoolDownTime' [h=7A20EC4B,$00A37480])]
      1167 1702800A  NEWTABLE r23 := {} (#a=5, #h=0)
      1168 1800008A  NEWTABLE r24 := {} (#a=0, #h=2)
      1169 18DEFE09  SETTABLE k254 ('template_civ_bus' [h=E19F7387,$00A07400]) ->> r24[k195 ('template' [h=7CE5CAD2,$009A1120])]
      1170 18DFDFC9  SETTABLE k133 (1.0) ->> r24[k197 ('cap' [h=0003518A,$009A3DC0])]
      1171 1900004A  NEWTABLE r25 := {} (#a=0, #h=1)
      1172 19DEF489  SETTABLE k216 ('template_civ_80civic' [h=6D12359E,$009F0E40]) ->> r25[k195 ('template' [h=7CE5CAD2,$009A1120])]
      1173 1A00004A  NEWTABLE r26 := {} (#a=0, #h=1)
      1174 1ADEF609  SETTABLE k222 ('template_civ_generictruck' [h=9BE88D2C,$009DAB80]) ->> r26[k195 ('template' [h=7CE5CAD2,$009A1120])]
      1175 1B00004A  NEWTABLE r27 := {} (#a=0, #h=1)
      1176 1BDEF849  SETTABLE k231 ('template_nk_jeepmgun' [h=723E0F6F,$009F2140]) ->> r27[k195 ('template' [h=7CE5CAD2,$009A1120])]
      1177 1C00004A  NEWTABLE r28 := {} (#a=0, #h=1)
      1178 1CDEF389  SETTABLE k212 ('template_allies_humvee' [h=F98F4331,$00A0A1C0]) ->> r28[k195 ('template' [h=7CE5CAD2,$009A1120])]
      1179 1700011F   SETLIST r23 [4]
      1180 16DE05C9  SETTABLE r23 ->> r22[k194 ('spawners' [h=5EA201D8,$009ABE80])]
      1181 140A8589  SETTABLE r22 ->> r20[r21]
      1182 150041C1     LOADK r21 := k263 ('pyn2pye' [h=48CED8FD,$00988EA0])
      1183 1600008A  NEWTABLE r22 := {} (#a=0, #h=2)
      1184 16DB7AC9  SETTABLE k241 (350.0) ->> r22[k188 ('density' [h=78F59AB8,$0098AF40])]
      1185 16DC6E49  SETTABLE k191 (120.0) ->> r22[k190 ('destructionCoolDownTime' [h=7A20EC4B,$00A37480])]
      1186 1701000A  NEWTABLE r23 := {} (#a=2, #h=0)
      1187 1800008A  NEWTABLE r24 := {} (#a=0, #h=2)
      1188 18DEFE09  SETTABLE k254 ('template_civ_bus' [h=E19F7387,$00A07400]) ->> r24[k195 ('template' [h=7CE5CAD2,$009A1120])]
      1189 18DFDFC9  SETTABLE k133 (1.0) ->> r24[k197 ('cap' [h=0003518A,$009A3DC0])]
      1190 1900004A  NEWTABLE r25 := {} (#a=0, #h=1)
      1191 19DEF489  SETTABLE k216 ('template_civ_80civic' [h=6D12359E,$009F0E40]) ->> r25[k195 ('template' [h=7CE5CAD2,$009A1120])]
      1192 1700005F   SETLIST r23 [1]
      1193 16DE05C9  SETTABLE r23 ->> r22[k194 ('spawners' [h=5EA201D8,$009ABE80])]
      1194 140A8589  SETTABLE r22 ->> r20[r21]
      1195 15004201     LOADK r21 := k264 ('pya2pyw' [h=AA99D445,$0099F1E0])
      1196 1600008A  NEWTABLE r22 := {} (#a=0, #h=2)
      1197 16DB7AC9  SETTABLE k241 (350.0) ->> r22[k188 ('density' [h=78F59AB8,$0098AF40])]
      1198 16DC6E49  SETTABLE k191 (120.0) ->> r22[k190 ('destructionCoolDownTime' [h=7A20EC4B,$00A37480])]
      1199 1701800A  NEWTABLE r23 := {} (#a=3, #h=0)
      1200 1800004A  NEWTABLE r24 := {} (#a=0, #h=1)
      1201 18DEFA09  SETTABLE k238 ('template_china_jeep' [h=510E0121,$009F3840]) ->> r24[k195 ('template' [h=7CE5CAD2,$009A1120])]
      1202 1900008A  NEWTABLE r25 := {} (#a=0, #h=2)
      1203 19DEF549  SETTABLE k219 ('template_civ_markettruck' [h=B638FADE,$00A05F80]) ->> r25[k195 ('template' [h=7CE5CAD2,$009A1120])]
      1204 19EA5DC9  SETTABLE k125 (3.0) ->> r25[k218 ('weight' [h=922166CB,$009992E0])]
      1205 1A00008A  NEWTABLE r26 := {} (#a=0, #h=2)
      1206 1ADEF609  SETTABLE k222 ('template_civ_generictruck' [h=9BE88D2C,$009DAB80]) ->> r26[k195 ('template' [h=7CE5CAD2,$009A1120])]
      1207 1AEA5DC9  SETTABLE k125 (3.0) ->> r26[k218 ('weight' [h=922166CB,$009992E0])]
      1208 1700009F   SETLIST r23 [2]
      1209 16DE05C9  SETTABLE r23 ->> r22[k194 ('spawners' [h=5EA201D8,$009ABE80])]
      1210 140A8589  SETTABLE r22 ->> r20[r21]
      1211 15004241     LOADK r21 := k265 ('srw2pyd' [h=20F0F5F1,$0099D720])
      1212 1600008A  NEWTABLE r22 := {} (#a=0, #h=2)
      1213 16DB7AC9  SETTABLE k241 (350.0) ->> r22[k188 ('density' [h=78F59AB8,$0098AF40])]
      1214 16DC6E49  SETTABLE k191 (120.0) ->> r22[k190 ('destructionCoolDownTime' [h=7A20EC4B,$00A37480])]
      1215 1702000A  NEWTABLE r23 := {} (#a=4, #h=0)
      1216 1800004A  NEWTABLE r24 := {} (#a=0, #h=1)
      1217 18DEF549  SETTABLE k219 ('template_civ_markettruck' [h=B638FADE,$00A05F80]) ->> r24[k195 ('template' [h=7CE5CAD2,$009A1120])]
      1218 1900004A  NEWTABLE r25 := {} (#a=0, #h=1)
      1219 19DEF489  SETTABLE k216 ('template_civ_80civic' [h=6D12359E,$009F0E40]) ->> r25[k195 ('template' [h=7CE5CAD2,$009A1120])]
      1220 1A00004A  NEWTABLE r26 := {} (#a=0, #h=1)
      1221 1ADEF609  SETTABLE k222 ('template_civ_generictruck' [h=9BE88D2C,$009DAB80]) ->> r26[k195 ('template' [h=7CE5CAD2,$009A1120])]
      1222 1B00004A  NEWTABLE r27 := {} (#a=0, #h=1)
      1223 1BDEF849  SETTABLE k231 ('template_nk_jeepmgun' [h=723E0F6F,$009F2140]) ->> r27[k195 ('template' [h=7CE5CAD2,$009A1120])]
      1224 170000DF   SETLIST r23 [3]
      1225 16DE05C9  SETTABLE r23 ->> r22[k194 ('spawners' [h=5EA201D8,$009ABE80])]
      1226 140A8589  SETTABLE r22 ->> r20[r21]
      1227 15004281     LOADK r21 := k266 ('pyd2ich' [h=F1D334F1,$009AC900])
      1228 1600008A  NEWTABLE r22 := {} (#a=0, #h=2)
      1229 16DB7AC9  SETTABLE k241 (350.0) ->> r22[k188 ('density' [h=78F59AB8,$0098AF40])]
      1230 16DC6E49  SETTABLE k191 (120.0) ->> r22[k190 ('destructionCoolDownTime' [h=7A20EC4B,$00A37480])]
      1231 1701800A  NEWTABLE r23 := {} (#a=3, #h=0)
      1232 1800008A  NEWTABLE r24 := {} (#a=0, #h=2)
      1233 18DEF549  SETTABLE k219 ('template_civ_markettruck' [h=B638FADE,$00A05F80]) ->> r24[k195 ('template' [h=7CE5CAD2,$009A1120])]
      1234 18EA5DC9  SETTABLE k125 (3.0) ->> r24[k218 ('weight' [h=922166CB,$009992E0])]
      1235 1900008A  NEWTABLE r25 := {} (#a=0, #h=2)
      1236 19DEF489  SETTABLE k216 ('template_civ_80civic' [h=6D12359E,$009F0E40]) ->> r25[k195 ('template' [h=7CE5CAD2,$009A1120])]
      1237 19EA5DC9  SETTABLE k125 (3.0) ->> r25[k218 ('weight' [h=922166CB,$009992E0])]
      1238 1A00008A  NEWTABLE r26 := {} (#a=0, #h=2)
      1239 1ADEF609  SETTABLE k222 ('template_civ_generictruck' [h=9BE88D2C,$009DAB80]) ->> r26[k195 ('template' [h=7CE5CAD2,$009A1120])]
      1240 1AEA5DC9  SETTABLE k125 (3.0) ->> r26[k218 ('weight' [h=922166CB,$009992E0])]
      1241 1700009F   SETLIST r23 [2]
      1242 16DE05C9  SETTABLE r23 ->> r22[k194 ('spawners' [h=5EA201D8,$009ABE80])]
      1243 140A8589  SETTABLE r22 ->> r20[r21]
      1244 150042C1     LOADK r21 := k267 ('srw2pye' [h=48CE35D2,$009C5980])
      1245 1600008A  NEWTABLE r22 := {} (#a=0, #h=2)
      1246 16DB7AC9  SETTABLE k241 (350.0) ->> r22[k188 ('density' [h=78F59AB8,$0098AF40])]
      1247 16DC6E49  SETTABLE k191 (120.0) ->> r22[k190 ('destructionCoolDownTime' [h=7A20EC4B,$00A37480])]
      1248 1701800A  NEWTABLE r23 := {} (#a=3, #h=0)
      1249 1800008A  NEWTABLE r24 := {} (#a=0, #h=2)
      1250 18DEF549  SETTABLE k219 ('template_civ_markettruck' [h=B638FADE,$00A05F80]) ->> r24[k195 ('template' [h=7CE5CAD2,$009A1120])]
      1251 18EA5DC9  SETTABLE k125 (3.0) ->> r24[k218 ('weight' [h=922166CB,$009992E0])]
      1252 1900008A  NEWTABLE r25 := {} (#a=0, #h=2)
      1253 19DEF489  SETTABLE k216 ('template_civ_80civic' [h=6D12359E,$009F0E40]) ->> r25[k195 ('template' [h=7CE5CAD2,$009A1120])]
      1254 19EA5DC9  SETTABLE k125 (3.0) ->> r25[k218 ('weight' [h=922166CB,$009992E0])]
      1255 1A00008A  NEWTABLE r26 := {} (#a=0, #h=2)
      1256 1ADEF609  SETTABLE k222 ('template_civ_generictruck' [h=9BE88D2C,$009DAB80]) ->> r26[k195 ('template' [h=7CE5CAD2,$009A1120])]
      1257 1AEA5DC9  SETTABLE k125 (3.0) ->> r26[k218 ('weight' [h=922166CB,$009992E0])]
      1258 1700009F   SETLIST r23 [2]
      1259 16DE05C9  SETTABLE r23 ->> r22[k194 ('spawners' [h=5EA201D8,$009ABE80])]
      1260 140A8589  SETTABLE r22 ->> r20[r21]
      1261 15004301     LOADK r21 := k268 ('pyd2srw' [h=1134A265,$00987CC0])
      1262 1600008A  NEWTABLE r22 := {} (#a=0, #h=2)
      1263 16DB7AC9  SETTABLE k241 (350.0) ->> r22[k188 ('density' [h=78F59AB8,$0098AF40])]
      1264 16DC6E49  SETTABLE k191 (120.0) ->> r22[k190 ('destructionCoolDownTime' [h=7A20EC4B,$00A37480])]
      1265 1702000A  NEWTABLE r23 := {} (#a=4, #h=0)
      1266 1800004A  NEWTABLE r24 := {} (#a=0, #h=1)
      1267 18DEF549  SETTABLE k219 ('template_civ_markettruck' [h=B638FADE,$00A05F80]) ->> r24[k195 ('template' [h=7CE5CAD2,$009A1120])]
      1268 1900004A  NEWTABLE r25 := {} (#a=0, #h=1)
      1269 19DEF489  SETTABLE k216 ('template_civ_80civic' [h=6D12359E,$009F0E40]) ->> r25[k195 ('template' [h=7CE5CAD2,$009A1120])]
      1270 1A00004A  NEWTABLE r26 := {} (#a=0, #h=1)
      1271 1ADEF609  SETTABLE k222 ('template_civ_generictruck' [h=9BE88D2C,$009DAB80]) ->> r26[k195 ('template' [h=7CE5CAD2,$009A1120])]
      1272 1B00004A  NEWTABLE r27 := {} (#a=0, #h=1)
      1273 1BDEF849  SETTABLE k231 ('template_nk_jeepmgun' [h=723E0F6F,$009F2140]) ->> r27[k195 ('template' [h=7CE5CAD2,$009A1120])]
      1274 170000DF   SETLIST r23 [3]
      1275 16DE05C9  SETTABLE r23 ->> r22[k194 ('spawners' [h=5EA201D8,$009ABE80])]
      1276 140A8589  SETTABLE r22 ->> r20[r21]
      1277 15004341     LOADK r21 := k269 ('pye2pyn' [h=596EA41E,$0098CB80])
      1278 1600008A  NEWTABLE r22 := {} (#a=0, #h=2)
      1279 16DB7AC9  SETTABLE k241 (350.0) ->> r22[k188 ('density' [h=78F59AB8,$0098AF40])]
      1280 16DC6E49  SETTABLE k191 (120.0) ->> r22[k190 ('destructionCoolDownTime' [h=7A20EC4B,$00A37480])]
      1281 140A8589  SETTABLE r22 ->> r20[r21]
      1282 15004381     LOADK r21 := k270 ('sariwon' [h=7599FB7F,$009C7680])
      1283 1600008A  NEWTABLE r22 := {} (#a=0, #h=2)
      1284 16DB7AC9  SETTABLE k241 (350.0) ->> r22[k188 ('density' [h=78F59AB8,$0098AF40])]
      1285 16DC6E49  SETTABLE k191 (120.0) ->> r22[k190 ('destructionCoolDownTime' [h=7A20EC4B,$00A37480])]
      1286 1702000A  NEWTABLE r23 := {} (#a=4, #h=0)
      1287 1800004A  NEWTABLE r24 := {} (#a=0, #h=1)
      1288 18DEF549  SETTABLE k219 ('template_civ_markettruck' [h=B638FADE,$00A05F80]) ->> r24[k195 ('template' [h=7CE5CAD2,$009A1120])]
      1289 1900004A  NEWTABLE r25 := {} (#a=0, #h=1)
      1290 19DEF489  SETTABLE k216 ('template_civ_80civic' [h=6D12359E,$009F0E40]) ->> r25[k195 ('template' [h=7CE5CAD2,$009A1120])]
      1291 1A00004A  NEWTABLE r26 := {} (#a=0, #h=1)
      1292 1ADEF609  SETTABLE k222 ('template_civ_generictruck' [h=9BE88D2C,$009DAB80]) ->> r26[k195 ('template' [h=7CE5CAD2,$009A1120])]
      1293 1B00008A  NEWTABLE r27 := {} (#a=0, #h=2)
      1294 1BDEF989  SETTABLE k236 ('template_sk_humveemg' [h=2F3E811B,$009F1BC0]) ->> r27[k195 ('template' [h=7CE5CAD2,$009A1120])]
      1295 1BEA60C9  SETTABLE k137 (2.0) ->> r27[k218 ('weight' [h=922166CB,$009992E0])]
      1296 170000DF   SETLIST r23 [3]
      1297 16DE05C9  SETTABLE r23 ->> r22[k194 ('spawners' [h=5EA201D8,$009ABE80])]
      1298 140A8589  SETTABLE r22 ->> r20[r21]
      1299 150043C1     LOADK r21 := k271 ('smt' [h=00036ABD,$009990C0])
      1300 1600008A  NEWTABLE r22 := {} (#a=0, #h=2)
      1301 16DB7B89  SETTABLE k244 (99999.0) ->> r22[k188 ('density' [h=78F59AB8,$0098AF40])]
      1302 16DC6E49  SETTABLE k191 (120.0) ->> r22[k190 ('destructionCoolDownTime' [h=7A20EC4B,$00A37480])]
      1303 140A8589  SETTABLE r22 ->> r20[r21]
      1304 15004401     LOADK r21 := k272 ('smt-A2' [h=09CB82AA,$009C6BE0])
      1305 1600008A  NEWTABLE r22 := {} (#a=0, #h=2)
      1306 16DB7B89  SETTABLE k244 (99999.0) ->> r22[k188 ('density' [h=78F59AB8,$0098AF40])]
      1307 16DC6E49  SETTABLE k191 (120.0) ->> r22[k190 ('destructionCoolDownTime' [h=7A20EC4B,$00A37480])]
      1308 140A8589  SETTABLE r22 ->> r20[r21]
      1309 15004441     LOADK r21 := k273 ('hae2frm' [h=549503FB,$00988FE0])
      1310 1600008A  NEWTABLE r22 := {} (#a=0, #h=2)
      1311 16DB7689  SETTABLE k224 (250.0) ->> r22[k188 ('density' [h=78F59AB8,$0098AF40])]
      1312 16DC6E49  SETTABLE k191 (120.0) ->> r22[k190 ('destructionCoolDownTime' [h=7A20EC4B,$00A37480])]
      1313 1701000A  NEWTABLE r23 := {} (#a=2, #h=0)
      1314 1800004A  NEWTABLE r24 := {} (#a=0, #h=1)
      1315 18DEF489  SETTABLE k216 ('template_civ_80civic' [h=6D12359E,$009F0E40]) ->> r24[k195 ('template' [h=7CE5CAD2,$009A1120])]
      1316 1900008A  NEWTABLE r25 := {} (#a=0, #h=2)
      1317 19DEF4C9  SETTABLE k217 ('template_civ_cargotruck' [h=E35CEF16,$009D87C0]) ->> r25[k195 ('template' [h=7CE5CAD2,$009A1120])]
      1318 19EA60C9  SETTABLE k137 (2.0) ->> r25[k218 ('weight' [h=922166CB,$009992E0])]
      1319 1700005F   SETLIST r23 [1]
      1320 16DE05C9  SETTABLE r23 ->> r22[k194 ('spawners' [h=5EA201D8,$009ABE80])]
      1321 140A8589  SETTABLE r22 ->> r20[r21]
      1322 15004481     LOADK r21 := k274 ('kae2dmz' [h=673C1C69,$009A0780])
      1323 1600008A  NEWTABLE r22 := {} (#a=0, #h=2)
      1324 16DB7689  SETTABLE k224 (250.0) ->> r22[k188 ('density' [h=78F59AB8,$0098AF40])]
      1325 16DC6E49  SETTABLE k191 (120.0) ->> r22[k190 ('destructionCoolDownTime' [h=7A20EC4B,$00A37480])]
      1326 170044C1     LOADK r23 := k275 ('disableZone' [h=1EEA23B1,$00980F80])
      1327 18008002  LOADBOOL r24 := True
      1328 160B8609  SETTABLE r24 ->> r22[r23]
      1329 140A8589  SETTABLE r22 ->> r20[r21]
      1330 15004501     LOADK r21 := k276 ('kae2frm' [h=549503E6,$0097DEE0])
      1331 1600008A  NEWTABLE r22 := {} (#a=0, #h=2)
      1332 16DB7689  SETTABLE k224 (250.0) ->> r22[k188 ('density' [h=78F59AB8,$0098AF40])]
      1333 16DC6E49  SETTABLE k191 (120.0) ->> r22[k190 ('destructionCoolDownTime' [h=7A20EC4B,$00A37480])]
      1334 170044C1     LOADK r23 := k275 ('disableZone' [h=1EEA23B1,$00980F80])
      1335 18008002  LOADBOOL r24 := True
      1336 160B8609  SETTABLE r24 ->> r22[r23]
      1337 140A8589  SETTABLE r22 ->> r20[r21]
      1338 15004541     LOADK r21 := k277 ('kae2ich' [h=F1D32BC5,$009895C0])
      1339 1600008A  NEWTABLE r22 := {} (#a=0, #h=2)
      1340 16DB7689  SETTABLE k224 (250.0) ->> r22[k188 ('density' [h=78F59AB8,$0098AF40])]
      1341 16DC6E49  SETTABLE k191 (120.0) ->> r22[k190 ('destructionCoolDownTime' [h=7A20EC4B,$00A37480])]
      1342 1701800A  NEWTABLE r23 := {} (#a=3, #h=0)
      1343 1800008A  NEWTABLE r24 := {} (#a=0, #h=2)
      1344 18DEF849  SETTABLE k231 ('template_nk_jeepmgun' [h=723E0F6F,$009F2140]) ->> r24[k195 ('template' [h=7CE5CAD2,$009A1120])]
      1345 18EA60C9  SETTABLE k137 (2.0) ->> r24[k218 ('weight' [h=922166CB,$009992E0])]
      1346 1900004A  NEWTABLE r25 := {} (#a=0, #h=1)
      1347 19DEF989  SETTABLE k236 ('template_sk_humveemg' [h=2F3E811B,$009F1BC0]) ->> r25[k195 ('template' [h=7CE5CAD2,$009A1120])]
      1348 1A00008A  NEWTABLE r26 := {} (#a=0, #h=2)
      1349 1ADEF609  SETTABLE k222 ('template_civ_generictruck' [h=9BE88D2C,$009DAB80]) ->> r26[k195 ('template' [h=7CE5CAD2,$009A1120])]
      1350 1AEA60C9  SETTABLE k137 (2.0) ->> r26[k218 ('weight' [h=922166CB,$009992E0])]
      1351 1700009F   SETLIST r23 [2]
      1352 16DE05C9  SETTABLE r23 ->> r22[k194 ('spawners' [h=5EA201D8,$009ABE80])]
      1353 140A8589  SETTABLE r22 ->> r20[r21]
      1354 15004581     LOADK r21 := k278 ('kae2srw' [h=1134A45B,$009995A0])
      1355 1600008A  NEWTABLE r22 := {} (#a=0, #h=2)
      1356 16DB7689  SETTABLE k224 (250.0) ->> r22[k188 ('density' [h=78F59AB8,$0098AF40])]
      1357 16DC6E49  SETTABLE k191 (120.0) ->> r22[k190 ('destructionCoolDownTime' [h=7A20EC4B,$00A37480])]
      1358 1701800A  NEWTABLE r23 := {} (#a=3, #h=0)
      1359 1800004A  NEWTABLE r24 := {} (#a=0, #h=1)
      1360 18DEF849  SETTABLE k231 ('template_nk_jeepmgun' [h=723E0F6F,$009F2140]) ->> r24[k195 ('template' [h=7CE5CAD2,$009A1120])]
      1361 1900008A  NEWTABLE r25 := {} (#a=0, #h=2)
      1362 19DEF989  SETTABLE k236 ('template_sk_humveemg' [h=2F3E811B,$009F1BC0]) ->> r25[k195 ('template' [h=7CE5CAD2,$009A1120])]
      1363 19EA60C9  SETTABLE k137 (2.0) ->> r25[k218 ('weight' [h=922166CB,$009992E0])]
      1364 1A00008A  NEWTABLE r26 := {} (#a=0, #h=2)
      1365 1ADEF609  SETTABLE k222 ('template_civ_generictruck' [h=9BE88D2C,$009DAB80]) ->> r26[k195 ('template' [h=7CE5CAD2,$009A1120])]
      1366 1AEA60C9  SETTABLE k137 (2.0) ->> r26[k218 ('weight' [h=922166CB,$009992E0])]
      1367 1700009F   SETLIST r23 [2]
      1368 16DE05C9  SETTABLE r23 ->> r22[k194 ('spawners' [h=5EA201D8,$009ABE80])]
      1369 140A8589  SETTABLE r22 ->> r20[r21]
      1370 150045C1     LOADK r21 := k279 ('nab2hae' [h=6A15D3F9,$009A20E0])
      1371 1600008A  NEWTABLE r22 := {} (#a=0, #h=2)
      1372 16DB7689  SETTABLE k224 (250.0) ->> r22[k188 ('density' [h=78F59AB8,$0098AF40])]
      1373 16DC6E49  SETTABLE k191 (120.0) ->> r22[k190 ('destructionCoolDownTime' [h=7A20EC4B,$00A37480])]
      1374 1702000A  NEWTABLE r23 := {} (#a=4, #h=0)
      1375 1800004A  NEWTABLE r24 := {} (#a=0, #h=1)
      1376 18DEF849  SETTABLE k231 ('template_nk_jeepmgun' [h=723E0F6F,$009F2140]) ->> r24[k195 ('template' [h=7CE5CAD2,$009A1120])]
      1377 1900004A  NEWTABLE r25 := {} (#a=0, #h=1)
      1378 19DEF389  SETTABLE k212 ('template_allies_humvee' [h=F98F4331,$00A0A1C0]) ->> r25[k195 ('template' [h=7CE5CAD2,$009A1120])]
      1379 1A00004A  NEWTABLE r26 := {} (#a=0, #h=1)
      1380 1ADEF489  SETTABLE k216 ('template_civ_80civic' [h=6D12359E,$009F0E40]) ->> r26[k195 ('template' [h=7CE5CAD2,$009A1120])]
      1381 1B00004A  NEWTABLE r27 := {} (#a=0, #h=1)
      1382 1BDEF609  SETTABLE k222 ('template_civ_generictruck' [h=9BE88D2C,$009DAB80]) ->> r27[k195 ('template' [h=7CE5CAD2,$009A1120])]
      1383 170000DF   SETLIST r23 [3]
      1384 16DE05C9  SETTABLE r23 ->> r22[k194 ('spawners' [h=5EA201D8,$009ABE80])]
      1385 140A8589  SETTABLE r22 ->> r20[r21]
      1386 15004601     LOADK r21 := k280 ('nab2nkb' [h=4B91558A,$009C3FE0])
      1387 1600008A  NEWTABLE r22 := {} (#a=0, #h=2)
      1388 16DB7689  SETTABLE k224 (250.0) ->> r22[k188 ('density' [h=78F59AB8,$0098AF40])]
      1389 16DC6E49  SETTABLE k191 (120.0) ->> r22[k190 ('destructionCoolDownTime' [h=7A20EC4B,$00A37480])]
      1390 140A8589  SETTABLE r22 ->> r20[r21]
      1391 15004641     LOADK r21 := k281 ('nmp2hae' [h=6A1693B5,$009C9260])
      1392 1600008A  NEWTABLE r22 := {} (#a=0, #h=2)
      1393 16DB7689  SETTABLE k224 (250.0) ->> r22[k188 ('density' [h=78F59AB8,$0098AF40])]
      1394 16DC6E49  SETTABLE k191 (120.0) ->> r22[k190 ('destructionCoolDownTime' [h=7A20EC4B,$00A37480])]
      1395 1700800A  NEWTABLE r23 := {} (#a=1, #h=0)
      1396 1800004A  NEWTABLE r24 := {} (#a=0, #h=1)
      1397 18DEF609  SETTABLE k222 ('template_civ_generictruck' [h=9BE88D2C,$009DAB80]) ->> r24[k195 ('template' [h=7CE5CAD2,$009A1120])]
      1398 1700001F   SETLIST r23 [0]
      1399 16DE05C9  SETTABLE r23 ->> r22[k194 ('spawners' [h=5EA201D8,$009ABE80])]
      1400 140A8589  SETTABLE r22 ->> r20[r21]
      1401 15004681     LOADK r21 := k282 ('nmp2nab' [h=1A7F3591,$009A26C0])
      1402 1600008A  NEWTABLE r22 := {} (#a=0, #h=2)
      1403 16DB7689  SETTABLE k224 (250.0) ->> r22[k188 ('density' [h=78F59AB8,$0098AF40])]
      1404 16DC6E49  SETTABLE k191 (120.0) ->> r22[k190 ('destructionCoolDownTime' [h=7A20EC4B,$00A37480])]
      1405 1700800A  NEWTABLE r23 := {} (#a=1, #h=0)
      1406 1800004A  NEWTABLE r24 := {} (#a=0, #h=1)
      1407 18DEF849  SETTABLE k231 ('template_nk_jeepmgun' [h=723E0F6F,$009F2140]) ->> r24[k195 ('template' [h=7CE5CAD2,$009A1120])]
      1408 1700001F   SETLIST r23 [0]
      1409 16DE05C9  SETTABLE r23 ->> r22[k194 ('spawners' [h=5EA201D8,$009ABE80])]
      1410 140A8589  SETTABLE r22 ->> r20[r21]
      1411 150046C1     LOADK r21 := k283 ('nmp2pyw' [h=AA9A0A8A,$0097DFC0])
      1412 1600008A  NEWTABLE r22 := {} (#a=0, #h=2)
      1413 16DB7AC9  SETTABLE k241 (350.0) ->> r22[k188 ('density' [h=78F59AB8,$0098AF40])]
      1414 16DC6E49  SETTABLE k191 (120.0) ->> r22[k190 ('destructionCoolDownTime' [h=7A20EC4B,$00A37480])]
      1415 1701000A  NEWTABLE r23 := {} (#a=2, #h=0)
      1416 1800004A  NEWTABLE r24 := {} (#a=0, #h=1)
      1417 18DEF609  SETTABLE k222 ('template_civ_generictruck' [h=9BE88D2C,$009DAB80]) ->> r24[k195 ('template' [h=7CE5CAD2,$009A1120])]
      1418 1900004A  NEWTABLE r25 := {} (#a=0, #h=1)
      1419 19DEFA09  SETTABLE k238 ('template_china_jeep' [h=510E0121,$009F3840]) ->> r25[k195 ('template' [h=7CE5CAD2,$009A1120])]
      1420 1700005F   SETLIST r23 [1]
      1421 16DE05C9  SETTABLE r23 ->> r22[k194 ('spawners' [h=5EA201D8,$009ABE80])]
      1422 140A8589  SETTABLE r22 ->> r20[r21]
      1423 15004701     LOADK r21 := k284 ('srw2ich' [h=F1D8661F,$009A45A0])
      1424 1600008A  NEWTABLE r22 := {} (#a=0, #h=2)
      1425 16DB7689  SETTABLE k224 (250.0) ->> r22[k188 ('density' [h=78F59AB8,$0098AF40])]
      1426 16DC6E49  SETTABLE k191 (120.0) ->> r22[k190 ('destructionCoolDownTime' [h=7A20EC4B,$00A37480])]
      1427 1701800A  NEWTABLE r23 := {} (#a=3, #h=0)
      1428 1800008A  NEWTABLE r24 := {} (#a=0, #h=2)
      1429 18DEF849  SETTABLE k231 ('template_nk_jeepmgun' [h=723E0F6F,$009F2140]) ->> r24[k195 ('template' [h=7CE5CAD2,$009A1120])]
      1430 18EA60C9  SETTABLE k137 (2.0) ->> r24[k218 ('weight' [h=922166CB,$009992E0])]
      1431 1900004A  NEWTABLE r25 := {} (#a=0, #h=1)
      1432 19DEF609  SETTABLE k222 ('template_civ_generictruck' [h=9BE88D2C,$009DAB80]) ->> r25[k195 ('template' [h=7CE5CAD2,$009A1120])]
      1433 1A00004A  NEWTABLE r26 := {} (#a=0, #h=1)
      1434 1ADEF989  SETTABLE k236 ('template_sk_humveemg' [h=2F3E811B,$009F1BC0]) ->> r26[k195 ('template' [h=7CE5CAD2,$009A1120])]
      1435 1700009F   SETLIST r23 [2]
      1436 16DE05C9  SETTABLE r23 ->> r22[k194 ('spawners' [h=5EA201D8,$009ABE80])]
      1437 140A8589  SETTABLE r22 ->> r20[r21]
      1438 15004741     LOADK r21 := k285 ('srw2kae' [h=6A656F5E,$009C4780])
      1439 1600808A  NEWTABLE r22 := {} (#a=1, #h=2)
      1440 16DB7689  SETTABLE k224 (250.0) ->> r22[k188 ('density' [h=78F59AB8,$0098AF40])]
      1441 16DC6E49  SETTABLE k191 (120.0) ->> r22[k190 ('destructionCoolDownTime' [h=7A20EC4B,$00A37480])]
      1442 1702000A  NEWTABLE r23 := {} (#a=4, #h=0)
      1443 1800004A  NEWTABLE r24 := {} (#a=0, #h=1)
      1444 18DEF849  SETTABLE k231 ('template_nk_jeepmgun' [h=723E0F6F,$009F2140]) ->> r24[k195 ('template' [h=7CE5CAD2,$009A1120])]
      1445 1900004A  NEWTABLE r25 := {} (#a=0, #h=1)
      1446 19DEF609  SETTABLE k222 ('template_civ_generictruck' [h=9BE88D2C,$009DAB80]) ->> r25[k195 ('template' [h=7CE5CAD2,$009A1120])]
      1447 1A00004A  NEWTABLE r26 := {} (#a=0, #h=1)
      1448 1ADEF989  SETTABLE k236 ('template_sk_humveemg' [h=2F3E811B,$009F1BC0]) ->> r26[k195 ('template' [h=7CE5CAD2,$009A1120])]
      1449 1B00004A  NEWTABLE r27 := {} (#a=0, #h=1)
      1450 1BDEF389  SETTABLE k212 ('template_allies_humvee' [h=F98F4331,$00A0A1C0]) ->> r27[k195 ('template' [h=7CE5CAD2,$009A1120])]
      1451 170000DF   SETLIST r23 [3]
      1452 1600001F   SETLIST r22 [0]
      1453 140A8589  SETTABLE r22 ->> r20[r21]
      1454 15004781     LOADK r21 := k286 ('dmz2kae' [h=6A659382,$009985C0])
      1455 1600008A  NEWTABLE r22 := {} (#a=0, #h=2)
      1456 16DB7689  SETTABLE k224 (250.0) ->> r22[k188 ('density' [h=78F59AB8,$0098AF40])]
      1457 16DC6E49  SETTABLE k191 (120.0) ->> r22[k190 ('destructionCoolDownTime' [h=7A20EC4B,$00A37480])]
      1458 1702000A  NEWTABLE r23 := {} (#a=4, #h=0)
      1459 1800004A  NEWTABLE r24 := {} (#a=0, #h=1)
      1460 18DEF989  SETTABLE k236 ('template_sk_humveemg' [h=2F3E811B,$009F1BC0]) ->> r24[k195 ('template' [h=7CE5CAD2,$009A1120])]
      1461 1900008A  NEWTABLE r25 := {} (#a=0, #h=2)
      1462 19DEF389  SETTABLE k212 ('template_allies_humvee' [h=F98F4331,$00A0A1C0]) ->> r25[k195 ('template' [h=7CE5CAD2,$009A1120])]
      1463 19EA60C9  SETTABLE k137 (2.0) ->> r25[k218 ('weight' [h=922166CB,$009992E0])]
      1464 1A00004A  NEWTABLE r26 := {} (#a=0, #h=1)
      1465 1ADEF609  SETTABLE k222 ('template_civ_generictruck' [h=9BE88D2C,$009DAB80]) ->> r26[k195 ('template' [h=7CE5CAD2,$009A1120])]
      1466 1B00004A  NEWTABLE r27 := {} (#a=0, #h=1)
      1467 1BDEF849  SETTABLE k231 ('template_nk_jeepmgun' [h=723E0F6F,$009F2140]) ->> r27[k195 ('template' [h=7CE5CAD2,$009A1120])]
      1468 170000DF   SETLIST r23 [3]
      1469 16DE05C9  SETTABLE r23 ->> r22[k194 ('spawners' [h=5EA201D8,$009ABE80])]
      1470 140A8589  SETTABLE r22 ->> r20[r21]
      1471 150047C1     LOADK r21 := k287 ('ich2srw' [h=11349F87,$0099B4A0])
      1472 1600008A  NEWTABLE r22 := {} (#a=0, #h=2)
      1473 16DB7689  SETTABLE k224 (250.0) ->> r22[k188 ('density' [h=78F59AB8,$0098AF40])]
      1474 16DC6E49  SETTABLE k191 (120.0) ->> r22[k190 ('destructionCoolDownTime' [h=7A20EC4B,$00A37480])]
      1475 140A8589  SETTABLE r22 ->> r20[r21]
      1476 15004801     LOADK r21 := k288 ('nab2nmp' [h=F5640FC2,$009AA0C0])
      1477 1600008A  NEWTABLE r22 := {} (#a=0, #h=2)
      1478 16DB7689  SETTABLE k224 (250.0) ->> r22[k188 ('density' [h=78F59AB8,$0098AF40])]
      1479 16DC6E49  SETTABLE k191 (120.0) ->> r22[k190 ('destructionCoolDownTime' [h=7A20EC4B,$00A37480])]
      1480 140A8589  SETTABLE r22 ->> r20[r21]
      1481 15004841     LOADK r21 := k289 ('frm2prp' [h=F25E1C1A,$009C5A40])
      1482 1600008A  NEWTABLE r22 := {} (#a=0, #h=2)
      1483 16DB7689  SETTABLE k224 (250.0) ->> r22[k188 ('density' [h=78F59AB8,$0098AF40])]
      1484 16DC6E49  SETTABLE k191 (120.0) ->> r22[k190 ('destructionCoolDownTime' [h=7A20EC4B,$00A37480])]
      1485 1702800A  NEWTABLE r23 := {} (#a=5, #h=0)
      1486 1800004A  NEWTABLE r24 := {} (#a=0, #h=1)
      1487 18DEF849  SETTABLE k231 ('template_nk_jeepmgun' [h=723E0F6F,$009F2140]) ->> r24[k195 ('template' [h=7CE5CAD2,$009A1120])]
      1488 1900004A  NEWTABLE r25 := {} (#a=0, #h=1)
      1489 19DEF989  SETTABLE k236 ('template_sk_humveemg' [h=2F3E811B,$009F1BC0]) ->> r25[k195 ('template' [h=7CE5CAD2,$009A1120])]
      1490 1A00004A  NEWTABLE r26 := {} (#a=0, #h=1)
      1491 1ADEF389  SETTABLE k212 ('template_allies_humvee' [h=F98F4331,$00A0A1C0]) ->> r26[k195 ('template' [h=7CE5CAD2,$009A1120])]
      1492 1B00004A  NEWTABLE r27 := {} (#a=0, #h=1)
      1493 1BDEF489  SETTABLE k216 ('template_civ_80civic' [h=6D12359E,$009F0E40]) ->> r27[k195 ('template' [h=7CE5CAD2,$009A1120])]
      1494 1C00004A  NEWTABLE r28 := {} (#a=0, #h=1)
      1495 1CDEF4C9  SETTABLE k217 ('template_civ_cargotruck' [h=E35CEF16,$009D87C0]) ->> r28[k195 ('template' [h=7CE5CAD2,$009A1120])]
      1496 1700011F   SETLIST r23 [4]
      1497 16DE05C9  SETTABLE r23 ->> r22[k194 ('spawners' [h=5EA201D8,$009ABE80])]
      1498 140A8589  SETTABLE r22 ->> r20[r21]
      1499 15004881     LOADK r21 := k290 ('frm2kae' [h=6A64EDBD,$00990C80])
      1500 1600008A  NEWTABLE r22 := {} (#a=0, #h=2)
      1501 16DB7689  SETTABLE k224 (250.0) ->> r22[k188 ('density' [h=78F59AB8,$0098AF40])]
      1502 16DC6E49  SETTABLE k191 (120.0) ->> r22[k190 ('destructionCoolDownTime' [h=7A20EC4B,$00A37480])]
      1503 1702800A  NEWTABLE r23 := {} (#a=5, #h=0)
      1504 1800004A  NEWTABLE r24 := {} (#a=0, #h=1)
      1505 18DEF849  SETTABLE k231 ('template_nk_jeepmgun' [h=723E0F6F,$009F2140]) ->> r24[k195 ('template' [h=7CE5CAD2,$009A1120])]
      1506 1900004A  NEWTABLE r25 := {} (#a=0, #h=1)
      1507 19DEF989  SETTABLE k236 ('template_sk_humveemg' [h=2F3E811B,$009F1BC0]) ->> r25[k195 ('template' [h=7CE5CAD2,$009A1120])]
      1508 1A00004A  NEWTABLE r26 := {} (#a=0, #h=1)
      1509 1ADEF389  SETTABLE k212 ('template_allies_humvee' [h=F98F4331,$00A0A1C0]) ->> r26[k195 ('template' [h=7CE5CAD2,$009A1120])]
      1510 1B00004A  NEWTABLE r27 := {} (#a=0, #h=1)
      1511 1BDEF489  SETTABLE k216 ('template_civ_80civic' [h=6D12359E,$009F0E40]) ->> r27[k195 ('template' [h=7CE5CAD2,$009A1120])]
      1512 1C00004A  NEWTABLE r28 := {} (#a=0, #h=1)
      1513 1CDEF4C9  SETTABLE k217 ('template_civ_cargotruck' [h=E35CEF16,$009D87C0]) ->> r28[k195 ('template' [h=7CE5CAD2,$009A1120])]
      1514 1700011F   SETLIST r23 [4]
      1515 16DE05C9  SETTABLE r23 ->> r22[k194 ('spawners' [h=5EA201D8,$009ABE80])]
      1516 140A8589  SETTABLE r22 ->> r20[r21]
      1517 150048C1     LOADK r21 := k291 ('frm2dmz' [h=673C3FA8,$0099C060])
      1518 1600008A  NEWTABLE r22 := {} (#a=0, #h=2)
      1519 16DB7689  SETTABLE k224 (250.0) ->> r22[k188 ('density' [h=78F59AB8,$0098AF40])]
      1520 16DC6E49  SETTABLE k191 (120.0) ->> r22[k190 ('destructionCoolDownTime' [h=7A20EC4B,$00A37480])]
      1521 1702000A  NEWTABLE r23 := {} (#a=4, #h=0)
      1522 1800004A  NEWTABLE r24 := {} (#a=0, #h=1)
      1523 18DEF849  SETTABLE k231 ('template_nk_jeepmgun' [h=723E0F6F,$009F2140]) ->> r24[k195 ('template' [h=7CE5CAD2,$009A1120])]
      1524 1900004A  NEWTABLE r25 := {} (#a=0, #h=1)
      1525 19DEF989  SETTABLE k236 ('template_sk_humveemg' [h=2F3E811B,$009F1BC0]) ->> r25[k195 ('template' [h=7CE5CAD2,$009A1120])]
      1526 1A00008A  NEWTABLE r26 := {} (#a=0, #h=2)
      1527 1ADEF389  SETTABLE k212 ('template_allies_humvee' [h=F98F4331,$00A0A1C0]) ->> r26[k195 ('template' [h=7CE5CAD2,$009A1120])]
      1528 1AEA60C9  SETTABLE k137 (2.0) ->> r26[k218 ('weight' [h=922166CB,$009992E0])]
      1529 1B00004A  NEWTABLE r27 := {} (#a=0, #h=1)
      1530 1BDEF609  SETTABLE k222 ('template_civ_generictruck' [h=9BE88D2C,$009DAB80]) ->> r27[k195 ('template' [h=7CE5CAD2,$009A1120])]
      1531 170000DF   SETLIST r23 [3]
      1532 16DE05C9  SETTABLE r23 ->> r22[k194 ('spawners' [h=5EA201D8,$009ABE80])]
      1533 140A8589  SETTABLE r22 ->> r20[r21]
      1534 15004901     LOADK r21 := k292 ('ich2kae' [h=6A64B619,$00989B60])
      1535 1600008A  NEWTABLE r22 := {} (#a=0, #h=2)
      1536 16DB7689  SETTABLE k224 (250.0) ->> r22[k188 ('density' [h=78F59AB8,$0098AF40])]
      1537 16DC6E49  SETTABLE k191 (120.0) ->> r22[k190 ('destructionCoolDownTime' [h=7A20EC4B,$00A37480])]
      1538 1702000A  NEWTABLE r23 := {} (#a=4, #h=0)
      1539 1800004A  NEWTABLE r24 := {} (#a=0, #h=1)
      1540 18DEF849  SETTABLE k231 ('template_nk_jeepmgun' [h=723E0F6F,$009F2140]) ->> r24[k195 ('template' [h=7CE5CAD2,$009A1120])]
      1541 1900008A  NEWTABLE r25 := {} (#a=0, #h=2)
      1542 19DEF989  SETTABLE k236 ('template_sk_humveemg' [h=2F3E811B,$009F1BC0]) ->> r25[k195 ('template' [h=7CE5CAD2,$009A1120])]
      1543 19EA60C9  SETTABLE k137 (2.0) ->> r25[k218 ('weight' [h=922166CB,$009992E0])]
      1544 1A00004A  NEWTABLE r26 := {} (#a=0, #h=1)
      1545 1ADEF389  SETTABLE k212 ('template_allies_humvee' [h=F98F4331,$00A0A1C0]) ->> r26[k195 ('template' [h=7CE5CAD2,$009A1120])]
      1546 1B00004A  NEWTABLE r27 := {} (#a=0, #h=1)
      1547 1BDEF609  SETTABLE k222 ('template_civ_generictruck' [h=9BE88D2C,$009DAB80]) ->> r27[k195 ('template' [h=7CE5CAD2,$009A1120])]
      1548 170000DF   SETLIST r23 [3]
      1549 16DE05C9  SETTABLE r23 ->> r22[k194 ('spawners' [h=5EA201D8,$009ABE80])]
      1550 140A8589  SETTABLE r22 ->> r20[r21]
      1551 15004941     LOADK r21 := k293 ('ich2dmz' [h=673C177E,$009C6D00])
      1552 1600008A  NEWTABLE r22 := {} (#a=0, #h=2)
      1553 16DB7689  SETTABLE k224 (250.0) ->> r22[k188 ('density' [h=78F59AB8,$0098AF40])]
      1554 16DC6E49  SETTABLE k191 (120.0) ->> r22[k190 ('destructionCoolDownTime' [h=7A20EC4B,$00A37480])]
      1555 1702800A  NEWTABLE r23 := {} (#a=5, #h=0)
      1556 1800004A  NEWTABLE r24 := {} (#a=0, #h=1)
      1557 18DEF849  SETTABLE k231 ('template_nk_jeepmgun' [h=723E0F6F,$009F2140]) ->> r24[k195 ('template' [h=7CE5CAD2,$009A1120])]
      1558 1900008A  NEWTABLE r25 := {} (#a=0, #h=2)
      1559 19DEF989  SETTABLE k236 ('template_sk_humveemg' [h=2F3E811B,$009F1BC0]) ->> r25[k195 ('template' [h=7CE5CAD2,$009A1120])]
      1560 19EA60C9  SETTABLE k137 (2.0) ->> r25[k218 ('weight' [h=922166CB,$009992E0])]
      1561 1A00008A  NEWTABLE r26 := {} (#a=0, #h=2)
      1562 1ADEF389  SETTABLE k212 ('template_allies_humvee' [h=F98F4331,$00A0A1C0]) ->> r26[k195 ('template' [h=7CE5CAD2,$009A1120])]
      1563 1AEA60C9  SETTABLE k137 (2.0) ->> r26[k218 ('weight' [h=922166CB,$009992E0])]
      1564 1B00004A  NEWTABLE r27 := {} (#a=0, #h=1)
      1565 1BDEF489  SETTABLE k216 ('template_civ_80civic' [h=6D12359E,$009F0E40]) ->> r27[k195 ('template' [h=7CE5CAD2,$009A1120])]
      1566 1C00004A  NEWTABLE r28 := {} (#a=0, #h=1)
      1567 1CDEF609  SETTABLE k222 ('template_civ_generictruck' [h=9BE88D2C,$009DAB80]) ->> r28[k195 ('template' [h=7CE5CAD2,$009A1120])]
      1568 1700011F   SETLIST r23 [4]
      1569 16DE05C9  SETTABLE r23 ->> r22[k194 ('spawners' [h=5EA201D8,$009ABE80])]
      1570 140A8589  SETTABLE r22 ->> r20[r21]
      1571 15004981     LOADK r21 := k294 ('ich2blg' [h=AD95B68C,$00983780])
      1572 1600008A  NEWTABLE r22 := {} (#a=0, #h=2)
      1573 16DB75C9  SETTABLE k221 (150.0) ->> r22[k188 ('density' [h=78F59AB8,$0098AF40])]
      1574 16DC75C9  SETTABLE k221 (150.0) ->> r22[k190 ('destructionCoolDownTime' [h=7A20EC4B,$00A37480])]
      1575 1701800A  NEWTABLE r23 := {} (#a=3, #h=0)
      1576 1800008A  NEWTABLE r24 := {} (#a=0, #h=2)
      1577 18DEF809  SETTABLE k230 ('template_nk_btr60' [h=25E5D3C2,$009E2E00]) ->> r24[k195 ('template' [h=7CE5CAD2,$009A1120])]
      1578 18EA60C9  SETTABLE k137 (2.0) ->> r24[k218 ('weight' [h=922166CB,$009992E0])]
      1579 1900008A  NEWTABLE r25 := {} (#a=0, #h=2)
      1580 19DEF849  SETTABLE k231 ('template_nk_jeepmgun' [h=723E0F6F,$009F2140]) ->> r25[k195 ('template' [h=7CE5CAD2,$009A1120])]
      1581 19EA5DC9  SETTABLE k125 (3.0) ->> r25[k218 ('weight' [h=922166CB,$009992E0])]
      1582 1A00008A  NEWTABLE r26 := {} (#a=0, #h=2)
      1583 1B0049C1     LOADK r27 := k295 ('template_nk_cargotruck' [h=42276D23,$009F3000])
      1584 1ADE86C9  SETTABLE r27 ->> r26[k195 ('template' [h=7CE5CAD2,$009A1120])]
      1585 1AEA60C9  SETTABLE k137 (2.0) ->> r26[k218 ('weight' [h=922166CB,$009992E0])]
      1586 1700009F   SETLIST r23 [2]
      1587 16DE05C9  SETTABLE r23 ->> r22[k194 ('spawners' [h=5EA201D8,$009ABE80])]
      1588 140A8589  SETTABLE r22 ->> r20[r21]
      1589 15004A01     LOADK r21 := k296 ('s6sk' [h=00753569,$00997DC0])
      1590 1600008A  NEWTABLE r22 := {} (#a=0, #h=2)
      1591 16DB72C9  SETTABLE k209 (200.0) ->> r22[k188 ('density' [h=78F59AB8,$0098AF40])]
      1592 17004A41     LOADK r23 := k297 (160.0)
      1593 16DC05C9  SETTABLE r23 ->> r22[k190 ('destructionCoolDownTime' [h=7A20EC4B,$00A37480])]
      1594 140A8589  SETTABLE r22 ->> r20[r21]
      1595 15004A81     LOADK r21 := k298 ('blg2frt' [h=75C58B9B,$00995800])
      1596 1600004A  NEWTABLE r22 := {} (#a=0, #h=1)
      1597 16DB7689  SETTABLE k224 (250.0) ->> r22[k188 ('density' [h=78F59AB8,$0098AF40])]
      1598 140A8589  SETTABLE r22 ->> r20[r21]
      1599 15004AC1     LOADK r21 := k299 ('nab-a' [h=10136AD2,$009C6100])
      1600 1600008A  NEWTABLE r22 := {} (#a=0, #h=2)
      1601 16DC6E49  SETTABLE k191 (120.0) ->> r22[k190 ('destructionCoolDownTime' [h=7A20EC4B,$00A37480])]
      1602 1701800A  NEWTABLE r23 := {} (#a=3, #h=0)
      1603 1800004A  NEWTABLE r24 := {} (#a=0, #h=1)
      1604 19004B01     LOADK r25 := k300 ('template_nab_soldier' [h=23C5174F,$00A06140])
      1605 18DE8649  SETTABLE r25 ->> r24[k195 ('template' [h=7CE5CAD2,$009A1120])]
      1606 1900004A  NEWTABLE r25 := {} (#a=0, #h=1)
      1607 1A004B41     LOADK r26 := k301 ('template_nab_e_rpg' [h=82F2CA02,$00A23980])
      1608 19DE8689  SETTABLE r26 ->> r25[k195 ('template' [h=7CE5CAD2,$009A1120])]
      1609 1A00008A  NEWTABLE r26 := {} (#a=0, #h=2)
      1610 1B004B01     LOADK r27 := k300 ('template_nab_soldier' [h=23C5174F,$00A06140])
      1611 1ADE86C9  SETTABLE r27 ->> r26[k195 ('template' [h=7CE5CAD2,$009A1120])]
      1612 1ADFE0C9  SETTABLE k137 (2.0) ->> r26[k197 ('cap' [h=0003518A,$009A3DC0])]
      1613 1700009F   SETLIST r23 [2]
      1614 16DE05C9  SETTABLE r23 ->> r22[k194 ('spawners' [h=5EA201D8,$009ABE80])]
      1615 16DB75C9  SETTABLE k221 (150.0) ->> r22[k188 ('density' [h=78F59AB8,$0098AF40])]
      1616 140A8589  SETTABLE r22 ->> r20[r21]
      1617 15004B81     LOADK r21 := k302 ('nab-b' [h=10F14CFD,$009998E0])
      1618 1600008A  NEWTABLE r22 := {} (#a=0, #h=2)
      1619 16DC6E49  SETTABLE k191 (120.0) ->> r22[k190 ('destructionCoolDownTime' [h=7A20EC4B,$00A37480])]
      1620 1701800A  NEWTABLE r23 := {} (#a=3, #h=0)
      1621 1800004A  NEWTABLE r24 := {} (#a=0, #h=1)
      1622 19004B41     LOADK r25 := k301 ('template_nab_e_rpg' [h=82F2CA02,$00A23980])
      1623 18DE8649  SETTABLE r25 ->> r24[k195 ('template' [h=7CE5CAD2,$009A1120])]
      1624 1900008A  NEWTABLE r25 := {} (#a=0, #h=2)
      1625 1A004BC1     LOADK r26 := k303 ('template_nab_stinger' [h=8E41F57A,$009F28C0])
      1626 19DE8689  SETTABLE r26 ->> r25[k195 ('template' [h=7CE5CAD2,$009A1120])]
      1627 19DFE0C9  SETTABLE k137 (2.0) ->> r25[k197 ('cap' [h=0003518A,$009A3DC0])]
      1628 1A00008A  NEWTABLE r26 := {} (#a=0, #h=2)
      1629 1B004B01     LOADK r27 := k300 ('template_nab_soldier' [h=23C5174F,$00A06140])
      1630 1ADE86C9  SETTABLE r27 ->> r26[k195 ('template' [h=7CE5CAD2,$009A1120])]
      1631 1AEA60C9  SETTABLE k137 (2.0) ->> r26[k218 ('weight' [h=922166CB,$009992E0])]
      1632 1700009F   SETLIST r23 [2]
      1633 16DE05C9  SETTABLE r23 ->> r22[k194 ('spawners' [h=5EA201D8,$009ABE80])]
      1634 16DB75C9  SETTABLE k221 (150.0) ->> r22[k188 ('density' [h=78F59AB8,$0098AF40])]
      1635 140A8589  SETTABLE r22 ->> r20[r21]
      1636 15004C01     LOADK r21 := k304 ('nab-w' [h=138FBE25,$00983240])
      1637 1600008A  NEWTABLE r22 := {} (#a=0, #h=2)
      1638 16DC6E49  SETTABLE k191 (120.0) ->> r22[k190 ('destructionCoolDownTime' [h=7A20EC4B,$00A37480])]
      1639 1701000A  NEWTABLE r23 := {} (#a=2, #h=0)
      1640 1800004A  NEWTABLE r24 := {} (#a=0, #h=1)
      1641 19004BC1     LOADK r25 := k303 ('template_nab_stinger' [h=8E41F57A,$009F28C0])
      1642 18DE8649  SETTABLE r25 ->> r24[k195 ('template' [h=7CE5CAD2,$009A1120])]
      1643 1900008A  NEWTABLE r25 := {} (#a=0, #h=2)
      1644 1A004B41     LOADK r26 := k301 ('template_nab_e_rpg' [h=82F2CA02,$00A23980])
      1645 19DE8689  SETTABLE r26 ->> r25[k195 ('template' [h=7CE5CAD2,$009A1120])]
      1646 19EA60C9  SETTABLE k137 (2.0) ->> r25[k218 ('weight' [h=922166CB,$009992E0])]
      1647 1700005F   SETLIST r23 [1]
      1648 16DE05C9  SETTABLE r23 ->> r22[k194 ('spawners' [h=5EA201D8,$009ABE80])]
      1649 16DB75C9  SETTABLE k221 (150.0) ->> r22[k188 ('density' [h=78F59AB8,$0098AF40])]
      1650 140A8589  SETTABLE r22 ->> r20[r21]
      1651 15004C41     LOADK r21 := k305 ('nampo-peds' [h=3E77EAD0,$009A5EC0])
      1652 1600008A  NEWTABLE r22 := {} (#a=0, #h=2)
      1653 16DB7349  SETTABLE k211 (300.0) ->> r22[k188 ('density' [h=78F59AB8,$0098AF40])]
      1654 16DC6E49  SETTABLE k191 (120.0) ->> r22[k190 ('destructionCoolDownTime' [h=7A20EC4B,$00A37480])]
      1655 1700800A  NEWTABLE r23 := {} (#a=1, #h=0)
      1656 1800004A  NEWTABLE r24 := {} (#a=0, #h=1)
      1657 19004C81     LOADK r25 := k306 ('template_nam_nk_patrol' [h=6EC0FC50,$00A40600])
      1658 18DE8649  SETTABLE r25 ->> r24[k195 ('template' [h=7CE5CAD2,$009A1120])]
      1659 1700001F   SETLIST r23 [0]
      1660 16DE05C9  SETTABLE r23 ->> r22[k194 ('spawners' [h=5EA201D8,$009ABE80])]
      1661 140A8589  SETTABLE r22 ->> r20[r21]
      1662 15004CC1     LOADK r21 := k307 ('nam-c-ped' [h=CA349776,$0099F100])
      1663 1600008A  NEWTABLE r22 := {} (#a=0, #h=2)
      1664 16DB72C9  SETTABLE k209 (200.0) ->> r22[k188 ('density' [h=78F59AB8,$0098AF40])]
      1665 16DC6E49  SETTABLE k191 (120.0) ->> r22[k190 ('destructionCoolDownTime' [h=7A20EC4B,$00A37480])]
      1666 1700800A  NEWTABLE r23 := {} (#a=1, #h=0)
      1667 1800004A  NEWTABLE r24 := {} (#a=0, #h=1)
      1668 19004D01     LOADK r25 := k308 ('template_nam_c_patrol' [h=B931A4A3,$009FFB40])
      1669 18DE8649  SETTABLE r25 ->> r24[k195 ('template' [h=7CE5CAD2,$009A1120])]
      1670 1700001F   SETLIST r23 [0]
      1671 16DE05C9  SETTABLE r23 ->> r22[k194 ('spawners' [h=5EA201D8,$009ABE80])]
      1672 140A8589  SETTABLE r22 ->> r20[r21]
      1673 15004D41     LOADK r21 := k309 ('haeju-peds' [h=3FBFBB22,$009A5740])
      1674 160000CA  NEWTABLE r22 := {} (#a=0, #h=3)
      1675 16DB75C9  SETTABLE k221 (150.0) ->> r22[k188 ('density' [h=78F59AB8,$0098AF40])]
      1676 16DC6E49  SETTABLE k191 (120.0) ->> r22[k190 ('destructionCoolDownTime' [h=7A20EC4B,$00A37480])]
      1677 17004D81     LOADK r23 := k310 ('urgency' [h=CB1F6157,$009A1540])
      1678 18004DC1     LOADK r24 := k311 (10.0)
      1679 160B8609  SETTABLE r24 ->> r22[r23]
      1680 17004E01     LOADK r23 := k312 ('civDensity' [h=1B3040E2,$0099E1C0])
      1681 18004E41     LOADK r24 := k313 (20.0)
      1682 160B8609  SETTABLE r24 ->> r22[r23]
      1683 17004E81     LOADK r23 := k314 ('civSpawners' [h=A0E7B8F0,$009ABB60])
      1684 1801000A  NEWTABLE r24 := {} (#a=2, #h=0)
      1685 1900004A  NEWTABLE r25 := {} (#a=0, #h=1)
      1686 1A004EC1     LOADK r26 := k315 ('template_civ_civilian01' [h=946CE746,$009F4D80])
      1687 19DE8689  SETTABLE r26 ->> r25[k195 ('template' [h=7CE5CAD2,$009A1120])]
      1688 1A00004A  NEWTABLE r26 := {} (#a=0, #h=1)
      1689 1B004F01     LOADK r27 := k316 ('template_civ_civilian03' [h=4592FD45,$009FCE40])
      1690 1ADE86C9  SETTABLE r27 ->> r26[k195 ('template' [h=7CE5CAD2,$009A1120])]
      1691 1800005F   SETLIST r24 [1]
      1692 160B8609  SETTABLE r24 ->> r22[r23]
      1693 140A8589  SETTABLE r22 ->> r20[r21]
      1694 15004F41     LOADK r21 := k317 ('haeju-d-peds' [h=7EC34FC2,$009AAC40])
      1695 160000CA  NEWTABLE r22 := {} (#a=0, #h=3)
      1696 16DB75C9  SETTABLE k221 (150.0) ->> r22[k188 ('density' [h=78F59AB8,$0098AF40])]
      1697 16DC6E49  SETTABLE k191 (120.0) ->> r22[k190 ('destructionCoolDownTime' [h=7A20EC4B,$00A37480])]
      1698 17004D81     LOADK r23 := k310 ('urgency' [h=CB1F6157,$009A1540])
      1699 18004DC1     LOADK r24 := k311 (10.0)
      1700 160B8609  SETTABLE r24 ->> r22[r23]
      1701 17004E01     LOADK r23 := k312 ('civDensity' [h=1B3040E2,$0099E1C0])
      1702 18004E41     LOADK r24 := k313 (20.0)
      1703 160B8609  SETTABLE r24 ->> r22[r23]
      1704 17004E81     LOADK r23 := k314 ('civSpawners' [h=A0E7B8F0,$009ABB60])
      1705 1801000A  NEWTABLE r24 := {} (#a=2, #h=0)
      1706 1900004A  NEWTABLE r25 := {} (#a=0, #h=1)
      1707 1A004EC1     LOADK r26 := k315 ('template_civ_civilian01' [h=946CE746,$009F4D80])
      1708 19DE8689  SETTABLE r26 ->> r25[k195 ('template' [h=7CE5CAD2,$009A1120])]
      1709 1A00004A  NEWTABLE r26 := {} (#a=0, #h=1)
      1710 1B004F01     LOADK r27 := k316 ('template_civ_civilian03' [h=4592FD45,$009FCE40])
      1711 1ADE86C9  SETTABLE r27 ->> r26[k195 ('template' [h=7CE5CAD2,$009A1120])]
      1712 1800005F   SETLIST r24 [1]
      1713 160B8609  SETTABLE r24 ->> r22[r23]
      1714 140A8589  SETTABLE r22 ->> r20[r21]
      1715 15004F81     LOADK r21 := k318 ('haeju-t-peds' [h=59515C07,$009C6BC0])
      1716 160000CA  NEWTABLE r22 := {} (#a=0, #h=3)
      1717 16DB75C9  SETTABLE k221 (150.0) ->> r22[k188 ('density' [h=78F59AB8,$0098AF40])]
      1718 16DC6E49  SETTABLE k191 (120.0) ->> r22[k190 ('destructionCoolDownTime' [h=7A20EC4B,$00A37480])]
      1719 17004D81     LOADK r23 := k310 ('urgency' [h=CB1F6157,$009A1540])
      1720 18004DC1     LOADK r24 := k311 (10.0)
      1721 160B8609  SETTABLE r24 ->> r22[r23]
      1722 17004E01     LOADK r23 := k312 ('civDensity' [h=1B3040E2,$0099E1C0])
      1723 18004E41     LOADK r24 := k313 (20.0)
      1724 160B8609  SETTABLE r24 ->> r22[r23]
      1725 17004E81     LOADK r23 := k314 ('civSpawners' [h=A0E7B8F0,$009ABB60])
      1726 1801000A  NEWTABLE r24 := {} (#a=2, #h=0)
      1727 1900004A  NEWTABLE r25 := {} (#a=0, #h=1)
      1728 1A004EC1     LOADK r26 := k315 ('template_civ_civilian01' [h=946CE746,$009F4D80])
      1729 19DE8689  SETTABLE r26 ->> r25[k195 ('template' [h=7CE5CAD2,$009A1120])]
      1730 1A00004A  NEWTABLE r26 := {} (#a=0, #h=1)
      1731 1B004F01     LOADK r27 := k316 ('template_civ_civilian03' [h=4592FD45,$009FCE40])
      1732 1ADE86C9  SETTABLE r27 ->> r26[k195 ('template' [h=7CE5CAD2,$009A1120])]
      1733 1800005F   SETLIST r24 [1]
      1734 160B8609  SETTABLE r24 ->> r22[r23]
      1735 140A8589  SETTABLE r22 ->> r20[r21]
      1736 15004FC1     LOADK r21 := k319 ('kaesong-peds' [h=B7643F1D,$009AA600])
      1737 160000CA  NEWTABLE r22 := {} (#a=0, #h=3)
      1738 16DB7349  SETTABLE k211 (300.0) ->> r22[k188 ('density' [h=78F59AB8,$0098AF40])]
      1739 16DC6E49  SETTABLE k191 (120.0) ->> r22[k190 ('destructionCoolDownTime' [h=7A20EC4B,$00A37480])]
      1740 1700800A  NEWTABLE r23 := {} (#a=1, #h=0)
      1741 1800004A  NEWTABLE r24 := {} (#a=0, #h=1)
      1742 19005001     LOADK r25 := k320 ('template_sk_soldier' [h=F73B2238,$009DDB00])
      1743 18DE8649  SETTABLE r25 ->> r24[k195 ('template' [h=7CE5CAD2,$009A1120])]
      1744 1700001F   SETLIST r23 [0]
      1745 16DE05C9  SETTABLE r23 ->> r22[k194 ('spawners' [h=5EA201D8,$009ABE80])]
      1746 17004D81     LOADK r23 := k310 ('urgency' [h=CB1F6157,$009A1540])
      1747 18004DC1     LOADK r24 := k311 (10.0)
      1748 160B8609  SETTABLE r24 ->> r22[r23]
      1749 17004E01     LOADK r23 := k312 ('civDensity' [h=1B3040E2,$0099E1C0])
      1750 18004E41     LOADK r24 := k313 (20.0)
      1751 160B8609  SETTABLE r24 ->> r22[r23]
      1752 17004E81     LOADK r23 := k314 ('civSpawners' [h=A0E7B8F0,$009ABB60])
      1753 1801000A  NEWTABLE r24 := {} (#a=2, #h=0)
      1754 1900004A  NEWTABLE r25 := {} (#a=0, #h=1)
      1755 1A004EC1     LOADK r26 := k315 ('template_civ_civilian01' [h=946CE746,$009F4D80])
      1756 19DE8689  SETTABLE r26 ->> r25[k195 ('template' [h=7CE5CAD2,$009A1120])]
      1757 1A00004A  NEWTABLE r26 := {} (#a=0, #h=1)
      1758 1B005041     LOADK r27 := k321 ('template_civ_civilian04' [h=8FF29705,$009CF0C0])
      1759 1ADE86C9  SETTABLE r27 ->> r26[k195 ('template' [h=7CE5CAD2,$009A1120])]
      1760 1800005F   SETLIST r24 [1]
      1761 160B8609  SETTABLE r24 ->> r22[r23]
      1762 140A8589  SETTABLE r22 ->> r20[r21]
      1763 15005081     LOADK r21 := k322 ('sariwon-peds' [h=0F1A6469,$0099CB00])
      1764 160000CA  NEWTABLE r22 := {} (#a=0, #h=3)
      1765 16DB7349  SETTABLE k211 (300.0) ->> r22[k188 ('density' [h=78F59AB8,$0098AF40])]
      1766 16DC6E49  SETTABLE k191 (120.0) ->> r22[k190 ('destructionCoolDownTime' [h=7A20EC4B,$00A37480])]
      1767 1700800A  NEWTABLE r23 := {} (#a=1, #h=0)
      1768 1800004A  NEWTABLE r24 := {} (#a=0, #h=1)
      1769 19005001     LOADK r25 := k320 ('template_sk_soldier' [h=F73B2238,$009DDB00])
      1770 18DE8649  SETTABLE r25 ->> r24[k195 ('template' [h=7CE5CAD2,$009A1120])]
      1771 1700001F   SETLIST r23 [0]
      1772 16DE05C9  SETTABLE r23 ->> r22[k194 ('spawners' [h=5EA201D8,$009ABE80])]
      1773 17004D81     LOADK r23 := k310 ('urgency' [h=CB1F6157,$009A1540])
      1774 18004DC1     LOADK r24 := k311 (10.0)
      1775 160B8609  SETTABLE r24 ->> r22[r23]
      1776 17004E01     LOADK r23 := k312 ('civDensity' [h=1B3040E2,$0099E1C0])
      1777 18004E41     LOADK r24 := k313 (20.0)
      1778 160B8609  SETTABLE r24 ->> r22[r23]
      1779 17004E81     LOADK r23 := k314 ('civSpawners' [h=A0E7B8F0,$009ABB60])
      1780 1800800A  NEWTABLE r24 := {} (#a=1, #h=0)
      1781 1900004A  NEWTABLE r25 := {} (#a=0, #h=1)
      1782 1A005041     LOADK r26 := k321 ('template_civ_civilian04' [h=8FF29705,$009CF0C0])
      1783 19DE8689  SETTABLE r26 ->> r25[k195 ('template' [h=7CE5CAD2,$009A1120])]
      1784 1800001F   SETLIST r24 [0]
      1785 160B8609  SETTABLE r24 ->> r22[r23]
      1786 140A8589  SETTABLE r22 ->> r20[r21]
      1787 150050C1     LOADK r21 := k323 ('ichon-peds' [h=2677C3A6,$009899A0])
      1788 1600008A  NEWTABLE r22 := {} (#a=0, #h=2)
      1789 17004A41     LOADK r23 := k297 (160.0)
      1790 16DB05C9  SETTABLE r23 ->> r22[k188 ('density' [h=78F59AB8,$0098AF40])]
      1791 16DC6E49  SETTABLE k191 (120.0) ->> r22[k190 ('destructionCoolDownTime' [h=7A20EC4B,$00A37480])]
      1792 1700800A  NEWTABLE r23 := {} (#a=1, #h=0)
      1793 1800004A  NEWTABLE r24 := {} (#a=0, #h=1)
      1794 19005101     LOADK r25 := k324 ('template_nk_soldier' [h=884FA464,$009D4740])
      1795 18DE8649  SETTABLE r25 ->> r24[k195 ('template' [h=7CE5CAD2,$009A1120])]
      1796 1700001F   SETLIST r23 [0]
      1797 16DE05C9  SETTABLE r23 ->> r22[k194 ('spawners' [h=5EA201D8,$009ABE80])]
      1798 140A8589  SETTABLE r22 ->> r20[r21]
      1799 15005141     LOADK r21 := k325 ('pya-peds-a' [h=629AFEE3,$0097D840])
      1800 1600008A  NEWTABLE r22 := {} (#a=0, #h=2)
      1801 17005181     LOADK r23 := k326 (100.0)
      1802 16DB05C9  SETTABLE r23 ->> r22[k188 ('density' [h=78F59AB8,$0098AF40])]
      1803 16DC6E49  SETTABLE k191 (120.0) ->> r22[k190 ('destructionCoolDownTime' [h=7A20EC4B,$00A37480])]
      1804 1700800A  NEWTABLE r23 := {} (#a=1, #h=0)
      1805 1800004A  NEWTABLE r24 := {} (#a=0, #h=1)
      1806 190051C1     LOADK r25 := k327 ('template_china_soldier' [h=6F9601FC,$009DECC0])
      1807 18DE8649  SETTABLE r25 ->> r24[k195 ('template' [h=7CE5CAD2,$009A1120])]
      1808 1700001F   SETLIST r23 [0]
      1809 16DE05C9  SETTABLE r23 ->> r22[k194 ('spawners' [h=5EA201D8,$009ABE80])]
      1810 140A8589  SETTABLE r22 ->> r20[r21]
      1811 15005201     LOADK r21 := k328 ('pya-peds-b' [h=E1460D2E,$00976BE0])
      1812 1600008A  NEWTABLE r22 := {} (#a=0, #h=2)
      1813 16DB7B89  SETTABLE k244 (99999.0) ->> r22[k188 ('density' [h=78F59AB8,$0098AF40])]
      1814 16DC6E49  SETTABLE k191 (120.0) ->> r22[k190 ('destructionCoolDownTime' [h=7A20EC4B,$00A37480])]
      1815 140A8589  SETTABLE r22 ->> r20[r21]
      1816 15005241     LOADK r21 := k329 ('pya-peds-p' [h=F6188198,$00981280])
      1817 1600008A  NEWTABLE r22 := {} (#a=0, #h=2)
      1818 17005181     LOADK r23 := k326 (100.0)
      1819 16DB05C9  SETTABLE r23 ->> r22[k188 ('density' [h=78F59AB8,$0098AF40])]
      1820 16DC6E49  SETTABLE k191 (120.0) ->> r22[k190 ('destructionCoolDownTime' [h=7A20EC4B,$00A37480])]
      1821 1700800A  NEWTABLE r23 := {} (#a=1, #h=0)
      1822 1800004A  NEWTABLE r24 := {} (#a=0, #h=1)
      1823 190051C1     LOADK r25 := k327 ('template_china_soldier' [h=6F9601FC,$009DECC0])
      1824 18DE8649  SETTABLE r25 ->> r24[k195 ('template' [h=7CE5CAD2,$009A1120])]
      1825 1700001F   SETLIST r23 [0]
      1826 16DE05C9  SETTABLE r23 ->> r22[k194 ('spawners' [h=5EA201D8,$009ABE80])]
      1827 140A8589  SETTABLE r22 ->> r20[r21]
      1828 15005281     LOADK r21 := k330 ('dmz-peds' [h=BE641E50,$009926A0])
      1829 160000CA  NEWTABLE r22 := {} (#a=0, #h=3)
      1830 170052C1     LOADK r23 := k331 (50.0)
      1831 16DB05C9  SETTABLE r23 ->> r22[k188 ('density' [h=78F59AB8,$0098AF40])]
      1832 16DC6E49  SETTABLE k191 (120.0) ->> r22[k190 ('destructionCoolDownTime' [h=7A20EC4B,$00A37480])]
      1833 17004D81     LOADK r23 := k310 ('urgency' [h=CB1F6157,$009A1540])
      1834 18004DC1     LOADK r24 := k311 (10.0)
      1835 160B8609  SETTABLE r24 ->> r22[r23]
      1836 17004E01     LOADK r23 := k312 ('civDensity' [h=1B3040E2,$0099E1C0])
      1837 18004E41     LOADK r24 := k313 (20.0)
      1838 160B8609  SETTABLE r24 ->> r22[r23]
      1839 17004E81     LOADK r23 := k314 ('civSpawners' [h=A0E7B8F0,$009ABB60])
      1840 1800800A  NEWTABLE r24 := {} (#a=1, #h=0)
      1841 1900004A  NEWTABLE r25 := {} (#a=0, #h=1)
      1842 1A005041     LOADK r26 := k321 ('template_civ_civilian04' [h=8FF29705,$009CF0C0])
      1843 19DE8689  SETTABLE r26 ->> r25[k195 ('template' [h=7CE5CAD2,$009A1120])]
      1844 1800001F   SETLIST r24 [0]
      1845 160B8609  SETTABLE r24 ->> r22[r23]
      1846 140A8589  SETTABLE r22 ->> r20[r21]
      1847 15005301     LOADK r21 := k332 ('dmz-rf-peds' [h=CFD4224C,$0097DCA0])
      1848 160000CA  NEWTABLE r22 := {} (#a=0, #h=3)
      1849 170052C1     LOADK r23 := k331 (50.0)
      1850 16DB05C9  SETTABLE r23 ->> r22[k188 ('density' [h=78F59AB8,$0098AF40])]
      1851 16DC6E49  SETTABLE k191 (120.0) ->> r22[k190 ('destructionCoolDownTime' [h=7A20EC4B,$00A37480])]
      1852 17004D81     LOADK r23 := k310 ('urgency' [h=CB1F6157,$009A1540])
      1853 18004DC1     LOADK r24 := k311 (10.0)
      1854 160B8609  SETTABLE r24 ->> r22[r23]
      1855 17004E01     LOADK r23 := k312 ('civDensity' [h=1B3040E2,$0099E1C0])
      1856 18004E41     LOADK r24 := k313 (20.0)
      1857 160B8609  SETTABLE r24 ->> r22[r23]
      1858 17004E81     LOADK r23 := k314 ('civSpawners' [h=A0E7B8F0,$009ABB60])
      1859 1800800A  NEWTABLE r24 := {} (#a=1, #h=0)
      1860 1900004A  NEWTABLE r25 := {} (#a=0, #h=1)
      1861 1A005041     LOADK r26 := k321 ('template_civ_civilian04' [h=8FF29705,$009CF0C0])
      1862 19DE8689  SETTABLE r26 ->> r25[k195 ('template' [h=7CE5CAD2,$009A1120])]
      1863 1800001F   SETLIST r24 [0]
      1864 160B8609  SETTABLE r24 ->> r22[r23]
      1865 140A8589  SETTABLE r22 ->> r20[r21]
      1866 15005341     LOADK r21 := k333 ('dmz-hq-peds' [h=D68A2979,$00985E40])
      1867 160000CA  NEWTABLE r22 := {} (#a=0, #h=3)
      1868 170052C1     LOADK r23 := k331 (50.0)
      1869 16DB05C9  SETTABLE r23 ->> r22[k188 ('density' [h=78F59AB8,$0098AF40])]
      1870 16DC6E49  SETTABLE k191 (120.0) ->> r22[k190 ('destructionCoolDownTime' [h=7A20EC4B,$00A37480])]
      1871 17004D81     LOADK r23 := k310 ('urgency' [h=CB1F6157,$009A1540])
      1872 18004DC1     LOADK r24 := k311 (10.0)
      1873 160B8609  SETTABLE r24 ->> r22[r23]
      1874 17004E01     LOADK r23 := k312 ('civDensity' [h=1B3040E2,$0099E1C0])
      1875 18004E41     LOADK r24 := k313 (20.0)
      1876 160B8609  SETTABLE r24 ->> r22[r23]
      1877 17004E81     LOADK r23 := k314 ('civSpawners' [h=A0E7B8F0,$009ABB60])
      1878 1800800A  NEWTABLE r24 := {} (#a=1, #h=0)
      1879 1900004A  NEWTABLE r25 := {} (#a=0, #h=1)
      1880 1A005041     LOADK r26 := k321 ('template_civ_civilian04' [h=8FF29705,$009CF0C0])
      1881 19DE8689  SETTABLE r26 ->> r25[k195 ('template' [h=7CE5CAD2,$009A1120])]
      1882 1800001F   SETLIST r24 [0]
      1883 160B8609  SETTABLE r24 ->> r22[r23]
      1884 140A8589  SETTABLE r22 ->> r20[r21]
      1885 15005381     LOADK r21 := k334 ('frm-peds' [h=BE609AB9,$009A30A0])
      1886 160000CA  NEWTABLE r22 := {} (#a=0, #h=3)
      1887 16DB7349  SETTABLE k211 (300.0) ->> r22[k188 ('density' [h=78F59AB8,$0098AF40])]
      1888 16DC6E49  SETTABLE k191 (120.0) ->> r22[k190 ('destructionCoolDownTime' [h=7A20EC4B,$00A37480])]
      1889 17004D81     LOADK r23 := k310 ('urgency' [h=CB1F6157,$009A1540])
      1890 18004DC1     LOADK r24 := k311 (10.0)
      1891 160B8609  SETTABLE r24 ->> r22[r23]
      1892 17004E01     LOADK r23 := k312 ('civDensity' [h=1B3040E2,$0099E1C0])
      1893 18004E41     LOADK r24 := k313 (20.0)
      1894 160B8609  SETTABLE r24 ->> r22[r23]
      1895 17004E81     LOADK r23 := k314 ('civSpawners' [h=A0E7B8F0,$009ABB60])
      1896 1801000A  NEWTABLE r24 := {} (#a=2, #h=0)
      1897 1900004A  NEWTABLE r25 := {} (#a=0, #h=1)
      1898 1A0053C1     LOADK r26 := k335 ('template_civ_civilian02' [h=8C19C226,$009E4D40])
      1899 19DE8689  SETTABLE r26 ->> r25[k195 ('template' [h=7CE5CAD2,$009A1120])]
      1900 1A00004A  NEWTABLE r26 := {} (#a=0, #h=1)
      1901 1B004F01     LOADK r27 := k316 ('template_civ_civilian03' [h=4592FD45,$009FCE40])
      1902 1ADE86C9  SETTABLE r27 ->> r26[k195 ('template' [h=7CE5CAD2,$009A1120])]
      1903 1800005F   SETLIST r24 [1]
      1904 160B8609  SETTABLE r24 ->> r22[r23]
      1905 140A8589  SETTABLE r22 ->> r20[r21]
      1906 15005401     LOADK r21 := k336 ('pyongnorth-peds' [h=F9334E13,$00982D80])
      1907 160000CA  NEWTABLE r22 := {} (#a=0, #h=3)
      1908 16DB6E49  SETTABLE k191 (120.0) ->> r22[k188 ('density' [h=78F59AB8,$0098AF40])]
      1909 16DC6E49  SETTABLE k191 (120.0) ->> r22[k190 ('destructionCoolDownTime' [h=7A20EC4B,$00A37480])]
      1910 17004D81     LOADK r23 := k310 ('urgency' [h=CB1F6157,$009A1540])
      1911 18004DC1     LOADK r24 := k311 (10.0)
      1912 160B8609  SETTABLE r24 ->> r22[r23]
      1913 17004E01     LOADK r23 := k312 ('civDensity' [h=1B3040E2,$0099E1C0])
      1914 18004E41     LOADK r24 := k313 (20.0)
      1915 160B8609  SETTABLE r24 ->> r22[r23]
      1916 17004E81     LOADK r23 := k314 ('civSpawners' [h=A0E7B8F0,$009ABB60])
      1917 1801000A  NEWTABLE r24 := {} (#a=2, #h=0)
      1918 1900004A  NEWTABLE r25 := {} (#a=0, #h=1)
      1919 1A0053C1     LOADK r26 := k335 ('template_civ_civilian02' [h=8C19C226,$009E4D40])
      1920 19DE8689  SETTABLE r26 ->> r25[k195 ('template' [h=7CE5CAD2,$009A1120])]
      1921 1A00004A  NEWTABLE r26 := {} (#a=0, #h=1)
      1922 1B004F01     LOADK r27 := k316 ('template_civ_civilian03' [h=4592FD45,$009FCE40])
      1923 1ADE86C9  SETTABLE r27 ->> r26[k195 ('template' [h=7CE5CAD2,$009A1120])]
      1924 1800005F   SETLIST r24 [1]
      1925 160B8609  SETTABLE r24 ->> r22[r23]
      1926 140A8589  SETTABLE r22 ->> r20[r21]
      1927 15005441     LOADK r21 := k337 ('pyongdowntown-peds' [h=B5C7DEC7,$009E0480])
      1928 160000CA  NEWTABLE r22 := {} (#a=0, #h=3)
      1929 16DB6E49  SETTABLE k191 (120.0) ->> r22[k188 ('density' [h=78F59AB8,$0098AF40])]
      1930 16DC6E49  SETTABLE k191 (120.0) ->> r22[k190 ('destructionCoolDownTime' [h=7A20EC4B,$00A37480])]
      1931 17004D81     LOADK r23 := k310 ('urgency' [h=CB1F6157,$009A1540])
      1932 18004DC1     LOADK r24 := k311 (10.0)
      1933 160B8609  SETTABLE r24 ->> r22[r23]
      1934 17004E01     LOADK r23 := k312 ('civDensity' [h=1B3040E2,$0099E1C0])
      1935 18004E41     LOADK r24 := k313 (20.0)
      1936 160B8609  SETTABLE r24 ->> r22[r23]
      1937 17004E81     LOADK r23 := k314 ('civSpawners' [h=A0E7B8F0,$009ABB60])
      1938 1801000A  NEWTABLE r24 := {} (#a=2, #h=0)
      1939 1900004A  NEWTABLE r25 := {} (#a=0, #h=1)
      1940 1A0053C1     LOADK r26 := k335 ('template_civ_civilian02' [h=8C19C226,$009E4D40])
      1941 19DE8689  SETTABLE r26 ->> r25[k195 ('template' [h=7CE5CAD2,$009A1120])]
      1942 1A00004A  NEWTABLE r26 := {} (#a=0, #h=1)
      1943 1B004F01     LOADK r27 := k316 ('template_civ_civilian03' [h=4592FD45,$009FCE40])
      1944 1ADE86C9  SETTABLE r27 ->> r26[k195 ('template' [h=7CE5CAD2,$009A1120])]
      1945 1800005F   SETLIST r24 [1]
      1946 160B8609  SETTABLE r24 ->> r22[r23]
      1947 140A8589  SETTABLE r22 ->> r20[r21]
      1948 15005481     LOADK r21 := k338 ('pye-peds' [h=BE645D49,$0099A1A0])
      1949 160000CA  NEWTABLE r22 := {} (#a=0, #h=3)
      1950 16DB6E49  SETTABLE k191 (120.0) ->> r22[k188 ('density' [h=78F59AB8,$0098AF40])]
      1951 16DC6E49  SETTABLE k191 (120.0) ->> r22[k190 ('destructionCoolDownTime' [h=7A20EC4B,$00A37480])]
      1952 17004D81     LOADK r23 := k310 ('urgency' [h=CB1F6157,$009A1540])
      1953 18004DC1     LOADK r24 := k311 (10.0)
      1954 160B8609  SETTABLE r24 ->> r22[r23]
      1955 17004E01     LOADK r23 := k312 ('civDensity' [h=1B3040E2,$0099E1C0])
      1956 18004E41     LOADK r24 := k313 (20.0)
      1957 160B8609  SETTABLE r24 ->> r22[r23]
      1958 17004E81     LOADK r23 := k314 ('civSpawners' [h=A0E7B8F0,$009ABB60])
      1959 1801800A  NEWTABLE r24 := {} (#a=3, #h=0)
      1960 1900004A  NEWTABLE r25 := {} (#a=0, #h=1)
      1961 1A0053C1     LOADK r26 := k335 ('template_civ_civilian02' [h=8C19C226,$009E4D40])
      1962 19DE8689  SETTABLE r26 ->> r25[k195 ('template' [h=7CE5CAD2,$009A1120])]
      1963 1A00004A  NEWTABLE r26 := {} (#a=0, #h=1)
      1964 1B004F01     LOADK r27 := k316 ('template_civ_civilian03' [h=4592FD45,$009FCE40])
      1965 1ADE86C9  SETTABLE r27 ->> r26[k195 ('template' [h=7CE5CAD2,$009A1120])]
      1966 1B00004A  NEWTABLE r27 := {} (#a=0, #h=1)
      1967 1C005041     LOADK r28 := k321 ('template_civ_civilian04' [h=8FF29705,$009CF0C0])
      1968 1BDE8709  SETTABLE r28 ->> r27[k195 ('template' [h=7CE5CAD2,$009A1120])]
      1969 1800009F   SETLIST r24 [2]
      1970 160B8609  SETTABLE r24 ->> r22[r23]
      1971 140A8589  SETTABLE r22 ->> r20[r21]
      1972 13DA0509  SETTABLE r20 ->> r19[k186 ('trafficZones' [h=6C281FF5,$00997B00])]
      1973 1400008A  NEWTABLE r20 := {} (#a=0, #h=2)
      1974 1500004A  NEWTABLE r21 := {} (#a=0, #h=1)
      1975 1601000A  NEWTABLE r22 := {} (#a=2, #h=0)
      1976 17002041     LOADK r23 := k129 ('start' [h=11BCD3FC,$009A4EA0])
      1977 18002081     LOADK r24 := k130 ('end' [h=0003246B,$0098F900])
      1978 1600005F   SETLIST r22 [1]
      1979 15BD0589  SETTABLE r22 ->> r21[k128 ('allies' [h=B57F1C27,$009A61A0])]
      1980 14B70549  SETTABLE r21 ->> r20[k116 ('conditions' [h=B20F7A7D,$0097AA60])]
      1981 1500004A  NEWTABLE r21 := {} (#a=0, #h=1)
      1982 16005281     LOADK r22 := k330 ('dmz-peds' [h=BE641E50,$009926A0])
      1983 1700008A  NEWTABLE r23 := {} (#a=0, #h=2)
      1984 1800800A  NEWTABLE r24 := {} (#a=1, #h=0)
      1985 1900008A  NEWTABLE r25 := {} (#a=0, #h=2)
      1986 1A0054C1     LOADK r26 := k339 ('template_allies_gunner' [h=90C27297,$009F4F00])
      1987 19DE8689  SETTABLE r26 ->> r25[k195 ('template' [h=7CE5CAD2,$009A1120])]
      1988 19EA60C9  SETTABLE k137 (2.0) ->> r25[k218 ('weight' [h=922166CB,$009992E0])]
      1989 1800001F   SETLIST r24 [0]
      1990 17DE0609  SETTABLE r24 ->> r23[k194 ('spawners' [h=5EA201D8,$009ABE80])]
      1991 17DB75C9  SETTABLE k221 (150.0) ->> r23[k188 ('density' [h=78F59AB8,$0098AF40])]
      1992 150B05C9  SETTABLE r23 ->> r21[r22]
      1993 16005341     LOADK r22 := k333 ('dmz-hq-peds' [h=D68A2979,$00985E40])
      1994 1700008A  NEWTABLE r23 := {} (#a=0, #h=2)
      1995 1801000A  NEWTABLE r24 := {} (#a=2, #h=0)
      1996 1900008A  NEWTABLE r25 := {} (#a=0, #h=2)
      1997 1A0054C1     LOADK r26 := k339 ('template_allies_gunner' [h=90C27297,$009F4F00])
      1998 19DE8689  SETTABLE r26 ->> r25[k195 ('template' [h=7CE5CAD2,$009A1120])]
      1999 19EA60C9  SETTABLE k137 (2.0) ->> r25[k218 ('weight' [h=922166CB,$009992E0])]
      2000 1A00008A  NEWTABLE r26 := {} (#a=0, #h=2)
      2001 1B005501     LOADK r27 := k340 ('template_dmz_smaw' [h=CEF1719F,$009F48C0])
      2002 1ADE86C9  SETTABLE r27 ->> r26[k195 ('template' [h=7CE5CAD2,$009A1120])]
      2003 1AEA5FC9  SETTABLE k133 (1.0) ->> r26[k218 ('weight' [h=922166CB,$009992E0])]
      2004 1800005F   SETLIST r24 [1]
      2005 17DE0609  SETTABLE r24 ->> r23[k194 ('spawners' [h=5EA201D8,$009ABE80])]
      2006 18005181     LOADK r24 := k326 (100.0)
      2007 17DB0609  SETTABLE r24 ->> r23[k188 ('density' [h=78F59AB8,$0098AF40])]
      2008 150B05C9  SETTABLE r23 ->> r21[r22]
      2009 16005301     LOADK r22 := k332 ('dmz-rf-peds' [h=CFD4224C,$0097DCA0])
      2010 1700008A  NEWTABLE r23 := {} (#a=0, #h=2)
      2011 1801000A  NEWTABLE r24 := {} (#a=2, #h=0)
      2012 1900008A  NEWTABLE r25 := {} (#a=0, #h=2)
      2013 1A005501     LOADK r26 := k340 ('template_dmz_smaw' [h=CEF1719F,$009F48C0])
      2014 19DE8689  SETTABLE r26 ->> r25[k195 ('template' [h=7CE5CAD2,$009A1120])]
      2015 19EA60C9  SETTABLE k137 (2.0) ->> r25[k218 ('weight' [h=922166CB,$009992E0])]
      2016 1A00008A  NEWTABLE r26 := {} (#a=0, #h=2)
      2017 1B0054C1     LOADK r27 := k339 ('template_allies_gunner' [h=90C27297,$009F4F00])
      2018 1ADE86C9  SETTABLE r27 ->> r26[k195 ('template' [h=7CE5CAD2,$009A1120])]
      2019 1AEA5FC9  SETTABLE k133 (1.0) ->> r26[k218 ('weight' [h=922166CB,$009992E0])]
      2020 1800005F   SETLIST r24 [1]
      2021 17DE0609  SETTABLE r24 ->> r23[k194 ('spawners' [h=5EA201D8,$009ABE80])]
      2022 18005181     LOADK r24 := k326 (100.0)
      2023 17DB0609  SETTABLE r24 ->> r23[k188 ('density' [h=78F59AB8,$0098AF40])]
      2024 150B05C9  SETTABLE r23 ->> r21[r22]
      2025 1600008A  NEWTABLE r22 := {} (#a=0, #h=2)
      2026 1700800A  NEWTABLE r23 := {} (#a=1, #h=0)
      2027 1800004A  NEWTABLE r24 := {} (#a=0, #h=1)
      2028 18DEF389  SETTABLE k212 ('template_allies_humvee' [h=F98F4331,$00A0A1C0]) ->> r24[k195 ('template' [h=7CE5CAD2,$009A1120])]
      2029 1700001F   SETLIST r23 [0]
      2030 16DE05C9  SETTABLE r23 ->> r22[k194 ('spawners' [h=5EA201D8,$009ABE80])]
      2031 16DB7C89  SETTABLE k248 (500.0) ->> r22[k188 ('density' [h=78F59AB8,$0098AF40])]
      2032 15E60589  SETTABLE r22 ->> r21[k210 ('dmz' [h=00037170,$00977600])]
      2033 1600008A  NEWTABLE r22 := {} (#a=0, #h=2)
      2034 1700800A  NEWTABLE r23 := {} (#a=1, #h=0)
      2035 1800004A  NEWTABLE r24 := {} (#a=0, #h=1)
      2036 18DEF389  SETTABLE k212 ('template_allies_humvee' [h=F98F4331,$00A0A1C0]) ->> r24[k195 ('template' [h=7CE5CAD2,$009A1120])]
      2037 1700001F   SETLIST r23 [0]
      2038 16DE05C9  SETTABLE r23 ->> r22[k194 ('spawners' [h=5EA201D8,$009ABE80])]
      2039 16DB7349  SETTABLE k211 (300.0) ->> r22[k188 ('density' [h=78F59AB8,$0098AF40])]
      2040 15E78589  SETTABLE r22 ->> r21[k213 ('dmz-hq' [h=7F337E05,$00990AC0])]
      2041 1600008A  NEWTABLE r22 := {} (#a=0, #h=2)
      2042 1700800A  NEWTABLE r23 := {} (#a=1, #h=0)
      2043 1800008A  NEWTABLE r24 := {} (#a=0, #h=2)
      2044 18DEEF89  SETTABLE k196 ('template_allies_blackhawk' [h=3EBE2436,$009F2B00]) ->> r24[k195 ('template' [h=7CE5CAD2,$009A1120])]
      2045 18EA60C9  SETTABLE k137 (2.0) ->> r24[k218 ('weight' [h=922166CB,$009992E0])]
      2046 1700001F   SETLIST r23 [0]
      2047 16DE05C9  SETTABLE r23 ->> r22[k194 ('spawners' [h=5EA201D8,$009ABE80])]
      2048 16DB7C89  SETTABLE k248 (500.0) ->> r22[k188 ('density' [h=78F59AB8,$0098AF40])]
      2049 15E38589  SETTABLE r22 ->> r21[k205 ('dmz-heli' [h=BDEEEAD7,$00996520])]
      2050 14DA0549  SETTABLE r21 ->> r20[k186 ('trafficZones' [h=6C281FF5,$00997B00])]
      2051 1500008A  NEWTABLE r21 := {} (#a=0, #h=2)
      2052 1600004A  NEWTABLE r22 := {} (#a=0, #h=1)
      2053 1701000A  NEWTABLE r23 := {} (#a=2, #h=0)
      2054 1801000A  NEWTABLE r24 := {} (#a=2, #h=0)
      2055 19002101     LOADK r25 := k132 ('post' [h=0078F550,$009799E0])
      2056 1A001F41     LOADK r26 := k125 (3.0)
      2057 1800005F   SETLIST r24 [1]
      2058 19002081     LOADK r25 := k130 ('end' [h=0003246B,$0098F900])
      2059 1700005F   SETLIST r23 [1]
      2060 16BD05C9  SETTABLE r23 ->> r22[k128 ('allies' [h=B57F1C27,$009A61A0])]
      2061 15B70589  SETTABLE r22 ->> r21[k116 ('conditions' [h=B20F7A7D,$0097AA60])]
      2062 1600000A  NEWTABLE r22 := {} (#a=0, #h=0)
      2063 1700008A  NEWTABLE r23 := {} (#a=0, #h=2)
      2064 1800800A  NEWTABLE r24 := {} (#a=1, #h=0)
      2065 1900008A  NEWTABLE r25 := {} (#a=0, #h=2)
      2066 19DEEF89  SETTABLE k196 ('template_allies_blackhawk' [h=3EBE2436,$009F2B00]) ->> r25[k195 ('template' [h=7CE5CAD2,$009A1120])]
      2067 19EA60C9  SETTABLE k137 (2.0) ->> r25[k218 ('weight' [h=922166CB,$009992E0])]
      2068 1800001F   SETLIST r24 [0]
      2069 17DE0609  SETTABLE r24 ->> r23[k194 ('spawners' [h=5EA201D8,$009ABE80])]
      2070 17DB7C89  SETTABLE k248 (500.0) ->> r23[k188 ('density' [h=78F59AB8,$0098AF40])]
      2071 16E385C9  SETTABLE r23 ->> r22[k205 ('dmz-heli' [h=BDEEEAD7,$00996520])]
      2072 1700008A  NEWTABLE r23 := {} (#a=0, #h=2)
      2073 1801000A  NEWTABLE r24 := {} (#a=2, #h=0)
      2074 1900008A  NEWTABLE r25 := {} (#a=0, #h=2)
      2075 19DEF389  SETTABLE k212 ('template_allies_humvee' [h=F98F4331,$00A0A1C0]) ->> r25[k195 ('template' [h=7CE5CAD2,$009A1120])]
      2076 19EA5DC9  SETTABLE k125 (3.0) ->> r25[k218 ('weight' [h=922166CB,$009992E0])]
      2077 1A00008A  NEWTABLE r26 := {} (#a=0, #h=2)
      2078 1B005541     LOADK r27 := k341 ('template_dmz_stryker' [h=0FFDA1EF,$009F4840])
      2079 1ADE86C9  SETTABLE r27 ->> r26[k195 ('template' [h=7CE5CAD2,$009A1120])]
      2080 1AEA5FC9  SETTABLE k133 (1.0) ->> r26[k218 ('weight' [h=922166CB,$009992E0])]
      2081 1800005F   SETLIST r24 [1]
      2082 17DE0609  SETTABLE r24 ->> r23[k194 ('spawners' [h=5EA201D8,$009ABE80])]
      2083 17DB7349  SETTABLE k211 (300.0) ->> r23[k188 ('density' [h=78F59AB8,$0098AF40])]
      2084 16E785C9  SETTABLE r23 ->> r22[k213 ('dmz-hq' [h=7F337E05,$00990AC0])]
      2085 15DA0589  SETTABLE r22 ->> r21[k186 ('trafficZones' [h=6C281FF5,$00997B00])]
      2086 1600008A  NEWTABLE r22 := {} (#a=0, #h=2)
      2087 1700004A  NEWTABLE r23 := {} (#a=0, #h=1)
      2088 1801000A  NEWTABLE r24 := {} (#a=2, #h=0)
      2089 19001F81     LOADK r25 := k126 (4.0)
      2090 1A002081     LOADK r26 := k130 ('end' [h=0003246B,$0098F900])
      2091 1800005F   SETLIST r24 [1]
      2092 17BD0609  SETTABLE r24 ->> r23[k128 ('allies' [h=B57F1C27,$009A61A0])]
      2093 16B705C9  SETTABLE r23 ->> r22[k116 ('conditions' [h=B20F7A7D,$0097AA60])]
      2094 1700000A  NEWTABLE r23 := {} (#a=0, #h=0)
      2095 18005301     LOADK r24 := k332 ('dmz-rf-peds' [h=CFD4224C,$0097DCA0])
      2096 1900008A  NEWTABLE r25 := {} (#a=0, #h=2)
      2097 1A01800A  NEWTABLE r26 := {} (#a=3, #h=0)
      2098 1B00008A  NEWTABLE r27 := {} (#a=0, #h=2)
      2099 1C005581     LOADK r28 := k342 ('template_dmz_stinger' [h=222986C5,$00A0D880])
      2100 1BDE8709  SETTABLE r28 ->> r27[k195 ('template' [h=7CE5CAD2,$009A1120])]
      2101 1BEA5FC9  SETTABLE k133 (1.0) ->> r27[k218 ('weight' [h=922166CB,$009992E0])]
      2102 1C00008A  NEWTABLE r28 := {} (#a=0, #h=2)
      2103 1D005501     LOADK r29 := k340 ('template_dmz_smaw' [h=CEF1719F,$009F48C0])
      2104 1CDE8749  SETTABLE r29 ->> r28[k195 ('template' [h=7CE5CAD2,$009A1120])]
      2105 1CEA5FC9  SETTABLE k133 (1.0) ->> r28[k218 ('weight' [h=922166CB,$009992E0])]
      2106 1D00008A  NEWTABLE r29 := {} (#a=0, #h=2)
      2107 1E0055C1     LOADK r30 := k343 ('template_dmz_m4' [h=DF9341EA,$00994340])
      2108 1DDE8789  SETTABLE r30 ->> r29[k195 ('template' [h=7CE5CAD2,$009A1120])]
      2109 1DEA5DC9  SETTABLE k125 (3.0) ->> r29[k218 ('weight' [h=922166CB,$009992E0])]
      2110 1A00009F   SETLIST r26 [2]
      2111 19DE0689  SETTABLE r26 ->> r25[k194 ('spawners' [h=5EA201D8,$009ABE80])]
      2112 1A005601     LOADK r26 := k344 (25.0)
      2113 19DB0689  SETTABLE r26 ->> r25[k188 ('density' [h=78F59AB8,$0098AF40])]
      2114 170C0649  SETTABLE r25 ->> r23[r24]
      2115 16DA05C9  SETTABLE r23 ->> r22[k186 ('trafficZones' [h=6C281FF5,$00997B00])]
      2116 1700008A  NEWTABLE r23 := {} (#a=0, #h=2)
      2117 1800004A  NEWTABLE r24 := {} (#a=0, #h=1)
      2118 1901000A  NEWTABLE r25 := {} (#a=2, #h=0)
      2119 1A002701     LOADK r26 := k156 (6.0)
      2120 1B002081     LOADK r27 := k130 ('end' [h=0003246B,$0098F900])
      2121 1900005F   SETLIST r25 [1]
      2122 18BD0649  SETTABLE r25 ->> r24[k128 ('allies' [h=B57F1C27,$009A61A0])]
      2123 17B70609  SETTABLE r24 ->> r23[k116 ('conditions' [h=B20F7A7D,$0097AA60])]
      2124 1800004A  NEWTABLE r24 := {} (#a=0, #h=1)
      2125 1900008A  NEWTABLE r25 := {} (#a=0, #h=2)
      2126 1A01000A  NEWTABLE r26 := {} (#a=2, #h=0)
      2127 1B00008A  NEWTABLE r27 := {} (#a=0, #h=2)
      2128 1BDEF389  SETTABLE k212 ('template_allies_humvee' [h=F98F4331,$00A0A1C0]) ->> r27[k195 ('template' [h=7CE5CAD2,$009A1120])]
      2129 1BEA5DC9  SETTABLE k125 (3.0) ->> r27[k218 ('weight' [h=922166CB,$009992E0])]
      2130 1C00008A  NEWTABLE r28 := {} (#a=0, #h=2)
      2131 1D005541     LOADK r29 := k341 ('template_dmz_stryker' [h=0FFDA1EF,$009F4840])
      2132 1CDE8749  SETTABLE r29 ->> r28[k195 ('template' [h=7CE5CAD2,$009A1120])]
      2133 1CEA5FC9  SETTABLE k133 (1.0) ->> r28[k218 ('weight' [h=922166CB,$009992E0])]
      2134 1A00005F   SETLIST r26 [1]
      2135 19DE0689  SETTABLE r26 ->> r25[k194 ('spawners' [h=5EA201D8,$009ABE80])]
      2136 19DB7C89  SETTABLE k248 (500.0) ->> r25[k188 ('density' [h=78F59AB8,$0098AF40])]
      2137 18E60649  SETTABLE r25 ->> r24[k210 ('dmz' [h=00037170,$00977600])]
      2138 1900008A  NEWTABLE r25 := {} (#a=0, #h=2)
      2139 1A01000A  NEWTABLE r26 := {} (#a=2, #h=0)
      2140 1B00004A  NEWTABLE r27 := {} (#a=0, #h=1)
      2141 1BDEF389  SETTABLE k212 ('template_allies_humvee' [h=F98F4331,$00A0A1C0]) ->> r27[k195 ('template' [h=7CE5CAD2,$009A1120])]
      2142 1C00004A  NEWTABLE r28 := {} (#a=0, #h=1)
      2143 1D005541     LOADK r29 := k341 ('template_dmz_stryker' [h=0FFDA1EF,$009F4840])
      2144 1CDE8749  SETTABLE r29 ->> r28[k195 ('template' [h=7CE5CAD2,$009A1120])]
      2145 1A00005F   SETLIST r26 [1]
      2146 19DE0689  SETTABLE r26 ->> r25[k194 ('spawners' [h=5EA201D8,$009ABE80])]
      2147 19DB7C89  SETTABLE k248 (500.0) ->> r25[k188 ('density' [h=78F59AB8,$0098AF40])]
      2148 18E80649  SETTABLE r25 ->> r24[k214 ('dmz-south' [h=05F861F6,$009A5F40])]
      2149 17DA0609  SETTABLE r24 ->> r23[k186 ('trafficZones' [h=6C281FF5,$00997B00])]
      2150 1800008A  NEWTABLE r24 := {} (#a=0, #h=2)
      2151 1900004A  NEWTABLE r25 := {} (#a=0, #h=1)
      2152 19BD5E09  SETTABLE k126 (4.0) ->> r25[k128 ('allies' [h=B57F1C27,$009A61A0])]
      2153 18B70649  SETTABLE r25 ->> r24[k116 ('conditions' [h=B20F7A7D,$0097AA60])]
      2154 1900000A  NEWTABLE r25 := {} (#a=0, #h=0)
      2155 1A0042C1     LOADK r26 := k267 ('srw2pye' [h=48CE35D2,$009C5980])
      2156 1B00004A  NEWTABLE r27 := {} (#a=0, #h=1)
      2157 1C0044C1     LOADK r28 := k275 ('disableZone' [h=1EEA23B1,$00980F80])
      2158 1D008002  LOADBOOL r29 := True
      2159 1B0E0749  SETTABLE r29 ->> r27[r28]
      2160 190D06C9  SETTABLE r27 ->> r25[r26]
      2161 1A004901     LOADK r26 := k292 ('ich2kae' [h=6A64B619,$00989B60])
      2162 1B00004A  NEWTABLE r27 := {} (#a=0, #h=1)
      2163 1C0044C1     LOADK r28 := k275 ('disableZone' [h=1EEA23B1,$00980F80])
      2164 1D008002  LOADBOOL r29 := True
      2165 1B0E0749  SETTABLE r29 ->> r27[r28]
      2166 190D06C9  SETTABLE r27 ->> r25[r26]
      2167 18DA0649  SETTABLE r25 ->> r24[k186 ('trafficZones' [h=6C281FF5,$00997B00])]
      2168 1900008A  NEWTABLE r25 := {} (#a=0, #h=2)
      2169 1A00004A  NEWTABLE r26 := {} (#a=0, #h=1)
      2170 1B01000A  NEWTABLE r27 := {} (#a=2, #h=0)
      2171 1C002041     LOADK r28 := k129 ('start' [h=11BCD3FC,$009A4EA0])
      2172 1D002241     LOADK r29 := k137 (2.0)
      2173 1B00005F   SETLIST r27 [1]
      2174 1AC406C9  SETTABLE r27 ->> r26[k142 ('china' [h=1129D14E,$009A6060])]
      2175 19B70689  SETTABLE r26 ->> r25[k116 ('conditions' [h=B20F7A7D,$0097AA60])]
      2176 1A00000A  NEWTABLE r26 := {} (#a=0, #h=0)
      2177 1B00008A  NEWTABLE r27 := {} (#a=0, #h=2)
      2178 1C00800A  NEWTABLE r28 := {} (#a=1, #h=0)
      2179 1D00004A  NEWTABLE r29 := {} (#a=0, #h=1)
      2180 1E005641     LOADK r30 := k345 ('template_pya_nk_jeepmg' [h=3311F04F,$00A0AEC0])
      2181 1DDE8789  SETTABLE r30 ->> r29[k195 ('template' [h=7CE5CAD2,$009A1120])]
      2182 1C00001F   SETLIST r28 [0]
      2183 1BDE0709  SETTABLE r28 ->> r27[k194 ('spawners' [h=5EA201D8,$009ABE80])]
      2184 1BDB72C9  SETTABLE k209 (200.0) ->> r27[k188 ('density' [h=78F59AB8,$0098AF40])]
      2185 1AFA06C9  SETTABLE r27 ->> r26[k250 ('pyongyangairport-b' [h=7CCC2A46,$009F1F80])]
      2186 1B00008A  NEWTABLE r27 := {} (#a=0, #h=2)
      2187 1C01800A  NEWTABLE r28 := {} (#a=3, #h=0)
      2188 1D00008A  NEWTABLE r29 := {} (#a=0, #h=2)
      2189 1E005681     LOADK r30 := k346 ('template_pya_a_baggage' [h=95BAD1B5,$009F1340])
      2190 1DDE8789  SETTABLE r30 ->> r29[k195 ('template' [h=7CE5CAD2,$009A1120])]
      2191 1DEA60C9  SETTABLE k137 (2.0) ->> r29[k218 ('weight' [h=922166CB,$009992E0])]
      2192 1E00008A  NEWTABLE r30 := {} (#a=0, #h=2)
      2193 1F0056C1     LOADK r31 := k347 ('template_pya_a_truck' [h=A4BCC4B2,$009F1A00])
      2194 1EDE87C9  SETTABLE r31 ->> r30[k195 ('template' [h=7CE5CAD2,$009A1120])]
      2195 1EEA60C9  SETTABLE k137 (2.0) ->> r30[k218 ('weight' [h=922166CB,$009992E0])]
      2196 1F00008A  NEWTABLE r31 := {} (#a=0, #h=2)
      2197 20005701     LOADK r32 := k348 ('template_pya_a_bj2020' [h=EAAB7D97,$009D4DC0])
      2198 1FDE8809  SETTABLE r32 ->> r31[k195 ('template' [h=7CE5CAD2,$009A1120])]
      2199 1FEA5DC9  SETTABLE k125 (3.0) ->> r31[k218 ('weight' [h=922166CB,$009992E0])]
      2200 1C00009F   SETLIST r28 [2]
      2201 1BDE0709  SETTABLE r28 ->> r27[k194 ('spawners' [h=5EA201D8,$009ABE80])]
      2202 1BDB7349  SETTABLE k211 (300.0) ->> r27[k188 ('density' [h=78F59AB8,$0098AF40])]
      2203 1AFB06C9  SETTABLE r27 ->> r26[k252 ('pya-a' [h=10136478,$009AC2E0])]
      2204 1B005141     LOADK r27 := k325 ('pya-peds-a' [h=629AFEE3,$0097D840])
      2205 1C00008A  NEWTABLE r28 := {} (#a=0, #h=2)
      2206 1D00800A  NEWTABLE r29 := {} (#a=1, #h=0)
      2207 1E00004A  NEWTABLE r30 := {} (#a=0, #h=1)
      2208 1F005741     LOADK r31 := k349 ('template_pya_cSoldier' [h=B6B0D519,$009DB640])
      2209 1EDE87C9  SETTABLE r31 ->> r30[k195 ('template' [h=7CE5CAD2,$009A1120])]
      2210 1D00001F   SETLIST r29 [0]
      2211 1CDE0749  SETTABLE r29 ->> r28[k194 ('spawners' [h=5EA201D8,$009ABE80])]
      2212 1CDB75C9  SETTABLE k221 (150.0) ->> r28[k188 ('density' [h=78F59AB8,$0098AF40])]
      2213 1A0D8709  SETTABLE r28 ->> r26[r27]
      2214 19DA0689  SETTABLE r26 ->> r25[k186 ('trafficZones' [h=6C281FF5,$00997B00])]
      2215 1A00008A  NEWTABLE r26 := {} (#a=0, #h=2)
      2216 1B00004A  NEWTABLE r27 := {} (#a=0, #h=1)
      2217 1C01000A  NEWTABLE r28 := {} (#a=2, #h=0)
      2218 1D01000A  NEWTABLE r29 := {} (#a=2, #h=0)
      2219 1E002101     LOADK r30 := k132 ('post' [h=0078F550,$009799E0])
      2220 1F002241     LOADK r31 := k137 (2.0)
      2221 1D00005F   SETLIST r29 [1]
      2222 1E001F41     LOADK r30 := k125 (3.0)
      2223 1C00005F   SETLIST r28 [1]
      2224 1BC40709  SETTABLE r28 ->> r27[k142 ('china' [h=1129D14E,$009A6060])]
      2225 1AB706C9  SETTABLE r27 ->> r26[k116 ('conditions' [h=B20F7A7D,$0097AA60])]
      2226 1B00000A  NEWTABLE r27 := {} (#a=0, #h=0)
      2227 1C00008A  NEWTABLE r28 := {} (#a=0, #h=2)
      2228 1D01800A  NEWTABLE r29 := {} (#a=3, #h=0)
      2229 1E00008A  NEWTABLE r30 := {} (#a=0, #h=2)
      2230 1F0056C1     LOADK r31 := k347 ('template_pya_a_truck' [h=A4BCC4B2,$009F1A00])
      2231 1EDE87C9  SETTABLE r31 ->> r30[k195 ('template' [h=7CE5CAD2,$009A1120])]
      2232 1EEA60C9  SETTABLE k137 (2.0) ->> r30[k218 ('weight' [h=922166CB,$009992E0])]
      2233 1F00008A  NEWTABLE r31 := {} (#a=0, #h=2)
      2234 20005701     LOADK r32 := k348 ('template_pya_a_bj2020' [h=EAAB7D97,$009D4DC0])
      2235 1FDE8809  SETTABLE r32 ->> r31[k195 ('template' [h=7CE5CAD2,$009A1120])]
      2236 1FEA5DC9  SETTABLE k125 (3.0) ->> r31[k218 ('weight' [h=922166CB,$009992E0])]
      2237 2000008A  NEWTABLE r32 := {} (#a=0, #h=2)
      2238 21005781     LOADK r33 := k350 ('template_pya_a_type89' [h=940E55EE,$00A41940])
      2239 20DE8849  SETTABLE r33 ->> r32[k195 ('template' [h=7CE5CAD2,$009A1120])]
      2240 20EA60C9  SETTABLE k137 (2.0) ->> r32[k218 ('weight' [h=922166CB,$009992E0])]
      2241 1D00009F   SETLIST r29 [2]
      2242 1CDE0749  SETTABLE r29 ->> r28[k194 ('spawners' [h=5EA201D8,$009ABE80])]
      2243 1CDB7349  SETTABLE k211 (300.0) ->> r28[k188 ('density' [h=78F59AB8,$0098AF40])]
      2244 1BFB0709  SETTABLE r28 ->> r27[k252 ('pya-a' [h=10136478,$009AC2E0])]
      2245 1C00008A  NEWTABLE r28 := {} (#a=0, #h=2)
      2246 1D00800A  NEWTABLE r29 := {} (#a=1, #h=0)
      2247 1E00004A  NEWTABLE r30 := {} (#a=0, #h=1)
      2248 1F005741     LOADK r31 := k349 ('template_pya_cSoldier' [h=B6B0D519,$009DB640])
      2249 1EDE87C9  SETTABLE r31 ->> r30[k195 ('template' [h=7CE5CAD2,$009A1120])]
      2250 1D00001F   SETLIST r29 [0]
      2251 1CDE0749  SETTABLE r29 ->> r28[k194 ('spawners' [h=5EA201D8,$009ABE80])]
      2252 1D005181     LOADK r29 := k326 (100.0)
      2253 1CDB0749  SETTABLE r29 ->> r28[k188 ('density' [h=78F59AB8,$0098AF40])]
      2254 1BFA0709  SETTABLE r28 ->> r27[k250 ('pyongyangairport-b' [h=7CCC2A46,$009F1F80])]
      2255 1C005141     LOADK r28 := k325 ('pya-peds-a' [h=629AFEE3,$0097D840])
      2256 1D00008A  NEWTABLE r29 := {} (#a=0, #h=2)
      2257 1E01800A  NEWTABLE r30 := {} (#a=3, #h=0)
      2258 1F00008A  NEWTABLE r31 := {} (#a=0, #h=2)
      2259 20005741     LOADK r32 := k349 ('template_pya_cSoldier' [h=B6B0D519,$009DB640])
      2260 1FDE8809  SETTABLE r32 ->> r31[k195 ('template' [h=7CE5CAD2,$009A1120])]
      2261 1FEA5DC9  SETTABLE k125 (3.0) ->> r31[k218 ('weight' [h=922166CB,$009992E0])]
      2262 2000008A  NEWTABLE r32 := {} (#a=0, #h=2)
      2263 210057C1     LOADK r33 := k351 ('template_pya_cOfficer' [h=01203919,$009F5540])
      2264 20DE8849  SETTABLE r33 ->> r32[k195 ('template' [h=7CE5CAD2,$009A1120])]
      2265 20EA60C9  SETTABLE k137 (2.0) ->> r32[k218 ('weight' [h=922166CB,$009992E0])]
      2266 2100004A  NEWTABLE r33 := {} (#a=0, #h=1)
      2267 22005801     LOADK r34 := k352 ('template_pya_cElite' [h=DE8E57EB,$00A0C4C0])
      2268 21DE8889  SETTABLE r34 ->> r33[k195 ('template' [h=7CE5CAD2,$009A1120])]
      2269 1E00009F   SETLIST r30 [2]
      2270 1DDE0789  SETTABLE r30 ->> r29[k194 ('spawners' [h=5EA201D8,$009ABE80])]
      2271 1E005181     LOADK r30 := k326 (100.0)
      2272 1DDB0789  SETTABLE r30 ->> r29[k188 ('density' [h=78F59AB8,$0098AF40])]
      2273 1B0E0749  SETTABLE r29 ->> r27[r28]
      2274 1ADA06C9  SETTABLE r27 ->> r26[k186 ('trafficZones' [h=6C281FF5,$00997B00])]
      2275 1B00008A  NEWTABLE r27 := {} (#a=0, #h=2)
      2276 1C00004A  NEWTABLE r28 := {} (#a=0, #h=1)
      2277 1D01000A  NEWTABLE r29 := {} (#a=2, #h=0)
      2278 1E01000A  NEWTABLE r30 := {} (#a=2, #h=0)
      2279 1F002101     LOADK r31 := k132 ('post' [h=0078F550,$009799E0])
      2280 20001F41     LOADK r32 := k125 (3.0)
      2281 1E00005F   SETLIST r30 [1]
      2282 1F001F81     LOADK r31 := k126 (4.0)
      2283 1D00005F   SETLIST r29 [1]
      2284 1CC40749  SETTABLE r29 ->> r28[k142 ('china' [h=1129D14E,$009A6060])]
      2285 1BB70709  SETTABLE r28 ->> r27[k116 ('conditions' [h=B20F7A7D,$0097AA60])]
      2286 1C00000A  NEWTABLE r28 := {} (#a=0, #h=0)
      2287 1D00008A  NEWTABLE r29 := {} (#a=0, #h=2)
      2288 1E02000A  NEWTABLE r30 := {} (#a=4, #h=0)
      2289 1F00004A  NEWTABLE r31 := {} (#a=0, #h=1)
      2290 20005681     LOADK r32 := k346 ('template_pya_a_baggage' [h=95BAD1B5,$009F1340])
      2291 1FDE8809  SETTABLE r32 ->> r31[k195 ('template' [h=7CE5CAD2,$009A1120])]
      2292 2000008A  NEWTABLE r32 := {} (#a=0, #h=2)
      2293 210056C1     LOADK r33 := k347 ('template_pya_a_truck' [h=A4BCC4B2,$009F1A00])
      2294 20DE8849  SETTABLE r33 ->> r32[k195 ('template' [h=7CE5CAD2,$009A1120])]
      2295 20EA60C9  SETTABLE k137 (2.0) ->> r32[k218 ('weight' [h=922166CB,$009992E0])]
      2296 2100008A  NEWTABLE r33 := {} (#a=0, #h=2)
      2297 22005701     LOADK r34 := k348 ('template_pya_a_bj2020' [h=EAAB7D97,$009D4DC0])
      2298 21DE8889  SETTABLE r34 ->> r33[k195 ('template' [h=7CE5CAD2,$009A1120])]
      2299 21EA5E09  SETTABLE k126 (4.0) ->> r33[k218 ('weight' [h=922166CB,$009992E0])]
      2300 2200008A  NEWTABLE r34 := {} (#a=0, #h=2)
      2301 23005781     LOADK r35 := k350 ('template_pya_a_type89' [h=940E55EE,$00A41940])
      2302 22DE88C9  SETTABLE r35 ->> r34[k195 ('template' [h=7CE5CAD2,$009A1120])]
      2303 22EA60C9  SETTABLE k137 (2.0) ->> r34[k218 ('weight' [h=922166CB,$009992E0])]
      2304 1E0000DF   SETLIST r30 [3]
      2305 1DDE0789  SETTABLE r30 ->> r29[k194 ('spawners' [h=5EA201D8,$009ABE80])]
      2306 1DDB7089  SETTABLE k200 (600.0) ->> r29[k188 ('density' [h=78F59AB8,$0098AF40])]
      2307 1CFB0749  SETTABLE r29 ->> r28[k252 ('pya-a' [h=10136478,$009AC2E0])]
      2308 1D005141     LOADK r29 := k325 ('pya-peds-a' [h=629AFEE3,$0097D840])
      2309 1E00008A  NEWTABLE r30 := {} (#a=0, #h=2)
      2310 1F01800A  NEWTABLE r31 := {} (#a=3, #h=0)
      2311 2000008A  NEWTABLE r32 := {} (#a=0, #h=2)
      2312 21005741     LOADK r33 := k349 ('template_pya_cSoldier' [h=B6B0D519,$009DB640])
      2313 20DE8849  SETTABLE r33 ->> r32[k195 ('template' [h=7CE5CAD2,$009A1120])]
      2314 20EA5E09  SETTABLE k126 (4.0) ->> r32[k218 ('weight' [h=922166CB,$009992E0])]
      2315 2100008A  NEWTABLE r33 := {} (#a=0, #h=2)
      2316 220057C1     LOADK r34 := k351 ('template_pya_cOfficer' [h=01203919,$009F5540])
      2317 21DE8889  SETTABLE r34 ->> r33[k195 ('template' [h=7CE5CAD2,$009A1120])]
      2318 21EA60C9  SETTABLE k137 (2.0) ->> r33[k218 ('weight' [h=922166CB,$009992E0])]
      2319 2200008A  NEWTABLE r34 := {} (#a=0, #h=2)
      2320 23005801     LOADK r35 := k352 ('template_pya_cElite' [h=DE8E57EB,$00A0C4C0])
      2321 22DE88C9  SETTABLE r35 ->> r34[k195 ('template' [h=7CE5CAD2,$009A1120])]
      2322 22EA5DC9  SETTABLE k125 (3.0) ->> r34[k218 ('weight' [h=922166CB,$009992E0])]
      2323 1F00009F   SETLIST r31 [2]
      2324 1EDE07C9  SETTABLE r31 ->> r30[k194 ('spawners' [h=5EA201D8,$009ABE80])]
      2325 1F005181     LOADK r31 := k326 (100.0)
      2326 1EDB07C9  SETTABLE r31 ->> r30[k188 ('density' [h=78F59AB8,$0098AF40])]
      2327 1C0E8789  SETTABLE r30 ->> r28[r29]
      2328 1BDA0709  SETTABLE r28 ->> r27[k186 ('trafficZones' [h=6C281FF5,$00997B00])]
      2329 1C00008A  NEWTABLE r28 := {} (#a=0, #h=2)
      2330 1D00004A  NEWTABLE r29 := {} (#a=0, #h=1)
      2331 1E01000A  NEWTABLE r30 := {} (#a=2, #h=0)
      2332 1F01000A  NEWTABLE r31 := {} (#a=2, #h=0)
      2333 20002101     LOADK r32 := k132 ('post' [h=0078F550,$009799E0])
      2334 21001F81     LOADK r33 := k126 (4.0)
      2335 1F00005F   SETLIST r31 [1]
      2336 200022C1     LOADK r32 := k139 (5.0)
      2337 1E00005F   SETLIST r30 [1]
      2338 1DC40789  SETTABLE r30 ->> r29[k142 ('china' [h=1129D14E,$009A6060])]
      2339 1CB70749  SETTABLE r29 ->> r28[k116 ('conditions' [h=B20F7A7D,$0097AA60])]
      2340 1D00000A  NEWTABLE r29 := {} (#a=0, #h=0)
      2341 1E00008A  NEWTABLE r30 := {} (#a=0, #h=2)
      2342 1F02800A  NEWTABLE r31 := {} (#a=5, #h=0)
      2343 2000004A  NEWTABLE r32 := {} (#a=0, #h=1)
      2344 21005681     LOADK r33 := k346 ('template_pya_a_baggage' [h=95BAD1B5,$009F1340])
      2345 20DE8849  SETTABLE r33 ->> r32[k195 ('template' [h=7CE5CAD2,$009A1120])]
      2346 2100008A  NEWTABLE r33 := {} (#a=0, #h=2)
      2347 220056C1     LOADK r34 := k347 ('template_pya_a_truck' [h=A4BCC4B2,$009F1A00])
      2348 21DE8889  SETTABLE r34 ->> r33[k195 ('template' [h=7CE5CAD2,$009A1120])]
      2349 21EA60C9  SETTABLE k137 (2.0) ->> r33[k218 ('weight' [h=922166CB,$009992E0])]
      2350 2200004A  NEWTABLE r34 := {} (#a=0, #h=1)
      2351 23005701     LOADK r35 := k348 ('template_pya_a_bj2020' [h=EAAB7D97,$009D4DC0])
      2352 22DE88C9  SETTABLE r35 ->> r34[k195 ('template' [h=7CE5CAD2,$009A1120])]
      2353 2300008A  NEWTABLE r35 := {} (#a=0, #h=2)
      2354 24005841     LOADK r36 := k353 ('template_pya_a_type80' [h=5EADC59E,$009DFA00])
      2355 23DE8909  SETTABLE r36 ->> r35[k195 ('template' [h=7CE5CAD2,$009A1120])]
      2356 23EA60C9  SETTABLE k137 (2.0) ->> r35[k218 ('weight' [h=922166CB,$009992E0])]
      2357 2400004A  NEWTABLE r36 := {} (#a=0, #h=1)
      2358 25005781     LOADK r37 := k350 ('template_pya_a_type89' [h=940E55EE,$00A41940])
      2359 24DE8949  SETTABLE r37 ->> r36[k195 ('template' [h=7CE5CAD2,$009A1120])]
      2360 1F00011F   SETLIST r31 [4]
      2361 1EDE07C9  SETTABLE r31 ->> r30[k194 ('spawners' [h=5EA201D8,$009ABE80])]
      2362 1EDB7089  SETTABLE k200 (600.0) ->> r30[k188 ('density' [h=78F59AB8,$0098AF40])]
      2363 1DFB0789  SETTABLE r30 ->> r29[k252 ('pya-a' [h=10136478,$009AC2E0])]
      2364 1CDA0749  SETTABLE r29 ->> r28[k186 ('trafficZones' [h=6C281FF5,$00997B00])]
      2365 1D00008A  NEWTABLE r29 := {} (#a=0, #h=2)
      2366 1E00004A  NEWTABLE r30 := {} (#a=0, #h=1)
      2367 1F01000A  NEWTABLE r31 := {} (#a=2, #h=0)
      2368 2001000A  NEWTABLE r32 := {} (#a=2, #h=0)
      2369 21002101     LOADK r33 := k132 ('post' [h=0078F550,$009799E0])
      2370 220022C1     LOADK r34 := k139 (5.0)
      2371 2000005F   SETLIST r32 [1]
      2372 21002081     LOADK r33 := k130 ('end' [h=0003246B,$0098F900])
      2373 1F00005F   SETLIST r31 [1]
      2374 1EC407C9  SETTABLE r31 ->> r30[k142 ('china' [h=1129D14E,$009A6060])]
      2375 1DB70789  SETTABLE r30 ->> r29[k116 ('conditions' [h=B20F7A7D,$0097AA60])]
      2376 1E00000A  NEWTABLE r30 := {} (#a=0, #h=0)
      2377 1F00008A  NEWTABLE r31 := {} (#a=0, #h=2)
      2378 2002800A  NEWTABLE r32 := {} (#a=5, #h=0)
      2379 2100004A  NEWTABLE r33 := {} (#a=0, #h=1)
      2380 22005681     LOADK r34 := k346 ('template_pya_a_baggage' [h=95BAD1B5,$009F1340])
      2381 21DE8889  SETTABLE r34 ->> r33[k195 ('template' [h=7CE5CAD2,$009A1120])]
      2382 2200004A  NEWTABLE r34 := {} (#a=0, #h=1)
      2383 230056C1     LOADK r35 := k347 ('template_pya_a_truck' [h=A4BCC4B2,$009F1A00])
      2384 22DE88C9  SETTABLE r35 ->> r34[k195 ('template' [h=7CE5CAD2,$009A1120])]
      2385 2300004A  NEWTABLE r35 := {} (#a=0, #h=1)
      2386 24005701     LOADK r36 := k348 ('template_pya_a_bj2020' [h=EAAB7D97,$009D4DC0])
      2387 23DE8909  SETTABLE r36 ->> r35[k195 ('template' [h=7CE5CAD2,$009A1120])]
      2388 2400004A  NEWTABLE r36 := {} (#a=0, #h=1)
      2389 25005841     LOADK r37 := k353 ('template_pya_a_type80' [h=5EADC59E,$009DFA00])
      2390 24DE8949  SETTABLE r37 ->> r36[k195 ('template' [h=7CE5CAD2,$009A1120])]
      2391 2500008A  NEWTABLE r37 := {} (#a=0, #h=2)
      2392 26005781     LOADK r38 := k350 ('template_pya_a_type89' [h=940E55EE,$00A41940])
      2393 25DE8989  SETTABLE r38 ->> r37[k195 ('template' [h=7CE5CAD2,$009A1120])]
      2394 25EA5DC9  SETTABLE k125 (3.0) ->> r37[k218 ('weight' [h=922166CB,$009992E0])]
      2395 2000011F   SETLIST r32 [4]
      2396 1FDE0809  SETTABLE r32 ->> r31[k194 ('spawners' [h=5EA201D8,$009ABE80])]
      2397 1FDB7089  SETTABLE k200 (600.0) ->> r31[k188 ('density' [h=78F59AB8,$0098AF40])]
      2398 1EFB07C9  SETTABLE r31 ->> r30[k252 ('pya-a' [h=10136478,$009AC2E0])]
      2399 1F005141     LOADK r31 := k325 ('pya-peds-a' [h=629AFEE3,$0097D840])
      2400 2000008A  NEWTABLE r32 := {} (#a=0, #h=2)
      2401 2101800A  NEWTABLE r33 := {} (#a=3, #h=0)
      2402 2200008A  NEWTABLE r34 := {} (#a=0, #h=2)
      2403 23005741     LOADK r35 := k349 ('template_pya_cSoldier' [h=B6B0D519,$009DB640])
      2404 22DE88C9  SETTABLE r35 ->> r34[k195 ('template' [h=7CE5CAD2,$009A1120])]
      2405 22EA5E09  SETTABLE k126 (4.0) ->> r34[k218 ('weight' [h=922166CB,$009992E0])]
      2406 2300004A  NEWTABLE r35 := {} (#a=0, #h=1)
      2407 240057C1     LOADK r36 := k351 ('template_pya_cOfficer' [h=01203919,$009F5540])
      2408 23DE8909  SETTABLE r36 ->> r35[k195 ('template' [h=7CE5CAD2,$009A1120])]
      2409 2400008A  NEWTABLE r36 := {} (#a=0, #h=2)
      2410 25005801     LOADK r37 := k352 ('template_pya_cElite' [h=DE8E57EB,$00A0C4C0])
      2411 24DE8949  SETTABLE r37 ->> r36[k195 ('template' [h=7CE5CAD2,$009A1120])]
      2412 24EA5E09  SETTABLE k126 (4.0) ->> r36[k218 ('weight' [h=922166CB,$009992E0])]
      2413 2100009F   SETLIST r33 [2]
      2414 20DE0849  SETTABLE r33 ->> r32[k194 ('spawners' [h=5EA201D8,$009ABE80])]
      2415 21005181     LOADK r33 := k326 (100.0)
      2416 20DB0849  SETTABLE r33 ->> r32[k188 ('density' [h=78F59AB8,$0098AF40])]
      2417 1E0F8809  SETTABLE r32 ->> r30[r31]
      2418 1DDA0789  SETTABLE r30 ->> r29[k186 ('trafficZones' [h=6C281FF5,$00997B00])]
      2419 1E00008A  NEWTABLE r30 := {} (#a=0, #h=2)
      2420 1F00004A  NEWTABLE r31 := {} (#a=0, #h=1)
      2421 1FC460C9  SETTABLE k137 (2.0) ->> r31[k142 ('china' [h=1129D14E,$009A6060])]
      2422 1EB707C9  SETTABLE r31 ->> r30[k116 ('conditions' [h=B20F7A7D,$0097AA60])]
      2423 1F00004A  NEWTABLE r31 := {} (#a=0, #h=1)
      2424 20005881     LOADK r32 := k354 ('Haeju' [h=11F83641,$00985B80])
      2425 2100008A  NEWTABLE r33 := {} (#a=0, #h=2)
      2426 2201000A  NEWTABLE r34 := {} (#a=2, #h=0)
      2427 2300008A  NEWTABLE r35 := {} (#a=0, #h=2)
      2428 23DEF749  SETTABLE k227 ('template_mafia_technicalmg' [h=C9A62A4B,$009F32C0]) ->> r35[k195 ('template' [h=7CE5CAD2,$009A1120])]
      2429 23EA60C9  SETTABLE k137 (2.0) ->> r35[k218 ('weight' [h=922166CB,$009992E0])]
      2430 2400004A  NEWTABLE r36 := {} (#a=0, #h=1)
      2431 24DEF4C9  SETTABLE k217 ('template_civ_cargotruck' [h=E35CEF16,$009D87C0]) ->> r36[k195 ('template' [h=7CE5CAD2,$009A1120])]
      2432 2200005F   SETLIST r34 [1]
      2433 21DE0889  SETTABLE r34 ->> r33[k194 ('spawners' [h=5EA201D8,$009ABE80])]
      2434 21DB7689  SETTABLE k224 (250.0) ->> r33[k188 ('density' [h=78F59AB8,$0098AF40])]
      2435 1F100849  SETTABLE r33 ->> r31[r32]
      2436 200058C1     LOADK r32 := k355 ('Haeju-peds' [h=3FBFB4C2,$00983280])
      2437 2100008A  NEWTABLE r33 := {} (#a=0, #h=2)
      2438 2200800A  NEWTABLE r34 := {} (#a=1, #h=0)
      2439 2300004A  NEWTABLE r35 := {} (#a=0, #h=1)
      2440 24005901     LOADK r36 := k356 ('template_mafia_soldier' [h=0E4E0F50,$009DDC40])
      2441 23DE8909  SETTABLE r36 ->> r35[k195 ('template' [h=7CE5CAD2,$009A1120])]
      2442 2200001F   SETLIST r34 [0]
      2443 21DE0889  SETTABLE r34 ->> r33[k194 ('spawners' [h=5EA201D8,$009ABE80])]
      2444 21DB7349  SETTABLE k211 (300.0) ->> r33[k188 ('density' [h=78F59AB8,$0098AF40])]
      2445 1F100849  SETTABLE r33 ->> r31[r32]
      2446 1EDA07C9  SETTABLE r31 ->> r30[k186 ('trafficZones' [h=6C281FF5,$00997B00])]
      2447 1F00008A  NEWTABLE r31 := {} (#a=0, #h=2)
      2448 2000004A  NEWTABLE r32 := {} (#a=0, #h=1)
      2449 2101000A  NEWTABLE r33 := {} (#a=2, #h=0)
      2450 2201000A  NEWTABLE r34 := {} (#a=2, #h=0)
      2451 23002101     LOADK r35 := k132 ('post' [h=0078F550,$009799E0])
      2452 24002241     LOADK r36 := k137 (2.0)
      2453 2200005F   SETLIST r34 [1]
      2454 23002081     LOADK r35 := k130 ('end' [h=0003246B,$0098F900])
      2455 2100005F   SETLIST r33 [1]
      2456 20C40849  SETTABLE r33 ->> r32[k142 ('china' [h=1129D14E,$009A6060])]
      2457 1FB70809  SETTABLE r32 ->> r31[k116 ('conditions' [h=B20F7A7D,$0097AA60])]
      2458 2000004A  NEWTABLE r32 := {} (#a=0, #h=1)
      2459 21005881     LOADK r33 := k354 ('Haeju' [h=11F83641,$00985B80])
      2460 2200008A  NEWTABLE r34 := {} (#a=0, #h=2)
      2461 2301000A  NEWTABLE r35 := {} (#a=2, #h=0)
      2462 2400004A  NEWTABLE r36 := {} (#a=0, #h=1)
      2463 24DEFA09  SETTABLE k238 ('template_china_jeep' [h=510E0121,$009F3840]) ->> r36[k195 ('template' [h=7CE5CAD2,$009A1120])]
      2464 2500004A  NEWTABLE r37 := {} (#a=0, #h=1)
      2465 25DEF489  SETTABLE k216 ('template_civ_80civic' [h=6D12359E,$009F0E40]) ->> r37[k195 ('template' [h=7CE5CAD2,$009A1120])]
      2466 2300005F   SETLIST r35 [1]
      2467 22DE08C9  SETTABLE r35 ->> r34[k194 ('spawners' [h=5EA201D8,$009ABE80])]
      2468 22DB7249  SETTABLE k207 (400.0) ->> r34[k188 ('density' [h=78F59AB8,$0098AF40])]
      2469 20108889  SETTABLE r34 ->> r32[r33]
      2470 210058C1     LOADK r33 := k355 ('Haeju-peds' [h=3FBFB4C2,$00983280])
      2471 2200008A  NEWTABLE r34 := {} (#a=0, #h=2)
      2472 2300800A  NEWTABLE r35 := {} (#a=1, #h=0)
      2473 2400004A  NEWTABLE r36 := {} (#a=0, #h=1)
      2474 250051C1     LOADK r37 := k327 ('template_china_soldier' [h=6F9601FC,$009DECC0])
      2475 24DE8949  SETTABLE r37 ->> r36[k195 ('template' [h=7CE5CAD2,$009A1120])]
      2476 2300001F   SETLIST r35 [0]
      2477 22DE08C9  SETTABLE r35 ->> r34[k194 ('spawners' [h=5EA201D8,$009ABE80])]
      2478 22DB7349  SETTABLE k211 (300.0) ->> r34[k188 ('density' [h=78F59AB8,$0098AF40])]
      2479 20108889  SETTABLE r34 ->> r32[r33]
      2480 1FDA0809  SETTABLE r32 ->> r31[k186 ('trafficZones' [h=6C281FF5,$00997B00])]
      2481 2000008A  NEWTABLE r32 := {} (#a=0, #h=2)
      2482 2100004A  NEWTABLE r33 := {} (#a=0, #h=1)
      2483 2201000A  NEWTABLE r34 := {} (#a=2, #h=0)
      2484 2301000A  NEWTABLE r35 := {} (#a=2, #h=0)
      2485 24002101     LOADK r36 := k132 ('post' [h=0078F550,$009799E0])
      2486 25001F41     LOADK r37 := k125 (3.0)
      2487 2300005F   SETLIST r35 [1]
      2488 24002081     LOADK r36 := k130 ('end' [h=0003246B,$0098F900])
      2489 2200005F   SETLIST r34 [1]
      2490 21C40889  SETTABLE r34 ->> r33[k142 ('china' [h=1129D14E,$009A6060])]
      2491 20B70849  SETTABLE r33 ->> r32[k116 ('conditions' [h=B20F7A7D,$0097AA60])]
      2492 2100008A  NEWTABLE r33 := {} (#a=0, #h=2)
      2493 22004441     LOADK r34 := k273 ('hae2frm' [h=549503FB,$00988FE0])
      2494 2300008A  NEWTABLE r35 := {} (#a=0, #h=2)
      2495 2401000A  NEWTABLE r36 := {} (#a=2, #h=0)
      2496 2500004A  NEWTABLE r37 := {} (#a=0, #h=1)
      2497 25DEFA09  SETTABLE k238 ('template_china_jeep' [h=510E0121,$009F3840]) ->> r37[k195 ('template' [h=7CE5CAD2,$009A1120])]
      2498 2600004A  NEWTABLE r38 := {} (#a=0, #h=1)
      2499 26DEF4C9  SETTABLE k217 ('template_civ_cargotruck' [h=E35CEF16,$009D87C0]) ->> r38[k195 ('template' [h=7CE5CAD2,$009A1120])]
      2500 2400005F   SETLIST r36 [1]
      2501 23DE0909  SETTABLE r36 ->> r35[k194 ('spawners' [h=5EA201D8,$009ABE80])]
      2502 23DB7AC9  SETTABLE k241 (350.0) ->> r35[k188 ('density' [h=78F59AB8,$0098AF40])]
      2503 211108C9  SETTABLE r35 ->> r33[r34]
      2504 220045C1     LOADK r34 := k279 ('nab2hae' [h=6A15D3F9,$009A20E0])
      2505 2300008A  NEWTABLE r35 := {} (#a=0, #h=2)
      2506 2401000A  NEWTABLE r36 := {} (#a=2, #h=0)
      2507 2500004A  NEWTABLE r37 := {} (#a=0, #h=1)
      2508 25DEFA09  SETTABLE k238 ('template_china_jeep' [h=510E0121,$009F3840]) ->> r37[k195 ('template' [h=7CE5CAD2,$009A1120])]
      2509 2600004A  NEWTABLE r38 := {} (#a=0, #h=1)
      2510 26DEF4C9  SETTABLE k217 ('template_civ_cargotruck' [h=E35CEF16,$009D87C0]) ->> r38[k195 ('template' [h=7CE5CAD2,$009A1120])]
      2511 2400005F   SETLIST r36 [1]
      2512 23DE0909  SETTABLE r36 ->> r35[k194 ('spawners' [h=5EA201D8,$009ABE80])]
      2513 23DB7AC9  SETTABLE k241 (350.0) ->> r35[k188 ('density' [h=78F59AB8,$0098AF40])]
      2514 211108C9  SETTABLE r35 ->> r33[r34]
      2515 20DA0849  SETTABLE r33 ->> r32[k186 ('trafficZones' [h=6C281FF5,$00997B00])]
      2516 2100008A  NEWTABLE r33 := {} (#a=0, #h=2)
      2517 2200004A  NEWTABLE r34 := {} (#a=0, #h=1)
      2518 2301000A  NEWTABLE r35 := {} (#a=2, #h=0)
      2519 24002041     LOADK r36 := k129 ('start' [h=11BCD3FC,$009A4EA0])
      2520 25001F41     LOADK r37 := k125 (3.0)
      2521 2300005F   SETLIST r35 [1]
      2522 22C408C9  SETTABLE r35 ->> r34[k142 ('china' [h=1129D14E,$009A6060])]
      2523 21B70889  SETTABLE r34 ->> r33[k116 ('conditions' [h=B20F7A7D,$0097AA60])]
      2524 2200000A  NEWTABLE r34 := {} (#a=0, #h=0)
      2525 23004AC1     LOADK r35 := k299 ('nab-a' [h=10136AD2,$009C6100])
      2526 2400004A  NEWTABLE r36 := {} (#a=0, #h=1)
      2527 250044C1     LOADK r37 := k275 ('disableZone' [h=1EEA23B1,$00980F80])
      2528 26008002  LOADBOOL r38 := True
      2529 24128989  SETTABLE r38 ->> r36[r37]
      2530 22118909  SETTABLE r36 ->> r34[r35]
      2531 21DA0889  SETTABLE r34 ->> r33[k186 ('trafficZones' [h=6C281FF5,$00997B00])]
      2532 01000FDF   SETLIST r1 [63]
      2533 0200008A  NEWTABLE r2 := {} (#a=0, #h=2)
      2534 0300004A  NEWTABLE r3 := {} (#a=0, #h=1)
      2535 0401000A  NEWTABLE r4 := {} (#a=2, #h=0)
      2536 0501000A  NEWTABLE r5 := {} (#a=2, #h=0)
      2537 06002101     LOADK r6 := k132 ('post' [h=0078F550,$009799E0])
      2538 07001F41     LOADK r7 := k125 (3.0)
      2539 0500005F   SETLIST r5 [1]
      2540 06002701     LOADK r6 := k156 (6.0)
      2541 0400005F   SETLIST r4 [1]
      2542 03C40109  SETTABLE r4 ->> r3[k142 ('china' [h=1129D14E,$009A6060])]
      2543 02B700C9  SETTABLE r3 ->> r2[k116 ('conditions' [h=B20F7A7D,$0097AA60])]
      2544 0300000A  NEWTABLE r3 := {} (#a=0, #h=0)
      2545 04004AC1     LOADK r4 := k299 ('nab-a' [h=10136AD2,$009C6100])
      2546 0500004A  NEWTABLE r5 := {} (#a=0, #h=1)
      2547 060044C1     LOADK r6 := k275 ('disableZone' [h=1EEA23B1,$00980F80])
      2548 07008002  LOADBOOL r7 := True
      2549 050301C9  SETTABLE r7 ->> r5[r6]
      2550 03020149  SETTABLE r5 ->> r3[r4]
      2551 02DA00C9  SETTABLE r3 ->> r2[k186 ('trafficZones' [h=6C281FF5,$00997B00])]
      2552 0300008A  NEWTABLE r3 := {} (#a=0, #h=2)
      2553 0400004A  NEWTABLE r4 := {} (#a=0, #h=1)
      2554 0501000A  NEWTABLE r5 := {} (#a=2, #h=0)
      2555 0601000A  NEWTABLE r6 := {} (#a=2, #h=0)
      2556 07002101     LOADK r7 := k132 ('post' [h=0078F550,$009799E0])
      2557 08002701     LOADK r8 := k156 (6.0)
      2558 0600005F   SETLIST r6 [1]
      2559 07002081     LOADK r7 := k130 ('end' [h=0003246B,$0098F900])
      2560 0500005F   SETLIST r5 [1]
      2561 04C40149  SETTABLE r5 ->> r4[k142 ('china' [h=1129D14E,$009A6060])]
      2562 03B70109  SETTABLE r4 ->> r3[k116 ('conditions' [h=B20F7A7D,$0097AA60])]
      2563 0400000A  NEWTABLE r4 := {} (#a=0, #h=0)
      2564 05004AC1     LOADK r5 := k299 ('nab-a' [h=10136AD2,$009C6100])
      2565 0600008A  NEWTABLE r6 := {} (#a=0, #h=2)
      2566 0701800A  NEWTABLE r7 := {} (#a=3, #h=0)
      2567 0800004A  NEWTABLE r8 := {} (#a=0, #h=1)
      2568 09005941     LOADK r9 := k357 ('template_nab_c_soldier' [h=0F66B354,$00A0B100])
      2569 08DE8249  SETTABLE r9 ->> r8[k195 ('template' [h=7CE5CAD2,$009A1120])]
      2570 0900004A  NEWTABLE r9 := {} (#a=0, #h=1)
      2571 0A005981     LOADK r10 := k358 ('template_nab_c_elite' [h=9EA20760,$009E0040])
      2572 09DE8289  SETTABLE r10 ->> r9[k195 ('template' [h=7CE5CAD2,$009A1120])]
      2573 0A00004A  NEWTABLE r10 := {} (#a=0, #h=1)
      2574 0B0059C1     LOADK r11 := k359 ('template_nab_c_rpg' [h=CE955248,$009E1D40])
      2575 0ADE82C9  SETTABLE r11 ->> r10[k195 ('template' [h=7CE5CAD2,$009A1120])]
      2576 0700009F   SETLIST r7 [2]
      2577 06DE01C9  SETTABLE r7 ->> r6[k194 ('spawners' [h=5EA201D8,$009ABE80])]
      2578 07005181     LOADK r7 := k326 (100.0)
      2579 06DB01C9  SETTABLE r7 ->> r6[k188 ('density' [h=78F59AB8,$0098AF40])]
      2580 04028189  SETTABLE r6 ->> r4[r5]
      2581 03DA0109  SETTABLE r4 ->> r3[k186 ('trafficZones' [h=6C281FF5,$00997B00])]
      2582 0400008A  NEWTABLE r4 := {} (#a=0, #h=2)
      2583 0500004A  NEWTABLE r5 := {} (#a=0, #h=1)
      2584 0601000A  NEWTABLE r6 := {} (#a=2, #h=0)
      2585 07002041     LOADK r7 := k129 ('start' [h=11BCD3FC,$009A4EA0])
      2586 08001F41     LOADK r8 := k125 (3.0)
      2587 0600005F   SETLIST r6 [1]
      2588 05C40189  SETTABLE r6 ->> r5[k142 ('china' [h=1129D14E,$009A6060])]
      2589 04B70149  SETTABLE r5 ->> r4[k116 ('conditions' [h=B20F7A7D,$0097AA60])]
      2590 05005A01     LOADK r5 := k360 ('trafficZone' [h=280B553E,$0099C800])
      2591 0600000A  NEWTABLE r6 := {} (#a=0, #h=0)
      2592 07005A41     LOADK r7 := k361 ('nampo-l' [h=02E326C3,$009C5720])
      2593 0800004A  NEWTABLE r8 := {} (#a=0, #h=1)
      2594 0900800A  NEWTABLE r9 := {} (#a=1, #h=0)
      2595 0A00004A  NEWTABLE r10 := {} (#a=0, #h=1)
      2596 0ADEF849  SETTABLE k231 ('template_nk_jeepmgun' [h=723E0F6F,$009F2140]) ->> r10[k195 ('template' [h=7CE5CAD2,$009A1120])]
      2597 0900001F   SETLIST r9 [0]
      2598 08DE0249  SETTABLE r9 ->> r8[k194 ('spawners' [h=5EA201D8,$009ABE80])]
      2599 06038209  SETTABLE r8 ->> r6[r7]
      2600 04028189  SETTABLE r6 ->> r4[r5]
      2601 0500008A  NEWTABLE r5 := {} (#a=0, #h=2)
      2602 0600004A  NEWTABLE r6 := {} (#a=0, #h=1)
      2603 0701000A  NEWTABLE r7 := {} (#a=2, #h=0)
      2604 0801000A  NEWTABLE r8 := {} (#a=2, #h=0)
      2605 09002101     LOADK r9 := k132 ('post' [h=0078F550,$009799E0])
      2606 0A001F41     LOADK r10 := k125 (3.0)
      2607 0800005F   SETLIST r8 [1]
      2608 09002081     LOADK r9 := k130 ('end' [h=0003246B,$0098F900])
      2609 0700005F   SETLIST r7 [1]
      2610 06C401C9  SETTABLE r7 ->> r6[k142 ('china' [h=1129D14E,$009A6060])]
      2611 05B70189  SETTABLE r6 ->> r5[k116 ('conditions' [h=B20F7A7D,$0097AA60])]
      2612 06005A01     LOADK r6 := k360 ('trafficZone' [h=280B553E,$0099C800])
      2613 0700000A  NEWTABLE r7 := {} (#a=0, #h=0)
      2614 08005A41     LOADK r8 := k361 ('nampo-l' [h=02E326C3,$009C5720])
      2615 0900004A  NEWTABLE r9 := {} (#a=0, #h=1)
      2616 0A00800A  NEWTABLE r10 := {} (#a=1, #h=0)
      2617 0B00004A  NEWTABLE r11 := {} (#a=0, #h=1)
      2618 0BDEFA09  SETTABLE k238 ('template_china_jeep' [h=510E0121,$009F3840]) ->> r11[k195 ('template' [h=7CE5CAD2,$009A1120])]
      2619 0A00001F   SETLIST r10 [0]
      2620 09DE0289  SETTABLE r10 ->> r9[k194 ('spawners' [h=5EA201D8,$009ABE80])]
      2621 07040249  SETTABLE r9 ->> r7[r8]
      2622 050301C9  SETTABLE r7 ->> r5[r6]
      2623 0600008A  NEWTABLE r6 := {} (#a=0, #h=2)
      2624 0700004A  NEWTABLE r7 := {} (#a=0, #h=1)
      2625 0801000A  NEWTABLE r8 := {} (#a=2, #h=0)
      2626 09002041     LOADK r9 := k129 ('start' [h=11BCD3FC,$009A4EA0])
      2627 0A001F41     LOADK r10 := k125 (3.0)
      2628 0800005F   SETLIST r8 [1]
      2629 07C40209  SETTABLE r8 ->> r7[k142 ('china' [h=1129D14E,$009A6060])]
      2630 06B701C9  SETTABLE r7 ->> r6[k116 ('conditions' [h=B20F7A7D,$0097AA60])]
      2631 0700000A  NEWTABLE r7 := {} (#a=0, #h=0)
      2632 0800008A  NEWTABLE r8 := {} (#a=0, #h=2)
      2633 0901000A  NEWTABLE r9 := {} (#a=2, #h=0)
      2634 0A00004A  NEWTABLE r10 := {} (#a=0, #h=1)
      2635 0B005A81     LOADK r11 := k362 ('template_nabhills_hoplite' [h=961CA89D,$00A2D000])
      2636 0ADE82C9  SETTABLE r11 ->> r10[k195 ('template' [h=7CE5CAD2,$009A1120])]
      2637 0B00008A  NEWTABLE r11 := {} (#a=0, #h=2)
      2638 0C005AC1     LOADK r12 := k363 ('template_nabhills_littlebird' [h=6F697CAF,$00A04880])
      2639 0BDE8309  SETTABLE r12 ->> r11[k195 ('template' [h=7CE5CAD2,$009A1120])]
      2640 0BEA5E09  SETTABLE k126 (4.0) ->> r11[k218 ('weight' [h=922166CB,$009992E0])]
      2641 0900005F   SETLIST r9 [1]
      2642 08DE0249  SETTABLE r9 ->> r8[k194 ('spawners' [h=5EA201D8,$009ABE80])]
      2643 08DB7149  SETTABLE k203 (1000.0) ->> r8[k188 ('density' [h=78F59AB8,$0098AF40])]
      2644 07F68209  SETTABLE r8 ->> r7[k243 ('nabhills-h' [h=93FD21B3,$00990A80])]
      2645 0800008A  NEWTABLE r8 := {} (#a=0, #h=2)
      2646 0903000A  NEWTABLE r9 := {} (#a=6, #h=0)
      2647 0A00004A  NEWTABLE r10 := {} (#a=0, #h=1)
      2648 0B005B01     LOADK r11 := k364 ('template_nabhills_54' [h=3968FA79,$00A408C0])
      2649 0ADE82C9  SETTABLE r11 ->> r10[k195 ('template' [h=7CE5CAD2,$009A1120])]
      2650 0B00004A  NEWTABLE r11 := {} (#a=0, #h=1)
      2651 0C005B41     LOADK r12 := k365 ('template_nabhills_zsu' [h=8BD0C799,$009E8040])
      2652 0BDE8309  SETTABLE r12 ->> r11[k195 ('template' [h=7CE5CAD2,$009A1120])]
      2653 0C00008A  NEWTABLE r12 := {} (#a=0, #h=2)
      2654 0D005B81     LOADK r13 := k366 ('template_nabhills_cargo' [h=7D65A7B7,$009E5A00])
      2655 0CDE8349  SETTABLE r13 ->> r12[k195 ('template' [h=7CE5CAD2,$009A1120])]
      2656 0CEA60C9  SETTABLE k137 (2.0) ->> r12[k218 ('weight' [h=922166CB,$009992E0])]
      2657 0D00008A  NEWTABLE r13 := {} (#a=0, #h=2)
      2658 0E005BC1     LOADK r14 := k367 ('template_nabhills_truck' [h=1FE3231D,$00A10A80])
      2659 0DDE8389  SETTABLE r14 ->> r13[k195 ('template' [h=7CE5CAD2,$009A1120])]
      2660 0DEA60C9  SETTABLE k137 (2.0) ->> r13[k218 ('weight' [h=922166CB,$009992E0])]
      2661 0E00008A  NEWTABLE r14 := {} (#a=0, #h=2)
      2662 0F005C01     LOADK r15 := k368 ('template_nabhills_frog' [h=E4C58E26,$00A0DF40])
      2663 0EDE83C9  SETTABLE r15 ->> r14[k195 ('template' [h=7CE5CAD2,$009A1120])]
      2664 0EEA60C9  SETTABLE k137 (2.0) ->> r14[k218 ('weight' [h=922166CB,$009992E0])]
      2665 0F00008A  NEWTABLE r15 := {} (#a=0, #h=2)
      2666 10005C41     LOADK r16 := k369 ('template_nabhills_jeep' [h=53F7CBA3,$009E6A00])
      2667 0FDE8409  SETTABLE r16 ->> r15[k195 ('template' [h=7CE5CAD2,$009A1120])]
      2668 0FEA60C9  SETTABLE k137 (2.0) ->> r15[k218 ('weight' [h=922166CB,$009992E0])]
      2669 0900015F   SETLIST r9 [5]
      2670 08DE0249  SETTABLE r9 ->> r8[k194 ('spawners' [h=5EA201D8,$009ABE80])]
      2671 08DB7249  SETTABLE k207 (400.0) ->> r8[k188 ('density' [h=78F59AB8,$0098AF40])]
      2672 07F78209  SETTABLE r8 ->> r7[k245 ('nabhills-g' [h=86A3ED54,$00995FE0])]
      2673 06DA01C9  SETTABLE r7 ->> r6[k186 ('trafficZones' [h=6C281FF5,$00997B00])]
      2674 0700008A  NEWTABLE r7 := {} (#a=0, #h=2)
      2675 0800004A  NEWTABLE r8 := {} (#a=0, #h=1)
      2676 0901000A  NEWTABLE r9 := {} (#a=2, #h=0)
      2677 0A01000A  NEWTABLE r10 := {} (#a=2, #h=0)
      2678 0B002101     LOADK r11 := k132 ('post' [h=0078F550,$009799E0])
      2679 0C001F41     LOADK r12 := k125 (3.0)
      2680 0A00005F   SETLIST r10 [1]
      2681 0B002081     LOADK r11 := k130 ('end' [h=0003246B,$0098F900])
      2682 0900005F   SETLIST r9 [1]
      2683 08C40249  SETTABLE r9 ->> r8[k142 ('china' [h=1129D14E,$009A6060])]
      2684 07B70209  SETTABLE r8 ->> r7[k116 ('conditions' [h=B20F7A7D,$0097AA60])]
      2685 0800000A  NEWTABLE r8 := {} (#a=0, #h=0)
      2686 0900008A  NEWTABLE r9 := {} (#a=0, #h=2)
      2687 0A01800A  NEWTABLE r10 := {} (#a=3, #h=0)
      2688 0B00004A  NEWTABLE r11 := {} (#a=0, #h=1)
      2689 0C005C81     LOADK r12 := k370 ('template_nabhills_mi2hoplite' [h=272253C3,$00A2BE80])
      2690 0BDE8309  SETTABLE r12 ->> r11[k195 ('template' [h=7CE5CAD2,$009A1120])]
      2691 0C00008A  NEWTABLE r12 := {} (#a=0, #h=2)
      2692 0D005A81     LOADK r13 := k362 ('template_nabhills_hoplite' [h=961CA89D,$00A2D000])
      2693 0CDE8349  SETTABLE r13 ->> r12[k195 ('template' [h=7CE5CAD2,$009A1120])]
      2694 0CEA60C9  SETTABLE k137 (2.0) ->> r12[k218 ('weight' [h=922166CB,$009992E0])]
      2695 0D00008A  NEWTABLE r13 := {} (#a=0, #h=2)
      2696 0E005AC1     LOADK r14 := k363 ('template_nabhills_littlebird' [h=6F697CAF,$00A04880])
      2697 0DDE8389  SETTABLE r14 ->> r13[k195 ('template' [h=7CE5CAD2,$009A1120])]
      2698 0DEA6149  SETTABLE k139 (5.0) ->> r13[k218 ('weight' [h=922166CB,$009992E0])]
      2699 0A00009F   SETLIST r10 [2]
      2700 09DE0289  SETTABLE r10 ->> r9[k194 ('spawners' [h=5EA201D8,$009ABE80])]
      2701 09DB7149  SETTABLE k203 (1000.0) ->> r9[k188 ('density' [h=78F59AB8,$0098AF40])]
      2702 08F68249  SETTABLE r9 ->> r8[k243 ('nabhills-h' [h=93FD21B3,$00990A80])]
      2703 0900008A  NEWTABLE r9 := {} (#a=0, #h=2)
      2704 0A03800A  NEWTABLE r10 := {} (#a=7, #h=0)
      2705 0B00004A  NEWTABLE r11 := {} (#a=0, #h=1)
      2706 0C005CC1     LOADK r12 := k371 ('template_nabhills_62' [h=E03B7FDD,$00A2C340])
      2707 0BDE8309  SETTABLE r12 ->> r11[k195 ('template' [h=7CE5CAD2,$009A1120])]
      2708 0C00004A  NEWTABLE r12 := {} (#a=0, #h=1)
      2709 0D005B01     LOADK r13 := k364 ('template_nabhills_54' [h=3968FA79,$00A408C0])
      2710 0CDE8349  SETTABLE r13 ->> r12[k195 ('template' [h=7CE5CAD2,$009A1120])]
      2711 0D00008A  NEWTABLE r13 := {} (#a=0, #h=2)
      2712 0E005B41     LOADK r14 := k365 ('template_nabhills_zsu' [h=8BD0C799,$009E8040])
      2713 0DDE8389  SETTABLE r14 ->> r13[k195 ('template' [h=7CE5CAD2,$009A1120])]
      2714 0DEA60C9  SETTABLE k137 (2.0) ->> r13[k218 ('weight' [h=922166CB,$009992E0])]
      2715 0E00008A  NEWTABLE r14 := {} (#a=0, #h=2)
      2716 0F005B81     LOADK r15 := k366 ('template_nabhills_cargo' [h=7D65A7B7,$009E5A00])
      2717 0EDE83C9  SETTABLE r15 ->> r14[k195 ('template' [h=7CE5CAD2,$009A1120])]
      2718 0EEA60C9  SETTABLE k137 (2.0) ->> r14[k218 ('weight' [h=922166CB,$009992E0])]
      2719 0F00008A  NEWTABLE r15 := {} (#a=0, #h=2)
      2720 10005BC1     LOADK r16 := k367 ('template_nabhills_truck' [h=1FE3231D,$00A10A80])
      2721 0FDE8409  SETTABLE r16 ->> r15[k195 ('template' [h=7CE5CAD2,$009A1120])]
      2722 0FEA60C9  SETTABLE k137 (2.0) ->> r15[k218 ('weight' [h=922166CB,$009992E0])]
      2723 1000004A  NEWTABLE r16 := {} (#a=0, #h=1)
      2724 11005C01     LOADK r17 := k368 ('template_nabhills_frog' [h=E4C58E26,$00A0DF40])
      2725 10DE8449  SETTABLE r17 ->> r16[k195 ('template' [h=7CE5CAD2,$009A1120])]
      2726 1100004A  NEWTABLE r17 := {} (#a=0, #h=1)
      2727 12005C41     LOADK r18 := k369 ('template_nabhills_jeep' [h=53F7CBA3,$009E6A00])
      2728 11DE8489  SETTABLE r18 ->> r17[k195 ('template' [h=7CE5CAD2,$009A1120])]
      2729 0A00019F   SETLIST r10 [6]
      2730 09DE0289  SETTABLE r10 ->> r9[k194 ('spawners' [h=5EA201D8,$009ABE80])]
      2731 09DB7249  SETTABLE k207 (400.0) ->> r9[k188 ('density' [h=78F59AB8,$0098AF40])]
      2732 08F78249  SETTABLE r9 ->> r8[k245 ('nabhills-g' [h=86A3ED54,$00995FE0])]
      2733 07DA0209  SETTABLE r8 ->> r7[k186 ('trafficZones' [h=6C281FF5,$00997B00])]
      2734 0800008A  NEWTABLE r8 := {} (#a=0, #h=2)
      2735 0900004A  NEWTABLE r9 := {} (#a=0, #h=1)
      2736 0A01000A  NEWTABLE r10 := {} (#a=2, #h=0)
      2737 0B01000A  NEWTABLE r11 := {} (#a=2, #h=0)
      2738 0C002101     LOADK r12 := k132 ('post' [h=0078F550,$009799E0])
      2739 0D002141     LOADK r13 := k133 (1.0)
      2740 0B00005F   SETLIST r11 [1]
      2741 0C002081     LOADK r12 := k130 ('end' [h=0003246B,$0098F900])
      2742 0A00005F   SETLIST r10 [1]
      2743 09C40289  SETTABLE r10 ->> r9[k142 ('china' [h=1129D14E,$009A6060])]
      2744 08B70249  SETTABLE r9 ->> r8[k116 ('conditions' [h=B20F7A7D,$0097AA60])]
      2745 0900000A  NEWTABLE r9 := {} (#a=0, #h=0)
      2746 0A00004A  NEWTABLE r10 := {} (#a=0, #h=1)
      2747 0B01000A  NEWTABLE r11 := {} (#a=2, #h=0)
      2748 0C00008A  NEWTABLE r12 := {} (#a=0, #h=2)
      2749 0CDEFA09  SETTABLE k238 ('template_china_jeep' [h=510E0121,$009F3840]) ->> r12[k195 ('template' [h=7CE5CAD2,$009A1120])]
      2750 0CEA5DC9  SETTABLE k125 (3.0) ->> r12[k218 ('weight' [h=922166CB,$009992E0])]
      2751 0D00004A  NEWTABLE r13 := {} (#a=0, #h=1)
      2752 0DDEF849  SETTABLE k231 ('template_nk_jeepmgun' [h=723E0F6F,$009F2140]) ->> r13[k195 ('template' [h=7CE5CAD2,$009A1120])]
      2753 0B00005F   SETLIST r11 [1]
      2754 0ADE02C9  SETTABLE r11 ->> r10[k194 ('spawners' [h=5EA201D8,$009ABE80])]
      2755 09FA8289  SETTABLE r10 ->> r9[k251 ('pyongyangairport-r' [h=FC94DEA1,$00A069C0])]
      2756 08DA0249  SETTABLE r9 ->> r8[k186 ('trafficZones' [h=6C281FF5,$00997B00])]
      2757 0900008A  NEWTABLE r9 := {} (#a=0, #h=2)
      2758 0A00004A  NEWTABLE r10 := {} (#a=0, #h=1)
      2759 0B01000A  NEWTABLE r11 := {} (#a=2, #h=0)
      2760 0C01000A  NEWTABLE r12 := {} (#a=2, #h=0)
      2761 0D002101     LOADK r13 := k132 ('post' [h=0078F550,$009799E0])
      2762 0E001F41     LOADK r14 := k125 (3.0)
      2763 0C00005F   SETLIST r12 [1]
      2764 0D002081     LOADK r13 := k130 ('end' [h=0003246B,$0098F900])
      2765 0B00005F   SETLIST r11 [1]
      2766 0AC402C9  SETTABLE r11 ->> r10[k142 ('china' [h=1129D14E,$009A6060])]
      2767 09B70289  SETTABLE r10 ->> r9[k116 ('conditions' [h=B20F7A7D,$0097AA60])]
      2768 0A00000A  NEWTABLE r10 := {} (#a=0, #h=0)
      2769 0B00004A  NEWTABLE r11 := {} (#a=0, #h=1)
      2770 0C00800A  NEWTABLE r12 := {} (#a=1, #h=0)
      2771 0D00004A  NEWTABLE r13 := {} (#a=0, #h=1)
      2772 0DDEFA09  SETTABLE k238 ('template_china_jeep' [h=510E0121,$009F3840]) ->> r13[k195 ('template' [h=7CE5CAD2,$009A1120])]
      2773 0C00001F   SETLIST r12 [0]
      2774 0BDE0309  SETTABLE r12 ->> r11[k194 ('spawners' [h=5EA201D8,$009ABE80])]
      2775 0AF502C9  SETTABLE r11 ->> r10[k240 ('nampo-r' [h=EEA822D1,$009A08C0])]
      2776 09DA0289  SETTABLE r10 ->> r9[k186 ('trafficZones' [h=6C281FF5,$00997B00])]
      2777 0A00008A  NEWTABLE r10 := {} (#a=0, #h=2)
      2778 0B00004A  NEWTABLE r11 := {} (#a=0, #h=1)
      2779 0C01000A  NEWTABLE r12 := {} (#a=2, #h=0)
      2780 0D002041     LOADK r13 := k129 ('start' [h=11BCD3FC,$009A4EA0])
      2781 0E001F81     LOADK r14 := k126 (4.0)
      2782 0C00005F   SETLIST r12 [1]
      2783 0BCC8309  SETTABLE r12 ->> r11[k159 ('mafia' [h=11226556,$009A6140])]
      2784 0AB702C9  SETTABLE r11 ->> r10[k116 ('conditions' [h=B20F7A7D,$0097AA60])]
      2785 0B00004A  NEWTABLE r11 := {} (#a=0, #h=1)
      2786 0C004601     LOADK r12 := k280 ('nab2nkb' [h=4B91558A,$009C3FE0])
      2787 0D01800A  NEWTABLE r13 := {} (#a=3, #h=0)
      2788 0E00004A  NEWTABLE r14 := {} (#a=0, #h=1)
      2789 0EDEF849  SETTABLE k231 ('template_nk_jeepmgun' [h=723E0F6F,$009F2140]) ->> r14[k195 ('template' [h=7CE5CAD2,$009A1120])]
      2790 0F00004A  NEWTABLE r15 := {} (#a=0, #h=1)
      2791 10005D01     LOADK r16 := k372 ('template_nk_transport' [h=46F5D0F3,$009E94C0])
      2792 0FDE8409  SETTABLE r16 ->> r15[k195 ('template' [h=7CE5CAD2,$009A1120])]
      2793 1000008A  NEWTABLE r16 := {} (#a=0, #h=2)
      2794 11005D41     LOADK r17 := k373 ('template_nk_brdm' [h=8666E9CD,$009F4000])
      2795 10DE8449  SETTABLE r17 ->> r16[k195 ('template' [h=7CE5CAD2,$009A1120])]
      2796 10DFDFC9  SETTABLE k133 (1.0) ->> r16[k197 ('cap' [h=0003518A,$009A3DC0])]
      2797 0D00009F   SETLIST r13 [2]
      2798 0B060349  SETTABLE r13 ->> r11[r12]
      2799 0ADA02C9  SETTABLE r11 ->> r10[k186 ('trafficZones' [h=6C281FF5,$00997B00])]
      2800 0B00008A  NEWTABLE r11 := {} (#a=0, #h=2)
      2801 0C00004A  NEWTABLE r12 := {} (#a=0, #h=1)
      2802 0D01000A  NEWTABLE r13 := {} (#a=2, #h=0)
      2803 0E01000A  NEWTABLE r14 := {} (#a=2, #h=0)
      2804 0F002101     LOADK r15 := k132 ('post' [h=0078F550,$009799E0])
      2805 10002141     LOADK r16 := k133 (1.0)
      2806 0E00005F   SETLIST r14 [1]
      2807 0F002241     LOADK r15 := k137 (2.0)
      2808 0D00005F   SETLIST r13 [1]
      2809 0CCC8349  SETTABLE r13 ->> r12[k159 ('mafia' [h=11226556,$009A6140])]
      2810 0BB70309  SETTABLE r12 ->> r11[k116 ('conditions' [h=B20F7A7D,$0097AA60])]
      2811 0C00004A  NEWTABLE r12 := {} (#a=0, #h=1)
      2812 0D00800A  NEWTABLE r13 := {} (#a=1, #h=0)
      2813 0E00008A  NEWTABLE r14 := {} (#a=0, #h=2)
      2814 0F005D81     LOADK r15 := k374 ('template_pye_mafia_technicalMG' [h=1B6EB500,$009E5AC0])
      2815 0EDE83C9  SETTABLE r15 ->> r14[k195 ('template' [h=7CE5CAD2,$009A1120])]
      2816 0EDFDFC9  SETTABLE k133 (1.0) ->> r14[k197 ('cap' [h=0003518A,$009A3DC0])]
      2817 0D00001F   SETLIST r13 [0]
      2818 0CFE0349  SETTABLE r13 ->> r12[k258 ('pyongeast' [h=07DFCA5B,$00976F20])]
      2819 0BDA0309  SETTABLE r12 ->> r11[k186 ('trafficZones' [h=6C281FF5,$00997B00])]
      2820 0C00008A  NEWTABLE r12 := {} (#a=0, #h=2)
      2821 0D00004A  NEWTABLE r13 := {} (#a=0, #h=1)
      2822 0E01000A  NEWTABLE r14 := {} (#a=2, #h=0)
      2823 0F01000A  NEWTABLE r15 := {} (#a=2, #h=0)
      2824 10002101     LOADK r16 := k132 ('post' [h=0078F550,$009799E0])
      2825 11002241     LOADK r17 := k137 (2.0)
      2826 0F00005F   SETLIST r15 [1]
      2827 10001F41     LOADK r16 := k125 (3.0)
      2828 0E00005F   SETLIST r14 [1]
      2829 0DCC8389  SETTABLE r14 ->> r13[k159 ('mafia' [h=11226556,$009A6140])]
      2830 0CB70349  SETTABLE r13 ->> r12[k116 ('conditions' [h=B20F7A7D,$0097AA60])]
      2831 0D00004A  NEWTABLE r13 := {} (#a=0, #h=1)
      2832 0E00800A  NEWTABLE r14 := {} (#a=1, #h=0)
      2833 0F00008A  NEWTABLE r15 := {} (#a=0, #h=2)
      2834 10005D81     LOADK r16 := k374 ('template_pye_mafia_technicalMG' [h=1B6EB500,$009E5AC0])
      2835 0FDE8409  SETTABLE r16 ->> r15[k195 ('template' [h=7CE5CAD2,$009A1120])]
      2836 0FDFE0C9  SETTABLE k137 (2.0) ->> r15[k197 ('cap' [h=0003518A,$009A3DC0])]
      2837 0E00001F   SETLIST r14 [0]
      2838 0DFE0389  SETTABLE r14 ->> r13[k258 ('pyongeast' [h=07DFCA5B,$00976F20])]
      2839 0CDA0349  SETTABLE r13 ->> r12[k186 ('trafficZones' [h=6C281FF5,$00997B00])]
      2840 0D00008A  NEWTABLE r13 := {} (#a=0, #h=2)
      2841 0E00004A  NEWTABLE r14 := {} (#a=0, #h=1)
      2842 0F01000A  NEWTABLE r15 := {} (#a=2, #h=0)
      2843 1001000A  NEWTABLE r16 := {} (#a=2, #h=0)
      2844 11002101     LOADK r17 := k132 ('post' [h=0078F550,$009799E0])
      2845 12001F41     LOADK r18 := k125 (3.0)
      2846 1000005F   SETLIST r16 [1]
      2847 11001F81     LOADK r17 := k126 (4.0)
      2848 0F00005F   SETLIST r15 [1]
      2849 0ECC83C9  SETTABLE r15 ->> r14[k159 ('mafia' [h=11226556,$009A6140])]
      2850 0DB70389  SETTABLE r14 ->> r13[k116 ('conditions' [h=B20F7A7D,$0097AA60])]
      2851 0E00008A  NEWTABLE r14 := {} (#a=0, #h=2)
      2852 0F00800A  NEWTABLE r15 := {} (#a=1, #h=0)
      2853 1000008A  NEWTABLE r16 := {} (#a=0, #h=2)
      2854 11005D81     LOADK r17 := k374 ('template_pye_mafia_technicalMG' [h=1B6EB500,$009E5AC0])
      2855 10DE8449  SETTABLE r17 ->> r16[k195 ('template' [h=7CE5CAD2,$009A1120])]
      2856 10DFDDC9  SETTABLE k125 (3.0) ->> r16[k197 ('cap' [h=0003518A,$009A3DC0])]
      2857 0F00001F   SETLIST r15 [0]
      2858 0EFE03C9  SETTABLE r15 ->> r14[k258 ('pyongeast' [h=07DFCA5B,$00976F20])]
      2859 0F00800A  NEWTABLE r15 := {} (#a=1, #h=0)
      2860 1000008A  NEWTABLE r16 := {} (#a=0, #h=2)
      2861 11005D81     LOADK r17 := k374 ('template_pye_mafia_technicalMG' [h=1B6EB500,$009E5AC0])
      2862 10DE8449  SETTABLE r17 ->> r16[k195 ('template' [h=7CE5CAD2,$009A1120])]
      2863 10DFDFC9  SETTABLE k133 (1.0) ->> r16[k197 ('cap' [h=0003518A,$009A3DC0])]
      2864 0F00001F   SETLIST r15 [0]
      2865 0EFD03C9  SETTABLE r15 ->> r14[k256 ('pyongnorth' [h=A4B950E1,$0099FC80])]
      2866 0F00800A  NEWTABLE r15 := {} (#a=1, #h=0)
      2867 1000008A  NEWTABLE r16 := {} (#a=0, #h=2)
      2868 11005D81     LOADK r17 := k374 ('template_pye_mafia_technicalMG' [h=1B6EB500,$009E5AC0])
      2869 10DE8449  SETTABLE r17 ->> r16[k195 ('template' [h=7CE5CAD2,$009A1120])]
      2870 10DFDFC9  SETTABLE k133 (1.0) ->> r16[k197 ('cap' [h=0003518A,$009A3DC0])]
      2871 0F00001F   SETLIST r15 [0]
      2872 0EFB83C9  SETTABLE r15 ->> r14[k253 ('pyongdowntown' [h=A34DBFCD,$00997B40])]
      2873 0DDA0389  SETTABLE r14 ->> r13[k186 ('trafficZones' [h=6C281FF5,$00997B00])]
      2874 0E00008A  NEWTABLE r14 := {} (#a=0, #h=2)
      2875 0F00004A  NEWTABLE r15 := {} (#a=0, #h=1)
      2876 1001000A  NEWTABLE r16 := {} (#a=2, #h=0)
      2877 1101000A  NEWTABLE r17 := {} (#a=2, #h=0)
      2878 12002101     LOADK r18 := k132 ('post' [h=0078F550,$009799E0])
      2879 13001F81     LOADK r19 := k126 (4.0)
      2880 1100005F   SETLIST r17 [1]
      2881 120022C1     LOADK r18 := k139 (5.0)
      2882 1000005F   SETLIST r16 [1]
      2883 0FCC8409  SETTABLE r16 ->> r15[k159 ('mafia' [h=11226556,$009A6140])]
      2884 0EB703C9  SETTABLE r15 ->> r14[k116 ('conditions' [h=B20F7A7D,$0097AA60])]
      2885 0F00008A  NEWTABLE r15 := {} (#a=0, #h=2)
      2886 1000800A  NEWTABLE r16 := {} (#a=1, #h=0)
      2887 1100008A  NEWTABLE r17 := {} (#a=0, #h=2)
      2888 12005D81     LOADK r18 := k374 ('template_pye_mafia_technicalMG' [h=1B6EB500,$009E5AC0])
      2889 11DE8489  SETTABLE r18 ->> r17[k195 ('template' [h=7CE5CAD2,$009A1120])]
      2890 11DFDE09  SETTABLE k126 (4.0) ->> r17[k197 ('cap' [h=0003518A,$009A3DC0])]
      2891 1000001F   SETLIST r16 [0]
      2892 0FFE0409  SETTABLE r16 ->> r15[k258 ('pyongeast' [h=07DFCA5B,$00976F20])]
      2893 1000800A  NEWTABLE r16 := {} (#a=1, #h=0)
      2894 1100008A  NEWTABLE r17 := {} (#a=0, #h=2)
      2895 12005D81     LOADK r18 := k374 ('template_pye_mafia_technicalMG' [h=1B6EB500,$009E5AC0])
      2896 11DE8489  SETTABLE r18 ->> r17[k195 ('template' [h=7CE5CAD2,$009A1120])]
      2897 11DFE0C9  SETTABLE k137 (2.0) ->> r17[k197 ('cap' [h=0003518A,$009A3DC0])]
      2898 1000001F   SETLIST r16 [0]
      2899 0FFD0409  SETTABLE r16 ->> r15[k256 ('pyongnorth' [h=A4B950E1,$0099FC80])]
      2900 1000800A  NEWTABLE r16 := {} (#a=1, #h=0)
      2901 1100008A  NEWTABLE r17 := {} (#a=0, #h=2)
      2902 12005D81     LOADK r18 := k374 ('template_pye_mafia_technicalMG' [h=1B6EB500,$009E5AC0])
      2903 11DE8489  SETTABLE r18 ->> r17[k195 ('template' [h=7CE5CAD2,$009A1120])]
      2904 11DFE0C9  SETTABLE k137 (2.0) ->> r17[k197 ('cap' [h=0003518A,$009A3DC0])]
      2905 1000001F   SETLIST r16 [0]
      2906 0FFB8409  SETTABLE r16 ->> r15[k253 ('pyongdowntown' [h=A34DBFCD,$00997B40])]
      2907 0EDA03C9  SETTABLE r15 ->> r14[k186 ('trafficZones' [h=6C281FF5,$00997B00])]
      2908 0F00008A  NEWTABLE r15 := {} (#a=0, #h=2)
      2909 1000004A  NEWTABLE r16 := {} (#a=0, #h=1)
      2910 1101000A  NEWTABLE r17 := {} (#a=2, #h=0)
      2911 1201000A  NEWTABLE r18 := {} (#a=2, #h=0)
      2912 13002101     LOADK r19 := k132 ('post' [h=0078F550,$009799E0])
      2913 140022C1     LOADK r20 := k139 (5.0)
      2914 1200005F   SETLIST r18 [1]
      2915 13002701     LOADK r19 := k156 (6.0)
      2916 1100005F   SETLIST r17 [1]
      2917 10CC8449  SETTABLE r17 ->> r16[k159 ('mafia' [h=11226556,$009A6140])]
      2918 0FB70409  SETTABLE r16 ->> r15[k116 ('conditions' [h=B20F7A7D,$0097AA60])]
      2919 1000008A  NEWTABLE r16 := {} (#a=0, #h=2)
      2920 1100800A  NEWTABLE r17 := {} (#a=1, #h=0)
      2921 1200008A  NEWTABLE r18 := {} (#a=0, #h=2)
      2922 13005D81     LOADK r19 := k374 ('template_pye_mafia_technicalMG' [h=1B6EB500,$009E5AC0])
      2923 12DE84C9  SETTABLE r19 ->> r18[k195 ('template' [h=7CE5CAD2,$009A1120])]
      2924 12DFE149  SETTABLE k139 (5.0) ->> r18[k197 ('cap' [h=0003518A,$009A3DC0])]
      2925 1100001F   SETLIST r17 [0]
      2926 10FE0449  SETTABLE r17 ->> r16[k258 ('pyongeast' [h=07DFCA5B,$00976F20])]
      2927 1100800A  NEWTABLE r17 := {} (#a=1, #h=0)
      2928 1200008A  NEWTABLE r18 := {} (#a=0, #h=2)
      2929 13005D81     LOADK r19 := k374 ('template_pye_mafia_technicalMG' [h=1B6EB500,$009E5AC0])
      2930 12DE84C9  SETTABLE r19 ->> r18[k195 ('template' [h=7CE5CAD2,$009A1120])]
      2931 12DFE0C9  SETTABLE k137 (2.0) ->> r18[k197 ('cap' [h=0003518A,$009A3DC0])]
      2932 1100001F   SETLIST r17 [0]
      2933 10FD0449  SETTABLE r17 ->> r16[k256 ('pyongnorth' [h=A4B950E1,$0099FC80])]
      2934 1100800A  NEWTABLE r17 := {} (#a=1, #h=0)
      2935 1200008A  NEWTABLE r18 := {} (#a=0, #h=2)
      2936 13005D81     LOADK r19 := k374 ('template_pye_mafia_technicalMG' [h=1B6EB500,$009E5AC0])
      2937 12DE84C9  SETTABLE r19 ->> r18[k195 ('template' [h=7CE5CAD2,$009A1120])]
      2938 12DFE0C9  SETTABLE k137 (2.0) ->> r18[k197 ('cap' [h=0003518A,$009A3DC0])]
      2939 1100001F   SETLIST r17 [0]
      2940 10FB8449  SETTABLE r17 ->> r16[k253 ('pyongdowntown' [h=A34DBFCD,$00997B40])]
      2941 0FDA0409  SETTABLE r16 ->> r15[k186 ('trafficZones' [h=6C281FF5,$00997B00])]
      2942 1000008A  NEWTABLE r16 := {} (#a=0, #h=2)
      2943 1100004A  NEWTABLE r17 := {} (#a=0, #h=1)
      2944 11CCDF09  SETTABLE k130 ('end' [h=0003246B,$0098F900]) ->> r17[k159 ('mafia' [h=11226556,$009A6140])]
      2945 10B70449  SETTABLE r17 ->> r16[k116 ('conditions' [h=B20F7A7D,$0097AA60])]
      2946 1100008A  NEWTABLE r17 := {} (#a=0, #h=2)
      2947 1200800A  NEWTABLE r18 := {} (#a=1, #h=0)
      2948 1300008A  NEWTABLE r19 := {} (#a=0, #h=2)
      2949 14005D81     LOADK r20 := k374 ('template_pye_mafia_technicalMG' [h=1B6EB500,$009E5AC0])
      2950 13DE8509  SETTABLE r20 ->> r19[k195 ('template' [h=7CE5CAD2,$009A1120])]
      2951 13DFE589  SETTABLE k156 (6.0) ->> r19[k197 ('cap' [h=0003518A,$009A3DC0])]
      2952 1200001F   SETLIST r18 [0]
      2953 11FE0489  SETTABLE r18 ->> r17[k258 ('pyongeast' [h=07DFCA5B,$00976F20])]
      2954 1200800A  NEWTABLE r18 := {} (#a=1, #h=0)
      2955 1300008A  NEWTABLE r19 := {} (#a=0, #h=2)
      2956 14005D81     LOADK r20 := k374 ('template_pye_mafia_technicalMG' [h=1B6EB500,$009E5AC0])
      2957 13DE8509  SETTABLE r20 ->> r19[k195 ('template' [h=7CE5CAD2,$009A1120])]
      2958 13DFDDC9  SETTABLE k125 (3.0) ->> r19[k197 ('cap' [h=0003518A,$009A3DC0])]
      2959 1200001F   SETLIST r18 [0]
      2960 11FD0489  SETTABLE r18 ->> r17[k256 ('pyongnorth' [h=A4B950E1,$0099FC80])]
      2961 1200800A  NEWTABLE r18 := {} (#a=1, #h=0)
      2962 1300008A  NEWTABLE r19 := {} (#a=0, #h=2)
      2963 14005D81     LOADK r20 := k374 ('template_pye_mafia_technicalMG' [h=1B6EB500,$009E5AC0])
      2964 13DE8509  SETTABLE r20 ->> r19[k195 ('template' [h=7CE5CAD2,$009A1120])]
      2965 13DFDDC9  SETTABLE k125 (3.0) ->> r19[k197 ('cap' [h=0003518A,$009A3DC0])]
      2966 1200001F   SETLIST r18 [0]
      2967 11FB8489  SETTABLE r18 ->> r17[k253 ('pyongdowntown' [h=A34DBFCD,$00997B40])]
      2968 10DA0449  SETTABLE r17 ->> r16[k186 ('trafficZones' [h=6C281FF5,$00997B00])]
      2969 1100008A  NEWTABLE r17 := {} (#a=0, #h=2)
      2970 1200004A  NEWTABLE r18 := {} (#a=0, #h=1)
      2971 1301000A  NEWTABLE r19 := {} (#a=2, #h=0)
      2972 1401000A  NEWTABLE r20 := {} (#a=2, #h=0)
      2973 15002101     LOADK r21 := k132 ('post' [h=0078F550,$009799E0])
      2974 16001F41     LOADK r22 := k125 (3.0)
      2975 1400005F   SETLIST r20 [1]
      2976 15002081     LOADK r21 := k130 ('end' [h=0003246B,$0098F900])
      2977 1300005F   SETLIST r19 [1]
      2978 12C984C9  SETTABLE r19 ->> r18[k153 ('sk' [h=00001514,$009A6180])]
      2979 11B70489  SETTABLE r18 ->> r17[k116 ('conditions' [h=B20F7A7D,$0097AA60])]
      2980 1200000A  NEWTABLE r18 := {} (#a=0, #h=0)
      2981 130047C1     LOADK r19 := k287 ('ich2srw' [h=11349F87,$0099B4A0])
      2982 1400004A  NEWTABLE r20 := {} (#a=0, #h=1)
      2983 1501800A  NEWTABLE r21 := {} (#a=3, #h=0)
      2984 1600004A  NEWTABLE r22 := {} (#a=0, #h=1)
      2985 16DEF849  SETTABLE k231 ('template_nk_jeepmgun' [h=723E0F6F,$009F2140]) ->> r22[k195 ('template' [h=7CE5CAD2,$009A1120])]
      2986 1700008A  NEWTABLE r23 := {} (#a=0, #h=2)
      2987 17DEF989  SETTABLE k236 ('template_sk_humveemg' [h=2F3E811B,$009F1BC0]) ->> r23[k195 ('template' [h=7CE5CAD2,$009A1120])]
      2988 17EA60C9  SETTABLE k137 (2.0) ->> r23[k218 ('weight' [h=922166CB,$009992E0])]
      2989 1800004A  NEWTABLE r24 := {} (#a=0, #h=1)
      2990 18DEF609  SETTABLE k222 ('template_civ_generictruck' [h=9BE88D2C,$009DAB80]) ->> r24[k195 ('template' [h=7CE5CAD2,$009A1120])]
      2991 1500009F   SETLIST r21 [2]
      2992 14DE0549  SETTABLE r21 ->> r20[k194 ('spawners' [h=5EA201D8,$009ABE80])]
      2993 12098509  SETTABLE r20 ->> r18[r19]
      2994 1300004A  NEWTABLE r19 := {} (#a=0, #h=1)
      2995 1402000A  NEWTABLE r20 := {} (#a=4, #h=0)
      2996 1500004A  NEWTABLE r21 := {} (#a=0, #h=1)
      2997 15DEF4C9  SETTABLE k217 ('template_civ_cargotruck' [h=E35CEF16,$009D87C0]) ->> r21[k195 ('template' [h=7CE5CAD2,$009A1120])]
      2998 1600004A  NEWTABLE r22 := {} (#a=0, #h=1)
      2999 16DEF609  SETTABLE k222 ('template_civ_generictruck' [h=9BE88D2C,$009DAB80]) ->> r22[k195 ('template' [h=7CE5CAD2,$009A1120])]
      3000 1700008A  NEWTABLE r23 := {} (#a=0, #h=2)
      3001 18005DC1     LOADK r24 := k375 ('template_sk_humveeat' [h=62281D55,$00A04D00])
      3002 17DE8609  SETTABLE r24 ->> r23[k195 ('template' [h=7CE5CAD2,$009A1120])]
      3003 17EA5DC9  SETTABLE k125 (3.0) ->> r23[k218 ('weight' [h=922166CB,$009992E0])]
      3004 1800004A  NEWTABLE r24 := {} (#a=0, #h=1)
      3005 18DEF909  SETTABLE k234 ('template_civ_unaidtruck' [h=11022564,$00A007C0]) ->> r24[k195 ('template' [h=7CE5CAD2,$009A1120])]
      3006 140000DF   SETLIST r20 [3]
      3007 13DE0509  SETTABLE r20 ->> r19[k194 ('spawners' [h=5EA201D8,$009ABE80])]
      3008 12EF04C9  SETTABLE r19 ->> r18[k228 ('ichon' [h=1060C847,$0099E1E0])]
      3009 130050C1     LOADK r19 := k323 ('ichon-peds' [h=2677C3A6,$009899A0])
      3010 1400004A  NEWTABLE r20 := {} (#a=0, #h=1)
      3011 1501000A  NEWTABLE r21 := {} (#a=2, #h=0)
      3012 1600004A  NEWTABLE r22 := {} (#a=0, #h=1)
      3013 17005E01     LOADK r23 := k376 ('template_civ_worker' [h=0408FA06,$00A03B40])
      3014 16DE85C9  SETTABLE r23 ->> r22[k195 ('template' [h=7CE5CAD2,$009A1120])]
      3015 1700008A  NEWTABLE r23 := {} (#a=0, #h=2)
      3016 18005001     LOADK r24 := k320 ('template_sk_soldier' [h=F73B2238,$009DDB00])
      3017 17DE8609  SETTABLE r24 ->> r23[k195 ('template' [h=7CE5CAD2,$009A1120])]
      3018 17EA5DC9  SETTABLE k125 (3.0) ->> r23[k218 ('weight' [h=922166CB,$009992E0])]
      3019 1500005F   SETLIST r21 [1]
      3020 14DE0549  SETTABLE r21 ->> r20[k194 ('spawners' [h=5EA201D8,$009ABE80])]
      3021 12098509  SETTABLE r20 ->> r18[r19]
      3022 11DA0489  SETTABLE r18 ->> r17[k186 ('trafficZones' [h=6C281FF5,$00997B00])]
      3023 010013DF   SETLIST r1 [79]
      3024 007D8049  SETTABLE r1 ->> r0[k1 ('sw' [h=000017F5,$009AA280])]
      3025 0000801B    RETURN r0 ... r-1
  [Node$01CA616C] 'Squad_Command' [h=8B87927F,$00984040]: cfunction$002F75B8 'Squad_Command' [h=8B87927F,$00984040]
  [Node$01CA61BC] 'loc_ff3122_n' [h=997D1A83,$0099F7A0]: table$009C7280[a=8,h=1]
    [0:$00A2DC40] 'ff3122_1' [h=BB9952A6,$0099EA60]
    [1:$00A2DC48] 'ff3122_2' [h=44A1E014,$00992340]
    [2:$00A2DC50] 'ff3122_3' [h=BDD2FB83,$00997200]
    [3:$00A2DC58] 'ff3122_4' [h=B89A537D,$009C7EC0]
    [4:$00A2DC60] 'ff3122_5' [h=2C3E7090,$009A2640]
    [5:$00A2DC68] 'ff3122_6' [h=7A6F5CB6,$009929E0]
    [6:$00A2DC70] 'ff3122_7' [h=F4EF82D3,$009C66C0]
    [7:$00A2DC78] 'ff3122_8' [h=0BCA8D9B,$0097E240]
  [Node$01CA61D0] 'loc_ff3343_v_n' [h=2E183A84,$0099DCA0]: table$009A4B00[a=2,h=1]
    [0:$009614D0] 'ff3343_v3' [h=A5DC1C4E,$00993180]
    [1:$009614D8] 'ff3343_v4' [h=7D1B8B24,$0099AD60]
  [Node$01CA6220] 'challenge_Recycler_OnStarterSpent' [h=B4FA0A88,$00A10D40]: function$009795E0 'challenge_Recycler_OnStarterSpent' [h=B4FA0A88,$00A10D40]
    CONST$009A52C0 k0  'challenge_Recycler_ClearTable' [h=895D11AF,$009DCAC0]
    CONST$009A52C8 k1  'tEventHandlesForDetectSpend' [h=CED2841B,$00A09DC0]
    CONST$009A52D0 k2  'bStarterIsSpent' [h=5FEBD8E8,$009C7EE0]
    CODE $009A4E00
      000 01000005 GETGLOBAL r1 := _G[k0 ('challenge_Recycler_ClearTable' [h=895D11AF,$009DCAC0])]
      001 02003EC6  GETTABLE r2 := r0[k1 ('tEventHandlesForDetectSpend' [h=CED2841B,$00A09DC0])]
      002 01010059      CALL r1 (1 args) => 0 results
      003 01008002  LOADBOOL r1 := True
      004 007E0049  SETTABLE r1 ->> r0[k2 ('bStarterIsSpent' [h=5FEBD8E8,$009C7EE0])]
      005 0000801B    RETURN r0 ... r-1
  [Node$01CA6234] 'nenc_ff2033_v' [h=308CC289,$0097EF00]: table$0097E9A0[a=0,h=4]
    [Node$00AC0C54] 'tLocationObjectsA' [h=2C5376F5,$00A01980]: table$009A58A0[a=2,h=1]
      [0:$0095EEE0] 'ff2033_v3' [h=A0FA88BA,$00988AE0]
      [1:$0095EEE8] 'ff2033_v4' [h=7D5338C7,$009AC680]
    [Node$00AC0C68] 'sEncounter' [h=4CD961D9,$009A5C20]: 'ff2033' [h=E6FC4EE3,$00980FC0]
    [Node$00AC0C7C] 'tLocationObjectsB' [h=CEC61813,$00A073C0]: nil
  [Node$01CA6270] 'Objective_SetShortDescription' [h=3CB3128C,$00A3FE00]: cfunction$002A3888 'Objective_SetShortDescription' [h=3CB3128C,$00A3FE00]
  [Node$01CA6284] 'fActorUsed' [h=3D7C228D,$00997620]: function$00988040 'fActorUsed' [h=3D7C228D,$00997620]
    CONST$00AC85C0 k0  'Utility_GetStringById' [h=F7067A6C,$009D9780]
    CONST$00AC85C8 k1  'tMafiaShop' [h=5ABEF116,$00999420]
    CONST$00AC85D0 k2  '_shop_iCurrentItem' [h=906BE760,$00A29480]
    CONST$00AC85D8 k3  'desc' [h=0071FB97,$0099A860]
    CONST$00AC85E0 k4  'faction.' [h=07D0909A,$00984740]
    CONST$00AC85E8 k5  'faction' [h=0C8443BB,$009A6360]
    CONST$00AC85F0 k6  'Ui_MessageBoxPrint' [h=CF59BB03,$00A01B00]
    CONST$00AC85F8 k7  '[white]' [h=84E7DAEC,$00980980]
    CONST$00AC8600 k8  'challenge.shop.body' [h=39F4D9F7,$00A28EC0]
    CONST$00AC8608 k9  ' ' [h=00000041,$009C76C0]
    CONST$00AC8610 k10 'Event_RelativeTimer' [h=AD23F6E2,$00A3EA80]
    CONST$00AC8618 k11 'resetActorUsed' [h=ED3CA3FD,$00987A40]
    CONST$00AC8620 k12 'b' [h=00000083,$009960C0]
    CONST$00AC8628 k13 5.75
    CODE $00BFAC40
      000 00000005 GETGLOBAL r0 := _G[k0 ('Utility_GetStringById' [h=F7067A6C,$009D9780])]
      001 01000045 GETGLOBAL r1 := _G[k1 ('tMafiaShop' [h=5ABEF116,$00999420])]
      002 02000085 GETGLOBAL r2 := _G[k2 ('_shop_iCurrentItem' [h=906BE760,$00A29480])]
      003 01008086  GETTABLE r1 := r1[r2]
      004 0100BF46  GETTABLE r1 := r1[k3 ('desc' [h=0071FB97,$0099A860])]
      005 00010099      CALL r0 (1 args) => 1 results
      006 01000005 GETGLOBAL r1 := _G[k0 ('Utility_GetStringById' [h=F7067A6C,$009D9780])]
      007 02000101     LOADK r2 := k4 ('faction.' [h=07D0909A,$00984740])
      008 03000045 GETGLOBAL r3 := _G[k1 ('tMafiaShop' [h=5ABEF116,$00999420])]
      009 04000085 GETGLOBAL r4 := _G[k2 ('_shop_iCurrentItem' [h=906BE760,$00A29480])]
      010 03018106  GETTABLE r3 := r3[r4]
      011 0301BFC6  GETTABLE r3 := r3[k5 ('faction' [h=0C8443BB,$009A6360])]
      012 020100D3    CONCAT r2 := r2 ... r3
      013 01010099      CALL r1 (1 args) => 1 results
      014 02000185 GETGLOBAL r2 := _G[k6 ('Ui_MessageBoxPrint' [h=CF59BB03,$00A01B00])]
      015 030001C1     LOADK r3 := k7 ('[white]' [h=84E7DAEC,$00980980])
      016 04000005 GETGLOBAL r4 := _G[k0 ('Utility_GetStringById' [h=F7067A6C,$009D9780])]
      017 05000201     LOADK r5 := k8 ('challenge.shop.body' [h=39F4D9F7,$00A28EC0])
      018 04010099      CALL r4 (1 args) => 1 results
      019 05000241     LOADK r5 := k9 (' ' [h=00000041,$009C76C0])
      020 06008000      MOVE r6 := r1
      021 07000241     LOADK r7 := k9 (' ' [h=00000041,$009C76C0])
      022 08000000      MOVE r8 := r0
      023 03018213    CONCAT r3 := r3 ... r8
      024 02010059      CALL r2 (1 args) => 0 results
      025 02000285 GETGLOBAL r2 := _G[k10 ('Event_RelativeTimer' [h=AD23F6E2,$00A3EA80])]
      026 030002C1     LOADK r3 := k11 ('resetActorUsed' [h=ED3CA3FD,$00987A40])
      027 04000301     LOADK r4 := k12 ('b' [h=00000083,$009960C0])
      028 05000341     LOADK r5 := k13 (5.75)
      029 02020059      CALL r2 (3 args) => 0 results
      030 02000022   CLOSURE r2 := closure(0, r2...)
      031 020002C7 SETGLOBAL r2 ->> _G[k11 ('resetActorUsed' [h=ED3CA3FD,$00987A40])]
      032 0000801B    RETURN r0 ... r-1
  [Node$01CA62AC] 'Unlockable_AceOfHeartsMissionJustWon' [h=6AEDF28F,$00A24480]: cfunction$002F8B38 'Unlockable_AceOfHeartsMissionJustWon' [h=6AEDF28F,$00A24480]
  [Node$01CA62C0] 'Event_ActorInBoundary' [h=5BF73290,$009D5540]: cfunction$002B9DF0 'Event_ActorInBoundary' [h=5BF73290,$009D5540]
  [Node$01CA62E8] 'challenge_Common_LUA_LOADED' [h=F8FB6292,$00A23C80]: 1.0
  [Node$01CA6374] 'Event_ActorToVectorProximity' [h=A77CCA99,$009DF2C0]: cfunction$002BAF68 'Event_ActorToVectorProximity' [h=A77CCA99,$009DF2C0]
  [Node$01CA6388] 'Tooltip_CloseTip' [h=965E429A,$00A0FDC0]: function$00A0F300[3] 'Tooltip_CloseTip' [h=965E429A,$00A0FDC0]
    CONST$00BFF380 k0  'Tooltip_Debug' [h=7F31FC17,$00980F40]
    CONST$00BFF388 k1  'Tooltip_CloseTip: id=' [h=1B63884D,$00A0F7C0]
    CONST$00BFF390 k2  'tostring' [h=787EB105,$00990700]
    CONST$00BFF398 k3  'table' [h=10F2114B,$00979B40]
    CONST$00BFF3A0 k4  'remove' [h=4893DA49,$009C7B40]
    CONST$00BFF3A8 k5  'tBodyKey' [h=3C4986AE,$009860E0]
    CONST$00BFF3B0 k6  1.0
    CONST$00BFF3B8 k7  'type' [h=0070EF71,$00990720]
    CONST$00BFF3C0 k8  'string' [h=81F98B41,$00980520]
    CONST$00BFF3C8 k9  'Event_RelativeTimer' [h=AD23F6E2,$00A3EA80]
    CONST$00BFF3D0 k10 'Tooltip_ShowTip' [h=52632D9C,$00995940]
    CONST$00BFF3D8 k11 'b' [h=00000083,$009960C0]
    CONST$00BFF3E0 k12 0.0
    CONST$00BFF3E8 k13 nil
    CONST$00BFF3F0 k14 'Ui_EnableHud' [h=AE5763B4,$00986280]
    CONST$00BFF3F8 k15 'Video_LetterboxEffect' [h=C60CB51A,$009FD0C0]
    CONST$00BFF400 k16 'Camera_SetMode' [h=5AC27046,$0098F3C0]
    CONST$00BFF408 k17 'RS_ACTOR_VIEW' [h=6AC9ACBF,$009967C0]
    CONST$00BFF410 k18 'Camera_SetZoom' [h=E7C33FFC,$0098D520]
    CONST$00BFF418 k19 0.20000000298023224
    CONST$00BFF420 k20 'Utility_SetTimeScale' [h=6D9AF2D5,$00A00EC0]
    CONST$00BFF428 k21 'Tooltip_ZoomCamera' [h=1122FABD,$00A337C0]
    CODE $00C84F80
      000 00000005 GETGLOBAL r0 := _G[k0 ('Tooltip_Debug' [h=7F31FC17,$00980F40])]
      001 01000041     LOADK r1 := k1 ('Tooltip_CloseTip: id=' [h=1B63884D,$00A0F7C0])
      002 02000085 GETGLOBAL r2 := _G[k2 ('tostring' [h=787EB105,$00990700])]
      003 03000004  GETUPVAL r3 := u0
      004 02010099      CALL r2 (1 args) => 1 results
      005 01008093    CONCAT r1 := r1 ... r2
      006 00010059      CALL r0 (1 args) => 0 results
      007 000000C5 GETGLOBAL r0 := _G[k3 ('table' [h=10F2114B,$00979B40])]
      008 00003F86  GETTABLE r0 := r0[k4 ('remove' [h=4893DA49,$009C7B40])]
      009 01008004  GETUPVAL r1 := u1
      010 02000004  GETUPVAL r2 := u0
      011 01008086  GETTABLE r1 := r1[r2]
      012 0100BFC6  GETTABLE r1 := r1[k5 ('tBodyKey' [h=3C4986AE,$009860E0])]
      013 02000181     LOADK r2 := k6 (1.0)
      014 00018059      CALL r0 (2 args) => 0 results
      015 000001C5 GETGLOBAL r0 := _G[k7 ('type' [h=0070EF71,$00990720])]
      016 01008004  GETUPVAL r1 := u1
      017 02000004  GETUPVAL r2 := u0
      018 01008086  GETTABLE r1 := r1[r2]
      019 0100BFC6  GETTABLE r1 := r1[k5 ('tBodyKey' [h=3C4986AE,$009860E0])]
      020 0100C006  GETTABLE r1 := r1[k6 (1.0)]
      021 00010099      CALL r0 (1 args) => 1 results
      022 00004095       BEQ r0 == k8 ('string' [h=81F98B41,$00980520])
      023 00800154       JMP +6 ; 30
      024 00000245 GETGLOBAL r0 := _G[k9 ('Event_RelativeTimer' [h=AD23F6E2,$00A3EA80])]
      025 01000281     LOADK r1 := k10 ('Tooltip_ShowTip' [h=52632D9C,$00995940])
      026 020002C1     LOADK r2 := k11 ('b' [h=00000083,$009960C0])
      027 03000301     LOADK r3 := k12 (0.0)
      028 00020059      CALL r0 (3 args) => 0 results
      029 008008D4       JMP +36 ; 66
      030 00000002  LOADBOOL r0 := False
      031 00010008  SETUPVAL r0 ->> UV[2]
      032 00008004  GETUPVAL r0 := u1
      033 01000004  GETUPVAL r1 := u0
      034 0000C1C9  SETTABLE k13 (nil) ->> r0[r1]
      035 00000385 GETGLOBAL r0 := _G[k14 ('Ui_EnableHud' [h=AE5763B4,$00986280])]
      036 01008002  LOADBOOL r1 := True
      037 00010059      CALL r0 (1 args) => 0 results
      038 000003C5 GETGLOBAL r0 := _G[k15 ('Video_LetterboxEffect' [h=C60CB51A,$009FD0C0])]
      039 01000002  LOADBOOL r1 := False
      040 00010059      CALL r0 (1 args) => 0 results
      041 00000405 GETGLOBAL r0 := _G[k16 ('Camera_SetMode' [h=5AC27046,$0098F3C0])]
      042 01000441     LOADK r1 := k17 ('RS_ACTOR_VIEW' [h=6AC9ACBF,$009967C0])
      043 00010059      CALL r0 (1 args) => 0 results
      044 00000485 GETGLOBAL r0 := _G[k18 ('Camera_SetZoom' [h=E7C33FFC,$0098D520])]
      045 01000181     LOADK r1 := k6 (1.0)
      046 020004C1     LOADK r2 := k19 (0.20000000298023224)
      047 00018059      CALL r0 (2 args) => 0 results
      048 00000505 GETGLOBAL r0 := _G[k20 ('Utility_SetTimeScale' [h=6D9AF2D5,$00A00EC0])]
      049 01000181     LOADK r1 := k6 (1.0)
      050 00010059      CALL r0 (1 args) => 0 results
      051 00008004  GETUPVAL r0 := u1
      052 01000004  GETUPVAL r1 := u0
      053 0100C00C       ADD r1 := r1 + k6 (1.0)
      054 00000046  GETTABLE r0 := r0[r1]
      055 00000018      TEST not r0: r0 := r0 ; or skip
      056 00800214       JMP +9 ; 66
      057 00000004  GETUPVAL r0 := u0
      058 0000400C       ADD r0 := r0 + k6 (1.0)
      059 00000008  SETUPVAL r0 ->> UV[0]
      060 00000245 GETGLOBAL r0 := _G[k9 ('Event_RelativeTimer' [h=AD23F6E2,$00A3EA80])]
      061 01000541     LOADK r1 := k21 ('Tooltip_ZoomCamera' [h=1122FABD,$00A337C0])
      062 020002C1     LOADK r2 := k11 ('b' [h=00000083,$009960C0])
      063 030004C1     LOADK r3 := k19 (0.20000000298023224)
      064 00020059      CALL r0 (3 args) => 0 results
      065 007FFFD4       JMP +0 ; 66
      066 0000801B    RETURN r0 ... r-1
  [Node$01CA639C] 'function_Call' [h=35CC729B,$009A6380]: function$009A4AE0 'function_Call' [h=35CC729B,$009A6380]
    CONST$00982500 k0  'type' [h=0070EF71,$00990720]
    CONST$00982508 k1  'function' [h=7C9F9568,$0098F8A0]
    CONST$00982510 k2  'unpack' [h=5EDBA9CB,$0098EEE0]
    CODE $00A3B700
      000 02000005 GETGLOBAL r2 := _G[k0 ('type' [h=0070EF71,$00990720])]
      001 03000000      MOVE r3 := r0
      002 02010099      CALL r2 (1 args) => 1 results
      003 00013ED5       BEQ r2 == k1 ('function' [h=7C9F9568,$0098F8A0])
      004 00800114       JMP +5 ; 10
      005 02000000      MOVE r2 := r0
      006 03000085 GETGLOBAL r3 := _G[k2 ('unpack' [h=5EDBA9CB,$0098EEE0])]
      007 04008000      MOVE r4 := r1
      008 03010019      CALL r3 (1 args) => -1 results
      009 02000059      CALL r2 (-1 args) => 0 results
      010 0000801B    RETURN r0 ... r-1
  [Node$01CA63C4] 'SetupEventFlybyCountdown' [h=01B5729D,$00A3A440]: function$00995C00 'SetupEventFlybyCountdown' [h=01B5729D,$00A3A440]
    CONST$009805E0 k0  'Event_RelativeTimer' [h=AD23F6E2,$00A3EA80]
    CONST$009805E8 k1  'Flyby' [h=12D0D209,$00981240]
    CONST$009805F0 k2  'b' [h=00000083,$009960C0]
    CODE $00A3A300
      000 02000005 GETGLOBAL r2 := _G[k0 ('Event_RelativeTimer' [h=AD23F6E2,$00A3EA80])]
      001 03000000      MOVE r3 := r0
      002 04000041     LOADK r4 := k1 ('Flyby' [h=12D0D209,$00981240])
      003 03018113    CONCAT r3 := r3 ... r4
      004 04000081     LOADK r4 := k2 ('b' [h=00000083,$009960C0])
      005 05008000      MOVE r5 := r1
      006 0202001A  TAILCALL r2 (3 args)
      007 0200001B    RETURN r2 ... r0
      008 0000801B    RETURN r0 ... r-1
  [Node$01CA643C] 'loc_ff1947_n' [h=B3373AA3,$00991D20]: table$00994560[a=8,h=1]
    [0:$00A33B00] 'ff1947_1' [h=7919CAC2,$0099D100]
    [1:$00A33B08] 'ff1947_2' [h=CDD00350,$0098DA80]
    [2:$00A33B10] 'ff1947_3' [h=783C01C4,$0098E5A0]
    [3:$00A33B18] 'ff1947_4' [h=CA2E1C90,$0099DD40]
    [4:$00A33B20] 'ff1947_5' [h=BF059DCD,$0099A0E0]
    [5:$00A33B28] 'ff1947_6' [h=5EEE06C0,$0097D560]
    [6:$00A33B30] 'ff1947_7' [h=A55C1ACC,$00978820]
    [7:$00A33B38] 'ff1947_8' [h=BE8C10C4,$0097BD00]
  [Node$01CA6450] 'Utility_FormatCurrency' [h=6DAB4AA4,$00A3EDC0]: cfunction$002C5408 'Utility_FormatCurrency' [h=6DAB4AA4,$00A3EDC0]
  [Node$01CA6478] 'ChinaSquad' [h=FF8472A6,$009A2280]: table$0098C4C0[a=4,h=1]
    [0:$00988AC0] 'template_china_soldier' [h=6F9601FC,$009DECC0]
    [1:$00988AC8] 'template_china_soldier' [h=6F9601FC,$009DECC0]
    [2:$00988AD0] 'template_china_soldier' [h=6F9601FC,$009DECC0]
    [3:$00988AD8] 'template_china_heavy' [h=64D79EBA,$009DE380]
  [Node$01CA648C] 'nenc_ff1749' [h=67B89AA7,$0099F9E0]: table$0097DDA0[a=0,h=4]
    [Node$00AC0D54] 'tLocationObjectsA' [h=2C5376F5,$00A01980]: table$00993AC0[a=8,h=1]
      [0:$009E8600] 'ff1749_1' [h=E017A5F2,$00993D80]
      [1:$009E8608] 'ff1749_2' [h=C9A548DB,$0097F980]
      [2:$009E8610] 'ff1749_3' [h=743D723F,$009C5B40]
      [3:$009E8618] 'ff1749_4' [h=A9E1B580,$0097F940]
      [4:$009E8620] 'ff1749_5' [h=82DCF1F8,$009A5BA0]
      [5:$009E8628] 'ff1749_6' [h=7C45C8CB,$009A1060]
      [6:$009E8630] 'ff1749_7' [h=CB71F992,$009AAC60]
      [7:$009E8638] 'ff1749_8' [h=535CD87B,$0097D5C0]
    [Node$00AC0D68] 'sEncounter' [h=4CD961D9,$009A5C20]: 'ff1749' [h=F0CDC781,$0099D8E0]
    [Node$00AC0D7C] 'tLocationObjectsB' [h=CEC61813,$00A073C0]: table$009A0280[a=8,h=1]
      [0:$00A32640] 'ff1749_9' [h=DE519152,$009A4960]
      [1:$00A32648] 'ff1749_10' [h=EAAEDB33,$00991960]
      [2:$00A32650] 'ff1749_11' [h=F0FA5019,$00992720]
      [3:$00A32658] 'ff1749_12' [h=1E0B954D,$009C5AE0]
      [4:$00A32660] 'ff1749_13' [h=1A2C0462,$009C6A80]
      [5:$00A32668] 'ff1749_14' [h=38EE0BE5,$009AC820]
      [6:$00A32670] 'ff1749_15' [h=047A24DE,$00990B20]
      [7:$00A32678] 'ff1749_16' [h=D1518FFE,$00992260]
  [Node$01CA64B4] 'Actor_SetModelNodeVisibility' [h=C8B8DAA9,$00A418C0]: cfunction$002AF1C0 'Actor_SetModelNodeVisibility' [h=C8B8DAA9,$00A418C0]
  [Node$01CA6504] 'stateCaptured' [h=8495A2AD,$009A4380]: 'captured' [h=23DFEFBF,$00998000]
  [Node$01CA657C] 'PlayFactionAttitudeChangeVO' [h=A32302B3,$00A3FF00]: function$009A5F80 'PlayFactionAttitudeChangeVO' [h=A32302B3,$00A3FF00]
    CONST$00BF3500 k0  'Faction_GetAttitude' [h=D25E63EC,$009DE1C0]
    CONST$00BF3508 k1  'util_PrintDebugMsg' [h=A2961C17,$00A11FC0]
    CONST$00BF3510 k2  '[GLOBAL] PlayFactionAttitudeChangeVO: attitude of ' [h=18848D42,$00A83D40]
    CONST$00BF3518 k3  ' towards ' [h=A16D9380,$00999960]
    CONST$00BF3520 k4  ' has changed to ' [h=278DB517,$00A00600]
    CONST$00BF3528 k5  '\n' [h=0000002B,$009A7280]
    CONST$00BF3530 k6  'HOSTILE' [h=809EFD3A,$009A6D60]
    CONST$00BF3538 k7  'tCurrentFactionAttitudes' [h=B9B23114,$009E1400]
    CONST$00BF3540 k8  'hostile' [h=AEF21FEA,$00995F20]
    CONST$00BF3548 k9  '[GLOBAL] PlayFactionAttitudeChangeVO: faction has become hostile\n' [h=99C9855D,$00B1DB40]
    CONST$00BF3550 k10 'Audio_PlayVoiceover' [h=EE2AB1DE,$00A04CC0]
    CONST$00BF3558 k11 'becameHostileVOCues' [h=4A04ACFD,$009DDEC0]
    CONST$00BF3560 k12 'util_GetRandomIntInRange' [h=E995DC0A,$009E00C0]
    CONST$00BF3568 k13 1.0
    CONST$00BF3570 k14 3.0
    CONST$00BF3578 k15 '[GLOBAL] PlayFactionAttitudeChangeVO: faction has become non-hostile\n' [h=689B42A8,$00B1D9C0]
    CONST$00BF3580 k16 'becameNonHostileVOCues' [h=1CFA365B,$00A05F40]
    CONST$00BF3588 k17 'attitudeChangeHandle' [h=F70DF901,$00A010C0]
    CONST$00BF3590 k18 'SetupEventFactionAttitudeChange' [h=0C64404C,$00A04800]
    CODE $00C4DB40
      000 02000005 GETGLOBAL r2 := _G[k0 ('Faction_GetAttitude' [h=D25E63EC,$009DE1C0])]
      001 03000000      MOVE r3 := r0
      002 04008000      MOVE r4 := r1
      003 02018099      CALL r2 (2 args) => 1 results
      004 03000045 GETGLOBAL r3 := _G[k1 ('util_PrintDebugMsg' [h=A2961C17,$00A11FC0])]
      005 04000081     LOADK r4 := k2 ('[GLOBAL] PlayFactionAttitudeChangeVO: attitude of ' [h=18848D42,$00A83D40])
      006 05000000      MOVE r5 := r0
      007 060000C1     LOADK r6 := k3 (' towards ' [h=A16D9380,$00999960])
      008 07008000      MOVE r7 := r1
      009 08000101     LOADK r8 := k4 (' has changed to ' [h=278DB517,$00A00600])
      010 09010000      MOVE r9 := r2
      011 0A000141     LOADK r10 := k5 ('\n' [h=0000002B,$009A7280])
      012 04020293    CONCAT r4 := r4 ... r10
      013 03010059      CALL r3 (1 args) => 0 results
      014 03000185 GETGLOBAL r3 := _G[k6 ('HOSTILE' [h=809EFD3A,$009A6D60])]
      015 010100D5       BNE r2 != r3
      016 00800014       JMP +1 ; 18
      017 03000042  LOADBOOL r3 := False ; br 19
      018 03008002  LOADBOOL r3 := True
      019 040001C5 GETGLOBAL r4 := _G[k7 ('tCurrentFactionAttitudes' [h=B9B23114,$009E1400])]
      020 04020006  GETTABLE r4 := r4[r0]
      021 05024086  GETTABLE r5 := r4[k8 ('hostile' [h=AEF21FEA,$00995F20])]
      022 01018155       BNE r3 != r5
      023 00800654       JMP +26 ; 50
      024 048100C9  SETTABLE r3 ->> r4[k8 ('hostile' [h=AEF21FEA,$00995F20])]
      025 03018018      TEST not r3: r3 := r3 ; or skip
      026 008002D4       JMP +12 ; 39
      027 05000045 GETGLOBAL r5 := _G[k1 ('util_PrintDebugMsg' [h=A2961C17,$00A11FC0])]
      028 06000241     LOADK r6 := k9 ('[GLOBAL] PlayFactionAttitudeChangeVO: faction has become hostile\n' [h=99C9855D,$00B1DB40])
      029 05010059      CALL r5 (1 args) => 0 results
      030 05000285 GETGLOBAL r5 := _G[k10 ('Audio_PlayVoiceover' [h=EE2AB1DE,$00A04CC0])]
      031 06024146  GETTABLE r6 := r4[k11 ('becameHostileVOCues' [h=4A04ACFD,$009DDEC0])]
      032 07000305 GETGLOBAL r7 := _G[k12 ('util_GetRandomIntInRange' [h=E995DC0A,$009E00C0])]
      033 08000341     LOADK r8 := k13 (1.0)
      034 09000381     LOADK r9 := k14 (3.0)
      035 07018099      CALL r7 (2 args) => 1 results
      036 060301C6  GETTABLE r6 := r6[r7]
      037 05010059      CALL r5 (1 args) => 0 results
      038 00800294       JMP +11 ; 50
      039 05000045 GETGLOBAL r5 := _G[k1 ('util_PrintDebugMsg' [h=A2961C17,$00A11FC0])]
      040 060003C1     LOADK r6 := k15 ('[GLOBAL] PlayFactionAttitudeChangeVO: faction has become non-hostile\n' [h=689B42A8,$00B1D9C0])
      041 05010059      CALL r5 (1 args) => 0 results
      042 05000285 GETGLOBAL r5 := _G[k10 ('Audio_PlayVoiceover' [h=EE2AB1DE,$00A04CC0])]
      043 06024286  GETTABLE r6 := r4[k16 ('becameNonHostileVOCues' [h=1CFA365B,$00A05F40])]
      044 07000305 GETGLOBAL r7 := _G[k12 ('util_GetRandomIntInRange' [h=E995DC0A,$009E00C0])]
      045 08000341     LOADK r8 := k13 (1.0)
      046 09000381     LOADK r9 := k14 (3.0)
      047 07018099      CALL r7 (2 args) => 1 results
      048 060301C6  GETTABLE r6 := r6[r7]
      049 05010059      CALL r5 (1 args) => 0 results
      050 05000485 GETGLOBAL r5 := _G[k18 ('SetupEventFactionAttitudeChange' [h=0C64404C,$00A04800])]
      051 06000000      MOVE r6 := r0
      052 07008000      MOVE r7 := r1
      053 05018099      CALL r5 (2 args) => 1 results
      054 04858149  SETTABLE r5 ->> r4[k17 ('attitudeChangeHandle' [h=F70DF901,$00A010C0])]
      055 0000801B    RETURN r0 ... r-1
  [Node$01CA65E0] 'loc_ff1212_v_n' [h=578392B8,$00997D20]: table$009A7E60[a=2,h=1]
    [0:$00952AE0] 'ff1212_v3' [h=20D5A98D,$00995E40]
    [1:$00952AE8] 'ff1212_v4' [h=7E630E21,$00997FE0]
  [Node$01CA65F4] 'Event_SquadStatus' [h=A7ADEAB9,$00A3E680]: cfunction$002BCEB8 'Event_SquadStatus' [h=A7ADEAB9,$00A3E680]
  [Node$01CA6630] 'challenge_deliver_nab_01_SetupAiInNamedVehicle' [h=FD726ABC,$00A32B40]: function$0099D6C0 'challenge_deliver_nab_01_SetupAiInNamedVehicle' [h=FD726ABC,$00A32B40]
    CONST$00957990 k0  'challenge_Recycler_Vehicle_Setup' [h=2383F7A5,$009E2480]
    CONST$00957998 k1  'tSW_challenge_deliver_nab_01' [h=3632D442,$009CC180]
    CODE $0098BCA0
      000 03000005 GETGLOBAL r3 := _G[k0 ('challenge_Recycler_Vehicle_Setup' [h=2383F7A5,$009E2480])]
      001 04000045 GETGLOBAL r4 := _G[k1 ('tSW_challenge_deliver_nab_01' [h=3632D442,$009CC180])]
      002 05000000      MOVE r5 := r0
      003 06008000      MOVE r6 := r1
      004 03020059      CALL r3 (3 args) => 0 results
      005 0000801B    RETURN r0 ... r-1
  [Node$01CA6644] 'Tooltip_ZoomCamera' [h=1122FABD,$00A337C0]: function$00A32FC0[4] 'Tooltip_ZoomCamera' [h=1122FABD,$00A337C0]
    CONST$00BFF680 k0  'iCinemaLength' [h=E743C015,$00988160]
    CONST$00BFF688 k1  0.4000000059604645
    CONST$00BFF690 k2  1.0
    CONST$00BFF698 k3  'Ui_EnableHud' [h=AE5763B4,$00986280]
    CONST$00BFF6A0 k4  'Video_LetterboxEffect' [h=C60CB51A,$009FD0C0]
    CONST$00BFF6A8 k5  'Camera_DetachFromActor' [h=4B9C5BE9,$00A3F380]
    CONST$00BFF6B0 k6  'Camera_SetMode' [h=5AC27046,$0098F3C0]
    CONST$00BFF6B8 k7  'RS_SCRIPT_VIEW' [h=3D0E0691,$009A4D60]
    CONST$00BFF6C0 k8  'Camera_SetInterestActor' [h=FF9BDEDD,$00A099C0]
    CONST$00BFF6C8 k9  'aInterestActor' [h=64B1E1B4,$009A4CE0]
    CONST$00BFF6D0 k10 'Camera_SetZoom' [h=E7C33FFC,$0098D520]
    CONST$00BFF6D8 k11 1.3300000429153442
    CONST$00BFF6E0 k12 'eShow' [h=1385C2EC,$0097C900]
    CONST$00BFF6E8 k13 'Event_RelativeTimer' [h=AD23F6E2,$00A3EA80]
    CONST$00BFF6F0 k14 'Tooltip_ShowTip' [h=52632D9C,$00995940]
    CONST$00BFF6F8 k15 'b' [h=00000083,$009960C0]
    CONST$00BFF700 k16 'eBulletTime' [h=DB717123,$00987C00]
    CONST$00BFF708 k17 'Tooltip_BulletTime' [h=C67F3E03,$00A0FB00]
    CONST$00BFF710 k18 0.009999999776482582
    CODE $00BFF5C0
      000 00008002  LOADBOOL r0 := True
      001 00000008  SETUPVAL r0 ->> UV[0]
      002 00000041     LOADK r0 := k1 (0.4000000059604645)
      003 00000007 SETGLOBAL r0 ->> _G[k0 ('iCinemaLength' [h=E743C015,$00988160])]
      004 00000081     LOADK r0 := k2 (1.0)
      005 00008008  SETUPVAL r0 ->> UV[1]
      006 000000C5 GETGLOBAL r0 := _G[k3 ('Ui_EnableHud' [h=AE5763B4,$00986280])]
      007 01000002  LOADBOOL r1 := False
      008 00010059      CALL r0 (1 args) => 0 results
      009 00000105 GETGLOBAL r0 := _G[k4 ('Video_LetterboxEffect' [h=C60CB51A,$009FD0C0])]
      010 01008002  LOADBOOL r1 := True
      011 00010059      CALL r0 (1 args) => 0 results
      012 00000145 GETGLOBAL r0 := _G[k5 ('Camera_DetachFromActor' [h=4B9C5BE9,$00A3F380])]
      013 00008059      CALL r0 (0 args) => 0 results
      014 00000185 GETGLOBAL r0 := _G[k6 ('Camera_SetMode' [h=5AC27046,$0098F3C0])]
      015 010001C1     LOADK r1 := k7 ('RS_SCRIPT_VIEW' [h=3D0E0691,$009A4D60])
      016 00010059      CALL r0 (1 args) => 0 results
      017 00000205 GETGLOBAL r0 := _G[k8 ('Camera_SetInterestActor' [h=FF9BDEDD,$00A099C0])]
      018 01010004  GETUPVAL r1 := u2
      019 02018004  GETUPVAL r2 := u3
      020 01008086  GETTABLE r1 := r1[r2]
      021 0100C0C6  GETTABLE r1 := r1[k9 ('aInterestActor' [h=64B1E1B4,$009A4CE0])]
      022 00010059      CALL r0 (1 args) => 0 results
      023 00000285 GETGLOBAL r0 := _G[k10 ('Camera_SetZoom' [h=E7C33FFC,$0098D520])]
      024 010002C1     LOADK r1 := k11 (1.3300000429153442)
      025 02000005 GETGLOBAL r2 := _G[k0 ('iCinemaLength' [h=E743C015,$00988160])]
      026 00018059      CALL r0 (2 args) => 0 results
      027 00010004  GETUPVAL r0 := u2
      028 01018004  GETUPVAL r1 := u3
      029 00000046  GETTABLE r0 := r0[r1]
      030 01000345 GETGLOBAL r1 := _G[k13 ('Event_RelativeTimer' [h=AD23F6E2,$00A3EA80])]
      031 02000381     LOADK r2 := k14 ('Tooltip_ShowTip' [h=52632D9C,$00995940])
      032 030003C1     LOADK r3 := k15 ('b' [h=00000083,$009960C0])
      033 04000005 GETGLOBAL r4 := _G[k0 ('iCinemaLength' [h=E743C015,$00988160])]
      034 01020099      CALL r1 (3 args) => 1 results
      035 00830049  SETTABLE r1 ->> r0[k12 ('eShow' [h=1385C2EC,$0097C900])]
      036 00010004  GETUPVAL r0 := u2
      037 01018004  GETUPVAL r1 := u3
      038 00000046  GETTABLE r0 := r0[r1]
      039 01000345 GETGLOBAL r1 := _G[k13 ('Event_RelativeTimer' [h=AD23F6E2,$00A3EA80])]
      040 02000441     LOADK r2 := k17 ('Tooltip_BulletTime' [h=C67F3E03,$00A0FB00])
      041 030003C1     LOADK r3 := k15 ('b' [h=00000083,$009960C0])
      042 04000481     LOADK r4 := k18 (0.009999999776482582)
      043 01020099      CALL r1 (3 args) => 1 results
      044 00850049  SETTABLE r1 ->> r0[k16 ('eBulletTime' [h=DB717123,$00987C00])]
      045 0000801B    RETURN r0 ... r-1
  [Node$01CA6658] 'loc_ff3414_s' [h=66BF22BE,$009A18C0]: table$0097FDA0[a=8,h=1]
    [0:$00A05D00] 'ff3414_9' [h=B5415111,$00994100]
    [1:$00A05D08] 'ff3414_10' [h=E79980A7,$0097EB20]
    [2:$00A05D10] 'ff3414_11' [h=89B55248,$0097D480]
    [3:$00A05D18] 'ff3414_12' [h=CF055794,$00983EC0]
    [4:$00A05D20] 'ff3414_13' [h=3BFD8D49,$009A1E00]
    [5:$00A05D28] 'ff3414_14' [h=12EF91BC,$009C5680]
    [6:$00A05D30] 'ff3414_15' [h=7AAAD06A,$009C4740]
    [7:$00A05D38] 'ff3414_16' [h=E9AA3CA3,$0098DEC0]
  [Node$01CA666C] 'Utility_SecondsToClock' [h=70859ABF,$00A416C0]: cfunction$002C51C8 'Utility_SecondsToClock' [h=70859ABF,$00A416C0]
  [Node$01CA66A8] 'loc_ff2248_n' [h=5C2372C2,$00994860]: table$00998160[a=8,h=1]
    [0:$009FF3C0] 'ff2248_1' [h=48DBEF55,$009990A0]
    [1:$009FF3C8] 'ff2248_2' [h=D485040E,$009836A0]
    [2:$009FF3D0] 'ff2248_3' [h=74F7391F,$0097F8E0]
    [3:$009FF3D8] 'ff2248_4' [h=D190BF69,$0098AFA0]
    [4:$009FF3E0] 'ff2248_5' [h=88E6F798,$0099DB40]
    [5:$009FF3E8] 'ff2248_6' [h=5C164679,$0099FC60]
    [6:$009FF3F0] 'ff2248_7' [h=C76CBB29,$0099AC00]
    [7:$009FF3F8] 'ff2248_8' [h=A19CB5D0,$0097DF60]
  [Node$01CA66E4] 'gameflow_GetCardIntelValue' [h=840612C5,$009F7780]: function$009A4220 'gameflow_GetCardIntelValue' [h=840612C5,$009F7780]
    CONST$00981C00 k0  10.0
    CONST$00981C08 k1  14.0
    CONST$00981C10 k2  'iFaceIntel' [h=DBE92741,$009938E0]
    CONST$00981C18 k3  'iAceIntel' [h=ECD07653,$0097E120]
    CODE $009F7480
      000 00003E97       BLE r0 <= k0 (10.0)
      001 00800054       JMP +2 ; 4
      002 0001001B    RETURN r0 ... r0
      003 00800194       JMP +7 ; 11
      004 00003ED6       BLT r0 < k1 (14.0)
      005 00800094       JMP +3 ; 9
      006 01000085 GETGLOBAL r1 := _G[k2 ('iFaceIntel' [h=DBE92741,$009938E0])]
      007 0101001B    RETURN r1 ... r1
      008 00800054       JMP +2 ; 11
      009 010000C5 GETGLOBAL r1 := _G[k3 ('iAceIntel' [h=ECD07653,$0097E120])]
      010 0101001B    RETURN r1 ... r1
      011 0000801B    RETURN r0 ... r-1
  [Node$01CA6720] 'jeff_displayCopterHelp' [h=F983E2C8,$00A0D280]: function$009C5C00 'jeff_displayCopterHelp' [h=F983E2C8,$00A0D280]
    CONST$00A0C980 k0  'Utility_MessageBox' [h=E0C5D484,$009FB480]
    CONST$00A0C988 k1  'Utility_GetStringById' [h=F7067A6C,$009D9780]
    CONST$00A0C990 k2  'tutorial.Helicopter01.Title' [h=F10B6E87,$00A29280]
    CONST$00A0C998 k3  'tutorial.global.helicopter.body' [h=15B4B57A,$00A30E00]
    CONST$00A0C9A0 k4  'jeff_displayCopterHelp2' [h=964090BF,$00A0CBC0]
    CODE $00A0E800
      000 00000005 GETGLOBAL r0 := _G[k0 ('Utility_MessageBox' [h=E0C5D484,$009FB480])]
      001 01000045 GETGLOBAL r1 := _G[k1 ('Utility_GetStringById' [h=F7067A6C,$009D9780])]
      002 02000081     LOADK r2 := k2 ('tutorial.Helicopter01.Title' [h=F10B6E87,$00A29280])
      003 01010099      CALL r1 (1 args) => 1 results
      004 02000045 GETGLOBAL r2 := _G[k1 ('Utility_GetStringById' [h=F7067A6C,$009D9780])]
      005 030000C1     LOADK r3 := k3 ('tutorial.global.helicopter.body' [h=15B4B57A,$00A30E00])
      006 02010099      CALL r2 (1 args) => 1 results
      007 03008002  LOADBOOL r3 := True
      008 04000101     LOADK r4 := k4 ('jeff_displayCopterHelp2' [h=964090BF,$00A0CBC0])
      009 00028059      CALL r0 (4 args) => 0 results
      010 0000801B    RETURN r0 ... r-1
  [Node$01CA675C] 'loc_ff1749_s' [h=FD883ACB,$0097FE60]: table$009A0280[a=8,h=1]
  [Node$01CA6784] 'SW_Challenge_Race_HQm2HQc_01_Reinit' [h=4D1982CD,$00A3FC80]: function$00996880 'SW_Challenge_Race_HQm2HQc_01_Reinit' [h=4D1982CD,$00A3FC80]
    CONST$00962830 k0  'challenge_Recycler_Reinit' [h=1C420A72,$00A02840]
    CONST$00962838 k1  'tSW_Challenge_Race_HQm2HQc_01' [h=876BBF1B,$00A2EB80]
    CODE $00962810
      000 00000005 GETGLOBAL r0 := _G[k0 ('challenge_Recycler_Reinit' [h=1C420A72,$00A02840])]
      001 01000045 GETGLOBAL r1 := _G[k1 ('tSW_Challenge_Race_HQm2HQc_01' [h=876BBF1B,$00A2EB80])]
      002 00010059      CALL r0 (1 args) => 0 results
      003 0000801B    RETURN r0 ... r-1
  [Node$01CA6798] 'require' [h=4A1302CE,$0099E2E0]: cfunction$003B7C00 'require' [h=4A1302CE,$0099E2E0]
  [Node$01CA67C0] 'BouncerUsed' [h=EB9F32D0,$009986E0]: function$0097EAE0 'BouncerUsed' [h=EB9F32D0,$009986E0]
    CONST$00CE0240 k0  'Actor_SetInvincible' [h=3C5DC0FC,$00A3F9C0]
    CONST$00CE0248 k1  'player0' [h=316752BF,$009A6AC0]
    CONST$00CE0250 k2  'Actor_IsDormant' [h=4D202532,$00977820]
    CONST$00CE0258 k3  'iPreviousControlSetting' [h=292CBB97,$00A38EC0]
    CONST$00CE0260 k4  'Player_DisableControl' [h=8EBE948F,$00A012C0]
    CONST$00CE0268 k5  'bSkipBriefing' [h=2250A1F9,$009A4240]
    CONST$00CE0270 k6  'FALSE' [h=0E4B730F,$009965C0]
    CONST$00CE0278 k7  'DetermineBouncerFaction' [h=C4B03EBE,$00A39480]
    CONST$00CE0280 k8  'Utility_WriteStringToScribbleMemory' [h=5E8C6272,$00A3FBC0]
    CONST$00CE0288 k9  'current_faction' [h=B9B21A68,$009A6960]
    CONST$00CE0290 k10 'quadrant' [h=E32CD4F8,$009A6840]
    CONST$00CE0298 k11 'Utility_ReadStringFromScribbleMemory' [h=5455F3B9,$00A0B700]
    CONST$00CE02A0 k12 'SkipTo_Map' [h=F88EFA9D,$009A69E0]
    CONST$00CE02A8 k13 'chapter' [h=9A11FF20,$00997D80]
    CONST$00CE02B0 k14 'Utility_ReadNumberFromScribbleMemory' [h=2BB92038,$00A00C80]
    CONST$00CE02B8 k15 'iMissionSeqNum' [h=1D0CA13D,$009A4BE0]
    CONST$00CE02C0 k16 'util_GetLastMissionNumberInChapterArc' [h=8F3A298B,$00A3B140]
    CONST$00CE02C8 k17 1.0
    CONST$00CE02D0 k18 'iMissionAssetNum' [h=176B9087,$00A39080]
    CONST$00CE02D8 k19 'util_MissionSeqNumToMissionAssetNum' [h=1B571A58,$00A0DD80]
    CONST$00CE02E0 k20 'Global_SetValue' [h=AB0FD37C,$009777E0]
    CONST$00CE02E8 k21 'LoadAceBriefing' [h=6F0AD05F,$009A6880]
    CONST$00CE02F0 k22 'current_' [h=8FEE355A,$009A6940]
    CONST$00CE02F8 k23 '_mission' [h=7DD2639E,$009A8C00]
    CONST$00CE0300 k24 0.0
    CONST$00CE0308 k25 'Audio_StopMusic' [h=5163D4A2,$0098D640]
    CONST$00CE0310 k26 'util_GetRandomIntInRange' [h=E995DC0A,$009E00C0]
    CONST$00CE0318 k27 5.0
    CONST$00CE0320 k28 'gar.sa4gar07' [h=78FBA718,$00995260]
    CONST$00CE0328 k29 2.0
    CONST$00CE0330 k30 'gar.sa8gar08' [h=726E7CF9,$00995100]
    CONST$00CE0338 k31 3.0
    CONST$00CE0340 k32 'gar.na4gar05' [h=C36B0232,$00993960]
    CONST$00CE0348 k33 4.0
    CONST$00CE0350 k34 'gar.na8gar05' [h=DD71611B,$009C4FA0]
    CONST$00CE0358 k35 'allies' [h=B57F1C27,$009A61A0]
    CONST$00CE0360 k36 'aso.bouaso0' [h=762798D5,$009806A0]
    CONST$00CE0368 k37 'sk' [h=00001514,$009A6180]
    CONST$00CE0370 k38 'sks.bousks0' [h=D6EAD6C7,$00985A80]
    CONST$00CE0378 k39 'china' [h=1129D14E,$009A6060]
    CONST$00CE0380 k40 'cso.boucso0' [h=E5CC2200,$0099AB40]
    CONST$00CE0388 k41 'mafia' [h=11226556,$009A6140]
    CONST$00CE0390 k42 'mso.boumso0' [h=29FD847D,$009A1440]
    CONST$00CE0398 k43 'Audio_PlayVoiceoverCB' [h=56573DF1,$009FD000]
    CONST$00CE03A0 k44 'PreBriefing' [h=A1924E48,$00993A60]
    CONST$00CE03A8 k45 'EnterBriefing' [h=25C51DA8,$00997480]
    CODE $00D3E280
      000 01000005 GETGLOBAL r1 := _G[k0 ('Actor_SetInvincible' [h=3C5DC0FC,$00A3F9C0])]
      001 02000041     LOADK r2 := k1 ('player0' [h=316752BF,$009A6AC0])
      002 03008002  LOADBOOL r3 := True
      003 01018059      CALL r1 (2 args) => 0 results
      004 01000085 GETGLOBAL r1 := _G[k2 ('Actor_IsDormant' [h=4D202532,$00977820])]
      005 02000000      MOVE r2 := r0
      006 01010099      CALL r1 (1 args) => 1 results
      007 01008058      TEST r1: r1 := r1 ; or skip
      008 008000D4       JMP +4 ; 13
      009 01000005 GETGLOBAL r1 := _G[k0 ('Actor_SetInvincible' [h=3C5DC0FC,$00A3F9C0])]
      010 02000000      MOVE r2 := r0
      011 03008002  LOADBOOL r3 := True
      012 01018059      CALL r1 (2 args) => 0 results
      013 01000105 GETGLOBAL r1 := _G[k4 ('Player_DisableControl' [h=8EBE948F,$00A012C0])]
      014 01008099      CALL r1 (0 args) => 1 results
      015 010000C7 SETGLOBAL r1 ->> _G[k3 ('iPreviousControlSetting' [h=292CBB97,$00A38EC0])]
      016 01000185 GETGLOBAL r1 := _G[k6 ('FALSE' [h=0E4B730F,$009965C0])]
      017 01000147 SETGLOBAL r1 ->> _G[k5 ('bSkipBriefing' [h=2250A1F9,$009A4240])]
      018 010001C5 GETGLOBAL r1 := _G[k7 ('DetermineBouncerFaction' [h=C4B03EBE,$00A39480])]
      019 02000000      MOVE r2 := r0
      020 010100D9      CALL r1 (1 args) => 2 results
      021 03000205 GETGLOBAL r3 := _G[k8 ('Utility_WriteStringToScribbleMemory' [h=5E8C6272,$00A3FBC0])]
      022 04000241     LOADK r4 := k9 ('current_faction' [h=B9B21A68,$009A6960])
      023 05008000      MOVE r5 := r1
      024 03018059      CALL r3 (2 args) => 0 results
      025 030002C5 GETGLOBAL r3 := _G[k11 ('Utility_ReadStringFromScribbleMemory' [h=5455F3B9,$00A0B700])]
      026 04000301     LOADK r4 := k12 ('SkipTo_Map' [h=F88EFA9D,$009A69E0])
      027 03010099      CALL r3 (1 args) => 1 results
      028 03000287 SETGLOBAL r3 ->> _G[k10 ('quadrant' [h=E32CD4F8,$009A6840])]
      029 03000385 GETGLOBAL r3 := _G[k14 ('Utility_ReadNumberFromScribbleMemory' [h=2BB92038,$00A00C80])]
      030 04000341     LOADK r4 := k13 ('chapter' [h=9A11FF20,$00997D80])
      031 03010099      CALL r3 (1 args) => 1 results
      032 03000347 SETGLOBAL r3 ->> _G[k13 ('chapter' [h=9A11FF20,$00997D80])]
      033 02010018      TEST not r2: r2 := r2 ; or skip
      034 00800414       JMP +17 ; 52
      035 03000405 GETGLOBAL r3 := _G[k16 ('util_GetLastMissionNumberInChapterArc' [h=8F3A298B,$00A3B140])]
      036 04008000      MOVE r4 := r1
      037 05000345 GETGLOBAL r5 := _G[k13 ('chapter' [h=9A11FF20,$00997D80])]
      038 03018099      CALL r3 (2 args) => 1 results
      039 0301C2CC       ADD r3 := r3 + k17 (1.0)
      040 030003C7 SETGLOBAL r3 ->> _G[k15 ('iMissionSeqNum' [h=1D0CA13D,$009A4BE0])]
      041 030004C5 GETGLOBAL r3 := _G[k19 ('util_MissionSeqNumToMissionAssetNum' [h=1B571A58,$00A0DD80])]
      042 04000285 GETGLOBAL r4 := _G[k10 ('quadrant' [h=E32CD4F8,$009A6840])]
      043 05008000      MOVE r5 := r1
      044 060003C5 GETGLOBAL r6 := _G[k15 ('iMissionSeqNum' [h=1D0CA13D,$009A4BE0])]
      045 03020099      CALL r3 (3 args) => 1 results
      046 03000487 SETGLOBAL r3 ->> _G[k18 ('iMissionAssetNum' [h=176B9087,$00A39080])]
      047 03000505 GETGLOBAL r3 := _G[k20 ('Global_SetValue' [h=AB0FD37C,$009777E0])]
      048 04000541     LOADK r4 := k21 ('LoadAceBriefing' [h=6F0AD05F,$009A6880])
      049 050003C5 GETGLOBAL r5 := _G[k15 ('iMissionSeqNum' [h=1D0CA13D,$009A4BE0])]
      050 03018059      CALL r3 (2 args) => 0 results
      051 00800414       JMP +17 ; 69
      052 03000385 GETGLOBAL r3 := _G[k14 ('Utility_ReadNumberFromScribbleMemory' [h=2BB92038,$00A00C80])]
      053 04000581     LOADK r4 := k22 ('current_' [h=8FEE355A,$009A6940])
      054 05008000      MOVE r5 := r1
      055 060005C1     LOADK r6 := k23 ('_mission' [h=7DD2639E,$009A8C00])
      056 04020193    CONCAT r4 := r4 ... r6
      057 03010099      CALL r3 (1 args) => 1 results
      058 030003C7 SETGLOBAL r3 ->> _G[k15 ('iMissionSeqNum' [h=1D0CA13D,$009A4BE0])]
      059 030004C5 GETGLOBAL r3 := _G[k19 ('util_MissionSeqNumToMissionAssetNum' [h=1B571A58,$00A0DD80])]
      060 04000285 GETGLOBAL r4 := _G[k10 ('quadrant' [h=E32CD4F8,$009A6840])]
      061 05008000      MOVE r5 := r1
      062 060003C5 GETGLOBAL r6 := _G[k15 ('iMissionSeqNum' [h=1D0CA13D,$009A4BE0])]
      063 03020099      CALL r3 (3 args) => 1 results
      064 03000487 SETGLOBAL r3 ->> _G[k18 ('iMissionAssetNum' [h=176B9087,$00A39080])]
      065 03000505 GETGLOBAL r3 := _G[k20 ('Global_SetValue' [h=AB0FD37C,$009777E0])]
      066 04000541     LOADK r4 := k21 ('LoadAceBriefing' [h=6F0AD05F,$009A6880])
      067 05000601     LOADK r5 := k24 (0.0)
      068 03018059      CALL r3 (2 args) => 0 results
      069 03000645 GETGLOBAL r3 := _G[k25 ('Audio_StopMusic' [h=5163D4A2,$0098D640])]
      070 03008059      CALL r3 (0 args) => 0 results
      071 03018003   LOADNIL r3 ... r3
      072 04000685 GETGLOBAL r4 := _G[k26 ('util_GetRandomIntInRange' [h=E995DC0A,$009E00C0])]
      073 05000441     LOADK r5 := k17 (1.0)
      074 060006C1     LOADK r6 := k27 (5.0)
      075 04018099      CALL r4 (2 args) => 1 results
      076 02010018      TEST not r2: r2 := r2 ; or skip
      077 008004D4       JMP +20 ; 98
      078 05000345 GETGLOBAL r5 := _G[k13 ('chapter' [h=9A11FF20,$00997D80])]
      079 0002C2D5       BEQ r5 == k17 (1.0)
      080 00800054       JMP +2 ; 83
      081 03000701     LOADK r3 := k28 ('gar.sa4gar07' [h=78FBA718,$00995260])
      082 00800954       JMP +38 ; 121
      083 05000345 GETGLOBAL r5 := _G[k13 ('chapter' [h=9A11FF20,$00997D80])]
      084 0002C5D5       BEQ r5 == k29 (2.0)
      085 00800054       JMP +2 ; 88
      086 03000781     LOADK r3 := k30 ('gar.sa8gar08' [h=726E7CF9,$00995100])
      087 00800814       JMP +33 ; 121
      088 05000345 GETGLOBAL r5 := _G[k13 ('chapter' [h=9A11FF20,$00997D80])]
      089 0002C655       BEQ r5 == k31 (3.0)
      090 00800054       JMP +2 ; 93
      091 03000801     LOADK r3 := k32 ('gar.na4gar05' [h=C36B0232,$00993960])
      092 008006D4       JMP +28 ; 121
      093 05000345 GETGLOBAL r5 := _G[k13 ('chapter' [h=9A11FF20,$00997D80])]
      094 0002C6D5       BEQ r5 == k33 (4.0)
      095 00800614       JMP +25 ; 121
      096 03000881     LOADK r3 := k34 ('gar.na8gar05' [h=DD71611B,$009C4FA0])
      097 00800594       JMP +23 ; 121
      098 0000C755       BEQ r1 == k35 ('allies' [h=B57F1C27,$009A61A0])
      099 008000D4       JMP +4 ; 104
      100 05000901     LOADK r5 := k36 ('aso.bouaso0' [h=762798D5,$009806A0])
      101 06020000      MOVE r6 := r4
      102 03028193    CONCAT r3 := r5 ... r6
      103 00800414       JMP +17 ; 121
      104 0000C7D5       BEQ r1 == k37 ('sk' [h=00001514,$009A6180])
      105 008000D4       JMP +4 ; 110
      106 05000981     LOADK r5 := k38 ('sks.bousks0' [h=D6EAD6C7,$00985A80])
      107 06020000      MOVE r6 := r4
      108 03028193    CONCAT r3 := r5 ... r6
      109 00800294       JMP +11 ; 121
      110 0000C855       BEQ r1 == k39 ('china' [h=1129D14E,$009A6060])
      111 008000D4       JMP +4 ; 116
      112 05000A01     LOADK r5 := k40 ('cso.boucso0' [h=E5CC2200,$0099AB40])
      113 06020000      MOVE r6 := r4
      114 03028193    CONCAT r3 := r5 ... r6
      115 00800114       JMP +5 ; 121
      116 0000C8D5       BEQ r1 == k41 ('mafia' [h=11226556,$009A6140])
      117 00800094       JMP +3 ; 121
      118 05000A81     LOADK r5 := k42 ('mso.boumso0' [h=29FD847D,$009A1440])
      119 06020000      MOVE r6 := r4
      120 03028193    CONCAT r3 := r5 ... r6
      121 05000AC5 GETGLOBAL r5 := _G[k43 ('Audio_PlayVoiceoverCB' [h=56573DF1,$009FD000])]
      122 06018000      MOVE r6 := r3
      123 07000B01     LOADK r7 := k44 ('PreBriefing' [h=A1924E48,$00993A60])
      124 08000000      MOVE r8 := r0
      125 05020059      CALL r5 (3 args) => 0 results
      126 05000022   CLOSURE r5 := closure(0, r5...)
      127 05000B07 SETGLOBAL r5 ->> _G[k44 ('PreBriefing' [h=A1924E48,$00993A60])]
      128 05000062   CLOSURE r5 := closure(1, r5...)
      129 00008000      MOVE r0 := r1
      130 00000000      MOVE r0 := r0
      131 05000B47 SETGLOBAL r5 ->> _G[k45 ('EnterBriefing' [h=25C51DA8,$00997480])]
      132 0000801B    RETURN r0 ... r-1
  [Node$01CA67D4] 'Encounter_ReportStatus' [h=D4A5A2D1,$00A09C80]: cfunction$002B5FB8 'Encounter_ReportStatus' [h=D4A5A2D1,$00A09C80]
  [Node$01CA6824] 'Utility_SetTimeScale' [h=6D9AF2D5,$00A00EC0]: cfunction$002C4E80 'Utility_SetTimeScale' [h=6D9AF2D5,$00A00EC0]
  [Node$01CA6860] 'loc_ff1243_n' [h=FDEF92D8,$0097F760]: table$0097F820[a=8,h=1]
    [0:$00A2C080] 'ff1243_1' [h=BE2944F1,$009983A0]
    [1:$00A2C088] 'ff1243_2' [h=792A3D8F,$00999B60]
    [2:$00A2C090] 'ff1243_3' [h=D86321DD,$009C6640]
    [3:$00A2C098] 'ff1243_4' [h=D25D49A6,$009A5B40]
    [4:$00A2C0A0] 'ff1243_5' [h=95F39252,$00991560]
    [5:$00A2C0A8] 'ff1243_6' [h=76364EAA,$009C6980]
    [6:$00A2C0B0] 'ff1243_7' [h=C6917ED4,$0099A520]
    [7:$00A2C0B8] 'ff1243_8' [h=15AC9279,$009A9420]
  [Node$01CA6888] 'rawequal' [h=59B412DA,$009905C0]: cfunction$003B85D0 'rawequal' [h=59B412DA,$009905C0]
  [Node$01CA689C] 'gameflow_QueueLayerLoads' [h=345D3ADB,$00A38080]: function$00996400 'gameflow_QueueLayerLoads' [h=345D3ADB,$00A38080]
    CONST$00A37640 k0  'layers' [h=B6F25259,$00984C40]
    CONST$00A37648 k1  'ipairs' [h=B6F4A157,$00990680]
    CONST$00A37650 k2  'util_PrintDebugMsg' [h=A2961C17,$00A11FC0]
    CONST$00A37658 k3  '[gameflow.lua] gameflow_QueueLayerLoads: queueing layer ' [h=EBCC0C7C,$00A7ACC0]
    CONST$00A37660 k4  ' for load\n' [h=7092F1FD,$00995A20]
    CONST$00A37668 k5  'Utility_ReadLevelFile' [h=882BA6F9,$00A08C40]
    CONST$00A37670 k6  '\\' [h=0000007D,$009A4B80]
    CODE $00A8D140
      000 02003E86  GETTABLE r2 := r0[k0 ('layers' [h=B6F25259,$00984C40])]
      001 02010018      TEST not r2: r2 := r2 ; or skip
      002 00800494       JMP +19 ; 22
      003 02000045 GETGLOBAL r2 := _G[k1 ('ipairs' [h=B6F4A157,$00990680])]
      004 03003E86  GETTABLE r3 := r0[k0 ('layers' [h=B6F25259,$00984C40])]
      005 02010159      CALL r2 (1 args) => 4 results
      006 0280031E  TFORPREP WIP
      007 06000085 GETGLOBAL r6 := _G[k2 ('util_PrintDebugMsg' [h=A2961C17,$00A11FC0])]
      008 070000C1     LOADK r7 := k3 ('[gameflow.lua] gameflow_QueueLayerLoads: queueing layer ' [h=EBCC0C7C,$00A7ACC0])
      009 08028000      MOVE r8 := r5
      010 09000101     LOADK r9 := k4 (' for load\n' [h=7092F1FD,$00995A20])
      011 07038253    CONCAT r7 := r7 ... r9
      012 06010059      CALL r6 (1 args) => 0 results
      013 06000145 GETGLOBAL r6 := _G[k5 ('Utility_ReadLevelFile' [h=882BA6F9,$00A08C40])]
      014 07000181     LOADK r7 := k6 ('\\' [h=0000007D,$009A4B80])
      015 08008000      MOVE r8 := r1
      016 09000181     LOADK r9 := k6 ('\\' [h=0000007D,$009A4B80])
      017 0A028000      MOVE r10 := r5
      018 07038293    CONCAT r7 := r7 ... r10
      019 06010059      CALL r6 (1 args) => 0 results
      020 0200005D  TFORLOOP WIP
      021 007FFC14       JMP -15 ; 7
      022 0000801B    RETURN r0 ... r-1
  [Node$01CA68B0] 'challenge_CommonClockAdjust' [h=093D2ADC,$009D8440]: function$0098B3A0[1] 'challenge_CommonClockAdjust' [h=093D2ADC,$009D8440]
    CONST$009CB640 k0  nil
    CONST$009CB648 k1  'HUD_GetTrayDisplay' [h=4CF99E2D,$009F0D40]
    CONST$009CB650 k2  1.0
    CONST$009CB658 k3  'nClockStartTime' [h=7DF56282,$00978E60]
    CONST$009CB660 k4  'HUD_SetTrayDisplay' [h=4DCFA244,$009D5D80]
    CODE $00A9DB40
      000 01008058      TEST r1: r1 := r1 ; or skip
      001 00800014       JMP +1 ; 3
      002 01000004  GETUPVAL r1 := u0
      003 0100BE95       BNE r1 != k0 (nil)
      004 008002D4       JMP +12 ; 17
      005 02000045 GETGLOBAL r2 := _G[k1 ('HUD_GetTrayDisplay' [h=4CF99E2D,$009F0D40])]
      006 03008000      MOVE r3 := r1
      007 02010099      CALL r2 (1 args) => 1 results
      008 03013F06  GETTABLE r3 := r2[k2 (1.0)]
      009 04013F06  GETTABLE r4 := r2[k2 (1.0)]
      010 04023F46  GETTABLE r4 := r4[k3 ('nClockStartTime' [h=7DF56282,$00978E60])]
      011 0402000C       ADD r4 := r4 + r0
      012 037E8109  SETTABLE r4 ->> r3[k3 ('nClockStartTime' [h=7DF56282,$00978E60])]
      013 03000105 GETGLOBAL r3 := _G[k4 ('HUD_SetTrayDisplay' [h=4DCFA244,$009D5D80])]
      014 04008000      MOVE r4 := r1
      015 05010000      MOVE r5 := r2
      016 03018059      CALL r3 (2 args) => 0 results
      017 0000801B    RETURN r0 ... r-1
  [Node$01CA68D8] 'newproxy' [h=1FFD1ADE,$009911E0]: cfunction$003B8C98[1] 'newproxy' [h=1FFD1ADE,$009911E0]
  [Node$01CA6928] 'Cinematic_SignalStart' [h=42DDBAE2,$009DFC80]: cfunction$002F7C68 'Cinematic_SignalStart' [h=42DDBAE2,$009DFC80]
  [Node$01CA6964] 'Event_PlayerIsBeingFilmed' [h=B53B2AE5,$00A00680]: cfunction$002BE668 'Event_PlayerIsBeingFilmed' [h=B53B2AE5,$00A00680]
  [Node$01CA69A0] 'challenge_Recycler_AllDependentActorsAreValid' [h=603D7AE8,$00A0A840]: function$0099D4E0 'challenge_Recycler_AllDependentActorsAreValid' [h=603D7AE8,$00A0A840]
    CONST$009C8020 k0  'tDependentActors' [h=AFB3932D,$009FC440]
    CONST$009C8028 k1  'ipairs' [h=B6F4A157,$00990680]
    CONST$009C8030 k2  'Utility_DoesActorExist' [h=446B4DB5,$009D8BC0]
    CONST$009C8038 k3  'Actor_IsAlive' [h=BD5193A3,$00977840]
    CODE $00AB66C0
      000 01008002  LOADBOOL r1 := True
      001 02003E86  GETTABLE r2 := r0[k0 ('tDependentActors' [h=AFB3932D,$009FC440])]
      002 02010018      TEST not r2: r2 := r2 ; or skip
      003 00800514       JMP +21 ; 25
      004 02000045 GETGLOBAL r2 := _G[k1 ('ipairs' [h=B6F4A157,$00990680])]
      005 03003E86  GETTABLE r3 := r0[k0 ('tDependentActors' [h=AFB3932D,$009FC440])]
      006 02010159      CALL r2 (1 args) => 4 results
      007 0280039E  TFORPREP WIP
      008 06000085 GETGLOBAL r6 := _G[k2 ('Utility_DoesActorExist' [h=446B4DB5,$009D8BC0])]
      009 07028000      MOVE r7 := r5
      010 06010099      CALL r6 (1 args) => 1 results
      011 07000002  LOADBOOL r7 := False
      012 000301D5       BEQ r6 == r7
      013 00800054       JMP +2 ; 16
      014 01000002  LOADBOOL r1 := False
      015 00800194       JMP +7 ; 23
      016 060000C5 GETGLOBAL r6 := _G[k3 ('Actor_IsAlive' [h=BD5193A3,$00977840])]
      017 07028000      MOVE r7 := r5
      018 06010099      CALL r6 (1 args) => 1 results
      019 07000002  LOADBOOL r7 := False
      020 000301D5       BEQ r6 == r7
      021 00800014       JMP +1 ; 23
      022 01000002  LOADBOOL r1 := False
      023 0200005D  TFORLOOP WIP
      024 007FFB94       JMP -17 ; 8
      025 0101001B    RETURN r1 ... r1
      026 0000801B    RETURN r0 ... r-1
  [Node$01CA69B4] 'jeff_entranceUsed' [h=9EF5F2E9,$00A11300]: function$0097F120 'jeff_entranceUsed' [h=9EF5F2E9,$00A11300]
    CONST$009A02E0 k0  'Cinematic_FadeOut' [h=67692EC4,$00A04A40]
    CONST$009A02E8 k1  0.4000000059604645
    CONST$009A02F0 k2  'jeff_doFakeEntrance' [h=5D30A696,$00A11380]
    CONST$009A02F8 k3  'jeff_setupElevatorEvents' [h=406EFCDE,$00A09280]
    CODE $009E2A80
      000 00000005 GETGLOBAL r0 := _G[k0 ('Cinematic_FadeOut' [h=67692EC4,$00A04A40])]
      001 01000041     LOADK r1 := k1 (0.4000000059604645)
      002 02000081     LOADK r2 := k2 ('jeff_doFakeEntrance' [h=5D30A696,$00A11380])
      003 00018059      CALL r0 (2 args) => 0 results
      004 00000022   CLOSURE r0 := closure(0, r0...)
      005 00000087 SETGLOBAL r0 ->> _G[k2 ('jeff_doFakeEntrance' [h=5D30A696,$00A11380])]
      006 000000C5 GETGLOBAL r0 := _G[k3 ('jeff_setupElevatorEvents' [h=406EFCDE,$00A09280])]
      007 00008059      CALL r0 (0 args) => 0 results
      008 0000801B    RETURN r0 ... r-1
  [Node$01CA6A04] 'SW_challenge_Deliver01_Show' [h=F5AFCAED,$00A3EB40]: function$009934C0 'SW_challenge_Deliver01_Show' [h=F5AFCAED,$00A3EB40]
    CONST$00957C90 k0  'challenge_Recycler_Show' [h=BA823C25,$009FC3C0]
    CONST$00957C98 k1  'tSW_Challenge_Deliver01' [h=83DCCEC7,$00A40D40]
    CODE $00957CA0
      000 00000005 GETGLOBAL r0 := _G[k0 ('challenge_Recycler_Show' [h=BA823C25,$009FC3C0])]
      001 01000045 GETGLOBAL r1 := _G[k1 ('tSW_Challenge_Deliver01' [h=83DCCEC7,$00A40D40])]
      002 00010059      CALL r0 (1 args) => 0 results
      003 0000801B    RETURN r0 ... r-1
  [Node$01CA6A18] 'Challenge_ReadStatFloat' [h=01F0A2EE,$00A251C0]: cfunction$002CA818 'Challenge_ReadStatFloat' [h=01F0A2EE,$00A251C0]
  [Node$01CA6A90] 'IsBouncerSpawned' [h=932E52F4,$00A39A40]: function$009A0E80 'IsBouncerSpawned' [h=932E52F4,$00A39A40]
    CONST$00960730 k0  'bouncers' [h=5D6099E4,$00981180]
    CONST$00960738 k1  'spawned' [h=DAA16BD1,$00999460]
    CODE $00994CA0
      000 01000005 GETGLOBAL r1 := _G[k0 ('bouncers' [h=5D6099E4,$00981180])]
      001 01008006  GETTABLE r1 := r1[r0]
      002 0100BEC6  GETTABLE r1 := r1[k1 ('spawned' [h=DAA16BD1,$00999460])]
      003 0101001B    RETURN r1 ... r1
      004 0000801B    RETURN r0 ... r-1
  [Node$01CA6AB8] 'DisableTeleport' [h=AE878AF6,$009A7BE0]: function$009A62E0 'DisableTeleport' [h=AE878AF6,$009A7BE0]
    CONST$00B1DFC0 k0  'CancelTeleportPilotEvents' [h=03732545,$009E0C00]
    CONST$00B1DFC8 k1  'ObjectifyTeleportPilot' [h=AB15908A,$009D9DC0]
    CONST$00B1DFD0 k2  'Event_ActorToActorProximity' [h=33FEE622,$009DED80]
    CONST$00B1DFD8 k3  'DisabledTeleportPilotDistant' [h=C79A66EB,$00A08E00]
    CONST$00B1DFE0 k4  'b' [h=00000083,$009960C0]
    CONST$00B1DFE8 k5  'player0' [h=316752BF,$009A6AC0]
    CONST$00B1DFF0 k6  'teleport_pilot_loc' [h=3E83CCB9,$00A0E600]
    CONST$00B1DFF8 k7  300.0
    CONST$00B1E000 k8  'FALSE' [h=0E4B730F,$009965C0]
    CODE $00A0F9C0
      000 00000005 GETGLOBAL r0 := _G[k0 ('CancelTeleportPilotEvents' [h=03732545,$009E0C00])]
      001 00008059      CALL r0 (0 args) => 0 results
      002 00000045 GETGLOBAL r0 := _G[k1 ('ObjectifyTeleportPilot' [h=AB15908A,$009D9DC0])]
      003 01000002  LOADBOOL r1 := False
      004 00010059      CALL r0 (1 args) => 0 results
      005 00000085 GETGLOBAL r0 := _G[k2 ('Event_ActorToActorProximity' [h=33FEE622,$009DED80])]
      006 010000C1     LOADK r1 := k3 ('DisabledTeleportPilotDistant' [h=C79A66EB,$00A08E00])
      007 02000101     LOADK r2 := k4 ('b' [h=00000083,$009960C0])
      008 03000141     LOADK r3 := k5 ('player0' [h=316752BF,$009A6AC0])
      009 04000181     LOADK r4 := k6 ('teleport_pilot_loc' [h=3E83CCB9,$00A0E600])
      010 050001C1     LOADK r5 := k7 (300.0)
      011 06000205 GETGLOBAL r6 := _G[k8 ('FALSE' [h=0E4B730F,$009965C0])]
      012 00038059      CALL r0 (6 args) => 0 results
      013 0000801B    RETURN r0 ... r-1
  [Node$01CA6B08] 'nenc_ff3045' [h=7D3322FA,$0099F900]: table$009C52C0[a=0,h=4]
    [Node$00A86B54] 'tLocationObjectsA' [h=2C5376F5,$00A01980]: table$0099EA00[a=8,h=1]
      [0:$00A08640] 'ff3045_1' [h=4E220094,$00993780]
      [1:$00A08648] 'ff3045_2' [h=715EB4A0,$009C7800]
      [2:$00A08650] 'ff3045_3' [h=8C0FAED9,$00986400]
      [3:$00A08658] 'ff3045_4' [h=DE2BAA1C,$00989A40]
      [4:$00A08660] 'ff3045_5' [h=890CA387,$009C5B20]
      [5:$00A08668] 'ff3045_6' [h=465D3A40,$009A5940]
      [6:$00A08670] 'ff3045_7' [h=2A21710B,$00978720]
      [7:$00A08678] 'ff3045_8' [h=55897F8F,$00989C40]
    [Node$00A86B68] 'sEncounter' [h=4CD961D9,$009A5C20]: 'ff3045' [h=E8C4022D,$00989CE0]
    [Node$00A86B7C] 'tLocationObjectsB' [h=CEC61813,$00A073C0]: table$009A5700[a=8,h=1]
      [0:$00A036C0] 'ff3045_9' [h=B47A7BDF,$009ABF20]
      [1:$00A036C8] 'ff3045_10' [h=C1B99651,$009926E0]
      [2:$00A036D0] 'ff3045_11' [h=880774A0,$00992220]
      [3:$00A036D8] 'ff3045_12' [h=CE2D5A0F,$009A5760]
      [4:$00A036E0] 'ff3045_13' [h=380637B9,$009C6900]
      [5:$00A036E8] 'ff3045_14' [h=1CC28884,$0098D1E0]
      [6:$00A036F0] 'ff3045_15' [h=78901E26,$00996200]
      [7:$00A036F8] 'ff3045_16' [h=E771F94C,$00989EE0]
  [Node$01CA6B1C] 'Faction_GetRelation' [h=94E8C2FB,$009E0280]: cfunction$002B6570 'Faction_GetRelation' [h=94E8C2FB,$009E0280]
  [Node$01CA6B30] 'jeff_setupCostumeTentEvents' [h=EC9D32FC,$009E2800]: function$009A1C60 'jeff_setupCostumeTentEvents' [h=EC9D32FC,$009E2800]
    CONST$00ACC340 k0  'jeff_costumeTentExists' [h=8DB7F529,$009E2A00]
    CONST$00ACC348 k1  'Utility_GetPlayerNationality' [h=CB78F623,$00A0AF00]
    CONST$00ACC350 k2  'template_player_hansolo' [h=39D2080B,$00A2BA80]
    CONST$00ACC358 k3  'template_player_indianajones' [h=0B5B19EA,$009F6840]
    CONST$00ACC360 k4  'jeff_hCostumeTentUsed' [h=03A86AD1,$009E26C0]
    CONST$00ACC368 k5  'Event_CancelEvent' [h=D8960070,$00A08280]
    CONST$00ACC370 k6  'jeff_hCostumeTentDestroyed' [h=773DB4EC,$009E2640]
    CONST$00ACC378 k7  'Event_ActorUsed' [h=760DA02B,$009862C0]
    CONST$00ACC380 k8  'jeff_costumeTentUsed' [h=BD34F78F,$009E2780]
    CONST$00ACC388 k9  'b' [h=00000083,$009960C0]
    CONST$00ACC390 k10 'costumeTentEntrance' [h=90556325,$009E2980]
    CONST$00ACC398 k11 'Event_ActorHitPointsLessThan' [h=A14D40BC,$00A24E80]
    CONST$00ACC3A0 k12 'jeff_CostumeTentDestroyed' [h=E4F16A2F,$009E2680]
    CONST$00ACC3A8 k13 'costumeTent' [h=84C85380,$009C73E0]
    CONST$00ACC3B0 k14 1.0
    CONST$00ACC3B8 k15 'TRUE' [h=0067B195,$0098F4C0]
    CODE $00BFB840
      000 00000005 GETGLOBAL r0 := _G[k0 ('jeff_costumeTentExists' [h=8DB7F529,$009E2A00])]
      001 00008099      CALL r0 (0 args) => 1 results
      002 00000058      TEST r0: r0 := r0 ; or skip
      003 00800014       JMP +1 ; 5
      004 0000801B    RETURN r0 ... r-1
      005 00000045 GETGLOBAL r0 := _G[k1 ('Utility_GetPlayerNationality' [h=CB78F623,$00A0AF00])]
      006 00008099      CALL r0 (0 args) => 1 results
      007 01003F15       BNE r0 != k2 ('template_player_hansolo' [h=39D2080B,$00A2BA80])
      008 00800054       JMP +2 ; 11
      009 00003F55       BEQ r0 == k3 ('template_player_indianajones' [h=0B5B19EA,$009F6840])
      010 00800014       JMP +1 ; 12
      011 0000801B    RETURN r0 ... r-1
      012 01000145 GETGLOBAL r1 := _G[k5 ('Event_CancelEvent' [h=D8960070,$00A08280])]
      013 02000105 GETGLOBAL r2 := _G[k4 ('jeff_hCostumeTentUsed' [h=03A86AD1,$009E26C0])]
      014 01010099      CALL r1 (1 args) => 1 results
      015 01000107 SETGLOBAL r1 ->> _G[k4 ('jeff_hCostumeTentUsed' [h=03A86AD1,$009E26C0])]
      016 01000145 GETGLOBAL r1 := _G[k5 ('Event_CancelEvent' [h=D8960070,$00A08280])]
      017 02000185 GETGLOBAL r2 := _G[k6 ('jeff_hCostumeTentDestroyed' [h=773DB4EC,$009E2640])]
      018 01010099      CALL r1 (1 args) => 1 results
      019 01000187 SETGLOBAL r1 ->> _G[k6 ('jeff_hCostumeTentDestroyed' [h=773DB4EC,$009E2640])]
      020 010001C5 GETGLOBAL r1 := _G[k7 ('Event_ActorUsed' [h=760DA02B,$009862C0])]
      021 02000201     LOADK r2 := k8 ('jeff_costumeTentUsed' [h=BD34F78F,$009E2780])
      022 03000241     LOADK r3 := k9 ('b' [h=00000083,$009960C0])
      023 04000281     LOADK r4 := k10 ('costumeTentEntrance' [h=90556325,$009E2980])
      024 01020099      CALL r1 (3 args) => 1 results
      025 01000107 SETGLOBAL r1 ->> _G[k4 ('jeff_hCostumeTentUsed' [h=03A86AD1,$009E26C0])]
      026 010002C5 GETGLOBAL r1 := _G[k11 ('Event_ActorHitPointsLessThan' [h=A14D40BC,$00A24E80])]
      027 02000301     LOADK r2 := k12 ('jeff_CostumeTentDestroyed' [h=E4F16A2F,$009E2680])
      028 03000241     LOADK r3 := k9 ('b' [h=00000083,$009960C0])
      029 04000341     LOADK r4 := k13 ('costumeTent' [h=84C85380,$009C73E0])
      030 05000381     LOADK r5 := k14 (1.0)
      031 060003C5 GETGLOBAL r6 := _G[k15 ('TRUE' [h=0067B195,$0098F4C0])]
      032 01030099      CALL r1 (5 args) => 1 results
      033 01000187 SETGLOBAL r1 ->> _G[k6 ('jeff_hCostumeTentDestroyed' [h=773DB4EC,$009E2640])]
      034 0000801B    RETURN r0 ... r-1
  [Node$01CA6B58] 'util_QueueHeroDialogue' [h=6C2822FE,$00A3BC00]: function$009A3860 'util_QueueHeroDialogue' [h=6C2822FE,$00A3BC00]
    CONST$00B2AFC0 k0  'Utility_GetPlayerNationality' [h=CB78F623,$00A0AF00]
    CONST$00B2AFC8 k1  'template_player_american' [h=B480AAA6,$00A3BC40]
    CONST$00B2AFD0 k2  'CHR.' [h=0056470D,$00983C40]
    CONST$00B2AFD8 k3  'template_player_british' [h=1C60DE63,$00A3CAC0]
    CONST$00B2AFE0 k4  'JEN.' [h=00567794,$00983D00]
    CONST$00B2AFE8 k5  'template_player_swedish' [h=1301F35E,$00A3BA80]
    CONST$00B2AFF0 k6  'MAT.' [h=005670B4,$00998340]
    CONST$00B2AFF8 k7  'util_PrintDebugMsg' [h=A2961C17,$00A11FC0]
    CONST$00B2B000 k8  '---> util_QueueHeroDialogue:  ' [h=EAF6913B,$00A3BBC0]
    CONST$00B2B008 k9  'tostring' [h=787EB105,$00990700]
    CONST$00B2B010 k10 ' ' [h=00000041,$009C76C0]
    CONST$00B2B018 k11 '\n' [h=0000002B,$009A7280]
    CONST$00B2B020 k12 'Audio_PlayVoiceoverCB' [h=56573DF1,$009FD000]
    CONST$00B2B028 k13 '---> util_QueueHeroDialogue: ' [h=B54412F5,$00A3BAC0]
    CONST$00B2B030 k14 'Audio_PlayVoiceover' [h=EE2AB1DE,$00A04CC0]
    CODE $00C4E740
      000 05000005 GETGLOBAL r5 := _G[k0 ('Utility_GetPlayerNationality' [h=CB78F623,$00A0AF00])]
      001 05008099      CALL r5 (0 args) => 1 results
      002 06038003   LOADNIL r6 ... r7
      003 04020058      TEST r4: r4 := r4 ; or skip
      004 00800014       JMP +1 ; 6
      005 04008002  LOADBOOL r4 := True
      006 0002BED5       BEQ r5 == k1 ('template_player_american' [h=B480AAA6,$00A3BC40])
      007 00800094       JMP +3 ; 11
      008 06000000      MOVE r6 := r0
      009 07000081     LOADK r7 := k2 ('CHR.' [h=0056470D,$00983C40])
      010 008002D4       JMP +12 ; 23
      011 0002BF55       BEQ r5 == k3 ('template_player_british' [h=1C60DE63,$00A3CAC0])
      012 00800094       JMP +3 ; 16
      013 06008000      MOVE r6 := r1
      014 07000101     LOADK r7 := k4 ('JEN.' [h=00567794,$00983D00])
      015 00800194       JMP +7 ; 23
      016 0002BFD5       BEQ r5 == k5 ('template_player_swedish' [h=1301F35E,$00A3BA80])
      017 00800094       JMP +3 ; 21
      018 06010000      MOVE r6 := r2
      019 07000181     LOADK r7 := k6 ('MAT.' [h=005670B4,$00998340])
      020 00800054       JMP +2 ; 23
      021 06000000      MOVE r6 := r0
      022 07000081     LOADK r7 := k2 ('CHR.' [h=0056470D,$00983C40])
      023 04020018      TEST not r4: r4 := r4 ; or skip
      024 00800094       JMP +3 ; 28
      025 08038000      MOVE r8 := r7
      026 09030000      MOVE r9 := r6
      027 06040253    CONCAT r6 := r8 ... r9
      028 03018018      TEST not r3: r3 := r3 ; or skip
      029 00800414       JMP +17 ; 47
      030 080001C5 GETGLOBAL r8 := _G[k7 ('util_PrintDebugMsg' [h=A2961C17,$00A11FC0])]
      031 09000201     LOADK r9 := k8 ('---> util_QueueHeroDialogue:  ' [h=EAF6913B,$00A3BBC0])
      032 0A000245 GETGLOBAL r10 := _G[k9 ('tostring' [h=787EB105,$00990700])]
      033 0B030000      MOVE r11 := r6
      034 0A010099      CALL r10 (1 args) => 1 results
      035 0B000281     LOADK r11 := k10 (' ' [h=00000041,$009C76C0])
      036 0C000245 GETGLOBAL r12 := _G[k9 ('tostring' [h=787EB105,$00990700])]
      037 0D018000      MOVE r13 := r3
      038 0C010099      CALL r12 (1 args) => 1 results
      039 0D0002C1     LOADK r13 := k11 ('\n' [h=0000002B,$009A7280])
      040 09048353    CONCAT r9 := r9 ... r13
      041 08010059      CALL r8 (1 args) => 0 results
      042 08000305 GETGLOBAL r8 := _G[k12 ('Audio_PlayVoiceoverCB' [h=56573DF1,$009FD000])]
      043 09030000      MOVE r9 := r6
      044 0A018000      MOVE r10 := r3
      045 08018059      CALL r8 (2 args) => 0 results
      046 00800294       JMP +11 ; 58
      047 080001C5 GETGLOBAL r8 := _G[k7 ('util_PrintDebugMsg' [h=A2961C17,$00A11FC0])]
      048 09000341     LOADK r9 := k13 ('---> util_QueueHeroDialogue: ' [h=B54412F5,$00A3BAC0])
      049 0A000245 GETGLOBAL r10 := _G[k9 ('tostring' [h=787EB105,$00990700])]
      050 0B030000      MOVE r11 := r6
      051 0A010099      CALL r10 (1 args) => 1 results
      052 0B0002C1     LOADK r11 := k11 ('\n' [h=0000002B,$009A7280])
      053 090482D3    CONCAT r9 := r9 ... r11
      054 08010059      CALL r8 (1 args) => 0 results
      055 08000385 GETGLOBAL r8 := _G[k14 ('Audio_PlayVoiceover' [h=EE2AB1DE,$00A04CC0])]
      056 09030000      MOVE r9 := r6
      057 08010059      CALL r8 (1 args) => 0 results
      058 0000801B    RETURN r0 ... r-1
  [Node$01CA6BBC] 'Ui_MessageBoxPrint' [h=CF59BB03,$00A01B00]: cfunction$002A7888 'Ui_MessageBoxPrint' [h=CF59BB03,$00A01B00]
  [Node$01CA6C5C] 'nenc_ff3122' [h=CD6EE30B,$00981400]: table$009A3B40[a=0,h=4]
    [Node$00AAAA54] 'tLocationObjectsA' [h=2C5376F5,$00A01980]: table$009C7280[a=8,h=1]
    [Node$00AAAA68] 'sEncounter' [h=4CD961D9,$009A5C20]: 'ff3122' [h=0889C335,$0099E6C0]
    [Node$00AAAA7C] 'tLocationObjectsB' [h=CEC61813,$00A073C0]: table$009C58C0[a=8,h=1]
      [0:$00A04E40] 'ff3122_9' [h=BD02317F,$0099EA80]
      [1:$00A04E48] 'ff3122_10' [h=EBA8E70A,$009AA680]
      [2:$00A04E50] 'ff3122_11' [h=FA2BACC7,$0097DE00]
      [3:$00A04E58] 'ff3122_12' [h=C93C1438,$009A53C0]
      [4:$00A04E60] 'ff3122_13' [h=13016CA3,$00981A60]
      [5:$00A04E68] 'ff3122_14' [h=0472A103,$009A87C0]
      [6:$00A04E70] 'ff3122_15' [h=71601576,$009A21E0]
      [7:$00A04E78] 'ff3122_16' [h=ED069D71,$009A8140]
  [Node$01CA6C70] 'jeff_hHeroDamagedEvent' [h=E78B0B0C,$00A2A100]: 1626.0
  [Node$01CA6C84] 'FirstTimeInSW' [h=C74F130D,$00994840]: function$009A78E0 'FirstTimeInSW' [h=C74F130D,$00994840]
    CONST$00BFCE00 k0  'Utility_WriteStringToScribbleMemory' [h=5E8C6272,$00A3FBC0]
    CONST$00BFCE08 k1  'PlayerStartLocationName' [h=97810C56,$00A02EC0]
    CONST$00BFCE10 k2  'loc_playerstart' [h=AE611F70,$009A7D60]
    CONST$00BFCE18 k3  'Mail_Post' [h=CC9FDE1E,$0098E400]
    CONST$00BFCE20 k4  'global_southmap' [h=D7427637,$009C7540]
    CONST$00BFCE28 k5  'help_civilians' [h=5CF8BD36,$009A1960]
    CONST$00BFCE30 k6  'help_challenge' [h=868CEB41,$0099F060]
    CONST$00BFCE38 k7  'help_medivac' [h=B395794A,$0097D040]
    CONST$00BFCE40 k8  'help_savegame' [h=0A1A6E34,$00994220]
    CONST$00BFCE48 k9  'help_flags' [h=063CACF0,$0098CFA0]
    CONST$00BFCE50 k10 'help_intel' [h=E39CCCAE,$0098D740]
    CONST$00BFCE58 k11 'TutorialSaveGame' [h=2695D22C,$009E0640]
    CONST$00BFCE60 k12 'Event_RelativeTimer' [h=AD23F6E2,$00A3EA80]
    CONST$00BFCE68 k13 'b' [h=00000083,$009960C0]
    CONST$00BFCE70 k14 0.5
    CONST$00BFCE78 k15 'SKIntro' [h=C970CC99,$009A0E40]
    CONST$00BFCE80 k16 30.0
    CONST$00BFCE88 k17 'TutorialChallenges' [h=A71A5FFF,$00A3E800]
    CONST$00BFCE90 k18 'Utility_WriteNumberToScribbleMemory' [h=DCF55147,$009DC740]
    CONST$00BFCE98 k19 'RelationOnDonation' [h=2EB32B25,$00A0CF40]
    CONST$00BFCEA0 k20 'util_GetPostBribeMood' [h=B23D1CCA,$00A05BC0]
    CONST$00BFCEA8 k21 'FirstTimeInSW' [h=C74F130D,$00994840]
    CODE $00C4D140
      000 00000005 GETGLOBAL r0 := _G[k0 ('Utility_WriteStringToScribbleMemory' [h=5E8C6272,$00A3FBC0])]
      001 01000041     LOADK r1 := k1 ('PlayerStartLocationName' [h=97810C56,$00A02EC0])
      002 02000081     LOADK r2 := k2 ('loc_playerstart' [h=AE611F70,$009A7D60])
      003 00018059      CALL r0 (2 args) => 0 results
      004 000000C5 GETGLOBAL r0 := _G[k3 ('Mail_Post' [h=CC9FDE1E,$0098E400])]
      005 01000101     LOADK r1 := k4 ('global_southmap' [h=D7427637,$009C7540])
      006 00010059      CALL r0 (1 args) => 0 results
      007 000000C5 GETGLOBAL r0 := _G[k3 ('Mail_Post' [h=CC9FDE1E,$0098E400])]
      008 01000141     LOADK r1 := k5 ('help_civilians' [h=5CF8BD36,$009A1960])
      009 00010059      CALL r0 (1 args) => 0 results
      010 000000C5 GETGLOBAL r0 := _G[k3 ('Mail_Post' [h=CC9FDE1E,$0098E400])]
      011 01000181     LOADK r1 := k6 ('help_challenge' [h=868CEB41,$0099F060])
      012 00010059      CALL r0 (1 args) => 0 results
      013 000000C5 GETGLOBAL r0 := _G[k3 ('Mail_Post' [h=CC9FDE1E,$0098E400])]
      014 010001C1     LOADK r1 := k7 ('help_medivac' [h=B395794A,$0097D040])
      015 00010059      CALL r0 (1 args) => 0 results
      016 000000C5 GETGLOBAL r0 := _G[k3 ('Mail_Post' [h=CC9FDE1E,$0098E400])]
      017 01000201     LOADK r1 := k8 ('help_savegame' [h=0A1A6E34,$00994220])
      018 00010059      CALL r0 (1 args) => 0 results
      019 000000C5 GETGLOBAL r0 := _G[k3 ('Mail_Post' [h=CC9FDE1E,$0098E400])]
      020 01000241     LOADK r1 := k9 ('help_flags' [h=063CACF0,$0098CFA0])
      021 00010059      CALL r0 (1 args) => 0 results
      022 000000C5 GETGLOBAL r0 := _G[k3 ('Mail_Post' [h=CC9FDE1E,$0098E400])]
      023 01000281     LOADK r1 := k10 ('help_intel' [h=E39CCCAE,$0098D740])
      024 00010059      CALL r0 (1 args) => 0 results
      025 00000022   CLOSURE r0 := closure(0, r0...)
      026 000002C7 SETGLOBAL r0 ->> _G[k11 ('TutorialSaveGame' [h=2695D22C,$009E0640])]
      027 00000305 GETGLOBAL r0 := _G[k12 ('Event_RelativeTimer' [h=AD23F6E2,$00A3EA80])]
      028 010002C1     LOADK r1 := k11 ('TutorialSaveGame' [h=2695D22C,$009E0640])
      029 02000341     LOADK r2 := k13 ('b' [h=00000083,$009960C0])
      030 03000381     LOADK r3 := k14 (0.5)
      031 00020059      CALL r0 (3 args) => 0 results
      032 00000062   CLOSURE r0 := closure(1, r0...)
      033 000003C7 SETGLOBAL r0 ->> _G[k15 ('SKIntro' [h=C970CC99,$009A0E40])]
      034 00000305 GETGLOBAL r0 := _G[k12 ('Event_RelativeTimer' [h=AD23F6E2,$00A3EA80])]
      035 010003C1     LOADK r1 := k15 ('SKIntro' [h=C970CC99,$009A0E40])
      036 02000341     LOADK r2 := k13 ('b' [h=00000083,$009960C0])
      037 03000401     LOADK r3 := k16 (30.0)
      038 00020059      CALL r0 (3 args) => 0 results
      039 000000A2   CLOSURE r0 := closure(2, r0...)
      040 00000447 SETGLOBAL r0 ->> _G[k17 ('TutorialChallenges' [h=A71A5FFF,$00A3E800])]
      041 00000485 GETGLOBAL r0 := _G[k18 ('Utility_WriteNumberToScribbleMemory' [h=DCF55147,$009DC740])]
      042 010004C1     LOADK r1 := k19 ('RelationOnDonation' [h=2EB32B25,$00A0CF40])
      043 02000505 GETGLOBAL r2 := _G[k20 ('util_GetPostBribeMood' [h=B23D1CCA,$00A05BC0])]
      044 02008019      CALL r2 (0 args) => -1 results
      045 00000059      CALL r0 (-1 args) => 0 results
      046 00000003   LOADNIL r0 ... r0
      047 00000547 SETGLOBAL r0 ->> _G[k21 ('FirstTimeInSW' [h=C74F130D,$00994840])]
      048 0000801B    RETURN r0 ... r-1
  [Node$01CA6CAC] 'FALSE' [h=0E4B730F,$009965C0]: False
  [Node$01CA6CE8] 'pairs' [h=12CC6B12,$009906A0]: cfunction$003B8800 'pairs' [h=12CC6B12,$009906A0]
  [Node$01CA6CFC] 'Building_SpawnerSetSpawnType' [h=27243B13,$009FB7C0]: cfunction$002C15D8 'Building_SpawnerSetSpawnType' [h=27243B13,$009FB7C0]
  [Node$01CA6D60] 'nenc_ff3343_v' [h=62ACF318,$009928E0]: table$009A2EE0[a=0,h=4]
    [Node$00A86BD4] 'tLocationObjectsA' [h=2C5376F5,$00A01980]: table$009A4B00[a=2,h=1]
    [Node$00A86BE8] 'sEncounter' [h=4CD961D9,$009A5C20]: 'ff3343' [h=E56E687D,$009860C0]
    [Node$00A86BFC] 'tLocationObjectsB' [h=CEC61813,$00A073C0]: nil
  [Node$01CA6DD8] 'SW_Challenge_Race_HQa2HQs_01_SetupAiInNamedVehicle' [h=AA981B1E,$00ABE140]: function$00982D40 'SW_Challenge_Race_HQa2HQs_01_SetupAiInNamedVehicle' [h=AA981B1E,$00ABE140]
    CONST$00962C30 k0  'challenge_Recycler_Vehicle_Setup' [h=2383F7A5,$009E2480]
    CONST$00962C38 k1  'tSW_Challenge_Race_HQa2HQs_01' [h=35C26A6D,$009D2C40]
    CODE $00996440
      000 03000005 GETGLOBAL r3 := _G[k0 ('challenge_Recycler_Vehicle_Setup' [h=2383F7A5,$009E2480])]
      001 04000045 GETGLOBAL r4 := _G[k1 ('tSW_Challenge_Race_HQa2HQs_01' [h=35C26A6D,$009D2C40])]
      002 05000000      MOVE r5 := r0
      003 06008000      MOVE r6 := r1
      004 03020059      CALL r3 (3 args) => 0 results
      005 0000801B    RETURN r0 ... r-1
  [Node$01CA6DEC] 'SW_Challenge_Destroy01_ImproveSK' [h=011F6B1F,$009FF4C0]: function$0099BD00 'SW_Challenge_Destroy01_ImproveSK' [h=011F6B1F,$009FF4C0]
    CONST$0097F500 k0  'SW_Challenge_Destroy01_Level' [h=8A63587D,$009E6D40]
    CONST$0097F508 k1  1.0
    CONST$0097F510 k2  3.0
    CONST$0097F518 k3  5.0
    CODE $00A0D600
      000 00000005 GETGLOBAL r0 := _G[k0 ('SW_Challenge_Destroy01_Level' [h=8A63587D,$009E6D40])]
      001 00008099      CALL r0 (0 args) => 1 results
      002 00003ECD       SUB r0 := r0 - k1 (1.0)
      003 007E0016       BLT k2 (3.0) < r0
      004 00800014       JMP +1 ; 6
      005 00000081     LOADK r0 := k2 (3.0)
      006 01003F4E       MUL r1 := r0 * k3 (5.0)
      007 0101001B    RETURN r1 ... r1
      008 0000801B    RETURN r0 ... r-1
  [Node$01CA6E00] 'SW_challenge_Destroy01_WaitForReinitOpportunity' [h=0D457320,$009CE140]: function$00994540 'SW_challenge_Destroy01_WaitForReinitOpportunity' [h=0D457320,$009CE140]
    CONST$00958230 k0  'challenge_Recycler_WaitForReinitOpportunity' [h=E437AA1D,$009E6000]
    CONST$00958238 k1  'tSW_Challenge_Destroy01' [h=8926D538,$009F2600]
    CODE $00958280
      000 00000005 GETGLOBAL r0 := _G[k0 ('challenge_Recycler_WaitForReinitOpportunity' [h=E437AA1D,$009E6000])]
      001 01000045 GETGLOBAL r1 := _G[k1 ('tSW_Challenge_Destroy01' [h=8926D538,$009F2600])]
      002 00010059      CALL r0 (1 args) => 0 results
      003 0000801B    RETURN r0 ... r-1
  [Node$01CA6E14] 'util_GetDominantFaction' [h=55E8B321,$00A3B940]: function$009A0240 'util_GetDominantFaction' [h=55E8B321,$00A3B940]
    CONST$00A3B500 k0  'china' [h=1129D14E,$009A6060]
    CONST$00A3B508 k1  'mafia' [h=11226556,$009A6140]
    CONST$00A3B510 k2  'sk' [h=00001514,$009A6180]
    CONST$00A3B518 k3  101.0
    CONST$00A3B520 k4  -101.0
    CONST$00A3B528 k5  'ipairs' [h=B6F4A157,$00990680]
    CONST$00A3B530 k6  'Faction_GetRelation' [h=94E8C2FB,$009E0280]
    CONST$00A3B538 k7  'prokat' [h=854F88C7,$009A6820]
    CODE $00BFCEC0
      000 0001800A  NEWTABLE r0 := {} (#a=3, #h=0)
      001 01000001     LOADK r1 := k0 ('china' [h=1129D14E,$009A6060])
      002 02000041     LOADK r2 := k1 ('mafia' [h=11226556,$009A6140])
      003 03000081     LOADK r3 := k2 ('sk' [h=00001514,$009A6180])
      004 0000009F   SETLIST r0 [2]
      005 01000101     LOADK r1 := k4 (-101.0)
      006 02010003   LOADNIL r2 ... r2
      007 03000145 GETGLOBAL r3 := _G[k5 ('ipairs' [h=B6F4A157,$00990680])]
      008 04000000      MOVE r4 := r0
      009 03010159      CALL r3 (1 args) => 4 results
      010 038001DE  TFORPREP WIP
      011 07000185 GETGLOBAL r7 := _G[k6 ('Faction_GetRelation' [h=94E8C2FB,$009E0280])]
      012 08030000      MOVE r8 := r6
      013 090001C1     LOADK r9 := k7 ('prokat' [h=854F88C7,$009A6820])
      014 07018099      CALL r7 (2 args) => 1 results
      015 000081D6       BLT r1 < r7
      016 00800054       JMP +2 ; 19
      017 01038000      MOVE r1 := r7
      018 02030000      MOVE r2 := r6
      019 0300005D  TFORLOOP WIP
      020 007FFD54       JMP -10 ; 11
      021 03000145 GETGLOBAL r3 := _G[k5 ('ipairs' [h=B6F4A157,$00990680])]
      022 04000000      MOVE r4 := r0
      023 03010159      CALL r3 (1 args) => 4 results
      024 0380021E  TFORPREP WIP
      025 01030095       BNE r6 != r2
      026 00800194       JMP +7 ; 34
      027 07000185 GETGLOBAL r7 := _G[k6 ('Faction_GetRelation' [h=94E8C2FB,$009E0280])]
      028 08030000      MOVE r8 := r6
      029 090001C1     LOADK r9 := k7 ('prokat' [h=854F88C7,$009A6820])
      030 07018099      CALL r7 (2 args) => 1 results
      031 00038055       BEQ r7 == r1
      032 00800014       JMP +1 ; 34
      033 02000041     LOADK r2 := k1 ('mafia' [h=11226556,$009A6140])
      034 0300005D  TFORLOOP WIP
      035 007FFD14       JMP -11 ; 25
      036 0201001B    RETURN r2 ... r2
      037 0000801B    RETURN r0 ... r-1
  [Node$01CA6E28] 'Actor_GetMaxHitPoints' [h=13A50B22,$00A01900]: cfunction$002A9C38 'Actor_GetMaxHitPoints' [h=13A50B22,$00A01900]
  [Node$01CA6E3C] 'Objective_SetTargetVector' [h=34DB2323,$00A10680]: cfunction$002A4230 'Objective_SetTargetVector' [h=34DB2323,$00A10680]
  [Node$01CA6E50] '_LOADED' [h=BCC9FB24,$0098FFE0]: table$0098F7C0[a=0,h=1]
  [Node$01CA6E64] 'SW_challenge_destroy_dmz01_ImproveAllies' [h=2DBCFB25,$00A0A0C0]: function$0098CCC0 'SW_challenge_destroy_dmz01_ImproveAllies' [h=2DBCFB25,$00A0A0C0]
    CONST$0097C800 k0  'SW_challenge_destroy_dmz01_Level' [h=64BADBA6,$00A29D40]
    CONST$0097C808 k1  1.0
    CONST$0097C810 k2  3.0
    CONST$0097C818 k3  5.0
    CODE $00A0D900
      000 00000005 GETGLOBAL r0 := _G[k0 ('SW_challenge_destroy_dmz01_Level' [h=64BADBA6,$00A29D40])]
      001 00008099      CALL r0 (0 args) => 1 results
      002 00003ECD       SUB r0 := r0 - k1 (1.0)
      003 007E0016       BLT k2 (3.0) < r0
      004 00800014       JMP +1 ; 6
      005 00000081     LOADK r0 := k2 (3.0)
      006 01003F4E       MUL r1 := r0 * k3 (5.0)
      007 0101001B    RETURN r1 ... r1
      008 0000801B    RETURN r0 ... r-1
  [Node$01CA6EDC] 'Ui_AddDisplayMarkerActor' [h=C6434B2B,$00A3EF80]: cfunction$002A7E18 'Ui_AddDisplayMarkerActor' [h=C6434B2B,$00A3EF80]
  [Node$01CA6F18] 'coroutine' [h=1502C32E,$0098F7E0]: table$0097C7C0[a=0,h=8]
    [Node$00C03C54] 'resume' [h=4DCBBB41,$0098FA60]: cfunction$003B8018
    [Node$00C03C68] 'yield' [h=10C250EA,$00994E20]: cfunction$003B8ED0
    [Node$00C03C90] 'status' [h=86B6A8CC,$0098F9E0]: cfunction$003B8F00
    [Node$00C03CA4] 'wrap' [h=0080D7D5,$0098EC80]: cfunction$003B8E30
    [Node$00C03CB8] 'create' [h=480EB176,$00980C00]: cfunction$003B8DA0
  [Node$01CA6F40] 'jeff_ScriptInit' [h=2366BB30,$009A6A80]: function$009A5320 'jeff_ScriptInit' [h=2366BB30,$009A6A80]
    CONST$00CE89C0 k0  'jeff_tHeroInfo' [h=ADAD5F8B,$009A4360]
    CONST$00CE89C8 k1  'template_player_american' [h=B480AAA6,$00A3BC40]
    CONST$00CE89D0 k2  'banterDamage' [h=CCFA1797,$009AB320]
    CONST$00CE89D8 k3  'CHR.541171chr' [h=2BFB80F8,$00985840]
    CONST$00CE89E0 k4  'CHR.541172chr' [h=05921A8E,$00983000]
    CONST$00CE89E8 k5  'CHR.541173chr' [h=74F4246E,$0099CD80]
    CONST$00CE89F0 k6  'vehicleDamage' [h=6A9369E8,$009AAB40]
    CONST$00CE89F8 k7  'CHR.541189chr' [h=A58EE00E,$00988440]
    CONST$00CE8A00 k8  'CHR.541190chr' [h=17D3A7D7,$00984AE0]
    CONST$00CE8A08 k9  'template_player_british' [h=1C60DE63,$00A3CAC0]
    CONST$00CE8A10 k10 'JEN.541201jen' [h=47930922,$0099EBA0]
    CONST$00CE8A18 k11 'JEN.541202jen' [h=90A2AEDE,$0097B200]
    CONST$00CE8A20 k12 'JEN.541203jen' [h=4AAE18B1,$0097FEC0]
    CONST$00CE8A28 k13 'JEN.541219jen' [h=B0780B42,$00986D20]
    CONST$00CE8A30 k14 'JEN.541220jen' [h=CFC5D8AB,$0098B5A0]
    CONST$00CE8A38 k15 'template_player_hansolo' [h=39D2080B,$00A2BA80]
    CONST$00CE8A40 k16 'han.541171HAN' [h=052129F0,$00985560]
    CONST$00CE8A48 k17 'han.541172HAN' [h=1E0DEA36,$0098F6A0]
    CONST$00CE8A50 k18 'han.541173HAN' [h=97895957,$0097D320]
    CONST$00CE8A58 k19 'han.541190HAN' [h=48AF5FAF,$0098C040]
    CONST$00CE8A60 k20 'han.541189HAN' [h=CA3EE7BA,$00982260]
    CONST$00CE8A68 k21 'template_player_indianajones' [h=0B5B19EA,$009F6840]
    CONST$00CE8A70 k22 'ind.541171IND' [h=6EECC6D7,$009A4D80]
    CONST$00CE8A78 k23 'ind.541172IND' [h=489F6082,$009AB700]
    CONST$00CE8A80 k24 'ind.541173IND' [h=D8FF502A,$00988880]
    CONST$00CE8A88 k25 'ind.541189IND' [h=DE407174,$0099FFA0]
    CONST$00CE8A90 k26 'ind.541190IND' [h=37856E7D,$00979F60]
    CONST$00CE8A98 k27 'template_player_swedish' [h=1301F35E,$00A3BA80]
    CONST$00CE8AA0 k28 'mat.541231mat' [h=6045E9B5,$0099F420]
    CONST$00CE8AA8 k29 'mat.541232mat' [h=A76ABB36,$009C3C00]
    CONST$00CE8AB0 k30 'mat.541233mat' [h=9E260CAE,$0098D980]
    CONST$00CE8AB8 k31 'mat.541249mat' [h=3CF63813,$009A09C0]
    CONST$00CE8AC0 k32 'mat.541250mat' [h=BFCA1A7D,$0098C5A0]
    CONST$00CE8AC8 k33 'jeff_iBanterHeroDamage' [h=58C02B62,$00A2B040]
    CONST$00CE8AD0 k34 0.0
    CONST$00CE8AD8 k35 'jeff_iBanterVehicleDamage' [h=2654751A,$00A2B400]
    CONST$00CE8AE0 k36 'jeff_newHeroDamageEvent' [h=EFF1FB7C,$00A2B600]
    CONST$00CE8AE8 k37 'jeff_hPlayerInVehicle' [h=EF229078,$009F63C0]
    CONST$00CE8AF0 k38 'Event_AiInVehicle' [h=8A9BD566,$00A026C0]
    CONST$00CE8AF8 k39 'jeff_playerInVehicle' [h=8CFD0379,$009F5F80]
    CONST$00CE8B00 k40 'b' [h=00000083,$009960C0]
    CONST$00CE8B08 k41 'player0' [h=316752BF,$009A6AC0]
    CONST$00CE8B10 k42 'TRUE' [h=0067B195,$0098F4C0]
    CONST$00CE8B18 k43 'jeff_SetupWeaponEvents' [h=35B8C26F,$00A2B240]
    CONST$00CE8B20 k44 'Utility_ReadNumberFromScribbleMemory' [h=2BB92038,$00A00C80]
    CONST$00CE8B28 k45 'offerEasterEgg' [h=E16E0F50,$009968C0]
    CONST$00CE8B30 k46 'Event_ActorInBoundary' [h=5BF73290,$009D5540]
    CONST$00CE8B38 k47 'Event_RelativeTimer' [h=AD23F6E2,$00A3EA80]
    CONST$00CE8B40 k48 'jeff_setupElevator' [h=24C5B5F2,$00A2C6C0]
    CONST$00CE8B48 k49 1.0
    CONST$00CE8B50 k50 'jeff_setupCostumeTent' [h=3D41CBCF,$00A29540]
    CONST$00CE8B58 k51 'tutorial_factionMood' [h=F325BA12,$00A293C0]
    CONST$00CE8B60 k52 'jeff_SetupMoodEvents' [h=145A7F5F,$00A2C680]
    CODE $00CF8940
      000 000000CA  NEWTABLE r0 := {} (#a=0, #h=3)
      001 0100008A  NEWTABLE r1 := {} (#a=0, #h=2)
      002 0201800A  NEWTABLE r2 := {} (#a=3, #h=0)
      003 030000C1     LOADK r3 := k3 ('CHR.541171chr' [h=2BFB80F8,$00985840])
      004 04000101     LOADK r4 := k4 ('CHR.541172chr' [h=05921A8E,$00983000])
      005 05000141     LOADK r5 := k5 ('CHR.541173chr' [h=74F4246E,$0099CD80])
      006 0200009F   SETLIST r2 [2]
      007 017E0089  SETTABLE r2 ->> r1[k2 ('banterDamage' [h=CCFA1797,$009AB320])]
      008 0201000A  NEWTABLE r2 := {} (#a=2, #h=0)
      009 030001C1     LOADK r3 := k7 ('CHR.541189chr' [h=A58EE00E,$00988440])
      010 04000201     LOADK r4 := k8 ('CHR.541190chr' [h=17D3A7D7,$00984AE0])
      011 0200005F   SETLIST r2 [1]
      012 01800089  SETTABLE r2 ->> r1[k6 ('vehicleDamage' [h=6A9369E8,$009AAB40])]
      013 007D8049  SETTABLE r1 ->> r0[k1 ('template_player_american' [h=B480AAA6,$00A3BC40])]
      014 0100008A  NEWTABLE r1 := {} (#a=0, #h=2)
      015 0201800A  NEWTABLE r2 := {} (#a=3, #h=0)
      016 03000281     LOADK r3 := k10 ('JEN.541201jen' [h=47930922,$0099EBA0])
      017 040002C1     LOADK r4 := k11 ('JEN.541202jen' [h=90A2AEDE,$0097B200])
      018 05000301     LOADK r5 := k12 ('JEN.541203jen' [h=4AAE18B1,$0097FEC0])
      019 0200009F   SETLIST r2 [2]
      020 017E0089  SETTABLE r2 ->> r1[k2 ('banterDamage' [h=CCFA1797,$009AB320])]
      021 0201000A  NEWTABLE r2 := {} (#a=2, #h=0)
      022 03000341     LOADK r3 := k13 ('JEN.541219jen' [h=B0780B42,$00986D20])
      023 04000381     LOADK r4 := k14 ('JEN.541220jen' [h=CFC5D8AB,$0098B5A0])
      024 0200005F   SETLIST r2 [1]
      025 01800089  SETTABLE r2 ->> r1[k6 ('vehicleDamage' [h=6A9369E8,$009AAB40])]
      026 00818049  SETTABLE r1 ->> r0[k9 ('template_player_british' [h=1C60DE63,$00A3CAC0])]
      027 0100008A  NEWTABLE r1 := {} (#a=0, #h=2)
      028 0201800A  NEWTABLE r2 := {} (#a=3, #h=0)
      029 03000401     LOADK r3 := k16 ('han.541171HAN' [h=052129F0,$00985560])
      030 04000441     LOADK r4 := k17 ('han.541172HAN' [h=1E0DEA36,$0098F6A0])
      031 05000481     LOADK r5 := k18 ('han.541173HAN' [h=97895957,$0097D320])
      032 0200009F   SETLIST r2 [2]
      033 017E0089  SETTABLE r2 ->> r1[k2 ('banterDamage' [h=CCFA1797,$009AB320])]
      034 0201000A  NEWTABLE r2 := {} (#a=2, #h=0)
      035 030004C1     LOADK r3 := k19 ('han.541190HAN' [h=48AF5FAF,$0098C040])
      036 04000501     LOADK r4 := k20 ('han.541189HAN' [h=CA3EE7BA,$00982260])
      037 0200005F   SETLIST r2 [1]
      038 01800089  SETTABLE r2 ->> r1[k6 ('vehicleDamage' [h=6A9369E8,$009AAB40])]
      039 00848049  SETTABLE r1 ->> r0[k15 ('template_player_hansolo' [h=39D2080B,$00A2BA80])]
      040 0100008A  NEWTABLE r1 := {} (#a=0, #h=2)
      041 0201800A  NEWTABLE r2 := {} (#a=3, #h=0)
      042 03000581     LOADK r3 := k22 ('ind.541171IND' [h=6EECC6D7,$009A4D80])
      043 040005C1     LOADK r4 := k23 ('ind.541172IND' [h=489F6082,$009AB700])
      044 05000601     LOADK r5 := k24 ('ind.541173IND' [h=D8FF502A,$00988880])
      045 0200009F   SETLIST r2 [2]
      046 017E0089  SETTABLE r2 ->> r1[k2 ('banterDamage' [h=CCFA1797,$009AB320])]
      047 0201000A  NEWTABLE r2 := {} (#a=2, #h=0)
      048 03000641     LOADK r3 := k25 ('ind.541189IND' [h=DE407174,$0099FFA0])
      049 04000681     LOADK r4 := k26 ('ind.541190IND' [h=37856E7D,$00979F60])
      050 0200005F   SETLIST r2 [1]
      051 01800089  SETTABLE r2 ->> r1[k6 ('vehicleDamage' [h=6A9369E8,$009AAB40])]
      052 00878049  SETTABLE r1 ->> r0[k21 ('template_player_indianajones' [h=0B5B19EA,$009F6840])]
      053 0100008A  NEWTABLE r1 := {} (#a=0, #h=2)
      054 0201800A  NEWTABLE r2 := {} (#a=3, #h=0)
      055 03000701     LOADK r3 := k28 ('mat.541231mat' [h=6045E9B5,$0099F420])
      056 04000741     LOADK r4 := k29 ('mat.541232mat' [h=A76ABB36,$009C3C00])
      057 05000781     LOADK r5 := k30 ('mat.541233mat' [h=9E260CAE,$0098D980])
      058 0200009F   SETLIST r2 [2]
      059 017E0089  SETTABLE r2 ->> r1[k2 ('banterDamage' [h=CCFA1797,$009AB320])]
      060 0201000A  NEWTABLE r2 := {} (#a=2, #h=0)
      061 030007C1     LOADK r3 := k31 ('mat.541249mat' [h=3CF63813,$009A09C0])
      062 04000801     LOADK r4 := k32 ('mat.541250mat' [h=BFCA1A7D,$0098C5A0])
      063 0200005F   SETLIST r2 [1]
      064 01800089  SETTABLE r2 ->> r1[k6 ('vehicleDamage' [h=6A9369E8,$009AAB40])]
      065 008A8049  SETTABLE r1 ->> r0[k27 ('template_player_swedish' [h=1301F35E,$00A3BA80])]
      066 00000007 SETGLOBAL r0 ->> _G[k0 ('jeff_tHeroInfo' [h=ADAD5F8B,$009A4360])]
      067 00000881     LOADK r0 := k34 (0.0)
      068 00000847 SETGLOBAL r0 ->> _G[k33 ('jeff_iBanterHeroDamage' [h=58C02B62,$00A2B040])]
      069 00000881     LOADK r0 := k34 (0.0)
      070 000008C7 SETGLOBAL r0 ->> _G[k35 ('jeff_iBanterVehicleDamage' [h=2654751A,$00A2B400])]
      071 00000905 GETGLOBAL r0 := _G[k36 ('jeff_newHeroDamageEvent' [h=EFF1FB7C,$00A2B600])]
      072 00008059      CALL r0 (0 args) => 0 results
      073 00000985 GETGLOBAL r0 := _G[k38 ('Event_AiInVehicle' [h=8A9BD566,$00A026C0])]
      074 010009C1     LOADK r1 := k39 ('jeff_playerInVehicle' [h=8CFD0379,$009F5F80])
      075 02000A01     LOADK r2 := k40 ('b' [h=00000083,$009960C0])
      076 03000A41     LOADK r3 := k41 ('player0' [h=316752BF,$009A6AC0])
      077 04000A85 GETGLOBAL r4 := _G[k42 ('TRUE' [h=0067B195,$0098F4C0])]
      078 00028099      CALL r0 (4 args) => 1 results
      079 00000947 SETGLOBAL r0 ->> _G[k37 ('jeff_hPlayerInVehicle' [h=EF229078,$009F63C0])]
      080 00000AC5 GETGLOBAL r0 := _G[k43 ('jeff_SetupWeaponEvents' [h=35B8C26F,$00A2B240])]
      081 00008059      CALL r0 (0 args) => 0 results
      082 00000B05 GETGLOBAL r0 := _G[k44 ('Utility_ReadNumberFromScribbleMemory' [h=2BB92038,$00A00C80])]
      083 01000B41     LOADK r1 := k45 ('offerEasterEgg' [h=E16E0F50,$009968C0])
      084 00010099      CALL r0 (1 args) => 1 results
      085 00000058      TEST r0: r0 := r0 ; or skip
      086 00800194       JMP +7 ; 94
      087 00000B85 GETGLOBAL r0 := _G[k46 ('Event_ActorInBoundary' [h=5BF73290,$009D5540])]
      088 01000B41     LOADK r1 := k45 ('offerEasterEgg' [h=E16E0F50,$009968C0])
      089 02000A01     LOADK r2 := k40 ('b' [h=00000083,$009960C0])
      090 03000A41     LOADK r3 := k41 ('player0' [h=316752BF,$009A6AC0])
      091 04000B41     LOADK r4 := k45 ('offerEasterEgg' [h=E16E0F50,$009968C0])
      092 05008002  LOADBOOL r5 := True
      093 00030059      CALL r0 (5 args) => 0 results
      094 00000BC5 GETGLOBAL r0 := _G[k47 ('Event_RelativeTimer' [h=AD23F6E2,$00A3EA80])]
      095 01000C01     LOADK r1 := k48 ('jeff_setupElevator' [h=24C5B5F2,$00A2C6C0])
      096 02000A01     LOADK r2 := k40 ('b' [h=00000083,$009960C0])
      097 03000C41     LOADK r3 := k49 (1.0)
      098 00020059      CALL r0 (3 args) => 0 results
      099 00000BC5 GETGLOBAL r0 := _G[k47 ('Event_RelativeTimer' [h=AD23F6E2,$00A3EA80])]
      100 01000C81     LOADK r1 := k50 ('jeff_setupCostumeTent' [h=3D41CBCF,$00A29540])
      101 02000A01     LOADK r2 := k40 ('b' [h=00000083,$009960C0])
      102 03000C41     LOADK r3 := k49 (1.0)
      103 00020059      CALL r0 (3 args) => 0 results
      104 00000B05 GETGLOBAL r0 := _G[k44 ('Utility_ReadNumberFromScribbleMemory' [h=2BB92038,$00A00C80])]
      105 01000CC1     LOADK r1 := k51 ('tutorial_factionMood' [h=F325BA12,$00A293C0])
      106 00010099      CALL r0 (1 args) => 1 results
      107 00000058      TEST r0: r0 := r0 ; or skip
      108 00800054       JMP +2 ; 111
      109 00000D05 GETGLOBAL r0 := _G[k52 ('jeff_SetupMoodEvents' [h=145A7F5F,$00A2C680])]
      110 00008059      CALL r0 (0 args) => 0 results
      111 0000801B    RETURN r0 ... r-1
  [Node$01CA6F54] 'Briefing_SetAdditionalSoundBank' [h=CA688331,$00A04100]: cfunction$002C75F0 'Briefing_SetAdditionalSoundBank' [h=CA688331,$00A04100]
  [Node$01CA6F68] 'nenc_ff2248' [h=EDA8F332,$00989960]: table$00990CA0[a=0,h=4]
    [Node$00ACBAD4] 'tLocationObjectsA' [h=2C5376F5,$00A01980]: table$00998160[a=8,h=1]
    [Node$00ACBAE8] 'sEncounter' [h=4CD961D9,$009A5C20]: 'ff2248' [h=3D783F6C,$009AAF40]
    [Node$00ACBAFC] 'tLocationObjectsB' [h=CEC61813,$00A073C0]: table$0099EB80[a=8,h=1]
      [0:$00A0B040] 'ff2248_9' [h=D8EC3009,$00999D80]
      [1:$00A0B048] 'ff2248_10' [h=D73F27AE,$009A0100]
      [2:$00A0B050] 'ff2248_11' [h=F6952686,$00982220]
      [3:$00A0B058] 'ff2248_12' [h=1058F763,$0099A220]
      [4:$00A0B060] 'ff2248_13' [h=186C32E9,$00985A20]
      [5:$00A0B068] 'ff2248_14' [h=3BBF0ACC,$00983AC0]
      [6:$00A0B070] 'ff2248_15' [h=3104B0D1,$009AA460]
      [7:$00A0B078] 'ff2248_16' [h=D6DFFB0E,$00989860]
  [Node$01CA6F90] 'loc_ff1212_n' [h=122C0B34,$00994CE0]: table$00983720[a=8,h=1]
  [Node$01CA6FA4] 'nenc_ff2916_v' [h=51D71335,$0097DF40]: table$009AC380[a=0,h=4]
    [Node$00AAACD4] 'tLocationObjectsA' [h=2C5376F5,$00A01980]: table$00983260[a=2,h=1]
      [0:$0095EF40] 'ff2916_v3' [h=16C8CE7D,$00982900]
      [1:$0095EF48] 'ff2916_v4' [h=1C5A277F,$0099BE60]
    [Node$00AAACE8] 'sEncounter' [h=4CD961D9,$009A5C20]: 'ff2916' [h=E71DCC7C,$009A5EE0]
    [Node$00AAACFC] 'tLocationObjectsB' [h=CEC61813,$00A073C0]: nil
  [Node$01CA6FCC] 'loc_ff3838_n' [h=088CDB37,$009A97A0]: table$009C61E0[a=8,h=1]
    [0:$009E6480] 'ff3838_1' [h=4C2BDD10,$009AC140]
    [1:$009E6488] 'ff3838_2' [h=D67550AC,$009A3660]
    [2:$009E6490] 'ff3838_3' [h=761B001A,$009C56E0]
    [3:$009E6498] 'ff3838_4' [h=D18EEA1B,$0099D220]
    [4:$009E64A0] 'ff3838_5' [h=88EC0B32,$009A5080]
    [5:$009E64A8] 'ff3838_6' [h=5C1BC4B4,$0099B1E0]
    [6:$009E64B0] 'ff3838_7' [h=C1BE231A,$009AC500]
    [7:$009E64B8] 'ff3838_8' [h=A0702050,$00993CC0]
  [Node$01CA6FF4] 'GetRandomFlybyDelay' [h=EF124B39,$00A3A3C0]: function$00992C20 'GetRandomFlybyDelay' [h=EF124B39,$00A3A3C0]
    CONST$0097F4E0 k0  'Utility_GetRandomFloat' [h=79984DB3,$00A403C0]
    CONST$0097F4E8 k1  'iTimeBetweenFlybysMax' [h=4082D89D,$00A3ADC0]
    CONST$0097F4F0 k2  'iTimeBetweenFlybysMin' [h=84D2221E,$00A3AE80]
    CODE $00A3A1C0
      000 00000005 GETGLOBAL r0 := _G[k0 ('Utility_GetRandomFloat' [h=79984DB3,$00A403C0])]
      001 00008099      CALL r0 (0 args) => 1 results
      002 01000045 GETGLOBAL r1 := _G[k1 ('iTimeBetweenFlybysMax' [h=4082D89D,$00A3ADC0])]
      003 02000085 GETGLOBAL r2 := _G[k2 ('iTimeBetweenFlybysMin' [h=84D2221E,$00A3AE80])]
      004 0100808D       SUB r1 := r1 - r2
      005 0000004E       MUL r0 := r0 * r1
      006 01000085 GETGLOBAL r1 := _G[k2 ('iTimeBetweenFlybysMin' [h=84D2221E,$00A3AE80])]
      007 0000004C       ADD r0 := r0 + r1
      008 0001001B    RETURN r0 ... r0
      009 0000801B    RETURN r0 ... r-1
  [Node$01CA706C] 'Briefing_Deinit' [h=057ECB3F,$00986340]: cfunction$002F8820 'Briefing_Deinit' [h=057ECB3F,$00986340]
  [Node$01CA710C] 'Utility_MathModulus' [h=4ABC5B47,$009DA740]: cfunction$002F81B8 'Utility_MathModulus' [h=4ABC5B47,$009DA740]
  [Node$01CA7170] 'nenc_ff4342_v' [h=2CF8334C,$009A5240]: table$009A5DA0[a=0,h=4]
    [Node$00AAA954] 'tLocationObjectsA' [h=2C5376F5,$00A01980]: table$00979020[a=2,h=1]
      [0:$00961540] 'ff4342_v3' [h=24AE4FC2,$00992A80]
      [1:$00961548] 'ff4342_v4' [h=7F19A46F,$009A1F60]
    [Node$00AAA968] 'sEncounter' [h=4CD961D9,$009A5C20]: 'ff4342' [h=09449C84,$009C6840]
    [Node$00AAA97C] 'tLocationObjectsB' [h=CEC61813,$00A073C0]: nil
  [Node$01CA7198] 'TourGuide_OnEnter' [h=E92BCB4E,$00A2FDC0]: function$009A2D60[1] 'TourGuide_OnEnter' [h=E92BCB4E,$00A2FDC0]
    CONST$00C50940 k0  'Utility_ReadNumberFromScribbleMemory' [h=2BB92038,$00A00C80]
    CONST$00C50948 k1  'mission_accepted' [h=77464996,$00A123C0]
    CONST$00C50950 k2  'challenge_accepted' [h=384407E4,$00A3B5C0]
    CONST$00C50958 k3  'Utility_WriteStringToScribbleMemory' [h=5E8C6272,$00A3FBC0]
    CONST$00C50960 k4  'tourguide_current_poi' [h=6D66C783,$00A31CC0]
    CONST$00C50968 k5  'Debug_Printf' [h=445430CF,$0098B6A0]
    CONST$00C50970 k6  ' . . . TourGuide_OnEnter: ' [h=F0E08ABC,$00A2F140]
    CONST$00C50978 k7  'tostring' [h=787EB105,$00990700]
    CONST$00C50980 k8  ' | ' [h=00020460,$009C42C0]
    CONST$00C50988 k9  'sEnterText' [h=CDC9291E,$00979940]
    CONST$00C50990 k10 '\n' [h=0000002B,$009A7280]
    CONST$00C50998 k11 'LastExitedLineRegion' [h=05A1634D,$00A30A40]
    CONST$00C509A0 k12 nil
    CONST$00C509A8 k13 'LastExitedTime' [h=E449B93A,$009C7C20]
    CONST$00C509B0 k14 'Mission_GetTime' [h=DFD82BBD,$0098D5E0]
    CONST$00C509B8 k15 'sTimeElapsed' [h=86860E3D,$009870E0]
    CONST$00C509C0 k16 'Utility_SecondsToClock' [h=70859ABF,$00A416C0]
    CONST$00C509C8 k17 'sLastExitedRegion' [h=4BD87081,$00A32A80]
    CONST$00C509D0 k18 '[white]' [h=84E7DAEC,$00980980]
    CONST$00C509D8 k19 'AddTooltip' [h=74727381,$00988000]
    CONST$00C509E0 k20 'sMessage' [h=5806A233,$009AA9E0]
    CONST$00C509E8 k21 'nDisplayDuration' [h=7445B995,$00A32180]
    CONST$00C509F0 k22 6.0
    CONST$00C509F8 k23 'Event' [h=11BA1936,$00988840]
    CONST$00C50A00 k24 'Event_ActorInBoundary' [h=5BF73290,$009D5540]
    CONST$00C50A08 k25 'TourGuide_OnExit' [h=12AAE43C,$00A32A40]
    CONST$00C50A10 k26 'b' [h=00000083,$009960C0]
    CODE $00C75080
      000 02000005 GETGLOBAL r2 := _G[k0 ('Utility_ReadNumberFromScribbleMemory' [h=2BB92038,$00A00C80])]
      001 03000041     LOADK r3 := k1 ('mission_accepted' [h=77464996,$00A123C0])
      002 02010099      CALL r2 (1 args) => 1 results
      003 03000005 GETGLOBAL r3 := _G[k0 ('Utility_ReadNumberFromScribbleMemory' [h=2BB92038,$00A00C80])]
      004 04000081     LOADK r4 := k2 ('challenge_accepted' [h=384407E4,$00A3B5C0])
      005 03010099      CALL r3 (1 args) => 1 results
      006 040000C5 GETGLOBAL r4 := _G[k3 ('Utility_WriteStringToScribbleMemory' [h=5E8C6272,$00A3FBC0])]
      007 05000101     LOADK r5 := k4 ('tourguide_current_poi' [h=6D66C783,$00A31CC0])
      008 06008000      MOVE r6 := r1
      009 04018059      CALL r4 (2 args) => 0 results
      010 04000145 GETGLOBAL r4 := _G[k5 ('Debug_Printf' [h=445430CF,$0098B6A0])]
      011 05000181     LOADK r5 := k6 (' . . . TourGuide_OnEnter: ' [h=F0E08ABC,$00A2F140])
      012 060001C5 GETGLOBAL r6 := _G[k7 ('tostring' [h=787EB105,$00990700])]
      013 07008000      MOVE r7 := r1
      014 06010099      CALL r6 (1 args) => 1 results
      015 07000201     LOADK r7 := k8 (' | ' [h=00020460,$009C42C0])
      016 080001C5 GETGLOBAL r8 := _G[k7 ('tostring' [h=787EB105,$00990700])]
      017 09000004  GETUPVAL r9 := u0
      018 09048046  GETTABLE r9 := r9[r1]
      019 0904C0C6  GETTABLE r9 := r9[k9 ('sEnterText' [h=CDC9291E,$00979940])]
      020 08010099      CALL r8 (1 args) => 1 results
      021 09000201     LOADK r9 := k8 (' | ' [h=00020460,$009C42C0])
      022 0A0001C5 GETGLOBAL r10 := _G[k7 ('tostring' [h=787EB105,$00990700])]
      023 0B010000      MOVE r11 := r2
      024 0A010099      CALL r10 (1 args) => 1 results
      025 0B000281     LOADK r11 := k10 ('\n' [h=0000002B,$009A7280])
      026 050282D3    CONCAT r5 := r5 ... r11
      027 04010059      CALL r4 (1 args) => 0 results
      028 04000004  GETUPVAL r4 := u0
      029 04024146  GETTABLE r4 := r4[k11 ('LastExitedLineRegion' [h=05A1634D,$00A30A40])]
      030 01024195       BNE r4 != k12 (nil)
      031 008003D4       JMP +16 ; 48
      032 04000004  GETUPVAL r4 := u0
      033 04024146  GETTABLE r4 := r4[k11 ('LastExitedLineRegion' [h=05A1634D,$00A30A40])]
      034 01020055       BNE r4 != r1
      035 008002D4       JMP +12 ; 48
      036 04000004  GETUPVAL r4 := u0
      037 040241C6  GETTABLE r4 := r4[k13 ('LastExitedTime' [h=E449B93A,$009C7C20])]
      038 05000385 GETGLOBAL r5 := _G[k14 ('Mission_GetTime' [h=DFD82BBD,$0098D5E0])]
      039 05008099      CALL r5 (0 args) => 1 results
      040 0602810D       SUB r6 := r5 - r4
      041 07000405 GETGLOBAL r7 := _G[k16 ('Utility_SecondsToClock' [h=70859ABF,$00A416C0])]
      042 08030000      MOVE r8 := r6
      043 07010099      CALL r7 (1 args) => 1 results
      044 070003C7 SETGLOBAL r7 ->> _G[k15 ('sTimeElapsed' [h=86860E3D,$009870E0])]
      045 07000004  GETUPVAL r7 := u0
      046 0703C146  GETTABLE r7 := r7[k11 ('LastExitedLineRegion' [h=05A1634D,$00A30A40])]
      047 07000447 SETGLOBAL r7 ->> _G[k17 ('sLastExitedRegion' [h=4BD87081,$00A32A80])]
      048 04000004  GETUPVAL r4 := u0
      049 04020046  GETTABLE r4 := r4[r1]
      050 040240C6  GETTABLE r4 := r4[k9 ('sEnterText' [h=CDC9291E,$00979940])]
      051 04020018      TEST not r4: r4 := r4 ; or skip
      052 00800354       JMP +14 ; 67
      053 04000481     LOADK r4 := k18 ('[white]' [h=84E7DAEC,$00980980])
      054 05000004  GETUPVAL r5 := u0
      055 05028046  GETTABLE r5 := r5[r1]
      056 0502C0C6  GETTABLE r5 := r5[k9 ('sEnterText' [h=CDC9291E,$00979940])]
      057 04020153    CONCAT r4 := r4 ... r5
      058 050004C5 GETGLOBAL r5 := _G[k19 ('AddTooltip' [h=74727381,$00988000])]
      059 0600008A  NEWTABLE r6 := {} (#a=0, #h=2)
      060 06870109  SETTABLE r4 ->> r6[k20 ('sMessage' [h=5806A233,$009AA9E0])]
      061 0687C409  SETTABLE k22 (6.0) ->> r6[k21 ('nDisplayDuration' [h=7445B995,$00A32180])]
      062 05010059      CALL r5 (1 args) => 0 results
      063 05028003   LOADNIL r5 ... r5
      064 050003C7 SETGLOBAL r5 ->> _G[k15 ('sTimeElapsed' [h=86860E3D,$009870E0])]
      065 05028003   LOADNIL r5 ... r5
      066 05000447 SETGLOBAL r5 ->> _G[k17 ('sLastExitedRegion' [h=4BD87081,$00A32A80])]
      067 04000004  GETUPVAL r4 := u0
      068 04020046  GETTABLE r4 := r4[r1]
      069 05000605 GETGLOBAL r5 := _G[k24 ('Event_ActorInBoundary' [h=5BF73290,$009D5540])]
      070 06000641     LOADK r6 := k25 ('TourGuide_OnExit' [h=12AAE43C,$00A32A40])
      071 07000681     LOADK r7 := k26 ('b' [h=00000083,$009960C0])
      072 08000000      MOVE r8 := r0
      073 09008000      MOVE r9 := r1
      074 0A000002  LOADBOOL r10 := False
      075 05030099      CALL r5 (5 args) => 1 results
      076 04888149  SETTABLE r5 ->> r4[k23 ('Event' [h=11BA1936,$00988840])]
      077 0000801B    RETURN r0 ... r-1
  [Node$01CA71C0] 'SW_challenge_destroy_dmz01_WaitForReinitOpportunity' [h=BC84EB50,$00ABECC0]: function$0099C740 'SW_challenge_destroy_dmz01_WaitForReinitOpportunity' [h=BC84EB50,$00ABECC0]
    CONST$00958060 k0  'challenge_Recycler_WaitForReinitOpportunity' [h=E437AA1D,$009E6000]
    CONST$00958068 k1  'tSW_challenge_destroy_dmz01' [h=6E499F62,$009CD440]
    CODE $00958090
      000 00000005 GETGLOBAL r0 := _G[k0 ('challenge_Recycler_WaitForReinitOpportunity' [h=E437AA1D,$009E6000])]
      001 01000045 GETGLOBAL r1 := _G[k1 ('tSW_challenge_destroy_dmz01' [h=6E499F62,$009CD440])]
      002 00010059      CALL r0 (1 args) => 0 results
      003 0000801B    RETURN r0 ... r-1
  [Node$01CA729C] 'nenc_ff0834' [h=4E91C35B,$0099B380]: table$00992760[a=0,h=4]
    [Node$00AABB54] 'tLocationObjectsA' [h=2C5376F5,$00A01980]: table$009A0460[a=8,h=1]
      [0:$009E6540] 'ff0834_1' [h=779EE283,$0097F020]
      [1:$009E6548] 'ff0834_2' [h=7C6A164C,$009999E0]
      [2:$009E6550] 'ff0834_3' [h=831E199B,$009A04A0]
      [3:$009E6558] 'ff0834_4' [h=5B255417,$009A5820]
      [4:$009E6560] 'ff0834_5' [h=8A141343,$0097D800]
      [5:$009E6568] 'ff0834_6' [h=7603691A,$009917A0]
      [6:$009E6570] 'ff0834_7' [h=500DD4DC,$00989D00]
      [7:$009E6578] 'ff0834_8' [h=BBC169BC,$009A21A0]
    [Node$00AABB68] 'sEncounter' [h=4CD961D9,$009A5C20]: 'ff0834' [h=E324BA4B,$009A0060]
    [Node$00AABB7C] 'tLocationObjectsB' [h=CEC61813,$00A073C0]: table$009A31A0[a=8,h=1]
  [Node$01CA72C4] 'util_DebugStartMissionChainLoading' [h=378B235D,$00A3C480]: function$00995AC0 'util_DebugStartMissionChainLoading' [h=378B235D,$00A3C480]
    CONST$00C887C0 k0  'Utility_WriteNumberToScribbleMemory' [h=DCF55147,$009DC740]
    CONST$00C887C8 k1  'DebugMissionChainLoadingInProgress' [h=F4631AB3,$00A3C540]
    CONST$00C887D0 k2  1.0
    CONST$00C887D8 k3  'sw' [h=000017F5,$009AA280]
    CONST$00C887E0 k4  'nw' [h=0000178E,$009C3CA0]
    CONST$00C887E8 k5  'allies' [h=B57F1C27,$009A61A0]
    CONST$00C887F0 k6  'china' [h=1129D14E,$009A6060]
    CONST$00C887F8 k7  'mafia' [h=11226556,$009A6140]
    CONST$00C88800 k8  'sk' [h=00001514,$009A6180]
    CONST$00C88808 k9  'util_GetMissionArcTable' [h=7D75105B,$00A3C500]
    CONST$00C88810 k10 'Utility_ReadNumberFromScribbleMemory' [h=2BB92038,$00A00C80]
    CONST$00C88818 k11 'DebugMissionChainLoading_QuadrantIndex' [h=0CC890F5,$00A3C380]
    CONST$00C88820 k12 'DebugMissionChainLoading_FactionIndex' [h=5EC194F7,$00A3C640]
    CONST$00C88828 k13 'DebugMissionChainLoading_SeqNumberIndex' [h=CC1A1B6B,$00A3C4C0]
    CONST$00C88830 k14 'swn' [h=00034D73,$009A7D00]
    CONST$00C88838 k15 2.0
    CONST$00C88840 k16 4.0
    CONST$00C88848 k17 'aclubs' [h=8C490E45,$009A6800]
    CONST$00C88850 k18 'Global_SetValue' [h=AB0FD37C,$009777E0]
    CONST$00C88858 k19 'LoadAceBriefing' [h=6F0AD05F,$009A6880]
    CONST$00C88860 k20 8.0
    CONST$00C88868 k21 'admnd' [h=10BE8475,$009A7DE0]
    CONST$00C88870 k22 'aheart' [h=9171EE89,$009A7DA0]
    CONST$00C88878 k23 'aspade' [h=4F383D95,$009A7DC0]
    CONST$00C88880 k24 'Utility_WriteStringToScribbleMemory' [h=5E8C6272,$00A3FBC0]
    CONST$00C88888 k25 'skipto_via_cheating' [h=BD67ECA0,$00A097C0]
    CONST$00C88890 k26 'true' [h=00700450,$0098E200]
    CONST$00C88898 k27 'Utility_EraseValueFromScribbleMemory' [h=D5C200E6,$00A03000]
    CONST$00C888A0 k28 'mission_accepted' [h=77464996,$00A123C0]
    CONST$00C888A8 k29 'SkipTo_Map' [h=F88EFA9D,$009A69E0]
    CONST$00C888B0 k30 'SkipTo_Faction' [h=D8E965DF,$009A6980]
    CONST$00C888B8 k31 'current_faction' [h=B9B21A68,$009A6960]
    CONST$00C888C0 k32 'SkipTo_MissionNumber' [h=DF4E9E46,$00A12200]
    CONST$00C888C8 k33 'Utility_ResetToBaseLayerOnly' [h=05E8CF2B,$00A0D200]
    CONST$00C888D0 k34 'table' [h=10F2114B,$00979B40]
    CONST$00C888D8 k35 'getn' [h=0083B006,$00978AA0]
    CONST$00C888E0 k36 'DebugMissionChainLoadingEventIsSet' [h=E79900B1,$00A3C280]
    CODE $01A7CE40
      000 00000005 GETGLOBAL r0 := _G[k0 ('Utility_WriteNumberToScribbleMemory' [h=DCF55147,$009DC740])]
      001 01000041     LOADK r1 := k1 ('DebugMissionChainLoadingInProgress' [h=F4631AB3,$00A3C540])
      002 02000081     LOADK r2 := k2 (1.0)
      003 00018059      CALL r0 (2 args) => 0 results
      004 0001000A  NEWTABLE r0 := {} (#a=2, #h=0)
      005 010000C1     LOADK r1 := k3 ('sw' [h=000017F5,$009AA280])
      006 02000101     LOADK r2 := k4 ('nw' [h=0000178E,$009C3CA0])
      007 0000005F   SETLIST r0 [1]
      008 0102000A  NEWTABLE r1 := {} (#a=4, #h=0)
      009 02000141     LOADK r2 := k5 ('allies' [h=B57F1C27,$009A61A0])
      010 03000181     LOADK r3 := k6 ('china' [h=1129D14E,$009A6060])
      011 040001C1     LOADK r4 := k7 ('mafia' [h=11226556,$009A6140])
      012 05000201     LOADK r5 := k8 ('sk' [h=00001514,$009A6180])
      013 010000DF   SETLIST r1 [3]
      014 02000245 GETGLOBAL r2 := _G[k9 ('util_GetMissionArcTable' [h=7D75105B,$00A3C500])]
      015 02008099      CALL r2 (0 args) => 1 results
      016 03000285 GETGLOBAL r3 := _G[k10 ('Utility_ReadNumberFromScribbleMemory' [h=2BB92038,$00A00C80])]
      017 040002C1     LOADK r4 := k11 ('DebugMissionChainLoading_QuadrantIndex' [h=0CC890F5,$00A3C380])
      018 03010099      CALL r3 (1 args) => 1 results
      019 03018058      TEST r3: r3 := r3 ; or skip
      020 00800014       JMP +1 ; 22
      021 03000081     LOADK r3 := k2 (1.0)
      022 04000285 GETGLOBAL r4 := _G[k10 ('Utility_ReadNumberFromScribbleMemory' [h=2BB92038,$00A00C80])]
      023 05000301     LOADK r5 := k12 ('DebugMissionChainLoading_FactionIndex' [h=5EC194F7,$00A3C640])
      024 04010099      CALL r4 (1 args) => 1 results
      025 04020058      TEST r4: r4 := r4 ; or skip
      026 00800014       JMP +1 ; 28
      027 04000081     LOADK r4 := k2 (1.0)
      028 05000285 GETGLOBAL r5 := _G[k10 ('Utility_ReadNumberFromScribbleMemory' [h=2BB92038,$00A00C80])]
      029 06000341     LOADK r6 := k13 ('DebugMissionChainLoading_SeqNumberIndex' [h=CC1A1B6B,$00A3C4C0])
      030 05010099      CALL r5 (1 args) => 1 results
      031 05028058      TEST r5: r5 := r5 ; or skip
      032 00800014       JMP +1 ; 34
      033 05000081     LOADK r5 := k2 (1.0)
      034 060000C6  GETTABLE r6 := r0[r3]
      035 07008106  GETTABLE r7 := r1[r4]
      036 080101C6  GETTABLE r8 := r2[r7]
      037 08040186  GETTABLE r8 := r8[r6]
      038 08040146  GETTABLE r8 := r8[r5]
      039 0003BFD5       BEQ r7 == k5 ('allies' [h=B57F1C27,$009A61A0])
      040 008009D4       JMP +40 ; 81
      041 00033F55       BEQ r6 == k3 ('sw' [h=000017F5,$009AA280])
      042 00800514       JMP +21 ; 64
      043 00043F15       BEQ r8 == k2 (1.0)
      044 00800094       JMP +3 ; 48
      045 06000381     LOADK r6 := k14 ('swn' [h=00034D73,$009A7D00])
      046 080003C1     LOADK r8 := k15 (2.0)
      047 00800814       JMP +33 ; 81
      048 00044295       BEQ r8 == k16 (4.0)
      049 00800154       JMP +6 ; 56
      050 06000441     LOADK r6 := k17 ('aclubs' [h=8C490E45,$009A6800])
      051 09000485 GETGLOBAL r9 := _G[k18 ('Global_SetValue' [h=AB0FD37C,$009777E0])]
      052 0A0004C1     LOADK r10 := k19 ('LoadAceBriefing' [h=6F0AD05F,$009A6880])
      053 0B000081     LOADK r11 := k2 (1.0)
      054 09018059      CALL r9 (2 args) => 0 results
      055 00800614       JMP +25 ; 81
      056 00044395       BEQ r8 == k20 (8.0)
      057 00800594       JMP +23 ; 81
      058 06000541     LOADK r6 := k21 ('admnd' [h=10BE8475,$009A7DE0])
      059 09000485 GETGLOBAL r9 := _G[k18 ('Global_SetValue' [h=AB0FD37C,$009777E0])]
      060 0A0004C1     LOADK r10 := k19 ('LoadAceBriefing' [h=6F0AD05F,$009A6880])
      061 0B000081     LOADK r11 := k2 (1.0)
      062 09018059      CALL r9 (2 args) => 0 results
      063 00800414       JMP +17 ; 81
      064 00033F95       BEQ r6 == k4 ('nw' [h=0000178E,$009C3CA0])
      065 00800394       JMP +15 ; 81
      066 00044295       BEQ r8 == k16 (4.0)
      067 00800154       JMP +6 ; 74
      068 06000581     LOADK r6 := k22 ('aheart' [h=9171EE89,$009A7DA0])
      069 09000485 GETGLOBAL r9 := _G[k18 ('Global_SetValue' [h=AB0FD37C,$009777E0])]
      070 0A0004C1     LOADK r10 := k19 ('LoadAceBriefing' [h=6F0AD05F,$009A6880])
      071 0B000081     LOADK r11 := k2 (1.0)
      072 09018059      CALL r9 (2 args) => 0 results
      073 00800194       JMP +7 ; 81
      074 00044395       BEQ r8 == k20 (8.0)
      075 00800114       JMP +5 ; 81
      076 060005C1     LOADK r6 := k23 ('aspade' [h=4F383D95,$009A7DC0])
      077 09000485 GETGLOBAL r9 := _G[k18 ('Global_SetValue' [h=AB0FD37C,$009777E0])]
      078 0A0004C1     LOADK r10 := k19 ('LoadAceBriefing' [h=6F0AD05F,$009A6880])
      079 0B000081     LOADK r11 := k2 (1.0)
      080 09018059      CALL r9 (2 args) => 0 results
      081 09000605 GETGLOBAL r9 := _G[k24 ('Utility_WriteStringToScribbleMemory' [h=5E8C6272,$00A3FBC0])]
      082 0A000641     LOADK r10 := k25 ('skipto_via_cheating' [h=BD67ECA0,$00A097C0])
      083 0B000681     LOADK r11 := k26 ('true' [h=00700450,$0098E200])
      084 09018059      CALL r9 (2 args) => 0 results
      085 090006C5 GETGLOBAL r9 := _G[k27 ('Utility_EraseValueFromScribbleMemory' [h=D5C200E6,$00A03000])]
      086 0A000701     LOADK r10 := k28 ('mission_accepted' [h=77464996,$00A123C0])
      087 09010059      CALL r9 (1 args) => 0 results
      088 09000605 GETGLOBAL r9 := _G[k24 ('Utility_WriteStringToScribbleMemory' [h=5E8C6272,$00A3FBC0])]
      089 0A000741     LOADK r10 := k29 ('SkipTo_Map' [h=F88EFA9D,$009A69E0])
      090 0B030000      MOVE r11 := r6
      091 09018059      CALL r9 (2 args) => 0 results
      092 09000605 GETGLOBAL r9 := _G[k24 ('Utility_WriteStringToScribbleMemory' [h=5E8C6272,$00A3FBC0])]
      093 0A000781     LOADK r10 := k30 ('SkipTo_Faction' [h=D8E965DF,$009A6980])
      094 0B038000      MOVE r11 := r7
      095 09018059      CALL r9 (2 args) => 0 results
      096 09000605 GETGLOBAL r9 := _G[k24 ('Utility_WriteStringToScribbleMemory' [h=5E8C6272,$00A3FBC0])]
      097 0A0007C1     LOADK r10 := k31 ('current_faction' [h=B9B21A68,$009A6960])
      098 0B038000      MOVE r11 := r7
      099 09018059      CALL r9 (2 args) => 0 results
      100 09000005 GETGLOBAL r9 := _G[k0 ('Utility_WriteNumberToScribbleMemory' [h=DCF55147,$009DC740])]
      101 0A000801     LOADK r10 := k32 ('SkipTo_MissionNumber' [h=DF4E9E46,$00A12200])
      102 0B040000      MOVE r11 := r8
      103 09018059      CALL r9 (2 args) => 0 results
      104 09000845 GETGLOBAL r9 := _G[k33 ('Utility_ResetToBaseLayerOnly' [h=05E8CF2B,$00A0D200])]
      105 0A030000      MOVE r10 := r6
      106 09010059      CALL r9 (1 args) => 0 results
      107 0003BFD5       BEQ r7 == k5 ('allies' [h=B57F1C27,$009A61A0])
      108 00800454       JMP +18 ; 127
      109 00034215       BEQ r6 == k14 ('swn' [h=00034D73,$009A7D00])
      110 00800114       JMP +5 ; 116
      111 00044255       BEQ r8 == k15 (2.0)
      112 00800354       JMP +14 ; 127
      113 060000C1     LOADK r6 := k3 ('sw' [h=000017F5,$009AA280])
      114 08000081     LOADK r8 := k2 (1.0)
      115 00800294       JMP +11 ; 127
      116 010342D5       BNE r6 != k17 ('aclubs' [h=8C490E45,$009A6800])
      117 00800054       JMP +2 ; 120
      118 000343D5       BEQ r6 == k21 ('admnd' [h=10BE8475,$009A7DE0])
      119 00800054       JMP +2 ; 122
      120 060000C1     LOADK r6 := k3 ('sw' [h=000017F5,$009AA280])
      121 00800114       JMP +5 ; 127
      122 01034415       BNE r6 != k22 ('aheart' [h=9171EE89,$009A7DA0])
      123 00800054       JMP +2 ; 126
      124 00034455       BEQ r6 == k23 ('aspade' [h=4F383D95,$009A7DC0])
      125 00800014       JMP +1 ; 127
      126 06000101     LOADK r6 := k4 ('nw' [h=0000178E,$009C3CA0])
      127 0502BF0C       ADD r5 := r5 + k2 (1.0)
      128 09000885 GETGLOBAL r9 := _G[k34 ('table' [h=10F2114B,$00979B40])]
      129 0904C746  GETTABLE r9 := r9[k35 ('getn' [h=0083B006,$00978AA0])]
      130 0A0101C6  GETTABLE r10 := r2[r7]
      131 0A050186  GETTABLE r10 := r10[r6]
      132 09010099      CALL r9 (1 args) => 1 results
      133 00048156       BLT r9 < r5
      134 00800414       JMP +17 ; 152
      135 05000081     LOADK r5 := k2 (1.0)
      136 04023F0C       ADD r4 := r4 + k2 (1.0)
      137 09000885 GETGLOBAL r9 := _G[k34 ('table' [h=10F2114B,$00979B40])]
      138 0904C746  GETTABLE r9 := r9[k35 ('getn' [h=0083B006,$00978AA0])]
      139 0A008000      MOVE r10 := r1
      140 09010099      CALL r9 (1 args) => 1 results
      141 00048116       BLT r9 < r4
      142 00800214       JMP +9 ; 152
      143 04000081     LOADK r4 := k2 (1.0)
      144 0301BF0C       ADD r3 := r3 + k2 (1.0)
      145 09000885 GETGLOBAL r9 := _G[k34 ('table' [h=10F2114B,$00979B40])]
      146 0904C746  GETTABLE r9 := r9[k35 ('getn' [h=0083B006,$00978AA0])]
      147 0A000000      MOVE r10 := r0
      148 09010099      CALL r9 (1 args) => 1 results
      149 000480D6       BLT r9 < r3
      150 00800014       JMP +1 ; 152
      151 03000081     LOADK r3 := k2 (1.0)
      152 09000005 GETGLOBAL r9 := _G[k0 ('Utility_WriteNumberToScribbleMemory' [h=DCF55147,$009DC740])]
      153 0A000341     LOADK r10 := k13 ('DebugMissionChainLoading_SeqNumberIndex' [h=CC1A1B6B,$00A3C4C0])
      154 0B028000      MOVE r11 := r5
      155 09018059      CALL r9 (2 args) => 0 results
      156 09000005 GETGLOBAL r9 := _G[k0 ('Utility_WriteNumberToScribbleMemory' [h=DCF55147,$009DC740])]
      157 0A000301     LOADK r10 := k12 ('DebugMissionChainLoading_FactionIndex' [h=5EC194F7,$00A3C640])
      158 0B020000      MOVE r11 := r4
      159 09018059      CALL r9 (2 args) => 0 results
      160 09000005 GETGLOBAL r9 := _G[k0 ('Utility_WriteNumberToScribbleMemory' [h=DCF55147,$009DC740])]
      161 0A0002C1     LOADK r10 := k11 ('DebugMissionChainLoading_QuadrantIndex' [h=0CC890F5,$00A3C380])
      162 0B018000      MOVE r11 := r3
      163 09018059      CALL r9 (2 args) => 0 results
      164 090006C5 GETGLOBAL r9 := _G[k27 ('Utility_EraseValueFromScribbleMemory' [h=D5C200E6,$00A03000])]
      165 0A000901     LOADK r10 := k36 ('DebugMissionChainLoadingEventIsSet' [h=E79900B1,$00A3C280])
      166 09010059      CALL r9 (1 args) => 0 results
      167 0000801B    RETURN r0 ... r-1
  [Node$01CA72EC] 'Traffic_AddZoneCivSpawner' [h=F3A13B5F,$00A25040]: cfunction$002A1E60 'Traffic_AddZoneCivSpawner' [h=F3A13B5F,$00A25040]
  [Node$01CA7300] 'loc_ff2527_n' [h=F5DF7B60,$0098E1A0]: table$00981300[a=8,h=1]
    [0:$00A0A740] 'ff2527_9' [h=E29FA3DF,$0097F0E0]
    [1:$00A0A748] 'ff2527_10' [h=B404ADF2,$009A3200]
    [2:$00A0A750] 'ff2527_11' [h=E8F3A839,$0099E640]
    [3:$00A0A758] 'ff2527_12' [h=1B983326,$00986460]
    [4:$00A0A760] 'ff2527_13' [h=3FEB732D,$00980940]
    [5:$00A0A768] 'ff2527_14' [h=03DB7642,$00997FA0]
    [6:$00A0A770] 'ff2527_15' [h=7C4EA02D,$009A4FA0]
    [7:$00A0A778] 'ff2527_16' [h=CCA3216D,$00989AA0]
  [Node$01CA7328] 'jeff_iBanterHeroDamage' [h=58C02B62,$00A2B040]: 0.0
  [Node$01CA7378] 'Actor_PlayAnimation' [h=9F7C4B66,$009FFB80]: cfunction$002AE3E0 'Actor_PlayAnimation' [h=9F7C4B66,$009FFB80]
  [Node$01CA738C] 'nenc_ff2033' [h=BE3D8367,$009800C0]: table$009836C0[a=0,h=4]
    [Node$00AAAC54] 'tLocationObjectsA' [h=2C5376F5,$00A01980]: table$009AB580[a=8,h=1]
    [Node$00AAAC68] 'sEncounter' [h=4CD961D9,$009A5C20]: 'ff2033' [h=E6FC4EE3,$00980FC0]
    [Node$00AAAC7C] 'tLocationObjectsB' [h=CEC61813,$00A073C0]: table$0098DB60[a=8,h=1]
      [0:$009D9240] 'ff2033_9' [h=DAA4C07F,$00998B60]
      [1:$009D9248] 'ff2033_10' [h=A1C45827,$009C43E0]
      [2:$009D9250] 'ff2033_11' [h=F6103981,$00989D60]
      [3:$009D9258] 'ff2033_12' [h=CA95065B,$009A9940]
      [4:$009D9260] 'ff2033_13' [h=3A8F257D,$009A93E0]
      [5:$009D9268] 'ff2033_14' [h=07C13203,$00989C80]
      [6:$009D9270] 'ff2033_15' [h=8F48986B,$00999100]
      [7:$009D9278] 'ff2033_16' [h=EB7E0397,$009C6160]
  [Node$01CA73B4] 'NO_INTEL_CARD_IDENT_DIST' [h=82F96B69,$00A38000]: 30.0
  [Node$01CA73C8] 'UNFRIENDLY' [h=3A47DB6A,$0099B540]: 1.0
  [Node$01CA7454] 'Traffic_SetZoneSquad' [h=C052CB71,$009FF900]: cfunction$002A27E8 'Traffic_SetZoneSquad' [h=C052CB71,$009FF900]
  [Node$01CA74F4] 'jeff_playerInVehicle' [h=8CFD0379,$009F5F80]: function$009AAF20 'jeff_playerInVehicle' [h=8CFD0379,$009F5F80]
    CONST$00AC7CC0 k0  'assert' [h=92EA3D15,$00991340]
    CONST$00AC7CC8 k1  'jeff_hVehicleDamagedEvent' [h=1E912908,$009F65C0]
    CONST$00AC7CD0 k2  '[!!!!!!!!!!] Vehicle damage event already set up in Jeff.lua\n' [h=B3D563AB,$00AC7FC0]
    CONST$00AC7CD8 k3  'jeff_clearVehicleEvents' [h=3E56DA3B,$00A2B640]
    CONST$00AC7CE0 k4  'Utility_GetActorsVehicle' [h=19764E85,$00A0F8C0]
    CONST$00AC7CE8 k5  'player0' [h=316752BF,$009A6AC0]
    CONST$00AC7CF0 k6  'Actor_GetMaxHitPoints' [h=13A50B22,$00A01900]
    CONST$00AC7CF8 k7  'Event_ActorHitPointsLessThan' [h=A14D40BC,$00A24E80]
    CONST$00AC7D00 k8  'jeff_vehicleDamaged' [h=ABE9CA23,$009F6FC0]
    CONST$00AC7D08 k9  'b' [h=00000083,$009960C0]
    CONST$00AC7D10 k10 0.20000000298023224
    CONST$00AC7D18 k11 'jeff_hPlayerOutOfVehicle' [h=F611A62E,$00A2BCC0]
    CONST$00AC7D20 k12 'Event_AiInVehicle' [h=8A9BD566,$00A026C0]
    CONST$00AC7D28 k13 'jeff_playerOutOfVehicle' [h=98DDF833,$00A25C00]
    CONST$00AC7D30 k14 'FALSE' [h=0E4B730F,$009965C0]
    CONST$00AC7D38 k15 'jeff_checkVehicleName' [h=429B7547,$00A2A180]
    CODE $00AC7D40
      000 00000005 GETGLOBAL r0 := _G[k0 ('assert' [h=92EA3D15,$00991340])]
      001 01000045 GETGLOBAL r1 := _G[k1 ('jeff_hVehicleDamagedEvent' [h=1E912908,$009F65C0])]
      002 01008012       NOT r1 := not r1
      003 02000081     LOADK r2 := k2 ('[!!!!!!!!!!] Vehicle damage event already set up in Jeff.lua\n' [h=B3D563AB,$00AC7FC0])
      004 00018059      CALL r0 (2 args) => 0 results
      005 000000C5 GETGLOBAL r0 := _G[k3 ('jeff_clearVehicleEvents' [h=3E56DA3B,$00A2B640])]
      006 00008059      CALL r0 (0 args) => 0 results
      007 00000105 GETGLOBAL r0 := _G[k4 ('Utility_GetActorsVehicle' [h=19764E85,$00A0F8C0])]
      008 01000141     LOADK r1 := k5 ('player0' [h=316752BF,$009A6AC0])
      009 00010099      CALL r0 (1 args) => 1 results
      010 01000185 GETGLOBAL r1 := _G[k6 ('Actor_GetMaxHitPoints' [h=13A50B22,$00A01900])]
      011 02000000      MOVE r2 := r0
      012 01010099      CALL r1 (1 args) => 1 results
      013 020001C5 GETGLOBAL r2 := _G[k7 ('Event_ActorHitPointsLessThan' [h=A14D40BC,$00A24E80])]
      014 03000201     LOADK r3 := k8 ('jeff_vehicleDamaged' [h=ABE9CA23,$009F6FC0])
      015 04000241     LOADK r4 := k9 ('b' [h=00000083,$009960C0])
      016 05000000      MOVE r5 := r0
      017 0600C10E       MUL r6 := r1 * k10 (0.20000000298023224)
      018 02028099      CALL r2 (4 args) => 1 results
      019 02000047 SETGLOBAL r2 ->> _G[k1 ('jeff_hVehicleDamagedEvent' [h=1E912908,$009F65C0])]
      020 02000305 GETGLOBAL r2 := _G[k12 ('Event_AiInVehicle' [h=8A9BD566,$00A026C0])]
      021 03000341     LOADK r3 := k13 ('jeff_playerOutOfVehicle' [h=98DDF833,$00A25C00])
      022 04000241     LOADK r4 := k9 ('b' [h=00000083,$009960C0])
      023 05000141     LOADK r5 := k5 ('player0' [h=316752BF,$009A6AC0])
      024 06000385 GETGLOBAL r6 := _G[k14 ('FALSE' [h=0E4B730F,$009965C0])]
      025 02028099      CALL r2 (4 args) => 1 results
      026 020002C7 SETGLOBAL r2 ->> _G[k11 ('jeff_hPlayerOutOfVehicle' [h=F611A62E,$00A2BCC0])]
      027 020003C5 GETGLOBAL r2 := _G[k15 ('jeff_checkVehicleName' [h=429B7547,$00A2A180])]
      028 03000000      MOVE r3 := r0
      029 02010059      CALL r2 (1 args) => 0 results
      030 0000801B    RETURN r0 ... r-1
  [Node$01CA751C] 'SW_challenge_homerun_pyn_01_End' [h=9911FB7B,$009D7380]: function$009C3BC0 'SW_challenge_homerun_pyn_01_End' [h=9911FB7B,$009D7380]
    CONST$00962F60 k0  'challenge_Recycler_End' [h=F30AB795,$009E4CC0]
    CONST$00962F68 k1  'tSW_challenge_homerun_pyn_01' [h=977228F9,$00A0C100]
    CODE $00962F50
      000 00000005 GETGLOBAL r0 := _G[k0 ('challenge_Recycler_End' [h=F30AB795,$009E4CC0])]
      001 01000045 GETGLOBAL r1 := _G[k1 ('tSW_challenge_homerun_pyn_01' [h=977228F9,$00A0C100])]
      002 00010059      CALL r0 (1 args) => 0 results
      003 0000801B    RETURN r0 ... r-1
  [Node$01CA7530] 'jeff_newHeroDamageEvent' [h=EFF1FB7C,$00A2B600]: function$00992480 'jeff_newHeroDamageEvent' [h=EFF1FB7C,$00A2B600]
    CONST$00AC80C0 k0  'jeff_clearHeroEvents' [h=87DA5CA6,$00A2B6C0]
    CONST$00AC80C8 k1  'Actor_GetHitPoints' [h=CDCBFCF4,$00A00E00]
    CONST$00AC80D0 k2  'player0' [h=316752BF,$009A6AC0]
    CONST$00AC80D8 k3  'jeff_hHeroHealedEvent' [h=7397F395,$009F6DC0]
    CONST$00AC80E0 k4  'Event_ActorHitPointsLessThan' [h=A14D40BC,$00A24E80]
    CONST$00AC80E8 k5  'jeff_heroHealed' [h=D56197B2,$00980640]
    CONST$00AC80F0 k6  'b' [h=00000083,$009960C0]
    CONST$00AC80F8 k7  1.0
    CONST$00AC8100 k8  'FALSE' [h=0E4B730F,$009965C0]
    CONST$00AC8108 k9  'jeff_hHeroDamagedEvent' [h=E78B0B0C,$00A2A100]
    CONST$00AC8110 k10 'jeff_heroDamaged' [h=D3A79912,$009F7140]
    CONST$00AC8118 k11 0.9399999976158142
    CODE $00AC76C0
      000 00000005 GETGLOBAL r0 := _G[k0 ('jeff_clearHeroEvents' [h=87DA5CA6,$00A2B6C0])]
      001 00008059      CALL r0 (0 args) => 0 results
      002 00000045 GETGLOBAL r0 := _G[k1 ('Actor_GetHitPoints' [h=CDCBFCF4,$00A00E00])]
      003 01000081     LOADK r1 := k2 ('player0' [h=316752BF,$009A6AC0])
      004 00010099      CALL r0 (1 args) => 1 results
      005 01000105 GETGLOBAL r1 := _G[k4 ('Event_ActorHitPointsLessThan' [h=A14D40BC,$00A24E80])]
      006 02000141     LOADK r2 := k5 ('jeff_heroHealed' [h=D56197B2,$00980640])
      007 03000181     LOADK r3 := k6 ('b' [h=00000083,$009960C0])
      008 04000081     LOADK r4 := k2 ('player0' [h=316752BF,$009A6AC0])
      009 0500404C       ADD r5 := r0 + k7 (1.0)
      010 06000205 GETGLOBAL r6 := _G[k8 ('FALSE' [h=0E4B730F,$009965C0])]
      011 01030099      CALL r1 (5 args) => 1 results
      012 010000C7 SETGLOBAL r1 ->> _G[k3 ('jeff_hHeroHealedEvent' [h=7397F395,$009F6DC0])]
      013 01000105 GETGLOBAL r1 := _G[k4 ('Event_ActorHitPointsLessThan' [h=A14D40BC,$00A24E80])]
      014 02000281     LOADK r2 := k10 ('jeff_heroDamaged' [h=D3A79912,$009F7140])
      015 03000181     LOADK r3 := k6 ('b' [h=00000083,$009960C0])
      016 04000081     LOADK r4 := k2 ('player0' [h=316752BF,$009A6AC0])
      017 0500414E       MUL r5 := r0 * k11 (0.9399999976158142)
      018 01028099      CALL r1 (4 args) => 1 results
      019 01000247 SETGLOBAL r1 ->> _G[k9 ('jeff_hHeroDamagedEvent' [h=E78B0B0C,$00A2A100])]
      020 0000801B    RETURN r0 ... r-1
  [Node$01CA7558] 'loc_ff3343_n' [h=50FAA37E,$00997F00]: table$0099A5C0[a=8,h=1]
    [0:$009F6B40] 'ff3343_1' [h=BE2966D5,$00993340]
    [1:$009F6B48] 'ff3343_2' [h=792BA43E,$0097EFE0]
    [2:$009F6B50] 'ff3343_3' [h=D999B229,$009A1EA0]
    [3:$009F6B58] 'ff3343_4' [h=D25FE496,$00987240]
    [4:$009F6B60] 'ff3343_5' [h=95FCD360,$009A5720]
    [5:$009F6B68] 'ff3343_6' [h=763639B9,$009A9580]
    [6:$009F6B70] 'ff3343_7' [h=C6AFD24B,$009A5F00]
    [7:$009F6B78] 'ff3343_8' [h=15AC6674,$00989380]
  [Node$01CA756C] 'util_GetActorClass' [h=4850D37F,$00A3C340]: function$0098DBC0 'util_GetActorClass' [h=4850D37F,$00A3C340]
    CONST$00C4C740 k0  'Actor_GetType' [h=DC0B4554,$009777A0]
    CONST$00C4C748 k1  'TYPE_BUILDING' [h=D3349F82,$0099A660]
    CONST$00C4C750 k2  'TYPE_BUILDING_ALARM' [h=EF2686DE,$00A3C2C0]
    CONST$00C4C758 k3  'TYPE_BUILDING_ENTRANCE' [h=3139E8DB,$00A3C200]
    CONST$00C4C760 k4  'TYPE_BUILDING_PRISON' [h=516CD4C1,$00A3C240]
    CONST$00C4C768 k5  'TYPE_BUILDING_SPAWNER' [h=A5C4D5BF,$00A3C100]
    CONST$00C4C770 k6  'TYPE_BUILDING_CHOPSHOP' [h=7F9732AF,$00A3C0C0]
    CONST$00C4C778 k7  'TYPE_BUILDING_HUMANTURRETS' [h=87AE4C97,$00A3C080]
    CONST$00C4C780 k8  'TYPE_BUILDING_MONUMENT' [h=094A5471,$00A3C180]
    CONST$00C4C788 k9  'TYPE_BUILDING_GATE' [h=D8B0895E,$00A3C140]
    CONST$00C4C790 k10 'TYPE_BUILDING_CRANE' [h=B234217E,$00A3C1C0]
    CONST$00C4C798 k11 'BUILDING' [h=E0DC59D1,$0099A5A0]
    CONST$00C4C7A0 k12 'TYPE_ITEM_WEAPON' [h=B9D84D3D,$00A3C040]
    CONST$00C4C7A8 k13 'TYPE_ITEM_BOUNTY' [h=875E1DC0,$00A3C000]
    CONST$00C4C7B0 k14 'TYPE_ITEM_CACHE' [h=1A910A89,$00992880]
    CONST$00C4C7B8 k15 'TYPE_ITEM_PROP' [h=452DE650,$00992A60]
    CONST$00C4C7C0 k16 'ITEM' [h=00659EFA,$009926C0]
    CONST$00C4C7C8 k17 'TYPE_PROP' [h=E5BBDAF7,$00992660]
    CONST$00C4C7D0 k18 'TYPE_PROP_CRATE' [h=B26702B1,$009924C0]
    CONST$00C4C7D8 k19 'TYPE_PROP_LISTENING_POST' [h=524AB50D,$00A3BFC0]
    CONST$00C4C7E0 k20 'TYPE_PROP_CAR' [h=35341E70,$00992400]
    CONST$00C4C7E8 k21 'PROP' [h=00772548,$009923A0]
    CONST$00C4C7F0 k22 'TYPE_VEHICLE_AIRPLANE_GENERAL' [h=EC803A7E,$00A3BEC0]
    CONST$00C4C7F8 k23 'TYPE_VEHICLE_CAR_GENERAL' [h=0F558DF5,$00A3BE80]
    CONST$00C4C800 k24 'TYPE_VEHICLE_EMPLACED' [h=D3C0911A,$00A3BF40]
    CONST$00C4C808 k25 'TYPE_VEHICLE_HELICOPTER_GENERAL' [h=E7879705,$00A3BF00]
    CONST$00C4C810 k26 'TYPE_VEHICLE_TANK_GENERAL' [h=E5A9F29E,$00A3BDC0]
    CONST$00C4C818 k27 'VEHICLE' [h=80E0E7D6,$0099B360]
    CONST$00C4C820 k28 'TYPE_VEHICLE_HUMAN_GENERAL' [h=26D618CB,$00A3BD80]
    CONST$00C4C828 k29 'TYPE_VEHICLE_HUMAN_PLAYER' [h=6C1681F3,$00A3BE00]
    CONST$00C4C830 k30 'HUMAN' [h=0EA2600B,$00992320]
    CODE $00C8EF80
      000 01000005 GETGLOBAL r1 := _G[k0 ('Actor_GetType' [h=DC0B4554,$009777A0])]
      001 02000000      MOVE r2 := r0
      002 01010099      CALL r1 (1 args) => 1 results
      003 0100BED5       BNE r1 != k1 ('TYPE_BUILDING' [h=D3349F82,$0099A660])
      004 00800454       JMP +18 ; 23
      005 0100BF15       BNE r1 != k2 ('TYPE_BUILDING_ALARM' [h=EF2686DE,$00A3C2C0])
      006 008003D4       JMP +16 ; 23
      007 0100BF55       BNE r1 != k3 ('TYPE_BUILDING_ENTRANCE' [h=3139E8DB,$00A3C200])
      008 00800354       JMP +14 ; 23
      009 0100BF95       BNE r1 != k4 ('TYPE_BUILDING_PRISON' [h=516CD4C1,$00A3C240])
      010 008002D4       JMP +12 ; 23
      011 0100BFD5       BNE r1 != k5 ('TYPE_BUILDING_SPAWNER' [h=A5C4D5BF,$00A3C100])
      012 00800254       JMP +10 ; 23
      013 0100C015       BNE r1 != k6 ('TYPE_BUILDING_CHOPSHOP' [h=7F9732AF,$00A3C0C0])
      014 008001D4       JMP +8 ; 23
      015 0100C055       BNE r1 != k7 ('TYPE_BUILDING_HUMANTURRETS' [h=87AE4C97,$00A3C080])
      016 00800154       JMP +6 ; 23
      017 0100C095       BNE r1 != k8 ('TYPE_BUILDING_MONUMENT' [h=094A5471,$00A3C180])
      018 008000D4       JMP +4 ; 23
      019 0100C0D5       BNE r1 != k9 ('TYPE_BUILDING_GATE' [h=D8B0895E,$00A3C140])
      020 00800054       JMP +2 ; 23
      021 0000C115       BEQ r1 == k10 ('TYPE_BUILDING_CRANE' [h=B234217E,$00A3C1C0])
      022 00800054       JMP +2 ; 25
      023 020002C1     LOADK r2 := k11 ('BUILDING' [h=E0DC59D1,$0099A5A0])
      024 0201001B    RETURN r2 ... r2
      025 0100C195       BNE r1 != k12 ('TYPE_ITEM_WEAPON' [h=B9D84D3D,$00A3C040])
      026 00800154       JMP +6 ; 33
      027 0100C1D5       BNE r1 != k13 ('TYPE_ITEM_BOUNTY' [h=875E1DC0,$00A3C000])
      028 008000D4       JMP +4 ; 33
      029 0100C215       BNE r1 != k14 ('TYPE_ITEM_CACHE' [h=1A910A89,$00992880])
      030 00800054       JMP +2 ; 33
      031 0000C255       BEQ r1 == k15 ('TYPE_ITEM_PROP' [h=452DE650,$00992A60])
      032 00800054       JMP +2 ; 35
      033 02000401     LOADK r2 := k16 ('ITEM' [h=00659EFA,$009926C0])
      034 0201001B    RETURN r2 ... r2
      035 0100C2D5       BNE r1 != k17 ('TYPE_PROP' [h=E5BBDAF7,$00992660])
      036 00800154       JMP +6 ; 43
      037 0100C315       BNE r1 != k18 ('TYPE_PROP_CRATE' [h=B26702B1,$009924C0])
      038 008000D4       JMP +4 ; 43
      039 0100C355       BNE r1 != k19 ('TYPE_PROP_LISTENING_POST' [h=524AB50D,$00A3BFC0])
      040 00800054       JMP +2 ; 43
      041 0000C395       BEQ r1 == k20 ('TYPE_PROP_CAR' [h=35341E70,$00992400])
      042 00800054       JMP +2 ; 45
      043 02000541     LOADK r2 := k21 ('PROP' [h=00772548,$009923A0])
      044 0201001B    RETURN r2 ... r2
      045 0100C415       BNE r1 != k22 ('TYPE_VEHICLE_AIRPLANE_GENERAL' [h=EC803A7E,$00A3BEC0])
      046 008001D4       JMP +8 ; 55
      047 0100C455       BNE r1 != k23 ('TYPE_VEHICLE_CAR_GENERAL' [h=0F558DF5,$00A3BE80])
      048 00800154       JMP +6 ; 55
      049 0100C495       BNE r1 != k24 ('TYPE_VEHICLE_EMPLACED' [h=D3C0911A,$00A3BF40])
      050 008000D4       JMP +4 ; 55
      051 0100C4D5       BNE r1 != k25 ('TYPE_VEHICLE_HELICOPTER_GENERAL' [h=E7879705,$00A3BF00])
      052 00800054       JMP +2 ; 55
      053 0000C515       BEQ r1 == k26 ('TYPE_VEHICLE_TANK_GENERAL' [h=E5A9F29E,$00A3BDC0])
      054 00800054       JMP +2 ; 57
      055 020006C1     LOADK r2 := k27 ('VEHICLE' [h=80E0E7D6,$0099B360])
      056 0201001B    RETURN r2 ... r2
      057 0100C595       BNE r1 != k28 ('TYPE_VEHICLE_HUMAN_GENERAL' [h=26D618CB,$00A3BD80])
      058 00800054       JMP +2 ; 61
      059 0000C5D5       BEQ r1 == k29 ('TYPE_VEHICLE_HUMAN_PLAYER' [h=6C1681F3,$00A3BE00])
      060 00800054       JMP +2 ; 63
      061 02000781     LOADK r2 := k30 ('HUMAN' [h=0EA2600B,$00992320])
      062 0201001B    RETURN r2 ... r2
      063 0101001B    RETURN r1 ... r1
      064 0000801B    RETURN r0 ... r-1
  [Node$01CA7594] 'AddTooltip' [h=74727381,$00988000]: function$0098A3A0 'AddTooltip' [h=74727381,$00988000]
    CONST$009617D0 k0  'Tooltip_AddNag' [h=B17F85F3,$0099C680]
    CODE $009617C0
      000 01000005 GETGLOBAL r1 := _G[k0 ('Tooltip_AddNag' [h=B17F85F3,$0099C680])]
      001 02000000      MOVE r2 := r0
      002 01010059      CALL r1 (1 args) => 0 results
      003 0000801B    RETURN r0 ... r-1
  [Node$01CA75BC] 'VERB_DELIVER' [h=B4F35383,$009C3BE0]: 9.0
  [Node$01CA75E4] 'Building_SpawnerEnable' [h=715F4385,$00A09F80]: cfunction$002C1420 'Building_SpawnerEnable' [h=715F4385,$00A09F80]
  [Node$01CA75F8] 'Utility_LoadUtilityScript' [h=08CA6B86,$009DD4C0]: cfunction$002C41D8 'Utility_LoadUtilityScript' [h=08CA6B86,$009DD4C0]
  [Node$01CA760C] 'jeff_elevatorExists' [h=D6713387,$00A07640]: function$0098A7C0 'jeff_elevatorExists' [h=D6713387,$00A07640]
    CONST$00991CE0 k0  'Utility_GetActor' [h=077E9779,$00A06B80]
    CONST$00991CE8 k1  'mafia_fakeExit' [h=C9D228DC,$009AB200]
    CONST$00991CF0 k2  'mafia_fakeEntrance' [h=A3626E69,$00A0A540]
    CODE $009E2940
      000 00000005 GETGLOBAL r0 := _G[k0 ('Utility_GetActor' [h=077E9779,$00A06B80])]
      001 01000041     LOADK r1 := k1 ('mafia_fakeExit' [h=C9D228DC,$009AB200])
      002 00010099      CALL r0 (1 args) => 1 results
      003 00000018      TEST not r0: r0 := r0 ; or skip
      004 00800094       JMP +3 ; 8
      005 00000005 GETGLOBAL r0 := _G[k0 ('Utility_GetActor' [h=077E9779,$00A06B80])]
      006 01000081     LOADK r1 := k2 ('mafia_fakeEntrance' [h=A3626E69,$00A0A540])
      007 00010099      CALL r0 (1 args) => 1 results
      008 0001001B    RETURN r0 ... r0
      009 0000801B    RETURN r0 ... r-1
  [Node$01CA7620] 'Shop_UnlockItem' [h=0CE31B88,$0098D6C0]: cfunction$002A0D20 'Shop_UnlockItem' [h=0CE31B88,$0098D6C0]
  [Node$01CA7634] 'Actor_ClearPrimaryInventory' [h=86DF1389,$00A0CA40]: cfunction$002AF868 'Actor_ClearPrimaryInventory' [h=86DF1389,$00A0CA40]
  [Node$01CA7670] 'loc_ff3414_v_n' [h=FDB13B8C,$00991940]: table$009C4640[a=2,h=1]
    [0:$0095EFC0] 'ff3414_v3' [h=5DF9DA4E,$00996B40]
    [1:$0095EFC8] 'ff3414_v4' [h=3AA12E7B,$0098CAA0]
  [Node$01CA7698] 'Audio_SetCinematicDuckQuiet' [h=8E5BFB8E,$00A01BC0]: cfunction$002B8D00 'Audio_SetCinematicDuckQuiet' [h=8E5BFB8E,$00A01BC0]
  [Node$01CA76D4] 'jeff_hExitUsed' [h=58F54B91,$009ABBE0]: 1485.0
  [Node$01CA7724] 'Ai_SetFaction' [h=0CB8CB95,$0098E5E0]: cfunction$002B2590 'Ai_SetFaction' [h=0CB8CB95,$0098E5E0]
  [Node$01CA7774] 'Shop_SetShopLocked' [h=71CC8B99,$009DC180]: cfunction$002A0E70 'Shop_SetShopLocked' [h=71CC8B99,$009DC180]
  [Node$01CA7788] 'BouncerKilled' [h=DE730B9A,$0099E960]: function$00999780 'BouncerKilled' [h=DE730B9A,$0099E960]
    CONST$00C02C80 k0  'DetermineBouncerFaction' [h=C4B03EBE,$00A39480]
    CONST$00C02C88 k1  'ace' [h=00032097,$009A4E60]
    CONST$00C02C90 k2  'util_PrintDebugMsg' [h=A2961C17,$00A11FC0]
    CONST$00C02C98 k3  '\n[BOUNCER] BouncerKilled: ' [h=ADAB77BE,$00A39300]
    CONST$00C02CA0 k4  ' bouncer killed\n' [h=2890E510,$00A39340]
    CONST$00C02CA8 k5  'bouncers' [h=5D6099E4,$00981180]
    CONST$00C02CB0 k6  'attitudeChangeHandle' [h=F70DF901,$00A010C0]
    CONST$00C02CB8 k7  'Event_CancelEvent' [h=D8960070,$00A08280]
    CONST$00C02CC0 k8  'ObjectifyBouncer' [h=C615EFDA,$00A39B00]
    CONST$00C02CC8 k9  'FALSE' [h=0E4B730F,$009965C0]
    CONST$00C02CD0 k10 'EnableBouncer' [h=6B46993F,$0098EAA0]
    CONST$00C02CD8 k11 'deadBouncerSporedOutHandle' [h=46E4F9D3,$00A39200]
    CONST$00C02CE0 k12 'Event_ActorToActorProximity' [h=33FEE622,$009DED80]
    CONST$00C02CE8 k13 'DeadBouncerSporedOut' [h=4746E21B,$00A39240]
    CONST$00C02CF0 k14 'b' [h=00000083,$009960C0]
    CONST$00C02CF8 k15 'player0' [h=316752BF,$009A6AC0]
    CONST$00C02D00 k16 'locationName' [h=04B7F25D,$0099DCC0]
    CONST$00C02D08 k17 300.0
    CODE $00B9DF40
      000 01000005 GETGLOBAL r1 := _G[k0 ('DetermineBouncerFaction' [h=C4B03EBE,$00A39480])]
      001 02000000      MOVE r2 := r0
      002 010100D9      CALL r1 (1 args) => 2 results
      003 02010018      TEST not r2: r2 := r2 ; or skip
      004 00800014       JMP +1 ; 6
      005 01000041     LOADK r1 := k1 ('ace' [h=00032097,$009A4E60])
      006 03000085 GETGLOBAL r3 := _G[k2 ('util_PrintDebugMsg' [h=A2961C17,$00A11FC0])]
      007 040000C1     LOADK r4 := k3 ('\n[BOUNCER] BouncerKilled: ' [h=ADAB77BE,$00A39300])
      008 05008000      MOVE r5 := r1
      009 06000101     LOADK r6 := k4 (' bouncer killed\n' [h=2890E510,$00A39340])
      010 04020193    CONCAT r4 := r4 ... r6
      011 03010059      CALL r3 (1 args) => 0 results
      012 03000145 GETGLOBAL r3 := _G[k5 ('bouncers' [h=5D6099E4,$00981180])]
      013 03018046  GETTABLE r3 := r3[r1]
      014 040001C5 GETGLOBAL r4 := _G[k7 ('Event_CancelEvent' [h=D8960070,$00A08280])]
      015 05000145 GETGLOBAL r5 := _G[k5 ('bouncers' [h=5D6099E4,$00981180])]
      016 05028046  GETTABLE r5 := r5[r1]
      017 0502C006  GETTABLE r5 := r5[k6 ('attitudeChangeHandle' [h=F70DF901,$00A010C0])]
      018 04010099      CALL r4 (1 args) => 1 results
      019 03800109  SETTABLE r4 ->> r3[k6 ('attitudeChangeHandle' [h=F70DF901,$00A010C0])]
      020 03000205 GETGLOBAL r3 := _G[k8 ('ObjectifyBouncer' [h=C615EFDA,$00A39B00])]
      021 04000245 GETGLOBAL r4 := _G[k9 ('FALSE' [h=0E4B730F,$009965C0])]
      022 05008000      MOVE r5 := r1
      023 03018059      CALL r3 (2 args) => 0 results
      024 03000285 GETGLOBAL r3 := _G[k10 ('EnableBouncer' [h=6B46993F,$0098EAA0])]
      025 04000245 GETGLOBAL r4 := _G[k9 ('FALSE' [h=0E4B730F,$009965C0])]
      026 05008000      MOVE r5 := r1
      027 03018059      CALL r3 (2 args) => 0 results
      028 03000145 GETGLOBAL r3 := _G[k5 ('bouncers' [h=5D6099E4,$00981180])]
      029 03018046  GETTABLE r3 := r3[r1]
      030 04000305 GETGLOBAL r4 := _G[k12 ('Event_ActorToActorProximity' [h=33FEE622,$009DED80])]
      031 05000341     LOADK r5 := k13 ('DeadBouncerSporedOut' [h=4746E21B,$00A39240])
      032 06000381     LOADK r6 := k14 ('b' [h=00000083,$009960C0])
      033 070003C1     LOADK r7 := k15 ('player0' [h=316752BF,$009A6AC0])
      034 08000145 GETGLOBAL r8 := _G[k5 ('bouncers' [h=5D6099E4,$00981180])]
      035 08040046  GETTABLE r8 := r8[r1]
      036 08044286  GETTABLE r8 := r8[k16 ('locationName' [h=04B7F25D,$0099DCC0])]
      037 09000441     LOADK r9 := k17 (300.0)
      038 0A000245 GETGLOBAL r10 := _G[k9 ('FALSE' [h=0E4B730F,$009965C0])]
      039 04038099      CALL r4 (6 args) => 1 results
      040 03828109  SETTABLE r4 ->> r3[k11 ('deadBouncerSporedOutHandle' [h=46E4F9D3,$00A39200])]
      041 0000801B    RETURN r0 ... r-1
  [Node$01CA779C] 'Actor_SetHitPoints' [h=D00F6B9B,$00A01600]: cfunction$002A9FE8 'Actor_SetHitPoints' [h=D00F6B9B,$00A01600]
  [Node$01CA77B0] 'gameflow_Bridge_NW_ybw2vil_Destroyed' [h=EE90239C,$00A2DFC0]: function$00986800 'gameflow_Bridge_NW_ybw2vil_Destroyed' [h=EE90239C,$00A2DFC0]
    CONST$00A2D7C0 k0  'gameflow_Bridge_NW_ybw2vil_Destroyed' [h=EE90239C,$00A2DFC0]
    CONST$00A2D7C8 k1  'util_PrintDebugMsg' [h=A2961C17,$00A11FC0]
    CONST$00A2D7D0 k2  'Bridge ybw2vil destroyed!!!\n' [h=0B85F74F,$00A2E400]
    CONST$00A2D7D8 k3  'gameflow_Bridge_Destroy' [h=3AF48C8C,$00A37180]
    CONST$00A2D7E0 k4  'bridge_ybw2vil_01' [h=6A963859,$00A12AC0]
    CONST$00A2D7E8 k5  't_ybw2vil_03a' [h=5704A53F,$00982A20]
    CONST$00A2D7F0 k6  't_ybw2vil_03b' [h=247BB918,$00985340]
    CONST$00A2D7F8 k7  't_ybw2vil_02c' [h=4089F175,$009874E0]
    CODE $00A66940
      000 00000003   LOADNIL r0 ... r0
      001 00000007 SETGLOBAL r0 ->> _G[k0 ('gameflow_Bridge_NW_ybw2vil_Destroyed' [h=EE90239C,$00A2DFC0])]
      002 00000045 GETGLOBAL r0 := _G[k1 ('util_PrintDebugMsg' [h=A2961C17,$00A11FC0])]
      003 01000081     LOADK r1 := k2 ('Bridge ybw2vil destroyed!!!\n' [h=0B85F74F,$00A2E400])
      004 00010059      CALL r0 (1 args) => 0 results
      005 000000C5 GETGLOBAL r0 := _G[k3 ('gameflow_Bridge_Destroy' [h=3AF48C8C,$00A37180])]
      006 0100800A  NEWTABLE r1 := {} (#a=1, #h=0)
      007 02000101     LOADK r2 := k4 ('bridge_ybw2vil_01' [h=6A963859,$00A12AC0])
      008 0100001F   SETLIST r1 [0]
      009 0201000A  NEWTABLE r2 := {} (#a=2, #h=0)
      010 03000141     LOADK r3 := k5 ('t_ybw2vil_03a' [h=5704A53F,$00982A20])
      011 04000181     LOADK r4 := k6 ('t_ybw2vil_03b' [h=247BB918,$00985340])
      012 0200005F   SETLIST r2 [1]
      013 0300800A  NEWTABLE r3 := {} (#a=1, #h=0)
      014 040001C1     LOADK r4 := k7 ('t_ybw2vil_02c' [h=4089F175,$009874E0])
      015 0300001F   SETLIST r3 [0]
      016 00020059      CALL r0 (3 args) => 0 results
      017 0000801B    RETURN r0 ... r-1
  [Node$01CA77C4] 'challenge_deliver_pyn_01_Show' [h=9927639D,$009D8F00]: function$00995000 'challenge_deliver_pyn_01_Show' [h=9927639D,$009D8F00]
    CONST$00957B40 k0  'challenge_Recycler_Show' [h=BA823C25,$009FC3C0]
    CONST$00957B48 k1  'tSW_challenge_deliver_pyn_01' [h=3CC49C56,$009DA980]
    CODE $00957AE0
      000 00000005 GETGLOBAL r0 := _G[k0 ('challenge_Recycler_Show' [h=BA823C25,$009FC3C0])]
      001 01000045 GETGLOBAL r1 := _G[k1 ('tSW_challenge_deliver_pyn_01' [h=3CC49C56,$009DA980])]
      002 00010059      CALL r0 (1 args) => 0 results
      003 0000801B    RETURN r0 ... r-1
  [Node$01CA7828] 'VERB_DELIVER_OBJ' [h=61CA93A2,$009E0700]: 6.0
  [Node$01CA783C] 'Actor_IsAlive' [h=BD5193A3,$00977840]: cfunction$002A8AF8 'Actor_IsAlive' [h=BD5193A3,$00977840]
  [Node$01CA7878] 'SW_challenge_destroy_dmz01_Level' [h=64BADBA6,$00A29D40]: function$009798C0 'SW_challenge_destroy_dmz01_Level' [h=64BADBA6,$00A29D40]
    CONST$00A0D5C0 k0  'Utility_ReadNumberFromScribbleMemory' [h=2BB92038,$00A00C80]
    CONST$00A0D5C8 k1  'SW_challenge_destroy_dmz01_Level' [h=64BADBA6,$00A29D40]
    CONST$00A0D5D0 k2  nil
    CONST$00A0D5D8 k3  1.0
    CONST$00A0D5E0 k4  'Utility_WriteNumberToScribbleMemory' [h=DCF55147,$009DC740]
    CODE $00A29E00
      000 00000005 GETGLOBAL r0 := _G[k0 ('Utility_ReadNumberFromScribbleMemory' [h=2BB92038,$00A00C80])]
      001 01000041     LOADK r1 := k1 ('SW_challenge_destroy_dmz01_Level' [h=64BADBA6,$00A29D40])
      002 00010099      CALL r0 (1 args) => 1 results
      003 00003F15       BEQ r0 == k2 (nil)
      004 00800114       JMP +5 ; 10
      005 000000C1     LOADK r0 := k3 (1.0)
      006 01000105 GETGLOBAL r1 := _G[k4 ('Utility_WriteNumberToScribbleMemory' [h=DCF55147,$009DC740])]
      007 02000041     LOADK r2 := k1 ('SW_challenge_destroy_dmz01_Level' [h=64BADBA6,$00A29D40])
      008 03000000      MOVE r3 := r0
      009 01018059      CALL r1 (2 args) => 0 results
      010 0001001B    RETURN r0 ... r0
      011 0000801B    RETURN r0 ... r-1
  [Node$01CA78A0] 'Utility_StartAsyncCaching' [h=1359E3A8,$00A3E900]: cfunction$002F8DA8 'Utility_StartAsyncCaching' [h=1359E3A8,$00A3E900]
  [Node$01CA78B4] 'Utility_GetTerrainHeightAtXZ' [h=3D5463A9,$00A00740]: cfunction$002C36E0 'Utility_GetTerrainHeightAtXZ' [h=3D5463A9,$00A00740]
  [Node$01CA7918] 'challenge_SpawnAdd' [h=F4A5DBAE,$009CEC00]: function$00996260 'challenge_SpawnAdd' [h=F4A5DBAE,$009CEC00]
    CONST$00A2A840 k0  'type' [h=0070EF71,$00990720]
    CONST$00A2A848 k1  'table' [h=10F2114B,$00979B40]
    CONST$00A2A850 k2  1.0
    CONST$00A2A858 k3  'getn' [h=0083B006,$00978AA0]
    CONST$00A2A860 k4  'challenge_SpawnAdd' [h=F4A5DBAE,$009CEC00]
    CONST$00A2A868 k5  'g_tChallangeSpawned' [h=C3DC94E5,$009E44C0]
    CONST$00A2A870 k6  nil
    CONST$00A2A878 k7  'insert' [h=92EA3D93,$0099E280]
    CODE $00AB8140
      000 01000005 GETGLOBAL r1 := _G[k0 ('type' [h=0070EF71,$00990720])]
      001 02000000      MOVE r2 := r0
      002 01010099      CALL r1 (1 args) => 1 results
      003 0000BED5       BEQ r1 == k1 ('table' [h=10F2114B,$00979B40])
      004 00800314       JMP +13 ; 18
      005 01000081     LOADK r1 := k2 (1.0)
      006 02000045 GETGLOBAL r2 := _G[k1 ('table' [h=10F2114B,$00979B40])]
      007 02013F46  GETTABLE r2 := r2[k3 ('getn' [h=0083B006,$00978AA0])]
      008 03000000      MOVE r3 := r0
      009 02010099      CALL r2 (1 args) => 1 results
      010 03000081     LOADK r3 := k2 (1.0)
      011 010080CD       SUB r1 := r1 - r3
      012 00800094       JMP +3 ; 16
      013 04000105 GETGLOBAL r4 := _G[k4 ('challenge_SpawnAdd' [h=F4A5DBAE,$009CEC00])]
      014 05000046  GETTABLE r5 := r0[r1]
      015 04010059      CALL r4 (1 args) => 0 results
      016 017FFEDC   FORLOOP r1 := r3; if r1 <= r2 JMP -4
      017 00800254       JMP +10 ; 28
      018 01000145 GETGLOBAL r1 := _G[k5 ('g_tChallangeSpawned' [h=C3DC94E5,$009E44C0])]
      019 0000C015       BEQ r1 == k6 (nil)
      020 00800054       JMP +2 ; 23
      021 0100000A  NEWTABLE r1 := {} (#a=0, #h=0)
      022 01000147 SETGLOBAL r1 ->> _G[k5 ('g_tChallangeSpawned' [h=C3DC94E5,$009E44C0])]
      023 01000045 GETGLOBAL r1 := _G[k1 ('table' [h=10F2114B,$00979B40])]
      024 0100C046  GETTABLE r1 := r1[k7 ('insert' [h=92EA3D93,$0099E280])]
      025 02000145 GETGLOBAL r2 := _G[k5 ('g_tChallangeSpawned' [h=C3DC94E5,$009E44C0])]
      026 03000000      MOVE r3 := r0
      027 01018059      CALL r1 (2 args) => 0 results
      028 0000801B    RETURN r0 ... r-1
  [Node$01CA792C] 'SW_challenge_destroy_dmz01_Start' [h=E22E4BAF,$009DB340]: function$00976C60 'SW_challenge_destroy_dmz01_Start' [h=E22E4BAF,$009DB340]
    CONST$00958100 k0  'challenge_Recycler_Start' [h=26A0F7E1,$00A04240]
    CONST$00958108 k1  'tSW_challenge_destroy_dmz01' [h=6E499F62,$009CD440]
    CODE $009580F0
      000 00000005 GETGLOBAL r0 := _G[k0 ('challenge_Recycler_Start' [h=26A0F7E1,$00A04240])]
      001 01000045 GETGLOBAL r1 := _G[k1 ('tSW_challenge_destroy_dmz01' [h=6E499F62,$009CD440])]
      002 00010059      CALL r0 (1 args) => 0 results
      003 0000801B    RETURN r0 ... r-1
  [Node$01CA7990] 'Ui_EnableHud' [h=AE5763B4,$00986280]: cfunction$002F73E8 'Ui_EnableHud' [h=AE5763B4,$00986280]
  [Node$01CA79B8] 'challenge_GlobalStarterGet' [h=7AACDBB6,$00A0D500]: function$00991EA0 'challenge_GlobalStarterGet' [h=7AACDBB6,$00A0D500]
    CONST$00952B30 k0  'Global_GetValue' [h=A320AED9,$00977860]
    CONST$00952B38 k1  'sChallengeStarterName' [h=3F3D7BE6,$009D42C0]
    CODE $0099C9A0
      000 00000005 GETGLOBAL r0 := _G[k0 ('Global_GetValue' [h=A320AED9,$00977860])]
      001 01000041     LOADK r1 := k1 ('sChallengeStarterName' [h=3F3D7BE6,$009D42C0])
      002 0001001A  TAILCALL r0 (1 args)
      003 0000001B    RETURN r0 ... r-2
      004 0000801B    RETURN r0 ... r-1
  [Node$01CA79F4] 'Utility_ReadStringFromScribbleMemory' [h=5455F3B9,$00A0B700]: cfunction$002C5DB8 'Utility_ReadStringFromScribbleMemory' [h=5455F3B9,$00A0B700]
  [Node$01CA7A44] 'Mission_GetTime' [h=DFD82BBD,$0098D5E0]: cfunction$002A0AD0 'Mission_GetTime' [h=DFD82BBD,$0098D5E0]
  [Node$01CA7A58] 'challenge_deliver_nab_01_Hide' [h=78F01BBE,$00A24C40]: function$009AC3A0 'challenge_deliver_nab_01_Hide' [h=78F01BBE,$00A24C40]
    CONST$00957940 k0  'challenge_Recycler_Hide' [h=C6CFE144,$00A40380]
    CONST$00957948 k1  'tSW_challenge_deliver_nab_01' [h=3632D442,$009CC180]
    CODE $00957910
      000 00000005 GETGLOBAL r0 := _G[k0 ('challenge_Recycler_Hide' [h=C6CFE144,$00A40380])]
      001 01000045 GETGLOBAL r1 := _G[k1 ('tSW_challenge_deliver_nab_01' [h=3632D442,$009CC180])]
      002 00010059      CALL r0 (1 args) => 0 results
      003 0000801B    RETURN r0 ... r-1
  [Node$01CA7AF8] 'ActorVehicle_Lock' [h=2FEB53C6,$00A0CA80]: cfunction$002B0BD0 'ActorVehicle_Lock' [h=2FEB53C6,$00A0CA80]
  [Node$01CA7B0C] 'SW_challenge_Homerun01_QuestionBox' [h=D8F023C7,$009CF280]: function$00991980 'SW_challenge_Homerun01_QuestionBox' [h=D8F023C7,$009CF280]
    CONST$00963290 k0  'challenge_Recycler_QuestionBox' [h=BB143599,$00A40480]
    CONST$00963298 k1  'tSW_Challenge_Homerun01' [h=9316C000,$00A00000]
    CODE $00986840
      000 01000005 GETGLOBAL r1 := _G[k0 ('challenge_Recycler_QuestionBox' [h=BB143599,$00A40480])]
      001 02000045 GETGLOBAL r2 := _G[k1 ('tSW_Challenge_Homerun01' [h=9316C000,$00A00000])]
      002 03000000      MOVE r3 := r0
      003 01018059      CALL r1 (2 args) => 0 results
      004 0000801B    RETURN r0 ... r-1
  [Node$01CA7B5C] 'FactionAttitudeChange' [h=FCF14BCB,$00A39B40]: function$0097F5A0 'FactionAttitudeChange' [h=FCF14BCB,$00A39B40]
    CONST$00C4D040 k0  'Faction_GetAttitude' [h=D25E63EC,$009DE1C0]
    CONST$00C4D048 k1  'util_PrintDebugMsg' [h=A2961C17,$00A11FC0]
    CONST$00C4D050 k2  '\n[BOUNCER] FactionAttitudeChange: attitude of ' [h=3D57F43B,$00A38940]
    CONST$00C4D058 k3  ' towards ' [h=A16D9380,$00999960]
    CONST$00C4D060 k4  ' has changed to ' [h=278DB517,$00A00600]
    CONST$00C4D068 k5  '\n' [h=0000002B,$009A7280]
    CONST$00C4D070 k6  'HOSTILE' [h=809EFD3A,$009A6D60]
    CONST$00C4D078 k7  'bouncers' [h=5D6099E4,$00981180]
    CONST$00C4D080 k8  'on' [h=000016B6,$00995C60]
    CONST$00C4D088 k9  'EnableBouncer' [h=6B46993F,$0098EAA0]
    CONST$00C4D090 k10 'FALSE' [h=0E4B730F,$009965C0]
    CONST$00C4D098 k11 'TRUE' [h=0067B195,$0098F4C0]
    CONST$00C4D0A0 k12 'allies' [h=B57F1C27,$009A61A0]
    CONST$00C4D0A8 k13 'ace' [h=00032097,$009A4E60]
    CONST$00C4D0B0 k14 'Utility_ReadNumberFromScribbleMemory' [h=2BB92038,$00A00C80]
    CONST$00C4D0B8 k15 'FactionBecameHostile' [h=AC9B482C,$00A39600]
    CONST$00C4D0C0 k16 'Utility_WriteNumberToScribbleMemory' [h=DCF55147,$009DC740]
    CONST$00C4D0C8 k17 1.0
    CONST$00C4D0D0 k18 'Utility_MessageBox' [h=E0C5D484,$009FB480]
    CONST$00C4D0D8 k19 'Utility_GetStringById' [h=F7067A6C,$009D9780]
    CONST$00C4D0E0 k20 'tutorial.bribe.title' [h=CF1E0BF2,$00A38900]
    CONST$00C4D0E8 k21 'tutorial.bribe.body' [h=95106A0D,$00A38A80]
    CONST$00C4D0F0 k22 'FactionAttitudeChanged' [h=99E80A26,$00A38980]
    CONST$00C4D0F8 k23 'Mail_Post' [h=CC9FDE1E,$0098E400]
    CONST$00C4D100 k24 'help_factionmood' [h=A4B9D496,$00A0EB00]
    CONST$00C4D108 k25 'attitudeChangeHandle' [h=F70DF901,$00A010C0]
    CONST$00C4D110 k26 'Event_FactionAttitudeChange' [h=14A2E8E2,$009E4A00]
    CONST$00C4D118 k27 'FactionAttitudeChange' [h=FCF14BCB,$00A39B40]
    CONST$00C4D120 k28 'b' [h=00000083,$009960C0]
    CODE $00CF1B00
      000 02000005 GETGLOBAL r2 := _G[k0 ('Faction_GetAttitude' [h=D25E63EC,$009DE1C0])]
      001 03000000      MOVE r3 := r0
      002 04008000      MOVE r4 := r1
      003 02018099      CALL r2 (2 args) => 1 results
      004 03000045 GETGLOBAL r3 := _G[k1 ('util_PrintDebugMsg' [h=A2961C17,$00A11FC0])]
      005 04000081     LOADK r4 := k2 ('\n[BOUNCER] FactionAttitudeChange: attitude of ' [h=3D57F43B,$00A38940])
      006 05000000      MOVE r5 := r0
      007 060000C1     LOADK r6 := k3 (' towards ' [h=A16D9380,$00999960])
      008 07008000      MOVE r7 := r1
      009 08000101     LOADK r8 := k4 (' has changed to ' [h=278DB517,$00A00600])
      010 09010000      MOVE r9 := r2
      011 0A000141     LOADK r10 := k5 ('\n' [h=0000002B,$009A7280])
      012 04020293    CONCAT r4 := r4 ... r10
      013 03010059      CALL r3 (1 args) => 0 results
      014 03000185 GETGLOBAL r3 := _G[k6 ('HOSTILE' [h=809EFD3A,$009A6D60])]
      015 010100D5       BNE r2 != r3
      016 00800114       JMP +5 ; 22
      017 030001C5 GETGLOBAL r3 := _G[k7 ('bouncers' [h=5D6099E4,$00981180])]
      018 03018006  GETTABLE r3 := r3[r0]
      019 0301C086  GETTABLE r3 := r3[k8 ('on' [h=000016B6,$00995C60])]
      020 03018012       NOT r3 := not r3
      021 00800054       JMP +2 ; 24
      022 03000042  LOADBOOL r3 := False ; br 24
      023 03008002  LOADBOOL r3 := True
      024 04000185 GETGLOBAL r4 := _G[k6 ('HOSTILE' [h=809EFD3A,$009A6D60])]
      025 00010115       BEQ r2 == r4
      026 008000D4       JMP +4 ; 31
      027 040001C5 GETGLOBAL r4 := _G[k7 ('bouncers' [h=5D6099E4,$00981180])]
      028 04020006  GETTABLE r4 := r4[r0]
      029 04024086  GETTABLE r4 := r4[k8 ('on' [h=000016B6,$00995C60])]
      030 00800054       JMP +2 ; 33
      031 04000042  LOADBOOL r4 := False ; br 33
      032 04008002  LOADBOOL r4 := True
      033 03018058      TEST r3: r3 := r3 ; or skip
      034 00800054       JMP +2 ; 37
      035 04020018      TEST not r4: r4 := r4 ; or skip
      036 00800954       JMP +38 ; 75
      037 05000245 GETGLOBAL r5 := _G[k9 ('EnableBouncer' [h=6B46993F,$0098EAA0])]
      038 06000285 GETGLOBAL r6 := _G[k10 ('FALSE' [h=0E4B730F,$009965C0])]
      039 07000000      MOVE r7 := r0
      040 05018059      CALL r5 (2 args) => 0 results
      041 05000245 GETGLOBAL r5 := _G[k9 ('EnableBouncer' [h=6B46993F,$0098EAA0])]
      042 060002C5 GETGLOBAL r6 := _G[k11 ('TRUE' [h=0067B195,$0098F4C0])]
      043 07000000      MOVE r7 := r0
      044 05018059      CALL r5 (2 args) => 0 results
      045 00004195       BEQ r0 == k12 ('allies' [h=B57F1C27,$009A61A0])
      046 008001D4       JMP +8 ; 55
      047 05000245 GETGLOBAL r5 := _G[k9 ('EnableBouncer' [h=6B46993F,$0098EAA0])]
      048 06000285 GETGLOBAL r6 := _G[k10 ('FALSE' [h=0E4B730F,$009965C0])]
      049 07000341     LOADK r7 := k13 ('ace' [h=00032097,$009A4E60])
      050 05018059      CALL r5 (2 args) => 0 results
      051 05000245 GETGLOBAL r5 := _G[k9 ('EnableBouncer' [h=6B46993F,$0098EAA0])]
      052 060002C5 GETGLOBAL r6 := _G[k11 ('TRUE' [h=0067B195,$0098F4C0])]
      053 07000341     LOADK r7 := k13 ('ace' [h=00032097,$009A4E60])
      054 05018059      CALL r5 (2 args) => 0 results
      055 04020018      TEST not r4: r4 := r4 ; or skip
      056 00800454       JMP +18 ; 75
      057 05000385 GETGLOBAL r5 := _G[k14 ('Utility_ReadNumberFromScribbleMemory' [h=2BB92038,$00A00C80])]
      058 060003C1     LOADK r6 := k15 ('FactionBecameHostile' [h=AC9B482C,$00A39600])
      059 05010099      CALL r5 (1 args) => 1 results
      060 05028058      TEST r5: r5 := r5 ; or skip
      061 00800314       JMP +13 ; 75
      062 05000405 GETGLOBAL r5 := _G[k16 ('Utility_WriteNumberToScribbleMemory' [h=DCF55147,$009DC740])]
      063 060003C1     LOADK r6 := k15 ('FactionBecameHostile' [h=AC9B482C,$00A39600])
      064 07000441     LOADK r7 := k17 (1.0)
      065 05018059      CALL r5 (2 args) => 0 results
      066 05000485 GETGLOBAL r5 := _G[k18 ('Utility_MessageBox' [h=E0C5D484,$009FB480])]
      067 060004C5 GETGLOBAL r6 := _G[k19 ('Utility_GetStringById' [h=F7067A6C,$009D9780])]
      068 07000501     LOADK r7 := k20 ('tutorial.bribe.title' [h=CF1E0BF2,$00A38900])
      069 06010099      CALL r6 (1 args) => 1 results
      070 070004C5 GETGLOBAL r7 := _G[k19 ('Utility_GetStringById' [h=F7067A6C,$009D9780])]
      071 08000541     LOADK r8 := k21 ('tutorial.bribe.body' [h=95106A0D,$00A38A80])
      072 07010099      CALL r7 (1 args) => 1 results
      073 08008002  LOADBOOL r8 := True
      074 05020059      CALL r5 (3 args) => 0 results
      075 05000385 GETGLOBAL r5 := _G[k14 ('Utility_ReadNumberFromScribbleMemory' [h=2BB92038,$00A00C80])]
      076 06000581     LOADK r6 := k22 ('FactionAttitudeChanged' [h=99E80A26,$00A38980])
      077 05010099      CALL r5 (1 args) => 1 results
      078 05028058      TEST r5: r5 := r5 ; or skip
      079 00800194       JMP +7 ; 87
      080 05000405 GETGLOBAL r5 := _G[k16 ('Utility_WriteNumberToScribbleMemory' [h=DCF55147,$009DC740])]
      081 06000581     LOADK r6 := k22 ('FactionAttitudeChanged' [h=99E80A26,$00A38980])
      082 07000441     LOADK r7 := k17 (1.0)
      083 05018059      CALL r5 (2 args) => 0 results
      084 050005C5 GETGLOBAL r5 := _G[k23 ('Mail_Post' [h=CC9FDE1E,$0098E400])]
      085 06000601     LOADK r6 := k24 ('help_factionmood' [h=A4B9D496,$00A0EB00])
      086 05010059      CALL r5 (1 args) => 0 results
      087 050001C5 GETGLOBAL r5 := _G[k7 ('bouncers' [h=5D6099E4,$00981180])]
      088 05028006  GETTABLE r5 := r5[r0]
      089 06000685 GETGLOBAL r6 := _G[k26 ('Event_FactionAttitudeChange' [h=14A2E8E2,$009E4A00])]
      090 070006C1     LOADK r7 := k27 ('FactionAttitudeChange' [h=FCF14BCB,$00A39B40])
      091 08000701     LOADK r8 := k28 ('b' [h=00000083,$009960C0])
      092 09000000      MOVE r9 := r0
      093 0A008000      MOVE r10 := r1
      094 06028099      CALL r6 (4 args) => 1 results
      095 05898189  SETTABLE r6 ->> r5[k25 ('attitudeChangeHandle' [h=F70DF901,$00A010C0])]
      096 0000801B    RETURN r0 ... r-1
  [Node$01CA7B84] 'PROCEDURAL_FF_SOUTH_LUA_LOADED' [h=B0D4FBCD,$00A2CBC0]: 1.0
  [Node$01CA7BAC] 'jeff_setupCostumeTent' [h=3D41CBCF,$00A29540]: function$0099BCC0 'jeff_setupCostumeTent' [h=3D41CBCF,$00A29540]
    CONST$00AC0040 k0  'jeff_costumeTentExists' [h=8DB7F529,$009E2A00]
    CONST$00AC0048 k1  'Actor_EnableScriptedUse' [h=2140441B,$009FBF80]
    CONST$00AC0050 k2  'costumeTentEntrance' [h=90556325,$009E2980]
    CONST$00AC0058 k3  'actions.changeoutfit' [h=390BC16C,$009E2900]
    CONST$00AC0060 k4  1.5
    CONST$00AC0068 k5  'Objective_SetTargetActor' [h=A04E11C0,$00A0BA80]
    CONST$00AC0070 k6  '' [h=00000000,$009A78C0]
    CONST$00AC0078 k7  'TARGET_TYPE_OBJECTIVE_SECONDARY' [h=A2EEB365,$00A02740]
    CONST$00AC0080 k8  'shirt' [h=11BC326A,$009A52E0]
    CONST$00AC0088 k9  'jeff_setupCostumeTentEvents' [h=EC9D32FC,$009E2800]
    CODE $00ABFBC0
      000 00000005 GETGLOBAL r0 := _G[k0 ('jeff_costumeTentExists' [h=8DB7F529,$009E2A00])]
      001 00008099      CALL r0 (0 args) => 1 results
      002 00000058      TEST r0: r0 := r0 ; or skip
      003 00800014       JMP +1 ; 5
      004 0000801B    RETURN r0 ... r-1
      005 00000045 GETGLOBAL r0 := _G[k1 ('Actor_EnableScriptedUse' [h=2140441B,$009FBF80])]
      006 01000081     LOADK r1 := k2 ('costumeTentEntrance' [h=90556325,$009E2980])
      007 02008002  LOADBOOL r2 := True
      008 030000C1     LOADK r3 := k3 ('actions.changeoutfit' [h=390BC16C,$009E2900])
      009 04000002  LOADBOOL r4 := False
      010 05000101     LOADK r5 := k4 (1.5)
      011 00030059      CALL r0 (5 args) => 0 results
      012 00000145 GETGLOBAL r0 := _G[k5 ('Objective_SetTargetActor' [h=A04E11C0,$00A0BA80])]
      013 01000081     LOADK r1 := k2 ('costumeTentEntrance' [h=90556325,$009E2980])
      014 02000081     LOADK r2 := k2 ('costumeTentEntrance' [h=90556325,$009E2980])
      015 03000181     LOADK r3 := k6 ('' [h=00000000,$009A78C0])
      016 040001C1     LOADK r4 := k7 ('TARGET_TYPE_OBJECTIVE_SECONDARY' [h=A2EEB365,$00A02740])
      017 05000201     LOADK r5 := k8 ('shirt' [h=11BC326A,$009A52E0])
      018 06008002  LOADBOOL r6 := True
      019 07000002  LOADBOOL r7 := False
      020 08008002  LOADBOOL r8 := True
      021 09000101     LOADK r9 := k4 (1.5)
      022 0A000002  LOADBOOL r10 := False
      023 0B008002  LOADBOOL r11 := True
      024 00060059      CALL r0 (11 args) => 0 results
      025 00000245 GETGLOBAL r0 := _G[k9 ('jeff_setupCostumeTentEvents' [h=EC9D32FC,$009E2800])]
      026 00008059      CALL r0 (0 args) => 0 results
      027 0000801B    RETURN r0 ... r-1
  [Node$01CA7BC0] 'Utility_ReadMissionData' [h=42A7BBD0,$009DDA00]: cfunction$002C6328 'Utility_ReadMissionData' [h=42A7BBD0,$009DDA00]
  [Node$01CA7BE8] 'ActorVehicle_GetRiderList' [h=AEEC93D2,$00A0C200]: cfunction$002B0EA8 'ActorVehicle_GetRiderList' [h=AEEC93D2,$00A0C200]
  [Node$01CA7BFC] 'GLOBALS' [h=BA8E5BD3,$00977A60]: table$00977980[a=0,h=1]
  [Node$01CA7C10] 'switchHeroToAlternateCostume' [h=E1F153D4,$009E0680]: function$009C7BE0 'switchHeroToAlternateCostume' [h=E1F153D4,$009E0680]
    CONST$00B2CD40 k0  'Utility_GetPlayerNationality' [h=CB78F623,$00A0AF00]
    CONST$00B2CD48 k1  '' [h=00000000,$009A78C0]
    CONST$00B2CD50 k2  'Utility_ReadNumberFromScribbleMemory' [h=2BB92038,$00A00C80]
    CONST$00B2CD58 k3  'alternateCostumeEnabled' [h=5D176EF2,$00A3A740]
    CONST$00B2CD60 k4  'Utility_EraseValueFromScribbleMemory' [h=D5C200E6,$00A03000]
    CONST$00B2CD68 k5  'Alt' [h=00036A80,$009C4B40]
    CONST$00B2CD70 k6  'Utility_WriteNumberToScribbleMemory' [h=DCF55147,$009DC740]
    CONST$00B2CD78 k7  1.0
    CONST$00B2CD80 k8  'template_player_american' [h=B480AAA6,$00A3BC40]
    CONST$00B2CD88 k9  'Player_SetHumanModel' [h=C107AE37,$009E0000]
    CONST$00B2CD90 k10 'prokat_hum_american' [h=41A6B53A,$00A3A700]
    CONST$00B2CD98 k11 'template_player_british' [h=1C60DE63,$00A3CAC0]
    CONST$00B2CDA0 k12 'prokat_hum_british' [h=DF6965AE,$00A3A6C0]
    CONST$00B2CDA8 k13 'template_player_swedish' [h=1301F35E,$00A3BA80]
    CONST$00B2CDB0 k14 'prokat_hum_swedish' [h=36AE755D,$00A3A980]
    CODE $00C4D340
      000 01000005 GETGLOBAL r1 := _G[k0 ('Utility_GetPlayerNationality' [h=CB78F623,$00A0AF00])]
      001 01008099      CALL r1 (0 args) => 1 results
      002 02000041     LOADK r2 := k1 ('' [h=00000000,$009A78C0])
      003 03000085 GETGLOBAL r3 := _G[k2 ('Utility_ReadNumberFromScribbleMemory' [h=2BB92038,$00A00C80])]
      004 040000C1     LOADK r4 := k3 ('alternateCostumeEnabled' [h=5D176EF2,$00A3A740])
      005 03010099      CALL r3 (1 args) => 1 results
      006 03018018      TEST not r3: r3 := r3 ; or skip
      007 008001D4       JMP +8 ; 16
      008 00000018      TEST not r0: r0 := r0 ; or skip
      009 008000D4       JMP +4 ; 14
      010 03000105 GETGLOBAL r3 := _G[k4 ('Utility_EraseValueFromScribbleMemory' [h=D5C200E6,$00A03000])]
      011 040000C1     LOADK r4 := k3 ('alternateCostumeEnabled' [h=5D176EF2,$00A3A740])
      012 03010059      CALL r3 (1 args) => 0 results
      013 00800214       JMP +9 ; 23
      014 02000141     LOADK r2 := k5 ('Alt' [h=00036A80,$009C4B40])
      015 00800194       JMP +7 ; 23
      016 00000018      TEST not r0: r0 := r0 ; or skip
      017 00800114       JMP +5 ; 23
      018 03000185 GETGLOBAL r3 := _G[k6 ('Utility_WriteNumberToScribbleMemory' [h=DCF55147,$009DC740])]
      019 040000C1     LOADK r4 := k3 ('alternateCostumeEnabled' [h=5D176EF2,$00A3A740])
      020 050001C1     LOADK r5 := k7 (1.0)
      021 03018059      CALL r3 (2 args) => 0 results
      022 02000141     LOADK r2 := k5 ('Alt' [h=00036A80,$009C4B40])
      023 0000C095       BEQ r1 == k8 ('template_player_american' [h=B480AAA6,$00A3BC40])
      024 00800194       JMP +7 ; 32
      025 03000245 GETGLOBAL r3 := _G[k9 ('Player_SetHumanModel' [h=C107AE37,$009E0000])]
      026 04000281     LOADK r4 := k10 ('prokat_hum_american' [h=41A6B53A,$00A3A700])
      027 05010000      MOVE r5 := r2
      028 04020153    CONCAT r4 := r4 ... r5
      029 05008002  LOADBOOL r5 := True
      030 03018059      CALL r3 (2 args) => 0 results
      031 00800414       JMP +17 ; 49
      032 0000C155       BEQ r1 == k11 ('template_player_british' [h=1C60DE63,$00A3CAC0])
      033 00800194       JMP +7 ; 41
      034 03000245 GETGLOBAL r3 := _G[k9 ('Player_SetHumanModel' [h=C107AE37,$009E0000])]
      035 04000301     LOADK r4 := k12 ('prokat_hum_british' [h=DF6965AE,$00A3A6C0])
      036 05010000      MOVE r5 := r2
      037 04020153    CONCAT r4 := r4 ... r5
      038 05008002  LOADBOOL r5 := True
      039 03018059      CALL r3 (2 args) => 0 results
      040 008001D4       JMP +8 ; 49
      041 0000C1D5       BEQ r1 == k13 ('template_player_swedish' [h=1301F35E,$00A3BA80])
      042 00800154       JMP +6 ; 49
      043 03000245 GETGLOBAL r3 := _G[k9 ('Player_SetHumanModel' [h=C107AE37,$009E0000])]
      044 04000381     LOADK r4 := k14 ('prokat_hum_swedish' [h=36AE755D,$00A3A980])
      045 05010000      MOVE r5 := r2
      046 04020153    CONCAT r4 := r4 ... r5
      047 05008002  LOADBOOL r5 := True
      048 03018059      CALL r3 (2 args) => 0 results
      049 0000801B    RETURN r0 ... r-1
  [Node$01CA7C24] 'UTIL_FLYBYS_LUA_LOADED' [h=DCAADBD5,$00A3BC80]: 1.0
  [Node$01CA7C38] 'Mission_SetupPlayerRespawn' [h=AD17B3D6,$00A41B40]: cfunction$002A3738 'Mission_SetupPlayerRespawn' [h=AD17B3D6,$00A41B40]
  [Node$01CA7C74] 'challenge_CompleteStateCompletedGet' [h=8AD91BD9,$00A02B80]: function$0098B800 'challenge_CompleteStateCompletedGet' [h=8AD91BD9,$00A02B80]
    CONST$00952B10 k0  'Global_GetValue' [h=A320AED9,$00977860]
    CONST$00952B18 k1  'bChallengeCompleted' [h=D85766AE,$009E5040]
    CODE $009A5660
      000 00000005 GETGLOBAL r0 := _G[k0 ('Global_GetValue' [h=A320AED9,$00977860])]
      001 01000041     LOADK r1 := k1 ('bChallengeCompleted' [h=D85766AE,$009E5040])
      002 0001001A  TAILCALL r0 (1 args)
      003 0000001B    RETURN r0 ... r-2
      004 0000801B    RETURN r0 ... r-1
  [Node$01CA7C9C] 'Ui_DisplayDateline' [h=1EEF23DB,$009D5C00]: cfunction$002A7740 'Ui_DisplayDateline' [h=1EEF23DB,$009D5C00]
  [Node$01CA7D00] 'gameflow_GetCardIntelScribMemVarName' [h=1BD00BE0,$00A2C9C0]: function$009828C0 'gameflow_GetCardIntelScribMemVarName' [h=1BD00BE0,$00A2C9C0]
    CONST$00961780 k0  'info' [h=0080869A,$009A2780]
    CODE $0099D400
      000 02000000      MOVE r2 := r0
      001 03008000      MOVE r3 := r1
      002 04000001     LOADK r4 := k0 ('info' [h=0080869A,$009A2780])
      003 02010113    CONCAT r2 := r2 ... r4
      004 0201001B    RETURN r2 ... r2
      005 0000801B    RETURN r0 ... r-1
  [Node$01CA7DB4] 'Camera_DetachFromActor' [h=4B9C5BE9,$00A3F380]: cfunction$002A6518 'Camera_DetachFromActor' [h=4B9C5BE9,$00A3F380]
  [Node$01CA7DF0] 'Actor_Remove' [h=3657B3EC,$00977B00]: cfunction$002ABDD8 'Actor_Remove' [h=3657B3EC,$00977B00]
  [Node$01CA7E04] 'bDemoMissionSequence' [h=9E6A13ED,$00A12440]: False
  [Node$01CA7E18] 'Event_ActorInFiremansCarry' [h=AC05FBEE,$00A06080]: cfunction$002BA0B8 'Event_ActorInFiremansCarry' [h=AC05FBEE,$00A06080]
  [Node$01CA7E40] 'nenc_ff4653' [h=0EA0A3F0,$009959E0]: table$00990FA0[a=0,h=4]
    [Node$00B28154] 'tLocationObjectsA' [h=2C5376F5,$00A01980]: table$009A2920[a=8,h=1]
      [0:$00A29000] 'ff4653_1' [h=88891EFC,$00999CE0]
      [1:$00A29008] 'ff4653_2' [h=7947E012,$00998B80]
      [2:$00A29010] 'ff4653_3' [h=D99CD683,$009A47E0]
      [3:$00A29018] 'ff4653_4' [h=D3813F71,$009930C0]
      [4:$00A29020] 'ff4653_5' [h=95AED681,$009C5D80]
      [5:$00A29028] 'ff4653_6' [h=77C29662,$009A2760]
      [6:$00A29030] 'ff4653_7' [h=C57D6E52,$00989980]
      [7:$00A29038] 'ff4653_8' [h=125ED3C8,$009AB000]
    [Node$00B28168] 'sEncounter' [h=4CD961D9,$009A5C20]: 'ff4653' [h=E5D695FE,$0097DE80]
    [Node$00B2817C] 'tLocationObjectsB' [h=CEC61813,$00A073C0]: table$0097F660[a=8,h=1]
      [0:$009E6600] 'ff4653_9' [h=DA07ACDD,$00988DE0]
      [1:$009E6608] 'ff4653_10' [h=A05C4725,$0097EF20]
      [2:$009E6610] 'ff4653_11' [h=F6079F84,$0099D1C0]
      [3:$009E6618] 'ff4653_12' [h=CCF0FEA8,$0097F280]
      [4:$009E6620] 'ff4653_13' [h=0422A629,$009C38E0]
      [5:$009E6628] 'ff4653_14' [h=066772DE,$00997B60]
      [6:$009E6630] 'ff4653_15' [h=794E1C43,$0099B700]
      [7:$009E6638] 'ff4653_16' [h=E8F63D27,$00990CC0]
  [Node$01CA7E54] 'g_tChallengeInstances' [h=C90043F1,$009E3940]: table$00984B00[a=16,h=1]
    [0:$00A975C0] table$0099CE20[a=0,h=32]
      [Node$00D92468] 'sChallengeScriptName' [h=8B569902,$009E2E40]: 'SW_challenge_race01' [h=EFCAAE56,$009F4580]
      [Node$00D9247C] 'sFuncNameHide' [h=E8C1E1A3,$009A23A0]: 'SW_challenge_Race01_Hide' [h=64990946,$00A2D600]
      [Node$00D924B8] 'sFuncNameQuestionBox' [h=25D5C106,$00A25740]: 'SW_challenge_Race01_QuestionBox' [h=5D11476D,$009CF4C0]
      [Node$00D924E0] 'tGoals' [h=B6E9E608,$00999620]: table$00992D20[a=1,h=1]
        [0:$00957680] table$00992140[a=0,h=4]
          [Node$00B18754] 'sText' [h=11BDEAA9,$0099A6A0]: '[challenge.goal.time]' [h=870BC923,$009F6980]
          [Node$00B18768] 'vValue' [h=4822E3A2,$00996420]: function$0099AE60 'SW_challenge_Race01_GoalBestTime' [h=4DBF09D6,$00A06FC0]
      [Node$00D924F4] 'sQuestionBoxInsideTextKey' [h=FCDCE389,$009E6FC0]: '[challenge.RaceAgainstSelf.description]' [h=79B16BE5,$00A2DE40]
      [Node$00D92508] 'sFuncNameStart' [h=FF54EF6A,$009AA880]: 'SW_challenge_Race01_Start' [h=B04B1E8C,$00A032C0]
      [Node$00D92530] 'bIsSetup' [h=D7AB01C6,$00997540]: True
      [Node$00D92544] 'tEventHandlesForSetup' [h=9B8DA62D,$00A02E00]: table$009A14E0[a=0,h=4]
        [Node$00AB4340] 'hAiInNamedVehicle0' [h=BDA1E5D0,$009DEC80]: 1572.0
        [Node$00AB4368] 'hActorToVectorProximity' [h=5EDEF380,$00A00A80]: 1574.0
        [Node$00AB437C] 'hHitPointsLessThan' [h=4539B91F,$009E1F40]: 1573.0
      [Node$00D92558] 'sFuncNameEnd' [h=78C8606E,$009A8800]: 'SW_challenge_Race01_End' [h=29490D0A,$009F0CC0]
      [Node$00D9256C] 'sFuncNameSetupAiInNamedVehicle' [h=8879F6AF,$00A23C40]: 'SW_challenge_Race01_SetupAiInNamedVehicle' [h=EDD7BCBC,$009D4F00]
      [Node$00D92580] 'tRules' [h=B5794570,$009C3D40]: table$0098DF00[a=1,h=1]
        [0:$009576B0] table$0097B160[a=0,h=2]
          [Node$00A3A114] 'sText' [h=11BDEAA9,$0099A6A0]: '[challenge.rule.remaininvehicle]' [h=26841DE6,$00A01480]
      [Node$00D92594] 'bStarterIsSpent' [h=5FEBD8E8,$009C7EE0]: nil
      [Node$00D925A8] 'sFuncNameWaitForReinitOpportunity' [h=A476F72A,$00A0EDC0]: 'SW_challenge_Race01_WaitForReinitOpportunity' [h=6807BD75,$00A2B000]
      [Node$00D925BC] 'sFuncNamePrefix' [h=24CFBE93,$00985DC0]: 'SW_challenge_Race01' [h=5704FDFD,$009D2480]
      [Node$00D925D0] 'sFuncNameStarterSpawned' [h=6EFD36B4,$009FC280]: 'SW_challenge_Race01_StarterSpawned' [h=86BE5A01,$009EDF40]
      [Node$00D925E4] 'sFuncOnStarterBroken' [h=ED7F76E3,$009DD680]: 'SW_challenge_Race01_OnStarterBroken' [h=BF0A6D3E,$00A2AF80]
      [Node$00D925F8] 'bQuestionBoxPauseGame' [h=10991576,$00A10F40]: True
      [Node$00D9260C] 'sFuncOnStarterSpent' [h=4BD64963,$009E1900]: 'SW_challenge_Race01_OnStarterSpent' [h=56587E1A,$00A05D40]
      [Node$00D92620] 'sFuncNameShow' [h=6964B278,$0097FB80]: 'SW_challenge_Race01_Show' [h=252FCDC5,$009DBA80]
      [Node$00D92634] 'sCurrentChallengeStarter' [h=AFEC3F39,$00A01740]: 'chal_race01_vehicle0' [h=602D06B3,$009FCE00]
      [Node$00D92648] 'sStarterNameBase' [h=52BE0E9A,$009DF640]: 'chal_race01_vehicle' [h=11508491,$00A3F580]
      [Node$00D9265C] 'vReward' [h=18F9995B,$009C6E80]: 5000.0
      [Node$00D92670] 'sQuestionBoxWindowTitleKey' [h=0061E794,$00A00A00]: 'challenge.sw.race01.title' [h=B04C60C0,$009E9F40]
      [Node$00D92684] 'sStarterTemplate' [h=01757CDA,$009FFDC0]: 'template_allies_humvee_empty' [h=8CD06759,$00A06F40]
      [Node$00D92698] 'sStarterLocation' [h=A151005E,$009FE200]: 'chal_race01_starter' [h=B44F4DF6,$00A11440]
      [Node$00D926AC] 'sFuncNameReinit' [h=EC63489F,$00981FA0]: 'SW_challenge_Race01_Reinit' [h=7C6806D2,$009FDD40]
    [1:$00A975C8] table$0099D500[a=0,h=32]
    [2:$00A975D0] table$00990800[a=0,h=32]
      [Node$00D859E8] 'sChallengeScriptName' [h=8B569902,$009E2E40]: 'SW_Challenge_Race_HQc2HQm_01' [h=1865CF3E,$009D1980]
      [Node$00D859FC] 'sFuncNameHide' [h=E8C1E1A3,$009A23A0]: 'SW_Challenge_Race_HQc2HQm_01_Hide' [h=86A04524,$00A2D8C0]
      [Node$00D85A38] 'sFuncNameQuestionBox' [h=25D5C106,$00A25740]: 'SW_Challenge_Race_HQc2HQm_01_QuestionBox' [h=F9152E7A,$009FE980]
      [Node$00D85A60] 'tGoals' [h=B6E9E608,$00999620]: table$0097C580[a=1,h=1]
        [0:$00957600] table$009A8280[a=0,h=4]
          [Node$00ABB354] 'sText' [h=11BDEAA9,$0099A6A0]: '[challenge.goal.time]' [h=870BC923,$009F6980]
          [Node$00ABB368] 'vValue' [h=4822E3A2,$00996420]: function$00999A00 'SW_Challenge_Race_HQc2HQm_01_GoalBestTime' [h=0529B964,$00A08740]
      [Node$00D85A74] 'sQuestionBoxInsideTextKey' [h=FCDCE389,$009E6FC0]: '[challenge.SW_Challenge_Race_HQc2HQm_01.description]' [h=FF29AD36,$00ABBF40]
      [Node$00D85A88] 'sFuncNameStart' [h=FF54EF6A,$009AA880]: 'SW_Challenge_Race_HQc2HQm_01_Start' [h=245339E9,$009DA4C0]
      [Node$00D85AB0] 'bIsSetup' [h=D7AB01C6,$00997540]: True
      [Node$00D85AC4] 'tEventHandlesForSetup' [h=9B8DA62D,$00A02E00]: table$00986780[a=0,h=4]
        [Node$00ABABC0] 'hAiInNamedVehicle0' [h=BDA1E5D0,$009DEC80]: 1578.0
        [Node$00ABABE8] 'hActorToVectorProximity' [h=5EDEF380,$00A00A80]: 1580.0
        [Node$00ABABFC] 'hHitPointsLessThan' [h=4539B91F,$009E1F40]: 1579.0
      [Node$00D85AD8] 'sFuncNameEnd' [h=78C8606E,$009A8800]: 'SW_Challenge_Race_HQc2HQm_01_End' [h=EA9025C3,$00A110C0]
      [Node$00D85AEC] 'sFuncNameSetupAiInNamedVehicle' [h=8879F6AF,$00A23C40]: 'SW_Challenge_Race_HQc2HQm_01_SetupAiInNamedVehicle' [h=AA981B1E,$00ABCF40]
      [Node$00D85B00] 'tRules' [h=B5794570,$009C3D40]: table$009C5320[a=1,h=1]
        [0:$00957610] table$0098C900[a=0,h=2]
          [Node$009F0D14] 'sText' [h=11BDEAA9,$0099A6A0]: '[challenge.rule.remaininvehicle]' [h=26841DE6,$00A01480]
      [Node$00D85B14] 'bStarterIsSpent' [h=5FEBD8E8,$009C7EE0]: nil
      [Node$00D85B28] 'sFuncNameWaitForReinitOpportunity' [h=A476F72A,$00A0EDC0]: 'SW_Challenge_Race_HQc2HQm_01_WaitForReinitOpportunity' [h=67F5D174,$00AB3AC0]
      [Node$00D85B3C] 'sFuncNamePrefix' [h=24CFBE93,$00985DC0]: 'SW_Challenge_Race_HQc2HQm_01' [h=1865CF3E,$009D1980]
      [Node$00D85B50] 'sFuncNameStarterSpawned' [h=6EFD36B4,$009FC280]: 'SW_Challenge_Race_HQc2HQm_01_StarterSpawned' [h=1E2939FD,$00A013C0]
      [Node$00D85B64] 'sFuncOnStarterBroken' [h=ED7F76E3,$009DD680]: 'SW_Challenge_Race_HQc2HQm_01_OnStarterBroken' [h=08BCBD56,$009FD680]
      [Node$00D85B78] 'bQuestionBoxPauseGame' [h=10991576,$00A10F40]: True
      [Node$00D85B8C] 'sFuncOnStarterSpent' [h=4BD64963,$009E1900]: 'SW_Challenge_Race_HQc2HQm_01_OnStarterSpent' [h=DE164FA2,$009EFE80]
      [Node$00D85BA0] 'sFuncNameShow' [h=6964B278,$0097FB80]: 'SW_Challenge_Race_HQc2HQm_01_Show' [h=44B888E4,$00A29D00]
      [Node$00D85BB4] 'sCurrentChallengeStarter' [h=AFEC3F39,$00A01740]: 'c_race_HQc2HQm_01_veh0' [h=9B7F55FD,$009F2DC0]
      [Node$00D85BC8] 'sStarterNameBase' [h=52BE0E9A,$009DF640]: 'c_race_HQc2HQm_01_veh' [h=90DC1C18,$00A23FC0]
      [Node$00D85BDC] 'vReward' [h=18F9995B,$009C6E80]: 5000.0
      [Node$00D85BF0] 'sQuestionBoxWindowTitleKey' [h=0061E794,$00A00A00]: 'challenge.SW_Challenge_Race_HQc2HQm_01.title' [h=F23E81C1,$00A40640]
      [Node$00D85C04] 'sStarterTemplate' [h=01757CDA,$009FFDC0]: 'template_china_jeep_empty' [h=D9C9F52F,$00A2D940]
      [Node$00D85C18] 'sStarterLocation' [h=A151005E,$009FE200]: 'c_race_HQc2HQm_01_start' [h=EB658152,$009D4140]
      [Node$00D85C2C] 'sFuncNameReinit' [h=EC63489F,$00981FA0]: 'SW_Challenge_Race_HQc2HQm_01_Reinit' [h=0787518D,$009E1480]
    [3:$00A975D8] table$00993B20[a=0,h=32]
      [Node$00D93868] 'sChallengeScriptName' [h=8B569902,$009E2E40]: 'SW_Challenge_Race_HQm2HQa_01' [h=7C0867E2,$009F5500]
      [Node$00D9387C] 'sFuncNameHide' [h=E8C1E1A3,$009A23A0]: 'SW_Challenge_Race_HQm2HQa_01_Hide' [h=9A44C403,$009FCDC0]
      [Node$00D938B8] 'sFuncNameQuestionBox' [h=25D5C106,$00A25740]: 'SW_Challenge_Race_HQm2HQa_01_QuestionBox' [h=F9152E7A,$009DB740]
      [Node$00D938E0] 'tGoals' [h=B6E9E608,$00999620]: table$0097C140[a=1,h=1]
        [0:$009576C0] table$0099BA80[a=0,h=4]
          [Node$00A72BD4] 'sText' [h=11BDEAA9,$0099A6A0]: '[challenge.goal.time]' [h=870BC923,$009F6980]
          [Node$00A72BE8] 'vValue' [h=4822E3A2,$00996420]: function$0098AB40 'SW_Challenge_Race_HQm2HQa_01_GoalBestTime' [h=7AB41924,$00A23B00]
            CONST$009D6D80 k0  'Utility_SecondsToClock' [h=70859ABF,$00A416C0]
            CONST$009D6D88 k1  'challenge_StatGetFloat' [h=DF587491,$00A28A80]
            CONST$009D6D90 k2  'sw_race_HQm2HQa_01' [h=EA60A120,$009E0B80]
            CONST$009D6D98 k3  'BestTime' [h=6B3D9C2E,$009A3E40]
            CONST$009D6DA0 k4  60.0
            CONST$009D6DA8 k5  2.0
            CODE $00A02480
              000 00000005 GETGLOBAL r0 := _G[k0 ('Utility_SecondsToClock' [h=70859ABF,$00A416C0])]
              001 01000045 GETGLOBAL r1 := _G[k1 ('challenge_StatGetFloat' [h=DF587491,$00A28A80])]
              002 02000081     LOADK r2 := k2 ('sw_race_HQm2HQa_01' [h=EA60A120,$009E0B80])
              003 030000C1     LOADK r3 := k3 ('BestTime' [h=6B3D9C2E,$009A3E40])
              004 047F3FCE       MUL r4 := k4 (60.0) * k5 (2.0)
              005 01020019      CALL r1 (3 args) => -1 results
              006 0000001A  TAILCALL r0 (-1 args)
              007 0000001B    RETURN r0 ... r-2
              008 0000801B    RETURN r0 ... r-1
      [Node$00D938F4] 'sQuestionBoxInsideTextKey' [h=FCDCE389,$009E6FC0]: '[challenge.SW_Challenge_Race_HQm2HQa_01.description]' [h=068913DB,$00ABB140]
      [Node$00D93908] 'sFuncNameStart' [h=FF54EF6A,$009AA880]: 'SW_Challenge_Race_HQm2HQa_01_Start' [h=245339E9,$00A41780]
      [Node$00D93930] 'bIsSetup' [h=D7AB01C6,$00997540]: True
      [Node$00D93944] 'tEventHandlesForSetup' [h=9B8DA62D,$00A02E00]: table$0097D520[a=0,h=4]
        [Node$00A9C9C0] 'hAiInNamedVehicle0' [h=BDA1E5D0,$009DEC80]: 1581.0
        [Node$00A9C9E8] 'hActorToVectorProximity' [h=5EDEF380,$00A00A80]: 1583.0
        [Node$00A9C9FC] 'hHitPointsLessThan' [h=4539B91F,$009E1F40]: 1582.0
      [Node$00D93958] 'sFuncNameEnd' [h=78C8606E,$009A8800]: 'SW_Challenge_Race_HQm2HQa_01_End' [h=EA9025C3,$00A29B00]
      [Node$00D9396C] 'sFuncNameSetupAiInNamedVehicle' [h=8879F6AF,$00A23C40]: 'SW_Challenge_Race_HQm2HQa_01_SetupAiInNamedVehicle' [h=AA981B1E,$00ABA9C0]
      [Node$00D93980] 'tRules' [h=B5794570,$009C3D40]: table$00999240[a=1,h=1]
        [0:$00957620] table$009775E0[a=0,h=2]
          [Node$009F4754] 'sText' [h=11BDEAA9,$0099A6A0]: '[challenge.rule.remaininvehicle]' [h=26841DE6,$00A01480]
      [Node$00D93994] 'bStarterIsSpent' [h=5FEBD8E8,$009C7EE0]: nil
      [Node$00D939A8] 'sFuncNameWaitForReinitOpportunity' [h=A476F72A,$00A0EDC0]: 'SW_Challenge_Race_HQm2HQa_01_WaitForReinitOpportunity' [h=52D910A7,$00B1C9C0]
      [Node$00D939BC] 'sFuncNamePrefix' [h=24CFBE93,$00985DC0]: 'SW_Challenge_Race_HQm2HQa_01' [h=7C0867E2,$009F5500]
      [Node$00D939D0] 'sFuncNameStarterSpawned' [h=6EFD36B4,$009FC280]: 'SW_Challenge_Race_HQm2HQa_01_StarterSpawned' [h=71558A27,$009D2540]
      [Node$00D939E4] 'sFuncOnStarterBroken' [h=ED7F76E3,$009DD680]: 'SW_Challenge_Race_HQm2HQa_01_OnStarterBroken' [h=08BCBD56,$009EE7C0]
      [Node$00D939F8] 'bQuestionBoxPauseGame' [h=10991576,$00A10F40]: True
      [Node$00D93A0C] 'sFuncOnStarterSpent' [h=4BD64963,$009E1900]: 'SW_Challenge_Race_HQm2HQa_01_OnStarterSpent' [h=9F1E89DE,$009CC680]
      [Node$00D93A20] 'sFuncNameShow' [h=6964B278,$0097FB80]: 'SW_Challenge_Race_HQm2HQa_01_Show' [h=2D8BE154,$009D5A40]
      [Node$00D93A34] 'sCurrentChallengeStarter' [h=AFEC3F39,$00A01740]: 'c_race_HQm2HQa_01_veh0' [h=E34EE683,$009D8C40]
      [Node$00D93A48] 'sStarterNameBase' [h=52BE0E9A,$009DF640]: 'c_race_HQm2HQa_01_veh' [h=61109BED,$009E0080]
      [Node$00D93A5C] 'vReward' [h=18F9995B,$009C6E80]: 5000.0
      [Node$00D93A70] 'sQuestionBoxWindowTitleKey' [h=0061E794,$00A00A00]: 'challenge.SW_Challenge_Race_HQm2HQa_01.title' [h=F23E81C1,$009DE080]
      [Node$00D93A84] 'sStarterTemplate' [h=01757CDA,$009FFDC0]: 'template_mafia_technicalmg_empty' [h=8ED259B6,$00A3F7C0]
      [Node$00D93A98] 'sStarterLocation' [h=A151005E,$009FE200]: 'c_race_HQm2HQa_01_start' [h=2F2C1084,$00A07500]
      [Node$00D93AAC] 'sFuncNameReinit' [h=EC63489F,$00981FA0]: 'SW_Challenge_Race_HQm2HQa_01_Reinit' [h=19F3F73C,$00A0B940]
    [4:$00A975E0] table$009875A0[a=0,h=32]
      [Node$00D845E8] 'sChallengeScriptName' [h=8B569902,$009E2E40]: 'SW_Challenge_Race_HQm2HQc_01' [h=FA6EB04F,$00A41600]
      [Node$00D845FC] 'sFuncNameHide' [h=E8C1E1A3,$009A23A0]: 'SW_Challenge_Race_HQm2HQc_01_Hide' [h=95F1AFE5,$00A03A00]
      [Node$00D84638] 'sFuncNameQuestionBox' [h=25D5C106,$00A25740]: 'SW_Challenge_Race_HQm2HQc_01_QuestionBox' [h=F9152E7A,$00A044C0]
      [Node$00D84660] 'tGoals' [h=B6E9E608,$00999620]: table$00992D60[a=1,h=1]
        [0:$00957630] table$00998960[a=0,h=4]
          [Node$00B1A254] 'sText' [h=11BDEAA9,$0099A6A0]: '[challenge.goal.time]' [h=870BC923,$009F6980]
          [Node$00B1A268] 'vValue' [h=4822E3A2,$00996420]: function$009854C0 'SW_Challenge_Race_HQm2HQc_01_GoalBestTime' [h=75CFCFA2,$00A41200]
            CONST$00A0C600 k0  'Utility_SecondsToClock' [h=70859ABF,$00A416C0]
            CONST$00A0C608 k1  'challenge_StatGetFloat' [h=DF587491,$00A28A80]
            CONST$00A0C610 k2  'sw_race_HQm2HQc_01' [h=840B0CEA,$00A075C0]
            CONST$00A0C618 k3  'BestTime' [h=6B3D9C2E,$009A3E40]
            CONST$00A0C620 k4  60.0
            CONST$00A0C628 k5  2.0
            CODE $00A05100
              000 00000005 GETGLOBAL r0 := _G[k0 ('Utility_SecondsToClock' [h=70859ABF,$00A416C0])]
              001 01000045 GETGLOBAL r1 := _G[k1 ('challenge_StatGetFloat' [h=DF587491,$00A28A80])]
              002 02000081     LOADK r2 := k2 ('sw_race_HQm2HQc_01' [h=840B0CEA,$00A075C0])
              003 030000C1     LOADK r3 := k3 ('BestTime' [h=6B3D9C2E,$009A3E40])
              004 047F3FCE       MUL r4 := k4 (60.0) * k5 (2.0)
              005 01020019      CALL r1 (3 args) => -1 results
              006 0000001A  TAILCALL r0 (-1 args)
              007 0000001B    RETURN r0 ... r-2
              008 0000801B    RETURN r0 ... r-1
      [Node$00D84674] 'sQuestionBoxInsideTextKey' [h=FCDCE389,$009E6FC0]: '[challenge.SW_Challenge_Race_HQm2HQc_01.description]' [h=C739720B,$00ABA5C0]
      [Node$00D84688] 'sFuncNameStart' [h=FF54EF6A,$009AA880]: 'SW_Challenge_Race_HQm2HQc_01_Start' [h=245339E9,$00A0C480]
      [Node$00D846B0] 'bIsSetup' [h=D7AB01C6,$00997540]: True
      [Node$00D846C4] 'tEventHandlesForSetup' [h=9B8DA62D,$00A02E00]: table$00980560[a=0,h=4]
        [Node$00A80AC0] 'hAiInNamedVehicle0' [h=BDA1E5D0,$009DEC80]: 1584.0
        [Node$00A80AE8] 'hActorToVectorProximity' [h=5EDEF380,$00A00A80]: 1586.0
        [Node$00A80AFC] 'hHitPointsLessThan' [h=4539B91F,$009E1F40]: 1585.0
      [Node$00D846D8] 'sFuncNameEnd' [h=78C8606E,$009A8800]: 'SW_Challenge_Race_HQm2HQc_01_End' [h=EA9025C3,$009CFBC0]
      [Node$00D846EC] 'sFuncNameSetupAiInNamedVehicle' [h=8879F6AF,$00A23C40]: 'SW_Challenge_Race_HQm2HQc_01_SetupAiInNamedVehicle' [h=AA981B1E,$00AAC940]
      [Node$00D84700] 'tRules' [h=B5794570,$009C3D40]: table$009A5B80[a=1,h=1]
        [0:$009575F0] table$0097F3C0[a=0,h=2]
          [Node$00A05254] 'sText' [h=11BDEAA9,$0099A6A0]: '[challenge.rule.remaininvehicle]' [h=26841DE6,$00A01480]
      [Node$00D84714] 'bStarterIsSpent' [h=5FEBD8E8,$009C7EE0]: nil
      [Node$00D84728] 'sFuncNameWaitForReinitOpportunity' [h=A476F72A,$00A0EDC0]: 'SW_Challenge_Race_HQm2HQc_01_WaitForReinitOpportunity' [h=6B146C69,$00AB9DC0]
      [Node$00D8473C] 'sFuncNamePrefix' [h=24CFBE93,$00985DC0]: 'SW_Challenge_Race_HQm2HQc_01' [h=FA6EB04F,$00A41600]
      [Node$00D84750] 'sFuncNameStarterSpawned' [h=6EFD36B4,$009FC280]: 'SW_Challenge_Race_HQm2HQc_01_StarterSpawned' [h=99AE19C1,$009D88C0]
      [Node$00D84764] 'sFuncOnStarterBroken' [h=ED7F76E3,$009DD680]: 'SW_Challenge_Race_HQm2HQc_01_OnStarterBroken' [h=08BCBD56,$009FC480]
      [Node$00D84778] 'bQuestionBoxPauseGame' [h=10991576,$00A10F40]: True
      [Node$00D8478C] 'sFuncOnStarterSpent' [h=4BD64963,$009E1900]: 'SW_Challenge_Race_HQm2HQc_01_OnStarterSpent' [h=C1DFC9FC,$00A02B40]
      [Node$00D847A0] 'sFuncNameShow' [h=6964B278,$0097FB80]: 'SW_Challenge_Race_HQm2HQc_01_Show' [h=5E805CE8,$009E9140]
      [Node$00D847B4] 'sCurrentChallengeStarter' [h=AFEC3F39,$00A01740]: 'c_race_HQm2HQc_01_veh0' [h=36D8AC6E,$009E0C80]
      [Node$00D847C8] 'sStarterNameBase' [h=52BE0E9A,$009DF640]: 'c_race_HQm2HQc_01_veh' [h=739FCCF4,$009F4640]
      [Node$00D847DC] 'vReward' [h=18F9995B,$009C6E80]: 5000.0
      [Node$00D847F0] 'sQuestionBoxWindowTitleKey' [h=0061E794,$00A00A00]: 'challenge.SW_Challenge_Race_HQm2HQc_01.title' [h=F23E81C1,$00A0E340]
      [Node$00D84804] 'sStarterTemplate' [h=01757CDA,$009FFDC0]: 'template_mafia_technicalmg_empty' [h=8ED259B6,$00A3F7C0]
      [Node$00D84818] 'sStarterLocation' [h=A151005E,$009FE200]: 'c_race_HQm2HQc_01_start' [h=9E4D1AF6,$009EEF40]
      [Node$00D8482C] 'sFuncNameReinit' [h=EC63489F,$00981FA0]: 'SW_Challenge_Race_HQm2HQc_01_Reinit' [h=4D1982CD,$00A3FC80]
    [5:$00A975E8] table$009951A0[a=0,h=32]
      [Node$00D886E8] 'sChallengeScriptName' [h=8B569902,$009E2E40]: 'SW_Challenge_Race_HQs2HQm_01' [h=1FD65950,$009DAB00]
      [Node$00D886FC] 'sFuncNameHide' [h=E8C1E1A3,$009A23A0]: 'SW_Challenge_Race_HQs2HQm_01_Hide' [h=68DDCADA,$009D5840]
      [Node$00D88738] 'sFuncNameQuestionBox' [h=25D5C106,$00A25740]: 'SW_Challenge_Race_HQs2HQm_01_QuestionBox' [h=F9152E7A,$009EE5C0]
      [Node$00D88760] 'tGoals' [h=B6E9E608,$00999620]: table$009A4060[a=1,h=1]
        [0:$009575E0] table$009A8CC0[a=0,h=4]
          [Node$00A88254] 'sText' [h=11BDEAA9,$0099A6A0]: '[challenge.goal.time]' [h=870BC923,$009F6980]
          [Node$00A88268] 'vValue' [h=4822E3A2,$00996420]: function$0097A2E0 'SW_Challenge_Race_HQs2HQm_01_GoalBestTime' [h=5904F9DD,$009D4B80]
      [Node$00D88774] 'sQuestionBoxInsideTextKey' [h=FCDCE389,$009E6FC0]: '[challenge.SW_Challenge_Race_HQs2HQm_01.description]' [h=7587BF04,$00AC6D40]
      [Node$00D88788] 'sFuncNameStart' [h=FF54EF6A,$009AA880]: 'SW_Challenge_Race_HQs2HQm_01_Start' [h=245339E9,$009E0380]
      [Node$00D887B0] 'bIsSetup' [h=D7AB01C6,$00997540]: True
      [Node$00D887C4] 'tEventHandlesForSetup' [h=9B8DA62D,$00A02E00]: table$0097FEE0[a=0,h=4]
        [Node$00AC1BC0] 'hAiInNamedVehicle0' [h=BDA1E5D0,$009DEC80]: 1587.0
        [Node$00AC1BE8] 'hActorToVectorProximity' [h=5EDEF380,$00A00A80]: 1589.0
        [Node$00AC1BFC] 'hHitPointsLessThan' [h=4539B91F,$009E1F40]: 1588.0
      [Node$00D887D8] 'sFuncNameEnd' [h=78C8606E,$009A8800]: 'SW_Challenge_Race_HQs2HQm_01_End' [h=EA9025C3,$00A074C0]
      [Node$00D887EC] 'sFuncNameSetupAiInNamedVehicle' [h=8879F6AF,$00A23C40]: 'SW_Challenge_Race_HQs2HQm_01_SetupAiInNamedVehicle' [h=AA981B1E,$00A9AC40]
      [Node$00D88800] 'tRules' [h=B5794570,$009C3D40]: table$009A8BC0[a=1,h=1]
        [0:$009575D0] table$009A35E0[a=0,h=2]
          [Node$00A31F94] 'sText' [h=11BDEAA9,$0099A6A0]: '[challenge.rule.remaininvehicle]' [h=26841DE6,$00A01480]
      [Node$00D88814] 'bStarterIsSpent' [h=5FEBD8E8,$009C7EE0]: nil
      [Node$00D88828] 'sFuncNameWaitForReinitOpportunity' [h=A476F72A,$00A0EDC0]: 'SW_Challenge_Race_HQs2HQm_01_WaitForReinitOpportunity' [h=FD471014,$00A9A140]
      [Node$00D8883C] 'sFuncNamePrefix' [h=24CFBE93,$00985DC0]: 'SW_Challenge_Race_HQs2HQm_01' [h=1FD65950,$009DAB00]
      [Node$00D88850] 'sFuncNameStarterSpawned' [h=6EFD36B4,$009FC280]: 'SW_Challenge_Race_HQs2HQm_01_StarterSpawned' [h=4C93A6F8,$00A08300]
      [Node$00D88864] 'sFuncOnStarterBroken' [h=ED7F76E3,$009DD680]: 'SW_Challenge_Race_HQs2HQm_01_OnStarterBroken' [h=08BCBD56,$00A257C0]
      [Node$00D88878] 'bQuestionBoxPauseGame' [h=10991576,$00A10F40]: True
      [Node$00D8888C] 'sFuncOnStarterSpent' [h=4BD64963,$009E1900]: 'SW_Challenge_Race_HQs2HQm_01_OnStarterSpent' [h=ABD6D046,$00A03F00]
      [Node$00D888A0] 'sFuncNameShow' [h=6964B278,$0097FB80]: 'SW_Challenge_Race_HQs2HQm_01_Show' [h=A3877486,$009FFD00]
      [Node$00D888B4] 'sCurrentChallengeStarter' [h=AFEC3F39,$00A01740]: 'c_race_HQs2HQm_01_veh0' [h=93A1CBB6,$009DC6C0]
      [Node$00D888C8] 'sStarterNameBase' [h=52BE0E9A,$009DF640]: 'c_race_HQs2HQm_01_veh' [h=E47BB37E,$00A40200]
      [Node$00D888DC] 'vReward' [h=18F9995B,$009C6E80]: 5000.0
      [Node$00D888F0] 'sQuestionBoxWindowTitleKey' [h=0061E794,$00A00A00]: 'challenge.SW_Challenge_Race_HQs2HQm_01.title' [h=F23E81C1,$00A00FC0]
      [Node$00D88904] 'sStarterTemplate' [h=01757CDA,$009FFDC0]: 'template_sk_humveemg_empty' [h=5ED51C0E,$009D2EC0]
      [Node$00D88918] 'sStarterLocation' [h=A151005E,$009FE200]: 'c_race_HQs2HQm_01_start' [h=AE4288AA,$009D90C0]
      [Node$00D8892C] 'sFuncNameReinit' [h=EC63489F,$00981FA0]: 'SW_Challenge_Race_HQs2HQm_01_Reinit' [h=5B8A092D,$009F6140]
    [6:$00A975F0] table$00989820[a=0,h=64]
      [Node$01BFB6E8] 'sChallengeScriptName' [h=8B569902,$009E2E40]: 'SW_challenge_Destroy01' [h=DD28ABBF,$009CBA00]
      [Node$01BFB6FC] 'iLevel' [h=62597943,$0099BA60]: function$0099FE00 'SW_Challenge_Destroy01_Level' [h=8A63587D,$009E6D40]
        CONST$00A06A80 k0  'Utility_ReadNumberFromScribbleMemory' [h=2BB92038,$00A00C80]
        CONST$00A06A88 k1  'SW_challenge_Destroy01_Level' [h=8F6CE676,$009F8F40]
        CONST$00A06A90 k2  nil
        CONST$00A06A98 k3  1.0
        CONST$00A06AA0 k4  'Utility_WriteNumberToScribbleMemory' [h=DCF55147,$009DC740]
        CODE $009FD9C0
          000 00000005 GETGLOBAL r0 := _G[k0 ('Utility_ReadNumberFromScribbleMemory' [h=2BB92038,$00A00C80])]
          001 01000041     LOADK r1 := k1 ('SW_challenge_Destroy01_Level' [h=8F6CE676,$009F8F40])
          002 00010099      CALL r0 (1 args) => 1 results
          003 00003F15       BEQ r0 == k2 (nil)
          004 00800114       JMP +5 ; 10
          005 000000C1     LOADK r0 := k3 (1.0)
          006 01000105 GETGLOBAL r1 := _G[k4 ('Utility_WriteNumberToScribbleMemory' [h=DCF55147,$009DC740])]
          007 02000041     LOADK r2 := k1 ('SW_challenge_Destroy01_Level' [h=8F6CE676,$009F8F40])
          008 03000000      MOVE r3 := r0
          009 01018059      CALL r1 (2 args) => 0 results
          010 0001001B    RETURN r0 ... r0
          011 0000801B    RETURN r0 ... r-1
      [Node$01BFB710] 'tFactionImprove' [h=9D08AFC4,$0099DE80]: table$00985920[a=0,h=2]
        [Node$009FFC80] 'sk' [h=00001514,$009A6180]: function$0099BD00 'SW_Challenge_Destroy01_ImproveSK' [h=011F6B1F,$009FF4C0]
      [Node$01BFB738] 'sFuncNameQuestionBox' [h=25D5C106,$00A25740]: 'SW_challenge_Destroy01_QuestionBox' [h=E09F1CE0,$00A29900]
      [Node$01BFB760] 'tGoals' [h=B6E9E608,$00999620]: table$009C46E0[a=2,h=1]
        [0:$00957590] table$0099D780[a=0,h=4]
          [Node$00B1AB54] 'sText' [h=11BDEAA9,$0099A6A0]: '[challenge.goal.destroy]' [h=DBD3EA99,$00A3A040]
          [Node$00B1AB68] 'vValue' [h=4822E3A2,$00996420]: function$00976DE0 'SW_Challenge_Destroy01_GoalDestroy' [h=893AC9CB,$00A12D40]
            CONST$009E4FC0 k0  'SW_Challenge_Destroy01_Level' [h=8A63587D,$009E6D40]
            CONST$009E4FC8 k1  15.0
            CONST$009E4FD0 k2  1.0
            CONST$009E4FD8 k3  5.0
            CONST$009E4FE0 k4  2.0
            CONST$009E4FE8 k5  10.0
            CONST$009E4FF0 k6  'Global_SetValue' [h=AB0FD37C,$009777E0]
            CONST$009E4FF8 k7  'nChallenge_Destroy' [h=0FBE9AAA,$009CBE40]
            CODE $009E7F00
              000 00000005 GETGLOBAL r0 := _G[k0 ('SW_Challenge_Destroy01_Level' [h=8A63587D,$009E6D40])]
              001 00008099      CALL r0 (0 args) => 1 results
              002 01000041     LOADK r1 := k1 (15.0)
              003 00003F15       BEQ r0 == k2 (1.0)
              004 00800054       JMP +2 ; 7
              005 010000C1     LOADK r1 := k3 (5.0)
              006 00800094       JMP +3 ; 10
              007 00003F95       BEQ r0 == k4 (2.0)
              008 00800014       JMP +1 ; 10
              009 01000141     LOADK r1 := k5 (10.0)
              010 02000185 GETGLOBAL r2 := _G[k6 ('Global_SetValue' [h=AB0FD37C,$009777E0])]
              011 030001C1     LOADK r3 := k7 ('nChallenge_Destroy' [h=0FBE9AAA,$009CBE40])
              012 04008000      MOVE r4 := r1
              013 02018059      CALL r2 (2 args) => 0 results
              014 0101001B    RETURN r1 ... r1
              015 0000801B    RETURN r0 ... r-1
        [1:$00957598] table$0099D440[a=0,h=4]
          [Node$00B1C754] 'sText' [h=11BDEAA9,$0099A6A0]: '[challenge.stat.timebest]' [h=D16CAC61,$009DE400]
          [Node$00B1C768] 'vValue' [h=4822E3A2,$00996420]: function$009C69C0 'SW_Challenge_Destroy01_GoalBestTime' [h=2C3B0410,$009F2500]
            CONST$00A24680 k0  'challenge_StatGetFloat' [h=DF587491,$00A28A80]
            CONST$00A24688 k1  'sw_challenge_destroy01' [h=730C1496,$009DE500]
            CONST$00A24690 k2  'BestTime' [h=6B3D9C2E,$009A3E40]
            CONST$00A24698 k3  '<SKIP>' [h=F50EBAC1,$0099A340]
            CONST$00A246A0 k4  'type' [h=0070EF71,$00990720]
            CONST$00A246A8 k5  'string' [h=81F98B41,$00980520]
            CONST$00A246B0 k6  'Utility_SecondsToClock' [h=70859ABF,$00A416C0]
            CODE $009F1580
              000 00000005 GETGLOBAL r0 := _G[k0 ('challenge_StatGetFloat' [h=DF587491,$00A28A80])]
              001 01000041     LOADK r1 := k1 ('sw_challenge_destroy01' [h=730C1496,$009DE500])
              002 02000081     LOADK r2 := k2 ('BestTime' [h=6B3D9C2E,$009A3E40])
              003 030000C1     LOADK r3 := k3 ('<SKIP>' [h=F50EBAC1,$0099A340])
              004 00020099      CALL r0 (3 args) => 1 results
              005 01000105 GETGLOBAL r1 := _G[k4 ('type' [h=0070EF71,$00990720])]
              006 02000000      MOVE r2 := r0
              007 01010099      CALL r1 (1 args) => 1 results
              008 0100BFD5       BNE r1 != k5 ('string' [h=81F98B41,$00980520])
              009 008000D4       JMP +4 ; 14
              010 01000185 GETGLOBAL r1 := _G[k6 ('Utility_SecondsToClock' [h=70859ABF,$00A416C0])]
              011 02000000      MOVE r2 := r0
              012 01010099      CALL r1 (1 args) => 1 results
              013 00008000      MOVE r0 := r1
              014 0001001B    RETURN r0 ... r0
              015 0000801B    RETURN r0 ... r-1
      [Node$01BFB774] 'sQuestionBoxInsideTextKey' [h=FCDCE389,$009E6FC0]: '[challenge.sw.destroy01.description]' [h=E0C22A7B,$009CE740]
      [Node$01BFB788] 'bEnableHornResponse' [h=5B97130A,$009E4C40]: False
      [Node$01BFB7B0] 'tSpawnTemplates' [h=82D7E10C,$009894E0]: 'template_sk_humveemg_empty' [h=5ED51C0E,$009D2EC0]
      [Node$01BFB828] 'tVO' [h=0002CD12,$0098AA80]: table$00981B60[a=0,h=8]
        [Node$00BF9828] 'bait' [h=00792FE2,$00981060]: table$009A9EA0[a=4,h=1]
          [0:$00979540] 'sks.chasko25' [h=A1A1793F,$0097CE40]
          [1:$00979548] 'sks.chasko24' [h=BE735054,$00979280]
          [2:$00979550] 'sks.chasko22' [h=D16CE290,$00977320]
          [3:$00979558] 'sks.chasko23' [h=82E592B8,$0097CAC0]
        [Node$00BF983C] 'question' [h=7C781DBB,$009A79A0]: table$009A07E0[a=4,h=1]
          [0:$00995BC0] 'sks.chasko15' [h=0336FAD6,$00985700]
          [1:$00995BC8] 'sks.chasko13' [h=E9B6B7DB,$0098DBA0]
          [2:$00995BD0] 'sks.chasko17' [h=F2B5D400,$0098BA20]
          [3:$00995BD8] 'sks.chasko20' [h=34B794E0,$0097D220]
        [Node$00BF9850] 'start' [h=11BCD3FC,$009A4EA0]: table$0097CBE0[a=20,h=1]
          [0:$00BF50C0] 'sks.chasko41' [h=B5139B34,$0099DEA0]
          [1:$00BF50C8] 'sks.chasko47' [h=97DD039B,$0098D560]
          [2:$00BF50D0] 'sks.chasko50' [h=0FF1BFBD,$0098C3E0]
          [3:$00BF50D8] 'sks.chasko37' [h=0444DC20,$009C7240]
          [4:$00BF50E0] 'sks.chasko39' [h=8CFB4546,$009A3E00]
          [5:$00BF50E8] 'sks.chasko46' [h=3B61508A,$0097CFE0]
          [6:$00BF50F0] 'sks.chasko43' [h=51B6BE9B,$00985D40]
          [7:$00BF50F8] 'sks.chasko45' [h=9EEB75F1,$0098BB60]
          [8:$00BF5100] 'sks.chasko44' [h=0ABB95F8,$00987960]
          [9:$00BF5108] 'sks.chasko40' [h=9DA74575,$00995580]
          [10:$00BF5110] 'sks.chasko42' [h=FE25F3F4,$0099F320]
          [11:$00BF5118] 'sks.chasko38' [h=D9E2D3F5,$00976F80]
          [12:$00BF5120] 'sks.chasko51' [h=C3488D54,$0098AAC0]
          [13:$00BF5128] 'sks.chasko35' [h=596DBD0F,$00985900]
          [14:$00BF5130] 'sks.chasko49' [h=2964EAC0,$0099F260]
          [15:$00BF5138] 'sks.chasko36' [h=B6FD7A15,$009848A0]
          [16:$00BF5140] 'sks.chasko48' [h=23097BC6,$009AA3E0]
        [Node$00BF9878] 'win' [h=00037FA2,$00983B40]: table$00980700[a=5,h=1]
          [0:$009F1A80] 'sks.chasko53' [h=BA9AD5F9,$009A2C80]
          [1:$009F1A88] 'sks.chasko56' [h=735BD84D,$0098DA40]
          [2:$009F1A90] 'sks.chasko55' [h=9405BB32,$00990E80]
          [3:$009F1A98] 'sks.chasko52' [h=DB7BC708,$0098B740]
          [4:$009F1AA0] 'sks.chasko54' [h=B75DA3B2,$00984B40]
        [Node$00BF988C] 'fail' [h=00749537,$009C51C0]: table$0097F8A0[a=5,h=1]
          [0:$009EECC0] 'sks.chasko34' [h=F44579BC,$0098CEA0]
          [1:$009EECC8] 'sks.chasko30' [h=2D654656,$0099A8E0]
          [2:$009EECD0] 'sks.chasko31' [h=FB4CE0EE,$009792A0]
          [3:$009EECD8] 'sks.chasko33' [h=480A7FFE,$0097E2C0]
          [4:$009EECE0] 'sks.chasko32' [h=5229BEA5,$0098D5A0]
      [Node$01BFB83C] 'sFuncNamePrefix' [h=24CFBE93,$00985DC0]: 'SW_challenge_Destroy01' [h=DD28ABBF,$009CBA00]
      [Node$01BFB850] 'sQuestionBoxWindowTitleKey' [h=0061E794,$00A00A00]: 'challenge.sw.destroy01.title' [h=CEC91AE7,$00A29F00]
      [Node$01BFB8C8] 'sStarterNameBase' [h=52BE0E9A,$009DF640]: 'SW_challenge_Destroy01' [h=DD28ABBF,$009CBA00]
      [Node$01BFB8DC] 'vReward' [h=18F9995B,$009C6E80]: function$009C4540 'SW_Challenge_Destroy01_Value' [h=4C0B1EB5,$00A25540]
        CONST$0098F820 k0  'SW_Challenge_Destroy01_Level' [h=8A63587D,$009E6D40]
        CONST$0098F828 k1  3.0
        CONST$0098F830 k2  10000.0
        CODE $009985E0
          000 00000005 GETGLOBAL r0 := _G[k0 ('SW_Challenge_Destroy01_Level' [h=8A63587D,$009E6D40])]
          001 00008099      CALL r0 (0 args) => 1 results
          002 007D8016       BLT k1 (3.0) < r0
          003 00800014       JMP +1 ; 5
          004 00000041     LOADK r0 := k1 (3.0)
          005 01003F0E       MUL r1 := r0 * k2 (10000.0)
          006 0101001B    RETURN r1 ... r1
          007 0000801B    RETURN r0 ... r-1
      [Node$01BFB8F0] 'bHonorFactionAttitude' [h=DB6D961C,$009FBAC0]: True
      [Node$01BFB918] 'sStarterLocation' [h=A151005E,$009FE200]: 'chal_destroy01_starter' [h=25A35CDB,$00A2B300]
      [Node$01BFB92C] 'tSpawnLocations' [h=D41B75DF,$009C5D20]: 'chal_destroy01_veh' [h=84E408BE,$009EEFC0]
      [Node$01BFB97C] 'sFuncNameHide' [h=E8C1E1A3,$009A23A0]: 'SW_challenge_Destroy01_Hide' [h=E11B2D07,$00A0EE80]
      [Node$01BFB990] 'tSpawned' [h=AEA598A4,$0099CC80]: table$009886E0[a=1,h=1]
      [Node$01BFB9E0] 'bStarterIsSpent' [h=5FEBD8E8,$009C7EE0]: nil
      [Node$01BFBA08] 'sFuncNameWaitForReinitOpportunity' [h=A476F72A,$00A0EDC0]: 'SW_challenge_Destroy01_WaitForReinitOpportunity' [h=0D457320,$009CE140]
      [Node$01BFBA44] 'tEventHandlesForSetup' [h=9B8DA62D,$00A02E00]: table$00987B00[a=0,h=8]
        [Node$00BFDC7C] 'hActorUsed' [h=3D7C228B,$009A45C0]: 1590.0
        [Node$00BFDC90] 'hActorIsHostileToward' [h=914DEC84,$00A10B00]: 1593.0
        [Node$00BFDCB8] 'hHitPointsLessThan' [h=4539B91F,$009E1F40]: 1592.0
        [Node$00BFDCCC] 'hActorSubdued' [h=04F004DF,$009A89C0]: 1591.0
      [Node$01BFBA58] 'sFuncNameEnd' [h=78C8606E,$009A8800]: 'SW_challenge_Destroy01_End' [h=BE813843,$00A0F100]
      [Node$01BFBA6C] 'sFuncNameSetupAiInNamedVehicle' [h=8879F6AF,$00A23C40]: 'SW_challenge_Destroy01_SetupAiInNamedVehicle' [h=849C7119,$00A32340]
      [Node$01BFBA80] 'tRules' [h=B5794570,$009C3D40]: table$009C7320[a=2,h=1]
        [0:$009575C0] table$0099BD20[a=0,h=4]
          [Node$00B2A2D4] 'sText' [h=11BDEAA9,$0099A6A0]: '[challenge.stat.timestart]' [h=E081EA66,$009D0940]
          [Node$00B2A2E8] 'vValue' [h=4822E3A2,$00996420]: '1:00' [h=00591E56,$0097DE40]
        [1:$009575C8] table$009C7960[a=0,h=2]
          [Node$009F2394] 'sText' [h=11BDEAA9,$0099A6A0]: '[challenge.rule.timeKillJeeps]' [h=E24B0630,$00A0C000]
      [Node$01BFBAD0] 'sFuncNameStarterSpawned' [h=6EFD36B4,$009FC280]: 'SW_challenge_Destroy01_StarterSpawned' [h=E501E32B,$00A076C0]
      [Node$01BFBAE4] 'nAnchorRange' [h=55F518DA,$009A80A0]: 10.0
      [Node$01BFBAF8] 'bQuestionBoxPauseGame' [h=10991576,$00A10F40]: True
      [Node$01BFBB0C] 'nAnchorStrength' [h=D1847F77,$009A5F20]: 0.8999999761581421
      [Node$01BFBB20] 'sFuncNameShow' [h=6964B278,$0097FB80]: 'SW_challenge_Destroy01_Show' [h=028AF0E4,$00A03340]
      [Node$01BFBB34] 'sCurrentChallengeStarter' [h=AFEC3F39,$00A01740]: 'SW_challenge_Destroy010' [h=68A47DDF,$00A0D580]
      [Node$01BFBB48] 'bIsSetup' [h=D7AB01C6,$00997540]: True
      [Node$01BFBB5C] 'sFuncOnStarterSpent' [h=4BD64963,$009E1900]: 'SW_challenge_Destroy01_OnStarterSpent' [h=8E17C15F,$00A05940]
      [Node$01BFBB70] 'sFuncNameReinit' [h=EC63489F,$00981FA0]: 'SW_challenge_Destroy01_Reinit' [h=98E7F745,$009D2040]
      [Node$01BFBB84] 'sFuncNameStart' [h=FF54EF6A,$009AA880]: 'SW_challenge_Destroy01_Start' [h=2473DFF5,$009EDFC0]
      [Node$01BFBB98] 'sFuncOnStarterBroken' [h=ED7F76E3,$009DD680]: 'SW_challenge_Destroy01_OnStarterBroken' [h=AC9B355F,$00A08C00]
      [Node$01BFBBAC] 'sStarterTemplate' [h=01757CDA,$009FFDC0]: 'template_sk_officer' [h=9784FBF5,$00A25480]
    [7:$00A975F8] table$0099EEC0[a=0,h=64]
      [Node$01C0C0E8] 'sChallengeScriptName' [h=8B569902,$009E2E40]: 'SW_challenge_destroy_dmz01' [h=275AD8E5,$009D6900]
      [Node$01C0C0FC] 'iLevel' [h=62597943,$0099BA60]: function$009798C0 'SW_challenge_destroy_dmz01_Level' [h=64BADBA6,$00A29D40]
      [Node$01C0C110] 'tFactionImprove' [h=9D08AFC4,$0099DE80]: table$009AA240[a=0,h=2]
        [Node$00A02DD4] 'allies' [h=B57F1C27,$009A61A0]: function$0098CCC0 'SW_challenge_destroy_dmz01_ImproveAllies' [h=2DBCFB25,$00A0A0C0]
      [Node$01C0C138] 'sFuncNameQuestionBox' [h=25D5C106,$00A25740]: 'SW_challenge_destroy_dmz01_QuestionBox' [h=161FB9E8,$00A24DC0]
      [Node$01C0C160] 'tGoals' [h=B6E9E608,$00999620]: table$00996740[a=2,h=1]
        [0:$00957550] table$009A5A20[a=0,h=4]
          [Node$00A82254] 'sText' [h=11BDEAA9,$0099A6A0]: '[challenge.goal.destroy]' [h=DBD3EA99,$00A3A040]
          [Node$00A82268] 'vValue' [h=4822E3A2,$00996420]: function$0097B640 'SW_challenge_destroy_dmz01_GoalDestroy' [h=4CD5468C,$00A02A00]
            CONST$009D3400 k0  'SW_challenge_destroy_dmz01_Level' [h=64BADBA6,$00A29D40]
            CONST$009D3408 k1  1.0
            CONST$009D3410 k2  2.0
            CONST$009D3418 k3  3.0
            CONST$009D3420 k4  5.0
            CODE $00A01200
              000 00000005 GETGLOBAL r0 := _G[k0 ('SW_challenge_destroy_dmz01_Level' [h=64BADBA6,$00A29D40])]
              001 00008099      CALL r0 (0 args) => 1 results
              002 00003ED5       BEQ r0 == k1 (1.0)
              003 00800094       JMP +3 ; 7
              004 01000041     LOADK r1 := k1 (1.0)
              005 0101001B    RETURN r1 ... r1
              006 00800194       JMP +7 ; 14
              007 00003F15       BEQ r0 == k2 (2.0)
              008 00800094       JMP +3 ; 12
              009 010000C1     LOADK r1 := k3 (3.0)
              010 0101001B    RETURN r1 ... r1
              011 00800054       JMP +2 ; 14
              012 01000101     LOADK r1 := k4 (5.0)
              013 0101001B    RETURN r1 ... r1
              014 0000801B    RETURN r0 ... r-1
        [1:$00957558] table$009C58A0[a=0,h=4]
          [Node$00B19C54] 'sText' [h=11BDEAA9,$0099A6A0]: '[challenge.goal.time]' [h=870BC923,$009F6980]
          [Node$00B19C68] 'vValue' [h=4822E3A2,$00996420]: function$009C7400 'SW_challenge_destroy_dmz01_GoalBestTime' [h=DB9D2CFA,$009D3640]
            CONST$00A82A40 k0  'SW_challenge_destroy_dmz01_Level' [h=64BADBA6,$00A29D40]
            CONST$00A82A48 k1  1.0
            CONST$00A82A50 k2  2.0
            CONST$00A82A58 k3  60.0
            CONST$00A82A60 k4  5.0
            CONST$00A82A68 k5  3.0
            CONST$00A82A70 k6  8.0
            CONST$00A82A78 k7  'challenge_StatGetFloat' [h=DF587491,$00A28A80]
            CONST$00A82A80 k8  'SW_challenge_destroy_dmz01' [h=275AD8E5,$009D6900]
            CONST$00A82A88 k9  'BestTime' [h=6B3D9C2E,$009A3E40]
            CONST$00A82A90 k10 'Global_SetValue' [h=AB0FD37C,$009777E0]
            CONST$00A82A98 k11 'nChallenge_Time' [h=5B2BF8FC,$00998F00]
            CONST$00A82AA0 k12 'Utility_SecondsToClock' [h=70859ABF,$00A416C0]
            CODE $00A9D5C0
              000 00000005 GETGLOBAL r0 := _G[k0 ('SW_challenge_destroy_dmz01_Level' [h=64BADBA6,$00A29D40])]
              001 00008099      CALL r0 (0 args) => 1 results
              002 01008003   LOADNIL r1 ... r1
              003 00003ED5       BEQ r0 == k1 (1.0)
              004 00800054       JMP +2 ; 7
              005 017E3F4E       MUL r1 := k2 (2.0) * k3 (60.0)
              006 00800354       JMP +14 ; 21
              007 00003F15       BEQ r0 == k2 (2.0)
              008 00800054       JMP +2 ; 11
              009 017F3F4E       MUL r1 := k4 (5.0) * k3 (60.0)
              010 00800254       JMP +10 ; 21
              011 00003FD5       BEQ r0 == k5 (3.0)
              012 00800054       JMP +2 ; 15
              013 01803F4E       MUL r1 := k6 (8.0) * k3 (60.0)
              014 00800154       JMP +6 ; 21
              015 020001C5 GETGLOBAL r2 := _G[k7 ('challenge_StatGetFloat' [h=DF587491,$00A28A80])]
              016 03000201     LOADK r3 := k8 ('SW_challenge_destroy_dmz01' [h=275AD8E5,$009D6900])
              017 04000241     LOADK r4 := k9 ('BestTime' [h=6B3D9C2E,$009A3E40])
              018 057EC00E       MUL r5 := k3 (60.0) * k6 (8.0)
              019 02020099      CALL r2 (3 args) => 1 results
              020 01010000      MOVE r1 := r2
              021 02000285 GETGLOBAL r2 := _G[k10 ('Global_SetValue' [h=AB0FD37C,$009777E0])]
              022 030002C1     LOADK r3 := k11 ('nChallenge_Time' [h=5B2BF8FC,$00998F00])
              023 04008000      MOVE r4 := r1
              024 02018059      CALL r2 (2 args) => 0 results
              025 02000305 GETGLOBAL r2 := _G[k12 ('Utility_SecondsToClock' [h=70859ABF,$00A416C0])]
              026 03008000      MOVE r3 := r1
              027 0201001A  TAILCALL r2 (1 args)
              028 0200001B    RETURN r2 ... r0
              029 0000801B    RETURN r0 ... r-1
      [Node$01C0C174] 'sQuestionBoxInsideTextKey' [h=FCDCE389,$009E6FC0]: '[challenge.SW_challenge_destroy_dmz01.description]' [h=F001815F,$00B217C0]
      [Node$01C0C188] 'bEnableHornResponse' [h=5B97130A,$009E4C40]: False
      [Node$01C0C1B0] 'tSpawnTemplates' [h=82D7E10C,$009894E0]: 'template_allies_humvee_empty' [h=8CD06759,$00A06F40]
      [Node$01C0C228] 'tVO' [h=0002CD12,$0098AA80]: table$0098EF20[a=0,h=8]
        [Node$00BF44E8] 'bait' [h=00792FE2,$00981060]: table$009C5E40[a=5,h=1]
          [0:$009FCC00] 'aso.chaaso25' [h=25EAECA0,$0098CE80]
          [1:$009FCC08] 'aso.chaaso23' [h=5FA67716,$0098BE60]
          [2:$009FCC10] 'aso.chaaso27' [h=C37D53BB,$0099F4E0]
          [3:$009FCC18] 'aso.chaaso29' [h=A1C354BE,$00983FA0]
          [4:$009FCC20] 'aso.chaaso24' [h=881DA9CF,$0098F200]
        [Node$00BF44FC] 'question' [h=7C781DBB,$009A79A0]: table$00993940[a=7,h=1]
          [0:$009DC4C0] 'aso.chaaso18' [h=392190A2,$00988360]
          [1:$009DC4C8] 'aso.chaaso21' [h=8709A54E,$0097A7E0]
          [2:$009DC4D0] 'aso.chaaso16' [h=D51ED816,$0097BD40]
          [3:$009DC4D8] 'aso.chaaso15' [h=509886F6,$0098A1E0]
          [4:$009DC4E0] 'aso.chaaso17' [h=053889AE,$00988280]
          [5:$009DC4E8] 'aso.chaaso13' [h=9108F52A,$00999380]
          [6:$009DC4F0] 'aso.chaaso14' [h=1A53B250,$0097AF80]
        [Node$00BF4510] 'start' [h=11BCD3FC,$009A4EA0]: table$009C5840[a=20,h=1]
          [0:$00BFD100] 'aso.chaaso47' [h=11E1CF31,$0098C020]
          [1:$00BFD108] 'aso.chaaso41' [h=BAC53E30,$00993C00]
          [2:$00BFD110] 'aso.chaaso51' [h=53CD7E39,$0098EDA0]
          [3:$00BFD118] 'aso.chaaso50' [h=B0282B35,$00998820]
          [4:$00BFD120] 'aso.chaaso37' [h=3CA3DA72,$0099BAE0]
          [5:$00BFD128] 'aso.chaaso39' [h=48D322F7,$00984BE0]
          [6:$00BFD130] 'aso.chaaso43' [h=4D8D46DF,$009A1660]
          [7:$00BFD138] 'aso.chaaso45' [h=D03DC34F,$0098A4C0]
          [8:$00BFD140] 'aso.chaaso40' [h=FD0FBE12,$00978600]
          [9:$00BFD148] 'aso.chaaso49' [h=8A6ADF80,$00990900]
          [10:$00BFD150] 'aso.chaaso42' [h=68886CBF,$00979A20]
          [11:$00BFD158] 'aso.chaaso38' [h=4512B8D1,$0097B020]
          [12:$00BFD160] 'aso.chaaso35' [h=85E6788B,$0098AF00]
          [13:$00BFD168] 'aso.chaaso46' [h=3CA3C473,$00994900]
          [14:$00BFD170] 'aso.chaaso44' [h=44E36612,$009A2420]
          [15:$00BFD178] 'aso.chaaso36' [h=0546783A,$009AB740]
          [16:$00BFD180] 'aso.chaaso48' [h=6A2249C9,$009949A0]
        [Node$00BF4538] 'win' [h=00037FA2,$00983B40]: table$00978940[a=5,h=1]
          [0:$009F4680] 'aso.chaaso54' [h=9B27672C,$00995C80]
          [1:$009F4688] 'aso.chaaso53' [h=6A5B8E0C,$009C5100]
          [2:$009F4690] 'aso.chaaso56' [h=DB283289,$0099BD60]
          [3:$009F4698] 'aso.chaaso55' [h=220BA769,$0099D320]
          [4:$009F46A0] 'aso.chaaso52' [h=161FF83D,$00987820]
        [Node$00BF454C] 'fail' [h=00749537,$009C51C0]: table$00978860[a=5,h=1]
          [0:$00A40EC0] 'aso.chaaso34' [h=33E739BD,$0097D2E0]
          [1:$00A40EC8] 'aso.chaaso33' [h=AB8E3611,$00999F00]
          [2:$00A40ED0] 'aso.chaaso30' [h=8213A2E9,$00996860]
          [3:$00A40ED8] 'aso.chaaso31' [h=E82D2463,$00986C60]
          [4:$00A40EE0] 'aso.chaaso32' [h=6839EA37,$0097B6C0]
      [Node$01C0C23C] 'sFuncNamePrefix' [h=24CFBE93,$00985DC0]: 'SW_challenge_destroy_dmz01' [h=275AD8E5,$009D6900]
      [Node$01C0C250] 'sQuestionBoxWindowTitleKey' [h=0061E794,$00A00A00]: 'challenge.SW_challenge_destroy_dmz01.title' [h=E306CDB3,$00A0ABC0]
      [Node$01C0C2C8] 'sStarterTemplate' [h=01757CDA,$009FFDC0]: 'template_allies_officer' [h=0113077B,$00A2B5C0]
      [Node$01C0C2DC] 'vReward' [h=18F9995B,$009C6E80]: function$00997800 'SW_challenge_destroy_dmz01_Value' [h=542D28D5,$00A06780]
      [Node$01C0C2F0] 'bHonorFactionAttitude' [h=DB6D961C,$009FBAC0]: True
      [Node$01C0C318] 'sStarterLocation' [h=A151005E,$009FE200]: 'SW_challenge_destroy_dmz01_starter' [h=66EFDCA6,$009D9980]
      [Node$01C0C32C] 'tSpawnLocations' [h=D41B75DF,$009C5D20]: 'SW_challenge_destroy_dmz01_veh' [h=0DCF6F86,$009F1E00]
      [Node$01C0C37C] 'sFuncOnStarterSpent' [h=4BD64963,$009E1900]: 'SW_challenge_destroy_dmz01_OnStarterSpent' [h=D0161C54,$009DCF80]
      [Node$01C0C390] 'tSpawned' [h=AEA598A4,$0099CC80]: table$00995B60[a=1,h=1]
      [Node$01C0C408] 'sFuncNameStart' [h=FF54EF6A,$009AA880]: 'SW_challenge_destroy_dmz01_Start' [h=E22E4BAF,$009DB340]
      [Node$01C0C444] 'tEventHandlesForSetup' [h=9B8DA62D,$00A02E00]: table$00995320[a=0,h=8]
        [Node$00BF23FC] 'hActorUsed' [h=3D7C228B,$009A45C0]: 1594.0
        [Node$00BF2410] 'hActorIsHostileToward' [h=914DEC84,$00A10B00]: 1597.0
        [Node$00BF2438] 'hHitPointsLessThan' [h=4539B91F,$009E1F40]: 1596.0
        [Node$00BF244C] 'hActorSubdued' [h=04F004DF,$009A89C0]: 1595.0
      [Node$01C0C458] 'sFuncNameEnd' [h=78C8606E,$009A8800]: 'SW_challenge_destroy_dmz01_End' [h=F7D0E0B5,$009DC0C0]
      [Node$01C0C46C] 'sFuncNameSetupAiInNamedVehicle' [h=8879F6AF,$00A23C40]: 'SW_challenge_destroy_dmz01_SetupAiInNamedVehicle' [h=4E01A22A,$00B19BC0]
      [Node$01C0C4D0] 'sFuncNameStarterSpawned' [h=6EFD36B4,$009FC280]: 'SW_challenge_destroy_dmz01_StarterSpawned' [h=5ACFD84B,$00A0BF40]
      [Node$01C0C4E4] 'nAnchorRange' [h=55F518DA,$009A80A0]: 10.0
      [Node$01C0C4F8] 'bQuestionBoxPauseGame' [h=10991576,$00A10F40]: True
      [Node$01C0C50C] 'nAnchorStrength' [h=D1847F77,$009A5F20]: 0.8999999761581421
      [Node$01C0C520] 'sFuncNameShow' [h=6964B278,$0097FB80]: 'SW_challenge_destroy_dmz01_Show' [h=0FEDD008,$009F3B00]
      [Node$01C0C534] 'sCurrentChallengeStarter' [h=AFEC3F39,$00A01740]: 'SW_challenge_destroy_dmz01_0' [h=10229CDC,$009CBF00]
      [Node$01C0C548] 'bIsSetup' [h=D7AB01C6,$00997540]: True
      [Node$01C0C55C] 'sFuncNameHide' [h=E8C1E1A3,$009A23A0]: 'SW_challenge_destroy_dmz01_Hide' [h=2910FD60,$00A03700]
      [Node$01C0C570] 'sFuncNameWaitForReinitOpportunity' [h=A476F72A,$00A0EDC0]: 'SW_challenge_destroy_dmz01_WaitForReinitOpportunity' [h=BC84EB50,$00ABECC0]
      [Node$01C0C584] 'sFuncOnStarterBroken' [h=ED7F76E3,$009DD680]: 'SW_challenge_destroy_dmz01_OnStarterBroken' [h=786F44DF,$009F5480]
      [Node$01C0C598] 'sFuncNameReinit' [h=EC63489F,$00981FA0]: 'SW_challenge_destroy_dmz01_Reinit' [h=249FB62F,$009D8380]
      [Node$01C0C5AC] 'sStarterNameBase' [h=52BE0E9A,$009DF640]: 'SW_challenge_destroy_dmz01_' [h=6467FEC5,$00A031C0]
    [8:$00A97600] table$00980CC0[a=0,h=64]
      [Node$01C1F3E8] 'sChallengeScriptName' [h=8B569902,$009E2E40]: 'SW_challenge_destroy_hae_01' [h=8044860B,$00A0EE00]
      [Node$01C1F3FC] 'iLevel' [h=62597943,$0099BA60]: function$009C5300 'SW_challenge_destroy_hae_01_Level' [h=242C45A1,$009D55C0]
        CONST$00A40D00 k0  'Utility_ReadNumberFromScribbleMemory' [h=2BB92038,$00A00C80]
        CONST$00A40D08 k1  'SW_challenge_destroy_hae_01_Level' [h=242C45A1,$009D55C0]
        CONST$00A40D10 k2  nil
        CONST$00A40D18 k3  1.0
        CONST$00A40D20 k4  'Utility_WriteNumberToScribbleMemory' [h=DCF55147,$009DC740]
        CODE $009F5000
          000 00000005 GETGLOBAL r0 := _G[k0 ('Utility_ReadNumberFromScribbleMemory' [h=2BB92038,$00A00C80])]
          001 01000041     LOADK r1 := k1 ('SW_challenge_destroy_hae_01_Level' [h=242C45A1,$009D55C0])
          002 00010099      CALL r0 (1 args) => 1 results
          003 00003F15       BEQ r0 == k2 (nil)
          004 00800114       JMP +5 ; 10
          005 000000C1     LOADK r0 := k3 (1.0)
          006 01000105 GETGLOBAL r1 := _G[k4 ('Utility_WriteNumberToScribbleMemory' [h=DCF55147,$009DC740])]
          007 02000041     LOADK r2 := k1 ('SW_challenge_destroy_hae_01_Level' [h=242C45A1,$009D55C0])
          008 03000000      MOVE r3 := r0
          009 01018059      CALL r1 (2 args) => 0 results
          010 0001001B    RETURN r0 ... r0
          011 0000801B    RETURN r0 ... r-1
      [Node$01C1F410] 'tFactionImprove' [h=9D08AFC4,$0099DE80]: table$0099D280[a=0,h=2]
        [Node$009FF600] 'china' [h=1129D14E,$009A6060]: function$009A2F80 'SW_challenge_destroy_hae_01_ImproveChina' [h=6FA333BD,$00A06A00]
          CONST$0099BAC0 k0  'SW_challenge_destroy_hae_01_Level' [h=242C45A1,$009D55C0]
          CONST$0099BAC8 k1  1.0
          CONST$0099BAD0 k2  3.0
          CONST$0099BAD8 k3  5.0
          CODE $00A40BC0
            000 00000005 GETGLOBAL r0 := _G[k0 ('SW_challenge_destroy_hae_01_Level' [h=242C45A1,$009D55C0])]
            001 00008099      CALL r0 (0 args) => 1 results
            002 00003ECD       SUB r0 := r0 - k1 (1.0)
            003 007E0016       BLT k2 (3.0) < r0
            004 00800014       JMP +1 ; 6
            005 00000081     LOADK r0 := k2 (3.0)
            006 01003F4E       MUL r1 := r0 * k3 (5.0)
            007 0101001B    RETURN r1 ... r1
            008 0000801B    RETURN r0 ... r-1
      [Node$01C1F438] 'bIsSetup' [h=D7AB01C6,$00997540]: True
      [Node$01C1F460] 'tGoals' [h=B6E9E608,$00999620]: table$009C5E20[a=2,h=1]
        [0:$00957570] table$00995700[a=0,h=4]
          [Node$00ABB1D4] 'sText' [h=11BDEAA9,$0099A6A0]: '[challenge.goal.subdueMinimum]' [h=EB33097E,$009DD780]
          [Node$00ABB1E8] 'vValue' [h=4822E3A2,$00996420]: function$009909E0 'SW_challenge_destroy_hae_01_GoalSubdue' [h=EB7977FB,$009E7340]
            CONST$00A2C240 k0  'SW_challenge_destroy_hae_01_Level' [h=242C45A1,$009D55C0]
            CONST$00A2C248 k1  7.0
            CONST$00A2C250 k2  1.0
            CONST$00A2C258 k3  3.0
            CONST$00A2C260 k4  2.0
            CONST$00A2C268 k5  5.0
            CONST$00A2C270 k6  'Global_SetValue' [h=AB0FD37C,$009777E0]
            CONST$00A2C278 k7  'iChallenge_SubdueGoal' [h=303056E2,$00A0AD00]
            CODE $009DEB80
              000 00000005 GETGLOBAL r0 := _G[k0 ('SW_challenge_destroy_hae_01_Level' [h=242C45A1,$009D55C0])]
              001 00008099      CALL r0 (0 args) => 1 results
              002 01000041     LOADK r1 := k1 (7.0)
              003 00003F15       BEQ r0 == k2 (1.0)
              004 00800054       JMP +2 ; 7
              005 010000C1     LOADK r1 := k3 (3.0)
              006 00800094       JMP +3 ; 10
              007 00003F95       BEQ r0 == k4 (2.0)
              008 00800014       JMP +1 ; 10
              009 01000141     LOADK r1 := k5 (5.0)
              010 02000185 GETGLOBAL r2 := _G[k6 ('Global_SetValue' [h=AB0FD37C,$009777E0])]
              011 030001C1     LOADK r3 := k7 ('iChallenge_SubdueGoal' [h=303056E2,$00A0AD00])
              012 04008000      MOVE r4 := r1
              013 02018059      CALL r2 (2 args) => 0 results
              014 0101001B    RETURN r1 ... r1
              015 0000801B    RETURN r0 ... r-1
        [1:$00957578] table$00998280[a=0,h=4]
          [Node$00AA8D54] 'sText' [h=11BDEAA9,$0099A6A0]: '[challenge.goal.time]' [h=870BC923,$009F6980]
          [Node$00AA8D68] 'vValue' [h=4822E3A2,$00996420]: function$00987FA0 'SW_challenge_destroy_hae_01_GoalBestTime' [h=D522AD62,$00A03B00]
            CONST$00A81E40 k0  60.0
            CONST$00A81E48 k1  2.5
            CONST$00A81E50 k2  'SW_challenge_destroy_hae_01_Level' [h=242C45A1,$009D55C0]
            CONST$00A81E58 k3  3.0
            CONST$00A81E60 k4  'challenge_StatGetFloat' [h=DF587491,$00A28A80]
            CONST$00A81E68 k5  'SW_challenge_destroy_hae_01' [h=8044860B,$00A0EE00]
            CONST$00A81E70 k6  'BestTime' [h=6B3D9C2E,$009A3E40]
            CONST$00A81E78 k7  'Global_SetValue' [h=AB0FD37C,$009777E0]
            CONST$00A81E80 k8  'nChallenge_Time' [h=5B2BF8FC,$00998F00]
            CONST$00A81E88 k9  'Utility_SecondsToClock' [h=70859ABF,$00A416C0]
            CODE $00B1BDC0
              000 007D3ECE       MUL r0 := k0 (60.0) * k1 (2.5)
              001 01000085 GETGLOBAL r1 := _G[k2 ('SW_challenge_destroy_hae_01_Level' [h=242C45A1,$009D55C0])]
              002 01008099      CALL r1 (0 args) => 1 results
              003 007E8056       BLT k3 (3.0) < r1
              004 00800154       JMP +6 ; 11
              005 01000105 GETGLOBAL r1 := _G[k4 ('challenge_StatGetFloat' [h=DF587491,$00A28A80])]
              006 02000141     LOADK r2 := k5 ('SW_challenge_destroy_hae_01' [h=8044860B,$00A0EE00])
              007 03000181     LOADK r3 := k6 ('BestTime' [h=6B3D9C2E,$009A3E40])
              008 04000000      MOVE r4 := r0
              009 01020099      CALL r1 (3 args) => 1 results
              010 00008000      MOVE r0 := r1
              011 010001C5 GETGLOBAL r1 := _G[k7 ('Global_SetValue' [h=AB0FD37C,$009777E0])]
              012 02000201     LOADK r2 := k8 ('nChallenge_Time' [h=5B2BF8FC,$00998F00])
              013 03000000      MOVE r3 := r0
              014 01018059      CALL r1 (2 args) => 0 results
              015 01000245 GETGLOBAL r1 := _G[k9 ('Utility_SecondsToClock' [h=70859ABF,$00A416C0])]
              016 02000000      MOVE r2 := r0
              017 0101001A  TAILCALL r1 (1 args)
              018 0100001B    RETURN r1 ... r-1
              019 0000801B    RETURN r0 ... r-1
      [Node$01C1F474] 'sQuestionBoxInsideTextKey' [h=FCDCE389,$009E6FC0]: '[challenge.SW_challenge_destroy_hae_01.description]' [h=A3427970,$00AC3D40]
      [Node$01C1F488] 'bEnableHornResponse' [h=5B97130A,$009E4C40]: False
      [Node$01C1F528] 'tVO' [h=0002CD12,$0098AA80]: table$009ABC60[a=0,h=8]
        [Node$00BF42A8] 'bait' [h=00792FE2,$00981060]: table$009908E0[a=5,h=1]
          [0:$009EE080] 'cso.chacso26' [h=DD4D9F68,$00987620]
          [1:$009EE088] 'cso.chacso25' [h=0E62B14C,$009A8E80]
          [2:$009EE090] 'cso.chacso24' [h=532D3E5D,$009A4420]
          [3:$009EE098] 'cso.chacso22' [h=76A61CF5,$00984C80]
          [4:$009EE0A0] 'cso.chacso23' [h=4ADCC255,$00991360]
        [Node$00BF42BC] 'question' [h=7C781DBB,$009A79A0]: table$0098DB20[a=7,h=1]
          [0:$009F3F40] 'cso.chacso18' [h=7A6C5299,$009934E0]
          [1:$009F3F48] 'cso.chacso19' [h=0E5828A0,$009967A0]
          [2:$009F3F50] 'cso.chacso21' [h=6BB03907,$009936A0]
          [3:$009F3F58] 'cso.chacso16' [h=EFCF46CB,$00999720]
          [4:$009F3F60] 'cso.chacso15' [h=6F2B76E3,$00981900]
          [5:$009F3F68] 'cso.chacso13' [h=99F1D56A,$0099B2E0]
          [6:$009F3F70] 'cso.chacso17' [h=314CA820,$009975C0]
        [Node$00BF42D0] 'start' [h=11BCD3FC,$009A4EA0]: table$009A2080[a=12,h=1]
          [0:$00B29C40] 'cso.chacso37' [h=17D12DAD,$009C5A60]
          [1:$00B29C48] 'cso.chacso38' [h=02526811,$009831C0]
          [2:$00B29C50] 'cso.chacso39' [h=2ABB7685,$0098F580]
          [3:$00B29C58] 'cso.chacso40' [h=FBABE433,$0098D720]
          [4:$00B29C60] 'cso.chacso41' [h=2399A6FE,$0098C8A0]
          [5:$00B29C68] 'cso.chacso46' [h=0636FE4E,$00995880]
          [6:$00B29C70] 'cso.chacso47' [h=C4C9C0F8,$00993420]
          [7:$00B29C78] 'cso.chacso48' [h=ED9BECD8,$009793A0]
          [8:$00B29C80] 'cso.chacso49' [h=E921F394,$009C6F40]
          [9:$00B29C88] 'cso.chacso50' [h=8A03F74A,$00987E20]
          [10:$00B29C90] 'cso.chacso51' [h=1FA811CE,$009C4500]
        [Node$00BF42F8] 'win' [h=00037FA2,$00983B40]: table$00980EE0[a=4,h=1]
          [0:$0099FCA0] 'cso.chacso53' [h=2CF1FF0E,$009919A0]
          [1:$0099FCA8] 'cso.chacso56' [h=3D9929DD,$009ABFE0]
          [2:$0099FCB0] 'cso.chacso55' [h=5341BA9C,$00982A80]
          [3:$0099FCB8] 'cso.chacso52' [h=C119DB4C,$0098BB00]
        [Node$00BF430C] 'fail' [h=00749537,$009C51C0]: table$00998FA0[a=5,h=1]
          [0:$00A13600] 'cso.chacso34' [h=F6A840F6,$00992020]
          [1:$00A13608] 'cso.chacso30' [h=6E6731A7,$00992600]
          [2:$00A13610] 'cso.chacso31' [h=DFDF8A52,$0099B6E0]
          [3:$00A13618] 'cso.chacso33' [h=B0BD923C,$0097D6E0]
          [4:$00A13620] 'cso.chacso32' [h=54E91B88,$00995AE0]
      [Node$01C1F53C] 'sFuncNamePrefix' [h=24CFBE93,$00985DC0]: 'SW_challenge_destroy_hae_01' [h=8044860B,$00A0EE00]
      [Node$01C1F550] 'sQuestionBoxWindowTitleKey' [h=0061E794,$00A00A00]: 'challenge.SW_challenge_destroy_hae_01.title' [h=2B7B181A,$009EF180]
      [Node$01C1F5C8] 'sStarterTemplate' [h=01757CDA,$009FFDC0]: 'template_china_officer' [h=8A1A593E,$00A3B800]
      [Node$01C1F5DC] 'vReward' [h=18F9995B,$009C6E80]: 5000.0
      [Node$01C1F5F0] 'bHonorFactionAttitude' [h=DB6D961C,$009FBAC0]: True
      [Node$01C1F618] 'sStarterLocation' [h=A151005E,$009FE200]: 'SW_challenge_destroy_hae_01_starter' [h=735DCE9E,$00A2D700]
      [Node$01C1F62C] 'sFuncNameReinit' [h=EC63489F,$00981FA0]: 'SW_challenge_destroy_hae_01_Reinit' [h=5682C653,$009FAAC0]
      [Node$01C1F67C] 'sFuncOnStarterBroken' [h=ED7F76E3,$009DD680]: 'SW_challenge_destroy_hae_01_OnStarterBroken' [h=B48B992E,$009D7EC0]
      [Node$01C1F6A4] 'vRewardPost' [h=14C81DE5,$00982180]: '[challenge.SW_challenge_destroy_hae_01.bonus]' [h=4022CA9D,$009F2300]
      [Node$01C1F708] 'sFuncNameStart' [h=FF54EF6A,$009AA880]: 'SW_challenge_destroy_hae_01_Start' [h=9E53103B,$009CDC00]
      [Node$01C1F744] 'tEventHandlesForSetup' [h=9B8DA62D,$00A02E00]: table$00993580[a=0,h=8]
        [Node$00BBBEA8] 'hHitPointsLessThan' [h=4539B91F,$009E1F40]: 1600.0
        [Node$00BBBEBC] 'hActorUsed' [h=3D7C228B,$009A45C0]: 1598.0
        [Node$00BBBED0] 'hActorIsHostileToward' [h=914DEC84,$00A10B00]: 1601.0
        [Node$00BBBEE4] 'hHitPointsLessThanDependentActor1' [h=C549A8A4,$00A30E40]: 1602.0
        [Node$00BBBEF8] 'hHitPointsLessThanDependentActor2' [h=255F0C2E,$009FE280]: 1603.0
        [Node$00BBBF0C] 'hActorSubdued' [h=04F004DF,$009A89C0]: 1599.0
      [Node$01C1F758] 'sFuncNameEnd' [h=78C8606E,$009A8800]: 'SW_challenge_destroy_hae_01_End' [h=5F8C2320,$00A00980]
      [Node$01C1F76C] 'sFuncNameSetupAiInNamedVehicle' [h=8879F6AF,$00A23C40]: 'SW_challenge_destroy_hae_01_SetupAiInNamedVehicle' [h=B6A3DF5E,$00B196C0]
      [Node$01C1F7D0] 'sFuncNameStarterSpawned' [h=6EFD36B4,$009FC280]: 'SW_challenge_destroy_hae_01_StarterSpawned' [h=2DB294BA,$009F97C0]
      [Node$01C1F7E4] 'sFuncOnStarterSpent' [h=4BD64963,$009E1900]: 'SW_challenge_destroy_hae_01_OnStarterSpent' [h=DC301DB2,$00A0A640]
      [Node$01C1F7F8] 'bQuestionBoxPauseGame' [h=10991576,$00A10F40]: True
      [Node$01C1F80C] 'nAnchorStrength' [h=D1847F77,$009A5F20]: 0.8999999761581421
      [Node$01C1F820] 'sFuncNameShow' [h=6964B278,$0097FB80]: 'SW_challenge_destroy_hae_01_Show' [h=0E8BB8FB,$009D8A40]
      [Node$01C1F834] 'sCurrentChallengeStarter' [h=AFEC3F39,$00A01740]: 'SW_challenge_destroy_hae_01_0' [h=007A0357,$00A06D40]
      [Node$01C1F848] 'nAnchorRange' [h=55F518DA,$009A80A0]: 10.0
      [Node$01C1F85C] 'sFuncNameHide' [h=E8C1E1A3,$009A23A0]: 'SW_challenge_destroy_hae_01_Hide' [h=49C1A816,$00A00400]
      [Node$01C1F870] 'sFuncNameQuestionBox' [h=25D5C106,$00A25740]: 'SW_challenge_destroy_hae_01_QuestionBox' [h=A09056A2,$009D18C0]
      [Node$01C1F884] 'sFuncNameWaitForReinitOpportunity' [h=A476F72A,$00A0EDC0]: 'SW_challenge_destroy_hae_01_WaitForReinitOpportunity' [h=1682F971,$00B1B840]
      [Node$01C1F898] 'tDependentActors' [h=AFB3932D,$009FC440]: table$0097C180[a=2,h=1]
        [0:$00957580] 'poi_haeju_refinery01' [h=A38449D6,$009FB840]
        [1:$00957588] 'poi_haeju_refinery02' [h=AD0DEE8A,$009EE200]
      [Node$01C1F8AC] 'sStarterNameBase' [h=52BE0E9A,$009DF640]: 'SW_challenge_destroy_hae_01_' [h=4088ED55,$009E2DC0]
    [9:$00A97608] table$0098C740[a=0,h=32]
      [Node$00D930E8] 'sChallengeScriptName' [h=8B569902,$009E2E40]: 'SW_challenge_Deliver01' [h=56D901A5,$009D9380]
      [Node$00D930FC] 'sFuncNameHide' [h=E8C1E1A3,$009A23A0]: 'SW_challenge_Deliver01_Hide' [h=092279B7,$00A40DC0]
      [Node$00D93110] 'tFactionImprove' [h=9D08AFC4,$0099DE80]: table$009C3AE0[a=0,h=2]
        [Node$009D9B94] 'allies' [h=B57F1C27,$009A61A0]: 20.0
      [Node$00D93124] 'bIsSetup' [h=D7AB01C6,$00997540]: True
      [Node$00D93138] 'sFuncNameQuestionBox' [h=25D5C106,$00A25740]: 'SW_challenge_Deliver01_QuestionBox' [h=D4A5A891,$009F9100]
      [Node$00D9314C] 'tSpawned' [h=AEA598A4,$0099CC80]: table$0099C8E0[a=8,h=1]
      [Node$00D93160] 'bStarterIsSpent' [h=5FEBD8E8,$009C7EE0]: nil
      [Node$00D93174] 'sQuestionBoxInsideTextKey' [h=FCDCE389,$009E6FC0]: '[challenge.sw.Deliver01.description]' [h=2774AF83,$00A09740]
      [Node$00D93188] 'sFuncNameStart' [h=FF54EF6A,$009AA880]: 'SW_challenge_Deliver01_Start' [h=4E28F93E,$00A0DC80]
      [Node$00D9319C] 'tEventHandlesForSetup' [h=9B8DA62D,$00A02E00]: table$0099F000[a=0,h=4]
        [Node$00AB4640] 'hAiInNamedVehicle0' [h=BDA1E5D0,$009DEC80]: 1604.0
        [Node$00AB4668] 'hActorToVectorProximity' [h=5EDEF380,$00A00A80]: 1606.0
        [Node$00AB467C] 'hHitPointsLessThan' [h=4539B91F,$009E1F40]: 1605.0
      [Node$00D931B0] 'tSpawnTemplates' [h=82D7E10C,$009894E0]: table$0098A300[a=5,h=1]
        [0:$00A08AC0] 'template_nk_sa8sam' [h=24D9A216,$009F1C40]
        [1:$00A08AC8] 'template_nk_sa8sam' [h=24D9A216,$009F1C40]
        [2:$00A08AD0] 'template_nk_sa8sam' [h=24D9A216,$009F1C40]
        [3:$00A08AD8] 'template_nk_sa8sam' [h=24D9A216,$009F1C40]
        [4:$00A08AE0] 'template_nk_sa8sam' [h=24D9A216,$009F1C40]
      [Node$00D931C4] 'tFactionHarm' [h=4F9D736D,$0099EF20]: table$00980920[a=0,h=1]
      [Node$00D931D8] 'sFuncNameEnd' [h=78C8606E,$009A8800]: 'SW_challenge_Deliver01_End' [h=5CDF969D,$009E9CC0]
      [Node$00D931EC] 'sFuncNameSetupAiInNamedVehicle' [h=8879F6AF,$00A23C40]: 'SW_challenge_Deliver01_SetupAiInNamedVehicle' [h=79A09D62,$009DA180]
      [Node$00D93200] 'sFuncNameStarterSpawned' [h=6EFD36B4,$009FC280]: 'SW_challenge_Deliver01_StarterSpawned' [h=59A3343C,$00A0BB80]
      [Node$00D93214] 'sFuncOnStarterBroken' [h=ED7F76E3,$009DD680]: 'SW_challenge_Deliver01_OnStarterBroken' [h=C0C32CC0,$00A0B280]
      [Node$00D93228] 'tVO' [h=0002CD12,$0098AA80]: table$009A91C0[a=0,h=8]
        [Node$00C053A8] 'bait' [h=00792FE2,$00981060]: table$00988660[a=10,h=1]
          [0:$00B2A240] 'aso.chaaso10' [h=E17D8C05,$0098E860]
          [1:$00B2A248] 'aso.chaaso11' [h=DC897320,$00994940]
          [2:$00B2A250] 'aso.chaaso12' [h=4433F600,$0098A100]
          [3:$00B2A258] 'aso.chaaso13' [h=9108F52A,$00999380]
          [4:$00B2A260] 'aso.chaaso14' [h=1A53B250,$0097AF80]
          [5:$00B2A268] 'aso.chaaso15' [h=509886F6,$0098A1E0]
          [6:$00B2A270] 'aso.chaaso16' [h=D51ED816,$0097BD40]
          [7:$00B2A278] 'aso.chaaso17' [h=053889AE,$00988280]
          [8:$00B2A280] 'aso.chaaso18' [h=392190A2,$00988360]
          [9:$00B2A288] 'aso.chaaso19' [h=F34895F1,$0098BFC0]
        [Node$00C053BC] 'question' [h=7C781DBB,$009A79A0]: table$00992C80[a=10,h=1]
          [0:$00B1B7C0] 'aso.chaaso10' [h=E17D8C05,$0098E860]
          [1:$00B1B7C8] 'aso.chaaso11' [h=DC897320,$00994940]
          [2:$00B1B7D0] 'aso.chaaso12' [h=4433F600,$0098A100]
          [3:$00B1B7D8] 'aso.chaaso13' [h=9108F52A,$00999380]
          [4:$00B1B7E0] 'aso.chaaso14' [h=1A53B250,$0097AF80]
          [5:$00B1B7E8] 'aso.chaaso15' [h=509886F6,$0098A1E0]
          [6:$00B1B7F0] 'aso.chaaso16' [h=D51ED816,$0097BD40]
          [7:$00B1B7F8] 'aso.chaaso17' [h=053889AE,$00988280]
          [8:$00B1B800] 'aso.chaaso18' [h=392190A2,$00988360]
          [9:$00B1B808] 'aso.chaaso19' [h=F34895F1,$0098BFC0]
        [Node$00C053D0] 'start' [h=11BCD3FC,$009A4EA0]: table$00980200[a=3,h=1]
          [0:$0098CA40] 'aso.chaaso37' [h=3CA3DA72,$0099BAE0]
          [1:$0098CA48] 'aso.chaaso38' [h=4512B8D1,$0097B020]
          [2:$0098CA50] 'aso.chaaso44' [h=44E36612,$009A2420]
        [Node$00C053F8] 'win' [h=00037FA2,$00983B40]: table$00985E80[a=2,h=1]
          [0:$00957560] 'aso.chaaso52' [h=161FF83D,$00987820]
          [1:$00957568] 'aso.chaaso56' [h=DB283289,$0099BD60]
        [Node$00C0540C] 'fail' [h=00749537,$009C51C0]: table$00994200[a=5,h=1]
          [0:$00A0A240] 'aso.chaaso30' [h=8213A2E9,$00996860]
          [1:$00A0A248] 'aso.chaaso31' [h=E82D2463,$00986C60]
          [2:$00A0A250] 'aso.chaaso32' [h=6839EA37,$0097B6C0]
          [3:$00A0A258] 'aso.chaaso33' [h=AB8E3611,$00999F00]
          [4:$00A0A260] 'aso.chaaso34' [h=33E739BD,$0097D2E0]
      [Node$00D9323C] 'sFuncNamePrefix' [h=24CFBE93,$00985DC0]: 'SW_challenge_Deliver01' [h=56D901A5,$009D9380]
      [Node$00D93250] 'sQuestionBoxWindowTitleKey' [h=0061E794,$00A00A00]: 'challenge.sw.Deliver01.title' [h=9A45B33A,$009DB100]
      [Node$00D93264] 'sFuncOnStarterSpent' [h=4BD64963,$009E1900]: 'SW_challenge_Deliver01_OnStarterSpent' [h=599FDB5B,$009CF740]
      [Node$00D93278] 'bQuestionBoxPauseGame' [h=10991576,$00A10F40]: True
      [Node$00D9328C] 'sFuncNameWaitForReinitOpportunity' [h=A476F72A,$00A0EDC0]: 'SW_challenge_Deliver01_WaitForReinitOpportunity' [h=F6CB9DC8,$009F7B00]
      [Node$00D932A0] 'sFuncNameShow' [h=6964B278,$0097FB80]: 'SW_challenge_Deliver01_Show' [h=F5AFCAED,$00A3EB40]
      [Node$00D932B4] 'sCurrentChallengeStarter' [h=AFEC3F39,$00A01740]: 'chal_Deliver01_vehicle0' [h=F488DA10,$009EE3C0]
      [Node$00D932C8] 'sStarterTemplate' [h=01757CDA,$009FFDC0]: 'template_deliver01_vehicle' [h=5E4C928B,$00A40080]
      [Node$00D932DC] 'vReward' [h=18F9995B,$009C6E80]: 25000.0
      [Node$00D932F0] 'sFuncNameReinit' [h=EC63489F,$00981FA0]: 'SW_challenge_Deliver01_Reinit' [h=9A21CB7F,$00A0FB40]
      [Node$00D93304] 'sStarterNameBase' [h=52BE0E9A,$009DF640]: 'chal_Deliver01_vehicle' [h=BA0C0516,$009F2800]
      [Node$00D93318] 'sStarterLocation' [h=A151005E,$009FE200]: 'chal_Deliver01_starter' [h=4633DBE5,$009CE7C0]
      [Node$00D9332C] 'tSpawnLocations' [h=D41B75DF,$009C5D20]: table$00988F80[a=5,h=1]
        [0:$009E3EC0] 'chal_Deliver01_starter_sam1' [h=6B06CC48,$009E2000]
        [1:$009E3EC8] 'chal_Deliver01_starter_sam2' [h=CC50E4C3,$009DBD80]
        [2:$009E3ED0] 'chal_Deliver01_starter_sam3' [h=B24AD08A,$009E0880]
        [3:$009E3ED8] 'chal_Deliver01_starter_sam4' [h=4C3EB9A2,$009D3380]
        [4:$009E3EE0] 'chal_Deliver01_starter_sam5' [h=0A03F748,$00A078C0]
    [10:$00A97610] table$00984B80[a=0,h=32]
      [Node$00D92E68] 'sChallengeScriptName' [h=8B569902,$009E2E40]: 'SW_challenge_deliver_pyn_01' [h=9A9748DB,$009D9EC0]
      [Node$00D92E7C] 'iLevel' [h=62597943,$0099BA60]: function$009C80C0 'challenge_deliver_pyn_01_Level' [h=90F3210C,$009CB680]
      [Node$00D92EB8] 'sFuncNameQuestionBox' [h=25D5C106,$00A25740]: 'challenge_deliver_pyn_01_QuestionBox' [h=39AAC05D,$00A00040]
      [Node$00D92EE0] 'tGoals' [h=B6E9E608,$00999620]: table$0097D380[a=1,h=1]
        [0:$00957530] table$009C6660[a=0,h=4]
          [Node$00B1B154] 'sText' [h=11BDEAA9,$0099A6A0]: '[challenge.goal.fare]' [h=C0A1B519,$009EFC40]
          [Node$00B1B168] 'vValue' [h=4822E3A2,$00996420]: function$00980E40 'challenge_deliver_pyn_01_FareGoal' [h=3B44E773,$009EF900]
            CONST$00A2B900 k0  'challenge_StatGetInt' [h=2A120D1A,$00A0DA40]
            CONST$00A2B908 k1  'SWTaxi1' [h=17A520A4,$00981F20]
            CONST$00A2B910 k2  'Goal' [h=0075796A,$00989180]
            CONST$00A2B918 k3  3.0
            CONST$00A2B920 k4  1.0
            CODE $009945E0
              000 00000005 GETGLOBAL r0 := _G[k0 ('challenge_StatGetInt' [h=2A120D1A,$00A0DA40])]
              001 01000041     LOADK r1 := k1 ('SWTaxi1' [h=17A520A4,$00981F20])
              002 02000081     LOADK r2 := k2 ('Goal' [h=0075796A,$00989180])
              003 030000C1     LOADK r3 := k3 (3.0)
              004 00020099      CALL r0 (3 args) => 1 results
              005 00003F8C       ADD r0 := r0 + k4 (1.0)
              006 0001001B    RETURN r0 ... r0
              007 0000801B    RETURN r0 ... r-1
      [Node$00D92EF4] 'sQuestionBoxInsideTextKey' [h=FCDCE389,$009E6FC0]: '[challenge.sw.crazytaxi.description]' [h=0130266E,$00A04F80]
      [Node$00D92F08] 'sFuncNameStart' [h=FF54EF6A,$009AA880]: 'challenge_deliver_pyn_01_Start' [h=52A5D010,$00A28CC0]
      [Node$00D92F1C] 'bIsSetup' [h=D7AB01C6,$00997540]: True
      [Node$00D92F30] 'bStarterIsSpent' [h=5FEBD8E8,$009C7EE0]: nil
      [Node$00D92F44] 'tEventHandlesForSetup' [h=9B8DA62D,$00A02E00]: table$009A49C0[a=0,h=4]
        [Node$00AA4740] 'hAiInNamedVehicle0' [h=BDA1E5D0,$009DEC80]: 1607.0
        [Node$00AA4768] 'hActorToVectorProximity' [h=5EDEF380,$00A00A80]: 1609.0
        [Node$00AA477C] 'hHitPointsLessThan' [h=4539B91F,$009E1F40]: 1608.0
      [Node$00D92F58] 'sFuncNameEnd' [h=78C8606E,$009A8800]: 'challenge_deliver_pyn_01_End' [h=EDD62CD9,$00A04C00]
      [Node$00D92F6C] 'sFuncNameSetupAiInNamedVehicle' [h=8879F6AF,$00A23C40]: 'challenge_deliver_pyn_01_SetupAiInNamedVehicle' [h=A7A9F25A,$00A37100]
      [Node$00D92F80] 'tRules' [h=B5794570,$009C3D40]: table$0097A080[a=2,h=1]
        [0:$00957540] table$00981560[a=0,h=2]
          [Node$009F5594] 'sText' [h=11BDEAA9,$0099A6A0]: '[challenge.rule.completeintime]' [h=1BB85D72,$009D0600]
        [1:$00957548] table$00999C40[a=0,h=2]
          [Node$00A24F54] 'sText' [h=11BDEAA9,$0099A6A0]: '[challenge.rule.remaininvehicle]' [h=26841DE6,$00A01480]
      [Node$00D92F94] 'sFuncNameWaitForReinitOpportunity' [h=A476F72A,$00A0EDC0]: 'challenge_deliver_pyn_01_WaitForReinitOpportunity' [h=022E0779,$00B19940]
      [Node$00D92FA8] 'sFuncOnStarterBroken' [h=ED7F76E3,$009DD680]: 'challenge_deliver_pyn_01_OnStarterBroken' [h=76BB5C90,$00A07600]
      [Node$00D92FBC] 'sFuncNamePrefix' [h=24CFBE93,$00985DC0]: 'challenge_deliver_pyn_01' [h=F1C6F672,$00A3F600]
      [Node$00D92FD0] 'sQuestionBoxWindowTitleKey' [h=0061E794,$00A00A00]: 'challenge.sw.crazytaxi.title' [h=87B82D7D,$00A00080]
      [Node$00D92FE4] 'sFuncOnStarterSpent' [h=4BD64963,$009E1900]: 'challenge_deliver_pyn_01_OnStarterSpent' [h=0D4B279F,$00A33340]
      [Node$00D92FF8] 'bQuestionBoxPauseGame' [h=10991576,$00A10F40]: True
      [Node$00D9300C] 'sFuncNameHide' [h=E8C1E1A3,$009A23A0]: 'challenge_deliver_pyn_01_Hide' [h=0989ACF9,$009D7900]
      [Node$00D93020] 'sFuncNameShow' [h=6964B278,$0097FB80]: 'challenge_deliver_pyn_01_Show' [h=9927639D,$009D8F00]
      [Node$00D93034] 'sCurrentChallengeStarter' [h=AFEC3F39,$00A01740]: 'chal_deliver_pyn_01_vehicle0' [h=8B650907,$00A31440]
      [Node$00D93048] 'sStarterNameBase' [h=52BE0E9A,$009DF640]: 'chal_deliver_pyn_01_vehicle' [h=C3B46C64,$009E8740]
      [Node$00D9305C] 'vReward' [h=18F9995B,$009C6E80]: 25000.0
      [Node$00D93070] 'sFuncNameStarterSpawned' [h=6EFD36B4,$009FC280]: 'challenge_deliver_pyn_01_StarterSpawned' [h=9B778A7C,$009EF5C0]
      [Node$00D93084] 'sStarterTemplate' [h=01757CDA,$009FFDC0]: 'template_civ_bus_empty' [h=BE6D43D3,$009DA400]
      [Node$00D93098] 'sStarterLocation' [h=A151005E,$009FE200]: 'chal_deliver_pyn_01_starter' [h=9C65B0D9,$00A0FD40]
      [Node$00D930AC] 'sFuncNameReinit' [h=EC63489F,$00981FA0]: 'challenge_deliver_pyn_01_Reinit' [h=5D9D4093,$00A04440]
    [11:$00A97618] table$009846E0[a=0,h=32]
      [Node$00D7DA68] 'sChallengeScriptName' [h=8B569902,$009E2E40]: 'SW_challenge_deliver_nab_01' [h=2A6E2275,$009D2100]
      [Node$00D7DA7C] 'sFuncNameHide' [h=E8C1E1A3,$009A23A0]: 'challenge_deliver_nab_01_Hide' [h=78F01BBE,$00A24C40]
      [Node$00D7DA90] 'tFactionImprove' [h=9D08AFC4,$0099DE80]: table$009AB940[a=0,h=1]
      [Node$00D7DAB8] 'sFuncNameQuestionBox' [h=25D5C106,$00A25740]: 'challenge_deliver_nab_01_QuestionBox' [h=D62CB89C,$00A01C80]
      [Node$00D7DAE0] 'bStarterIsSpent' [h=5FEBD8E8,$009C7EE0]: nil
      [Node$00D7DAF4] 'sQuestionBoxInsideTextKey' [h=FCDCE389,$009E6FC0]: '[challenge.sw.deliver.nab.01.description]' [h=EA74BCF4,$009DDDC0]
      [Node$00D7DB08] 'sFuncNameStart' [h=FF54EF6A,$009AA880]: 'challenge_deliver_nab_01_Start' [h=B96B3C5D,$009E4C80]
      [Node$00D7DB44] 'tFactionHarm' [h=4F9D736D,$0099EF20]: table$0098A580[a=0,h=1]
      [Node$00D7DB58] 'sFuncNameEnd' [h=78C8606E,$009A8800]: 'challenge_deliver_nab_01_End' [h=78EE3CFA,$009DCB80]
      [Node$00D7DB6C] 'sFuncNameSetupAiInNamedVehicle' [h=8879F6AF,$00A23C40]: 'challenge_deliver_nab_01_SetupAiInNamedVehicle' [h=FD726ABC,$00A32B40]
      [Node$00D7DB80] 'bIsSetup' [h=D7AB01C6,$00997540]: True
      [Node$00D7DB94] 'tEventHandlesForSetup' [h=9B8DA62D,$00A02E00]: table$0098D1C0[a=0,h=4]
        [Node$00A881C0] 'hAiInNamedVehicle0' [h=BDA1E5D0,$009DEC80]: 1610.0
        [Node$00A881E8] 'hActorToVectorProximity' [h=5EDEF380,$00A00A80]: 1612.0
        [Node$00A881FC] 'hHitPointsLessThan' [h=4539B91F,$009E1F40]: 1611.0
      [Node$00D7DBA8] 'sFuncNameWaitForReinitOpportunity' [h=A476F72A,$00A0EDC0]: 'challenge_deliver_nab_01_WaitForReinitOpportunity' [h=0F6AEE55,$00A97940]
      [Node$00D7DBBC] 'sFuncNamePrefix' [h=24CFBE93,$00985DC0]: 'challenge_deliver_nab_01' [h=00F9A99F,$009F2000]
      [Node$00D7DBD0] 'sQuestionBoxWindowTitleKey' [h=0061E794,$00A00A00]: 'challenge.sw.deliver.nab.01.title' [h=8EF534C2,$00A047C0]
      [Node$00D7DBE4] 'sFuncOnStarterBroken' [h=ED7F76E3,$009DD680]: 'challenge_deliver_nab_01_OnStarterBroken' [h=E42D0E15,$00A0DBC0]
      [Node$00D7DBF8] 'bQuestionBoxPauseGame' [h=10991576,$00A10F40]: True
      [Node$00D7DC0C] 'sFuncOnStarterSpent' [h=4BD64963,$009E1900]: 'challenge_deliver_nab_01_OnStarterSpent' [h=FAF791DD,$009F7700]
      [Node$00D7DC20] 'sFuncNameShow' [h=6964B278,$0097FB80]: 'challenge_deliver_nab_01_Show' [h=72A884B9,$009D9080]
      [Node$00D7DC34] 'sCurrentChallengeStarter' [h=AFEC3F39,$00A01740]: 'chal_deliver_nab_01_vehicle0' [h=F82523C6,$00A30D80]
      [Node$00D7DC48] 'sStarterTemplate' [h=01757CDA,$009FFDC0]: 'template_deliver_nab_01_vehicle' [h=A9436843,$00A022C0]
      [Node$00D7DC5C] 'vReward' [h=18F9995B,$009C6E80]: 25000.0
      [Node$00D7DC70] 'sFuncNameStarterSpawned' [h=6EFD36B4,$009FC280]: 'challenge_deliver_nab_01_StarterSpawned' [h=30450B8C,$009D4880]
      [Node$00D7DC84] 'sStarterNameBase' [h=52BE0E9A,$009DF640]: 'chal_deliver_nab_01_vehicle' [h=6089D32A,$009CDD80]
      [Node$00D7DC98] 'sStarterLocation' [h=A151005E,$009FE200]: 'chal_deliver_nab_01_starter' [h=3CF8D0F8,$00A0DC40]
      [Node$00D7DCAC] 'sFuncNameReinit' [h=EC63489F,$00981FA0]: 'challenge_deliver_nab_01_Reinit' [h=11EC634C,$00A2DF00]
    [12:$00A97620] table$0097FFE0[a=0,h=32]
      [Node$00D7D7E8] 'sChallengeScriptName' [h=8B569902,$009E2E40]: 'SW_challenge_deliver_prp_01' [h=611BD170,$009EFC00]
      [Node$00D7D7FC] 'sFuncNameHide' [h=E8C1E1A3,$009A23A0]: 'challenge_deliver_prp_01_Hide' [h=EB0076DD,$009D6A80]
      [Node$00D7D810] 'tFactionImprove' [h=9D08AFC4,$0099DE80]: table$0099EB20[a=0,h=1]
      [Node$00D7D824] 'bEnableHornResponse' [h=5B97130A,$009E4C40]: False
      [Node$00D7D838] 'sFuncNameQuestionBox' [h=25D5C106,$00A25740]: 'challenge_deliver_prp_01_QuestionBox' [h=D3F1A8D3,$009D9C00]
      [Node$00D7D84C] 'sFuncNameWaitForReinitOpportunity' [h=A476F72A,$00A0EDC0]: 'challenge_deliver_prp_01_WaitForReinitOpportunity' [h=5F46EC6E,$00A71DC0]
      [Node$00D7D860] 'bStarterIsSpent' [h=5FEBD8E8,$009C7EE0]: nil
      [Node$00D7D874] 'sQuestionBoxInsideTextKey' [h=FCDCE389,$009E6FC0]: '[challenge.sw.deliver.prp.01.description]' [h=53F36850,$00A0AFC0]
      [Node$00D7D888] 'sFuncNameStart' [h=FF54EF6A,$009AA880]: 'challenge_deliver_prp_01_Start' [h=6DD300AE,$00A3A240]
      [Node$00D7D89C] 'nAnchorRange' [h=55F518DA,$009A80A0]: 10.0
      [Node$00D7D8B0] 'bIsSetup' [h=D7AB01C6,$00997540]: True
      [Node$00D7D8C4] 'tFactionHarm' [h=4F9D736D,$0099EF20]: table$009A5020[a=0,h=1]
      [Node$00D7D8D8] 'sFuncNameEnd' [h=78C8606E,$009A8800]: 'challenge_deliver_prp_01_End' [h=999EB5A8,$00A24B80]
      [Node$00D7D8EC] 'sFuncNameSetupAiInNamedVehicle' [h=8879F6AF,$00A23C40]: 'challenge_deliver_prp_01_SetupAiInNamedVehicle' [h=CEC55552,$009E3440]
      [Node$00D7D900] 'tEventHandlesForSetup' [h=9B8DA62D,$00A02E00]: table$009864A0[a=0,h=4]
        [Node$00A8C0D4] 'hHitPointsLessThan' [h=4539B91F,$009E1F40]: 1615.0
        [Node$00A8C0E8] 'hActorSubdued' [h=04F004DF,$009A89C0]: 1614.0
        [Node$00A8C0FC] 'hActorUsed' [h=3D7C228B,$009A45C0]: 1613.0
      [Node$00D7D914] 'sFuncNameStarterSpawned' [h=6EFD36B4,$009FC280]: 'challenge_deliver_prp_01_StarterSpawned' [h=579F9A57,$009D03C0]
      [Node$00D7D928] 'sFuncOnStarterBroken' [h=ED7F76E3,$009DD680]: 'challenge_deliver_prp_01_OnStarterBroken' [h=7AD0462F,$009DB280]
      [Node$00D7D93C] 'sFuncNamePrefix' [h=24CFBE93,$00985DC0]: 'challenge_deliver_prp_01' [h=BAF46BAC,$009E5DC0]
      [Node$00D7D950] 'sQuestionBoxWindowTitleKey' [h=0061E794,$00A00A00]: 'challenge.sw.deliver.prp.01.title' [h=7FA5D7BC,$00A3F340]
      [Node$00D7D964] 'sFuncOnStarterSpent' [h=4BD64963,$009E1900]: 'challenge_deliver_prp_01_OnStarterSpent' [h=AF7E09A2,$009F5400]
      [Node$00D7D978] 'bQuestionBoxPauseGame' [h=10991576,$00A10F40]: True
      [Node$00D7D98C] 'nAnchorStrength' [h=D1847F77,$009A5F20]: 0.8999999761581421
      [Node$00D7D9A0] 'sFuncNameShow' [h=6964B278,$0097FB80]: 'challenge_deliver_prp_01_Show' [h=AFCFA255,$00A03F40]
      [Node$00D7D9B4] 'sCurrentChallengeStarter' [h=AFEC3F39,$00A01740]: 'chal_deliver_prp_01_cameraman0' [h=EDB5A475,$009E4540]
      [Node$00D7D9C8] 'sStarterNameBase' [h=52BE0E9A,$009DF640]: 'chal_deliver_prp_01_cameraman' [h=4601D652,$009DD480]
      [Node$00D7D9DC] 'vReward' [h=18F9995B,$009C6E80]: 25000.0
      [Node$00D7D9F0] 'bForceStandardRecyclingForHumans' [h=C814AF84,$00A04680]: True
      [Node$00D7DA04] 'sStarterTemplate' [h=01757CDA,$009FFDC0]: 'template_civ_cameraman' [h=B49FD4E7,$009E81C0]
      [Node$00D7DA18] 'sStarterLocation' [h=A151005E,$009FE200]: 'chal_deliver_prp_01_starter' [h=A99556ED,$009DB980]
      [Node$00D7DA2C] 'sFuncNameReinit' [h=EC63489F,$00981FA0]: 'challenge_deliver_prp_01_Reinit' [h=F973C7A7,$00A406C0]
    [13:$00A97628] table$00996FA0[a=0,h=32]
    [14:$00A97630] table$009792C0[a=0,h=32]
    [15:$00A97638] table$0099BF20[a=0,h=32]
      [Node$00D90B68] 'sChallengeScriptName' [h=8B569902,$009E2E40]: 'SW_challenge_homerun_prp2dmz_01' [h=AFDFC32A,$00A11040]
      [Node$00D90B7C] 'sFuncNameHide' [h=E8C1E1A3,$009A23A0]: 'SW_challenge_homerun_prp2dmz_01_Hide' [h=3886D01F,$00A2AEC0]
      [Node$00D90B90] 'tFactionImprove' [h=9D08AFC4,$0099DE80]: table$00996EE0[a=0,h=2]
        [Node$00A2A954] 'allies' [h=B57F1C27,$009A61A0]: 20.0
      [Node$00D90BB8] 'sFuncNameQuestionBox' [h=25D5C106,$00A25740]: 'SW_challenge_homerun_prp2dmz_01_QuestionBox' [h=E8484B2E,$009F1D40]
      [Node$00D90BE0] 'tGoals' [h=B6E9E608,$00999620]: table$0097BCC0[a=1,h=1]
        [0:$00957710] table$009A8940[a=0,h=4]
          [Node$00A6A954] 'sText' [h=11BDEAA9,$0099A6A0]: '[challenge.goal.distance]' [h=589113F7,$009FBD40]
          [Node$00A6A968] 'vValue' [h=4822E3A2,$00996420]: function$0097B140 'SW_Challenge_homerun_prp2dmz_01_GoalDistanceString' [h=A8566140,$00AB4FC0]
      [Node$00D90BF4] 'sQuestionBoxInsideTextKey' [h=FCDCE389,$009E6FC0]: '[challenge.sw.homerun.prp2dmz.01.description]' [h=98F1EAA2,$009CE840]
      [Node$00D90C08] 'sFuncNameStart' [h=FF54EF6A,$009AA880]: 'SW_challenge_homerun_prp2dmz_01_Start' [h=40F43ED8,$009CCE80]
      [Node$00D90C30] 'bIsSetup' [h=D7AB01C6,$00997540]: True
      [Node$00D90C44] 'tEventHandlesForSetup' [h=9B8DA62D,$00A02E00]: table$0097B880[a=0,h=4]
        [Node$00B22FC0] 'hAiInNamedVehicle0' [h=BDA1E5D0,$009DEC80]: 1621.0
        [Node$00B22FE8] 'hActorToVectorProximity' [h=5EDEF380,$00A00A80]: 1623.0
        [Node$00B22FFC] 'hHitPointsLessThan' [h=4539B91F,$009E1F40]: 1622.0
      [Node$00D90C58] 'sFuncNameEnd' [h=78C8606E,$009A8800]: 'SW_challenge_homerun_prp2dmz_01_End' [h=698CFF63,$00A06180]
      [Node$00D90C6C] 'sFuncNameSetupAiInNamedVehicle' [h=8879F6AF,$00A23C40]: 'SW_challenge_homerun_prp2dmz_01_SetupAiInNamedVehicle' [h=F2D56F32,$00AB43C0]
      [Node$00D90C80] 'tRules' [h=B5794570,$009C3D40]: table$00988420[a=3,h=1]
        [0:$009A1620] table$0098CC20[a=0,h=4]
          [Node$00AA69D4] 'sText' [h=11BDEAA9,$0099A6A0]: '[challenge.goal.timelimit]' [h=FE0B893F,$009EEB40]
          [Node$00AA69E8] 'vValue' [h=4822E3A2,$00996420]: '0:45' [h=005823C7,$0098D200]
        [1:$009A1628] table$00986CA0[a=0,h=2]
          [Node$009DB814] 'sText' [h=11BDEAA9,$0099A6A0]: '[challenge.rule.remaininvehicle]' [h=26841DE6,$00A01480]
        [2:$009A1630] table$0099FDA0[a=0,h=2]
          [Node$009FD2D4] 'sText' [h=11BDEAA9,$0099A6A0]: '[challenge.rule.stayinbounds]' [h=77A41A74,$009D3880]
      [Node$00D90C94] 'bStarterIsSpent' [h=5FEBD8E8,$009C7EE0]: nil
      [Node$00D90CA8] 'sFuncNameWaitForReinitOpportunity' [h=A476F72A,$00A0EDC0]: 'SW_challenge_homerun_prp2dmz_01_WaitForReinitOpportunity' [h=B4B7580E,$00AB4940]
      [Node$00D90CBC] 'sFuncNamePrefix' [h=24CFBE93,$00985DC0]: 'SW_challenge_homerun_prp2dmz_01' [h=AFDFC32A,$00A11040]
      [Node$00D90CD0] 'sQuestionBoxWindowTitleKey' [h=0061E794,$00A00A00]: 'challenge.sw.homerun.prp2dmz.01.title' [h=1DBE6E75,$009CE800]
      [Node$00D90CE4] 'sFuncOnStarterBroken' [h=ED7F76E3,$009DD680]: 'SW_challenge_homerun_prp2dmz_01_OnStarterBroken' [h=927543D0,$00A00C00]
      [Node$00D90CF8] 'bQuestionBoxPauseGame' [h=10991576,$00A10F40]: True
      [Node$00D90D0C] 'sFuncOnStarterSpent' [h=4BD64963,$009E1900]: 'SW_challenge_homerun_prp2dmz_01_OnStarterSpent' [h=60970806,$00A0A000]
      [Node$00D90D20] 'sFuncNameShow' [h=6964B278,$0097FB80]: 'SW_challenge_homerun_prp2dmz_01_Show' [h=D4FE54BF,$00A042C0]
      [Node$00D90D34] 'sCurrentChallengeStarter' [h=AFEC3F39,$00A01740]: 'chal_homerun_prp2dmz_01_actor0' [h=4FCD34AA,$009FD580]
      [Node$00D90D48] 'sStarterNameBase' [h=52BE0E9A,$009DF640]: 'chal_homerun_prp2dmz_01_actor' [h=5B1E1119,$009D5CC0]
      [Node$00D90D5C] 'vReward' [h=18F9995B,$009C6E80]: function$00989560 'SW_Challenge_homerun_prp2dmz_01_Value' [h=97E580E4,$009E43C0]
      [Node$00D90D70] 'sFuncNameStarterSpawned' [h=6EFD36B4,$009FC280]: 'SW_challenge_homerun_prp2dmz_01_StarterSpawned' [h=D39FEDEC,$009E7640]
      [Node$00D90D84] 'sStarterTemplate' [h=01757CDA,$009FFDC0]: 'template_c_hr_prp2dmz_01_heli' [h=AED11C1D,$009D6E40]
      [Node$00D90D98] 'sStarterLocation' [h=A151005E,$009FE200]: 'c_hr_prp2dmz_01_start' [h=F0B6D958,$009D4A00]
      [Node$00D90DAC] 'sFuncNameReinit' [h=EC63489F,$00981FA0]: 'SW_challenge_homerun_prp2dmz_01_Reinit' [h=3230DCE4,$00A0E2C0]
  [Node$01CA7EA4] 'challenge_Recycler_DetectStarterSpend' [h=B66D8BF5,$009FBB00]: function$0097B7C0 'challenge_Recycler_DetectStarterSpend' [h=B66D8BF5,$009FBB00]
    CONST$00C43E40 k0  'tEventHandlesForDetectSpend' [h=CED2841B,$00A09DC0]
    CONST$00C43E48 k1  nil
    CONST$00C43E50 k2  'Utility_GetActor' [h=077E9779,$00A06B80]
    CONST$00C43E58 k3  'sCurrentChallengeStarter' [h=AFEC3F39,$00A01740]
    CONST$00C43E60 k4  'util_GetActorClass' [h=4850D37F,$00A3C340]
    CONST$00C43E68 k5  'VEHICLE' [h=80E0E7D6,$0099B360]
    CONST$00C43E70 k6  'Actor_GetPosition' [h=F7E6F403,$009DC400]
    CONST$00C43E78 k7  'Event_ActorToVectorProximity' [h=A77CCA99,$009DF2C0]
    CONST$00C43E80 k8  'sFuncOnStarterSpent' [h=4BD64963,$009E1900]
    CONST$00C43E88 k9  'b' [h=00000083,$009960C0]
    CONST$00C43E90 k10 1.0
    CONST$00C43E98 k11 'hActorToVectorProximity' [h=5EDEF380,$00A00A80]
    CONST$00C43EA0 k12 'Actor_GetHitPoints' [h=CDCBFCF4,$00A00E00]
    CONST$00C43EA8 k13 'Event_ActorHitPointsLessThan' [h=A14D40BC,$00A24E80]
    CONST$00C43EB0 k14 'hHitPointsLessThan' [h=4539B91F,$009E1F40]
    CONST$00C43EB8 k15 'Event_AiInNamedVehicle' [h=F4DC0213,$009FD700]
    CONST$00C43EC0 k16 'player0' [h=316752BF,$009A6AC0]
    CONST$00C43EC8 k17 'hAiInNamedVehicle' [h=77D74EA2,$009DB400]
    CONST$00C43ED0 k18 'PROP' [h=00772548,$009923A0]
    CONST$00C43ED8 k19 'HUMAN' [h=0EA2600B,$00992320]
    CONST$00C43EE0 k20 'hEvent' [h=921406F2,$00991AE0]
    CONST$00C43EE8 k21 'Event_ActorIsSubdued' [h=22FBBD0D,$00A07480]
    CONST$00C43EF0 k22 'hActorIsSubdued' [h=A1F09BF9,$0098D300]
    CONST$00C43EF8 k23 'ITEM' [h=00659EFA,$009926C0]
    CONST$00C43F00 k24 'Debug_Assert' [h=E8876833,$0098F0A0]
    CONST$00C43F08 k25 '>>>challenge.lua: challenge_Recycler_Spawn: Starter of class ' [h=8F027F81,$00AB74C0]
    CONST$00C43F10 k26 'tostring' [h=787EB105,$00990700]
    CONST$00C43F18 k27 ' not currently supported!' [h=DC64F2B4,$00A06300]
    CODE $00D22EC0
      000 01003E86  GETTABLE r1 := r0[k0 ('tEventHandlesForDetectSpend' [h=CED2841B,$00A09DC0])]
      001 0000BED5       BEQ r1 == k1 (nil)
      002 00800054       JMP +2 ; 5
      003 0100000A  NEWTABLE r1 := {} (#a=0, #h=0)
      004 007D0049  SETTABLE r1 ->> r0[k0 ('tEventHandlesForDetectSpend' [h=CED2841B,$00A09DC0])]
      005 01000085 GETGLOBAL r1 := _G[k2 ('Utility_GetActor' [h=077E9779,$00A06B80])]
      006 02003F46  GETTABLE r2 := r0[k3 ('sCurrentChallengeStarter' [h=AFEC3F39,$00A01740])]
      007 01010099      CALL r1 (1 args) => 1 results
      008 02000105 GETGLOBAL r2 := _G[k4 ('util_GetActorClass' [h=4850D37F,$00A3C340])]
      009 03008000      MOVE r3 := r1
      010 02010099      CALL r2 (1 args) => 1 results
      011 00013FD5       BEQ r2 == k5 ('VEHICLE' [h=80E0E7D6,$0099B360])
      012 00800A14       JMP +41 ; 54
      013 03000185 GETGLOBAL r3 := _G[k6 ('Actor_GetPosition' [h=F7E6F403,$009DC400])]
      014 04008000      MOVE r4 := r1
      015 03010119      CALL r3 (1 args) => 3 results
      016 06000002  LOADBOOL r6 := False
      017 070001C5 GETGLOBAL r7 := _G[k7 ('Event_ActorToVectorProximity' [h=A77CCA99,$009DF2C0])]
      018 08004086  GETTABLE r8 := r0[k8 ('sFuncOnStarterSpent' [h=4BD64963,$009E1900])]
      019 09000241     LOADK r9 := k9 ('b' [h=00000083,$009960C0])
      020 0A008000      MOVE r10 := r1
      021 0B018000      MOVE r11 := r3
      022 0C020000      MOVE r12 := r4
      023 0D028000      MOVE r13 := r5
      024 0E000281     LOADK r14 := k10 (1.0)
      025 0F000002  LOADBOOL r15 := False
      026 10030000      MOVE r16 := r6
      027 07050099      CALL r7 (9 args) => 1 results
      028 08003E86  GETTABLE r8 := r0[k0 ('tEventHandlesForDetectSpend' [h=CED2841B,$00A09DC0])]
      029 088281C9  SETTABLE r7 ->> r8[k11 ('hActorToVectorProximity' [h=5EDEF380,$00A00A80])]
      030 08000305 GETGLOBAL r8 := _G[k12 ('Actor_GetHitPoints' [h=CDCBFCF4,$00A00E00])]
      031 09008000      MOVE r9 := r1
      032 08010099      CALL r8 (1 args) => 1 results
      033 09000345 GETGLOBAL r9 := _G[k13 ('Event_ActorHitPointsLessThan' [h=A14D40BC,$00A24E80])]
      034 0A004086  GETTABLE r10 := r0[k8 ('sFuncOnStarterSpent' [h=4BD64963,$009E1900])]
      035 0B000241     LOADK r11 := k9 ('b' [h=00000083,$009960C0])
      036 0C008000      MOVE r12 := r1
      037 0D040000      MOVE r13 := r8
      038 0E008002  LOADBOOL r14 := True
      039 09030099      CALL r9 (5 args) => 1 results
      040 07048000      MOVE r7 := r9
      041 09003E86  GETTABLE r9 := r0[k0 ('tEventHandlesForDetectSpend' [h=CED2841B,$00A09DC0])]
      042 098401C9  SETTABLE r7 ->> r9[k14 ('hHitPointsLessThan' [h=4539B91F,$009E1F40])]
      043 090003C5 GETGLOBAL r9 := _G[k15 ('Event_AiInNamedVehicle' [h=F4DC0213,$009FD700])]
      044 0A004086  GETTABLE r10 := r0[k8 ('sFuncOnStarterSpent' [h=4BD64963,$009E1900])]
      045 0B000241     LOADK r11 := k9 ('b' [h=00000083,$009960C0])
      046 0C000401     LOADK r12 := k16 ('player0' [h=316752BF,$009A6AC0])
      047 0D008000      MOVE r13 := r1
      048 0E008002  LOADBOOL r14 := True
      049 09030099      CALL r9 (5 args) => 1 results
      050 07048000      MOVE r7 := r9
      051 09003E86  GETTABLE r9 := r0[k0 ('tEventHandlesForDetectSpend' [h=CED2841B,$00A09DC0])]
      052 098581C9  SETTABLE r7 ->> r9[k17 ('hAiInNamedVehicle' [h=77D74EA2,$009DB400])]
      053 00801194       JMP +71 ; 125
      054 00014315       BEQ r2 == k18 ('PROP' [h=00772548,$009923A0])
      055 00800794       JMP +31 ; 87
      056 03000185 GETGLOBAL r3 := _G[k6 ('Actor_GetPosition' [h=F7E6F403,$009DC400])]
      057 04008000      MOVE r4 := r1
      058 03010119      CALL r3 (1 args) => 3 results
      059 06000002  LOADBOOL r6 := False
      060 070001C5 GETGLOBAL r7 := _G[k7 ('Event_ActorToVectorProximity' [h=A77CCA99,$009DF2C0])]
      061 08004086  GETTABLE r8 := r0[k8 ('sFuncOnStarterSpent' [h=4BD64963,$009E1900])]
      062 09000241     LOADK r9 := k9 ('b' [h=00000083,$009960C0])
      063 0A008000      MOVE r10 := r1
      064 0B018000      MOVE r11 := r3
      065 0C020000      MOVE r12 := r4
      066 0D028000      MOVE r13 := r5
      067 0E000281     LOADK r14 := k10 (1.0)
      068 0F000002  LOADBOOL r15 := False
      069 10030000      MOVE r16 := r6
      070 07050099      CALL r7 (9 args) => 1 results
      071 08003E86  GETTABLE r8 := r0[k0 ('tEventHandlesForDetectSpend' [h=CED2841B,$00A09DC0])]
      072 088281C9  SETTABLE r7 ->> r8[k11 ('hActorToVectorProximity' [h=5EDEF380,$00A00A80])]
      073 08000305 GETGLOBAL r8 := _G[k12 ('Actor_GetHitPoints' [h=CDCBFCF4,$00A00E00])]
      074 09008000      MOVE r9 := r1
      075 08010099      CALL r8 (1 args) => 1 results
      076 09000345 GETGLOBAL r9 := _G[k13 ('Event_ActorHitPointsLessThan' [h=A14D40BC,$00A24E80])]
      077 0A004086  GETTABLE r10 := r0[k8 ('sFuncOnStarterSpent' [h=4BD64963,$009E1900])]
      078 0B000241     LOADK r11 := k9 ('b' [h=00000083,$009960C0])
      079 0C008000      MOVE r12 := r1
      080 0D040000      MOVE r13 := r8
      081 0E008002  LOADBOOL r14 := True
      082 09030099      CALL r9 (5 args) => 1 results
      083 07048000      MOVE r7 := r9
      084 09003E86  GETTABLE r9 := r0[k0 ('tEventHandlesForDetectSpend' [h=CED2841B,$00A09DC0])]
      085 098401C9  SETTABLE r7 ->> r9[k14 ('hHitPointsLessThan' [h=4539B91F,$009E1F40])]
      086 00800954       JMP +38 ; 125
      087 00014355       BEQ r2 == k19 ('HUMAN' [h=0EA2600B,$00992320])
      088 008005D4       JMP +24 ; 113
      089 03000305 GETGLOBAL r3 := _G[k12 ('Actor_GetHitPoints' [h=CDCBFCF4,$00A00E00])]
      090 04008000      MOVE r4 := r1
      091 03010099      CALL r3 (1 args) => 1 results
      092 04000345 GETGLOBAL r4 := _G[k13 ('Event_ActorHitPointsLessThan' [h=A14D40BC,$00A24E80])]
      093 05004086  GETTABLE r5 := r0[k8 ('sFuncOnStarterSpent' [h=4BD64963,$009E1900])]
      094 06000241     LOADK r6 := k9 ('b' [h=00000083,$009960C0])
      095 07008000      MOVE r7 := r1
      096 08018000      MOVE r8 := r3
      097 09008002  LOADBOOL r9 := True
      098 04030099      CALL r4 (5 args) => 1 results
      099 04000507 SETGLOBAL r4 ->> _G[k20 ('hEvent' [h=921406F2,$00991AE0])]
      100 04003E86  GETTABLE r4 := r0[k0 ('tEventHandlesForDetectSpend' [h=CED2841B,$00A09DC0])]
      101 05000505 GETGLOBAL r5 := _G[k20 ('hEvent' [h=921406F2,$00991AE0])]
      102 04840149  SETTABLE r5 ->> r4[k14 ('hHitPointsLessThan' [h=4539B91F,$009E1F40])]
      103 04000545 GETGLOBAL r4 := _G[k21 ('Event_ActorIsSubdued' [h=22FBBD0D,$00A07480])]
      104 05004086  GETTABLE r5 := r0[k8 ('sFuncOnStarterSpent' [h=4BD64963,$009E1900])]
      105 06000241     LOADK r6 := k9 ('b' [h=00000083,$009960C0])
      106 07008000      MOVE r7 := r1
      107 04020099      CALL r4 (3 args) => 1 results
      108 04000507 SETGLOBAL r4 ->> _G[k20 ('hEvent' [h=921406F2,$00991AE0])]
      109 04003E86  GETTABLE r4 := r0[k0 ('tEventHandlesForDetectSpend' [h=CED2841B,$00A09DC0])]
      110 05000505 GETGLOBAL r5 := _G[k20 ('hEvent' [h=921406F2,$00991AE0])]
      111 04880149  SETTABLE r5 ->> r4[k22 ('hActorIsSubdued' [h=A1F09BF9,$0098D300])]
      112 008002D4       JMP +12 ; 125
      113 00014455       BEQ r2 == k23 ('ITEM' [h=00659EFA,$009926C0])
      114 00800014       JMP +1 ; 116
      115 00800214       JMP +9 ; 125
      116 03000605 GETGLOBAL r3 := _G[k24 ('Debug_Assert' [h=E8876833,$0098F0A0])]
      117 04000002  LOADBOOL r4 := False
      118 05000641     LOADK r5 := k25 ('>>>challenge.lua: challenge_Recycler_Spawn: Starter of class ' [h=8F027F81,$00AB74C0])
      119 06000685 GETGLOBAL r6 := _G[k26 ('tostring' [h=787EB105,$00990700])]
      120 07010000      MOVE r7 := r2
      121 06010099      CALL r6 (1 args) => 1 results
      122 070006C1     LOADK r7 := k27 (' not currently supported!' [h=DC64F2B4,$00A06300])
      123 050281D3    CONCAT r5 := r5 ... r7
      124 03018059      CALL r3 (2 args) => 0 results
      125 0000801B    RETURN r0 ... r-1
  [Node$01CA7EE0] 'stateKilled' [h=0D0073F8,$009C4DE0]: 'killed' [h=76DA99AF,$0098EB00]
  [Node$01CA7EF4] 'spawn_ActorQueueAdd' [h=74976BF9,$00A0BBC0]: function$009A5620 'spawn_ActorQueueAdd' [h=74976BF9,$00A0BBC0]
    CONST$00BBC600 k0  'g_SpawnActorQueue' [h=33931F48,$009DF840]
    CONST$00BBC608 k1  nil
    CONST$00BBC610 k2  'table' [h=10F2114B,$00979B40]
    CONST$00BBC618 k3  'insert' [h=92EA3D93,$0099E280]
    CONST$00BBC620 k4  'sName' [h=10ED9F0D,$00980360]
    CONST$00BBC628 k5  'x' [h=00000099,$009A6B80]
    CONST$00BBC630 k6  'y' [h=00000098,$009A6B60]
    CONST$00BBC638 k7  'z' [h=0000009B,$009A6B40]
    CONST$00BBC640 k8  'yaw' [h=0003646B,$009A6B20]
    CONST$00BBC648 k9  'sEncounter' [h=4CD961D9,$009A5C20]
    CONST$00BBC650 k10 'sSquad' [h=7089B391,$009C60E0]
    CONST$00BBC658 k11 'bInvincible' [h=4FA74776,$00980D80]
    CONST$00BBC660 k12 'fSetup' [h=9C855945,$0097EAC0]
    CONST$00BBC668 k13 'Event_RelativeTimer' [h=AD23F6E2,$00A3EA80]
    CONST$00BBC670 k14 'spawn_ActorQueueSpawn' [h=9349201A,$00A0D180]
    CONST$00BBC678 k15 'b' [h=00000083,$009960C0]
    CONST$00BBC680 k16 0.0
    CODE $00BBC840
      000 0A000005 GETGLOBAL r10 := _G[k0 ('g_SpawnActorQueue' [h=33931F48,$009DF840])]
      001 01053ED5       BNE r10 != k1 (nil)
      002 00800014       JMP +1 ; 4
      003 0A000042  LOADBOOL r10 := False ; br 5
      004 0A008002  LOADBOOL r10 := True
      005 0A050018      TEST not r10: r10 := r10 ; or skip
      006 00800054       JMP +2 ; 9
      007 0B00000A  NEWTABLE r11 := {} (#a=0, #h=0)
      008 0B000007 SETGLOBAL r11 ->> _G[k0 ('g_SpawnActorQueue' [h=33931F48,$009DF840])]
      009 0B000005 GETGLOBAL r11 := _G[k0 ('g_SpawnActorQueue' [h=33931F48,$009DF840])]
      010 0B058006  GETTABLE r11 := r11[r0]
      011 0005BED5       BEQ r11 == k1 (nil)
      012 00800094       JMP +3 ; 16
      013 0B000005 GETGLOBAL r11 := _G[k0 ('g_SpawnActorQueue' [h=33931F48,$009DF840])]
      014 0C00000A  NEWTABLE r12 := {} (#a=0, #h=0)
      015 0B000309  SETTABLE r12 ->> r11[r0]
      016 0B000085 GETGLOBAL r11 := _G[k2 ('table' [h=10F2114B,$00979B40])]
      017 0B05BF46  GETTABLE r11 := r11[k3 ('insert' [h=92EA3D93,$0099E280])]
      018 0C000005 GETGLOBAL r12 := _G[k0 ('g_SpawnActorQueue' [h=33931F48,$009DF840])]
      019 0C060006  GETTABLE r12 := r12[r0]
      020 0D00010A  NEWTABLE r13 := {} (#a=0, #h=4)
      021 0D7F0049  SETTABLE r1 ->> r13[k4 ('sName' [h=10ED9F0D,$00980360])]
      022 0D7F8089  SETTABLE r2 ->> r13[k5 ('x' [h=00000099,$009A6B80])]
      023 0D8000C9  SETTABLE r3 ->> r13[k6 ('y' [h=00000098,$009A6B60])]
      024 0D808109  SETTABLE r4 ->> r13[k7 ('z' [h=0000009B,$009A6B40])]
      025 0D810149  SETTABLE r5 ->> r13[k8 ('yaw' [h=0003646B,$009A6B20])]
      026 0D818189  SETTABLE r6 ->> r13[k9 ('sEncounter' [h=4CD961D9,$009A5C20])]
      027 0D8201C9  SETTABLE r7 ->> r13[k10 ('sSquad' [h=7089B391,$009C60E0])]
      028 0D828209  SETTABLE r8 ->> r13[k11 ('bInvincible' [h=4FA74776,$00980D80])]
      029 0D830249  SETTABLE r9 ->> r13[k12 ('fSetup' [h=9C855945,$0097EAC0])]
      030 0B018059      CALL r11 (2 args) => 0 results
      031 0A050018      TEST not r10: r10 := r10 ; or skip
      032 00800114       JMP +5 ; 38
      033 0B000345 GETGLOBAL r11 := _G[k13 ('Event_RelativeTimer' [h=AD23F6E2,$00A3EA80])]
      034 0C000381     LOADK r12 := k14 ('spawn_ActorQueueSpawn' [h=9349201A,$00A0D180])
      035 0D0003C1     LOADK r13 := k15 ('b' [h=00000083,$009960C0])
      036 0E000401     LOADK r14 := k16 (0.0)
      037 0B020059      CALL r11 (3 args) => 0 results
      038 0000801B    RETURN r0 ... r-1
  [Node$01CA7F08] 'iMaxIntel' [h=ECDC7BFA,$009C3D60]: 34.0
  [Node$01CA7F44] 'Cinematic_SignalEnd' [h=FE612BFD,$00A3E980]: cfunction$002F7D70 'Cinematic_SignalEnd' [h=FE612BFD,$00A3E980]
  [Node$01CA7F58] 'error' [h=1227EBFE,$0098F780]: cfunction$003B8420 'error' [h=1227EBFE,$0098F780]
  [Node$01CA7FBC] 'Actor_GetVelocity' [h=68B72403,$00A0AE80]: cfunction$002AC378 'Actor_GetVelocity' [h=68B72403,$00A0AE80]
  [Node$01CA8048] 'util_GetRandomIntInRange' [h=E995DC0A,$009E00C0]: function$009A9D00 'util_GetRandomIntInRange' [h=E995DC0A,$009E00C0]
    CONST$009917C0 k0  'Utility_MathFloor' [h=DCA66785,$00A05300]
    CONST$009917C8 k1  'Utility_GetRandomFloat' [h=79984DB3,$00A403C0]
    CONST$009917D0 k2  1.0
    CODE $00A3BB80
      000 02000005 GETGLOBAL r2 := _G[k0 ('Utility_MathFloor' [h=DCA66785,$00A05300])]
      001 03000045 GETGLOBAL r3 := _G[k1 ('Utility_GetRandomFloat' [h=79984DB3,$00A403C0])]
      002 03008099      CALL r3 (0 args) => 1 results
      003 0400800D       SUB r4 := r1 - r0
      004 04023F0C       ADD r4 := r4 + k2 (1.0)
      005 0301810E       MUL r3 := r3 * r4
      006 0301800C       ADD r3 := r3 + r0
      007 0201001A  TAILCALL r2 (1 args)
      008 0200001B    RETURN r2 ... r0
      009 0000801B    RETURN r0 ... r-1
  [Node$01CA8084] 'gameflow_HandleRandomSpawning' [h=760D2C0D,$00A37E00]: function$009A2F00 'gameflow_HandleRandomSpawning' [h=760D2C0D,$00A37E00]
    CONST$00BA4FC0 k0  'randomSpawnGroups' [h=E932E513,$00A37D00]
    CONST$00BA4FC8 k1  'ipairs' [h=B6F4A157,$00990680]
    CONST$00BA4FD0 k2  'templates' [h=ED673D6B,$009A2520]
    CONST$00BA4FD8 k3  'tTemplates' [h=8E9A91F4,$009A1A20]
    CONST$00BA4FE0 k4  'locations' [h=571E6712,$009A0A60]
    CONST$00BA4FE8 k5  'tLocations' [h=6C167A32,$0099A3C0]
    CONST$00BA4FF0 k6  'settings' [h=4AE233EA,$00983060]
    CONST$00BA4FF8 k7  'tSettings' [h=390A41FE,$00976BC0]
    CONST$00BA5000 k8  'bDeleteLoc' [h=52ECBEBF,$00992BC0]
    CONST$00BA5008 k9  'spawn_ActorTables' [h=4BB339B1,$00A371C0]
    CONST$00BA5010 k10 'table' [h=10F2114B,$00979B40]
    CONST$00BA5018 k11 'getn' [h=0083B006,$00978AA0]
    CONST$00BA5020 k12 'util_PrintDebugMsg' [h=A2961C17,$00A11FC0]
    CONST$00BA5028 k13 '[gameflow.lua] gameflow_HandleRandomSpawning: spawned ' [h=F4351B6E,$00A8E9C0]
    CONST$00BA5030 k14 ' units\n' [h=8D2A6B81,$00995140]
    CONST$00BA5038 k15 1.0
    CONST$00BA5040 k16 '[gameflow.lua] gameflow_HandleRandomSpawning: spawning ' [h=E6C4EE76,$00AC4640]
    CONST$00BA5048 k17 'tostring' [h=787EB105,$00990700]
    CONST$00BA5050 k18 ' at ' [h=0054FA08,$00998CC0]
    CONST$00BA5058 k19 '\n' [h=0000002B,$009A7280]
    CODE $00C45940
      000 01003E86  GETTABLE r1 := r0[k0 ('randomSpawnGroups' [h=E932E513,$00A37D00])]
      001 01008058      TEST r1: r1 := r1 ; or skip
      002 00800014       JMP +1 ; 4
      003 0000801B    RETURN r0 ... r-1
      004 02000045 GETGLOBAL r2 := _G[k1 ('ipairs' [h=B6F4A157,$00990680])]
      005 03008000      MOVE r3 := r1
      006 02010159      CALL r2 (1 args) => 4 results
      007 02800CDE  TFORPREP WIP
      008 0602BF46  GETTABLE r6 := r5[k3 ('tTemplates' [h=8E9A91F4,$009A1A20])]
      009 06000087 SETGLOBAL r6 ->> _G[k2 ('templates' [h=ED673D6B,$009A2520])]
      010 0602BFC6  GETTABLE r6 := r5[k5 ('tLocations' [h=6C167A32,$0099A3C0])]
      011 06000107 SETGLOBAL r6 ->> _G[k4 ('locations' [h=571E6712,$009A0A60])]
      012 0602C046  GETTABLE r6 := r5[k7 ('tSettings' [h=390A41FE,$00976BC0])]
      013 06000187 SETGLOBAL r6 ->> _G[k6 ('settings' [h=4AE233EA,$00983060])]
      014 06000085 GETGLOBAL r6 := _G[k2 ('templates' [h=ED673D6B,$009A2520])]
      015 06030018      TEST not r6: r6 := r6 ; or skip
      016 00800B14       JMP +45 ; 62
      017 06000105 GETGLOBAL r6 := _G[k4 ('locations' [h=571E6712,$009A0A60])]
      018 06030058      TEST r6: r6 := r6 ; or skip
      019 00800014       JMP +1 ; 21
      020 00800A14       JMP +41 ; 62
      021 06000185 GETGLOBAL r6 := _G[k6 ('settings' [h=4AE233EA,$00983060])]
      022 06030018      TEST not r6: r6 := r6 ; or skip
      023 00800094       JMP +3 ; 27
      024 06000185 GETGLOBAL r6 := _G[k6 ('settings' [h=4AE233EA,$00983060])]
      025 07008002  LOADBOOL r7 := True
      026 068101C9  SETTABLE r7 ->> r6[k8 ('bDeleteLoc' [h=52ECBEBF,$00992BC0])]
      027 06000245 GETGLOBAL r6 := _G[k9 ('spawn_ActorTables' [h=4BB339B1,$00A371C0])]
      028 07000085 GETGLOBAL r7 := _G[k2 ('templates' [h=ED673D6B,$009A2520])]
      029 08000105 GETGLOBAL r8 := _G[k4 ('locations' [h=571E6712,$009A0A60])]
      030 09000185 GETGLOBAL r9 := _G[k6 ('settings' [h=4AE233EA,$00983060])]
      031 06020159      CALL r6 (3 args) => 4 results
      032 0A000285 GETGLOBAL r10 := _G[k10 ('table' [h=10F2114B,$00979B40])]
      033 0A054146  GETTABLE r10 := r10[k11 ('getn' [h=0083B006,$00978AA0])]
      034 0B030000      MOVE r11 := r6
      035 0A010099      CALL r10 (1 args) => 1 results
      036 0B000305 GETGLOBAL r11 := _G[k12 ('util_PrintDebugMsg' [h=A2961C17,$00A11FC0])]
      037 0C000341     LOADK r12 := k13 ('[gameflow.lua] gameflow_HandleRandomSpawning: spawned ' [h=F4351B6E,$00A8E9C0])
      038 0D050000      MOVE r13 := r10
      039 0E000381     LOADK r14 := k14 (' units\n' [h=8D2A6B81,$00995140])
      040 0C060393    CONCAT r12 := r12 ... r14
      041 0B010059      CALL r11 (1 args) => 0 results
      042 0B0003C1     LOADK r11 := k15 (1.0)
      043 0C050000      MOVE r12 := r10
      044 0D0003C1     LOADK r13 := k15 (1.0)
      045 0B05834D       SUB r11 := r11 - r13
      046 008002D4       JMP +12 ; 59
      047 0E000305 GETGLOBAL r14 := _G[k12 ('util_PrintDebugMsg' [h=A2961C17,$00A11FC0])]
      048 0F000401     LOADK r15 := k16 ('[gameflow.lua] gameflow_HandleRandomSpawning: spawning ' [h=E6C4EE76,$00AC4640])
      049 10000445 GETGLOBAL r16 := _G[k17 ('tostring' [h=787EB105,$00990700])]
      050 110302C6  GETTABLE r17 := r6[r11]
      051 10010099      CALL r16 (1 args) => 1 results
      052 11000481     LOADK r17 := k18 (' at ' [h=0054FA08,$00998CC0])
      053 12000445 GETGLOBAL r18 := _G[k17 ('tostring' [h=787EB105,$00990700])]
      054 130382C6  GETTABLE r19 := r7[r11]
      055 12010099      CALL r18 (1 args) => 1 results
      056 130004C1     LOADK r19 := k19 ('\n' [h=0000002B,$009A7280])
      057 0F0784D3    CONCAT r15 := r15 ... r19
      058 0E010059      CALL r14 (1 args) => 0 results
      059 0B7FFC9C   FORLOOP r11 := r13; if r11 <= r12 JMP -13
      060 0200005D  TFORLOOP WIP
      061 007FF254       JMP -54 ; 8
      062 0000801B    RETURN r0 ... r-1
  [Node$01CA80C0] 'SW_Challenge_Destroy01_GoalBestTime' [h=2C3B0410,$009F2500]: function$009C69C0 'SW_Challenge_Destroy01_GoalBestTime' [h=2C3B0410,$009F2500]
  [Node$01CA80D4] 'gameflow_EvaluateChapterCondition' [h=E1AA6C11,$00A38640]: function$00991F80 'gameflow_EvaluateChapterCondition' [h=E1AA6C11,$00A38640]
    CONST$00AAC4C0 k0  'gameflow_IsNegationCondition' [h=77078C6B,$00A37A40]
    CONST$00AAC4C8 k1  'ipairs' [h=B6F4A157,$00990680]
    CONST$00AAC4D0 k2  'type' [h=0070EF71,$00990720]
    CONST$00AAC4D8 k3  'table' [h=10F2114B,$00979B40]
    CONST$00AAC4E0 k4  1.0
    CONST$00AAC4E8 k5  2.0
    CONST$00AAC4F0 k6  'number' [h=77DB8760,$00982720]
    CONST$00AAC4F8 k7  'util_PrintDebugMsg' [h=A2961C17,$00A11FC0]
    CONST$00AAC500 k8  '[gameflow.lua] gameflow_EvaluateChapterCondition: ' [h=2E2B7FAA,$00A994C0]
    CONST$00AAC508 k9  'NOT ' [h=0057622A,$00980100]
    CONST$00AAC510 k10 ' <= ' [h=00540F4E,$009A22E0]
    CONST$00AAC518 k11 '? ' [h=00000CF5,$009982A0]
    CONST$00AAC520 k12 'tostring' [h=787EB105,$00990700]
    CONST$00AAC528 k13 '\n' [h=0000002B,$009A7280]
    CONST$00AAC530 k14 '[gameflow.lua] gameflow_EvaluateChapterCondition: cumulative chapter condition test results: ' [h=25D8A71B,$00A618C0]
    CODE $00CB1580
      000 02000002  LOADBOOL r2 := False
      001 03000005 GETGLOBAL r3 := _G[k0 ('gameflow_IsNegationCondition' [h=77078C6B,$00A37A40])]
      002 04008000      MOVE r4 := r1
      003 030100D9      CALL r3 (1 args) => 2 results
      004 05000045 GETGLOBAL r5 := _G[k1 ('ipairs' [h=B6F4A157,$00990680])]
      005 06020000      MOVE r6 := r4
      006 05010159      CALL r5 (1 args) => 4 results
      007 05800BDE  TFORPREP WIP
      008 09050003   LOADNIL r9 ... r10
      009 0B000085 GETGLOBAL r11 := _G[k2 ('type' [h=0070EF71,$00990720])]
      010 0C040000      MOVE r12 := r8
      011 0B010099      CALL r11 (1 args) => 1 results
      012 0005BF55       BEQ r11 == k3 ('table' [h=10F2114B,$00979B40])
      013 00800094       JMP +3 ; 17
      014 09043F86  GETTABLE r9 := r8[k4 (1.0)]
      015 0A043FC6  GETTABLE r10 := r8[k5 (2.0)]
      016 008000D4       JMP +4 ; 21
      017 0005C015       BEQ r11 == k6 ('number' [h=77DB8760,$00982720])
      018 00800054       JMP +2 ; 21
      019 09040000      MOVE r9 := r8
      020 0A048000      MOVE r10 := r9
      021 0C0001C5 GETGLOBAL r12 := _G[k7 ('util_PrintDebugMsg' [h=A2961C17,$00A11FC0])]
      022 0D000201     LOADK r13 := k8 ('[gameflow.lua] gameflow_EvaluateChapterCondition: ' [h=2E2B7FAA,$00A994C0])
      023 0C010059      CALL r12 (1 args) => 0 results
      024 03018018      TEST not r3: r3 := r3 ; or skip
      025 00800094       JMP +3 ; 29
      026 0C0001C5 GETGLOBAL r12 := _G[k7 ('util_PrintDebugMsg' [h=A2961C17,$00A11FC0])]
      027 0D000241     LOADK r13 := k9 ('NOT ' [h=0057622A,$00980100])
      028 0C010059      CALL r12 (1 args) => 0 results
      029 0C0001C5 GETGLOBAL r12 := _G[k7 ('util_PrintDebugMsg' [h=A2961C17,$00A11FC0])]
      030 0D048000      MOVE r13 := r9
      031 0E000281     LOADK r14 := k10 (' <= ' [h=00540F4E,$009A22E0])
      032 0F000000      MOVE r15 := r0
      033 10000281     LOADK r16 := k10 (' <= ' [h=00540F4E,$009A22E0])
      034 11050000      MOVE r17 := r10
      035 120002C1     LOADK r18 := k11 ('? ' [h=00000CF5,$009982A0])
      036 0D068493    CONCAT r13 := r13 ... r18
      037 0C010059      CALL r12 (1 args) => 0 results
      038 02010058      TEST r2: r2 := r2 ; or skip
      039 00800154       JMP +6 ; 46
      040 00048017       BLE r9 <= r0
      041 00800054       JMP +2 ; 44
      042 01000297       BGT r0 > r10
      043 00800014       JMP +1 ; 45
      044 02000042  LOADBOOL r2 := False ; br 46
      045 02008002  LOADBOOL r2 := True
      046 0C0001C5 GETGLOBAL r12 := _G[k7 ('util_PrintDebugMsg' [h=A2961C17,$00A11FC0])]
      047 0D000305 GETGLOBAL r13 := _G[k12 ('tostring' [h=787EB105,$00990700])]
      048 0E010000      MOVE r14 := r2
      049 0D010099      CALL r13 (1 args) => 1 results
      050 0E000341     LOADK r14 := k13 ('\n' [h=0000002B,$009A7280])
      051 0D068393    CONCAT r13 := r13 ... r14
      052 0C010059      CALL r12 (1 args) => 0 results
      053 02010018      TEST not r2: r2 := r2 ; or skip
      054 00800014       JMP +1 ; 56
      055 00800054       JMP +2 ; 58
      056 0500005D  TFORLOOP WIP
      057 007FF354       JMP -50 ; 8
      058 03018018      TEST not r3: r3 := r3 ; or skip
      059 00800014       JMP +1 ; 61
      060 02010012       NOT r2 := not r2
      061 050001C5 GETGLOBAL r5 := _G[k7 ('util_PrintDebugMsg' [h=A2961C17,$00A11FC0])]
      062 06000381     LOADK r6 := k14 ('[gameflow.lua] gameflow_EvaluateChapterCondition: cumulative chapter condition test results: ' [h=25D8A71B,$00A618C0])
      063 07000305 GETGLOBAL r7 := _G[k12 ('tostring' [h=787EB105,$00990700])]
      064 08010000      MOVE r8 := r2
      065 07010099      CALL r7 (1 args) => 1 results
      066 08000341     LOADK r8 := k13 ('\n' [h=0000002B,$009A7280])
      067 06030213    CONCAT r6 := r6 ... r8
      068 05010059      CALL r5 (1 args) => 0 results
      069 0201001B    RETURN r2 ... r2
      070 0000801B    RETURN r0 ... r-1
  [Node$01CA80FC] 'RS_AFLG_NOHEAD' [h=811D0C13,$0098F080]: 16.0
  [Node$01CA8124] 'VerificationTargetNearStatusChange' [h=73EE3415,$00A2F740]: function$009A2440 'VerificationTargetNearStatusChange' [h=73EE3415,$00A2F740]
    CONST$00AB29C0 k0  'mission_tTargets' [h=28796635,$009DFD00]
    CONST$00AB29C8 k1  'Utility_GetActorAsInt' [h=A2B359A3,$00A0FF40]
    CONST$00AB29D0 k2  'util_PrintDebugMsg' [h=A2961C17,$00A11FC0]
    CONST$00AB29D8 k3  '\n[OBJECTIVEVERIFY] unmarked verification target ' [h=CB77247C,$00AB8AC0]
    CONST$00AB29E0 k4  'actorName' [h=4EB2E2FD,$00997FC0]
    CONST$00AB29E8 k5  ' near\n' [h=A9D2D8B4,$0099B060]
    CONST$00AB29F0 k6  'CreateVerificationTargetBlip' [h=3986CCCA,$00A0F400]
    CONST$00AB29F8 k7  'StartCardMusic' [h=F2FB054F,$009A8880]
    CONST$00AB2A00 k8  ' far\n' [h=0B8AF456,$009A3C60]
    CONST$00AB2A08 k9  'RemoveVerificationTargetBlip' [h=399A40BF,$00A23A40]
    CONST$00AB2A10 k10 'StopCardMusic' [h=A5D2DCD6,$009A9680]
    CONST$00AB2A18 k11 'SetupEventVerificationTargetNearStatusChange' [h=6D3221BD,$00A290C0]
    CODE $00BFB300
      000 04000005 GETGLOBAL r4 := _G[k0 ('mission_tTargets' [h=28796635,$009DFD00])]
      001 05000045 GETGLOBAL r5 := _G[k1 ('Utility_GetActorAsInt' [h=A2B359A3,$00A0FF40])]
      002 06008000      MOVE r6 := r1
      003 05010099      CALL r5 (1 args) => 1 results
      004 04020146  GETTABLE r4 := r4[r5]
      005 05000085 GETGLOBAL r5 := _G[k2 ('util_PrintDebugMsg' [h=A2961C17,$00A11FC0])]
      006 060000C1     LOADK r6 := k3 ('\n[OBJECTIVEVERIFY] unmarked verification target ' [h=CB77247C,$00AB8AC0])
      007 07023F86  GETTABLE r7 := r4[k4 ('actorName' [h=4EB2E2FD,$00997FC0])]
      008 060301D3    CONCAT r6 := r6 ... r7
      009 05010059      CALL r5 (1 args) => 0 results
      010 03018018      TEST not r3: r3 := r3 ; or skip
      011 00800214       JMP +9 ; 21
      012 05000085 GETGLOBAL r5 := _G[k2 ('util_PrintDebugMsg' [h=A2961C17,$00A11FC0])]
      013 06000141     LOADK r6 := k5 (' near\n' [h=A9D2D8B4,$0099B060])
      014 05010059      CALL r5 (1 args) => 0 results
      015 05000185 GETGLOBAL r5 := _G[k6 ('CreateVerificationTargetBlip' [h=3986CCCA,$00A0F400])]
      016 06020000      MOVE r6 := r4
      017 05010059      CALL r5 (1 args) => 0 results
      018 050001C5 GETGLOBAL r5 := _G[k7 ('StartCardMusic' [h=F2FB054F,$009A8880])]
      019 05008059      CALL r5 (0 args) => 0 results
      020 008001D4       JMP +8 ; 29
      021 05000085 GETGLOBAL r5 := _G[k2 ('util_PrintDebugMsg' [h=A2961C17,$00A11FC0])]
      022 06000201     LOADK r6 := k8 (' far\n' [h=0B8AF456,$009A3C60])
      023 05010059      CALL r5 (1 args) => 0 results
      024 05000245 GETGLOBAL r5 := _G[k9 ('RemoveVerificationTargetBlip' [h=399A40BF,$00A23A40])]
      025 06020000      MOVE r6 := r4
      026 05010059      CALL r5 (1 args) => 0 results
      027 05000285 GETGLOBAL r5 := _G[k10 ('StopCardMusic' [h=A5D2DCD6,$009A9680])]
      028 05008059      CALL r5 (0 args) => 0 results
      029 050002C5 GETGLOBAL r5 := _G[k11 ('SetupEventVerificationTargetNearStatusChange' [h=6D3221BD,$00A290C0])]
      030 06020000      MOVE r6 := r4
      031 07018012       NOT r7 := not r3
      032 05018059      CALL r5 (2 args) => 0 results
      033 0000801B    RETURN r0 ... r-1
  [Node$01CA814C] 'Tooltip_Debug' [h=7F31FC17,$00980F40]: function$00988940[1] 'Tooltip_Debug' [h=7F31FC17,$00980F40]
    CONST$00A33940 k0  nil
    CONST$00A33948 k1  'Debug_Printf' [h=445430CF,$0098B6A0]
    CONST$00A33950 k2  '[TOOLTIP] ' [h=ADF254DA,$00980660]
    CONST$00A33958 k3  'tostring' [h=787EB105,$00990700]
    CONST$00A33960 k4  '\n' [h=0000002B,$009A7280]
    CODE $00A30780
      000 01000004  GETUPVAL r1 := u0
      001 01008018      TEST not r1: r1 := r1 ; or skip
      002 00800254       JMP +10 ; 13
      003 01003E95       BNE r0 != k0 (nil)
      004 008001D4       JMP +8 ; 13
      005 01000045 GETGLOBAL r1 := _G[k1 ('Debug_Printf' [h=445430CF,$0098B6A0])]
      006 02000081     LOADK r2 := k2 ('[TOOLTIP] ' [h=ADF254DA,$00980660])
      007 030000C5 GETGLOBAL r3 := _G[k3 ('tostring' [h=787EB105,$00990700])]
      008 04000000      MOVE r4 := r0
      009 03010099      CALL r3 (1 args) => 1 results
      010 04000101     LOADK r4 := k4 ('\n' [h=0000002B,$009A7280])
      011 02010113    CONCAT r2 := r2 ... r4
      012 01010059      CALL r1 (1 args) => 0 results
      013 0000801B    RETURN r0 ... r-1
  [Node$01CA8188] 'Building_SiloPrepare' [h=A1A96C1A,$00A0E300]: cfunction$002F7F68 'Building_SiloPrepare' [h=A1A96C1A,$00A0E300]
  [Node$01CA819C] 'Actor_EnableScriptedUse' [h=2140441B,$009FBF80]: cfunction$002AD5A0 'Actor_EnableScriptedUse' [h=2140441B,$009FBF80]
  [Node$01CA81C4] 'RS_AFLG_DRIVE' [h=4916C41D,$0098F020]: 2.0
  [Node$01CA81D8] 'gameflow_SetupEventCardIsNear' [h=12E1AC1E,$00A2CE40]: function$0097AEA0 'gameflow_SetupEventCardIsNear' [h=12E1AC1E,$00A2CE40]
    CONST$00979EA0 k0  'Event_ActorToActorProximity' [h=33FEE622,$009DED80]
    CONST$00979EA8 k1  'gameflow_CardIsNear' [h=CF58EF7F,$00A2CD40]
    CONST$00979EB0 k2  'b' [h=00000083,$009960C0]
    CODE $00A2CAC0
      000 04000005 GETGLOBAL r4 := _G[k0 ('Event_ActorToActorProximity' [h=33FEE622,$009DED80])]
      001 05000041     LOADK r5 := k1 ('gameflow_CardIsNear' [h=CF58EF7F,$00A2CD40])
      002 06000081     LOADK r6 := k2 ('b' [h=00000083,$009960C0])
      003 07000000      MOVE r7 := r0
      004 08008000      MOVE r8 := r1
      005 09010000      MOVE r9 := r2
      006 0A018000      MOVE r10 := r3
      007 0403801A  TAILCALL r4 (6 args)
      008 0400001B    RETURN r4 ... r2
      009 0000801B    RETURN r0 ... r-1
  [Node$01CA8228] 'Actor_IsFacing' [h=D419BC22,$00977AE0]: cfunction$002AC8C0 'Actor_IsFacing' [h=D419BC22,$00977AE0]
  [Node$01CA823C] 'Event_AiCommandQueueClear' [h=D557BC23,$009FF800]: cfunction$002BC400 'Event_AiCommandQueueClear' [h=D557BC23,$009FF800]
  [Node$01CA8250] 'RS_AFLG_LOOP' [h=60AE7424,$0098F0C0]: 1.0
  [Node$01CA8264] 'challenge_Recycler_Show' [h=BA823C25,$009FC3C0]: function$00989920 'challenge_Recycler_Show' [h=BA823C25,$009FC3C0]
    CONST$00AB67C0 k0  'challenge_Recycler_ClearTable' [h=895D11AF,$009DCAC0]
    CONST$00AB67C8 k1  'tEventHandlesForDetectSpend' [h=CED2841B,$00A09DC0]
    CONST$00AB67D0 k2  'bStarterIsSpent' [h=5FEBD8E8,$009C7EE0]
    CONST$00AB67D8 k3  nil
    CONST$00AB67E0 k4  'challenge_Recycler_Unsetup' [h=BA0ADE8E,$009E1D00]
    CONST$00AB67E8 k5  'challenge_Recycler_WaitForReinitOpportunity' [h=E437AA1D,$009E6000]
    CONST$00AB67F0 k6  'sCurrentChallengeStarter' [h=AFEC3F39,$00A01740]
    CONST$00AB67F8 k7  'Utility_GetActor' [h=077E9779,$00A06B80]
    CONST$00AB6800 k8  'player0' [h=316752BF,$009A6AC0]
    CONST$00AB6808 k9  'challenge_Recycler_Setup' [h=5A6A83CF,$00A10080]
    CODE $00AB2440
      000 01000005 GETGLOBAL r1 := _G[k0 ('challenge_Recycler_ClearTable' [h=895D11AF,$009DCAC0])]
      001 02003EC6  GETTABLE r2 := r0[k1 ('tEventHandlesForDetectSpend' [h=CED2841B,$00A09DC0])]
      002 01010059      CALL r1 (1 args) => 0 results
      003 01003F06  GETTABLE r1 := r0[k2 ('bStarterIsSpent' [h=5FEBD8E8,$009C7EE0])]
      004 01008018      TEST not r1: r1 := r1 ; or skip
      005 008001D4       JMP +8 ; 14
      006 007E3F49  SETTABLE k3 (nil) ->> r0[k2 ('bStarterIsSpent' [h=5FEBD8E8,$009C7EE0])]
      007 01000105 GETGLOBAL r1 := _G[k4 ('challenge_Recycler_Unsetup' [h=BA0ADE8E,$009E1D00])]
      008 02000000      MOVE r2 := r0
      009 01010059      CALL r1 (1 args) => 0 results
      010 01000145 GETGLOBAL r1 := _G[k5 ('challenge_Recycler_WaitForReinitOpportunity' [h=E437AA1D,$009E6000])]
      011 02000000      MOVE r2 := r0
      012 01010059      CALL r1 (1 args) => 0 results
      013 00800394       JMP +15 ; 29
      014 01004006  GETTABLE r1 := r0[k6 ('sCurrentChallengeStarter' [h=AFEC3F39,$00A01740])]
      015 01008018      TEST not r1: r1 := r1 ; or skip
      016 008002D4       JMP +12 ; 29
      017 010001C5 GETGLOBAL r1 := _G[k7 ('Utility_GetActor' [h=077E9779,$00A06B80])]
      018 02000201     LOADK r2 := k8 ('player0' [h=316752BF,$009A6AC0])
      019 01010099      CALL r1 (1 args) => 1 results
      020 02004006  GETTABLE r2 := r0[k6 ('sCurrentChallengeStarter' [h=AFEC3F39,$00A01740])]
      021 030001C5 GETGLOBAL r3 := _G[k7 ('Utility_GetActor' [h=077E9779,$00A06B80])]
      022 04010000      MOVE r4 := r2
      023 03010099      CALL r3 (1 args) => 1 results
      024 04000245 GETGLOBAL r4 := _G[k9 ('challenge_Recycler_Setup' [h=5A6A83CF,$00A10080])]
      025 05000000      MOVE r5 := r0
      026 06008000      MOVE r6 := r1
      027 07018000      MOVE r7 := r3
      028 04020059      CALL r4 (3 args) => 0 results
      029 0000801B    RETURN r0 ... r-1
  [Node$01CA82C8] 'Actor_IsSubdued' [h=050D442A,$00977800]: cfunction$002A8E10 'Actor_IsSubdued' [h=050D442A,$00977800]
  [Node$01CA82F0] 'Utility_WriteMissionData' [h=CF74742C,$009DAF40]: cfunction$002C67E0 'Utility_WriteMissionData' [h=CF74742C,$009DAF40]
  [Node$01CA8304] 'Event_PlayerUsesWeapon' [h=D83B742D,$009FD480]: cfunction$002BE448 'Event_PlayerUsesWeapon' [h=D83B742D,$009FD480]
  [Node$01CA8340] 'TeleportBetweenQuadrants' [h=FE3A0430,$009DE640]: function$009A7BA0 'TeleportBetweenQuadrants' [h=FE3A0430,$009DE640]
    CONST$00A0AD40 k0  'Utility_SavePlayerData' [h=808E8486,$00A06100]
    CONST$00A0AD48 k1  'Utility_ReadStringFromScribbleMemory' [h=5455F3B9,$00A0B700]
    CONST$00A0AD50 k2  'SkipTo_Map' [h=F88EFA9D,$009A69E0]
    CONST$00A0AD58 k3  'nw' [h=0000178E,$009C3CA0]
    CONST$00A0AD60 k4  'Utility_ResetToBaseLayerOnly' [h=05E8CF2B,$00A0D200]
    CONST$00A0AD68 k5  'sw' [h=000017F5,$009AA280]
    CODE $00B1DDC0
      000 00000005 GETGLOBAL r0 := _G[k0 ('Utility_SavePlayerData' [h=808E8486,$00A06100])]
      001 00008059      CALL r0 (0 args) => 0 results
      002 00000045 GETGLOBAL r0 := _G[k1 ('Utility_ReadStringFromScribbleMemory' [h=5455F3B9,$00A0B700])]
      003 01000081     LOADK r1 := k2 ('SkipTo_Map' [h=F88EFA9D,$009A69E0])
      004 00010099      CALL r0 (1 args) => 1 results
      005 00003F55       BEQ r0 == k3 ('nw' [h=0000178E,$009C3CA0])
      006 008000D4       JMP +4 ; 11
      007 01000105 GETGLOBAL r1 := _G[k4 ('Utility_ResetToBaseLayerOnly' [h=05E8CF2B,$00A0D200])]
      008 02000141     LOADK r2 := k5 ('sw' [h=000017F5,$009AA280])
      009 01010059      CALL r1 (1 args) => 0 results
      010 00800114       JMP +5 ; 16
      011 00003FD5       BEQ r0 == k5 ('sw' [h=000017F5,$009AA280])
      012 00800094       JMP +3 ; 16
      013 01000105 GETGLOBAL r1 := _G[k4 ('Utility_ResetToBaseLayerOnly' [h=05E8CF2B,$00A0D200])]
      014 020000C1     LOADK r2 := k3 ('nw' [h=0000178E,$009C3CA0])
      015 01010059      CALL r1 (1 args) => 0 results
      016 0000801B    RETURN r0 ... r-1
  [Node$01CA8354] 'challenge_HideAll' [h=CF3D9431,$00A02340]: function$00983B60 'challenge_HideAll' [h=CF3D9431,$00A02340]
    CONST$00999FE0 k0  'ipairs' [h=B6F4A157,$00990680]
    CONST$00999FE8 k1  'g_tChallengeInstances' [h=C90043F1,$009E3940]
    CONST$00999FF0 k2  'challenge_Recycler_Hide' [h=C6CFE144,$00A40380]
    CODE $009EF7C0
      000 00000005 GETGLOBAL r0 := _G[k0 ('ipairs' [h=B6F4A157,$00990680])]
      001 01000045 GETGLOBAL r1 := _G[k1 ('g_tChallengeInstances' [h=C90043F1,$009E3940])]
      002 00010159      CALL r0 (1 args) => 4 results
      003 0080009E  TFORPREP WIP
      004 04000085 GETGLOBAL r4 := _G[k2 ('challenge_Recycler_Hide' [h=C6CFE144,$00A40380])]
      005 05018000      MOVE r5 := r3
      006 04010059      CALL r4 (1 args) => 0 results
      007 0000005D  TFORLOOP WIP
      008 007FFE94       JMP -5 ; 4
      009 0000801B    RETURN r0 ... r-1
  [Node$01CA8368] 'util_PrintMsg' [h=8493EC32,$00992AA0]: function$009950E0 'util_PrintMsg' [h=8493EC32,$00992AA0]
    CONST$00998660 k0  'util_PrintDebugMsg' [h=A2961C17,$00A11FC0]
    CONST$00998668 k1  'bHudOutput' [h=448C87A5,$009A6CA0]
    CONST$00998670 k2  'Ui_PrintHudMessage' [h=079D2035,$00A25200]
    CODE $00A3CA00
      000 01000005 GETGLOBAL r1 := _G[k0 ('util_PrintDebugMsg' [h=A2961C17,$00A11FC0])]
      001 02000000      MOVE r2 := r0
      002 01010059      CALL r1 (1 args) => 0 results
      003 01000045 GETGLOBAL r1 := _G[k1 ('bHudOutput' [h=448C87A5,$009A6CA0])]
      004 01008018      TEST not r1: r1 := r1 ; or skip
      005 00800094       JMP +3 ; 9
      006 01000085 GETGLOBAL r1 := _G[k2 ('Ui_PrintHudMessage' [h=079D2035,$00A25200])]
      007 02000000      MOVE r2 := r0
      008 01010059      CALL r1 (1 args) => 0 results
      009 0000801B    RETURN r0 ... r-1
  [Node$01CA83F4] 'Ai_Anchor' [h=FD969439,$0098D600]: cfunction$002B3168 'Ai_Anchor' [h=FD969439,$0098D600]
  [Node$01CA8430] 'TourGuide_OnExit' [h=12AAE43C,$00A32A40]: function$009ABC20[1] 'TourGuide_OnExit' [h=12AAE43C,$00A32A40]
    CONST$00AC94C0 k0  'Debug_Printf' [h=445430CF,$0098B6A0]
    CONST$00AC94C8 k1  ' . . . TourGuide_OnExit: ' [h=9D5B833A,$00A31D00]
    CONST$00AC94D0 k2  'tostring' [h=787EB105,$00990700]
    CONST$00AC94D8 k3  '\n' [h=0000002B,$009A7280]
    CONST$00AC94E0 k4  'Utility_WriteStringToScribbleMemory' [h=5E8C6272,$00A3FBC0]
    CONST$00AC94E8 k5  'tourguide_current_poi' [h=6D66C783,$00A31CC0]
    CONST$00AC94F0 k6  'none' [h=0077FE1F,$009A7B40]
    CONST$00AC94F8 k7  'Event' [h=11BA1936,$00988840]
    CONST$00AC9500 k8  'Event_ActorInBoundary' [h=5BF73290,$009D5540]
    CONST$00AC9508 k9  'TourGuide_OnEnter' [h=E92BCB4E,$00A2FDC0]
    CONST$00AC9510 k10 'b' [h=00000083,$009960C0]
    CONST$00AC9518 k11 'LastExitedLineRegion' [h=05A1634D,$00A30A40]
    CONST$00AC9520 k12 'LastExitedTime' [h=E449B93A,$009C7C20]
    CONST$00AC9528 k13 'Mission_GetTime' [h=DFD82BBD,$0098D5E0]
    CODE $00AC8F40
      000 02000005 GETGLOBAL r2 := _G[k0 ('Debug_Printf' [h=445430CF,$0098B6A0])]
      001 03000041     LOADK r3 := k1 (' . . . TourGuide_OnExit: ' [h=9D5B833A,$00A31D00])
      002 04000085 GETGLOBAL r4 := _G[k2 ('tostring' [h=787EB105,$00990700])]
      003 05008000      MOVE r5 := r1
      004 04010099      CALL r4 (1 args) => 1 results
      005 050000C1     LOADK r5 := k3 ('\n' [h=0000002B,$009A7280])
      006 03018153    CONCAT r3 := r3 ... r5
      007 02010059      CALL r2 (1 args) => 0 results
      008 02000105 GETGLOBAL r2 := _G[k4 ('Utility_WriteStringToScribbleMemory' [h=5E8C6272,$00A3FBC0])]
      009 03000141     LOADK r3 := k5 ('tourguide_current_poi' [h=6D66C783,$00A31CC0])
      010 04000181     LOADK r4 := k6 ('none' [h=0077FE1F,$009A7B40])
      011 02018059      CALL r2 (2 args) => 0 results
      012 02000004  GETUPVAL r2 := u0
      013 02010046  GETTABLE r2 := r2[r1]
      014 03000205 GETGLOBAL r3 := _G[k8 ('Event_ActorInBoundary' [h=5BF73290,$009D5540])]
      015 04000241     LOADK r4 := k9 ('TourGuide_OnEnter' [h=E92BCB4E,$00A2FDC0])
      016 05000281     LOADK r5 := k10 ('b' [h=00000083,$009960C0])
      017 06000000      MOVE r6 := r0
      018 07008000      MOVE r7 := r1
      019 08008002  LOADBOOL r8 := True
      020 03030099      CALL r3 (5 args) => 1 results
      021 028080C9  SETTABLE r3 ->> r2[k7 ('Event' [h=11BA1936,$00988840])]
      022 02000004  GETUPVAL r2 := u0
      023 02828049  SETTABLE r1 ->> r2[k11 ('LastExitedLineRegion' [h=05A1634D,$00A30A40])]
      024 02000004  GETUPVAL r2 := u0
      025 03000345 GETGLOBAL r3 := _G[k13 ('Mission_GetTime' [h=DFD82BBD,$0098D5E0])]
      026 03008099      CALL r3 (0 args) => 1 results
      027 028300C9  SETTABLE r3 ->> r2[k12 ('LastExitedTime' [h=E449B93A,$009C7C20])]
      028 0000801B    RETURN r0 ... r-1
  [Node$01CA84A8] 'tSW_challenge_deliver_nab_01' [h=3632D442,$009CC180]: table$009846E0[a=0,h=32]
  [Node$01CA84BC] 'UTIL_DEBUG_LUA_LOADED' [h=EF122443,$00A3CC40]: 1.0
  [Node$01CA8584] 'Actor_IsPlayer' [h=F019E44D,$009777C0]: cfunction$002AAAB8 'Actor_IsPlayer' [h=F019E44D,$009777C0]
  [Node$01CA85AC] 'Ai_GetFaction' [h=0CB7644F,$0098E5C0]: cfunction$002B2800 'Ai_GetFaction' [h=0CB7644F,$0098E5C0]
  [Node$01CA85C0] 'Actor_StopAnimation' [h=41409C50,$009FFE80]: cfunction$002AE7E0 'Actor_StopAnimation' [h=41409C50,$009FFE80]
  [Node$01CA85D4] 'ActorVehicle_GetNumPassengers' [h=91186C51,$009DB680]: cfunction$002AFDB0 'ActorVehicle_GetNumPassengers' [h=91186C51,$009DB680]
  [Node$01CA85FC] 'VerificationTargetSubduedAndVerified' [h=AE447453,$009EEAC0]: function$0098E060 'VerificationTargetSubduedAndVerified' [h=AE447453,$009EEAC0]
    CONST$00A2DDC0 k0  'mission_tTargets' [h=28796635,$009DFD00]
    CONST$00A2DDC8 k1  'Utility_GetActorAsInt' [h=A2B359A3,$00A0FF40]
    CONST$00A2DDD0 k2  'VerificationTargetVerified' [h=D7E1760C,$009DAEC0]
    CONST$00A2DDD8 k3  'mission_tObjectives' [h=B4A8BCEB,$00A252C0]
    CONST$00A2DDE0 k4  'objectiveName' [h=2337C7CC,$0097D2C0]
    CONST$00A2DDE8 k5  'callbackFunc' [h=1E1CD035,$00987000]
    CONST$00A2DDF0 k6  'actorName' [h=4EB2E2FD,$00997FC0]
    CONST$00A2DDF8 k7  'FALSE' [h=0E4B730F,$009965C0]
    CODE $00A31C80
      000 01000005 GETGLOBAL r1 := _G[k0 ('mission_tTargets' [h=28796635,$009DFD00])]
      001 02000045 GETGLOBAL r2 := _G[k1 ('Utility_GetActorAsInt' [h=A2B359A3,$00A0FF40])]
      002 03000000      MOVE r3 := r0
      003 02010099      CALL r2 (1 args) => 1 results
      004 01008086  GETTABLE r1 := r1[r2]
      005 02000085 GETGLOBAL r2 := _G[k2 ('VerificationTargetVerified' [h=D7E1760C,$009DAEC0])]
      006 03008000      MOVE r3 := r1
      007 02010059      CALL r2 (1 args) => 0 results
      008 020000C5 GETGLOBAL r2 := _G[k3 ('mission_tObjectives' [h=B4A8BCEB,$00A252C0])]
      009 0300BF86  GETTABLE r3 := r1[k4 ('objectiveName' [h=2337C7CC,$0097D2C0])]
      010 020100C6  GETTABLE r2 := r2[r3]
      011 02013FC6  GETTABLE r2 := r2[k5 ('callbackFunc' [h=1E1CD035,$00987000])]
      012 0300C006  GETTABLE r3 := r1[k6 ('actorName' [h=4EB2E2FD,$00997FC0])]
      013 040001C5 GETGLOBAL r4 := _G[k7 ('FALSE' [h=0E4B730F,$009965C0])]
      014 02018059      CALL r2 (2 args) => 0 results
      015 0000801B    RETURN r0 ... r-1
  [Node$01CA8610] 'Ai_Takeoff' [h=C0AC1454,$009C77E0]: cfunction$002B2188 'Ai_Takeoff' [h=C0AC1454,$009C77E0]
  [Node$01CA8638] 'tSW_challenge_deliver_pyn_01' [h=3CC49C56,$009DA980]: table$00984B80[a=0,h=32]
  [Node$01CA864C] 'tDefault_spawn_ActorTableSettings' [h=716F1C57,$00A297C0]: table$009A2DA0[a=0,h=32]
    [Node$00D93FE8] 'nLocationsMax' [h=4D3F5402,$00989DA0]: nil
    [Node$00D93FFC] 'tNameCollision' [h=BA06ED43,$009ABC00]: table$009819A0[a=0,h=16]
      [Node$00C84594] 'bCheckForRiders' [h=902CCF51,$0099A180]: True
      [Node$00C845A8] 'bDormantDelete' [h=3146F242,$009A1040]: False
      [Node$00C845BC] 'nDistanceFromPlayerDelete' [h=85C78523,$00A0BC00]: nil
      [Node$00C845D0] 'bDelete' [h=B7108194,$0099EBE0]: False
      [Node$00C84620] 'bResetSettings' [h=8419CD38,$00994700]: False
      [Node$00C84670] 'bResetToHome' [h=35A98384,$00985EE0]: False
      [Node$00C84684] 'fCallback' [h=C204E03D,$009C3AA0]: nil
      [Node$00C84698] 'bRemoveNamedRiders' [h=B01EE30E,$009E8B80]: False
      [Node$00C846AC] 'bUnique' [h=9233073F,$009A4A20]: True
    [Node$00D94024] 'fSetup' [h=9C855945,$0097EAC0]: nil
    [Node$00D9404C] 'nYawMax' [h=AA900907,$009A4100]: nil
    [Node$00D94060] 'sNameBase' [h=272F9148,$0099FE40]: nil
    [Node$00D940B0] 'nNameBaseStartIndex' [h=EC2E230C,$00A31000]: 1.0
    [Node$00D94114] 'sSquad' [h=7089B391,$009C60E0]: nil
    [Node$00D9413C] 'nYawMin' [h=09CC3293,$009AA7E0]: nil
    [Node$00D94178] 'bInvincible' [h=4FA74776,$00980D80]: False
    [Node$00D941B4] 'bYawRandom' [h=18F4BE79,$009964C0]: False
    [Node$00D941F0] 'bReturnSpawnedOnly' [h=B21176FC,$00A0E6C0]: False
    [Node$00D94218] 'bQueue' [h=4837AE19,$00998DE0]: False
    [Node$00D9422C] 'bDeleteLoc' [h=52ECBEBF,$00992BC0]: False
  [Node$01CA869C] 'nenc_ff3210' [h=4EF80C5B,$009A9FA0]: table$009C5360[a=0,h=4]
    [Node$00ACB454] 'tLocationObjectsA' [h=2C5376F5,$00A01980]: table$0099D600[a=8,h=1]
      [0:$00A04740] 'ff3210_1' [h=0E0F42A9,$00989640]
      [1:$00A04748] 'ff3210_2' [h=78ADFF8B,$009C6EE0]
      [2:$00A04750] 'ff3210_3' [h=A7E19135,$009A1BC0]
      [3:$00A04758] 'ff3210_4' [h=D170BF67,$009A57A0]
      [4:$00A04760] 'ff3210_5' [h=93CF49A6,$0099B9E0]
      [5:$00A04768] 'ff3210_6' [h=F0C2D02F,$0099D1E0]
      [6:$00A04770] 'ff3210_7' [h=99CAF06F,$00981480]
      [7:$00A04778] 'ff3210_8' [h=72C2D165,$009A8240]
    [Node$00ACB468] 'sEncounter' [h=4CD961D9,$009A5C20]: 'ff3210' [h=FC6BC058,$00996FC0]
    [Node$00ACB47C] 'tLocationObjectsB' [h=CEC61813,$00A073C0]: table$009C79C0[a=8,h=1]
      [0:$00A33240] 'ff3210_9' [h=F3580617,$0097C780]
      [1:$00A33248] 'ff3210_10' [h=BFE0A1C6,$0099D1A0]
      [2:$00A33250] 'ff3210_11' [h=EC65DF4D,$0097C9A0]
      [3:$00A33258] 'ff3210_12' [h=666A826D,$00991C20]
      [4:$00A33260] 'ff3210_13' [h=039A345A,$0098DE00]
      [5:$00A33268] 'ff3210_14' [h=C31836C9,$009A5AC0]
      [6:$00A33270] 'ff3210_15' [h=8D5B2AC9,$0097F480]
      [7:$00A33278] 'ff3210_16' [h=81ECF039,$00995F60]
  [Node$01CA86B0] 'util_MissionAssetNumToMissionSeqNum' [h=D715C45C,$009FF880]: function$009A1700 'util_MissionAssetNumToMissionSeqNum' [h=D715C45C,$009FF880]
    CONST$009608D0 k0  'util_GetMissionArcTable' [h=7D75105B,$00A3C500]
    CONST$009608D8 k1  'ipairs' [h=B6F4A157,$00990680]
    CODE $00A3ACC0
      000 03000005 GETGLOBAL r3 := _G[k0 ('util_GetMissionArcTable' [h=7D75105B,$00A3C500])]
      001 03008099      CALL r3 (0 args) => 1 results
      002 04020003   LOADNIL r4 ... r4
      003 05000045 GETGLOBAL r5 := _G[k1 ('ipairs' [h=B6F4A157,$00990680])]
      004 06018046  GETTABLE r6 := r3[r1]
      005 06030006  GETTABLE r6 := r6[r0]
      006 05010159      CALL r5 (1 args) => 4 results
      007 058000DE  TFORPREP WIP
      008 00040095       BEQ r8 == r2
      009 00800054       JMP +2 ; 12
      010 04038000      MOVE r4 := r7
      011 00800054       JMP +2 ; 14
      012 0500005D  TFORLOOP WIP
      013 007FFE54       JMP -6 ; 8
      014 0401001B    RETURN r4 ... r4
      015 0000801B    RETURN r0 ... r-1
  [Node$01CA86C4] 'challenge_deliver_nab_01_Start' [h=B96B3C5D,$009E4C80]: function$009C41E0 'challenge_deliver_nab_01_Start' [h=B96B3C5D,$009E4C80]
    CONST$009579F0 k0  'challenge_Recycler_Start' [h=26A0F7E1,$00A04240]
    CONST$009579F8 k1  'tSW_challenge_deliver_nab_01' [h=3632D442,$009CC180]
    CODE $00957A30
      000 00000005 GETGLOBAL r0 := _G[k0 ('challenge_Recycler_Start' [h=26A0F7E1,$00A04240])]
      001 01000045 GETGLOBAL r1 := _G[k1 ('tSW_challenge_deliver_nab_01' [h=3632D442,$009CC180])]
      002 00010059      CALL r0 (1 args) => 0 results
      003 0000801B    RETURN r0 ... r-1
  [Node$01CA86EC] 'Utility_StringRep' [h=7963A45F,$00A3EE00]: cfunction$002F8D18 'Utility_StringRep' [h=7963A45F,$00A3EE00]
  [Node$01CA8778] 'FirstTimeInChapter4' [h=975F9C66,$009D4180]: function$00993540 'FirstTimeInChapter4' [h=975F9C66,$009D4180]
    CONST$00A772C0 k0  'help_provinces' [h=96088014,$009A9A40]
    CONST$00A772C8 k1  'ipairs' [h=B6F4A157,$00990680]
    CONST$00A772D0 k2  'Mail_Post' [h=CC9FDE1E,$0098E400]
    CONST$00A772D8 k3  'Unlockable_AceOfHeartsMissionJustWon' [h=6AEDF28F,$00A24480]
    CONST$00A772E0 k4  'Utility_SavePlayerData' [h=808E8486,$00A06100]
    CONST$00A772E8 k5  'Ch4VO' [h=10BE403C,$009953C0]
    CONST$00A772F0 k6  'Event_RelativeTimer' [h=AD23F6E2,$00A3EA80]
    CONST$00A772F8 k7  'b' [h=00000083,$009960C0]
    CONST$00A77300 k8  3.0
    CODE $00A7DD40
      000 0000800A  NEWTABLE r0 := {} (#a=1, #h=0)
      001 01000001     LOADK r1 := k0 ('help_provinces' [h=96088014,$009A9A40])
      002 0000001F   SETLIST r0 [0]
      003 01000045 GETGLOBAL r1 := _G[k1 ('ipairs' [h=B6F4A157,$00990680])]
      004 02000000      MOVE r2 := r0
      005 01010159      CALL r1 (1 args) => 4 results
      006 0180009E  TFORPREP WIP
      007 05000085 GETGLOBAL r5 := _G[k2 ('Mail_Post' [h=CC9FDE1E,$0098E400])]
      008 06020000      MOVE r6 := r4
      009 05010059      CALL r5 (1 args) => 0 results
      010 0100005D  TFORLOOP WIP
      011 007FFE94       JMP -5 ; 7
      012 010000C5 GETGLOBAL r1 := _G[k3 ('Unlockable_AceOfHeartsMissionJustWon' [h=6AEDF28F,$00A24480])]
      013 01008059      CALL r1 (0 args) => 0 results
      014 01000105 GETGLOBAL r1 := _G[k4 ('Utility_SavePlayerData' [h=808E8486,$00A06100])]
      015 01008059      CALL r1 (0 args) => 0 results
      016 01000022   CLOSURE r1 := closure(0, r1...)
      017 01000147 SETGLOBAL r1 ->> _G[k5 ('Ch4VO' [h=10BE403C,$009953C0])]
      018 01000185 GETGLOBAL r1 := _G[k6 ('Event_RelativeTimer' [h=AD23F6E2,$00A3EA80])]
      019 02000141     LOADK r2 := k5 ('Ch4VO' [h=10BE403C,$009953C0])
      020 030001C1     LOADK r3 := k7 ('b' [h=00000083,$009960C0])
      021 04000201     LOADK r4 := k8 (3.0)
      022 01020059      CALL r1 (3 args) => 0 results
      023 0000801B    RETURN r0 ... r-1
  [Node$01CA87B4] 'gameflow_ModifyTrafficZones' [h=2B655469,$00A37C40]: function$009955A0 'gameflow_ModifyTrafficZones' [h=2B655469,$00A37C40]
    CONST$00CDFF40 k0  'trafficZones' [h=6C281FF5,$00997B00]
    CONST$00CDFF48 k1  'pairs' [h=12CC6B12,$009906A0]
    CONST$00CDFF50 k2  'util_PrintDebugMsg' [h=A2961C17,$00A11FC0]
    CONST$00CDFF58 k3  '[gameflow.lua] gameflow_ModifyTrafficZones: modifying traffic zone ' [h=2114DEEA,$00AAC040]
    CONST$00CDFF60 k4  '\n' [h=0000002B,$009A7280]
    CONST$00CDFF68 k5  'spawners' [h=5EA201D8,$009ABE80]
    CONST$00CDFF70 k6  'Traffic_ResetZoneSpawners' [h=D38E8042,$00A24EC0]
    CONST$00CDFF78 k7  'ipairs' [h=B6F4A157,$00990680]
    CONST$00CDFF80 k8  'weight' [h=922166CB,$009992E0]
    CONST$00CDFF88 k9  1.0
    CONST$00CDFF90 k10 'Traffic_AddZoneSpawner' [h=76414073,$009E0CC0]
    CONST$00CDFF98 k11 'template' [h=7CE5CAD2,$009A1120]
    CONST$00CDFFA0 k12 'cap' [h=0003518A,$009A3DC0]
    CONST$00CDFFA8 k13 'Traffic_SetZoneSpawnerCap' [h=8AB13811,$00A23840]
    CONST$00CDFFB0 k14 '[gameflow.lua] gameflow_ModifyTrafficZones: adding traffic template ' [h=68CE70C2,$00A90AC0]
    CONST$00CDFFB8 k15 ' (weight: ' [h=9B18C500,$009A9A60]
    CONST$00CDFFC0 k16 ', cap: ' [h=B31AB574,$009A4E40]
    CONST$00CDFFC8 k17 'tostring' [h=787EB105,$00990700]
    CONST$00CDFFD0 k18 ')\n' [h=00000973,$009A40C0]
    CONST$00CDFFD8 k19 'density' [h=78F59AB8,$0098AF40]
    CONST$00CDFFE0 k20 '[gameflow.lua] gameflow_ModifyTrafficZones: setting zone density to ' [h=6B2D3A48,$00A89640]
    CONST$00CDFFE8 k21 'Traffic_SetZoneDensity' [h=9D7F588E,$00A10E80]
    CONST$00CDFFF0 k22 'civSpawners' [h=A0E7B8F0,$009ABB60]
    CONST$00CDFFF8 k23 'Traffic_ResetZoneCivSpawners' [h=984D31BE,$00A24940]
    CONST$00CE0000 k24 'Traffic_AddZoneCivSpawner' [h=F3A13B5F,$00A25040]
    CONST$00CE0008 k25 '[gameflow.lua] gameflow_ModifyTrafficZones: adding civ traffic template ' [h=9599AEFB,$00AA0BC0]
    CONST$00CE0010 k26 'civDensity' [h=1B3040E2,$0099E1C0]
    CONST$00CE0018 k27 '[gameflow.lua] gameflow_ModifyTrafficZones: setting zone civ density to ' [h=9EA2C56A,$00ABFEC0]
    CONST$00CE0020 k28 'Traffic_SetZoneCivDensity' [h=C937997E,$00A40E00]
    CONST$00CE0028 k29 'urgency' [h=CB1F6157,$009A1540]
    CONST$00CE0030 k30 '[gameflow.lua] gameflow_ModifyTrafficZones: setting zone urgency to ' [h=E1AEC681,$00B232C0]
    CONST$00CE0038 k31 'Traffic_SetZoneUrgency' [h=8DC5A65A,$009E2380]
    CONST$00CE0040 k32 'destructionCoolDownTime' [h=7A20EC4B,$00A37480]
    CONST$00CE0048 k33 '[gameflow.lua] gameflow_ModifyTrafficZones: setting zone destruction cooldown time to ' [h=61C3A766,$00A90340]
    CONST$00CE0050 k34 'Traffic_SetZoneCoolDownTimer' [h=97E775A7,$009DE2C0]
    CONST$00CE0058 k35 'disablePaths' [h=999442BF,$0099BEE0]
    CONST$00CE0060 k36 '[gameflow.lua] gameflow_ModifyTrafficZones: disabling path ' [h=5AC49497,$00A6D2C0]
    CONST$00CE0068 k37 'Traffic_SetPathEnabled' [h=63FBA958,$00A3EA40]
    CONST$00CE0070 k38 'disableZone' [h=1EEA23B1,$00980F80]
    CONST$00CE0078 k39 '[gameflow.lua] gameflow_ModifyTrafficZones: disabling zone ' [h=FA87E693,$00A902C0]
    CONST$00CE0080 k40 'Traffic_SetZoneEnabled' [h=5F4C087D,$009DD8C0]
    CONST$00CE0088 k41 'fillsParkingLot' [h=768D9B2B,$009987E0]
    CONST$00CE0090 k42 'gameflow_ProcessParkingLots' [h=D4CB1629,$00A37580]
    CODE $014C1CC0
      000 01003E86  GETTABLE r1 := r0[k0 ('trafficZones' [h=6C281FF5,$00997B00])]
      001 01008018      TEST not r1: r1 := r1 ; or skip
      002 00802DD4       JMP +184 ; 187
      003 01000045 GETGLOBAL r1 := _G[k1 ('pairs' [h=12CC6B12,$009906A0])]
      004 02003E86  GETTABLE r2 := r0[k0 ('trafficZones' [h=6C281FF5,$00997B00])]
      005 01010159      CALL r1 (1 args) => 4 results
      006 01802C5E  TFORPREP WIP
      007 05000085 GETGLOBAL r5 := _G[k2 ('util_PrintDebugMsg' [h=A2961C17,$00A11FC0])]
      008 060000C1     LOADK r6 := k3 ('[gameflow.lua] gameflow_ModifyTrafficZones: modifying traffic zone ' [h=2114DEEA,$00AAC040])
      009 07018000      MOVE r7 := r3
      010 08000101     LOADK r8 := k4 ('\n' [h=0000002B,$009A7280])
      011 06030213    CONCAT r6 := r6 ... r8
      012 05010059      CALL r5 (1 args) => 0 results
      013 05023FC6  GETTABLE r5 := r4[k5 ('spawners' [h=5EA201D8,$009ABE80])]
      014 05028018      TEST not r5: r5 := r5 ; or skip
      015 00800DD4       JMP +56 ; 72
      016 05000185 GETGLOBAL r5 := _G[k6 ('Traffic_ResetZoneSpawners' [h=D38E8042,$00A24EC0])]
      017 06018000      MOVE r6 := r3
      018 05010059      CALL r5 (1 args) => 0 results
      019 050001C5 GETGLOBAL r5 := _G[k7 ('ipairs' [h=B6F4A157,$00990680])]
      020 06023FC6  GETTABLE r6 := r4[k5 ('spawners' [h=5EA201D8,$009ABE80])]
      021 05010159      CALL r5 (1 args) => 4 results
      022 0580085E  TFORPREP WIP
      023 09044086  GETTABLE r9 := r8[k8 ('weight' [h=922166CB,$009992E0])]
      024 09048058      TEST r9: r9 := r9 ; or skip
      025 00800014       JMP +1 ; 27
      026 09000241     LOADK r9 := k9 (1.0)
      027 0A000241     LOADK r10 := k9 (1.0)
      028 0B048000      MOVE r11 := r9
      029 0C000241     LOADK r12 := k9 (1.0)
      030 0A05030D       SUB r10 := r10 - r12
      031 008000D4       JMP +4 ; 36
      032 0D000285 GETGLOBAL r13 := _G[k10 ('Traffic_AddZoneSpawner' [h=76414073,$009E0CC0])]
      033 0E018000      MOVE r14 := r3
      034 0F044146  GETTABLE r15 := r8[k11 ('template' [h=7CE5CAD2,$009A1120])]
      035 0D018059      CALL r13 (2 args) => 0 results
      036 0A7FFE9C   FORLOOP r10 := r12; if r10 <= r11 JMP -5
      037 0A044186  GETTABLE r10 := r8[k12 ('cap' [h=0003518A,$009A3DC0])]
      038 0A050018      TEST not r10: r10 := r10 ; or skip
      039 00800114       JMP +5 ; 45
      040 0A000345 GETGLOBAL r10 := _G[k13 ('Traffic_SetZoneSpawnerCap' [h=8AB13811,$00A23840])]
      041 0B018000      MOVE r11 := r3
      042 0C044146  GETTABLE r12 := r8[k11 ('template' [h=7CE5CAD2,$009A1120])]
      043 0D044186  GETTABLE r13 := r8[k12 ('cap' [h=0003518A,$009A3DC0])]
      044 0A020059      CALL r10 (3 args) => 0 results
      045 0A000085 GETGLOBAL r10 := _G[k2 ('util_PrintDebugMsg' [h=A2961C17,$00A11FC0])]
      046 0B000381     LOADK r11 := k14 ('[gameflow.lua] gameflow_ModifyTrafficZones: adding traffic template ' [h=68CE70C2,$00A90AC0])
      047 0C044146  GETTABLE r12 := r8[k11 ('template' [h=7CE5CAD2,$009A1120])]
      048 0D0003C1     LOADK r13 := k15 (' (weight: ' [h=9B18C500,$009A9A60])
      049 0E048000      MOVE r14 := r9
      050 0F000401     LOADK r15 := k16 (', cap: ' [h=B31AB574,$009A4E40])
      051 10000445 GETGLOBAL r16 := _G[k17 ('tostring' [h=787EB105,$00990700])]
      052 11044186  GETTABLE r17 := r8[k12 ('cap' [h=0003518A,$009A3DC0])]
      053 10010099      CALL r16 (1 args) => 1 results
      054 11000481     LOADK r17 := k18 (')\n' [h=00000973,$009A40C0])
      055 0B058453    CONCAT r11 := r11 ... r17
      056 0A010059      CALL r10 (1 args) => 0 results
      057 0500005D  TFORLOOP WIP
      058 007FF6D4       JMP -36 ; 23
      059 05024346  GETTABLE r5 := r4[k19 ('density' [h=78F59AB8,$0098AF40])]
      060 05028018      TEST not r5: r5 := r5 ; or skip
      061 00800254       JMP +10 ; 72
      062 05000085 GETGLOBAL r5 := _G[k2 ('util_PrintDebugMsg' [h=A2961C17,$00A11FC0])]
      063 06000501     LOADK r6 := k20 ('[gameflow.lua] gameflow_ModifyTrafficZones: setting zone density to ' [h=6B2D3A48,$00A89640])
      064 07024346  GETTABLE r7 := r4[k19 ('density' [h=78F59AB8,$0098AF40])]
      065 08000101     LOADK r8 := k4 ('\n' [h=0000002B,$009A7280])
      066 06030213    CONCAT r6 := r6 ... r8
      067 05010059      CALL r5 (1 args) => 0 results
      068 05000545 GETGLOBAL r5 := _G[k21 ('Traffic_SetZoneDensity' [h=9D7F588E,$00A10E80])]
      069 06018000      MOVE r6 := r3
      070 07024346  GETTABLE r7 := r4[k19 ('density' [h=78F59AB8,$0098AF40])]
      071 05018059      CALL r5 (2 args) => 0 results
      072 05024406  GETTABLE r5 := r4[k22 ('civSpawners' [h=A0E7B8F0,$009ABB60])]
      073 05028018      TEST not r5: r5 := r5 ; or skip
      074 00800E14       JMP +57 ; 132
      075 050005C5 GETGLOBAL r5 := _G[k23 ('Traffic_ResetZoneCivSpawners' [h=984D31BE,$00A24940])]
      076 06018000      MOVE r6 := r3
      077 05010059      CALL r5 (1 args) => 0 results
      078 050001C5 GETGLOBAL r5 := _G[k7 ('ipairs' [h=B6F4A157,$00990680])]
      079 06024406  GETTABLE r6 := r4[k22 ('civSpawners' [h=A0E7B8F0,$009ABB60])]
      080 05010159      CALL r5 (1 args) => 4 results
      081 0580055E  TFORPREP WIP
      082 09044086  GETTABLE r9 := r8[k8 ('weight' [h=922166CB,$009992E0])]
      083 09048058      TEST r9: r9 := r9 ; or skip
      084 00800014       JMP +1 ; 86
      085 09000241     LOADK r9 := k9 (1.0)
      086 0A000241     LOADK r10 := k9 (1.0)
      087 0B048000      MOVE r11 := r9
      088 0C000241     LOADK r12 := k9 (1.0)
      089 0A05030D       SUB r10 := r10 - r12
      090 008000D4       JMP +4 ; 95
      091 0D000605 GETGLOBAL r13 := _G[k24 ('Traffic_AddZoneCivSpawner' [h=F3A13B5F,$00A25040])]
      092 0E018000      MOVE r14 := r3
      093 0F044146  GETTABLE r15 := r8[k11 ('template' [h=7CE5CAD2,$009A1120])]
      094 0D018059      CALL r13 (2 args) => 0 results
      095 0A7FFE9C   FORLOOP r10 := r12; if r10 <= r11 JMP -5
      096 0A000085 GETGLOBAL r10 := _G[k2 ('util_PrintDebugMsg' [h=A2961C17,$00A11FC0])]
      097 0B000641     LOADK r11 := k25 ('[gameflow.lua] gameflow_ModifyTrafficZones: adding civ traffic template ' [h=9599AEFB,$00AA0BC0])
      098 0C044146  GETTABLE r12 := r8[k11 ('template' [h=7CE5CAD2,$009A1120])]
      099 0D0003C1     LOADK r13 := k15 (' (weight: ' [h=9B18C500,$009A9A60])
      100 0E048000      MOVE r14 := r9
      101 0F000481     LOADK r15 := k18 (')\n' [h=00000973,$009A40C0])
      102 0B0583D3    CONCAT r11 := r11 ... r15
      103 0A010059      CALL r10 (1 args) => 0 results
      104 0500005D  TFORLOOP WIP
      105 007FF9D4       JMP -24 ; 82
      106 05024506  GETTABLE r5 := r4[k26 ('civDensity' [h=1B3040E2,$0099E1C0])]
      107 05028018      TEST not r5: r5 := r5 ; or skip
      108 00800254       JMP +10 ; 119
      109 05000085 GETGLOBAL r5 := _G[k2 ('util_PrintDebugMsg' [h=A2961C17,$00A11FC0])]
      110 060006C1     LOADK r6 := k27 ('[gameflow.lua] gameflow_ModifyTrafficZones: setting zone civ density to ' [h=9EA2C56A,$00ABFEC0])
      111 07024506  GETTABLE r7 := r4[k26 ('civDensity' [h=1B3040E2,$0099E1C0])]
      112 08000101     LOADK r8 := k4 ('\n' [h=0000002B,$009A7280])
      113 06030213    CONCAT r6 := r6 ... r8
      114 05010059      CALL r5 (1 args) => 0 results
      115 05000705 GETGLOBAL r5 := _G[k28 ('Traffic_SetZoneCivDensity' [h=C937997E,$00A40E00])]
      116 06018000      MOVE r6 := r3
      117 07024506  GETTABLE r7 := r4[k26 ('civDensity' [h=1B3040E2,$0099E1C0])]
      118 05018059      CALL r5 (2 args) => 0 results
      119 050245C6  GETTABLE r5 := r4[k29 ('urgency' [h=CB1F6157,$009A1540])]
      120 05028018      TEST not r5: r5 := r5 ; or skip
      121 00800254       JMP +10 ; 132
      122 05000085 GETGLOBAL r5 := _G[k2 ('util_PrintDebugMsg' [h=A2961C17,$00A11FC0])]
      123 06000781     LOADK r6 := k30 ('[gameflow.lua] gameflow_ModifyTrafficZones: setting zone urgency to ' [h=E1AEC681,$00B232C0])
      124 070245C6  GETTABLE r7 := r4[k29 ('urgency' [h=CB1F6157,$009A1540])]
      125 08000101     LOADK r8 := k4 ('\n' [h=0000002B,$009A7280])
      126 06030213    CONCAT r6 := r6 ... r8
      127 05010059      CALL r5 (1 args) => 0 results
      128 050007C5 GETGLOBAL r5 := _G[k31 ('Traffic_SetZoneUrgency' [h=8DC5A65A,$009E2380])]
      129 06018000      MOVE r6 := r3
      130 070245C6  GETTABLE r7 := r4[k29 ('urgency' [h=CB1F6157,$009A1540])]
      131 05018059      CALL r5 (2 args) => 0 results
      132 05024686  GETTABLE r5 := r4[k32 ('destructionCoolDownTime' [h=7A20EC4B,$00A37480])]
      133 05028018      TEST not r5: r5 := r5 ; or skip
      134 00800254       JMP +10 ; 145
      135 05000085 GETGLOBAL r5 := _G[k2 ('util_PrintDebugMsg' [h=A2961C17,$00A11FC0])]
      136 06000841     LOADK r6 := k33 ('[gameflow.lua] gameflow_ModifyTrafficZones: setting zone destruction cooldown time to ' [h=61C3A766,$00A90340])
      137 07024686  GETTABLE r7 := r4[k32 ('destructionCoolDownTime' [h=7A20EC4B,$00A37480])]
      138 08000101     LOADK r8 := k4 ('\n' [h=0000002B,$009A7280])
      139 06030213    CONCAT r6 := r6 ... r8
      140 05010059      CALL r5 (1 args) => 0 results
      141 05000885 GETGLOBAL r5 := _G[k34 ('Traffic_SetZoneCoolDownTimer' [h=97E775A7,$009DE2C0])]
      142 06018000      MOVE r6 := r3
      143 07024686  GETTABLE r7 := r4[k32 ('destructionCoolDownTime' [h=7A20EC4B,$00A37480])]
      144 05018059      CALL r5 (2 args) => 0 results
      145 05024746  GETTABLE r5 := r4[k35 ('disablePaths' [h=999442BF,$0099BEE0])]
      146 05028018      TEST not r5: r5 := r5 ; or skip
      147 008003D4       JMP +16 ; 164
      148 050001C5 GETGLOBAL r5 := _G[k7 ('ipairs' [h=B6F4A157,$00990680])]
      149 06024746  GETTABLE r6 := r4[k35 ('disablePaths' [h=999442BF,$0099BEE0])]
      150 05010159      CALL r5 (1 args) => 4 results
      151 0580025E  TFORPREP WIP
      152 09000085 GETGLOBAL r9 := _G[k2 ('util_PrintDebugMsg' [h=A2961C17,$00A11FC0])]
      153 0A000901     LOADK r10 := k36 ('[gameflow.lua] gameflow_ModifyTrafficZones: disabling path ' [h=5AC49497,$00A6D2C0])
      154 0B040000      MOVE r11 := r8
      155 0C000101     LOADK r12 := k4 ('\n' [h=0000002B,$009A7280])
      156 0A050313    CONCAT r10 := r10 ... r12
      157 09010059      CALL r9 (1 args) => 0 results
      158 09000945 GETGLOBAL r9 := _G[k37 ('Traffic_SetPathEnabled' [h=63FBA958,$00A3EA40])]
      159 0A040000      MOVE r10 := r8
      160 0B000002  LOADBOOL r11 := False
      161 09018059      CALL r9 (2 args) => 0 results
      162 0500005D  TFORLOOP WIP
      163 007FFCD4       JMP -12 ; 152
      164 05024806  GETTABLE r5 := r4[k38 ('disableZone' [h=1EEA23B1,$00980F80])]
      165 05028018      TEST not r5: r5 := r5 ; or skip
      166 00800254       JMP +10 ; 177
      167 05000085 GETGLOBAL r5 := _G[k2 ('util_PrintDebugMsg' [h=A2961C17,$00A11FC0])]
      168 060009C1     LOADK r6 := k39 ('[gameflow.lua] gameflow_ModifyTrafficZones: disabling zone ' [h=FA87E693,$00A902C0])
      169 07018000      MOVE r7 := r3
      170 08000101     LOADK r8 := k4 ('\n' [h=0000002B,$009A7280])
      171 06030213    CONCAT r6 := r6 ... r8
      172 05010059      CALL r5 (1 args) => 0 results
      173 05000A05 GETGLOBAL r5 := _G[k40 ('Traffic_SetZoneEnabled' [h=5F4C087D,$009DD8C0])]
      174 06018000      MOVE r6 := r3
      175 07000002  LOADBOOL r7 := False
      176 05018059      CALL r5 (2 args) => 0 results
      177 050248C6  GETTABLE r5 := r4[k41 ('fillsParkingLot' [h=768D9B2B,$009987E0])]
      178 05028018      TEST not r5: r5 := r5 ; or skip
      179 00800114       JMP +5 ; 185
      180 05000A85 GETGLOBAL r5 := _G[k42 ('gameflow_ProcessParkingLots' [h=D4CB1629,$00A37580])]
      181 06000000      MOVE r6 := r0
      182 07018000      MOVE r7 := r3
      183 080248C6  GETTABLE r8 := r4[k41 ('fillsParkingLot' [h=768D9B2B,$009987E0])]
      184 05020059      CALL r5 (3 args) => 0 results
      185 0100005D  TFORLOOP WIP
      186 007FD2D4       JMP -180 ; 7
      187 0000801B    RETURN r0 ... r-1
  [Node$01CA87DC] 'gameflow_IsNegationCondition' [h=77078C6B,$00A37A40]: function$009C48E0 'gameflow_IsNegationCondition' [h=77078C6B,$00A37A40]
    CONST$00A375C0 k0  'type' [h=0070EF71,$00990720]
    CONST$00A375C8 k1  'table' [h=10F2114B,$00979B40]
    CONST$00A375D0 k2  1.0
    CONST$00A375D8 k3  'string' [h=81F98B41,$00980520]
    CONST$00A375E0 k4  'not' [h=00036AF1,$00990300]
    CONST$00A375E8 k5  2.0
    CODE $00A63BC0
      000 01000005 GETGLOBAL r1 := _G[k0 ('type' [h=0070EF71,$00990720])]
      001 02000000      MOVE r2 := r0
      002 01010099      CALL r1 (1 args) => 1 results
      003 0000BED5       BEQ r1 == k1 ('table' [h=10F2114B,$00979B40])
      004 008002D4       JMP +12 ; 17
      005 01000005 GETGLOBAL r1 := _G[k0 ('type' [h=0070EF71,$00990720])]
      006 02003F06  GETTABLE r2 := r0[k2 (1.0)]
      007 01010099      CALL r1 (1 args) => 1 results
      008 0000BF55       BEQ r1 == k3 ('string' [h=81F98B41,$00980520])
      009 00800194       JMP +7 ; 17
      010 01003F06  GETTABLE r1 := r0[k2 (1.0)]
      011 0000BF95       BEQ r1 == k4 ('not' [h=00036AF1,$00990300])
      012 008000D4       JMP +4 ; 17
      013 01008002  LOADBOOL r1 := True
      014 02003FC6  GETTABLE r2 := r0[k5 (2.0)]
      015 0101801B    RETURN r1 ... r2
      016 00800094       JMP +3 ; 20
      017 01000002  LOADBOOL r1 := False
      018 02000000      MOVE r2 := r0
      019 0101801B    RETURN r1 ... r2
      020 0000801B    RETURN r0 ... r-1
  [Node$01CA87F0] 'Ai_CommandClear' [h=25BCC46C,$009911A0]: cfunction$002B3838 'Ai_CommandClear' [h=25BCC46C,$009911A0]
  [Node$01CA8818] 'SW_Challenge_Homerun01_GoalDistance' [h=0BB8E46E,$009EE600]: function$009A96E0 'SW_Challenge_Homerun01_GoalDistance' [h=0BB8E46E,$009EE600]
    CONST$00AB71C0 k0  'SW_Challenge_Homerun01_Level' [h=AAD2612C,$00A07B40]
    CONST$00AB71C8 k1  300.0
    CONST$00AB71D0 k2  1.0
    CONST$00AB71D8 k3  50.0
    CONST$00AB71E0 k4  2.0
    CONST$00AB71E8 k5  100.0
    CONST$00AB71F0 k6  3.0
    CONST$00AB71F8 k7  200.0
    CONST$00AB7200 k8  4.0
    CONST$00AB7208 k9  'Challenge_ReadStatFloat' [h=01F0A2EE,$00A251C0]
    CONST$00AB7210 k10 'Homerun01' [h=E091E9DC,$009A3820]
    CONST$00AB7218 k11 'FarthestDistance' [h=0B6C3195,$009F2640]
    CONST$00AB7220 k12 'Global_SetValue' [h=AB0FD37C,$009777E0]
    CONST$00AB7228 k13 'fChallenge_Homerun01_DistanceGoal' [h=64E9B401,$00A3F680]
    CODE $00AB5D40
      000 00000005 GETGLOBAL r0 := _G[k0 ('SW_Challenge_Homerun01_Level' [h=AAD2612C,$00A07B40])]
      001 00008099      CALL r0 (0 args) => 1 results
      002 01000041     LOADK r1 := k1 (300.0)
      003 00003F15       BEQ r0 == k2 (1.0)
      004 00800054       JMP +2 ; 7
      005 010000C1     LOADK r1 := k3 (50.0)
      006 00800414       JMP +17 ; 24
      007 00003F95       BEQ r0 == k4 (2.0)
      008 00800054       JMP +2 ; 11
      009 01000141     LOADK r1 := k5 (100.0)
      010 00800314       JMP +13 ; 24
      011 00004015       BEQ r0 == k6 (3.0)
      012 00800054       JMP +2 ; 15
      013 010001C1     LOADK r1 := k7 (200.0)
      014 00800214       JMP +9 ; 24
      015 00004095       BEQ r0 == k8 (4.0)
      016 00800054       JMP +2 ; 19
      017 01000041     LOADK r1 := k1 (300.0)
      018 00800114       JMP +5 ; 24
      019 02000245 GETGLOBAL r2 := _G[k9 ('Challenge_ReadStatFloat' [h=01F0A2EE,$00A251C0])]
      020 03000281     LOADK r3 := k10 ('Homerun01' [h=E091E9DC,$009A3820])
      021 040002C1     LOADK r4 := k11 ('FarthestDistance' [h=0B6C3195,$009F2640])
      022 02018099      CALL r2 (2 args) => 1 results
      023 01010000      MOVE r1 := r2
      024 02000305 GETGLOBAL r2 := _G[k12 ('Global_SetValue' [h=AB0FD37C,$009777E0])]
      025 03000341     LOADK r3 := k13 ('fChallenge_Homerun01_DistanceGoal' [h=64E9B401,$00A3F680])
      026 04008000      MOVE r4 := r1
      027 02018059      CALL r2 (2 args) => 0 results
      028 0101001B    RETURN r1 ... r1
      029 0000801B    RETURN r0 ... r-1
  [Node$01CA887C] 'loc_ff2527_s' [h=E46E6473,$009A22C0]: table$009A2240[a=8,h=1]
    [0:$00A247C0] 'ff2527_1' [h=7648FBF9,$009C7B80]
    [1:$00A247C8] 'ff2527_2' [h=CD722D3F,$009C7D60]
    [2:$00A247D0] 'ff2527_3' [h=781E3F69,$009A3040]
    [3:$00A247D8] 'ff2527_4' [h=CB83D34B,$00981140]
    [4:$00A247E0] 'ff2527_5' [h=B068BFF9,$009C6680]
    [5:$00A247E8] 'ff2527_6' [h=5DEE0A44,$009836E0]
    [6:$00A247F0] 'ff2527_7' [h=A579C68B,$009AB120]
    [7:$00A247F8] 'ff2527_8' [h=A823C99E,$0099B900]
  [Node$01CA88A4] 'DebugSkipToMission' [h=6808FC75,$009E4B40]: function$009A64A0 'DebugSkipToMission' [h=6808FC75,$009E4B40]
    CONST$00C4C640 k0  'Utility_WriteStringToScribbleMemory' [h=5E8C6272,$00A3FBC0]
    CONST$00C4C648 k1  'SkipTo_Faction' [h=D8E965DF,$009A6980]
    CONST$00C4C650 k2  'Utility_WriteNumberToScribbleMemory' [h=DCF55147,$009DC740]
    CONST$00C4C658 k3  'SkipTo_MissionNumber' [h=DF4E9E46,$00A12200]
    CONST$00C4C660 k4  'skipto_via_cheating' [h=BD67ECA0,$00A097C0]
    CONST$00C4C668 k5  'true' [h=00700450,$0098E200]
    CONST$00C4C670 k6  'Utility_EraseValueFromScribbleMemory' [h=D5C200E6,$00A03000]
    CONST$00C4C678 k7  'mission_accepted' [h=77464996,$00A123C0]
    CONST$00C4C680 k8  'Utility_ReadStringFromScribbleMemory' [h=5455F3B9,$00A0B700]
    CONST$00C4C688 k9  'SkipTo_Map' [h=F88EFA9D,$009A69E0]
    CONST$00C4C690 k10 'util_PrintDebugMsg' [h=A2961C17,$00A11FC0]
    CONST$00C4C698 k11 '[global.lua] DebugSkipToMission: skipping to mission: ' [h=EEF81574,$00B1E240]
    CONST$00C4C6A0 k12 'ALLIES' [h=731FC3D4,$009A7CE0]
    CONST$00C4C6A8 k13 'allies' [h=B57F1C27,$009A61A0]
    CONST$00C4C6B0 k14 'sw' [h=000017F5,$009AA280]
    CONST$00C4C6B8 k15 1.0
    CONST$00C4C6C0 k16 'swn\n' [h=004D28FD,$009A7CA0]
    CONST$00C4C6C8 k17 'Utility_ResetToBaseLayerOnly' [h=05E8CF2B,$00A0D200]
    CONST$00C4C6D0 k18 'swn' [h=00034D73,$009A7D00]
    CONST$00C4C6D8 k19 4.0
    CONST$00C4C6E0 k20 'aclubs\n' [h=8EC6A370,$009A7CC0]
    CONST$00C4C6E8 k21 'aclubs' [h=8C490E45,$009A6800]
    CONST$00C4C6F0 k22 'nw' [h=0000178E,$009C3CA0]
    CONST$00C4C6F8 k23 'aheart\n' [h=83F5F68C,$009A7C80]
    CONST$00C4C700 k24 'aheart' [h=9171EE89,$009A7DA0]
    CONST$00C4C708 k25 8.0
    CONST$00C4C710 k26 'admnd\n' [h=CB383D44,$009A7C40]
    CONST$00C4C718 k27 'admnd' [h=10BE8475,$009A7DE0]
    CONST$00C4C720 k28 'aspade\n' [h=92341188,$009A7C00]
    CONST$00C4C728 k29 'aspade' [h=4F383D95,$009A7DC0]
    CONST$00C4C730 k30 '\n' [h=0000002B,$009A7280]
    CODE $00D196C0
      000 00000018      TEST not r0: r0 := r0 ; or skip
      001 00801BD4       JMP +112 ; 114
      002 01008018      TEST not r1: r1 := r1 ; or skip
      003 00801B54       JMP +110 ; 114
      004 02000005 GETGLOBAL r2 := _G[k0 ('Utility_WriteStringToScribbleMemory' [h=5E8C6272,$00A3FBC0])]
      005 03000041     LOADK r3 := k1 ('SkipTo_Faction' [h=D8E965DF,$009A6980])
      006 04000000      MOVE r4 := r0
      007 02018059      CALL r2 (2 args) => 0 results
      008 02000085 GETGLOBAL r2 := _G[k2 ('Utility_WriteNumberToScribbleMemory' [h=DCF55147,$009DC740])]
      009 030000C1     LOADK r3 := k3 ('SkipTo_MissionNumber' [h=DF4E9E46,$00A12200])
      010 04008000      MOVE r4 := r1
      011 02018059      CALL r2 (2 args) => 0 results
      012 02000005 GETGLOBAL r2 := _G[k0 ('Utility_WriteStringToScribbleMemory' [h=5E8C6272,$00A3FBC0])]
      013 03000101     LOADK r3 := k4 ('skipto_via_cheating' [h=BD67ECA0,$00A097C0])
      014 04000141     LOADK r4 := k5 ('true' [h=00700450,$0098E200])
      015 02018059      CALL r2 (2 args) => 0 results
      016 02000185 GETGLOBAL r2 := _G[k6 ('Utility_EraseValueFromScribbleMemory' [h=D5C200E6,$00A03000])]
      017 030001C1     LOADK r3 := k7 ('mission_accepted' [h=77464996,$00A123C0])
      018 02010059      CALL r2 (1 args) => 0 results
      019 02000205 GETGLOBAL r2 := _G[k8 ('Utility_ReadStringFromScribbleMemory' [h=5455F3B9,$00A0B700])]
      020 03000241     LOADK r3 := k9 ('SkipTo_Map' [h=F88EFA9D,$009A69E0])
      021 02010099      CALL r2 (1 args) => 1 results
      022 03000285 GETGLOBAL r3 := _G[k10 ('util_PrintDebugMsg' [h=A2961C17,$00A11FC0])]
      023 040002C1     LOADK r4 := k11 ('[global.lua] DebugSkipToMission: skipping to mission: ' [h=EEF81574,$00B1E240])
      024 03010059      CALL r3 (1 args) => 0 results
      025 01004195       BNE r0 != k12 ('ALLIES' [h=731FC3D4,$009A7CE0])
      026 00800054       JMP +2 ; 29
      027 000041D5       BEQ r0 == k13 ('allies' [h=B57F1C27,$009A61A0])
      028 00800414       JMP +17 ; 46
      029 00014215       BEQ r2 == k14 ('sw' [h=000017F5,$009AA280])
      030 00800394       JMP +15 ; 46
      031 0000C255       BEQ r1 == k15 (1.0)
      032 00800314       JMP +13 ; 46
      033 03000285 GETGLOBAL r3 := _G[k10 ('util_PrintDebugMsg' [h=A2961C17,$00A11FC0])]
      034 04000401     LOADK r4 := k16 ('swn\n' [h=004D28FD,$009A7CA0])
      035 03010059      CALL r3 (1 args) => 0 results
      036 03000445 GETGLOBAL r3 := _G[k17 ('Utility_ResetToBaseLayerOnly' [h=05E8CF2B,$00A0D200])]
      037 04000481     LOADK r4 := k18 ('swn' [h=00034D73,$009A7D00])
      038 03010059      CALL r3 (1 args) => 0 results
      039 03000185 GETGLOBAL r3 := _G[k6 ('Utility_EraseValueFromScribbleMemory' [h=D5C200E6,$00A03000])]
      040 04000041     LOADK r4 := k1 ('SkipTo_Faction' [h=D8E965DF,$009A6980])
      041 03010059      CALL r3 (1 args) => 0 results
      042 03000185 GETGLOBAL r3 := _G[k6 ('Utility_EraseValueFromScribbleMemory' [h=D5C200E6,$00A03000])]
      043 040000C1     LOADK r4 := k3 ('SkipTo_MissionNumber' [h=DF4E9E46,$00A12200])
      044 03010059      CALL r3 (1 args) => 0 results
      045 008010D4       JMP +68 ; 114
      046 01004195       BNE r0 != k12 ('ALLIES' [h=731FC3D4,$009A7CE0])
      047 00800054       JMP +2 ; 50
      048 000041D5       BEQ r0 == k13 ('allies' [h=B57F1C27,$009A61A0])
      049 00800654       JMP +26 ; 76
      050 0000C355       BEQ r1 == k19 (4.0)
      051 008005D4       JMP +24 ; 76
      052 00014215       BEQ r2 == k14 ('sw' [h=000017F5,$009AA280])
      053 00800194       JMP +7 ; 61
      054 03000285 GETGLOBAL r3 := _G[k10 ('util_PrintDebugMsg' [h=A2961C17,$00A11FC0])]
      055 04000501     LOADK r4 := k20 ('aclubs\n' [h=8EC6A370,$009A7CC0])
      056 03010059      CALL r3 (1 args) => 0 results
      057 03000445 GETGLOBAL r3 := _G[k17 ('Utility_ResetToBaseLayerOnly' [h=05E8CF2B,$00A0D200])]
      058 04000541     LOADK r4 := k21 ('aclubs' [h=8C490E45,$009A6800])
      059 03010059      CALL r3 (1 args) => 0 results
      060 008001D4       JMP +8 ; 69
      061 00014415       BEQ r2 == k22 ('nw' [h=0000178E,$009C3CA0])
      062 00800154       JMP +6 ; 69
      063 03000285 GETGLOBAL r3 := _G[k10 ('util_PrintDebugMsg' [h=A2961C17,$00A11FC0])]
      064 040005C1     LOADK r4 := k23 ('aheart\n' [h=83F5F68C,$009A7C80])
      065 03010059      CALL r3 (1 args) => 0 results
      066 03000445 GETGLOBAL r3 := _G[k17 ('Utility_ResetToBaseLayerOnly' [h=05E8CF2B,$00A0D200])]
      067 04000601     LOADK r4 := k24 ('aheart' [h=9171EE89,$009A7DA0])
      068 03010059      CALL r3 (1 args) => 0 results
      069 03000185 GETGLOBAL r3 := _G[k6 ('Utility_EraseValueFromScribbleMemory' [h=D5C200E6,$00A03000])]
      070 04000041     LOADK r4 := k1 ('SkipTo_Faction' [h=D8E965DF,$009A6980])
      071 03010059      CALL r3 (1 args) => 0 results
      072 03000185 GETGLOBAL r3 := _G[k6 ('Utility_EraseValueFromScribbleMemory' [h=D5C200E6,$00A03000])]
      073 040000C1     LOADK r4 := k3 ('SkipTo_MissionNumber' [h=DF4E9E46,$00A12200])
      074 03010059      CALL r3 (1 args) => 0 results
      075 00800954       JMP +38 ; 114
      076 01004195       BNE r0 != k12 ('ALLIES' [h=731FC3D4,$009A7CE0])
      077 00800054       JMP +2 ; 80
      078 000041D5       BEQ r0 == k13 ('allies' [h=B57F1C27,$009A61A0])
      079 00800654       JMP +26 ; 106
      080 0000C4D5       BEQ r1 == k25 (8.0)
      081 008005D4       JMP +24 ; 106
      082 00014215       BEQ r2 == k14 ('sw' [h=000017F5,$009AA280])
      083 00800194       JMP +7 ; 91
      084 03000285 GETGLOBAL r3 := _G[k10 ('util_PrintDebugMsg' [h=A2961C17,$00A11FC0])]
      085 04000681     LOADK r4 := k26 ('admnd\n' [h=CB383D44,$009A7C40])
      086 03010059      CALL r3 (1 args) => 0 results
      087 03000445 GETGLOBAL r3 := _G[k17 ('Utility_ResetToBaseLayerOnly' [h=05E8CF2B,$00A0D200])]
      088 040006C1     LOADK r4 := k27 ('admnd' [h=10BE8475,$009A7DE0])
      089 03010059      CALL r3 (1 args) => 0 results
      090 008001D4       JMP +8 ; 99
      091 00014415       BEQ r2 == k22 ('nw' [h=0000178E,$009C3CA0])
      092 00800154       JMP +6 ; 99
      093 03000285 GETGLOBAL r3 := _G[k10 ('util_PrintDebugMsg' [h=A2961C17,$00A11FC0])]
      094 04000701     LOADK r4 := k28 ('aspade\n' [h=92341188,$009A7C00])
      095 03010059      CALL r3 (1 args) => 0 results
      096 03000445 GETGLOBAL r3 := _G[k17 ('Utility_ResetToBaseLayerOnly' [h=05E8CF2B,$00A0D200])]
      097 04000741     LOADK r4 := k29 ('aspade' [h=4F383D95,$009A7DC0])
      098 03010059      CALL r3 (1 args) => 0 results
      099 03000185 GETGLOBAL r3 := _G[k6 ('Utility_EraseValueFromScribbleMemory' [h=D5C200E6,$00A03000])]
      100 04000041     LOADK r4 := k1 ('SkipTo_Faction' [h=D8E965DF,$009A6980])
      101 03010059      CALL r3 (1 args) => 0 results
      102 03000185 GETGLOBAL r3 := _G[k6 ('Utility_EraseValueFromScribbleMemory' [h=D5C200E6,$00A03000])]
      103 040000C1     LOADK r4 := k3 ('SkipTo_MissionNumber' [h=DF4E9E46,$00A12200])
      104 03010059      CALL r3 (1 args) => 0 results
      105 008001D4       JMP +8 ; 114
      106 03000285 GETGLOBAL r3 := _G[k10 ('util_PrintDebugMsg' [h=A2961C17,$00A11FC0])]
      107 04000000      MOVE r4 := r0
      108 05008000      MOVE r5 := r1
      109 06000781     LOADK r6 := k30 ('\n' [h=0000002B,$009A7280])
      110 04020193    CONCAT r4 := r4 ... r6
      111 03010059      CALL r3 (1 args) => 0 results
      112 03000445 GETGLOBAL r3 := _G[k17 ('Utility_ResetToBaseLayerOnly' [h=05E8CF2B,$00A0D200])]
      113 03008059      CALL r3 (0 args) => 0 results
      114 0000801B    RETURN r0 ... r-1
  [Node$01CA88CC] 'gameflow_DeckCardDeverified' [h=F20F0C77,$009F5880]: function$00986E60 'gameflow_DeckCardDeverified' [h=F20F0C77,$009F5880]
    CONST$009F77C0 k0  'Utility_EraseValueFromScribbleMemory' [h=D5C200E6,$00A03000]
    CONST$009F77C8 k1  'gameflow_GetCardScribbleMemoryVariableName' [h=22BDD88D,$00A382C0]
    CONST$009F77D0 k2  'gameflow_UpdatePDAIntelMeter' [h=1CE87DF6,$009F78C0]
    CONST$009F77D8 k3  'Audio_SetJournalistPropogandaEvent' [h=8502EF7E,$009E1C40]
    CONST$009F77E0 k4  '' [h=00000000,$009A78C0]
    CODE $009F7680
      000 02000005 GETGLOBAL r2 := _G[k0 ('Utility_EraseValueFromScribbleMemory' [h=D5C200E6,$00A03000])]
      001 03000045 GETGLOBAL r3 := _G[k1 ('gameflow_GetCardScribbleMemoryVariableName' [h=22BDD88D,$00A382C0])]
      002 04000000      MOVE r4 := r0
      003 05008000      MOVE r5 := r1
      004 03018019      CALL r3 (2 args) => -1 results
      005 02000059      CALL r2 (-1 args) => 0 results
      006 02000085 GETGLOBAL r2 := _G[k2 ('gameflow_UpdatePDAIntelMeter' [h=1CE87DF6,$009F78C0])]
      007 02008059      CALL r2 (0 args) => 0 results
      008 020000C5 GETGLOBAL r2 := _G[k3 ('Audio_SetJournalistPropogandaEvent' [h=8502EF7E,$009E1C40])]
      009 03000101     LOADK r3 := k4 ('' [h=00000000,$009A78C0])
      010 02010059      CALL r2 (1 args) => 0 results
      011 0000801B    RETURN r0 ... r-1
  [Node$01CA88E0] 'Ui_EnableFlagMode' [h=4F454478,$009DFE40]: cfunction$002A8810 'Ui_EnableFlagMode' [h=4F454478,$009DFE40]
  [Node$01CA8908] 'Video_TVEffect' [h=39772C7A,$0098D480]: cfunction$002A4848 'Video_TVEffect' [h=39772C7A,$0098D480]
  [Node$01CA891C] 'loc_ff3122_v_n' [h=AE204C7B,$0099A2A0]: table$009A30C0[a=2,h=1]
  [Node$01CA89A8] 'loc_ff1412_s' [h=4EC5AC82,$0099C220]: table$009A2020[a=8,h=1]
  [Node$01CA89D0] 'Utility_MessageBox' [h=E0C5D484,$009FB480]: cfunction$002C5550 'Utility_MessageBox' [h=E0C5D484,$009FB480]
  [Node$01CA89F8] 'Utility_SavePlayerData' [h=808E8486,$00A06100]: cfunction$002F8650 'Utility_SavePlayerData' [h=808E8486,$00A06100]
  [Node$01CA8A34] 'Camera_Shake' [h=D0BEDC89,$0098D540]: cfunction$002A6B40 'Camera_Shake' [h=D0BEDC89,$0098D540]
  [Node$01CA8A5C] 'util_SkipToBounty' [h=FA688C8B,$00A3C800]: function$00991220 'util_SkipToBounty' [h=FA688C8B,$00A3C800]
    CONST$00A3C6C0 k0  'Utility_DoesActorExist' [h=446B4DB5,$009D8BC0]
    CONST$00A3C6C8 k1  'Actor_GetPosition' [h=F7E6F403,$009DC400]
    CONST$00A3C6D0 k2  10.0
    CONST$00A3C6D8 k3  'Actor_SetPosition' [h=1D26B41B,$00A3F180]
    CONST$00A3C6E0 k4  'player0' [h=316752BF,$009A6AC0]
    CODE $00B2A5C0
      000 00000018      TEST not r0: r0 := r0 ; or skip
      001 00800394       JMP +15 ; 17
      002 01000005 GETGLOBAL r1 := _G[k0 ('Utility_DoesActorExist' [h=446B4DB5,$009D8BC0])]
      003 02000000      MOVE r2 := r0
      004 01010099      CALL r1 (1 args) => 1 results
      005 01008018      TEST not r1: r1 := r1 ; or skip
      006 00800254       JMP +10 ; 17
      007 01000045 GETGLOBAL r1 := _G[k1 ('Actor_GetPosition' [h=F7E6F403,$009DC400])]
      008 02000000      MOVE r2 := r0
      009 01010119      CALL r1 (1 args) => 3 results
      010 0100BF0C       ADD r1 := r1 + k2 (10.0)
      011 040000C5 GETGLOBAL r4 := _G[k3 ('Actor_SetPosition' [h=1D26B41B,$00A3F180])]
      012 05000101     LOADK r5 := k4 ('player0' [h=316752BF,$009A6AC0])
      013 06008000      MOVE r6 := r1
      014 07010000      MOVE r7 := r2
      015 08018000      MOVE r8 := r3
      016 04028059      CALL r4 (4 args) => 0 results
      017 0000801B    RETURN r0 ... r-1
  [Node$01CA8A70] 'gameflow_Bridge_Destroy' [h=3AF48C8C,$00A37180]: function$00979780 'gameflow_Bridge_Destroy' [h=3AF48C8C,$00A37180]
    CONST$00A37140 k0  'ipairs' [h=B6F4A157,$00990680]
    CONST$00A37148 k1  'Utility_DoesActorExist' [h=446B4DB5,$009D8BC0]
    CONST$00A37150 k2  'Actor_Kill' [h=7FBDBA5D,$00977A80]
    CONST$00A37158 k3  'type' [h=0070EF71,$00990720]
    CONST$00A37160 k4  'table' [h=10F2114B,$00979B40]
    CONST$00A37168 k5  'Traffic_SetPathEnabled' [h=63FBA958,$00A3EA40]
    CODE $00BFF8C0
      000 03000005 GETGLOBAL r3 := _G[k0 ('ipairs' [h=B6F4A157,$00990680])]
      001 04000000      MOVE r4 := r0
      002 03010159      CALL r3 (1 args) => 4 results
      003 038001DE  TFORPREP WIP
      004 07000045 GETGLOBAL r7 := _G[k1 ('Utility_DoesActorExist' [h=446B4DB5,$009D8BC0])]
      005 08030000      MOVE r8 := r6
      006 07010099      CALL r7 (1 args) => 1 results
      007 07038018      TEST not r7: r7 := r7 ; or skip
      008 00800094       JMP +3 ; 12
      009 07000085 GETGLOBAL r7 := _G[k2 ('Actor_Kill' [h=7FBDBA5D,$00977A80])]
      010 08030000      MOVE r8 := r6
      011 07010059      CALL r7 (1 args) => 0 results
      012 0300005D  TFORLOOP WIP
      013 007FFD54       JMP -10 ; 4
      014 030000C5 GETGLOBAL r3 := _G[k3 ('type' [h=0070EF71,$00990720])]
      015 04008000      MOVE r4 := r1
      016 03010099      CALL r3 (1 args) => 1 results
      017 0001BF95       BEQ r3 == k4 ('table' [h=10F2114B,$00979B40])
      018 00800254       JMP +10 ; 29
      019 03000005 GETGLOBAL r3 := _G[k0 ('ipairs' [h=B6F4A157,$00990680])]
      020 04008000      MOVE r4 := r1
      021 03010159      CALL r3 (1 args) => 4 results
      022 038000DE  TFORPREP WIP
      023 07000145 GETGLOBAL r7 := _G[k5 ('Traffic_SetPathEnabled' [h=63FBA958,$00A3EA40])]
      024 08030000      MOVE r8 := r6
      025 09000002  LOADBOOL r9 := False
      026 07018059      CALL r7 (2 args) => 0 results
      027 0300005D  TFORLOOP WIP
      028 007FFE54       JMP -6 ; 23
      029 030000C5 GETGLOBAL r3 := _G[k3 ('type' [h=0070EF71,$00990720])]
      030 04010000      MOVE r4 := r2
      031 03010099      CALL r3 (1 args) => 1 results
      032 0001BF95       BEQ r3 == k4 ('table' [h=10F2114B,$00979B40])
      033 00800254       JMP +10 ; 44
      034 03000005 GETGLOBAL r3 := _G[k0 ('ipairs' [h=B6F4A157,$00990680])]
      035 04010000      MOVE r4 := r2
      036 03010159      CALL r3 (1 args) => 4 results
      037 038000DE  TFORPREP WIP
      038 07000145 GETGLOBAL r7 := _G[k5 ('Traffic_SetPathEnabled' [h=63FBA958,$00A3EA40])]
      039 08030000      MOVE r8 := r6
      040 09008002  LOADBOOL r9 := True
      041 07018059      CALL r7 (2 args) => 0 results
      042 0300005D  TFORLOOP WIP
      043 007FFE54       JMP -6 ; 38
      044 0000801B    RETURN r0 ... r-1
  [Node$01CA8A84] 'Faction_SetRelation' [h=6D8FD48D,$009DFDC0]: cfunction$002B6908 'Faction_SetRelation' [h=6D8FD48D,$009DFDC0]
  [Node$01CA8AAC] 'Player_DisableControl' [h=8EBE948F,$00A012C0]: cfunction$002C0428 'Player_DisableControl' [h=8EBE948F,$00A012C0]
  [Node$01CA8AC0] 'loc_ff3113_n' [h=5D0E1490,$0099FB60]: table$00994800[a=8,h=1]
    [0:$009D3780] 'ff3113_1' [h=8856A114,$009925C0]
    [1:$009D3788] 'ff3113_2' [h=43668F5D,$00998860]
    [2:$009D3790] 'ff3113_3' [h=DD510CF8,$00993E60]
    [3:$009D3798] 'ff3113_4' [h=D2CD83E7,$0099C140]
    [4:$009D37A0] 'ff3113_5' [h=95B46FE5,$00990D00]
    [5:$009D37A8] 'ff3113_6' [h=76032C05,$009942C0]
    [6:$009D37B0] 'ff3113_7' [h=C73B7410,$0097EE40]
    [7:$009D37B8] 'ff3113_8' [h=1596E24C,$009A8220]
  [Node$01CA8AD4] 'challenge_Spawn' [h=FE0B6C91,$009A4540]: function$00984960 'challenge_Spawn' [h=FE0B6C91,$009A4540]
    CONST$00A65040 k0  nil
    CONST$00A65048 k1  'Utility_LoadUtilityScript' [h=08CA6B86,$009DD4C0]
    CONST$00A65050 k2  'spawn' [h=105FEC3F,$0097C700]
    CONST$00A65058 k3  'type' [h=0070EF71,$00990720]
    CONST$00A65060 k4  'table' [h=10F2114B,$00979B40]
    CONST$00A65068 k5  'sNameBase' [h=272F9148,$0099FE40]
    CONST$00A65070 k6  'util_SetDefault' [h=3072A05A,$009A7800]
    CONST$00A65078 k7  'spawn_' [h=7A801DAA,$0098C800]
    CONST$00A65080 k8  'tNameCollision' [h=BA06ED43,$009ABC00]
    CONST$00A65088 k9  'challenge_SpawnDefaultNameCollision' [h=42216775,$009E12C0]
    CONST$00A65090 k10 'spawn_ActorTables' [h=4BB339B1,$00A371C0]
    CONST$00A65098 k11 'challenge_SpawnAdd' [h=F4A5DBAE,$009CEC00]
    CODE $00C12940
      000 0100BE95       BNE r1 != k0 (nil)
      001 00800B94       JMP +47 ; 49
      002 01013E95       BNE r2 != k0 (nil)
      003 00800B14       JMP +45 ; 49
      004 04000045 GETGLOBAL r4 := _G[k1 ('Utility_LoadUtilityScript' [h=08CA6B86,$009DD4C0])]
      005 05000081     LOADK r5 := k2 ('spawn' [h=105FEC3F,$0097C700])
      006 04010059      CALL r4 (1 args) => 0 results
      007 040000C5 GETGLOBAL r4 := _G[k3 ('type' [h=0070EF71,$00990720])]
      008 05018000      MOVE r5 := r3
      009 04010099      CALL r4 (1 args) => 1 results
      010 01023F95       BNE r4 != k4 ('table' [h=10F2114B,$00979B40])
      011 00800054       JMP +2 ; 14
      012 0400000A  NEWTABLE r4 := {} (#a=0, #h=0)
      013 03020000      MOVE r3 := r4
      014 01003E95       BNE r0 != k0 (nil)
      015 00800194       JMP +7 ; 23
      016 04000185 GETGLOBAL r4 := _G[k6 ('util_SetDefault' [h=3072A05A,$009A7800])]
      017 0501BFC6  GETTABLE r5 := r3[k5 ('sNameBase' [h=272F9148,$0099FE40])]
      018 060001C1     LOADK r6 := k7 ('spawn_' [h=7A801DAA,$0098C800])
      019 07000000      MOVE r7 := r0
      020 060301D3    CONCAT r6 := r6 ... r7
      021 04018099      CALL r4 (2 args) => 1 results
      022 037F8109  SETTABLE r4 ->> r3[k5 ('sNameBase' [h=272F9148,$0099FE40])]
      023 04000185 GETGLOBAL r4 := _G[k6 ('util_SetDefault' [h=3072A05A,$009A7800])]
      024 0501C086  GETTABLE r5 := r3[k8 ('tNameCollision' [h=BA06ED43,$009ABC00])]
      025 06000245 GETGLOBAL r6 := _G[k9 ('challenge_SpawnDefaultNameCollision' [h=42216775,$009E12C0])]
      026 06008019      CALL r6 (0 args) => -1 results
      027 04000099      CALL r4 (-1 args) => 1 results
      028 03810109  SETTABLE r4 ->> r3[k8 ('tNameCollision' [h=BA06ED43,$009ABC00])]
      029 04000285 GETGLOBAL r4 := _G[k10 ('spawn_ActorTables' [h=4BB339B1,$00A371C0])]
      030 05008000      MOVE r5 := r1
      031 06010000      MOVE r6 := r2
      032 07018000      MOVE r7 := r3
      033 04020159      CALL r4 (3 args) => 4 results
      034 0801BFC6  GETTABLE r8 := r3[k5 ('sNameBase' [h=272F9148,$0099FE40])]
      035 01043E95       BNE r8 != k0 (nil)
      036 008000D4       JMP +4 ; 41
      037 080002C5 GETGLOBAL r8 := _G[k11 ('challenge_SpawnAdd' [h=F4A5DBAE,$009CEC00])]
      038 09030000      MOVE r9 := r6
      039 08010059      CALL r8 (1 args) => 0 results
      040 00800094       JMP +3 ; 44
      041 080002C5 GETGLOBAL r8 := _G[k11 ('challenge_SpawnAdd' [h=F4A5DBAE,$009CEC00])]
      042 09038000      MOVE r9 := r7
      043 08010059      CALL r8 (1 args) => 0 results
      044 08030000      MOVE r8 := r6
      045 09038000      MOVE r9 := r7
      046 0A028000      MOVE r10 := r5
      047 0802001B    RETURN r8 ... r10
      048 00800054       JMP +2 ; 51
      049 0400000A  NEWTABLE r4 := {} (#a=0, #h=0)
      050 0401001B    RETURN r4 ... r4
      051 0000801B    RETURN r0 ... r-1
  [Node$01CA8B10] 'mafiaFlyby' [h=AEBD1494,$0097ED40]: function$00995CE0 'mafiaFlyby' [h=AEBD1494,$0097ED40]
    CONST$009607D0 k0  'doFlyby' [h=CF0211EB,$0097F3A0]
    CONST$009607D8 k1  'mafia' [h=11226556,$009A6140]
    CODE $009607C0
      000 00000005 GETGLOBAL r0 := _G[k0 ('doFlyby' [h=CF0211EB,$0097F3A0])]
      001 01000041     LOADK r1 := k1 ('mafia' [h=11226556,$009A6140])
      002 00010059      CALL r0 (1 args) => 0 results
      003 0000801B    RETURN r0 ... r-1
  [Node$01CA8B24] 'Cinematic_BeginSequence' [h=2AD2B495,$009E2200]: cfunction$002C1078 'Cinematic_BeginSequence' [h=2AD2B495,$009E2200]
  [Node$01CA8B74] 'Utility_GetDistanceBetweenActors' [h=676B6499,$00A08940]: cfunction$002C30B0 'Utility_GetDistanceBetweenActors' [h=676B6499,$00A08940]
  [Node$01CA8B88] 'Player_AdjustMoney' [h=9E5BA49A,$00A00940]: cfunction$002C0050 'Player_AdjustMoney' [h=9E5BA49A,$00A00940]
  [Node$01CA8BC4] 'util_QueueRadioEventHandler' [h=59EC849D,$00A3BA40]: function$0099BE00[1] 'util_QueueRadioEventHandler' [h=59EC849D,$00A3BA40]
    CONST$00A3B8C0 k0  'type' [h=0070EF71,$00990720]
    CONST$00A3B8C8 k1  'func' [h=0071EF66,$00993300]
    CONST$00A3B8D0 k2  'function' [h=7C9F9568,$0098F8A0]
    CONST$00A3B8D8 k3  'bWhenDone' [h=7C281FF5,$00983A00]
    CONST$00A3B8E0 k4  'Event_RelativeTimer' [h=AD23F6E2,$00A3EA80]
    CONST$00A3B8E8 k5  'b' [h=00000083,$009960C0]
    CONST$00A3B8F0 k6  0.0
    CONST$00A3B8F8 k7  nil
    CODE $00C02F80
      000 02000005 GETGLOBAL r2 := _G[k0 ('type' [h=0070EF71,$00990720])]
      001 03000004  GETUPVAL r3 := u0
      002 03018006  GETTABLE r3 := r3[r0]
      003 0301BEC6  GETTABLE r3 := r3[k1 ('func' [h=0071EF66,$00993300])]
      004 02010099      CALL r2 (1 args) => 1 results
      005 00013F15       BEQ r2 == k2 ('function' [h=7C9F9568,$0098F8A0])
      006 00800114       JMP +5 ; 12
      007 02000004  GETUPVAL r2 := u0
      008 02010006  GETTABLE r2 := r2[r0]
      009 02013EC6  GETTABLE r2 := r2[k1 ('func' [h=0071EF66,$00993300])]
      010 02008059      CALL r2 (0 args) => 0 results
      011 008004D4       JMP +20 ; 32
      012 02000004  GETUPVAL r2 := u0
      013 02010006  GETTABLE r2 := r2[r0]
      014 02013F46  GETTABLE r2 := r2[k3 ('bWhenDone' [h=7C281FF5,$00983A00])]
      015 02010018      TEST not r2: r2 := r2 ; or skip
      016 008001D4       JMP +8 ; 25
      017 02000105 GETGLOBAL r2 := _G[k4 ('Event_RelativeTimer' [h=AD23F6E2,$00A3EA80])]
      018 03000004  GETUPVAL r3 := u0
      019 03018006  GETTABLE r3 := r3[r0]
      020 0301BEC6  GETTABLE r3 := r3[k1 ('func' [h=0071EF66,$00993300])]
      021 04000141     LOADK r4 := k5 ('b' [h=00000083,$009960C0])
      022 05008000      MOVE r5 := r1
      023 02020059      CALL r2 (3 args) => 0 results
      024 00800194       JMP +7 ; 32
      025 02000105 GETGLOBAL r2 := _G[k4 ('Event_RelativeTimer' [h=AD23F6E2,$00A3EA80])]
      026 03000004  GETUPVAL r3 := u0
      027 03018006  GETTABLE r3 := r3[r0]
      028 0301BEC6  GETTABLE r3 := r3[k1 ('func' [h=0071EF66,$00993300])]
      029 04000141     LOADK r4 := k5 ('b' [h=00000083,$009960C0])
      030 05000181     LOADK r5 := k6 (0.0)
      031 02020059      CALL r2 (3 args) => 0 results
      032 02000004  GETUPVAL r2 := u0
      033 02004049  SETTABLE k7 (nil) ->> r2[r0]
      034 0000801B    RETURN r0 ... r-1
  [Node$01CA8BEC] 'jeff_shutdownElevator' [h=8965749F,$009FC680]: function$009C5260 'jeff_shutdownElevator' [h=8965749F,$009FC680]
    CONST$009FC580 k0  'jeff_elevatorExists' [h=D6713387,$00A07640]
    CONST$009FC588 k1  'Actor_EnableScriptedUse' [h=2140441B,$009FBF80]
    CONST$009FC590 k2  'mafia_fakeExit' [h=C9D228DC,$009AB200]
    CONST$009FC598 k3  'FALSE' [h=0E4B730F,$009965C0]
    CONST$009FC5A0 k4  'mafia_fakeEntrance' [h=A3626E69,$00A0A540]
    CONST$009FC5A8 k5  'jeff_hExitUsed' [h=58F54B91,$009ABBE0]
    CONST$009FC5B0 k6  'Event_CancelEvent' [h=D8960070,$00A08280]
    CONST$009FC5B8 k7  'jeff_hEntranceUsed' [h=F77E78A8,$009FC540]
    CODE $00AB11C0
      000 00000005 GETGLOBAL r0 := _G[k0 ('jeff_elevatorExists' [h=D6713387,$00A07640])]
      001 00008099      CALL r0 (0 args) => 1 results
      002 00000058      TEST r0: r0 := r0 ; or skip
      003 00800014       JMP +1 ; 5
      004 0000801B    RETURN r0 ... r-1
      005 00000045 GETGLOBAL r0 := _G[k1 ('Actor_EnableScriptedUse' [h=2140441B,$009FBF80])]
      006 01000081     LOADK r1 := k2 ('mafia_fakeExit' [h=C9D228DC,$009AB200])
      007 020000C5 GETGLOBAL r2 := _G[k3 ('FALSE' [h=0E4B730F,$009965C0])]
      008 00018059      CALL r0 (2 args) => 0 results
      009 00000045 GETGLOBAL r0 := _G[k1 ('Actor_EnableScriptedUse' [h=2140441B,$009FBF80])]
      010 01000101     LOADK r1 := k4 ('mafia_fakeEntrance' [h=A3626E69,$00A0A540])
      011 020000C5 GETGLOBAL r2 := _G[k3 ('FALSE' [h=0E4B730F,$009965C0])]
      012 00018059      CALL r0 (2 args) => 0 results
      013 00000185 GETGLOBAL r0 := _G[k6 ('Event_CancelEvent' [h=D8960070,$00A08280])]
      014 01000145 GETGLOBAL r1 := _G[k5 ('jeff_hExitUsed' [h=58F54B91,$009ABBE0])]
      015 00010099      CALL r0 (1 args) => 1 results
      016 00000147 SETGLOBAL r0 ->> _G[k5 ('jeff_hExitUsed' [h=58F54B91,$009ABBE0])]
      017 00000185 GETGLOBAL r0 := _G[k6 ('Event_CancelEvent' [h=D8960070,$00A08280])]
      018 010001C5 GETGLOBAL r1 := _G[k7 ('jeff_hEntranceUsed' [h=F77E78A8,$009FC540])]
      019 00010099      CALL r0 (1 args) => 1 results
      020 000001C7 SETGLOBAL r0 ->> _G[k7 ('jeff_hEntranceUsed' [h=F77E78A8,$009FC540])]
      021 0000801B    RETURN r0 ... r-1
  [Node$01CA8C00] 'Ai_SetIsHostage' [h=2DF294A0,$0098E500]: cfunction$002B2AC0 'Ai_SetIsHostage' [h=2DF294A0,$0098E500]
  [Node$01CA8C14] 'BriefingSkipTo' [h=C194D4A1,$009A8BE0]: function$009A6D00 'BriefingSkipTo' [h=C194D4A1,$009A8BE0]
    CONST$00A3EB80 k0  'BouncerUsed' [h=EB9F32D0,$009986E0]
    CONST$00A3EB88 k1  'Utility_GetActor' [h=077E9779,$00A06B80]
    CONST$00A3EB90 k2  'Utility_ReadStringFromScribbleMemory' [h=5455F3B9,$00A0B700]
    CONST$00A3EB98 k3  'current_faction' [h=B9B21A68,$009A6960]
    CONST$00A3EBA0 k4  'bouncer' [h=9B54371D,$009A6C40]
    CODE $00A05F00
      000 00000005 GETGLOBAL r0 := _G[k0 ('BouncerUsed' [h=EB9F32D0,$009986E0])]
      001 01000045 GETGLOBAL r1 := _G[k1 ('Utility_GetActor' [h=077E9779,$00A06B80])]
      002 02000085 GETGLOBAL r2 := _G[k2 ('Utility_ReadStringFromScribbleMemory' [h=5455F3B9,$00A0B700])]
      003 030000C1     LOADK r3 := k3 ('current_faction' [h=B9B21A68,$009A6960])
      004 02010099      CALL r2 (1 args) => 1 results
      005 03000101     LOADK r3 := k4 ('bouncer' [h=9B54371D,$009A6C40])
      006 020100D3    CONCAT r2 := r2 ... r3
      007 01010019      CALL r1 (1 args) => -1 results
      008 00000059      CALL r0 (-1 args) => 0 results
      009 0000801B    RETURN r0 ... r-1
  [Node$01CA8C28] 'Audio_StopMusic' [h=5163D4A2,$0098D640]: cfunction$002F78C0 'Audio_StopMusic' [h=5163D4A2,$0098D640]
  [Node$01CA8C3C] 'Event_AlarmUsed' [h=8220ECA3,$00986360]: cfunction$002BF0A0 'Event_AlarmUsed' [h=8220ECA3,$00986360]
  [Node$01CA8C78] 'jeff_clearHeroEvents' [h=87DA5CA6,$00A2B6C0]: function$009A2060 'jeff_clearHeroEvents' [h=87DA5CA6,$00A2B6C0]
    CONST$0097B100 k0  'jeff_hHeroHealedEvent' [h=7397F395,$009F6DC0]
    CONST$0097B108 k1  'Event_CancelEvent' [h=D8960070,$00A08280]
    CONST$0097B110 k2  'jeff_hHeroDamagedEvent' [h=E78B0B0C,$00A2A100]
    CODE $009F6B80
      000 00000045 GETGLOBAL r0 := _G[k1 ('Event_CancelEvent' [h=D8960070,$00A08280])]
      001 01000005 GETGLOBAL r1 := _G[k0 ('jeff_hHeroHealedEvent' [h=7397F395,$009F6DC0])]
      002 00010099      CALL r0 (1 args) => 1 results
      003 00000007 SETGLOBAL r0 ->> _G[k0 ('jeff_hHeroHealedEvent' [h=7397F395,$009F6DC0])]
      004 00000045 GETGLOBAL r0 := _G[k1 ('Event_CancelEvent' [h=D8960070,$00A08280])]
      005 01000085 GETGLOBAL r1 := _G[k2 ('jeff_hHeroDamagedEvent' [h=E78B0B0C,$00A2A100])]
      006 00010099      CALL r0 (1 args) => 1 results
      007 00000087 SETGLOBAL r0 ->> _G[k2 ('jeff_hHeroDamagedEvent' [h=E78B0B0C,$00A2A100])]
      008 0000801B    RETURN r0 ... r-1
  [Node$01CA8CA0] 'Actor_SetVerifiable' [h=281DE4A8,$00A092C0]: cfunction$002AA6C0 'Actor_SetVerifiable' [h=281DE4A8,$00A092C0]
  [Node$01CA8CDC] 'loc_ff4653_n' [h=C8C154AB,$0099E9E0]: table$009A2920[a=8,h=1]
  [Node$01CA8CF0] 'Utility_SetCurrentMissionData' [h=CC8FF4AC,$00A24140]: cfunction$002C61E8 'Utility_SetCurrentMissionData' [h=CC8FF4AC,$00A24140]
  [Node$01CA8D90] 'SW_Challenge_Homerun01_Value' [h=43B8BCB4,$009F5140]: function$00980E00 'SW_Challenge_Homerun01_Value' [h=43B8BCB4,$009F5140]
  [Node$01CA8DB8] 'loc_ff3229_s' [h=9FE53CB6,$00983D60]: table$00984480[a=8,h=1]
    [0:$009F2180] 'ff3229_9' [h=DE03811F,$00997BA0]
    [1:$009F2188] 'ff3229_10' [h=D7CB71EF,$009AC860]
    [2:$009F2190] 'ff3229_11' [h=F059E1A4,$009C6D20]
    [3:$009F2198] 'ff3229_12' [h=1FE779E0,$009A1F40]
    [4:$009F21A0] 'ff3229_13' [h=18795262,$009C6D40]
    [5:$009F21A8] 'ff3229_14' [h=0598D38C,$0099A380]
    [6:$009F21B0] 'ff3229_15' [h=041B694F,$009C5FC0]
    [7:$009F21B8] 'ff3229_16' [h=D0C1C10E,$009ABD00]
  [Node$01CA8DCC] 'loc_ff0812_v_n' [h=0F5A0CB7,$009A1080]: table$00997960[a=2,h=1]
  [Node$01CA8DE0] 'nenc_ff2922' [h=C2C544B8,$009A3360]: table$009A1EE0[a=0,h=4]
    [Node$00AAA4D4] 'tLocationObjectsA' [h=2C5376F5,$00A01980]: table$00982EA0[a=8,h=1]
      [0:$009D3340] 'ff2922_1' [h=BB9DFBCB,$0099C9E0]
      [1:$009D3348] 'ff2922_2' [h=44AB13FE,$00993720]
      [2:$009D3350] 'ff2922_3' [h=DB4CF3B3,$00976BA0]
      [3:$009D3358] 'ff2922_4' [h=BFD2E088,$009C4520]
      [4:$009D3360] 'ff2922_5' [h=2C3A0D3D,$009C47A0]
      [5:$009D3368] 'ff2922_6' [h=78EE9DF5,$00989540]
      [6:$009D3370] 'ff2922_7' [h=F3300C13,$009A1260]
      [7:$009D3378] 'ff2922_8' [h=0BCEE07A,$009A2B60]
    [Node$00AAA4E8] 'sEncounter' [h=4CD961D9,$009A5C20]: 'ff2922' [h=08C9FAC9,$009C72A0]
    [Node$00AAA4FC] 'tLocationObjectsB' [h=CEC61813,$00A073C0]: table$00976C80[a=8,h=1]
      [0:$009DD280] 'ff2922_9' [h=BD74F75F,$009C4460]
      [1:$009DD288] 'ff2922_10' [h=EA15D142,$009AB0C0]
      [2:$009DD290] 'ff2922_11' [h=F408E611,$009A82C0]
      [3:$009DD298] 'ff2922_12' [h=C908CE2C,$009A0360]
      [4:$009DD2A0] 'ff2922_13' [h=131D3970,$00982D00]
      [5:$009DD2A8] 'ff2922_14' [h=04765CB9,$009C4000]
      [6:$009DD2B0] 'ff2922_15' [h=71644A1C,$0099E100]
      [7:$009DD2B8] 'ff2922_16' [h=ED1AF93E,$00997760]
  [Node$01CA8DF4] 'challenge_deliver_nab_01_Show' [h=72A884B9,$009D9080]: function$009A6F00 'challenge_deliver_nab_01_Show' [h=72A884B9,$009D9080]
    CONST$00957980 k0  'challenge_Recycler_Show' [h=BA823C25,$009FC3C0]
    CONST$00957988 k1  'tSW_challenge_deliver_nab_01' [h=3632D442,$009CC180]
    CODE $00957930
      000 00000005 GETGLOBAL r0 := _G[k0 ('challenge_Recycler_Show' [h=BA823C25,$009FC3C0])]
      001 01000045 GETGLOBAL r1 := _G[k1 ('tSW_challenge_deliver_nab_01' [h=3632D442,$009CC180])]
      002 00010059      CALL r0 (1 args) => 0 results
      003 0000801B    RETURN r0 ... r-1
  [Node$01CA8E08] 'nenc_ff3045_v' [h=622774BA,$009A4500]: table$009897E0[a=0,h=4]
    [Node$00B28054] 'tLocationObjectsA' [h=2C5376F5,$00A01980]: table$0098DEA0[a=2,h=1]
    [Node$00B28068] 'sEncounter' [h=4CD961D9,$009A5C20]: 'ff3045' [h=E8C4022D,$00989CE0]
    [Node$00B2807C] 'tLocationObjectsB' [h=CEC61813,$00A073C0]: nil
  [Node$01CA8E30] 'SW_challenge_Race01_SetupAiInNamedVehicle' [h=EDD7BCBC,$009D4F00]: function$009A1340 'SW_challenge_Race01_SetupAiInNamedVehicle' [h=EDD7BCBC,$009D4F00]
    CONST$00962D90 k0  'challenge_Recycler_Vehicle_Setup' [h=2383F7A5,$009E2480]
    CONST$00962D98 k1  'tSW_Challenge_Race01' [h=913D041D,$009D3D40]
    CODE $009A8C20
      000 03000005 GETGLOBAL r3 := _G[k0 ('challenge_Recycler_Vehicle_Setup' [h=2383F7A5,$009E2480])]
      001 04000045 GETGLOBAL r4 := _G[k1 ('tSW_Challenge_Race01' [h=913D041D,$009D3D40])]
      002 05000000      MOVE r5 := r0
      003 06008000      MOVE r6 := r1
      004 03020059      CALL r3 (3 args) => 0 results
      005 0000801B    RETURN r0 ... r-1
  [Node$01CA8E6C] 'SW_challenge_homerun_prp2dmz_01_Show' [h=D4FE54BF,$00A042C0]: function$00989B20 'SW_challenge_homerun_prp2dmz_01_Show' [h=D4FE54BF,$00A042C0]
    CONST$009630A0 k0  'challenge_Recycler_Show' [h=BA823C25,$009FC3C0]
    CONST$009630A8 k1  'tSW_challenge_homerun_prp2dmz_01' [h=98FBDA5C,$009F8C40]
    CODE $00963090
      000 00000005 GETGLOBAL r0 := _G[k0 ('challenge_Recycler_Show' [h=BA823C25,$009FC3C0])]
      001 01000045 GETGLOBAL r1 := _G[k1 ('tSW_challenge_homerun_prp2dmz_01' [h=98FBDA5C,$009F8C40])]
      002 00010059      CALL r0 (1 args) => 0 results
      003 0000801B    RETURN r0 ... r-1
  [Node$01CA8E80] 'PlayPostMissionVO' [h=B5D614C0,$00A08080]: function$009792E0[1] 'PlayPostMissionVO' [h=B5D614C0,$00A08080]
    CONST$00B1D740 k0  'sw_sk1' [h=0A3EF9FB,$009984C0]
    CONST$00B1D748 k1  'Audio_PlayVoiceover' [h=EE2AB1DE,$00A04CC0]
    CONST$00B1D750 k2  'fio.ch1FIO02' [h=D6C709D1,$0099B9A0]
    CONST$00B1D758 k3  'sw_mafia1' [h=15DEF605,$009A3D80]
    CONST$00B1D760 k4  'fio.ch1FIO03' [h=A17337FE,$00995560]
    CONST$00B1D768 k5  'sw_china1' [h=10B884AE,$00998580]
    CONST$00B1D770 k6  'fio.ch1FIO04' [h=4A49EAAE,$009831E0]
    CONST$00B1D778 k7  'Event_RelativeTimer' [h=AD23F6E2,$00A3EA80]
    CONST$00B1D780 k8  'TutorialShop' [h=81598828,$0099D000]
    CONST$00B1D788 k9  'b' [h=00000083,$009960C0]
    CONST$00B1D790 k10 10.0
    CODE $00B1D640
      000 00000004  GETUPVAL r0 := u0
      001 00003E95       BEQ r0 == k0 ('sw_sk1' [h=0A3EF9FB,$009984C0])
      002 008000D4       JMP +4 ; 7
      003 00000045 GETGLOBAL r0 := _G[k1 ('Audio_PlayVoiceover' [h=EE2AB1DE,$00A04CC0])]
      004 01000081     LOADK r1 := k2 ('fio.ch1FIO02' [h=D6C709D1,$0099B9A0])
      005 00010059      CALL r0 (1 args) => 0 results
      006 00800454       JMP +18 ; 25
      007 00000004  GETUPVAL r0 := u0
      008 00003F55       BEQ r0 == k3 ('sw_mafia1' [h=15DEF605,$009A3D80])
      009 008000D4       JMP +4 ; 14
      010 00000045 GETGLOBAL r0 := _G[k1 ('Audio_PlayVoiceover' [h=EE2AB1DE,$00A04CC0])]
      011 01000101     LOADK r1 := k4 ('fio.ch1FIO03' [h=A17337FE,$00995560])
      012 00010059      CALL r0 (1 args) => 0 results
      013 00800294       JMP +11 ; 25
      014 00000004  GETUPVAL r0 := u0
      015 00003FD5       BEQ r0 == k5 ('sw_china1' [h=10B884AE,$00998580])
      016 008001D4       JMP +8 ; 25
      017 00000045 GETGLOBAL r0 := _G[k1 ('Audio_PlayVoiceover' [h=EE2AB1DE,$00A04CC0])]
      018 01000181     LOADK r1 := k6 ('fio.ch1FIO04' [h=4A49EAAE,$009831E0])
      019 00010059      CALL r0 (1 args) => 0 results
      020 000001C5 GETGLOBAL r0 := _G[k7 ('Event_RelativeTimer' [h=AD23F6E2,$00A3EA80])]
      021 01000201     LOADK r1 := k8 ('TutorialShop' [h=81598828,$0099D000])
      022 02000241     LOADK r2 := k9 ('b' [h=00000083,$009960C0])
      023 03000281     LOADK r3 := k10 (10.0)
      024 00020059      CALL r0 (3 args) => 0 results
      025 0000801B    RETURN r0 ... r-1
  [Node$01CA8E94] 'FactionNameToFactionEnumKey' [h=19884CC1,$00A41740]: function$009A7AA0 'FactionNameToFactionEnumKey' [h=19884CC1,$00A41740]
    CONST$009DF300 k0  'allies' [h=B57F1C27,$009A61A0]
    CONST$009DF308 k1  'FACTION_COALITION' [h=682E4CCD,$00A25080]
    CONST$009DF310 k2  'china' [h=1129D14E,$009A6060]
    CONST$009DF318 k3  'FACTION_CHINA' [h=A42DB2B7,$0099B4C0]
    CONST$009DF320 k4  'mafia' [h=11226556,$009A6140]
    CONST$009DF328 k5  'FACTION_MAFIA' [h=4EB629CA,$009977A0]
    CONST$009DF330 k6  'sk' [h=00001514,$009A6180]
    CONST$009DF338 k7  'FACTION_SK' [h=7CFE0F12,$0099BDE0]
    CODE $00A84040
      000 00003E95       BEQ r0 == k0 ('allies' [h=B57F1C27,$009A61A0])
      001 00800094       JMP +3 ; 5
      002 01000041     LOADK r1 := k1 ('FACTION_COALITION' [h=682E4CCD,$00A25080])
      003 0101001B    RETURN r1 ... r1
      004 00800414       JMP +17 ; 22
      005 00003F15       BEQ r0 == k2 ('china' [h=1129D14E,$009A6060])
      006 00800094       JMP +3 ; 10
      007 010000C1     LOADK r1 := k3 ('FACTION_CHINA' [h=A42DB2B7,$0099B4C0])
      008 0101001B    RETURN r1 ... r1
      009 008002D4       JMP +12 ; 22
      010 00003F95       BEQ r0 == k4 ('mafia' [h=11226556,$009A6140])
      011 00800094       JMP +3 ; 15
      012 01000141     LOADK r1 := k5 ('FACTION_MAFIA' [h=4EB629CA,$009977A0])
      013 0101001B    RETURN r1 ... r1
      014 00800194       JMP +7 ; 22
      015 00004015       BEQ r0 == k6 ('sk' [h=00001514,$009A6180])
      016 00800094       JMP +3 ; 20
      017 010001C1     LOADK r1 := k7 ('FACTION_SK' [h=7CFE0F12,$0099BDE0])
      018 0101001B    RETURN r1 ... r1
      019 00800054       JMP +2 ; 22
      020 01008003   LOADNIL r1 ... r1
      021 0101001B    RETURN r1 ... r1
      022 0000801B    RETURN r0 ... r-1
  [Node$01CA8EA8] 'xpcall' [h=6A0AACC2,$009C78E0]: cfunction$003B8C20 'xpcall' [h=6A0AACC2,$009C78E0]
  [Node$01CA8EE4] 'SW_Challenge_Race_HQa2HQs_01_Reinit' [h=DFA6CCC5,$009D3B80]: function$0099C400 'SW_Challenge_Race_HQa2HQs_01_Reinit' [h=DFA6CCC5,$009D3B80]
    CONST$00962D10 k0  'challenge_Recycler_Reinit' [h=1C420A72,$00A02840]
    CONST$00962D18 k1  'tSW_Challenge_Race_HQa2HQs_01' [h=35C26A6D,$009D2C40]
    CODE $00962CF0
      000 00000005 GETGLOBAL r0 := _G[k0 ('challenge_Recycler_Reinit' [h=1C420A72,$00A02840])]
      001 01000045 GETGLOBAL r1 := _G[k1 ('tSW_Challenge_Race_HQa2HQs_01' [h=35C26A6D,$009D2C40])]
      002 00010059      CALL r0 (1 args) => 0 results
      003 0000801B    RETURN r0 ... r-1
  [Node$01CA8EF8] '_VERSION' [h=781DACC6,$00990F80]: 'Lua 5.0.1' [h=34F29B12,$0099E260]
  [Node$01CA8F20] 'Location_GetPosition' [h=A933ECC8,$00A108C0]: cfunction$002C97A0 'Location_GetPosition' [h=A933ECC8,$00A108C0]
  [Node$01CA8F48] 'CreateVerificationTargetBlip' [h=3986CCCA,$00A0F400]: function$009AA9C0 'CreateVerificationTargetBlip' [h=3986CCCA,$00A0F400]
    CONST$00BF4AC0 k0  'markInPDA' [h=06AF161A,$00999D60]
    CONST$00BF4AC8 k1  'util_PrintDebugMsg' [h=A2961C17,$00A11FC0]
    CONST$00BF4AD0 k2  '\n[OBJECTIVEVERIFY] Adding blip for verification target ' [h=F641E514,$00AB1AC0]
    CONST$00BF4AD8 k3  'actorName' [h=4EB2E2FD,$00997FC0]
    CONST$00BF4AE0 k4  ' (objective ' [h=2765F23D,$009C6F60]
    CONST$00BF4AE8 k5  'objectiveName' [h=2337C7CC,$0097D2C0]
    CONST$00BF4AF0 k6  ')\n' [h=00000973,$009A40C0]
    CONST$00BF4AF8 k7  'Objective_SetType' [h=7BC600A9,$00A112C0]
    CONST$00BF4B00 k8  'objectiveType' [h=4CF75B8E,$00987760]
    CONST$00BF4B08 k9  'Objective_SetShortDescription' [h=3CB3128C,$00A3FE00]
    CONST$00BF4B10 k10 'objectiveDesc' [h=54B269EB,$0097B460]
    CONST$00BF4B18 k11 'Objective_SetTargetActor' [h=A04E11C0,$00A0BA80]
    CONST$00BF4B20 k12 'actorCaption' [h=0C46BDC7,$0097AFE0]
    CONST$00BF4B28 k13 'targetType' [h=4E235805,$009962C0]
    CONST$00BF4B30 k14 'blipType' [h=D6B22C63,$009A7840]
    CONST$00BF4B38 k15 'markInGPS' [h=1F1CD89F,$00979C40]
    CONST$00BF4B40 k16 'markInWorld' [h=5268B4A8,$0097C860]
    CONST$00BF4B48 k17 0.0
    CONST$00BF4B50 k18 'drawDiamond' [h=F9D35DC5,$009A8A00]
    CODE $00ACBE40
      000 01003E86  GETTABLE r1 := r0[k0 ('markInPDA' [h=06AF161A,$00999D60])]
      001 01008018      TEST not r1: r1 := r1 ; or skip
      002 008006D4       JMP +28 ; 31
      003 01000045 GETGLOBAL r1 := _G[k1 ('util_PrintDebugMsg' [h=A2961C17,$00A11FC0])]
      004 02000081     LOADK r2 := k2 ('\n[OBJECTIVEVERIFY] Adding blip for verification target ' [h=F641E514,$00AB1AC0])
      005 03003F46  GETTABLE r3 := r0[k3 ('actorName' [h=4EB2E2FD,$00997FC0])]
      006 04000101     LOADK r4 := k4 (' (objective ' [h=2765F23D,$009C6F60])
      007 05003FC6  GETTABLE r5 := r0[k5 ('objectiveName' [h=2337C7CC,$0097D2C0])]
      008 06000181     LOADK r6 := k6 (')\n' [h=00000973,$009A40C0])
      009 02010193    CONCAT r2 := r2 ... r6
      010 01010059      CALL r1 (1 args) => 0 results
      011 010001C5 GETGLOBAL r1 := _G[k7 ('Objective_SetType' [h=7BC600A9,$00A112C0])]
      012 02003FC6  GETTABLE r2 := r0[k5 ('objectiveName' [h=2337C7CC,$0097D2C0])]
      013 03004086  GETTABLE r3 := r0[k8 ('objectiveType' [h=4CF75B8E,$00987760])]
      014 01018059      CALL r1 (2 args) => 0 results
      015 01000245 GETGLOBAL r1 := _G[k9 ('Objective_SetShortDescription' [h=3CB3128C,$00A3FE00])]
      016 02003FC6  GETTABLE r2 := r0[k5 ('objectiveName' [h=2337C7CC,$0097D2C0])]
      017 03004106  GETTABLE r3 := r0[k10 ('objectiveDesc' [h=54B269EB,$0097B460])]
      018 01018059      CALL r1 (2 args) => 0 results
      019 010002C5 GETGLOBAL r1 := _G[k11 ('Objective_SetTargetActor' [h=A04E11C0,$00A0BA80])]
      020 02003FC6  GETTABLE r2 := r0[k5 ('objectiveName' [h=2337C7CC,$0097D2C0])]
      021 03003F46  GETTABLE r3 := r0[k3 ('actorName' [h=4EB2E2FD,$00997FC0])]
      022 04004186  GETTABLE r4 := r0[k12 ('actorCaption' [h=0C46BDC7,$0097AFE0])]
      023 050041C6  GETTABLE r5 := r0[k13 ('targetType' [h=4E235805,$009962C0])]
      024 06004206  GETTABLE r6 := r0[k14 ('blipType' [h=D6B22C63,$009A7840])]
      025 07004246  GETTABLE r7 := r0[k15 ('markInGPS' [h=1F1CD89F,$00979C40])]
      026 08003E86  GETTABLE r8 := r0[k0 ('markInPDA' [h=06AF161A,$00999D60])]
      027 09004286  GETTABLE r9 := r0[k16 ('markInWorld' [h=5268B4A8,$0097C860])]
      028 0A000441     LOADK r10 := k17 (0.0)
      029 0B004306  GETTABLE r11 := r0[k18 ('drawDiamond' [h=F9D35DC5,$009A8A00])]
      030 01058059      CALL r1 (10 args) => 0 results
      031 0000801B    RETURN r0 ... r-1
  [Node$01CA8F98] 'SW_Challenge_Race_HQa2HQs_01_OnStarterSpent' [h=E3319CCE,$009D7F00]: function$0099C4A0 'SW_Challenge_Race_HQa2HQs_01_OnStarterSpent' [h=E3319CCE,$009D7F00]
    CONST$00962BC0 k0  'challenge_Recycler_OnStarterSpent' [h=B4FA0A88,$00A10D40]
    CONST$00962BC8 k1  'tSW_Challenge_Race_HQa2HQs_01' [h=35C26A6D,$009D2C40]
    CODE $00962BB0
      000 00000005 GETGLOBAL r0 := _G[k0 ('challenge_Recycler_OnStarterSpent' [h=B4FA0A88,$00A10D40])]
      001 01000045 GETGLOBAL r1 := _G[k1 ('tSW_Challenge_Race_HQa2HQs_01' [h=35C26A6D,$009D2C40])]
      002 00010059      CALL r0 (1 args) => 0 results
      003 0000801B    RETURN r0 ... r-1
  [Node$01CA9010] 'Audio_AddStreamPreloadRegion' [h=03E2D4D4,$00A00240]: cfunction$002B8790 'Audio_AddStreamPreloadRegion' [h=03E2D4D4,$00A00240]
  [Node$01CA9038] 'StopCardMusic' [h=A5D2DCD6,$009A9680]: function$009A9400 'StopCardMusic' [h=A5D2DCD6,$009A9680]
    CONST$009F6540 k0  'Utility_ReadStringFromScribbleMemory' [h=5455F3B9,$00A0B700]
    CONST$009F6548 k1  'current_faction' [h=B9B21A68,$009A6960]
    CONST$009F6550 k2  nil
    CONST$009F6558 k3  'Audio_PlayFactionMusic' [h=4E56600E,$00A045C0]
    CONST$009F6560 k4  'none' [h=0077FE1F,$009A7B40]
    CODE $00A28B80
      000 00000005 GETGLOBAL r0 := _G[k0 ('Utility_ReadStringFromScribbleMemory' [h=5455F3B9,$00A0B700])]
      001 01000041     LOADK r1 := k1 ('current_faction' [h=B9B21A68,$009A6960])
      002 00010099      CALL r0 (1 args) => 1 results
      003 01003F15       BNE r0 != k2 (nil)
      004 008000D4       JMP +4 ; 9
      005 010000C5 GETGLOBAL r1 := _G[k3 ('Audio_PlayFactionMusic' [h=4E56600E,$00A045C0])]
      006 02000000      MOVE r2 := r0
      007 01010059      CALL r1 (1 args) => 0 results
      008 00800094       JMP +3 ; 12
      009 010000C5 GETGLOBAL r1 := _G[k3 ('Audio_PlayFactionMusic' [h=4E56600E,$00A045C0])]
      010 02000101     LOADK r2 := k4 ('none' [h=0077FE1F,$009A7B40])
      011 01010059      CALL r1 (1 args) => 0 results
      012 0000801B    RETURN r0 ... r-1
  [Node$01CA904C] 'defaultA' [h=70E9ACD7,$009AAA20]: table$0097EA00[a=0,h=4]
    [Node$00AC1F54] 'sSquad' [h=7089B391,$009C60E0]: 'Squad1' [h=0BBC943C,$00994D60]
    [Node$00AC1F7C] 'fSetup' [h=9C855945,$0097EAC0]: nil
  [Node$01CA9060] 'gameflow_ShouldGameStateApply' [h=46081CD8,$00A37F80]: function$0097FDC0 'gameflow_ShouldGameStateApply' [h=46081CD8,$00A37F80]
    CONST$00BF2600 k0  'Utility_ReadNumberFromScribbleMemory' [h=2BB92038,$00A00C80]
    CONST$00BF2608 k1  'mission_accepted' [h=77464996,$00A123C0]
    CONST$00BF2610 k2  'Utility_ReadStringFromScribbleMemory' [h=5455F3B9,$00A0B700]
    CONST$00BF2618 k3  'current_faction' [h=B9B21A68,$009A6960]
    CONST$00BF2620 k4  'allies' [h=B57F1C27,$009A61A0]
    CONST$00BF2628 k5  'current_allies_mission' [h=CB04149F,$009E5800]
    CONST$00BF2630 k6  'china' [h=1129D14E,$009A6060]
    CONST$00BF2638 k7  'current_china_mission' [h=83A0A4EA,$009E5740]
    CONST$00BF2640 k8  'mafia' [h=11226556,$009A6140]
    CONST$00BF2648 k9  'current_mafia_mission' [h=C3DB5DB9,$009E5700]
    CONST$00BF2650 k10 'sk' [h=00001514,$009A6180]
    CONST$00BF2658 k11 'current_sk_mission' [h=A983358C,$009E56C0]
    CONST$00BF2660 k12 'util_PrintDebugMsg' [h=A2961C17,$00A11FC0]
    CONST$00BF2668 k13 '\n[gameflow.lua] gameflow_ShouldGameStateApply: evaluating new game state subset...\n' [h=94811E5E,$00A97F40]
    CONST$00BF2670 k14 'conditions' [h=B20F7A7D,$0097AA60]
    CONST$00BF2678 k15 'pairs' [h=12CC6B12,$009906A0]
    CONST$00BF2680 k16 'gameflow_EvaluateFactionCondition' [h=1152A024,$00A38500]
    CONST$00BF2688 k17 'chapter' [h=9A11FF20,$00997D80]
    CONST$00BF2690 k18 'gameflow_EvaluateChapterCondition' [h=E1AA6C11,$00A38640]
    CONST$00BF2698 k19 'inMissionState' [h=769AC32E,$0098DAE0]
    CONST$00BF26A0 k20 'gameflow_EvaluateMissionStateCondition' [h=AC2DE8C1,$00A37AC0]
    CODE $00C904C0
      000 03000005 GETGLOBAL r3 := _G[k0 ('Utility_ReadNumberFromScribbleMemory' [h=2BB92038,$00A00C80])]
      001 04000041     LOADK r4 := k1 ('mission_accepted' [h=77464996,$00A123C0])
      002 03010099      CALL r3 (1 args) => 1 results
      003 04000085 GETGLOBAL r4 := _G[k2 ('Utility_ReadStringFromScribbleMemory' [h=5455F3B9,$00A0B700])]
      004 050000C1     LOADK r5 := k3 ('current_faction' [h=B9B21A68,$009A6960])
      005 04010099      CALL r4 (1 args) => 1 results
      006 050000CA  NEWTABLE r5 := {} (#a=0, #h=3)
      007 06000005 GETGLOBAL r6 := _G[k0 ('Utility_ReadNumberFromScribbleMemory' [h=2BB92038,$00A00C80])]
      008 07000141     LOADK r7 := k5 ('current_allies_mission' [h=CB04149F,$009E5800])
      009 06010099      CALL r6 (1 args) => 1 results
      010 057F0189  SETTABLE r6 ->> r5[k4 ('allies' [h=B57F1C27,$009A61A0])]
      011 06000005 GETGLOBAL r6 := _G[k0 ('Utility_ReadNumberFromScribbleMemory' [h=2BB92038,$00A00C80])]
      012 070001C1     LOADK r7 := k7 ('current_china_mission' [h=83A0A4EA,$009E5740])
      013 06010099      CALL r6 (1 args) => 1 results
      014 05800189  SETTABLE r6 ->> r5[k6 ('china' [h=1129D14E,$009A6060])]
      015 06000005 GETGLOBAL r6 := _G[k0 ('Utility_ReadNumberFromScribbleMemory' [h=2BB92038,$00A00C80])]
      016 07000241     LOADK r7 := k9 ('current_mafia_mission' [h=C3DB5DB9,$009E5700])
      017 06010099      CALL r6 (1 args) => 1 results
      018 05810189  SETTABLE r6 ->> r5[k8 ('mafia' [h=11226556,$009A6140])]
      019 06000005 GETGLOBAL r6 := _G[k0 ('Utility_ReadNumberFromScribbleMemory' [h=2BB92038,$00A00C80])]
      020 070002C1     LOADK r7 := k11 ('current_sk_mission' [h=A983358C,$009E56C0])
      021 06010099      CALL r6 (1 args) => 1 results
      022 05820189  SETTABLE r6 ->> r5[k10 ('sk' [h=00001514,$009A6180])]
      023 06008002  LOADBOOL r6 := True
      024 07000305 GETGLOBAL r7 := _G[k12 ('util_PrintDebugMsg' [h=A2961C17,$00A11FC0])]
      025 08000341     LOADK r8 := k13 ('\n[gameflow.lua] gameflow_ShouldGameStateApply: evaluating new game state subset...\n' [h=94811E5E,$00A97F40])
      026 07010059      CALL r7 (1 args) => 0 results
      027 07004206  GETTABLE r7 := r0[k14 ('conditions' [h=B20F7A7D,$0097AA60])]
      028 07038018      TEST not r7: r7 := r7 ; or skip
      029 00800B94       JMP +47 ; 77
      030 070003C5 GETGLOBAL r7 := _G[k15 ('pairs' [h=12CC6B12,$009906A0])]
      031 08004206  GETTABLE r8 := r0[k14 ('conditions' [h=B20F7A7D,$0097AA60])]
      032 07010159      CALL r7 (1 args) => 4 results
      033 07800A1E  TFORPREP WIP
      034 0104BF95       BNE r9 != k4 ('allies' [h=B57F1C27,$009A61A0])
      035 00800154       JMP +6 ; 42
      036 0104C015       BNE r9 != k6 ('china' [h=1129D14E,$009A6060])
      037 008000D4       JMP +4 ; 42
      038 0104C095       BNE r9 != k8 ('mafia' [h=11226556,$009A6140])
      039 00800054       JMP +2 ; 42
      040 0004C115       BEQ r9 == k10 ('sk' [h=00001514,$009A6180])
      041 00800314       JMP +13 ; 55
      042 0B000405 GETGLOBAL r11 := _G[k16 ('gameflow_EvaluateFactionCondition' [h=1152A024,$00A38500])]
      043 0C048000      MOVE r12 := r9
      044 0D050000      MOVE r13 := r10
      045 0E028000      MOVE r14 := r5
      046 0F018000      MOVE r15 := r3
      047 10020000      MOVE r16 := r4
      048 11008000      MOVE r17 := r1
      049 12010000      MOVE r18 := r2
      050 0B040099      CALL r11 (7 args) => 1 results
      051 0B058058      TEST r11: r11 := r11 ; or skip
      052 00800054       JMP +2 ; 55
      053 06000002  LOADBOOL r6 := False
      054 00800554       JMP +22 ; 77
      055 0004C2D5       BEQ r9 == k17 ('chapter' [h=9A11FF20,$00997D80])
      056 008001D4       JMP +8 ; 65
      057 0B000485 GETGLOBAL r11 := _G[k18 ('gameflow_EvaluateChapterCondition' [h=E1AA6C11,$00A38640])]
      058 0C010000      MOVE r12 := r2
      059 0D050000      MOVE r13 := r10
      060 0B018099      CALL r11 (2 args) => 1 results
      061 0B058058      TEST r11: r11 := r11 ; or skip
      062 00800054       JMP +2 ; 65
      063 06000002  LOADBOOL r6 := False
      064 008002D4       JMP +12 ; 77
      065 0004C355       BEQ r9 == k19 ('inMissionState' [h=769AC32E,$0098DAE0])
      066 008001D4       JMP +8 ; 75
      067 0B000505 GETGLOBAL r11 := _G[k20 ('gameflow_EvaluateMissionStateCondition' [h=AC2DE8C1,$00A37AC0])]
      068 0C018000      MOVE r12 := r3
      069 0D050000      MOVE r13 := r10
      070 0B018099      CALL r11 (2 args) => 1 results
      071 0B058058      TEST r11: r11 := r11 ; or skip
      072 00800054       JMP +2 ; 75
      073 06000002  LOADBOOL r6 := False
      074 00800054       JMP +2 ; 77
      075 0700005D  TFORLOOP WIP
      076 007FF514       JMP -43 ; 34
      077 0601001B    RETURN r6 ... r6
      078 0000801B    RETURN r0 ... r-1
  [Node$01CA9074] 'challenge_Recycler_Item_Setup' [h=066F44D9,$009FD980]: function$00977620 'challenge_Recycler_Item_Setup' [h=066F44D9,$009FD980]
    CONST$00AB3440 k0  'Event_PlayerEquipsNamedItem' [h=B712A8B2,$009FF840]
    CONST$00AB3448 k1  'sFuncNameQuestionBox' [h=25D5C106,$00A25740]
    CONST$00AB3450 k2  'b' [h=00000083,$009960C0]
    CONST$00AB3458 k3  'tEventHandlesForSetup' [h=9B8DA62D,$00A02E00]
    CONST$00AB3460 k4  'hEquipsNamedItem' [h=96AFBE6D,$00A25000]
    CONST$00AB3468 k5  'Event_ActorHitPointsLessThan' [h=A14D40BC,$00A24E80]
    CONST$00AB3470 k6  'sFuncOnStarterBroken' [h=ED7F76E3,$009DD680]
    CONST$00AB3478 k7  1.0
    CONST$00AB3480 k8  'hHitPointsLessThan' [h=4539B91F,$009E1F40]
    CODE $00AB34C0
      000 03000005 GETGLOBAL r3 := _G[k0 ('Event_PlayerEquipsNamedItem' [h=B712A8B2,$009FF840])]
      001 04003EC6  GETTABLE r4 := r0[k1 ('sFuncNameQuestionBox' [h=25D5C106,$00A25740])]
      002 05000081     LOADK r5 := k2 ('b' [h=00000083,$009960C0])
      003 06010000      MOVE r6 := r2
      004 07008002  LOADBOOL r7 := True
      005 03028099      CALL r3 (4 args) => 1 results
      006 04003F46  GETTABLE r4 := r0[k3 ('tEventHandlesForSetup' [h=9B8DA62D,$00A02E00])]
      007 047F00C9  SETTABLE r3 ->> r4[k4 ('hEquipsNamedItem' [h=96AFBE6D,$00A25000])]
      008 04000145 GETGLOBAL r4 := _G[k5 ('Event_ActorHitPointsLessThan' [h=A14D40BC,$00A24E80])]
      009 05004006  GETTABLE r5 := r0[k6 ('sFuncOnStarterBroken' [h=ED7F76E3,$009DD680])]
      010 06000081     LOADK r6 := k2 ('b' [h=00000083,$009960C0])
      011 07010000      MOVE r7 := r2
      012 080001C1     LOADK r8 := k7 (1.0)
      013 09008002  LOADBOOL r9 := True
      014 04030099      CALL r4 (5 args) => 1 results
      015 03020000      MOVE r3 := r4
      016 04003F46  GETTABLE r4 := r0[k3 ('tEventHandlesForSetup' [h=9B8DA62D,$00A02E00])]
      017 048100C9  SETTABLE r3 ->> r4[k8 ('hHitPointsLessThan' [h=4539B91F,$009E1F40])]
      018 0000801B    RETURN r0 ... r-1
  [Node$01CA909C] 'loc_ff2916_v_n' [h=BDC58CDB,$00984640]: table$00983260[a=2,h=1]
  [Node$01CA90D8] 'jeff_setupElevatorEvents' [h=406EFCDE,$00A09280]: function$00992820 'jeff_setupElevatorEvents' [h=406EFCDE,$00A09280]
    CONST$00AB1140 k0  'jeff_elevatorExists' [h=D6713387,$00A07640]
    CONST$00AB1148 k1  'jeff_hExitUsed' [h=58F54B91,$009ABBE0]
    CONST$00AB1150 k2  'Event_CancelEvent' [h=D8960070,$00A08280]
    CONST$00AB1158 k3  'jeff_hEntranceUsed' [h=F77E78A8,$009FC540]
    CONST$00AB1160 k4  'jeff_hGarageDestroyed' [h=98F7675E,$009FC4C0]
    CONST$00AB1168 k5  'Event_ActorUsed' [h=760DA02B,$009862C0]
    CONST$00AB1170 k6  'jeff_exitUsed' [h=65EF91E7,$00999CA0]
    CONST$00AB1178 k7  'b' [h=00000083,$009960C0]
    CONST$00AB1180 k8  'mafia_fakeExit' [h=C9D228DC,$009AB200]
    CONST$00AB1188 k9  'jeff_entranceUsed' [h=9EF5F2E9,$00A11300]
    CONST$00AB1190 k10 'mafia_fakeEntrance' [h=A3626E69,$00A0A540]
    CONST$00AB1198 k11 'Event_ActorHitPointsLessThan' [h=A14D40BC,$00A24E80]
    CONST$00AB11A0 k12 'jeff_garageDestroyed' [h=83A1521F,$00A0BB40]
    CONST$00AB11A8 k13 'mafia_chopShop' [h=0F2E2818,$009A38C0]
    CONST$00AB11B0 k14 1.0
    CONST$00AB11B8 k15 'TRUE' [h=0067B195,$0098F4C0]
    CODE $00BF4940
      000 00000005 GETGLOBAL r0 := _G[k0 ('jeff_elevatorExists' [h=D6713387,$00A07640])]
      001 00008099      CALL r0 (0 args) => 1 results
      002 00000058      TEST r0: r0 := r0 ; or skip
      003 00800014       JMP +1 ; 5
      004 0000801B    RETURN r0 ... r-1
      005 00000085 GETGLOBAL r0 := _G[k2 ('Event_CancelEvent' [h=D8960070,$00A08280])]
      006 01000045 GETGLOBAL r1 := _G[k1 ('jeff_hExitUsed' [h=58F54B91,$009ABBE0])]
      007 00010099      CALL r0 (1 args) => 1 results
      008 00000047 SETGLOBAL r0 ->> _G[k1 ('jeff_hExitUsed' [h=58F54B91,$009ABBE0])]
      009 00000085 GETGLOBAL r0 := _G[k2 ('Event_CancelEvent' [h=D8960070,$00A08280])]
      010 010000C5 GETGLOBAL r1 := _G[k3 ('jeff_hEntranceUsed' [h=F77E78A8,$009FC540])]
      011 00010099      CALL r0 (1 args) => 1 results
      012 000000C7 SETGLOBAL r0 ->> _G[k3 ('jeff_hEntranceUsed' [h=F77E78A8,$009FC540])]
      013 00000085 GETGLOBAL r0 := _G[k2 ('Event_CancelEvent' [h=D8960070,$00A08280])]
      014 01000105 GETGLOBAL r1 := _G[k4 ('jeff_hGarageDestroyed' [h=98F7675E,$009FC4C0])]
      015 00010099      CALL r0 (1 args) => 1 results
      016 00000107 SETGLOBAL r0 ->> _G[k4 ('jeff_hGarageDestroyed' [h=98F7675E,$009FC4C0])]
      017 00000145 GETGLOBAL r0 := _G[k5 ('Event_ActorUsed' [h=760DA02B,$009862C0])]
      018 01000181     LOADK r1 := k6 ('jeff_exitUsed' [h=65EF91E7,$00999CA0])
      019 020001C1     LOADK r2 := k7 ('b' [h=00000083,$009960C0])
      020 03000201     LOADK r3 := k8 ('mafia_fakeExit' [h=C9D228DC,$009AB200])
      021 00020099      CALL r0 (3 args) => 1 results
      022 00000047 SETGLOBAL r0 ->> _G[k1 ('jeff_hExitUsed' [h=58F54B91,$009ABBE0])]
      023 00000145 GETGLOBAL r0 := _G[k5 ('Event_ActorUsed' [h=760DA02B,$009862C0])]
      024 01000241     LOADK r1 := k9 ('jeff_entranceUsed' [h=9EF5F2E9,$00A11300])
      025 020001C1     LOADK r2 := k7 ('b' [h=00000083,$009960C0])
      026 03000281     LOADK r3 := k10 ('mafia_fakeEntrance' [h=A3626E69,$00A0A540])
      027 00020099      CALL r0 (3 args) => 1 results
      028 000000C7 SETGLOBAL r0 ->> _G[k3 ('jeff_hEntranceUsed' [h=F77E78A8,$009FC540])]
      029 000002C5 GETGLOBAL r0 := _G[k11 ('Event_ActorHitPointsLessThan' [h=A14D40BC,$00A24E80])]
      030 01000301     LOADK r1 := k12 ('jeff_garageDestroyed' [h=83A1521F,$00A0BB40])
      031 020001C1     LOADK r2 := k7 ('b' [h=00000083,$009960C0])
      032 03000341     LOADK r3 := k13 ('mafia_chopShop' [h=0F2E2818,$009A38C0])
      033 04000381     LOADK r4 := k14 (1.0)
      034 050003C5 GETGLOBAL r5 := _G[k15 ('TRUE' [h=0067B195,$0098F4C0])]
      035 00030099      CALL r0 (5 args) => 1 results
      036 00000107 SETGLOBAL r0 ->> _G[k4 ('jeff_hGarageDestroyed' [h=98F7675E,$009FC4C0])]
      037 0000801B    RETURN r0 ... r-1
  [Node$01CA90EC] 'SW_challenge_destroy_dmz01_OnStarterBroken' [h=786F44DF,$009F5480]: function$0099FD20 'SW_challenge_destroy_dmz01_OnStarterBroken' [h=786F44DF,$009F5480]
    CONST$00957FA0 k0  'challenge_Recycler_OnStarterBroken' [h=8855A662,$00A07100]
    CONST$00957FA8 k1  'tSW_challenge_destroy_dmz01' [h=6E499F62,$009CD440]
    CODE $00957F90
      000 00000005 GETGLOBAL r0 := _G[k0 ('challenge_Recycler_OnStarterBroken' [h=8855A662,$00A07100])]
      001 01000045 GETGLOBAL r1 := _G[k1 ('tSW_challenge_destroy_dmz01' [h=6E499F62,$009CD440])]
      002 00010059      CALL r0 (1 args) => 0 results
      003 0000801B    RETURN r0 ... r-1
  [Node$01CA9100] 'SW_challenge_Destroy01_QuestionBox' [h=E09F1CE0,$00A29900]: function$00979E80 'SW_challenge_Destroy01_QuestionBox' [h=E09F1CE0,$00A29900]
    CONST$009582D0 k0  'challenge_Recycler_QuestionBox' [h=BB143599,$00A40480]
    CONST$009582D8 k1  'tSW_Challenge_Destroy01' [h=8926D538,$009F2600]
    CODE $009793E0
      000 03000005 GETGLOBAL r3 := _G[k0 ('challenge_Recycler_QuestionBox' [h=BB143599,$00A40480])]
      001 04000045 GETGLOBAL r4 := _G[k1 ('tSW_Challenge_Destroy01' [h=8926D538,$009F2600])]
      002 05000000      MOVE r5 := r0
      003 06008000      MOVE r6 := r1
      004 07010000      MOVE r7 := r2
      005 03028059      CALL r3 (4 args) => 0 results
      006 0000801B    RETURN r0 ... r-1
  [Node$01CA9114] 'Briefing_SetAmbientSoundCue' [h=A633DCE1,$00A0B2C0]: cfunction$002C7430 'Briefing_SetAmbientSoundCue' [h=A633DCE1,$00A0B2C0]
  [Node$01CA9128] 'gameflow_GetHadCardIntelScribMemVarName' [h=B66B54E2,$00A13240]: function$009953E0 'gameflow_GetHadCardIntelScribMemVarName' [h=B66B54E2,$00A13240]
    CONST$00961770 k0  'had' [h=000324C0,$0099CBE0]
    CONST$00961778 k1  'gameflow_GetCardIntelScribMemVarName' [h=1BD00BE0,$00A2C9C0]
    CODE $0099BDA0
      000 02000001     LOADK r2 := k0 ('had' [h=000324C0,$0099CBE0])
      001 03000045 GETGLOBAL r3 := _G[k1 ('gameflow_GetCardIntelScribMemVarName' [h=1BD00BE0,$00A2C9C0])]
      002 04000000      MOVE r4 := r0
      003 05008000      MOVE r5 := r1
      004 03018099      CALL r3 (2 args) => 1 results
      005 020100D3    CONCAT r2 := r2 ... r3
      006 0201001B    RETURN r2 ... r2
      007 0000801B    RETURN r0 ... r-1
  [Node$01CA9150] 'Actor_EnableShadow' [h=E3D224E4,$00A01E80]: cfunction$002AD958 'Actor_EnableShadow' [h=E3D224E4,$00A01E80]
  [Node$01CA9164] 'loc_ff3026_n' [h=FBBF5CE5,$0099DFE0]: table$00989440[a=8,h=1]
    [0:$009FF140] 'ff3026_1' [h=4000DEE7,$009C5960]
    [1:$009FF148] 'ff3026_2' [h=47C8E110,$009AA6E0]
    [2:$009FF150] 'ff3026_3' [h=8A23CBFE,$00995520]
    [3:$009FF158] 'ff3026_4' [h=D5F858E5,$009C50C0]
    [4:$009FF160] 'ff3026_5' [h=BF757F8F,$009C4F20]
    [5:$009FF168] 'ff3026_6' [h=B81D57A8,$009A58C0]
    [6:$009FF170] 'ff3026_7' [h=8ECE049B,$0099E980]
    [7:$009FF178] 'ff3026_8' [h=BFC5747A,$00989740]
  [Node$01CA91A0] 'tFlybys' [h=9C7F3CE8,$00996FE0]: table$0099B740[a=0,h=8]
    [Node$00BA1C50] 'sk' [h=00001514,$009A6180]: table$0097FCE0[a=0,h=4]
      [Node$00AB8540] 'boundaryStatusChangeEvent' [h=E86E27A0,$00A3A4C0]: 1441.0
      [Node$00AB8554] 'planes' [h=B546DCFD,$0099B400]: table$0097DBC0[a=3,h=1]
        [0:$0097D9A0] table$009A0300[a=0,h=2]
          [Node$00A3A340] 'template' [h=7CE5CAD2,$009A1120]: 'template_sk_support_f22' [h=D526D52F,$00A3AC40]
        [1:$0097D9A8] table$009935C0[a=0,h=2]
          [Node$00A39EC0] 'template' [h=7CE5CAD2,$009A1120]: 'template_sk_support_b2' [h=17982EF5,$00A3BF80]
        [2:$0097D9B0] table$009A13C0[a=0,h=2]
          [Node$00A3A080] 'template' [h=7CE5CAD2,$009A1120]: 'template_sk_support_f117' [h=4EC452C7,$00A3B980]
    [Node$00BA1C64] 'mafia' [h=11226556,$009A6140]: table$0097EC20[a=0,h=4]
      [Node$00AB8240] 'boundaryStatusChangeEvent' [h=E86E27A0,$00A3A4C0]: 1484.0
      [Node$00AB8254] 'planes' [h=B546DCFD,$0099B400]: table$0097E940[a=0,h=1]
      [Node$00AB827C] 'flybyCountdownEvent' [h=0502754D,$00A3A400]: 1483.0
    [Node$00BA1C78] 'china' [h=1129D14E,$009A6060]: table$00980BA0[a=0,h=4]
      [Node$00AB7F40] 'boundaryStatusChangeEvent' [h=E86E27A0,$00A3A4C0]: 1439.0
      [Node$00AB7F54] 'planes' [h=B546DCFD,$0099B400]: table$0097F220[a=1,h=1]
        [0:$00960770] table$0097EC80[a=0,h=2]
          [Node$00A3A280] 'template' [h=7CE5CAD2,$009A1120]: 'template_china_support_frogfoot' [h=408AE113,$00A3AF40]
    [Node$00BA1C8C] 'allies' [h=B57F1C27,$009A61A0]: table$00991E40[a=0,h=4]
      [Node$00A70B40] 'boundaryStatusChangeEvent' [h=E86E27A0,$00A3A4C0]: 1438.0
      [Node$00A70B54] 'planes' [h=B546DCFD,$0099B400]: table$0099B0A0[a=2,h=1]
        [0:$00960970] table$00992EE0[a=0,h=2]
          [Node$00A3A0C0] 'template' [h=7CE5CAD2,$009A1120]: 'template_allies_support_a10' [h=8D88F40F,$00A3BCC0]
        [1:$00960978] table$00982E20[a=0,h=2]
          [Node$00A39FC0] 'template' [h=7CE5CAD2,$009A1120]: 'template_allies_support_f15' [h=EEB5BDE5,$00A3C3C0]
  [Node$01CA91C8] 'SetupTeleport' [h=F5A2E4EA,$009A63A0]: function$009A6460 'SetupTeleport' [h=F5A2E4EA,$009A63A0]
    CONST$00C02980 k0  'Utility_DoesActorExist' [h=446B4DB5,$009D8BC0]
    CONST$00C02988 k1  'teleport_pilot' [h=1FED1AF1,$009A7BC0]
    CONST$00C02990 k2  'util_Mission_SpawnAtLocation' [h=D7EB7DB0,$009FFA40]
    CONST$00C02998 k3  'template_allies_teleport_pilot' [h=66E86B1C,$00A07E00]
    CONST$00C029A0 k4  'teleport_pilot_loc' [h=3E83CCB9,$00A0E600]
    CONST$00C029A8 k5  'Utility_ReadStringFromScribbleMemory' [h=5455F3B9,$00A0B700]
    CONST$00C029B0 k6  'SkipTo_Map' [h=F88EFA9D,$009A69E0]
    CONST$00C029B8 k7  'nw' [h=0000178E,$009C3CA0]
    CONST$00C029C0 k8  'actions.southteleport' [h=0265E8C9,$00A24640]
    CONST$00C029C8 k9  'sw' [h=000017F5,$009AA280]
    CONST$00C029D0 k10 'actions.northteleport' [h=2265FC66,$00A09C40]
    CONST$00C029D8 k11 'Actor_EnableScriptedUse' [h=2140441B,$009FBF80]
    CONST$00C029E0 k12 'hTeleportPilotUsed' [h=8CE75B0F,$00A0AE40]
    CONST$00C029E8 k13 'Event_ActorUsed' [h=760DA02B,$009862C0]
    CONST$00C029F0 k14 'TeleportQuestionBox' [h=78C4CB23,$00A05B40]
    CONST$00C029F8 k15 'b' [h=00000083,$009960C0]
    CONST$00C02A00 k16 'hTeleportPilotSubdued' [h=3BB8D03B,$00A05900]
    CONST$00C02A08 k17 'Event_ActorIsSubdued' [h=22FBBD0D,$00A07480]
    CONST$00C02A10 k18 'DisableTeleport' [h=AE878AF6,$009A7BE0]
    CONST$00C02A18 k19 'hTeleportPilotKilled' [h=7B7196A9,$009D7340]
    CONST$00C02A20 k20 'Event_ActorHitPointsLessThan' [h=A14D40BC,$00A24E80]
    CONST$00C02A28 k21 1.0
    CONST$00C02A30 k22 'TeleportPilotSporeStatusChange' [h=F7E21D59,$009FF580]
    CONST$00C02A38 k23 'Actor_IsDormant' [h=4D202532,$00977820]
    CODE $00C4D240
      000 00000005 GETGLOBAL r0 := _G[k0 ('Utility_DoesActorExist' [h=446B4DB5,$009D8BC0])]
      001 01000041     LOADK r1 := k1 ('teleport_pilot' [h=1FED1AF1,$009A7BC0])
      002 00010099      CALL r0 (1 args) => 1 results
      003 00000058      TEST r0: r0 := r0 ; or skip
      004 00800114       JMP +5 ; 10
      005 00000085 GETGLOBAL r0 := _G[k2 ('util_Mission_SpawnAtLocation' [h=D7EB7DB0,$009FFA40])]
      006 010000C1     LOADK r1 := k3 ('template_allies_teleport_pilot' [h=66E86B1C,$00A07E00])
      007 02000041     LOADK r2 := k1 ('teleport_pilot' [h=1FED1AF1,$009A7BC0])
      008 03000101     LOADK r3 := k4 ('teleport_pilot_loc' [h=3E83CCB9,$00A0E600])
      009 00020059      CALL r0 (3 args) => 0 results
      010 00000003   LOADNIL r0 ... r0
      011 01000145 GETGLOBAL r1 := _G[k5 ('Utility_ReadStringFromScribbleMemory' [h=5455F3B9,$00A0B700])]
      012 02000181     LOADK r2 := k6 ('SkipTo_Map' [h=F88EFA9D,$009A69E0])
      013 01010099      CALL r1 (1 args) => 1 results
      014 0000C055       BEQ r1 == k7 ('nw' [h=0000178E,$009C3CA0])
      015 00800054       JMP +2 ; 18
      016 00000201     LOADK r0 := k8 ('actions.southteleport' [h=0265E8C9,$00A24640])
      017 00800094       JMP +3 ; 21
      018 0000C0D5       BEQ r1 == k9 ('sw' [h=000017F5,$009AA280])
      019 00800014       JMP +1 ; 21
      020 00000281     LOADK r0 := k10 ('actions.northteleport' [h=2265FC66,$00A09C40])
      021 020002C5 GETGLOBAL r2 := _G[k11 ('Actor_EnableScriptedUse' [h=2140441B,$009FBF80])]
      022 03000041     LOADK r3 := k1 ('teleport_pilot' [h=1FED1AF1,$009A7BC0])
      023 04008002  LOADBOOL r4 := True
      024 05000000      MOVE r5 := r0
      025 02020059      CALL r2 (3 args) => 0 results
      026 02000345 GETGLOBAL r2 := _G[k13 ('Event_ActorUsed' [h=760DA02B,$009862C0])]
      027 03000381     LOADK r3 := k14 ('TeleportQuestionBox' [h=78C4CB23,$00A05B40])
      028 040003C1     LOADK r4 := k15 ('b' [h=00000083,$009960C0])
      029 05000041     LOADK r5 := k1 ('teleport_pilot' [h=1FED1AF1,$009A7BC0])
      030 02020099      CALL r2 (3 args) => 1 results
      031 02000307 SETGLOBAL r2 ->> _G[k12 ('hTeleportPilotUsed' [h=8CE75B0F,$00A0AE40])]
      032 02000445 GETGLOBAL r2 := _G[k17 ('Event_ActorIsSubdued' [h=22FBBD0D,$00A07480])]
      033 03000481     LOADK r3 := k18 ('DisableTeleport' [h=AE878AF6,$009A7BE0])
      034 040003C1     LOADK r4 := k15 ('b' [h=00000083,$009960C0])
      035 05000041     LOADK r5 := k1 ('teleport_pilot' [h=1FED1AF1,$009A7BC0])
      036 02020099      CALL r2 (3 args) => 1 results
      037 02000407 SETGLOBAL r2 ->> _G[k16 ('hTeleportPilotSubdued' [h=3BB8D03B,$00A05900])]
      038 02000505 GETGLOBAL r2 := _G[k20 ('Event_ActorHitPointsLessThan' [h=A14D40BC,$00A24E80])]
      039 03000481     LOADK r3 := k18 ('DisableTeleport' [h=AE878AF6,$009A7BE0])
      040 040003C1     LOADK r4 := k15 ('b' [h=00000083,$009960C0])
      041 05000041     LOADK r5 := k1 ('teleport_pilot' [h=1FED1AF1,$009A7BC0])
      042 06000541     LOADK r6 := k21 (1.0)
      043 02028099      CALL r2 (4 args) => 1 results
      044 020004C7 SETGLOBAL r2 ->> _G[k19 ('hTeleportPilotKilled' [h=7B7196A9,$009D7340])]
      045 02000585 GETGLOBAL r2 := _G[k22 ('TeleportPilotSporeStatusChange' [h=F7E21D59,$009FF580])]
      046 030005C5 GETGLOBAL r3 := _G[k23 ('Actor_IsDormant' [h=4D202532,$00977820])]
      047 04000041     LOADK r4 := k1 ('teleport_pilot' [h=1FED1AF1,$009A7BC0])
      048 03010019      CALL r3 (1 args) => -1 results
      049 02000059      CALL r2 (-1 args) => 0 results
      050 0000801B    RETURN r0 ... r-1
  [Node$01CA91DC] 'mission_tObjectives' [h=B4A8BCEB,$00A252C0]: table$009915C0[a=0,h=1]
  [Node$01CA9240] 'loc_ff1749_v_n' [h=E0D584F0,$00993BA0]: table$009A8780[a=2,h=1]
    [0:$00961410] 'ff1749_v3' [h=8F9BF6DF,$009AC1C0]
    [1:$00961418] 'ff1749_v4' [h=6CE5F9E7,$00992A00]
  [Node$01CA9254] 'Traffic_RestoreZone' [h=5991ECF1,$00A24000]: cfunction$002A2AD8 'Traffic_RestoreZone' [h=5991ECF1,$00A24000]
  [Node$01CA9290] 'Actor_GetHitPoints' [h=CDCBFCF4,$00A00E00]: cfunction$002A9858 'Actor_GetHitPoints' [h=CDCBFCF4,$00A00E00]
  [Node$01CA92F4] 'challenge_deliver_pyn_01_Hide' [h=0989ACF9,$009D7900]: function$0099D620 'challenge_deliver_pyn_01_Hide' [h=0989ACF9,$009D7900]
    CONST$00957AC0 k0  'challenge_Recycler_Hide' [h=C6CFE144,$00A40380]
    CONST$00957AC8 k1  'tSW_challenge_deliver_pyn_01' [h=3CC49C56,$009DA980]
    CODE $00957AF0
      000 00000005 GETGLOBAL r0 := _G[k0 ('challenge_Recycler_Hide' [h=C6CFE144,$00A40380])]
      001 01000045 GETGLOBAL r1 := _G[k1 ('tSW_challenge_deliver_pyn_01' [h=3CC49C56,$009DA980])]
      002 00010059      CALL r0 (1 args) => 0 results
      003 0000801B    RETURN r0 ... r-1
  [Node$01CA9308] 'SW_challenge_destroy_dmz01_GoalBestTime' [h=DB9D2CFA,$009D3640]: function$009C7400 'SW_challenge_destroy_dmz01_GoalBestTime' [h=DB9D2CFA,$009D3640]
  [Node$01CA9330] 'tCurrentMissions' [h=7128ACFC,$00A39680]: table$009C5B60[a=0,h=8]
    [Node$00BEF290] 'sk' [h=00001514,$009A6180]: 2.0
    [Node$00BEF2A4] 'mafia' [h=11226556,$009A6140]: 1.0
    [Node$00BEF2B8] 'china' [h=1129D14E,$009A6060]: 1.0
    [Node$00BEF2CC] 'allies' [h=B57F1C27,$009A61A0]: 2.0
  [Node$01CA9344] 'VERB_DELIVER_VEH' [h=011F7CFD,$00A3EC40]: 4.0
  [Node$01CA9380] 'Ai_Deliver' [h=3F398D00,$00994E00]: cfunction$002B19B0 'Ai_Deliver' [h=3F398D00,$00994E00]
  [Node$01CA940C] 'nenc_ff1212_v' [h=C4B5A507,$0097E180]: table$009A27E0[a=0,h=4]
    [Node$00AC1254] 'tLocationObjectsA' [h=2C5376F5,$00A01980]: table$009A7E60[a=2,h=1]
    [Node$00AC1268] 'sEncounter' [h=4CD961D9,$009A5C20]: 'ff1212' [h=08F71FDD,$0098CEE0]
    [Node$00AC127C] 'tLocationObjectsB' [h=CEC61813,$00A073C0]: nil
  [Node$01CA9434] 'nenc_ff3230_v' [h=53351509,$00990D20]: table$0097F180[a=0,h=4]
    [Node$00AC13D4] 'tLocationObjectsA' [h=2C5376F5,$00A01980]: table$009A43E0[a=2,h=1]
      [0:$00952B20] 'ff3230_v3' [h=1DA16EEC,$00999180]
      [1:$00952B28] 'ff3230_v4' [h=B70701E0,$009808C0]
    [Node$00AC13E8] 'sEncounter' [h=4CD961D9,$009A5C20]: 'ff3230' [h=FA28FA74,$0097FE20]
    [Node$00AC13FC] 'tLocationObjectsB' [h=CEC61813,$00A073C0]: nil
  [Node$01CA9448] 'SW_challenge_Race01_End' [h=29490D0A,$009F0CC0]: function$009814A0 'SW_challenge_Race01_End' [h=29490D0A,$009F0CC0]
    CONST$00962DF0 k0  'challenge_Recycler_End' [h=F30AB795,$009E4CC0]
    CONST$00962DF8 k1  'tSW_Challenge_Race01' [h=913D041D,$009D3D40]
    CODE $00962DE0
      000 00000005 GETGLOBAL r0 := _G[k0 ('challenge_Recycler_End' [h=F30AB795,$009E4CC0])]
      001 01000045 GETGLOBAL r1 := _G[k1 ('tSW_Challenge_Race01' [h=913D041D,$009D3D40])]
      002 00010059      CALL r0 (1 args) => 0 results
      003 0000801B    RETURN r0 ... r-1
  [Node$01CA945C] 'ActorVehicle_KickOutAllPassengers' [h=04D62D0B,$00A0E0C0]: cfunction$002B0778 'ActorVehicle_KickOutAllPassengers' [h=04D62D0B,$00A0E0C0]
  [Node$01CA9484] 'Event_ActorIsSubdued' [h=22FBBD0D,$00A07480]: cfunction$002BA300 'Event_ActorIsSubdued' [h=22FBBD0D,$00A07480]
  [Node$01CA9498] 'fOdfSold' [h=038F250E,$00997300]: function$009956C0 'fOdfSold' [h=038F250E,$00997300]
    CONST$00C50D40 k0  15.0
    CONST$00C50D48 k1  'tMafiaShop' [h=5ABEF116,$00999420]
    CONST$00C50D50 k2  '_shop_iCurrentItem' [h=906BE760,$00A29480]
    CONST$00C50D58 k3  'template' [h=7CE5CAD2,$009A1120]
    CONST$00C50D60 k4  'Shop_UnlockItem' [h=0CE31B88,$0098D6C0]
    CONST$00C50D68 k5  'AddTooltip' [h=74727381,$00988000]
    CONST$00C50D70 k6  'sMessage' [h=5806A233,$009AA9E0]
    CONST$00C50D78 k7  '[green]' [h=662DBF34,$0098C8C0]
    CONST$00C50D80 k8  'Utility_GetStringById' [h=F7067A6C,$009D9780]
    CONST$00C50D88 k9  'desc' [h=0071FB97,$0099A860]
    CONST$00C50D90 k10 ' added to shop' [h=80CB78E1,$009A05A0]
    CONST$00C50D98 k11 'nDisplayDuration' [h=7445B995,$00A32180]
    CONST$00C50DA0 k12 6.0
    CONST$00C50DA8 k13 2.0
    CONST$00C50DB0 k14 1.0
    CONST$00C50DB8 k15 'Utility_WriteNumberToScribbleMemory' [h=DCF55147,$009DC740]
    CONST$00C50DC0 k16 'iCurrentShopItem' [h=E202D3A9,$00A2B480]
    CONST$00C50DC8 k17 'Faction_ModifyRelation' [h=D1BD6A18,$00A10C80]
    CONST$00C50DD0 k18 'mafia' [h=11226556,$009A6140]
    CONST$00C50DD8 k19 'prokat' [h=854F88C7,$009A6820]
    CONST$00C50DE0 k20 'hOdfSold' [h=038F2508,$00987440]
    CONST$00C50DE8 k21 'Event_OdfSold' [h=C2F0B808,$0098DD40]
    CONST$00C50DF0 k22 'fOdfSold' [h=038F250E,$00997300]
    CONST$00C50DF8 k23 'b' [h=00000083,$009960C0]
    CONST$00C50E00 k24 'odf' [h=00035D1B,$00985EA0]
    CONST$00C50E08 k25 'faction.' [h=07D0909A,$00984740]
    CONST$00C50E10 k26 'faction' [h=0C8443BB,$009A6360]
    CONST$00C50E18 k27 'Utility_WriteStringToScribbleMemory' [h=5E8C6272,$00A3FBC0]
    CONST$00C50E20 k28 'ShopWantedActorFactionName' [h=C438357D,$009F6800]
    CONST$00C50E28 k29 'ShopWantedActorTemplateName' [h=D23F7792,$009F62C0]
    CONST$00C50E30 k30 'fShopkeeperKilled' [h=1E0934A8,$00A29340]
    CODE $00CC02C0
      000 00000001     LOADK r0 := k0 (15.0)
      001 01000045 GETGLOBAL r1 := _G[k1 ('tMafiaShop' [h=5ABEF116,$00999420])]
      002 02000085 GETGLOBAL r2 := _G[k2 ('_shop_iCurrentItem' [h=906BE760,$00A29480])]
      003 01008086  GETTABLE r1 := r1[r2]
      004 0100BF46  GETTABLE r1 := r1[k3 ('template' [h=7CE5CAD2,$009A1120])]
      005 01008018      TEST not r1: r1 := r1 ; or skip
      006 00800514       JMP +21 ; 28
      007 01000105 GETGLOBAL r1 := _G[k4 ('Shop_UnlockItem' [h=0CE31B88,$0098D6C0])]
      008 02000045 GETGLOBAL r2 := _G[k1 ('tMafiaShop' [h=5ABEF116,$00999420])]
      009 03000085 GETGLOBAL r3 := _G[k2 ('_shop_iCurrentItem' [h=906BE760,$00A29480])]
      010 020100C6  GETTABLE r2 := r2[r3]
      011 02013F46  GETTABLE r2 := r2[k3 ('template' [h=7CE5CAD2,$009A1120])]
      012 01010059      CALL r1 (1 args) => 0 results
      013 01000145 GETGLOBAL r1 := _G[k5 ('AddTooltip' [h=74727381,$00988000])]
      014 0200008A  NEWTABLE r2 := {} (#a=0, #h=2)
      015 030001C1     LOADK r3 := k7 ('[green]' [h=662DBF34,$0098C8C0])
      016 04000205 GETGLOBAL r4 := _G[k8 ('Utility_GetStringById' [h=F7067A6C,$009D9780])]
      017 05000045 GETGLOBAL r5 := _G[k1 ('tMafiaShop' [h=5ABEF116,$00999420])]
      018 06000085 GETGLOBAL r6 := _G[k2 ('_shop_iCurrentItem' [h=906BE760,$00A29480])]
      019 05028186  GETTABLE r5 := r5[r6]
      020 0502C0C6  GETTABLE r5 := r5[k9 ('desc' [h=0071FB97,$0099A860])]
      021 04010099      CALL r4 (1 args) => 1 results
      022 05000281     LOADK r5 := k10 (' added to shop' [h=80CB78E1,$009A05A0])
      023 03018153    CONCAT r3 := r3 ... r5
      024 028000C9  SETTABLE r3 ->> r2[k6 ('sMessage' [h=5806A233,$009AA9E0])]
      025 0282C189  SETTABLE k12 (6.0) ->> r2[k11 ('nDisplayDuration' [h=7445B995,$00A32180])]
      026 01010059      CALL r1 (1 args) => 0 results
      027 00800014       JMP +1 ; 29
      028 000041CE       MUL r0 := r0 * k13 (2.0)
      029 01000085 GETGLOBAL r1 := _G[k2 ('_shop_iCurrentItem' [h=906BE760,$00A29480])]
      030 0100C20C       ADD r1 := r1 + k14 (1.0)
      031 01000087 SETGLOBAL r1 ->> _G[k2 ('_shop_iCurrentItem' [h=906BE760,$00A29480])]
      032 010003C5 GETGLOBAL r1 := _G[k15 ('Utility_WriteNumberToScribbleMemory' [h=DCF55147,$009DC740])]
      033 02000401     LOADK r2 := k16 ('iCurrentShopItem' [h=E202D3A9,$00A2B480])
      034 03000085 GETGLOBAL r3 := _G[k2 ('_shop_iCurrentItem' [h=906BE760,$00A29480])]
      035 01018059      CALL r1 (2 args) => 0 results
      036 01000445 GETGLOBAL r1 := _G[k17 ('Faction_ModifyRelation' [h=D1BD6A18,$00A10C80])]
      037 02000481     LOADK r2 := k18 ('mafia' [h=11226556,$009A6140])
      038 030004C1     LOADK r3 := k19 ('prokat' [h=854F88C7,$009A6820])
      039 04000000      MOVE r4 := r0
      040 01020059      CALL r1 (3 args) => 0 results
      041 01000045 GETGLOBAL r1 := _G[k1 ('tMafiaShop' [h=5ABEF116,$00999420])]
      042 02000085 GETGLOBAL r2 := _G[k2 ('_shop_iCurrentItem' [h=906BE760,$00A29480])]
      043 01008086  GETTABLE r1 := r1[r2]
      044 01008018      TEST not r1: r1 := r1 ; or skip
      045 008009D4       JMP +40 ; 86
      046 01000545 GETGLOBAL r1 := _G[k21 ('Event_OdfSold' [h=C2F0B808,$0098DD40])]
      047 02000581     LOADK r2 := k22 ('fOdfSold' [h=038F250E,$00997300])
      048 030005C1     LOADK r3 := k23 ('b' [h=00000083,$009960C0])
      049 04000045 GETGLOBAL r4 := _G[k1 ('tMafiaShop' [h=5ABEF116,$00999420])]
      050 05000085 GETGLOBAL r5 := _G[k2 ('_shop_iCurrentItem' [h=906BE760,$00A29480])]
      051 04020146  GETTABLE r4 := r4[r5]
      052 04024486  GETTABLE r4 := r4[k24 ('odf' [h=00035D1B,$00985EA0])]
      053 01020099      CALL r1 (3 args) => 1 results
      054 01000507 SETGLOBAL r1 ->> _G[k20 ('hOdfSold' [h=038F2508,$00987440])]
      055 01000205 GETGLOBAL r1 := _G[k8 ('Utility_GetStringById' [h=F7067A6C,$009D9780])]
      056 02000045 GETGLOBAL r2 := _G[k1 ('tMafiaShop' [h=5ABEF116,$00999420])]
      057 03000085 GETGLOBAL r3 := _G[k2 ('_shop_iCurrentItem' [h=906BE760,$00A29480])]
      058 020100C6  GETTABLE r2 := r2[r3]
      059 020140C6  GETTABLE r2 := r2[k9 ('desc' [h=0071FB97,$0099A860])]
      060 01010099      CALL r1 (1 args) => 1 results
      061 02000205 GETGLOBAL r2 := _G[k8 ('Utility_GetStringById' [h=F7067A6C,$009D9780])]
      062 03000641     LOADK r3 := k25 ('faction.' [h=07D0909A,$00984740])
      063 04000045 GETGLOBAL r4 := _G[k1 ('tMafiaShop' [h=5ABEF116,$00999420])]
      064 05000085 GETGLOBAL r5 := _G[k2 ('_shop_iCurrentItem' [h=906BE760,$00A29480])]
      065 04020146  GETTABLE r4 := r4[r5]
      066 04024506  GETTABLE r4 := r4[k26 ('faction' [h=0C8443BB,$009A6360])]
      067 03018113    CONCAT r3 := r3 ... r4
      068 02010099      CALL r2 (1 args) => 1 results
      069 030006C5 GETGLOBAL r3 := _G[k27 ('Utility_WriteStringToScribbleMemory' [h=5E8C6272,$00A3FBC0])]
      070 04000701     LOADK r4 := k28 ('ShopWantedActorFactionName' [h=C438357D,$009F6800])
      071 05000641     LOADK r5 := k25 ('faction.' [h=07D0909A,$00984740])
      072 06000045 GETGLOBAL r6 := _G[k1 ('tMafiaShop' [h=5ABEF116,$00999420])]
      073 07000085 GETGLOBAL r7 := _G[k2 ('_shop_iCurrentItem' [h=906BE760,$00A29480])]
      074 060301C6  GETTABLE r6 := r6[r7]
      075 06034506  GETTABLE r6 := r6[k26 ('faction' [h=0C8443BB,$009A6360])]
      076 05028193    CONCAT r5 := r5 ... r6
      077 03018059      CALL r3 (2 args) => 0 results
      078 030006C5 GETGLOBAL r3 := _G[k27 ('Utility_WriteStringToScribbleMemory' [h=5E8C6272,$00A3FBC0])]
      079 04000741     LOADK r4 := k29 ('ShopWantedActorTemplateName' [h=D23F7792,$009F62C0])
      080 05000045 GETGLOBAL r5 := _G[k1 ('tMafiaShop' [h=5ABEF116,$00999420])]
      081 06000085 GETGLOBAL r6 := _G[k2 ('_shop_iCurrentItem' [h=906BE760,$00A29480])]
      082 05028186  GETTABLE r5 := r5[r6]
      083 0502C0C6  GETTABLE r5 := r5[k9 ('desc' [h=0071FB97,$0099A860])]
      084 03018059      CALL r3 (2 args) => 0 results
      085 00800154       JMP +6 ; 92
      086 010006C5 GETGLOBAL r1 := _G[k27 ('Utility_WriteStringToScribbleMemory' [h=5E8C6272,$00A3FBC0])]
      087 02000741     LOADK r2 := k29 ('ShopWantedActorTemplateName' [h=D23F7792,$009F62C0])
      088 03018003   LOADNIL r3 ... r3
      089 01018059      CALL r1 (2 args) => 0 results
      090 01000785 GETGLOBAL r1 := _G[k30 ('fShopkeeperKilled' [h=1E0934A8,$00A29340])]
      091 01008059      CALL r1 (0 args) => 0 results
      092 0000801B    RETURN r0 ... r-1
  [Node$01CA94C0] 'table_Debug' [h=EAB4DD10,$009A10A0]: function$0099EE20 'table_Debug' [h=EAB4DD10,$009A10A0]
    CONST$00AA6540 k0  'type' [h=0070EF71,$00990720]
    CONST$00AA6548 k1  'table' [h=10F2114B,$00979B40]
    CONST$00AA6550 k2  'util_SetDefault' [h=3072A05A,$009A7800]
    CONST$00AA6558 k3  '' [h=00000000,$009A78C0]
    CONST$00AA6560 k4  'TRUE' [h=0067B195,$0098F4C0]
    CONST$00AA6568 k5  'Debug_Printf' [h=445430CF,$0098B6A0]
    CONST$00AA6570 k6  '{\n' [h=000009C5,$0099A160]
    CONST$00AA6578 k7  'tostring' [h=787EB105,$00990700]
    CONST$00AA6580 k8  ' = ' [h=00021BD1,$0097FBC0]
    CONST$00AA6588 k9  '\n' [h=0000002B,$009A7280]
    CONST$00AA6590 k10 'table_Debug' [h=EAB4DD10,$009A10A0]
    CONST$00AA6598 k11 '     ' [h=0C338AC5,$009810E0]
    CONST$00AA65A0 k12 '}\n' [h=000009C7,$009C6340]
    CODE $00CDE8C0
      000 05000005 GETGLOBAL r5 := _G[k0 ('type' [h=0070EF71,$00990720])]
      001 06000000      MOVE r6 := r0
      002 05010099      CALL r5 (1 args) => 1 results
      003 0002BED5       BEQ r5 == k1 ('table' [h=10F2114B,$00979B40])
      004 00801394       JMP +79 ; 84
      005 01008058      TEST r1: r1 := r1 ; or skip
      006 00800054       JMP +2 ; 9
      007 02010018      TEST not r2: r2 := r2 ; or skip
      008 00801294       JMP +75 ; 84
      009 05000085 GETGLOBAL r5 := _G[k2 ('util_SetDefault' [h=3072A05A,$009A7800])]
      010 06018000      MOVE r6 := r3
      011 070000C1     LOADK r7 := k3 ('' [h=00000000,$009A78C0])
      012 05018099      CALL r5 (2 args) => 1 results
      013 03028000      MOVE r3 := r5
      014 05000085 GETGLOBAL r5 := _G[k2 ('util_SetDefault' [h=3072A05A,$009A7800])]
      015 06008000      MOVE r6 := r1
      016 07000105 GETGLOBAL r7 := _G[k4 ('TRUE' [h=0067B195,$0098F4C0])]
      017 05018099      CALL r5 (2 args) => 1 results
      018 01028000      MOVE r1 := r5
      019 05000085 GETGLOBAL r5 := _G[k2 ('util_SetDefault' [h=3072A05A,$009A7800])]
      020 06010000      MOVE r6 := r2
      021 07000105 GETGLOBAL r7 := _G[k4 ('TRUE' [h=0067B195,$0098F4C0])]
      022 05018099      CALL r5 (2 args) => 1 results
      023 02028000      MOVE r2 := r5
      024 05000085 GETGLOBAL r5 := _G[k2 ('util_SetDefault' [h=3072A05A,$009A7800])]
      025 06020000      MOVE r6 := r4
      026 07000105 GETGLOBAL r7 := _G[k4 ('TRUE' [h=0067B195,$0098F4C0])]
      027 05018099      CALL r5 (2 args) => 1 results
      028 04028000      MOVE r4 := r5
      029 05000145 GETGLOBAL r5 := _G[k5 ('Debug_Printf' [h=445430CF,$0098B6A0])]
      030 06018000      MOVE r6 := r3
      031 07000181     LOADK r7 := k6 ('{\n' [h=000009C5,$0099A160])
      032 060301D3    CONCAT r6 := r6 ... r7
      033 05010059      CALL r5 (1 args) => 0 results
      034 05000000      MOVE r5 := r0
      035 06040003   LOADNIL r6 ... r8
      036 058009DE  TFORPREP WIP
      037 09018000      MOVE r9 := r3
      038 01008018      TEST not r1: r1 := r1 ; or skip
      039 00800254       JMP +10 ; 50
      040 0A048000      MOVE r10 := r9
      041 0B0001C5 GETGLOBAL r11 := _G[k7 ('tostring' [h=787EB105,$00990700])]
      042 0C038000      MOVE r12 := r7
      043 0B010099      CALL r11 (1 args) => 1 results
      044 090502D3    CONCAT r9 := r10 ... r11
      045 02010018      TEST not r2: r2 := r2 ; or skip
      046 00800094       JMP +3 ; 50
      047 0A048000      MOVE r10 := r9
      048 0B000201     LOADK r11 := k8 (' = ' [h=00021BD1,$0097FBC0])
      049 090502D3    CONCAT r9 := r10 ... r11
      050 02010018      TEST not r2: r2 := r2 ; or skip
      051 00800114       JMP +5 ; 57
      052 0A048000      MOVE r10 := r9
      053 0B0001C5 GETGLOBAL r11 := _G[k7 ('tostring' [h=787EB105,$00990700])]
      054 0C040000      MOVE r12 := r8
      055 0B010099      CALL r11 (1 args) => 1 results
      056 090502D3    CONCAT r9 := r10 ... r11
      057 0A000145 GETGLOBAL r10 := _G[k5 ('Debug_Printf' [h=445430CF,$0098B6A0])]
      058 0B048000      MOVE r11 := r9
      059 0C000241     LOADK r12 := k9 ('\n' [h=0000002B,$009A7280])
      060 0B058313    CONCAT r11 := r11 ... r12
      061 0A010059      CALL r10 (1 args) => 0 results
      062 0A000005 GETGLOBAL r10 := _G[k0 ('type' [h=0070EF71,$00990720])]
      063 0B040000      MOVE r11 := r8
      064 0A010099      CALL r10 (1 args) => 1 results
      065 00053ED5       BEQ r10 == k1 ('table' [h=10F2114B,$00979B40])
      066 00800254       JMP +10 ; 77
      067 04020018      TEST not r4: r4 := r4 ; or skip
      068 008001D4       JMP +8 ; 77
      069 0A000285 GETGLOBAL r10 := _G[k10 ('table_Debug' [h=EAB4DD10,$009A10A0])]
      070 0B040000      MOVE r11 := r8
      071 0C008000      MOVE r12 := r1
      072 0D010000      MOVE r13 := r2
      073 0E018000      MOVE r14 := r3
      074 0F0002C1     LOADK r15 := k11 ('     ' [h=0C338AC5,$009810E0])
      075 0E0703D3    CONCAT r14 := r14 ... r15
      076 0A028059      CALL r10 (4 args) => 0 results
      077 0500005D  TFORLOOP WIP
      078 007FF554       JMP -42 ; 37
      079 05000145 GETGLOBAL r5 := _G[k5 ('Debug_Printf' [h=445430CF,$0098B6A0])]
      080 06018000      MOVE r6 := r3
      081 07000301     LOADK r7 := k12 ('}\n' [h=000009C7,$009C6340])
      082 060301D3    CONCAT r6 := r6 ... r7
      083 05010059      CALL r5 (1 args) => 0 results
      084 0000801B    RETURN r0 ... r-1
  [Node$01CA94FC] 'nenc_ff0834_v' [h=8E031513,$00989680]: table$009920E0[a=0,h=4]
    [Node$00AAE0D4] 'tLocationObjectsA' [h=2C5376F5,$00A01980]: table$009AC0A0[a=2,h=1]
    [Node$00AAE0E8] 'sEncounter' [h=4CD961D9,$009A5C20]: 'ff0834' [h=E324BA4B,$009A0060]
    [Node$00AAE0FC] 'tLocationObjectsB' [h=CEC61813,$00A073C0]: nil
  [Node$01CA9524] 'assert' [h=92EA3D15,$00991340]: cfunction$003B8AA8 'assert' [h=92EA3D15,$00991340]
  [Node$01CA9538] 'loc_ff4342_n' [h=A773AD16,$0099D9C0]: table$00996D40[a=8,h=1]
    [0:$009DFD40] 'ff4342_1' [h=B1B2A3A8,$009AABC0]
    [1:$009DFD48] 'ff4342_2' [h=436E4498,$009A03C0]
    [2:$009DFD50] 'ff4342_3' [h=BC790F9A,$00996EA0]
    [3:$009DFD58] 'ff4342_4' [h=D4B439EF,$00997A20]
    [4:$009DFD60] 'ff4342_5' [h=2DF77BDE,$0098E280]
    [5:$009DFD68] 'ff4342_6' [h=71D8B80E,$00985D00]
    [6:$009DFD70] 'ff4342_7' [h=F2435077,$0099CFC0]
    [7:$009DFD78] 'ff4342_8' [h=0BEAD749,$009C6D80]
  [Node$01CA9560] 'loc_ff2248_s' [h=C1940518,$0099C240]: table$0099EB80[a=8,h=1]
  [Node$01CA9588] 'Video_LetterboxEffect' [h=C60CB51A,$009FD0C0]: cfunction$002A4958 'Video_LetterboxEffect' [h=C60CB51A,$009FD0C0]
  [Node$01CA95EC] 'factions' [h=B0868D1F,$0097FD60]: table$009AADC0[a=4,h=1]
    [0:$0097E4A0] table$009AA020[a=0,h=4]
      [Node$00B2C0E8] 'upper' [h=1231F54B,$009A4700]: 'ALLIES' [h=731FC3D4,$009A7CE0]
      [Node$00B2C0FC] 'lower' [h=1231D4EF,$0099CA20]: 'allies' [h=B57F1C27,$009A61A0]
    [1:$0097E4A8] table$0099A920[a=0,h=4]
      [Node$00AA91E8] 'upper' [h=1231F54B,$009A4700]: 'CHINA' [h=0EBB98C2,$009A9980]
      [Node$00AA91FC] 'lower' [h=1231D4EF,$0099CA20]: 'china' [h=1129D14E,$009A6060]
    [2:$0097E4B0] table$009832A0[a=0,h=4]
      [Node$00A914E8] 'upper' [h=1231F54B,$009A4700]: 'MAFIA' [h=0EA8038A,$0098C7C0]
      [Node$00A914FC] 'lower' [h=1231D4EF,$0099CA20]: 'mafia' [h=11226556,$009A6140]
    [3:$0097E4B8] table$00996E60[a=0,h=4]
      [Node$00A93FE8] 'upper' [h=1231F54B,$009A4700]: 'SK' [h=0000111C,$0097F6E0]
      [Node$00A93FFC] 'lower' [h=1231D4EF,$0099CA20]: 'sk' [h=00001514,$009A6180]
  [Node$01CA9650] 'SW_Challenge_Race_HQc2HQm_01_Hide' [h=86A04524,$00A2D8C0]: function$009A5D40 'SW_Challenge_Race_HQc2HQm_01_Hide' [h=86A04524,$00A2D8C0]
    CONST$00962A50 k0  'challenge_Recycler_Hide' [h=C6CFE144,$00A40380]
    CONST$00962A58 k1  'tSW_Challenge_Race_HQc2HQm_01' [h=6F113451,$009CD280]
    CODE $00962A40
      000 00000005 GETGLOBAL r0 := _G[k0 ('challenge_Recycler_Hide' [h=C6CFE144,$00A40380])]
      001 01000045 GETGLOBAL r1 := _G[k1 ('tSW_Challenge_Race_HQc2HQm_01' [h=6F113451,$009CD280])]
      002 00010059      CALL r0 (1 args) => 0 results
      003 0000801B    RETURN r0 ... r-1
  [Node$01CA968C] 'Event_AiIsFollowing' [h=08712D27,$00A24600]: cfunction$002BBCE0 'Event_AiIsFollowing' [h=08712D27,$00A24600]
  [Node$01CA96B4] 'jeff_costumeTentExists' [h=8DB7F529,$009E2A00]: function$00991F60 'jeff_costumeTentExists' [h=8DB7F529,$009E2A00]
    CONST$009615B0 k0  'Utility_GetActor' [h=077E9779,$00A06B80]
    CONST$009615B8 k1  'costumeTentEntrance' [h=90556325,$009E2980]
    CODE $009A36E0
      000 00000005 GETGLOBAL r0 := _G[k0 ('Utility_GetActor' [h=077E9779,$00A06B80])]
      001 01000041     LOADK r1 := k1 ('costumeTentEntrance' [h=90556325,$009E2980])
      002 0001001A  TAILCALL r0 (1 args)
      003 0000001B    RETURN r0 ... r-2
      004 0000801B    RETURN r0 ... r-1
  [Node$01CA96DC] 'DeferredEnableRestrictedZone' [h=62D55D2B,$009DBF80]: function$009A7A20 'DeferredEnableRestrictedZone' [h=62D55D2B,$009DBF80]
    CONST$0099C360 k0  'util_PrintDebugMsg' [h=A2961C17,$00A11FC0]
    CONST$0099C368 k1  '[global.lua] DeferredEnableRestrictedZone: deferring re-enabling of restricted zone ' [h=DFDB8508,$00B1F1C0]
    CONST$0099C370 k2  '\n' [h=0000002B,$009A7280]
    CONST$0099C378 k3  'Boundary_Enable' [h=65FD5E6D,$009C7140]
    CODE $00A023C0
      000 02000005 GETGLOBAL r2 := _G[k0 ('util_PrintDebugMsg' [h=A2961C17,$00A11FC0])]
      001 03000041     LOADK r3 := k1 ('[global.lua] DeferredEnableRestrictedZone: deferring re-enabling of restricted zone ' [h=DFDB8508,$00B1F1C0])
      002 04008000      MOVE r4 := r1
      003 05000081     LOADK r5 := k2 ('\n' [h=0000002B,$009A7280])
      004 03018153    CONCAT r3 := r3 ... r5
      005 02010059      CALL r2 (1 args) => 0 results
      006 020000C5 GETGLOBAL r2 := _G[k3 ('Boundary_Enable' [h=65FD5E6D,$009C7140])]
      007 03008000      MOVE r3 := r1
      008 04008002  LOADBOOL r4 := True
      009 02018059      CALL r2 (2 args) => 0 results
      010 0000801B    RETURN r0 ... r-1
  [Node$01CA9768] 'Actor_IsDormant' [h=4D202532,$00977820]: cfunction$002A8CE0 'Actor_IsDormant' [h=4D202532,$00977820]
  [Node$01CA9790] 'loc_ff3113_s' [h=5378F534,$0099B080]: table$0098DB40[a=8,h=1]
    [0:$009FB000] 'ff3113_9' [h=DF4E4E16,$009808A0]
    [1:$009FB008] 'ff3113_10' [h=A0621F32,$0097EE00]
    [2:$009FB010] 'ff3113_11' [h=F7C0E25B,$009A3F00]
    [3:$009FB018] 'ff3113_12' [h=6DE78284,$0099E780]
    [4:$009FB020] 'ff3113_13' [h=05EB1E66,$009AACA0]
    [5:$009FB028] 'ff3113_14' [h=3CB002A3,$0098E440]
    [6:$009FB030] 'ff3113_15' [h=8F691C5C,$009A7E40]
    [7:$009FB038] 'ff3113_16' [h=EBC0AA4D,$00982960]
  [Node$01CA97B8] 'Camera_SetDemoDiskSettings' [h=69385D36,$00A00C40]: cfunction$002A5E98 'Camera_SetDemoDiskSettings' [h=69385D36,$00A00C40]
  [Node$01CA97E0] 'gameflow_Bridge_SW_pyd2pye_Destroyed' [h=DF8F8D38,$00A36DC0]: function$00976D60 'gameflow_Bridge_SW_pyd2pye_Destroyed' [h=DF8F8D38,$00A36DC0]
    CONST$00A36AC0 k0  'gameflow_Bridge_SW_pyd2pye_Destroyed' [h=DF8F8D38,$00A36DC0]
    CONST$00A36AC8 k1  'util_PrintDebugMsg' [h=A2961C17,$00A11FC0]
    CONST$00A36AD0 k2  'Bridge pyd2pye destroyed!!!\n' [h=5C706A06,$00A36C00]
    CONST$00A36AD8 k3  'gameflow_Bridge_Destroy' [h=3AF48C8C,$00A37180]
    CONST$00A36AE0 k4  'bridge_pyd2pye_01' [h=2C7C3A6F,$00A36D80]
    CONST$00A36AE8 k5  't_pyd2pye_01a' [h=B15B5893,$0099A2C0]
    CONST$00A36AF0 k6  't_pyd2pye_01b' [h=596CDDA8,$009A01A0]
    CODE $00A36840
      000 00000003   LOADNIL r0 ... r0
      001 00000007 SETGLOBAL r0 ->> _G[k0 ('gameflow_Bridge_SW_pyd2pye_Destroyed' [h=DF8F8D38,$00A36DC0])]
      002 00000045 GETGLOBAL r0 := _G[k1 ('util_PrintDebugMsg' [h=A2961C17,$00A11FC0])]
      003 01000081     LOADK r1 := k2 ('Bridge pyd2pye destroyed!!!\n' [h=5C706A06,$00A36C00])
      004 00010059      CALL r0 (1 args) => 0 results
      005 000000C5 GETGLOBAL r0 := _G[k3 ('gameflow_Bridge_Destroy' [h=3AF48C8C,$00A37180])]
      006 0100800A  NEWTABLE r1 := {} (#a=1, #h=0)
      007 02000101     LOADK r2 := k4 ('bridge_pyd2pye_01' [h=2C7C3A6F,$00A36D80])
      008 0100001F   SETLIST r1 [0]
      009 0201000A  NEWTABLE r2 := {} (#a=2, #h=0)
      010 03000141     LOADK r3 := k5 ('t_pyd2pye_01a' [h=B15B5893,$0099A2C0])
      011 04000181     LOADK r4 := k6 ('t_pyd2pye_01b' [h=596CDDA8,$009A01A0])
      012 0200005F   SETLIST r2 [1]
      013 00018059      CALL r0 (2 args) => 0 results
      014 0000801B    RETURN r0 ... r-1
  [Node$01CA97F4] 'challenge_CompleteStateSet' [h=20545D39,$00A08B80]: function$00982AA0 'challenge_CompleteStateSet' [h=20545D39,$00A08B80]
    CONST$00998300 k0  'Global_SetValue' [h=AB0FD37C,$009777E0]
    CONST$00998308 k1  'bChallengeCompleted' [h=D85766AE,$009E5040]
    CONST$00998310 k2  'util_SetDefault' [h=3072A05A,$009A7800]
    CONST$00998318 k3  'bChallengeReward' [h=304D9342,$00A41A40]
    CODE $00A0C300
      000 02000005 GETGLOBAL r2 := _G[k0 ('Global_SetValue' [h=AB0FD37C,$009777E0])]
      001 03000041     LOADK r3 := k1 ('bChallengeCompleted' [h=D85766AE,$009E5040])
      002 04000085 GETGLOBAL r4 := _G[k2 ('util_SetDefault' [h=3072A05A,$009A7800])]
      003 05000000      MOVE r5 := r0
      004 06000002  LOADBOOL r6 := False
      005 04018019      CALL r4 (2 args) => -1 results
      006 02000059      CALL r2 (-1 args) => 0 results
      007 02000005 GETGLOBAL r2 := _G[k0 ('Global_SetValue' [h=AB0FD37C,$009777E0])]
      008 030000C1     LOADK r3 := k3 ('bChallengeReward' [h=304D9342,$00A41A40])
      009 04000085 GETGLOBAL r4 := _G[k2 ('util_SetDefault' [h=3072A05A,$009A7800])]
      010 05008000      MOVE r5 := r1
      011 06000002  LOADBOOL r6 := False
      012 04018019      CALL r4 (2 args) => -1 results
      013 02000059      CALL r2 (-1 args) => 0 results
      014 0000801B    RETURN r0 ... r-1
  [Node$01CA9808] 'Actor_GetYaw' [h=4E977D3A,$00977880]: cfunction$002AC1F8 'Actor_GetYaw' [h=4E977D3A,$00977880]
  [Node$01CA9858] 'SW_challenge_Race01_OnStarterBroken' [h=BF0A6D3E,$00A2AF80]: function$009914E0 'SW_challenge_Race01_OnStarterBroken' [h=BF0A6D3E,$00A2AF80]
    CONST$00962D30 k0  'challenge_Recycler_OnStarterBroken' [h=8855A662,$00A07100]
    CONST$00962D38 k1  'tSW_Challenge_Race01' [h=913D041D,$009D3D40]
    CODE $00962D20
      000 00000005 GETGLOBAL r0 := _G[k0 ('challenge_Recycler_OnStarterBroken' [h=8855A662,$00A07100])]
      001 01000045 GETGLOBAL r1 := _G[k1 ('tSW_Challenge_Race01' [h=913D041D,$009D3D40])]
      002 00010059      CALL r0 (1 args) => 0 results
      003 0000801B    RETURN r0 ... r-1
  [Node$01CA98E4] 'Briefing_UnloadAdditionalSoundBank' [h=84443545,$009DCC00]: cfunction$002F89F0 'Briefing_UnloadAdditionalSoundBank' [h=84443545,$009DCC00]
  [Node$01CA98F8] 'Player_SetMoney' [h=F58D4D46,$00986300]: cfunction$002BFED8 'Player_SetMoney' [h=F58D4D46,$00986300]
  [Node$01CA990C] 'nenc_ff3712_v' [h=BAC49D47,$0099A7A0]: table$009968A0[a=0,h=4]
    [Node$00AC2F54] 'tLocationObjectsA' [h=2C5376F5,$00A01980]: table$009C4C20[a=2,h=1]
      [0:$0095A240] 'ff3712_v3' [h=20D68DB7,$009A3640]
      [1:$0095A248] 'ff3712_v4' [h=7E4EF639,$009AB2C0]
    [Node$00AC2F68] 'sEncounter' [h=4CD961D9,$009A5C20]: 'ff3712' [h=08F947F3,$00983420]
    [Node$00AC2F7C] 'tLocationObjectsB' [h=CEC61813,$00A073C0]: nil
  [Node$01CA9970] 'loc_ff3712_v_n' [h=02BF2D4C,$009ABFA0]: table$009C4C20[a=2,h=1]
  [Node$01CA99AC] 'StartCardMusic' [h=F2FB054F,$009A8880]: function$0098C320 'StartCardMusic' [h=F2FB054F,$009A8880]
    CONST$00961480 k0  'Audio_PlayMusic' [h=FDC4EA5C,$009954E0]
    CONST$00961488 k1  'music.card_miniboss' [h=0743D722,$00A2C7C0]
    CODE $00961460
      000 00000005 GETGLOBAL r0 := _G[k0 ('Audio_PlayMusic' [h=FDC4EA5C,$009954E0])]
      001 01000041     LOADK r1 := k1 ('music.card_miniboss' [h=0743D722,$00A2C7C0])
      002 00010059      CALL r0 (1 args) => 0 results
      003 0000801B    RETURN r0 ... r-1
  [Node$01CA99D4] 'CancelEventsForObjectiveTarget' [h=57E38D51,$009F7E40]: function$00984E60 'CancelEventsForObjectiveTarget' [h=57E38D51,$009F7E40]
    CONST$00C38140 k0  'VERB_ACTION' [h=F6A76037,$009A32E0]
    CONST$00C38148 k1  'Actor_EnableScriptedUse' [h=2140441B,$009FBF80]
    CONST$00C38150 k2  'actorName' [h=4EB2E2FD,$00997FC0]
    CONST$00C38158 k3  'FALSE' [h=0E4B730F,$009965C0]
    CONST$00C38160 k4  'VERB_VERIFY' [h=CAE4DEEE,$00976AC0]
    CONST$00C38168 k5  'killedHandle' [h=10232A24,$009A3100]
    CONST$00C38170 k6  'Event_CancelEvent' [h=D8960070,$00A08280]
    CONST$00C38178 k7  'subduedHandle' [h=0B4CA19C,$009C7E00]
    CONST$00C38180 k8  'carriedHandle' [h=37E82AAD,$00990BC0]
    CONST$00C38188 k9  'nearHandle' [h=4DC26C2B,$0097D620]
    CONST$00C38190 k10 'VERB_DELIVER' [h=B4F35383,$009C3BE0]
    CONST$00C38198 k11 'hHeroInVehicle' [h=5C79BE3B,$009C67C0]
    CONST$00C381A0 k12 'hSomethingWinched' [h=29118178,$00A0AB80]
    CONST$00C381A8 k13 'inRegionHandle' [h=2D0C1147,$009C41A0]
    CONST$00C381B0 k14 'destroyedHandle' [h=921445D1,$00998840]
    CONST$00C381B8 k15 'verb' [h=0076582D,$009A3120]
    CONST$00C381C0 k16 'VERB_DELIVER_VEH' [h=011F7CFD,$00A3EC40]
    CONST$00C381C8 k17 'playerInVehicleHandle' [h=9CDBFEAF,$00A12F80]
    CONST$00C381D0 k18 'VERB_DELIVER_HUM' [h=AC2E5278,$009DFD80]
    CONST$00C381D8 k19 'targetInVehicleHandle' [h=A66B2FA1,$00A07840]
    CONST$00C381E0 k20 'followingHandle' [h=2FF3E617,$009A2160]
    CONST$00C381E8 k21 'Ai_CommandClearAll' [h=CDA0E905,$00A07340]
    CONST$00C381F0 k22 'Ai_CommandDefault' [h=60550F94,$00A3FDC0]
    CONST$00C381F8 k23 'Wait' [h=00792FF7,$00994B40]
    CONST$00C38200 k24 'loPri' [h=11C2D9AB,$009A5E00]
    CONST$00C38208 k25 'events' [h=7B78A23A,$0097D180]
    CONST$00C38210 k26 'type' [h=0070EF71,$00990720]
    CONST$00C38218 k27 'table' [h=10F2114B,$00979B40]
    CONST$00C38220 k28 'pairs' [h=12CC6B12,$009906A0]
    CODE $00CF3700
      000 01008018      TEST not r1: r1 := r1 ; or skip
      001 00801894       JMP +99 ; 101
      002 02000005 GETGLOBAL r2 := _G[k0 ('VERB_ACTION' [h=F6A76037,$009A32E0])]
      003 00000095       BEQ r0 == r2
      004 00800114       JMP +5 ; 10
      005 02000045 GETGLOBAL r2 := _G[k1 ('Actor_EnableScriptedUse' [h=2140441B,$009FBF80])]
      006 0300BF06  GETTABLE r3 := r1[k2 ('actorName' [h=4EB2E2FD,$00997FC0])]
      007 040000C5 GETGLOBAL r4 := _G[k3 ('FALSE' [h=0E4B730F,$009965C0])]
      008 02018059      CALL r2 (2 args) => 0 results
      009 008011D4       JMP +72 ; 82
      010 02000105 GETGLOBAL r2 := _G[k4 ('VERB_VERIFY' [h=CAE4DEEE,$00976AC0])]
      011 00000095       BEQ r0 == r2
      012 00800414       JMP +17 ; 30
      013 02000185 GETGLOBAL r2 := _G[k6 ('Event_CancelEvent' [h=D8960070,$00A08280])]
      014 0300BFC6  GETTABLE r3 := r1[k5 ('killedHandle' [h=10232A24,$009A3100])]
      015 02010099      CALL r2 (1 args) => 1 results
      016 017F8089  SETTABLE r2 ->> r1[k5 ('killedHandle' [h=10232A24,$009A3100])]
      017 02000185 GETGLOBAL r2 := _G[k6 ('Event_CancelEvent' [h=D8960070,$00A08280])]
      018 0300C046  GETTABLE r3 := r1[k7 ('subduedHandle' [h=0B4CA19C,$009C7E00])]
      019 02010099      CALL r2 (1 args) => 1 results
      020 01808089  SETTABLE r2 ->> r1[k7 ('subduedHandle' [h=0B4CA19C,$009C7E00])]
      021 02000185 GETGLOBAL r2 := _G[k6 ('Event_CancelEvent' [h=D8960070,$00A08280])]
      022 0300C086  GETTABLE r3 := r1[k8 ('carriedHandle' [h=37E82AAD,$00990BC0])]
      023 02010099      CALL r2 (1 args) => 1 results
      024 01810089  SETTABLE r2 ->> r1[k8 ('carriedHandle' [h=37E82AAD,$00990BC0])]
      025 02000185 GETGLOBAL r2 := _G[k6 ('Event_CancelEvent' [h=D8960070,$00A08280])]
      026 0300C0C6  GETTABLE r3 := r1[k9 ('nearHandle' [h=4DC26C2B,$0097D620])]
      027 02010099      CALL r2 (1 args) => 1 results
      028 01818089  SETTABLE r2 ->> r1[k9 ('nearHandle' [h=4DC26C2B,$0097D620])]
      029 00800CD4       JMP +52 ; 82
      030 02000285 GETGLOBAL r2 := _G[k10 ('VERB_DELIVER' [h=B4F35383,$009C3BE0])]
      031 00000095       BEQ r0 == r2
      032 00800C14       JMP +49 ; 82
      033 02000185 GETGLOBAL r2 := _G[k6 ('Event_CancelEvent' [h=D8960070,$00A08280])]
      034 030002C5 GETGLOBAL r3 := _G[k11 ('hHeroInVehicle' [h=5C79BE3B,$009C67C0])]
      035 02010099      CALL r2 (1 args) => 1 results
      036 020002C7 SETGLOBAL r2 ->> _G[k11 ('hHeroInVehicle' [h=5C79BE3B,$009C67C0])]
      037 02000185 GETGLOBAL r2 := _G[k6 ('Event_CancelEvent' [h=D8960070,$00A08280])]
      038 03000305 GETGLOBAL r3 := _G[k12 ('hSomethingWinched' [h=29118178,$00A0AB80])]
      039 02010099      CALL r2 (1 args) => 1 results
      040 02000307 SETGLOBAL r2 ->> _G[k12 ('hSomethingWinched' [h=29118178,$00A0AB80])]
      041 02000185 GETGLOBAL r2 := _G[k6 ('Event_CancelEvent' [h=D8960070,$00A08280])]
      042 0300C1C6  GETTABLE r3 := r1[k13 ('inRegionHandle' [h=2D0C1147,$009C41A0])]
      043 02010099      CALL r2 (1 args) => 1 results
      044 01838089  SETTABLE r2 ->> r1[k13 ('inRegionHandle' [h=2D0C1147,$009C41A0])]
      045 02000185 GETGLOBAL r2 := _G[k6 ('Event_CancelEvent' [h=D8960070,$00A08280])]
      046 0300C206  GETTABLE r3 := r1[k14 ('destroyedHandle' [h=921445D1,$00998840])]
      047 02010099      CALL r2 (1 args) => 1 results
      048 01840089  SETTABLE r2 ->> r1[k14 ('destroyedHandle' [h=921445D1,$00998840])]
      049 0200C246  GETTABLE r2 := r1[k15 ('verb' [h=0076582D,$009A3120])]
      050 03000405 GETGLOBAL r3 := _G[k16 ('VERB_DELIVER_VEH' [h=011F7CFD,$00A3EC40])]
      051 000100D5       BEQ r2 == r3
      052 00800114       JMP +5 ; 58
      053 02000185 GETGLOBAL r2 := _G[k6 ('Event_CancelEvent' [h=D8960070,$00A08280])]
      054 0300C2C6  GETTABLE r3 := r1[k17 ('playerInVehicleHandle' [h=9CDBFEAF,$00A12F80])]
      055 02010099      CALL r2 (1 args) => 1 results
      056 01858089  SETTABLE r2 ->> r1[k17 ('playerInVehicleHandle' [h=9CDBFEAF,$00A12F80])]
      057 008005D4       JMP +24 ; 82
      058 0200C246  GETTABLE r2 := r1[k15 ('verb' [h=0076582D,$009A3120])]
      059 03000485 GETGLOBAL r3 := _G[k18 ('VERB_DELIVER_HUM' [h=AC2E5278,$009DFD80])]
      060 000100D5       BEQ r2 == r3
      061 008004D4       JMP +20 ; 82
      062 02000185 GETGLOBAL r2 := _G[k6 ('Event_CancelEvent' [h=D8960070,$00A08280])]
      063 0300C346  GETTABLE r3 := r1[k19 ('targetInVehicleHandle' [h=A66B2FA1,$00A07840])]
      064 02010099      CALL r2 (1 args) => 1 results
      065 01868089  SETTABLE r2 ->> r1[k19 ('targetInVehicleHandle' [h=A66B2FA1,$00A07840])]
      066 02000185 GETGLOBAL r2 := _G[k6 ('Event_CancelEvent' [h=D8960070,$00A08280])]
      067 0300C386  GETTABLE r3 := r1[k20 ('followingHandle' [h=2FF3E617,$009A2160])]
      068 02010099      CALL r2 (1 args) => 1 results
      069 01870089  SETTABLE r2 ->> r1[k20 ('followingHandle' [h=2FF3E617,$009A2160])]
      070 02000045 GETGLOBAL r2 := _G[k1 ('Actor_EnableScriptedUse' [h=2140441B,$009FBF80])]
      071 0300BF06  GETTABLE r3 := r1[k2 ('actorName' [h=4EB2E2FD,$00997FC0])]
      072 040000C5 GETGLOBAL r4 := _G[k3 ('FALSE' [h=0E4B730F,$009965C0])]
      073 02018059      CALL r2 (2 args) => 0 results
      074 02000545 GETGLOBAL r2 := _G[k21 ('Ai_CommandClearAll' [h=CDA0E905,$00A07340])]
      075 0300BF06  GETTABLE r3 := r1[k2 ('actorName' [h=4EB2E2FD,$00997FC0])]
      076 02010059      CALL r2 (1 args) => 0 results
      077 02000585 GETGLOBAL r2 := _G[k22 ('Ai_CommandDefault' [h=60550F94,$00A3FDC0])]
      078 0300BF06  GETTABLE r3 := r1[k2 ('actorName' [h=4EB2E2FD,$00997FC0])]
      079 040005C1     LOADK r4 := k23 ('Wait' [h=00792FF7,$00994B40])
      080 05000601     LOADK r5 := k24 ('loPri' [h=11C2D9AB,$009A5E00])
      081 02020059      CALL r2 (3 args) => 0 results
      082 0200C4C6  GETTABLE r2 := r1[k25 ('events' [h=7B78A23A,$0097D180])]
      083 02010018      TEST not r2: r2 := r2 ; or skip
      084 008003D4       JMP +16 ; 101
      085 02000685 GETGLOBAL r2 := _G[k26 ('type' [h=0070EF71,$00990720])]
      086 0300C4C6  GETTABLE r3 := r1[k25 ('events' [h=7B78A23A,$0097D180])]
      087 02010099      CALL r2 (1 args) => 1 results
      088 00014555       BEQ r2 == k27 ('table' [h=10F2114B,$00979B40])
      089 00800294       JMP +11 ; 101
      090 02000705 GETGLOBAL r2 := _G[k28 ('pairs' [h=12CC6B12,$009906A0])]
      091 0300C4C6  GETTABLE r3 := r1[k25 ('events' [h=7B78A23A,$0097D180])]
      092 02010159      CALL r2 (1 args) => 4 results
      093 0280011E  TFORPREP WIP
      094 0600C4C6  GETTABLE r6 := r1[k25 ('events' [h=7B78A23A,$0097D180])]
      095 07000185 GETGLOBAL r7 := _G[k6 ('Event_CancelEvent' [h=D8960070,$00A08280])]
      096 08028000      MOVE r8 := r5
      097 07010099      CALL r7 (1 args) => 1 results
      098 060201C9  SETTABLE r7 ->> r6[r4]
      099 0200005D  TFORLOOP WIP
      100 007FFE14       JMP -7 ; 94
      101 0000801B    RETURN r0 ... r-1
  [Node$01CA99E8] 'Tooltip_RemoveNag' [h=7881B552,$00A33880]: function$0097AF00[1] 'Tooltip_RemoveNag' [h=7881B552,$00A33880]
    CONST$00983500 k0  'Tooltip_HideNag' [h=8DDECA24,$0099FF20]
    CONST$00983508 k1  'recurHandle' [h=CB285C9F,$00982B60]
    CONST$00983510 k2  'Event_CancelEvent' [h=D8960070,$00A08280]
    CODE $00A10BC0
      000 00000005 GETGLOBAL r0 := _G[k0 ('Tooltip_HideNag' [h=8DDECA24,$0099FF20])]
      001 00008059      CALL r0 (0 args) => 0 results
      002 00000004  GETUPVAL r0 := u0
      003 01000085 GETGLOBAL r1 := _G[k2 ('Event_CancelEvent' [h=D8960070,$00A08280])]
      004 02000004  GETUPVAL r2 := u0
      005 02013EC6  GETTABLE r2 := r2[k1 ('recurHandle' [h=CB285C9F,$00982B60])]
      006 01010099      CALL r1 (1 args) => 1 results
      007 007D8049  SETTABLE r1 ->> r0[k1 ('recurHandle' [h=CB285C9F,$00982B60])]
      008 0000801B    RETURN r0 ... r-1
  [Node$01CA9A10] 'Actor_GetType' [h=DC0B4554,$009777A0]: cfunction$002ABC98 'Actor_GetType' [h=DC0B4554,$009777A0]
  [Node$01CA9A24] 'INTEL_CARD_IDENT_DIST' [h=B8F54555,$00A37FC0]: 300.0
  [Node$01CA9A38] 'SW_Challenge_Race_HQa2HQs_01_OnStarterBroken' [h=08BCBD56,$009DE900]: function$009901E0 'SW_Challenge_Race_HQa2HQs_01_OnStarterBroken' [h=08BCBD56,$009DE900]
    CONST$00962B90 k0  'challenge_Recycler_OnStarterBroken' [h=8855A662,$00A07100]
    CONST$00962B98 k1  'tSW_Challenge_Race_HQa2HQs_01' [h=35C26A6D,$009D2C40]
    CODE $00962B80
      000 00000005 GETGLOBAL r0 := _G[k0 ('challenge_Recycler_OnStarterBroken' [h=8855A662,$00A07100])]
      001 01000045 GETGLOBAL r1 := _G[k1 ('tSW_Challenge_Race_HQa2HQs_01' [h=35C26A6D,$009D2C40])]
      002 00010059      CALL r0 (1 args) => 0 results
      003 0000801B    RETURN r0 ... r-1
  [Node$01CA9A4C] 'challenge_Recycler_Prop_Setup' [h=EC93CD57,$00A405C0]: function$0098B2A0 'challenge_Recycler_Prop_Setup' [h=EC93CD57,$00A405C0]
    CONST$00AB6240 k0  'Actor_EnableScriptedUse' [h=2140441B,$009FBF80]
    CONST$00AB6248 k1  'actions.examine' [h=0F8F1DC4,$00983AA0]
    CONST$00AB6250 k2  2.5
    CONST$00AB6258 k3  'Event_ActorUsed' [h=760DA02B,$009862C0]
    CONST$00AB6260 k4  'sFuncNameQuestionBox' [h=25D5C106,$00A25740]
    CONST$00AB6268 k5  'b' [h=00000083,$009960C0]
    CONST$00AB6270 k6  'tEventHandlesForSetup' [h=9B8DA62D,$00A02E00]
    CONST$00AB6278 k7  'hActorUsed' [h=3D7C228B,$009A45C0]
    CONST$00AB6280 k8  'Event_ActorHitPointsLessThan' [h=A14D40BC,$00A24E80]
    CONST$00AB6288 k9  'sFuncOnStarterBroken' [h=ED7F76E3,$009DD680]
    CONST$00AB6290 k10 1.0
    CONST$00AB6298 k11 'hHitPointsLessThan' [h=4539B91F,$009E1F40]
    CODE $00AB30C0
      000 03000005 GETGLOBAL r3 := _G[k0 ('Actor_EnableScriptedUse' [h=2140441B,$009FBF80])]
      001 04010000      MOVE r4 := r2
      002 05008002  LOADBOOL r5 := True
      003 06000041     LOADK r6 := k1 ('actions.examine' [h=0F8F1DC4,$00983AA0])
      004 07000002  LOADBOOL r7 := False
      005 08000081     LOADK r8 := k2 (2.5)
      006 03030059      CALL r3 (5 args) => 0 results
      007 030000C5 GETGLOBAL r3 := _G[k3 ('Event_ActorUsed' [h=760DA02B,$009862C0])]
      008 04003F86  GETTABLE r4 := r0[k4 ('sFuncNameQuestionBox' [h=25D5C106,$00A25740])]
      009 05000141     LOADK r5 := k5 ('b' [h=00000083,$009960C0])
      010 06010000      MOVE r6 := r2
      011 03020099      CALL r3 (3 args) => 1 results
      012 04004006  GETTABLE r4 := r0[k6 ('tEventHandlesForSetup' [h=9B8DA62D,$00A02E00])]
      013 048080C9  SETTABLE r3 ->> r4[k7 ('hActorUsed' [h=3D7C228B,$009A45C0])]
      014 04000205 GETGLOBAL r4 := _G[k8 ('Event_ActorHitPointsLessThan' [h=A14D40BC,$00A24E80])]
      015 050040C6  GETTABLE r5 := r0[k9 ('sFuncOnStarterBroken' [h=ED7F76E3,$009DD680])]
      016 06000141     LOADK r6 := k5 ('b' [h=00000083,$009960C0])
      017 07010000      MOVE r7 := r2
      018 08000281     LOADK r8 := k10 (1.0)
      019 09008002  LOADBOOL r9 := True
      020 04030099      CALL r4 (5 args) => 1 results
      021 03020000      MOVE r3 := r4
      022 04004006  GETTABLE r4 := r0[k6 ('tEventHandlesForSetup' [h=9B8DA62D,$00A02E00])]
      023 048280C9  SETTABLE r3 ->> r4[k11 ('hHitPointsLessThan' [h=4539B91F,$009E1F40])]
      024 0000801B    RETURN r0 ... r-1
  [Node$01CA9A60] 'challenge_GlobalStarterSet' [h=97073558,$00A0B9C0]: function$0098BA40 'challenge_GlobalStarterSet' [h=97073558,$00A0B9C0]
    CONST$0095A340 k0  'Global_SetValue' [h=AB0FD37C,$009777E0]
    CONST$0095A348 k1  'sChallengeStarterName' [h=3F3D7BE6,$009D42C0]
    CODE $009A3220
      000 01000005 GETGLOBAL r1 := _G[k0 ('Global_SetValue' [h=AB0FD37C,$009777E0])]
      001 02000041     LOADK r2 := k1 ('sChallengeStarterName' [h=3F3D7BE6,$009D42C0])
      002 03000000      MOVE r3 := r0
      003 01018059      CALL r1 (2 args) => 0 results
      004 0000801B    RETURN r0 ... r-1
  [Node$01CA9A74] 'Utility_LoadPlayerData' [h=C5F69559,$00A0F900]: cfunction$002F8738 'Utility_LoadPlayerData' [h=C5F69559,$00A0F900]
  [Node$01CA9A9C] 'Actor_CreateItemInPrimaryInventory' [h=9195DD5B,$009D02C0]: cfunction$002AFA10 'Actor_CreateItemInPrimaryInventory' [h=9195DD5B,$009D02C0]
  [Node$01CA9AC4] 'Actor_GetRiderType' [h=D547C55D,$00A09880]: cfunction$002AB990 'Actor_GetRiderType' [h=D547C55D,$00A09880]
  [Node$01CA9AD8] 'Mail_Delete' [h=8D1A255E,$0098D500]: cfunction$002A10E0 'Mail_Delete' [h=8D1A255E,$0098D500]
  [Node$01CA9AEC] 'Actor_IsAnimating' [h=79A7955F,$00A246C0]: cfunction$002AE648 'Actor_IsAnimating' [h=79A7955F,$00A246C0]
  [Node$01CA9B00] 'SW_challenge_destroy_dmz01_Hide' [h=2910FD60,$00A03700]: function$0097CCE0 'SW_challenge_destroy_dmz01_Hide' [h=2910FD60,$00A03700]
    CONST$00958030 k0  'challenge_Recycler_Hide' [h=C6CFE144,$00A40380]
    CONST$00958038 k1  'tSW_challenge_destroy_dmz01' [h=6E499F62,$009CD440]
    CODE $00957FE0
      000 00000005 GETGLOBAL r0 := _G[k0 ('challenge_Recycler_Hide' [h=C6CFE144,$00A40380])]
      001 01000045 GETGLOBAL r1 := _G[k1 ('tSW_challenge_destroy_dmz01' [h=6E499F62,$009CD440])]
      002 00010059      CALL r0 (1 args) => 0 results
      003 0000801B    RETURN r0 ... r-1
  [Node$01CA9B14] 'challenge_CommonAreaConstraintInit' [h=98809D61,$009D2580]: function$0097C380 'challenge_CommonAreaConstraintInit' [h=98809D61,$009D2580]
    CONST$00BF9440 k0  'g_challenge_CommonAreaArgsTable' [h=7AF8F271,$009CD940]
    CONST$00BF9448 k1  'bFailOnExit' [h=1520C914,$0098EC40]
    CONST$00BF9450 k2  'util_SetDefault' [h=3072A05A,$009A7800]
    CONST$00BF9458 k3  'bUseXz' [h=8443A356,$009916C0]
    CONST$00BF9460 k4  'fRadius' [h=36A92F6A,$00992E60]
    CONST$00BF9468 k5  0.0
    CONST$00BF9470 k6  'Event_ActorToActorProximity' [h=33FEE622,$009DED80]
    CONST$00BF9478 k7  'challenge_CommonAreaExited' [h=C89176A7,$009D5340]
    CONST$00BF9480 k8  'b' [h=00000083,$009960C0]
    CONST$00BF9488 k9  'player0' [h=316752BF,$009A6AC0]
    CONST$00BF9490 k10 'sLocationName' [h=E0194AC5,$009A3F40]
    CONST$00BF9498 k11 'challenge_CommonAreaEntered' [h=F3669DC7,$009D6600]
    CONST$00BF94A0 k12 'Objective_SetTargetActor' [h=A04E11C0,$00A0BA80]
    CONST$00BF94A8 k13 'AreaConstraintMarker' [h=FA92DF0C,$009D2880]
    CONST$00BF94B0 k14 '' [h=00000000,$009A78C0]
    CONST$00BF94B8 k15 'TARGET_TYPE_OBJECTIVE_SECONDARY' [h=A2EEB365,$00A02740]
    CONST$00BF94C0 k16 'blip' [h=007EFB0F,$0097EE80]
    CODE $00C41340
      000 00000007 SETGLOBAL r0 ->> _G[k0 ('g_challenge_CommonAreaArgsTable' [h=7AF8F271,$009CD940])]
      001 01000005 GETGLOBAL r1 := _G[k0 ('g_challenge_CommonAreaArgsTable' [h=7AF8F271,$009CD940])]
      002 02000085 GETGLOBAL r2 := _G[k2 ('util_SetDefault' [h=3072A05A,$009A7800])]
      003 03003EC6  GETTABLE r3 := r0[k1 ('bFailOnExit' [h=1520C914,$0098EC40])]
      004 04008002  LOADBOOL r4 := True
      005 02018099      CALL r2 (2 args) => 1 results
      006 017D8089  SETTABLE r2 ->> r1[k1 ('bFailOnExit' [h=1520C914,$0098EC40])]
      007 01000005 GETGLOBAL r1 := _G[k0 ('g_challenge_CommonAreaArgsTable' [h=7AF8F271,$009CD940])]
      008 02000085 GETGLOBAL r2 := _G[k2 ('util_SetDefault' [h=3072A05A,$009A7800])]
      009 03003F46  GETTABLE r3 := r0[k3 ('bUseXz' [h=8443A356,$009916C0])]
      010 04000002  LOADBOOL r4 := False
      011 02018099      CALL r2 (2 args) => 1 results
      012 017E8089  SETTABLE r2 ->> r1[k3 ('bUseXz' [h=8443A356,$009916C0])]
      013 01000005 GETGLOBAL r1 := _G[k0 ('g_challenge_CommonAreaArgsTable' [h=7AF8F271,$009CD940])]
      014 02000085 GETGLOBAL r2 := _G[k2 ('util_SetDefault' [h=3072A05A,$009A7800])]
      015 03003F86  GETTABLE r3 := r0[k4 ('fRadius' [h=36A92F6A,$00992E60])]
      016 04000141     LOADK r4 := k5 (0.0)
      017 02018099      CALL r2 (2 args) => 1 results
      018 017F0089  SETTABLE r2 ->> r1[k4 ('fRadius' [h=36A92F6A,$00992E60])]
      019 01000005 GETGLOBAL r1 := _G[k0 ('g_challenge_CommonAreaArgsTable' [h=7AF8F271,$009CD940])]
      020 0100BEC6  GETTABLE r1 := r1[k1 ('bFailOnExit' [h=1520C914,$0098EC40])]
      021 01008018      TEST not r1: r1 := r1 ; or skip
      022 008002D4       JMP +12 ; 35
      023 01000185 GETGLOBAL r1 := _G[k6 ('Event_ActorToActorProximity' [h=33FEE622,$009DED80])]
      024 020001C1     LOADK r2 := k7 ('challenge_CommonAreaExited' [h=C89176A7,$009D5340])
      025 03000201     LOADK r3 := k8 ('b' [h=00000083,$009960C0])
      026 04000241     LOADK r4 := k9 ('player0' [h=316752BF,$009A6AC0])
      027 05004106  GETTABLE r5 := r0[k10 ('sLocationName' [h=E0194AC5,$009A3F40])]
      028 06000005 GETGLOBAL r6 := _G[k0 ('g_challenge_CommonAreaArgsTable' [h=7AF8F271,$009CD940])]
      029 06033F86  GETTABLE r6 := r6[k4 ('fRadius' [h=36A92F6A,$00992E60])]
      030 07000002  LOADBOOL r7 := False
      031 08000005 GETGLOBAL r8 := _G[k0 ('g_challenge_CommonAreaArgsTable' [h=7AF8F271,$009CD940])]
      032 08043F46  GETTABLE r8 := r8[k3 ('bUseXz' [h=8443A356,$009916C0])]
      033 01040059      CALL r1 (7 args) => 0 results
      034 00800294       JMP +11 ; 46
      035 01000185 GETGLOBAL r1 := _G[k6 ('Event_ActorToActorProximity' [h=33FEE622,$009DED80])]
      036 020002C1     LOADK r2 := k11 ('challenge_CommonAreaEntered' [h=F3669DC7,$009D6600])
      037 03000201     LOADK r3 := k8 ('b' [h=00000083,$009960C0])
      038 04000241     LOADK r4 := k9 ('player0' [h=316752BF,$009A6AC0])
      039 05004106  GETTABLE r5 := r0[k10 ('sLocationName' [h=E0194AC5,$009A3F40])]
      040 06000005 GETGLOBAL r6 := _G[k0 ('g_challenge_CommonAreaArgsTable' [h=7AF8F271,$009CD940])]
      041 06033F86  GETTABLE r6 := r6[k4 ('fRadius' [h=36A92F6A,$00992E60])]
      042 07008002  LOADBOOL r7 := True
      043 08000005 GETGLOBAL r8 := _G[k0 ('g_challenge_CommonAreaArgsTable' [h=7AF8F271,$009CD940])]
      044 08043F46  GETTABLE r8 := r8[k3 ('bUseXz' [h=8443A356,$009916C0])]
      045 01040059      CALL r1 (7 args) => 0 results
      046 01000305 GETGLOBAL r1 := _G[k12 ('Objective_SetTargetActor' [h=A04E11C0,$00A0BA80])]
      047 02000341     LOADK r2 := k13 ('AreaConstraintMarker' [h=FA92DF0C,$009D2880])
      048 03004106  GETTABLE r3 := r0[k10 ('sLocationName' [h=E0194AC5,$009A3F40])]
      049 04000381     LOADK r4 := k14 ('' [h=00000000,$009A78C0])
      050 050003C1     LOADK r5 := k15 ('TARGET_TYPE_OBJECTIVE_SECONDARY' [h=A2EEB365,$00A02740])
      051 06000401     LOADK r6 := k16 ('blip' [h=007EFB0F,$0097EE80])
      052 07000002  LOADBOOL r7 := False
      053 08000002  LOADBOOL r8 := False
      054 09008002  LOADBOOL r9 := True
      055 0A000005 GETGLOBAL r10 := _G[k0 ('g_challenge_CommonAreaArgsTable' [h=7AF8F271,$009CD940])]
      056 0A053F86  GETTABLE r10 := r10[k4 ('fRadius' [h=36A92F6A,$00992E60])]
      057 0B000002  LOADBOOL r11 := False
      058 0C008002  LOADBOOL r12 := True
      059 01060059      CALL r1 (11 args) => 0 results
      060 0000801B    RETURN r0 ... r-1
  [Node$01CA9B28] 'SW_challenge_destroy_hae_01_GoalBestTime' [h=D522AD62,$00A03B00]: function$00987FA0 'SW_challenge_destroy_hae_01_GoalBestTime' [h=D522AD62,$00A03B00]
  [Node$01CA9B50] 'loc_ff4342_s' [h=22C30564,$009AC060]: table$009915A0[a=8,h=1]
    [0:$009CFF00] 'ff4342_9' [h=BBB54BBC,$009A9B60]
    [1:$009CFF08] 'ff4342_10' [h=EA0D39C9,$00989140]
    [2:$009CFF10] 'ff4342_11' [h=F43135E1,$00996900]
    [3:$009CFF18] 'ff4342_12' [h=C891F1D9,$009AAAE0]
    [4:$009CFF20] 'ff4342_13' [h=13610D2C,$0097F7A0]
    [5:$009CFF28] 'ff4342_14' [h=055A03CD,$009AB760]
    [6:$009CFF30] 'ff4342_15' [h=7141456E,$00984580]
    [7:$009CFF38] 'ff4342_16' [h=E52CC714,$00999000]
  [Node$01CA9B64] 'Region_GetPosition' [h=264C6565,$00A0C340]: cfunction$002C8928 'Region_GetPosition' [h=264C6565,$00A0C340]
  [Node$01CA9B78] 'Event_AiInVehicle' [h=8A9BD566,$00A026C0]: cfunction$002BB838 'Event_AiInVehicle' [h=8A9BD566,$00A026C0]
  [Node$01CA9B8C] 'jeff_hMafiaMood' [h=AB979567,$009C65C0]: 1567.0
  [Node$01CA9BA0] 'Desktop_BeginLoseSequence' [h=0FA31568,$009DF480]: cfunction$002C7CE8 'Desktop_BeginLoseSequence' [h=0FA31568,$009DF480]
  [Node$01CA9BB4] 'gameflow_Bridge_NW_Setup' [h=40553D69,$00A37BC0]: function$009A0000 'gameflow_Bridge_NW_Setup' [h=40553D69,$00A37BC0]
    CONST$00CA2080 k0  'gameflow_Bridge_NW_Setup' [h=40553D69,$00A37BC0]
    CONST$00CA2088 k1  'Actor_GetPosition' [h=F7E6F403,$009DC400]
    CONST$00CA2090 k2  'loc_bridge_village_01' [h=4084769D,$00A367C0]
    CONST$00CA2098 k3  'Actor_GetYaw' [h=4E977D3A,$00977880]
    CONST$00CA20A0 k4  'Mission_Spawn' [h=59A02AE9,$0098E260]
    CONST$00CA20A8 k5  'template_bridge_village' [h=251C8D88,$00A12C40]
    CONST$00CA20B0 k6  'bridge_village_01' [h=991E5E45,$00A12C00]
    CONST$00CA20B8 k7  'gameflow_Bridge_Setup' [h=FDB319FC,$00A37240]
    CONST$00CA20C0 k8  'gameflow_Bridge_NW_ddg2sdk_Destroyed' [h=2F21657A,$00A36CC0]
    CONST$00CA20C8 k9  'bridge_ddg2sdk_01' [h=8D4B24D9,$00A12D00]
    CONST$00CA20D0 k10 'bridge_ddg2sdk_02' [h=42274155,$00A12C80]
    CONST$00CA20D8 k11 'bridge_ddg2sdk_03' [h=4AB4A7B7,$00A12CC0]
    CONST$00CA20E0 k12 'bridge_ddg2sdk_04' [h=CBE1F6B4,$00A12BC0]
    CONST$00CA20E8 k13 'gameflow_Bridge_NW_tmn2ku_Destroyed' [h=8F59C0D4,$00A36C80]
    CONST$00CA20F0 k14 'bridge_tmn2ku_01' [h=B57872B9,$00A12B80]
    CONST$00CA20F8 k15 't_tmn2ku_01c' [h=A1E6DD24,$009A46C0]
    CONST$00CA2100 k16 'gameflow_Bridge_NW_cj2ybr_Destroyed' [h=6DD2032A,$00A36E00]
    CONST$00CA2108 k17 'bridge_cj2ybr_01' [h=AAE19F55,$00A12B40]
    CONST$00CA2110 k18 't_cj2ybr_01c' [h=45612862,$00987460]
    CONST$00CA2118 k19 'gameflow_Bridge_NW_bridge_village_01_Destroyed' [h=DF5ED628,$00A36BC0]
    CONST$00CA2120 k20 't_village_01c' [h=5BABB560,$009C4D00]
    CONST$00CA2128 k21 't_village_06c' [h=836B26FD,$0099DBE0]
    CONST$00CA2130 k22 'gameflow_Bridge_NW_bridge_village_02_Destroyed' [h=52F0EB8F,$00A36B80]
    CONST$00CA2138 k23 'bridge_village_02' [h=30F4C7C7,$00A12B00]
    CONST$00CA2140 k24 't_village_05c' [h=3E2D2310,$00987540]
    CONST$00CA2148 k25 'gameflow_Bridge_NW_bridge_ybw2vil_Destroyed' [h=48581417,$00A36C40]
    CONST$00CA2150 k26 'bridge_ybw2vil_01' [h=6A963859,$00A12AC0]
    CONST$00CA2158 k27 't_ybw2vil_02c' [h=4089F175,$009874E0]
    CONST$00CA2160 k28 'gameflow_Bridge_NW_bridge_temple_Destroyed' [h=CB42C366,$00A36D40]
    CONST$00CA2168 k29 'bridge_temple_01' [h=2F977EA5,$00A12A80]
    CONST$00CA2170 k30 'gameflow_Bridge_NW_bridge_ku2ybd_Destroyed' [h=47743DD5,$00A36A80]
    CONST$00CA2178 k31 'bridge_ku2ybd_01' [h=2383A54D,$00A12A40]
    CONST$00CA2180 k32 't_ku2ybd_01c' [h=262EA349,$00987480]
    CONST$00CA2188 k33 'gameflow_Bridge_SW_nmp2nab_Destroyed' [h=8B8F2660,$00A36E40]
    CONST$00CA2190 k34 'gameflow_Bridge_SW_pyn2pyd_Destroyed' [h=6B0719A9,$00A36EC0]
    CONST$00CA2198 k35 'gameflow_Bridge_SW_pyd2pye_Destroyed' [h=DF8F8D38,$00A36DC0]
    CONST$00CA21A0 k36 'gameflow_Bridge_SW_pyd2srw_Destroyed' [h=0138648D,$00A36F00]
    CONST$00CA21A8 k37 'gameflow_Bridge_SW_2dmz_Destroyed' [h=2319C6CA,$00A36D00]
    CONST$00CA21B0 k38 'collectgarbage' [h=7631F05C,$00991000]
    CODE $00CFD2C0
      000 00000003   LOADNIL r0 ... r0
      001 00000007 SETGLOBAL r0 ->> _G[k0 ('gameflow_Bridge_NW_Setup' [h=40553D69,$00A37BC0])]
      002 00000045 GETGLOBAL r0 := _G[k1 ('Actor_GetPosition' [h=F7E6F403,$009DC400])]
      003 01000081     LOADK r1 := k2 ('loc_bridge_village_01' [h=4084769D,$00A367C0])
      004 00010119      CALL r0 (1 args) => 3 results
      005 030000C5 GETGLOBAL r3 := _G[k3 ('Actor_GetYaw' [h=4E977D3A,$00977880])]
      006 04000081     LOADK r4 := k2 ('loc_bridge_village_01' [h=4084769D,$00A367C0])
      007 03010099      CALL r3 (1 args) => 1 results
      008 04000105 GETGLOBAL r4 := _G[k4 ('Mission_Spawn' [h=59A02AE9,$0098E260])]
      009 05000141     LOADK r5 := k5 ('template_bridge_village' [h=251C8D88,$00A12C40])
      010 06000181     LOADK r6 := k6 ('bridge_village_01' [h=991E5E45,$00A12C00])
      011 07000000      MOVE r7 := r0
      012 08008000      MOVE r8 := r1
      013 09010000      MOVE r9 := r2
      014 0A018011       UNM r10 := -r3
      015 04038059      CALL r4 (6 args) => 0 results
      016 040001C5 GETGLOBAL r4 := _G[k7 ('gameflow_Bridge_Setup' [h=FDB319FC,$00A37240])]
      017 05000201     LOADK r5 := k8 ('gameflow_Bridge_NW_ddg2sdk_Destroyed' [h=2F21657A,$00A36CC0])
      018 0602000A  NEWTABLE r6 := {} (#a=4, #h=0)
      019 07000241     LOADK r7 := k9 ('bridge_ddg2sdk_01' [h=8D4B24D9,$00A12D00])
      020 08000281     LOADK r8 := k10 ('bridge_ddg2sdk_02' [h=42274155,$00A12C80])
      021 090002C1     LOADK r9 := k11 ('bridge_ddg2sdk_03' [h=4AB4A7B7,$00A12CC0])
      022 0A000301     LOADK r10 := k12 ('bridge_ddg2sdk_04' [h=CBE1F6B4,$00A12BC0])
      023 060000DF   SETLIST r6 [3]
      024 04018059      CALL r4 (2 args) => 0 results
      025 040001C5 GETGLOBAL r4 := _G[k7 ('gameflow_Bridge_Setup' [h=FDB319FC,$00A37240])]
      026 05000341     LOADK r5 := k13 ('gameflow_Bridge_NW_tmn2ku_Destroyed' [h=8F59C0D4,$00A36C80])
      027 0600800A  NEWTABLE r6 := {} (#a=1, #h=0)
      028 07000381     LOADK r7 := k14 ('bridge_tmn2ku_01' [h=B57872B9,$00A12B80])
      029 0600001F   SETLIST r6 [0]
      030 0700800A  NEWTABLE r7 := {} (#a=1, #h=0)
      031 080003C1     LOADK r8 := k15 ('t_tmn2ku_01c' [h=A1E6DD24,$009A46C0])
      032 0700001F   SETLIST r7 [0]
      033 04020059      CALL r4 (3 args) => 0 results
      034 040001C5 GETGLOBAL r4 := _G[k7 ('gameflow_Bridge_Setup' [h=FDB319FC,$00A37240])]
      035 05000401     LOADK r5 := k16 ('gameflow_Bridge_NW_cj2ybr_Destroyed' [h=6DD2032A,$00A36E00])
      036 0600800A  NEWTABLE r6 := {} (#a=1, #h=0)
      037 07000441     LOADK r7 := k17 ('bridge_cj2ybr_01' [h=AAE19F55,$00A12B40])
      038 0600001F   SETLIST r6 [0]
      039 0700800A  NEWTABLE r7 := {} (#a=1, #h=0)
      040 08000481     LOADK r8 := k18 ('t_cj2ybr_01c' [h=45612862,$00987460])
      041 0700001F   SETLIST r7 [0]
      042 04020059      CALL r4 (3 args) => 0 results
      043 040001C5 GETGLOBAL r4 := _G[k7 ('gameflow_Bridge_Setup' [h=FDB319FC,$00A37240])]
      044 050004C1     LOADK r5 := k19 ('gameflow_Bridge_NW_bridge_village_01_Destroyed' [h=DF5ED628,$00A36BC0])
      045 0600800A  NEWTABLE r6 := {} (#a=1, #h=0)
      046 07000181     LOADK r7 := k6 ('bridge_village_01' [h=991E5E45,$00A12C00])
      047 0600001F   SETLIST r6 [0]
      048 0701000A  NEWTABLE r7 := {} (#a=2, #h=0)
      049 08000501     LOADK r8 := k20 ('t_village_01c' [h=5BABB560,$009C4D00])
      050 09000541     LOADK r9 := k21 ('t_village_06c' [h=836B26FD,$0099DBE0])
      051 0700005F   SETLIST r7 [1]
      052 04020059      CALL r4 (3 args) => 0 results
      053 040001C5 GETGLOBAL r4 := _G[k7 ('gameflow_Bridge_Setup' [h=FDB319FC,$00A37240])]
      054 05000581     LOADK r5 := k22 ('gameflow_Bridge_NW_bridge_village_02_Destroyed' [h=52F0EB8F,$00A36B80])
      055 0600800A  NEWTABLE r6 := {} (#a=1, #h=0)
      056 070005C1     LOADK r7 := k23 ('bridge_village_02' [h=30F4C7C7,$00A12B00])
      057 0600001F   SETLIST r6 [0]
      058 0700800A  NEWTABLE r7 := {} (#a=1, #h=0)
      059 08000601     LOADK r8 := k24 ('t_village_05c' [h=3E2D2310,$00987540])
      060 0700001F   SETLIST r7 [0]
      061 04020059      CALL r4 (3 args) => 0 results
      062 040001C5 GETGLOBAL r4 := _G[k7 ('gameflow_Bridge_Setup' [h=FDB319FC,$00A37240])]
      063 05000641     LOADK r5 := k25 ('gameflow_Bridge_NW_bridge_ybw2vil_Destroyed' [h=48581417,$00A36C40])
      064 0600800A  NEWTABLE r6 := {} (#a=1, #h=0)
      065 07000681     LOADK r7 := k26 ('bridge_ybw2vil_01' [h=6A963859,$00A12AC0])
      066 0600001F   SETLIST r6 [0]
      067 0700800A  NEWTABLE r7 := {} (#a=1, #h=0)
      068 080006C1     LOADK r8 := k27 ('t_ybw2vil_02c' [h=4089F175,$009874E0])
      069 0700001F   SETLIST r7 [0]
      070 04020059      CALL r4 (3 args) => 0 results
      071 040001C5 GETGLOBAL r4 := _G[k7 ('gameflow_Bridge_Setup' [h=FDB319FC,$00A37240])]
      072 05000701     LOADK r5 := k28 ('gameflow_Bridge_NW_bridge_temple_Destroyed' [h=CB42C366,$00A36D40])
      073 0600800A  NEWTABLE r6 := {} (#a=1, #h=0)
      074 07000741     LOADK r7 := k29 ('bridge_temple_01' [h=2F977EA5,$00A12A80])
      075 0600001F   SETLIST r6 [0]
      076 04018059      CALL r4 (2 args) => 0 results
      077 040001C5 GETGLOBAL r4 := _G[k7 ('gameflow_Bridge_Setup' [h=FDB319FC,$00A37240])]
      078 05000781     LOADK r5 := k30 ('gameflow_Bridge_NW_bridge_ku2ybd_Destroyed' [h=47743DD5,$00A36A80])
      079 0600800A  NEWTABLE r6 := {} (#a=1, #h=0)
      080 070007C1     LOADK r7 := k31 ('bridge_ku2ybd_01' [h=2383A54D,$00A12A40])
      081 0600001F   SETLIST r6 [0]
      082 0700800A  NEWTABLE r7 := {} (#a=1, #h=0)
      083 08000801     LOADK r8 := k32 ('t_ku2ybd_01c' [h=262EA349,$00987480])
      084 0700001F   SETLIST r7 [0]
      085 04020059      CALL r4 (3 args) => 0 results
      086 04020003   LOADNIL r4 ... r4
      087 04000847 SETGLOBAL r4 ->> _G[k33 ('gameflow_Bridge_SW_nmp2nab_Destroyed' [h=8B8F2660,$00A36E40])]
      088 04020003   LOADNIL r4 ... r4
      089 04000887 SETGLOBAL r4 ->> _G[k34 ('gameflow_Bridge_SW_pyn2pyd_Destroyed' [h=6B0719A9,$00A36EC0])]
      090 04020003   LOADNIL r4 ... r4
      091 040008C7 SETGLOBAL r4 ->> _G[k35 ('gameflow_Bridge_SW_pyd2pye_Destroyed' [h=DF8F8D38,$00A36DC0])]
      092 04020003   LOADNIL r4 ... r4
      093 04000907 SETGLOBAL r4 ->> _G[k36 ('gameflow_Bridge_SW_pyd2srw_Destroyed' [h=0138648D,$00A36F00])]
      094 04020003   LOADNIL r4 ... r4
      095 04000947 SETGLOBAL r4 ->> _G[k37 ('gameflow_Bridge_SW_2dmz_Destroyed' [h=2319C6CA,$00A36D00])]
      096 04020003   LOADNIL r4 ... r4
      097 040001C7 SETGLOBAL r4 ->> _G[k7 ('gameflow_Bridge_Setup' [h=FDB319FC,$00A37240])]
      098 04000985 GETGLOBAL r4 := _G[k38 ('collectgarbage' [h=7631F05C,$00991000])]
      099 04008059      CALL r4 (0 args) => 0 results
      100 0000801B    RETURN r0 ... r-1
  [Node$01CA9BDC] 'DeinitBouncerMoodReaction' [h=30098D6B,$00A39400]: function$009ABEC0 'DeinitBouncerMoodReaction' [h=30098D6B,$00A39400]
    CONST$00A96940 k0  'pairs' [h=12CC6B12,$009906A0]
    CONST$00A96948 k1  'bouncers' [h=5D6099E4,$00981180]
    CONST$00A96950 k2  'relativeTimerEventHandle' [h=79E69B9C,$00A39800]
    CONST$00A96958 k3  nil
    CONST$00A96960 k4  'Event_CancelEvent' [h=D8960070,$00A08280]
    CONST$00A96968 k5  'DetermineBouncerFaction' [h=C4B03EBE,$00A39480]
    CONST$00A96970 k6  'assert' [h=92EA3D15,$00991340]
    CONST$00A96978 k7  'DeinitBouncerMoodReaction: bouncer faction invalid' [h=927D26CC,$00AA8DC0]
    CONST$00A96980 k8  'ace' [h=00032097,$009A4E60]
    CONST$00A96988 k9  'proximityEventHandle' [h=789827D9,$00A39980]
    CONST$00A96990 k10 'Event_ActorToActorProximity' [h=33FEE622,$009DED80]
    CONST$00A96998 k11 'InitBouncerMoodReaction' [h=F293DF3E,$00A39880]
    CONST$00A969A0 k12 'b' [h=00000083,$009960C0]
    CONST$00A969A8 k13 'player0' [h=316752BF,$009A6AC0]
    CONST$00A969B0 k14 15.0
    CONST$00A969B8 k15 'TRUE' [h=0067B195,$0098F4C0]
    CODE $00BA0DC0
      000 02000005 GETGLOBAL r2 := _G[k0 ('pairs' [h=12CC6B12,$009906A0])]
      001 03000045 GETGLOBAL r3 := _G[k1 ('bouncers' [h=5D6099E4,$00981180])]
      002 02010159      CALL r2 (1 args) => 4 results
      003 0280031E  TFORPREP WIP
      004 06000045 GETGLOBAL r6 := _G[k1 ('bouncers' [h=5D6099E4,$00981180])]
      005 06030106  GETTABLE r6 := r6[r4]
      006 06033F06  GETTABLE r6 := r6[k2 ('relativeTimerEventHandle' [h=79E69B9C,$00A39800])]
      007 01033F55       BNE r6 != k3 (nil)
      008 008001D4       JMP +8 ; 17
      009 06000045 GETGLOBAL r6 := _G[k1 ('bouncers' [h=5D6099E4,$00981180])]
      010 06030106  GETTABLE r6 := r6[r4]
      011 07000105 GETGLOBAL r7 := _G[k4 ('Event_CancelEvent' [h=D8960070,$00A08280])]
      012 08000045 GETGLOBAL r8 := _G[k1 ('bouncers' [h=5D6099E4,$00981180])]
      013 08040106  GETTABLE r8 := r8[r4]
      014 08043F06  GETTABLE r8 := r8[k2 ('relativeTimerEventHandle' [h=79E69B9C,$00A39800])]
      015 07010099      CALL r7 (1 args) => 1 results
      016 067E01C9  SETTABLE r7 ->> r6[k2 ('relativeTimerEventHandle' [h=79E69B9C,$00A39800])]
      017 0200005D  TFORLOOP WIP
      018 007FFC14       JMP -15 ; 4
      019 02000145 GETGLOBAL r2 := _G[k5 ('DetermineBouncerFaction' [h=C4B03EBE,$00A39480])]
      020 03008000      MOVE r3 := r1
      021 020100D9      CALL r2 (1 args) => 2 results
      022 04000185 GETGLOBAL r4 := _G[k6 ('assert' [h=92EA3D15,$00991340])]
      023 05010000      MOVE r5 := r2
      024 060001C1     LOADK r6 := k7 ('DeinitBouncerMoodReaction: bouncer faction invalid' [h=927D26CC,$00AA8DC0])
      025 04018059      CALL r4 (2 args) => 0 results
      026 04020003   LOADNIL r4 ... r4
      027 03018018      TEST not r3: r3 := r3 ; or skip
      028 00800054       JMP +2 ; 31
      029 04000201     LOADK r4 := k8 ('ace' [h=00032097,$009A4E60])
      030 00800014       JMP +1 ; 32
      031 04010000      MOVE r4 := r2
      032 05000045 GETGLOBAL r5 := _G[k1 ('bouncers' [h=5D6099E4,$00981180])]
      033 05028106  GETTABLE r5 := r5[r4]
      034 06000285 GETGLOBAL r6 := _G[k10 ('Event_ActorToActorProximity' [h=33FEE622,$009DED80])]
      035 070002C1     LOADK r7 := k11 ('InitBouncerMoodReaction' [h=F293DF3E,$00A39880])
      036 08000301     LOADK r8 := k12 ('b' [h=00000083,$009960C0])
      037 09000341     LOADK r9 := k13 ('player0' [h=316752BF,$009A6AC0])
      038 0A008000      MOVE r10 := r1
      039 0B000381     LOADK r11 := k14 (15.0)
      040 0C0003C5 GETGLOBAL r12 := _G[k15 ('TRUE' [h=0067B195,$0098F4C0])]
      041 06038099      CALL r6 (6 args) => 1 results
      042 05818189  SETTABLE r6 ->> r5[k9 ('proximityEventHandle' [h=789827D9,$00A39980])]
      043 0000801B    RETURN r0 ... r-1
  [Node$01CA9C18] 'UTIL_TOURGUID_LOADED' [h=3828656E,$009F71C0]: True
  [Node$01CA9C2C] 'tSW_Challenge_Race_HQs2HQm_01' [h=34E6356F,$009D6780]: table$009951A0[a=0,h=32]
  [Node$01CA9C7C] 'challenge_CommonClockInit' [h=091FE573,$009DBE80]: function$0097A1A0[1] 'challenge_CommonClockInit' [h=091FE573,$009DBE80]
    CONST$00B92000 k0  'HUD_LUA_LOADED' [h=FFAE7E81,$0099B340]
    CONST$00B92008 k1  nil
    CONST$00B92010 k2  'Utility_LoadUtilityScript' [h=08CA6B86,$009DD4C0]
    CONST$00B92018 k3  'hud' [h=00033799,$0097CDC0]
    CONST$00B92020 k4  'HUD_AddTrayDisplay' [h=B534FC20,$009D86C0]
    CONST$00B92028 k5  'DisplayClock' [h=1354F8F7,$009871E0]
    CONST$00B92030 k6  'nObjStyle' [h=5AFF6FFA,$00988100]
    CONST$00B92038 k7  'HUD' [h=0002D11F,$0097A120]
    CONST$00B92040 k8  'STYLE' [h=0E4B9F5C,$009A91E0]
    CONST$00B92048 k9  'ATTACK' [h=1D0803FF,$00979740]
    CONST$00B92050 k10 'nStart' [h=91719F64,$009A89A0]
    CONST$00B92058 k11 'nLimit' [h=92C80887,$00978F40]
    CONST$00B92060 k12 0.0
    CONST$00B92068 k13 'funcCallbackOnUpdate' [h=48A47821,$009CEB40]
    CONST$00B92070 k14 'funcCallBackOnTimeUp' [h=7607C52A,$00A02200]
    CONST$00B92078 k15 'fCallback' [h=C204E03D,$009C3AA0]
    CONST$00B92080 k16 'challenge_CommonClockCallback' [h=ABB9473F,$009D79C0]
    CONST$00B92088 k17 'nWarn' [h=106342B6,$0099FEC0]
    CONST$00B92090 k18 60.0
    CONST$00B92098 k19 'nFlash' [h=9FE3A0DA,$00977780]
    CONST$00B920A0 k20 30.0
    CONST$00B920A8 k21 'bNoLineBreak' [h=642AC219,$009C7FC0]
    CONST$00B920B0 k22 'nStartBeeping' [h=E55664EE,$00999D00]
    CODE $00BA58C0
      000 01000005 GETGLOBAL r1 := _G[k0 ('HUD_LUA_LOADED' [h=FFAE7E81,$0099B340])]
      001 0000BED5       BEQ r1 == k1 (nil)
      002 00800094       JMP +3 ; 6
      003 01000085 GETGLOBAL r1 := _G[k2 ('Utility_LoadUtilityScript' [h=08CA6B86,$009DD4C0])]
      004 020000C1     LOADK r2 := k3 ('hud' [h=00033799,$0097CDC0])
      005 01010059      CALL r1 (1 args) => 0 results
      006 01000105 GETGLOBAL r1 := _G[k4 ('HUD_AddTrayDisplay' [h=B534FC20,$009D86C0])]
      007 0200800A  NEWTABLE r2 := {} (#a=1, #h=0)
      008 0300010A  NEWTABLE r3 := {} (#a=0, #h=4)
      009 04008002  LOADBOOL r4 := True
      010 037F8109  SETTABLE r4 ->> r3[k5 ('DisplayClock' [h=1354F8F7,$009871E0])]
      011 040001C5 GETGLOBAL r4 := _G[k7 ('HUD' [h=0002D11F,$0097A120])]
      012 04024086  GETTABLE r4 := r4[k8 ('STYLE' [h=0E4B9F5C,$009A91E0])]
      013 040240C6  GETTABLE r4 := r4[k9 ('ATTACK' [h=1D0803FF,$00979740])]
      014 03800109  SETTABLE r4 ->> r3[k6 ('nObjStyle' [h=5AFF6FFA,$00988100])]
      015 04004106  GETTABLE r4 := r0[k10 ('nStart' [h=91719F64,$009A89A0])]
      016 03820109  SETTABLE r4 ->> r3[k10 ('nStart' [h=91719F64,$009A89A0])]
      017 0382C189  SETTABLE k12 (0.0) ->> r3[k11 ('nLimit' [h=92C80887,$00978F40])]
      018 040041C6  GETTABLE r4 := r0[k13 ('funcCallbackOnUpdate' [h=48A47821,$009CEB40])]
      019 03838109  SETTABLE r4 ->> r3[k13 ('funcCallbackOnUpdate' [h=48A47821,$009CEB40])]
      020 04004206  GETTABLE r4 := r0[k14 ('funcCallBackOnTimeUp' [h=7607C52A,$00A02200])]
      021 03840109  SETTABLE r4 ->> r3[k14 ('funcCallBackOnTimeUp' [h=7607C52A,$00A02200])]
      022 04000405 GETGLOBAL r4 := _G[k16 ('challenge_CommonClockCallback' [h=ABB9473F,$009D79C0])]
      023 03848109  SETTABLE r4 ->> r3[k15 ('fCallback' [h=C204E03D,$009C3AA0])]
      024 040042C6  GETTABLE r4 := r0[k17 ('nWarn' [h=106342B6,$0099FEC0])]
      025 04020058      TEST r4: r4 := r4 ; or skip
      026 00800014       JMP +1 ; 28
      027 04000481     LOADK r4 := k18 (60.0)
      028 03858109  SETTABLE r4 ->> r3[k17 ('nWarn' [h=106342B6,$0099FEC0])]
      029 04004346  GETTABLE r4 := r0[k19 ('nFlash' [h=9FE3A0DA,$00977780])]
      030 04020058      TEST r4: r4 := r4 ; or skip
      031 00800014       JMP +1 ; 33
      032 04000501     LOADK r4 := k20 (30.0)
      033 03868109  SETTABLE r4 ->> r3[k19 ('nFlash' [h=9FE3A0DA,$00977780])]
      034 040043C6  GETTABLE r4 := r0[k21 ('bNoLineBreak' [h=642AC219,$009C7FC0])]
      035 03878109  SETTABLE r4 ->> r3[k21 ('bNoLineBreak' [h=642AC219,$009C7FC0])]
      036 04004406  GETTABLE r4 := r0[k22 ('nStartBeeping' [h=E55664EE,$00999D00])]
      037 03880109  SETTABLE r4 ->> r3[k22 ('nStartBeeping' [h=E55664EE,$00999D00])]
      038 0200001F   SETLIST r2 [0]
      039 01010099      CALL r1 (1 args) => 1 results
      040 01000008  SETUPVAL r1 ->> UV[0]
      041 01000004  GETUPVAL r1 := u0
      042 0101001B    RETURN r1 ... r1
      043 0000801B    RETURN r0 ... r-1
  [Node$01CA9CA4] 'SW_challenge_Race01_WaitForReinitOpportunity' [h=6807BD75,$00A2B000]: function$009A3260 'SW_challenge_Race01_WaitForReinitOpportunity' [h=6807BD75,$00A2B000]
    CONST$00962DC0 k0  'challenge_Recycler_WaitForReinitOpportunity' [h=E437AA1D,$009E6000]
    CONST$00962DC8 k1  'tSW_Challenge_Race01' [h=913D041D,$009D3D40]
    CODE $00962DB0
      000 00000005 GETGLOBAL r0 := _G[k0 ('challenge_Recycler_WaitForReinitOpportunity' [h=E437AA1D,$009E6000])]
      001 01000045 GETGLOBAL r1 := _G[k1 ('tSW_Challenge_Race01' [h=913D041D,$009D3D40])]
      002 00010059      CALL r0 (1 args) => 0 results
      003 0000801B    RETURN r0 ... r-1
  [Node$01CA9CB8] 'loc_ff3045_n' [h=E18FB576,$009A1760]: table$0099EA00[a=8,h=1]
  [Node$01CA9CF4] 'util_SetupSingleTargetLocationObjective' [h=38186579,$00A38700]: function$0099CC00 'util_SetupSingleTargetLocationObjective' [h=38186579,$00A38700]
    CONST$00A38780 k0  'util_SetDefault' [h=3072A05A,$009A7800]
    CONST$00A38788 k1  'TRUE' [h=0067B195,$0098F4C0]
    CONST$00A38790 k2  'FALSE' [h=0E4B730F,$009965C0]
    CONST$00A38798 k3  'blip' [h=007EFB0F,$0097EE80]
    CONST$00A387A0 k4  'Objective_SetShortDescription' [h=3CB3128C,$00A3FE00]
    CONST$00A387A8 k5  'Objective_SetType' [h=7BC600A9,$00A112C0]
    CONST$00A387B0 k6  'Objective_SetTargetActor' [h=A04E11C0,$00A0BA80]
    CODE $00B94880
      000 0A000005 GETGLOBAL r10 := _G[k0 ('util_SetDefault' [h=3072A05A,$009A7800])]
      001 0B030000      MOVE r11 := r6
      002 0C000045 GETGLOBAL r12 := _G[k1 ('TRUE' [h=0067B195,$0098F4C0])]
      003 0A018099      CALL r10 (2 args) => 1 results
      004 06050000      MOVE r6 := r10
      005 0A000005 GETGLOBAL r10 := _G[k0 ('util_SetDefault' [h=3072A05A,$009A7800])]
      006 0B038000      MOVE r11 := r7
      007 0C000045 GETGLOBAL r12 := _G[k1 ('TRUE' [h=0067B195,$0098F4C0])]
      008 0A018099      CALL r10 (2 args) => 1 results
      009 07050000      MOVE r7 := r10
      010 0A000005 GETGLOBAL r10 := _G[k0 ('util_SetDefault' [h=3072A05A,$009A7800])]
      011 0B040000      MOVE r11 := r8
      012 0C000085 GETGLOBAL r12 := _G[k2 ('FALSE' [h=0E4B730F,$009965C0])]
      013 0A018099      CALL r10 (2 args) => 1 results
      014 08050000      MOVE r8 := r10
      015 0A000005 GETGLOBAL r10 := _G[k0 ('util_SetDefault' [h=3072A05A,$009A7800])]
      016 0B048000      MOVE r11 := r9
      017 0C0000C1     LOADK r12 := k3 ('blip' [h=007EFB0F,$0097EE80])
      018 0A018099      CALL r10 (2 args) => 1 results
      019 09050000      MOVE r9 := r10
      020 0A000105 GETGLOBAL r10 := _G[k4 ('Objective_SetShortDescription' [h=3CB3128C,$00A3FE00])]
      021 0B000000      MOVE r11 := r0
      022 0C008000      MOVE r12 := r1
      023 0A018059      CALL r10 (2 args) => 0 results
      024 0A000145 GETGLOBAL r10 := _G[k5 ('Objective_SetType' [h=7BC600A9,$00A112C0])]
      025 0B000000      MOVE r11 := r0
      026 0C010000      MOVE r12 := r2
      027 0A018059      CALL r10 (2 args) => 0 results
      028 0A000185 GETGLOBAL r10 := _G[k6 ('Objective_SetTargetActor' [h=A04E11C0,$00A0BA80])]
      029 0B000000      MOVE r11 := r0
      030 0C018000      MOVE r12 := r3
      031 0D020000      MOVE r13 := r4
      032 0E028000      MOVE r14 := r5
      033 0F048000      MOVE r15 := r9
      034 10030000      MOVE r16 := r6
      035 11038000      MOVE r17 := r7
      036 12040000      MOVE r18 := r8
      037 0A048059      CALL r10 (8 args) => 0 results
      038 0000801B    RETURN r0 ... r-1
  [Node$01CA9D1C] 'Ai_EnableHornResponse' [h=FF72DD7B,$009FCAC0]: cfunction$002F7520 'Ai_EnableHornResponse' [h=FF72DD7B,$009FCAC0]
  [Node$01CA9D44] 'Event_AiCommandStatus' [h=A9E3357D,$00A080C0]: cfunction$002BC150 'Event_AiCommandStatus' [h=A9E3357D,$00A080C0]
  [Node$01CA9D58] 'Ai_Land' [h=2CF2957E,$0098E4E0]: cfunction$002B1DD0 'Ai_Land' [h=2CF2957E,$0098E4E0]
  [Node$01CA9D6C] 'loc_ff4342_v_n' [h=91B93D7F,$009847E0]: table$00979020[a=2,h=1]
  [Node$01CA9D94] 'Event_PlayerEnteredDangerZone' [h=925BF581,$009DB880]: cfunction$002BDD70 'Event_PlayerEnteredDangerZone' [h=925BF581,$009DB880]
  [Node$01CA9DF8] 'challenge_CommonInit' [h=E98E2D86,$00A0E400]: function$0098BA80 'challenge_CommonInit' [h=E98E2D86,$00A0E400]
    CONST$00A09E40 k0  'Utility_LoadUtilityScript' [h=08CA6B86,$009DD4C0]
    CONST$00A09E48 k1  'challenge_tools' [h=E2F385AC,$00994440]
    CONST$00A09E50 k2  'Utility_WriteNumberToScribbleMemory' [h=DCF55147,$009DC740]
    CONST$00A09E58 k3  'challenge_accepted' [h=384407E4,$00A3B5C0]
    CONST$00A09E60 k4  1.0
    CODE $0099A760
      000 00000005 GETGLOBAL r0 := _G[k0 ('Utility_LoadUtilityScript' [h=08CA6B86,$009DD4C0])]
      001 01000041     LOADK r1 := k1 ('challenge_tools' [h=E2F385AC,$00994440])
      002 00010059      CALL r0 (1 args) => 0 results
      003 00000085 GETGLOBAL r0 := _G[k2 ('Utility_WriteNumberToScribbleMemory' [h=DCF55147,$009DC740])]
      004 010000C1     LOADK r1 := k3 ('challenge_accepted' [h=384407E4,$00A3B5C0])
      005 02000101     LOADK r2 := k4 (1.0)
      006 00018059      CALL r0 (2 args) => 0 results
      007 0000801B    RETURN r0 ... r-1
  [Node$01CA9E84] 'Actor_PlayHumanAnimationByHandle' [h=5013058D,$009DC380]: cfunction$002ADDE0 'Actor_PlayHumanAnimationByHandle' [h=5013058D,$009DC380]
  [Node$01CA9E98] 'SetupEventBoundaryStatusChange' [h=ED41BD8E,$00A3A500]: function$00996BC0 'SetupEventBoundaryStatusChange' [h=ED41BD8E,$00A3A500]
    CONST$0098E900 k0  'Event_ActorInBoundary' [h=5BF73290,$009D5540]
    CONST$0098E908 k1  'BoundaryStatusChange' [h=1F8A2986,$00A3A780]
    CONST$0098E910 k2  'b' [h=00000083,$009960C0]
    CODE $00A3A580
      000 03000005 GETGLOBAL r3 := _G[k0 ('Event_ActorInBoundary' [h=5BF73290,$009D5540])]
      001 04000041     LOADK r4 := k1 ('BoundaryStatusChange' [h=1F8A2986,$00A3A780])
      002 05000081     LOADK r5 := k2 ('b' [h=00000083,$009960C0])
      003 06000000      MOVE r6 := r0
      004 07008000      MOVE r7 := r1
      005 08010000      MOVE r8 := r2
      006 0303001A  TAILCALL r3 (5 args)
      007 0300001B    RETURN r3 ... r1
      008 0000801B    RETURN r0 ... r-1
  [Node$01CA9F10] 'table_AppendTable' [h=60267D94,$009E6040]: function$00998880 'table_AppendTable' [h=60267D94,$009E6040]
    CONST$0099CA00 k0  'type' [h=0070EF71,$00990720]
    CONST$0099CA08 k1  'table' [h=10F2114B,$00979B40]
    CONST$0099CA10 k2  'insert' [h=92EA3D93,$0099E280]
    CONST$0099CA18 k3  nil
    CODE $00AA9C40
      000 02000005 GETGLOBAL r2 := _G[k0 ('type' [h=0070EF71,$00990720])]
      001 03008000      MOVE r3 := r1
      002 02010099      CALL r2 (1 args) => 1 results
      003 00013ED5       BEQ r2 == k1 ('table' [h=10F2114B,$00979B40])
      004 00800294       JMP +11 ; 16
      005 02008000      MOVE r2 := r1
      006 03028003   LOADNIL r3 ... r5
      007 0280011E  TFORPREP WIP
      008 06000045 GETGLOBAL r6 := _G[k1 ('table' [h=10F2114B,$00979B40])]
      009 06033F06  GETTABLE r6 := r6[k2 ('insert' [h=92EA3D93,$0099E280])]
      010 07000000      MOVE r7 := r0
      011 08028000      MOVE r8 := r5
      012 06018059      CALL r6 (2 args) => 0 results
      013 0200005D  TFORLOOP WIP
      014 007FFE14       JMP -7 ; 8
      015 00800194       JMP +7 ; 23
      016 0100BF55       BNE r1 != k3 (nil)
      017 00800114       JMP +5 ; 23
      018 02000045 GETGLOBAL r2 := _G[k1 ('table' [h=10F2114B,$00979B40])]
      019 02013F06  GETTABLE r2 := r2[k2 ('insert' [h=92EA3D93,$0099E280])]
      020 03000000      MOVE r3 := r0
      021 04008000      MOVE r4 := r1
      022 02018059      CALL r2 (2 args) => 0 results
      023 0001001B    RETURN r0 ... r0
      024 0000801B    RETURN r0 ... r-1
  [Node$01CA9F38] 'loc_ff2922_n' [h=7DDF7596,$009A8000]: table$00982EA0[a=8,h=1]
  [Node$01CA9F74] 'challenge_Recycler_QuestionBox' [h=BB143599,$00A40480]: function$00999440 'challenge_Recycler_QuestionBox' [h=BB143599,$00A40480]
    CONST$00CFA8C0 k0  'bStarterIsSpent' [h=5FEBD8E8,$009C7EE0]
    CONST$00CFA8C8 k1  'util_GetActorClass' [h=4850D37F,$00A3C340]
    CONST$00CFA8D0 k2  'PROP' [h=00772548,$009923A0]
    CONST$00CFA8D8 k3  'Actor_EnableScriptedUse' [h=2140441B,$009FBF80]
    CONST$00CFA8E0 k4  'HUMAN' [h=0EA2600B,$00992320]
    CONST$00CFA8E8 k5  'util_MissionOrChallengeAccepted' [h=6AC79732,$00A3B840]
    CONST$00CFA8F0 k6  'challenge_StarterVO' [h=53D6F9EB,$00A0A940]
    CONST$00CFA8F8 k7  'question' [h=7C781DBB,$009A79A0]
    CONST$00CFA900 k8  '[white]' [h=84E7DAEC,$00980980]
    CONST$00CFA908 k9  '[objt]' [h=5F6BCD9C,$0097E660]
    CONST$00CFA910 k10 '[green]' [h=662DBF34,$0098C8C0]
    CONST$00CFA918 k11 'Utility_GetStringById' [h=F7067A6C,$009D9780]
    CONST$00CFA920 k12 'sQuestionBoxWindowTitleKey' [h=0061E794,$00A00A00]
    CONST$00CFA928 k13 'sQuestionBoxInsideTextKey' [h=FCDCE389,$009E6FC0]
    CONST$00CFA930 k14 '' [h=00000000,$009A78C0]
    CONST$00CFA938 k15 0.0
    CONST$00CFA940 k16 'challenge_QuestionBoxData' [h=C37E003F,$00A3FA80]
    CONST$00CFA948 k17 'challenge_QuestionBoxFactionReward' [h=18A8FE13,$009E2D80]
    CONST$00CFA950 k18 'tGoals' [h=B6E9E608,$00999620]
    CONST$00CFA958 k19 '[challenge.goal.title]' [h=053CF69A,$009D7700]
    CONST$00CFA960 k20 '[challenge.goals.title]' [h=19D8DA76,$00A40540]
    CONST$00CFA968 k21 'tRules' [h=B5794570,$009C3D40]
    CONST$00CFA970 k22 '[challenge.rule.title]' [h=4170278D,$009FCC40]
    CONST$00CFA978 k23 '[challenge.rules.title]' [h=6F9EC2DB,$00A244C0]
    CONST$00CFA980 k24 'tBonuses' [h=F3CC1B12,$009889E0]
    CONST$00CFA988 k25 '[challenge.Bonus.title]' [h=D67C34DB,$00A0E780]
    CONST$00CFA990 k26 '[challenge.Bonuses.title]' [h=B6E61CA6,$00A00BC0]
    CONST$00CFA998 k27 'vReward' [h=18F9995B,$009C6E80]
    CONST$00CFA9A0 k28 nil
    CONST$00CFA9A8 k29 'type' [h=0070EF71,$00990720]
    CONST$00CFA9B0 k30 'function' [h=7C9F9568,$0098F8A0]
    CONST$00CFA9B8 k31 'Global_SetValue' [h=AB0FD37C,$009777E0]
    CONST$00CFA9C0 k32 'nChallenge_Value' [h=E53FCF3A,$009E0D80]
    CONST$00CFA9C8 k33 1.0
    CONST$00CFA9D0 k34 'string' [h=81F98B41,$00980520]
    CONST$00CFA9D8 k35 '[n]' [h=00033A10,$00992680]
    CONST$00CFA9E0 k36 '[challenge.reward] ' [h=7D07B4EF,$00A3FD00]
    CONST$00CFA9E8 k37 'Utility_FormatCurrency' [h=6DAB4AA4,$00A3EDC0]
    CONST$00CFA9F0 k38 'vRewardPost' [h=14C81DE5,$00982180]
    CONST$00CFA9F8 k39 'tostring' [h=787EB105,$00990700]
    CONST$00CFAA00 k40 'tFactionImprove' [h=9D08AFC4,$0099DE80]
    CONST$00CFAA08 k41 '[challenge.factionimprove]' [h=388EDA7B,$009E4B00]
    CONST$00CFAA10 k42 'tFactionHarm' [h=4F9D736D,$0099EF20]
    CONST$00CFAA18 k43 '[challenge.factionharm]' [h=5F0D8908,$00A24400]
    CONST$00CFAA20 k44 'nDeposit' [h=0D68C875,$00988E00]
    CONST$00CFAA28 k45 '[n][challenge.deposit] ' [h=D85934B3,$00A087C0]
    CONST$00CFAA30 k46 'iLevel' [h=62597943,$0099BA60]
    CONST$00CFAA38 k47 3.0
    CONST$00CFAA40 k48 '[challenge.level.' [h=C8EC3832,$00A00880]
    CONST$00CFAA48 k49 '] ' [h=00000CD7,$009AA380]
    CONST$00CFAA50 k50 'Utility_QuestionBox' [h=EE6D60DC,$00A08B00]
    CONST$00CFAA58 k51 'bQuestionBoxPauseGame' [h=10991576,$00A10F40]
    CONST$00CFAA60 k52 'sFuncNameStart' [h=FF54EF6A,$009AA880]
    CONST$00CFAA68 k53 'sFuncNameShow' [h=6964B278,$0097FB80]
    CODE $01AF1800
      000 02008002  LOADBOOL r2 := True
      001 007D0089  SETTABLE r2 ->> r0[k0 ('bStarterIsSpent' [h=5FEBD8E8,$009C7EE0])]
      002 01008018      TEST not r1: r1 := r1 ; or skip
      003 008003D4       JMP +16 ; 20
      004 02000045 GETGLOBAL r2 := _G[k1 ('util_GetActorClass' [h=4850D37F,$00A3C340])]
      005 03008000      MOVE r3 := r1
      006 02010099      CALL r2 (1 args) => 1 results
      007 00013F15       BEQ r2 == k2 ('PROP' [h=00772548,$009923A0])
      008 00800114       JMP +5 ; 14
      009 030000C5 GETGLOBAL r3 := _G[k3 ('Actor_EnableScriptedUse' [h=2140441B,$009FBF80])]
      010 04008000      MOVE r4 := r1
      011 05000002  LOADBOOL r5 := False
      012 03018059      CALL r3 (2 args) => 0 results
      013 00800154       JMP +6 ; 20
      014 00013F95       BEQ r2 == k4 ('HUMAN' [h=0EA2600B,$00992320])
      015 008000D4       JMP +4 ; 20
      016 030000C5 GETGLOBAL r3 := _G[k3 ('Actor_EnableScriptedUse' [h=2140441B,$009FBF80])]
      017 04008000      MOVE r4 := r1
      018 05000002  LOADBOOL r5 := False
      019 03018059      CALL r3 (2 args) => 0 results
      020 02000145 GETGLOBAL r2 := _G[k5 ('util_MissionOrChallengeAccepted' [h=6AC79732,$00A3B840])]
      021 02008099      CALL r2 (0 args) => 1 results
      022 02010058      TEST r2: r2 := r2 ; or skip
      023 00802794       JMP +159 ; 183
      024 02000045 GETGLOBAL r2 := _G[k1 ('util_GetActorClass' [h=4850D37F,$00A3C340])]
      025 03008000      MOVE r3 := r1
      026 02010099      CALL r2 (1 args) => 1 results
      027 00013F15       BEQ r2 == k2 ('PROP' [h=00772548,$009923A0])
      028 00800114       JMP +5 ; 34
      029 030000C5 GETGLOBAL r3 := _G[k3 ('Actor_EnableScriptedUse' [h=2140441B,$009FBF80])]
      030 04008000      MOVE r4 := r1
      031 05000002  LOADBOOL r5 := False
      032 03018059      CALL r3 (2 args) => 0 results
      033 00800154       JMP +6 ; 40
      034 00013F95       BEQ r2 == k4 ('HUMAN' [h=0EA2600B,$00992320])
      035 008000D4       JMP +4 ; 40
      036 030000C5 GETGLOBAL r3 := _G[k3 ('Actor_EnableScriptedUse' [h=2140441B,$009FBF80])]
      037 04008000      MOVE r4 := r1
      038 05000002  LOADBOOL r5 := False
      039 03018059      CALL r3 (2 args) => 0 results
      040 03000185 GETGLOBAL r3 := _G[k6 ('challenge_StarterVO' [h=53D6F9EB,$00A0A940])]
      041 04000000      MOVE r4 := r0
      042 050001C1     LOADK r5 := k7 ('question' [h=7C781DBB,$009A79A0])
      043 03018059      CALL r3 (2 args) => 0 results
      044 03000201     LOADK r3 := k8 ('[white]' [h=84E7DAEC,$00980980])
      045 04000241     LOADK r4 := k9 ('[objt]' [h=5F6BCD9C,$0097E660])
      046 05000201     LOADK r5 := k8 ('[white]' [h=84E7DAEC,$00980980])
      047 06000201     LOADK r6 := k8 ('[white]' [h=84E7DAEC,$00980980])
      048 07000281     LOADK r7 := k10 ('[green]' [h=662DBF34,$0098C8C0])
      049 080002C5 GETGLOBAL r8 := _G[k11 ('Utility_GetStringById' [h=F7067A6C,$009D9780])]
      050 09004186  GETTABLE r9 := r0[k12 ('sQuestionBoxWindowTitleKey' [h=0061E794,$00A00A00])]
      051 08010099      CALL r8 (1 args) => 1 results
      052 09018000      MOVE r9 := r3
      053 0A0041C6  GETTABLE r10 := r0[k13 ('sQuestionBoxInsideTextKey' [h=FCDCE389,$009E6FC0])]
      054 09048293    CONCAT r9 := r9 ... r10
      055 0A000381     LOADK r10 := k14 ('' [h=00000000,$009A78C0])
      056 0B0003C1     LOADK r11 := k15 (0.0)
      057 0C000022   CLOSURE r12 := closure(0, r12...)
      058 0C000407 SETGLOBAL r12 ->> _G[k16 ('challenge_QuestionBoxData' [h=C37E003F,$00A3FA80])]
      059 0C000062   CLOSURE r12 := closure(1, r12...)
      060 00058000      MOVE r0 := r11
      061 0C000447 SETGLOBAL r12 ->> _G[k17 ('challenge_QuestionBoxFactionReward' [h=18A8FE13,$009E2D80])]
      062 0C048000      MOVE r12 := r9
      063 0D000405 GETGLOBAL r13 := _G[k16 ('challenge_QuestionBoxData' [h=C37E003F,$00A3FA80])]
      064 0E004306  GETTABLE r14 := r0[k18 ('tGoals' [h=B6E9E608,$00999620])]
      065 0F020000      MOVE r15 := r4
      066 100004C1     LOADK r16 := k19 ('[challenge.goal.title]' [h=053CF69A,$009D7700])
      067 11000501     LOADK r17 := k20 ('[challenge.goals.title]' [h=19D8DA76,$00A40540])
      068 0D028099      CALL r13 (4 args) => 1 results
      069 0E000405 GETGLOBAL r14 := _G[k16 ('challenge_QuestionBoxData' [h=C37E003F,$00A3FA80])]
      070 0F0043C6  GETTABLE r15 := r0[k21 ('tRules' [h=B5794570,$009C3D40])]
      071 10028000      MOVE r16 := r5
      072 11000581     LOADK r17 := k22 ('[challenge.rule.title]' [h=4170278D,$009FCC40])
      073 120005C1     LOADK r18 := k23 ('[challenge.rules.title]' [h=6F9EC2DB,$00A244C0])
      074 0E028099      CALL r14 (4 args) => 1 results
      075 0F000405 GETGLOBAL r15 := _G[k16 ('challenge_QuestionBoxData' [h=C37E003F,$00A3FA80])]
      076 10004486  GETTABLE r16 := r0[k24 ('tBonuses' [h=F3CC1B12,$009889E0])]
      077 11030000      MOVE r17 := r6
      078 12000641     LOADK r18 := k25 ('[challenge.Bonus.title]' [h=D67C34DB,$00A0E780])
      079 13000681     LOADK r19 := k26 ('[challenge.Bonuses.title]' [h=B6E61CA6,$00A00BC0])
      080 0F028099      CALL r15 (4 args) => 1 results
      081 090603D3    CONCAT r9 := r12 ... r15
      082 0C004546  GETTABLE r12 := r0[k27 ('vReward' [h=18F9995B,$009C6E80])]
      083 01064595       BNE r12 != k28 (nil)
      084 00800A54       JMP +42 ; 127
      085 0C004546  GETTABLE r12 := r0[k27 ('vReward' [h=18F9995B,$009C6E80])]
      086 0D000745 GETGLOBAL r13 := _G[k29 ('type' [h=0070EF71,$00990720])]
      087 0E004546  GETTABLE r14 := r0[k27 ('vReward' [h=18F9995B,$009C6E80])]
      088 0D010099      CALL r13 (1 args) => 1 results
      089 0006C615       BEQ r13 == k30 ('function' [h=7C9F9568,$0098F8A0])
      090 00800094       JMP +3 ; 94
      091 0D060000      MOVE r13 := r12
      092 0D008099      CALL r13 (0 args) => 1 results
      093 0C068000      MOVE r12 := r13
      094 0D0007C5 GETGLOBAL r13 := _G[k31 ('Global_SetValue' [h=AB0FD37C,$009777E0])]
      095 0E000801     LOADK r14 := k32 ('nChallenge_Value' [h=E53FCF3A,$009E0D80])
      096 0F060000      MOVE r15 := r12
      097 0D018059      CALL r13 (2 args) => 0 results
      098 0B05C6CC       ADD r11 := r11 + k33 (1.0)
      099 0D000745 GETGLOBAL r13 := _G[k29 ('type' [h=0070EF71,$00990720])]
      100 0E004546  GETTABLE r14 := r0[k27 ('vReward' [h=18F9995B,$009C6E80])]
      101 0D010099      CALL r13 (1 args) => 1 results
      102 0006C715       BEQ r13 == k34 ('string' [h=81F98B41,$00980520])
      103 00800194       JMP +7 ; 111
      104 0D050000      MOVE r13 := r10
      105 0E0008C1     LOADK r14 := k35 ('[n]' [h=00033A10,$00992680])
      106 0F038000      MOVE r15 := r7
      107 10000901     LOADK r16 := k36 ('[challenge.reward] ' [h=7D07B4EF,$00A3FD00])
      108 11060000      MOVE r17 := r12
      109 0A068453    CONCAT r10 := r13 ... r17
      110 008001D4       JMP +8 ; 119
      111 0D050000      MOVE r13 := r10
      112 0E0008C1     LOADK r14 := k35 ('[n]' [h=00033A10,$00992680])
      113 0F038000      MOVE r15 := r7
      114 10000901     LOADK r16 := k36 ('[challenge.reward] ' [h=7D07B4EF,$00A3FD00])
      115 11000945 GETGLOBAL r17 := _G[k37 ('Utility_FormatCurrency' [h=6DAB4AA4,$00A3EDC0])]
      116 12060000      MOVE r18 := r12
      117 11010099      CALL r17 (1 args) => 1 results
      118 0A068453    CONCAT r10 := r13 ... r17
      119 0D004806  GETTABLE r13 := r0[k38 ('vRewardPost' [h=14C81DE5,$00982180])]
      120 0106C595       BNE r13 != k28 (nil)
      121 00800114       JMP +5 ; 127
      122 0D050000      MOVE r13 := r10
      123 0E0009C5 GETGLOBAL r14 := _G[k39 ('tostring' [h=787EB105,$00990700])]
      124 0F004806  GETTABLE r15 := r0[k38 ('vRewardPost' [h=14C81DE5,$00982180])]
      125 0E010099      CALL r14 (1 args) => 1 results
      126 0A068393    CONCAT r10 := r13 ... r14
      127 0C050000      MOVE r12 := r10
      128 0D000445 GETGLOBAL r13 := _G[k17 ('challenge_QuestionBoxFactionReward' [h=18A8FE13,$009E2D80])]
      129 0E004886  GETTABLE r14 := r0[k40 ('tFactionImprove' [h=9D08AFC4,$0099DE80])]
      130 0F038000      MOVE r15 := r7
      131 10000A41     LOADK r16 := k41 ('[challenge.factionimprove]' [h=388EDA7B,$009E4B00])
      132 0D020099      CALL r13 (3 args) => 1 results
      133 0E000445 GETGLOBAL r14 := _G[k17 ('challenge_QuestionBoxFactionReward' [h=18A8FE13,$009E2D80])]
      134 0F004906  GETTABLE r15 := r0[k42 ('tFactionHarm' [h=4F9D736D,$0099EF20])]
      135 10038000      MOVE r16 := r7
      136 11000AC1     LOADK r17 := k43 ('[challenge.factionharm]' [h=5F0D8908,$00A24400])
      137 0E020099      CALL r14 (3 args) => 1 results
      138 0A060393    CONCAT r10 := r12 ... r14
      139 0C004986  GETTABLE r12 := r0[k44 ('nDeposit' [h=0D68C875,$00988E00])]
      140 01064595       BNE r12 != k28 (nil)
      141 00800214       JMP +9 ; 151
      142 0C004986  GETTABLE r12 := r0[k44 ('nDeposit' [h=0D68C875,$00988E00])]
      143 01064255       BNE r12 != k15 (0.0)
      144 00800154       JMP +6 ; 151
      145 0C000B41     LOADK r12 := k45 ('[n][challenge.deposit] ' [h=D85934B3,$00A087C0])
      146 0D000945 GETGLOBAL r13 := _G[k37 ('Utility_FormatCurrency' [h=6DAB4AA4,$00A3EDC0])]
      147 0E004986  GETTABLE r14 := r0[k44 ('nDeposit' [h=0D68C875,$00988E00])]
      148 0D010099      CALL r13 (1 args) => 1 results
      149 0E050000      MOVE r14 := r10
      150 0A060393    CONCAT r10 := r12 ... r14
      151 0C004A06  GETTABLE r12 := r0[k46 ('iLevel' [h=62597943,$0099BA60])]
      152 01064595       BNE r12 != k28 (nil)
      153 00800494       JMP +19 ; 173
      154 0C004A06  GETTABLE r12 := r0[k46 ('iLevel' [h=62597943,$0099BA60])]
      155 0D000745 GETGLOBAL r13 := _G[k29 ('type' [h=0070EF71,$00990720])]
      156 0E060000      MOVE r14 := r12
      157 0D010099      CALL r13 (1 args) => 1 results
      158 0006C615       BEQ r13 == k30 ('function' [h=7C9F9568,$0098F8A0])
      159 00800094       JMP +3 ; 163
      160 0D060000      MOVE r13 := r12
      161 0D008099      CALL r13 (0 args) => 1 results
      162 0C068000      MOVE r12 := r13
      163 00948316       BLT k47 (3.0) < r12
      164 00800014       JMP +1 ; 166
      165 0C000BC1     LOADK r12 := k47 (3.0)
      166 0D000C01     LOADK r13 := k48 ('[challenge.level.' [h=C8EC3832,$00A00880])
      167 0E0009C5 GETGLOBAL r14 := _G[k39 ('tostring' [h=787EB105,$00990700])]
      168 0F060000      MOVE r15 := r12
      169 0E010099      CALL r14 (1 args) => 1 results
      170 0F000C41     LOADK r15 := k49 ('] ' [h=00000CD7,$009AA380])
      171 10040000      MOVE r16 := r8
      172 08068413    CONCAT r8 := r13 ... r16
      173 0C000C85 GETGLOBAL r12 := _G[k50 ('Utility_QuestionBox' [h=EE6D60DC,$00A08B00])]
      174 0D040000      MOVE r13 := r8
      175 0E048000      MOVE r14 := r9
      176 0F050000      MOVE r15 := r10
      177 0E0703D3    CONCAT r14 := r14 ... r15
      178 0F004B46  GETTABLE r15 := r0[k51 ('bQuestionBoxPauseGame' [h=10991576,$00A10F40])]
      179 10004B86  GETTABLE r16 := r0[k52 ('sFuncNameStart' [h=FF54EF6A,$009AA880])]
      180 11004BC6  GETTABLE r17 := r0[k53 ('sFuncNameShow' [h=6964B278,$0097FB80])]
      181 0C030059      CALL r12 (5 args) => 0 results
      182 02000021     CLOSE r2 ...
      183 0000801B    RETURN r0 ... r-1
  [Node$01CA9FB0] 'Tooltip_ShowTip' [h=52632D9C,$00995940]: function$00994C00[2] 'Tooltip_ShowTip' [h=52632D9C,$00995940]
    CONST$00AC8540 k0  'Tooltip_Debug' [h=7F31FC17,$00980F40]
    CONST$00AC8548 k1  'Tooltip_ShowTip: ' [h=E5C8C43F,$00A0FEC0]
    CONST$00AC8550 k2  ' id=' [h=005FDAA1,$009AB2A0]
    CONST$00AC8558 k3  'tostring' [h=787EB105,$00990700]
    CONST$00AC8560 k4  ' | ' [h=00020460,$009C42C0]
    CONST$00AC8568 k5  'sTitleKey' [h=F0A0390A,$009C7A40]
    CONST$00AC8570 k6  'tBodyKey' [h=3C4986AE,$009860E0]
    CONST$00AC8578 k7  1.0
    CONST$00AC8580 k8  'Event_CancelEvent' [h=D8960070,$00A08280]
    CONST$00AC8588 k9  'eBulletTime' [h=DB717123,$00987C00]
    CONST$00AC8590 k10 'Utility_MessageBox' [h=E0C5D484,$009FB480]
    CONST$00AC8598 k11 'Utility_GetStringById' [h=F7067A6C,$009D9780]
    CONST$00AC85A0 k12 'TRUE' [h=0067B195,$0098F4C0]
    CONST$00AC85A8 k13 'Tooltip_CloseTip' [h=965E429A,$00A0FDC0]
    CONST$00AC85B0 k14 ' DONE' [h=0F6A3C31,$00987B60]
    CODE $00C50B40
      000 00000005 GETGLOBAL r0 := _G[k0 ('Tooltip_Debug' [h=7F31FC17,$00980F40])]
      001 01000041     LOADK r1 := k1 ('Tooltip_ShowTip: ' [h=E5C8C43F,$00A0FEC0])
      002 00010059      CALL r0 (1 args) => 0 results
      003 00000005 GETGLOBAL r0 := _G[k0 ('Tooltip_Debug' [h=7F31FC17,$00980F40])]
      004 01000081     LOADK r1 := k2 (' id=' [h=005FDAA1,$009AB2A0])
      005 020000C5 GETGLOBAL r2 := _G[k3 ('tostring' [h=787EB105,$00990700])]
      006 03000004  GETUPVAL r3 := u0
      007 02010099      CALL r2 (1 args) => 1 results
      008 03000101     LOADK r3 := k4 (' | ' [h=00020460,$009C42C0])
      009 040000C5 GETGLOBAL r4 := _G[k3 ('tostring' [h=787EB105,$00990700])]
      010 05008004  GETUPVAL r5 := u1
      011 06000004  GETUPVAL r6 := u0
      012 05028186  GETTABLE r5 := r5[r6]
      013 0502BFC6  GETTABLE r5 := r5[k5 ('sTitleKey' [h=F0A0390A,$009C7A40])]
      014 04010099      CALL r4 (1 args) => 1 results
      015 05000101     LOADK r5 := k4 (' | ' [h=00020460,$009C42C0])
      016 060000C5 GETGLOBAL r6 := _G[k3 ('tostring' [h=787EB105,$00990700])]
      017 07008004  GETUPVAL r7 := u1
      018 08000004  GETUPVAL r8 := u0
      019 07038206  GETTABLE r7 := r7[r8]
      020 0703C006  GETTABLE r7 := r7[k6 ('tBodyKey' [h=3C4986AE,$009860E0])]
      021 0703C046  GETTABLE r7 := r7[k7 (1.0)]
      022 06010099      CALL r6 (1 args) => 1 results
      023 01008193    CONCAT r1 := r1 ... r6
      024 00010059      CALL r0 (1 args) => 0 results
      025 00000205 GETGLOBAL r0 := _G[k8 ('Event_CancelEvent' [h=D8960070,$00A08280])]
      026 01008004  GETUPVAL r1 := u1
      027 02000004  GETUPVAL r2 := u0
      028 01008086  GETTABLE r1 := r1[r2]
      029 0100C0C6  GETTABLE r1 := r1[k9 ('eBulletTime' [h=DB717123,$00987C00])]
      030 00010059      CALL r0 (1 args) => 0 results
      031 00000285 GETGLOBAL r0 := _G[k10 ('Utility_MessageBox' [h=E0C5D484,$009FB480])]
      032 010002C5 GETGLOBAL r1 := _G[k11 ('Utility_GetStringById' [h=F7067A6C,$009D9780])]
      033 02008004  GETUPVAL r2 := u1
      034 03000004  GETUPVAL r3 := u0
      035 020100C6  GETTABLE r2 := r2[r3]
      036 02013FC6  GETTABLE r2 := r2[k5 ('sTitleKey' [h=F0A0390A,$009C7A40])]
      037 01010099      CALL r1 (1 args) => 1 results
      038 020002C5 GETGLOBAL r2 := _G[k11 ('Utility_GetStringById' [h=F7067A6C,$009D9780])]
      039 03008004  GETUPVAL r3 := u1
      040 04000004  GETUPVAL r4 := u0
      041 03018106  GETTABLE r3 := r3[r4]
      042 0301C006  GETTABLE r3 := r3[k6 ('tBodyKey' [h=3C4986AE,$009860E0])]
      043 0301C046  GETTABLE r3 := r3[k7 (1.0)]
      044 02010099      CALL r2 (1 args) => 1 results
      045 03000305 GETGLOBAL r3 := _G[k12 ('TRUE' [h=0067B195,$0098F4C0])]
      046 04000341     LOADK r4 := k13 ('Tooltip_CloseTip' [h=965E429A,$00A0FDC0])
      047 00028059      CALL r0 (4 args) => 0 results
      048 00000005 GETGLOBAL r0 := _G[k0 ('Tooltip_Debug' [h=7F31FC17,$00980F40])]
      049 01000381     LOADK r1 := k14 (' DONE' [h=0F6A3C31,$00987B60])
      050 00010059      CALL r0 (1 args) => 0 results
      051 0000801B    RETURN r0 ... r-1
  [Node$01CAA014] 'loc_ff3538_v_n' [h=B29CCDA1,$009A4DE0]: table$009A5780[a=2,h=1]
    [0:$009614F0] 'ff3538_v3' [h=85C8A651,$0097F740]
    [1:$009614F8] 'ff3538_v4' [h=91221048,$009C53C0]
  [Node$01CAA050] 'VERB_SUBDUE' [h=9C793DA4,$0099A360]: 8.0
  [Node$01CAA064] 'table_FindElementKey' [h=CA5025A5,$00A081C0]: function$00989500 'table_FindElementKey' [h=CA5025A5,$00A081C0]
    CODE $009F8E00
      000 02000000      MOVE r2 := r0
      001 03028003   LOADNIL r3 ... r5
      002 0280009E  TFORPREP WIP
      003 00028055       BEQ r5 == r1
      004 00800014       JMP +1 ; 6
      005 0401001B    RETURN r4 ... r4
      006 0200005D  TFORLOOP WIP
      007 007FFE94       JMP -5 ; 3
      008 02010003   LOADNIL r2 ... r2
      009 0201001B    RETURN r2 ... r2
      010 0000801B    RETURN r0 ... r-1
  [Node$01CAA08C] 'Traffic_SetZoneCoolDownTimer' [h=97E775A7,$009DE2C0]: cfunction$002A22D8 'Traffic_SetZoneCoolDownTimer' [h=97E775A7,$009DE2C0]
  [Node$01CAA0A0] 'challenge_deliver_prp_01_End' [h=999EB5A8,$00A24B80]: function$0097D8E0 'challenge_deliver_prp_01_End' [h=999EB5A8,$00A24B80]
    CONST$00957830 k0  'challenge_Recycler_End' [h=F30AB795,$009E4CC0]
    CONST$00957838 k1  'tSW_challenge_deliver_prp_01' [h=34C59E4F,$009F2940]
    CODE $00957850
      000 00000005 GETGLOBAL r0 := _G[k0 ('challenge_Recycler_End' [h=F30AB795,$009E4CC0])]
      001 01000045 GETGLOBAL r1 := _G[k1 ('tSW_challenge_deliver_prp_01' [h=34C59E4F,$009F2940])]
      002 00010059      CALL r0 (1 args) => 0 results
      003 0000801B    RETURN r0 ... r-1
  [Node$01CAA0B4] 'Camera_SetInterestPosition' [h=65E57DA9,$00A10DC0]: cfunction$002A5928 'Camera_SetInterestPosition' [h=65E57DA9,$00A10DC0]
  [Node$01CAA140] 'util_Mission_SpawnAtLocation' [h=D7EB7DB0,$009FFA40]: function$009A0FC0 'util_Mission_SpawnAtLocation' [h=D7EB7DB0,$009FFA40]
    CONST$00A3B780 k0  'Location_GetPosition' [h=A933ECC8,$00A108C0]
    CONST$00A3B788 k1  'Location_GetYaw' [h=888B12C2,$009C71A0]
    CONST$00A3B790 k2  180.0
    CONST$00A3B798 k3  'Actor_Remove' [h=3657B3EC,$00977B00]
    CONST$00A3B7A0 k4  'Mission_Spawn' [h=59A02AE9,$0098E260]
    CODE $00B2B2C0
      000 05000005 GETGLOBAL r5 := _G[k0 ('Location_GetPosition' [h=A933ECC8,$00A108C0])]
      001 06010000      MOVE r6 := r2
      002 05010119      CALL r5 (1 args) => 3 results
      003 08000045 GETGLOBAL r8 := _G[k1 ('Location_GetYaw' [h=888B12C2,$009C71A0])]
      004 09010000      MOVE r9 := r2
      005 08010099      CALL r8 (1 args) => 1 results
      006 08040011       UNM r8 := -r8
      007 09008002  LOADBOOL r9 := True
      008 00018255       BEQ r3 == r9
      009 00800014       JMP +1 ; 11
      010 08043F0C       ADD r8 := r8 + k2 (180.0)
      011 04020018      TEST not r4: r4 := r4 ; or skip
      012 00800094       JMP +3 ; 16
      013 090000C5 GETGLOBAL r9 := _G[k3 ('Actor_Remove' [h=3657B3EC,$00977B00])]
      014 0A010000      MOVE r10 := r2
      015 09010059      CALL r9 (1 args) => 0 results
      016 09000105 GETGLOBAL r9 := _G[k4 ('Mission_Spawn' [h=59A02AE9,$0098E260])]
      017 0A000000      MOVE r10 := r0
      018 0B008000      MOVE r11 := r1
      019 0C028000      MOVE r12 := r5
      020 0D030000      MOVE r13 := r6
      021 0E038000      MOVE r14 := r7
      022 0F040000      MOVE r15 := r8
      023 0903801A  TAILCALL r9 (6 args)
      024 0900001B    RETURN r9 ... r7
      025 0000801B    RETURN r0 ... r-1
  [Node$01CAA154] 'ActorVehicle_GetWinchedActor' [h=34D52DB1,$00A243C0]: cfunction$002B0290 'ActorVehicle_GetWinchedActor' [h=34D52DB1,$00A243C0]
  [Node$01CAA168] 'SW_challenge_destroy_hae_01_OnStarterSpent' [h=DC301DB2,$00A0A640]: function$0099AB20 'SW_challenge_destroy_hae_01_OnStarterSpent' [h=DC301DB2,$00A0A640]
    CONST$00957DF0 k0  'challenge_Recycler_OnStarterSpent' [h=B4FA0A88,$00A10D40]
    CONST$00957DF8 k1  'tSW_challenge_destroy_hae_01' [h=0B435F90,$009D7AC0]
    CODE $00957DE0
      000 00000005 GETGLOBAL r0 := _G[k0 ('challenge_Recycler_OnStarterSpent' [h=B4FA0A88,$00A10D40])]
      001 01000045 GETGLOBAL r1 := _G[k1 ('tSW_challenge_destroy_hae_01' [h=0B435F90,$009D7AC0])]
      002 00010059      CALL r0 (1 args) => 0 results
      003 0000801B    RETURN r0 ... r-1
  [Node$01CAA17C] 'Utility_GetRandomFloat' [h=79984DB3,$00A403C0]: cfunction$002C4060 'Utility_GetRandomFloat' [h=79984DB3,$00A403C0]
  [Node$01CAA1A4] 'Utility_DoesActorExist' [h=446B4DB5,$009D8BC0]: cfunction$002C21C0 'Utility_DoesActorExist' [h=446B4DB5,$009D8BC0]
  [Node$01CAA1F4] 'loc_ff1412_n' [h=4EFF55B9,$0097E980]: table$009C55E0[a=8,h=1]
  [Node$01CAA258] 'Squad_CommandDefault' [h=08F8FDBE,$00A06BC0]: cfunction$002F77B8 'Squad_CommandDefault' [h=08F8FDBE,$00A06BC0]
  [Node$01CAA2BC] 'SW_Challenge_Race_HQa2HQs_01_End' [h=EA9025C3,$00A0AD80]: function$0097D920 'SW_Challenge_Race_HQa2HQs_01_End' [h=EA9025C3,$00A0AD80]
    CONST$00962C90 k0  'challenge_Recycler_End' [h=F30AB795,$009E4CC0]
    CONST$00962C98 k1  'tSW_Challenge_Race_HQa2HQs_01' [h=35C26A6D,$009D2C40]
    CODE $00962C80
      000 00000005 GETGLOBAL r0 := _G[k0 ('challenge_Recycler_End' [h=F30AB795,$009E4CC0])]
      001 01000045 GETGLOBAL r1 := _G[k1 ('tSW_Challenge_Race_HQa2HQs_01' [h=35C26A6D,$009D2C40])]
      002 00010059      CALL r0 (1 args) => 0 results
      003 0000801B    RETURN r0 ... r-1
  [Node$01CAA2E4] 'jeff_hSKMood' [h=EAF10DC5,$009AA480]: 1568.0
  [Node$01CAA2F8] 'CHALLENGE_LUA_LOADED' [h=6B7D9DC6,$009FFEC0]: 1.0
  [Node$01CAA30C] 'challenge_CommonAreaEntered' [h=F3669DC7,$009D6600]: function$00980340 'challenge_CommonAreaEntered' [h=F3669DC7,$009D6600]
    CONST$00A82140 k0  'g_challenge_CommonAreaExitingTimer' [h=C5680815,$009F1D80]
    CONST$00A82148 k1  'Event_CancelEvent' [h=D8960070,$00A08280]
    CONST$00A82150 k2  'g_challenge_CommonAreaArgsTable' [h=7AF8F271,$009CD940]
    CONST$00A82158 k3  'funcOnEnterArea' [h=2B7A1414,$0098EE40]
    CONST$00A82160 k4  'bFailOnExit' [h=1520C914,$0098EC40]
    CONST$00A82168 k5  'g_challenge_CommonAreaEnteringTimer' [h=35749F09,$009F1CC0]
    CONST$00A82170 k6  'Event_RelativeTimer' [h=AD23F6E2,$00A3EA80]
    CONST$00A82178 k7  'challenge_CommonAreaFailed' [h=956BBEB3,$009D50C0]
    CONST$00A82180 k8  'b' [h=00000083,$009960C0]
    CONST$00A82188 k9  'fBufferSeconds' [h=72A7133A,$0098CC00]
    CONST$00A82190 k10 'Event_ActorToActorProximity' [h=33FEE622,$009DED80]
    CONST$00A82198 k11 'challenge_CommonAreaExited' [h=C89176A7,$009D5340]
    CONST$00A821A0 k12 'player0' [h=316752BF,$009A6AC0]
    CONST$00A821A8 k13 'sLocationName' [h=E0194AC5,$009A3F40]
    CONST$00A821B0 k14 'fRadius' [h=36A92F6A,$00992E60]
    CONST$00A821B8 k15 'bUseXz' [h=8443A356,$009916C0]
    CODE $00BF8900
      000 00000045 GETGLOBAL r0 := _G[k1 ('Event_CancelEvent' [h=D8960070,$00A08280])]
      001 01000005 GETGLOBAL r1 := _G[k0 ('g_challenge_CommonAreaExitingTimer' [h=C5680815,$009F1D80])]
      002 00010099      CALL r0 (1 args) => 1 results
      003 00000007 SETGLOBAL r0 ->> _G[k0 ('g_challenge_CommonAreaExitingTimer' [h=C5680815,$009F1D80])]
      004 00000085 GETGLOBAL r0 := _G[k2 ('g_challenge_CommonAreaArgsTable' [h=7AF8F271,$009CD940])]
      005 00000018      TEST not r0: r0 := r0 ; or skip
      006 00800754       JMP +30 ; 37
      007 00000085 GETGLOBAL r0 := _G[k2 ('g_challenge_CommonAreaArgsTable' [h=7AF8F271,$009CD940])]
      008 00003F46  GETTABLE r0 := r0[k3 ('funcOnEnterArea' [h=2B7A1414,$0098EE40])]
      009 00000018      TEST not r0: r0 := r0 ; or skip
      010 00800094       JMP +3 ; 14
      011 00000085 GETGLOBAL r0 := _G[k2 ('g_challenge_CommonAreaArgsTable' [h=7AF8F271,$009CD940])]
      012 00003F46  GETTABLE r0 := r0[k3 ('funcOnEnterArea' [h=2B7A1414,$0098EE40])]
      013 00008059      CALL r0 (0 args) => 0 results
      014 00000085 GETGLOBAL r0 := _G[k2 ('g_challenge_CommonAreaArgsTable' [h=7AF8F271,$009CD940])]
      015 00003F86  GETTABLE r0 := r0[k4 ('bFailOnExit' [h=1520C914,$0098EC40])]
      016 00000058      TEST r0: r0 := r0 ; or skip
      017 00800194       JMP +7 ; 25
      018 00000185 GETGLOBAL r0 := _G[k6 ('Event_RelativeTimer' [h=AD23F6E2,$00A3EA80])]
      019 010001C1     LOADK r1 := k7 ('challenge_CommonAreaFailed' [h=956BBEB3,$009D50C0])
      020 02000201     LOADK r2 := k8 ('b' [h=00000083,$009960C0])
      021 03000085 GETGLOBAL r3 := _G[k2 ('g_challenge_CommonAreaArgsTable' [h=7AF8F271,$009CD940])]
      022 0301C0C6  GETTABLE r3 := r3[k9 ('fBufferSeconds' [h=72A7133A,$0098CC00])]
      023 00020099      CALL r0 (3 args) => 1 results
      024 00000147 SETGLOBAL r0 ->> _G[k5 ('g_challenge_CommonAreaEnteringTimer' [h=35749F09,$009F1CC0])]
      025 00000285 GETGLOBAL r0 := _G[k10 ('Event_ActorToActorProximity' [h=33FEE622,$009DED80])]
      026 010002C1     LOADK r1 := k11 ('challenge_CommonAreaExited' [h=C89176A7,$009D5340])
      027 02000201     LOADK r2 := k8 ('b' [h=00000083,$009960C0])
      028 03000301     LOADK r3 := k12 ('player0' [h=316752BF,$009A6AC0])
      029 04000085 GETGLOBAL r4 := _G[k2 ('g_challenge_CommonAreaArgsTable' [h=7AF8F271,$009CD940])]
      030 040241C6  GETTABLE r4 := r4[k13 ('sLocationName' [h=E0194AC5,$009A3F40])]
      031 05000085 GETGLOBAL r5 := _G[k2 ('g_challenge_CommonAreaArgsTable' [h=7AF8F271,$009CD940])]
      032 0502C206  GETTABLE r5 := r5[k14 ('fRadius' [h=36A92F6A,$00992E60])]
      033 06000002  LOADBOOL r6 := False
      034 07000085 GETGLOBAL r7 := _G[k2 ('g_challenge_CommonAreaArgsTable' [h=7AF8F271,$009CD940])]
      035 0703C246  GETTABLE r7 := r7[k15 ('bUseXz' [h=8443A356,$009916C0])]
      036 00040059      CALL r0 (7 args) => 0 results
      037 0000801B    RETURN r0 ... r-1
  [Node$01CAA320] 'SW_challenge_Deliver01_WaitForReinitOpportunity' [h=F6CB9DC8,$009F7B00]: function$00995D20 'SW_challenge_Deliver01_WaitForReinitOpportunity' [h=F6CB9DC8,$009F7B00]
    CONST$00957CE0 k0  'challenge_Recycler_WaitForReinitOpportunity' [h=E437AA1D,$009E6000]
    CONST$00957CE8 k1  'tSW_Challenge_Deliver01' [h=83DCCEC7,$00A40D40]
    CODE $00957CF0
      000 00000005 GETGLOBAL r0 := _G[k0 ('challenge_Recycler_WaitForReinitOpportunity' [h=E437AA1D,$009E6000])]
      001 01000045 GETGLOBAL r1 := _G[k1 ('tSW_Challenge_Deliver01' [h=83DCCEC7,$00A40D40])]
      002 00010059      CALL r0 (1 args) => 0 results
      003 0000801B    RETURN r0 ... r-1
  [Node$01CAA334] 'Actor_KillWithMortar' [h=683935C9,$00A09B80]: cfunction$002A9160 'Actor_KillWithMortar' [h=683935C9,$00A09B80]
  [Node$01CAA348] 'DefineRestrictedZoneTable' [h=C5688DCA,$009D91C0]: function$009A7920 'DefineRestrictedZoneTable' [h=C5688DCA,$009D91C0]
    CONST$00A7DF40 k0  'allies' [h=B57F1C27,$009A61A0]
    CONST$00A7DF48 k1  'china' [h=1129D14E,$009A6060]
    CONST$00A7DF50 k2  'a2_chinese_region' [h=9E0871C1,$009DC300]
    CONST$00A7DF58 k3  'region_nampo2' [h=4E4DAE23,$009A5FA0]
    CONST$00A7DF60 k4  'region_nampo1' [h=4548ECD3,$009ABA00]
    CONST$00A7DF68 k5  'region_chinaHQ' [h=AF0CB9E9,$009A61C0]
    CONST$00A7DF70 k6  'mafia' [h=11226556,$009A6140]
    CONST$00A7DF78 k7  'region_mafiaOutpost' [h=75B62A25,$009DE3C0]
    CONST$00A7DF80 k8  'region_mafiaWarehouse' [h=767C623D,$00A3F980]
    CONST$00A7DF88 k9  'sk' [h=00001514,$009A6180]
    CONST$00A7DF90 k10 'region_SKAirfield' [h=4A4B5792,$00A01700]
    CONST$00A7DF98 k11 'region_ichon' [h=B1EE225F,$0099DAE0]
    CODE $00A81140
      000 000000CA  NEWTABLE r0 := {} (#a=0, #h=3)
      001 0100000A  NEWTABLE r1 := {} (#a=0, #h=0)
      002 007D0049  SETTABLE r1 ->> r0[k0 ('allies' [h=B57F1C27,$009A61A0])]
      003 0102000A  NEWTABLE r1 := {} (#a=4, #h=0)
      004 02000081     LOADK r2 := k2 ('a2_chinese_region' [h=9E0871C1,$009DC300])
      005 030000C1     LOADK r3 := k3 ('region_nampo2' [h=4E4DAE23,$009A5FA0])
      006 04000101     LOADK r4 := k4 ('region_nampo1' [h=4548ECD3,$009ABA00])
      007 05000141     LOADK r5 := k5 ('region_chinaHQ' [h=AF0CB9E9,$009A61C0])
      008 010000DF   SETLIST r1 [3]
      009 007D8049  SETTABLE r1 ->> r0[k1 ('china' [h=1129D14E,$009A6060])]
      010 0101000A  NEWTABLE r1 := {} (#a=2, #h=0)
      011 020001C1     LOADK r2 := k7 ('region_mafiaOutpost' [h=75B62A25,$009DE3C0])
      012 03000201     LOADK r3 := k8 ('region_mafiaWarehouse' [h=767C623D,$00A3F980])
      013 0100005F   SETLIST r1 [1]
      014 00800049  SETTABLE r1 ->> r0[k6 ('mafia' [h=11226556,$009A6140])]
      015 0101000A  NEWTABLE r1 := {} (#a=2, #h=0)
      016 02000281     LOADK r2 := k10 ('region_SKAirfield' [h=4A4B5792,$00A01700])
      017 030002C1     LOADK r3 := k11 ('region_ichon' [h=B1EE225F,$0099DAE0])
      018 0100005F   SETLIST r1 [1]
      019 00818049  SETTABLE r1 ->> r0[k9 ('sk' [h=00001514,$009A6180])]
      020 0001001B    RETURN r0 ... r0
      021 0000801B    RETURN r0 ... r-1
  [Node$01CAA35C] 'nenc_ff1412_v' [h=B1173DCB,$009AC440]: table$0097F840[a=0,h=4]
    [Node$00ABF254] 'tLocationObjectsA' [h=2C5376F5,$00A01980]: table$009A52A0[a=2,h=1]
      [0:$00952B00] 'ff1412_v3' [h=20F839E3,$009991E0]
      [1:$00952B08] 'ff1412_v4' [h=7E600247,$00997160]
    [Node$00ABF268] 'sEncounter' [h=4CD961D9,$009A5C20]: 'ff1412' [h=08F40E9B,$009891C0]
    [Node$00ABF27C] 'tLocationObjectsB' [h=CEC61813,$00A073C0]: nil
  [Node$01CAA3C0] 'loc_ff3045_s' [h=59B7EDD0,$009C4040]: table$009A5700[a=8,h=1]
  [Node$01CAA3D4] 'SW_challenge_homerun_pyn_01_OnStarterBroken' [h=18D53DD1,$00A2D2C0]: function$00981C60 'SW_challenge_homerun_pyn_01_OnStarterBroken' [h=18D53DD1,$00A2D2C0]
    CONST$00962E90 k0  'challenge_Recycler_OnStarterBroken' [h=8855A662,$00A07100]
    CONST$00962E98 k1  'tSW_challenge_homerun_pyn_01' [h=977228F9,$00A0C100]
    CODE $00962E80
      000 00000005 GETGLOBAL r0 := _G[k0 ('challenge_Recycler_OnStarterBroken' [h=8855A662,$00A07100])]
      001 01000045 GETGLOBAL r1 := _G[k1 ('tSW_challenge_homerun_pyn_01' [h=977228F9,$00A0C100])]
      002 00010059      CALL r0 (1 args) => 0 results
      003 0000801B    RETURN r0 ... r-1
  [Node$01CAA3E8] 'setmetatable' [h=48BED5D2,$00990600]: cfunction$003B8528 'setmetatable' [h=48BED5D2,$00990600]
  [Node$01CAA424] 'Utility_CloseBriefingDataSets' [h=F99465D5,$00A3F140]: cfunction$002F8568 'Utility_CloseBriefingDataSets' [h=F99465D5,$00A3F140]
  [Node$01CAA438] 'loc_ff2646_n' [h=8AF05DD6,$009C39E0]: table$00996460[a=8,h=1]
  [Node$01CAA474] 'loc_ff3229_v_n' [h=A9DDA5D9,$009893E0]: table$009A4440[a=2,h=1]
    [0:$00952B40] 'ff3229_v3' [h=88A299D5,$0099FE80]
    [1:$00952B48] 'ff3229_v4' [h=3BA5F1A6,$009C5160]
  [Node$01CAA49C] 'Ai_AddEnemy' [h=8E3695DB,$0098EA20]: cfunction$002B3010 'Ai_AddEnemy' [h=8E3695DB,$0098EA20]
  [Node$01CAA4C4] 'gameflow_ClearNumericCardsVerifiedInMissionFromScribMem' [h=11BC1DDD,$00ACA6C0]: function$009A0040 'gameflow_ClearNumericCardsVerifiedInMissionFromScribMem' [h=11BC1DDD,$00ACA6C0]
    CONST$00ACA0C0 k0  'Utility_ReadNumberFromScribbleMemory' [h=2BB92038,$00A00C80]
    CONST$00ACA0C8 k1  'chapter' [h=9A11FF20,$00997D80]
    CONST$00ACA0D0 k2  0.0
    CONST$00ACA0D8 k3  1.0
    CONST$00ACA0E0 k4  'suit_sequence' [h=3E108615,$009A9EE0]
    CONST$00ACA0E8 k5  'CARD_RANK_MIN' [h=4771A7AF,$009990E0]
    CONST$00ACA0F0 k6  'CARD_RANK_NUM_MAX' [h=7876B666,$00A39DC0]
    CONST$00ACA0F8 k7  'gameflow_GetCardVerifiedInMissionScribMemVarName' [h=7D6276A4,$00ACA8C0]
    CONST$00ACA100 k8  'gameflow_DeckNumberCardDeverified' [h=1ED57DBE,$00A130C0]
    CONST$00ACA108 k9  'Utility_EraseValueFromScribbleMemory' [h=D5C200E6,$00A03000]
    CODE $00BB5C40
      000 01000005 GETGLOBAL r1 := _G[k0 ('Utility_ReadNumberFromScribbleMemory' [h=2BB92038,$00A00C80])]
      001 02000041     LOADK r2 := k1 ('chapter' [h=9A11FF20,$00997D80])
      002 01010099      CALL r1 (1 args) => 1 results
      003 0000BF15       BEQ r1 == k2 (0.0)
      004 00800014       JMP +1 ; 6
      005 010000C1     LOADK r1 := k3 (1.0)
      006 02000105 GETGLOBAL r2 := _G[k4 ('suit_sequence' [h=3E108615,$009A9EE0])]
      007 02010046  GETTABLE r2 := r2[r1]
      008 03000145 GETGLOBAL r3 := _G[k5 ('CARD_RANK_MIN' [h=4771A7AF,$009990E0])]
      009 04000185 GETGLOBAL r4 := _G[k6 ('CARD_RANK_NUM_MAX' [h=7876B666,$00A39DC0])]
      010 050000C1     LOADK r5 := k3 (1.0)
      011 0301814D       SUB r3 := r3 - r5
      012 00800454       JMP +18 ; 31
      013 060001C5 GETGLOBAL r6 := _G[k7 ('gameflow_GetCardVerifiedInMissionScribMemVarName' [h=7D6276A4,$00ACA8C0])]
      014 07010000      MOVE r7 := r2
      015 08018000      MOVE r8 := r3
      016 06018099      CALL r6 (2 args) => 1 results
      017 07000005 GETGLOBAL r7 := _G[k0 ('Utility_ReadNumberFromScribbleMemory' [h=2BB92038,$00A00C80])]
      018 08030000      MOVE r8 := r6
      019 07010099      CALL r7 (1 args) => 1 results
      020 07038018      TEST not r7: r7 := r7 ; or skip
      021 00800214       JMP +9 ; 31
      022 00000018      TEST not r0: r0 := r0 ; or skip
      023 008000D4       JMP +4 ; 28
      024 07000205 GETGLOBAL r7 := _G[k8 ('gameflow_DeckNumberCardDeverified' [h=1ED57DBE,$00A130C0])]
      025 08010000      MOVE r8 := r2
      026 09018000      MOVE r9 := r3
      027 07018059      CALL r7 (2 args) => 0 results
      028 07000245 GETGLOBAL r7 := _G[k9 ('Utility_EraseValueFromScribbleMemory' [h=D5C200E6,$00A03000])]
      029 08030000      MOVE r8 := r6
      030 07010059      CALL r7 (1 args) => 0 results
      031 037FFB1C   FORLOOP r3 := r5; if r3 <= r4 JMP -19
      032 0000801B    RETURN r0 ... r-1
  [Node$01CAA4D8] 'getmetatable' [h=48BED5DE,$009905E0]: cfunction$003B84C8 'getmetatable' [h=48BED5DE,$009905E0]
  [Node$01CAA53C] 'VerificationTargetCarryStatusChange' [h=DEF395E3,$00A28C00]: function$00988DC0 'VerificationTargetCarryStatusChange' [h=DEF395E3,$00A28C00]
    CONST$00AB8A40 k0  'mission_tTargets' [h=28796635,$009DFD00]
    CONST$00AB8A48 k1  'Utility_GetActorAsInt' [h=A2B359A3,$00A0FF40]
    CONST$00AB8A50 k2  'util_PrintDebugMsg' [h=A2961C17,$00A11FC0]
    CONST$00AB8A58 k3  '\n[OBJECTIVEVERIFY] verification target ' [h=12913736,$00A248C0]
    CONST$00AB8A60 k4  'actorName' [h=4EB2E2FD,$00997FC0]
    CONST$00AB8A68 k5  ' carried\n' [h=B18121AD,$009C4680]
    CONST$00AB8A70 k6  'RemoveVerificationTargetBlip' [h=399A40BF,$00A23A40]
    CONST$00AB8A78 k7  ' dropped\n' [h=12C4B79F,$00998980]
    CONST$00AB8A80 k8  'CreateVerificationTargetBlip' [h=3986CCCA,$00A0F400]
    CONST$00AB8A88 k9  'SetupEventVerificationTargetCarryStatusChange' [h=1EC4489D,$009E7880]
    CODE $00AB2340
      000 02000005 GETGLOBAL r2 := _G[k0 ('mission_tTargets' [h=28796635,$009DFD00])]
      001 03000045 GETGLOBAL r3 := _G[k1 ('Utility_GetActorAsInt' [h=A2B359A3,$00A0FF40])]
      002 04000000      MOVE r4 := r0
      003 03010099      CALL r3 (1 args) => 1 results
      004 020100C6  GETTABLE r2 := r2[r3]
      005 03000085 GETGLOBAL r3 := _G[k2 ('util_PrintDebugMsg' [h=A2961C17,$00A11FC0])]
      006 040000C1     LOADK r4 := k3 ('\n[OBJECTIVEVERIFY] verification target ' [h=12913736,$00A248C0])
      007 05013F86  GETTABLE r5 := r2[k4 ('actorName' [h=4EB2E2FD,$00997FC0])]
      008 04020153    CONCAT r4 := r4 ... r5
      009 03010059      CALL r3 (1 args) => 0 results
      010 01008018      TEST not r1: r1 := r1 ; or skip
      011 00800194       JMP +7 ; 19
      012 03000085 GETGLOBAL r3 := _G[k2 ('util_PrintDebugMsg' [h=A2961C17,$00A11FC0])]
      013 04000141     LOADK r4 := k5 (' carried\n' [h=B18121AD,$009C4680])
      014 03010059      CALL r3 (1 args) => 0 results
      015 03000185 GETGLOBAL r3 := _G[k6 ('RemoveVerificationTargetBlip' [h=399A40BF,$00A23A40])]
      016 04010000      MOVE r4 := r2
      017 03010059      CALL r3 (1 args) => 0 results
      018 00800154       JMP +6 ; 25
      019 03000085 GETGLOBAL r3 := _G[k2 ('util_PrintDebugMsg' [h=A2961C17,$00A11FC0])]
      020 040001C1     LOADK r4 := k7 (' dropped\n' [h=12C4B79F,$00998980])
      021 03010059      CALL r3 (1 args) => 0 results
      022 03000205 GETGLOBAL r3 := _G[k8 ('CreateVerificationTargetBlip' [h=3986CCCA,$00A0F400])]
      023 04010000      MOVE r4 := r2
      024 03010059      CALL r3 (1 args) => 0 results
      025 03000245 GETGLOBAL r3 := _G[k9 ('SetupEventVerificationTargetCarryStatusChange' [h=1EC4489D,$009E7880])]
      026 04010000      MOVE r4 := r2
      027 05008012       NOT r5 := not r1
      028 03018059      CALL r3 (2 args) => 0 results
      029 0000801B    RETURN r0 ... r-1
  [Node$01CAA550] 'IsBouncerEnabled' [h=F347D5E4,$00A39740]: function$00999DA0 'IsBouncerEnabled' [h=F347D5E4,$00A39740]
    CONST$00961890 k0  'bouncers' [h=5D6099E4,$00981180]
    CONST$00961898 k1  'on' [h=000016B6,$00995C60]
    CODE $009A1400
      000 01000005 GETGLOBAL r1 := _G[k0 ('bouncers' [h=5D6099E4,$00981180])]
      001 01008006  GETTABLE r1 := r1[r0]
      002 0100BEC6  GETTABLE r1 := r1[k1 ('on' [h=000016B6,$00995C60])]
      003 0101001B    RETURN r1 ... r1
      004 0000801B    RETURN r0 ... r-1
  [Node$01CAA564] 'rawset' [h=7B26D5E5,$00986260]: cfunction$003B8670 'rawset' [h=7B26D5E5,$00986260]
  [Node$01CAA604] 'Camera_Reset' [h=7F8A75ED,$0098D4C0]: cfunction$002A7280 'Camera_Reset' [h=7F8A75ED,$0098D4C0]
  [Node$01CAA654] 'Audio_PlayVoiceoverCB' [h=56573DF1,$009FD000]: cfunction$002B79B8 'Audio_PlayVoiceoverCB' [h=56573DF1,$009FD000]
  [Node$01CAA668] 'jeff_setupElevator' [h=24C5B5F2,$00A2C6C0]: function$009AA860 'jeff_setupElevator' [h=24C5B5F2,$00A2C6C0]
    CONST$00AAEB40 k0  'jeff_elevatorExists' [h=D6713387,$00A07640]
    CONST$00AAEB48 k1  'Actor_EnableScriptedUse' [h=2140441B,$009FBF80]
    CONST$00AAEB50 k2  'mafia_fakeExit' [h=C9D228DC,$009AB200]
    CONST$00AAEB58 k3  'TRUE' [h=0067B195,$0098F4C0]
    CONST$00AAEB60 k4  'actions.enter' [h=98183A6E,$009AA100]
    CONST$00AAEB68 k5  'FALSE' [h=0E4B730F,$009965C0]
    CONST$00AAEB70 k6  3.4000000953674316
    CONST$00AAEB78 k7  'mafia_fakeEntrance' [h=A3626E69,$00A0A540]
    CONST$00AAEB80 k8  4.199999809265137
    CONST$00AAEB88 k9  'jeff_setupElevatorEvents' [h=406EFCDE,$00A09280]
    CODE $00AAEC40
      000 00000005 GETGLOBAL r0 := _G[k0 ('jeff_elevatorExists' [h=D6713387,$00A07640])]
      001 00008099      CALL r0 (0 args) => 1 results
      002 00000058      TEST r0: r0 := r0 ; or skip
      003 00800014       JMP +1 ; 5
      004 0000801B    RETURN r0 ... r-1
      005 00000045 GETGLOBAL r0 := _G[k1 ('Actor_EnableScriptedUse' [h=2140441B,$009FBF80])]
      006 01000081     LOADK r1 := k2 ('mafia_fakeExit' [h=C9D228DC,$009AB200])
      007 020000C5 GETGLOBAL r2 := _G[k3 ('TRUE' [h=0067B195,$0098F4C0])]
      008 03000101     LOADK r3 := k4 ('actions.enter' [h=98183A6E,$009AA100])
      009 04000145 GETGLOBAL r4 := _G[k5 ('FALSE' [h=0E4B730F,$009965C0])]
      010 05000181     LOADK r5 := k6 (3.4000000953674316)
      011 00030059      CALL r0 (5 args) => 0 results
      012 00000045 GETGLOBAL r0 := _G[k1 ('Actor_EnableScriptedUse' [h=2140441B,$009FBF80])]
      013 010001C1     LOADK r1 := k7 ('mafia_fakeEntrance' [h=A3626E69,$00A0A540])
      014 020000C5 GETGLOBAL r2 := _G[k3 ('TRUE' [h=0067B195,$0098F4C0])]
      015 03000101     LOADK r3 := k4 ('actions.enter' [h=98183A6E,$009AA100])
      016 04000145 GETGLOBAL r4 := _G[k5 ('FALSE' [h=0E4B730F,$009965C0])]
      017 05000201     LOADK r5 := k8 (4.199999809265137)
      018 00030059      CALL r0 (5 args) => 0 results
      019 00000245 GETGLOBAL r0 := _G[k9 ('jeff_setupElevatorEvents' [h=406EFCDE,$00A09280])]
      020 00008059      CALL r0 (0 args) => 0 results
      021 0000801B    RETURN r0 ... r-1
  [Node$01CAA67C] 'Tooltip_AddNag' [h=B17F85F3,$0099C680]: function$009A90A0[1] 'Tooltip_AddNag' [h=B17F85F3,$0099C680]
    CONST$00AC8C40 k0  'nDisplayDuration' [h=7445B995,$00A32180]
    CONST$00AC8C48 k1  5.0
    CONST$00AC8C50 k2  'nNagInterval' [h=4F690280,$00979600]
    CONST$00AC8C58 k3  'Tooltip_Debug' [h=7F31FC17,$00980F40]
    CONST$00AC8C60 k4  'Tooltip_AddNag: ' [h=602C8C05,$00A10B80]
    CONST$00AC8C68 k5  'tostring' [h=787EB105,$00990700]
    CONST$00AC8C70 k6  'sMessage' [h=5806A233,$009AA9E0]
    CONST$00AC8C78 k7  ', ' [h=00000CE6,$009A07C0]
    CONST$00AC8C80 k8  'bRecurring' [h=D1080901,$00986BC0]
    CONST$00AC8C88 k9  'Tooltip_ShowNag' [h=557D2FF1,$0097E460]
    CODE $00BBAF80
      000 00000008  SETUPVAL r0 ->> UV[0]
      001 01000004  GETUPVAL r1 := u0
      002 02000004  GETUPVAL r2 := u0
      003 02013E86  GETTABLE r2 := r2[k0 ('nDisplayDuration' [h=7445B995,$00A32180])]
      004 02010058      TEST r2: r2 := r2 ; or skip
      005 00800014       JMP +1 ; 7
      006 02000041     LOADK r2 := k1 (5.0)
      007 017D0089  SETTABLE r2 ->> r1[k0 ('nDisplayDuration' [h=7445B995,$00A32180])]
      008 01000004  GETUPVAL r1 := u0
      009 02000004  GETUPVAL r2 := u0
      010 02013F06  GETTABLE r2 := r2[k2 ('nNagInterval' [h=4F690280,$00979600])]
      011 02010058      TEST r2: r2 := r2 ; or skip
      012 00800014       JMP +1 ; 14
      013 02000041     LOADK r2 := k1 (5.0)
      014 017E0089  SETTABLE r2 ->> r1[k2 ('nNagInterval' [h=4F690280,$00979600])]
      015 010000C5 GETGLOBAL r1 := _G[k3 ('Tooltip_Debug' [h=7F31FC17,$00980F40])]
      016 02000101     LOADK r2 := k4 ('Tooltip_AddNag: ' [h=602C8C05,$00A10B80])
      017 03000145 GETGLOBAL r3 := _G[k5 ('tostring' [h=787EB105,$00990700])]
      018 04000004  GETUPVAL r4 := u0
      019 04024006  GETTABLE r4 := r4[k6 ('sMessage' [h=5806A233,$009AA9E0])]
      020 03010099      CALL r3 (1 args) => 1 results
      021 040001C1     LOADK r4 := k7 (', ' [h=00000CE6,$009A07C0])
      022 05000145 GETGLOBAL r5 := _G[k5 ('tostring' [h=787EB105,$00990700])]
      023 06000004  GETUPVAL r6 := u0
      024 06033E86  GETTABLE r6 := r6[k0 ('nDisplayDuration' [h=7445B995,$00A32180])]
      025 05010099      CALL r5 (1 args) => 1 results
      026 060001C1     LOADK r6 := k7 (', ' [h=00000CE6,$009A07C0])
      027 07000145 GETGLOBAL r7 := _G[k5 ('tostring' [h=787EB105,$00990700])]
      028 08000004  GETUPVAL r8 := u0
      029 08043F06  GETTABLE r8 := r8[k2 ('nNagInterval' [h=4F690280,$00979600])]
      030 07010099      CALL r7 (1 args) => 1 results
      031 080001C1     LOADK r8 := k7 (', ' [h=00000CE6,$009A07C0])
      032 09000145 GETGLOBAL r9 := _G[k5 ('tostring' [h=787EB105,$00990700])]
      033 0A000004  GETUPVAL r10 := u0
      034 0A054086  GETTABLE r10 := r10[k8 ('bRecurring' [h=D1080901,$00986BC0])]
      035 09010099      CALL r9 (1 args) => 1 results
      036 02010253    CONCAT r2 := r2 ... r9
      037 01010059      CALL r1 (1 args) => 0 results
      038 01000245 GETGLOBAL r1 := _G[k9 ('Tooltip_ShowNag' [h=557D2FF1,$0097E460])]
      039 01008059      CALL r1 (0 args) => 0 results
      040 0000801B    RETURN r0 ... r-1
  [Node$01CAA6B8] 'Ai_Unanchor' [h=B45BE5F6,$009C77A0]: cfunction$002F74D0 'Ai_Unanchor' [h=B45BE5F6,$009C77A0]
  [Node$01CAA6F4] 'jeff_playNiceWheelsBanter' [h=CCCACDF9,$00A0D340]: function$00993DA0 'jeff_playNiceWheelsBanter' [h=CCCACDF9,$00A0D340]
    CONST$00BF0F80 k0  'Utility_LoadUtilityScript' [h=08CA6B86,$009DD4C0]
    CONST$00BF0F88 k1  'util_banter' [h=664831FE,$0097F1C0]
    CONST$00BF0F90 k2  'Utility_WriteNumberToScribbleMemory' [h=DCF55147,$009DC740]
    CONST$00BF0F98 k3  'banter_NiceWheels' [h=EDD731E3,$00A0E1C0]
    CONST$00BF0FA0 k4  1.0
    CONST$00BF0FA8 k5  'banter_Add' [h=DA90A011,$0097D660]
    CONST$00BF0FB0 k6  'fio.xfio156' [h=34D67FCC,$00997C20]
    CONST$00BF0FB8 k7  'american' [h=F8031FC5,$009C6820]
    CONST$00BF0FC0 k8  'chr.xchr11' [h=080D4733,$00983EE0]
    CONST$00BF0FC8 k9  'british' [h=51127038,$0097F1E0]
    CONST$00BF0FD0 k10 'jen.xjen12' [h=350ED732,$009AAA40]
    CONST$00BF0FD8 k11 'swedish' [h=516A9264,$00986420]
    CONST$00BF0FE0 k12 'mat.xmat14' [h=62F3DEB8,$009C5280]
    CONST$00BF0FE8 k13 'fio.xfio157' [h=2F262A3B,$0097D400]
    CONST$00BF0FF0 k14 'chr.xchr12' [h=9689D752,$009C7AA0]
    CONST$00BF0FF8 k15 'jen.xjen13' [h=AF322436,$009AC7C0]
    CONST$00BF1000 k16 'mat.xmat15' [h=C9B45144,$0097F8C0]
    CODE $00AC6640
      000 00000005 GETGLOBAL r0 := _G[k0 ('Utility_LoadUtilityScript' [h=08CA6B86,$009DD4C0])]
      001 01000041     LOADK r1 := k1 ('util_banter' [h=664831FE,$0097F1C0])
      002 00010059      CALL r0 (1 args) => 0 results
      003 00000085 GETGLOBAL r0 := _G[k2 ('Utility_WriteNumberToScribbleMemory' [h=DCF55147,$009DC740])]
      004 010000C1     LOADK r1 := k3 ('banter_NiceWheels' [h=EDD731E3,$00A0E1C0])
      005 02000101     LOADK r2 := k4 (1.0)
      006 00018059      CALL r0 (2 args) => 0 results
      007 00000145 GETGLOBAL r0 := _G[k5 ('banter_Add' [h=DA90A011,$0097D660])]
      008 0102000A  NEWTABLE r1 := {} (#a=4, #h=0)
      009 02000181     LOADK r2 := k6 ('fio.xfio156' [h=34D67FCC,$00997C20])
      010 0300008A  NEWTABLE r3 := {} (#a=0, #h=2)
      011 0380C089  SETTABLE k8 ('chr.xchr11' [h=080D4733,$00983EE0]) ->> r3[k7 ('american' [h=F8031FC5,$009C6820])]
      012 0381C109  SETTABLE k10 ('jen.xjen12' [h=350ED732,$009AAA40]) ->> r3[k9 ('british' [h=51127038,$0097F1E0])]
      013 0382C189  SETTABLE k12 ('mat.xmat14' [h=62F3DEB8,$009C5280]) ->> r3[k11 ('swedish' [h=516A9264,$00986420])]
      014 04000341     LOADK r4 := k13 ('fio.xfio157' [h=2F262A3B,$0097D400])
      015 0500008A  NEWTABLE r5 := {} (#a=0, #h=2)
      016 0580C209  SETTABLE k14 ('chr.xchr12' [h=9689D752,$009C7AA0]) ->> r5[k7 ('american' [h=F8031FC5,$009C6820])]
      017 0581C249  SETTABLE k15 ('jen.xjen13' [h=AF322436,$009AC7C0]) ->> r5[k9 ('british' [h=51127038,$0097F1E0])]
      018 0582C289  SETTABLE k16 ('mat.xmat15' [h=C9B45144,$0097F8C0]) ->> r5[k11 ('swedish' [h=516A9264,$00986420])]
      019 010000DF   SETLIST r1 [3]
      020 00010059      CALL r0 (1 args) => 0 results
      021 0000801B    RETURN r0 ... r-1
  [Node$01CAA708] 'nenc' [h=0071FDFA,$009AB920]: table$009927E0[a=0,h=2]
    [Node$00A3EE94] 'sSquad' [h=7089B391,$009C60E0]: 'nosquad' [h=A35E9182,$009A47C0]
  [Node$01CAA71C] 'dofile' [h=4DCE0DFB,$009C7B60]: cfunction$003B8A40 'dofile' [h=4DCE0DFB,$009C7B60]
  [Node$01CAA730] 'SW_Challenge_Race_HQa2HQs_01_GoalBestTime' [h=430B35FC,$009CBD00]: function$0099EE00 'SW_Challenge_Race_HQa2HQs_01_GoalBestTime' [h=430B35FC,$009CBD00]
  [Node$01CAA744] 'loc_ff2916_n' [h=909235FD,$00991740]: table$009A0EE0[a=8,h=1]
    [0:$009EEF80] 'ff2916_1' [h=40FA9658,$0099A840]
    [1:$009EEF88] 'ff2916_2' [h=47C0D303,$00981BC0]
    [2:$009EEF90] 'ff2916_3' [h=8A4E76E8,$009AA980]
    [3:$009EEF98] 'ff2916_4' [h=D63E1A21,$009A1E40]
    [4:$009EEFA0] 'ff2916_5' [h=BFED3B99,$009823E0]
    [5:$009EEFA8] 'ff2916_6' [h=4437BEE2,$0099B480]
    [6:$009EEFB0] 'ff2916_7' [h=8EB197CB,$009AB300]
    [7:$009EEFB8] 'ff2916_8' [h=BF4E2A67,$00999CC0]
  [Node$01CAA758] 'CARD_RANK_MAX' [h=B37F15FE,$009983E0]: 14.0
  [Node$01CAA780] 'Player_SpecialAttach' [h=49EB6E00,$00A03D80]: cfunction$002C07E8 'Player_SpecialAttach' [h=49EB6E00,$00A03D80]
  [Node$01CAA7BC] 'nenc_ff0812' [h=4CADAE03,$00998D40]: table$00983180[a=0,h=4]
    [Node$00AABCD4] 'tLocationObjectsA' [h=2C5376F5,$00A01980]: table$009C4C80[a=8,h=1]
      [0:$009EE700] 'ff0812_1' [h=BB30F516,$009AA620]
      [1:$009EE708] 'ff0812_2' [h=4557A456,$009A8020]
      [2:$009EE710] 'ff0812_3' [h=BDBD912B,$009877A0]
      [3:$009EE718] 'ff0812_4' [h=B8818E08,$0097E220]
      [4:$009EE720] 'ff0812_5' [h=2DE88076,$009994C0]
      [5:$009EE728] 'ff0812_6' [h=7A652414,$009AC420]
      [6:$009EE730] 'ff0812_7' [h=CD8A419D,$0097D7A0]
      [7:$009EE738] 'ff0812_8' [h=0B85343A,$00979D00]
    [Node$00AABCE8] 'sEncounter' [h=4CD961D9,$009A5C20]: 'ff0812' [h=08F92FE7,$009A3480]
    [Node$00AABCFC] 'tLocationObjectsB' [h=CEC61813,$00A073C0]: table$0099A0C0[a=8,h=1]
      [0:$009DEFC0] 'ff0812_9' [h=B82D64F3,$009C5700]
      [1:$009DEFC8] 'ff0812_10' [h=E806CE89,$009A5580]
      [2:$009DEFD0] 'ff0812_11' [h=F5FB4CB2,$00981740]
      [3:$009DEFD8] 'ff0812_12' [h=CB3A28B3,$009995E0]
      [4:$009DEFE0] 'ff0812_13' [h=133E8243,$0097EE60]
      [5:$009DEFE8] 'ff0812_14' [h=0D3AA78A,$0099DF60]
      [6:$009DEFF0] 'ff0812_15' [h=73180978,$0097F600]
      [7:$009DEFF8] 'ff0812_16' [h=ED49C29F,$0097F140]
  [Node$01CAA7E4] 'Utility_SetNextLoadScreen' [h=A74FEE05,$009DBB40]: cfunction$002C3588 'Utility_SetNextLoadScreen' [h=A74FEE05,$009DBB40]
  [Node$01CAA7F8] 'challenge_deliver_prp_01_OnStarterBroken' [h=7AD0462F,$009DB280]: function$009986A0 'challenge_deliver_prp_01_OnStarterBroken' [h=7AD0462F,$009DB280]
    CONST$00957730 k0  'challenge_Recycler_OnStarterBroken' [h=8855A662,$00A07100]
    CONST$00957738 k1  'tSW_challenge_deliver_prp_01' [h=34C59E4F,$009F2940]
    CODE $00957700
      000 00000005 GETGLOBAL r0 := _G[k0 ('challenge_Recycler_OnStarterBroken' [h=8855A662,$00A07100])]
      001 01000045 GETGLOBAL r1 := _G[k1 ('tSW_challenge_deliver_prp_01' [h=34C59E4F,$009F2940])]
      002 00010059      CALL r0 (1 args) => 0 results
      003 0000801B    RETURN r0 ... r-1
  [Node$01CAA80C] 'challenge_deliver_prp_01_OnStarterSpent' [h=AF7E09A2,$009F5400]: function$0099CDA0 'challenge_deliver_prp_01_OnStarterSpent' [h=AF7E09A2,$009F5400]
    CONST$009576F0 k0  'challenge_Recycler_OnStarterSpent' [h=B4FA0A88,$00A10D40]
    CONST$009576F8 k1  'tSW_challenge_deliver_prp_01' [h=34C59E4F,$009F2940]
    CODE $00957780
      000 00000005 GETGLOBAL r0 := _G[k0 ('challenge_Recycler_OnStarterSpent' [h=B4FA0A88,$00A10D40])]
      001 01000045 GETGLOBAL r1 := _G[k1 ('tSW_challenge_deliver_prp_01' [h=34C59E4F,$009F2940])]
      002 00010059      CALL r0 (1 args) => 0 results
      003 0000801B    RETURN r0 ... r-1
  [Node$01CAA820] 'challenge_deliver_prp_01_Hide' [h=EB0076DD,$009D6A80]: function$009918E0 'challenge_deliver_prp_01_Hide' [h=EB0076DD,$009D6A80]
    CONST$00957770 k0  'challenge_Recycler_Hide' [h=C6CFE144,$00A40380]
    CONST$00957778 k1  'tSW_challenge_deliver_prp_01' [h=34C59E4F,$009F2940]
    CODE $00952AB0
      000 00000005 GETGLOBAL r0 := _G[k0 ('challenge_Recycler_Hide' [h=C6CFE144,$00A40380])]
      001 01000045 GETGLOBAL r1 := _G[k1 ('tSW_challenge_deliver_prp_01' [h=34C59E4F,$009F2940])]
      002 00010059      CALL r0 (1 args) => 0 results
      003 0000801B    RETURN r0 ... r-1
  [Node$01CAA834] 'challenge_deliver_prp_01_Show' [h=AFCFA255,$00A03F40]: function$0097B060 'challenge_deliver_prp_01_Show' [h=AFCFA255,$00A03F40]
    CONST$009577A0 k0  'challenge_Recycler_Show' [h=BA823C25,$009FC3C0]
    CONST$009577A8 k1  'tSW_challenge_deliver_prp_01' [h=34C59E4F,$009F2940]
    CODE $00957750
      000 00000005 GETGLOBAL r0 := _G[k0 ('challenge_Recycler_Show' [h=BA823C25,$009FC3C0])]
      001 01000045 GETGLOBAL r1 := _G[k1 ('tSW_challenge_deliver_prp_01' [h=34C59E4F,$009F2940])]
      002 00010059      CALL r0 (1 args) => 0 results
      003 0000801B    RETURN r0 ... r-1
  [Node$01CAA848] 'challenge_CommonCancelDeinit' [h=00ABF60A,$009D4980]: function$0097E3A0 'challenge_CommonCancelDeinit' [h=00ABF60A,$009D4980]
    CONST$009CB200 k0  'g_challenge_CommonCancel' [h=A164D55C,$00A23F80]
    CONST$009CB208 k1  nil
    CONST$009CB210 k2  'Utility_DoesActorExist' [h=446B4DB5,$009D8BC0]
    CONST$009CB218 k3  'vActor' [h=761CF0F1,$00982820]
    CONST$009CB220 k4  'Actor_EnableScriptedUse' [h=2140441B,$009FBF80]
    CONST$009CB228 k5  'tEvents' [h=0DDE6105,$0097B6E0]
    CONST$009CB230 k6  'Event_CancelEvent' [h=D8960070,$00A08280]
    CODE $00A6A8C0
      000 00000005 GETGLOBAL r0 := _G[k0 ('g_challenge_CommonCancel' [h=A164D55C,$00A23F80])]
      001 01003ED5       BNE r0 != k1 (nil)
      002 00800554       JMP +22 ; 25
      003 00000085 GETGLOBAL r0 := _G[k2 ('Utility_DoesActorExist' [h=446B4DB5,$009D8BC0])]
      004 01000005 GETGLOBAL r1 := _G[k0 ('g_challenge_CommonCancel' [h=A164D55C,$00A23F80])]
      005 0100BF46  GETTABLE r1 := r1[k3 ('vActor' [h=761CF0F1,$00982820])]
      006 00010099      CALL r0 (1 args) => 1 results
      007 00000018      TEST not r0: r0 := r0 ; or skip
      008 00800114       JMP +5 ; 14
      009 00000105 GETGLOBAL r0 := _G[k4 ('Actor_EnableScriptedUse' [h=2140441B,$009FBF80])]
      010 01000005 GETGLOBAL r1 := _G[k0 ('g_challenge_CommonCancel' [h=A164D55C,$00A23F80])]
      011 0100BF46  GETTABLE r1 := r1[k3 ('vActor' [h=761CF0F1,$00982820])]
      012 02000002  LOADBOOL r2 := False
      013 00018059      CALL r0 (2 args) => 0 results
      014 00000005 GETGLOBAL r0 := _G[k0 ('g_challenge_CommonCancel' [h=A164D55C,$00A23F80])]
      015 00003FC6  GETTABLE r0 := r0[k5 ('tEvents' [h=0DDE6105,$0097B6E0])]
      016 01018003   LOADNIL r1 ... r3
      017 0080009E  TFORPREP WIP
      018 04000185 GETGLOBAL r4 := _G[k6 ('Event_CancelEvent' [h=D8960070,$00A08280])]
      019 05018000      MOVE r5 := r3
      020 04010059      CALL r4 (1 args) => 0 results
      021 0000005D  TFORLOOP WIP
      022 007FFE94       JMP -5 ; 18
      023 00000003   LOADNIL r0 ... r0
      024 00000007 SETGLOBAL r0 ->> _G[k0 ('g_challenge_CommonCancel' [h=A164D55C,$00A23F80])]
      025 0000801B    RETURN r0 ... r-1
  [Node$01CAA85C] 'Player_SetCurrentWeapon' [h=87CDBE0B,$009FBB80]: cfunction$002BF6E0 'Player_SetCurrentWeapon' [h=87CDBE0B,$009FBB80]
  [Node$01CAA870] 'VerificationTargetVerified' [h=D7E1760C,$009DAEC0]: function$00988EE0 'VerificationTargetVerified' [h=D7E1760C,$009DAEC0]
    CONST$00AB88C0 k0  'util_PrintDebugMsg' [h=A2961C17,$00A11FC0]
    CONST$00AB88C8 k1  '\n[OBJECTIVEVERIFY] verification target ' [h=12913736,$00A248C0]
    CONST$00AB88D0 k2  'actorName' [h=4EB2E2FD,$00997FC0]
    CONST$00AB88D8 k3  ' verified\n' [h=707988B4,$009AA180]
    CONST$00AB88E0 k4  'mission_tObjectives' [h=B4A8BCEB,$00A252C0]
    CONST$00AB88E8 k5  'objectiveName' [h=2337C7CC,$0097D2C0]
    CONST$00AB88F0 k6  'RemoveVerificationTargetBlip' [h=399A40BF,$00A23A40]
    CONST$00AB88F8 k7  'mission_RemoveObjective' [h=B90D805B,$00A2CF00]
    CONST$00AB8900 k8  'Actor_SetVerifiable' [h=281DE4A8,$00A092C0]
    CONST$00AB8908 k9  'FALSE' [h=0E4B730F,$009965C0]
    CONST$00AB8910 k10 'handleExtractionSupport' [h=E2FD4C04,$00A0D7C0]
    CONST$00AB8918 k11 'RemoveExtractionSupport' [h=150B07D2,$009FD880]
    CODE $00AB87C0
      000 01000005 GETGLOBAL r1 := _G[k0 ('util_PrintDebugMsg' [h=A2961C17,$00A11FC0])]
      001 02000041     LOADK r2 := k1 ('\n[OBJECTIVEVERIFY] verification target ' [h=12913736,$00A248C0])
      002 03003F06  GETTABLE r3 := r0[k2 ('actorName' [h=4EB2E2FD,$00997FC0])]
      003 040000C1     LOADK r4 := k3 (' verified\n' [h=707988B4,$009AA180])
      004 02010113    CONCAT r2 := r2 ... r4
      005 01010059      CALL r1 (1 args) => 0 results
      006 01000105 GETGLOBAL r1 := _G[k4 ('mission_tObjectives' [h=B4A8BCEB,$00A252C0])]
      007 02003FC6  GETTABLE r2 := r0[k5 ('objectiveName' [h=2337C7CC,$0097D2C0])]
      008 01008086  GETTABLE r1 := r1[r2]
      009 02000185 GETGLOBAL r2 := _G[k6 ('RemoveVerificationTargetBlip' [h=399A40BF,$00A23A40])]
      010 03000000      MOVE r3 := r0
      011 02010059      CALL r2 (1 args) => 0 results
      012 020001C5 GETGLOBAL r2 := _G[k7 ('mission_RemoveObjective' [h=B90D805B,$00A2CF00])]
      013 03003FC6  GETTABLE r3 := r0[k5 ('objectiveName' [h=2337C7CC,$0097D2C0])]
      014 02010059      CALL r2 (1 args) => 0 results
      015 02000205 GETGLOBAL r2 := _G[k8 ('Actor_SetVerifiable' [h=281DE4A8,$00A092C0])]
      016 03003F06  GETTABLE r3 := r0[k2 ('actorName' [h=4EB2E2FD,$00997FC0])]
      017 04000245 GETGLOBAL r4 := _G[k9 ('FALSE' [h=0E4B730F,$009965C0])]
      018 02018059      CALL r2 (2 args) => 0 results
      019 0200C106  GETTABLE r2 := r1[k10 ('handleExtractionSupport' [h=E2FD4C04,$00A0D7C0])]
      020 02010018      TEST not r2: r2 := r2 ; or skip
      021 00800054       JMP +2 ; 24
      022 020002C5 GETGLOBAL r2 := _G[k11 ('RemoveExtractionSupport' [h=150B07D2,$009FD880])]
      023 02008059      CALL r2 (0 args) => 0 results
      024 0000801B    RETURN r0 ... r-1
  [Node$01CAA884] 'challenge_deliver_prp_01_SetupAiInNamedVehicle' [h=CEC55552,$009E3440]: function$009A0220 'challenge_deliver_prp_01_SetupAiInNamedVehicle' [h=CEC55552,$009E3440]
    CONST$00957760 k0  'challenge_Recycler_Vehicle_Setup' [h=2383F7A5,$009E2480]
    CONST$00957768 k1  'tSW_challenge_deliver_prp_01' [h=34C59E4F,$009F2940]
    CODE $00995300
      000 03000005 GETGLOBAL r3 := _G[k0 ('challenge_Recycler_Vehicle_Setup' [h=2383F7A5,$009E2480])]
      001 04000045 GETGLOBAL r4 := _G[k1 ('tSW_challenge_deliver_prp_01' [h=34C59E4F,$009F2940])]
      002 05000000      MOVE r5 := r0
      003 06008000      MOVE r6 := r1
      004 03020059      CALL r3 (3 args) => 0 results
      005 0000801B    RETURN r0 ... r-1
  [Node$01CAA898] 'loc_ff3343_s' [h=6BF5B60E,$009C9200]: table$00992940[a=8,h=1]
    [0:$00A31040] 'ff3343_9' [h=DAF1E51E,$009A8420]
    [1:$00A31048] 'ff3343_10' [h=A1EE0516,$00988B00]
    [2:$00A31050] 'ff3343_11' [h=F704AFD9,$0099A060]
    [3:$00A31058] 'ff3343_12' [h=CB23ED3A,$00993260]
    [4:$00A31060] 'ff3343_13' [h=3AFBA674,$00980120]
    [5:$00A31068] 'ff3343_14' [h=07390643,$00998A60]
    [6:$00A31070] 'ff3343_15' [h=79583F2F,$0097E360]
    [7:$00A31078] 'ff3343_16' [h=EE46DA55,$0099A2E0]
  [Node$01CAA8AC] 'challenge_deliver_prp_01_WaitForReinitOpportunity' [h=5F46EC6E,$00A71DC0]: function$00994EC0 'challenge_deliver_prp_01_WaitForReinitOpportunity' [h=5F46EC6E,$00A71DC0]
    CONST$009577D0 k0  'challenge_Recycler_WaitForReinitOpportunity' [h=E437AA1D,$009E6000]
    CONST$009577D8 k1  'tSW_challenge_deliver_prp_01' [h=34C59E4F,$009F2940]
    CODE $009577C0
      000 00000005 GETGLOBAL r0 := _G[k0 ('challenge_Recycler_WaitForReinitOpportunity' [h=E437AA1D,$009E6000])]
      001 01000045 GETGLOBAL r1 := _G[k1 ('tSW_challenge_deliver_prp_01' [h=34C59E4F,$009F2940])]
      002 00010059      CALL r0 (1 args) => 0 results
      003 0000801B    RETURN r0 ... r-1
  [Node$01CAA8C0] 'challenge_deliver_prp_01_Start' [h=6DD300AE,$00A3A240]: function$009A3D20 'challenge_deliver_prp_01_Start' [h=6DD300AE,$00A3A240]
    CONST$00957800 k0  'challenge_Recycler_Start' [h=26A0F7E1,$00A04240]
    CONST$00957808 k1  'tSW_challenge_deliver_prp_01' [h=34C59E4F,$009F2940]
    CODE $00957810
      000 00000005 GETGLOBAL r0 := _G[k0 ('challenge_Recycler_Start' [h=26A0F7E1,$00A04240])]
      001 01000045 GETGLOBAL r1 := _G[k1 ('tSW_challenge_deliver_prp_01' [h=34C59E4F,$009F2940])]
      002 00010059      CALL r0 (1 args) => 0 results
      003 0000801B    RETURN r0 ... r-1
  [Node$01CAA8D4] 'Audio_RemoveStreamPreloadRegion' [h=78583E11,$00A0B140]: cfunction$002B8A88 'Audio_RemoveStreamPreloadRegion' [h=78583E11,$00A0B140]
  [Node$01CAA8E8] 'nenc_ff3414' [h=A536CE12,$009A5A40]: table$0097A6A0[a=0,h=4]
    [Node$00AC83D4] 'tLocationObjectsA' [h=2C5376F5,$00A01980]: table$009A4300[a=8,h=1]
      [0:$009E8EC0] 'ff3414_1' [h=431DBD5D,$0097EA60]
      [1:$009E8EC8] 'ff3414_2' [h=7B4E79E5,$009C5BC0]
      [2:$009E8ED0] 'ff3414_3' [h=8EDDDCF4,$009A2820]
      [3:$009E8ED8] 'ff3414_4' [h=5AB081C9,$009811E0]
      [4:$009E8EE0] 'ff3414_5' [h=8A95A05C,$00998220]
      [5:$009E8EE8] 'ff3414_6' [h=762AF7BF,$00989340]
      [6:$009E8EF0] 'ff3414_7' [h=50EA8009,$0098DCC0]
      [7:$009E8EF8] 'ff3414_8' [h=BB89A8BE,$00996760]
    [Node$00AC83E8] 'sEncounter' [h=4CD961D9,$009A5C20]: 'ff3414' [h=E3348A0E,$00989BC0]
    [Node$00AC83FC] 'tLocationObjectsB' [h=CEC61813,$00A073C0]: table$0097FDA0[a=8,h=1]
  [Node$01CAA8FC] 'challenge_deliver_prp_01_QuestionBox' [h=D3F1A8D3,$009D9C00]: function$00980160 'challenge_deliver_prp_01_QuestionBox' [h=D3F1A8D3,$009D9C00]
    CONST$00957860 k0  'challenge_Recycler_QuestionBox' [h=BB143599,$00A40480]
    CONST$00957868 k1  'tSW_challenge_deliver_prp_01' [h=34C59E4F,$009F2940]
    CODE $0098BF60
      000 03000005 GETGLOBAL r3 := _G[k0 ('challenge_Recycler_QuestionBox' [h=BB143599,$00A40480])]
      001 04000045 GETGLOBAL r4 := _G[k1 ('tSW_challenge_deliver_prp_01' [h=34C59E4F,$009F2940])]
      002 05000000      MOVE r5 := r0
      003 06008000      MOVE r6 := r1
      004 07010000      MOVE r7 := r2
      005 03028059      CALL r3 (4 args) => 0 results
      006 0000801B    RETURN r0 ... r-1
  [Node$01CAA910] 'loc_ff3414_n' [h=43F58E5A,$00989800]: table$009A4300[a=8,h=1]
  [Node$01CAA924] 'suit_sequence' [h=3E108615,$009A9EE0]: table$00979580[a=4,h=1]
    [0:$00980240] 'clubs' [h=12E946D0,$00992080]
    [1:$00980248] 'diamonds' [h=9540B759,$00997440]
    [2:$00980250] 'hearts' [h=7B78F22A,$00996620]
    [3:$00980258] 'spades' [h=B57ECFE8,$00999B40]
  [Node$01CAA938] 'SW_challenge_destroy_dmz01_Reinit' [h=249FB62F,$009D8380]: function$0099C180 'SW_challenge_destroy_dmz01_Reinit' [h=249FB62F,$009D8380]
    CONST$009580E0 k0  'challenge_Recycler_Reinit' [h=1C420A72,$00A02840]
    CONST$009580E8 k1  'tSW_challenge_destroy_dmz01' [h=6E499F62,$009CD440]
    CODE $009580D0
      000 00000005 GETGLOBAL r0 := _G[k0 ('challenge_Recycler_Reinit' [h=1C420A72,$00A02840])]
      001 01000045 GETGLOBAL r1 := _G[k1 ('tSW_challenge_destroy_dmz01' [h=6E499F62,$009CD440])]
      002 00010059      CALL r0 (1 args) => 0 results
      003 0000801B    RETURN r0 ... r-1
  [Node$01CAA94C] 'GAMEFLOW_LUA_LOADED' [h=4A335617,$00A38840]: 1.0
  [Node$01CAA960] 'challenge_deliver_nab_01_OnStarterBroken' [h=E42D0E15,$00A0DBC0]: function$00984E80 'challenge_deliver_nab_01_OnStarterBroken' [h=E42D0E15,$00A0DBC0]
    CONST$009578F0 k0  'challenge_Recycler_OnStarterBroken' [h=8855A662,$00A07100]
    CONST$009578F8 k1  'tSW_challenge_deliver_nab_01' [h=3632D442,$009CC180]
    CODE $00957880
      000 00000005 GETGLOBAL r0 := _G[k0 ('challenge_Recycler_OnStarterBroken' [h=8855A662,$00A07100])]
      001 01000045 GETGLOBAL r1 := _G[k1 ('tSW_challenge_deliver_nab_01' [h=3632D442,$009CC180])]
      002 00010059      CALL r0 (1 args) => 0 results
      003 0000801B    RETURN r0 ... r-1
  [Node$01CAA974] 'challenge_GenerateUniqueName' [h=87BF3E19,$009EDEC0]: function$009776A0 'challenge_GenerateUniqueName' [h=87BF3E19,$009EDEC0]
    CONST$0098F5C0 k0  0.0
    CONST$0098F5C8 k1  'Utility_DoesActorExist' [h=446B4DB5,$009D8BC0]
    CONST$0098F5D0 k2  'challenge_DoRidersAlreadyExist' [h=5049F9CC,$009CEE00]
    CONST$0098F5D8 k3  1.0
    CODE $00B228C0
      000 01000001     LOADK r1 := k0 (0.0)
      001 02000000      MOVE r2 := r0
      002 03008000      MOVE r3 := r1
      003 020100D3    CONCAT r2 := r2 ... r3
      004 03000045 GETGLOBAL r3 := _G[k1 ('Utility_DoesActorExist' [h=446B4DB5,$009D8BC0])]
      005 04010000      MOVE r4 := r2
      006 03010099      CALL r3 (1 args) => 1 results
      007 04000085 GETGLOBAL r4 := _G[k2 ('challenge_DoRidersAlreadyExist' [h=5049F9CC,$009CEE00])]
      008 05010000      MOVE r5 := r2
      009 04010099      CALL r4 (1 args) => 1 results
      010 008002D4       JMP +12 ; 23
      011 0100BF4C       ADD r1 := r1 + k3 (1.0)
      012 05000000      MOVE r5 := r0
      013 06008000      MOVE r6 := r1
      014 02028193    CONCAT r2 := r5 ... r6
      015 05000045 GETGLOBAL r5 := _G[k1 ('Utility_DoesActorExist' [h=446B4DB5,$009D8BC0])]
      016 06010000      MOVE r6 := r2
      017 05010099      CALL r5 (1 args) => 1 results
      018 03028000      MOVE r3 := r5
      019 05000085 GETGLOBAL r5 := _G[k2 ('challenge_DoRidersAlreadyExist' [h=5049F9CC,$009CEE00])]
      020 06010000      MOVE r6 := r2
      021 05010099      CALL r5 (1 args) => 1 results
      022 04028000      MOVE r4 := r5
      023 03018058      TEST r3: r3 := r3 ; or skip
      024 007FFC54       JMP -14 ; 11
      025 04020058      TEST r4: r4 := r4 ; or skip
      026 007FFBD4       JMP -16 ; 11
      027 0201001B    RETURN r2 ... r2
      028 0000801B    RETURN r0 ... r-1
  [Node$01CAA988] 'Ai_IsPassenger' [h=DE677E1A,$0098F0E0]: cfunction$002B1C80 'Ai_IsPassenger' [h=DE677E1A,$0098F0E0]
  [Node$01CAA99C] 'RedTerrain_EnableRendering' [h=FABB9E1B,$00A24100]: cfunction$002C9670 'RedTerrain_EnableRendering' [h=FABB9E1B,$00A24100]
  [Node$01CAA9B0] 'util_SetupSingleTargetActorObjective' [h=B409C61C,$00A39780]: function$00997C00 'util_SetupSingleTargetActorObjective' [h=B409C61C,$00A39780]
    CONST$00A38600 k0  'util_SetDefault' [h=3072A05A,$009A7800]
    CONST$00A38608 k1  'TRUE' [h=0067B195,$0098F4C0]
    CONST$00A38610 k2  'FALSE' [h=0E4B730F,$009965C0]
    CONST$00A38618 k3  'blip' [h=007EFB0F,$0097EE80]
    CONST$00A38620 k4  'Objective_SetShortDescription' [h=3CB3128C,$00A3FE00]
    CONST$00A38628 k5  'Objective_SetLongDescription' [h=2FF189E4,$00A09400]
    CONST$00A38630 k6  'Objective_SetType' [h=7BC600A9,$00A112C0]
    CONST$00A38638 k7  'Objective_SetTargetActor' [h=A04E11C0,$00A0BA80]
    CODE $00BFD280
      000 0B000005 GETGLOBAL r11 := _G[k0 ('util_SetDefault' [h=3072A05A,$009A7800])]
      001 0C038000      MOVE r12 := r7
      002 0D000045 GETGLOBAL r13 := _G[k1 ('TRUE' [h=0067B195,$0098F4C0])]
      003 0B018099      CALL r11 (2 args) => 1 results
      004 07058000      MOVE r7 := r11
      005 0B000005 GETGLOBAL r11 := _G[k0 ('util_SetDefault' [h=3072A05A,$009A7800])]
      006 0C040000      MOVE r12 := r8
      007 0D000045 GETGLOBAL r13 := _G[k1 ('TRUE' [h=0067B195,$0098F4C0])]
      008 0B018099      CALL r11 (2 args) => 1 results
      009 08058000      MOVE r8 := r11
      010 0B000005 GETGLOBAL r11 := _G[k0 ('util_SetDefault' [h=3072A05A,$009A7800])]
      011 0C048000      MOVE r12 := r9
      012 0D000085 GETGLOBAL r13 := _G[k2 ('FALSE' [h=0E4B730F,$009965C0])]
      013 0B018099      CALL r11 (2 args) => 1 results
      014 09058000      MOVE r9 := r11
      015 0B000005 GETGLOBAL r11 := _G[k0 ('util_SetDefault' [h=3072A05A,$009A7800])]
      016 0C050000      MOVE r12 := r10
      017 0D0000C1     LOADK r13 := k3 ('blip' [h=007EFB0F,$0097EE80])
      018 0B018099      CALL r11 (2 args) => 1 results
      019 0A058000      MOVE r10 := r11
      020 0B000105 GETGLOBAL r11 := _G[k4 ('Objective_SetShortDescription' [h=3CB3128C,$00A3FE00])]
      021 0C000000      MOVE r12 := r0
      022 0D008000      MOVE r13 := r1
      023 0B018059      CALL r11 (2 args) => 0 results
      024 0B000145 GETGLOBAL r11 := _G[k5 ('Objective_SetLongDescription' [h=2FF189E4,$00A09400])]
      025 0C000000      MOVE r12 := r0
      026 0D010000      MOVE r13 := r2
      027 0B018059      CALL r11 (2 args) => 0 results
      028 0B000185 GETGLOBAL r11 := _G[k6 ('Objective_SetType' [h=7BC600A9,$00A112C0])]
      029 0C000000      MOVE r12 := r0
      030 0D018000      MOVE r13 := r3
      031 0B018059      CALL r11 (2 args) => 0 results
      032 0B0001C5 GETGLOBAL r11 := _G[k7 ('Objective_SetTargetActor' [h=A04E11C0,$00A0BA80])]
      033 0C000000      MOVE r12 := r0
      034 0D020000      MOVE r13 := r4
      035 0E028000      MOVE r14 := r5
      036 0F030000      MOVE r15 := r6
      037 10050000      MOVE r16 := r10
      038 11038000      MOVE r17 := r7
      039 12040000      MOVE r18 := r8
      040 13048000      MOVE r19 := r9
      041 0B048059      CALL r11 (8 args) => 0 results
      042 0000801B    RETURN r0 ... r-1
  [Node$01CAA9C4] 'challenge_deliver_nab_01_OnStarterSpent' [h=FAF791DD,$009F7700]: function$00999F40 'challenge_deliver_nab_01_OnStarterSpent' [h=FAF791DD,$009F7700]
    CONST$009578E0 k0  'challenge_Recycler_OnStarterSpent' [h=B4FA0A88,$00A10D40]
    CONST$009578E8 k1  'tSW_challenge_deliver_nab_01' [h=3632D442,$009CC180]
    CODE $00957920
      000 00000005 GETGLOBAL r0 := _G[k0 ('challenge_Recycler_OnStarterSpent' [h=B4FA0A88,$00A10D40])]
      001 01000045 GETGLOBAL r1 := _G[k1 ('tSW_challenge_deliver_nab_01' [h=3632D442,$009CC180])]
      002 00010059      CALL r0 (1 args) => 0 results
      003 0000801B    RETURN r0 ... r-1
  [Node$01CAA9D8] 'Mail_Post' [h=CC9FDE1E,$0098E400]: cfunction$002A0F90 'Mail_Post' [h=CC9FDE1E,$0098E400]
  [Node$01CAA9EC] 'challenge_deliver_nab_01_WaitForReinitOpportunity' [h=0F6AEE55,$00A97940]: function$00995280 'challenge_deliver_nab_01_WaitForReinitOpportunity' [h=0F6AEE55,$00A97940]
    CONST$009579E0 k0  'challenge_Recycler_WaitForReinitOpportunity' [h=E437AA1D,$009E6000]
    CONST$009579E8 k1  'tSW_challenge_deliver_nab_01' [h=3632D442,$009CC180]
    CODE $00957970
      000 00000005 GETGLOBAL r0 := _G[k0 ('challenge_Recycler_WaitForReinitOpportunity' [h=E437AA1D,$009E6000])]
      001 01000045 GETGLOBAL r1 := _G[k1 ('tSW_challenge_deliver_nab_01' [h=3632D442,$009CC180])]
      002 00010059      CALL r0 (1 args) => 0 results
      003 0000801B    RETURN r0 ... r-1
  [Node$01CAAA00] 'challenge_deliver_nab_01_End' [h=78EE3CFA,$009DCB80]: function$00985D80 'challenge_deliver_nab_01_End' [h=78EE3CFA,$009DCB80]
    CONST$009579A0 k0  'challenge_Recycler_End' [h=F30AB795,$009E4CC0]
    CONST$009579A8 k1  'tSW_challenge_deliver_nab_01' [h=3632D442,$009CC180]
    CODE $009579D0
      000 00000005 GETGLOBAL r0 := _G[k0 ('challenge_Recycler_End' [h=F30AB795,$009E4CC0])]
      001 01000045 GETGLOBAL r1 := _G[k1 ('tSW_challenge_deliver_nab_01' [h=3632D442,$009CC180])]
      002 00010059      CALL r0 (1 args) => 0 results
      003 0000801B    RETURN r0 ... r-1
  [Node$01CAAA14] 'challenge_deliver_nab_01_Reinit' [h=11EC634C,$00A2DF00]: function$009C6C80 'challenge_deliver_nab_01_Reinit' [h=11EC634C,$00A2DF00]
    CONST$00957A20 k0  'challenge_Recycler_Reinit' [h=1C420A72,$00A02840]
    CONST$00957A28 k1  'tSW_challenge_deliver_nab_01' [h=3632D442,$009CC180]
    CODE $00957A10
      000 00000005 GETGLOBAL r0 := _G[k0 ('challenge_Recycler_Reinit' [h=1C420A72,$00A02840])]
      001 01000045 GETGLOBAL r1 := _G[k1 ('tSW_challenge_deliver_nab_01' [h=3632D442,$009CC180])]
      002 00010059      CALL r0 (1 args) => 0 results
      003 0000801B    RETURN r0 ... r-1
  [Node$01CAAA28] 'Event_ActorToActorProximity' [h=33FEE622,$009DED80]: cfunction$002BC618 'Event_ActorToActorProximity' [h=33FEE622,$009DED80]
  [Node$01CAAA3C] 'Utility_GetPlayerNationality' [h=CB78F623,$00A0AF00]: cfunction$002C1CA8 'Utility_GetPlayerNationality' [h=CB78F623,$00A0AF00]
  [Node$01CAAA50] 'challenge_deliver_pyn_01_OnStarterBroken' [h=76BB5C90,$00A07600]: function$009A98E0 'challenge_deliver_pyn_01_OnStarterBroken' [h=76BB5C90,$00A07600]
    CONST$00957A90 k0  'challenge_Recycler_OnStarterBroken' [h=8855A662,$00A07100]
    CONST$00957A98 k1  'tSW_challenge_deliver_pyn_01' [h=3CC49C56,$009DA980]
    CODE $00957A60
      000 00000005 GETGLOBAL r0 := _G[k0 ('challenge_Recycler_OnStarterBroken' [h=8855A662,$00A07100])]
      001 01000045 GETGLOBAL r1 := _G[k1 ('tSW_challenge_deliver_pyn_01' [h=3CC49C56,$009DA980])]
      002 00010059      CALL r0 (1 args) => 0 results
      003 0000801B    RETURN r0 ... r-1
  [Node$01CAAA64] 'ObjectifyBouncer' [h=C615EFDA,$00A39B00]: function$009C4B20 'ObjectifyBouncer' [h=C615EFDA,$00A39B00]
    CONST$00AC28C0 k0  'util_SetupSingleTargetActorObjective' [h=B409C61C,$00A39780]
    CONST$00AC28C8 k1  'bouncers' [h=5D6099E4,$00981180]
    CONST$00AC28D0 k2  'actorName' [h=4EB2E2FD,$00997FC0]
    CONST$00AC28D8 k3  'Utility_GetStringById' [h=F7067A6C,$009D9780]
    CONST$00AC28E0 k4  'shortDescStrID' [h=464C11EA,$0098CC80]
    CONST$00AC28E8 k5  '' [h=00000000,$009A78C0]
    CONST$00AC28F0 k6  'OBJECTIVE_TYPE_PRIMARY' [h=8DDCFC8C,$00A393C0]
    CONST$00AC28F8 k7  'tgtCaptionStrID' [h=7BDD839D,$009981A0]
    CONST$00AC2900 k8  'tgtType' [h=4A290529,$009C4AE0]
    CONST$00AC2908 k9  'TRUE' [h=0067B195,$0098F4C0]
    CONST$00AC2910 k10 'blipType' [h=D6B22C63,$009A7840]
    CONST$00AC2918 k11 'Objective_Remove' [h=732926C0,$00A3FB80]
    CODE $00C02A40
      000 00000018      TEST not r0: r0 := r0 ; or skip
      001 00800754       JMP +30 ; 32
      002 02000005 GETGLOBAL r2 := _G[k0 ('util_SetupSingleTargetActorObjective' [h=B409C61C,$00A39780])]
      003 03000045 GETGLOBAL r3 := _G[k1 ('bouncers' [h=5D6099E4,$00981180])]
      004 03018046  GETTABLE r3 := r3[r1]
      005 0301BF06  GETTABLE r3 := r3[k2 ('actorName' [h=4EB2E2FD,$00997FC0])]
      006 040000C5 GETGLOBAL r4 := _G[k3 ('Utility_GetStringById' [h=F7067A6C,$009D9780])]
      007 05000045 GETGLOBAL r5 := _G[k1 ('bouncers' [h=5D6099E4,$00981180])]
      008 05028046  GETTABLE r5 := r5[r1]
      009 0502BF86  GETTABLE r5 := r5[k4 ('shortDescStrID' [h=464C11EA,$0098CC80])]
      010 04010099      CALL r4 (1 args) => 1 results
      011 05000141     LOADK r5 := k5 ('' [h=00000000,$009A78C0])
      012 06000181     LOADK r6 := k6 ('OBJECTIVE_TYPE_PRIMARY' [h=8DDCFC8C,$00A393C0])
      013 07000045 GETGLOBAL r7 := _G[k1 ('bouncers' [h=5D6099E4,$00981180])]
      014 07038046  GETTABLE r7 := r7[r1]
      015 0703BF06  GETTABLE r7 := r7[k2 ('actorName' [h=4EB2E2FD,$00997FC0])]
      016 080000C5 GETGLOBAL r8 := _G[k3 ('Utility_GetStringById' [h=F7067A6C,$009D9780])]
      017 09000045 GETGLOBAL r9 := _G[k1 ('bouncers' [h=5D6099E4,$00981180])]
      018 09048046  GETTABLE r9 := r9[r1]
      019 0904C046  GETTABLE r9 := r9[k7 ('tgtCaptionStrID' [h=7BDD839D,$009981A0])]
      020 08010099      CALL r8 (1 args) => 1 results
      021 09000045 GETGLOBAL r9 := _G[k1 ('bouncers' [h=5D6099E4,$00981180])]
      022 09048046  GETTABLE r9 := r9[r1]
      023 0904C086  GETTABLE r9 := r9[k8 ('tgtType' [h=4A290529,$009C4AE0])]
      024 0A000245 GETGLOBAL r10 := _G[k9 ('TRUE' [h=0067B195,$0098F4C0])]
      025 0B000245 GETGLOBAL r11 := _G[k9 ('TRUE' [h=0067B195,$0098F4C0])]
      026 0C000245 GETGLOBAL r12 := _G[k9 ('TRUE' [h=0067B195,$0098F4C0])]
      027 0D000045 GETGLOBAL r13 := _G[k1 ('bouncers' [h=5D6099E4,$00981180])]
      028 0D068046  GETTABLE r13 := r13[r1]
      029 0D06C106  GETTABLE r13 := r13[k10 ('blipType' [h=D6B22C63,$009A7840])]
      030 02060059      CALL r2 (11 args) => 0 results
      031 00800114       JMP +5 ; 37
      032 020002C5 GETGLOBAL r2 := _G[k11 ('Objective_Remove' [h=732926C0,$00A3FB80])]
      033 03000045 GETGLOBAL r3 := _G[k1 ('bouncers' [h=5D6099E4,$00981180])]
      034 03018046  GETTABLE r3 := r3[r1]
      035 0301BF06  GETTABLE r3 := r3[k2 ('actorName' [h=4EB2E2FD,$00997FC0])]
      036 02010059      CALL r2 (1 args) => 0 results
      037 0000801B    RETURN r0 ... r-1
  [Node$01CAAA78] 'challenge_deliver_pyn_01_WaitForReinitOpportunity' [h=022E0779,$00B19940]: function$0099AAE0 'challenge_deliver_pyn_01_WaitForReinitOpportunity' [h=022E0779,$00B19940]
    CONST$00957B60 k0  'challenge_Recycler_WaitForReinitOpportunity' [h=E437AA1D,$009E6000]
    CONST$00957B68 k1  'tSW_challenge_deliver_pyn_01' [h=3CC49C56,$009DA980]
    CODE $00957B20
      000 00000005 GETGLOBAL r0 := _G[k0 ('challenge_Recycler_WaitForReinitOpportunity' [h=E437AA1D,$009E6000])]
      001 01000045 GETGLOBAL r1 := _G[k1 ('tSW_challenge_deliver_pyn_01' [h=3CC49C56,$009DA980])]
      002 00010059      CALL r0 (1 args) => 0 results
      003 0000801B    RETURN r0 ... r-1
  [Node$01CAAA8C] 'challenge_deliver_pyn_01_End' [h=EDD62CD9,$00A04C00]: function$009C4700 'challenge_deliver_pyn_01_End' [h=EDD62CD9,$00A04C00]
    CONST$00957BA0 k0  'challenge_Recycler_End' [h=F30AB795,$009E4CC0]
    CONST$00957BA8 k1  'tSW_challenge_deliver_pyn_01' [h=3CC49C56,$009DA980]
    CODE $00957B90
      000 00000005 GETGLOBAL r0 := _G[k0 ('challenge_Recycler_End' [h=F30AB795,$009E4CC0])]
      001 01000045 GETGLOBAL r1 := _G[k1 ('tSW_challenge_deliver_pyn_01' [h=3CC49C56,$009DA980])]
      002 00010059      CALL r0 (1 args) => 0 results
      003 0000801B    RETURN r0 ... r-1
  [Node$01CAAAA0] 'challenge_deliver_pyn_01_QuestionBox' [h=39AAC05D,$00A00040]: function$0097DD80 'challenge_deliver_pyn_01_QuestionBox' [h=39AAC05D,$00A00040]
    CONST$00957B80 k0  'challenge_Recycler_QuestionBox' [h=BB143599,$00A40480]
    CONST$00957B88 k1  'tSW_challenge_deliver_pyn_01' [h=3CC49C56,$009DA980]
    CODE $0097E420
      000 03000005 GETGLOBAL r3 := _G[k0 ('challenge_Recycler_QuestionBox' [h=BB143599,$00A40480])]
      001 04000045 GETGLOBAL r4 := _G[k1 ('tSW_challenge_deliver_pyn_01' [h=3CC49C56,$009DA980])]
      002 05000000      MOVE r5 := r0
      003 06008000      MOVE r6 := r1
      004 07010000      MOVE r7 := r2
      005 03028059      CALL r3 (4 args) => 0 results
      006 0000801B    RETURN r0 ... r-1
  [Node$01CAAAB4] 'gameflow_ProcessParkingLots' [h=D4CB1629,$00A37580]: function$0099A9A0 'gameflow_ProcessParkingLots' [h=D4CB1629,$00A37580]
    CONST$00BA4840 k0  'trafficZones' [h=6C281FF5,$00997B00]
    CONST$00BA4848 k1  'spawners' [h=5EA201D8,$009ABE80]
    CONST$00BA4850 k2  'ipairs' [h=B6F4A157,$00990680]
    CONST$00BA4858 k3  'template' [h=7CE5CAD2,$009A1120]
    CONST$00BA4860 k4  'tRemoveTemplates' [h=AD517C21,$00A37440]
    CONST$00BA4868 k5  'util_PrintDebugMsg' [h=A2961C17,$00A11FC0]
    CONST$00BA4870 k6  '[gameflow.lua] gameflow_ProcessParkingLots: template ' [h=F17550E4,$00ABF640]
    CONST$00BA4878 k7  ' is banned from parking lot\n' [h=D2E4AB85,$00A37500]
    CONST$00BA4880 k8  '[gameflow.lua] gameflow_ProcessParkingLots: adding template ' [h=141F6BC1,$00A617C0]
    CONST$00BA4888 k9  ' to parking lot\n' [h=AC813B70,$00A37400]
    CONST$00BA4890 k10 'table' [h=10F2114B,$00979B40]
    CONST$00BA4898 k11 'insert' [h=92EA3D93,$0099E280]
    CONST$00BA48A0 k12 '_empty' [h=840DF69F,$009832C0]
    CONST$00BA48A8 k13 'tAddTemplates' [h=56E2D359,$0099E2A0]
    CONST$00BA48B0 k14 '[gameflow.lua] gameflow_ProcessParkingLots: adding extra template ' [h=6480F308,$00A63E40]
    CONST$00BA48B8 k15 'randomSpawnGroups' [h=E932E513,$00A37D00]
    CONST$00BA48C0 k16 'tLocations' [h=6C167A32,$0099A3C0]
    CONST$00BA48C8 k17 'tSettings' [h=390A41FE,$00976BC0]
    CONST$00BA48D0 k18 'tTemplates' [h=8E9A91F4,$009A1A20]
    CODE $00CC1040
      000 03003E86  GETTABLE r3 := r0[k0 ('trafficZones' [h=6C281FF5,$00997B00])]
      001 03018046  GETTABLE r3 := r3[r1]
      002 0301BEC6  GETTABLE r3 := r3[k1 ('spawners' [h=5EA201D8,$009ABE80])]
      003 04000085 GETGLOBAL r4 := _G[k2 ('ipairs' [h=B6F4A157,$00990680])]
      004 05010000      MOVE r5 := r2
      005 04010159      CALL r4 (1 args) => 4 results
      006 0480149E  TFORPREP WIP
      007 0800000A  NEWTABLE r8 := {} (#a=0, #h=0)
      008 03018018      TEST not r3: r3 := r3 ; or skip
      009 00800A54       JMP +42 ; 52
      010 09000085 GETGLOBAL r9 := _G[k2 ('ipairs' [h=B6F4A157,$00990680])]
      011 0A018000      MOVE r10 := r3
      012 09010159      CALL r9 (1 args) => 4 results
      013 098008DE  TFORPREP WIP
      014 0D008002  LOADBOOL r13 := True
      015 0E063F46  GETTABLE r14 := r12[k3 ('template' [h=7CE5CAD2,$009A1120])]
      016 0F03BF86  GETTABLE r15 := r7[k4 ('tRemoveTemplates' [h=AD517C21,$00A37440])]
      017 0F078018      TEST not r15: r15 := r15 ; or skip
      018 008003D4       JMP +16 ; 35
      019 10000085 GETGLOBAL r16 := _G[k2 ('ipairs' [h=B6F4A157,$00990680])]
      020 11078000      MOVE r17 := r15
      021 10010159      CALL r16 (1 args) => 4 results
      022 1080025E  TFORPREP WIP
      023 00098395       BEQ r19 == r14
      024 008001D4       JMP +8 ; 33
      025 14000145 GETGLOBAL r20 := _G[k5 ('util_PrintDebugMsg' [h=A2961C17,$00A11FC0])]
      026 15000181     LOADK r21 := k6 ('[gameflow.lua] gameflow_ProcessParkingLots: template ' [h=F17550E4,$00ABF640])
      027 16070000      MOVE r22 := r14
      028 170001C1     LOADK r23 := k7 (' is banned from parking lot\n' [h=D2E4AB85,$00A37500])
      029 150A85D3    CONCAT r21 := r21 ... r23
      030 14010059      CALL r20 (1 args) => 0 results
      031 0D000002  LOADBOOL r13 := False
      032 00800054       JMP +2 ; 35
      033 1000005D  TFORLOOP WIP
      034 007FFCD4       JMP -12 ; 23
      035 0D068018      TEST not r13: r13 := r13 ; or skip
      036 00800314       JMP +13 ; 50
      037 10000145 GETGLOBAL r16 := _G[k5 ('util_PrintDebugMsg' [h=A2961C17,$00A11FC0])]
      038 11000201     LOADK r17 := k8 ('[gameflow.lua] gameflow_ProcessParkingLots: adding template ' [h=141F6BC1,$00A617C0])
      039 12070000      MOVE r18 := r14
      040 13000241     LOADK r19 := k9 (' to parking lot\n' [h=AC813B70,$00A37400])
      041 110884D3    CONCAT r17 := r17 ... r19
      042 10010059      CALL r16 (1 args) => 0 results
      043 10000285 GETGLOBAL r16 := _G[k10 ('table' [h=10F2114B,$00979B40])]
      044 10084146  GETTABLE r16 := r16[k11 ('insert' [h=92EA3D93,$0099E280])]
      045 11040000      MOVE r17 := r8
      046 12070000      MOVE r18 := r14
      047 13000301     LOADK r19 := k12 ('_empty' [h=840DF69F,$009832C0])
      048 120904D3    CONCAT r18 := r18 ... r19
      049 10018059      CALL r16 (2 args) => 0 results
      050 0900005D  TFORLOOP WIP
      051 007FF654       JMP -38 ; 14
      052 0903C1C6  GETTABLE r9 := r7[k13 ('tAddTemplates' [h=56E2D359,$0099E2A0])]
      053 09048018      TEST not r9: r9 := r9 ; or skip
      054 00800494       JMP +19 ; 74
      055 0A000085 GETGLOBAL r10 := _G[k2 ('ipairs' [h=B6F4A157,$00990680])]
      056 0B048000      MOVE r11 := r9
      057 0A010159      CALL r10 (1 args) => 4 results
      058 0A80031E  TFORPREP WIP
      059 0E000145 GETGLOBAL r14 := _G[k5 ('util_PrintDebugMsg' [h=A2961C17,$00A11FC0])]
      060 0F000381     LOADK r15 := k14 ('[gameflow.lua] gameflow_ProcessParkingLots: adding extra template ' [h=6480F308,$00A63E40])
      061 10068000      MOVE r16 := r13
      062 11000241     LOADK r17 := k9 (' to parking lot\n' [h=AC813B70,$00A37400])
      063 0F078453    CONCAT r15 := r15 ... r17
      064 0E010059      CALL r14 (1 args) => 0 results
      065 0E000285 GETGLOBAL r14 := _G[k10 ('table' [h=10F2114B,$00979B40])]
      066 0E074146  GETTABLE r14 := r14[k11 ('insert' [h=92EA3D93,$0099E280])]
      067 0F040000      MOVE r15 := r8
      068 10068000      MOVE r16 := r13
      069 11000301     LOADK r17 := k12 ('_empty' [h=840DF69F,$009832C0])
      070 10080453    CONCAT r16 := r16 ... r17
      071 0E018059      CALL r14 (2 args) => 0 results
      072 0A00005D  TFORLOOP WIP
      073 007FFC14       JMP -15 ; 59
      074 0A004246  GETTABLE r10 := r0[k15 ('randomSpawnGroups' [h=E932E513,$00A37D00])]
      075 0A050058      TEST r10: r10 := r10 ; or skip
      076 00800054       JMP +2 ; 79
      077 0A00000A  NEWTABLE r10 := {} (#a=0, #h=0)
      078 00848289  SETTABLE r10 ->> r0[k15 ('randomSpawnGroups' [h=E932E513,$00A37D00])]
      079 0A00000A  NEWTABLE r10 := {} (#a=0, #h=0)
      080 0B03C286  GETTABLE r11 := r7[k16 ('tLocations' [h=6C167A32,$0099A3C0])]
      081 0A8502C9  SETTABLE r11 ->> r10[k16 ('tLocations' [h=6C167A32,$0099A3C0])]
      082 0B03C2C6  GETTABLE r11 := r7[k17 ('tSettings' [h=390A41FE,$00976BC0])]
      083 0A8582C9  SETTABLE r11 ->> r10[k17 ('tSettings' [h=390A41FE,$00976BC0])]
      084 0A860209  SETTABLE r8 ->> r10[k18 ('tTemplates' [h=8E9A91F4,$009A1A20])]
      085 0B000285 GETGLOBAL r11 := _G[k10 ('table' [h=10F2114B,$00979B40])]
      086 0B05C146  GETTABLE r11 := r11[k11 ('insert' [h=92EA3D93,$0099E280])]
      087 0C004246  GETTABLE r12 := r0[k15 ('randomSpawnGroups' [h=E932E513,$00A37D00])]
      088 0D050000      MOVE r13 := r10
      089 0B018059      CALL r11 (2 args) => 0 results
      090 0400005D  TFORLOOP WIP
      091 007FEA94       JMP -85 ; 7
      092 0000801B    RETURN r0 ... r-1
  [Node$01CAAAC8] 'loc_ff2646_v_n' [h=A633F62A,$0099B000]: table$009C5920[a=2,h=1]
    [0:$00961470] 'ff2646_v3' [h=28F4EA1E,$009991C0]
    [1:$00961478] 'ff2646_v4' [h=146F38B2,$00995E20]
  [Node$01CAAADC] 'nenc_ff1947' [h=E35E0E2B,$009A86A0]: table$009A5920[a=0,h=4]
    [Node$00AC24D4] 'tLocationObjectsA' [h=2C5376F5,$00A01980]: table$00994560[a=8,h=1]
    [Node$00AC24E8] 'sEncounter' [h=4CD961D9,$009A5C20]: 'ff1947' [h=1D0D6CDD,$00996020]
    [Node$00AC24FC] 'tLocationObjectsB' [h=CEC61813,$00A073C0]: table$0098A920[a=8,h=1]
      [0:$00A0FCC0] 'ff1947_9' [h=E2E3C0B6,$0099C9C0]
      [1:$00A0FCC8] 'ff1947_10' [h=E66C376E,$009AAAA0]
      [2:$00A0FCD0] 'ff1947_11' [h=EBF504C5,$009A1320]
      [3:$00A0FCD8] 'ff1947_12' [h=1BE8942E,$00985F80]
      [4:$00A0FCE0] 'ff1947_13' [h=39822091,$0097FB40]
      [5:$00A0FCE8] 'ff1947_14' [h=03B2F06D,$009A5C40]
      [6:$00A0FCF0] 'ff1947_15' [h=7CEB1D0E,$0099FD40]
      [7:$00A0FCF8] 'ff1947_16' [h=CC9E40B1,$0099D2C0]
  [Node$01CAAAF0] 'challenge_deliver_pyn_01_FareGoal' [h=3B44E773,$009EF900]: function$00980E40 'challenge_deliver_pyn_01_FareGoal' [h=3B44E773,$009EF900]
  [Node$01CAAB04] 'SW_challenge_Deliver01_OnStarterBroken' [h=C0C32CC0,$00A0B280]: function$00983B20 'SW_challenge_Deliver01_OnStarterBroken' [h=C0C32CC0,$00A0B280]
    CONST$00957C00 k0  'challenge_Recycler_OnStarterBroken' [h=8855A662,$00A07100]
    CONST$00957C08 k1  'tSW_Challenge_Deliver01' [h=83DCCEC7,$00A40D40]
    CODE $00957BE0
      000 00000005 GETGLOBAL r0 := _G[k0 ('challenge_Recycler_OnStarterBroken' [h=8855A662,$00A07100])]
      001 01000045 GETGLOBAL r1 := _G[k1 ('tSW_Challenge_Deliver01' [h=83DCCEC7,$00A40D40])]
      002 00010059      CALL r0 (1 args) => 0 results
      003 0000801B    RETURN r0 ... r-1
  [Node$01CAAB18] 'SW_challenge_Deliver01_OnStarterSpent' [h=599FDB5B,$009CF740]: function$00992800 'SW_challenge_Deliver01_OnStarterSpent' [h=599FDB5B,$009CF740]
    CONST$00957C50 k0  'challenge_Recycler_OnStarterSpent' [h=B4FA0A88,$00A10D40]
    CONST$00957C58 k1  'tSW_Challenge_Deliver01' [h=83DCCEC7,$00A40D40]
    CODE $00957C40
      000 00000005 GETGLOBAL r0 := _G[k0 ('challenge_Recycler_OnStarterSpent' [h=B4FA0A88,$00A10D40])]
      001 01000045 GETGLOBAL r1 := _G[k1 ('tSW_Challenge_Deliver01' [h=83DCCEC7,$00A40D40])]
      002 00010059      CALL r0 (1 args) => 0 results
      003 0000801B    RETURN r0 ... r-1
  [Node$01CAAB2C] 'loc_ff3210_s' [h=7215DE2F,$009858E0]: table$009C79C0[a=8,h=1]
  [Node$01CAAB40] 'SW_challenge_Deliver01_SetupAiInNamedVehicle' [h=79A09D62,$009DA180]: function$00986BA0 'SW_challenge_Deliver01_SetupAiInNamedVehicle' [h=79A09D62,$009DA180]
    CONST$00957CC0 k0  'challenge_Recycler_Vehicle_Setup' [h=2383F7A5,$009E2480]
    CONST$00957CC8 k1  'tSW_Challenge_Deliver01' [h=83DCCEC7,$00A40D40]
    CODE $00992F40
      000 03000005 GETGLOBAL r3 := _G[k0 ('challenge_Recycler_Vehicle_Setup' [h=2383F7A5,$009E2480])]
      001 04000045 GETGLOBAL r4 := _G[k1 ('tSW_Challenge_Deliver01' [h=83DCCEC7,$00A40D40])]
      002 05000000      MOVE r5 := r0
      003 06008000      MOVE r6 := r1
      004 03020059      CALL r3 (3 args) => 0 results
      005 0000801B    RETURN r0 ... r-1
  [Node$01CAAB54] 'SW_Challenge_Race_HQc2HQm_01_Start' [h=245339E9,$009DA4C0]: function$009A06E0 'SW_Challenge_Race_HQc2HQm_01_Start' [h=245339E9,$009DA4C0]
    CONST$00962B20 k0  'challenge_Recycler_Start' [h=26A0F7E1,$00A04240]
    CONST$00962B28 k1  'tSW_Challenge_Race_HQc2HQm_01' [h=6F113451,$009CD280]
    CODE $00962B10
      000 00000005 GETGLOBAL r0 := _G[k0 ('challenge_Recycler_Start' [h=26A0F7E1,$00A04240])]
      001 01000045 GETGLOBAL r1 := _G[k1 ('tSW_Challenge_Race_HQc2HQm_01' [h=6F113451,$009CD280])]
      002 00010059      CALL r0 (1 args) => 0 results
      003 0000801B    RETURN r0 ... r-1
  [Node$01CAAB68] 'Actor_PlayHumanAnimation' [h=57432632,$00A09E00]: cfunction$002ADB10 'Actor_PlayHumanAnimation' [h=57432632,$00A09E00]
  [Node$01CAAB7C] 'SW_challenge_Deliver01_Reinit' [h=9A21CB7F,$00A0FB40]: function$009C5A00 'SW_challenge_Deliver01_Reinit' [h=9A21CB7F,$00A0FB40]
    CONST$00957D90 k0  'challenge_Recycler_Reinit' [h=1C420A72,$00A02840]
    CONST$00957D98 k1  'tSW_Challenge_Deliver01' [h=83DCCEC7,$00A40D40]
    CODE $00957D60
      000 00000005 GETGLOBAL r0 := _G[k0 ('challenge_Recycler_Reinit' [h=1C420A72,$00A02840])]
      001 01000045 GETGLOBAL r1 := _G[k1 ('tSW_Challenge_Deliver01' [h=83DCCEC7,$00A40D40])]
      002 00010059      CALL r0 (1 args) => 0 results
      003 0000801B    RETURN r0 ... r-1
  [Node$01CAAB90] 'Ui_RemoveDisplayMarkerActor' [h=CD0BB430,$009FF640]: cfunction$002A7FE0 'Ui_RemoveDisplayMarkerActor' [h=CD0BB430,$009FF640]
  [Node$01CAABA4] 'mission_tTargets' [h=28796635,$009DFD00]: table$009C6860[a=0,h=1]
  [Node$01CAABB8] 'SW_challenge_destroy_hae_01_Hide' [h=49C1A816,$00A00400]: function$0097A320 'SW_challenge_destroy_hae_01_Hide' [h=49C1A816,$00A00400]
    CONST$00957E00 k0  'challenge_Recycler_Hide' [h=C6CFE144,$00A40380]
    CONST$00957E08 k1  'tSW_challenge_destroy_hae_01' [h=0B435F90,$009D7AC0]
    CODE $00957E10
      000 00000005 GETGLOBAL r0 := _G[k0 ('challenge_Recycler_Hide' [h=C6CFE144,$00A40380])]
      001 01000045 GETGLOBAL r1 := _G[k1 ('tSW_challenge_destroy_hae_01' [h=0B435F90,$009D7AC0])]
      002 00010059      CALL r0 (1 args) => 0 results
      003 0000801B    RETURN r0 ... r-1
  [Node$01CAABCC] 'Player_SetHumanModel' [h=C107AE37,$009E0000]: cfunction$002F7AA0 'Player_SetHumanModel' [h=C107AE37,$009E0000]
  [Node$01CAABE0] 'SW_challenge_destroy_hae_01_SetupAiInNamedVehicle' [h=B6A3DF5E,$00B196C0]: function$0097ED60 'SW_challenge_destroy_hae_01_SetupAiInNamedVehicle' [h=B6A3DF5E,$00B196C0]
    CONST$00957E60 k0  'challenge_Recycler_Vehicle_Setup' [h=2383F7A5,$009E2480]
    CONST$00957E68 k1  'tSW_challenge_destroy_hae_01' [h=0B435F90,$009D7AC0]
    CODE $0097C940
      000 03000005 GETGLOBAL r3 := _G[k0 ('challenge_Recycler_Vehicle_Setup' [h=2383F7A5,$009E2480])]
      001 04000045 GETGLOBAL r4 := _G[k1 ('tSW_challenge_destroy_hae_01' [h=0B435F90,$009D7AC0])]
      002 05000000      MOVE r5 := r0
      003 06008000      MOVE r6 := r1
      004 03020059      CALL r3 (3 args) => 0 results
      005 0000801B    RETURN r0 ... r-1
  [Node$01CAABF4] 'SW_challenge_destroy_hae_01_WaitForReinitOpportunity' [h=1682F971,$00B1B840]: function$00981100 'SW_challenge_destroy_hae_01_WaitForReinitOpportunity' [h=1682F971,$00B1B840]
    CONST$00957E90 k0  'challenge_Recycler_WaitForReinitOpportunity' [h=E437AA1D,$009E6000]
    CONST$00957E98 k1  'tSW_challenge_destroy_hae_01' [h=0B435F90,$009D7AC0]
    CODE $00957E80
      000 00000005 GETGLOBAL r0 := _G[k0 ('challenge_Recycler_WaitForReinitOpportunity' [h=E437AA1D,$009E6000])]
      001 01000045 GETGLOBAL r1 := _G[k1 ('tSW_challenge_destroy_hae_01' [h=0B435F90,$009D7AC0])]
      002 00010059      CALL r0 (1 args) => 0 results
      003 0000801B    RETURN r0 ... r-1
  [Node$01CAAC08] 'nenc_ff3838_v' [h=9FCFFE3A,$009A3600]: table$009957A0[a=0,h=4]
    [Node$00AAA854] 'tLocationObjectsA' [h=2C5376F5,$00A01980]: table$009ABB00[a=2,h=1]
    [Node$00AAA868] 'sEncounter' [h=4CD961D9,$009A5C20]: 'ff3838' [h=3BA71424,$009C49A0]
    [Node$00AAA87C] 'tLocationObjectsB' [h=CEC61813,$00A073C0]: nil
  [Node$01CAAC1C] 'SW_challenge_destroy_hae_01_End' [h=5F8C2320,$00A00980]: function$00981D60 'SW_challenge_destroy_hae_01_End' [h=5F8C2320,$00A00980]
    CONST$00957EE0 k0  'challenge_Recycler_End' [h=F30AB795,$009E4CC0]
    CONST$00957EE8 k1  'tSW_challenge_destroy_hae_01' [h=0B435F90,$009D7AC0]
    CODE $00957EA0
      000 00000005 GETGLOBAL r0 := _G[k0 ('challenge_Recycler_End' [h=F30AB795,$009E4CC0])]
      001 01000045 GETGLOBAL r1 := _G[k1 ('tSW_challenge_destroy_hae_01' [h=0B435F90,$009D7AC0])]
      002 00010059      CALL r0 (1 args) => 0 results
      003 0000801B    RETURN r0 ... r-1
  [Node$01CAAC30] 'RS_AFLG_HOLD' [h=72A00E3C,$0098F060]: 8.0
  [Node$01CAAC44] 'SW_Challenge_Race_HQa2HQs_01_Show' [h=5CDE5837,$009E2440]: function$009848C0 'SW_Challenge_Race_HQa2HQs_01_Show' [h=5CDE5837,$009E2440]
    CONST$00962C20 k0  'challenge_Recycler_Show' [h=BA823C25,$009FC3C0]
    CONST$00962C28 k1  'tSW_Challenge_Race_HQa2HQs_01' [h=35C26A6D,$009D2C40]
    CODE $00962C10
      000 00000005 GETGLOBAL r0 := _G[k0 ('challenge_Recycler_Show' [h=BA823C25,$009FC3C0])]
      001 01000045 GETGLOBAL r1 := _G[k1 ('tSW_Challenge_Race_HQa2HQs_01' [h=35C26A6D,$009D2C40])]
      002 00010059      CALL r0 (1 args) => 0 results
      003 0000801B    RETURN r0 ... r-1
  [Node$01CAAC58] 'challenge_BonusMultSet' [h=92FBF63E,$00A0FB80]: function$00981440 'challenge_BonusMultSet' [h=92FBF63E,$00A0FB80]
    CONST$00952AD0 k0  'Global_SetValue' [h=AB0FD37C,$009777E0]
    CONST$00952AD8 k1  'nChallengeBonusMult' [h=19560424,$00A02240]
    CODE $009A95C0
      000 01000005 GETGLOBAL r1 := _G[k0 ('Global_SetValue' [h=AB0FD37C,$009777E0])]
      001 02000041     LOADK r2 := k1 ('nChallengeBonusMult' [h=19560424,$00A02240])
      002 03000000      MOVE r3 := r0
      003 01018059      CALL r1 (2 args) => 0 results
      004 0000801B    RETURN r0 ... r-1
  [Node$01CAAC6C] 'SW_challenge_destroy_hae_01_Reinit' [h=5682C653,$009FAAC0]: function$00985BC0 'SW_challenge_destroy_hae_01_Reinit' [h=5682C653,$009FAAC0]
    CONST$00957F40 k0  'challenge_Recycler_Reinit' [h=1C420A72,$00A02840]
    CONST$00957F48 k1  'tSW_challenge_destroy_hae_01' [h=0B435F90,$009D7AC0]
    CODE $00957F30
      000 00000005 GETGLOBAL r0 := _G[k0 ('challenge_Recycler_Reinit' [h=1C420A72,$00A02840])]
      001 01000045 GETGLOBAL r1 := _G[k1 ('tSW_challenge_destroy_hae_01' [h=0B435F90,$009D7AC0])]
      002 00010059      CALL r0 (1 args) => 0 results
      003 0000801B    RETURN r0 ... r-1
  [Node$01CAAC80] 'loc_ff2922_s' [h=DD6BB640,$0099BD40]: table$00976C80[a=8,h=1]
  [Node$01CAAC94] 'jeff_exitUsed' [h=65EF91E7,$00999CA0]: function$00997DA0 'jeff_exitUsed' [h=65EF91E7,$00999CA0]
    CONST$009C5DC0 k0  'Cinematic_FadeOut' [h=67692EC4,$00A04A40]
    CONST$009C5DC8 k1  0.4000000059604645
    CONST$009C5DD0 k2  'jeff_doFakeExit' [h=949048D1,$009C4380]
    CONST$009C5DD8 k3  'jeff_setupElevatorEvents' [h=406EFCDE,$00A09280]
    CODE $00A11280
      000 00000005 GETGLOBAL r0 := _G[k0 ('Cinematic_FadeOut' [h=67692EC4,$00A04A40])]
      001 01000041     LOADK r1 := k1 (0.4000000059604645)
      002 02000081     LOADK r2 := k2 ('jeff_doFakeExit' [h=949048D1,$009C4380])
      003 00018059      CALL r0 (2 args) => 0 results
      004 00000022   CLOSURE r0 := closure(0, r0...)
      005 00000087 SETGLOBAL r0 ->> _G[k2 ('jeff_doFakeExit' [h=949048D1,$009C4380])]
      006 000000C5 GETGLOBAL r0 := _G[k3 ('jeff_setupElevatorEvents' [h=406EFCDE,$00A09280])]
      007 00008059      CALL r0 (0 args) => 0 results
      008 0000801B    RETURN r0 ... r-1
  [Node$01CAACA8] 'SW_challenge_destroy_hae_01_ImproveChina' [h=6FA333BD,$00A06A00]: function$009A2F80 'SW_challenge_destroy_hae_01_ImproveChina' [h=6FA333BD,$00A06A00]
  [Node$01CAACBC] 'Event_ActorIsWinchingSomething' [h=38B94E43,$009FCF40]: cfunction$002BA768 'Event_ActorIsWinchingSomething' [h=38B94E43,$009FCF40]
  [Node$01CAACD0] 'challenge_BonusMultGet' [h=67E1AE44,$009DE240]: function$0097CBC0 'challenge_BonusMultGet' [h=67E1AE44,$009DE240]
    CONST$00952A90 k0  'Global_GetValue' [h=A320AED9,$00977860]
    CONST$00952A98 k1  'nChallengeBonusMult' [h=19560424,$00A02240]
    CODE $009AA660
      000 00000005 GETGLOBAL r0 := _G[k0 ('Global_GetValue' [h=A320AED9,$00977860])]
      001 01000041     LOADK r1 := k1 ('nChallengeBonusMult' [h=19560424,$00A02240])
      002 0001001A  TAILCALL r0 (1 args)
      003 0000001B    RETURN r0 ... r-2
      004 0000801B    RETURN r0 ... r-1
  [Node$01CAACE4] 'SW_challenge_destroy_hae_01_Level' [h=242C45A1,$009D55C0]: function$009C5300 'SW_challenge_destroy_hae_01_Level' [h=242C45A1,$009D55C0]
  [Node$01CAACF8] 'Camera_MoveToPosition' [h=2DDDFE46,$009D4D40]: cfunction$002A5C70 'Camera_MoveToPosition' [h=2DDDFE46,$009D4D40]
  [Node$01CAAD0C] 'spades' [h=B57ECFE8,$00999B40]: 'spades' [h=B57ECFE8,$00999B40]
  [Node$01CAAD20] 'SW_challenge_destroy_dmz01_OnStarterSpent' [h=D0161C54,$009DCF80]: function$00992420 'SW_challenge_destroy_dmz01_OnStarterSpent' [h=D0161C54,$009DCF80]
    CONST$00957FF0 k0  'challenge_Recycler_OnStarterSpent' [h=B4FA0A88,$00A10D40]
    CONST$00957FF8 k1  'tSW_challenge_destroy_dmz01' [h=6E499F62,$009CD440]
    CODE $00957FC0
      000 00000005 GETGLOBAL r0 := _G[k0 ('challenge_Recycler_OnStarterSpent' [h=B4FA0A88,$00A10D40])]
      001 01000045 GETGLOBAL r1 := _G[k1 ('tSW_challenge_destroy_dmz01' [h=6E499F62,$009CD440])]
      002 00010059      CALL r0 (1 args) => 0 results
      003 0000801B    RETURN r0 ... r-1
  [Node$01CAAD34] 'jeff_EquippedItem' [h=4C3BFE49,$009E0F80]: function$009A92A0 'jeff_EquippedItem' [h=4C3BFE49,$009E0F80]
    CONST$00ACC1C0 k0  'util_PrintDebugMsg' [h=A2961C17,$00A11FC0]
    CONST$00ACC1C8 k1  '[##########] Generating e-mail for ' [h=A4363F2C,$009E03C0]
    CONST$00ACC1D0 k2  'tostring' [h=787EB105,$00990700]
    CONST$00ACC1D8 k3  '...' [h=00022571,$00990C20]
    CONST$00ACC1E0 k4  'Utility_ReadNumberFromScribbleMemory' [h=2BB92038,$00A00C80]
    CONST$00ACC1E8 k5  'EXISTS\n' [h=CD74A963,$009A93A0]
    CONST$00ACC1F0 k6  'Utility_WriteNumberToScribbleMemory' [h=DCF55147,$009DC740]
    CONST$00ACC1F8 k7  1.0
    CONST$00ACC200 k8  'Mail_Post' [h=CC9FDE1E,$0098E400]
    CONST$00ACC208 k9  'sent!\n' [h=97817E08,$00985EC0]
    CODE $00ACB9C0
      000 01000005 GETGLOBAL r1 := _G[k0 ('util_PrintDebugMsg' [h=A2961C17,$00A11FC0])]
      001 02000041     LOADK r2 := k1 ('[##########] Generating e-mail for ' [h=A4363F2C,$009E03C0])
      002 03000085 GETGLOBAL r3 := _G[k2 ('tostring' [h=787EB105,$00990700])]
      003 04000000      MOVE r4 := r0
      004 03010099      CALL r3 (1 args) => 1 results
      005 040000C1     LOADK r4 := k3 ('...' [h=00022571,$00990C20])
      006 02010113    CONCAT r2 := r2 ... r4
      007 01010059      CALL r1 (1 args) => 0 results
      008 01000105 GETGLOBAL r1 := _G[k4 ('Utility_ReadNumberFromScribbleMemory' [h=2BB92038,$00A00C80])]
      009 02000000      MOVE r2 := r0
      010 01010099      CALL r1 (1 args) => 1 results
      011 01008018      TEST not r1: r1 := r1 ; or skip
      012 008000D4       JMP +4 ; 17
      013 01000005 GETGLOBAL r1 := _G[k0 ('util_PrintDebugMsg' [h=A2961C17,$00A11FC0])]
      014 02000141     LOADK r2 := k5 ('EXISTS\n' [h=CD74A963,$009A93A0])
      015 01010059      CALL r1 (1 args) => 0 results
      016 0000801B    RETURN r0 ... r-1
      017 01000185 GETGLOBAL r1 := _G[k6 ('Utility_WriteNumberToScribbleMemory' [h=DCF55147,$009DC740])]
      018 02000000      MOVE r2 := r0
      019 030001C1     LOADK r3 := k7 (1.0)
      020 01018059      CALL r1 (2 args) => 0 results
      021 01000205 GETGLOBAL r1 := _G[k8 ('Mail_Post' [h=CC9FDE1E,$0098E400])]
      022 02000000      MOVE r2 := r0
      023 01010059      CALL r1 (1 args) => 0 results
      024 01000005 GETGLOBAL r1 := _G[k0 ('util_PrintDebugMsg' [h=A2961C17,$00A11FC0])]
      025 02000241     LOADK r2 := k9 ('sent!\n' [h=97817E08,$00985EC0])
      026 01010059      CALL r1 (1 args) => 0 results
      027 0000801B    RETURN r0 ... r-1
  [Node$01CAAD48] 'loc_ff2922_v_n' [h=6E5F4E4A,$0099B520]: table$00980020[a=2,h=1]
    [0:$0095EF20] 'ff2922_v3' [h=20FDDE93,$009AC5C0]
    [1:$0095EF28] 'ff2922_v4' [h=7E9A8A51,$0098CD00]
  [Node$01CAAD5C] 'SW_challenge_destroy_dmz01_Show' [h=0FEDD008,$009F3B00]: function$009C45C0 'SW_challenge_destroy_dmz01_Show' [h=0FEDD008,$009F3B00]
    CONST$00958050 k0  'challenge_Recycler_Show' [h=BA823C25,$009FC3C0]
    CONST$00958058 k1  'tSW_challenge_destroy_dmz01' [h=6E499F62,$009CD440]
    CODE $00958010
      000 00000005 GETGLOBAL r0 := _G[k0 ('challenge_Recycler_Show' [h=BA823C25,$009FC3C0])]
      001 01000045 GETGLOBAL r1 := _G[k1 ('tSW_challenge_destroy_dmz01' [h=6E499F62,$009CD440])]
      002 00010059      CALL r0 (1 args) => 0 results
      003 0000801B    RETURN r0 ... r-1
  [Node$01CAAD70] 'SW_challenge_destroy_dmz01_SetupAiInNamedVehicle' [h=4E01A22A,$00B19BC0]: function$009C4180 'SW_challenge_destroy_dmz01_SetupAiInNamedVehicle' [h=4E01A22A,$00B19BC0]
    CONST$00958020 k0  'challenge_Recycler_Vehicle_Setup' [h=2383F7A5,$009E2480]
    CONST$00958028 k1  'tSW_challenge_destroy_dmz01' [h=6E499F62,$009CD440]
    CODE $0097C460
      000 03000005 GETGLOBAL r3 := _G[k0 ('challenge_Recycler_Vehicle_Setup' [h=2383F7A5,$009E2480])]
      001 04000045 GETGLOBAL r4 := _G[k1 ('tSW_challenge_destroy_dmz01' [h=6E499F62,$009CD440])]
      002 05000000      MOVE r5 := r0
      003 06008000      MOVE r6 := r1
      004 03020059      CALL r3 (3 args) => 0 results
      005 0000801B    RETURN r0 ... r-1
  [Node$01CAAD84] 'nenc_ff3210_v' [h=547D7E4D,$00988A60]: table$00990C60[a=0,h=4]
    [Node$00AC2354] 'tLocationObjectsA' [h=2C5376F5,$00A01980]: table$00992B80[a=2,h=1]
      [0:$0095EF70] 'ff3210_v3' [h=1CCEA439,$009C5640]
      [1:$0095EF78] 'ff3210_v4' [h=B762A695,$0099A460]
    [Node$00AC2368] 'sEncounter' [h=4CD961D9,$009A5C20]: 'ff3210' [h=FC6BC058,$00996FC0]
    [Node$00AC237C] 'tLocationObjectsB' [h=CEC61813,$00A073C0]: nil
  [Node$01CAAD98] 'SW_challenge_destroy_dmz01_End' [h=F7D0E0B5,$009DC0C0]: function$0099E380 'SW_challenge_destroy_dmz01_End' [h=F7D0E0B5,$009DC0C0]
    CONST$009580A0 k0  'challenge_Recycler_End' [h=F30AB795,$009E4CC0]
    CONST$009580A8 k1  'tSW_challenge_destroy_dmz01' [h=6E499F62,$009CD440]
    CODE $00958080
      000 00000005 GETGLOBAL r0 := _G[k0 ('challenge_Recycler_End' [h=F30AB795,$009E4CC0])]
      001 01000045 GETGLOBAL r1 := _G[k1 ('tSW_challenge_destroy_dmz01' [h=6E499F62,$009CD440])]
      002 00010059      CALL r0 (1 args) => 0 results
      003 0000801B    RETURN r0 ... r-1
  [Node$01CAADAC] 'tSW_challenge_deliver_prp_01' [h=34C59E4F,$009F2940]: table$0097FFE0[a=0,h=32]
  [Node$01CAADC0] 'nenc_ff3838' [h=EBD97E50,$00996E80]: table$00994E40[a=0,h=4]
    [Node$00AAA8D4] 'tLocationObjectsA' [h=2C5376F5,$00A01980]: table$009C61E0[a=8,h=1]
    [Node$00AAA8E8] 'sEncounter' [h=4CD961D9,$009A5C20]: 'ff3838' [h=3BA71424,$009C49A0]
    [Node$00AAA8FC] 'tLocationObjectsB' [h=CEC61813,$00A073C0]: table$009C66A0[a=8,h=1]
      [0:$009E9640] 'ff3838_9' [h=D847C246,$00997360]
      [1:$009E9648] 'ff3838_10' [h=D7757C8E,$00988D40]
      [2:$009E9650] 'ff3838_11' [h=F6BA2C9C,$009AAA00]
      [3:$009E9658] 'ff3838_12' [h=104DEB76,$009A29A0]
      [4:$009E9660] 'ff3838_13' [h=3FB03FB6,$009A8720]
      [5:$009E9668] 'ff3838_14' [h=014197BF,$00983A40]
      [6:$009E9670] 'ff3838_15' [h=313B9532,$00999F80]
      [7:$009E9678] 'ff3838_16' [h=D75F3D59,$009AC160]
  [Node$01CAADD4] 'TOOLTIP_LUA_LOADED' [h=19A48F2E,$00A31200]: 1.0
  [Node$01CAADE8] 'ShouldBouncerBeSpawned' [h=AD148652,$00A399C0]: function$0097F360 'ShouldBouncerBeSpawned' [h=AD148652,$00A399C0]
    CONST$00CA0DC0 k0  'Utility_ReadStringFromScribbleMemory' [h=5455F3B9,$00A0B700]
    CONST$00CA0DC8 k1  'SkipTo_Map' [h=F88EFA9D,$009A69E0]
    CONST$00CA0DD0 k2  'Utility_ReadNumberFromScribbleMemory' [h=2BB92038,$00A00C80]
    CONST$00CA0DD8 k3  'chapter' [h=9A11FF20,$00997D80]
    CONST$00CA0DE0 k4  'current_' [h=8FEE355A,$009A6940]
    CONST$00CA0DE8 k5  'bouncers' [h=5D6099E4,$00981180]
    CONST$00CA0DF0 k6  'faction' [h=0C8443BB,$009A6360]
    CONST$00CA0DF8 k7  '_mission' [h=7DD2639E,$009A8C00]
    CONST$00CA0E00 k8  'IsBouncerSpawned' [h=932E52F4,$00A39A40]
    CONST$00CA0E08 k9  'sw' [h=000017F5,$009AA280]
    CONST$00CA0E10 k10 3.0
    CONST$00CA0E18 k11 4.0
    CONST$00CA0E20 k12 'nw' [h=0000178E,$009C3CA0]
    CONST$00CA0E28 k13 1.0
    CONST$00CA0E30 k14 2.0
    CONST$00CA0E38 k15 'FALSE' [h=0E4B730F,$009965C0]
    CONST$00CA0E40 k16 'ipairs' [h=B6F4A157,$00990680]
    CONST$00CA0E48 k17 'validMaps' [h=9145E02A,$009982E0]
    CONST$00CA0E50 k18 'TRUE' [h=0067B195,$0098F4C0]
    CONST$00CA0E58 k19 'ace' [h=00032097,$009A4E60]
    CONST$00CA0E60 k20 'util_GetLastMissionNumberInChapterArc' [h=8F3A298B,$00A3B140]
    CONST$00CA0E68 k21 'allies' [h=B57F1C27,$009A61A0]
    CONST$00CA0E70 k22 'current_allies_mission' [h=CB04149F,$009E5800]
    CONST$00CA0E78 k23 'china' [h=1129D14E,$009A6060]
    CONST$00CA0E80 k24 'current_china_mission' [h=83A0A4EA,$009E5740]
    CONST$00CA0E88 k25 'mafia' [h=11226556,$009A6140]
    CONST$00CA0E90 k26 'current_mafia_mission' [h=C3DB5DB9,$009E5700]
    CONST$00CA0E98 k27 'sk' [h=00001514,$009A6180]
    CONST$00CA0EA0 k28 'current_sk_mission' [h=A983358C,$009E56C0]
    CONST$00CA0EA8 k29 'bCorrectMissionSequence' [h=B1A14271,$00A12400]
    CONST$00CA0EB0 k30 'bDemoMissionSequence' [h=9E6A13ED,$00A12440]
    CONST$00CA0EB8 k31 'XBoxDemoMissionSequence' [h=5ACD3371,$00A39700]
    CONST$00CA0EC0 k32 'AceUnlocked' [h=68AFF695,$00981780]
    CONST$00CA0EC8 k33 nil
    CODE $00D813C0
      000 01000005 GETGLOBAL r1 := _G[k0 ('Utility_ReadStringFromScribbleMemory' [h=5455F3B9,$00A0B700])]
      001 02000041     LOADK r2 := k1 ('SkipTo_Map' [h=F88EFA9D,$009A69E0])
      002 01010099      CALL r1 (1 args) => 1 results
      003 02000085 GETGLOBAL r2 := _G[k2 ('Utility_ReadNumberFromScribbleMemory' [h=2BB92038,$00A00C80])]
      004 030000C1     LOADK r3 := k3 ('chapter' [h=9A11FF20,$00997D80])
      005 02010099      CALL r2 (1 args) => 1 results
      006 03000085 GETGLOBAL r3 := _G[k2 ('Utility_ReadNumberFromScribbleMemory' [h=2BB92038,$00A00C80])]
      007 04000101     LOADK r4 := k4 ('current_' [h=8FEE355A,$009A6940])
      008 05000145 GETGLOBAL r5 := _G[k5 ('bouncers' [h=5D6099E4,$00981180])]
      009 05028006  GETTABLE r5 := r5[r0]
      010 0502C006  GETTABLE r5 := r5[k6 ('faction' [h=0C8443BB,$009A6360])]
      011 060001C1     LOADK r6 := k7 ('_mission' [h=7DD2639E,$009A8C00])
      012 04020193    CONCAT r4 := r4 ... r6
      013 03010099      CALL r3 (1 args) => 1 results
      014 04000205 GETGLOBAL r4 := _G[k8 ('IsBouncerSpawned' [h=932E52F4,$00A39A40])]
      015 05000000      MOVE r5 := r0
      016 04010099      CALL r4 (1 args) => 1 results
      017 04020018      TEST not r4: r4 := r4 ; or skip
      018 00800054       JMP +2 ; 21
      019 04000002  LOADBOOL r4 := False
      020 0401001B    RETURN r4 ... r4
      021 0000C0D5       BEQ r1 == k9 ('sw' [h=000017F5,$009AA280])
      022 008000D4       JMP +4 ; 27
      023 01014115       BNE r2 != k10 (3.0)
      024 008001D4       JMP +8 ; 33
      025 01014155       BNE r2 != k11 (4.0)
      026 00800154       JMP +6 ; 33
      027 0000C195       BEQ r1 == k12 ('nw' [h=0000178E,$009C3CA0])
      028 00800154       JMP +6 ; 35
      029 010141D5       BNE r2 != k13 (1.0)
      030 00800054       JMP +2 ; 33
      031 00014215       BEQ r2 == k14 (2.0)
      032 00800054       JMP +2 ; 35
      033 04000002  LOADBOOL r4 := False
      034 0401001B    RETURN r4 ... r4
      035 040003C5 GETGLOBAL r4 := _G[k15 ('FALSE' [h=0E4B730F,$009965C0])]
      036 05000405 GETGLOBAL r5 := _G[k16 ('ipairs' [h=B6F4A157,$00990680])]
      037 06000145 GETGLOBAL r6 := _G[k5 ('bouncers' [h=5D6099E4,$00981180])]
      038 06030006  GETTABLE r6 := r6[r0]
      039 060342C6  GETTABLE r6 := r6[k17 ('validMaps' [h=9145E02A,$009982E0])]
      040 05010159      CALL r5 (1 args) => 4 results
      041 058000DE  TFORPREP WIP
      042 00040055       BEQ r8 == r1
      043 00800054       JMP +2 ; 46
      044 04000485 GETGLOBAL r4 := _G[k18 ('TRUE' [h=0067B195,$0098F4C0])]
      045 00800054       JMP +2 ; 48
      046 0500005D  TFORLOOP WIP
      047 007FFE54       JMP -6 ; 42
      048 04020058      TEST r4: r4 := r4 ; or skip
      049 00800054       JMP +2 ; 52
      050 05000002  LOADBOOL r5 := False
      051 0501001B    RETURN r5 ... r5
      052 01004355       BNE r0 != k19 ('ace' [h=00032097,$009A4E60])
      053 00801514       JMP +85 ; 139
      054 05000505 GETGLOBAL r5 := _G[k20 ('util_GetLastMissionNumberInChapterArc' [h=8F3A298B,$00A3B140])]
      055 06000000      MOVE r6 := r0
      056 07010000      MOVE r7 := r2
      057 05018099      CALL r5 (2 args) => 1 results
      058 000280D6       BLT r5 < r3
      059 00800054       JMP +2 ; 62
      060 05000002  LOADBOOL r5 := False
      061 0501001B    RETURN r5 ... r5
      062 050000CA  NEWTABLE r5 := {} (#a=0, #h=3)
      063 06000085 GETGLOBAL r6 := _G[k2 ('Utility_ReadNumberFromScribbleMemory' [h=2BB92038,$00A00C80])]
      064 07000581     LOADK r7 := k22 ('current_allies_mission' [h=CB04149F,$009E5800])
      065 06010099      CALL r6 (1 args) => 1 results
      066 05878189  SETTABLE r6 ->> r5[k21 ('allies' [h=B57F1C27,$009A61A0])]
      067 06000085 GETGLOBAL r6 := _G[k2 ('Utility_ReadNumberFromScribbleMemory' [h=2BB92038,$00A00C80])]
      068 07000601     LOADK r7 := k24 ('current_china_mission' [h=83A0A4EA,$009E5740])
      069 06010099      CALL r6 (1 args) => 1 results
      070 05888189  SETTABLE r6 ->> r5[k23 ('china' [h=1129D14E,$009A6060])]
      071 06000085 GETGLOBAL r6 := _G[k2 ('Utility_ReadNumberFromScribbleMemory' [h=2BB92038,$00A00C80])]
      072 07000681     LOADK r7 := k26 ('current_mafia_mission' [h=C3DB5DB9,$009E5700])
      073 06010099      CALL r6 (1 args) => 1 results
      074 05898189  SETTABLE r6 ->> r5[k25 ('mafia' [h=11226556,$009A6140])]
      075 06000085 GETGLOBAL r6 := _G[k2 ('Utility_ReadNumberFromScribbleMemory' [h=2BB92038,$00A00C80])]
      076 07000701     LOADK r7 := k28 ('current_sk_mission' [h=A983358C,$009E56C0])
      077 06010099      CALL r6 (1 args) => 1 results
      078 058A8189  SETTABLE r6 ->> r5[k27 ('sk' [h=00001514,$009A6180])]
      079 0000C0D5       BEQ r1 == k9 ('sw' [h=000017F5,$009AA280])
      080 008006D4       JMP +28 ; 109
      081 06000745 GETGLOBAL r6 := _G[k29 ('bCorrectMissionSequence' [h=B1A14271,$00A12400])]
      082 06030018      TEST not r6: r6 := r6 ; or skip
      083 00800614       JMP +25 ; 109
      084 000044D5       BEQ r0 == k25 ('mafia' [h=11226556,$009A6140])
      085 00800154       JMP +6 ; 92
      086 06028006  GETTABLE r6 := r5[r0]
      087 000341D5       BEQ r6 == k13 (1.0)
      088 00800094       JMP +3 ; 92
      089 0602C546  GETTABLE r6 := r5[k27 ('sk' [h=00001514,$009A6180])]
      090 010341D7       BGT r6 > k13 (1.0)
      091 00800354       JMP +14 ; 106
      092 00004455       BEQ r0 == k23 ('china' [h=1129D14E,$009A6060])
      093 00800154       JMP +6 ; 100
      094 06028006  GETTABLE r6 := r5[r0]
      095 000341D5       BEQ r6 == k13 (1.0)
      096 00800094       JMP +3 ; 100
      097 0602C4C6  GETTABLE r6 := r5[k25 ('mafia' [h=11226556,$009A6140])]
      098 010341D7       BGT r6 > k13 (1.0)
      099 00800154       JMP +6 ; 106
      100 06028006  GETTABLE r6 := r5[r0]
      101 00840197       BLE k14 (2.0) <= r6
      102 00800A94       JMP +43 ; 146
      103 0602C446  GETTABLE r6 := r5[k23 ('china' [h=1129D14E,$009A6060])]
      104 000341D7       BLE r6 <= k13 (1.0)
      105 008009D4       JMP +40 ; 146
      106 06000002  LOADBOOL r6 := False
      107 0601001B    RETURN r6 ... r6
      108 00800914       JMP +37 ; 146
      109 06000785 GETGLOBAL r6 := _G[k30 ('bDemoMissionSequence' [h=9E6A13ED,$00A12440])]
      110 06030018      TEST not r6: r6 := r6 ; or skip
      111 00800854       JMP +34 ; 146
      112 06000341     LOADK r6 := k13 (1.0)
      113 07000085 GETGLOBAL r7 := _G[k2 ('Utility_ReadNumberFromScribbleMemory' [h=2BB92038,$00A00C80])]
      114 080007C1     LOADK r8 := k31 ('XBoxDemoMissionSequence' [h=5ACD3371,$00A39700])
      115 07010099      CALL r7 (1 args) => 1 results
      116 07038018      TEST not r7: r7 := r7 ; or skip
      117 00800014       JMP +1 ; 119
      118 06000281     LOADK r6 := k10 (3.0)
      119 00004455       BEQ r0 == k23 ('china' [h=1129D14E,$009A6060])
      120 00800094       JMP +3 ; 124
      121 07028006  GETTABLE r7 := r5[r0]
      122 018381D6       BGE k13 (1.0) >= r7
      123 008002D4       JMP +12 ; 136
      124 00004555       BEQ r0 == k27 ('sk' [h=00001514,$009A6180])
      125 00800094       JMP +3 ; 129
      126 07028006  GETTABLE r7 := r5[r0]
      127 018381D6       BGE k13 (1.0) >= r7
      128 00800194       JMP +7 ; 136
      129 000044D5       BEQ r0 == k25 ('mafia' [h=11226556,$009A6140])
      130 00800094       JMP +3 ; 134
      131 07028006  GETTABLE r7 := r5[r0]
      132 010301D6       BGE r6 >= r7
      133 00800054       JMP +2 ; 136
      134 000043D5       BEQ r0 == k21 ('allies' [h=B57F1C27,$009A61A0])
      135 00800254       JMP +10 ; 146
      136 07000002  LOADBOOL r7 := False
      137 0701001B    RETURN r7 ... r7
      138 00800194       JMP +7 ; 146
      139 05000085 GETGLOBAL r5 := _G[k2 ('Utility_ReadNumberFromScribbleMemory' [h=2BB92038,$00A00C80])]
      140 06000801     LOADK r6 := k32 ('AceUnlocked' [h=68AFF695,$00981780])
      141 05010099      CALL r5 (1 args) => 1 results
      142 0002C6D5       BEQ r5 == k33 (nil)
      143 00800054       JMP +2 ; 146
      144 05000002  LOADBOOL r5 := False
      145 0501001B    RETURN r5 ... r5
      146 05008002  LOADBOOL r5 := True
      147 0501001B    RETURN r5 ... r5
      148 0000801B    RETURN r0 ... r-1
  [Node$01CAADFC] 'iAceIntel' [h=ECD07653,$0097E120]: 0.0
  [Node$01CAAE10] 'Mission_PlayerRespawn' [h=4F618654,$009DD2C0]: cfunction$002A0C10 'Mission_PlayerRespawn' [h=4F618654,$009DD2C0]
  [Node$01CAAE24] 'ActorVehicle_SpawnCargo' [h=F40A6655,$00A238C0]: cfunction$002B1608 'ActorVehicle_SpawnCargo' [h=F40A6655,$00A238C0]
  [Node$01CAAE38] 'SW_challenge_destroy_dmz01_GoalDestroy' [h=4CD5468C,$00A02A00]: function$0097B640 'SW_challenge_destroy_dmz01_GoalDestroy' [h=4CD5468C,$00A02A00]
  [Node$01CAAE4C] 'SW_challenge_Destroy01_OnStarterBroken' [h=AC9B355F,$00A08C00]: function$009C3EE0 'SW_challenge_Destroy01_OnStarterBroken' [h=AC9B355F,$00A08C00]
    CONST$009581A0 k0  'challenge_Recycler_OnStarterBroken' [h=8855A662,$00A07100]
    CONST$009581A8 k1  'tSW_Challenge_Destroy01' [h=8926D538,$009F2600]
    CODE $00958170
      000 00000005 GETGLOBAL r0 := _G[k0 ('challenge_Recycler_OnStarterBroken' [h=8855A662,$00A07100])]
      001 01000045 GETGLOBAL r1 := _G[k1 ('tSW_Challenge_Destroy01' [h=8926D538,$009F2600])]
      002 00010059      CALL r0 (1 args) => 0 results
      003 0000801B    RETURN r0 ... r-1
  [Node$01CAAE60] 'SW_challenge_Destroy01_Hide' [h=E11B2D07,$00A0EE80]: function$009932E0 'SW_challenge_Destroy01_Hide' [h=E11B2D07,$00A0EE80]
    CONST$00958210 k0  'challenge_Recycler_Hide' [h=C6CFE144,$00A40380]
    CONST$00958218 k1  'tSW_Challenge_Destroy01' [h=8926D538,$009F2600]
    CODE $009581E0
      000 00000005 GETGLOBAL r0 := _G[k0 ('challenge_Recycler_Hide' [h=C6CFE144,$00A40380])]
      001 01000045 GETGLOBAL r1 := _G[k1 ('tSW_Challenge_Destroy01' [h=8926D538,$009F2600])]
      002 00010059      CALL r0 (1 args) => 0 results
      003 0000801B    RETURN r0 ... r-1
  [Node$01CAAE74] 'SW_challenge_Destroy01_Show' [h=028AF0E4,$00A03340]: function$009C5C40 'SW_challenge_Destroy01_Show' [h=028AF0E4,$00A03340]
    CONST$00958200 k0  'challenge_Recycler_Show' [h=BA823C25,$009FC3C0]
    CONST$00958208 k1  'tSW_Challenge_Destroy01' [h=8926D538,$009F2600]
    CODE $00958220
      000 00000005 GETGLOBAL r0 := _G[k0 ('challenge_Recycler_Show' [h=BA823C25,$009FC3C0])]
      001 01000045 GETGLOBAL r1 := _G[k1 ('tSW_Challenge_Destroy01' [h=8926D538,$009F2600])]
      002 00010059      CALL r0 (1 args) => 0 results
      003 0000801B    RETURN r0 ... r-1
  [Node$01CAAE88] 'Utility_OpenBriefingDataSets' [h=42CDDE5A,$00A3FF80]: cfunction$002F8480 'Utility_OpenBriefingDataSets' [h=42CDDE5A,$00A3FF80]
  [Node$01CAAE9C] 'getfenv' [h=9EE7928F,$00990620]: cfunction$003B7770 'getfenv' [h=9EE7928F,$00990620]
  [Node$01CAAEB0] 'SW_challenge_Destroy01_Reinit' [h=98E7F745,$009D2040]: function$009920A0 'SW_challenge_Destroy01_Reinit' [h=98E7F745,$009D2040]
    CONST$00958300 k0  'challenge_Recycler_Reinit' [h=1C420A72,$00A02840]
    CONST$00958308 k1  'tSW_Challenge_Destroy01' [h=8926D538,$009F2600]
    CODE $009582F0
      000 00000005 GETGLOBAL r0 := _G[k0 ('challenge_Recycler_Reinit' [h=1C420A72,$00A02840])]
      001 01000045 GETGLOBAL r1 := _G[k1 ('tSW_Challenge_Destroy01' [h=8926D538,$009F2600])]
      002 00010059      CALL r0 (1 args) => 0 results
      003 0000801B    RETURN r0 ... r-1
  [Node$01CAAEC4] 'tSW_Challenge_Destroy01' [h=8926D538,$009F2600]: table$00989820[a=0,h=64]
  [Node$01CAAED8] 'tonumber' [h=09871C17,$009906E0]: cfunction$003B75F8 'tonumber' [h=09871C17,$009906E0]
  [Node$01CAAEEC] 'SW_Challenge_Destroy01_Level' [h=8A63587D,$009E6D40]: function$0099FE00 'SW_Challenge_Destroy01_Level' [h=8A63587D,$009E6D40]
  [Node$01CAAF00] 'gameflow_Bridge_SW_nmp2nab_Destroyed' [h=8B8F2660,$00A36E40]: function$00977480 'gameflow_Bridge_SW_nmp2nab_Destroyed' [h=8B8F2660,$00A36E40]
    CONST$00AB1B40 k0  'gameflow_Bridge_SW_nmp2nab_Destroyed' [h=8B8F2660,$00A36E40]
    CONST$00AB1B48 k1  'util_PrintDebugMsg' [h=A2961C17,$00A11FC0]
    CONST$00AB1B50 k2  'Bridge nmp2nab destroyed!!!\n' [h=C65EDD43,$00A37340]
    CONST$00AB1B58 k3  'gameflow_Bridge_Destroy' [h=3AF48C8C,$00A37180]
    CONST$00AB1B60 k4  'bridge_nmp2nab_01' [h=87BD2D32,$00A36E80]
    CONST$00AB1B68 k5  'bridge_nmp2nab_02' [h=8D655379,$00A37040]
    CONST$00AB1B70 k6  'bridge_nmp2nab_03' [h=AAA6DA67,$00A36FC0]
    CONST$00AB1B78 k7  't_nmp2nab_01a' [h=374476A8,$00976C40]
    CONST$00AB1B80 k8  't_nmp2nab_01b' [h=6808CFDE,$0097C480]
    CODE $00AA1A40
      000 00000003   LOADNIL r0 ... r0
      001 00000007 SETGLOBAL r0 ->> _G[k0 ('gameflow_Bridge_SW_nmp2nab_Destroyed' [h=8B8F2660,$00A36E40])]
      002 00000045 GETGLOBAL r0 := _G[k1 ('util_PrintDebugMsg' [h=A2961C17,$00A11FC0])]
      003 01000081     LOADK r1 := k2 ('Bridge nmp2nab destroyed!!!\n' [h=C65EDD43,$00A37340])
      004 00010059      CALL r0 (1 args) => 0 results
      005 000000C5 GETGLOBAL r0 := _G[k3 ('gameflow_Bridge_Destroy' [h=3AF48C8C,$00A37180])]
      006 0101800A  NEWTABLE r1 := {} (#a=3, #h=0)
      007 02000101     LOADK r2 := k4 ('bridge_nmp2nab_01' [h=87BD2D32,$00A36E80])
      008 03000141     LOADK r3 := k5 ('bridge_nmp2nab_02' [h=8D655379,$00A37040])
      009 04000181     LOADK r4 := k6 ('bridge_nmp2nab_03' [h=AAA6DA67,$00A36FC0])
      010 0100009F   SETLIST r1 [2]
      011 0201000A  NEWTABLE r2 := {} (#a=2, #h=0)
      012 030001C1     LOADK r3 := k7 ('t_nmp2nab_01a' [h=374476A8,$00976C40])
      013 04000201     LOADK r4 := k8 ('t_nmp2nab_01b' [h=6808CFDE,$0097C480])
      014 0200005F   SETLIST r2 [1]
      015 00018059      CALL r0 (2 args) => 0 results
      016 0000801B    RETURN r0 ... r-1
  [Node$01CAAF14] 'SW_Challenge_Destroy01_GoalDestroy' [h=893AC9CB,$00A12D40]: function$00976DE0 'SW_Challenge_Destroy01_GoalDestroy' [h=893AC9CB,$00A12D40]
  [Node$01CAAF28] 'Audio_RemoveAllStreamPreloadRegions' [h=DE077662,$00A105C0]: cfunction$002F79B8 'Audio_RemoveAllStreamPreloadRegions' [h=DE077662,$00A105C0]
  [Node$01CAAF3C] 'SW_Challenge_Race_HQs2HQm_01_OnStarterBroken' [h=08BCBD56,$00A257C0]: function$00992700 'SW_Challenge_Race_HQs2HQm_01_OnStarterBroken' [h=08BCBD56,$00A257C0]
    CONST$00958390 k0  'challenge_Recycler_OnStarterBroken' [h=8855A662,$00A07100]
    CONST$00958398 k1  'tSW_Challenge_Race_HQs2HQm_01' [h=34E6356F,$009D6780]
    CODE $00958380
      000 00000005 GETGLOBAL r0 := _G[k0 ('challenge_Recycler_OnStarterBroken' [h=8855A662,$00A07100])]
      001 01000045 GETGLOBAL r1 := _G[k1 ('tSW_Challenge_Race_HQs2HQm_01' [h=34E6356F,$009D6780])]
      002 00010059      CALL r0 (1 args) => 0 results
      003 0000801B    RETURN r0 ... r-1
  [Node$01CAAF50] 'SW_Challenge_Race_HQs2HQm_01_OnStarterSpent' [h=ABD6D046,$00A03F00]: function$00982480 'SW_Challenge_Race_HQs2HQm_01_OnStarterSpent' [h=ABD6D046,$00A03F00]
    CONST$009583A0 k0  'challenge_Recycler_OnStarterSpent' [h=B4FA0A88,$00A10D40]
    CONST$009583A8 k1  'tSW_Challenge_Race_HQs2HQm_01' [h=34E6356F,$009D6780]
    CODE $009583C0
      000 00000005 GETGLOBAL r0 := _G[k0 ('challenge_Recycler_OnStarterSpent' [h=B4FA0A88,$00A10D40])]
      001 01000045 GETGLOBAL r1 := _G[k1 ('tSW_Challenge_Race_HQs2HQm_01' [h=34E6356F,$009D6780])]
      002 00010059      CALL r0 (1 args) => 0 results
      003 0000801B    RETURN r0 ... r-1
  [Node$01CAAF64] 'SW_Challenge_Race_HQs2HQm_01_Hide' [h=68DDCADA,$009D5840]: function$0097B220 'SW_Challenge_Race_HQs2HQm_01_Hide' [h=68DDCADA,$009D5840]
    CONST$009583F0 k0  'challenge_Recycler_Hide' [h=C6CFE144,$00A40380]
    CONST$009583F8 k1  'tSW_Challenge_Race_HQs2HQm_01' [h=34E6356F,$009D6780]
    CODE $009583E0
      000 00000005 GETGLOBAL r0 := _G[k0 ('challenge_Recycler_Hide' [h=C6CFE144,$00A40380])]
      001 01000045 GETGLOBAL r1 := _G[k1 ('tSW_Challenge_Race_HQs2HQm_01' [h=34E6356F,$009D6780])]
      002 00010059      CALL r0 (1 args) => 0 results
      003 0000801B    RETURN r0 ... r-1
  [Node$01CAAF78] 'util_GetBribeCost' [h=64F50666,$00A3EB00]: function$009940A0 'util_GetBribeCost' [h=64F50666,$00A3EB00]
    CONST$00A3AC00 k0  1.0
    CONST$00A3AC08 k1  25000.0
    CONST$00A3AC10 k2  2.0
    CONST$00A3AC18 k3  100000.0
    CONST$00A3AC20 k4  3.0
    CONST$00A3AC28 k5  250000.0
    CONST$00A3AC30 k6  4.0
    CONST$00A3AC38 k7  1000000.0
    CODE $00B2C840
      000 00003E95       BEQ r0 == k0 (1.0)
      001 00800094       JMP +3 ; 5
      002 01000041     LOADK r1 := k1 (25000.0)
      003 0101001B    RETURN r1 ... r1
      004 00800354       JMP +14 ; 19
      005 00003F15       BEQ r0 == k2 (2.0)
      006 00800094       JMP +3 ; 10
      007 010000C1     LOADK r1 := k3 (100000.0)
      008 0101001B    RETURN r1 ... r1
      009 00800214       JMP +9 ; 19
      010 00003F95       BEQ r0 == k4 (3.0)
      011 00800094       JMP +3 ; 15
      012 01000141     LOADK r1 := k5 (250000.0)
      013 0101001B    RETURN r1 ... r1
      014 008000D4       JMP +4 ; 19
      015 00004015       BEQ r0 == k6 (4.0)
      016 00800054       JMP +2 ; 19
      017 010001C1     LOADK r1 := k7 (1000000.0)
      018 0101001B    RETURN r1 ... r1
      019 0000801B    RETURN r0 ... r-1
  [Node$01CAAF8C] 'SW_Challenge_Race_HQs2HQm_01_Show' [h=A3877486,$009FFD00]: function$00991A00 'SW_Challenge_Race_HQs2HQm_01_Show' [h=A3877486,$009FFD00]
    CONST$00958410 k0  'challenge_Recycler_Show' [h=BA823C25,$009FC3C0]
    CONST$00958418 k1  'tSW_Challenge_Race_HQs2HQm_01' [h=34E6356F,$009D6780]
    CODE $00958430
      000 00000005 GETGLOBAL r0 := _G[k0 ('challenge_Recycler_Show' [h=BA823C25,$009FC3C0])]
      001 01000045 GETGLOBAL r1 := _G[k1 ('tSW_Challenge_Race_HQs2HQm_01' [h=34E6356F,$009D6780])]
      002 00010059      CALL r0 (1 args) => 0 results
      003 0000801B    RETURN r0 ... r-1
  [Node$01CAAFA0] 'SW_Challenge_Race_HQs2HQm_01_SetupAiInNamedVehicle' [h=AA981B1E,$00A9AC40]: function$0099B8E0 'SW_Challenge_Race_HQs2HQm_01_SetupAiInNamedVehicle' [h=AA981B1E,$00A9AC40]
    CONST$00958440 k0  'challenge_Recycler_Vehicle_Setup' [h=2383F7A5,$009E2480]
    CONST$00958448 k1  'tSW_Challenge_Race_HQs2HQm_01' [h=34E6356F,$009D6780]
    CODE $0098BCC0
      000 03000005 GETGLOBAL r3 := _G[k0 ('challenge_Recycler_Vehicle_Setup' [h=2383F7A5,$009E2480])]
      001 04000045 GETGLOBAL r4 := _G[k1 ('tSW_Challenge_Race_HQs2HQm_01' [h=34E6356F,$009D6780])]
      002 05000000      MOVE r5 := r0
      003 06008000      MOVE r6 := r1
      004 03020059      CALL r3 (3 args) => 0 results
      005 0000801B    RETURN r0 ... r-1
  [Node$01CAAFB4] 'SW_Challenge_Race_HQs2HQm_01_End' [h=EA9025C3,$00A074C0]: function$00980B40 'SW_Challenge_Race_HQs2HQm_01_End' [h=EA9025C3,$00A074C0]
    CONST$00958470 k0  'challenge_Recycler_End' [h=F30AB795,$009E4CC0]
    CONST$00958478 k1  'tSW_Challenge_Race_HQs2HQm_01' [h=34E6356F,$009D6780]
    CODE $009584B0
      000 00000005 GETGLOBAL r0 := _G[k0 ('challenge_Recycler_End' [h=F30AB795,$009E4CC0])]
      001 01000045 GETGLOBAL r1 := _G[k1 ('tSW_Challenge_Race_HQs2HQm_01' [h=34E6356F,$009D6780])]
      002 00010059      CALL r0 (1 args) => 0 results
      003 0000801B    RETURN r0 ... r-1
  [Node$01CAAFC8] 'ActorVehicle_IsExtractionHelicopter' [h=3FBA1E6A,$00A11340]: cfunction$002B0428 'ActorVehicle_IsExtractionHelicopter' [h=3FBA1E6A,$00A11340]
  [Node$01CAAFDC] 'nenc_ff2527' [h=6FA39E6B,$0097F160]: table$009886C0[a=0,h=4]
    [Node$00AAABD4] 'tLocationObjectsA' [h=2C5376F5,$00A01980]: table$00981300[a=8,h=1]
    [Node$00AAABE8] 'sEncounter' [h=4CD961D9,$009A5C20]: 'ff2527' [h=1DBE23E0,$00993620]
    [Node$00AAABFC] 'tLocationObjectsB' [h=CEC61813,$00A073C0]: table$009A2240[a=8,h=1]
  [Node$01CAAFF0] 'loc_ff2916_s' [h=EE72DE6C,$009AB360]: table$00995660[a=8,h=1]
    [0:$00A13380] 'ff2916_9' [h=E110B18D,$009C6A40]
    [1:$00A13388] 'ff2916_10' [h=DA9354DF,$009ABD80]
    [2:$00A13390] 'ff2916_11' [h=EEF85002,$009C44E0]
    [3:$00A13398] 'ff2916_12' [h=1D87E870,$009AB680]
    [4:$00A133A0] 'ff2916_13' [h=3CA20C00,$009815A0]
    [5:$00A133A8] 'ff2916_14' [h=0C652669,$0099B760]
    [6:$00A133B0] 'ff2916_15' [h=5C9E60C9,$009AADA0]
    [7:$00A133B8] 'ff2916_16' [h=D283F9E9,$009A56C0]
  [Node$01CAB004] 'Boundary_Enable' [h=65FD5E6D,$009C7140]: cfunction$002C8AC0 'Boundary_Enable' [h=65FD5E6D,$009C7140]
  [Node$01CAB018] 'loc_ff0812_n' [h=C2D4166E,$0097D900]: table$009C4C80[a=8,h=1]
  [Node$01CAB02C] 'Support_ResetToDefault' [h=692AE66F,$009E25C0]: cfunction$002F72E8 'Support_ResetToDefault' [h=692AE66F,$009E25C0]
  [Node$01CAB040] 'SW_Challenge_Race_HQs2HQm_01_Start' [h=245339E9,$009E0380]: function$009A2E40 'SW_Challenge_Race_HQs2HQm_01_Start' [h=245339E9,$009E0380]
    CONST$009584E0 k0  'challenge_Recycler_Start' [h=26A0F7E1,$00A04240]
    CONST$009584E8 k1  'tSW_Challenge_Race_HQs2HQm_01' [h=34E6356F,$009D6780]
    CODE $00958530
      000 00000005 GETGLOBAL r0 := _G[k0 ('challenge_Recycler_Start' [h=26A0F7E1,$00A04240])]
      001 01000045 GETGLOBAL r1 := _G[k1 ('tSW_Challenge_Race_HQs2HQm_01' [h=34E6356F,$009D6780])]
      002 00010059      CALL r0 (1 args) => 0 results
      003 0000801B    RETURN r0 ... r-1
  [Node$01CAB054] 'Ui_RemoveChallengeMarkerActor' [h=56DAC671,$009DDF40]: cfunction$002A8328 'Ui_RemoveChallengeMarkerActor' [h=56DAC671,$009DDF40]
  [Node$01CAB068] 'SW_Challenge_Race_HQs2HQm_01_QuestionBox' [h=F9152E7A,$009EE5C0]: function$0099B1C0 'SW_Challenge_Race_HQs2HQm_01_QuestionBox' [h=F9152E7A,$009EE5C0]
    CONST$00958500 k0  'challenge_Recycler_QuestionBox' [h=BB143599,$00A40480]
    CONST$00958508 k1  'tSW_Challenge_Race_HQs2HQm_01' [h=34E6356F,$009D6780]
    CODE $0097B560
      000 03000005 GETGLOBAL r3 := _G[k0 ('challenge_Recycler_QuestionBox' [h=BB143599,$00A40480])]
      001 04000045 GETGLOBAL r4 := _G[k1 ('tSW_Challenge_Race_HQs2HQm_01' [h=34E6356F,$009D6780])]
      002 05000000      MOVE r5 := r0
      003 06008000      MOVE r6 := r1
      004 07010000      MOVE r7 := r2
      005 03028059      CALL r3 (4 args) => 0 results
      006 0000801B    RETURN r0 ... r-1
  [Node$01CAB07C] 'Event_AiIsPassenger' [h=D8938E73,$00A0B4C0]: cfunction$002BBF18 'Event_AiIsPassenger' [h=D8938E73,$00A0B4C0]
  [Node$01CAB090] 'SW_Challenge_Race_HQm2HQc_01_OnStarterBroken' [h=08BCBD56,$009FC480]: function$00980BC0 'SW_Challenge_Race_HQm2HQc_01_OnStarterBroken' [h=08BCBD56,$009FC480]
    CONST$00958560 k0  'challenge_Recycler_OnStarterBroken' [h=8855A662,$00A07100]
    CONST$00958568 k1  'tSW_Challenge_Race_HQm2HQc_01' [h=876BBF1B,$00A2EB80]
    CODE $00958590
      000 00000005 GETGLOBAL r0 := _G[k0 ('challenge_Recycler_OnStarterBroken' [h=8855A662,$00A07100])]
      001 01000045 GETGLOBAL r1 := _G[k1 ('tSW_Challenge_Race_HQm2HQc_01' [h=876BBF1B,$00A2EB80])]
      002 00010059      CALL r0 (1 args) => 0 results
      003 0000801B    RETURN r0 ... r-1
  [Node$01CAB0A4] 'Building_SiloLaunch' [h=9D6C3F30,$00A06640]: cfunction$002C1BB8 'Building_SiloLaunch' [h=9D6C3F30,$00A06640]
  [Node$01CAB0B8] 'SW_Challenge_Race_HQm2HQc_01_Show' [h=5E805CE8,$009E9140]: function$00999660 'SW_Challenge_Race_HQm2HQc_01_Show' [h=5E805CE8,$009E9140]
    CONST$009585F0 k0  'challenge_Recycler_Show' [h=BA823C25,$009FC3C0]
    CONST$009585F8 k1  'tSW_Challenge_Race_HQm2HQc_01' [h=876BBF1B,$00A2EB80]
    CODE $00958610
      000 00000005 GETGLOBAL r0 := _G[k0 ('challenge_Recycler_Show' [h=BA823C25,$009FC3C0])]
      001 01000045 GETGLOBAL r1 := _G[k1 ('tSW_Challenge_Race_HQm2HQc_01' [h=876BBF1B,$00A2EB80])]
      002 00010059      CALL r0 (1 args) => 0 results
      003 0000801B    RETURN r0 ... r-1
  [Node$01CAB0CC] 'SW_Challenge_Race_HQm2HQc_01_SetupAiInNamedVehicle' [h=AA981B1E,$00AAC940]: function$0097B940 'SW_Challenge_Race_HQm2HQc_01_SetupAiInNamedVehicle' [h=AA981B1E,$00AAC940]
    CONST$00962750 k0  'challenge_Recycler_Vehicle_Setup' [h=2383F7A5,$009E2480]
    CONST$00962758 k1  'tSW_Challenge_Race_HQm2HQc_01' [h=876BBF1B,$00A2EB80]
    CODE $009A3620
      000 03000005 GETGLOBAL r3 := _G[k0 ('challenge_Recycler_Vehicle_Setup' [h=2383F7A5,$009E2480])]
      001 04000045 GETGLOBAL r4 := _G[k1 ('tSW_Challenge_Race_HQm2HQc_01' [h=876BBF1B,$00A2EB80])]
      002 05000000      MOVE r5 := r0
      003 06008000      MOVE r6 := r1
      004 03020059      CALL r3 (3 args) => 0 results
      005 0000801B    RETURN r0 ... r-1
  [Node$01CAB0E0] 'SW_Challenge_Race_HQm2HQc_01_WaitForReinitOpportunity' [h=6B146C69,$00AB9DC0]: function$0099C700 'SW_Challenge_Race_HQm2HQc_01_WaitForReinitOpportunity' [h=6B146C69,$00AB9DC0]
    CONST$00962780 k0  'challenge_Recycler_WaitForReinitOpportunity' [h=E437AA1D,$009E6000]
    CONST$00962788 k1  'tSW_Challenge_Race_HQm2HQc_01' [h=876BBF1B,$00A2EB80]
    CODE $00962770
      000 00000005 GETGLOBAL r0 := _G[k0 ('challenge_Recycler_WaitForReinitOpportunity' [h=E437AA1D,$009E6000])]
      001 01000045 GETGLOBAL r1 := _G[k1 ('tSW_Challenge_Race_HQm2HQc_01' [h=876BBF1B,$00A2EB80])]
      002 00010059      CALL r0 (1 args) => 0 results
      003 0000801B    RETURN r0 ... r-1
  [Node$01CAB0F4] 'SW_Challenge_Race_HQm2HQc_01_End' [h=EA9025C3,$009CFBC0]: function$009817C0 'SW_Challenge_Race_HQm2HQc_01_End' [h=EA9025C3,$009CFBC0]
    CONST$009627B0 k0  'challenge_Recycler_End' [h=F30AB795,$009E4CC0]
    CONST$009627B8 k1  'tSW_Challenge_Race_HQm2HQc_01' [h=876BBF1B,$00A2EB80]
    CODE $009627A0
      000 00000005 GETGLOBAL r0 := _G[k0 ('challenge_Recycler_End' [h=F30AB795,$009E4CC0])]
      001 01000045 GETGLOBAL r1 := _G[k1 ('tSW_Challenge_Race_HQm2HQc_01' [h=876BBF1B,$00A2EB80])]
      002 00010059      CALL r0 (1 args) => 0 results
      003 0000801B    RETURN r0 ... r-1
  [Node$01CAB108] 'nenc_ff3229_v' [h=CD82667A,$00980840]: table$009AB620[a=0,h=4]
    [Node$00AC0FD4] 'tLocationObjectsA' [h=2C5376F5,$00A01980]: table$009A4440[a=2,h=1]
    [Node$00AC0FE8] 'sEncounter' [h=4CD961D9,$009A5C20]: 'ff3229' [h=F0297C0C,$00985A00]
    [Node$00AC0FFC] 'tLocationObjectsB' [h=CEC61813,$00A073C0]: nil
  [Node$01CAB11C] 'SW_Challenge_Race_HQm2HQc_01_Start' [h=245339E9,$00A0C480]: function$00991680 'SW_Challenge_Race_HQm2HQc_01_Start' [h=245339E9,$00A0C480]
    CONST$009627E0 k0  'challenge_Recycler_Start' [h=26A0F7E1,$00A04240]
    CONST$009627E8 k1  'tSW_Challenge_Race_HQm2HQc_01' [h=876BBF1B,$00A2EB80]
    CODE $009627D0
      000 00000005 GETGLOBAL r0 := _G[k0 ('challenge_Recycler_Start' [h=26A0F7E1,$00A04240])]
      001 01000045 GETGLOBAL r1 := _G[k1 ('tSW_Challenge_Race_HQm2HQc_01' [h=876BBF1B,$00A2EB80])]
      002 00010059      CALL r0 (1 args) => 0 results
      003 0000801B    RETURN r0 ... r-1
  [Node$01CAB130] 'SW_Challenge_Race_HQm2HQc_01_QuestionBox' [h=F9152E7A,$00A044C0]: function$00988460 'SW_Challenge_Race_HQm2HQc_01_QuestionBox' [h=F9152E7A,$00A044C0]
    CONST$009627F0 k0  'challenge_Recycler_QuestionBox' [h=BB143599,$00A40480]
    CONST$009627F8 k1  'tSW_Challenge_Race_HQm2HQc_01' [h=876BBF1B,$00A2EB80]
    CODE $009C7C80
      000 03000005 GETGLOBAL r3 := _G[k0 ('challenge_Recycler_QuestionBox' [h=BB143599,$00A40480])]
      001 04000045 GETGLOBAL r4 := _G[k1 ('tSW_Challenge_Race_HQm2HQc_01' [h=876BBF1B,$00A2EB80])]
      002 05000000      MOVE r5 := r0
      003 06008000      MOVE r6 := r1
      004 07010000      MOVE r7 := r2
      005 03028059      CALL r3 (4 args) => 0 results
      006 0000801B    RETURN r0 ... r-1
  [Node$01CAB144] 'gameflow_CardIsDormant' [h=587430DC,$00A2CFC0]: function$00984800 'gameflow_CardIsDormant' [h=587430DC,$00A2CFC0]
    CONST$00C4B240 k0  'tDeckNameLookup' [h=A7B158D1,$00984260]
    CONST$00C4B248 k1  'Utility_GetActorAsInt' [h=A2B359A3,$00A0FF40]
    CONST$00C4B250 k2  'suit' [h=0078DBD6,$009C7760]
    CONST$00C4B258 k3  'rank' [h=0074F9BF,$00985720]
    CONST$00C4B260 k4  'actorName' [h=4EB2E2FD,$00997FC0]
    CONST$00C4B268 k5  'Utility_GetStringById' [h=F7067A6C,$009D9780]
    CONST$00C4B270 k6  'cards.' [h=D57F6D19,$0098D820]
    CONST$00C4B278 k7  '.' [h=0000004F,$009804C0]
    CONST$00C4B280 k8  '.Name' [h=10ED9EC8,$00980D00]
    CONST$00C4B288 k9  'Objective' [h=6EC2C442,$0098A3C0]
    CONST$00C4B290 k10 'gameflow_DoesPlayerHaveCardIntel' [h=A6CC3E05,$00A2D240]
    CONST$00C4B298 k11 'util_PrintDebugMsg' [h=A2961C17,$00A11FC0]
    CONST$00C4B2A0 k12 '[gameflow.lua] Verification objective for ' [h=5FA7DA01,$00A2D040]
    CONST$00C4B2A8 k13 ' (' [h=00000D10,$0097DA60]
    CONST$00C4B2B0 k14 ') ' [h=00000CE3,$00981460]
    CONST$00C4B2B8 k15 'removed\n' [h=2F6AADA4,$0098B320]
    CONST$00C4B2C0 k16 'mission_ModifyObjective' [h=CACD7EB6,$00A2CF40]
    CONST$00C4B2C8 k17 'targets' [h=0DB147A6,$00980A60]
    CONST$00C4B2D0 k18 'markInGPS' [h=1F1CD89F,$00979C40]
    CONST$00C4B2D8 k19 'markInWorld' [h=5268B4A8,$0097C860]
    CONST$00C4B2E0 k20 'bForceRemove' [h=7DD64BE6,$00979DC0]
    CONST$00C4B2E8 k21 'bForceRedraw' [h=B0EEE69E,$00984EE0]
    CONST$00C4B2F0 k22 'bCardIdentified' [h=9E3CFB0E,$0098A1C0]
    CONST$00C4B2F8 k23 'mission_RemoveObjective' [h=B90D805B,$00A2CF00]
    CONST$00C4B300 k24 'added\n' [h=CB3E69BA,$0098C600]
    CONST$00C4B308 k25 'gameflow_CreateNumberCardVerifyObjective' [h=8E902A3C,$00A37940]
    CONST$00C4B310 k26 'events' [h=7B78A23A,$0097D180]
    CONST$00C4B318 k27 'hCardDormantEvent' [h=A8580966,$00A37B40]
    CONST$00C4B320 k28 'gameflow_SetupEventCardIsDormant' [h=FDEEF66B,$00A37900]
    CODE $00CFD480
      000 02000005 GETGLOBAL r2 := _G[k0 ('tDeckNameLookup' [h=A7B158D1,$00984260])]
      001 03000045 GETGLOBAL r3 := _G[k1 ('Utility_GetActorAsInt' [h=A2B359A3,$00A0FF40])]
      002 04000000      MOVE r4 := r0
      003 03010099      CALL r3 (1 args) => 1 results
      004 020100C6  GETTABLE r2 := r2[r3]
      005 03013F06  GETTABLE r3 := r2[k2 ('suit' [h=0078DBD6,$009C7760])]
      006 04013F46  GETTABLE r4 := r2[k3 ('rank' [h=0074F9BF,$00985720])]
      007 05013F86  GETTABLE r5 := r2[k4 ('actorName' [h=4EB2E2FD,$00997FC0])]
      008 06000145 GETGLOBAL r6 := _G[k5 ('Utility_GetStringById' [h=F7067A6C,$009D9780])]
      009 07000181     LOADK r7 := k6 ('cards.' [h=D57F6D19,$0098D820])
      010 08018000      MOVE r8 := r3
      011 090001C1     LOADK r9 := k7 ('.' [h=0000004F,$009804C0])
      012 0A020000      MOVE r10 := r4
      013 0B000201     LOADK r11 := k8 ('.Name' [h=10ED9EC8,$00980D00])
      014 070382D3    CONCAT r7 := r7 ... r11
      015 06010099      CALL r6 (1 args) => 1 results
      016 07018000      MOVE r7 := r3
      017 08020000      MOVE r8 := r4
      018 09000241     LOADK r9 := k9 ('Objective' [h=6EC2C442,$0098A3C0])
      019 07038253    CONCAT r7 := r7 ... r9
      020 08000285 GETGLOBAL r8 := _G[k10 ('gameflow_DoesPlayerHaveCardIntel' [h=A6CC3E05,$00A2D240])]
      021 09018000      MOVE r9 := r3
      022 0A020000      MOVE r10 := r4
      023 08018099      CALL r8 (2 args) => 1 results
      024 090002C5 GETGLOBAL r9 := _G[k11 ('util_PrintDebugMsg' [h=A2961C17,$00A11FC0])]
      025 0A000301     LOADK r10 := k12 ('[gameflow.lua] Verification objective for ' [h=5FA7DA01,$00A2D040])
      026 0B028000      MOVE r11 := r5
      027 0C000341     LOADK r12 := k13 (' (' [h=00000D10,$0097DA60])
      028 0D030000      MOVE r13 := r6
      029 0E000381     LOADK r14 := k14 (') ' [h=00000CE3,$00981460])
      030 0A050393    CONCAT r10 := r10 ... r14
      031 09010059      CALL r9 (1 args) => 0 results
      032 01008018      TEST not r1: r1 := r1 ; or skip
      033 008006D4       JMP +28 ; 62
      034 090002C5 GETGLOBAL r9 := _G[k11 ('util_PrintDebugMsg' [h=A2961C17,$00A11FC0])]
      035 0A0003C1     LOADK r10 := k15 ('removed\n' [h=2F6AADA4,$0098B320])
      036 09010059      CALL r9 (1 args) => 0 results
      037 08040018      TEST not r8: r8 := r8 ; or skip
      038 00800414       JMP +17 ; 56
      039 09000405 GETGLOBAL r9 := _G[k16 ('mission_ModifyObjective' [h=CACD7EB6,$00A2CF40])]
      040 0A00008A  NEWTABLE r10 := {} (#a=0, #h=2)
      041 0B00800A  NEWTABLE r11 := {} (#a=1, #h=0)
      042 0C00008A  NEWTABLE r12 := {} (#a=0, #h=2)
      043 0C7F0149  SETTABLE r5 ->> r12[k4 ('actorName' [h=4EB2E2FD,$00997FC0])]
      044 0D000002  LOADBOOL r13 := False
      045 0C860349  SETTABLE r13 ->> r12[k18 ('markInGPS' [h=1F1CD89F,$00979C40])]
      046 0D000002  LOADBOOL r13 := False
      047 0C868349  SETTABLE r13 ->> r12[k19 ('markInWorld' [h=5268B4A8,$0097C860])]
      048 0B00001F   SETLIST r11 [0]
      049 0A8582C9  SETTABLE r11 ->> r10[k17 ('targets' [h=0DB147A6,$00980A60])]
      050 0B008002  LOADBOOL r11 := True
      051 0A8702C9  SETTABLE r11 ->> r10[k20 ('bForceRemove' [h=7DD64BE6,$00979DC0])]
      052 0B008002  LOADBOOL r11 := True
      053 0A8782C9  SETTABLE r11 ->> r10[k21 ('bForceRedraw' [h=B0EEE69E,$00984EE0])]
      054 09010059      CALL r9 (1 args) => 0 results
      055 00800854       JMP +34 ; 90
      056 09000002  LOADBOOL r9 := False
      057 02880249  SETTABLE r9 ->> r2[k22 ('bCardIdentified' [h=9E3CFB0E,$0098A1C0])]
      058 090005C5 GETGLOBAL r9 := _G[k23 ('mission_RemoveObjective' [h=B90D805B,$00A2CF00])]
      059 0A038000      MOVE r10 := r7
      060 09010059      CALL r9 (1 args) => 0 results
      061 008006D4       JMP +28 ; 90
      062 090002C5 GETGLOBAL r9 := _G[k11 ('util_PrintDebugMsg' [h=A2961C17,$00A11FC0])]
      063 0A000601     LOADK r10 := k24 ('added\n' [h=CB3E69BA,$0098C600])
      064 09010059      CALL r9 (1 args) => 0 results
      065 08040018      TEST not r8: r8 := r8 ; or skip
      066 008004D4       JMP +20 ; 87
      067 09014406  GETTABLE r9 := r2[k22 ('bCardIdentified' [h=9E3CFB0E,$0098A1C0])]
      068 09048018      TEST not r9: r9 := r9 ; or skip
      069 00800414       JMP +17 ; 87
      070 09000405 GETGLOBAL r9 := _G[k16 ('mission_ModifyObjective' [h=CACD7EB6,$00A2CF40])]
      071 0A00008A  NEWTABLE r10 := {} (#a=0, #h=2)
      072 0B00800A  NEWTABLE r11 := {} (#a=1, #h=0)
      073 0C00008A  NEWTABLE r12 := {} (#a=0, #h=2)
      074 0C7F0149  SETTABLE r5 ->> r12[k4 ('actorName' [h=4EB2E2FD,$00997FC0])]
      075 0D008002  LOADBOOL r13 := True
      076 0C860349  SETTABLE r13 ->> r12[k18 ('markInGPS' [h=1F1CD89F,$00979C40])]
      077 0D008002  LOADBOOL r13 := True
      078 0C868349  SETTABLE r13 ->> r12[k19 ('markInWorld' [h=5268B4A8,$0097C860])]
      079 0B00001F   SETLIST r11 [0]
      080 0A8582C9  SETTABLE r11 ->> r10[k17 ('targets' [h=0DB147A6,$00980A60])]
      081 0B008002  LOADBOOL r11 := True
      082 0A8702C9  SETTABLE r11 ->> r10[k20 ('bForceRemove' [h=7DD64BE6,$00979DC0])]
      083 0B008002  LOADBOOL r11 := True
      084 0A8782C9  SETTABLE r11 ->> r10[k21 ('bForceRedraw' [h=B0EEE69E,$00984EE0])]
      085 09010059      CALL r9 (1 args) => 0 results
      086 00800094       JMP +3 ; 90
      087 09000645 GETGLOBAL r9 := _G[k25 ('gameflow_CreateNumberCardVerifyObjective' [h=8E902A3C,$00A37940])]
      088 0A000000      MOVE r10 := r0
      089 09010059      CALL r9 (1 args) => 0 results
      090 09014506  GETTABLE r9 := r2[k26 ('events' [h=7B78A23A,$0097D180])]
      091 0A000705 GETGLOBAL r10 := _G[k28 ('gameflow_SetupEventCardIsDormant' [h=FDEEF66B,$00A37900])]
      092 0B000000      MOVE r11 := r0
      093 0C008012       NOT r12 := not r1
      094 0A018099      CALL r10 (2 args) => 1 results
      095 098A8289  SETTABLE r10 ->> r9[k27 ('hCardDormantEvent' [h=A8580966,$00A37B40])]
      096 0000801B    RETURN r0 ... r-1
  [Node$01CAB158] 'SW_Challenge_Race_HQm2HQc_01_GoalBestTime' [h=75CFCFA2,$00A41200]: function$009854C0 'SW_Challenge_Race_HQm2HQc_01_GoalBestTime' [h=75CFCFA2,$00A41200]
  [Node$01CAB16C] 'Ui_TutorialTrayPrint' [h=A427467F,$00A01040]: cfunction$002A75F8 'Ui_TutorialTrayPrint' [h=A427467F,$00A01040]
  [Node$01CAB180] 'Camera_SetPan' [h=FD64CE80,$0098D5C0]: cfunction$002A5590 'Camera_SetPan' [h=FD64CE80,$0098D5C0]
  [Node$01CAB194] 'gameflow_GetCardActorName' [h=D3E96681,$00A37B00]: function$0097D4A0 'gameflow_GetCardActorName' [h=D3E96681,$00A37B00]
    CONST$00981260 k0  'deck_' [h=10137744,$0097A100]
    CONST$00981268 k1  'Utility_StringFormat' [h=886808AD,$009DDC00]
    CONST$00981270 k2  '%02d' [h=007272B4,$009ABE60]
    CODE $009F7300
      000 02000001     LOADK r2 := k0 ('deck_' [h=10137744,$0097A100])
      001 03000000      MOVE r3 := r0
      002 04000045 GETGLOBAL r4 := _G[k1 ('Utility_StringFormat' [h=886808AD,$009DDC00])]
      003 05000081     LOADK r5 := k2 ('%02d' [h=007272B4,$009ABE60])
      004 06008000      MOVE r6 := r1
      005 04018099      CALL r4 (2 args) => 1 results
      006 02010113    CONCAT r2 := r2 ... r4
      007 0201001B    RETURN r2 ... r2
      008 0000801B    RETURN r0 ... r-1
  [Node$01CAB1A8] 'Actor_IsInvincible' [h=B1CD2E82,$00A0FFC0]: cfunction$002AA368 'Actor_IsInvincible' [h=B1CD2E82,$00A0FFC0]
  [Node$01CAB1BC] 'Event_ActorSold' [h=F4423E83,$0098D620]: cfunction$002BA9C0 'Event_ActorSold' [h=F4423E83,$0098D620]
  [Node$01CAB1D0] 'SW_Challenge_Race_HQm2HQa_01_OnStarterBroken' [h=08BCBD56,$009EE7C0]: function$00984600 'SW_Challenge_Race_HQm2HQa_01_OnStarterBroken' [h=08BCBD56,$009EE7C0]
    CONST$00962850 k0  'challenge_Recycler_OnStarterBroken' [h=8855A662,$00A07100]
    CONST$00962858 k1  'tSW_Challenge_Race_HQm2HQa_01' [h=AC4038AB,$009CCC00]
    CODE $00962840
      000 00000005 GETGLOBAL r0 := _G[k0 ('challenge_Recycler_OnStarterBroken' [h=8855A662,$00A07100])]
      001 01000045 GETGLOBAL r1 := _G[k1 ('tSW_Challenge_Race_HQm2HQa_01' [h=AC4038AB,$009CCC00])]
      002 00010059      CALL r0 (1 args) => 0 results
      003 0000801B    RETURN r0 ... r-1
  [Node$01CAB1E4] 'Utility_GetActorsVehicle' [h=19764E85,$00A0F8C0]: cfunction$002C2448 'Utility_GetActorsVehicle' [h=19764E85,$00A0F8C0]
  [Node$01CAB1F8] 'SW_Challenge_Race_HQm2HQa_01_OnStarterSpent' [h=9F1E89DE,$009CC680]: function$009933A0 'SW_Challenge_Race_HQm2HQa_01_OnStarterSpent' [h=9F1E89DE,$009CC680]
    CONST$00962880 k0  'challenge_Recycler_OnStarterSpent' [h=B4FA0A88,$00A10D40]
    CONST$00962888 k1  'tSW_Challenge_Race_HQm2HQa_01' [h=AC4038AB,$009CCC00]
    CODE $00962870
      000 00000005 GETGLOBAL r0 := _G[k0 ('challenge_Recycler_OnStarterSpent' [h=B4FA0A88,$00A10D40])]
      001 01000045 GETGLOBAL r1 := _G[k1 ('tSW_Challenge_Race_HQm2HQa_01' [h=AC4038AB,$009CCC00])]
      002 00010059      CALL r0 (1 args) => 0 results
      003 0000801B    RETURN r0 ... r-1
  [Node$01CAB20C] 'SW_Challenge_Race_HQm2HQa_01_Hide' [h=9A44C403,$009FCDC0]: function$009C3FA0 'SW_Challenge_Race_HQm2HQa_01_Hide' [h=9A44C403,$009FCDC0]
    CONST$009628B0 k0  'challenge_Recycler_Hide' [h=C6CFE144,$00A40380]
    CONST$009628B8 k1  'tSW_Challenge_Race_HQm2HQa_01' [h=AC4038AB,$009CCC00]
    CODE $009628A0
      000 00000005 GETGLOBAL r0 := _G[k0 ('challenge_Recycler_Hide' [h=C6CFE144,$00A40380])]
      001 01000045 GETGLOBAL r1 := _G[k1 ('tSW_Challenge_Race_HQm2HQa_01' [h=AC4038AB,$009CCC00])]
      002 00010059      CALL r0 (1 args) => 0 results
      003 0000801B    RETURN r0 ... r-1
  [Node$01CAB220] 'SetupChallenges' [h=BCBE9688,$009A6200]: function$00998C00 'SetupChallenges' [h=BCBE9688,$009A6200]
    CONST$00A411C0 k0  'Utility_LoadUtilityScript' [h=08CA6B86,$009DD4C0]
    CONST$00A411C8 k1  'challenge' [h=D48626E1,$009A63C0]
    CONST$00A411D0 k2  'Utility_ReadStringFromScribbleMemory' [h=5455F3B9,$00A0B700]
    CONST$00A411D8 k3  'SkipTo_Map' [h=F88EFA9D,$009A69E0]
    CONST$00A411E0 k4  'function_Call' [h=35CC729B,$009A6380]
    CONST$00A411E8 k5  'challenge_Init' [h=2955D744,$009A63E0]
    CONST$00A411F0 k6  'chapter' [h=9A11FF20,$00997D80]
    CONST$00A411F8 k7  'challenge_SetupEvents' [h=F42020E8,$009DCCC0]
    CODE $00AA1440
      000 00000005 GETGLOBAL r0 := _G[k0 ('Utility_LoadUtilityScript' [h=08CA6B86,$009DD4C0])]
      001 01000041     LOADK r1 := k1 ('challenge' [h=D48626E1,$009A63C0])
      002 00010059      CALL r0 (1 args) => 0 results
      003 00000085 GETGLOBAL r0 := _G[k2 ('Utility_ReadStringFromScribbleMemory' [h=5455F3B9,$00A0B700])]
      004 010000C1     LOADK r1 := k3 ('SkipTo_Map' [h=F88EFA9D,$009A69E0])
      005 00010099      CALL r0 (1 args) => 1 results
      006 01000105 GETGLOBAL r1 := _G[k4 ('function_Call' [h=35CC729B,$009A6380])]
      007 02000145 GETGLOBAL r2 := _G[k5 ('challenge_Init' [h=2955D744,$009A63E0])]
      008 03000000      MOVE r3 := r0
      009 04000185 GETGLOBAL r4 := _G[k6 ('chapter' [h=9A11FF20,$00997D80])]
      010 01020059      CALL r1 (3 args) => 0 results
      011 01000105 GETGLOBAL r1 := _G[k4 ('function_Call' [h=35CC729B,$009A6380])]
      012 020001C5 GETGLOBAL r2 := _G[k7 ('challenge_SetupEvents' [h=F42020E8,$009DCCC0])]
      013 03000000      MOVE r3 := r0
      014 04000185 GETGLOBAL r4 := _G[k6 ('chapter' [h=9A11FF20,$00997D80])]
      015 01020059      CALL r1 (3 args) => 0 results
      016 0000801B    RETURN r0 ... r-1
  [Node$01CAB234] 'tFirstMissions' [h=26FABE89,$009C4BE0]: table$009818A0[a=0,h=8]
    [Node$00BB79D0] 'sk' [h=00001514,$009A6180]: 1.0
    [Node$00BB79E4] 'mafia' [h=11226556,$009A6140]: 1.0
    [Node$00BB79F8] 'china' [h=1129D14E,$009A6060]: 1.0
    [Node$00BB7A0C] 'allies' [h=B57F1C27,$009A61A0]: 2.0
  [Node$01CAB248] 'SW_Challenge_Race_HQm2HQa_01_SetupAiInNamedVehicle' [h=AA981B1E,$00ABA9C0]: function$009971C0 'SW_Challenge_Race_HQm2HQa_01_SetupAiInNamedVehicle' [h=AA981B1E,$00ABA9C0]
    CONST$009628F0 k0  'challenge_Recycler_Vehicle_Setup' [h=2383F7A5,$009E2480]
    CONST$009628F8 k1  'tSW_Challenge_Race_HQm2HQa_01' [h=AC4038AB,$009CCC00]
    CODE $009C7CC0
      000 03000005 GETGLOBAL r3 := _G[k0 ('challenge_Recycler_Vehicle_Setup' [h=2383F7A5,$009E2480])]
      001 04000045 GETGLOBAL r4 := _G[k1 ('tSW_Challenge_Race_HQm2HQa_01' [h=AC4038AB,$009CCC00])]
      002 05000000      MOVE r5 := r0
      003 06008000      MOVE r6 := r1
      004 03020059      CALL r3 (3 args) => 0 results
      005 0000801B    RETURN r0 ... r-1
  [Node$01CAB25C] 'SW_Challenge_Race_HQm2HQa_01_End' [h=EA9025C3,$00A29B00]: function$0097CDE0 'SW_Challenge_Race_HQm2HQa_01_End' [h=EA9025C3,$00A29B00]
    CONST$00962950 k0  'challenge_Recycler_End' [h=F30AB795,$009E4CC0]
    CONST$00962958 k1  'tSW_Challenge_Race_HQm2HQa_01' [h=AC4038AB,$009CCC00]
    CODE $00962940
      000 00000005 GETGLOBAL r0 := _G[k0 ('challenge_Recycler_End' [h=F30AB795,$009E4CC0])]
      001 01000045 GETGLOBAL r1 := _G[k1 ('tSW_Challenge_Race_HQm2HQa_01' [h=AC4038AB,$009CCC00])]
      002 00010059      CALL r0 (1 args) => 0 results
      003 0000801B    RETURN r0 ... r-1
  [Node$01CAB270] 'SW_challenge_Race01_Start' [h=B04B1E8C,$00A032C0]: function$00986AE0 'SW_challenge_Race01_Start' [h=B04B1E8C,$00A032C0]
    CONST$00962E20 k0  'challenge_Recycler_Start' [h=26A0F7E1,$00A04240]
    CONST$00962E28 k1  'tSW_Challenge_Race01' [h=913D041D,$009D3D40]
    CODE $00962E10
      000 00000005 GETGLOBAL r0 := _G[k0 ('challenge_Recycler_Start' [h=26A0F7E1,$00A04240])]
      001 01000045 GETGLOBAL r1 := _G[k1 ('tSW_Challenge_Race01' [h=913D041D,$009D3D40])]
      002 00010059      CALL r0 (1 args) => 0 results
      003 0000801B    RETURN r0 ... r-1
  [Node$01CAB284] 'SW_Challenge_Race_HQm2HQa_01_Start' [h=245339E9,$00A41780]: function$00991620 'SW_Challenge_Race_HQm2HQa_01_Start' [h=245339E9,$00A41780]
    CONST$00962980 k0  'challenge_Recycler_Start' [h=26A0F7E1,$00A04240]
    CONST$00962988 k1  'tSW_Challenge_Race_HQm2HQa_01' [h=AC4038AB,$009CCC00]
    CODE $00962970
      000 00000005 GETGLOBAL r0 := _G[k0 ('challenge_Recycler_Start' [h=26A0F7E1,$00A04240])]
      001 01000045 GETGLOBAL r1 := _G[k1 ('tSW_Challenge_Race_HQm2HQa_01' [h=AC4038AB,$009CCC00])]
      002 00010059      CALL r0 (1 args) => 0 results
      003 0000801B    RETURN r0 ... r-1
  [Node$01CAB298] 'challenge_Recycler_Unsetup' [h=BA0ADE8E,$009E1D00]: function$0097DF00 'challenge_Recycler_Unsetup' [h=BA0ADE8E,$009E1D00]
    CONST$00AB6EC0 k0  'bIsSetup' [h=D7AB01C6,$00997540]
    CONST$00AB6EC8 k1  nil
    CONST$00AB6ED0 k2  'Ui_RemoveChallengeMarkerActor' [h=56DAC671,$009DDF40]
    CONST$00AB6ED8 k3  'sCurrentChallengeStarter' [h=AFEC3F39,$00A01740]
    CONST$00AB6EE0 k4  'challenge_Recycler_ClearTable' [h=895D11AF,$009DCAC0]
    CONST$00AB6EE8 k5  'tEventHandlesForSetup' [h=9B8DA62D,$00A02E00]
    CONST$00AB6EF0 k6  'Utility_GetActor' [h=077E9779,$00A06B80]
    CONST$00AB6EF8 k7  'util_GetActorClass' [h=4850D37F,$00A3C340]
    CONST$00AB6F00 k8  'PROP' [h=00772548,$009923A0]
    CONST$00AB6F08 k9  'Actor_EnableScriptedUse' [h=2140441B,$009FBF80]
    CONST$00AB6F10 k10 'HUMAN' [h=0EA2600B,$00992320]
    CODE $00BFB480
      000 01003E86  GETTABLE r1 := r0[k0 ('bIsSetup' [h=D7AB01C6,$00997540])]
      001 02008002  LOADBOOL r2 := True
      002 00008095       BEQ r1 == r2
      003 008006D4       JMP +28 ; 32
      004 007D3EC9  SETTABLE k1 (nil) ->> r0[k0 ('bIsSetup' [h=D7AB01C6,$00997540])]
      005 01000085 GETGLOBAL r1 := _G[k2 ('Ui_RemoveChallengeMarkerActor' [h=56DAC671,$009DDF40])]
      006 02003F46  GETTABLE r2 := r0[k3 ('sCurrentChallengeStarter' [h=AFEC3F39,$00A01740])]
      007 01010059      CALL r1 (1 args) => 0 results
      008 01000105 GETGLOBAL r1 := _G[k4 ('challenge_Recycler_ClearTable' [h=895D11AF,$009DCAC0])]
      009 02003FC6  GETTABLE r2 := r0[k5 ('tEventHandlesForSetup' [h=9B8DA62D,$00A02E00])]
      010 01010059      CALL r1 (1 args) => 0 results
      011 01000185 GETGLOBAL r1 := _G[k6 ('Utility_GetActor' [h=077E9779,$00A06B80])]
      012 02003F46  GETTABLE r2 := r0[k3 ('sCurrentChallengeStarter' [h=AFEC3F39,$00A01740])]
      013 01010099      CALL r1 (1 args) => 1 results
      014 01008018      TEST not r1: r1 := r1 ; or skip
      015 008003D4       JMP +16 ; 32
      016 020001C5 GETGLOBAL r2 := _G[k7 ('util_GetActorClass' [h=4850D37F,$00A3C340])]
      017 03008000      MOVE r3 := r1
      018 02010099      CALL r2 (1 args) => 1 results
      019 00014095       BEQ r2 == k8 ('PROP' [h=00772548,$009923A0])
      020 00800114       JMP +5 ; 26
      021 03000245 GETGLOBAL r3 := _G[k9 ('Actor_EnableScriptedUse' [h=2140441B,$009FBF80])]
      022 04008000      MOVE r4 := r1
      023 05000002  LOADBOOL r5 := False
      024 03018059      CALL r3 (2 args) => 0 results
      025 00800154       JMP +6 ; 32
      026 00014115       BEQ r2 == k10 ('HUMAN' [h=0EA2600B,$00992320])
      027 008000D4       JMP +4 ; 32
      028 03000245 GETGLOBAL r3 := _G[k9 ('Actor_EnableScriptedUse' [h=2140441B,$009FBF80])]
      029 04008000      MOVE r4 := r1
      030 05000002  LOADBOOL r5 := False
      031 03018059      CALL r3 (2 args) => 0 results
      032 0000801B    RETURN r0 ... r-1
  [Node$01CAB2AC] 'SW_Challenge_Race_HQm2HQa_01_QuestionBox' [h=F9152E7A,$009DB740]: function$009A0880 'SW_Challenge_Race_HQm2HQa_01_QuestionBox' [h=F9152E7A,$009DB740]
    CONST$00962990 k0  'challenge_Recycler_QuestionBox' [h=BB143599,$00A40480]
    CONST$00962998 k1  'tSW_Challenge_Race_HQm2HQa_01' [h=AC4038AB,$009CCC00]
    CODE $00996940
      000 03000005 GETGLOBAL r3 := _G[k0 ('challenge_Recycler_QuestionBox' [h=BB143599,$00A40480])]
      001 04000045 GETGLOBAL r4 := _G[k1 ('tSW_Challenge_Race_HQm2HQa_01' [h=AC4038AB,$009CCC00])]
      002 05000000      MOVE r5 := r0
      003 06008000      MOVE r6 := r1
      004 07010000      MOVE r7 := r2
      005 03028059      CALL r3 (4 args) => 0 results
      006 0000801B    RETURN r0 ... r-1
  [Node$01CAB2C0] 'defaultB' [h=B5E37690,$0098C860]: table$00993B80[a=0,h=4]
    [Node$00AC2D54] 'sSquad' [h=7089B391,$009C60E0]: 'Squad2' [h=FB2240B1,$0097E020]
    [Node$00AC2D7C] 'fSetup' [h=9C855945,$0097EAC0]: nil
  [Node$01CAB2D4] 'Challenge_ReadStatInteger' [h=24AEB691,$00A06C80]: cfunction$002CAA10 'Challenge_ReadStatInteger' [h=24AEB691,$00A06C80]
  [Node$01CAB2E8] 'Mission_EnableGlobalGpsJammer' [h=E706E48D,$00A04DC0]: cfunction$002A09B0 'Mission_EnableGlobalGpsJammer' [h=E706E48D,$00A04DC0]
  [Node$01CAB2FC] 'tSW_Challenge_Race_HQm2HQa_01' [h=AC4038AB,$009CCC00]: table$00993B20[a=0,h=32]
  [Node$01CAB310] 'SW_Challenge_Race_HQm2HQa_01_GoalBestTime' [h=7AB41924,$00A23B00]: function$0098AB40 'SW_Challenge_Race_HQm2HQa_01_GoalBestTime' [h=7AB41924,$00A23B00]
  [Node$01CAB324] 'SW_Challenge_Race_HQc2HQm_01_OnStarterBroken' [h=08BCBD56,$009FD680]: function$0099D7E0 'SW_Challenge_Race_HQc2HQm_01_OnStarterBroken' [h=08BCBD56,$009FD680]
    CONST$009629F0 k0  'challenge_Recycler_OnStarterBroken' [h=8855A662,$00A07100]
    CONST$009629F8 k1  'tSW_Challenge_Race_HQc2HQm_01' [h=6F113451,$009CD280]
    CODE $009629E0
      000 00000005 GETGLOBAL r0 := _G[k0 ('challenge_Recycler_OnStarterBroken' [h=8855A662,$00A07100])]
      001 01000045 GETGLOBAL r1 := _G[k1 ('tSW_Challenge_Race_HQc2HQm_01' [h=6F113451,$009CD280])]
      002 00010059      CALL r0 (1 args) => 0 results
      003 0000801B    RETURN r0 ... r-1
  [Node$01CAB338] 'Player_GetMoney' [h=21DC1219,$009862E0]: cfunction$002BFDB8 'Player_GetMoney' [h=21DC1219,$009862E0]
  [Node$01CAB34C] 'util_GetIconFromActorType' [h=B588C697,$00A3B680]: function$0099B620 'util_GetIconFromActorType' [h=B588C697,$00A3B680]
    CONST$00960900 k0  'util_GetIconFromType' [h=9ADAC1DE,$00A3B600]
    CONST$00960908 k1  'Actor_GetType' [h=DC0B4554,$009777A0]
    CODE $00981E80
      000 01000005 GETGLOBAL r1 := _G[k0 ('util_GetIconFromType' [h=9ADAC1DE,$00A3B600])]
      001 02000045 GETGLOBAL r2 := _G[k1 ('Actor_GetType' [h=DC0B4554,$009777A0])]
      002 03000000      MOVE r3 := r0
      003 02010019      CALL r2 (1 args) => -1 results
      004 0100001A  TAILCALL r1 (-1 args)
      005 0100001B    RETURN r1 ... r-1
      006 0000801B    RETURN r0 ... r-1
  [Node$01CAB360] 'SW_Challenge_Race_HQc2HQm_01_Show' [h=44B888E4,$00A29D00]: function$0099F6A0 'SW_Challenge_Race_HQc2HQm_01_Show' [h=44B888E4,$00A29D00]
    CONST$00962A80 k0  'challenge_Recycler_Show' [h=BA823C25,$009FC3C0]
    CONST$00962A88 k1  'tSW_Challenge_Race_HQc2HQm_01' [h=6F113451,$009CD280]
    CODE $00962A70
      000 00000005 GETGLOBAL r0 := _G[k0 ('challenge_Recycler_Show' [h=BA823C25,$009FC3C0])]
      001 01000045 GETGLOBAL r1 := _G[k1 ('tSW_Challenge_Race_HQc2HQm_01' [h=6F113451,$009CD280])]
      002 00010059      CALL r0 (1 args) => 0 results
      003 0000801B    RETURN r0 ... r-1
  [Node$01CAB374] 'SW_Challenge_Race_HQc2HQm_01_SetupAiInNamedVehicle' [h=AA981B1E,$00ABCF40]: function$009C73C0 'SW_Challenge_Race_HQc2HQm_01_SetupAiInNamedVehicle' [h=AA981B1E,$00ABCF40]
    CONST$00962A90 k0  'challenge_Recycler_Vehicle_Setup' [h=2383F7A5,$009E2480]
    CONST$00962A98 k1  'tSW_Challenge_Race_HQc2HQm_01' [h=6F113451,$009CD280]
    CODE $009A3C00
      000 03000005 GETGLOBAL r3 := _G[k0 ('challenge_Recycler_Vehicle_Setup' [h=2383F7A5,$009E2480])]
      001 04000045 GETGLOBAL r4 := _G[k1 ('tSW_Challenge_Race_HQc2HQm_01' [h=6F113451,$009CD280])]
      002 05000000      MOVE r5 := r0
      003 06008000      MOVE r6 := r1
      004 03020059      CALL r3 (3 args) => 0 results
      005 0000801B    RETURN r0 ... r-1
  [Node$01CAB388] 'Event_SkipCinematic' [h=363CCE9A,$00A10AC0]: cfunction$002BEA90 'Event_SkipCinematic' [h=363CCE9A,$00A10AC0]
  [Node$01CAB39C] 'Ai_SetSquad' [h=18402E9B,$0098AEC0]: cfunction$002B2F00 'Ai_SetSquad' [h=18402E9B,$0098AEC0]
  [Node$01CAB3B0] 'SW_Challenge_Race_HQc2HQm_01_End' [h=EA9025C3,$00A110C0]: function$009A19C0 'SW_Challenge_Race_HQc2HQm_01_End' [h=EA9025C3,$00A110C0]
    CONST$00962AF0 k0  'challenge_Recycler_End' [h=F30AB795,$009E4CC0]
    CONST$00962AF8 k1  'tSW_Challenge_Race_HQc2HQm_01' [h=6F113451,$009CD280]
    CODE $00962AE0
      000 00000005 GETGLOBAL r0 := _G[k0 ('challenge_Recycler_End' [h=F30AB795,$009E4CC0])]
      001 01000045 GETGLOBAL r1 := _G[k1 ('tSW_Challenge_Race_HQc2HQm_01' [h=6F113451,$009CD280])]
      002 00010059      CALL r0 (1 args) => 0 results
      003 0000801B    RETURN r0 ... r-1
  [Node$01CAB3C4] 'SW_challenge_Deliver01_End' [h=5CDF969D,$009E9CC0]: function$0097DEC0 'SW_challenge_Deliver01_End' [h=5CDF969D,$009E9CC0]
    CONST$00957D00 k0  'challenge_Recycler_End' [h=F30AB795,$009E4CC0]
    CONST$00957D08 k1  'tSW_Challenge_Deliver01' [h=83DCCEC7,$00A40D40]
    CODE $00957D10
      000 00000005 GETGLOBAL r0 := _G[k0 ('challenge_Recycler_End' [h=F30AB795,$009E4CC0])]
      001 01000045 GETGLOBAL r1 := _G[k1 ('tSW_Challenge_Deliver01' [h=83DCCEC7,$00A40D40])]
      002 00010059      CALL r0 (1 args) => 0 results
      003 0000801B    RETURN r0 ... r-1
  [Node$01CAB3D8] 'SW_Challenge_Race_HQc2HQm_01_QuestionBox' [h=F9152E7A,$009FE980]: function$009A5D00 'SW_Challenge_Race_HQc2HQm_01_QuestionBox' [h=F9152E7A,$009FE980]
    CONST$00962B30 k0  'challenge_Recycler_QuestionBox' [h=BB143599,$00A40480]
    CONST$00962B38 k1  'tSW_Challenge_Race_HQc2HQm_01' [h=6F113451,$009CD280]
    CODE $00997380
      000 03000005 GETGLOBAL r3 := _G[k0 ('challenge_Recycler_QuestionBox' [h=BB143599,$00A40480])]
      001 04000045 GETGLOBAL r4 := _G[k1 ('tSW_Challenge_Race_HQc2HQm_01' [h=6F113451,$009CD280])]
      002 05000000      MOVE r5 := r0
      003 06008000      MOVE r6 := r1
      004 07010000      MOVE r7 := r2
      005 03028059      CALL r3 (4 args) => 0 results
      006 0000801B    RETURN r0 ... r-1
  [Node$01CAB3EC] 'Actor_GetAttitudeTowardActor' [h=B5F1D69F,$009E2C00]: cfunction$002A9A10 'Actor_GetAttitudeTowardActor' [h=B5F1D69F,$009E2C00]
  [Node$01CAB400] 'Ai_PlaceOnClosestTerrain' [h=A43A86A0,$009E2080]: cfunction$002B22E8 'Ai_PlaceOnClosestTerrain' [h=A43A86A0,$009E2080]
  [Node$01CAB414] 'tSW_Challenge_Race_HQc2HQm_01' [h=6F113451,$009CD280]: table$00990800[a=0,h=32]
  [Node$01CAB428] 'SW_challenge_destroy_hae_01_QuestionBox' [h=A09056A2,$009D18C0]: function$009AC5E0 'SW_challenge_destroy_hae_01_QuestionBox' [h=A09056A2,$009D18C0]
    CONST$00957EF0 k0  'challenge_Recycler_QuestionBox' [h=BB143599,$00A40480]
    CONST$00957EF8 k1  'tSW_challenge_destroy_hae_01' [h=0B435F90,$009D7AC0]
    CODE $0098B8E0
      000 03000005 GETGLOBAL r3 := _G[k0 ('challenge_Recycler_QuestionBox' [h=BB143599,$00A40480])]
      001 04000045 GETGLOBAL r4 := _G[k1 ('tSW_challenge_destroy_hae_01' [h=0B435F90,$009D7AC0])]
      002 05000000      MOVE r5 := r0
      003 06008000      MOVE r6 := r1
      004 07010000      MOVE r7 := r2
      005 03028059      CALL r3 (4 args) => 0 results
      006 0000801B    RETURN r0 ... r-1
  [Node$01CAB43C] 'SW_Challenge_Race_HQa2HQs_01_QuestionBox' [h=F9152E7A,$009FB940]: function$009854A0 'SW_Challenge_Race_HQa2HQs_01_QuestionBox' [h=F9152E7A,$009FB940]
    CONST$00962CD0 k0  'challenge_Recycler_QuestionBox' [h=BB143599,$00A40480]
    CONST$00962CD8 k1  'tSW_Challenge_Race_HQa2HQs_01' [h=35C26A6D,$009D2C40]
    CODE $009798A0
      000 03000005 GETGLOBAL r3 := _G[k0 ('challenge_Recycler_QuestionBox' [h=BB143599,$00A40480])]
      001 04000045 GETGLOBAL r4 := _G[k1 ('tSW_Challenge_Race_HQa2HQs_01' [h=35C26A6D,$009D2C40])]
      002 05000000      MOVE r5 := r0
      003 06008000      MOVE r6 := r1
      004 07010000      MOVE r7 := r2
      005 03028059      CALL r3 (4 args) => 0 results
      006 0000801B    RETURN r0 ... r-1
  [Node$01CAB450] 'gameflow_GetCardVerifiedInMissionScribMemVarName' [h=7D6276A4,$00ACA8C0]: function$009ABCC0 'gameflow_GetCardVerifiedInMissionScribMemVarName' [h=7D6276A4,$00ACA8C0]
    CONST$00961760 k0  'VerifiedInMission' [h=99E6FDAE,$009F70C0]
    CODE $00998D00
      000 02000000      MOVE r2 := r0
      001 03008000      MOVE r3 := r1
      002 04000001     LOADK r4 := k0 ('VerifiedInMission' [h=99E6FDAE,$009F70C0])
      003 02010113    CONCAT r2 := r2 ... r4
      004 0201001B    RETURN r2 ... r2
      005 0000801B    RETURN r0 ... r-1
  [Node$01CAB464] 'SW_challenge_Homerun01_Start' [h=8C1BBFB8,$00A05280]: function$0099A240 'SW_challenge_Homerun01_Start' [h=8C1BBFB8,$00A05280]
    CONST$00963310 k0  'challenge_Recycler_Start' [h=26A0F7E1,$00A04240]
    CONST$00963318 k1  'tSW_Challenge_Homerun01' [h=9316C000,$00A00000]
    CODE $0094C630
      000 00000005 GETGLOBAL r0 := _G[k0 ('challenge_Recycler_Start' [h=26A0F7E1,$00A04240])]
      001 01000045 GETGLOBAL r1 := _G[k1 ('tSW_Challenge_Homerun01' [h=9316C000,$00A00000])]
      002 00010059      CALL r0 (1 args) => 0 results
      003 0000801B    RETURN r0 ... r-1
  [Node$01CAB478] 'Actor_GetPosition' [h=F7E6F403,$009DC400]: cfunction$002AB790 'Actor_GetPosition' [h=F7E6F403,$009DC400]
  [Node$01CAB48C] 'challenge_CommonAreaExited' [h=C89176A7,$009D5340]: function$0098B260 'challenge_CommonAreaExited' [h=C89176A7,$009D5340]
    CONST$00A74640 k0  'g_challenge_CommonAreaEnteringTimer' [h=35749F09,$009F1CC0]
    CONST$00A74648 k1  'Event_CancelEvent' [h=D8960070,$00A08280]
    CONST$00A74650 k2  'g_challenge_CommonAreaArgsTable' [h=7AF8F271,$009CD940]
    CONST$00A74658 k3  'funcOnExitArea' [h=D11A23D2,$0097FF80]
    CONST$00A74660 k4  'bFailOnExit' [h=1520C914,$0098EC40]
    CONST$00A74668 k5  'g_challenge_CommonAreaExitingTimer' [h=C5680815,$009F1D80]
    CONST$00A74670 k6  'Event_RelativeTimer' [h=AD23F6E2,$00A3EA80]
    CONST$00A74678 k7  'challenge_CommonAreaFailed' [h=956BBEB3,$009D50C0]
    CONST$00A74680 k8  'b' [h=00000083,$009960C0]
    CONST$00A74688 k9  'fBufferSeconds' [h=72A7133A,$0098CC00]
    CONST$00A74690 k10 'Event_ActorToActorProximity' [h=33FEE622,$009DED80]
    CONST$00A74698 k11 'challenge_CommonAreaEntered' [h=F3669DC7,$009D6600]
    CONST$00A746A0 k12 'player0' [h=316752BF,$009A6AC0]
    CONST$00A746A8 k13 'sLocationName' [h=E0194AC5,$009A3F40]
    CONST$00A746B0 k14 'fRadius' [h=36A92F6A,$00992E60]
    CONST$00A746B8 k15 'bUseXz' [h=8443A356,$009916C0]
    CODE $00BF9500
      000 00000045 GETGLOBAL r0 := _G[k1 ('Event_CancelEvent' [h=D8960070,$00A08280])]
      001 01000005 GETGLOBAL r1 := _G[k0 ('g_challenge_CommonAreaEnteringTimer' [h=35749F09,$009F1CC0])]
      002 00010099      CALL r0 (1 args) => 1 results
      003 00000007 SETGLOBAL r0 ->> _G[k0 ('g_challenge_CommonAreaEnteringTimer' [h=35749F09,$009F1CC0])]
      004 00000085 GETGLOBAL r0 := _G[k2 ('g_challenge_CommonAreaArgsTable' [h=7AF8F271,$009CD940])]
      005 00000018      TEST not r0: r0 := r0 ; or skip
      006 00800754       JMP +30 ; 37
      007 00000085 GETGLOBAL r0 := _G[k2 ('g_challenge_CommonAreaArgsTable' [h=7AF8F271,$009CD940])]
      008 00003F46  GETTABLE r0 := r0[k3 ('funcOnExitArea' [h=D11A23D2,$0097FF80])]
      009 00000018      TEST not r0: r0 := r0 ; or skip
      010 00800094       JMP +3 ; 14
      011 00000085 GETGLOBAL r0 := _G[k2 ('g_challenge_CommonAreaArgsTable' [h=7AF8F271,$009CD940])]
      012 00003F46  GETTABLE r0 := r0[k3 ('funcOnExitArea' [h=D11A23D2,$0097FF80])]
      013 00008059      CALL r0 (0 args) => 0 results
      014 00000085 GETGLOBAL r0 := _G[k2 ('g_challenge_CommonAreaArgsTable' [h=7AF8F271,$009CD940])]
      015 00003F86  GETTABLE r0 := r0[k4 ('bFailOnExit' [h=1520C914,$0098EC40])]
      016 00000018      TEST not r0: r0 := r0 ; or skip
      017 00800194       JMP +7 ; 25
      018 00000185 GETGLOBAL r0 := _G[k6 ('Event_RelativeTimer' [h=AD23F6E2,$00A3EA80])]
      019 010001C1     LOADK r1 := k7 ('challenge_CommonAreaFailed' [h=956BBEB3,$009D50C0])
      020 02000201     LOADK r2 := k8 ('b' [h=00000083,$009960C0])
      021 03000085 GETGLOBAL r3 := _G[k2 ('g_challenge_CommonAreaArgsTable' [h=7AF8F271,$009CD940])]
      022 0301C0C6  GETTABLE r3 := r3[k9 ('fBufferSeconds' [h=72A7133A,$0098CC00])]
      023 00020099      CALL r0 (3 args) => 1 results
      024 00000147 SETGLOBAL r0 ->> _G[k5 ('g_challenge_CommonAreaExitingTimer' [h=C5680815,$009F1D80])]
      025 00000285 GETGLOBAL r0 := _G[k10 ('Event_ActorToActorProximity' [h=33FEE622,$009DED80])]
      026 010002C1     LOADK r1 := k11 ('challenge_CommonAreaEntered' [h=F3669DC7,$009D6600])
      027 02000201     LOADK r2 := k8 ('b' [h=00000083,$009960C0])
      028 03000301     LOADK r3 := k12 ('player0' [h=316752BF,$009A6AC0])
      029 04000085 GETGLOBAL r4 := _G[k2 ('g_challenge_CommonAreaArgsTable' [h=7AF8F271,$009CD940])]
      030 040241C6  GETTABLE r4 := r4[k13 ('sLocationName' [h=E0194AC5,$009A3F40])]
      031 05000085 GETGLOBAL r5 := _G[k2 ('g_challenge_CommonAreaArgsTable' [h=7AF8F271,$009CD940])]
      032 0502C206  GETTABLE r5 := r5[k14 ('fRadius' [h=36A92F6A,$00992E60])]
      033 06008002  LOADBOOL r6 := True
      034 07000085 GETGLOBAL r7 := _G[k2 ('g_challenge_CommonAreaArgsTable' [h=7AF8F271,$009CD940])]
      035 0703C246  GETTABLE r7 := r7[k15 ('bUseXz' [h=8443A356,$009916C0])]
      036 00040059      CALL r0 (7 args) => 0 results
      037 0000801B    RETURN r0 ... r-1
  [Node$01CAB4A0] 'loc_ff3311_n' [h=03D29007,$009878A0]: table$009A5800[a=8,h=1]
    [0:$00A04040] 'ff3311_1' [h=535E93C9,$009812E0]
    [1:$00A04048] 'ff3311_2' [h=47727FC5,$009AC560]
    [2:$00A04050] 'ff3311_3' [h=A7CBE554,$0097F320]
    [3:$00A04058] 'ff3311_4' [h=BAD9745A,$0099DC00]
    [4:$00A04060] 'ff3311_5' [h=0E566BFB,$00991380]
    [5:$00A04068] 'ff3311_6' [h=E0FDA108,$009925A0]
    [6:$00A04070] 'ff3311_7' [h=9D3F3783,$00989620]
    [7:$00A04078] 'ff3311_8' [h=68E77264,$009921A0]
  [Node$01CAB4B4] 'util_GetCurrentMission' [h=1D43C494,$00A3AEC0]: function$0099D0C0 'util_GetCurrentMission' [h=1D43C494,$00A3AEC0]
    CONST$00A3B040 k0  'Utility_ReadNumberFromScribbleMemory' [h=2BB92038,$00A00C80]
    CONST$00A3B048 k1  'mission_accepted' [h=77464996,$00A123C0]
    CONST$00A3B050 k2  'Utility_ReadStringFromScribbleMemory' [h=5455F3B9,$00A0B700]
    CONST$00A3B058 k3  'SkipTo_Map' [h=F88EFA9D,$009A69E0]
    CONST$00A3B060 k4  'current_faction' [h=B9B21A68,$009A6960]
    CONST$00A3B068 k5  'current_' [h=8FEE355A,$009A6940]
    CONST$00A3B070 k6  '_mission' [h=7DD2639E,$009A8C00]
    CONST$00A3B078 k7  '_' [h=0000007E,$009A6120]
    CODE $00B2C5C0
      000 00000005 GETGLOBAL r0 := _G[k0 ('Utility_ReadNumberFromScribbleMemory' [h=2BB92038,$00A00C80])]
      001 01000041     LOADK r1 := k1 ('mission_accepted' [h=77464996,$00A123C0])
      002 00010099      CALL r0 (1 args) => 1 results
      003 00000018      TEST not r0: r0 := r0 ; or skip
      004 00800494       JMP +19 ; 24
      005 00000085 GETGLOBAL r0 := _G[k2 ('Utility_ReadStringFromScribbleMemory' [h=5455F3B9,$00A0B700])]
      006 010000C1     LOADK r1 := k3 ('SkipTo_Map' [h=F88EFA9D,$009A69E0])
      007 00010099      CALL r0 (1 args) => 1 results
      008 01000085 GETGLOBAL r1 := _G[k2 ('Utility_ReadStringFromScribbleMemory' [h=5455F3B9,$00A0B700])]
      009 02000101     LOADK r2 := k4 ('current_faction' [h=B9B21A68,$009A6960])
      010 01010099      CALL r1 (1 args) => 1 results
      011 02000005 GETGLOBAL r2 := _G[k0 ('Utility_ReadNumberFromScribbleMemory' [h=2BB92038,$00A00C80])]
      012 03000141     LOADK r3 := k5 ('current_' [h=8FEE355A,$009A6940])
      013 04008000      MOVE r4 := r1
      014 05000181     LOADK r5 := k6 ('_mission' [h=7DD2639E,$009A8C00])
      015 03018153    CONCAT r3 := r3 ... r5
      016 02010099      CALL r2 (1 args) => 1 results
      017 03000000      MOVE r3 := r0
      018 040001C1     LOADK r4 := k7 ('_' [h=0000007E,$009A6120])
      019 05008000      MOVE r5 := r1
      020 06010000      MOVE r6 := r2
      021 03018193    CONCAT r3 := r3 ... r6
      022 0301001B    RETURN r3 ... r3
      023 00800054       JMP +2 ; 26
      024 00000003   LOADNIL r0 ... r0
      025 0001001B    RETURN r0 ... r0
      026 0000801B    RETURN r0 ... r-1
  [Node$01CAB4C8] 'SW_challenge_Race01_OnStarterSpent' [h=56587E1A,$00A05D40]: function$009963A0 'SW_challenge_Race01_OnStarterSpent' [h=56587E1A,$00A05D40]
    CONST$00962D60 k0  'challenge_Recycler_OnStarterSpent' [h=B4FA0A88,$00A10D40]
    CONST$00962D68 k1  'tSW_Challenge_Race01' [h=913D041D,$009D3D40]
    CODE $00962D50
      000 00000005 GETGLOBAL r0 := _G[k0 ('challenge_Recycler_OnStarterSpent' [h=B4FA0A88,$00A10D40])]
      001 01000045 GETGLOBAL r1 := _G[k1 ('tSW_Challenge_Race01' [h=913D041D,$009D3D40])]
      002 00010059      CALL r0 (1 args) => 0 results
      003 0000801B    RETURN r0 ... r-1
  [Node$01CAB4DC] 'Audio_PlayFactionMusic' [h=4E56600E,$00A045C0]: cfunction$002B8640 'Audio_PlayFactionMusic' [h=4E56600E,$00A045C0]
  [Node$01CAB4F0] 'SW_challenge_Race01_Hide' [h=64990946,$00A2D600]: function$00999FA0 'SW_challenge_Race01_Hide' [h=64990946,$00A2D600]
    CONST$00962D70 k0  'challenge_Recycler_Hide' [h=C6CFE144,$00A40380]
    CONST$00962D78 k1  'tSW_Challenge_Race01' [h=913D041D,$009D3D40]
    CODE $00982CC0
      000 03000005 GETGLOBAL r3 := _G[k0 ('challenge_Recycler_Hide' [h=C6CFE144,$00A40380])]
      001 04000045 GETGLOBAL r4 := _G[k1 ('tSW_Challenge_Race01' [h=913D041D,$009D3D40])]
      002 05000000      MOVE r5 := r0
      003 06008000      MOVE r6 := r1
      004 03020059      CALL r3 (3 args) => 0 results
      005 0000801B    RETURN r0 ... r-1
  [Node$01CAB504] 'SW_challenge_Race01_Show' [h=252FCDC5,$009DBA80]: function$009C3EC0 'SW_challenge_Race01_Show' [h=252FCDC5,$009DBA80]
    CONST$00962D80 k0  'challenge_Recycler_Show' [h=BA823C25,$009FC3C0]
    CONST$00962D88 k1  'tSW_Challenge_Race01' [h=913D041D,$009D3D40]
    CODE $009AB420
      000 03000005 GETGLOBAL r3 := _G[k0 ('challenge_Recycler_Show' [h=BA823C25,$009FC3C0])]
      001 04000045 GETGLOBAL r4 := _G[k1 ('tSW_Challenge_Race01' [h=913D041D,$009D3D40])]
      002 05000000      MOVE r5 := r0
      003 06008000      MOVE r6 := r1
      004 03020059      CALL r3 (3 args) => 0 results
      005 0000801B    RETURN r0 ... r-1
  [Node$01CAB518] 'Utility_RunLuaScript' [h=CD9596AE,$00A10E40]: cfunction$002C4980 'Utility_RunLuaScript' [h=CD9596AE,$00A10E40]
  [Node$01CAB52C] 'SW_challenge_homerun_pyn_01_WaitForReinitOpportunity' [h=16D1C6AF,$00AB3940]: function$009C7840 'SW_challenge_homerun_pyn_01_WaitForReinitOpportunity' [h=16D1C6AF,$00AB3940]
    CONST$00962F30 k0  'challenge_Recycler_WaitForReinitOpportunity' [h=E437AA1D,$009E6000]
    CONST$00962F38 k1  'tSW_challenge_homerun_pyn_01' [h=977228F9,$00A0C100]
    CODE $00962F20
      000 00000005 GETGLOBAL r0 := _G[k0 ('challenge_Recycler_WaitForReinitOpportunity' [h=E437AA1D,$009E6000])]
      001 01000045 GETGLOBAL r1 := _G[k1 ('tSW_challenge_homerun_pyn_01' [h=977228F9,$00A0C100])]
      002 00010059      CALL r0 (1 args) => 0 results
      003 0000801B    RETURN r0 ... r-1
  [Node$01CAB540] 'nenc_ff2916' [h=F26276B0,$009C5740]: table$0097DD60[a=0,h=4]
    [Node$00AAA6D4] 'tLocationObjectsA' [h=2C5376F5,$00A01980]: table$009A0EE0[a=8,h=1]
    [Node$00AAA6E8] 'sEncounter' [h=4CD961D9,$009A5C20]: 'ff2916' [h=E71DCC7C,$009A5EE0]
    [Node$00AAA6FC] 'tLocationObjectsB' [h=CEC61813,$00A073C0]: table$00995660[a=8,h=1]
  [Node$01CAB554] 'loc_ff4943_v_n' [h=4061C413,$0098DE80]: table$009C6B80[a=2,h=1]
    [0:$00961560] 'ff4943_v3' [h=A0FF7619,$009C5AC0]
    [1:$00961568] 'ff4943_v4' [h=7D5EBF8C,$009AA160]
  [Node$01CAB568] 'Datapod_Activate' [h=94C27015,$00A067C0]: cfunction$002F71E8 'Datapod_Activate' [h=94C27015,$00A067C0]
  [Node$01CAB57C] 'challenge_CommonAreaFailed' [h=956BBEB3,$009D50C0]: function$0097B320 'challenge_CommonAreaFailed' [h=956BBEB3,$009D50C0]
    CONST$0094C600 k0  'g_challenge_CommonAreaArgsTable' [h=7AF8F271,$009CD940]
    CONST$0094C608 k1  'funcOnFail' [h=A74F4736,$0097D160]
    CODE $00993E80
      000 00000005 GETGLOBAL r0 := _G[k0 ('g_challenge_CommonAreaArgsTable' [h=7AF8F271,$009CD940])]
      001 00003EC6  GETTABLE r0 := r0[k1 ('funcOnFail' [h=A74F4736,$0097D160])]
      002 00000018      TEST not r0: r0 := r0 ; or skip
      003 00800094       JMP +3 ; 7
      004 00000005 GETGLOBAL r0 := _G[k0 ('g_challenge_CommonAreaArgsTable' [h=7AF8F271,$009CD940])]
      005 00003EC6  GETTABLE r0 := r0[k1 ('funcOnFail' [h=A74F4736,$0097D160])]
      006 00008059      CALL r0 (0 args) => 0 results
      007 0000801B    RETURN r0 ... r-1
  [Node$01CAB590] 'nenc_ff4653_v' [h=3E8F26B4,$0097D720]: table$009C72E0[a=0,h=4]
    [Node$00AC0554] 'tLocationObjectsA' [h=2C5376F5,$00A01980]: table$009A5100[a=2,h=1]
    [Node$00AC0568] 'sEncounter' [h=4CD961D9,$009A5C20]: 'ff4653' [h=E5D695FE,$0097DE80]
    [Node$00AC057C] 'tLocationObjectsB' [h=CEC61813,$00A073C0]: nil
  [Node$01CAB5A4] 'SW_Challenge_Destroy01_Value' [h=4C0B1EB5,$00A25540]: function$009C4540 'SW_Challenge_Destroy01_Value' [h=4C0B1EB5,$00A25540]
  [Node$01CAB5B8] 'mission_ModifyObjective' [h=CACD7EB6,$00A2CF40]: function$009A5180 'mission_ModifyObjective' [h=CACD7EB6,$00A2CF40]
    CONST$00CA0F00 k0  'ipairs' [h=B6F4A157,$00990680]
    CONST$00CA0F08 k1  'targets' [h=0DB147A6,$00980A60]
    CONST$00CA0F10 k2  'mission_tTargets' [h=28796635,$009DFD00]
    CONST$00CA0F18 k3  'Utility_GetActorAsInt' [h=A2B359A3,$00A0FF40]
    CONST$00CA0F20 k4  'actorName' [h=4EB2E2FD,$00997FC0]
    CONST$00CA0F28 k5  'Debug_Assert' [h=E8876833,$0098F0A0]
    CONST$00CA0F30 k6  "mission_ModifyObjective: target doesn't exist!" [h=39AC1BAA,$009F0480]
    CONST$00CA0F38 k7  'mission_tObjectives' [h=B4A8BCEB,$00A252C0]
    CONST$00CA0F40 k8  'objectiveName' [h=2337C7CC,$0097D2C0]
    CONST$00CA0F48 k9  "mission_ModifyObjective: target exists, but somehow doesn't belong to an objective!" [h=89478901,$00AAB040]
    CONST$00CA0F50 k10 "mission_ModifyObjective: --target's objective name and the objective name provided don't correspond!" [h=C1BC5F27,$00AAB1C0]
    CONST$00CA0F58 k11 'pairs' [h=12CC6B12,$009906A0]
    CONST$00CA0F60 k12 nil
    CONST$00CA0F68 k13 'util_PrintDebugMsg' [h=A2961C17,$00A11FC0]
    CONST$00CA0F70 k14 '[OBJECTIVE] modifying target ' [h=8BBE8C17,$009E0740]
    CONST$00CA0F78 k15 ' (objective ' [h=2765F23D,$009C6F60]
    CONST$00CA0F80 k16 '): ' [h=00021B6E,$009C6800]
    CONST$00CA0F88 k17 'key ' [h=00597638,$0099C540]
    CONST$00CA0F90 k18 ' = ' [h=00021BD1,$0097FBC0]
    CONST$00CA0F98 k19 'tostring' [h=787EB105,$00990700]
    CONST$00CA0FA0 k20 ' -> ' [h=0054966A,$0097F060]
    CONST$00CA0FA8 k21 '\n' [h=0000002B,$009A7280]
    CONST$00CA0FB0 k22 'bForceRemove' [h=7DD64BE6,$00979DC0]
    CONST$00CA0FB8 k23 'verb' [h=0076582D,$009A3120]
    CONST$00CA0FC0 k24 'VERB_VERIFY' [h=CAE4DEEE,$00976AC0]
    CONST$00CA0FC8 k25 'RemoveVerificationTargetBlip' [h=399A40BF,$00A23A40]
    CONST$00CA0FD0 k26 'VERB_DELIVER' [h=B4F35383,$009C3BE0]
    CONST$00CA0FD8 k27 'RemoveTargetActorBlip' [h=970D0ED5,$009E4740]
    CONST$00CA0FE0 k28 '[OBJECTIVE] forcing removal of objective target\n' [h=1E56180E,$00A895C0]
    CONST$00CA0FE8 k29 'bForceRedraw' [h=B0EEE69E,$00984EE0]
    CONST$00CA0FF0 k30 'CreateVerificationTargetBlip' [h=3986CCCA,$00A0F400]
    CONST$00CA0FF8 k31 'fRemovalFunction' [h=940CAE77,$00A0EC80]
    CONST$00CA1000 k32 'CreateTargetActorBlip' [h=964AC294,$009E9D00]
    CONST$00CA1008 k33 '[OBJECTIVE] forcing redraw of objective target\n' [h=A3FAE496,$009F4800]
    CODE $00CFFB00
      000 01000005 GETGLOBAL r1 := _G[k0 ('ipairs' [h=B6F4A157,$00990680])]
      001 02003EC6  GETTABLE r2 := r0[k1 ('targets' [h=0DB147A6,$00980A60])]
      002 01010159      CALL r1 (1 args) => 4 results
      003 01801A1E  TFORPREP WIP
      004 05000085 GETGLOBAL r5 := _G[k2 ('mission_tTargets' [h=28796635,$009DFD00])]
      005 060000C5 GETGLOBAL r6 := _G[k3 ('Utility_GetActorAsInt' [h=A2B359A3,$00A0FF40])]
      006 07023F86  GETTABLE r7 := r4[k4 ('actorName' [h=4EB2E2FD,$00997FC0])]
      007 06010099      CALL r6 (1 args) => 1 results
      008 05028186  GETTABLE r5 := r5[r6]
      009 06000145 GETGLOBAL r6 := _G[k5 ('Debug_Assert' [h=E8876833,$0098F0A0])]
      010 07028000      MOVE r7 := r5
      011 08000181     LOADK r8 := k6 ("mission_ModifyObjective: target doesn't exist!" [h=39AC1BAA,$009F0480])
      012 06018059      CALL r6 (2 args) => 0 results
      013 060001C5 GETGLOBAL r6 := _G[k7 ('mission_tObjectives' [h=B4A8BCEB,$00A252C0])]
      014 0702C086  GETTABLE r7 := r5[k8 ('objectiveName' [h=2337C7CC,$0097D2C0])]
      015 060301C6  GETTABLE r6 := r6[r7]
      016 07000145 GETGLOBAL r7 := _G[k5 ('Debug_Assert' [h=E8876833,$0098F0A0])]
      017 08030000      MOVE r8 := r6
      018 09000241     LOADK r9 := k9 ("mission_ModifyObjective: target exists, but somehow doesn't belong to an objective!" [h=89478901,$00AAB040])
      019 07018059      CALL r7 (2 args) => 0 results
      020 07000145 GETGLOBAL r7 := _G[k5 ('Debug_Assert' [h=E8876833,$0098F0A0])]
      021 08024086  GETTABLE r8 := r4[k8 ('objectiveName' [h=2337C7CC,$0097D2C0])]
      022 0902C086  GETTABLE r9 := r5[k8 ('objectiveName' [h=2337C7CC,$0097D2C0])]
      023 00040255       BEQ r8 == r9
      024 00800014       JMP +1 ; 26
      025 08000042  LOADBOOL r8 := False ; br 27
      026 08008002  LOADBOOL r8 := True
      027 09000281     LOADK r9 := k10 ("mission_ModifyObjective: --target's objective name and the objective name provided don't correspond!" [h=C1BC5F27,$00AAB1C0])
      028 07018059      CALL r7 (2 args) => 0 results
      029 070002C5 GETGLOBAL r7 := _G[k11 ('pairs' [h=12CC6B12,$009906A0])]
      030 08028000      MOVE r8 := r5
      031 07010159      CALL r7 (1 args) => 4 results
      032 0780069E  TFORPREP WIP
      033 0B020246  GETTABLE r11 := r4[r9]
      034 0105C195       BNE r11 != k12 (nil)
      035 008005D4       JMP +24 ; 60
      036 0B000345 GETGLOBAL r11 := _G[k13 ('util_PrintDebugMsg' [h=A2961C17,$00A11FC0])]
      037 0C000381     LOADK r12 := k14 ('[OBJECTIVE] modifying target ' [h=8BBE8C17,$009E0740])
      038 0D023F86  GETTABLE r13 := r4[k4 ('actorName' [h=4EB2E2FD,$00997FC0])]
      039 0E0003C1     LOADK r14 := k15 (' (objective ' [h=2765F23D,$009C6F60])
      040 0F02C086  GETTABLE r15 := r5[k8 ('objectiveName' [h=2337C7CC,$0097D2C0])]
      041 10000401     LOADK r16 := k16 ('): ' [h=00021B6E,$009C6800])
      042 0C060413    CONCAT r12 := r12 ... r16
      043 0B010059      CALL r11 (1 args) => 0 results
      044 0B000345 GETGLOBAL r11 := _G[k13 ('util_PrintDebugMsg' [h=A2961C17,$00A11FC0])]
      045 0C000441     LOADK r12 := k17 ('key ' [h=00597638,$0099C540])
      046 0D048000      MOVE r13 := r9
      047 0E000481     LOADK r14 := k18 (' = ' [h=00021BD1,$0097FBC0])
      048 0F0004C5 GETGLOBAL r15 := _G[k19 ('tostring' [h=787EB105,$00990700])]
      049 10028246  GETTABLE r16 := r5[r9]
      050 0F010099      CALL r15 (1 args) => 1 results
      051 10000501     LOADK r16 := k20 (' -> ' [h=0054966A,$0097F060])
      052 110004C5 GETGLOBAL r17 := _G[k19 ('tostring' [h=787EB105,$00990700])]
      053 12020246  GETTABLE r18 := r4[r9]
      054 11010099      CALL r17 (1 args) => 1 results
      055 12000541     LOADK r18 := k21 ('\n' [h=0000002B,$009A7280])
      056 0C060493    CONCAT r12 := r12 ... r18
      057 0B010059      CALL r11 (1 args) => 0 results
      058 0B020246  GETTABLE r11 := r4[r9]
      059 050482C9  SETTABLE r11 ->> r5[r9]
      060 0700005D  TFORLOOP WIP
      061 007FF894       JMP -29 ; 33
      062 07004406  GETTABLE r7 := r0[k22 ('bForceRemove' [h=7DD64BE6,$00979DC0])]
      063 07038018      TEST not r7: r7 := r7 ; or skip
      064 008004D4       JMP +20 ; 85
      065 07038003   LOADNIL r7 ... r7
      066 08034446  GETTABLE r8 := r6[k23 ('verb' [h=0076582D,$009A3120])]
      067 09000605 GETGLOBAL r9 := _G[k24 ('VERB_VERIFY' [h=CAE4DEEE,$00976AC0])]
      068 00040255       BEQ r8 == r9
      069 00800054       JMP +2 ; 72
      070 07000645 GETGLOBAL r7 := _G[k25 ('RemoveVerificationTargetBlip' [h=399A40BF,$00A23A40])]
      071 00800114       JMP +5 ; 77
      072 08034446  GETTABLE r8 := r6[k23 ('verb' [h=0076582D,$009A3120])]
      073 09000685 GETGLOBAL r9 := _G[k26 ('VERB_DELIVER' [h=B4F35383,$009C3BE0])]
      074 00040255       BEQ r8 == r9
      075 00800014       JMP +1 ; 77
      076 070006C5 GETGLOBAL r7 := _G[k27 ('RemoveTargetActorBlip' [h=970D0ED5,$009E4740])]
      077 07038018      TEST not r7: r7 := r7 ; or skip
      078 00800154       JMP +6 ; 85
      079 08000345 GETGLOBAL r8 := _G[k13 ('util_PrintDebugMsg' [h=A2961C17,$00A11FC0])]
      080 09000701     LOADK r9 := k28 ('[OBJECTIVE] forcing removal of objective target\n' [h=1E56180E,$00A895C0])
      081 08010059      CALL r8 (1 args) => 0 results
      082 08038000      MOVE r8 := r7
      083 09028000      MOVE r9 := r5
      084 08010059      CALL r8 (1 args) => 0 results
      085 070045C6  GETTABLE r7 := r0[k29 ('bForceRedraw' [h=B0EEE69E,$00984EE0])]
      086 07038018      TEST not r7: r7 := r7 ; or skip
      087 00800514       JMP +21 ; 109
      088 07038003   LOADNIL r7 ... r7
      089 08034446  GETTABLE r8 := r6[k23 ('verb' [h=0076582D,$009A3120])]
      090 09000605 GETGLOBAL r9 := _G[k24 ('VERB_VERIFY' [h=CAE4DEEE,$00976AC0])]
      091 00040255       BEQ r8 == r9
      092 00800054       JMP +2 ; 95
      093 07000785 GETGLOBAL r7 := _G[k30 ('CreateVerificationTargetBlip' [h=3986CCCA,$00A0F400])]
      094 00800154       JMP +6 ; 101
      095 08034446  GETTABLE r8 := r6[k23 ('verb' [h=0076582D,$009A3120])]
      096 09000685 GETGLOBAL r9 := _G[k26 ('VERB_DELIVER' [h=B4F35383,$009C3BE0])]
      097 00040255       BEQ r8 == r9
      098 00800054       JMP +2 ; 101
      099 08000805 GETGLOBAL r8 := _G[k32 ('CreateTargetActorBlip' [h=964AC294,$009E9D00])]
      100 080007C7 SETGLOBAL r8 ->> _G[k31 ('fRemovalFunction' [h=940CAE77,$00A0EC80])]
      101 07038018      TEST not r7: r7 := r7 ; or skip
      102 00800154       JMP +6 ; 109
      103 08000345 GETGLOBAL r8 := _G[k13 ('util_PrintDebugMsg' [h=A2961C17,$00A11FC0])]
      104 09000841     LOADK r9 := k33 ('[OBJECTIVE] forcing redraw of objective target\n' [h=A3FAE496,$009F4800])
      105 08010059      CALL r8 (1 args) => 0 results
      106 08038000      MOVE r8 := r7
      107 09028000      MOVE r9 := r5
      108 08010059      CALL r8 (1 args) => 0 results
      109 0100005D  TFORLOOP WIP
      110 007FE514       JMP -107 ; 4
      111 0000801B    RETURN r0 ... r-1
  [Node$01CAB5CC] 'spawn_ActorQueueSpawn' [h=9349201A,$00A0D180]: function$009AC040 'spawn_ActorQueueSpawn' [h=9349201A,$00A0D180]
    CONST$00C52940 k0  'type' [h=0070EF71,$00990720]
    CONST$00C52948 k1  'g_SpawnActorQueue' [h=33931F48,$009DF840]
    CONST$00C52950 k2  'table' [h=10F2114B,$00979B40]
    CONST$00C52958 k3  nil
    CONST$00C52960 k4  'getn' [h=0083B006,$00978AA0]
    CONST$00C52968 k5  1.0
    CONST$00C52970 k6  -1.0
    CONST$00C52978 k7  'remove' [h=4893DA49,$009C7B40]
    CONST$00C52980 k8  'Mission_Spawn' [h=59A02AE9,$0098E260]
    CONST$00C52988 k9  'sName' [h=10ED9F0D,$00980360]
    CONST$00C52990 k10 'x' [h=00000099,$009A6B80]
    CONST$00C52998 k11 'y' [h=00000098,$009A6B60]
    CONST$00C529A0 k12 'z' [h=0000009B,$009A6B40]
    CONST$00C529A8 k13 'yaw' [h=0003646B,$009A6B20]
    CONST$00C529B0 k14 'sEncounter' [h=4CD961D9,$009A5C20]
    CONST$00C529B8 k15 'nil' [h=000347C9,$0098F140]
    CONST$00C529C0 k16 'sSquad' [h=7089B391,$009C60E0]
    CONST$00C529C8 k17 'Ai_SetSquad' [h=18402E9B,$0098AEC0]
    CONST$00C529D0 k18 'bInvincible' [h=4FA74776,$00980D80]
    CONST$00C529D8 k19 'Actor_SetInvincible' [h=3C5DC0FC,$00A3F9C0]
    CONST$00C529E0 k20 'fSetup' [h=9C855945,$0097EAC0]
    CONST$00C529E8 k21 'insert' [h=92EA3D93,$0099E280]
    CONST$00C529F0 k22 'ipairs' [h=B6F4A157,$00990680]
    CONST$00C529F8 k23 'string' [h=81F98B41,$00980520]
    CONST$00C52A00 k24 'function_Call' [h=35CC729B,$009A6380]
    CONST$00C52A08 k25 'util_GetFunct' [h=804789D1,$00980C60]
    CONST$00C52A10 k26 0.0
    CONST$00C52A18 k27 'collectgarbage' [h=7631F05C,$00991000]
    CONST$00C52A20 k28 'Event_RelativeTimer' [h=AD23F6E2,$00A3EA80]
    CONST$00C52A28 k29 'spawn_ActorQueueSpawn' [h=9349201A,$00A0D180]
    CONST$00C52A30 k30 'b' [h=00000083,$009960C0]
    CODE $00D2F0C0
      000 00000005 GETGLOBAL r0 := _G[k0 ('type' [h=0070EF71,$00990720])]
      001 01000045 GETGLOBAL r1 := _G[k1 ('g_SpawnActorQueue' [h=33931F48,$009DF840])]
      002 00010099      CALL r0 (1 args) => 1 results
      003 00003F15       BEQ r0 == k2 ('table' [h=10F2114B,$00979B40])
      004 00801A94       JMP +107 ; 112
      005 00000045 GETGLOBAL r0 := _G[k1 ('g_SpawnActorQueue' [h=33931F48,$009DF840])]
      006 01018003   LOADNIL r1 ... r3
      007 0080195E  TFORPREP WIP
      008 0101BF55       BNE r3 != k3 (nil)
      009 008018D4       JMP +100 ; 110
      010 04000085 GETGLOBAL r4 := _G[k2 ('table' [h=10F2114B,$00979B40])]
      011 04023F86  GETTABLE r4 := r4[k4 ('getn' [h=0083B006,$00978AA0])]
      012 05018000      MOVE r5 := r3
      013 04010099      CALL r4 (1 args) => 1 results
      014 05000141     LOADK r5 := k5 (1.0)
      015 06000181     LOADK r6 := k6 (-1.0)
      016 0402018D       SUB r4 := r4 - r6
      017 00801254       JMP +74 ; 92
      018 07018106  GETTABLE r7 := r3[r4]
      019 08000085 GETGLOBAL r8 := _G[k2 ('table' [h=10F2114B,$00979B40])]
      020 08044046  GETTABLE r8 := r8[k7 ('remove' [h=4893DA49,$009C7B40])]
      021 09018000      MOVE r9 := r3
      022 0A020000      MOVE r10 := r4
      023 08018059      CALL r8 (2 args) => 0 results
      024 08000205 GETGLOBAL r8 := _G[k8 ('Mission_Spawn' [h=59A02AE9,$0098E260])]
      025 09010000      MOVE r9 := r2
      026 0A03C0C6  GETTABLE r10 := r7[k9 ('sName' [h=10ED9F0D,$00980360])]
      027 0B03C106  GETTABLE r11 := r7[k10 ('x' [h=00000099,$009A6B80])]
      028 0C03C146  GETTABLE r12 := r7[k11 ('y' [h=00000098,$009A6B60])]
      029 0D03C186  GETTABLE r13 := r7[k12 ('z' [h=0000009B,$009A6B40])]
      030 0E03C1C6  GETTABLE r14 := r7[k13 ('yaw' [h=0003646B,$009A6B20])]
      031 08038099      CALL r8 (6 args) => 1 results
      032 09000005 GETGLOBAL r9 := _G[k0 ('type' [h=0070EF71,$00990720])]
      033 0A03C206  GETTABLE r10 := r7[k14 ('sEncounter' [h=4CD961D9,$009A5C20])]
      034 09010099      CALL r9 (1 args) => 1 results
      035 0104C255       BNE r9 != k15 ('nil' [h=000347C9,$0098F140])
      036 00800254       JMP +10 ; 47
      037 09000005 GETGLOBAL r9 := _G[k0 ('type' [h=0070EF71,$00990720])]
      038 0A03C286  GETTABLE r10 := r7[k16 ('sSquad' [h=7089B391,$009C60E0])]
      039 09010099      CALL r9 (1 args) => 1 results
      040 0104C255       BNE r9 != k15 ('nil' [h=000347C9,$0098F140])
      041 00800114       JMP +5 ; 47
      042 09000445 GETGLOBAL r9 := _G[k17 ('Ai_SetSquad' [h=18402E9B,$0098AEC0])]
      043 0A040000      MOVE r10 := r8
      044 0B03C206  GETTABLE r11 := r7[k14 ('sEncounter' [h=4CD961D9,$009A5C20])]
      045 0C03C286  GETTABLE r12 := r7[k16 ('sSquad' [h=7089B391,$009C60E0])]
      046 09020059      CALL r9 (3 args) => 0 results
      047 0903C306  GETTABLE r9 := r7[k18 ('bInvincible' [h=4FA74776,$00980D80])]
      048 09048018      TEST not r9: r9 := r9 ; or skip
      049 008000D4       JMP +4 ; 54
      050 090004C5 GETGLOBAL r9 := _G[k19 ('Actor_SetInvincible' [h=3C5DC0FC,$00A3F9C0])]
      051 0A040000      MOVE r10 := r8
      052 0B008002  LOADBOOL r11 := True
      053 09018059      CALL r9 (2 args) => 0 results
      054 0903C386  GETTABLE r9 := r7[k20 ('fSetup' [h=9C855945,$0097EAC0])]
      055 0104BF55       BNE r9 != k3 (nil)
      056 00800894       JMP +35 ; 92
      057 0900000A  NEWTABLE r9 := {} (#a=0, #h=0)
      058 0A000005 GETGLOBAL r10 := _G[k0 ('type' [h=0070EF71,$00990720])]
      059 0B03C386  GETTABLE r11 := r7[k20 ('fSetup' [h=9C855945,$0097EAC0])]
      060 0A010099      CALL r10 (1 args) => 1 results
      061 00053F15       BEQ r10 == k2 ('table' [h=10F2114B,$00979B40])
      062 00800054       JMP +2 ; 65
      063 0903C386  GETTABLE r9 := r7[k20 ('fSetup' [h=9C855945,$0097EAC0])]
      064 00800114       JMP +5 ; 70
      065 0A000085 GETGLOBAL r10 := _G[k2 ('table' [h=10F2114B,$00979B40])]
      066 0A0543C6  GETTABLE r10 := r10[k21 ('insert' [h=92EA3D93,$0099E280])]
      067 0B048000      MOVE r11 := r9
      068 0C03C386  GETTABLE r12 := r7[k20 ('fSetup' [h=9C855945,$0097EAC0])]
      069 0A018059      CALL r10 (2 args) => 0 results
      070 0A000585 GETGLOBAL r10 := _G[k22 ('ipairs' [h=B6F4A157,$00990680])]
      071 0B048000      MOVE r11 := r9
      072 0A010159      CALL r10 (1 args) => 4 results
      073 0A8003DE  TFORPREP WIP
      074 0E000005 GETGLOBAL r14 := _G[k0 ('type' [h=0070EF71,$00990720])]
      075 0F068000      MOVE r15 := r13
      076 0E010099      CALL r14 (1 args) => 1 results
      077 00074455       BEQ r14 == k23 ('string' [h=81F98B41,$00980520])
      078 00800194       JMP +7 ; 86
      079 0E000605 GETGLOBAL r14 := _G[k24 ('function_Call' [h=35CC729B,$009A6380])]
      080 0F000645 GETGLOBAL r15 := _G[k25 ('util_GetFunct' [h=804789D1,$00980C60])]
      081 10068000      MOVE r16 := r13
      082 0F010099      CALL r15 (1 args) => 1 results
      083 10040000      MOVE r16 := r8
      084 0E018059      CALL r14 (2 args) => 0 results
      085 008000D4       JMP +4 ; 90
      086 0E000605 GETGLOBAL r14 := _G[k24 ('function_Call' [h=35CC729B,$009A6380])]
      087 0F068000      MOVE r15 := r13
      088 10040000      MOVE r16 := r8
      089 0E018059      CALL r14 (2 args) => 0 results
      090 0A00005D  TFORLOOP WIP
      091 007FFB54       JMP -18 ; 74
      092 047FED1C   FORLOOP r4 := r6; if r4 <= r5 JMP -75
      093 04000085 GETGLOBAL r4 := _G[k2 ('table' [h=10F2114B,$00979B40])]
      094 04023F86  GETTABLE r4 := r4[k4 ('getn' [h=0083B006,$00978AA0])]
      095 05018000      MOVE r5 := r3
      096 04010099      CALL r4 (1 args) => 1 results
      097 00024517       BLE r4 <= k26 (0.0)
      098 00800054       JMP +2 ; 101
      099 04000045 GETGLOBAL r4 := _G[k1 ('g_SpawnActorQueue' [h=33931F48,$009DF840])]
      100 04013F49  SETTABLE k3 (nil) ->> r4[r2]
      101 040006C5 GETGLOBAL r4 := _G[k27 ('collectgarbage' [h=7631F05C,$00991000])]
      102 04008059      CALL r4 (0 args) => 0 results
      103 04000705 GETGLOBAL r4 := _G[k28 ('Event_RelativeTimer' [h=AD23F6E2,$00A3EA80])]
      104 05000741     LOADK r5 := k29 ('spawn_ActorQueueSpawn' [h=9349201A,$00A0D180])
      105 06000781     LOADK r6 := k30 ('b' [h=00000083,$009960C0])
      106 07000681     LOADK r7 := k26 (0.0)
      107 04020059      CALL r4 (3 args) => 0 results
      108 04020003   LOADNIL r4 ... r4
      109 0401001B    RETURN r4 ... r4
      110 0000005D  TFORLOOP WIP
      111 007FE5D4       JMP -104 ; 8
      112 00000003   LOADNIL r0 ... r0
      113 00000047 SETGLOBAL r0 ->> _G[k1 ('g_SpawnActorQueue' [h=33931F48,$009DF840])]
      114 000006C5 GETGLOBAL r0 := _G[k27 ('collectgarbage' [h=7631F05C,$00991000])]
      115 00008059      CALL r0 (0 args) => 0 results
      116 0000801B    RETURN r0 ... r-1
  [Node$01CAB5E0] 'Actor_SetPosition' [h=1D26B41B,$00A3F180]: cfunction$002ABF68 'Actor_SetPosition' [h=1D26B41B,$00A3F180]
  [Node$01CAB5F4] 'loc_ff5044_n' [h=5D5F441D,$009C4D80]: table$009C44A0[a=16,h=1]
  [Node$01CAB608] 'Building_SpawnerSetAlertState' [h=D4B816BA,$00A23B40]: cfunction$002C1838 'Building_SpawnerSetAlertState' [h=D4B816BA,$00A23B40]
  [Node$01CAB61C] 'loc_ff4653_s' [h=DE081EBB,$0099F880]: table$0097F660[a=8,h=1]
  [Node$01CAB630] 'util_GetRandomFloatInRange' [h=0C36D81F,$00A3C300]: function$00998320 'util_GetRandomFloatInRange' [h=0C36D81F,$00A3C300]
    CONST$00960950 k0  'Utility_GetRandomFloat' [h=79984DB3,$00A403C0]
    CODE $00991820
      000 0200800D       SUB r2 := r1 - r0
      001 03000005 GETGLOBAL r3 := _G[k0 ('Utility_GetRandomFloat' [h=79984DB3,$00A403C0])]
      002 03008099      CALL r3 (0 args) => 1 results
      003 0301808E       MUL r3 := r3 * r2
      004 0301800C       ADD r3 := r3 + r0
      005 0301001B    RETURN r3 ... r3
      006 0000801B    RETURN r0 ... r-1
  [Node$01CAB644] 'util_GetIconFromType' [h=9ADAC1DE,$00A3B600]: function$009C7860 'util_GetIconFromType' [h=9ADAC1DE,$00A3B600]
    CONST$00C4DE40 k0  'TYPE_LOCATION' [h=86EE561B,$00982140]
    CONST$00C4DE48 k1  'location' [h=7C6728BC,$00981BE0]
    CONST$00C4DE50 k2  'TYPE_VEHICLE_HUMAN_GENERAL' [h=26D618CB,$00A3BD80]
    CONST$00C4DE58 k3  'human' [h=10501C7D,$00981CA0]
    CONST$00C4DE60 k4  'TYPE_VEHICLE_HUMAN_PLAYER' [h=6C1681F3,$00A3BE00]
    CONST$00C4DE68 k5  'TYPE_BUILDING' [h=D3349F82,$0099A660]
    CONST$00C4DE70 k6  'house' [h=10EC96B8,$00981D80]
    CONST$00C4DE78 k7  'TYPE_BUILDING_SPAWNER' [h=A5C4D5BF,$00A3C100]
    CONST$00C4DE80 k8  'TYPE_BUILDING_GATE' [h=D8B0895E,$00A3C140]
    CONST$00C4DE88 k9  'TYPE_VEHICLE_EMPLACED' [h=D3C0911A,$00A3BF40]
    CONST$00C4DE90 k10 'TYPE_BUILDING_ALARM' [h=EF2686DE,$00A3C2C0]
    CONST$00C4DE98 k11 'TYPE_BUILDING_ENTRANCE' [h=3139E8DB,$00A3C200]
    CONST$00C4DEA0 k12 'TYPE_BUILDING_PRISON' [h=516CD4C1,$00A3C240]
    CONST$00C4DEA8 k13 'TYPE_BUILDING_CHOPSHOP' [h=7F9732AF,$00A3C0C0]
    CONST$00C4DEB0 k14 'TYPE_BUILDING_HUMANTURRETS' [h=87AE4C97,$00A3C080]
    CONST$00C4DEB8 k15 'TYPE_VEHICLE_CAR_GENERAL' [h=0F558DF5,$00A3BE80]
    CONST$00C4DEC0 k16 'car' [h=00034918,$00981A00]
    CONST$00C4DEC8 k17 'TYPE_VEHICLE_AIRPLANE_GENERAL' [h=EC803A7E,$00A3BEC0]
    CONST$00C4DED0 k18 'TYPE_PROP_CAR' [h=35341E70,$00992400]
    CONST$00C4DED8 k19 'TYPE_VEHICLE_HELICOPTER_GENERAL' [h=E7879705,$00A3BF00]
    CONST$00C4DEE0 k20 'copter' [h=76631A77,$00981AC0]
    CONST$00C4DEE8 k21 'TYPE_VEHICLE_TANK_GENERAL' [h=E5A9F29E,$00A3BDC0]
    CONST$00C4DEF0 k22 'tank' [h=0074F9A1,$009819E0]
    CONST$00C4DEF8 k23 'type' [h=0070EF71,$00990720]
    CONST$00C4DF00 k24 'nil' [h=000347C9,$0098F140]
    CONST$00C4DF08 k25 'scope' [h=10EB8494,$009819C0]
    CODE $00B2B8C0
      000 0100014A  NEWTABLE r1 := {} (#a=0, #h=5)
      001 017D3EC9  SETTABLE k1 ('location' [h=7C6728BC,$00981BE0]) ->> r1[k0 ('TYPE_LOCATION' [h=86EE561B,$00982140])]
      002 017E3F49  SETTABLE k3 ('human' [h=10501C7D,$00981CA0]) ->> r1[k2 ('TYPE_VEHICLE_HUMAN_GENERAL' [h=26D618CB,$00A3BD80])]
      003 017F3F49  SETTABLE k3 ('human' [h=10501C7D,$00981CA0]) ->> r1[k4 ('TYPE_VEHICLE_HUMAN_PLAYER' [h=6C1681F3,$00A3BE00])]
      004 017FC009  SETTABLE k6 ('house' [h=10EC96B8,$00981D80]) ->> r1[k5 ('TYPE_BUILDING' [h=D3349F82,$0099A660])]
      005 0180C009  SETTABLE k6 ('house' [h=10EC96B8,$00981D80]) ->> r1[k7 ('TYPE_BUILDING_SPAWNER' [h=A5C4D5BF,$00A3C100])]
      006 01814009  SETTABLE k6 ('house' [h=10EC96B8,$00981D80]) ->> r1[k8 ('TYPE_BUILDING_GATE' [h=D8B0895E,$00A3C140])]
      007 0181C009  SETTABLE k6 ('house' [h=10EC96B8,$00981D80]) ->> r1[k9 ('TYPE_VEHICLE_EMPLACED' [h=D3C0911A,$00A3BF40])]
      008 01824009  SETTABLE k6 ('house' [h=10EC96B8,$00981D80]) ->> r1[k10 ('TYPE_BUILDING_ALARM' [h=EF2686DE,$00A3C2C0])]
      009 0182C009  SETTABLE k6 ('house' [h=10EC96B8,$00981D80]) ->> r1[k11 ('TYPE_BUILDING_ENTRANCE' [h=3139E8DB,$00A3C200])]
      010 01834009  SETTABLE k6 ('house' [h=10EC96B8,$00981D80]) ->> r1[k12 ('TYPE_BUILDING_PRISON' [h=516CD4C1,$00A3C240])]
      011 0183C009  SETTABLE k6 ('house' [h=10EC96B8,$00981D80]) ->> r1[k13 ('TYPE_BUILDING_CHOPSHOP' [h=7F9732AF,$00A3C0C0])]
      012 01844009  SETTABLE k6 ('house' [h=10EC96B8,$00981D80]) ->> r1[k14 ('TYPE_BUILDING_HUMANTURRETS' [h=87AE4C97,$00A3C080])]
      013 0184C289  SETTABLE k16 ('car' [h=00034918,$00981A00]) ->> r1[k15 ('TYPE_VEHICLE_CAR_GENERAL' [h=0F558DF5,$00A3BE80])]
      014 0185C289  SETTABLE k16 ('car' [h=00034918,$00981A00]) ->> r1[k17 ('TYPE_VEHICLE_AIRPLANE_GENERAL' [h=EC803A7E,$00A3BEC0])]
      015 01864289  SETTABLE k16 ('car' [h=00034918,$00981A00]) ->> r1[k18 ('TYPE_PROP_CAR' [h=35341E70,$00992400])]
      016 0186C389  SETTABLE k20 ('copter' [h=76631A77,$00981AC0]) ->> r1[k19 ('TYPE_VEHICLE_HELICOPTER_GENERAL' [h=E7879705,$00A3BF00])]
      017 0187C409  SETTABLE k22 ('tank' [h=0074F9A1,$009819E0]) ->> r1[k21 ('TYPE_VEHICLE_TANK_GENERAL' [h=E5A9F29E,$00A3BDC0])]
      018 020005C5 GETGLOBAL r2 := _G[k23 ('type' [h=0070EF71,$00990720])]
      019 03008006  GETTABLE r3 := r1[r0]
      020 02010099      CALL r2 (1 args) => 1 results
      021 01014495       BNE r2 != k24 ('nil' [h=000347C9,$0098F140])
      022 00800054       JMP +2 ; 25
      023 02008006  GETTABLE r2 := r1[r0]
      024 0201001B    RETURN r2 ... r2
      025 02000641     LOADK r2 := k25 ('scope' [h=10EB8494,$009819C0])
      026 0201001B    RETURN r2 ... r2
      027 0000801B    RETURN r0 ... r-1
  [Node$01CAB658] 'loc_ff3311_s' [h=F9A20EBE,$00989EA0]: table$00999A80[a=8,h=1]
    [0:$009E4B80] 'ff3311_9' [h=F28FFF5E,$0097EB40]
    [1:$009E4B88] 'ff3311_10' [h=8F690D73,$009A9560]
    [2:$009E4B90] 'ff3311_11' [h=EB1CFF05,$009C5A80]
    [3:$009E4B98] 'ff3311_12' [h=5FC05640,$00992560]
    [4:$009E4BA0] 'ff3311_13' [h=01A35ECA,$0097EA40]
    [5:$009E4BA8] 'ff3311_14' [h=88842E03,$0099AFC0]
    [6:$009E4BB0] 'ff3311_15' [h=42BE9F4C,$009A06A0]
    [7:$009E4BB8] 'ff3311_16' [h=FF5A3D10,$0099F220]
  [Node$01CAB66C] 'mission_ObjectiveVerifyActor' [h=0D60DEBF,$00A133C0]: function$0099DEE0 'mission_ObjectiveVerifyActor' [h=0D60DEBF,$00A133C0]
    CONST$00A95040 k0  'mission_ObjectiveVerify' [h=E406DF42,$00A13100]
    CONST$00A95048 k1  'callbackFunc' [h=1E1CD035,$00987000]
    CONST$00A95050 k2  'objectiveName' [h=2337C7CC,$0097D2C0]
    CONST$00A95058 k3  'objectiveDesc' [h=54B269EB,$0097B460]
    CONST$00A95060 k4  'actorName' [h=4EB2E2FD,$00997FC0]
    CONST$00A95068 k5  'objectiveType' [h=4CF75B8E,$00987760]
    CONST$00A95070 k6  'targetType' [h=4E235805,$009962C0]
    CONST$00A95078 k7  'markInGPS' [h=1F1CD89F,$00979C40]
    CONST$00A95080 k8  'markInPDA' [h=06AF161A,$00999D60]
    CONST$00A95088 k9  'markInWorld' [h=5268B4A8,$0097C860]
    CODE $00A2ABC0
      000 09000005 GETGLOBAL r9 := _G[k0 ('mission_ObjectiveVerify' [h=E406DF42,$00A13100])]
      001 0A00010A  NEWTABLE r10 := {} (#a=0, #h=4)
      002 0A7D8009  SETTABLE r0 ->> r10[k1 ('callbackFunc' [h=1E1CD035,$00987000])]
      003 0A7E0049  SETTABLE r1 ->> r10[k2 ('objectiveName' [h=2337C7CC,$0097D2C0])]
      004 0A7E8089  SETTABLE r2 ->> r10[k3 ('objectiveDesc' [h=54B269EB,$0097B460])]
      005 0A7F00C9  SETTABLE r3 ->> r10[k4 ('actorName' [h=4EB2E2FD,$00997FC0])]
      006 0A7F8109  SETTABLE r4 ->> r10[k5 ('objectiveType' [h=4CF75B8E,$00987760])]
      007 0A800149  SETTABLE r5 ->> r10[k6 ('targetType' [h=4E235805,$009962C0])]
      008 0A808189  SETTABLE r6 ->> r10[k7 ('markInGPS' [h=1F1CD89F,$00979C40])]
      009 0A8101C9  SETTABLE r7 ->> r10[k8 ('markInPDA' [h=06AF161A,$00999D60])]
      010 0A818209  SETTABLE r8 ->> r10[k9 ('markInWorld' [h=5268B4A8,$0097C860])]
      011 09010059      CALL r9 (1 args) => 0 results
      012 0000801B    RETURN r0 ... r-1
  [Node$01CAB680] 'Objective_Remove' [h=732926C0,$00A3FB80]: cfunction$002A4710 'Objective_Remove' [h=732926C0,$00A3FB80]
  [Node$01CAB694] 'loc_ff3020_s' [h=5E31AEC1,$00997F60]: table$009969A0[a=8,h=1]
  [Node$01CAB6A8] 'SW_challenge_Race01_Reinit' [h=7C6806D2,$009FDD40]: function$009A41C0 'SW_challenge_Race01_Reinit' [h=7C6806D2,$009FDD40]
    CONST$00962E70 k0  'challenge_Recycler_Reinit' [h=1C420A72,$00A02840]
    CONST$00962E78 k1  'tSW_Challenge_Race01' [h=913D041D,$009D3D40]
    CODE $00962E50
      000 00000005 GETGLOBAL r0 := _G[k0 ('challenge_Recycler_Reinit' [h=1C420A72,$00A02840])]
      001 01000045 GETGLOBAL r1 := _G[k1 ('tSW_Challenge_Race01' [h=913D041D,$009D3D40])]
      002 00010059      CALL r0 (1 args) => 0 results
      003 0000801B    RETURN r0 ... r-1
  [Node$01CAB6BC] 'Building_SpawnerReset' [h=11EDDEC3,$00A3F000]: cfunction$002C1A18 'Building_SpawnerReset' [h=11EDDEC3,$00A3F000]
  [Node$01CAB6D0] 'loc_ff3020_v_n' [h=48AF26C4,$0099B3C0]: table$0097F0A0[a=2,h=1]
  [Node$01CAB6E4] 'tSW_Challenge_Race01' [h=913D041D,$009D3D40]: table$0099CE20[a=0,h=32]
  [Node$01CAB6F8] 'Event_ActorUsed' [h=760DA02B,$009862C0]: cfunction$002BEC70 'Event_ActorUsed' [h=760DA02B,$009862C0]
  [Node$01CAB70C] 'tSW_Challenge_Deliver01' [h=83DCCEC7,$00A40D40]: table$0098C740[a=0,h=32]
  [Node$01CAB720] 'Debug_Assert' [h=E8876833,$0098F0A0]: cfunction$002A0678 'Debug_Assert' [h=E8876833,$0098F0A0]
  [Node$01CAB734] 'SW_challenge_homerun_pyn_01_Show' [h=3F49710A,$009DBA00]: function$0099B6A0 'SW_challenge_homerun_pyn_01_Show' [h=3F49710A,$009DBA00]
    CONST$00962EF0 k0  'challenge_Recycler_Show' [h=BA823C25,$009FC3C0]
    CONST$00962EF8 k1  'tSW_challenge_homerun_pyn_01' [h=977228F9,$00A0C100]
    CODE $00962EE0
      000 00000005 GETGLOBAL r0 := _G[k0 ('challenge_Recycler_Show' [h=BA823C25,$009FC3C0])]
      001 01000045 GETGLOBAL r1 := _G[k1 ('tSW_challenge_homerun_pyn_01' [h=977228F9,$00A0C100])]
      002 00010059      CALL r0 (1 args) => 0 results
      003 0000801B    RETURN r0 ... r-1
  [Node$01CAB748] 'gameflow_Bridge_SW_2dmz_Destroyed' [h=2319C6CA,$00A36D00]: function$009A4740 'gameflow_Bridge_SW_2dmz_Destroyed' [h=2319C6CA,$00A36D00]
    CONST$00A36880 k0  'gameflow_Bridge_SW_2dmz_Destroyed' [h=2319C6CA,$00A36D00]
    CONST$00A36888 k1  'util_PrintDebugMsg' [h=A2961C17,$00A11FC0]
    CONST$00A36890 k2  'Bridge 2dmz destroyed!!!\n' [h=73EB2E6F,$00A36940]
    CONST$00A36898 k3  'gameflow_Bridge_Destroy' [h=3AF48C8C,$00A37180]
    CONST$00A368A0 k4  'bridge_2dmz_01' [h=D150B918,$009A9320]
    CONST$00A368A8 k5  'bridge_2dmz_02' [h=43085BBC,$009798E0]
    CODE $00A12D80
      000 00000003   LOADNIL r0 ... r0
      001 00000007 SETGLOBAL r0 ->> _G[k0 ('gameflow_Bridge_SW_2dmz_Destroyed' [h=2319C6CA,$00A36D00])]
      002 00000045 GETGLOBAL r0 := _G[k1 ('util_PrintDebugMsg' [h=A2961C17,$00A11FC0])]
      003 01000081     LOADK r1 := k2 ('Bridge 2dmz destroyed!!!\n' [h=73EB2E6F,$00A36940])
      004 00010059      CALL r0 (1 args) => 0 results
      005 000000C5 GETGLOBAL r0 := _G[k3 ('gameflow_Bridge_Destroy' [h=3AF48C8C,$00A37180])]
      006 0101000A  NEWTABLE r1 := {} (#a=2, #h=0)
      007 02000101     LOADK r2 := k4 ('bridge_2dmz_01' [h=D150B918,$009A9320])
      008 03000141     LOADK r3 := k5 ('bridge_2dmz_02' [h=43085BBC,$009798E0])
      009 0100005F   SETLIST r1 [1]
      010 00010059      CALL r0 (1 args) => 0 results
      011 0000801B    RETURN r0 ... r-1
  [Node$01CAB75C] 'MISSION_OBJECTIVE_LUA_LOADED' [h=74C8AECB,$00A29200]: 1.0
  [Node$01CAB770] 'loc_ff0812_s' [h=C80A8038,$00989580]: table$0099A0C0[a=8,h=1]
  [Node$01CAB784] 'Support_RemoveItem' [h=843B3C39,$00A09680]: cfunction$002A13E8 'Support_RemoveItem' [h=843B3C39,$00A09680]
  [Node$01CAB798] 'SW_challenge_homerun_pyn_01_SetupAiInNamedVehicle' [h=0B23EE50,$00AB3E40]: function$00990120 'SW_challenge_homerun_pyn_01_SetupAiInNamedVehicle' [h=0B23EE50,$00AB3E40]
    CONST$00962F00 k0  'challenge_Recycler_Vehicle_Setup' [h=2383F7A5,$009E2480]
    CONST$00962F08 k1  'tSW_challenge_homerun_pyn_01' [h=977228F9,$00A0C100]
    CODE $00990420
      000 03000005 GETGLOBAL r3 := _G[k0 ('challenge_Recycler_Vehicle_Setup' [h=2383F7A5,$009E2480])]
      001 04000045 GETGLOBAL r4 := _G[k1 ('tSW_challenge_homerun_pyn_01' [h=977228F9,$00A0C100])]
      002 05000000      MOVE r5 := r0
      003 06008000      MOVE r6 := r1
      004 03020059      CALL r3 (3 args) => 0 results
      005 0000801B    RETURN r0 ... r-1
  [Node$01CAB7AC] 'loc_ff3026_s' [h=9B95EC3C,$009956A0]: table$009A8100[a=8,h=1]
    [0:$00A2D580] 'ff3026_9' [h=E2369E85,$0098CA20]
    [1:$00A2D588] 'ff3026_10' [h=DA66806E,$0097DF20]
    [2:$00A2D590] 'ff3026_11' [h=EEAAC110,$00976D20]
    [3:$00A2D598] 'ff3026_12' [h=1C2819BC,$00980D40]
    [4:$00A2D5A0] 'ff3026_13' [h=3DC056A0,$00988C60]
    [5:$00A2D5A8] 'ff3026_14' [h=0C71AFD3,$0099D160]
    [6:$00A2D5B0] 'ff3026_15' [h=5C809F20,$009C6380]
    [7:$00A2D5B8] 'ff3026_16' [h=D2A61CCA,$00989420]
  [Node$01CAB7C0] 'clubs' [h=12E946D0,$00992080]: 'clubs' [h=12E946D0,$00992080]
  [Node$01CAB7D4] 'Traffic_AdjustZone' [h=DECC0ED1,$00A3C400]: function$0099E7A0 'Traffic_AdjustZone' [h=DECC0ED1,$00A3C400]
    CONST$00B2ADC0 k0  'name' [h=0070FA5A,$00991500]
    CONST$00B2ADC8 k1  'reset' [h=12DB9D9F,$0098B180]
    CONST$00B2ADD0 k2  'Traffic_ResetZoneSpawners' [h=D38E8042,$00A24EC0]
    CONST$00B2ADD8 k3  'vehs' [h=0079B56F,$0098AD60]
    CONST$00B2ADE0 k4  'vehsCount' [h=4BE43104,$0098ADE0]
    CONST$00B2ADE8 k5  'pairs' [h=12CC6B12,$009906A0]
    CONST$00B2ADF0 k6  'Traffic_AddZoneSpawner' [h=76414073,$009E0CC0]
    CONST$00B2ADF8 k7  'density' [h=78F59AB8,$0098AF40]
    CONST$00B2AE00 k8  'Traffic_SetZoneDensity' [h=9D7F588E,$00A10E80]
    CONST$00B2AE08 k9  'coolDown' [h=1A64E57F,$00996BA0]
    CONST$00B2AE10 k10 'Traffic_SetZoneCoolDownTimer' [h=97E775A7,$009DE2C0]
    CODE $00C4D540
      000 01003E86  GETTABLE r1 := r0[k0 ('name' [h=0070FA5A,$00991500])]
      001 02003EC6  GETTABLE r2 := r0[k1 ('reset' [h=12DB9D9F,$0098B180])]
      002 02010018      TEST not r2: r2 := r2 ; or skip
      003 00800094       JMP +3 ; 7
      004 02000085 GETGLOBAL r2 := _G[k2 ('Traffic_ResetZoneSpawners' [h=D38E8042,$00A24EC0])]
      005 03008000      MOVE r3 := r1
      006 02010059      CALL r2 (1 args) => 0 results
      007 02003F46  GETTABLE r2 := r0[k3 ('vehs' [h=0079B56F,$0098AD60])]
      008 02010018      TEST not r2: r2 := r2 ; or skip
      009 00800654       JMP +26 ; 36
      010 02003F86  GETTABLE r2 := r0[k4 ('vehsCount' [h=4BE43104,$0098ADE0])]
      011 02010018      TEST not r2: r2 := r2 ; or skip
      012 00800314       JMP +13 ; 26
      013 02000145 GETGLOBAL r2 := _G[k5 ('pairs' [h=12CC6B12,$009906A0])]
      014 03003F46  GETTABLE r3 := r0[k3 ('vehs' [h=0079B56F,$0098AD60])]
      015 02010159      CALL r2 (1 args) => 4 results
      016 0280015E  TFORPREP WIP
      017 06000185 GETGLOBAL r6 := _G[k6 ('Traffic_AddZoneSpawner' [h=76414073,$009E0CC0])]
      018 07008000      MOVE r7 := r1
      019 08028000      MOVE r8 := r5
      020 09003F86  GETTABLE r9 := r0[k4 ('vehsCount' [h=4BE43104,$0098ADE0])]
      021 09048106  GETTABLE r9 := r9[r4]
      022 06020059      CALL r6 (3 args) => 0 results
      023 0200005D  TFORLOOP WIP
      024 007FFDD4       JMP -8 ; 17
      025 00800254       JMP +10 ; 36
      026 02000145 GETGLOBAL r2 := _G[k5 ('pairs' [h=12CC6B12,$009906A0])]
      027 03003F46  GETTABLE r3 := r0[k3 ('vehs' [h=0079B56F,$0098AD60])]
      028 02010159      CALL r2 (1 args) => 4 results
      029 028000DE  TFORPREP WIP
      030 06000185 GETGLOBAL r6 := _G[k6 ('Traffic_AddZoneSpawner' [h=76414073,$009E0CC0])]
      031 07008000      MOVE r7 := r1
      032 08028000      MOVE r8 := r5
      033 06018059      CALL r6 (2 args) => 0 results
      034 0200005D  TFORLOOP WIP
      035 007FFE54       JMP -6 ; 30
      036 02004046  GETTABLE r2 := r0[k7 ('density' [h=78F59AB8,$0098AF40])]
      037 02010018      TEST not r2: r2 := r2 ; or skip
      038 008000D4       JMP +4 ; 43
      039 02000205 GETGLOBAL r2 := _G[k8 ('Traffic_SetZoneDensity' [h=9D7F588E,$00A10E80])]
      040 03008000      MOVE r3 := r1
      041 04004046  GETTABLE r4 := r0[k7 ('density' [h=78F59AB8,$0098AF40])]
      042 02018059      CALL r2 (2 args) => 0 results
      043 020040C6  GETTABLE r2 := r0[k9 ('coolDown' [h=1A64E57F,$00996BA0])]
      044 02010018      TEST not r2: r2 := r2 ; or skip
      045 008000D4       JMP +4 ; 50
      046 02000285 GETGLOBAL r2 := _G[k10 ('Traffic_SetZoneCoolDownTimer' [h=97E775A7,$009DE2C0])]
      047 03008000      MOVE r3 := r1
      048 040040C6  GETTABLE r4 := r0[k9 ('coolDown' [h=1A64E57F,$00996BA0])]
      049 02018059      CALL r2 (2 args) => 0 results
      050 0000801B    RETURN r0 ... r-1
  [Node$01CAB7E8] 'Event_ActorInFocus' [h=EF5E56D2,$009DA280]: cfunction$002B9BD0 'Event_ActorInFocus' [h=EF5E56D2,$009DA280]
  [Node$01CAB7FC] 'Ui_MessageBoxClear' [h=4C1CADC6,$00A40980]: cfunction$002A7A38 'Ui_MessageBoxClear' [h=4C1CADC6,$00A40980]
  [Node$01CAB810] 'Spawn_VehicleWithRiders' [h=AF0A4ED4,$00A0AB40]: function$00980A80[1] 'Spawn_VehicleWithRiders' [h=AF0A4ED4,$00A0AB40]
    CONST$00C96F00 k0  'tostring' [h=787EB105,$00990700]
    CONST$00C96F08 k1  'sFullMissionID' [h=55237598,$009A61E0]
    CONST$00C96F10 k2  ' . . . Spawn_VehicleWithRiders:  ASSERT:  ' [h=51BE722F,$009FDF80]
    CONST$00C96F18 k3  'assert' [h=92EA3D15,$00991340]
    CONST$00C96F20 k4  'type' [h=0070EF71,$00990720]
    CONST$00C96F28 k5  'table' [h=10F2114B,$00979B40]
    CONST$00C96F30 k6  "You didn't pass in a table, Beavis.  DUUURRRR!\n" [h=356B938B,$00A2CB40]
    CONST$00C96F38 k7  'tVehicle' [h=DF637256,$00998C80]
    CONST$00C96F40 k8  'tVehicle is not a table\n' [h=181879C0,$009EFA40]
    CONST$00C96F48 k9  'tRiders' [h=9A4B48D9,$009A46A0]
    CONST$00C96F50 k10 'tRiders is not a table\n' [h=EF7CE071,$009FB900]
    CONST$00C96F58 k11 'tRiders contains a non-table value\n' [h=656BF233,$009F1240]
    CONST$00C96F60 k12 'Spawn_Actor' [h=44229E9F,$00985AE0]
    CONST$00C96F68 k13 'Actor_GetPosition' [h=F7E6F403,$009DC400]
    CONST$00C96F70 k14 'sName' [h=10ED9F0D,$00980360]
    CONST$00C96F78 k15 'Utility_GetTerrainHeightAtXZ' [h=3D5463A9,$00A00740]
    CONST$00C96F80 k16 30.0
    CONST$00C96F88 k17 'spawnLocation' [h=8D916716,$0099E420]
    CONST$00C96F90 k18 'x' [h=00000099,$009A6B80]
    CONST$00C96F98 k19 'y' [h=00000098,$009A6B60]
    CONST$00C96FA0 k20 'z' [h=0000009B,$009A6B40]
    CONST$00C96FA8 k21 'yaw' [h=0003646B,$009A6B20]
    CONST$00C96FB0 k22 0.0
    CONST$00C96FB8 k23 'sEncounter' [h=4CD961D9,$009A5C20]
    CONST$00C96FC0 k24 nil
    CONST$00C96FC8 k25 'sSquad' [h=7089B391,$009C60E0]
    CONST$00C96FD0 k26 '' [h=00000000,$009A78C0]
    CONST$00C96FD8 k27 'sTemplate' [h=71335A82,$0097B1E0]
    CONST$00C96FE0 k28 'util_GetRandomIntInRange' [h=E995DC0A,$009E00C0]
    CONST$00C96FE8 k29 1.0
    CONST$00C96FF0 k30 'getn' [h=0083B006,$00978AA0]
    CONST$00C96FF8 k31 'sPosition' [h=1BEA7728,$00999060]
    CONST$00C97000 k32 'DRIVER' [h=37391C17,$0099EDE0]
    CONST$00C97008 k33 'PASSENGER' [h=548D828A,$00998600]
    CONST$00C97010 k34 'ActorVehicle_ReceiveRider' [h=A15FE812,$00A01E00]
    CODE $00D94740
      000 01000004  GETUPVAL r1 := u0
      001 01008018      TEST not r1: r1 := r1 ; or skip
      002 00800E54       JMP +58 ; 61
      003 01000005 GETGLOBAL r1 := _G[k0 ('tostring' [h=787EB105,$00990700])]
      004 02000045 GETGLOBAL r2 := _G[k1 ('sFullMissionID' [h=55237598,$009A61E0])]
      005 01010099      CALL r1 (1 args) => 1 results
      006 02000081     LOADK r2 := k2 (' . . . Spawn_VehicleWithRiders:  ASSERT:  ' [h=51BE722F,$009FDF80])
      007 01008093    CONCAT r1 := r1 ... r2
      008 020000C5 GETGLOBAL r2 := _G[k3 ('assert' [h=92EA3D15,$00991340])]
      009 03000105 GETGLOBAL r3 := _G[k4 ('type' [h=0070EF71,$00990720])]
      010 04000000      MOVE r4 := r0
      011 03010099      CALL r3 (1 args) => 1 results
      012 0101BFD5       BNE r3 != k5 ('table' [h=10F2114B,$00979B40])
      013 00800014       JMP +1 ; 15
      014 03000042  LOADBOOL r3 := False ; br 16
      015 03008002  LOADBOOL r3 := True
      016 04008000      MOVE r4 := r1
      017 05000181     LOADK r5 := k6 ("You didn't pass in a table, Beavis.  DUUURRRR!\n" [h=356B938B,$00A2CB40])
      018 04020153    CONCAT r4 := r4 ... r5
      019 02018059      CALL r2 (2 args) => 0 results
      020 020000C5 GETGLOBAL r2 := _G[k3 ('assert' [h=92EA3D15,$00991340])]
      021 03000105 GETGLOBAL r3 := _G[k4 ('type' [h=0070EF71,$00990720])]
      022 04004046  GETTABLE r4 := r0[k7 ('tVehicle' [h=DF637256,$00998C80])]
      023 03010099      CALL r3 (1 args) => 1 results
      024 0101BFD5       BNE r3 != k5 ('table' [h=10F2114B,$00979B40])
      025 00800014       JMP +1 ; 27
      026 03000042  LOADBOOL r3 := False ; br 28
      027 03008002  LOADBOOL r3 := True
      028 04008000      MOVE r4 := r1
      029 05000201     LOADK r5 := k8 ('tVehicle is not a table\n' [h=181879C0,$009EFA40])
      030 04020153    CONCAT r4 := r4 ... r5
      031 02018059      CALL r2 (2 args) => 0 results
      032 020000C5 GETGLOBAL r2 := _G[k3 ('assert' [h=92EA3D15,$00991340])]
      033 03000105 GETGLOBAL r3 := _G[k4 ('type' [h=0070EF71,$00990720])]
      034 040040C6  GETTABLE r4 := r0[k9 ('tRiders' [h=9A4B48D9,$009A46A0])]
      035 03010099      CALL r3 (1 args) => 1 results
      036 0101BFD5       BNE r3 != k5 ('table' [h=10F2114B,$00979B40])
      037 00800014       JMP +1 ; 39
      038 03000042  LOADBOOL r3 := False ; br 40
      039 03008002  LOADBOOL r3 := True
      040 04008000      MOVE r4 := r1
      041 05000281     LOADK r5 := k10 ('tRiders is not a table\n' [h=EF7CE071,$009FB900])
      042 04020153    CONCAT r4 := r4 ... r5
      043 02018059      CALL r2 (2 args) => 0 results
      044 020040C6  GETTABLE r2 := r0[k9 ('tRiders' [h=9A4B48D9,$009A46A0])]
      045 03028003   LOADNIL r3 ... r5
      046 028002DE  TFORPREP WIP
      047 060000C5 GETGLOBAL r6 := _G[k3 ('assert' [h=92EA3D15,$00991340])]
      048 07000105 GETGLOBAL r7 := _G[k4 ('type' [h=0070EF71,$00990720])]
      049 08028000      MOVE r8 := r5
      050 07010099      CALL r7 (1 args) => 1 results
      051 0103BFD5       BNE r7 != k5 ('table' [h=10F2114B,$00979B40])
      052 00800014       JMP +1 ; 54
      053 07000042  LOADBOOL r7 := False ; br 55
      054 07008002  LOADBOOL r7 := True
      055 08008000      MOVE r8 := r1
      056 090002C1     LOADK r9 := k11 ('tRiders contains a non-table value\n' [h=656BF233,$009F1240])
      057 08040253    CONCAT r8 := r8 ... r9
      058 06018059      CALL r6 (2 args) => 0 results
      059 0200005D  TFORLOOP WIP
      060 007FFC54       JMP -14 ; 47
      061 01000305 GETGLOBAL r1 := _G[k12 ('Spawn_Actor' [h=44229E9F,$00985AE0])]
      062 02004046  GETTABLE r2 := r0[k7 ('tVehicle' [h=DF637256,$00998C80])]
      063 01010059      CALL r1 (1 args) => 0 results
      064 01000345 GETGLOBAL r1 := _G[k13 ('Actor_GetPosition' [h=F7E6F403,$009DC400])]
      065 02004046  GETTABLE r2 := r0[k7 ('tVehicle' [h=DF637256,$00998C80])]
      066 02014206  GETTABLE r2 := r2[k14 ('sName' [h=10ED9F0D,$00980360])]
      067 01010119      CALL r1 (1 args) => 3 results
      068 040003C5 GETGLOBAL r4 := _G[k15 ('Utility_GetTerrainHeightAtXZ' [h=3D5463A9,$00A00740])]
      069 05008000      MOVE r5 := r1
      070 06018000      MOVE r6 := r3
      071 04018099      CALL r4 (2 args) => 1 results
      072 0401010D       SUB r4 := r2 - r4
      073 0202428D       SUB r2 := r4 - k16 (30.0)
      074 04008002  LOADBOOL r4 := True
      075 050040C6  GETTABLE r5 := r0[k9 ('tRiders' [h=9A4B48D9,$009A46A0])]
      076 06040003   LOADNIL r6 ... r8
      077 0580101E  TFORPREP WIP
      078 090000CA  NEWTABLE r9 := {} (#a=0, #h=3)
      079 09860049  SETTABLE r1 ->> r9[k18 ('x' [h=00000099,$009A6B80])]
      080 09868089  SETTABLE r2 ->> r9[k19 ('y' [h=00000098,$009A6B60])]
      081 098700C9  SETTABLE r3 ->> r9[k20 ('z' [h=0000009B,$009A6B40])]
      082 0987C409  SETTABLE k22 (0.0) ->> r9[k21 ('yaw' [h=0003646B,$009A6B20])]
      083 08858249  SETTABLE r9 ->> r8[k17 ('spawnLocation' [h=8D916716,$0099E420])]
      084 09004046  GETTABLE r9 := r0[k7 ('tVehicle' [h=DF637256,$00998C80])]
      085 0904C446  GETTABLE r9 := r9[k23 ('sEncounter' [h=4CD961D9,$009A5C20])]
      086 0104C495       BNE r9 != k24 (nil)
      087 00800154       JMP +6 ; 94
      088 09044446  GETTABLE r9 := r8[k23 ('sEncounter' [h=4CD961D9,$009A5C20])]
      089 09048058      TEST r9: r9 := r9 ; or skip
      090 00800054       JMP +2 ; 93
      091 09004046  GETTABLE r9 := r0[k7 ('tVehicle' [h=DF637256,$00998C80])]
      092 0904C446  GETTABLE r9 := r9[k23 ('sEncounter' [h=4CD961D9,$009A5C20])]
      093 08888249  SETTABLE r9 ->> r8[k23 ('sEncounter' [h=4CD961D9,$009A5C20])]
      094 09004046  GETTABLE r9 := r0[k7 ('tVehicle' [h=DF637256,$00998C80])]
      095 0904C4C6  GETTABLE r9 := r9[k25 ('sSquad' [h=7089B391,$009C60E0])]
      096 0104C495       BNE r9 != k24 (nil)
      097 00800154       JMP +6 ; 104
      098 090444C6  GETTABLE r9 := r8[k25 ('sSquad' [h=7089B391,$009C60E0])]
      099 09048058      TEST r9: r9 := r9 ; or skip
      100 00800054       JMP +2 ; 103
      101 09004046  GETTABLE r9 := r0[k7 ('tVehicle' [h=DF637256,$00998C80])]
      102 0904C4C6  GETTABLE r9 := r9[k25 ('sSquad' [h=7089B391,$009C60E0])]
      103 08898249  SETTABLE r9 ->> r8[k25 ('sSquad' [h=7089B391,$009C60E0])]
      104 09044206  GETTABLE r9 := r8[k14 ('sName' [h=10ED9F0D,$00980360])]
      105 0004C495       BEQ r9 == k24 (nil)
      106 00800014       JMP +1 ; 108
      107 08844509  SETTABLE k26 ('' [h=00000000,$009A78C0]) ->> r8[k14 ('sName' [h=10ED9F0D,$00980360])]
      108 09000105 GETGLOBAL r9 := _G[k4 ('type' [h=0070EF71,$00990720])]
      109 0A044546  GETTABLE r10 := r8[k27 ('sTemplate' [h=71335A82,$0097B1E0])]
      110 09010099      CALL r9 (1 args) => 1 results
      111 0004BFD5       BEQ r9 == k5 ('table' [h=10F2114B,$00979B40])
      112 00800254       JMP +10 ; 123
      113 09044546  GETTABLE r9 := r8[k27 ('sTemplate' [h=71335A82,$0097B1E0])]
      114 0A000705 GETGLOBAL r10 := _G[k28 ('util_GetRandomIntInRange' [h=E995DC0A,$009E00C0])]
      115 0B000741     LOADK r11 := k29 (1.0)
      116 0C000145 GETGLOBAL r12 := _G[k5 ('table' [h=10F2114B,$00979B40])]
      117 0C064606  GETTABLE r12 := r12[k30 ('getn' [h=0083B006,$00978AA0])]
      118 0D044546  GETTABLE r13 := r8[k27 ('sTemplate' [h=71335A82,$0097B1E0])]
      119 0C010019      CALL r12 (1 args) => -1 results
      120 0A000099      CALL r10 (-1 args) => 1 results
      121 09048286  GETTABLE r9 := r9[r10]
      122 088A8249  SETTABLE r9 ->> r8[k27 ('sTemplate' [h=71335A82,$0097B1E0])]
      123 09000305 GETGLOBAL r9 := _G[k12 ('Spawn_Actor' [h=44229E9F,$00985AE0])]
      124 0A040000      MOVE r10 := r8
      125 09010099      CALL r9 (1 args) => 1 results
      126 0A044646  GETTABLE r10 := r8[k31 ('sPosition' [h=1BEA7728,$00999060])]
      127 00054495       BEQ r10 == k24 (nil)
      128 00800114       JMP +5 ; 134
      129 04020018      TEST not r4: r4 := r4 ; or skip
      130 00800054       JMP +2 ; 133
      131 0A000801     LOADK r10 := k32 ('DRIVER' [h=37391C17,$0099EDE0])
      132 00800014       JMP +1 ; 134
      133 0A000841     LOADK r10 := k33 ('PASSENGER' [h=548D828A,$00998600])
      134 00054695       BEQ r10 == k32 ('DRIVER' [h=37391C17,$0099EDE0])
      135 00800014       JMP +1 ; 137
      136 04000002  LOADBOOL r4 := False
      137 0B000885 GETGLOBAL r11 := _G[k34 ('ActorVehicle_ReceiveRider' [h=A15FE812,$00A01E00])]
      138 0C004046  GETTABLE r12 := r0[k7 ('tVehicle' [h=DF637256,$00998C80])]
      139 0C064206  GETTABLE r12 := r12[k14 ('sName' [h=10ED9F0D,$00980360])]
      140 0D048000      MOVE r13 := r9
      141 0E050000      MOVE r14 := r10
      142 0B020059      CALL r11 (3 args) => 0 results
      143 0500005D  TFORLOOP WIP
      144 007FEF14       JMP -67 ; 78
      145 0000801B    RETURN r0 ... r-1
  [Node$01CAB824] 'Utility_CloseThisScript' [h=CEFBE680,$00A3F240]: cfunction$002C1E60 'Utility_CloseThisScript' [h=CEFBE680,$00A3F240]
  [Node$01CAB838] 'Boundary_GetEnclosingBoundaries' [h=961336D6,$009DCC80]: cfunction$002C8E50 'Boundary_GetEnclosingBoundaries' [h=961336D6,$009DCC80]
  [Node$01CAB84C] 'challenge_CompleteStateRewardGet' [h=100B2C43,$00A04080]: function$009ABB80 'challenge_CompleteStateRewardGet' [h=100B2C43,$00A04080]
    CONST$00952AA0 k0  'Global_GetValue' [h=A320AED9,$00977860]
    CONST$00952AA8 k1  'bChallengeReward' [h=304D9342,$00A41A40]
    CODE $00998DA0
      000 00000005 GETGLOBAL r0 := _G[k0 ('Global_GetValue' [h=A320AED9,$00977860])]
      001 01000041     LOADK r1 := k1 ('bChallengeReward' [h=304D9342,$00A41A40])
      002 0001001A  TAILCALL r0 (1 args)
      003 0000001B    RETURN r0 ... r-2
      004 0000801B    RETURN r0 ... r-1
  [Node$01CAB860] 'SW_Challenge_homerun_prp2dmz_01_Level' [h=5DA77ED8,$009DD940]: function$0097BC80 'SW_Challenge_homerun_prp2dmz_01_Level' [h=5DA77ED8,$009DD940]
    CONST$009CD840 k0  'Utility_ReadNumberFromScribbleMemory' [h=2BB92038,$00A00C80]
    CONST$009CD848 k1  'SW_challenge_homerun_prp2dmz_01_Level' [h=5DA77ED8,$009E0B00]
    CONST$009CD850 k2  nil
    CONST$009CD858 k3  1.0
    CONST$009CD860 k4  'Utility_WriteNumberToScribbleMemory' [h=DCF55147,$009DC740]
    CODE $009EE340
      000 00000005 GETGLOBAL r0 := _G[k0 ('Utility_ReadNumberFromScribbleMemory' [h=2BB92038,$00A00C80])]
      001 01000041     LOADK r1 := k1 ('SW_challenge_homerun_prp2dmz_01_Level' [h=5DA77ED8,$009E0B00])
      002 00010099      CALL r0 (1 args) => 1 results
      003 00003F15       BEQ r0 == k2 (nil)
      004 00800114       JMP +5 ; 10
      005 000000C1     LOADK r0 := k3 (1.0)
      006 01000105 GETGLOBAL r1 := _G[k4 ('Utility_WriteNumberToScribbleMemory' [h=DCF55147,$009DC740])]
      007 02000041     LOADK r2 := k1 ('SW_challenge_homerun_prp2dmz_01_Level' [h=5DA77ED8,$009E0B00])
      008 03000000      MOVE r3 := r0
      009 01018059      CALL r1 (2 args) => 0 results
      010 0001001B    RETURN r0 ... r0
      011 0000801B    RETURN r0 ... r-1
  [Node$01CAB874] 'Global_GetValue' [h=A320AED9,$00977860]: cfunction$002C9DD8 'Global_GetValue' [h=A320AED9,$00977860]
  [Node$01CAB888] 'loc_ff1749_n' [h=4DD2CB81,$009A42C0]: table$00993AC0[a=8,h=1]
  [Node$01CAB89C] 'Event_OdfHitPointsLessThan' [h=4DDA8046,$009DB1C0]: cfunction$002BD1D8 'Event_OdfHitPointsLessThan' [h=4DDA8046,$009DB1C0]
  [Node$01CAB8B0] 'Event_ActorInLoadingZone' [h=DD9C6EDC,$009D7040]: cfunction$002BB5A8 'Event_ActorInLoadingZone' [h=DD9C6EDC,$009D7040]
  [Node$01CAB8C4] 'Camera_SetInterestActor' [h=FF9BDEDD,$00A099C0]: cfunction$002A5B08 'Camera_SetInterestActor' [h=FF9BDEDD,$00A099C0]
  [Node$01CAB8D8] 'Player_RefillWeaponAmmo' [h=7EBC9EDE,$009DFB00]: cfunction$002BFBB8 'Player_RefillWeaponAmmo' [h=7EBC9EDE,$009DFB00]
  [Node$01CAB8EC] 'SW_challenge_homerun_pyn_01_BestDistance' [h=A723844D,$009D1A40]: function$00988C80 'SW_challenge_homerun_pyn_01_BestDistance' [h=A723844D,$009D1A40]
  [Node$01CAB900] 'table_Copy' [h=84C4D84B,$009C3B80]: function$0097A640 'table_Copy' [h=84C4D84B,$009C3B80]
    CONST$009C56A0 k0  'type' [h=0070EF71,$00990720]
    CONST$009C56A8 k1  'table' [h=10F2114B,$00979B40]
    CONST$009C56B0 k2  'table_Copy' [h=84C4D84B,$009C3B80]
    CODE $00A9E240
      000 0100000A  NEWTABLE r1 := {} (#a=0, #h=0)
      001 02000000      MOVE r2 := r0
      002 03028003   LOADNIL r3 ... r5
      003 0280029E  TFORPREP WIP
      004 06000005 GETGLOBAL r6 := _G[k0 ('type' [h=0070EF71,$00990720])]
      005 07028000      MOVE r7 := r5
      006 06010099      CALL r6 (1 args) => 1 results
      007 00033ED5       BEQ r6 == k1 ('table' [h=10F2114B,$00979B40])
      008 00800114       JMP +5 ; 14
      009 06000085 GETGLOBAL r6 := _G[k2 ('table_Copy' [h=84C4D84B,$009C3B80])]
      010 07028000      MOVE r7 := r5
      011 06010099      CALL r6 (1 args) => 1 results
      012 01020189  SETTABLE r6 ->> r1[r4]
      013 00800014       JMP +1 ; 15
      014 01020149  SETTABLE r5 ->> r1[r4]
      015 0200005D  TFORLOOP WIP
      016 007FFC94       JMP -13 ; 4
      017 0101001B    RETURN r1 ... r1
      018 0000801B    RETURN r0 ... r-1
  [Node$01CAB914] 'jeff_CheckTutorialText' [h=8F0C6EE1,$00A2C100]: function$0099D8A0 'jeff_CheckTutorialText' [h=8F0C6EE1,$00A2C100]
    CONST$00A0D440 k0  'Actor_GetType' [h=DC0B4554,$009777A0]
    CONST$00A0D448 k1  'tutorial_' [h=9945D57D,$009772C0]
    CONST$00A0D450 k2  'Utility_ReadNumberFromScribbleMemory' [h=2BB92038,$00A00C80]
    CONST$00A0D458 k3  'Utility_WriteNumberToScribbleMemory' [h=DCF55147,$009DC740]
    CONST$00A0D460 k4  1.0
    CONST$00A0D468 k5  'jeff_DisplayTutorialText' [h=DE4D51B5,$00A0D240]
    CODE $00AC7340
      000 01000005 GETGLOBAL r1 := _G[k0 ('Actor_GetType' [h=DC0B4554,$009777A0])]
      001 02000000      MOVE r2 := r0
      002 01010099      CALL r1 (1 args) => 1 results
      003 02000041     LOADK r2 := k1 ('tutorial_' [h=9945D57D,$009772C0])
      004 03008000      MOVE r3 := r1
      005 020100D3    CONCAT r2 := r2 ... r3
      006 03000085 GETGLOBAL r3 := _G[k2 ('Utility_ReadNumberFromScribbleMemory' [h=2BB92038,$00A00C80])]
      007 04010000      MOVE r4 := r2
      008 03010099      CALL r3 (1 args) => 1 results
      009 03018058      TEST r3: r3 := r3 ; or skip
      010 00800194       JMP +7 ; 18
      011 030000C5 GETGLOBAL r3 := _G[k3 ('Utility_WriteNumberToScribbleMemory' [h=DCF55147,$009DC740])]
      012 04010000      MOVE r4 := r2
      013 05000101     LOADK r5 := k4 (1.0)
      014 03018059      CALL r3 (2 args) => 0 results
      015 03000145 GETGLOBAL r3 := _G[k5 ('jeff_DisplayTutorialText' [h=DE4D51B5,$00A0D240])]
      016 04010000      MOVE r4 := r2
      017 03010059      CALL r3 (1 args) => 0 results
      018 0000801B    RETURN r0 ... r-1
  [Node$01CAB928] 'Event_RelativeTimer' [h=AD23F6E2,$00A3EA80]: cfunction$002BE868 'Event_RelativeTimer' [h=AD23F6E2,$00A3EA80]
  [Node$01CAB93C] 'challenge_Recycler_EnableFactionZone' [h=53E9484C,$00A09840]: function$009A5B20 'challenge_Recycler_EnableFactionZone' [h=53E9484C,$00A09840]
    CONST$0095EF10 k0  'Boundary_Enable' [h=65FD5E6D,$009C7140]
    CODE $009A5280
      000 03000005 GETGLOBAL r3 := _G[k0 ('Boundary_Enable' [h=65FD5E6D,$009C7140])]
      001 04008000      MOVE r4 := r1
      002 05008002  LOADBOOL r5 := True
      003 03018059      CALL r3 (2 args) => 0 results
      004 0000801B    RETURN r0 ... r-1
  [Node$01CAB950] 'SW_challenge_homerun_prp2dmz_01_OnStarterBroken' [h=927543D0,$00A00C00]: function$009A35A0 'SW_challenge_homerun_prp2dmz_01_OnStarterBroken' [h=927543D0,$00A00C00]
    CONST$00963010 k0  'challenge_Recycler_OnStarterBroken' [h=8855A662,$00A07100]
    CONST$00963018 k1  'tSW_challenge_homerun_prp2dmz_01' [h=98FBDA5C,$009F8C40]
    CODE $00963000
      000 00000005 GETGLOBAL r0 := _G[k0 ('challenge_Recycler_OnStarterBroken' [h=8855A662,$00A07100])]
      001 01000045 GETGLOBAL r1 := _G[k1 ('tSW_challenge_homerun_prp2dmz_01' [h=98FBDA5C,$009F8C40])]
      002 00010059      CALL r0 (1 args) => 0 results
      003 0000801B    RETURN r0 ... r-1
  [Node$01CAB964] 'Effect_SetRushingAirEffect' [h=1526A84F,$009DBE00]: cfunction$002A4F90 'Effect_SetRushingAirEffect' [h=1526A84F,$009DBE00]
  [Node$01CAB978] 'Camera_StopScriptDriveActor' [h=E7826052,$00A004C0]: cfunction$002A7118 'Camera_StopScriptDriveActor' [h=E7826052,$00A004C0]
  [Node$01CAB98C] 'Actor_SetLightState' [h=11C3A80E,$00A41040]: cfunction$002AEF40 'Actor_SetLightState' [h=11C3A80E,$00A41040]
  [Node$01CAB9A0] 'mission_RemoveObjective' [h=B90D805B,$00A2CF00]: function$00989940 'mission_RemoveObjective' [h=B90D805B,$00A2CF00]
    CONST$00AABE40 k0  'Debug_Assert' [h=E8876833,$0098F0A0]
    CONST$00AABE48 k1  '[OBJECTIVE] attempting to remove invalid objectiveName!' [h=C5C56B45,$00AC3C40]
    CONST$00AABE50 k2  'util_PrintDebugMsg' [h=A2961C17,$00A11FC0]
    CONST$00AABE58 k3  '[OBJECTIVE] removing objective ' [h=E3EB749F,$009E95C0]
    CONST$00AABE60 k4  '\n' [h=0000002B,$009A7280]
    CONST$00AABE68 k5  'Objective_Remove' [h=732926C0,$00A3FB80]
    CONST$00AABE70 k6  'mission_tObjectives' [h=B4A8BCEB,$00A252C0]
    CONST$00AABE78 k7  'ipairs' [h=B6F4A157,$00990680]
    CONST$00AABE80 k8  'targetActors' [h=DB0363C4,$009AC4A0]
    CONST$00AABE88 k9  'CancelEventsForObjectiveTarget' [h=57E38D51,$009F7E40]
    CONST$00AABE90 k10 'verb' [h=0076582D,$009A3120]
    CONST$00AABE98 k11 'mission_tTargets' [h=28796635,$009DFD00]
    CONST$00AABEA0 k12 'Utility_GetActorAsInt' [h=A2B359A3,$00A0FF40]
    CODE $00AC2640
      000 01000005 GETGLOBAL r1 := _G[k0 ('Debug_Assert' [h=E8876833,$0098F0A0])]
      001 02000000      MOVE r2 := r0
      002 03000041     LOADK r3 := k1 ('[OBJECTIVE] attempting to remove invalid objectiveName!' [h=C5C56B45,$00AC3C40])
      003 01018059      CALL r1 (2 args) => 0 results
      004 01000085 GETGLOBAL r1 := _G[k2 ('util_PrintDebugMsg' [h=A2961C17,$00A11FC0])]
      005 020000C1     LOADK r2 := k3 ('[OBJECTIVE] removing objective ' [h=E3EB749F,$009E95C0])
      006 03000000      MOVE r3 := r0
      007 04000101     LOADK r4 := k4 ('\n' [h=0000002B,$009A7280])
      008 02010113    CONCAT r2 := r2 ... r4
      009 01010059      CALL r1 (1 args) => 0 results
      010 01000145 GETGLOBAL r1 := _G[k5 ('Objective_Remove' [h=732926C0,$00A3FB80])]
      011 02000000      MOVE r2 := r0
      012 01010059      CALL r1 (1 args) => 0 results
      013 01000185 GETGLOBAL r1 := _G[k6 ('mission_tObjectives' [h=B4A8BCEB,$00A252C0])]
      014 01008006  GETTABLE r1 := r1[r0]
      015 01008018      TEST not r1: r1 := r1 ; or skip
      016 00800354       JMP +14 ; 31
      017 020001C5 GETGLOBAL r2 := _G[k7 ('ipairs' [h=B6F4A157,$00990680])]
      018 0300C086  GETTABLE r3 := r1[k8 ('targetActors' [h=DB0363C4,$009AC4A0])]
      019 02010159      CALL r2 (1 args) => 4 results
      020 028001DE  TFORPREP WIP
      021 06000245 GETGLOBAL r6 := _G[k9 ('CancelEventsForObjectiveTarget' [h=57E38D51,$009F7E40])]
      022 0700C106  GETTABLE r7 := r1[k10 ('verb' [h=0076582D,$009A3120])]
      023 080002C5 GETGLOBAL r8 := _G[k11 ('mission_tTargets' [h=28796635,$009DFD00])]
      024 09000305 GETGLOBAL r9 := _G[k12 ('Utility_GetActorAsInt' [h=A2B359A3,$00A0FF40])]
      025 0A028000      MOVE r10 := r5
      026 09010099      CALL r9 (1 args) => 1 results
      027 08040246  GETTABLE r8 := r8[r9]
      028 06018059      CALL r6 (2 args) => 0 results
      029 0200005D  TFORLOOP WIP
      030 007FFD54       JMP -10 ; 21
      031 0000801B    RETURN r0 ... r-1
  [Node$01CAB9B4] 'Briefing_AddActor' [h=7D5A76E9,$009FBA80]: cfunction$002C7168 'Briefing_AddActor' [h=7D5A76E9,$009FBA80]
  [Node$01CAB9C8] 'SW_challenge_homerun_prp2dmz_01_SetupAiInNamedVehicle' [h=F2D56F32,$00AB43C0]: function$0097BF00 'SW_challenge_homerun_prp2dmz_01_SetupAiInNamedVehicle' [h=F2D56F32,$00AB43C0]
    CONST$009630B0 k0  'challenge_Recycler_Vehicle_Setup' [h=2383F7A5,$009E2480]
    CONST$009630B8 k1  'tSW_challenge_homerun_prp2dmz_01' [h=98FBDA5C,$009F8C40]
    CODE $00979420
      000 03000005 GETGLOBAL r3 := _G[k0 ('challenge_Recycler_Vehicle_Setup' [h=2383F7A5,$009E2480])]
      001 04000045 GETGLOBAL r4 := _G[k1 ('tSW_challenge_homerun_prp2dmz_01' [h=98FBDA5C,$009F8C40])]
      002 05000000      MOVE r5 := r0
      003 06008000      MOVE r6 := r1
      004 03020059      CALL r3 (3 args) => 0 results
      005 0000801B    RETURN r0 ... r-1
  [Node$01CAB9DC] 'DisabledTeleportPilotDistant' [h=C79A66EB,$00A08E00]: function$009A7D80 'DisabledTeleportPilotDistant' [h=C79A66EB,$00A08E00]
    CONST$009A7A00 k0  'Actor_Remove' [h=3657B3EC,$00977B00]
    CONST$009A7A08 k1  'teleport_pilot' [h=1FED1AF1,$009A7BC0]
    CONST$009A7A10 k2  'SetupTeleport' [h=F5A2E4EA,$009A63A0]
    CODE $009A79C0
      000 00000005 GETGLOBAL r0 := _G[k0 ('Actor_Remove' [h=3657B3EC,$00977B00])]
      001 01000041     LOADK r1 := k1 ('teleport_pilot' [h=1FED1AF1,$009A7BC0])
      002 00010059      CALL r0 (1 args) => 0 results
      003 00000085 GETGLOBAL r0 := _G[k2 ('SetupTeleport' [h=F5A2E4EA,$009A63A0])]
      004 00008059      CALL r0 (0 args) => 0 results
      005 0000801B    RETURN r0 ... r-1
  [Node$01CAB9F0] 'EnableBouncers' [h=459C9068,$009A6080]: function$0097EEE0 'EnableBouncers' [h=459C9068,$009A6080]
    CONST$00A394C0 k0  'util_PrintDebugMsg' [h=A2961C17,$00A11FC0]
    CONST$00A394C8 k1  '\n[BOUNCER] EnableBouncers: starting...\n' [h=35B83ACB,$00A3A140]
    CONST$00A394D0 k2  'ipairs' [h=B6F4A157,$00990680]
    CONST$00A394D8 k3  'factions' [h=B0868D1F,$0097FD60]
    CONST$00A394E0 k4  'EnableBouncer' [h=6B46993F,$0098EAA0]
    CONST$00A394E8 k5  'lower' [h=1231D4EF,$0099CA20]
    CONST$00A394F0 k6  'ace' [h=00032097,$009A4E60]
    CONST$00A394F8 k7  '[BOUNCER] EnableBouncers: ...done\n' [h=282F705E,$00A3A180]
    CODE $00A9EEC0
      000 01000005 GETGLOBAL r1 := _G[k0 ('util_PrintDebugMsg' [h=A2961C17,$00A11FC0])]
      001 02000041     LOADK r2 := k1 ('\n[BOUNCER] EnableBouncers: starting...\n' [h=35B83ACB,$00A3A140])
      002 01010059      CALL r1 (1 args) => 0 results
      003 01000085 GETGLOBAL r1 := _G[k2 ('ipairs' [h=B6F4A157,$00990680])]
      004 020000C5 GETGLOBAL r2 := _G[k3 ('factions' [h=B0868D1F,$0097FD60])]
      005 01010159      CALL r1 (1 args) => 4 results
      006 018000DE  TFORPREP WIP
      007 05000105 GETGLOBAL r5 := _G[k4 ('EnableBouncer' [h=6B46993F,$0098EAA0])]
      008 06000000      MOVE r6 := r0
      009 07023FC6  GETTABLE r7 := r4[k5 ('lower' [h=1231D4EF,$0099CA20])]
      010 05018059      CALL r5 (2 args) => 0 results
      011 0100005D  TFORLOOP WIP
      012 007FFE54       JMP -6 ; 7
      013 01000105 GETGLOBAL r1 := _G[k4 ('EnableBouncer' [h=6B46993F,$0098EAA0])]
      014 02000000      MOVE r2 := r0
      015 03000181     LOADK r3 := k6 ('ace' [h=00032097,$009A4E60])
      016 01018059      CALL r1 (2 args) => 0 results
      017 01000005 GETGLOBAL r1 := _G[k0 ('util_PrintDebugMsg' [h=A2961C17,$00A11FC0])]
      018 020001C1     LOADK r2 := k7 ('[BOUNCER] EnableBouncers: ...done\n' [h=282F705E,$00A3A180])
      019 01010059      CALL r1 (1 args) => 0 results
      020 0000801B    RETURN r0 ... r-1
  [Node$01CABA04] 'util_PrintDebugMsg' [h=A2961C17,$00A11FC0]: function$009A2BC0 'util_PrintDebugMsg' [h=A2961C17,$00A11FC0]
    CONST$009609A0 k0  'bDebugOutput' [h=2660F98C,$009A6CC0]
    CONST$009609A8 k1  'Debug_Printf' [h=445430CF,$0098B6A0]
    CODE $009974E0
      000 01000005 GETGLOBAL r1 := _G[k0 ('bDebugOutput' [h=2660F98C,$009A6CC0])]
      001 01008018      TEST not r1: r1 := r1 ; or skip
      002 00800094       JMP +3 ; 6
      003 01000045 GETGLOBAL r1 := _G[k1 ('Debug_Printf' [h=445430CF,$0098B6A0])]
      004 02000000      MOVE r2 := r0
      005 01010059      CALL r1 (1 args) => 0 results
      006 0000801B    RETURN r0 ... r-1
  [Node$01CABA18] 'cheat_VerifyCard' [h=9B49C6EE,$009F7000]: function$00988980 'cheat_VerifyCard' [h=9B49C6EE,$009F7000]
    CONST$00AC9640 k0  'CARD_RANK_MIN' [h=4771A7AF,$009990E0]
    CONST$00AC9648 k1  'CARD_RANK_MAX' [h=B37F15FE,$009983E0]
    CONST$00AC9650 k2  'Utility_ReadNumberFromScribbleMemory' [h=2BB92038,$00A00C80]
    CONST$00AC9658 k3  'chapter' [h=9A11FF20,$00997D80]
    CONST$00AC9660 k4  'suit_sequence' [h=3E108615,$009A9EE0]
    CONST$00AC9668 k5  'gameflow_DeckCardVerified' [h=52863805,$009F7F80]
    CONST$00AC9670 k6  'stateKilled' [h=0D0073F8,$009C4DE0]
    CONST$00AC9678 k7  'Desktop_BeginVerify' [h=B6292127,$009DEA80]
    CONST$00AC9680 k8  'state' [h=10EE0118,$00982CE0]
    CONST$00AC9688 k9  'FALSE' [h=0E4B730F,$009965C0]
    CODE $00AC95C0
      000 01000005 GETGLOBAL r1 := _G[k0 ('CARD_RANK_MIN' [h=4771A7AF,$009990E0])]
      001 00008017       BLE r1 <= r0
      002 008004D4       JMP +20 ; 23
      003 01000045 GETGLOBAL r1 := _G[k1 ('CARD_RANK_MAX' [h=B37F15FE,$009983E0])]
      004 00000057       BLE r0 <= r1
      005 00800414       JMP +17 ; 23
      006 01000085 GETGLOBAL r1 := _G[k2 ('Utility_ReadNumberFromScribbleMemory' [h=2BB92038,$00A00C80])]
      007 020000C1     LOADK r2 := k3 ('chapter' [h=9A11FF20,$00997D80])
      008 01010099      CALL r1 (1 args) => 1 results
      009 02000105 GETGLOBAL r2 := _G[k4 ('suit_sequence' [h=3E108615,$009A9EE0])]
      010 02010046  GETTABLE r2 := r2[r1]
      011 03000145 GETGLOBAL r3 := _G[k5 ('gameflow_DeckCardVerified' [h=52863805,$009F7F80])]
      012 04010000      MOVE r4 := r2
      013 05000000      MOVE r5 := r0
      014 06000185 GETGLOBAL r6 := _G[k6 ('stateKilled' [h=0D0073F8,$009C4DE0])]
      015 03020059      CALL r3 (3 args) => 0 results
      016 030001C5 GETGLOBAL r3 := _G[k7 ('Desktop_BeginVerify' [h=B6292127,$009DEA80])]
      017 04020003   LOADNIL r4 ... r4
      018 05010000      MOVE r5 := r2
      019 06000000      MOVE r6 := r0
      020 07000205 GETGLOBAL r7 := _G[k8 ('state' [h=10EE0118,$00982CE0])]
      021 08000245 GETGLOBAL r8 := _G[k9 ('FALSE' [h=0E4B730F,$009965C0])]
      022 03030059      CALL r3 (5 args) => 0 results
      023 0000801B    RETURN r0 ... r-1
  [Node$01CABA2C] 'gameflow_GetCardLayerName' [h=CF95F46B,$00A37EC0]: function$00996960 'gameflow_GetCardLayerName' [h=CF95F46B,$00A37EC0]
    CONST$009F7200 k0  'Utility_ReadStringFromScribbleMemory' [h=5455F3B9,$00A0B700]
    CONST$009F7208 k1  'SkipTo_Map' [h=F88EFA9D,$009A69E0]
    CONST$009F7210 k2  '\\' [h=0000007D,$009A4B80]
    CONST$009F7218 k3  '_' [h=0000007E,$009A6120]
    CONST$009F7220 k4  'gameflow_GetCardActorName' [h=D3E96681,$00A37B00]
    CODE $009F72C0
      000 02000005 GETGLOBAL r2 := _G[k0 ('Utility_ReadStringFromScribbleMemory' [h=5455F3B9,$00A0B700])]
      001 03000041     LOADK r3 := k1 ('SkipTo_Map' [h=F88EFA9D,$009A69E0])
      002 02010099      CALL r2 (1 args) => 1 results
      003 03000081     LOADK r3 := k2 ('\\' [h=0000007D,$009A4B80])
      004 04010000      MOVE r4 := r2
      005 05000081     LOADK r5 := k2 ('\\' [h=0000007D,$009A4B80])
      006 06010000      MOVE r6 := r2
      007 070000C1     LOADK r7 := k3 ('_' [h=0000007E,$009A6120])
      008 08000105 GETGLOBAL r8 := _G[k4 ('gameflow_GetCardActorName' [h=D3E96681,$00A37B00])]
      009 09000000      MOVE r9 := r0
      010 0A008000      MOVE r10 := r1
      011 08018099      CALL r8 (2 args) => 1 results
      012 03018213    CONCAT r3 := r3 ... r8
      013 0301001B    RETURN r3 ... r3
      014 0000801B    RETURN r0 ... r-1
  [Node$01CABA40] 'util_IsFinalMission' [h=DF10E46E,$00A3B180]: function$00999980 'util_IsFinalMission' [h=DF10E46E,$00A3B180]
    CONST$0097ED00 k0  'nw' [h=0000178E,$009C3CA0]
    CONST$0097ED08 k1  'allies' [h=B57F1C27,$009A61A0]
    CONST$0097ED10 k2  5.0
    CODE $00A3AFC0
      000 00003E95       BEQ r0 == k0 ('nw' [h=0000178E,$009C3CA0])
      001 008000D4       JMP +4 ; 6
      002 0000BED5       BEQ r1 == k1 ('allies' [h=B57F1C27,$009A61A0])
      003 00800054       JMP +2 ; 6
      004 01013F15       BNE r2 != k2 (5.0)
      005 00800014       JMP +1 ; 7
      006 03000042  LOADBOOL r3 := False ; br 8
      007 03008002  LOADBOOL r3 := True
      008 0301001B    RETURN r3 ... r3
      009 0000801B    RETURN r0 ... r-1
  [Node$01CABA54] 'SW_challenge_homerun_prp2dmz_01_Start' [h=40F43ED8,$009CCE80]: function$00988D80 'SW_challenge_homerun_prp2dmz_01_Start' [h=40F43ED8,$009CCE80]
    CONST$00963140 k0  'challenge_Recycler_Start' [h=26A0F7E1,$00A04240]
    CONST$00963148 k1  'tSW_challenge_homerun_prp2dmz_01' [h=98FBDA5C,$009F8C40]
    CODE $00963130
      000 00000005 GETGLOBAL r0 := _G[k0 ('challenge_Recycler_Start' [h=26A0F7E1,$00A04240])]
      001 01000045 GETGLOBAL r1 := _G[k1 ('tSW_challenge_homerun_prp2dmz_01' [h=98FBDA5C,$009F8C40])]
      002 00010059      CALL r0 (1 args) => 0 results
      003 0000801B    RETURN r0 ... r-1
  [Node$01CABA68] 'SW_challenge_homerun_prp2dmz_01_QuestionBox' [h=E8484B2E,$009F1D40]: function$009C6DA0 'SW_challenge_homerun_prp2dmz_01_QuestionBox' [h=E8484B2E,$009F1D40]
    CONST$00963160 k0  'challenge_Recycler_QuestionBox' [h=BB143599,$00A40480]
    CONST$00963168 k1  'tSW_challenge_homerun_prp2dmz_01' [h=98FBDA5C,$009F8C40]
    CODE $00995EE0
      000 01000005 GETGLOBAL r1 := _G[k0 ('challenge_Recycler_QuestionBox' [h=BB143599,$00A40480])]
      001 02000045 GETGLOBAL r2 := _G[k1 ('tSW_challenge_homerun_prp2dmz_01' [h=98FBDA5C,$009F8C40])]
      002 03000000      MOVE r3 := r0
      003 01018059      CALL r1 (2 args) => 0 results
      004 0000801B    RETURN r0 ... r-1
  [Node$01CABA7C] 'jeff_hPlayerInVehicle' [h=EF229078,$009F63C0]: 1553.0
  [Node$01CABA90] 'SW_challenge_homerun_prp2dmz_01_Reinit' [h=3230DCE4,$00A0E2C0]: function$00993D00 'SW_challenge_homerun_prp2dmz_01_Reinit' [h=3230DCE4,$00A0E2C0]
    CONST$00963190 k0  'challenge_Recycler_Reinit' [h=1C420A72,$00A02840]
    CONST$00963198 k1  'tSW_challenge_homerun_prp2dmz_01' [h=98FBDA5C,$009F8C40]
    CODE $00963180
      000 00000005 GETGLOBAL r0 := _G[k0 ('challenge_Recycler_Reinit' [h=1C420A72,$00A02840])]
      001 01000045 GETGLOBAL r1 := _G[k1 ('tSW_challenge_homerun_prp2dmz_01' [h=98FBDA5C,$009F8C40])]
      002 00010059      CALL r0 (1 args) => 0 results
      003 0000801B    RETURN r0 ... r-1
  [Node$01CABAA4] 'Building_AlarmSetAlarmActive' [h=5A10D07E,$009FE3C0]: cfunction$002C1220 'Building_AlarmSetAlarmActive' [h=5A10D07E,$009FE3C0]
  [Node$01CABAB8] 'Briefing_RestoreOldLightSettings' [h=D6012824,$00A40B00]: cfunction$002F8908 'Briefing_RestoreOldLightSettings' [h=D6012824,$00A40B00]
  [Node$01CABACC] 'alliesFlyby' [h=CB8A6EF7,$0097F5E0]: function$009C8040 'alliesFlyby' [h=CB8A6EF7,$0097F5E0]
    CONST$00960AA0 k0  'doFlyby' [h=CF0211EB,$0097F3A0]
    CONST$00960AA8 k1  'allies' [h=B57F1C27,$009A61A0]
    CODE $00960830
      000 00000005 GETGLOBAL r0 := _G[k0 ('doFlyby' [h=CF0211EB,$0097F3A0])]
      001 01000041     LOADK r1 := k1 ('allies' [h=B57F1C27,$009A61A0])
      002 00010059      CALL r0 (1 args) => 0 results
      003 0000801B    RETURN r0 ... r-1
  [Node$01CABAE0] 'tSW_challenge_homerun_prp2dmz_01' [h=98FBDA5C,$009F8C40]: table$0099BF20[a=0,h=32]
  [Node$01CABAF4] 'Utility_ReadLevelFile' [h=882BA6F9,$00A08C40]: cfunction$002C4570 'Utility_ReadLevelFile' [h=882BA6F9,$00A08C40]
  [Node$01CABB08] 'loc_ff3230_n' [h=3A0F36FA,$009A5EA0]: table$009A5C60[a=8,h=1]
  [Node$01CABB1C] 'FRIENDLY' [h=DA02088A,$0099D900]: 3.0
  [Node$01CABB30] 'Player_EnableControl' [h=5310CEFC,$009FF980]: cfunction$002C0568 'Player_EnableControl' [h=5310CEFC,$009FF980]
  [Node$01CABB44] 'nenc_ff3343' [h=669F3EFD,$009A9C80]: table$009A53A0[a=0,h=4]
    [Node$00A86CD4] 'tLocationObjectsA' [h=2C5376F5,$00A01980]: table$0099A5C0[a=8,h=1]
    [Node$00A86CE8] 'sEncounter' [h=4CD961D9,$009A5C20]: 'ff3343' [h=E56E687D,$009860C0]
    [Node$00A86CFC] 'tLocationObjectsB' [h=CEC61813,$00A073C0]: table$00992940[a=8,h=1]
  [Node$01CABB58] 'tRsActor' [h=5767DEFE,$0099ADA0]: table$0098FA00[a=0,h=64]
  [Node$01CABB6C] 'loc_ff0834_n' [h=A6EABEFF,$0098CD80]: table$009A0460[a=8,h=1]
  [Node$01CABB80] 'gameflow_Bridge_SW_pyd2srw_Destroyed' [h=0138648D,$00A36F00]: function$00993140 'gameflow_Bridge_SW_pyd2srw_Destroyed' [h=0138648D,$00A36F00]
    CONST$00A369C0 k0  'gameflow_Bridge_SW_pyd2srw_Destroyed' [h=0138648D,$00A36F00]
    CONST$00A369C8 k1  'util_PrintDebugMsg' [h=A2961C17,$00A11FC0]
    CONST$00A369D0 k2  'Bridge pyd2srw destroyed!!!\n' [h=E1D4D5E1,$00A36A40]
    CONST$00A369D8 k3  'gameflow_Bridge_Destroy' [h=3AF48C8C,$00A37180]
    CONST$00A369E0 k4  'bridge_pyd2srw_01' [h=607DDBE2,$00A36F40]
    CONST$00A369E8 k5  't_pyd2srw_01a' [h=F24D4EA2,$00987500]
    CONST$00A369F0 k6  't_pyd2srw_01b' [h=B3F19A04,$00995C40]
    CODE $00A36800
      000 00000003   LOADNIL r0 ... r0
      001 00000007 SETGLOBAL r0 ->> _G[k0 ('gameflow_Bridge_SW_pyd2srw_Destroyed' [h=0138648D,$00A36F00])]
      002 00000045 GETGLOBAL r0 := _G[k1 ('util_PrintDebugMsg' [h=A2961C17,$00A11FC0])]
      003 01000081     LOADK r1 := k2 ('Bridge pyd2srw destroyed!!!\n' [h=E1D4D5E1,$00A36A40])
      004 00010059      CALL r0 (1 args) => 0 results
      005 000000C5 GETGLOBAL r0 := _G[k3 ('gameflow_Bridge_Destroy' [h=3AF48C8C,$00A37180])]
      006 0100800A  NEWTABLE r1 := {} (#a=1, #h=0)
      007 02000101     LOADK r2 := k4 ('bridge_pyd2srw_01' [h=607DDBE2,$00A36F40])
      008 0100001F   SETLIST r1 [0]
      009 0201000A  NEWTABLE r2 := {} (#a=2, #h=0)
      010 03000141     LOADK r3 := k5 ('t_pyd2srw_01a' [h=F24D4EA2,$00987500])
      011 04000181     LOADK r4 := k6 ('t_pyd2srw_01b' [h=B3F19A04,$00995C40])
      012 0200005F   SETLIST r2 [1]
      013 00018059      CALL r0 (2 args) => 0 results
      014 0000801B    RETURN r0 ... r-1
  [Node$01CABB94] 'Squad_AssignCombatNodes' [h=E199FC8F,$009E0D40]: cfunction$002B5938 'Squad_AssignCombatNodes' [h=E199FC8F,$009E0D40]
  [Node$01CABBA8] 'challenge_StatGetFloat' [h=DF587491,$00A28A80]: function$0098BBE0 'challenge_StatGetFloat' [h=DF587491,$00A28A80]
    CONST$00952A80 k0  'util_SetDefault' [h=3072A05A,$009A7800]
    CONST$00952A88 k1  'Challenge_ReadStatFloat' [h=01F0A2EE,$00A251C0]
    CODE $009FB4C0
      000 03000005 GETGLOBAL r3 := _G[k0 ('util_SetDefault' [h=3072A05A,$009A7800])]
      001 04000045 GETGLOBAL r4 := _G[k1 ('Challenge_ReadStatFloat' [h=01F0A2EE,$00A251C0])]
      002 05000000      MOVE r5 := r0
      003 06008000      MOVE r6 := r1
      004 04018099      CALL r4 (2 args) => 1 results
      005 05010000      MOVE r5 := r2
      006 0301801A  TAILCALL r3 (2 args)
      007 0300001B    RETURN r3 ... r1
      008 0000801B    RETURN r0 ... r-1
  [Node$01CABBBC] 'Actor_IsObservedByFaction' [h=91C0B033,$009DEEC0]: cfunction$002AB320 'Actor_IsObservedByFaction' [h=91C0B033,$009DEEC0]
  [Node$01CABBD0] 'Ai_SetFactionFavor' [h=FA240704,$00A0DC00]: cfunction$002B3298 'Ai_SetFactionFavor' [h=FA240704,$00A0DC00]
  [Node$01CABBE4] 'hEventPlayBGM' [h=A9A9089B,$009A6160]: 1566.0
  [Node$01CABBF8] 'BouncerReAnimate' [h=97DCE706,$00A391C0]: function$00995A80 'BouncerReAnimate' [h=97DCE706,$00A391C0]
    CONST$00AC4240 k0  'pairs' [h=12CC6B12,$009906A0]
    CONST$00AC4248 k1  'bouncers' [h=5D6099E4,$00981180]
    CONST$00AC4250 k2  'relativeTimerEventHandle' [h=79E69B9C,$00A39800]
    CONST$00AC4258 k3  nil
    CONST$00AC4260 k4  'sActorName' [h=62B88C5D,$009ABAE0]
    CONST$00AC4268 k5  'actorName' [h=4EB2E2FD,$00997FC0]
    CONST$00AC4270 k6  'iActorGuid' [h=5DA27994,$009AB6E0]
    CONST$00AC4278 k7  'Utility_GetActor' [h=077E9779,$00A06B80]
    CONST$00AC4280 k8  'BouncerMoodReaction' [h=8ACD84B6,$00A39580]
    CONST$00AC4288 k9  'player0' [h=316752BF,$009A6AC0]
    CODE $00A7EDC0
      000 00000005 GETGLOBAL r0 := _G[k0 ('pairs' [h=12CC6B12,$009906A0])]
      001 01000045 GETGLOBAL r1 := _G[k1 ('bouncers' [h=5D6099E4,$00981180])]
      002 00010159      CALL r0 (1 args) => 4 results
      003 0080041E  TFORPREP WIP
      004 04000045 GETGLOBAL r4 := _G[k1 ('bouncers' [h=5D6099E4,$00981180])]
      005 04020086  GETTABLE r4 := r4[r2]
      006 04023F06  GETTABLE r4 := r4[k2 ('relativeTimerEventHandle' [h=79E69B9C,$00A39800])]
      007 01023F55       BNE r4 != k3 (nil)
      008 008002D4       JMP +12 ; 21
      009 04000045 GETGLOBAL r4 := _G[k1 ('bouncers' [h=5D6099E4,$00981180])]
      010 04020086  GETTABLE r4 := r4[r2]
      011 04023FC6  GETTABLE r4 := r4[k5 ('actorName' [h=4EB2E2FD,$00997FC0])]
      012 04000107 SETGLOBAL r4 ->> _G[k4 ('sActorName' [h=62B88C5D,$009ABAE0])]
      013 040001C5 GETGLOBAL r4 := _G[k7 ('Utility_GetActor' [h=077E9779,$00A06B80])]
      014 05000105 GETGLOBAL r5 := _G[k4 ('sActorName' [h=62B88C5D,$009ABAE0])]
      015 04010099      CALL r4 (1 args) => 1 results
      016 04000187 SETGLOBAL r4 ->> _G[k6 ('iActorGuid' [h=5DA27994,$009AB6E0])]
      017 04000205 GETGLOBAL r4 := _G[k8 ('BouncerMoodReaction' [h=8ACD84B6,$00A39580])]
      018 05000241     LOADK r5 := k9 ('player0' [h=316752BF,$009A6AC0])
      019 06000185 GETGLOBAL r6 := _G[k6 ('iActorGuid' [h=5DA27994,$009AB6E0])]
      020 04018059      CALL r4 (2 args) => 0 results
      021 0000005D  TFORLOOP WIP
      022 007FFB14       JMP -19 ; 4
      023 0000801B    RETURN r0 ... r-1
  [Node$01CABC0C] 'SW_Challenge_homerun_prp2dmz_01_GoalDistance' [h=07A23478,$009D1A00]: function$009A2E60 'SW_Challenge_homerun_prp2dmz_01_GoalDistance' [h=07A23478,$009D1A00]
    CONST$00AB4B40 k0  'SW_Challenge_homerun_prp2dmz_01_Level' [h=5DA77ED8,$009DD940]
    CONST$00AB4B48 k1  150.0
    CONST$00AB4B50 k2  1.0
    CONST$00AB4B58 k3  25.0
    CONST$00AB4B60 k4  2.0
    CONST$00AB4B68 k5  50.0
    CONST$00AB4B70 k6  3.0
    CONST$00AB4B78 k7  75.0
    CONST$00AB4B80 k8  4.0
    CONST$00AB4B88 k9  'Challenge_ReadStatFloat' [h=01F0A2EE,$00A251C0]
    CONST$00AB4B90 k10 'sw_challenge_homerun_prp2dmz_01' [h=AFDFC752,$009D4C40]
    CONST$00AB4B98 k11 'FarthestDistance' [h=0B6C3195,$009F2640]
    CONST$00AB4BA0 k12 'Global_SetValue' [h=AB0FD37C,$009777E0]
    CONST$00AB4BA8 k13 'fChallenge_homerun_prp2dmz_01_DistanceGoal' [h=8180B4F5,$009DB440]
    CODE $00AB4BC0
      000 00000005 GETGLOBAL r0 := _G[k0 ('SW_Challenge_homerun_prp2dmz_01_Level' [h=5DA77ED8,$009DD940])]
      001 00008099      CALL r0 (0 args) => 1 results
      002 01000041     LOADK r1 := k1 (150.0)
      003 00003F15       BEQ r0 == k2 (1.0)
      004 00800054       JMP +2 ; 7
      005 010000C1     LOADK r1 := k3 (25.0)
      006 00800414       JMP +17 ; 24
      007 00003F95       BEQ r0 == k4 (2.0)
      008 00800054       JMP +2 ; 11
      009 01000141     LOADK r1 := k5 (50.0)
      010 00800314       JMP +13 ; 24
      011 00004015       BEQ r0 == k6 (3.0)
      012 00800054       JMP +2 ; 15
      013 010001C1     LOADK r1 := k7 (75.0)
      014 00800214       JMP +9 ; 24
      015 00004095       BEQ r0 == k8 (4.0)
      016 00800054       JMP +2 ; 19
      017 01000041     LOADK r1 := k1 (150.0)
      018 00800114       JMP +5 ; 24
      019 02000245 GETGLOBAL r2 := _G[k9 ('Challenge_ReadStatFloat' [h=01F0A2EE,$00A251C0])]
      020 03000281     LOADK r3 := k10 ('sw_challenge_homerun_prp2dmz_01' [h=AFDFC752,$009D4C40])
      021 040002C1     LOADK r4 := k11 ('FarthestDistance' [h=0B6C3195,$009F2640])
      022 02018099      CALL r2 (2 args) => 1 results
      023 01010000      MOVE r1 := r2
      024 02000305 GETGLOBAL r2 := _G[k12 ('Global_SetValue' [h=AB0FD37C,$009777E0])]
      025 03000341     LOADK r3 := k13 ('fChallenge_homerun_prp2dmz_01_DistanceGoal' [h=8180B4F5,$009DB440])
      026 04008000      MOVE r4 := r1
      027 02018059      CALL r2 (2 args) => 0 results
      028 0101001B    RETURN r1 ... r1
      029 0000801B    RETURN r0 ... r-1
  [Node$01CABC20] 'jeff_tutorialFactionMood' [h=97193C9D,$00A0BF00]: function$0099FE20 'jeff_tutorialFactionMood' [h=97193C9D,$00A0BF00]
    CONST$00AAE540 k0  'Faction_GetAttitude' [h=D25E63EC,$009DE1C0]
    CONST$00AAE548 k1  'prokat' [h=854F88C7,$009A6820]
    CONST$00AAE550 k2  1.0
    CONST$00AAE558 k3  'jeff_CancelMoodEvents' [h=801B80DF,$00A0BD80]
    CONST$00AAE560 k4  'Utility_WriteNumberToScribbleMemory' [h=DCF55147,$009DC740]
    CONST$00AAE568 k5  'tutorial_factionMood' [h=F325BA12,$00A293C0]
    CONST$00AAE570 k6  'Utility_MessageBox' [h=E0C5D484,$009FB480]
    CONST$00AAE578 k7  'Utility_GetStringById' [h=F7067A6C,$009D9780]
    CONST$00AAE580 k8  'tutorial.global.factionmood.title' [h=E0AD8619,$00A0BD40]
    CONST$00AAE588 k9  'tutorial.FactionMood01.body' [h=C5BBB97F,$00A31180]
    CONST$00AAE590 k10 'jeff_tutorialFactionMood2' [h=D6ED406D,$00A33840]
    CONST$00AAE598 k11 'jeff_SetupMoodEvents' [h=145A7F5F,$00A2C680]
    CODE $00AAE5C0
      000 01000005 GETGLOBAL r1 := _G[k0 ('Faction_GetAttitude' [h=D25E63EC,$009DE1C0])]
      001 02000000      MOVE r2 := r0
      002 03000041     LOADK r3 := k1 ('prokat' [h=854F88C7,$009A6820])
      003 01018099      CALL r1 (2 args) => 1 results
      004 0000BF15       BEQ r1 == k2 (1.0)
      005 00800414       JMP +17 ; 23
      006 020000C5 GETGLOBAL r2 := _G[k3 ('jeff_CancelMoodEvents' [h=801B80DF,$00A0BD80])]
      007 02008059      CALL r2 (0 args) => 0 results
      008 02000105 GETGLOBAL r2 := _G[k4 ('Utility_WriteNumberToScribbleMemory' [h=DCF55147,$009DC740])]
      009 03000141     LOADK r3 := k5 ('tutorial_factionMood' [h=F325BA12,$00A293C0])
      010 04000081     LOADK r4 := k2 (1.0)
      011 02018059      CALL r2 (2 args) => 0 results
      012 02000185 GETGLOBAL r2 := _G[k6 ('Utility_MessageBox' [h=E0C5D484,$009FB480])]
      013 030001C5 GETGLOBAL r3 := _G[k7 ('Utility_GetStringById' [h=F7067A6C,$009D9780])]
      014 04000201     LOADK r4 := k8 ('tutorial.global.factionmood.title' [h=E0AD8619,$00A0BD40])
      015 03010099      CALL r3 (1 args) => 1 results
      016 040001C5 GETGLOBAL r4 := _G[k7 ('Utility_GetStringById' [h=F7067A6C,$009D9780])]
      017 05000241     LOADK r5 := k9 ('tutorial.FactionMood01.body' [h=C5BBB97F,$00A31180])
      018 04010099      CALL r4 (1 args) => 1 results
      019 05008002  LOADBOOL r5 := True
      020 06000281     LOADK r6 := k10 ('jeff_tutorialFactionMood2' [h=D6ED406D,$00A33840])
      021 02028059      CALL r2 (4 args) => 0 results
      022 00800054       JMP +2 ; 25
      023 020002C5 GETGLOBAL r2 := _G[k11 ('jeff_SetupMoodEvents' [h=145A7F5F,$00A2C680])]
      024 02008059      CALL r2 (0 args) => 0 results
      025 0000801B    RETURN r0 ... r-1
  [Node$01CABC34] 'nenc_ff1749_v' [h=FBAEEF09,$00983080]: table$009A0BA0[a=0,h=4]
    [Node$00AAD9D4] 'tLocationObjectsA' [h=2C5376F5,$00A01980]: table$009A8780[a=2,h=1]
    [Node$00AAD9E8] 'sEncounter' [h=4CD961D9,$009A5C20]: 'ff1749' [h=F0CDC781,$0099D8E0]
    [Node$00AAD9FC] 'tLocationObjectsB' [h=CEC61813,$00A073C0]: nil
  [Node$01CABC48] 'DefineFactionAttitudesTable' [h=C9B63F0A,$00A068C0]: function$00992CE0 'DefineFactionAttitudesTable' [h=C9B63F0A,$00A068C0]
    CONST$00C4D640 k0  'tCurrentFactionAttitudes' [h=B9B23114,$009E1400]
    CONST$00C4D648 k1  'china' [h=1129D14E,$009A6060]
    CONST$00C4D650 k2  'becameHostileVOCues' [h=4A04ACFD,$009DDEC0]
    CONST$00C4D658 k3  'fio.cmbfio01' [h=F104175F,$00997CA0]
    CONST$00C4D660 k4  'fio.cmbfio02' [h=B24C80A5,$0099D520]
    CONST$00C4D668 k5  'fio.cmbfio03' [h=43B3D213,$009C77C0]
    CONST$00C4D670 k6  'becameNonHostileVOCues' [h=1CFA365B,$00A05F40]
    CONST$00C4D678 k7  'fio.cmgfio01' [h=189308F5,$0099DFC0]
    CONST$00C4D680 k8  'fio.cmgfio02' [h=C4DF169E,$009A9E80]
    CONST$00C4D688 k9  'fio.cmgfio03' [h=EDC176E9,$00985E60]
    CONST$00C4D690 k10 'attitudeChangeHandle' [h=F70DF901,$00A010C0]
    CONST$00C4D698 k11 'SetupEventFactionAttitudeChange' [h=0C64404C,$00A04800]
    CONST$00C4D6A0 k12 'prokat' [h=854F88C7,$009A6820]
    CONST$00C4D6A8 k13 'hostile' [h=AEF21FEA,$00995F20]
    CONST$00C4D6B0 k14 'Faction_GetAttitude' [h=D25E63EC,$009DE1C0]
    CONST$00C4D6B8 k15 'HOSTILE' [h=809EFD3A,$009A6D60]
    CONST$00C4D6C0 k16 'mafia' [h=11226556,$009A6140]
    CONST$00C4D6C8 k17 'fio.mmbfio01' [h=39171E7B,$0098D8A0]
    CONST$00C4D6D0 k18 'fio.mmbfio02' [h=8B4FE996,$0099EFE0]
    CONST$00C4D6D8 k19 'fio.mmbfio03' [h=A03F946C,$009ABCA0]
    CONST$00C4D6E0 k20 'fio.mmgfio01' [h=1C26146C,$0099E4C0]
    CONST$00C4D6E8 k21 'fio.mmgfio02' [h=F80E9997,$009A4B40]
    CONST$00C4D6F0 k22 'fio.mmgfio03' [h=863350CB,$00994DC0]
    CONST$00C4D6F8 k23 'sk' [h=00001514,$009A6180]
    CONST$00C4D700 k24 'fio.kmbfio01' [h=39B35F3C,$0099D380]
    CONST$00C4D708 k25 'fio.kmbfio02' [h=8E7D722F,$009963E0]
    CONST$00C4D710 k26 'fio.kmbfio03' [h=4241BFCA,$009A0620]
    CONST$00C4D718 k27 'fio.kmgfio01' [h=1C785B27,$0099A740]
    CONST$00C4D720 k28 'fio.kmgfio02' [h=F8225022,$00997780]
    CONST$00C4D728 k29 'fio.kmgfio03' [h=808CE1BD,$009A37C0]
    CODE $00CDF7C0
      000 0000008A  NEWTABLE r0 := {} (#a=0, #h=2)
      001 010000CA  NEWTABLE r1 := {} (#a=0, #h=3)
      002 0201800A  NEWTABLE r2 := {} (#a=3, #h=0)
      003 030000C1     LOADK r3 := k3 ('fio.cmbfio01' [h=F104175F,$00997CA0])
      004 04000101     LOADK r4 := k4 ('fio.cmbfio02' [h=B24C80A5,$0099D520])
      005 05000141     LOADK r5 := k5 ('fio.cmbfio03' [h=43B3D213,$009C77C0])
      006 0200009F   SETLIST r2 [2]
      007 017E0089  SETTABLE r2 ->> r1[k2 ('becameHostileVOCues' [h=4A04ACFD,$009DDEC0])]
      008 0201800A  NEWTABLE r2 := {} (#a=3, #h=0)
      009 030001C1     LOADK r3 := k7 ('fio.cmgfio01' [h=189308F5,$0099DFC0])
      010 04000201     LOADK r4 := k8 ('fio.cmgfio02' [h=C4DF169E,$009A9E80])
      011 05000241     LOADK r5 := k9 ('fio.cmgfio03' [h=EDC176E9,$00985E60])
      012 0200009F   SETLIST r2 [2]
      013 01800089  SETTABLE r2 ->> r1[k6 ('becameNonHostileVOCues' [h=1CFA365B,$00A05F40])]
      014 020002C5 GETGLOBAL r2 := _G[k11 ('SetupEventFactionAttitudeChange' [h=0C64404C,$00A04800])]
      015 03000041     LOADK r3 := k1 ('china' [h=1129D14E,$009A6060])
      016 04000301     LOADK r4 := k12 ('prokat' [h=854F88C7,$009A6820])
      017 02018099      CALL r2 (2 args) => 1 results
      018 01820089  SETTABLE r2 ->> r1[k10 ('attitudeChangeHandle' [h=F70DF901,$00A010C0])]
      019 02000385 GETGLOBAL r2 := _G[k14 ('Faction_GetAttitude' [h=D25E63EC,$009DE1C0])]
      020 03000041     LOADK r3 := k1 ('china' [h=1129D14E,$009A6060])
      021 04000301     LOADK r4 := k12 ('prokat' [h=854F88C7,$009A6820])
      022 02018099      CALL r2 (2 args) => 1 results
      023 030003C5 GETGLOBAL r3 := _G[k15 ('HOSTILE' [h=809EFD3A,$009A6D60])]
      024 010100D5       BNE r2 != r3
      025 00800014       JMP +1 ; 27
      026 02000042  LOADBOOL r2 := False ; br 28
      027 02008002  LOADBOOL r2 := True
      028 01838089  SETTABLE r2 ->> r1[k13 ('hostile' [h=AEF21FEA,$00995F20])]
      029 007D8049  SETTABLE r1 ->> r0[k1 ('china' [h=1129D14E,$009A6060])]
      030 010000CA  NEWTABLE r1 := {} (#a=0, #h=3)
      031 0201800A  NEWTABLE r2 := {} (#a=3, #h=0)
      032 03000441     LOADK r3 := k17 ('fio.mmbfio01' [h=39171E7B,$0098D8A0])
      033 04000481     LOADK r4 := k18 ('fio.mmbfio02' [h=8B4FE996,$0099EFE0])
      034 050004C1     LOADK r5 := k19 ('fio.mmbfio03' [h=A03F946C,$009ABCA0])
      035 0200009F   SETLIST r2 [2]
      036 017E0089  SETTABLE r2 ->> r1[k2 ('becameHostileVOCues' [h=4A04ACFD,$009DDEC0])]
      037 0201800A  NEWTABLE r2 := {} (#a=3, #h=0)
      038 03000501     LOADK r3 := k20 ('fio.mmgfio01' [h=1C26146C,$0099E4C0])
      039 04000541     LOADK r4 := k21 ('fio.mmgfio02' [h=F80E9997,$009A4B40])
      040 05000581     LOADK r5 := k22 ('fio.mmgfio03' [h=863350CB,$00994DC0])
      041 0200009F   SETLIST r2 [2]
      042 01800089  SETTABLE r2 ->> r1[k6 ('becameNonHostileVOCues' [h=1CFA365B,$00A05F40])]
      043 020002C5 GETGLOBAL r2 := _G[k11 ('SetupEventFactionAttitudeChange' [h=0C64404C,$00A04800])]
      044 03000401     LOADK r3 := k16 ('mafia' [h=11226556,$009A6140])
      045 04000301     LOADK r4 := k12 ('prokat' [h=854F88C7,$009A6820])
      046 02018099      CALL r2 (2 args) => 1 results
      047 01820089  SETTABLE r2 ->> r1[k10 ('attitudeChangeHandle' [h=F70DF901,$00A010C0])]
      048 02000385 GETGLOBAL r2 := _G[k14 ('Faction_GetAttitude' [h=D25E63EC,$009DE1C0])]
      049 03000401     LOADK r3 := k16 ('mafia' [h=11226556,$009A6140])
      050 04000301     LOADK r4 := k12 ('prokat' [h=854F88C7,$009A6820])
      051 02018099      CALL r2 (2 args) => 1 results
      052 030003C5 GETGLOBAL r3 := _G[k15 ('HOSTILE' [h=809EFD3A,$009A6D60])]
      053 010100D5       BNE r2 != r3
      054 00800014       JMP +1 ; 56
      055 02000042  LOADBOOL r2 := False ; br 57
      056 02008002  LOADBOOL r2 := True
      057 01838089  SETTABLE r2 ->> r1[k13 ('hostile' [h=AEF21FEA,$00995F20])]
      058 00850049  SETTABLE r1 ->> r0[k16 ('mafia' [h=11226556,$009A6140])]
      059 010000CA  NEWTABLE r1 := {} (#a=0, #h=3)
      060 0201800A  NEWTABLE r2 := {} (#a=3, #h=0)
      061 03000601     LOADK r3 := k24 ('fio.kmbfio01' [h=39B35F3C,$0099D380])
      062 04000641     LOADK r4 := k25 ('fio.kmbfio02' [h=8E7D722F,$009963E0])
      063 05000681     LOADK r5 := k26 ('fio.kmbfio03' [h=4241BFCA,$009A0620])
      064 0200009F   SETLIST r2 [2]
      065 017E0089  SETTABLE r2 ->> r1[k2 ('becameHostileVOCues' [h=4A04ACFD,$009DDEC0])]
      066 0201800A  NEWTABLE r2 := {} (#a=3, #h=0)
      067 030006C1     LOADK r3 := k27 ('fio.kmgfio01' [h=1C785B27,$0099A740])
      068 04000701     LOADK r4 := k28 ('fio.kmgfio02' [h=F8225022,$00997780])
      069 05000741     LOADK r5 := k29 ('fio.kmgfio03' [h=808CE1BD,$009A37C0])
      070 0200009F   SETLIST r2 [2]
      071 01800089  SETTABLE r2 ->> r1[k6 ('becameNonHostileVOCues' [h=1CFA365B,$00A05F40])]
      072 020002C5 GETGLOBAL r2 := _G[k11 ('SetupEventFactionAttitudeChange' [h=0C64404C,$00A04800])]
      073 030005C1     LOADK r3 := k23 ('sk' [h=00001514,$009A6180])
      074 04000301     LOADK r4 := k12 ('prokat' [h=854F88C7,$009A6820])
      075 02018099      CALL r2 (2 args) => 1 results
      076 01820089  SETTABLE r2 ->> r1[k10 ('attitudeChangeHandle' [h=F70DF901,$00A010C0])]
      077 02000385 GETGLOBAL r2 := _G[k14 ('Faction_GetAttitude' [h=D25E63EC,$009DE1C0])]
      078 030005C1     LOADK r3 := k23 ('sk' [h=00001514,$009A6180])
      079 04000301     LOADK r4 := k12 ('prokat' [h=854F88C7,$009A6820])
      080 02018099      CALL r2 (2 args) => 1 results
      081 030003C5 GETGLOBAL r3 := _G[k15 ('HOSTILE' [h=809EFD3A,$009A6D60])]
      082 010100D5       BNE r2 != r3
      083 00800014       JMP +1 ; 85
      084 02000042  LOADBOOL r2 := False ; br 86
      085 02008002  LOADBOOL r2 := True
      086 01838089  SETTABLE r2 ->> r1[k13 ('hostile' [h=AEF21FEA,$00995F20])]
      087 00888049  SETTABLE r1 ->> r0[k23 ('sk' [h=00001514,$009A6180])]
      088 00000007 SETGLOBAL r0 ->> _G[k0 ('tCurrentFactionAttitudes' [h=B9B23114,$009E1400])]
      089 0000801B    RETURN r0 ... r-1
  [Node$01CABC5C] 'SW_challenge_Homerun01_OnStarterSpent' [h=DABB00B5,$009D00C0]: function$00988BA0 'SW_challenge_Homerun01_OnStarterSpent' [h=DABB00B5,$009D00C0]
    CONST$00963230 k0  'challenge_Recycler_OnStarterSpent' [h=B4FA0A88,$00A10D40]
    CONST$00963238 k1  'tSW_Challenge_Homerun01' [h=9316C000,$00A00000]
    CODE $00963220
      000 00000005 GETGLOBAL r0 := _G[k0 ('challenge_Recycler_OnStarterSpent' [h=B4FA0A88,$00A10D40])]
      001 01000045 GETGLOBAL r1 := _G[k1 ('tSW_Challenge_Homerun01' [h=9316C000,$00A00000])]
      002 00010059      CALL r0 (1 args) => 0 results
      003 0000801B    RETURN r0 ... r-1
  [Node$01CABC70] 'fShopkeeperKilled' [h=1E0934A8,$00A29340]: function$0098AAE0 'fShopkeeperKilled' [h=1E0934A8,$00A29340]
    CONST$00A25CC0 k0  'Ui_RemoveDisplayMarkerActor' [h=CD0BB430,$009FF640]
    CONST$00A25CC8 k1  'mafia_shopkeeper' [h=11D3899D,$00A29CC0]
    CONST$00A25CD0 k2  'Actor_EnableScriptedUse' [h=2140441B,$009FBF80]
    CONST$00A25CD8 k3  'FALSE' [h=0E4B730F,$009965C0]
    CONST$00A25CE0 k4  'actions.talk' [h=3E66DC20,$009810C0]
    CONST$00A25CE8 k5  'hActorUsed' [h=3D7C228B,$009A45C0]
    CONST$00A25CF0 k6  'Event_CancelEvent' [h=D8960070,$00A08280]
    CONST$00A25CF8 k7  'hOdfSold' [h=038F2508,$00987440]
    CODE $00AC90C0
      000 00000005 GETGLOBAL r0 := _G[k0 ('Ui_RemoveDisplayMarkerActor' [h=CD0BB430,$009FF640])]
      001 01000041     LOADK r1 := k1 ('mafia_shopkeeper' [h=11D3899D,$00A29CC0])
      002 00010059      CALL r0 (1 args) => 0 results
      003 00000085 GETGLOBAL r0 := _G[k2 ('Actor_EnableScriptedUse' [h=2140441B,$009FBF80])]
      004 01000041     LOADK r1 := k1 ('mafia_shopkeeper' [h=11D3899D,$00A29CC0])
      005 020000C5 GETGLOBAL r2 := _G[k3 ('FALSE' [h=0E4B730F,$009965C0])]
      006 03000101     LOADK r3 := k4 ('actions.talk' [h=3E66DC20,$009810C0])
      007 040000C5 GETGLOBAL r4 := _G[k3 ('FALSE' [h=0E4B730F,$009965C0])]
      008 00028059      CALL r0 (4 args) => 0 results
      009 00000185 GETGLOBAL r0 := _G[k6 ('Event_CancelEvent' [h=D8960070,$00A08280])]
      010 01000145 GETGLOBAL r1 := _G[k5 ('hActorUsed' [h=3D7C228B,$009A45C0])]
      011 00010099      CALL r0 (1 args) => 1 results
      012 00000147 SETGLOBAL r0 ->> _G[k5 ('hActorUsed' [h=3D7C228B,$009A45C0])]
      013 00000185 GETGLOBAL r0 := _G[k6 ('Event_CancelEvent' [h=D8960070,$00A08280])]
      014 010001C5 GETGLOBAL r1 := _G[k7 ('hOdfSold' [h=038F2508,$00987440])]
      015 00010099      CALL r0 (1 args) => 1 results
      016 000001C7 SETGLOBAL r0 ->> _G[k7 ('hOdfSold' [h=038F2508,$00987440])]
      017 0000801B    RETURN r0 ... r-1
  [Node$01CABC84] 'Actor_GetPrimaryEquipedItem' [h=CA8D08B0,$00A08000]: cfunction$002A9E08 'Actor_GetPrimaryEquipedItem' [h=CA8D08B0,$00A08000]
  [Node$01CABC98] 'Briefing_EnableWeaponRendering' [h=367ED0B1,$00A0BB00]: cfunction$002C7730 'Briefing_EnableWeaponRendering' [h=367ED0B1,$00A0BB00]
  [Node$01CABCAC] 'loc_ff4943_n' [h=0FBF60B2,$009A3C40]: table$0097D780[a=8,h=1]
    [0:$009DC100] 'ff4943_1' [h=BFD25C4A,$00992520]
    [1:$009DC108] 'ff4943_2' [h=792A9482,$009A86E0]
    [2:$009DC110] 'ff4943_3' [h=D98E405E,$009A8D00]
    [3:$009DC118] 'ff4943_4' [h=D25803D6,$009C56C0]
    [4:$009DC120] 'ff4943_5' [h=950C6080,$009A4F60]
    [5:$009DC128] 'ff4943_6' [h=77C5D2EF,$009C6B60]
    [6:$009DC130] 'ff4943_7' [h=C6923ED9,$0099E440]
    [7:$009DC138] 'ff4943_8' [h=15AD6275,$009C7460]
  [Node$01CABCC0] 'BouncerMoodReaction' [h=8ACD84B6,$00A39580]: function$00993EA0 'BouncerMoodReaction' [h=8ACD84B6,$00A39580]
    CONST$00C3D840 k0  'DetermineBouncerFaction' [h=C4B03EBE,$00A39480]
    CONST$00C3D848 k1  'assert' [h=92EA3D15,$00991340]
    CONST$00C3D850 k2  'BouncerMoodReaction: bouncer faction invalid' [h=49097201,$00A39E80]
    CONST$00C3D858 k3  'Faction_GetAttitude' [h=D25E63EC,$009DE1C0]
    CONST$00C3D860 k4  'prokat' [h=854F88C7,$009A6820]
    CONST$00C3D868 k5  'util_PrintDebugMsg' [h=A2961C17,$00A11FC0]
    CONST$00C3D870 k6  '\n[BOUNCER] BouncerMoodReaction: ' [h=6A7ED78E,$00A392C0]
    CONST$00C3D878 k7  ' is ' [h=0054F74B,$009C3960]
    CONST$00C3D880 k8  'allies' [h=B57F1C27,$009A61A0]
    CONST$00C3D888 k9  'FRIENDLY' [h=DA02088A,$0099D900]
    CONST$00C3D890 k10 'fb_mood_friendly' [h=CAB73145,$00A39540]
    CONST$00C3D898 k11 'NEUTRAL' [h=507D71BD,$009A1BA0]
    CONST$00C3D8A0 k12 'fb_mood_neutral' [h=F7AE567E,$0099FCC0]
    CONST$00C3D8A8 k13 'UNFRIENDLY' [h=3A47DB6A,$0099B540]
    CONST$00C3D8B0 k14 'fb_mood_unfriendly' [h=FAAEBFC4,$00A39440]
    CONST$00C3D8B8 k15 'HOSTILE' [h=809EFD3A,$009A6D60]
    CONST$00C3D8C0 k16 ' to prokat\n' [h=9C7E0D0E,$009993E0]
    CONST$00C3D8C8 k17 '[BOUNCER] BouncerMoodReaction: bouncer anim: ' [h=D0F79DAF,$00A39D80]
    CONST$00C3D8D0 k18 'Actor_PlayHumanAnimationByHandle' [h=5013058D,$009DC380]
    CONST$00C3D8D8 k19 ' succeeded\n' [h=F67D4A9F,$009835C0]
    CONST$00C3D8E0 k20 ' failed\n' [h=263A41E8,$00994D00]
    CONST$00C3D8E8 k21 'ace' [h=00032097,$009A4E60]
    CONST$00C3D8F0 k22 'Utility_GetRandomFloat' [h=79984DB3,$00A403C0]
    CONST$00C3D8F8 k23 5.0
    CONST$00C3D900 k24 'bouncers' [h=5D6099E4,$00981180]
    CONST$00C3D908 k25 'relativeTimerEventHandle' [h=79E69B9C,$00A39800]
    CONST$00C3D910 k26 'Event_RelativeTimer' [h=AD23F6E2,$00A3EA80]
    CONST$00C3D918 k27 'BouncerReAnimate' [h=97DCE706,$00A391C0]
    CONST$00C3D920 k28 'b' [h=00000083,$009960C0]
    CODE $00CDFDC0
      000 02000005 GETGLOBAL r2 := _G[k0 ('DetermineBouncerFaction' [h=C4B03EBE,$00A39480])]
      001 03008000      MOVE r3 := r1
      002 020100D9      CALL r2 (1 args) => 2 results
      003 04000045 GETGLOBAL r4 := _G[k1 ('assert' [h=92EA3D15,$00991340])]
      004 05010000      MOVE r5 := r2
      005 06000081     LOADK r6 := k2 ('BouncerMoodReaction: bouncer faction invalid' [h=49097201,$00A39E80])
      006 04018059      CALL r4 (2 args) => 0 results
      007 040000C5 GETGLOBAL r4 := _G[k3 ('Faction_GetAttitude' [h=D25E63EC,$009DE1C0])]
      008 05010000      MOVE r5 := r2
      009 06000101     LOADK r6 := k4 ('prokat' [h=854F88C7,$009A6820])
      010 04018099      CALL r4 (2 args) => 1 results
      011 05028003   LOADNIL r5 ... r5
      012 06000145 GETGLOBAL r6 := _G[k5 ('util_PrintDebugMsg' [h=A2961C17,$00A11FC0])]
      013 07000181     LOADK r7 := k6 ('\n[BOUNCER] BouncerMoodReaction: ' [h=6A7ED78E,$00A392C0])
      014 08010000      MOVE r8 := r2
      015 090001C1     LOADK r9 := k7 (' is ' [h=0054F74B,$009C3960])
      016 07038253    CONCAT r7 := r7 ... r9
      017 06010059      CALL r6 (1 args) => 0 results
      018 01014095       BNE r2 != k8 ('allies' [h=B57F1C27,$009A61A0])
      019 00800094       JMP +3 ; 23
      020 06000245 GETGLOBAL r6 := _G[k9 ('FRIENDLY' [h=DA02088A,$0099D900])]
      021 00020195       BEQ r4 == r6
      022 00800114       JMP +5 ; 28
      023 06000145 GETGLOBAL r6 := _G[k5 ('util_PrintDebugMsg' [h=A2961C17,$00A11FC0])]
      024 07000241     LOADK r7 := k9 ('FRIENDLY' [h=DA02088A,$0099D900])
      025 06010059      CALL r6 (1 args) => 0 results
      026 05000281     LOADK r5 := k10 ('fb_mood_friendly' [h=CAB73145,$00A39540])
      027 008004D4       JMP +20 ; 48
      028 060002C5 GETGLOBAL r6 := _G[k11 ('NEUTRAL' [h=507D71BD,$009A1BA0])]
      029 00020195       BEQ r4 == r6
      030 00800114       JMP +5 ; 36
      031 06000145 GETGLOBAL r6 := _G[k5 ('util_PrintDebugMsg' [h=A2961C17,$00A11FC0])]
      032 070002C1     LOADK r7 := k11 ('NEUTRAL' [h=507D71BD,$009A1BA0])
      033 06010059      CALL r6 (1 args) => 0 results
      034 05000301     LOADK r5 := k12 ('fb_mood_neutral' [h=F7AE567E,$0099FCC0])
      035 008002D4       JMP +12 ; 48
      036 06000345 GETGLOBAL r6 := _G[k13 ('UNFRIENDLY' [h=3A47DB6A,$0099B540])]
      037 00020195       BEQ r4 == r6
      038 00800114       JMP +5 ; 44
      039 06000145 GETGLOBAL r6 := _G[k5 ('util_PrintDebugMsg' [h=A2961C17,$00A11FC0])]
      040 07000341     LOADK r7 := k13 ('UNFRIENDLY' [h=3A47DB6A,$0099B540])
      041 06010059      CALL r6 (1 args) => 0 results
      042 05000381     LOADK r5 := k14 ('fb_mood_unfriendly' [h=FAAEBFC4,$00A39440])
      043 008000D4       JMP +4 ; 48
      044 060003C5 GETGLOBAL r6 := _G[k15 ('HOSTILE' [h=809EFD3A,$009A6D60])]
      045 00020195       BEQ r4 == r6
      046 00800014       JMP +1 ; 48
      047 0000801B    RETURN r0 ... r-1
      048 06000145 GETGLOBAL r6 := _G[k5 ('util_PrintDebugMsg' [h=A2961C17,$00A11FC0])]
      049 07000401     LOADK r7 := k16 (' to prokat\n' [h=9C7E0D0E,$009993E0])
      050 06010059      CALL r6 (1 args) => 0 results
      051 06000145 GETGLOBAL r6 := _G[k5 ('util_PrintDebugMsg' [h=A2961C17,$00A11FC0])]
      052 07000441     LOADK r7 := k17 ('[BOUNCER] BouncerMoodReaction: bouncer anim: ' [h=D0F79DAF,$00A39D80])
      053 08028000      MOVE r8 := r5
      054 07038213    CONCAT r7 := r7 ... r8
      055 06010059      CALL r6 (1 args) => 0 results
      056 06000485 GETGLOBAL r6 := _G[k18 ('Actor_PlayHumanAnimationByHandle' [h=5013058D,$009DC380])]
      057 07008000      MOVE r7 := r1
      058 08028000      MOVE r8 := r5
      059 06018099      CALL r6 (2 args) => 1 results
      060 06030018      TEST not r6: r6 := r6 ; or skip
      061 008000D4       JMP +4 ; 66
      062 06000145 GETGLOBAL r6 := _G[k5 ('util_PrintDebugMsg' [h=A2961C17,$00A11FC0])]
      063 070004C1     LOADK r7 := k19 (' succeeded\n' [h=F67D4A9F,$009835C0])
      064 06010059      CALL r6 (1 args) => 0 results
      065 00800094       JMP +3 ; 69
      066 06000145 GETGLOBAL r6 := _G[k5 ('util_PrintDebugMsg' [h=A2961C17,$00A11FC0])]
      067 07000501     LOADK r7 := k20 (' failed\n' [h=263A41E8,$00994D00])
      068 06010059      CALL r6 (1 args) => 0 results
      069 06030003   LOADNIL r6 ... r6
      070 03018018      TEST not r3: r3 := r3 ; or skip
      071 00800054       JMP +2 ; 74
      072 06000541     LOADK r6 := k21 ('ace' [h=00032097,$009A4E60])
      073 00800014       JMP +1 ; 75
      074 06010000      MOVE r6 := r2
      075 07000585 GETGLOBAL r7 := _G[k22 ('Utility_GetRandomFloat' [h=79984DB3,$00A403C0])]
      076 07008099      CALL r7 (0 args) => 1 results
      077 0703C44E       MUL r7 := r7 * k23 (5.0)
      078 08000605 GETGLOBAL r8 := _G[k24 ('bouncers' [h=5D6099E4,$00981180])]
      079 08040186  GETTABLE r8 := r8[r6]
      080 09000685 GETGLOBAL r9 := _G[k26 ('Event_RelativeTimer' [h=AD23F6E2,$00A3EA80])]
      081 0A0006C1     LOADK r10 := k27 ('BouncerReAnimate' [h=97DCE706,$00A391C0])
      082 0B000701     LOADK r11 := k28 ('b' [h=00000083,$009960C0])
      083 0C8881CC       ADD r12 := k23 (5.0) + r7
      084 09020099      CALL r9 (3 args) => 1 results
      085 08898249  SETTABLE r9 ->> r8[k25 ('relativeTimerEventHandle' [h=79E69B9C,$00A39800])]
      086 0000801B    RETURN r0 ... r-1
  [Node$01CABCD4] 'jeff_shutdownCostumeTent' [h=A7EFAF11,$009E2840]: function$00984680 'jeff_shutdownCostumeTent' [h=A7EFAF11,$009E2840]
    CONST$009E2240 k0  'jeff_costumeTentExists' [h=8DB7F529,$009E2A00]
    CONST$009E2248 k1  'Actor_EnableScriptedUse' [h=2140441B,$009FBF80]
    CONST$009E2250 k2  'costumeTentEntrance' [h=90556325,$009E2980]
    CONST$009E2258 k3  'jeff_hCostumeTentUsed' [h=03A86AD1,$009E26C0]
    CONST$009E2260 k4  'Event_CancelEvent' [h=D8960070,$00A08280]
    CODE $009E2280
      000 00000005 GETGLOBAL r0 := _G[k0 ('jeff_costumeTentExists' [h=8DB7F529,$009E2A00])]
      001 00008099      CALL r0 (0 args) => 1 results
      002 00000058      TEST r0: r0 := r0 ; or skip
      003 00800014       JMP +1 ; 5
      004 0000801B    RETURN r0 ... r-1
      005 00000045 GETGLOBAL r0 := _G[k1 ('Actor_EnableScriptedUse' [h=2140441B,$009FBF80])]
      006 01000081     LOADK r1 := k2 ('costumeTentEntrance' [h=90556325,$009E2980])
      007 02000002  LOADBOOL r2 := False
      008 00018059      CALL r0 (2 args) => 0 results
      009 00000105 GETGLOBAL r0 := _G[k4 ('Event_CancelEvent' [h=D8960070,$00A08280])]
      010 010000C5 GETGLOBAL r1 := _G[k3 ('jeff_hCostumeTentUsed' [h=03A86AD1,$009E26C0])]
      011 00010099      CALL r0 (1 args) => 1 results
      012 000000C7 SETGLOBAL r0 ->> _G[k3 ('jeff_hCostumeTentUsed' [h=03A86AD1,$009E26C0])]
      013 0000801B    RETURN r0 ... r-1
  [Node$01CABCE8] 'AddExtractionSupport' [h=84821F12,$00A29640]: function$00981540 'AddExtractionSupport' [h=84821F12,$00A29640]
    CONST$00961530 k0  'Support_AddItem' [h=E53E40DA,$0098D680]
    CONST$00961538 k1  'template_weapon_Extraction' [h=F03E424C,$009E8F00]
    CODE $00961590
      000 00000005 GETGLOBAL r0 := _G[k0 ('Support_AddItem' [h=E53E40DA,$0098D680])]
      001 01000041     LOADK r1 := k1 ('template_weapon_Extraction' [h=F03E424C,$009E8F00])
      002 00010059      CALL r0 (1 args) => 0 results
      003 0000801B    RETURN r0 ... r-1
  [Node$01CABCFC] 'SW_challenge_Homerun01_Show' [h=D659E3D4,$009D99C0]: function$00999EE0 'SW_challenge_Homerun01_Show' [h=D659E3D4,$009D99C0]
    CONST$00963280 k0  'challenge_Recycler_Show' [h=BA823C25,$009FC3C0]
    CONST$00963288 k1  'tSW_Challenge_Homerun01' [h=9316C000,$00A00000]
    CODE $009632A0
      000 00000005 GETGLOBAL r0 := _G[k0 ('challenge_Recycler_Show' [h=BA823C25,$009FC3C0])]
      001 01000045 GETGLOBAL r1 := _G[k1 ('tSW_Challenge_Homerun01' [h=9316C000,$00A00000])]
      002 00010059      CALL r0 (1 args) => 0 results
      003 0000801B    RETURN r0 ... r-1
  [Node$01CABD10] 'gameflow_RemoveCardIntelEmailsForChapter' [h=6614ACBA,$00A2C940]: function$009AAD40 'gameflow_RemoveCardIntelEmailsForChapter' [h=6614ACBA,$00A2C940]
    CONST$00A13480 k0  'suit_sequence' [h=3E108615,$009A9EE0]
    CONST$00A13488 k1  'CARD_RANK_MIN' [h=4771A7AF,$009990E0]
    CONST$00A13490 k2  'CARD_RANK_NUM_MAX' [h=7876B666,$00A39DC0]
    CONST$00A13498 k3  1.0
    CONST$00A134A0 k4  'Mail_Delete' [h=8D1A255E,$0098D500]
    CONST$00A134A8 k5  'mail_cardinfo_' [h=B8CA2498,$00986E80]
    CONST$00A134B0 k6  'Utility_EraseValueFromScribbleMemory' [h=D5C200E6,$00A03000]
    CONST$00A134B8 k7  'gameflow_GetCardIntelScribMemVarName' [h=1BD00BE0,$00A2C9C0]
    CODE $00ACAAC0
      000 01000005 GETGLOBAL r1 := _G[k0 ('suit_sequence' [h=3E108615,$009A9EE0])]
      001 01008006  GETTABLE r1 := r1[r0]
      002 02000045 GETGLOBAL r2 := _G[k1 ('CARD_RANK_MIN' [h=4771A7AF,$009990E0])]
      003 03000085 GETGLOBAL r3 := _G[k2 ('CARD_RANK_NUM_MAX' [h=7876B666,$00A39DC0])]
      004 040000C1     LOADK r4 := k3 (1.0)
      005 0201010D       SUB r2 := r2 - r4
      006 008002D4       JMP +12 ; 19
      007 05000105 GETGLOBAL r5 := _G[k4 ('Mail_Delete' [h=8D1A255E,$0098D500])]
      008 06000141     LOADK r6 := k5 ('mail_cardinfo_' [h=B8CA2498,$00986E80])
      009 07008000      MOVE r7 := r1
      010 08010000      MOVE r8 := r2
      011 06030213    CONCAT r6 := r6 ... r8
      012 05010059      CALL r5 (1 args) => 0 results
      013 05000185 GETGLOBAL r5 := _G[k6 ('Utility_EraseValueFromScribbleMemory' [h=D5C200E6,$00A03000])]
      014 060001C5 GETGLOBAL r6 := _G[k7 ('gameflow_GetCardIntelScribMemVarName' [h=1BD00BE0,$00A2C9C0])]
      015 07008000      MOVE r7 := r1
      016 08010000      MOVE r8 := r2
      017 06018019      CALL r6 (2 args) => -1 results
      018 05000059      CALL r5 (-1 args) => 0 results
      019 027FFC9C   FORLOOP r2 := r4; if r2 <= r3 JMP -13
      020 0000801B    RETURN r0 ... r-1
  [Node$01CABD24] 'SW_challenge_Homerun01_WaitForReinitOpportunity' [h=7BAF82F4,$009CFE00]: function$009942A0 'SW_challenge_Homerun01_WaitForReinitOpportunity' [h=7BAF82F4,$009CFE00]
    CONST$009632D0 k0  'challenge_Recycler_WaitForReinitOpportunity' [h=E437AA1D,$009E6000]
    CONST$009632D8 k1  'tSW_Challenge_Homerun01' [h=9316C000,$00A00000]
    CODE $009632C0
      000 00000005 GETGLOBAL r0 := _G[k0 ('challenge_Recycler_WaitForReinitOpportunity' [h=E437AA1D,$009E6000])]
      001 01000045 GETGLOBAL r1 := _G[k1 ('tSW_Challenge_Homerun01' [h=9316C000,$00A00000])]
      002 00010059      CALL r0 (1 args) => 0 results
      003 0000801B    RETURN r0 ... r-1
  [Node$01CABD38] 'Camera_SetTurbulenceEnabled' [h=573A2399,$00A0FD80]: cfunction$002A67A8 'Camera_SetTurbulenceEnabled' [h=573A2399,$00A0FD80]
  [Node$01CABD4C] 'RemoveVerificationTargetBlip' [h=399A40BF,$00A23A40]: function$009A1360 'RemoveVerificationTargetBlip' [h=399A40BF,$00A23A40]
    CONST$009E8E80 k0  'util_PrintDebugMsg' [h=A2961C17,$00A11FC0]
    CONST$009E8E88 k1  '\n[OBJECTIVEVERIFY] Removing blip for verification target ' [h=8ABB42C5,$00AB22C0]
    CONST$009E8E90 k2  'actorName' [h=4EB2E2FD,$00997FC0]
    CONST$009E8E98 k3  ' (objective ' [h=2765F23D,$009C6F60]
    CONST$009E8EA0 k4  'objectiveName' [h=2337C7CC,$0097D2C0]
    CONST$009E8EA8 k5  ')\n' [h=00000973,$009A40C0]
    CONST$009E8EB0 k6  'Objective_Remove' [h=732926C0,$00A3FB80]
    CODE $00A28A40
      000 01000005 GETGLOBAL r1 := _G[k0 ('util_PrintDebugMsg' [h=A2961C17,$00A11FC0])]
      001 02000041     LOADK r2 := k1 ('\n[OBJECTIVEVERIFY] Removing blip for verification target ' [h=8ABB42C5,$00AB22C0])
      002 03003F06  GETTABLE r3 := r0[k2 ('actorName' [h=4EB2E2FD,$00997FC0])]
      003 040000C1     LOADK r4 := k3 (' (objective ' [h=2765F23D,$009C6F60])
      004 05003F86  GETTABLE r5 := r0[k4 ('objectiveName' [h=2337C7CC,$0097D2C0])]
      005 06000141     LOADK r6 := k5 (')\n' [h=00000973,$009A40C0])
      006 02010193    CONCAT r2 := r2 ... r6
      007 01010059      CALL r1 (1 args) => 0 results
      008 01000185 GETGLOBAL r1 := _G[k6 ('Objective_Remove' [h=732926C0,$00A3FB80])]
      009 02003F86  GETTABLE r2 := r0[k4 ('objectiveName' [h=2337C7CC,$0097D2C0])]
      010 01010059      CALL r1 (1 args) => 0 results
      011 0000801B    RETURN r0 ... r-1
  [Node$01CABD60] 'setfenv' [h=9EE792FB,$00990640]: cfunction$003B78A8 'setfenv' [h=9EE792FB,$00990640]
  [Node$01CABD74] 'util_GetPostBribeMood' [h=B23D1CCA,$00A05BC0]: function$00998B40 'util_GetPostBribeMood' [h=B23D1CCA,$00A05BC0]
    CONST$009608C0 k0  40.0
    CONST$009608C8 k1  -40.0
    CODE $00960880
      000 00000041     LOADK r0 := k1 (-40.0)
      001 0001001B    RETURN r0 ... r0
      002 0000801B    RETURN r0 ... r-1
  [Node$01CABD88] 'SW_challenge_Homerun01_Reinit' [h=D156697E,$009D2640]: function$009818C0 'SW_challenge_Homerun01_Reinit' [h=D156697E,$009D2640]
    CONST$0095EF30 k0  'challenge_Recycler_Reinit' [h=1C420A72,$00A02840]
    CONST$0095EF38 k1  'tSW_Challenge_Homerun01' [h=9316C000,$00A00000]
    CODE $0094CA30
      000 00000005 GETGLOBAL r0 := _G[k0 ('challenge_Recycler_Reinit' [h=1C420A72,$00A02840])]
      001 01000045 GETGLOBAL r1 := _G[k1 ('tSW_Challenge_Homerun01' [h=9316C000,$00A00000])]
      002 00010059      CALL r0 (1 args) => 0 results
      003 0000801B    RETURN r0 ... r-1
  [Node$01CABD9C] 'tSW_Challenge_Race_HQm2HQc_01' [h=876BBF1B,$00A2EB80]: table$009875A0[a=0,h=32]
  [Node$01CABDB0] 'jeff_displayTankHelp2' [h=E61AA4E1,$00A0C880]: function$009922E0 'jeff_displayTankHelp2' [h=E61AA4E1,$00A0C880]
    CONST$0099E360 k0  'Utility_MessageBox' [h=E0C5D484,$009FB480]
    CONST$0099E368 k1  'Utility_GetStringById' [h=F7067A6C,$009D9780]
    CONST$0099E370 k2  'tutorial.Tank01.Title' [h=F9A74033,$00A0C380]
    CONST$0099E378 k3  'tutorial.Tank03.Body' [h=3C77335E,$00A0C400]
    CODE $00A0CC00
      000 00000005 GETGLOBAL r0 := _G[k0 ('Utility_MessageBox' [h=E0C5D484,$009FB480])]
      001 01000045 GETGLOBAL r1 := _G[k1 ('Utility_GetStringById' [h=F7067A6C,$009D9780])]
      002 02000081     LOADK r2 := k2 ('tutorial.Tank01.Title' [h=F9A74033,$00A0C380])
      003 01010099      CALL r1 (1 args) => 1 results
      004 02000045 GETGLOBAL r2 := _G[k1 ('Utility_GetStringById' [h=F7067A6C,$009D9780])]
      005 030000C1     LOADK r3 := k3 ('tutorial.Tank03.Body' [h=3C77335E,$00A0C400])
      006 02010099      CALL r2 (1 args) => 1 results
      007 03008002  LOADBOOL r3 := True
      008 00020059      CALL r0 (3 args) => 0 results
      009 0000801B    RETURN r0 ... r-1
  [Node$01CABDC4] 'SetupEventTeleportPilotSporeStatusChange' [h=F81E5F1D,$009CC280]: function$009A64C0 'SetupEventTeleportPilotSporeStatusChange' [h=F81E5F1D,$009CC280]
    CONST$009A7B20 k0  'Event_ActorIsDormant' [h=EDBBFA3E,$009FD4C0]
    CONST$009A7B28 k1  'TeleportPilotSporeStatusChange' [h=F7E21D59,$009FF580]
    CONST$009A7B30 k2  'b' [h=00000083,$009960C0]
    CONST$009A7B38 k3  'teleport_pilot' [h=1FED1AF1,$009A7BC0]
    CODE $009A7A80
      000 01000005 GETGLOBAL r1 := _G[k0 ('Event_ActorIsDormant' [h=EDBBFA3E,$009FD4C0])]
      001 02000041     LOADK r2 := k1 ('TeleportPilotSporeStatusChange' [h=F7E21D59,$009FF580])
      002 03000081     LOADK r3 := k2 ('b' [h=00000083,$009960C0])
      003 040000C1     LOADK r4 := k3 ('teleport_pilot' [h=1FED1AF1,$009A7BC0])
      004 05000000      MOVE r5 := r0
      005 0102801A  TAILCALL r1 (4 args)
      006 0100001B    RETURN r1 ... r-1
      007 0000801B    RETURN r0 ... r-1
  [Node$01CABDD8] 'util_Mission_SpawnAlongPath' [h=A6BA6F1E,$00A3BB00]: function$0099EB60 'util_Mission_SpawnAlongPath' [h=A6BA6F1E,$00A3BB00]
    CONST$00983880 k0  'Actor_GetPosition' [h=F7E6F403,$009DC400]
    CONST$00983888 k1  'Utility_GetDistantSpawnPointOnPath' [h=E320C02E,$00A3FD40]
    CONST$00983890 k2  'Mission_Spawn' [h=59A02AE9,$0098E260]
    CODE $00B2B540
      000 05000005 GETGLOBAL r5 := _G[k0 ('Actor_GetPosition' [h=F7E6F403,$009DC400])]
      001 06018000      MOVE r6 := r3
      002 05010119      CALL r5 (1 args) => 3 results
      003 08000045 GETGLOBAL r8 := _G[k1 ('Utility_GetDistantSpawnPointOnPath' [h=E320C02E,$00A3FD40])]
      004 09010000      MOVE r9 := r2
      005 0A028000      MOVE r10 := r5
      006 0B030000      MOVE r11 := r6
      007 0C038000      MOVE r12 := r7
      008 0D020000      MOVE r13 := r4
      009 08030199      CALL r8 (5 args) => 5 results
      010 08040018      TEST not r8: r8 := r8 ; or skip
      011 00800254       JMP +10 ; 22
      012 0D000085 GETGLOBAL r13 := _G[k2 ('Mission_Spawn' [h=59A02AE9,$0098E260])]
      013 0E000000      MOVE r14 := r0
      014 0F008000      MOVE r15 := r1
      015 10048000      MOVE r16 := r9
      016 11050000      MOVE r17 := r10
      017 12058000      MOVE r18 := r11
      018 13060000      MOVE r19 := r12
      019 0D03801A  TAILCALL r13 (6 args)
      020 0D00001B    RETURN r13 ... r11
      021 00800054       JMP +2 ; 24
      022 0D068003   LOADNIL r13 ... r13
      023 0D01001B    RETURN r13 ... r13
      024 0000801B    RETURN r0 ... r-1
  [Node$01CABDEC] 'loc_ff3122_s' [h=155014E4,$00986520]: table$009C58C0[a=8,h=1]
  [Node$01CABE00] 'Utility_EraseValueFromScribbleMemory' [h=D5C200E6,$00A03000]: cfunction$002C6098 'Utility_EraseValueFromScribbleMemory' [h=D5C200E6,$00A03000]
  [Node$01CABE14] 'SW_Challenge_Homerun01_GoalDistanceString' [h=E80AFA49,$00A09780]: function$00993820 'SW_Challenge_Homerun01_GoalDistanceString' [h=E80AFA49,$00A09780]
  [Node$01CABE28] 'loc_ff2033_s' [h=EE328F22,$009C5340]: table$0098DB60[a=8,h=1]
  [Node$01CABE3C] 'SPAWN_LUA_LOADED' [h=E1684F23,$00A03BC0]: 1.0
  [Node$01CABE50] 'gameflow_CardStatusReport' [h=B6B13F24,$00A3FF40]: function$00979CC0 'gameflow_CardStatusReport' [h=B6B13F24,$00A3FF40]
    CONST$00B1FEC0 k0  'util_PrintDebugMsg' [h=A2961C17,$00A11FC0]
    CONST$00B1FEC8 k1  '\n[gameflow.lua] gameflow_CardStatusReport: begin...\n' [h=23B956ED,$00A942C0]
    CONST$00B1FED0 k2  'ipairs' [h=B6F4A157,$00990680]
    CONST$00B1FED8 k3  'suit_sequence' [h=3E108615,$009A9EE0]
    CONST$00B1FEE0 k4  'CARD_RANK_MIN' [h=4771A7AF,$009990E0]
    CONST$00B1FEE8 k5  'CARD_RANK_MAX' [h=B37F15FE,$009983E0]
    CONST$00B1FEF0 k6  1.0
    CONST$00B1FEF8 k7  'gameflow_GetCardScribbleMemoryVariableName' [h=22BDD88D,$00A382C0]
    CONST$00B1FF00 k8  'Utility_ReadStringFromScribbleMemory' [h=5455F3B9,$00A0B700]
    CONST$00B1FF08 k9  'at large' [h=91AF56D0,$0098DA60]
    CONST$00B1FF10 k10 '[gameflow.lua] gameflow_CardStatusReport: ' [h=559E0484,$00A37F00]
    CONST$00B1FF18 k11 ': ' [h=00000CF0,$00993700]
    CONST$00B1FF20 k12 '\n' [h=0000002B,$009A7280]
    CONST$00B1FF28 k13 '[gameflow.lua] gameflow_CardStatusReport: ...end\n' [h=AE3F6EE3,$00A89DC0]
    CODE $00BFFBC0
      000 00000005 GETGLOBAL r0 := _G[k0 ('util_PrintDebugMsg' [h=A2961C17,$00A11FC0])]
      001 01000041     LOADK r1 := k1 ('\n[gameflow.lua] gameflow_CardStatusReport: begin...\n' [h=23B956ED,$00A942C0])
      002 00010059      CALL r0 (1 args) => 0 results
      003 00000085 GETGLOBAL r0 := _G[k2 ('ipairs' [h=B6F4A157,$00990680])]
      004 010000C5 GETGLOBAL r1 := _G[k3 ('suit_sequence' [h=3E108615,$009A9EE0])]
      005 00010159      CALL r0 (1 args) => 4 results
      006 008005DE  TFORPREP WIP
      007 04000105 GETGLOBAL r4 := _G[k4 ('CARD_RANK_MIN' [h=4771A7AF,$009990E0])]
      008 05000145 GETGLOBAL r5 := _G[k5 ('CARD_RANK_MAX' [h=B37F15FE,$009983E0])]
      009 06000181     LOADK r6 := k6 (1.0)
      010 0402018D       SUB r4 := r4 - r6
      011 00800454       JMP +18 ; 30
      012 070001C5 GETGLOBAL r7 := _G[k7 ('gameflow_GetCardScribbleMemoryVariableName' [h=22BDD88D,$00A382C0])]
      013 08018000      MOVE r8 := r3
      014 09020000      MOVE r9 := r4
      015 07018099      CALL r7 (2 args) => 1 results
      016 08000205 GETGLOBAL r8 := _G[k8 ('Utility_ReadStringFromScribbleMemory' [h=5455F3B9,$00A0B700])]
      017 09038000      MOVE r9 := r7
      018 08010099      CALL r8 (1 args) => 1 results
      019 08040058      TEST r8: r8 := r8 ; or skip
      020 00800014       JMP +1 ; 22
      021 08000241     LOADK r8 := k9 ('at large' [h=91AF56D0,$0098DA60])
      022 09000005 GETGLOBAL r9 := _G[k0 ('util_PrintDebugMsg' [h=A2961C17,$00A11FC0])]
      023 0A000281     LOADK r10 := k10 ('[gameflow.lua] gameflow_CardStatusReport: ' [h=559E0484,$00A37F00])
      024 0B038000      MOVE r11 := r7
      025 0C0002C1     LOADK r12 := k11 (': ' [h=00000CF0,$00993700])
      026 0D040000      MOVE r13 := r8
      027 0E000301     LOADK r14 := k12 ('\n' [h=0000002B,$009A7280])
      028 0A050393    CONCAT r10 := r10 ... r14
      029 09010059      CALL r9 (1 args) => 0 results
      030 047FFB1C   FORLOOP r4 := r6; if r4 <= r5 JMP -19
      031 0000005D  TFORLOOP WIP
      032 007FF954       JMP -26 ; 7
      033 00000005 GETGLOBAL r0 := _G[k0 ('util_PrintDebugMsg' [h=A2961C17,$00A11FC0])]
      034 01000341     LOADK r1 := k13 ('[gameflow.lua] gameflow_CardStatusReport: ...end\n' [h=AE3F6EE3,$00A89DC0])
      035 00010059      CALL r0 (1 args) => 0 results
      036 0000801B    RETURN r0 ... r-1
  [Node$01CABE64] 'jeff_costumeTentDestroyed' [h=B47B2F25,$009E2140]: function$009AADE0 'jeff_costumeTentDestroyed' [h=B47B2F25,$009E2140]
    CONST$00993F20 k0  'jeff_costumeTentExists' [h=8DB7F529,$009E2A00]
    CONST$00993F28 k1  'jeff_shutdownCostumeTent' [h=A7EFAF11,$009E2840]
    CONST$00993F30 k2  'Actor_Remove' [h=3657B3EC,$00977B00]
    CONST$00993F38 k3  'costumeTentEntrance' [h=90556325,$009E2980]
    CODE $009E1E80
      000 00000005 GETGLOBAL r0 := _G[k0 ('jeff_costumeTentExists' [h=8DB7F529,$009E2A00])]
      001 00008099      CALL r0 (0 args) => 1 results
      002 00000058      TEST r0: r0 := r0 ; or skip
      003 00800014       JMP +1 ; 5
      004 0000801B    RETURN r0 ... r-1
      005 00000045 GETGLOBAL r0 := _G[k1 ('jeff_shutdownCostumeTent' [h=A7EFAF11,$009E2840])]
      006 00008059      CALL r0 (0 args) => 0 results
      007 00000085 GETGLOBAL r0 := _G[k2 ('Actor_Remove' [h=3657B3EC,$00977B00])]
      008 010000C1     LOADK r1 := k3 ('costumeTentEntrance' [h=90556325,$009E2980])
      009 00010059      CALL r0 (1 args) => 0 results
      010 0000801B    RETURN r0 ... r-1
  [Node$01CABE78] 'Actor_DisableTireSmoke' [h=7E179C53,$00A01E40]: cfunction$002AF6F0 'Actor_DisableTireSmoke' [h=7E179C53,$00A01E40]
  [Node$01CABE8C] 'ActorVehicle_TakeFriendlyFire' [h=9553A4F0,$009E0BC0]: cfunction$002B1828 'ActorVehicle_TakeFriendlyFire' [h=9553A4F0,$009E0BC0]
  [Node$01CABEA0] 'challenge_ShowAll' [h=02357E4A,$00A01400]: function$00980780 'challenge_ShowAll' [h=02357E4A,$00A01400]
    CONST$00AAC5C0 k0  'g_iChallengeInstanceIndex' [h=592BF560,$009D0840]
    CONST$00AAC5C8 k1  nil
    CONST$00AAC5D0 k2  1.0
    CONST$00AAC5D8 k3  'g_tChallengeInstances' [h=C90043F1,$009E3940]
    CONST$00AAC5E0 k4  'challenge_Recycler_Show' [h=BA823C25,$009FC3C0]
    CONST$00AAC5E8 k5  'Event_RelativeTimer' [h=AD23F6E2,$00A3EA80]
    CONST$00AAC5F0 k6  'challenge_ShowAll' [h=02357E4A,$00A01400]
    CONST$00AAC5F8 k7  'b' [h=00000083,$009960C0]
    CONST$00AAC600 k8  0.10000000149011612
    CODE $00A924C0
      000 00000005 GETGLOBAL r0 := _G[k0 ('g_iChallengeInstanceIndex' [h=592BF560,$009D0840])]
      001 00003ED5       BEQ r0 == k1 (nil)
      002 00800054       JMP +2 ; 5
      003 00000081     LOADK r0 := k2 (1.0)
      004 00000007 SETGLOBAL r0 ->> _G[k0 ('g_iChallengeInstanceIndex' [h=592BF560,$009D0840])]
      005 000000C5 GETGLOBAL r0 := _G[k3 ('g_tChallengeInstances' [h=C90043F1,$009E3940])]
      006 01000005 GETGLOBAL r1 := _G[k0 ('g_iChallengeInstanceIndex' [h=592BF560,$009D0840])]
      007 00000046  GETTABLE r0 := r0[r1]
      008 00000018      TEST not r0: r0 := r0 ; or skip
      009 00800354       JMP +14 ; 24
      010 00000105 GETGLOBAL r0 := _G[k4 ('challenge_Recycler_Show' [h=BA823C25,$009FC3C0])]
      011 010000C5 GETGLOBAL r1 := _G[k3 ('g_tChallengeInstances' [h=C90043F1,$009E3940])]
      012 02000005 GETGLOBAL r2 := _G[k0 ('g_iChallengeInstanceIndex' [h=592BF560,$009D0840])]
      013 01008086  GETTABLE r1 := r1[r2]
      014 00010059      CALL r0 (1 args) => 0 results
      015 00000005 GETGLOBAL r0 := _G[k0 ('g_iChallengeInstanceIndex' [h=592BF560,$009D0840])]
      016 00003F0C       ADD r0 := r0 + k2 (1.0)
      017 00000007 SETGLOBAL r0 ->> _G[k0 ('g_iChallengeInstanceIndex' [h=592BF560,$009D0840])]
      018 00000145 GETGLOBAL r0 := _G[k5 ('Event_RelativeTimer' [h=AD23F6E2,$00A3EA80])]
      019 01000181     LOADK r1 := k6 ('challenge_ShowAll' [h=02357E4A,$00A01400])
      020 020001C1     LOADK r2 := k7 ('b' [h=00000083,$009960C0])
      021 03000201     LOADK r3 := k8 (0.10000000149011612)
      022 00020059      CALL r0 (3 args) => 0 results
      023 00800054       JMP +2 ; 26
      024 00000003   LOADNIL r0 ... r0
      025 00000007 SETGLOBAL r0 ->> _G[k0 ('g_iChallengeInstanceIndex' [h=592BF560,$009D0840])]
      026 0000801B    RETURN r0 ... r-1
  [Node$01CABEB4] 'challenge_LoadLayers' [h=7B15288A,$00A24C00]: nil
  [Node$01CABEC8] 'nenc_ff3538_v' [h=F4E3FF2A,$00994A80]: table$009831A0[a=0,h=4]
    [Node$00AAA754] 'tLocationObjectsA' [h=2C5376F5,$00A01980]: table$009A5780[a=2,h=1]
    [Node$00AAA768] 'sEncounter' [h=4CD961D9,$009A5C20]: 'ff3538' [h=3BAB8249,$0099AC40]
    [Node$00AAA77C] 'tLocationObjectsB' [h=CEC61813,$00A073C0]: nil
  [Node$01CABEDC] 'Utility_ResetToBaseLayerOnly' [h=05E8CF2B,$00A0D200]: cfunction$002C46C8 'Utility_ResetToBaseLayerOnly' [h=05E8CF2B,$00A0D200]
  [Node$01CABEF0] 'SW_CHALLENGE_LUA_LOADED' [h=CE8E9EF7,$009D05C0]: 1.0
  [Node$01CABF04] 'ActorVehicle_KickoutPassenger' [h=853E272D,$00A41300]: cfunction$002B0590 'ActorVehicle_KickoutPassenger' [h=853E272D,$00A41300]
  [Node$01CABF18] 'Actor_SetAnimationSet' [h=8B27672E,$009FC380]: cfunction$002AE9F8 'Actor_SetAnimationSet' [h=8B27672E,$009FC380]
  [Node$01CABF2C] 'loc_ff5044_v_n' [h=CA9554FD,$009A6000]: table$0098AD20[a=2,h=1]
    [0:$00961510] 'ff5044_v3' [h=647564DC,$0097C6C0]
    [1:$00961518] 'ff5044_v4' [h=220B71C5,$009A87A0]
  [Node$01CABF40] 'TourGuide_Setup' [h=CFBBAF30,$009C7500]: function$00A0D6C0[3] 'TourGuide_Setup' [h=CFBBAF30,$009C7500]
    CONST$00ACADC0 k0  'Utility_ReadNumberFromScribbleMemory' [h=2BB92038,$00A00C80]
    CONST$00ACADC8 k1  'chapter' [h=9A11FF20,$00997D80]
    CONST$00ACADD0 k2  3.0
    CONST$00ACADD8 k3  'Event' [h=11BA1936,$00988840]
    CONST$00ACADE0 k4  'Event_ActorInBoundary' [h=5BF73290,$009D5540]
    CONST$00ACADE8 k5  'TourGuide_OnEnter' [h=E92BCB4E,$00A2FDC0]
    CONST$00ACADF0 k6  'b' [h=00000083,$009960C0]
    CONST$00ACADF8 k7  'player0' [h=316752BF,$009A6AC0]
    CONST$00ACAE00 k8  'sLineRegion' [h=D93B5832,$0097B6A0]
    CODE $00AC9840
      000 00000005 GETGLOBAL r0 := _G[k0 ('Utility_ReadNumberFromScribbleMemory' [h=2BB92038,$00A00C80])]
      001 01000041     LOADK r1 := k1 ('chapter' [h=9A11FF20,$00997D80])
      002 00010099      CALL r0 (1 args) => 1 results
      003 00003F16       BLT r0 < k2 (3.0)
      004 00800094       JMP +3 ; 8
      005 01008004  GETUPVAL r1 := u1
      006 01000008  SETUPVAL r1 ->> UV[0]
      007 00800054       JMP +2 ; 10
      008 01010004  GETUPVAL r1 := u2
      009 01000008  SETUPVAL r1 ->> UV[0]
      010 01000004  GETUPVAL r1 := u0
      011 02020003   LOADNIL r2 ... r4
      012 018001DE  TFORPREP WIP
      013 05000105 GETGLOBAL r5 := _G[k4 ('Event_ActorInBoundary' [h=5BF73290,$009D5540])]
      014 06000141     LOADK r6 := k5 ('TourGuide_OnEnter' [h=E92BCB4E,$00A2FDC0])
      015 07000181     LOADK r7 := k6 ('b' [h=00000083,$009960C0])
      016 080001C1     LOADK r8 := k7 ('player0' [h=316752BF,$009A6AC0])
      017 09024086  GETTABLE r9 := r4[k8 ('sLineRegion' [h=D93B5832,$0097B6A0])]
      018 0A008002  LOADBOOL r10 := True
      019 05030099      CALL r5 (5 args) => 1 results
      020 047E8149  SETTABLE r5 ->> r4[k3 ('Event' [h=11BA1936,$00988840])]
      021 0100005D  TFORLOOP WIP
      022 007FFD54       JMP -10 ; 13
      023 0000801B    RETURN r0 ... r-1
  [Node$01CABF54] 'challenge_CommonCancelAttach' [h=401F36C0,$00A093C0]: function$0098A860 'challenge_CommonCancelAttach' [h=401F36C0,$00A093C0]
    CONST$00C43D40 k0  'function_Call' [h=35CC729B,$009A6380]
    CONST$00C43D48 k1  'challenge_CommonCancelDeinit' [h=00ABF60A,$009D4980]
    CONST$00C43D50 k2  'g_challenge_CommonCancel' [h=A164D55C,$00A23F80]
    CONST$00C43D58 k3  'fActionDistance' [h=B828E66B,$0098AE00]
    CONST$00C43D60 k4  'util_SetDefault' [h=3072A05A,$009A7800]
    CONST$00C43D68 k5  2.5
    CONST$00C43D70 k6  'bHostileDisable' [h=6E7FD3E8,$009A9240]
    CONST$00C43D78 k7  'bHostileCancel' [h=EB7D49FD,$00979C20]
    CONST$00C43D80 k8  'bDeathDisable' [h=FC72FDA1,$009C3F40]
    CONST$00C43D88 k9  'bDeathCancel' [h=D7BB27FE,$0097BC00]
    CONST$00C43D90 k10 'bSubdueDisable' [h=1E239BF9,$0098E800]
    CONST$00C43D98 k11 'bSubdueCancel' [h=D2AB3BCF,$0099B220]
    CONST$00C43DA0 k12 'Actor_EnableScriptedUse' [h=2140441B,$009FBF80]
    CONST$00C43DA8 k13 'vActor' [h=761CF0F1,$00982820]
    CONST$00C43DB0 k14 'challenge.action.cancel' [h=CC28379E,$009E1CC0]
    CONST$00C43DB8 k15 'tEvents' [h=0DDE6105,$0097B6E0]
    CONST$00C43DC0 k16 nil
    CONST$00C43DC8 k17 'hUsedEvent' [h=7D14921B,$0098BE00]
    CONST$00C43DD0 k18 'Event_ActorUsed' [h=760DA02B,$009862C0]
    CONST$00C43DD8 k19 'funcOnCancel' [h=F3564434,$009C40C0]
    CONST$00C43DE0 k20 'b' [h=00000083,$009960C0]
    CONST$00C43DE8 k21 'hHostileDisable' [h=6E7FD3EE,$0098C640]
    CONST$00C43DF0 k22 'Event_ActorIsHostileToward' [h=3E7A8A2D,$00A035C0]
    CONST$00C43DF8 k23 'player0' [h=316752BF,$009A6AC0]
    CONST$00C43E00 k24 'hHostileCancel' [h=EB7D49FB,$00993D60]
    CONST$00C43E08 k25 'hDeathDisable' [h=FC72FDAB,$00994520]
    CONST$00C43E10 k26 'Event_ActorHitPointsLessThan' [h=A14D40BC,$00A24E80]
    CONST$00C43E18 k27 1.0
    CONST$00C43E20 k28 'hDeathCancel' [h=D7BB27F8,$0097A620]
    CONST$00C43E28 k29 'hSubdueDisable' [h=1E239BE3,$00994620]
    CONST$00C43E30 k30 'Event_ActorIsSubdued' [h=22FBBD0D,$00A07480]
    CONST$00C43E38 k31 'hSubdueCancel' [h=D2AB3BB5,$00985DA0]
    CODE $014A92C0
      000 01000005 GETGLOBAL r1 := _G[k0 ('function_Call' [h=35CC729B,$009A6380])]
      001 02000045 GETGLOBAL r2 := _G[k1 ('challenge_CommonCancelDeinit' [h=00ABF60A,$009D4980])]
      002 01010059      CALL r1 (1 args) => 0 results
      003 00000087 SETGLOBAL r0 ->> _G[k2 ('g_challenge_CommonCancel' [h=A164D55C,$00A23F80])]
      004 01000085 GETGLOBAL r1 := _G[k2 ('g_challenge_CommonCancel' [h=A164D55C,$00A23F80])]
      005 02000105 GETGLOBAL r2 := _G[k4 ('util_SetDefault' [h=3072A05A,$009A7800])]
      006 03000085 GETGLOBAL r3 := _G[k2 ('g_challenge_CommonCancel' [h=A164D55C,$00A23F80])]
      007 0301BF46  GETTABLE r3 := r3[k3 ('fActionDistance' [h=B828E66B,$0098AE00])]
      008 04000141     LOADK r4 := k5 (2.5)
      009 02018099      CALL r2 (2 args) => 1 results
      010 017E8089  SETTABLE r2 ->> r1[k3 ('fActionDistance' [h=B828E66B,$0098AE00])]
      011 01000085 GETGLOBAL r1 := _G[k2 ('g_challenge_CommonCancel' [h=A164D55C,$00A23F80])]
      012 02000105 GETGLOBAL r2 := _G[k4 ('util_SetDefault' [h=3072A05A,$009A7800])]
      013 03000085 GETGLOBAL r3 := _G[k2 ('g_challenge_CommonCancel' [h=A164D55C,$00A23F80])]
      014 0301C006  GETTABLE r3 := r3[k6 ('bHostileDisable' [h=6E7FD3E8,$009A9240])]
      015 04008002  LOADBOOL r4 := True
      016 02018099      CALL r2 (2 args) => 1 results
      017 01800089  SETTABLE r2 ->> r1[k6 ('bHostileDisable' [h=6E7FD3E8,$009A9240])]
      018 01000085 GETGLOBAL r1 := _G[k2 ('g_challenge_CommonCancel' [h=A164D55C,$00A23F80])]
      019 02000105 GETGLOBAL r2 := _G[k4 ('util_SetDefault' [h=3072A05A,$009A7800])]
      020 03000085 GETGLOBAL r3 := _G[k2 ('g_challenge_CommonCancel' [h=A164D55C,$00A23F80])]
      021 0301C046  GETTABLE r3 := r3[k7 ('bHostileCancel' [h=EB7D49FD,$00979C20])]
      022 04008002  LOADBOOL r4 := True
      023 02018099      CALL r2 (2 args) => 1 results
      024 01808089  SETTABLE r2 ->> r1[k7 ('bHostileCancel' [h=EB7D49FD,$00979C20])]
      025 01000085 GETGLOBAL r1 := _G[k2 ('g_challenge_CommonCancel' [h=A164D55C,$00A23F80])]
      026 02000105 GETGLOBAL r2 := _G[k4 ('util_SetDefault' [h=3072A05A,$009A7800])]
      027 03000085 GETGLOBAL r3 := _G[k2 ('g_challenge_CommonCancel' [h=A164D55C,$00A23F80])]
      028 0301C086  GETTABLE r3 := r3[k8 ('bDeathDisable' [h=FC72FDA1,$009C3F40])]
      029 04008002  LOADBOOL r4 := True
      030 02018099      CALL r2 (2 args) => 1 results
      031 01810089  SETTABLE r2 ->> r1[k8 ('bDeathDisable' [h=FC72FDA1,$009C3F40])]
      032 01000085 GETGLOBAL r1 := _G[k2 ('g_challenge_CommonCancel' [h=A164D55C,$00A23F80])]
      033 02000105 GETGLOBAL r2 := _G[k4 ('util_SetDefault' [h=3072A05A,$009A7800])]
      034 03000085 GETGLOBAL r3 := _G[k2 ('g_challenge_CommonCancel' [h=A164D55C,$00A23F80])]
      035 0301C0C6  GETTABLE r3 := r3[k9 ('bDeathCancel' [h=D7BB27FE,$0097BC00])]
      036 04008002  LOADBOOL r4 := True
      037 02018099      CALL r2 (2 args) => 1 results
      038 01818089  SETTABLE r2 ->> r1[k9 ('bDeathCancel' [h=D7BB27FE,$0097BC00])]
      039 01000085 GETGLOBAL r1 := _G[k2 ('g_challenge_CommonCancel' [h=A164D55C,$00A23F80])]
      040 02000105 GETGLOBAL r2 := _G[k4 ('util_SetDefault' [h=3072A05A,$009A7800])]
      041 03000085 GETGLOBAL r3 := _G[k2 ('g_challenge_CommonCancel' [h=A164D55C,$00A23F80])]
      042 0301C106  GETTABLE r3 := r3[k10 ('bSubdueDisable' [h=1E239BF9,$0098E800])]
      043 04008002  LOADBOOL r4 := True
      044 02018099      CALL r2 (2 args) => 1 results
      045 01820089  SETTABLE r2 ->> r1[k10 ('bSubdueDisable' [h=1E239BF9,$0098E800])]
      046 01000085 GETGLOBAL r1 := _G[k2 ('g_challenge_CommonCancel' [h=A164D55C,$00A23F80])]
      047 02000105 GETGLOBAL r2 := _G[k4 ('util_SetDefault' [h=3072A05A,$009A7800])]
      048 03000085 GETGLOBAL r3 := _G[k2 ('g_challenge_CommonCancel' [h=A164D55C,$00A23F80])]
      049 0301C146  GETTABLE r3 := r3[k11 ('bSubdueCancel' [h=D2AB3BCF,$0099B220])]
      050 04008002  LOADBOOL r4 := True
      051 02018099      CALL r2 (2 args) => 1 results
      052 01828089  SETTABLE r2 ->> r1[k11 ('bSubdueCancel' [h=D2AB3BCF,$0099B220])]
      053 01000305 GETGLOBAL r1 := _G[k12 ('Actor_EnableScriptedUse' [h=2140441B,$009FBF80])]
      054 02000085 GETGLOBAL r2 := _G[k2 ('g_challenge_CommonCancel' [h=A164D55C,$00A23F80])]
      055 020141C6  GETTABLE r2 := r2[k13 ('vActor' [h=761CF0F1,$00982820])]
      056 03008002  LOADBOOL r3 := True
      057 04000381     LOADK r4 := k14 ('challenge.action.cancel' [h=CC28379E,$009E1CC0])
      058 05000002  LOADBOOL r5 := False
      059 06000085 GETGLOBAL r6 := _G[k2 ('g_challenge_CommonCancel' [h=A164D55C,$00A23F80])]
      060 06033F46  GETTABLE r6 := r6[k3 ('fActionDistance' [h=B828E66B,$0098AE00])]
      061 01030059      CALL r1 (5 args) => 0 results
      062 01000085 GETGLOBAL r1 := _G[k2 ('g_challenge_CommonCancel' [h=A164D55C,$00A23F80])]
      063 0100C246  GETTABLE r1 := r1[k15 ('tEvents' [h=0DDE6105,$0097B6E0])]
      064 0000C295       BEQ r1 == k16 (nil)
      065 00800094       JMP +3 ; 69
      066 01000085 GETGLOBAL r1 := _G[k2 ('g_challenge_CommonCancel' [h=A164D55C,$00A23F80])]
      067 0200000A  NEWTABLE r2 := {} (#a=0, #h=0)
      068 01848089  SETTABLE r2 ->> r1[k15 ('tEvents' [h=0DDE6105,$0097B6E0])]
      069 01000085 GETGLOBAL r1 := _G[k2 ('g_challenge_CommonCancel' [h=A164D55C,$00A23F80])]
      070 0100C246  GETTABLE r1 := r1[k15 ('tEvents' [h=0DDE6105,$0097B6E0])]
      071 02000485 GETGLOBAL r2 := _G[k18 ('Event_ActorUsed' [h=760DA02B,$009862C0])]
      072 03000085 GETGLOBAL r3 := _G[k2 ('g_challenge_CommonCancel' [h=A164D55C,$00A23F80])]
      073 0301C346  GETTABLE r3 := r3[k19 ('funcOnCancel' [h=F3564434,$009C40C0])]
      074 04000501     LOADK r4 := k20 ('b' [h=00000083,$009960C0])
      075 05000085 GETGLOBAL r5 := _G[k2 ('g_challenge_CommonCancel' [h=A164D55C,$00A23F80])]
      076 0502C1C6  GETTABLE r5 := r5[k13 ('vActor' [h=761CF0F1,$00982820])]
      077 02020099      CALL r2 (3 args) => 1 results
      078 01858089  SETTABLE r2 ->> r1[k17 ('hUsedEvent' [h=7D14921B,$0098BE00])]
      079 01000085 GETGLOBAL r1 := _G[k2 ('g_challenge_CommonCancel' [h=A164D55C,$00A23F80])]
      080 0100C006  GETTABLE r1 := r1[k6 ('bHostileDisable' [h=6E7FD3E8,$009A9240])]
      081 01008018      TEST not r1: r1 := r1 ; or skip
      082 00800294       JMP +11 ; 94
      083 01000085 GETGLOBAL r1 := _G[k2 ('g_challenge_CommonCancel' [h=A164D55C,$00A23F80])]
      084 0100C246  GETTABLE r1 := r1[k15 ('tEvents' [h=0DDE6105,$0097B6E0])]
      085 02000585 GETGLOBAL r2 := _G[k22 ('Event_ActorIsHostileToward' [h=3E7A8A2D,$00A035C0])]
      086 03000041     LOADK r3 := k1 ('challenge_CommonCancelDeinit' [h=00ABF60A,$009D4980])
      087 04000501     LOADK r4 := k20 ('b' [h=00000083,$009960C0])
      088 05000085 GETGLOBAL r5 := _G[k2 ('g_challenge_CommonCancel' [h=A164D55C,$00A23F80])]
      089 0502C1C6  GETTABLE r5 := r5[k13 ('vActor' [h=761CF0F1,$00982820])]
      090 060005C1     LOADK r6 := k23 ('player0' [h=316752BF,$009A6AC0])
      091 07008002  LOADBOOL r7 := True
      092 02030099      CALL r2 (5 args) => 1 results
      093 01878089  SETTABLE r2 ->> r1[k21 ('hHostileDisable' [h=6E7FD3EE,$0098C640])]
      094 01000085 GETGLOBAL r1 := _G[k2 ('g_challenge_CommonCancel' [h=A164D55C,$00A23F80])]
      095 0100C046  GETTABLE r1 := r1[k7 ('bHostileCancel' [h=EB7D49FD,$00979C20])]
      096 01008018      TEST not r1: r1 := r1 ; or skip
      097 008002D4       JMP +12 ; 110
      098 01000085 GETGLOBAL r1 := _G[k2 ('g_challenge_CommonCancel' [h=A164D55C,$00A23F80])]
      099 0100C246  GETTABLE r1 := r1[k15 ('tEvents' [h=0DDE6105,$0097B6E0])]
      100 02000585 GETGLOBAL r2 := _G[k22 ('Event_ActorIsHostileToward' [h=3E7A8A2D,$00A035C0])]
      101 03000085 GETGLOBAL r3 := _G[k2 ('g_challenge_CommonCancel' [h=A164D55C,$00A23F80])]
      102 0301C346  GETTABLE r3 := r3[k19 ('funcOnCancel' [h=F3564434,$009C40C0])]
      103 04000501     LOADK r4 := k20 ('b' [h=00000083,$009960C0])
      104 05000085 GETGLOBAL r5 := _G[k2 ('g_challenge_CommonCancel' [h=A164D55C,$00A23F80])]
      105 0502C1C6  GETTABLE r5 := r5[k13 ('vActor' [h=761CF0F1,$00982820])]
      106 060005C1     LOADK r6 := k23 ('player0' [h=316752BF,$009A6AC0])
      107 07008002  LOADBOOL r7 := True
      108 02030099      CALL r2 (5 args) => 1 results
      109 01890089  SETTABLE r2 ->> r1[k24 ('hHostileCancel' [h=EB7D49FB,$00993D60])]
      110 01000085 GETGLOBAL r1 := _G[k2 ('g_challenge_CommonCancel' [h=A164D55C,$00A23F80])]
      111 0100C086  GETTABLE r1 := r1[k8 ('bDeathDisable' [h=FC72FDA1,$009C3F40])]
      112 01008018      TEST not r1: r1 := r1 ; or skip
      113 00800254       JMP +10 ; 124
      114 01000085 GETGLOBAL r1 := _G[k2 ('g_challenge_CommonCancel' [h=A164D55C,$00A23F80])]
      115 0100C246  GETTABLE r1 := r1[k15 ('tEvents' [h=0DDE6105,$0097B6E0])]
      116 02000685 GETGLOBAL r2 := _G[k26 ('Event_ActorHitPointsLessThan' [h=A14D40BC,$00A24E80])]
      117 03000041     LOADK r3 := k1 ('challenge_CommonCancelDeinit' [h=00ABF60A,$009D4980])
      118 04000501     LOADK r4 := k20 ('b' [h=00000083,$009960C0])
      119 05000085 GETGLOBAL r5 := _G[k2 ('g_challenge_CommonCancel' [h=A164D55C,$00A23F80])]
      120 0502C1C6  GETTABLE r5 := r5[k13 ('vActor' [h=761CF0F1,$00982820])]
      121 060006C1     LOADK r6 := k27 (1.0)
      122 02028099      CALL r2 (4 args) => 1 results
      123 01898089  SETTABLE r2 ->> r1[k25 ('hDeathDisable' [h=FC72FDAB,$00994520])]
      124 01000085 GETGLOBAL r1 := _G[k2 ('g_challenge_CommonCancel' [h=A164D55C,$00A23F80])]
      125 0100C0C6  GETTABLE r1 := r1[k9 ('bDeathCancel' [h=D7BB27FE,$0097BC00])]
      126 01008018      TEST not r1: r1 := r1 ; or skip
      127 00800294       JMP +11 ; 139
      128 01000085 GETGLOBAL r1 := _G[k2 ('g_challenge_CommonCancel' [h=A164D55C,$00A23F80])]
      129 0100C246  GETTABLE r1 := r1[k15 ('tEvents' [h=0DDE6105,$0097B6E0])]
      130 02000685 GETGLOBAL r2 := _G[k26 ('Event_ActorHitPointsLessThan' [h=A14D40BC,$00A24E80])]
      131 03000085 GETGLOBAL r3 := _G[k2 ('g_challenge_CommonCancel' [h=A164D55C,$00A23F80])]
      132 0301C346  GETTABLE r3 := r3[k19 ('funcOnCancel' [h=F3564434,$009C40C0])]
      133 04000501     LOADK r4 := k20 ('b' [h=00000083,$009960C0])
      134 05000085 GETGLOBAL r5 := _G[k2 ('g_challenge_CommonCancel' [h=A164D55C,$00A23F80])]
      135 0502C1C6  GETTABLE r5 := r5[k13 ('vActor' [h=761CF0F1,$00982820])]
      136 060006C1     LOADK r6 := k27 (1.0)
      137 02028099      CALL r2 (4 args) => 1 results
      138 018B0089  SETTABLE r2 ->> r1[k28 ('hDeathCancel' [h=D7BB27F8,$0097A620])]
      139 01000085 GETGLOBAL r1 := _G[k2 ('g_challenge_CommonCancel' [h=A164D55C,$00A23F80])]
      140 0100C106  GETTABLE r1 := r1[k10 ('bSubdueDisable' [h=1E239BF9,$0098E800])]
      141 01008018      TEST not r1: r1 := r1 ; or skip
      142 00800214       JMP +9 ; 152
      143 01000085 GETGLOBAL r1 := _G[k2 ('g_challenge_CommonCancel' [h=A164D55C,$00A23F80])]
      144 0100C246  GETTABLE r1 := r1[k15 ('tEvents' [h=0DDE6105,$0097B6E0])]
      145 02000785 GETGLOBAL r2 := _G[k30 ('Event_ActorIsSubdued' [h=22FBBD0D,$00A07480])]
      146 03000041     LOADK r3 := k1 ('challenge_CommonCancelDeinit' [h=00ABF60A,$009D4980])
      147 04000501     LOADK r4 := k20 ('b' [h=00000083,$009960C0])
      148 05000085 GETGLOBAL r5 := _G[k2 ('g_challenge_CommonCancel' [h=A164D55C,$00A23F80])]
      149 0502C1C6  GETTABLE r5 := r5[k13 ('vActor' [h=761CF0F1,$00982820])]
      150 02020099      CALL r2 (3 args) => 1 results
      151 018B8089  SETTABLE r2 ->> r1[k29 ('hSubdueDisable' [h=1E239BE3,$00994620])]
      152 01000085 GETGLOBAL r1 := _G[k2 ('g_challenge_CommonCancel' [h=A164D55C,$00A23F80])]
      153 0100C146  GETTABLE r1 := r1[k11 ('bSubdueCancel' [h=D2AB3BCF,$0099B220])]
      154 01008018      TEST not r1: r1 := r1 ; or skip
      155 00800254       JMP +10 ; 166
      156 01000085 GETGLOBAL r1 := _G[k2 ('g_challenge_CommonCancel' [h=A164D55C,$00A23F80])]
      157 0100C246  GETTABLE r1 := r1[k15 ('tEvents' [h=0DDE6105,$0097B6E0])]
      158 02000785 GETGLOBAL r2 := _G[k30 ('Event_ActorIsSubdued' [h=22FBBD0D,$00A07480])]
      159 03000085 GETGLOBAL r3 := _G[k2 ('g_challenge_CommonCancel' [h=A164D55C,$00A23F80])]
      160 0301C346  GETTABLE r3 := r3[k19 ('funcOnCancel' [h=F3564434,$009C40C0])]
      161 04000501     LOADK r4 := k20 ('b' [h=00000083,$009960C0])
      162 05000085 GETGLOBAL r5 := _G[k2 ('g_challenge_CommonCancel' [h=A164D55C,$00A23F80])]
      163 0502C1C6  GETTABLE r5 := r5[k13 ('vActor' [h=761CF0F1,$00982820])]
      164 02020099      CALL r2 (3 args) => 1 results
      165 018C8089  SETTABLE r2 ->> r1[k31 ('hSubdueCancel' [h=D2AB3BB5,$00985DA0])]
      166 0000801B    RETURN r0 ... r-1
  [Node$01CABF68] 'util_MissionOrChallengeAccepted' [h=6AC79732,$00A3B840]: function$009A3CC0 'util_MissionOrChallengeAccepted' [h=6AC79732,$00A3B840]
    CONST$00980BE0 k0  'Utility_ReadNumberFromScribbleMemory' [h=2BB92038,$00A00C80]
    CONST$00980BE8 k1  'mission_accepted' [h=77464996,$00A123C0]
    CONST$00980BF0 k2  'challenge_accepted' [h=384407E4,$00A3B5C0]
    CODE $00A3B480
      000 00000005 GETGLOBAL r0 := _G[k0 ('Utility_ReadNumberFromScribbleMemory' [h=2BB92038,$00A00C80])]
      001 01000041     LOADK r1 := k1 ('mission_accepted' [h=77464996,$00A123C0])
      002 00010099      CALL r0 (1 args) => 1 results
      003 01000005 GETGLOBAL r1 := _G[k0 ('Utility_ReadNumberFromScribbleMemory' [h=2BB92038,$00A00C80])]
      004 02000081     LOADK r2 := k2 ('challenge_accepted' [h=384407E4,$00A3B5C0])
      005 01010099      CALL r1 (1 args) => 1 results
      006 02000058      TEST r2: r2 := r0 ; or skip
      007 00800014       JMP +1 ; 9
      008 02008000      MOVE r2 := r1
      009 0201001B    RETURN r2 ... r2
      010 0000801B    RETURN r0 ... r-1
  [Node$01CABF7C] 'tostring' [h=787EB105,$00990700]: cfunction$003B7A78 'tostring' [h=787EB105,$00990700]
  [Node$01CABF90] 'VERB_EXTRACT' [h=3EC2A516,$00982E00]: 7.0
  [Node$01CABFA4] 'challenge_CommonAreaConstraintDeinit' [h=9B38AEA4,$009D2400]: function$00979040 'challenge_CommonAreaConstraintDeinit' [h=9B38AEA4,$009D2400]
    CONST$009CB280 k0  'g_challenge_CommonAreaEnteringTimer' [h=35749F09,$009F1CC0]
    CONST$009CB288 k1  'Event_CancelEvent' [h=D8960070,$00A08280]
    CONST$009CB290 k2  'g_challenge_CommonAreaExitingTimer' [h=C5680815,$009F1D80]
    CONST$009CB298 k3  'g_challenge_CommonAreaArgsTable' [h=7AF8F271,$009CD940]
    CONST$009CB2A0 k4  'Objective_Remove' [h=732926C0,$00A3FB80]
    CONST$009CB2A8 k5  'AreaConstraintMarker' [h=FA92DF0C,$009D2880]
    CODE $00A0BDC0
      000 00000045 GETGLOBAL r0 := _G[k1 ('Event_CancelEvent' [h=D8960070,$00A08280])]
      001 01000005 GETGLOBAL r1 := _G[k0 ('g_challenge_CommonAreaEnteringTimer' [h=35749F09,$009F1CC0])]
      002 00010099      CALL r0 (1 args) => 1 results
      003 00000007 SETGLOBAL r0 ->> _G[k0 ('g_challenge_CommonAreaEnteringTimer' [h=35749F09,$009F1CC0])]
      004 00000045 GETGLOBAL r0 := _G[k1 ('Event_CancelEvent' [h=D8960070,$00A08280])]
      005 01000085 GETGLOBAL r1 := _G[k2 ('g_challenge_CommonAreaExitingTimer' [h=C5680815,$009F1D80])]
      006 00010099      CALL r0 (1 args) => 1 results
      007 00000087 SETGLOBAL r0 ->> _G[k2 ('g_challenge_CommonAreaExitingTimer' [h=C5680815,$009F1D80])]
      008 00000003   LOADNIL r0 ... r0
      009 000000C7 SETGLOBAL r0 ->> _G[k3 ('g_challenge_CommonAreaArgsTable' [h=7AF8F271,$009CD940])]
      010 00000105 GETGLOBAL r0 := _G[k4 ('Objective_Remove' [h=732926C0,$00A3FB80])]
      011 01000141     LOADK r1 := k5 ('AreaConstraintMarker' [h=FA92DF0C,$009D2880])
      012 00010059      CALL r0 (1 args) => 0 results
      013 0000801B    RETURN r0 ... r-1
  [Node$01CABFB8] 'jeff_iBanterVehicleDamage' [h=2654751A,$00A2B400]: 0.0
  [Node$01CABFCC] 'mission_RemoveObjectiveTarget' [h=4C7C6737,$009F6A40]: function$009A3160 'mission_RemoveObjectiveTarget' [h=4C7C6737,$009F6A40]
    CONST$00B279C0 k0  'Debug_Assert' [h=E8876833,$0098F0A0]
    CONST$00B279C8 k1  '[OBJECTIVE] attempting to remove target from invalid objectiveName!' [h=776E1D70,$00AC2840]
    CONST$00B279D0 k2  '[OBJECTIVE] attempting to remove invalid targetName from objective!' [h=1A16D93B,$00B283C0]
    CONST$00B279D8 k3  'util_PrintDebugMsg' [h=A2961C17,$00A11FC0]
    CONST$00B279E0 k4  '[OBJECTIVE] removing target ' [h=587CF68A,$009E8D80]
    CONST$00B279E8 k5  ' from objective ' [h=25935262,$009F4440]
    CONST$00B279F0 k6  '\n' [h=0000002B,$009A7280]
    CONST$00B279F8 k7  'Objective_RemoveTarget' [h=0A56591C,$009DB240]
    CONST$00B27A00 k8  'mission_tObjectives' [h=B4A8BCEB,$00A252C0]
    CONST$00B27A08 k9  'Utility_GetActorAsInt' [h=A2B359A3,$00A0FF40]
    CONST$00B27A10 k10 'CancelEventsForObjectiveTarget' [h=57E38D51,$009F7E40]
    CONST$00B27A18 k11 'verb' [h=0076582D,$009A3120]
    CONST$00B27A20 k12 'mission_tTargets' [h=28796635,$009DFD00]
    CODE $00C03D00
      000 02000005 GETGLOBAL r2 := _G[k0 ('Debug_Assert' [h=E8876833,$0098F0A0])]
      001 03000000      MOVE r3 := r0
      002 04000041     LOADK r4 := k1 ('[OBJECTIVE] attempting to remove target from invalid objectiveName!' [h=776E1D70,$00AC2840])
      003 02018059      CALL r2 (2 args) => 0 results
      004 02000005 GETGLOBAL r2 := _G[k0 ('Debug_Assert' [h=E8876833,$0098F0A0])]
      005 03008000      MOVE r3 := r1
      006 04000081     LOADK r4 := k2 ('[OBJECTIVE] attempting to remove invalid targetName from objective!' [h=1A16D93B,$00B283C0])
      007 02018059      CALL r2 (2 args) => 0 results
      008 020000C5 GETGLOBAL r2 := _G[k3 ('util_PrintDebugMsg' [h=A2961C17,$00A11FC0])]
      009 03000101     LOADK r3 := k4 ('[OBJECTIVE] removing target ' [h=587CF68A,$009E8D80])
      010 04008000      MOVE r4 := r1
      011 05000141     LOADK r5 := k5 (' from objective ' [h=25935262,$009F4440])
      012 06000000      MOVE r6 := r0
      013 07000181     LOADK r7 := k6 ('\n' [h=0000002B,$009A7280])
      014 030181D3    CONCAT r3 := r3 ... r7
      015 02010059      CALL r2 (1 args) => 0 results
      016 020001C5 GETGLOBAL r2 := _G[k7 ('Objective_RemoveTarget' [h=0A56591C,$009DB240])]
      017 03000000      MOVE r3 := r0
      018 04008000      MOVE r4 := r1
      019 02018059      CALL r2 (2 args) => 0 results
      020 02000205 GETGLOBAL r2 := _G[k8 ('mission_tObjectives' [h=B4A8BCEB,$00A252C0])]
      021 02010006  GETTABLE r2 := r2[r0]
      022 03000245 GETGLOBAL r3 := _G[k9 ('Utility_GetActorAsInt' [h=A2B359A3,$00A0FF40])]
      023 04008000      MOVE r4 := r1
      024 03010099      CALL r3 (1 args) => 1 results
      025 02010018      TEST not r2: r2 := r2 ; or skip
      026 00800194       JMP +7 ; 34
      027 03018018      TEST not r3: r3 := r3 ; or skip
      028 00800114       JMP +5 ; 34
      029 04000285 GETGLOBAL r4 := _G[k10 ('CancelEventsForObjectiveTarget' [h=57E38D51,$009F7E40])]
      030 05014146  GETTABLE r5 := r2[k11 ('verb' [h=0076582D,$009A3120])]
      031 06000305 GETGLOBAL r6 := _G[k12 ('mission_tTargets' [h=28796635,$009DFD00])]
      032 060300C6  GETTABLE r6 := r6[r3]
      033 04018059      CALL r4 (2 args) => 0 results
      034 0000801B    RETURN r0 ... r-1
  [Node$01CABFE0] 'util_SetLoadScreen' [h=60A3A91B,$009E0E80]: function$0099B920 'util_SetLoadScreen' [h=60A3A91B,$009E0E80]
    CONST$00B90A40 k0  'aclubs' [h=8C490E45,$009A6800]
    CONST$00B90A48 k1  'Utility_SetNextLoadScreen' [h=A74FEE05,$009DBB40]
    CONST$00B90A50 k2  76.0
    CONST$00B90A58 k3  'admnd' [h=10BE8475,$009A7DE0]
    CONST$00B90A60 k4  77.0
    CONST$00B90A68 k5  'aheart' [h=9171EE89,$009A7DA0]
    CONST$00B90A70 k6  78.0
    CONST$00B90A78 k7  'aspade' [h=4F383D95,$009A7DC0]
    CONST$00B90A80 k8  83.0
    CONST$00B90A88 k9  'chapter1' [h=AFA0CB8D,$0097D960]
    CONST$00B90A90 k10 79.0
    CONST$00B90A98 k11 'chapter2' [h=445CC534,$0097E340]
    CONST$00B90AA0 k12 80.0
    CONST$00B90AA8 k13 'chapter3' [h=49A10091,$0097D940]
    CONST$00B90AB0 k14 81.0
    CONST$00B90AB8 k15 'chapter4' [h=C3F68A0B,$0099B720]
    CONST$00B90AC0 k16 82.0
    CONST$00B90AC8 k17 1.0
    CONST$00B90AD0 k18 -1.0
    CODE $00C4DD40
      000 00003E95       BEQ r0 == k0 ('aclubs' [h=8C490E45,$009A6800])
      001 008000D4       JMP +4 ; 6
      002 01000045 GETGLOBAL r1 := _G[k1 ('Utility_SetNextLoadScreen' [h=A74FEE05,$009DBB40])]
      003 02000081     LOADK r2 := k2 (76.0)
      004 01010059      CALL r1 (1 args) => 0 results
      005 00800B14       JMP +45 ; 51
      006 00003F55       BEQ r0 == k3 ('admnd' [h=10BE8475,$009A7DE0])
      007 008000D4       JMP +4 ; 12
      008 01000045 GETGLOBAL r1 := _G[k1 ('Utility_SetNextLoadScreen' [h=A74FEE05,$009DBB40])]
      009 02000101     LOADK r2 := k4 (77.0)
      010 01010059      CALL r1 (1 args) => 0 results
      011 00800994       JMP +39 ; 51
      012 00003FD5       BEQ r0 == k5 ('aheart' [h=9171EE89,$009A7DA0])
      013 008000D4       JMP +4 ; 18
      014 01000045 GETGLOBAL r1 := _G[k1 ('Utility_SetNextLoadScreen' [h=A74FEE05,$009DBB40])]
      015 02000181     LOADK r2 := k6 (78.0)
      016 01010059      CALL r1 (1 args) => 0 results
      017 00800814       JMP +33 ; 51
      018 00004055       BEQ r0 == k7 ('aspade' [h=4F383D95,$009A7DC0])
      019 008000D4       JMP +4 ; 24
      020 01000045 GETGLOBAL r1 := _G[k1 ('Utility_SetNextLoadScreen' [h=A74FEE05,$009DBB40])]
      021 02000201     LOADK r2 := k8 (83.0)
      022 01010059      CALL r1 (1 args) => 0 results
      023 00800694       JMP +27 ; 51
      024 000040D5       BEQ r0 == k9 ('chapter1' [h=AFA0CB8D,$0097D960])
      025 008000D4       JMP +4 ; 30
      026 01000045 GETGLOBAL r1 := _G[k1 ('Utility_SetNextLoadScreen' [h=A74FEE05,$009DBB40])]
      027 02000281     LOADK r2 := k10 (79.0)
      028 01010059      CALL r1 (1 args) => 0 results
      029 00800514       JMP +21 ; 51
      030 00004155       BEQ r0 == k11 ('chapter2' [h=445CC534,$0097E340])
      031 008000D4       JMP +4 ; 36
      032 01000045 GETGLOBAL r1 := _G[k1 ('Utility_SetNextLoadScreen' [h=A74FEE05,$009DBB40])]
      033 02000301     LOADK r2 := k12 (80.0)
      034 01010059      CALL r1 (1 args) => 0 results
      035 00800394       JMP +15 ; 51
      036 000041D5       BEQ r0 == k13 ('chapter3' [h=49A10091,$0097D940])
      037 008000D4       JMP +4 ; 42
      038 01000045 GETGLOBAL r1 := _G[k1 ('Utility_SetNextLoadScreen' [h=A74FEE05,$009DBB40])]
      039 02000381     LOADK r2 := k14 (81.0)
      040 01010059      CALL r1 (1 args) => 0 results
      041 00800214       JMP +9 ; 51
      042 00004255       BEQ r0 == k15 ('chapter4' [h=C3F68A0B,$0099B720])
      043 008000D4       JMP +4 ; 48
      044 01000045 GETGLOBAL r1 := _G[k1 ('Utility_SetNextLoadScreen' [h=A74FEE05,$009DBB40])]
      045 02000401     LOADK r2 := k16 (82.0)
      046 01010059      CALL r1 (1 args) => 0 results
      047 00800094       JMP +3 ; 51
      048 01000045 GETGLOBAL r1 := _G[k1 ('Utility_SetNextLoadScreen' [h=A74FEE05,$009DBB40])]
      049 02000481     LOADK r2 := k18 (-1.0)
      050 01010059      CALL r1 (1 args) => 0 results
      051 0000801B    RETURN r0 ... r-1
  [Node$01CABFF4] 'challenge_CommonVehicleConstraintInit' [h=19164B5F,$009CE680]: function$0098B420 'challenge_CommonVehicleConstraintInit' [h=19164B5F,$009CE680]
    CONST$00A8FC40 k0  'guidVehicle' [h=93CC872C,$009A8DC0]
    CONST$00A8FC48 k1  nil
    CONST$00A8FC50 k2  'sVehicleName' [h=9A1B0F45,$00996160]
    CONST$00A8FC58 k3  'Utility_GetActor' [h=077E9779,$00A06B80]
    CONST$00A8FC60 k4  'sFuncOnExitVehicle' [h=31877106,$00A02A40]
    CONST$00A8FC68 k5  'sFuncOnVehicleSold' [h=A27DD197,$00A04640]
    CONST$00A8FC70 k6  'sFuncOnVehicleDestroyed' [h=BF67FBEE,$009E15C0]
    CONST$00A8FC78 k7  'g_hVehicleConstraint_AiInNamedVehicle' [h=E3C37338,$009D7480]
    CONST$00A8FC80 k8  'Event_AiInNamedVehicle' [h=F4DC0213,$009FD700]
    CONST$00A8FC88 k9  'b' [h=00000083,$009960C0]
    CONST$00A8FC90 k10 'player0' [h=316752BF,$009A6AC0]
    CONST$00A8FC98 k11 'g_hVehicleConstraint_NamedVehicleSold' [h=7FCC0A19,$009CE6C0]
    CONST$00A8FCA0 k12 'Event_ActorSold' [h=F4423E83,$0098D620]
    CONST$00A8FCA8 k13 'g_hVehicleConstraint_ActorHitPointsLessThan' [h=9316E97C,$009D81C0]
    CONST$00A8FCB0 k14 'Event_ActorHitPointsLessThan' [h=A14D40BC,$00A24E80]
    CONST$00A8FCB8 k15 1.0
    CODE $00B99EC0
      000 01003E86  GETTABLE r1 := r0[k0 ('guidVehicle' [h=93CC872C,$009A8DC0])]
      001 0000BED5       BEQ r1 == k1 (nil)
      002 00800214       JMP +9 ; 12
      003 02003F06  GETTABLE r2 := r0[k2 ('sVehicleName' [h=9A1B0F45,$00996160])]
      004 02000087 SETGLOBAL r2 ->> _G[k2 ('sVehicleName' [h=9A1B0F45,$00996160])]
      005 02000085 GETGLOBAL r2 := _G[k2 ('sVehicleName' [h=9A1B0F45,$00996160])]
      006 01013ED5       BNE r2 != k1 (nil)
      007 008000D4       JMP +4 ; 12
      008 020000C5 GETGLOBAL r2 := _G[k3 ('Utility_GetActor' [h=077E9779,$00A06B80])]
      009 03000085 GETGLOBAL r3 := _G[k2 ('sVehicleName' [h=9A1B0F45,$00996160])]
      010 02010099      CALL r2 (1 args) => 1 results
      011 01010000      MOVE r1 := r2
      012 02003F86  GETTABLE r2 := r0[k4 ('sFuncOnExitVehicle' [h=31877106,$00A02A40])]
      013 03003FC6  GETTABLE r3 := r0[k5 ('sFuncOnVehicleSold' [h=A27DD197,$00A04640])]
      014 04004006  GETTABLE r4 := r0[k6 ('sFuncOnVehicleDestroyed' [h=BF67FBEE,$009E15C0])]
      015 0100BED5       BNE r1 != k1 (nil)
      016 008006D4       JMP +28 ; 45
      017 01013ED5       BNE r2 != k1 (nil)
      018 008001D4       JMP +8 ; 27
      019 05000205 GETGLOBAL r5 := _G[k8 ('Event_AiInNamedVehicle' [h=F4DC0213,$009FD700])]
      020 06010000      MOVE r6 := r2
      021 07000241     LOADK r7 := k9 ('b' [h=00000083,$009960C0])
      022 08000281     LOADK r8 := k10 ('player0' [h=316752BF,$009A6AC0])
      023 09008000      MOVE r9 := r1
      024 0A000002  LOADBOOL r10 := False
      025 05030099      CALL r5 (5 args) => 1 results
      026 050001C7 SETGLOBAL r5 ->> _G[k7 ('g_hVehicleConstraint_AiInNamedVehicle' [h=E3C37338,$009D7480])]
      027 0101BED5       BNE r3 != k1 (nil)
      028 00800154       JMP +6 ; 35
      029 05000305 GETGLOBAL r5 := _G[k12 ('Event_ActorSold' [h=F4423E83,$0098D620])]
      030 06018000      MOVE r6 := r3
      031 07000241     LOADK r7 := k9 ('b' [h=00000083,$009960C0])
      032 08008000      MOVE r8 := r1
      033 05020099      CALL r5 (3 args) => 1 results
      034 050002C7 SETGLOBAL r5 ->> _G[k11 ('g_hVehicleConstraint_NamedVehicleSold' [h=7FCC0A19,$009CE6C0])]
      035 01023ED5       BNE r4 != k1 (nil)
      036 008001D4       JMP +8 ; 45
      037 05000385 GETGLOBAL r5 := _G[k14 ('Event_ActorHitPointsLessThan' [h=A14D40BC,$00A24E80])]
      038 06020000      MOVE r6 := r4
      039 07000241     LOADK r7 := k9 ('b' [h=00000083,$009960C0])
      040 08008000      MOVE r8 := r1
      041 090003C1     LOADK r9 := k15 (1.0)
      042 0A008002  LOADBOOL r10 := True
      043 05030099      CALL r5 (5 args) => 1 results
      044 05000347 SETGLOBAL r5 ->> _G[k13 ('g_hVehicleConstraint_ActorHitPointsLessThan' [h=9316E97C,$009D81C0])]
      045 0000801B    RETURN r0 ... r-1
  [Node$01CAC008] 'challenge_CommonPrint' [h=62175E90,$009DC240]: function$00978500 'challenge_CommonPrint' [h=62175E90,$009DC240]
    CONST$009DA500 k0  'Ui_MessageBoxClear' [h=4C1CADC6,$00A40980]
    CONST$009DA508 k1  'type' [h=0070EF71,$00990720]
    CONST$009DA510 k2  'table' [h=10F2114B,$00979B40]
    CONST$009DA518 k3  'Ui_MessageBoxPrint' [h=CF59BB03,$00A01B00]
    CONST$009DA520 k4  'sMessage' [h=5806A233,$009AA9E0]
    CONST$009DA528 k5  'string' [h=81F98B41,$00980520]
    CONST$009DA530 k6  'Debug_Assert' [h=E8876833,$0098F0A0]
    CONST$009DA538 k7  "challenge_CommonPrint: tArgs isn't a table or a string" [h=5CD1BF56,$00AA4440]
    CODE $00B23640
      000 01000005 GETGLOBAL r1 := _G[k0 ('Ui_MessageBoxClear' [h=4C1CADC6,$00A40980])]
      001 01008059      CALL r1 (0 args) => 0 results
      002 01000045 GETGLOBAL r1 := _G[k1 ('type' [h=0070EF71,$00990720])]
      003 02000000      MOVE r2 := r0
      004 01010099      CALL r1 (1 args) => 1 results
      005 0000BF15       BEQ r1 == k2 ('table' [h=10F2114B,$00979B40])
      006 008000D4       JMP +4 ; 11
      007 010000C5 GETGLOBAL r1 := _G[k3 ('Ui_MessageBoxPrint' [h=CF59BB03,$00A01B00])]
      008 02003F86  GETTABLE r2 := r0[k4 ('sMessage' [h=5806A233,$009AA9E0])]
      009 01010059      CALL r1 (1 args) => 0 results
      010 00800314       JMP +13 ; 24
      011 01000045 GETGLOBAL r1 := _G[k1 ('type' [h=0070EF71,$00990720])]
      012 02000000      MOVE r2 := r0
      013 01010099      CALL r1 (1 args) => 1 results
      014 0000BFD5       BEQ r1 == k5 ('string' [h=81F98B41,$00980520])
      015 008000D4       JMP +4 ; 20
      016 010000C5 GETGLOBAL r1 := _G[k3 ('Ui_MessageBoxPrint' [h=CF59BB03,$00A01B00])]
      017 02000000      MOVE r2 := r0
      018 01010059      CALL r1 (1 args) => 0 results
      019 008000D4       JMP +4 ; 24
      020 01000185 GETGLOBAL r1 := _G[k6 ('Debug_Assert' [h=E8876833,$0098F0A0])]
      021 02000002  LOADBOOL r2 := False
      022 030001C1     LOADK r3 := k7 ("challenge_CommonPrint: tArgs isn't a table or a string" [h=5CD1BF56,$00AA4440])
      023 01018059      CALL r1 (2 args) => 0 results
      024 0000801B    RETURN r0 ... r-1
  [Node$01CAC01C] 'Renderer_SetAmbientLight' [h=0BC9B07E,$00A10E00]: cfunction$002C9418 'Renderer_SetAmbientLight' [h=0BC9B07E,$00A10E00]
  [Node$01CAC030] 'SW_Challenge_Race_HQm2HQa_01_Reinit' [h=19F3F73C,$00A0B940]: function$009C75C0 'SW_Challenge_Race_HQm2HQa_01_Reinit' [h=19F3F73C,$00A0B940]
    CONST$009629D0 k0  'challenge_Recycler_Reinit' [h=1C420A72,$00A02840]
    CONST$009629D8 k1  'tSW_Challenge_Race_HQm2HQa_01' [h=AC4038AB,$009CCC00]
    CODE $009629B0
      000 00000005 GETGLOBAL r0 := _G[k0 ('challenge_Recycler_Reinit' [h=1C420A72,$00A02840])]
      001 01000045 GETGLOBAL r1 := _G[k1 ('tSW_Challenge_Race_HQm2HQa_01' [h=AC4038AB,$009CCC00])]
      002 00010059      CALL r0 (1 args) => 0 results
      003 0000801B    RETURN r0 ... r-1
  [Node$01CAC044] 'cheat_UnlockAce' [h=B8E9A73D,$00996340]: function$0097D100 'cheat_UnlockAce' [h=B8E9A73D,$00996340]
    CONST$009F6F80 k0  'Utility_ReadNumberFromScribbleMemory' [h=2BB92038,$00A00C80]
    CONST$009F6F88 k1  'chapter' [h=9A11FF20,$00997D80]
    CONST$009F6F90 k2  'suit_sequence' [h=3E108615,$009A9EE0]
    CONST$009F6F98 k3  'CARD_RANK_MIN' [h=4771A7AF,$009990E0]
    CONST$009F6FA0 k4  'CARD_RANK_MAX' [h=B37F15FE,$009983E0]
    CONST$009F6FA8 k5  1.0
    CONST$009F6FB0 k6  'gameflow_DeckCardVerified' [h=52863805,$009F7F80]
    CONST$009F6FB8 k7  'stateKilled' [h=0D0073F8,$009C4DE0]
    CODE $00AC9740
      000 00000005 GETGLOBAL r0 := _G[k0 ('Utility_ReadNumberFromScribbleMemory' [h=2BB92038,$00A00C80])]
      001 01000041     LOADK r1 := k1 ('chapter' [h=9A11FF20,$00997D80])
      002 00010099      CALL r0 (1 args) => 1 results
      003 01000085 GETGLOBAL r1 := _G[k2 ('suit_sequence' [h=3E108615,$009A9EE0])]
      004 01008006  GETTABLE r1 := r1[r0]
      005 020000C5 GETGLOBAL r2 := _G[k3 ('CARD_RANK_MIN' [h=4771A7AF,$009990E0])]
      006 03000105 GETGLOBAL r3 := _G[k4 ('CARD_RANK_MAX' [h=B37F15FE,$009983E0])]
      007 0301BFCD       SUB r3 := r3 - k5 (1.0)
      008 04000141     LOADK r4 := k5 (1.0)
      009 0201010D       SUB r2 := r2 - r4
      010 00800114       JMP +5 ; 16
      011 05000185 GETGLOBAL r5 := _G[k6 ('gameflow_DeckCardVerified' [h=52863805,$009F7F80])]
      012 06008000      MOVE r6 := r1
      013 07010000      MOVE r7 := r2
      014 080001C5 GETGLOBAL r8 := _G[k7 ('stateKilled' [h=0D0073F8,$009C4DE0])]
      015 05020059      CALL r5 (3 args) => 0 results
      016 027FFE5C   FORLOOP r2 := r4; if r2 <= r3 JMP -6
      017 0000801B    RETURN r0 ... r-1
  [Node$01CAC058] 'InitBouncerMoodReaction' [h=F293DF3E,$00A39880]: function$0097ED80 'InitBouncerMoodReaction' [h=F293DF3E,$00A39880]
    CONST$00AA8AC0 k0  'BouncerMoodReaction' [h=8ACD84B6,$00A39580]
    CONST$00AA8AC8 k1  'DetermineBouncerFaction' [h=C4B03EBE,$00A39480]
    CONST$00AA8AD0 k2  'assert' [h=92EA3D15,$00991340]
    CONST$00AA8AD8 k3  'InitBouncerMoodReaction: bouncer faction invalid' [h=FD7363A7,$00A8BB40]
    CONST$00AA8AE0 k4  'ace' [h=00032097,$009A4E60]
    CONST$00AA8AE8 k5  'bouncers' [h=5D6099E4,$00981180]
    CONST$00AA8AF0 k6  'proximityEventHandle' [h=789827D9,$00A39980]
    CONST$00AA8AF8 k7  'Event_ActorToActorProximity' [h=33FEE622,$009DED80]
    CONST$00AA8B00 k8  'DeinitBouncerMoodReaction' [h=30098D6B,$00A39400]
    CONST$00AA8B08 k9  'b' [h=00000083,$009960C0]
    CONST$00AA8B10 k10 'player0' [h=316752BF,$009A6AC0]
    CONST$00AA8B18 k11 15.0
    CONST$00AA8B20 k12 'FALSE' [h=0E4B730F,$009965C0]
    CODE $00B1D3C0
      000 02000005 GETGLOBAL r2 := _G[k0 ('BouncerMoodReaction' [h=8ACD84B6,$00A39580])]
      001 03000000      MOVE r3 := r0
      002 04008000      MOVE r4 := r1
      003 02018059      CALL r2 (2 args) => 0 results
      004 02000045 GETGLOBAL r2 := _G[k1 ('DetermineBouncerFaction' [h=C4B03EBE,$00A39480])]
      005 03008000      MOVE r3 := r1
      006 020100D9      CALL r2 (1 args) => 2 results
      007 04000085 GETGLOBAL r4 := _G[k2 ('assert' [h=92EA3D15,$00991340])]
      008 05010000      MOVE r5 := r2
      009 060000C1     LOADK r6 := k3 ('InitBouncerMoodReaction: bouncer faction invalid' [h=FD7363A7,$00A8BB40])
      010 04018059      CALL r4 (2 args) => 0 results
      011 04020003   LOADNIL r4 ... r4
      012 03018018      TEST not r3: r3 := r3 ; or skip
      013 00800054       JMP +2 ; 16
      014 04000101     LOADK r4 := k4 ('ace' [h=00032097,$009A4E60])
      015 00800014       JMP +1 ; 17
      016 04010000      MOVE r4 := r2
      017 05000145 GETGLOBAL r5 := _G[k5 ('bouncers' [h=5D6099E4,$00981180])]
      018 05028106  GETTABLE r5 := r5[r4]
      019 060001C5 GETGLOBAL r6 := _G[k7 ('Event_ActorToActorProximity' [h=33FEE622,$009DED80])]
      020 07000201     LOADK r7 := k8 ('DeinitBouncerMoodReaction' [h=30098D6B,$00A39400])
      021 08000241     LOADK r8 := k9 ('b' [h=00000083,$009960C0])
      022 09000281     LOADK r9 := k10 ('player0' [h=316752BF,$009A6AC0])
      023 0A008000      MOVE r10 := r1
      024 0B0002C1     LOADK r11 := k11 (15.0)
      025 0C000305 GETGLOBAL r12 := _G[k12 ('FALSE' [h=0E4B730F,$009965C0])]
      026 06038099      CALL r6 (6 args) => 1 results
      027 05800189  SETTABLE r6 ->> r5[k6 ('proximityEventHandle' [h=789827D9,$00A39980])]
      028 0000801B    RETURN r0 ... r-1
  [Node$01CAC06C] 'challenge_CommonClockCallback' [h=ABB9473F,$009D79C0]: function$0097B7A0 'challenge_CommonClockCallback' [h=ABB9473F,$009D79C0]
    CONST$00AA55C0 k0  'HUD_GetTrayDisplay' [h=4CF99E2D,$009F0D40]
    CONST$00AA55C8 k1  'type' [h=0070EF71,$00990720]
    CONST$00AA55D0 k2  1.0
    CONST$00AA55D8 k3  'funcCallbackOnUpdate' [h=48A47821,$009CEB40]
    CONST$00AA55E0 k4  'function' [h=7C9F9568,$0098F8A0]
    CONST$00AA55E8 k5  'nValue' [h=4822E3BA,$0097F380]
    CONST$00AA55F0 k6  'funcCallBackOnTimeUp' [h=7607C52A,$00A02200]
    CONST$00AA55F8 k7  'HUD' [h=0002D11F,$0097A120]
    CONST$00AA5600 k8  'STATE' [h=0E501D3D,$009A16C0]
    CONST$00AA5608 k9  'LIMIT' [h=0F201346,$009A0380]
    CODE $00A6E140
      000 02000005 GETGLOBAL r2 := _G[k0 ('HUD_GetTrayDisplay' [h=4CF99E2D,$009F0D40])]
      001 03000000      MOVE r3 := r0
      002 02010099      CALL r2 (1 args) => 1 results
      003 03000045 GETGLOBAL r3 := _G[k1 ('type' [h=0070EF71,$00990720])]
      004 04013F06  GETTABLE r4 := r2[k2 (1.0)]
      005 04023F46  GETTABLE r4 := r4[k3 ('funcCallbackOnUpdate' [h=48A47821,$009CEB40])]
      006 03010099      CALL r3 (1 args) => 1 results
      007 0001BF95       BEQ r3 == k4 ('function' [h=7C9F9568,$0098F8A0])
      008 00800114       JMP +5 ; 14
      009 03013F06  GETTABLE r3 := r2[k2 (1.0)]
      010 0301BF46  GETTABLE r3 := r3[k3 ('funcCallbackOnUpdate' [h=48A47821,$009CEB40])]
      011 04013F06  GETTABLE r4 := r2[k2 (1.0)]
      012 04023FC6  GETTABLE r4 := r4[k5 ('nValue' [h=4822E3BA,$0097F380])]
      013 03010059      CALL r3 (1 args) => 0 results
      014 03000045 GETGLOBAL r3 := _G[k1 ('type' [h=0070EF71,$00990720])]
      015 04013F06  GETTABLE r4 := r2[k2 (1.0)]
      016 04024006  GETTABLE r4 := r4[k6 ('funcCallBackOnTimeUp' [h=7607C52A,$00A02200])]
      017 03010099      CALL r3 (1 args) => 1 results
      018 0001BF95       BEQ r3 == k4 ('function' [h=7C9F9568,$0098F8A0])
      019 00800254       JMP +10 ; 30
      020 030001C5 GETGLOBAL r3 := _G[k7 ('HUD' [h=0002D11F,$0097A120])]
      021 0301C086  GETTABLE r3 := r3[k8 ('STATE' [h=0E501D3D,$009A16C0])]
      022 0301C0C6  GETTABLE r3 := r3[k9 ('LIMIT' [h=0F201346,$009A0380])]
      023 000080D5       BEQ r1 == r3
      024 00800114       JMP +5 ; 30
      025 03013F06  GETTABLE r3 := r2[k2 (1.0)]
      026 0301C006  GETTABLE r3 := r3[k6 ('funcCallBackOnTimeUp' [h=7607C52A,$00A02200])]
      027 04013F06  GETTABLE r4 := r2[k2 (1.0)]
      028 04023FC6  GETTABLE r4 := r4[k5 ('nValue' [h=4822E3BA,$0097F380])]
      029 03010059      CALL r3 (1 args) => 0 results
      030 0000801B    RETURN r0 ... r-1
  [Node$01CAC080] 'nenc_ff3712' [h=2024F536,$0098D4E0]: table$009816E0[a=0,h=4]
    [Node$00ACB254] 'tLocationObjectsA' [h=2C5376F5,$00A01980]: table$009890C0[a=8,h=1]
    [Node$00ACB268] 'sEncounter' [h=4CD961D9,$009A5C20]: 'ff3712' [h=08F947F3,$00983420]
    [Node$00ACB27C] 'tLocationObjectsB' [h=CEC61813,$00A073C0]: table$00985A60[a=8,h=1]
      [0:$00A10040] 'ff3712_9' [h=B82D8B77,$009C6700]
      [1:$00A10048] 'ff3712_10' [h=E8055097,$009C67A0]
      [2:$00A10050] 'ff3712_11' [h=F5FB160C,$0098B1E0]
      [3:$00A10058] 'ff3712_12' [h=CB3B195D,$009890E0]
      [4:$00A10060] 'ff3712_13' [h=136EE708,$009A7E80]
      [5:$00A10068] 'ff3712_14' [h=0D338F28,$009A3EC0]
      [6:$00A10070] 'ff3712_15' [h=73188E9C,$0099FBC0]
      [7:$00A10078] 'ff3712_16' [h=ED4BF59D,$009A1C40]
  [Node$01CAC094] 'Challenge_WriteStatTime' [h=268ABF41,$009D3E80]: cfunction$002CA628 'Challenge_WriteStatTime' [h=268ABF41,$009D3E80]
  [Node$01CAC0A8] 'mission_ObjectiveVerify' [h=E406DF42,$00A13100]: function$00976D00 'mission_ObjectiveVerify' [h=E406DF42,$00A13100]
    CONST$00CEF2C0 k0  'callbackFunc' [h=1E1CD035,$00987000]
    CONST$00CEF2C8 k1  'killCallbackFunc' [h=4C5627FE,$00A131C0]
    CONST$00CEF2D0 k2  'stunCallbackFunc' [h=4C5A8302,$009E6680]
    CONST$00CEF2D8 k3  'subdueCallbackFunc' [h=24C7EABC,$00A13340]
    CONST$00CEF2E0 k4  'carryCallbackFunc' [h=6C258A1E,$009E9840]
    CONST$00CEF2E8 k5  'objectiveName' [h=2337C7CC,$0097D2C0]
    CONST$00CEF2F0 k6  'objectiveType' [h=4CF75B8E,$00987760]
    CONST$00CEF2F8 k7  'objectiveDesc' [h=54B269EB,$0097B460]
    CONST$00CEF300 k8  'handleExtractionSupport' [h=E2FD4C04,$00A0D7C0]
    CONST$00CEF308 k9  'targetType' [h=4E235805,$009962C0]
    CONST$00CEF310 k10 'actorName' [h=4EB2E2FD,$00997FC0]
    CONST$00CEF318 k11 'actorCaption' [h=0C46BDC7,$0097AFE0]
    CONST$00CEF320 k12 'markInGPS' [h=1F1CD89F,$00979C40]
    CONST$00CEF328 k13 'markInPDA' [h=06AF161A,$00999D60]
    CONST$00CEF330 k14 'markInWorld' [h=5268B4A8,$0097C860]
    CONST$00CEF338 k15 'blipType' [h=D6B22C63,$009A7840]
    CONST$00CEF340 k16 'drawDiamond' [h=F9D35DC5,$009A8A00]
    CONST$00CEF348 k17 'util_SetDefault' [h=3072A05A,$009A7800]
    CONST$00CEF350 k18 '' [h=00000000,$009A78C0]
    CONST$00CEF358 k19 'OBJECTIVE_TYPE_PRIMARY' [h=8DDCFC8C,$00A393C0]
    CONST$00CEF360 k20 '(TEMP) OBJECTIVE DESCRIPTION GOES HERE' [h=AA748333,$009F7EC0]
    CONST$00CEF368 k21 'TARGET_TYPE_OBJECTIVE_PRIMARY' [h=90240E28,$009F0940]
    CONST$00CEF370 k22 'TRUE' [h=0067B195,$0098F4C0]
    CONST$00CEF378 k23 'blip' [h=007EFB0F,$0097EE80]
    CONST$00CEF380 k24 'FALSE' [h=0E4B730F,$009965C0]
    CONST$00CEF388 k25 nil
    CONST$00CEF390 k26 'mission_numDynCreatedObjectives' [h=90D3BB37,$009E0200]
    CONST$00CEF398 k27 1.0
    CONST$00CEF3A0 k28 'mission_DynCreatedObjectivePrefix' [h=84B62FC0,$00A38540]
    CONST$00CEF3A8 k29 'util_PrintDebugMsg' [h=A2961C17,$00A11FC0]
    CONST$00CEF3B0 k30 '\n[OBJECTIVEVERIFY] Creating objective ' [h=D619E8ED,$00A3E940]
    CONST$00CEF3B8 k31 '\n' [h=0000002B,$009A7280]
    CONST$00CEF3C0 k32 'Utility_GetActorAsInt' [h=A2B359A3,$00A0FF40]
    CONST$00CEF3C8 k33 'mission_tTargets' [h=28796635,$009DFD00]
    CONST$00CEF3D0 k34 'killedHandle' [h=10232A24,$009A3100]
    CONST$00CEF3D8 k35 'Event_ActorHitPointsLessThan' [h=A14D40BC,$00A24E80]
    CONST$00CEF3E0 k36 'VerificationTargetKilled' [h=7354BF51,$00A2F580]
    CONST$00CEF3E8 k37 'b' [h=00000083,$009960C0]
    CONST$00CEF3F0 k38 'subduedHandle' [h=0B4CA19C,$009C7E00]
    CONST$00CEF3F8 k39 'Event_ActorIsSubdued' [h=22FBBD0D,$00A07480]
    CONST$00CEF400 k40 'VerificationTargetSubdued' [h=5E2481D2,$009E8140]
    CONST$00CEF408 k41 'SetupEventVerificationTargetCarryStatusChange' [h=1EC4489D,$009E7880]
    CONST$00CEF410 k42 'mission_tObjectives' [h=B4A8BCEB,$00A252C0]
    CONST$00CEF418 k43 'verb' [h=0076582D,$009A3120]
    CONST$00CEF420 k44 'VERB_VERIFY' [h=CAE4DEEE,$00976AC0]
    CONST$00CEF428 k45 'targetActors' [h=DB0363C4,$009AC4A0]
    CONST$00CEF430 k46 'objectify' [h=AEDDA575,$00999560]
    CONST$00CEF438 k47 'CreateVerificationTargetBlip' [h=3986CCCA,$00A0F400]
    CONST$00CEF440 k48 'Actor_SetVerifiable' [h=281DE4A8,$00A092C0]
    CODE $00D93AC0
      000 01003E86  GETTABLE r1 := r0[k0 ('callbackFunc' [h=1E1CD035,$00987000])]
      001 02003EC6  GETTABLE r2 := r0[k1 ('killCallbackFunc' [h=4C5627FE,$00A131C0])]
      002 03003F06  GETTABLE r3 := r0[k2 ('stunCallbackFunc' [h=4C5A8302,$009E6680])]
      003 04003F46  GETTABLE r4 := r0[k3 ('subdueCallbackFunc' [h=24C7EABC,$00A13340])]
      004 05003F86  GETTABLE r5 := r0[k4 ('carryCallbackFunc' [h=6C258A1E,$009E9840])]
      005 06003FC6  GETTABLE r6 := r0[k5 ('objectiveName' [h=2337C7CC,$0097D2C0])]
      006 07004006  GETTABLE r7 := r0[k6 ('objectiveType' [h=4CF75B8E,$00987760])]
      007 08004046  GETTABLE r8 := r0[k7 ('objectiveDesc' [h=54B269EB,$0097B460])]
      008 09004086  GETTABLE r9 := r0[k8 ('handleExtractionSupport' [h=E2FD4C04,$00A0D7C0])]
      009 0A0040C6  GETTABLE r10 := r0[k9 ('targetType' [h=4E235805,$009962C0])]
      010 0B004106  GETTABLE r11 := r0[k10 ('actorName' [h=4EB2E2FD,$00997FC0])]
      011 0C004146  GETTABLE r12 := r0[k11 ('actorCaption' [h=0C46BDC7,$0097AFE0])]
      012 0D004186  GETTABLE r13 := r0[k12 ('markInGPS' [h=1F1CD89F,$00979C40])]
      013 0E0041C6  GETTABLE r14 := r0[k13 ('markInPDA' [h=06AF161A,$00999D60])]
      014 0F004206  GETTABLE r15 := r0[k14 ('markInWorld' [h=5268B4A8,$0097C860])]
      015 10004246  GETTABLE r16 := r0[k15 ('blipType' [h=D6B22C63,$009A7840])]
      016 11004286  GETTABLE r17 := r0[k16 ('drawDiamond' [h=F9D35DC5,$009A8A00])]
      017 12000445 GETGLOBAL r18 := _G[k17 ('util_SetDefault' [h=3072A05A,$009A7800])]
      018 13060000      MOVE r19 := r12
      019 14000481     LOADK r20 := k18 ('' [h=00000000,$009A78C0])
      020 12018099      CALL r18 (2 args) => 1 results
      021 0C090000      MOVE r12 := r18
      022 12000445 GETGLOBAL r18 := _G[k17 ('util_SetDefault' [h=3072A05A,$009A7800])]
      023 13038000      MOVE r19 := r7
      024 140004C1     LOADK r20 := k19 ('OBJECTIVE_TYPE_PRIMARY' [h=8DDCFC8C,$00A393C0])
      025 12018099      CALL r18 (2 args) => 1 results
      026 07090000      MOVE r7 := r18
      027 12000445 GETGLOBAL r18 := _G[k17 ('util_SetDefault' [h=3072A05A,$009A7800])]
      028 13040000      MOVE r19 := r8
      029 14000501     LOADK r20 := k20 ('(TEMP) OBJECTIVE DESCRIPTION GOES HERE' [h=AA748333,$009F7EC0])
      030 12018099      CALL r18 (2 args) => 1 results
      031 08090000      MOVE r8 := r18
      032 12000445 GETGLOBAL r18 := _G[k17 ('util_SetDefault' [h=3072A05A,$009A7800])]
      033 13050000      MOVE r19 := r10
      034 14000541     LOADK r20 := k21 ('TARGET_TYPE_OBJECTIVE_PRIMARY' [h=90240E28,$009F0940])
      035 12018099      CALL r18 (2 args) => 1 results
      036 0A090000      MOVE r10 := r18
      037 12000445 GETGLOBAL r18 := _G[k17 ('util_SetDefault' [h=3072A05A,$009A7800])]
      038 13068000      MOVE r19 := r13
      039 14000585 GETGLOBAL r20 := _G[k22 ('TRUE' [h=0067B195,$0098F4C0])]
      040 12018099      CALL r18 (2 args) => 1 results
      041 0D090000      MOVE r13 := r18
      042 12000445 GETGLOBAL r18 := _G[k17 ('util_SetDefault' [h=3072A05A,$009A7800])]
      043 13070000      MOVE r19 := r14
      044 14000585 GETGLOBAL r20 := _G[k22 ('TRUE' [h=0067B195,$0098F4C0])]
      045 12018099      CALL r18 (2 args) => 1 results
      046 0E090000      MOVE r14 := r18
      047 12000445 GETGLOBAL r18 := _G[k17 ('util_SetDefault' [h=3072A05A,$009A7800])]
      048 13078000      MOVE r19 := r15
      049 14000585 GETGLOBAL r20 := _G[k22 ('TRUE' [h=0067B195,$0098F4C0])]
      050 12018099      CALL r18 (2 args) => 1 results
      051 0F090000      MOVE r15 := r18
      052 12000445 GETGLOBAL r18 := _G[k17 ('util_SetDefault' [h=3072A05A,$009A7800])]
      053 13080000      MOVE r19 := r16
      054 140005C1     LOADK r20 := k23 ('blip' [h=007EFB0F,$0097EE80])
      055 12018099      CALL r18 (2 args) => 1 results
      056 10090000      MOVE r16 := r18
      057 12000445 GETGLOBAL r18 := _G[k17 ('util_SetDefault' [h=3072A05A,$009A7800])]
      058 13088000      MOVE r19 := r17
      059 14000585 GETGLOBAL r20 := _G[k22 ('TRUE' [h=0067B195,$0098F4C0])]
      060 12018099      CALL r18 (2 args) => 1 results
      061 11090000      MOVE r17 := r18
      062 12000445 GETGLOBAL r18 := _G[k17 ('util_SetDefault' [h=3072A05A,$009A7800])]
      063 13048000      MOVE r19 := r9
      064 14000605 GETGLOBAL r20 := _G[k24 ('FALSE' [h=0E4B730F,$009965C0])]
      065 12018099      CALL r18 (2 args) => 1 results
      066 09090000      MOVE r9 := r18
      067 12000585 GETGLOBAL r18 := _G[k22 ('TRUE' [h=0067B195,$0098F4C0])]
      068 000344D5       BEQ r6 == k25 (nil)
      069 00800194       JMP +7 ; 77
      070 13000685 GETGLOBAL r19 := _G[k26 ('mission_numDynCreatedObjectives' [h=90D3BB37,$009E0200])]
      071 1309C54C       ADD r19 := r19 + k27 (1.0)
      072 13000687 SETGLOBAL r19 ->> _G[k26 ('mission_numDynCreatedObjectives' [h=90D3BB37,$009E0200])]
      073 13000705 GETGLOBAL r19 := _G[k28 ('mission_DynCreatedObjectivePrefix' [h=84B62FC0,$00A38540])]
      074 14000685 GETGLOBAL r20 := _G[k26 ('mission_numDynCreatedObjectives' [h=90D3BB37,$009E0200])]
      075 06098513    CONCAT r6 := r19 ... r20
      076 12000605 GETGLOBAL r18 := _G[k24 ('FALSE' [h=0E4B730F,$009965C0])]
      077 13000745 GETGLOBAL r19 := _G[k29 ('util_PrintDebugMsg' [h=A2961C17,$00A11FC0])]
      078 14000781     LOADK r20 := k30 ('\n[OBJECTIVEVERIFY] Creating objective ' [h=D619E8ED,$00A3E940])
      079 15030000      MOVE r21 := r6
      080 160007C1     LOADK r22 := k31 ('\n' [h=0000002B,$009A7280])
      081 140A0593    CONCAT r20 := r20 ... r22
      082 13010059      CALL r19 (1 args) => 0 results
      083 13000805 GETGLOBAL r19 := _G[k32 ('Utility_GetActorAsInt' [h=A2B359A3,$00A0FF40])]
      084 14058000      MOVE r20 := r11
      085 13010099      CALL r19 (1 args) => 1 results
      086 14000845 GETGLOBAL r20 := _G[k33 ('mission_tTargets' [h=28796635,$009DFD00])]
      087 1500010A  NEWTABLE r21 := {} (#a=0, #h=4)
      088 157F8189  SETTABLE r6 ->> r21[k5 ('objectiveName' [h=2337C7CC,$0097D2C0])]
      089 158202C9  SETTABLE r11 ->> r21[k10 ('actorName' [h=4EB2E2FD,$00997FC0])]
      090 15828309  SETTABLE r12 ->> r21[k11 ('actorCaption' [h=0C46BDC7,$0097AFE0])]
      091 158001C9  SETTABLE r7 ->> r21[k6 ('objectiveType' [h=4CF75B8E,$00987760])]
      092 15808209  SETTABLE r8 ->> r21[k7 ('objectiveDesc' [h=54B269EB,$0097B460])]
      093 15818289  SETTABLE r10 ->> r21[k9 ('targetType' [h=4E235805,$009962C0])]
      094 15830349  SETTABLE r13 ->> r21[k12 ('markInGPS' [h=1F1CD89F,$00979C40])]
      095 15838389  SETTABLE r14 ->> r21[k13 ('markInPDA' [h=06AF161A,$00999D60])]
      096 158403C9  SETTABLE r15 ->> r21[k14 ('markInWorld' [h=5268B4A8,$0097C860])]
      097 15848409  SETTABLE r16 ->> r21[k15 ('blipType' [h=D6B22C63,$009A7840])]
      098 15850449  SETTABLE r17 ->> r21[k16 ('drawDiamond' [h=F9D35DC5,$009A8A00])]
      099 160008C5 GETGLOBAL r22 := _G[k35 ('Event_ActorHitPointsLessThan' [h=A14D40BC,$00A24E80])]
      100 17000901     LOADK r23 := k36 ('VerificationTargetKilled' [h=7354BF51,$00A2F580])
      101 18000941     LOADK r24 := k37 ('b' [h=00000083,$009960C0])
      102 19058000      MOVE r25 := r11
      103 1A0006C1     LOADK r26 := k27 (1.0)
      104 16028099      CALL r22 (4 args) => 1 results
      105 158E0589  SETTABLE r22 ->> r21[k34 ('killedHandle' [h=10232A24,$009A3100])]
      106 160009C5 GETGLOBAL r22 := _G[k39 ('Event_ActorIsSubdued' [h=22FBBD0D,$00A07480])]
      107 17000A01     LOADK r23 := k40 ('VerificationTargetSubdued' [h=5E2481D2,$009E8140])
      108 18000941     LOADK r24 := k37 ('b' [h=00000083,$009960C0])
      109 19058000      MOVE r25 := r11
      110 16020099      CALL r22 (3 args) => 1 results
      111 15900589  SETTABLE r22 ->> r21[k38 ('subduedHandle' [h=0B4CA19C,$009C7E00])]
      112 14098549  SETTABLE r21 ->> r20[r19]
      113 14000A45 GETGLOBAL r20 := _G[k41 ('SetupEventVerificationTargetCarryStatusChange' [h=1EC4489D,$009E7880])]
      114 15000845 GETGLOBAL r21 := _G[k33 ('mission_tTargets' [h=28796635,$009DFD00])]
      115 150A84C6  GETTABLE r21 := r21[r19]
      116 16000585 GETGLOBAL r22 := _G[k22 ('TRUE' [h=0067B195,$0098F4C0])]
      117 14018059      CALL r20 (2 args) => 0 results
      118 14000A85 GETGLOBAL r20 := _G[k42 ('mission_tObjectives' [h=B4A8BCEB,$00A252C0])]
      119 1500010A  NEWTABLE r21 := {} (#a=0, #h=4)
      120 16000B05 GETGLOBAL r22 := _G[k44 ('VERB_VERIFY' [h=CAE4DEEE,$00976AC0])]
      121 15928589  SETTABLE r22 ->> r21[k43 ('verb' [h=0076582D,$009A3120])]
      122 157D0049  SETTABLE r1 ->> r21[k0 ('callbackFunc' [h=1E1CD035,$00987000])]
      123 157D8089  SETTABLE r2 ->> r21[k1 ('killCallbackFunc' [h=4C5627FE,$00A131C0])]
      124 157E00C9  SETTABLE r3 ->> r21[k2 ('stunCallbackFunc' [h=4C5A8302,$009E6680])]
      125 157E8109  SETTABLE r4 ->> r21[k3 ('subdueCallbackFunc' [h=24C7EABC,$00A13340])]
      126 157F0149  SETTABLE r5 ->> r21[k4 ('carryCallbackFunc' [h=6C258A1E,$009E9840])]
      127 1600800A  NEWTABLE r22 := {} (#a=1, #h=0)
      128 17058000      MOVE r23 := r11
      129 1600001F   SETLIST r22 [0]
      130 15938589  SETTABLE r22 ->> r21[k45 ('targetActors' [h=DB0363C4,$009AC4A0])]
      131 15940489  SETTABLE r18 ->> r21[k46 ('objectify' [h=AEDDA575,$00999560])]
      132 15810249  SETTABLE r9 ->> r21[k8 ('handleExtractionSupport' [h=E2FD4C04,$00A0D7C0])]
      133 14030549  SETTABLE r21 ->> r20[r6]
      134 12090018      TEST not r18: r18 := r18 ; or skip
      135 008000D4       JMP +4 ; 140
      136 14000BC5 GETGLOBAL r20 := _G[k47 ('CreateVerificationTargetBlip' [h=3986CCCA,$00A0F400])]
      137 15000845 GETGLOBAL r21 := _G[k33 ('mission_tTargets' [h=28796635,$009DFD00])]
      138 150A84C6  GETTABLE r21 := r21[r19]
      139 14010059      CALL r20 (1 args) => 0 results
      140 14000C05 GETGLOBAL r20 := _G[k48 ('Actor_SetVerifiable' [h=281DE4A8,$00A092C0])]
      141 15058000      MOVE r21 := r11
      142 16000585 GETGLOBAL r22 := _G[k22 ('TRUE' [h=0067B195,$0098F4C0])]
      143 14018059      CALL r20 (2 args) => 0 results
      144 0000801B    RETURN r0 ... r-1
  [Node$01CAC0BC] 'Camera_ScriptPlayAnimation' [h=4697E538,$00A00D00]: cfunction$002A6DB8 'Camera_ScriptPlayAnimation' [h=4697E538,$00A00D00]
  [Node$01CAC0D0] 'RemoveTooltip' [h=99903744,$00991EE0]: function$00991EC0 'RemoveTooltip' [h=99903744,$00991EE0]
    CONST$00961740 k0  'Tooltip_RemoveNag' [h=7881B552,$00A33880]
    CODE $00961730
      000 00000005 GETGLOBAL r0 := _G[k0 ('Tooltip_RemoveNag' [h=7881B552,$00A33880])]
      001 00008059      CALL r0 (0 args) => 0 results
      002 0000801B    RETURN r0 ... r-1
  [Node$01CAC0E4] 'Traffic_SetZoneEncounter' [h=9620DF45,$009D0080]: cfunction$002A2658 'Traffic_SetZoneEncounter' [h=9620DF45,$009D0080]
  [Node$01CAC0F8] 'HOSTILE' [h=809EFD3A,$009A6D60]: 0.0
  [Node$01CAC10C] 'challenge_CommonTimerDeinit' [h=73BB1683,$009F0100]: function$00995180 'challenge_CommonTimerDeinit' [h=73BB1683,$009F0100]
    CONST$00952A40 k0  'challenge_CommonClockDeinit' [h=9525E8B0,$009DCD80]
    CODE $00952A30
      000 00000005 GETGLOBAL r0 := _G[k0 ('challenge_CommonClockDeinit' [h=9525E8B0,$009DCD80])]
      001 00008059      CALL r0 (0 args) => 0 results
      002 0000801B    RETURN r0 ... r-1
  [Node$01CAC120] 'nenc_ff2922_v' [h=B9D59748,$009AA1A0]: table$0097EC00[a=0,h=4]
    [Node$00AAAD54] 'tLocationObjectsA' [h=2C5376F5,$00A01980]: table$00980020[a=2,h=1]
    [Node$00AAAD68] 'sEncounter' [h=4CD961D9,$009A5C20]: 'ff2922' [h=08C9FAC9,$009C72A0]
    [Node$00AAAD7C] 'tLocationObjectsB' [h=CEC61813,$00A073C0]: nil
  [Node$01CAC134] 'challenge_CommonTimerAdjust' [h=327770C2,$009D8540]: function$009789E0 'challenge_CommonTimerAdjust' [h=327770C2,$009D8540]
    CONST$00961440 k0  'challenge_CommonClockAdjust' [h=093D2ADC,$009D8440]
    CODE $0094E5B0
      000 01000005 GETGLOBAL r1 := _G[k0 ('challenge_CommonClockAdjust' [h=093D2ADC,$009D8440])]
      001 02000000      MOVE r2 := r0
      002 01010059      CALL r1 (1 args) => 0 results
      003 0000801B    RETURN r0 ... r-1
  [Node$01CAC148] 'challenge_CommonDeinit' [h=BDFA055F,$009CC900]: function$009ABC80 'challenge_CommonDeinit' [h=BDFA055F,$009CC900]
    CONST$009E1E40 k0  'function_Call' [h=35CC729B,$009A6380]
    CONST$009E1E48 k1  'challenge_SpawnDeinit' [h=803E6878,$009D7DC0]
    CONST$009E1E50 k2  'challenge_CommonCancelDeinit' [h=00ABF60A,$009D4980]
    CONST$009E1E58 k3  'Utility_EraseValueFromScribbleMemory' [h=D5C200E6,$00A03000]
    CONST$009E1E60 k4  'challenge_accepted' [h=384407E4,$00A3B5C0]
    CODE $009EEBC0
      000 00000005 GETGLOBAL r0 := _G[k0 ('function_Call' [h=35CC729B,$009A6380])]
      001 01000045 GETGLOBAL r1 := _G[k1 ('challenge_SpawnDeinit' [h=803E6878,$009D7DC0])]
      002 00010059      CALL r0 (1 args) => 0 results
      003 00000005 GETGLOBAL r0 := _G[k0 ('function_Call' [h=35CC729B,$009A6380])]
      004 01000085 GETGLOBAL r1 := _G[k2 ('challenge_CommonCancelDeinit' [h=00ABF60A,$009D4980])]
      005 00010059      CALL r0 (1 args) => 0 results
      006 000000C5 GETGLOBAL r0 := _G[k3 ('Utility_EraseValueFromScribbleMemory' [h=D5C200E6,$00A03000])]
      007 01000101     LOADK r1 := k4 ('challenge_accepted' [h=384407E4,$00A3B5C0])
      008 00010059      CALL r0 (1 args) => 0 results
      009 0000801B    RETURN r0 ... r-1
  [Node$01CAC15C] 'CancelTeleportPilotEvents' [h=03732545,$009E0C00]: function$009A7E00 'CancelTeleportPilotEvents' [h=03732545,$009E0C00]
    CONST$00A06800 k0  'Actor_EnableScriptedUse' [h=2140441B,$009FBF80]
    CONST$00A06808 k1  'teleport_pilot' [h=1FED1AF1,$009A7BC0]
    CONST$00A06810 k2  'hTeleportPilotUsed' [h=8CE75B0F,$00A0AE40]
    CONST$00A06818 k3  'Event_CancelEvent' [h=D8960070,$00A08280]
    CONST$00A06820 k4  'hTeleportPilotSubdued' [h=3BB8D03B,$00A05900]
    CONST$00A06828 k5  'hTeleportPilotKilled' [h=7B7196A9,$009D7340]
    CONST$00A06830 k6  'hTeleportPilotUnspored' [h=EE3470B7,$00A05780]
    CODE $00A84CC0
      000 00000005 GETGLOBAL r0 := _G[k0 ('Actor_EnableScriptedUse' [h=2140441B,$009FBF80])]
      001 01000041     LOADK r1 := k1 ('teleport_pilot' [h=1FED1AF1,$009A7BC0])
      002 02000002  LOADBOOL r2 := False
      003 00018059      CALL r0 (2 args) => 0 results
      004 000000C5 GETGLOBAL r0 := _G[k3 ('Event_CancelEvent' [h=D8960070,$00A08280])]
      005 01000085 GETGLOBAL r1 := _G[k2 ('hTeleportPilotUsed' [h=8CE75B0F,$00A0AE40])]
      006 00010099      CALL r0 (1 args) => 1 results
      007 00000087 SETGLOBAL r0 ->> _G[k2 ('hTeleportPilotUsed' [h=8CE75B0F,$00A0AE40])]
      008 000000C5 GETGLOBAL r0 := _G[k3 ('Event_CancelEvent' [h=D8960070,$00A08280])]
      009 01000105 GETGLOBAL r1 := _G[k4 ('hTeleportPilotSubdued' [h=3BB8D03B,$00A05900])]
      010 00010099      CALL r0 (1 args) => 1 results
      011 00000107 SETGLOBAL r0 ->> _G[k4 ('hTeleportPilotSubdued' [h=3BB8D03B,$00A05900])]
      012 000000C5 GETGLOBAL r0 := _G[k3 ('Event_CancelEvent' [h=D8960070,$00A08280])]
      013 01000145 GETGLOBAL r1 := _G[k5 ('hTeleportPilotKilled' [h=7B7196A9,$009D7340])]
      014 00010099      CALL r0 (1 args) => 1 results
      015 00000147 SETGLOBAL r0 ->> _G[k5 ('hTeleportPilotKilled' [h=7B7196A9,$009D7340])]
      016 000000C5 GETGLOBAL r0 := _G[k3 ('Event_CancelEvent' [h=D8960070,$00A08280])]
      017 01000185 GETGLOBAL r1 := _G[k6 ('hTeleportPilotUnspored' [h=EE3470B7,$00A05780])]
      018 00010099      CALL r0 (1 args) => 1 results
      019 00000187 SETGLOBAL r0 ->> _G[k6 ('hTeleportPilotUnspored' [h=EE3470B7,$00A05780])]
      020 0000801B    RETURN r0 ... r-1
  [Node$01CAC170] 'jeff_checkVehicleName' [h=429B7547,$00A2A180]: function$00981DC0 'jeff_checkVehicleName' [h=429B7547,$00A2A180]
    CONST$00AC7540 k0  'jeff_CheckTutorialText' [h=8F0C6EE1,$00A2C100]
    CONST$00AC7548 k1  'Utility_ReadNumberFromScribbleMemory' [h=2BB92038,$00A00C80]
    CONST$00AC7550 k2  'banter_NiceWheels' [h=EDD731E3,$00A0E1C0]
    CONST$00AC7558 k3  'Utility_CompareActorToOdf' [h=4910433F,$00A41B00]
    CONST$00AC7560 k4  'civ_veh_bus' [h=DFDC23DD,$009973E0]
    CONST$00AC7568 k5  'Actor_GetHitPoints' [h=CDCBFCF4,$00A00E00]
    CONST$00AC7570 k6  400.0
    CONST$00AC7578 k7  'bMissionAccepted' [h=C133AF8A,$00A08A00]
    CONST$00AC7580 k8  'hNiceWheels' [h=008D1A55,$0099A420]
    CONST$00AC7588 k9  'Event_CancelEvent' [h=D8960070,$00A08280]
    CONST$00AC7590 k10 'Event_RelativeTimer' [h=AD23F6E2,$00A3EA80]
    CONST$00AC7598 k11 'jeff_playNiceWheelsBanter' [h=CCCACDF9,$00A0D340]
    CONST$00AC75A0 k12 'b' [h=00000083,$009960C0]
    CONST$00AC75A8 k13 2.0
    CODE $00BFA940
      000 01000005 GETGLOBAL r1 := _G[k0 ('jeff_CheckTutorialText' [h=8F0C6EE1,$00A2C100])]
      001 02000000      MOVE r2 := r0
      002 01010059      CALL r1 (1 args) => 0 results
      003 01000045 GETGLOBAL r1 := _G[k1 ('Utility_ReadNumberFromScribbleMemory' [h=2BB92038,$00A00C80])]
      004 02000081     LOADK r2 := k2 ('banter_NiceWheels' [h=EDD731E3,$00A0E1C0])
      005 01010099      CALL r1 (1 args) => 1 results
      006 01008058      TEST r1: r1 := r1 ; or skip
      007 008005D4       JMP +24 ; 32
      008 010000C5 GETGLOBAL r1 := _G[k3 ('Utility_CompareActorToOdf' [h=4910433F,$00A41B00])]
      009 02000000      MOVE r2 := r0
      010 03000101     LOADK r3 := k4 ('civ_veh_bus' [h=DFDC23DD,$009973E0])
      011 01018099      CALL r1 (2 args) => 1 results
      012 01008018      TEST not r1: r1 := r1 ; or skip
      013 00800454       JMP +18 ; 32
      014 01000145 GETGLOBAL r1 := _G[k5 ('Actor_GetHitPoints' [h=CDCBFCF4,$00A00E00])]
      015 02000000      MOVE r2 := r0
      016 01010099      CALL r1 (1 args) => 1 results
      017 0000C016       BLT r1 < k6 (400.0)
      018 00800314       JMP +13 ; 32
      019 010001C5 GETGLOBAL r1 := _G[k7 ('bMissionAccepted' [h=C133AF8A,$00A08A00])]
      020 01008058      TEST r1: r1 := r1 ; or skip
      021 00800254       JMP +10 ; 32
      022 01000245 GETGLOBAL r1 := _G[k9 ('Event_CancelEvent' [h=D8960070,$00A08280])]
      023 02000205 GETGLOBAL r2 := _G[k8 ('hNiceWheels' [h=008D1A55,$0099A420])]
      024 01010099      CALL r1 (1 args) => 1 results
      025 01000207 SETGLOBAL r1 ->> _G[k8 ('hNiceWheels' [h=008D1A55,$0099A420])]
      026 01000285 GETGLOBAL r1 := _G[k10 ('Event_RelativeTimer' [h=AD23F6E2,$00A3EA80])]
      027 020002C1     LOADK r2 := k11 ('jeff_playNiceWheelsBanter' [h=CCCACDF9,$00A0D340])
      028 03000301     LOADK r3 := k12 ('b' [h=00000083,$009960C0])
      029 04000341     LOADK r4 := k13 (2.0)
      030 01020099      CALL r1 (3 args) => 1 results
      031 01000207 SETGLOBAL r1 ->> _G[k8 ('hNiceWheels' [h=008D1A55,$0099A420])]
      032 0000801B    RETURN r0 ... r-1
  [Node$01CAC184] 'JEFF_LUA_LOADED' [h=AD41B5E3,$009A9C20]: 1.0
  [Node$01CAC198] 'FIREFIGHT_LUA_LOADED' [h=2319774E,$009E0A40]: 1.0
  [Node$01CAC1AC] 'Objective_SetNagText' [h=37011F4F,$009E47C0]: cfunction$002A3D28 'Objective_SetNagText' [h=37011F4F,$009E47C0]
  [Node$01CAC1C0] 'offerEasterEgg' [h=E16E0F50,$009968C0]: function$009A20A0 'offerEasterEgg' [h=E16E0F50,$009968C0]
    CONST$00BB7D40 k0  'Actor_GetType' [h=DC0B4554,$009777A0]
    CONST$00BB7D48 k1  'Utility_GetActorsVehicle' [h=19764E85,$00A0F8C0]
    CONST$00BB7D50 k2  'player0' [h=316752BF,$009A6AC0]
    CONST$00BB7D58 k3  'HUMAN' [h=0EA2600B,$00992320]
    CONST$00BB7D60 k4  'Utility_WriteNumberToScribbleMemory' [h=DCF55147,$009DC740]
    CONST$00BB7D68 k5  'offerEasterEgg' [h=E16E0F50,$009968C0]
    CONST$00BB7D70 k6  1.0
    CONST$00BB7D78 k7  'Utility_GetPlayerNationality' [h=CB78F623,$00A0AF00]
    CONST$00BB7D80 k8  'template_player_swedish' [h=1301F35E,$00A3BA80]
    CONST$00BB7D88 k9  'banter_Add' [h=DA90A011,$0097D660]
    CONST$00BB7D90 k10 'fio.xfio153' [h=F06275AD,$0097DD40]
    CONST$00BB7D98 k11 'swedish' [h=516A9264,$00986420]
    CONST$00BB7DA0 k12 'mat.xmat10' [h=5A633554,$0099F640]
    CONST$00BB7DA8 k13 'american' [h=F8031FC5,$009C6820]
    CONST$00BB7DB0 k14 'chr.xchr09' [h=A5C774D3,$00988B20]
    CONST$00BB7DB8 k15 'british' [h=51127038,$0097F1E0]
    CONST$00BB7DC0 k16 'jen.xjen10' [h=CCCDFD79,$009AB260]
    CONST$00BB7DC8 k17 'fio.xfio154' [h=BBA427AD,$009934A0]
    CONST$00BB7DD0 k18 'chr.xchr10' [h=5ACDB6D4,$0099CB80]
    CONST$00BB7DD8 k19 'jen.xjen11' [h=0C903156,$0098B060]
    CONST$00BB7DE0 k20 'fio.xfio155' [h=D8005340,$00980DA0]
    CODE $00BB7BC0
      000 00000005 GETGLOBAL r0 := _G[k0 ('Actor_GetType' [h=DC0B4554,$009777A0])]
      001 01000045 GETGLOBAL r1 := _G[k1 ('Utility_GetActorsVehicle' [h=19764E85,$00A0F8C0])]
      002 02000081     LOADK r2 := k2 ('player0' [h=316752BF,$009A6AC0])
      003 01010019      CALL r1 (1 args) => -1 results
      004 00000099      CALL r0 (-1 args) => 1 results
      005 01003F55       BNE r0 != k3 ('HUMAN' [h=0EA2600B,$00992320])
      006 00800014       JMP +1 ; 8
      007 0000801B    RETURN r0 ... r-1
      008 00000105 GETGLOBAL r0 := _G[k4 ('Utility_WriteNumberToScribbleMemory' [h=DCF55147,$009DC740])]
      009 01000141     LOADK r1 := k5 ('offerEasterEgg' [h=E16E0F50,$009968C0])
      010 02000181     LOADK r2 := k6 (1.0)
      011 00018059      CALL r0 (2 args) => 0 results
      012 000001C5 GETGLOBAL r0 := _G[k7 ('Utility_GetPlayerNationality' [h=CB78F623,$00A0AF00])]
      013 00008099      CALL r0 (0 args) => 1 results
      014 00004095       BEQ r0 == k8 ('template_player_swedish' [h=1301F35E,$00A3BA80])
      015 008001D4       JMP +8 ; 24
      016 01000245 GETGLOBAL r1 := _G[k9 ('banter_Add' [h=DA90A011,$0097D660])]
      017 0201000A  NEWTABLE r2 := {} (#a=2, #h=0)
      018 03000281     LOADK r3 := k10 ('fio.xfio153' [h=F06275AD,$0097DD40])
      019 0400004A  NEWTABLE r4 := {} (#a=0, #h=1)
      020 0482C189  SETTABLE k12 ('mat.xmat10' [h=5A633554,$0099F640]) ->> r4[k11 ('swedish' [h=516A9264,$00986420])]
      021 0200005F   SETLIST r2 [1]
      022 01010059      CALL r1 (1 args) => 0 results
      023 00800314       JMP +13 ; 37
      024 01000245 GETGLOBAL r1 := _G[k9 ('banter_Add' [h=DA90A011,$0097D660])]
      025 0202800A  NEWTABLE r2 := {} (#a=5, #h=0)
      026 03000281     LOADK r3 := k10 ('fio.xfio153' [h=F06275AD,$0097DD40])
      027 0400008A  NEWTABLE r4 := {} (#a=0, #h=2)
      028 0483C209  SETTABLE k14 ('chr.xchr09' [h=A5C774D3,$00988B20]) ->> r4[k13 ('american' [h=F8031FC5,$009C6820])]
      029 0484C289  SETTABLE k16 ('jen.xjen10' [h=CCCDFD79,$009AB260]) ->> r4[k15 ('british' [h=51127038,$0097F1E0])]
      030 05000441     LOADK r5 := k17 ('fio.xfio154' [h=BBA427AD,$009934A0])
      031 0600008A  NEWTABLE r6 := {} (#a=0, #h=2)
      032 0683C309  SETTABLE k18 ('chr.xchr10' [h=5ACDB6D4,$0099CB80]) ->> r6[k13 ('american' [h=F8031FC5,$009C6820])]
      033 0684C349  SETTABLE k19 ('jen.xjen11' [h=0C903156,$0098B060]) ->> r6[k15 ('british' [h=51127038,$0097F1E0])]
      034 07000501     LOADK r7 := k20 ('fio.xfio155' [h=D8005340,$00980DA0])
      035 0200011F   SETLIST r2 [4]
      036 01010059      CALL r1 (1 args) => 0 results
      037 0000801B    RETURN r0 ... r-1
  [Node$01CAC1D4] 'VerificationTargetKilled' [h=7354BF51,$00A2F580]: function$009C3A80 'VerificationTargetKilled' [h=7354BF51,$00A2F580]
    CONST$00BFADC0 k0  'mission_tTargets' [h=28796635,$009DFD00]
    CONST$00BFADC8 k1  'Utility_GetActorAsInt' [h=A2B359A3,$00A0FF40]
    CONST$00BFADD0 k2  'mission_tObjectives' [h=B4A8BCEB,$00A252C0]
    CONST$00BFADD8 k3  'objectiveName' [h=2337C7CC,$0097D2C0]
    CONST$00BFADE0 k4  'util_PrintDebugMsg' [h=A2961C17,$00A11FC0]
    CONST$00BFADE8 k5  '\n[OBJECTIVEVERIFY] verification target ' [h=12913736,$00A248C0]
    CONST$00BFADF0 k6  'actorName' [h=4EB2E2FD,$00997FC0]
    CONST$00BFADF8 k7  ' killed\n' [h=263FC732,$00982CA0]
    CONST$00BFAE00 k8  'subduedHandle' [h=0B4CA19C,$009C7E00]
    CONST$00BFAE08 k9  'Event_CancelEvent' [h=D8960070,$00A08280]
    CONST$00BFAE10 k10 'killedHandle' [h=10232A24,$009A3100]
    CONST$00BFAE18 k11 'Event_ActorVerified' [h=38B70F66,$00A41A00]
    CONST$00BFAE20 k12 'VerificationTargetKilledAndVerified' [h=755D17D2,$00A30700]
    CONST$00BFAE28 k13 'b' [h=00000083,$009960C0]
    CONST$00BFAE30 k14 'killCallbackFunc' [h=4C5627FE,$00A131C0]
    CONST$00BFAE38 k15 'StopCardMusic' [h=A5D2DCD6,$009A9680]
    CONST$00BFAE40 k16 'handleExtractionSupport' [h=E2FD4C04,$00A0D7C0]
    CONST$00BFAE48 k17 'Event_RelativeTimer' [h=AD23F6E2,$00A3EA80]
    CONST$00BFAE50 k18 'AddExtractionSupport' [h=84821F12,$00A29640]
    CONST$00BFAE58 k19 3.0
    CODE $00BFB600
      000 01000005 GETGLOBAL r1 := _G[k0 ('mission_tTargets' [h=28796635,$009DFD00])]
      001 02000045 GETGLOBAL r2 := _G[k1 ('Utility_GetActorAsInt' [h=A2B359A3,$00A0FF40])]
      002 03000000      MOVE r3 := r0
      003 02010099      CALL r2 (1 args) => 1 results
      004 01008086  GETTABLE r1 := r1[r2]
      005 02000085 GETGLOBAL r2 := _G[k2 ('mission_tObjectives' [h=B4A8BCEB,$00A252C0])]
      006 0300BF46  GETTABLE r3 := r1[k3 ('objectiveName' [h=2337C7CC,$0097D2C0])]
      007 020100C6  GETTABLE r2 := r2[r3]
      008 03000105 GETGLOBAL r3 := _G[k4 ('util_PrintDebugMsg' [h=A2961C17,$00A11FC0])]
      009 04000141     LOADK r4 := k5 ('\n[OBJECTIVEVERIFY] verification target ' [h=12913736,$00A248C0])
      010 0500C006  GETTABLE r5 := r1[k6 ('actorName' [h=4EB2E2FD,$00997FC0])]
      011 060001C1     LOADK r6 := k7 (' killed\n' [h=263FC732,$00982CA0])
      012 04020193    CONCAT r4 := r4 ... r6
      013 03010059      CALL r3 (1 args) => 0 results
      014 03000245 GETGLOBAL r3 := _G[k9 ('Event_CancelEvent' [h=D8960070,$00A08280])]
      015 0400C086  GETTABLE r4 := r1[k8 ('subduedHandle' [h=0B4CA19C,$009C7E00])]
      016 03010099      CALL r3 (1 args) => 1 results
      017 018100C9  SETTABLE r3 ->> r1[k8 ('subduedHandle' [h=0B4CA19C,$009C7E00])]
      018 030002C5 GETGLOBAL r3 := _G[k11 ('Event_ActorVerified' [h=38B70F66,$00A41A00])]
      019 04000301     LOADK r4 := k12 ('VerificationTargetKilledAndVerified' [h=755D17D2,$00A30700])
      020 05000341     LOADK r5 := k13 ('b' [h=00000083,$009960C0])
      021 0600C006  GETTABLE r6 := r1[k6 ('actorName' [h=4EB2E2FD,$00997FC0])]
      022 03020099      CALL r3 (3 args) => 1 results
      023 018200C9  SETTABLE r3 ->> r1[k10 ('killedHandle' [h=10232A24,$009A3100])]
      024 03000085 GETGLOBAL r3 := _G[k2 ('mission_tObjectives' [h=B4A8BCEB,$00A252C0])]
      025 0400BF46  GETTABLE r4 := r1[k3 ('objectiveName' [h=2337C7CC,$0097D2C0])]
      026 03018106  GETTABLE r3 := r3[r4]
      027 0301C206  GETTABLE r3 := r3[k14 ('killCallbackFunc' [h=4C5627FE,$00A131C0])]
      028 03018018      TEST not r3: r3 := r3 ; or skip
      029 00800154       JMP +6 ; 36
      030 03000085 GETGLOBAL r3 := _G[k2 ('mission_tObjectives' [h=B4A8BCEB,$00A252C0])]
      031 0400BF46  GETTABLE r4 := r1[k3 ('objectiveName' [h=2337C7CC,$0097D2C0])]
      032 03018106  GETTABLE r3 := r3[r4]
      033 0301C206  GETTABLE r3 := r3[k14 ('killCallbackFunc' [h=4C5627FE,$00A131C0])]
      034 0400C006  GETTABLE r4 := r1[k6 ('actorName' [h=4EB2E2FD,$00997FC0])]
      035 03010059      CALL r3 (1 args) => 0 results
      036 030003C5 GETGLOBAL r3 := _G[k15 ('StopCardMusic' [h=A5D2DCD6,$009A9680])]
      037 03008059      CALL r3 (0 args) => 0 results
      038 03014286  GETTABLE r3 := r2[k16 ('handleExtractionSupport' [h=E2FD4C04,$00A0D7C0])]
      039 03018018      TEST not r3: r3 := r3 ; or skip
      040 00800114       JMP +5 ; 46
      041 03000445 GETGLOBAL r3 := _G[k17 ('Event_RelativeTimer' [h=AD23F6E2,$00A3EA80])]
      042 04000481     LOADK r4 := k18 ('AddExtractionSupport' [h=84821F12,$00A29640])
      043 05000341     LOADK r5 := k13 ('b' [h=00000083,$009960C0])
      044 060004C1     LOADK r6 := k19 (3.0)
      045 03020059      CALL r3 (3 args) => 0 results
      046 0000801B    RETURN r0 ... r-1
  [Node$01CAC1E8] 'Debug_EnableLocationRendering' [h=1C838752,$00A25240]: cfunction$002F7098 'Debug_EnableLocationRendering' [h=1C838752,$00A25240]
  [Node$01CAC1FC] 'Challenge_WriteStatHeader' [h=8BCB9F53,$00A08900]: cfunction$002CA030 'Challenge_WriteStatHeader' [h=8BCB9F53,$00A08900]
  [Node$01CAC210] 'table_DeleteElement' [h=E16A3552,$00A25E00]: function$009A5F60 'table_DeleteElement' [h=E16A3552,$00A25E00]
    CONST$00A2E000 k0  0.0
    CONST$00A2E008 k1  'type' [h=0070EF71,$00990720]
    CONST$00A2E010 k2  'table' [h=10F2114B,$00979B40]
    CONST$00A2E018 k3  'table_DeleteElement' [h=E16A3552,$00A25E00]
    CONST$00A2E020 k4  1.0
    CONST$00A2E028 k5  'remove' [h=4893DA49,$009C7B40]
    CONST$00A2E030 k6  nil
    CODE $00A9D040
      000 03000001     LOADK r3 := k0 (0.0)
      001 04000000      MOVE r4 := r0
      002 05038003   LOADNIL r5 ... r7
      003 0480055E  TFORPREP WIP
      004 08000045 GETGLOBAL r8 := _G[k1 ('type' [h=0070EF71,$00990720])]
      005 09038000      MOVE r9 := r7
      006 08010099      CALL r8 (1 args) => 1 results
      007 00043F15       BEQ r8 == k2 ('table' [h=10F2114B,$00979B40])
      008 00800154       JMP +6 ; 15
      009 080000C5 GETGLOBAL r8 := _G[k3 ('table_DeleteElement' [h=E16A3552,$00A25E00])]
      010 09038000      MOVE r9 := r7
      011 0A008000      MOVE r10 := r1
      012 0B010000      MOVE r11 := r2
      013 08020059      CALL r8 (3 args) => 0 results
      014 00800294       JMP +11 ; 26
      015 00038055       BEQ r7 == r1
      016 00800214       JMP +9 ; 26
      017 0301BF8C       ADD r3 := r3 + k4 (1.0)
      018 08000085 GETGLOBAL r8 := _G[k2 ('table' [h=10F2114B,$00979B40])]
      019 08043FC6  GETTABLE r8 := r8[k5 ('remove' [h=4893DA49,$009C7B40])]
      020 09000000      MOVE r9 := r0
      021 0A030000      MOVE r10 := r6
      022 08018059      CALL r8 (2 args) => 0 results
      023 00014015       BEQ r2 == k6 (nil)
      024 00800014       JMP +1 ; 26
      025 00800054       JMP +2 ; 28
      026 0400005D  TFORLOOP WIP
      027 007FF9D4       JMP -24 ; 4
      028 0301001B    RETURN r3 ... r3
      029 0000801B    RETURN r0 ... r-1
  [Node$01CAC224] 'loc_ff2646_s' [h=4FE1A958,$0099D840]: table$0099CF20[a=8,h=1]
  [Node$01CAC238] 'CARD_RANK_FACE_MIN' [h=88A19756,$00A39CC0]: 11.0
  [Node$01CAC24C] 'Audio_SoundIsPlaying' [h=B0193757,$009DB780]: cfunction$002B83A0 'Audio_SoundIsPlaying' [h=B0193757,$009DB780]
  [Node$01CAC260] 'TeleportPilotSporeStatusChange' [h=F7E21D59,$009FF580]: function$009A6320 'TeleportPilotSporeStatusChange' [h=F7E21D59,$009FF580]
    CONST$00A3E480 k0  'Ai_EnableHornResponse' [h=FF72DD7B,$009FCAC0]
    CONST$00A3E488 k1  'teleport_pilot' [h=1FED1AF1,$009A7BC0]
    CONST$00A3E490 k2  'ObjectifyTeleportPilot' [h=AB15908A,$009D9DC0]
    CONST$00A3E498 k3  'hTeleportPilotUnspored' [h=EE3470B7,$00A05780]
    CONST$00A3E4A0 k4  'SetupEventTeleportPilotSporeStatusChange' [h=F81E5F1D,$009CC280]
    CODE $00B1E140
      000 01008058      TEST r1: r1 := r1 ; or skip
      001 008001D4       JMP +8 ; 10
      002 02000005 GETGLOBAL r2 := _G[k0 ('Ai_EnableHornResponse' [h=FF72DD7B,$009FCAC0])]
      003 03000041     LOADK r3 := k1 ('teleport_pilot' [h=1FED1AF1,$009A7BC0])
      004 04000002  LOADBOOL r4 := False
      005 02018059      CALL r2 (2 args) => 0 results
      006 02000085 GETGLOBAL r2 := _G[k2 ('ObjectifyTeleportPilot' [h=AB15908A,$009D9DC0])]
      007 03008002  LOADBOOL r3 := True
      008 02010059      CALL r2 (1 args) => 0 results
      009 008001D4       JMP +8 ; 18
      010 02000085 GETGLOBAL r2 := _G[k2 ('ObjectifyTeleportPilot' [h=AB15908A,$009D9DC0])]
      011 03008002  LOADBOOL r3 := True
      012 04000002  LOADBOOL r4 := False
      013 05008002  LOADBOOL r5 := True
      014 06000002  LOADBOOL r6 := False
      015 07000002  LOADBOOL r7 := False
      016 08000002  LOADBOOL r8 := False
      017 02038059      CALL r2 (6 args) => 0 results
      018 02000105 GETGLOBAL r2 := _G[k4 ('SetupEventTeleportPilotSporeStatusChange' [h=F81E5F1D,$009CC280])]
      019 03008012       NOT r3 := not r1
      020 02010099      CALL r2 (1 args) => 1 results
      021 020000C7 SETGLOBAL r2 ->> _G[k3 ('hTeleportPilotUnspored' [h=EE3470B7,$00A05780])]
      022 0000801B    RETURN r0 ... r-1
  [Node$01CAC274] 'diamonds' [h=9540B759,$00997440]: 'diamonds' [h=9540B759,$00997440]
  [Node$01CAC288] 'challenge_StatGetInt' [h=2A120D1A,$00A0DA40]: function$0098E140 'challenge_StatGetInt' [h=2A120D1A,$00A0DA40]
    CONST$00952A70 k0  'util_SetDefault' [h=3072A05A,$009A7800]
    CONST$00952A78 k1  'Challenge_ReadStatInteger' [h=24AEB691,$00A06C80]
    CODE $009EF940
      000 03000005 GETGLOBAL r3 := _G[k0 ('util_SetDefault' [h=3072A05A,$009A7800])]
      001 04000045 GETGLOBAL r4 := _G[k1 ('Challenge_ReadStatInteger' [h=24AEB691,$00A06C80])]
      002 05000000      MOVE r5 := r0
      003 06008000      MOVE r6 := r1
      004 04018099      CALL r4 (2 args) => 1 results
      005 05010000      MOVE r5 := r2
      006 0301801A  TAILCALL r3 (2 args)
      007 0300001B    RETURN r3 ... r1
      008 0000801B    RETURN r0 ... r-1
  [Node$01CAC29C] 'challenge_Recycler_BuildFunctionNames' [h=27B4AF5B,$00A31500]: function$0098EBE0 'challenge_Recycler_BuildFunctionNames' [h=27B4AF5B,$00A31500]
    CONST$00C44040 k0  'sFuncNamePrefix' [h=24CFBE93,$00985DC0]
    CONST$00C44048 k1  nil
    CONST$00C44050 k2  'sFuncNameReinit' [h=EC63489F,$00981FA0]
    CONST$00C44058 k3  '_Reinit' [h=41AE89A0,$00997C60]
    CONST$00C44060 k4  'sFuncNameQuestionBox' [h=25D5C106,$00A25740]
    CONST$00C44068 k5  '_QuestionBox' [h=48716020,$00999C00]
    CONST$00C44070 k6  'sFuncNameStart' [h=FF54EF6A,$009AA880]
    CONST$00C44078 k7  '_Start' [h=91719F73,$00995200]
    CONST$00C44080 k8  'sFuncNameStarterSpawned' [h=6EFD36B4,$009FC280]
    CONST$00C44088 k9  '_StarterSpawned' [h=FB02EA28,$00993520]
    CONST$00C44090 k10 'sFuncNameEnd' [h=78C8606E,$009A8800]
    CONST$00C44098 k11 '_End' [h=00717588,$00992300]
    CONST$00C440A0 k12 'sFuncNameWaitForReinitOpportunity' [h=A476F72A,$00A0EDC0]
    CONST$00C440A8 k13 '_WaitForReinitOpportunity' [h=538204A3,$009E05C0]
    CONST$00C440B0 k14 'sFuncNameSetupAiInNamedVehicle' [h=8879F6AF,$00A23C40]
    CONST$00C440B8 k15 '_SetupAiInNamedVehicle' [h=D6F44260,$009DFF40]
    CONST$00C440C0 k16 'sFuncNameHide' [h=E8C1E1A3,$009A23A0]
    CONST$00C440C8 k17 '_Hide' [h=10E62B0A,$0099D300]
    CONST$00C440D0 k18 'sFuncNameShow' [h=6964B278,$0097FB80]
    CONST$00C440D8 k19 '_Show' [h=1385C2E2,$009C5F20]
    CONST$00C440E0 k20 'sFuncOnStarterSpent' [h=4BD64963,$009E1900]
    CONST$00C440E8 k21 '_OnStarterSpent' [h=A004703F,$009ABEA0]
    CONST$00C440F0 k22 'sFuncOnStarterBroken' [h=ED7F76E3,$009DD680]
    CONST$00C440F8 k23 '_OnStarterBroken' [h=D8516965,$009DBC00]
    CONST$00C44100 k24 'challenge_Recycler_VerifyFunctionExists' [h=D3F269F9,$00A00E40]
    CODE $00C9FB00
      000 01003E86  GETTABLE r1 := r0[k0 ('sFuncNamePrefix' [h=24CFBE93,$00985DC0])]
      001 0100BED5       BNE r1 != k1 (nil)
      002 00801194       JMP +71 ; 74
      003 02008000      MOVE r2 := r1
      004 030000C1     LOADK r3 := k3 ('_Reinit' [h=41AE89A0,$00997C60])
      005 020100D3    CONCAT r2 := r2 ... r3
      006 007E0089  SETTABLE r2 ->> r0[k2 ('sFuncNameReinit' [h=EC63489F,$00981FA0])]
      007 02008000      MOVE r2 := r1
      008 03000141     LOADK r3 := k5 ('_QuestionBox' [h=48716020,$00999C00])
      009 020100D3    CONCAT r2 := r2 ... r3
      010 007F0089  SETTABLE r2 ->> r0[k4 ('sFuncNameQuestionBox' [h=25D5C106,$00A25740])]
      011 02008000      MOVE r2 := r1
      012 030001C1     LOADK r3 := k7 ('_Start' [h=91719F73,$00995200])
      013 020100D3    CONCAT r2 := r2 ... r3
      014 00800089  SETTABLE r2 ->> r0[k6 ('sFuncNameStart' [h=FF54EF6A,$009AA880])]
      015 02008000      MOVE r2 := r1
      016 03000241     LOADK r3 := k9 ('_StarterSpawned' [h=FB02EA28,$00993520])
      017 020100D3    CONCAT r2 := r2 ... r3
      018 00810089  SETTABLE r2 ->> r0[k8 ('sFuncNameStarterSpawned' [h=6EFD36B4,$009FC280])]
      019 02008000      MOVE r2 := r1
      020 030002C1     LOADK r3 := k11 ('_End' [h=00717588,$00992300])
      021 020100D3    CONCAT r2 := r2 ... r3
      022 00820089  SETTABLE r2 ->> r0[k10 ('sFuncNameEnd' [h=78C8606E,$009A8800])]
      023 02008000      MOVE r2 := r1
      024 03000341     LOADK r3 := k13 ('_WaitForReinitOpportunity' [h=538204A3,$009E05C0])
      025 020100D3    CONCAT r2 := r2 ... r3
      026 00830089  SETTABLE r2 ->> r0[k12 ('sFuncNameWaitForReinitOpportunity' [h=A476F72A,$00A0EDC0])]
      027 02008000      MOVE r2 := r1
      028 030003C1     LOADK r3 := k15 ('_SetupAiInNamedVehicle' [h=D6F44260,$009DFF40])
      029 020100D3    CONCAT r2 := r2 ... r3
      030 00840089  SETTABLE r2 ->> r0[k14 ('sFuncNameSetupAiInNamedVehicle' [h=8879F6AF,$00A23C40])]
      031 02008000      MOVE r2 := r1
      032 03000441     LOADK r3 := k17 ('_Hide' [h=10E62B0A,$0099D300])
      033 020100D3    CONCAT r2 := r2 ... r3
      034 00850089  SETTABLE r2 ->> r0[k16 ('sFuncNameHide' [h=E8C1E1A3,$009A23A0])]
      035 02008000      MOVE r2 := r1
      036 030004C1     LOADK r3 := k19 ('_Show' [h=1385C2E2,$009C5F20])
      037 020100D3    CONCAT r2 := r2 ... r3
      038 00860089  SETTABLE r2 ->> r0[k18 ('sFuncNameShow' [h=6964B278,$0097FB80])]
      039 02008000      MOVE r2 := r1
      040 03000541     LOADK r3 := k21 ('_OnStarterSpent' [h=A004703F,$009ABEA0])
      041 020100D3    CONCAT r2 := r2 ... r3
      042 00870089  SETTABLE r2 ->> r0[k20 ('sFuncOnStarterSpent' [h=4BD64963,$009E1900])]
      043 02008000      MOVE r2 := r1
      044 030005C1     LOADK r3 := k23 ('_OnStarterBroken' [h=D8516965,$009DBC00])
      045 020100D3    CONCAT r2 := r2 ... r3
      046 00880089  SETTABLE r2 ->> r0[k22 ('sFuncOnStarterBroken' [h=ED7F76E3,$009DD680])]
      047 02000605 GETGLOBAL r2 := _G[k24 ('challenge_Recycler_VerifyFunctionExists' [h=D3F269F9,$00A00E40])]
      048 03003F06  GETTABLE r3 := r0[k2 ('sFuncNameReinit' [h=EC63489F,$00981FA0])]
      049 02010059      CALL r2 (1 args) => 0 results
      050 02000605 GETGLOBAL r2 := _G[k24 ('challenge_Recycler_VerifyFunctionExists' [h=D3F269F9,$00A00E40])]
      051 03003F86  GETTABLE r3 := r0[k4 ('sFuncNameQuestionBox' [h=25D5C106,$00A25740])]
      052 02010059      CALL r2 (1 args) => 0 results
      053 02000605 GETGLOBAL r2 := _G[k24 ('challenge_Recycler_VerifyFunctionExists' [h=D3F269F9,$00A00E40])]
      054 03004006  GETTABLE r3 := r0[k6 ('sFuncNameStart' [h=FF54EF6A,$009AA880])]
      055 02010059      CALL r2 (1 args) => 0 results
      056 02000605 GETGLOBAL r2 := _G[k24 ('challenge_Recycler_VerifyFunctionExists' [h=D3F269F9,$00A00E40])]
      057 03004106  GETTABLE r3 := r0[k10 ('sFuncNameEnd' [h=78C8606E,$009A8800])]
      058 02010059      CALL r2 (1 args) => 0 results
      059 02000605 GETGLOBAL r2 := _G[k24 ('challenge_Recycler_VerifyFunctionExists' [h=D3F269F9,$00A00E40])]
      060 03004186  GETTABLE r3 := r0[k12 ('sFuncNameWaitForReinitOpportunity' [h=A476F72A,$00A0EDC0])]
      061 02010059      CALL r2 (1 args) => 0 results
      062 02000605 GETGLOBAL r2 := _G[k24 ('challenge_Recycler_VerifyFunctionExists' [h=D3F269F9,$00A00E40])]
      063 03004206  GETTABLE r3 := r0[k14 ('sFuncNameSetupAiInNamedVehicle' [h=8879F6AF,$00A23C40])]
      064 02010059      CALL r2 (1 args) => 0 results
      065 02000605 GETGLOBAL r2 := _G[k24 ('challenge_Recycler_VerifyFunctionExists' [h=D3F269F9,$00A00E40])]
      066 03004306  GETTABLE r3 := r0[k18 ('sFuncNameShow' [h=6964B278,$0097FB80])]
      067 02010059      CALL r2 (1 args) => 0 results
      068 02000605 GETGLOBAL r2 := _G[k24 ('challenge_Recycler_VerifyFunctionExists' [h=D3F269F9,$00A00E40])]
      069 03004386  GETTABLE r3 := r0[k20 ('sFuncOnStarterSpent' [h=4BD64963,$009E1900])]
      070 02010059      CALL r2 (1 args) => 0 results
      071 02000605 GETGLOBAL r2 := _G[k24 ('challenge_Recycler_VerifyFunctionExists' [h=D3F269F9,$00A00E40])]
      072 03004406  GETTABLE r3 := r0[k22 ('sFuncOnStarterBroken' [h=ED7F76E3,$009DD680])]
      073 02010059      CALL r2 (1 args) => 0 results
      074 0000801B    RETURN r0 ... r-1
  [Node$01CAC2B0] 'SW_challenge_homerun_pyn_01_QuestionBox' [h=A0F2C75C,$009DD200]: function$00985AC0 'SW_challenge_homerun_pyn_01_QuestionBox' [h=A0F2C75C,$009DD200]
    CONST$00962FB0 k0  'challenge_Recycler_QuestionBox' [h=BB143599,$00A40480]
    CONST$00962FB8 k1  'tSW_challenge_homerun_pyn_01' [h=977228F9,$00A0C100]
    CODE $00988140
      000 01000005 GETGLOBAL r1 := _G[k0 ('challenge_Recycler_QuestionBox' [h=BB143599,$00A40480])]
      001 02000045 GETGLOBAL r2 := _G[k1 ('tSW_challenge_homerun_pyn_01' [h=977228F9,$00A0C100])]
      002 03000000      MOVE r3 := r0
      003 01018059      CALL r1 (2 args) => 0 results
      004 0000801B    RETURN r0 ... r-1
  [Node$01CAC2C4] 'Actor_IsDetectedByFaction' [h=FABDE0A6,$009E4E40]: cfunction$002AAFC0 'Actor_IsDetectedByFaction' [h=FABDE0A6,$009E4E40]
  [Node$01CAC2D8] 'jeff_hGarageDestroyed' [h=98F7675E,$009FC4C0]: 1487.0
  [Node$01CAC2EC] 'jeff_SetupMoodEvents' [h=145A7F5F,$00A2C680]: function$00999680 'jeff_SetupMoodEvents' [h=145A7F5F,$00A2C680]
    CONST$00AAE2C0 k0  'jeff_CancelMoodEvents' [h=801B80DF,$00A0BD80]
    CONST$00AAE2C8 k1  'jeff_hMafiaMood' [h=AB979567,$009C65C0]
    CONST$00AAE2D0 k2  'Event_FactionAttitudeChange' [h=14A2E8E2,$009E4A00]
    CONST$00AAE2D8 k3  'jeff_tutorialFactionMood' [h=97193C9D,$00A0BF00]
    CONST$00AAE2E0 k4  'b' [h=00000083,$009960C0]
    CONST$00AAE2E8 k5  'mafia' [h=11226556,$009A6140]
    CONST$00AAE2F0 k6  'prokat' [h=854F88C7,$009A6820]
    CONST$00AAE2F8 k7  'jeff_hSKMood' [h=EAF10DC5,$009AA480]
    CONST$00AAE300 k8  'sk' [h=00001514,$009A6180]
    CONST$00AAE308 k9  'jeff_hChinaMood' [h=6188C7A9,$009C6AE0]
    CONST$00AAE310 k10 'china' [h=1129D14E,$009A6060]
    CONST$00AAE318 k11 'jeff_hAlliesMood' [h=9886F1A2,$00A0B400]
    CONST$00AAE320 k12 'allies' [h=B57F1C27,$009A61A0]
    CODE $00AAE340
      000 00000005 GETGLOBAL r0 := _G[k0 ('jeff_CancelMoodEvents' [h=801B80DF,$00A0BD80])]
      001 00008059      CALL r0 (0 args) => 0 results
      002 00000085 GETGLOBAL r0 := _G[k2 ('Event_FactionAttitudeChange' [h=14A2E8E2,$009E4A00])]
      003 010000C1     LOADK r1 := k3 ('jeff_tutorialFactionMood' [h=97193C9D,$00A0BF00])
      004 02000101     LOADK r2 := k4 ('b' [h=00000083,$009960C0])
      005 03000141     LOADK r3 := k5 ('mafia' [h=11226556,$009A6140])
      006 04000181     LOADK r4 := k6 ('prokat' [h=854F88C7,$009A6820])
      007 00028099      CALL r0 (4 args) => 1 results
      008 00000047 SETGLOBAL r0 ->> _G[k1 ('jeff_hMafiaMood' [h=AB979567,$009C65C0])]
      009 00000085 GETGLOBAL r0 := _G[k2 ('Event_FactionAttitudeChange' [h=14A2E8E2,$009E4A00])]
      010 010000C1     LOADK r1 := k3 ('jeff_tutorialFactionMood' [h=97193C9D,$00A0BF00])
      011 02000101     LOADK r2 := k4 ('b' [h=00000083,$009960C0])
      012 03000201     LOADK r3 := k8 ('sk' [h=00001514,$009A6180])
      013 04000181     LOADK r4 := k6 ('prokat' [h=854F88C7,$009A6820])
      014 00028099      CALL r0 (4 args) => 1 results
      015 000001C7 SETGLOBAL r0 ->> _G[k7 ('jeff_hSKMood' [h=EAF10DC5,$009AA480])]
      016 00000085 GETGLOBAL r0 := _G[k2 ('Event_FactionAttitudeChange' [h=14A2E8E2,$009E4A00])]
      017 010000C1     LOADK r1 := k3 ('jeff_tutorialFactionMood' [h=97193C9D,$00A0BF00])
      018 02000101     LOADK r2 := k4 ('b' [h=00000083,$009960C0])
      019 03000281     LOADK r3 := k10 ('china' [h=1129D14E,$009A6060])
      020 04000181     LOADK r4 := k6 ('prokat' [h=854F88C7,$009A6820])
      021 00028099      CALL r0 (4 args) => 1 results
      022 00000247 SETGLOBAL r0 ->> _G[k9 ('jeff_hChinaMood' [h=6188C7A9,$009C6AE0])]
      023 00000085 GETGLOBAL r0 := _G[k2 ('Event_FactionAttitudeChange' [h=14A2E8E2,$009E4A00])]
      024 010000C1     LOADK r1 := k3 ('jeff_tutorialFactionMood' [h=97193C9D,$00A0BF00])
      025 02000101     LOADK r2 := k4 ('b' [h=00000083,$009960C0])
      026 03000301     LOADK r3 := k12 ('allies' [h=B57F1C27,$009A61A0])
      027 04000181     LOADK r4 := k6 ('prokat' [h=854F88C7,$009A6820])
      028 00028099      CALL r0 (4 args) => 1 results
      029 000002C7 SETGLOBAL r0 ->> _G[k11 ('jeff_hAlliesMood' [h=9886F1A2,$00A0B400])]
      030 0000801B    RETURN r0 ... r-1
  [Node$01CAC300] 'Challenge_WriteStatFloat' [h=F41E88B6,$009E2500]: cfunction$002CA3F0 'Challenge_WriteStatFloat' [h=F41E88B6,$009E2500]
  [Node$01CAC314] 'util_ObjMsgPrint' [h=C078DF61,$00A3AB00]: function$00992EA0 'util_ObjMsgPrint' [h=C078DF61,$00A3AB00]
    CONST$00CDF640 k0  'sMsg' [h=00831EED,$0097E760]
    CONST$00CDF648 k1  'PRI_OBJ_ADD' [h=5E5C02AB,$0097E6A0]
    CONST$00CDF650 k2  'messageColor' [h=27C43F52,$0097E680]
    CONST$00CDF658 k3  '[objt]' [h=5F6BCD9C,$0097E660]
    CONST$00CDF660 k4  'prefix' [h=B6425B2A,$0097E640]
    CONST$00CDF668 k5  '[standardMission.objectiveAddedCaps]' [h=F73BB743,$00A3AC80]
    CONST$00CDF670 k6  'PRI_OBJ_UPD_POS' [h=9C6A6D98,$0097E6C0]
    CONST$00CDF678 k7  '[standardMission.objectiveUpdatedCaps]' [h=83A9EE13,$00A3A900]
    CONST$00CDF680 k8  'PRI_OBJ_UPD_NEG' [h=AD430F10,$0097E6E0]
    CONST$00CDF688 k9  '[red]' [h=105ABDF3,$0097E740]
    CONST$00CDF690 k10 'PRI_OBJ_CMPL' [h=3B2453BF,$0097E620]
    CONST$00CDF698 k11 '[standardMission.objectiveCompleteCaps]' [h=F9865E6C,$00A3AB80]
    CONST$00CDF6A0 k12 'PRI_OBJ_FAIL' [h=2441FBD9,$0097E600]
    CONST$00CDF6A8 k13 '[standardMission.objectiveFailedCaps]' [h=BAA98317,$00A3A9C0]
    CONST$00CDF6B0 k14 'PRI_OBJ_REMIND' [h=3048AB7B,$0097E5E0]
    CONST$00CDF6B8 k15 'BON_OBJ_ADD' [h=5E5C9116,$0097E5C0]
    CONST$00CDF6C0 k16 '[2ndobjt]' [h=AB5ECC08,$0097E5A0]
    CONST$00CDF6C8 k17 '[standardMission.bonusObjectiveAddedCaps]' [h=D1C590EF,$00A3AE00]
    CONST$00CDF6D0 k18 'BON_OBJ_UPD_POS' [h=9C6A3A6B,$0097E580]
    CONST$00CDF6D8 k19 '[standardMission.bonusObjectiveUpdatedCaps]' [h=5E4C2CDD,$00A3A8C0]
    CONST$00CDF6E0 k20 'BON_OBJ_UPD_NEG' [h=AD43BD21,$0097E560]
    CONST$00CDF6E8 k21 'BON_OBJ_CMPL' [h=3B2323EC,$0097E540]
    CONST$00CDF6F0 k22 '[standardMission.bonusObjectiveCompleteCaps]' [h=9E4CB830,$00A3AA80]
    CONST$00CDF6F8 k23 'BON_OBJ_FAIL' [h=24411614,$0097E520]
    CONST$00CDF700 k24 '[standardMission.bonusObjectiveFailedCaps]' [h=D47C96C7,$00A3AA40]
    CONST$00CDF708 k25 'BON_OBJ_REMIND' [h=304802D8,$0097E500]
    CONST$00CDF710 k26 'GENERAL' [h=519214B0,$0097E4E0]
    CONST$00CDF718 k27 '[neut]' [h=5F57153B,$0097E4C0]
    CONST$00CDF720 k28 '' [h=00000000,$009A78C0]
    CONST$00CDF728 k29 'sType' [h=10E81B1C,$009ABF60]
    CONST$00CDF730 k30 ':[n]' [h=006CEDFB,$0097DB40]
    CONST$00CDF738 k31 'vIdx' [h=008511D1,$0097DB20]
    CONST$00CDF740 k32 'tostring' [h=787EB105,$00990700]
    CONST$00CDF748 k33 '. ' [h=00000CE4,$0097DB00]
    CONST$00CDF750 k34 'tCounter' [h=A03640CE,$0097DAE0]
    CONST$00CDF758 k35 'vCurr' [h=12274736,$0097DAA0]
    CONST$00CDF760 k36 'vLim' [h=00741718,$0097DA80]
    CONST$00CDF768 k37 ' (' [h=00000D10,$0097DA60]
    CONST$00CDF770 k38 '/' [h=0000004E,$0097DA40]
    CONST$00CDF778 k39 ')' [h=00000048,$0097DA20]
    CONST$00CDF780 k40 'sObjective' [h=E517B654,$0097D9E0]
    CONST$00CDF788 k41 nil
    CONST$00CDF790 k42 'Objective_SetShortDescription' [h=3CB3128C,$00A3FE00]
    CONST$00CDF798 k43 'bClrQueue' [h=8D1ED2C0,$0097D9C0]
    CONST$00CDF7A0 k44 'Ui_MessageBoxClear' [h=4C1CADC6,$00A40980]
    CONST$00CDF7A8 k45 'Ui_MessageBoxPrint' [h=CF59BB03,$00A01B00]
    CONST$00CDF7B0 k46 0.0
    CODE $00D7F840
      000 01003E86  GETTABLE r1 := r0[k0 ('sMsg' [h=00831EED,$0097E760])]
      001 01008058      TEST r1: r1 := r1 ; or skip
      002 00800014       JMP +1 ; 4
      003 0000801B    RETURN r0 ... r-1
      004 0200010A  NEWTABLE r2 := {} (#a=0, #h=4)
      005 0300008A  NEWTABLE r3 := {} (#a=0, #h=2)
      006 037E3F49  SETTABLE k3 ('[objt]' [h=5F6BCD9C,$0097E660]) ->> r3[k2 ('messageColor' [h=27C43F52,$0097E680])]
      007 037F3FC9  SETTABLE k5 ('[standardMission.objectiveAddedCaps]' [h=F73BB743,$00A3AC80]) ->> r3[k4 ('prefix' [h=B6425B2A,$0097E640])]
      008 027D80C9  SETTABLE r3 ->> r2[k1 ('PRI_OBJ_ADD' [h=5E5C02AB,$0097E6A0])]
      009 0300008A  NEWTABLE r3 := {} (#a=0, #h=2)
      010 037E3F49  SETTABLE k3 ('[objt]' [h=5F6BCD9C,$0097E660]) ->> r3[k2 ('messageColor' [h=27C43F52,$0097E680])]
      011 037F4049  SETTABLE k7 ('[standardMission.objectiveUpdatedCaps]' [h=83A9EE13,$00A3A900]) ->> r3[k4 ('prefix' [h=B6425B2A,$0097E640])]
      012 028000C9  SETTABLE r3 ->> r2[k6 ('PRI_OBJ_UPD_POS' [h=9C6A6D98,$0097E6C0])]
      013 0300008A  NEWTABLE r3 := {} (#a=0, #h=2)
      014 037E40C9  SETTABLE k9 ('[red]' [h=105ABDF3,$0097E740]) ->> r3[k2 ('messageColor' [h=27C43F52,$0097E680])]
      015 037F4049  SETTABLE k7 ('[standardMission.objectiveUpdatedCaps]' [h=83A9EE13,$00A3A900]) ->> r3[k4 ('prefix' [h=B6425B2A,$0097E640])]
      016 028100C9  SETTABLE r3 ->> r2[k8 ('PRI_OBJ_UPD_NEG' [h=AD430F10,$0097E6E0])]
      017 0300008A  NEWTABLE r3 := {} (#a=0, #h=2)
      018 037E3F49  SETTABLE k3 ('[objt]' [h=5F6BCD9C,$0097E660]) ->> r3[k2 ('messageColor' [h=27C43F52,$0097E680])]
      019 037F4149  SETTABLE k11 ('[standardMission.objectiveCompleteCaps]' [h=F9865E6C,$00A3AB80]) ->> r3[k4 ('prefix' [h=B6425B2A,$0097E640])]
      020 028200C9  SETTABLE r3 ->> r2[k10 ('PRI_OBJ_CMPL' [h=3B2453BF,$0097E620])]
      021 0300008A  NEWTABLE r3 := {} (#a=0, #h=2)
      022 037E40C9  SETTABLE k9 ('[red]' [h=105ABDF3,$0097E740]) ->> r3[k2 ('messageColor' [h=27C43F52,$0097E680])]
      023 037F41C9  SETTABLE k13 ('[standardMission.objectiveFailedCaps]' [h=BAA98317,$00A3A9C0]) ->> r3[k4 ('prefix' [h=B6425B2A,$0097E640])]
      024 028300C9  SETTABLE r3 ->> r2[k12 ('PRI_OBJ_FAIL' [h=2441FBD9,$0097E600])]
      025 0300004A  NEWTABLE r3 := {} (#a=0, #h=1)
      026 037E3F49  SETTABLE k3 ('[objt]' [h=5F6BCD9C,$0097E660]) ->> r3[k2 ('messageColor' [h=27C43F52,$0097E680])]
      027 028400C9  SETTABLE r3 ->> r2[k14 ('PRI_OBJ_REMIND' [h=3048AB7B,$0097E5E0])]
      028 0300008A  NEWTABLE r3 := {} (#a=0, #h=2)
      029 037E4289  SETTABLE k16 ('[2ndobjt]' [h=AB5ECC08,$0097E5A0]) ->> r3[k2 ('messageColor' [h=27C43F52,$0097E680])]
      030 037F42C9  SETTABLE k17 ('[standardMission.bonusObjectiveAddedCaps]' [h=D1C590EF,$00A3AE00]) ->> r3[k4 ('prefix' [h=B6425B2A,$0097E640])]
      031 028480C9  SETTABLE r3 ->> r2[k15 ('BON_OBJ_ADD' [h=5E5C9116,$0097E5C0])]
      032 0300008A  NEWTABLE r3 := {} (#a=0, #h=2)
      033 037E4289  SETTABLE k16 ('[2ndobjt]' [h=AB5ECC08,$0097E5A0]) ->> r3[k2 ('messageColor' [h=27C43F52,$0097E680])]
      034 037F4349  SETTABLE k19 ('[standardMission.bonusObjectiveUpdatedCaps]' [h=5E4C2CDD,$00A3A8C0]) ->> r3[k4 ('prefix' [h=B6425B2A,$0097E640])]
      035 028600C9  SETTABLE r3 ->> r2[k18 ('BON_OBJ_UPD_POS' [h=9C6A3A6B,$0097E580])]
      036 0300008A  NEWTABLE r3 := {} (#a=0, #h=2)
      037 037E40C9  SETTABLE k9 ('[red]' [h=105ABDF3,$0097E740]) ->> r3[k2 ('messageColor' [h=27C43F52,$0097E680])]
      038 037F4349  SETTABLE k19 ('[standardMission.bonusObjectiveUpdatedCaps]' [h=5E4C2CDD,$00A3A8C0]) ->> r3[k4 ('prefix' [h=B6425B2A,$0097E640])]
      039 028700C9  SETTABLE r3 ->> r2[k20 ('BON_OBJ_UPD_NEG' [h=AD43BD21,$0097E560])]
      040 0300008A  NEWTABLE r3 := {} (#a=0, #h=2)
      041 037E4289  SETTABLE k16 ('[2ndobjt]' [h=AB5ECC08,$0097E5A0]) ->> r3[k2 ('messageColor' [h=27C43F52,$0097E680])]
      042 037F4409  SETTABLE k22 ('[standardMission.bonusObjectiveCompleteCaps]' [h=9E4CB830,$00A3AA80]) ->> r3[k4 ('prefix' [h=B6425B2A,$0097E640])]
      043 028780C9  SETTABLE r3 ->> r2[k21 ('BON_OBJ_CMPL' [h=3B2323EC,$0097E540])]
      044 0300008A  NEWTABLE r3 := {} (#a=0, #h=2)
      045 037E40C9  SETTABLE k9 ('[red]' [h=105ABDF3,$0097E740]) ->> r3[k2 ('messageColor' [h=27C43F52,$0097E680])]
      046 037F4489  SETTABLE k24 ('[standardMission.bonusObjectiveFailedCaps]' [h=D47C96C7,$00A3AA40]) ->> r3[k4 ('prefix' [h=B6425B2A,$0097E640])]
      047 028880C9  SETTABLE r3 ->> r2[k23 ('BON_OBJ_FAIL' [h=24411614,$0097E520])]
      048 0300004A  NEWTABLE r3 := {} (#a=0, #h=1)
      049 037E4289  SETTABLE k16 ('[2ndobjt]' [h=AB5ECC08,$0097E5A0]) ->> r3[k2 ('messageColor' [h=27C43F52,$0097E680])]
      050 028980C9  SETTABLE r3 ->> r2[k25 ('BON_OBJ_REMIND' [h=304802D8,$0097E500])]
      051 0300004A  NEWTABLE r3 := {} (#a=0, #h=1)
      052 037E4549  SETTABLE k27 ('[neut]' [h=5F57153B,$0097E4C0]) ->> r3[k2 ('messageColor' [h=27C43F52,$0097E680])]
      053 028A00C9  SETTABLE r3 ->> r2[k26 ('GENERAL' [h=519214B0,$0097E4E0])]
      054 03000022   CLOSURE r3 := closure(0, r3...)
      055 04000062   CLOSURE r4 := closure(1, r4...)
      056 050006C1     LOADK r5 := k27 ('[neut]' [h=5F57153B,$0097E4C0])
      057 06000701     LOADK r6 := k28 ('' [h=00000000,$009A78C0])
      058 070045C6  GETTABLE r7 := r0[k29 ('sType' [h=10E81B1C,$009ABF60])]
      059 08040003   LOADNIL r8 ... r8
      060 07038018      TEST not r7: r7 := r7 ; or skip
      061 00800054       JMP +2 ; 64
      062 090045C6  GETTABLE r9 := r0[k29 ('sType' [h=10E81B1C,$009ABF60])]
      063 08010246  GETTABLE r8 := r2[r9]
      064 08040018      TEST not r8: r8 := r8 ; or skip
      065 00800294       JMP +11 ; 77
      066 09043F06  GETTABLE r9 := r8[k2 ('messageColor' [h=27C43F52,$0097E680])]
      067 09048018      TEST not r9: r9 := r9 ; or skip
      068 00800014       JMP +1 ; 70
      069 05043F06  GETTABLE r5 := r8[k2 ('messageColor' [h=27C43F52,$0097E680])]
      070 09043F86  GETTABLE r9 := r8[k4 ('prefix' [h=B6425B2A,$0097E640])]
      071 09048018      TEST not r9: r9 := r9 ; or skip
      072 00800154       JMP +6 ; 79
      073 09043F86  GETTABLE r9 := r8[k4 ('prefix' [h=B6425B2A,$0097E640])]
      074 0A000781     LOADK r10 := k30 (':[n]' [h=006CEDFB,$0097DB40])
      075 06048293    CONCAT r6 := r9 ... r10
      076 00800054       JMP +2 ; 79
      077 09014506  GETTABLE r9 := r2[k26 ('GENERAL' [h=519214B0,$0097E4E0])]
      078 0504BF06  GETTABLE r5 := r9[k2 ('messageColor' [h=27C43F52,$0097E680])]
      079 09000701     LOADK r9 := k28 ('' [h=00000000,$009A78C0])
      080 0A018000      MOVE r10 := r3
      081 0B038000      MOVE r11 := r7
      082 0A010099      CALL r10 (1 args) => 1 results
      083 0A050018      TEST not r10: r10 := r10 ; or skip
      084 00800014       JMP +1 ; 86
      085 008001D4       JMP +8 ; 94
      086 0A004646  GETTABLE r10 := r0[k31 ('vIdx' [h=008511D1,$0097DB20])]
      087 0A050018      TEST not r10: r10 := r10 ; or skip
      088 00800114       JMP +5 ; 94
      089 0A000805 GETGLOBAL r10 := _G[k32 ('tostring' [h=787EB105,$00990700])]
      090 0B0007C5 GETGLOBAL r11 := _G[k31 ('vIdx' [h=008511D1,$0097DB20])]
      091 0A010099      CALL r10 (1 args) => 1 results
      092 0B000841     LOADK r11 := k33 ('. ' [h=00000CE4,$0097DB00])
      093 090502D3    CONCAT r9 := r10 ... r11
      094 0A004706  GETTABLE r10 := r0[k34 ('tCounter' [h=A03640CE,$0097DAE0])]
      095 0B000701     LOADK r11 := k28 ('' [h=00000000,$009A78C0])
      096 0A050018      TEST not r10: r10 := r10 ; or skip
      097 008003D4       JMP +16 ; 114
      098 0C054746  GETTABLE r12 := r10[k35 ('vCurr' [h=12274736,$0097DAA0])]
      099 0C060018      TEST not r12: r12 := r12 ; or skip
      100 00800314       JMP +13 ; 114
      101 0C054786  GETTABLE r12 := r10[k36 ('vLim' [h=00741718,$0097DA80])]
      102 0C060018      TEST not r12: r12 := r12 ; or skip
      103 00800254       JMP +10 ; 114
      104 0C000941     LOADK r12 := k37 (' (' [h=00000D10,$0097DA60])
      105 0D000805 GETGLOBAL r13 := _G[k32 ('tostring' [h=787EB105,$00990700])]
      106 0E054746  GETTABLE r14 := r10[k35 ('vCurr' [h=12274736,$0097DAA0])]
      107 0D010099      CALL r13 (1 args) => 1 results
      108 0E000981     LOADK r14 := k38 ('/' [h=0000004E,$0097DA40])
      109 0F000805 GETGLOBAL r15 := _G[k32 ('tostring' [h=787EB105,$00990700])]
      110 10054786  GETTABLE r16 := r10[k36 ('vLim' [h=00741718,$0097DA80])]
      111 0F010099      CALL r15 (1 args) => 1 results
      112 100009C1     LOADK r16 := k39 (')' [h=00000048,$0097DA20])
      113 0B060413    CONCAT r11 := r12 ... r16
      114 0C008000      MOVE r12 := r1
      115 0D058000      MOVE r13 := r11
      116 0C060353    CONCAT r12 := r12 ... r13
      117 0D018000      MOVE r13 := r3
      118 0E038000      MOVE r14 := r7
      119 0D010099      CALL r13 (1 args) => 1 results
      120 0D068018      TEST not r13: r13 := r13 ; or skip
      121 00800094       JMP +3 ; 125
      122 0D048000      MOVE r13 := r9
      123 0E060000      MOVE r14 := r12
      124 0C068393    CONCAT r12 := r13 ... r14
      125 0D004886  GETTABLE r13 := r0[k40 ('sObjective' [h=E517B654,$0097D9E0])]
      126 0106C8D5       BNE r13 != k41 (nil)
      127 008000D4       JMP +4 ; 132
      128 0E000A85 GETGLOBAL r14 := _G[k42 ('Objective_SetShortDescription' [h=3CB3128C,$00A3FE00])]
      129 0F068000      MOVE r15 := r13
      130 10060000      MOVE r16 := r12
      131 0E018059      CALL r14 (2 args) => 0 results
      132 0E028000      MOVE r14 := r5
      133 0F030000      MOVE r15 := r6
      134 10060000      MOVE r16 := r12
      135 0C070413    CONCAT r12 := r14 ... r16
      136 0E004946  GETTABLE r14 := r0[k43 ('bClrQueue' [h=8D1ED2C0,$0097D9C0])]
      137 0F008002  LOADBOOL r15 := True
      138 000703D5       BEQ r14 == r15
      139 00800054       JMP +2 ; 142
      140 0E000B05 GETGLOBAL r14 := _G[k44 ('Ui_MessageBoxClear' [h=4C1CADC6,$00A40980])]
      141 0E008059      CALL r14 (0 args) => 0 results
      142 0E000B45 GETGLOBAL r14 := _G[k45 ('Ui_MessageBoxPrint' [h=CF59BB03,$00A01B00])]
      143 0F060000      MOVE r15 := r12
      144 10000B81     LOADK r16 := k46 (0.0)
      145 0E018059      CALL r14 (2 args) => 0 results
      146 0000801B    RETURN r0 ... r-1
  [Node$01CAC328] 'tSW_challenge_destroy_dmz01' [h=6E499F62,$009CD440]: table$0099EEC0[a=0,h=64]
  [Node$01CAC33C] 'SW_challenge_homerun_prp2dmz_01_End' [h=698CFF63,$00A06180]: function$009C5540 'SW_challenge_homerun_prp2dmz_01_End' [h=698CFF63,$00A06180]
    CONST$00963110 k0  'challenge_Recycler_End' [h=F30AB795,$009E4CC0]
    CONST$00963118 k1  'tSW_challenge_homerun_prp2dmz_01' [h=98FBDA5C,$009F8C40]
    CODE $00963100
      000 00000005 GETGLOBAL r0 := _G[k0 ('challenge_Recycler_End' [h=F30AB795,$009E4CC0])]
      001 01000045 GETGLOBAL r1 := _G[k1 ('tSW_challenge_homerun_prp2dmz_01' [h=98FBDA5C,$009F8C40])]
      002 00010059      CALL r0 (1 args) => 0 results
      003 0000801B    RETURN r0 ... r-1
  [Node$01CAC350] 'Utility_SetDamageTableValue' [h=823278BA,$00A096C0]: cfunction$002C4FE8 'Utility_SetDamageTableValue' [h=823278BA,$00A096C0]
  [Node$01CAC364] 'nenc_ff3538' [h=AE81857F,$0099B0E0]: table$00989520[a=0,h=4]
    [Node$00AAA7D4] 'tLocationObjectsA' [h=2C5376F5,$00A01980]: table$0097F6C0[a=8,h=1]
    [Node$00AAA7E8] 'sEncounter' [h=4CD961D9,$009A5C20]: 'ff3538' [h=3BAB8249,$0099AC40]
    [Node$00AAA7FC] 'tLocationObjectsB' [h=CEC61813,$00A073C0]: table$0097F200[a=8,h=1]
  [Node$01CAC378] 'Event_ActorVerified' [h=38B70F66,$00A41A00]: cfunction$002BEE88 'Event_ActorVerified' [h=38B70F66,$00A41A00]
  [Node$01CAC38C] 'loc_ff1412_v_n' [h=94B069D2,$0098DE60]: table$009A52A0[a=2,h=1]
  [Node$01CAC3A0] 'Utility_GetPointWithinSporeRadius' [h=14591CCA,$00A01440]: cfunction$002C3C48 'Utility_GetPointWithinSporeRadius' [h=14591CCA,$00A01440]
  [Node$01CAC3B4] 'loc_ff1947_v_n' [h=0D70618C,$009AC3E0]: table$00982FC0[a=2,h=1]
  [Node$01CAC3C8] 'LoadNoMissionState' [h=0A80858D,$009E1180]: function$009A6D40 'LoadNoMissionState' [h=0A80858D,$009E1180]
    CONST$00C88400 k0  'just_completed_std_mission' [h=0BED6798,$00A060C0]
    CONST$00C88408 k1  'Utility_ReadStringFromScribbleMemory' [h=5455F3B9,$00A0B700]
    CONST$00C88410 k2  'JustCompletedStandardMission' [h=6BAB4850,$00A3E9C0]
    CONST$00C88418 k3  'Utility_EraseValueFromScribbleMemory' [h=D5C200E6,$00A03000]
    CONST$00C88420 k4  'SpecialPostMissionActions' [h=3D2298AE,$00A02D40]
    CONST$00C88428 k5  'Utility_ReadNumberFromScribbleMemory' [h=2BB92038,$00A00C80]
    CONST$00C88430 k6  'chapter' [h=9A11FF20,$00997D80]
    CONST$00C88438 k7  'current_allies_mission' [h=CB04149F,$009E5800]
    CONST$00C88440 k8  'current_china_mission' [h=83A0A4EA,$009E5740]
    CONST$00C88448 k9  'current_mafia_mission' [h=C3DB5DB9,$009E5700]
    CONST$00C88450 k10 'current_sk_mission' [h=A983358C,$009E56C0]
    CONST$00C88458 k11 'util_PrintDebugMsg' [h=A2961C17,$00A11FC0]
    CONST$00C88460 k12 '[global.lua] LoadNoMissionState: chapter: ' [h=47DE6043,$00A3F500]
    CONST$00C88468 k13 '\n' [h=0000002B,$009A7280]
    CONST$00C88470 k14 '[global.lua] LoadNoMissionState: current_allies_mission: ' [h=B30D183F,$00AA14C0]
    CONST$00C88478 k15 '[global.lua] LoadNoMissionState: current_china_mission: ' [h=93438934,$00AA18C0]
    CONST$00C88480 k16 '[global.lua] LoadNoMissionState: current_mafia_mission: ' [h=491AD504,$00AA16C0]
    CONST$00C88488 k17 '[global.lua] LoadNoMissionState: current_sk_mission: ' [h=88F82D63,$00AA1540]
    CONST$00C88490 k18 'most_recent_mission_faction' [h=9A5E011B,$00A09D80]
    CONST$00C88498 k19 'EnableRestrictedZones' [h=10E5E82B,$00A02800]
    CONST$00C884A0 k20 'gameflow_CardStatusReport' [h=B6B13F24,$00A3FF40]
    CONST$00C884A8 k21 'Event_RelativeTimer' [h=AD23F6E2,$00A3EA80]
    CONST$00C884B0 k22 'SetupChallenges' [h=BCBE9688,$009A6200]
    CONST$00C884B8 k23 'b' [h=00000083,$009960C0]
    CONST$00C884C0 k24 1.0
    CONST$00C884C8 k25 'SpawnBouncers' [h=890E7871,$009A60A0]
    CONST$00C884D0 k26 'TRUE' [h=0067B195,$0098F4C0]
    CONST$00C884D8 k27 'EnableBouncers' [h=459C9068,$009A6080]
    CONST$00C884E0 k28 3.0
    CONST$00C884E8 k29 4.0
    CONST$00C884F0 k30 'SetupTeleport' [h=F5A2E4EA,$009A63A0]
    CONST$00C884F8 k31 'AttemptFactionMoodClamp' [h=9656C15D,$009DC780]
    CONST$00C88500 k32 'bDemoMissionSequence' [h=9E6A13ED,$00A12440]
    CONST$00C88508 k33 'DemoMailSent' [h=0FF3D674,$009A6420]
    CONST$00C88510 k34 'Utility_WriteNumberToScribbleMemory' [h=DCF55147,$009DC740]
    CONST$00C88518 k35 'Mail_Post' [h=CC9FDE1E,$0098E400]
    CONST$00C88520 k36 'demo' [h=00806456,$009A6440]
    CONST$00C88528 k37 'hEventPlayBGM' [h=A9A9089B,$009A6160]
    CONST$00C88530 k38 'PlayNoMissionStateBGM' [h=3A726FD9,$00A01C00]
    CONST$00C88538 k39 5.0
    CODE $00CE8F00
      000 00000045 GETGLOBAL r0 := _G[k1 ('Utility_ReadStringFromScribbleMemory' [h=5455F3B9,$00A0B700])]
      001 01000081     LOADK r1 := k2 ('JustCompletedStandardMission' [h=6BAB4850,$00A3E9C0])
      002 00010099      CALL r0 (1 args) => 1 results
      003 00000007 SETGLOBAL r0 ->> _G[k0 ('just_completed_std_mission' [h=0BED6798,$00A060C0])]
      004 00000005 GETGLOBAL r0 := _G[k0 ('just_completed_std_mission' [h=0BED6798,$00A060C0])]
      005 00000018      TEST not r0: r0 := r0 ; or skip
      006 00800154       JMP +6 ; 13
      007 000000C5 GETGLOBAL r0 := _G[k3 ('Utility_EraseValueFromScribbleMemory' [h=D5C200E6,$00A03000])]
      008 01000081     LOADK r1 := k2 ('JustCompletedStandardMission' [h=6BAB4850,$00A3E9C0])
      009 00010059      CALL r0 (1 args) => 0 results
      010 00000105 GETGLOBAL r0 := _G[k4 ('SpecialPostMissionActions' [h=3D2298AE,$00A02D40])]
      011 01000005 GETGLOBAL r1 := _G[k0 ('just_completed_std_mission' [h=0BED6798,$00A060C0])]
      012 00010059      CALL r0 (1 args) => 0 results
      013 00000145 GETGLOBAL r0 := _G[k5 ('Utility_ReadNumberFromScribbleMemory' [h=2BB92038,$00A00C80])]
      014 01000181     LOADK r1 := k6 ('chapter' [h=9A11FF20,$00997D80])
      015 00010099      CALL r0 (1 args) => 1 results
      016 01000145 GETGLOBAL r1 := _G[k5 ('Utility_ReadNumberFromScribbleMemory' [h=2BB92038,$00A00C80])]
      017 020001C1     LOADK r2 := k7 ('current_allies_mission' [h=CB04149F,$009E5800])
      018 01010099      CALL r1 (1 args) => 1 results
      019 02000145 GETGLOBAL r2 := _G[k5 ('Utility_ReadNumberFromScribbleMemory' [h=2BB92038,$00A00C80])]
      020 03000201     LOADK r3 := k8 ('current_china_mission' [h=83A0A4EA,$009E5740])
      021 02010099      CALL r2 (1 args) => 1 results
      022 03000145 GETGLOBAL r3 := _G[k5 ('Utility_ReadNumberFromScribbleMemory' [h=2BB92038,$00A00C80])]
      023 04000241     LOADK r4 := k9 ('current_mafia_mission' [h=C3DB5DB9,$009E5700])
      024 03010099      CALL r3 (1 args) => 1 results
      025 04000145 GETGLOBAL r4 := _G[k5 ('Utility_ReadNumberFromScribbleMemory' [h=2BB92038,$00A00C80])]
      026 05000281     LOADK r5 := k10 ('current_sk_mission' [h=A983358C,$009E56C0])
      027 04010099      CALL r4 (1 args) => 1 results
      028 050002C5 GETGLOBAL r5 := _G[k11 ('util_PrintDebugMsg' [h=A2961C17,$00A11FC0])]
      029 06000301     LOADK r6 := k12 ('[global.lua] LoadNoMissionState: chapter: ' [h=47DE6043,$00A3F500])
      030 07000000      MOVE r7 := r0
      031 08000341     LOADK r8 := k13 ('\n' [h=0000002B,$009A7280])
      032 06030213    CONCAT r6 := r6 ... r8
      033 05010059      CALL r5 (1 args) => 0 results
      034 050002C5 GETGLOBAL r5 := _G[k11 ('util_PrintDebugMsg' [h=A2961C17,$00A11FC0])]
      035 06000381     LOADK r6 := k14 ('[global.lua] LoadNoMissionState: current_allies_mission: ' [h=B30D183F,$00AA14C0])
      036 07008000      MOVE r7 := r1
      037 08000341     LOADK r8 := k13 ('\n' [h=0000002B,$009A7280])
      038 06030213    CONCAT r6 := r6 ... r8
      039 05010059      CALL r5 (1 args) => 0 results
      040 050002C5 GETGLOBAL r5 := _G[k11 ('util_PrintDebugMsg' [h=A2961C17,$00A11FC0])]
      041 060003C1     LOADK r6 := k15 ('[global.lua] LoadNoMissionState: current_china_mission: ' [h=93438934,$00AA18C0])
      042 07010000      MOVE r7 := r2
      043 08000341     LOADK r8 := k13 ('\n' [h=0000002B,$009A7280])
      044 06030213    CONCAT r6 := r6 ... r8
      045 05010059      CALL r5 (1 args) => 0 results
      046 050002C5 GETGLOBAL r5 := _G[k11 ('util_PrintDebugMsg' [h=A2961C17,$00A11FC0])]
      047 06000401     LOADK r6 := k16 ('[global.lua] LoadNoMissionState: current_mafia_mission: ' [h=491AD504,$00AA16C0])
      048 07018000      MOVE r7 := r3
      049 08000341     LOADK r8 := k13 ('\n' [h=0000002B,$009A7280])
      050 06030213    CONCAT r6 := r6 ... r8
      051 05010059      CALL r5 (1 args) => 0 results
      052 050002C5 GETGLOBAL r5 := _G[k11 ('util_PrintDebugMsg' [h=A2961C17,$00A11FC0])]
      053 06000441     LOADK r6 := k17 ('[global.lua] LoadNoMissionState: current_sk_mission: ' [h=88F82D63,$00AA1540])
      054 07020000      MOVE r7 := r4
      055 08000341     LOADK r8 := k13 ('\n' [h=0000002B,$009A7280])
      056 06030213    CONCAT r6 := r6 ... r8
      057 05010059      CALL r5 (1 args) => 0 results
      058 05000045 GETGLOBAL r5 := _G[k1 ('Utility_ReadStringFromScribbleMemory' [h=5455F3B9,$00A0B700])]
      059 06000481     LOADK r6 := k18 ('most_recent_mission_faction' [h=9A5E011B,$00A09D80])
      060 05010099      CALL r5 (1 args) => 1 results
      061 05028018      TEST not r5: r5 := r5 ; or skip
      062 00800094       JMP +3 ; 66
      063 060004C5 GETGLOBAL r6 := _G[k19 ('EnableRestrictedZones' [h=10E5E82B,$00A02800])]
      064 07028000      MOVE r7 := r5
      065 06010059      CALL r6 (1 args) => 0 results
      066 06000505 GETGLOBAL r6 := _G[k20 ('gameflow_CardStatusReport' [h=B6B13F24,$00A3FF40])]
      067 06008059      CALL r6 (0 args) => 0 results
      068 06000545 GETGLOBAL r6 := _G[k21 ('Event_RelativeTimer' [h=AD23F6E2,$00A3EA80])]
      069 07000581     LOADK r7 := k22 ('SetupChallenges' [h=BCBE9688,$009A6200])
      070 080005C1     LOADK r8 := k23 ('b' [h=00000083,$009960C0])
      071 09000601     LOADK r9 := k24 (1.0)
      072 06020059      CALL r6 (3 args) => 0 results
      073 06000645 GETGLOBAL r6 := _G[k25 ('SpawnBouncers' [h=890E7871,$009A60A0])]
      074 07000685 GETGLOBAL r7 := _G[k26 ('TRUE' [h=0067B195,$0098F4C0])]
      075 06010059      CALL r6 (1 args) => 0 results
      076 060006C5 GETGLOBAL r6 := _G[k27 ('EnableBouncers' [h=459C9068,$009A6080])]
      077 07000685 GETGLOBAL r7 := _G[k26 ('TRUE' [h=0067B195,$0098F4C0])]
      078 06010059      CALL r6 (1 args) => 0 results
      079 01004595       BNE r0 != k28 (3.0)
      080 00800054       JMP +2 ; 83
      081 000045D5       BEQ r0 == k29 (4.0)
      082 00800054       JMP +2 ; 85
      083 06000785 GETGLOBAL r6 := _G[k30 ('SetupTeleport' [h=F5A2E4EA,$009A63A0])]
      084 06008059      CALL r6 (0 args) => 0 results
      085 060007C5 GETGLOBAL r6 := _G[k31 ('AttemptFactionMoodClamp' [h=9656C15D,$009DC780])]
      086 06008059      CALL r6 (0 args) => 0 results
      087 06000805 GETGLOBAL r6 := _G[k32 ('bDemoMissionSequence' [h=9E6A13ED,$00A12440])]
      088 06030018      TEST not r6: r6 := r6 ; or skip
      089 008002D4       JMP +12 ; 102
      090 06000145 GETGLOBAL r6 := _G[k5 ('Utility_ReadNumberFromScribbleMemory' [h=2BB92038,$00A00C80])]
      091 07000841     LOADK r7 := k33 ('DemoMailSent' [h=0FF3D674,$009A6420])
      092 06010099      CALL r6 (1 args) => 1 results
      093 06030058      TEST r6: r6 := r6 ; or skip
      094 00800194       JMP +7 ; 102
      095 06000885 GETGLOBAL r6 := _G[k34 ('Utility_WriteNumberToScribbleMemory' [h=DCF55147,$009DC740])]
      096 07000841     LOADK r7 := k33 ('DemoMailSent' [h=0FF3D674,$009A6420])
      097 08000601     LOADK r8 := k24 (1.0)
      098 06018059      CALL r6 (2 args) => 0 results
      099 060008C5 GETGLOBAL r6 := _G[k35 ('Mail_Post' [h=CC9FDE1E,$0098E400])]
      100 07000901     LOADK r7 := k36 ('demo' [h=00806456,$009A6440])
      101 06010059      CALL r6 (1 args) => 0 results
      102 06000545 GETGLOBAL r6 := _G[k21 ('Event_RelativeTimer' [h=AD23F6E2,$00A3EA80])]
      103 07000981     LOADK r7 := k38 ('PlayNoMissionStateBGM' [h=3A726FD9,$00A01C00])
      104 080005C1     LOADK r8 := k23 ('b' [h=00000083,$009960C0])
      105 090009C1     LOADK r9 := k39 (5.0)
      106 06020099      CALL r6 (3 args) => 1 results
      107 06000947 SETGLOBAL r6 ->> _G[k37 ('hEventPlayBGM' [h=A9A9089B,$009A6160])]
      108 0000801B    RETURN r0 ... r-1
  [Node$01CAC3DC] 'loc_ff3311_v_n' [h=03FC776B,$009A1DC0]: table$00988C40[a=2,h=1]
    [0:$0095EF90] 'ff3311_v3' [h=101BA1EA,$009930E0]
    [1:$0095EF98] 'ff3311_v4' [h=60C0F87E,$009C6180]
  [Node$01CAC3F0] 'challenge_Spawned' [h=2573BF06,$009D6B40]: function$00994980 'challenge_Spawned' [h=2573BF06,$009D6B40]
    CONST$0095EEB0 k0  'g_tChallangeSpawned' [h=C3DC94E5,$009E44C0]
    CONST$0095EEB8 k1  nil
    CODE $0099C300
      000 00000005 GETGLOBAL r0 := _G[k0 ('g_tChallangeSpawned' [h=C3DC94E5,$009E44C0])]
      001 00003ED5       BEQ r0 == k1 (nil)
      002 00800054       JMP +2 ; 5
      003 0000000A  NEWTABLE r0 := {} (#a=0, #h=0)
      004 00000007 SETGLOBAL r0 ->> _G[k0 ('g_tChallangeSpawned' [h=C3DC94E5,$009E44C0])]
      005 00000005 GETGLOBAL r0 := _G[k0 ('g_tChallangeSpawned' [h=C3DC94E5,$009E44C0])]
      006 0001001B    RETURN r0 ... r0
      007 0000801B    RETURN r0 ... r-1
  [Node$01CAC404] 'SW_challenge_Race01_QuestionBox' [h=5D11476D,$009CF4C0]: function$009A9860 'SW_challenge_Race01_QuestionBox' [h=5D11476D,$009CF4C0]
    CONST$00962E30 k0  'challenge_Recycler_QuestionBox' [h=BB143599,$00A40480]
    CONST$00962E38 k1  'tSW_Challenge_Race01' [h=913D041D,$009D3D40]
    CODE $0099C520
      000 03000005 GETGLOBAL r3 := _G[k0 ('challenge_Recycler_QuestionBox' [h=BB143599,$00A40480])]
      001 04000045 GETGLOBAL r4 := _G[k1 ('tSW_Challenge_Race01' [h=913D041D,$009D3D40])]
      002 05000000      MOVE r5 := r0
      003 06008000      MOVE r6 := r1
      004 07010000      MOVE r7 := r2
      005 03028059      CALL r3 (4 args) => 0 results
      006 0000801B    RETURN r0 ... r-1
  [Node$01CAC418] 'Utility_SuspendLoading' [h=C5D26F6E,$009E2AC0]: cfunction$002F8288 'Utility_SuspendLoading' [h=C5D26F6E,$009E2AC0]
  [Node$01CAC42C] 'ActorVehicle_EnableRotorEffects' [h=1613BF6F,$009DAF80]: cfunction$002AFBF8 'ActorVehicle_EnableRotorEffects' [h=1613BF6F,$009DAF80]
  [Node$01CAC440] 'loc_ff1947_s' [h=1157C991,$0099A440]: table$0098A920[a=8,h=1]
  [Node$01CAC454] 'type' [h=0070EF71,$00990720]: cfunction$003B8758 'type' [h=0070EF71,$00990720]
  [Node$01CAC468] 'Actor_SetYaw' [h=B08E3772,$00977AA0]: cfunction$002AC560 'Actor_SetYaw' [h=B08E3772,$00977AA0]
  [Node$01CAC47C] 'loc_ff3113_v_n' [h=DFB41773,$0099F1C0]: table$009A3B60[a=2,h=1]
  [Node$01CAC490] 'SpawnBouncer' [h=7FCD8599,$009A9880]: function$009A3000 'SpawnBouncer' [h=7FCD8599,$009A9880]
    CONST$00C3E140 k0  'TRUE' [h=0067B195,$0098F4C0]
    CONST$00C3E148 k1  'ShouldBouncerBeSpawned' [h=AD148652,$00A399C0]
    CONST$00C3E150 k2  'util_Mission_SpawnAtLocation' [h=D7EB7DB0,$009FFA40]
    CONST$00C3E158 k3  'bouncers' [h=5D6099E4,$00981180]
    CONST$00C3E160 k4  'templateName' [h=C295E8F5,$009A9B00]
    CONST$00C3E168 k5  'actorName' [h=4EB2E2FD,$00997FC0]
    CONST$00C3E170 k6  'locationName' [h=04B7F25D,$0099DCC0]
    CONST$00C3E178 k7  'ObjectifyBouncer' [h=C615EFDA,$00A39B00]
    CONST$00C3E180 k8  'spawned' [h=DAA16BD1,$00999460]
    CONST$00C3E188 k9  'killedEventHandle' [h=CA104530,$00A39B80]
    CONST$00C3E190 k10 'Event_ActorHitPointsLessThan' [h=A14D40BC,$00A24E80]
    CONST$00C3E198 k11 'BouncerKilled' [h=DE730B9A,$0099E960]
    CONST$00C3E1A0 k12 'b' [h=00000083,$009960C0]
    CONST$00C3E1A8 k13 1.0
    CONST$00C3E1B0 k14 'attitudeChangeHandle' [h=F70DF901,$00A010C0]
    CONST$00C3E1B8 k15 'Event_FactionAttitudeChange' [h=14A2E8E2,$009E4A00]
    CONST$00C3E1C0 k16 'FactionAttitudeChange' [h=FCF14BCB,$00A39B40]
    CONST$00C3E1C8 k17 'faction' [h=0C8443BB,$009A6360]
    CONST$00C3E1D0 k18 'prokat' [h=854F88C7,$009A6820]
    CONST$00C3E1D8 k19 'FALSE' [h=0E4B730F,$009965C0]
    CONST$00C3E1E0 k20 'Actor_Remove' [h=3657B3EC,$00977B00]
    CONST$00C3E1E8 k21 'Event_CancelEvent' [h=D8960070,$00A08280]
    CONST$00C3E1F0 k22 'util_PrintDebugMsg' [h=A2961C17,$00A11FC0]
    CONST$00C3E1F8 k23 '[BOUNCER] SpawnBouncer: ' [h=26F85A95,$00A39E00]
    CONST$00C3E200 k24 'spawning' [h=783D0E24,$00999340]
    CONST$00C3E208 k25 'removing' [h=454188D4,$009C3900]
    CONST$00C3E210 k26 ' ' [h=00000041,$009C76C0]
    CONST$00C3E218 k27 ' bouncer; success: ' [h=72E8CEDE,$00A398C0]
    CONST$00C3E220 k28 'tostring' [h=787EB105,$00990700]
    CONST$00C3E228 k29 '\n' [h=0000002B,$009A7280]
    CODE $00CF70C0
      000 02000005 GETGLOBAL r2 := _G[k0 ('TRUE' [h=0067B195,$0098F4C0])]
      001 00000018      TEST not r0: r0 := r0 ; or skip
      002 00800C14       JMP +49 ; 52
      003 03000045 GETGLOBAL r3 := _G[k1 ('ShouldBouncerBeSpawned' [h=AD148652,$00A399C0])]
      004 04008000      MOVE r4 := r1
      005 03010099      CALL r3 (1 args) => 1 results
      006 03018018      TEST not r3: r3 := r3 ; or skip
      007 00800A54       JMP +42 ; 50
      008 03000085 GETGLOBAL r3 := _G[k2 ('util_Mission_SpawnAtLocation' [h=D7EB7DB0,$009FFA40])]
      009 040000C5 GETGLOBAL r4 := _G[k3 ('bouncers' [h=5D6099E4,$00981180])]
      010 04020046  GETTABLE r4 := r4[r1]
      011 04023F86  GETTABLE r4 := r4[k4 ('templateName' [h=C295E8F5,$009A9B00])]
      012 050000C5 GETGLOBAL r5 := _G[k3 ('bouncers' [h=5D6099E4,$00981180])]
      013 05028046  GETTABLE r5 := r5[r1]
      014 0502BFC6  GETTABLE r5 := r5[k5 ('actorName' [h=4EB2E2FD,$00997FC0])]
      015 060000C5 GETGLOBAL r6 := _G[k3 ('bouncers' [h=5D6099E4,$00981180])]
      016 06030046  GETTABLE r6 := r6[r1]
      017 06034006  GETTABLE r6 := r6[k6 ('locationName' [h=04B7F25D,$0099DCC0])]
      018 03020059      CALL r3 (3 args) => 0 results
      019 030001C5 GETGLOBAL r3 := _G[k7 ('ObjectifyBouncer' [h=C615EFDA,$00A39B00])]
      020 04000000      MOVE r4 := r0
      021 05008000      MOVE r5 := r1
      022 03018059      CALL r3 (2 args) => 0 results
      023 030000C5 GETGLOBAL r3 := _G[k3 ('bouncers' [h=5D6099E4,$00981180])]
      024 03018046  GETTABLE r3 := r3[r1]
      025 04000005 GETGLOBAL r4 := _G[k0 ('TRUE' [h=0067B195,$0098F4C0])]
      026 03810109  SETTABLE r4 ->> r3[k8 ('spawned' [h=DAA16BD1,$00999460])]
      027 030000C5 GETGLOBAL r3 := _G[k3 ('bouncers' [h=5D6099E4,$00981180])]
      028 03018046  GETTABLE r3 := r3[r1]
      029 04000285 GETGLOBAL r4 := _G[k10 ('Event_ActorHitPointsLessThan' [h=A14D40BC,$00A24E80])]
      030 050002C1     LOADK r5 := k11 ('BouncerKilled' [h=DE730B9A,$0099E960])
      031 06000301     LOADK r6 := k12 ('b' [h=00000083,$009960C0])
      032 070000C5 GETGLOBAL r7 := _G[k3 ('bouncers' [h=5D6099E4,$00981180])]
      033 07038046  GETTABLE r7 := r7[r1]
      034 0703BFC6  GETTABLE r7 := r7[k5 ('actorName' [h=4EB2E2FD,$00997FC0])]
      035 08000341     LOADK r8 := k13 (1.0)
      036 04028099      CALL r4 (4 args) => 1 results
      037 03818109  SETTABLE r4 ->> r3[k9 ('killedEventHandle' [h=CA104530,$00A39B80])]
      038 030000C5 GETGLOBAL r3 := _G[k3 ('bouncers' [h=5D6099E4,$00981180])]
      039 03018046  GETTABLE r3 := r3[r1]
      040 040003C5 GETGLOBAL r4 := _G[k15 ('Event_FactionAttitudeChange' [h=14A2E8E2,$009E4A00])]
      041 05000401     LOADK r5 := k16 ('FactionAttitudeChange' [h=FCF14BCB,$00A39B40])
      042 06000301     LOADK r6 := k12 ('b' [h=00000083,$009960C0])
      043 070000C5 GETGLOBAL r7 := _G[k3 ('bouncers' [h=5D6099E4,$00981180])]
      044 07038046  GETTABLE r7 := r7[r1]
      045 0703C2C6  GETTABLE r7 := r7[k17 ('faction' [h=0C8443BB,$009A6360])]
      046 08000481     LOADK r8 := k18 ('prokat' [h=854F88C7,$009A6820])
      047 04028099      CALL r4 (4 args) => 1 results
      048 03840109  SETTABLE r4 ->> r3[k14 ('attitudeChangeHandle' [h=F70DF901,$00A010C0])]
      049 00800794       JMP +31 ; 81
      050 020004C5 GETGLOBAL r2 := _G[k19 ('FALSE' [h=0E4B730F,$009965C0])]
      051 00800714       JMP +29 ; 81
      052 03000505 GETGLOBAL r3 := _G[k20 ('Actor_Remove' [h=3657B3EC,$00977B00])]
      053 040000C5 GETGLOBAL r4 := _G[k3 ('bouncers' [h=5D6099E4,$00981180])]
      054 04020046  GETTABLE r4 := r4[r1]
      055 04023FC6  GETTABLE r4 := r4[k5 ('actorName' [h=4EB2E2FD,$00997FC0])]
      056 03010059      CALL r3 (1 args) => 0 results
      057 030001C5 GETGLOBAL r3 := _G[k7 ('ObjectifyBouncer' [h=C615EFDA,$00A39B00])]
      058 04000000      MOVE r4 := r0
      059 05008000      MOVE r5 := r1
      060 03018059      CALL r3 (2 args) => 0 results
      061 030000C5 GETGLOBAL r3 := _G[k3 ('bouncers' [h=5D6099E4,$00981180])]
      062 03018046  GETTABLE r3 := r3[r1]
      063 040004C5 GETGLOBAL r4 := _G[k19 ('FALSE' [h=0E4B730F,$009965C0])]
      064 03810109  SETTABLE r4 ->> r3[k8 ('spawned' [h=DAA16BD1,$00999460])]
      065 030000C5 GETGLOBAL r3 := _G[k3 ('bouncers' [h=5D6099E4,$00981180])]
      066 03018046  GETTABLE r3 := r3[r1]
      067 04000545 GETGLOBAL r4 := _G[k21 ('Event_CancelEvent' [h=D8960070,$00A08280])]
      068 050000C5 GETGLOBAL r5 := _G[k3 ('bouncers' [h=5D6099E4,$00981180])]
      069 05028046  GETTABLE r5 := r5[r1]
      070 0502C0C6  GETTABLE r5 := r5[k9 ('killedEventHandle' [h=CA104530,$00A39B80])]
      071 04010099      CALL r4 (1 args) => 1 results
      072 03818109  SETTABLE r4 ->> r3[k9 ('killedEventHandle' [h=CA104530,$00A39B80])]
      073 030000C5 GETGLOBAL r3 := _G[k3 ('bouncers' [h=5D6099E4,$00981180])]
      074 03018046  GETTABLE r3 := r3[r1]
      075 04000545 GETGLOBAL r4 := _G[k21 ('Event_CancelEvent' [h=D8960070,$00A08280])]
      076 050000C5 GETGLOBAL r5 := _G[k3 ('bouncers' [h=5D6099E4,$00981180])]
      077 05028046  GETTABLE r5 := r5[r1]
      078 0502C206  GETTABLE r5 := r5[k14 ('attitudeChangeHandle' [h=F70DF901,$00A010C0])]
      079 04010099      CALL r4 (1 args) => 1 results
      080 03840109  SETTABLE r4 ->> r3[k14 ('attitudeChangeHandle' [h=F70DF901,$00A010C0])]
      081 03000585 GETGLOBAL r3 := _G[k22 ('util_PrintDebugMsg' [h=A2961C17,$00A11FC0])]
      082 040005C1     LOADK r4 := k23 ('[BOUNCER] SpawnBouncer: ' [h=26F85A95,$00A39E00])
      083 03010059      CALL r3 (1 args) => 0 results
      084 00000018      TEST not r0: r0 := r0 ; or skip
      085 008000D4       JMP +4 ; 90
      086 03000585 GETGLOBAL r3 := _G[k22 ('util_PrintDebugMsg' [h=A2961C17,$00A11FC0])]
      087 04000601     LOADK r4 := k24 ('spawning' [h=783D0E24,$00999340])
      088 03010059      CALL r3 (1 args) => 0 results
      089 00800094       JMP +3 ; 93
      090 03000585 GETGLOBAL r3 := _G[k22 ('util_PrintDebugMsg' [h=A2961C17,$00A11FC0])]
      091 04000641     LOADK r4 := k25 ('removing' [h=454188D4,$009C3900])
      092 03010059      CALL r3 (1 args) => 0 results
      093 03000585 GETGLOBAL r3 := _G[k22 ('util_PrintDebugMsg' [h=A2961C17,$00A11FC0])]
      094 04000681     LOADK r4 := k26 (' ' [h=00000041,$009C76C0])
      095 05008000      MOVE r5 := r1
      096 060006C1     LOADK r6 := k27 (' bouncer; success: ' [h=72E8CEDE,$00A398C0])
      097 07000705 GETGLOBAL r7 := _G[k28 ('tostring' [h=787EB105,$00990700])]
      098 08010000      MOVE r8 := r2
      099 07010099      CALL r7 (1 args) => 1 results
      100 08000741     LOADK r8 := k29 ('\n' [h=0000002B,$009A7280])
      101 04020213    CONCAT r4 := r4 ... r8
      102 03010059      CALL r3 (1 args) => 0 results
      103 0201001B    RETURN r2 ... r2
      104 0000801B    RETURN r0 ... r-1
  [Node$01CAC4A4] 'challenge_SpawnDefaultNameCollision' [h=42216775,$009E12C0]: function$009A2140 'challenge_SpawnDefaultNameCollision' [h=42216775,$009E12C0]
    CONST$00A04600 k0  'bUnique' [h=9233073F,$009A4A20]
    CONST$00A04608 k1  'nDistanceFromPlayerDelete' [h=85C78523,$00A0BC00]
    CONST$00A04610 k2  150.0
    CONST$00A04618 k3  'bCheckForRiders' [h=902CCF51,$0099A180]
    CONST$00A04620 k4  'bRemoveNamedRiders' [h=B01EE30E,$009E8B80]
    CODE $00A3EC00
      000 000000CA  NEWTABLE r0 := {} (#a=0, #h=3)
      001 01008002  LOADBOOL r1 := True
      002 007D0049  SETTABLE r1 ->> r0[k0 ('bUnique' [h=9233073F,$009A4A20])]
      003 007DBF09  SETTABLE k2 (150.0) ->> r0[k1 ('nDistanceFromPlayerDelete' [h=85C78523,$00A0BC00])]
      004 01000002  LOADBOOL r1 := False
      005 007E8049  SETTABLE r1 ->> r0[k3 ('bCheckForRiders' [h=902CCF51,$0099A180])]
      006 01008002  LOADBOOL r1 := True
      007 007F0049  SETTABLE r1 ->> r0[k4 ('bRemoveNamedRiders' [h=B01EE30E,$009E8B80])]
      008 0001001B    RETURN r0 ... r0
      009 0000801B    RETURN r0 ... r-1
  [Node$01CAC4B8] 'FirstTimeInNW' [h=7FA3C19B,$0099A820]: function$009A7540 'FirstTimeInNW' [h=7FA3C19B,$0099A820]
    CONST$00A83AC0 k0  'help_radiation' [h=C2292FB1,$009A36A0]
    CONST$00A83AC8 k1  'ipairs' [h=B6F4A157,$00990680]
    CONST$00A83AD0 k2  'Mail_Post' [h=CC9FDE1E,$0098E400]
    CONST$00A83AD8 k3  'global_northmap' [h=0EB2932B,$00995CA0]
    CONST$00A83AE0 k4  'help_provinces' [h=96088014,$009A9A40]
    CONST$00A83AE8 k5  'Unlockable_AceOfDiamondsMissionJustWon' [h=C611D063,$009E27C0]
    CONST$00A83AF0 k6  'Utility_SavePlayerData' [h=808E8486,$00A06100]
    CONST$00A83AF8 k7  'AltCostumeDialog' [h=693A4EEE,$009FC200]
    CONST$00A83B00 k8  'Ch3VO' [h=10BE5405,$0099CD20]
    CONST$00A83B08 k9  'Event_RelativeTimer' [h=AD23F6E2,$00A3EA80]
    CONST$00A83B10 k10 'b' [h=00000083,$009960C0]
    CONST$00A83B18 k11 1.0
    CODE $00A838C0
      000 0000800A  NEWTABLE r0 := {} (#a=1, #h=0)
      001 01000001     LOADK r1 := k0 ('help_radiation' [h=C2292FB1,$009A36A0])
      002 0000001F   SETLIST r0 [0]
      003 01000045 GETGLOBAL r1 := _G[k1 ('ipairs' [h=B6F4A157,$00990680])]
      004 02000000      MOVE r2 := r0
      005 01010159      CALL r1 (1 args) => 4 results
      006 0180009E  TFORPREP WIP
      007 05000085 GETGLOBAL r5 := _G[k2 ('Mail_Post' [h=CC9FDE1E,$0098E400])]
      008 06020000      MOVE r6 := r4
      009 05010059      CALL r5 (1 args) => 0 results
      010 0100005D  TFORLOOP WIP
      011 007FFE94       JMP -5 ; 7
      012 01000085 GETGLOBAL r1 := _G[k2 ('Mail_Post' [h=CC9FDE1E,$0098E400])]
      013 020000C1     LOADK r2 := k3 ('global_northmap' [h=0EB2932B,$00995CA0])
      014 01010059      CALL r1 (1 args) => 0 results
      015 01000085 GETGLOBAL r1 := _G[k2 ('Mail_Post' [h=CC9FDE1E,$0098E400])]
      016 02000101     LOADK r2 := k4 ('help_provinces' [h=96088014,$009A9A40])
      017 01010059      CALL r1 (1 args) => 0 results
      018 01000145 GETGLOBAL r1 := _G[k5 ('Unlockable_AceOfDiamondsMissionJustWon' [h=C611D063,$009E27C0])]
      019 01008059      CALL r1 (0 args) => 0 results
      020 01000185 GETGLOBAL r1 := _G[k6 ('Utility_SavePlayerData' [h=808E8486,$00A06100])]
      021 01008059      CALL r1 (0 args) => 0 results
      022 01000022   CLOSURE r1 := closure(0, r1...)
      023 010001C7 SETGLOBAL r1 ->> _G[k7 ('AltCostumeDialog' [h=693A4EEE,$009FC200])]
      024 01000062   CLOSURE r1 := closure(1, r1...)
      025 01000207 SETGLOBAL r1 ->> _G[k8 ('Ch3VO' [h=10BE5405,$0099CD20])]
      026 01000245 GETGLOBAL r1 := _G[k9 ('Event_RelativeTimer' [h=AD23F6E2,$00A3EA80])]
      027 020001C1     LOADK r2 := k7 ('AltCostumeDialog' [h=693A4EEE,$009FC200])
      028 03000281     LOADK r3 := k10 ('b' [h=00000083,$009960C0])
      029 040002C1     LOADK r4 := k11 (1.0)
      030 01020059      CALL r1 (3 args) => 0 results
      031 0000801B    RETURN r0 ... r-1
  [Node$01CAC4CC] 'Squad_GetAllActors' [h=723731AE,$00A09D40]: cfunction$002B5B98 'Squad_GetAllActors' [h=723731AE,$00A09D40]
  [Node$01CAC4E0] 'challenge_Recycler_Human_Setup' [h=5E086AFC,$009DB2C0]: function$009AAEC0 'challenge_Recycler_Human_Setup' [h=5E086AFC,$009DB2C0]
    CONST$00C43A40 k0  'nAnchorRange' [h=55F518DA,$009A80A0]
    CONST$00C43A48 k1  10.0
    CONST$00C43A50 k2  'nAnchorStrength' [h=D1847F77,$009A5F20]
    CONST$00C43A58 k3  0.8999999761581421
    CONST$00C43A60 k4  'Ai_Anchor' [h=FD969439,$0098D600]
    CONST$00C43A68 k5  'bEnableHornResponse' [h=5B97130A,$009E4C40]
    CONST$00C43A70 k6  'Ai_EnableHornResponse' [h=FF72DD7B,$009FCAC0]
    CONST$00C43A78 k7  'Actor_EnableScriptedUse' [h=2140441B,$009FBF80]
    CONST$00C43A80 k8  'actions.talk' [h=3E66DC20,$009810C0]
    CONST$00C43A88 k9  2.5
    CONST$00C43A90 k10 'Event_ActorUsed' [h=760DA02B,$009862C0]
    CONST$00C43A98 k11 'sFuncNameQuestionBox' [h=25D5C106,$00A25740]
    CONST$00C43AA0 k12 'b' [h=00000083,$009960C0]
    CONST$00C43AA8 k13 'tEventHandlesForSetup' [h=9B8DA62D,$00A02E00]
    CONST$00C43AB0 k14 'hActorUsed' [h=3D7C228B,$009A45C0]
    CONST$00C43AB8 k15 'Event_ActorIsSubdued' [h=22FBBD0D,$00A07480]
    CONST$00C43AC0 k16 'sFuncOnStarterBroken' [h=ED7F76E3,$009DD680]
    CONST$00C43AC8 k17 'hActorSubdued' [h=04F004DF,$009A89C0]
    CONST$00C43AD0 k18 'Event_ActorHitPointsLessThan' [h=A14D40BC,$00A24E80]
    CONST$00C43AD8 k19 1.0
    CONST$00C43AE0 k20 'hHitPointsLessThan' [h=4539B91F,$009E1F40]
    CONST$00C43AE8 k21 'bHonorFactionAttitude' [h=DB6D961C,$009FBAC0]
    CONST$00C43AF0 k22 'Event_ActorIsHostileToward' [h=3E7A8A2D,$00A035C0]
    CONST$00C43AF8 k23 'player0' [h=316752BF,$009A6AC0]
    CONST$00C43B00 k24 'hActorIsHostileToward' [h=914DEC84,$00A10B00]
    CONST$00C43B08 k25 'tDependentActors' [h=AFB3932D,$009FC440]
    CONST$00C43B10 k26 'ipairs' [h=B6F4A157,$00990680]
    CONST$00C43B18 k27 'Utility_DoesActorExist' [h=446B4DB5,$009D8BC0]
    CONST$00C43B20 k28 'Actor_IsAlive' [h=BD5193A3,$00977840]
    CONST$00C43B28 k29 'hHitPointsLessThanDependentActor' [h=52B53122,$00A0D700]
    CODE $00CFAFC0
      000 03003E86  GETTABLE r3 := r0[k0 ('nAnchorRange' [h=55F518DA,$009A80A0])]
      001 03018058      TEST r3: r3 := r3 ; or skip
      002 00800014       JMP +1 ; 4
      003 03000041     LOADK r3 := k1 (10.0)
      004 007D00C9  SETTABLE r3 ->> r0[k0 ('nAnchorRange' [h=55F518DA,$009A80A0])]
      005 03003F06  GETTABLE r3 := r0[k2 ('nAnchorStrength' [h=D1847F77,$009A5F20])]
      006 03018058      TEST r3: r3 := r3 ; or skip
      007 00800014       JMP +1 ; 9
      008 030000C1     LOADK r3 := k3 (0.8999999761581421)
      009 007E00C9  SETTABLE r3 ->> r0[k2 ('nAnchorStrength' [h=D1847F77,$009A5F20])]
      010 03000105 GETGLOBAL r3 := _G[k4 ('Ai_Anchor' [h=FD969439,$0098D600])]
      011 04010000      MOVE r4 := r2
      012 05003E86  GETTABLE r5 := r0[k0 ('nAnchorRange' [h=55F518DA,$009A80A0])]
      013 06003F06  GETTABLE r6 := r0[k2 ('nAnchorStrength' [h=D1847F77,$009A5F20])]
      014 03020059      CALL r3 (3 args) => 0 results
      015 03003FC6  GETTABLE r3 := r0[k5 ('bEnableHornResponse' [h=5B97130A,$009E4C40])]
      016 03018058      TEST r3: r3 := r3 ; or skip
      017 00800014       JMP +1 ; 19
      018 03000002  LOADBOOL r3 := False
      019 007F80C9  SETTABLE r3 ->> r0[k5 ('bEnableHornResponse' [h=5B97130A,$009E4C40])]
      020 03000185 GETGLOBAL r3 := _G[k6 ('Ai_EnableHornResponse' [h=FF72DD7B,$009FCAC0])]
      021 04010000      MOVE r4 := r2
      022 05003FC6  GETTABLE r5 := r0[k5 ('bEnableHornResponse' [h=5B97130A,$009E4C40])]
      023 03018059      CALL r3 (2 args) => 0 results
      024 030001C5 GETGLOBAL r3 := _G[k7 ('Actor_EnableScriptedUse' [h=2140441B,$009FBF80])]
      025 04010000      MOVE r4 := r2
      026 05008002  LOADBOOL r5 := True
      027 06000201     LOADK r6 := k8 ('actions.talk' [h=3E66DC20,$009810C0])
      028 07000002  LOADBOOL r7 := False
      029 08000241     LOADK r8 := k9 (2.5)
      030 03030059      CALL r3 (5 args) => 0 results
      031 03000285 GETGLOBAL r3 := _G[k10 ('Event_ActorUsed' [h=760DA02B,$009862C0])]
      032 04004146  GETTABLE r4 := r0[k11 ('sFuncNameQuestionBox' [h=25D5C106,$00A25740])]
      033 05000301     LOADK r5 := k12 ('b' [h=00000083,$009960C0])
      034 06010000      MOVE r6 := r2
      035 03020099      CALL r3 (3 args) => 1 results
      036 040041C6  GETTABLE r4 := r0[k13 ('tEventHandlesForSetup' [h=9B8DA62D,$00A02E00])]
      037 048400C9  SETTABLE r3 ->> r4[k14 ('hActorUsed' [h=3D7C228B,$009A45C0])]
      038 040003C5 GETGLOBAL r4 := _G[k15 ('Event_ActorIsSubdued' [h=22FBBD0D,$00A07480])]
      039 05004286  GETTABLE r5 := r0[k16 ('sFuncOnStarterBroken' [h=ED7F76E3,$009DD680])]
      040 06000301     LOADK r6 := k12 ('b' [h=00000083,$009960C0])
      041 07010000      MOVE r7 := r2
      042 04020099      CALL r4 (3 args) => 1 results
      043 03020000      MOVE r3 := r4
      044 040041C6  GETTABLE r4 := r0[k13 ('tEventHandlesForSetup' [h=9B8DA62D,$00A02E00])]
      045 048580C9  SETTABLE r3 ->> r4[k17 ('hActorSubdued' [h=04F004DF,$009A89C0])]
      046 04000485 GETGLOBAL r4 := _G[k18 ('Event_ActorHitPointsLessThan' [h=A14D40BC,$00A24E80])]
      047 05004286  GETTABLE r5 := r0[k16 ('sFuncOnStarterBroken' [h=ED7F76E3,$009DD680])]
      048 06000301     LOADK r6 := k12 ('b' [h=00000083,$009960C0])
      049 07010000      MOVE r7 := r2
      050 080004C1     LOADK r8 := k19 (1.0)
      051 09008002  LOADBOOL r9 := True
      052 04030099      CALL r4 (5 args) => 1 results
      053 03020000      MOVE r3 := r4
      054 040041C6  GETTABLE r4 := r0[k13 ('tEventHandlesForSetup' [h=9B8DA62D,$00A02E00])]
      055 048700C9  SETTABLE r3 ->> r4[k20 ('hHitPointsLessThan' [h=4539B91F,$009E1F40])]
      056 040043C6  GETTABLE r4 := r0[k21 ('bHonorFactionAttitude' [h=DB6D961C,$009FBAC0])]
      057 04020018      TEST not r4: r4 := r4 ; or skip
      058 00800254       JMP +10 ; 69
      059 04000585 GETGLOBAL r4 := _G[k22 ('Event_ActorIsHostileToward' [h=3E7A8A2D,$00A035C0])]
      060 05004286  GETTABLE r5 := r0[k16 ('sFuncOnStarterBroken' [h=ED7F76E3,$009DD680])]
      061 06000301     LOADK r6 := k12 ('b' [h=00000083,$009960C0])
      062 07010000      MOVE r7 := r2
      063 080005C1     LOADK r8 := k23 ('player0' [h=316752BF,$009A6AC0])
      064 09008002  LOADBOOL r9 := True
      065 04030099      CALL r4 (5 args) => 1 results
      066 03020000      MOVE r3 := r4
      067 040041C6  GETTABLE r4 := r0[k13 ('tEventHandlesForSetup' [h=9B8DA62D,$00A02E00])]
      068 048900C9  SETTABLE r3 ->> r4[k24 ('hActorIsHostileToward' [h=914DEC84,$00A10B00])]
      069 040044C6  GETTABLE r4 := r0[k25 ('tDependentActors' [h=AFB3932D,$009FC440])]
      070 04020018      TEST not r4: r4 := r4 ; or skip
      071 00800714       JMP +29 ; 101
      072 04000685 GETGLOBAL r4 := _G[k26 ('ipairs' [h=B6F4A157,$00990680])]
      073 050044C6  GETTABLE r5 := r0[k25 ('tDependentActors' [h=AFB3932D,$009FC440])]
      074 04010159      CALL r4 (1 args) => 4 results
      075 0480059E  TFORPREP WIP
      076 080006C5 GETGLOBAL r8 := _G[k27 ('Utility_DoesActorExist' [h=446B4DB5,$009D8BC0])]
      077 09038000      MOVE r9 := r7
      078 08010099      CALL r8 (1 args) => 1 results
      079 09008002  LOADBOOL r9 := True
      080 00040255       BEQ r8 == r9
      081 00800414       JMP +17 ; 99
      082 08000705 GETGLOBAL r8 := _G[k28 ('Actor_IsAlive' [h=BD5193A3,$00977840])]
      083 09038000      MOVE r9 := r7
      084 08010099      CALL r8 (1 args) => 1 results
      085 08040018      TEST not r8: r8 := r8 ; or skip
      086 008002D4       JMP +12 ; 99
      087 08000485 GETGLOBAL r8 := _G[k18 ('Event_ActorHitPointsLessThan' [h=A14D40BC,$00A24E80])]
      088 09004286  GETTABLE r9 := r0[k16 ('sFuncOnStarterBroken' [h=ED7F76E3,$009DD680])]
      089 0A000301     LOADK r10 := k12 ('b' [h=00000083,$009960C0])
      090 0B038000      MOVE r11 := r7
      091 0C0004C1     LOADK r12 := k19 (1.0)
      092 0D008002  LOADBOOL r13 := True
      093 08030099      CALL r8 (5 args) => 1 results
      094 090041C6  GETTABLE r9 := r0[k13 ('tEventHandlesForSetup' [h=9B8DA62D,$00A02E00])]
      095 0A000741     LOADK r10 := k29 ('hHitPointsLessThanDependentActor' [h=52B53122,$00A0D700])
      096 0B030000      MOVE r11 := r6
      097 0A0502D3    CONCAT r10 := r10 ... r11
      098 09050209  SETTABLE r8 ->> r9[r10]
      099 0400005D  TFORLOOP WIP
      100 007FF994       JMP -25 ; 76
      101 0000801B    RETURN r0 ... r-1
  [Node$01CAC4F4] 'Utility_GetActor' [h=077E9779,$00A06B80]: cfunction$002C2330 'Utility_GetActor' [h=077E9779,$00A06B80]
  [Node$01CAC508] 'loc_ff3210_v_n' [h=B1601F7A,$00995640]: table$00992B80[a=2,h=1]
  [Node$01CAC51C] 'challenge_Recycler_Vehicle_Setup' [h=2383F7A5,$009E2480]: function$009A2940 'challenge_Recycler_Vehicle_Setup' [h=2383F7A5,$009E2480]
    CONST$00C38340 k0  'ActorVehicle_GetRiderList' [h=AEEC93D2,$00A0C200]
    CONST$00C38348 k1  1.0
    CONST$00C38350 k2  -1.0
    CONST$00C38358 k3  'ipairs' [h=B6F4A157,$00990680]
    CONST$00C38360 k4  'Actor_IsPlayer' [h=F019E44D,$009777C0]
    CONST$00C38368 k5  'Event_AiInNamedVehicle' [h=F4DC0213,$009FD700]
    CONST$00C38370 k6  'sFuncNameSetupAiInNamedVehicle' [h=8879F6AF,$00A23C40]
    CONST$00C38378 k7  'b' [h=00000083,$009960C0]
    CONST$00C38380 k8  'tEventHandlesForSetup' [h=9B8DA62D,$00A02E00]
    CONST$00C38388 k9  'hAiInNamedVehicle0' [h=BDA1E5D0,$009DEC80]
    CONST$00C38390 k10 'DRIVER' [h=37391C17,$0099EDE0]
    CONST$00C38398 k11 'PASSENGER' [h=548D828A,$00998600]
    CONST$00C383A0 k12 'sFuncNameQuestionBox' [h=25D5C106,$00A25740]
    CONST$00C383A8 k13 'hAiInNamedVehicle2' [h=C69A2DBD,$00A40700]
    CONST$00C383B0 k14 'hAiInNamedVehicle1' [h=5477641A,$009DC340]
    CONST$00C383B8 k15 'Event_CancelEvent' [h=D8960070,$00A08280]
    CONST$00C383C0 k16 'hHitPointsLessThan' [h=4539B91F,$009E1F40]
    CONST$00C383C8 k17 'Event_ActorHitPointsLessThan' [h=A14D40BC,$00A24E80]
    CONST$00C383D0 k18 'sFuncOnStarterBroken' [h=ED7F76E3,$009DD680]
    CONST$00C383D8 k19 'Actor_GetPosition' [h=F7E6F403,$009DC400]
    CONST$00C383E0 k20 'hActorToVectorProximity' [h=5EDEF380,$00A00A80]
    CONST$00C383E8 k21 'Event_ActorToVectorProximity' [h=A77CCA99,$009DF2C0]
    CONST$00C383F0 k22 10.0
    CONST$00C383F8 k23 'tDependentActors' [h=AFB3932D,$009FC440]
    CONST$00C38400 k24 'Utility_DoesActorExist' [h=446B4DB5,$009D8BC0]
    CONST$00C38408 k25 'Actor_IsAlive' [h=BD5193A3,$00977840]
    CONST$00C38410 k26 'hHitPointsLessThanDependentActor' [h=52B53122,$00A0D700]
    CODE $00D555C0
      000 0300000A  NEWTABLE r3 := {} (#a=0, #h=0)
      001 0400000A  NEWTABLE r4 := {} (#a=0, #h=0)
      002 05000005 GETGLOBAL r5 := _G[k0 ('ActorVehicle_GetRiderList' [h=AEEC93D2,$00A0C200])]
      003 06010000      MOVE r6 := r2
      004 07008002  LOADBOOL r7 := True
      005 08008002  LOADBOOL r8 := True
      006 09008002  LOADBOOL r9 := True
      007 050280D9      CALL r5 (4 args) => 2 results
      008 04030000      MOVE r4 := r6
      009 03028000      MOVE r3 := r5
      010 05000002  LOADBOOL r5 := False
      011 06000081     LOADK r6 := k2 (-1.0)
      012 070000C5 GETGLOBAL r7 := _G[k3 ('ipairs' [h=B6F4A157,$00990680])]
      013 08018000      MOVE r8 := r3
      014 07010159      CALL r7 (1 args) => 4 results
      015 0780019E  TFORPREP WIP
      016 0B000105 GETGLOBAL r11 := _G[k4 ('Actor_IsPlayer' [h=F019E44D,$009777C0])]
      017 0C050000      MOVE r12 := r10
      018 0B010099      CALL r11 (1 args) => 1 results
      019 0B058018      TEST not r11: r11 := r11 ; or skip
      020 00800054       JMP +2 ; 23
      021 05008002  LOADBOOL r5 := True
      022 06048000      MOVE r6 := r9
      023 0700005D  TFORLOOP WIP
      024 007FFD94       JMP -9 ; 16
      025 05028058      TEST r5: r5 := r5 ; or skip
      026 00800254       JMP +10 ; 37
      027 07000145 GETGLOBAL r7 := _G[k5 ('Event_AiInNamedVehicle' [h=F4DC0213,$009FD700])]
      028 08004006  GETTABLE r8 := r0[k6 ('sFuncNameSetupAiInNamedVehicle' [h=8879F6AF,$00A23C40])]
      029 090001C1     LOADK r9 := k7 ('b' [h=00000083,$009960C0])
      030 0A008000      MOVE r10 := r1
      031 0B010000      MOVE r11 := r2
      032 0C008002  LOADBOOL r12 := True
      033 07030099      CALL r7 (5 args) => 1 results
      034 08004086  GETTABLE r8 := r0[k8 ('tEventHandlesForSetup' [h=9B8DA62D,$00A02E00])]
      035 088181C9  SETTABLE r7 ->> r8[k9 ('hAiInNamedVehicle0' [h=BDA1E5D0,$009DEC80])]
      036 008005D4       JMP +24 ; 61
      037 07020186  GETTABLE r7 := r4[r6]
      038 0103C115       BNE r7 != k10 ('DRIVER' [h=37391C17,$0099EDE0])
      039 00800054       JMP +2 ; 42
      040 0003C155       BEQ r7 == k11 ('PASSENGER' [h=548D828A,$00998600])
      041 00800254       JMP +10 ; 52
      042 08000145 GETGLOBAL r8 := _G[k5 ('Event_AiInNamedVehicle' [h=F4DC0213,$009FD700])]
      043 09004186  GETTABLE r9 := r0[k12 ('sFuncNameQuestionBox' [h=25D5C106,$00A25740])]
      044 0A0001C1     LOADK r10 := k7 ('b' [h=00000083,$009960C0])
      045 0B008000      MOVE r11 := r1
      046 0C010000      MOVE r12 := r2
      047 0D008002  LOADBOOL r13 := True
      048 08030099      CALL r8 (5 args) => 1 results
      049 09004086  GETTABLE r9 := r0[k8 ('tEventHandlesForSetup' [h=9B8DA62D,$00A02E00])]
      050 09838209  SETTABLE r8 ->> r9[k13 ('hAiInNamedVehicle2' [h=C69A2DBD,$00A40700])]
      051 00800214       JMP +9 ; 61
      052 08000145 GETGLOBAL r8 := _G[k5 ('Event_AiInNamedVehicle' [h=F4DC0213,$009FD700])]
      053 09004006  GETTABLE r9 := r0[k6 ('sFuncNameSetupAiInNamedVehicle' [h=8879F6AF,$00A23C40])]
      054 0A0001C1     LOADK r10 := k7 ('b' [h=00000083,$009960C0])
      055 0B008000      MOVE r11 := r1
      056 0C010000      MOVE r12 := r2
      057 0D000002  LOADBOOL r13 := False
      058 08030099      CALL r8 (5 args) => 1 results
      059 09004086  GETTABLE r9 := r0[k8 ('tEventHandlesForSetup' [h=9B8DA62D,$00A02E00])]
      060 09840209  SETTABLE r8 ->> r9[k14 ('hAiInNamedVehicle1' [h=5477641A,$009DC340])]
      061 070003C5 GETGLOBAL r7 := _G[k15 ('Event_CancelEvent' [h=D8960070,$00A08280])]
      062 08004086  GETTABLE r8 := r0[k8 ('tEventHandlesForSetup' [h=9B8DA62D,$00A02E00])]
      063 08044286  GETTABLE r8 := r8[k16 ('hHitPointsLessThan' [h=4539B91F,$009E1F40])]
      064 07010059      CALL r7 (1 args) => 0 results
      065 07000445 GETGLOBAL r7 := _G[k17 ('Event_ActorHitPointsLessThan' [h=A14D40BC,$00A24E80])]
      066 08004306  GETTABLE r8 := r0[k18 ('sFuncOnStarterBroken' [h=ED7F76E3,$009DD680])]
      067 090001C1     LOADK r9 := k7 ('b' [h=00000083,$009960C0])
      068 0A010000      MOVE r10 := r2
      069 0B000041     LOADK r11 := k1 (1.0)
      070 0C008002  LOADBOOL r12 := True
      071 07030099      CALL r7 (5 args) => 1 results
      072 08004086  GETTABLE r8 := r0[k8 ('tEventHandlesForSetup' [h=9B8DA62D,$00A02E00])]
      073 088501C9  SETTABLE r7 ->> r8[k16 ('hHitPointsLessThan' [h=4539B91F,$009E1F40])]
      074 080004C5 GETGLOBAL r8 := _G[k19 ('Actor_GetPosition' [h=F7E6F403,$009DC400])]
      075 09010000      MOVE r9 := r2
      076 08010119      CALL r8 (1 args) => 3 results
      077 0B000002  LOADBOOL r11 := False
      078 0C0003C5 GETGLOBAL r12 := _G[k15 ('Event_CancelEvent' [h=D8960070,$00A08280])]
      079 0D004086  GETTABLE r13 := r0[k8 ('tEventHandlesForSetup' [h=9B8DA62D,$00A02E00])]
      080 0D06C386  GETTABLE r13 := r13[k20 ('hActorToVectorProximity' [h=5EDEF380,$00A00A80])]
      081 0C010059      CALL r12 (1 args) => 0 results
      082 0C000545 GETGLOBAL r12 := _G[k21 ('Event_ActorToVectorProximity' [h=A77CCA99,$009DF2C0])]
      083 0D004306  GETTABLE r13 := r0[k18 ('sFuncOnStarterBroken' [h=ED7F76E3,$009DD680])]
      084 0E0001C1     LOADK r14 := k7 ('b' [h=00000083,$009960C0])
      085 0F010000      MOVE r15 := r2
      086 10040000      MOVE r16 := r8
      087 11048000      MOVE r17 := r9
      088 12050000      MOVE r18 := r10
      089 13000581     LOADK r19 := k22 (10.0)
      090 14000002  LOADBOOL r20 := False
      091 15058000      MOVE r21 := r11
      092 0C050099      CALL r12 (9 args) => 1 results
      093 07060000      MOVE r7 := r12
      094 0C004086  GETTABLE r12 := r0[k8 ('tEventHandlesForSetup' [h=9B8DA62D,$00A02E00])]
      095 0C8701C9  SETTABLE r7 ->> r12[k20 ('hActorToVectorProximity' [h=5EDEF380,$00A00A80])]
      096 0C004446  GETTABLE r12 := r0[k23 ('tDependentActors' [h=AFB3932D,$009FC440])]
      097 0C060018      TEST not r12: r12 := r12 ; or skip
      098 00800714       JMP +29 ; 128
      099 0C0000C5 GETGLOBAL r12 := _G[k3 ('ipairs' [h=B6F4A157,$00990680])]
      100 0D004446  GETTABLE r13 := r0[k23 ('tDependentActors' [h=AFB3932D,$009FC440])]
      101 0C010159      CALL r12 (1 args) => 4 results
      102 0C80059E  TFORPREP WIP
      103 10000605 GETGLOBAL r16 := _G[k24 ('Utility_DoesActorExist' [h=446B4DB5,$009D8BC0])]
      104 11078000      MOVE r17 := r15
      105 10010099      CALL r16 (1 args) => 1 results
      106 11008002  LOADBOOL r17 := True
      107 00080455       BEQ r16 == r17
      108 00800414       JMP +17 ; 126
      109 10000645 GETGLOBAL r16 := _G[k25 ('Actor_IsAlive' [h=BD5193A3,$00977840])]
      110 11078000      MOVE r17 := r15
      111 10010099      CALL r16 (1 args) => 1 results
      112 10080018      TEST not r16: r16 := r16 ; or skip
      113 008002D4       JMP +12 ; 126
      114 10000445 GETGLOBAL r16 := _G[k17 ('Event_ActorHitPointsLessThan' [h=A14D40BC,$00A24E80])]
      115 11004306  GETTABLE r17 := r0[k18 ('sFuncOnStarterBroken' [h=ED7F76E3,$009DD680])]
      116 120001C1     LOADK r18 := k7 ('b' [h=00000083,$009960C0])
      117 13078000      MOVE r19 := r15
      118 14000041     LOADK r20 := k1 (1.0)
      119 15008002  LOADBOOL r21 := True
      120 10030099      CALL r16 (5 args) => 1 results
      121 11004086  GETTABLE r17 := r0[k8 ('tEventHandlesForSetup' [h=9B8DA62D,$00A02E00])]
      122 12000681     LOADK r18 := k26 ('hHitPointsLessThanDependentActor' [h=52B53122,$00A0D700])
      123 13070000      MOVE r19 := r14
      124 120904D3    CONCAT r18 := r18 ... r19
      125 11090409  SETTABLE r16 ->> r17[r18]
      126 0C00005D  TFORLOOP WIP
      127 007FF994       JMP -25 ; 103
      128 0000801B    RETURN r0 ... r-1
  [Node$01CAC530] 'challenge_StarterVO' [h=53D6F9EB,$00A0A940]: function$00978A00 'challenge_StarterVO' [h=53D6F9EB,$00A0A940]
    CONST$00AB3140 k0  'sCurrentChallengeStarter' [h=AFEC3F39,$00A01740]
    CONST$00AB3148 k1  nil
    CONST$00AB3150 k2  'type' [h=0070EF71,$00990720]
    CONST$00AB3158 k3  'tVO' [h=0002CD12,$0098AA80]
    CONST$00AB3160 k4  'table' [h=10F2114B,$00979B40]
    CONST$00AB3168 k5  'Actor_IsAlive' [h=BD5193A3,$00977840]
    CONST$00AB3170 k6  'Actor_IsDormant' [h=4D202532,$00977820]
    CONST$00AB3178 k7  'getn' [h=0083B006,$00978AA0]
    CONST$00AB3180 k8  0.0
    CONST$00AB3188 k9  'util_GetRandomIntInRange' [h=E995DC0A,$009E00C0]
    CONST$00AB3190 k10 1.0
    CONST$00AB3198 k11 'string' [h=81F98B41,$00980520]
    CONST$00AB31A0 k12 'Audio_PlayVoiceover' [h=EE2AB1DE,$00A04CC0]
    CODE $00C44340
      000 02003E86  GETTABLE r2 := r0[k0 ('sCurrentChallengeStarter' [h=AFEC3F39,$00A01740])]
      001 01013ED5       BNE r2 != k1 (nil)
      002 00800B14       JMP +45 ; 48
      003 02000085 GETGLOBAL r2 := _G[k2 ('type' [h=0070EF71,$00990720])]
      004 03003F46  GETTABLE r3 := r0[k3 ('tVO' [h=0002CD12,$0098AA80])]
      005 02010099      CALL r2 (1 args) => 1 results
      006 00013F95       BEQ r2 == k4 ('table' [h=10F2114B,$00979B40])
      007 008009D4       JMP +40 ; 48
      008 02000145 GETGLOBAL r2 := _G[k5 ('Actor_IsAlive' [h=BD5193A3,$00977840])]
      009 03003E86  GETTABLE r3 := r0[k0 ('sCurrentChallengeStarter' [h=AFEC3F39,$00A01740])]
      010 02010099      CALL r2 (1 args) => 1 results
      011 02010018      TEST not r2: r2 := r2 ; or skip
      012 00800894       JMP +35 ; 48
      013 02000185 GETGLOBAL r2 := _G[k6 ('Actor_IsDormant' [h=4D202532,$00977820])]
      014 03003E86  GETTABLE r3 := r0[k0 ('sCurrentChallengeStarter' [h=AFEC3F39,$00A01740])]
      015 02010099      CALL r2 (1 args) => 1 results
      016 02010058      TEST r2: r2 := r2 ; or skip
      017 00800754       JMP +30 ; 48
      018 02003F46  GETTABLE r2 := r0[k3 ('tVO' [h=0002CD12,$0098AA80])]
      019 02010046  GETTABLE r2 := r2[r1]
      020 03000085 GETGLOBAL r3 := _G[k2 ('type' [h=0070EF71,$00990720])]
      021 04010000      MOVE r4 := r2
      022 03010099      CALL r3 (1 args) => 1 results
      023 0001BF95       BEQ r3 == k4 ('table' [h=10F2114B,$00979B40])
      024 00800354       JMP +14 ; 39
      025 03000105 GETGLOBAL r3 := _G[k4 ('table' [h=10F2114B,$00979B40])]
      026 0301C046  GETTABLE r3 := r3[k7 ('getn' [h=0083B006,$00978AA0])]
      027 04010000      MOVE r4 := r2
      028 03010099      CALL r3 (1 args) => 1 results
      029 008100D6       BLT k8 (0.0) < r3
      030 008001D4       JMP +8 ; 39
      031 03000245 GETGLOBAL r3 := _G[k9 ('util_GetRandomIntInRange' [h=E995DC0A,$009E00C0])]
      032 04000281     LOADK r4 := k10 (1.0)
      033 05000105 GETGLOBAL r5 := _G[k4 ('table' [h=10F2114B,$00979B40])]
      034 0502C046  GETTABLE r5 := r5[k7 ('getn' [h=0083B006,$00978AA0])]
      035 06010000      MOVE r6 := r2
      036 05010019      CALL r5 (1 args) => -1 results
      037 03000099      CALL r3 (-1 args) => 1 results
      038 020100C6  GETTABLE r2 := r2[r3]
      039 03000085 GETGLOBAL r3 := _G[k2 ('type' [h=0070EF71,$00990720])]
      040 04010000      MOVE r4 := r2
      041 03010099      CALL r3 (1 args) => 1 results
      042 0001C155       BEQ r3 == k11 ('string' [h=81F98B41,$00980520])
      043 008000D4       JMP +4 ; 48
      044 03000305 GETGLOBAL r3 := _G[k12 ('Audio_PlayVoiceover' [h=EE2AB1DE,$00A04CC0])]
      045 04010000      MOVE r4 := r2
      046 05003E86  GETTABLE r5 := r0[k0 ('sCurrentChallengeStarter' [h=AFEC3F39,$00A01740])]
      047 03018059      CALL r3 (2 args) => 0 results
      048 0000801B    RETURN r0 ... r-1
  [Node$01CAC544] 'NEUTRAL' [h=507D71BD,$009A1BA0]: 2.0
  [Node$01CAC558] 'Audio_SetJournalistPropogandaEvent' [h=8502EF7E,$009E1C40]: cfunction$002B9208 'Audio_SetJournalistPropogandaEvent' [h=8502EF7E,$009E1C40]
  [Node$01CAC56C] 'gameflow_CardIsNear' [h=CF58EF7F,$00A2CD40]: function$009A9360 'gameflow_CardIsNear' [h=CF58EF7F,$00A2CD40]
    CONST$00A2CA00 k0  'tDeckNameLookup' [h=A7B158D1,$00984260]
    CONST$00A2CA08 k1  'Utility_GetActorAsInt' [h=A2B359A3,$00A0FF40]
    CONST$00A2CA10 k2  'gameflow_UnidentifiedCardFound' [h=C1A0D2B9,$00A2CE00]
    CONST$00A2CA18 k3  'events' [h=7B78A23A,$0097D180]
    CONST$00A2CA20 k4  'hCardNearEvent' [h=E8F1F851,$0097C220]
    CONST$00A2CA28 k5  'gameflow_SetupEventCardIsNear' [h=12E1AC1E,$00A2CE40]
    CODE $00ACAE40
      000 04000005 GETGLOBAL r4 := _G[k0 ('tDeckNameLookup' [h=A7B158D1,$00984260])]
      001 05000045 GETGLOBAL r5 := _G[k1 ('Utility_GetActorAsInt' [h=A2B359A3,$00A0FF40])]
      002 06008000      MOVE r6 := r1
      003 05010099      CALL r5 (1 args) => 1 results
      004 04020146  GETTABLE r4 := r4[r5]
      005 03018018      TEST not r3: r3 := r3 ; or skip
      006 00800094       JMP +3 ; 10
      007 05000085 GETGLOBAL r5 := _G[k2 ('gameflow_UnidentifiedCardFound' [h=C1A0D2B9,$00A2CE00])]
      008 06008000      MOVE r6 := r1
      009 05010059      CALL r5 (1 args) => 0 results
      010 05023F46  GETTABLE r5 := r4[k3 ('events' [h=7B78A23A,$0097D180])]
      011 06000145 GETGLOBAL r6 := _G[k5 ('gameflow_SetupEventCardIsNear' [h=12E1AC1E,$00A2CE40])]
      012 07000000      MOVE r7 := r0
      013 08008000      MOVE r8 := r1
      014 09010000      MOVE r9 := r2
      015 0A018012       NOT r10 := not r3
      016 06028099      CALL r6 (4 args) => 1 results
      017 057F0189  SETTABLE r6 ->> r5[k4 ('hCardNearEvent' [h=E8F1F851,$0097C220])]
      018 0000801B    RETURN r0 ... r-1
  [Node$01CAC580] 'gameflow_DeckNumberCardDeverified' [h=1ED57DBE,$00A130C0]: function$00994300 'gameflow_DeckNumberCardDeverified' [h=1ED57DBE,$00A130C0]
    CONST$009F7B80 k0  'Utility_ReadNumberFromScribbleMemory' [h=2BB92038,$00A00C80]
    CONST$009F7B88 k1  'gameflow_GetHadCardIntelScribMemVarName' [h=B66B54E2,$00A13240]
    CONST$009F7B90 k2  'Utility_EraseValueFromScribbleMemory' [h=D5C200E6,$00A03000]
    CONST$009F7B98 k3  'Utility_WriteStringToScribbleMemory' [h=5E8C6272,$00A3FBC0]
    CONST$009F7BA0 k4  'gameflow_GetCardIntelScribMemVarName' [h=1BD00BE0,$00A2C9C0]
    CONST$009F7BA8 k5  'newinfo' [h=6C9AFA8E,$00987740]
    CONST$009F7BB0 k6  'gameflow_DeckCardDeverified' [h=F20F0C77,$009F5880]
    CODE $00ACA240
      000 02000005 GETGLOBAL r2 := _G[k0 ('Utility_ReadNumberFromScribbleMemory' [h=2BB92038,$00A00C80])]
      001 03000045 GETGLOBAL r3 := _G[k1 ('gameflow_GetHadCardIntelScribMemVarName' [h=B66B54E2,$00A13240])]
      002 04000000      MOVE r4 := r0
      003 05008000      MOVE r5 := r1
      004 03018019      CALL r3 (2 args) => -1 results
      005 02000099      CALL r2 (-1 args) => 1 results
      006 02010018      TEST not r2: r2 := r2 ; or skip
      007 00800314       JMP +13 ; 21
      008 02000085 GETGLOBAL r2 := _G[k2 ('Utility_EraseValueFromScribbleMemory' [h=D5C200E6,$00A03000])]
      009 03000045 GETGLOBAL r3 := _G[k1 ('gameflow_GetHadCardIntelScribMemVarName' [h=B66B54E2,$00A13240])]
      010 04000000      MOVE r4 := r0
      011 05008000      MOVE r5 := r1
      012 03018019      CALL r3 (2 args) => -1 results
      013 02000059      CALL r2 (-1 args) => 0 results
      014 020000C5 GETGLOBAL r2 := _G[k3 ('Utility_WriteStringToScribbleMemory' [h=5E8C6272,$00A3FBC0])]
      015 03000105 GETGLOBAL r3 := _G[k4 ('gameflow_GetCardIntelScribMemVarName' [h=1BD00BE0,$00A2C9C0])]
      016 04000000      MOVE r4 := r0
      017 05008000      MOVE r5 := r1
      018 03018099      CALL r3 (2 args) => 1 results
      019 04000141     LOADK r4 := k5 ('newinfo' [h=6C9AFA8E,$00987740])
      020 02018059      CALL r2 (2 args) => 0 results
      021 02000185 GETGLOBAL r2 := _G[k6 ('gameflow_DeckCardDeverified' [h=F20F0C77,$009F5880])]
      022 03000000      MOVE r3 := r0
      023 04008000      MOVE r4 := r1
      024 02018059      CALL r2 (2 args) => 0 results
      025 0000801B    RETURN r0 ... r-1
  [Node$01CAC594] 'challenge_Recycler_Eliminate' [h=033BD6F7,$009FFCC0]: function$009C6720 'challenge_Recycler_Eliminate' [h=033BD6F7,$009FFCC0]
    CONST$009509F0 k0  'Actor_Remove' [h=3657B3EC,$00977B00]
    CODE $0095EFA0
      000 05000005 GETGLOBAL r5 := _G[k0 ('Actor_Remove' [h=3657B3EC,$00977B00])]
      001 06008000      MOVE r6 := r1
      002 05010059      CALL r5 (1 args) => 0 results
      003 0000801B    RETURN r0 ... r-1
  [Node$01CAC5A8] 'challenge_Recycler_OnStarterBroken' [h=8855A662,$00A07100]: function$00982FA0 'challenge_Recycler_OnStarterBroken' [h=8855A662,$00A07100]
    CONST$00993320 k0  'challenge_Recycler_ClearTable' [h=895D11AF,$009DCAC0]
    CONST$00993328 k1  'tEventHandlesForSetup' [h=9B8DA62D,$00A02E00]
    CONST$00993330 k2  'challenge_Recycler_Unsetup' [h=BA0ADE8E,$009E1D00]
    CONST$00993338 k3  'challenge_Recycler_WaitForReinitOpportunity' [h=E437AA1D,$009E6000]
    CODE $00A07540
      000 01000005 GETGLOBAL r1 := _G[k0 ('challenge_Recycler_ClearTable' [h=895D11AF,$009DCAC0])]
      001 02003EC6  GETTABLE r2 := r0[k1 ('tEventHandlesForSetup' [h=9B8DA62D,$00A02E00])]
      002 01010059      CALL r1 (1 args) => 0 results
      003 01000085 GETGLOBAL r1 := _G[k2 ('challenge_Recycler_Unsetup' [h=BA0ADE8E,$009E1D00])]
      004 02000000      MOVE r2 := r0
      005 01010059      CALL r1 (1 args) => 0 results
      006 010000C5 GETGLOBAL r1 := _G[k3 ('challenge_Recycler_WaitForReinitOpportunity' [h=E437AA1D,$009E6000])]
      007 02000000      MOVE r2 := r0
      008 01010059      CALL r1 (1 args) => 0 results
      009 0000801B    RETURN r0 ... r-1
  [Node$01CAC5BC] 'challenge_Recycler_WaitForReinitOpportunity' [h=E437AA1D,$009E6000]: function$0099E740 'challenge_Recycler_WaitForReinitOpportunity' [h=E437AA1D,$009E6000]
    CONST$00BBA2C0 k0  'Utility_DoesActorExist' [h=446B4DB5,$009D8BC0]
    CONST$00BBA2C8 k1  'sCurrentChallengeStarter' [h=AFEC3F39,$00A01740]
    CONST$00BBA2D0 k2  'bForceStandardRecyclingForHumans' [h=C814AF84,$00A04680]
    CONST$00BBA2D8 k3  'challenge_Recycler_AllDependentActorsAreValid' [h=603D7AE8,$00A0A840]
    CONST$00BBA2E0 k4  'Actor_IsDormant' [h=4D202532,$00977820]
    CONST$00BBA2E8 k5  'util_GetActorClass' [h=4850D37F,$00A3C340]
    CONST$00BBA2F0 k6  'HUMAN' [h=0EA2600B,$00992320]
    CONST$00BBA2F8 k7  'Actor_IsSubdued' [h=050D442A,$00977800]
    CONST$00BBA300 k8  'Actor_GetHitPoints' [h=CDCBFCF4,$00A00E00]
    CONST$00BBA308 k9  'Actor_GetMaxHitPoints' [h=13A50B22,$00A01900]
    CONST$00BBA310 k10 0.75
    CONST$00BBA318 k11 'Actor_GetAttitudeTowardActor' [h=B5F1D69F,$009E2C00]
    CONST$00BBA320 k12 'player0' [h=316752BF,$009A6AC0]
    CONST$00BBA328 k13 0.0
    CONST$00BBA330 k14 'Utility_GetActor' [h=077E9779,$00A06B80]
    CONST$00BBA338 k15 'challenge_Recycler_Setup' [h=5A6A83CF,$00A10080]
    CONST$00BBA340 k16 150.0
    CONST$00BBA348 k17 'Event_ActorToActorProximity' [h=33FEE622,$009DED80]
    CONST$00BBA350 k18 'challenge_Recycler_Eliminate' [h=033BD6F7,$009FFCC0]
    CONST$00BBA358 k19 'b' [h=00000083,$009960C0]
    CONST$00BBA360 k20 10.0
    CONST$00BBA368 k21 'sStarterLocation' [h=A151005E,$009FE200]
    CONST$00BBA370 k22 'Event_ActorToLocationProximity' [h=396A4210,$00A0D100]
    CONST$00BBA378 k23 'sFuncNameReinit' [h=EC63489F,$00981FA0]
    CODE $00CFAA80
      000 01000005 GETGLOBAL r1 := _G[k0 ('Utility_DoesActorExist' [h=446B4DB5,$009D8BC0])]
      001 02003EC6  GETTABLE r2 := r0[k1 ('sCurrentChallengeStarter' [h=AFEC3F39,$00A01740])]
      002 01010099      CALL r1 (1 args) => 1 results
      003 02000002  LOADBOOL r2 := False
      004 03008002  LOADBOOL r3 := True
      005 04003F06  GETTABLE r4 := r0[k2 ('bForceStandardRecyclingForHumans' [h=C814AF84,$00A04680])]
      006 04020058      TEST r4: r4 := r4 ; or skip
      007 00800E54       JMP +58 ; 66
      008 040000C5 GETGLOBAL r4 := _G[k3 ('challenge_Recycler_AllDependentActorsAreValid' [h=603D7AE8,$00A0A840])]
      009 05000000      MOVE r5 := r0
      010 04010099      CALL r4 (1 args) => 1 results
      011 01008018      TEST not r1: r1 := r1 ; or skip
      012 00800D14       JMP +53 ; 66
      013 04020018      TEST not r4: r4 := r4 ; or skip
      014 00800C94       JMP +51 ; 66
      015 05000105 GETGLOBAL r5 := _G[k4 ('Actor_IsDormant' [h=4D202532,$00977820])]
      016 06003EC6  GETTABLE r6 := r0[k1 ('sCurrentChallengeStarter' [h=AFEC3F39,$00A01740])]
      017 05010099      CALL r5 (1 args) => 1 results
      018 05028058      TEST r5: r5 := r5 ; or skip
      019 00800B54       JMP +46 ; 66
      020 06000145 GETGLOBAL r6 := _G[k5 ('util_GetActorClass' [h=4850D37F,$00A3C340])]
      021 07003EC6  GETTABLE r7 := r0[k1 ('sCurrentChallengeStarter' [h=AFEC3F39,$00A01740])]
      022 06010099      CALL r6 (1 args) => 1 results
      023 00034015       BEQ r6 == k6 ('HUMAN' [h=0EA2600B,$00992320])
      024 00800A14       JMP +41 ; 66
      025 070001C5 GETGLOBAL r7 := _G[k7 ('Actor_IsSubdued' [h=050D442A,$00977800])]
      026 08003EC6  GETTABLE r8 := r0[k1 ('sCurrentChallengeStarter' [h=AFEC3F39,$00A01740])]
      027 07010099      CALL r7 (1 args) => 1 results
      028 08000205 GETGLOBAL r8 := _G[k8 ('Actor_GetHitPoints' [h=CDCBFCF4,$00A00E00])]
      029 09003EC6  GETTABLE r9 := r0[k1 ('sCurrentChallengeStarter' [h=AFEC3F39,$00A01740])]
      030 08010099      CALL r8 (1 args) => 1 results
      031 09000245 GETGLOBAL r9 := _G[k9 ('Actor_GetMaxHitPoints' [h=13A50B22,$00A01900])]
      032 0A003EC6  GETTABLE r10 := r0[k1 ('sCurrentChallengeStarter' [h=AFEC3F39,$00A01740])]
      033 09010099      CALL r9 (1 args) => 1 results
      034 0904C10E       MUL r9 := r9 * k10 (0.75)
      035 01040256       BGE r8 >= r9
      036 00800014       JMP +1 ; 38
      037 08000042  LOADBOOL r8 := False ; br 39
      038 08008002  LOADBOOL r8 := True
      039 090002C5 GETGLOBAL r9 := _G[k11 ('Actor_GetAttitudeTowardActor' [h=B5F1D69F,$009E2C00])]
      040 0A003EC6  GETTABLE r10 := r0[k1 ('sCurrentChallengeStarter' [h=AFEC3F39,$00A01740])]
      041 0B000301     LOADK r11 := k12 ('player0' [h=316752BF,$009A6AC0])
      042 09018099      CALL r9 (2 args) => 1 results
      043 0104C1D5       BNE r9 != k13 (0.0)
      044 00800014       JMP +1 ; 46
      045 09000042  LOADBOOL r9 := False ; br 47
      046 09008002  LOADBOOL r9 := True
      047 07038058      TEST r7: r7 := r7 ; or skip
      048 00800414       JMP +17 ; 66
      049 08040058      TEST r8: r8 := r8 ; or skip
      050 00800394       JMP +15 ; 66
      051 09048058      TEST r9: r9 := r9 ; or skip
      052 00800314       JMP +13 ; 66
      053 03000002  LOADBOOL r3 := False
      054 0A000385 GETGLOBAL r10 := _G[k14 ('Utility_GetActor' [h=077E9779,$00A06B80])]
      055 0B000301     LOADK r11 := k12 ('player0' [h=316752BF,$009A6AC0])
      056 0A010099      CALL r10 (1 args) => 1 results
      057 0B003EC6  GETTABLE r11 := r0[k1 ('sCurrentChallengeStarter' [h=AFEC3F39,$00A01740])]
      058 0C000385 GETGLOBAL r12 := _G[k14 ('Utility_GetActor' [h=077E9779,$00A06B80])]
      059 0D058000      MOVE r13 := r11
      060 0C010099      CALL r12 (1 args) => 1 results
      061 0D0003C5 GETGLOBAL r13 := _G[k15 ('challenge_Recycler_Setup' [h=5A6A83CF,$00A10080])]
      062 0E000000      MOVE r14 := r0
      063 0F050000      MOVE r15 := r10
      064 10060000      MOVE r16 := r12
      065 0D020059      CALL r13 (3 args) => 0 results
      066 03018018      TEST not r3: r3 := r3 ; or skip
      067 008006D4       JMP +28 ; 96
      068 04000401     LOADK r4 := k16 (150.0)
      069 01008018      TEST not r1: r1 := r1 ; or skip
      070 008002D4       JMP +12 ; 83
      071 05000385 GETGLOBAL r5 := _G[k14 ('Utility_GetActor' [h=077E9779,$00A06B80])]
      072 06003EC6  GETTABLE r6 := r0[k1 ('sCurrentChallengeStarter' [h=AFEC3F39,$00A01740])]
      073 05010099      CALL r5 (1 args) => 1 results
      074 06000445 GETGLOBAL r6 := _G[k17 ('Event_ActorToActorProximity' [h=33FEE622,$009DED80])]
      075 07000481     LOADK r7 := k18 ('challenge_Recycler_Eliminate' [h=033BD6F7,$009FFCC0])
      076 080004C1     LOADK r8 := k19 ('b' [h=00000083,$009960C0])
      077 09000301     LOADK r9 := k12 ('player0' [h=316752BF,$009A6AC0])
      078 0A028000      MOVE r10 := r5
      079 0B020000      MOVE r11 := r4
      080 0C000002  LOADBOOL r12 := False
      081 0D008002  LOADBOOL r13 := True
      082 06040059      CALL r6 (7 args) => 0 results
      083 0502438C       ADD r5 := r4 + k20 (10.0)
      084 060043C6  GETTABLE r6 := r0[k21 ('sStarterLocation' [h=A151005E,$009FE200])]
      085 07000002  LOADBOOL r7 := False
      086 08008002  LOADBOOL r8 := True
      087 09000585 GETGLOBAL r9 := _G[k22 ('Event_ActorToLocationProximity' [h=396A4210,$00A0D100])]
      088 0A004446  GETTABLE r10 := r0[k23 ('sFuncNameReinit' [h=EC63489F,$00981FA0])]
      089 0B0004C1     LOADK r11 := k19 ('b' [h=00000083,$009960C0])
      090 0C000301     LOADK r12 := k12 ('player0' [h=316752BF,$009A6AC0])
      091 0D030000      MOVE r13 := r6
      092 0E028000      MOVE r14 := r5
      093 0F038000      MOVE r15 := r7
      094 10040000      MOVE r16 := r8
      095 09040059      CALL r9 (7 args) => 0 results
      096 0000801B    RETURN r0 ... r-1
  [Node$01CAC5D0] 'DoFadeIn' [h=B73309CB,$009A6260]: function$009A6240 'DoFadeIn' [h=B73309CB,$009A6260]
    CONST$00960AC0 k0  'Cinematic_FadeIn' [h=5CA28993,$009E0840]
    CONST$00960AC8 k1  0.5
    CODE $00960AB0
      000 00000005 GETGLOBAL r0 := _G[k0 ('Cinematic_FadeIn' [h=5CA28993,$009E0840])]
      001 01000041     LOADK r1 := k1 (0.5)
      002 00010059      CALL r0 (1 args) => 0 results
      003 0000801B    RETURN r0 ... r-1
  [Node$01CAC5E4] 'Utility_MathFloor' [h=DCA66785,$00A05300]: cfunction$002F8148 'Utility_MathFloor' [h=DCA66785,$00A05300]
  [Node$01CAC5F8] 'Unlockable_AceOfClubsMissionJustWon' [h=271FFF86,$00A00200]: cfunction$002F8AD8 'Unlockable_AceOfClubsMissionJustWon' [h=271FFF86,$00A00200]
  [Node$01CAC60C] 'stateFaceCard' [h=B6107CFD,$009969C0]: 'face' [h=0070A965,$0099F020]
  [Node$01CAC620] 'Player_EnableUseOnlyControl' [h=EADF41F1,$00A05980]: cfunction$002C06D0 'Player_EnableUseOnlyControl' [h=EADF41F1,$00A05980]
  [Node$01CAC634] 'challenge_Recycler_Launch' [h=D6275B47,$00A02C00]: function$0099AA00 'challenge_Recycler_Launch' [h=D6275B47,$00A02C00]
    CONST$00A06740 k0  'Utility_RunLuaScript' [h=CD9596AE,$00A10E40]
    CONST$00A06748 k1  'g_LaunchChallenge' [h=92793616,$009E2B00]
    CONST$00A06750 k2  'sFuncNameEnd' [h=78C8606E,$009A8800]
    CONST$00A06758 k3  'sChallengeScriptName' [h=8B569902,$009E2E40]
    CONST$00A06760 k4  'Debug_Assert' [h=E8876833,$0098F0A0]
    CONST$00A06768 k5  'Unable to open script' [h=C82BCF38,$00A0AC40]
    CODE $00A09100
      000 00000005 GETGLOBAL r0 := _G[k0 ('Utility_RunLuaScript' [h=CD9596AE,$00A10E40])]
      001 01000045 GETGLOBAL r1 := _G[k1 ('g_LaunchChallenge' [h=92793616,$009E2B00])]
      002 0100BF06  GETTABLE r1 := r1[k2 ('sFuncNameEnd' [h=78C8606E,$009A8800])]
      003 02000045 GETGLOBAL r2 := _G[k1 ('g_LaunchChallenge' [h=92793616,$009E2B00])]
      004 02013F46  GETTABLE r2 := r2[k3 ('sChallengeScriptName' [h=8B569902,$009E2E40])]
      005 00018099      CALL r0 (2 args) => 1 results
      006 01000105 GETGLOBAL r1 := _G[k4 ('Debug_Assert' [h=E8876833,$0098F0A0])]
      007 02000000      MOVE r2 := r0
      008 03000141     LOADK r3 := k5 ('Unable to open script' [h=C82BCF38,$00A0AC40])
      009 01018059      CALL r1 (2 args) => 0 results
      010 01008003   LOADNIL r1 ... r1
      011 01000047 SETGLOBAL r1 ->> _G[k1 ('g_LaunchChallenge' [h=92793616,$009E2B00])]
      012 0000801B    RETURN r0 ... r-1
  [Node$01CAC648] 'nenc_ff3311_v' [h=D5CF09E0,$009A4E80]: table$00996DA0[a=0,h=4]
    [Node$00ABFA54] 'tLocationObjectsA' [h=2C5376F5,$00A01980]: table$00988C40[a=2,h=1]
    [Node$00ABFA68] 'sEncounter' [h=4CD961D9,$009A5C20]: 'ff3311' [h=E0E8C3D4,$00982B40]
    [Node$00ABFA7C] 'tLocationObjectsB' [h=CEC61813,$00A073C0]: nil
  [Node$01CAC65C] 'jeff_tHeroInfo' [h=ADAD5F8B,$009A4360]: table$0097BAA0[a=0,h=8]
    [Node$00BBB4E8] 'template_player_indianajones' [h=0B5B19EA,$009F6840]: table$0097B8A0[a=0,h=4]
      [Node$00A6D5C0] 'vehicleDamage' [h=6A9369E8,$009AAB40]: table$00998140[a=2,h=1]
        [0:$00957170] 'ind.541189IND' [h=DE407174,$0099FFA0]
        [1:$00957178] 'ind.541190IND' [h=37856E7D,$00979F60]
      [Node$00A6D5FC] 'banterDamage' [h=CCFA1797,$009AB320]: table$0097E1E0[a=3,h=1]
        [0:$00978EE0] 'ind.541171IND' [h=6EECC6D7,$009A4D80]
        [1:$00978EE8] 'ind.541172IND' [h=489F6082,$009AB700]
        [2:$00978EF0] 'ind.541173IND' [h=D8FF502A,$00988880]
    [Node$00BBB4FC] 'template_player_british' [h=1C60DE63,$00A3CAC0]: table$009A3AC0[a=0,h=4]
      [Node$00B20740] 'vehicleDamage' [h=6A9369E8,$009AAB40]: table$00986DE0[a=2,h=1]
        [0:$00957110] 'JEN.541219jen' [h=B0780B42,$00986D20]
        [1:$00957118] 'JEN.541220jen' [h=CFC5D8AB,$0098B5A0]
      [Node$00B2077C] 'banterDamage' [h=CCFA1797,$009AB320]: table$00990060[a=3,h=1]
        [0:$009A8D20] 'JEN.541201jen' [h=47930922,$0099EBA0]
        [1:$009A8D28] 'JEN.541202jen' [h=90A2AEDE,$0097B200]
        [2:$009A8D30] 'JEN.541203jen' [h=4AAE18B1,$0097FEC0]
    [Node$00BBB524] 'template_player_swedish' [h=1301F35E,$00A3BA80]: table$00985BA0[a=0,h=4]
      [Node$00B18540] 'vehicleDamage' [h=6A9369E8,$009AAB40]: table$00977160[a=2,h=1]
        [0:$00957240] 'mat.541249mat' [h=3CF63813,$009A09C0]
        [1:$00957248] 'mat.541250mat' [h=BFCA1A7D,$0098C5A0]
      [Node$00B1857C] 'banterDamage' [h=CCFA1797,$009AB320]: table$009992C0[a=3,h=1]
        [0:$0098F5E0] 'mat.541231mat' [h=6045E9B5,$0099F420]
        [1:$0098F5E8] 'mat.541232mat' [h=A76ABB36,$009C3C00]
        [2:$0098F5F0] 'mat.541233mat' [h=9E260CAE,$0098D980]
    [Node$00BBB538] 'template_player_american' [h=B480AAA6,$00A3BC40]: table$0098CA00[a=0,h=4]
      [Node$00A6A340] 'vehicleDamage' [h=6A9369E8,$009AAB40]: table$009AABE0[a=2,h=1]
        [0:$00957310] 'CHR.541189chr' [h=A58EE00E,$00988440]
        [1:$00957318] 'CHR.541190chr' [h=17D3A7D7,$00984AE0]
      [Node$00A6A37C] 'banterDamage' [h=CCFA1797,$009AB320]: table$009A03E0[a=3,h=1]
        [0:$00986A60] 'CHR.541171chr' [h=2BFB80F8,$00985840]
        [1:$00986A68] 'CHR.541172chr' [h=05921A8E,$00983000]
        [2:$00986A70] 'CHR.541173chr' [h=74F4246E,$0099CD80]
    [Node$00BBB54C] 'template_player_hansolo' [h=39D2080B,$00A2BA80]: table$00986F20[a=0,h=4]
      [Node$00A76EC0] 'vehicleDamage' [h=6A9369E8,$009AAB40]: table$0099D5E0[a=2,h=1]
        [0:$00957480] 'han.541190HAN' [h=48AF5FAF,$0098C040]
        [1:$00957488] 'han.541189HAN' [h=CA3EE7BA,$00982260]
      [Node$00A76EFC] 'banterDamage' [h=CCFA1797,$009AB320]: table$009A1C20[a=3,h=1]
        [0:$0097C5A0] 'han.541171HAN' [h=052129F0,$00985560]
        [1:$0097C5A8] 'han.541172HAN' [h=1E0DEA36,$0098F6A0]
        [2:$0097C5B0] 'han.541173HAN' [h=97895957,$0097D320]
  [Node$01CAC670] 'bouncers' [h=5D6099E4,$00981180]: table$009949C0[a=0,h=8]
    [Node$00BF3FBC] 'ace' [h=00032097,$009A4E60]: table$009980E0[a=0,h=16]
      [Node$00CA0654] 'bribeCaptionStrID' [h=EADF2C91,$00A39D00]: 'action.bribe.text' [h=F4B1D347,$00A39E40]
      [Node$00CA067C] 'blipType' [h=D6B22C63,$009A7840]: 'hqallies' [h=ED992BC2,$00996D80]
      [Node$00CA06A4] 'templateName' [h=C295E8F5,$009A9B00]: 'template_allies_boss' [h=773AA195,$00A3A200]
      [Node$00CA06CC] 'tgtCaptionStrID' [h=7BDD839D,$009981A0]: 'standardMission.bouncer.ace.tgtCaption' [h=C5B75CD0,$00A39BC0]
      [Node$00CA06E0] 'validMaps' [h=9145E02A,$009982E0]: table$009C8080[a=2,h=1]
        [0:$00961880] 'sw' [h=000017F5,$009AA280]
        [1:$00961888] 'nw' [h=0000178E,$009C3CA0]
      [Node$00CA06F4] 'tgtType' [h=4A290529,$009C4AE0]: 'TARGET_TYPE_HQ_ALLIES' [h=BA971264,$00A39C80]
      [Node$00CA0708] 'shortDescStrID' [h=464C11EA,$0098CC80]: 'standardMission.bouncer.ace.shortDesc' [h=6D8FE5EE,$00A39F40]
      [Node$00CA071C] 'faction' [h=0C8443BB,$009A6360]: 'allies' [h=B57F1C27,$009A61A0]
      [Node$00CA0730] 'locationName' [h=04B7F25D,$0099DCC0]: 'loc_hq-allies-acebouncer' [h=9129C857,$00A39F80]
      [Node$00CA0744] 'actorName' [h=4EB2E2FD,$00997FC0]: 'acebouncer' [h=CCC9ABF6,$009A9920]
      [Node$00CA0758] 'usedHandle' [h=4DCA79EE,$009A2F20]: nil
      [Node$00CA076C] 'useCaptionStrID' [h=7BC39AAF,$0099B600]: 'actions.bouncer.ace' [h=65B38080,$00A39D40]
    [Node$00BF3FD0] 'sk' [h=00001514,$009A6180]: table$009AB820[a=0,h=16]
      [Node$00CB1314] 'bribeCaptionStrID' [h=EADF2C91,$00A39D00]: 'action.bribe.text' [h=F4B1D347,$00A39E40]
      [Node$00CB133C] 'blipType' [h=D6B22C63,$009A7840]: 'hqsk' [h=00753DB6,$00992B00]
      [Node$00CB1364] 'templateName' [h=C295E8F5,$009A9B00]: 'template_sk_bouncer' [h=1D22C93A,$00A38280]
      [Node$00CB1378] 'proximityEventHandle' [h=789827D9,$00A39980]: nil
      [Node$00CB138C] 'tgtCaptionStrID' [h=7BDD839D,$009981A0]: 'standardMission.bouncer.sk.tgtCaption' [h=3BE96934,$00A380C0]
      [Node$00CB13A0] 'validMaps' [h=9145E02A,$009982E0]: table$00998A40[a=2,h=1]
        [0:$009547C0] 'sw' [h=000017F5,$009AA280]
        [1:$009547C8] 'nw' [h=0000178E,$009C3CA0]
      [Node$00CB13B4] 'tgtType' [h=4A290529,$009C4AE0]: 'TARGET_TYPE_HQ_SK' [h=30F4ED63,$00A37F40]
      [Node$00CB13C8] 'shortDescStrID' [h=464C11EA,$0098CC80]: 'standardMission.bouncer.sk.shortDesc' [h=79A24D65,$00A38440]
      [Node$00CB13DC] 'faction' [h=0C8443BB,$009A6360]: 'sk' [h=00001514,$009A6180]
      [Node$00CB13F0] 'locationName' [h=04B7F25D,$0099DCC0]: 'loc_hq-sk-bouncer' [h=895FBE38,$00A38100]
      [Node$00CB1404] 'actorName' [h=4EB2E2FD,$00997FC0]: 'skbouncer' [h=5E298D55,$00985FA0]
      [Node$00CB1418] 'usedHandle' [h=4DCA79EE,$009A2F20]: nil
      [Node$00CB142C] 'useCaptionStrID' [h=7BC39AAF,$0099B600]: 'actions.bouncer.sk' [h=C909D7CE,$00A38180]
    [Node$00BF3FE4] 'mafia' [h=11226556,$009A6140]: table$00999640[a=0,h=16]
      [Node$00CA1194] 'bribeCaptionStrID' [h=EADF2C91,$00A39D00]: 'action.bribe.text' [h=F4B1D347,$00A39E40]
      [Node$00CA11BC] 'blipType' [h=D6B22C63,$009A7840]: 'hqmafia' [h=61856254,$009815E0]
      [Node$00CA11E4] 'templateName' [h=C295E8F5,$009A9B00]: 'template_mafia_bouncer' [h=DBE29A9C,$00A38400]
      [Node$00CA11F8] 'proximityEventHandle' [h=789827D9,$00A39980]: nil
      [Node$00CA120C] 'tgtCaptionStrID' [h=7BDD839D,$009981A0]: 'standardMission.bouncer.mafia.tgtCaption' [h=2EF2F80A,$00A381C0]
      [Node$00CA1220] 'validMaps' [h=9145E02A,$009982E0]: table$00993D20[a=2,h=1]
        [0:$0095A320] 'sw' [h=000017F5,$009AA280]
        [1:$0095A328] 'nw' [h=0000178E,$009C3CA0]
      [Node$00CA1234] 'tgtType' [h=4A290529,$009C4AE0]: 'TARGET_TYPE_HQ_MAFIA' [h=591BB3BE,$00A38040]
      [Node$00CA1248] 'shortDescStrID' [h=464C11EA,$0098CC80]: 'standardMission.bouncer.mafia.shortDesc' [h=DB4FD34A,$00A38200]
      [Node$00CA125C] 'faction' [h=0C8443BB,$009A6360]: 'mafia' [h=11226556,$009A6140]
      [Node$00CA1270] 'locationName' [h=04B7F25D,$0099DCC0]: 'loc_hq-mafia-bouncer' [h=40EF64D2,$00A38140]
      [Node$00CA1284] 'actorName' [h=4EB2E2FD,$00997FC0]: 'mafiabouncer' [h=4E49DB4B,$00993C80]
      [Node$00CA1298] 'usedHandle' [h=4DCA79EE,$009A2F20]: nil
      [Node$00CA12AC] 'useCaptionStrID' [h=7BC39AAF,$0099B600]: 'actions.bouncer.mafia' [h=D2856F09,$00A38380]
    [Node$00BF3FF8] 'china' [h=1129D14E,$009A6060]: table$0099AAA0[a=0,h=32]
      [Node$00D87054] 'attitudeChangeHandle' [h=F70DF901,$00A010C0]: 1563.0
      [Node$00D8707C] 'blipType' [h=D6B22C63,$009A7840]: 'hqchina' [h=9F4B12DF,$009A2800]
      [Node$00D870F4] 'tgtType' [h=4A290529,$009C4AE0]: 'TARGET_TYPE_HQ_CHINA' [h=C557B38F,$00A38240]
      [Node$00D87108] 'shortDescStrID' [h=464C11EA,$0098CC80]: 'standardMission.bouncer.china.shortDesc' [h=EF22A394,$00A38300]
      [Node$00D87158] 'usedHandle' [h=4DCA79EE,$009A2F20]: 1564.0
      [Node$00D8716C] 'useCaptionStrID' [h=7BC39AAF,$0099B600]: 'actions.bouncer.china' [h=E8D44688,$00A386C0]
      [Node$00D87180] 'killedEventHandle' [h=CA104530,$00A39B80]: 1562.0
      [Node$00D87194] 'spawned' [h=DAA16BD1,$00999460]: True
      [Node$00D871E4] 'templateName' [h=C295E8F5,$009A9B00]: 'template_china_bouncer' [h=6D070730,$00A383C0]
      [Node$00D871F8] 'on' [h=000016B6,$00995C60]: True
      [Node$00D87234] 'proximityEventHandle' [h=789827D9,$00A39980]: 1565.0
      [Node$00D87248] 'bribeCaptionStrID' [h=EADF2C91,$00A39D00]: 'action.bribe.text' [h=F4B1D347,$00A39E40]
      [Node$00D8725C] 'faction' [h=0C8443BB,$009A6360]: 'china' [h=1129D14E,$009A6060]
      [Node$00D87270] 'tgtCaptionStrID' [h=7BDD839D,$009981A0]: 'standardMission.bouncer.china.tgtCaption' [h=6CAA0F9E,$00A38340]
      [Node$00D87284] 'actorName' [h=4EB2E2FD,$00997FC0]: 'chinabouncer' [h=4E55A788,$00996120]
      [Node$00D87298] 'validMaps' [h=9145E02A,$009982E0]: table$009C4A80[a=2,h=1]
        [0:$00960740] 'sw' [h=000017F5,$009AA280]
        [1:$00960748] 'nw' [h=0000178E,$009C3CA0]
      [Node$00D872AC] 'locationName' [h=04B7F25D,$0099DCC0]: 'loc_hq-china-bouncer' [h=006C1105,$00A38480]
    [Node$00BF400C] 'allies' [h=B57F1C27,$009A61A0]: table$00997400[a=0,h=16]
      [Node$00CB1814] 'bribeCaptionStrID' [h=EADF2C91,$00A39D00]: 'action.bribe.text' [h=F4B1D347,$00A39E40]
      [Node$00CB183C] 'blipType' [h=D6B22C63,$009A7840]: 'hqallies' [h=ED992BC2,$00996D80]
      [Node$00CB1864] 'templateName' [h=C295E8F5,$009A9B00]: 'template_allies_bouncer' [h=63F6FBBF,$00A3A000]
      [Node$00CB1878] 'proximityEventHandle' [h=789827D9,$00A39980]: nil
      [Node$00CB188C] 'tgtCaptionStrID' [h=7BDD839D,$009981A0]: 'standardMission.bouncer.allies.tgtCaption' [h=3411627B,$00A385C0]
      [Node$00CB18A0] 'validMaps' [h=9145E02A,$009982E0]: table$009C50A0[a=3,h=1]
        [0:$00997EC0] 'swn' [h=00034D73,$009A7D00]
        [1:$00997EC8] 'sw' [h=000017F5,$009AA280]
        [2:$00997ED0] 'nw' [h=0000178E,$009C3CA0]
      [Node$00CB18B4] 'tgtType' [h=4A290529,$009C4AE0]: 'TARGET_TYPE_HQ_ALLIES' [h=BA971264,$00A39C80]
      [Node$00CB18C8] 'shortDescStrID' [h=464C11EA,$0098CC80]: 'standardMission.bouncer.allies.shortDesc' [h=F9289B3F,$00A384C0]
      [Node$00CB18DC] 'faction' [h=0C8443BB,$009A6360]: 'allies' [h=B57F1C27,$009A61A0]
      [Node$00CB18F0] 'locationName' [h=04B7F25D,$0099DCC0]: 'loc_hq-allies-bouncer' [h=E40C2E34,$00A38680]
      [Node$00CB1904] 'actorName' [h=4EB2E2FD,$00997FC0]: 'alliesbouncer' [h=C51BEC69,$00990F20]
      [Node$00CB1918] 'usedHandle' [h=4DCA79EE,$009A2F20]: nil
      [Node$00CB192C] 'useCaptionStrID' [h=7BC39AAF,$0099B600]: 'actions.bouncer.allies' [h=435C0E85,$00A39180]
  [Node$01CAC684] 'Debug_PrintEventDiagnostics' [h=44E3FF8D,$00A3F840]: cfunction$002F70F8 'Debug_PrintEventDiagnostics' [h=44E3FF8D,$00A3F840]
  [Node$01CAC698] 'challenge_Recycler_Setup' [h=5A6A83CF,$00A10080]: function$009957C0 'challenge_Recycler_Setup' [h=5A6A83CF,$00A10080]
    CONST$00C36F40 k0  'bIsSetup' [h=D7AB01C6,$00997540]
    CONST$00C36F48 k1  'type' [h=0070EF71,$00990720]
    CONST$00C36F50 k2  'sOnStarterProximity' [h=2E5620C2,$009DC700]
    CONST$00C36F58 k3  'string' [h=81F98B41,$00980520]
    CONST$00C36F60 k4  'bOnStarterProximity' [h=2E562035,$009DBB00]
    CONST$00C36F68 k5  'bOnStarterProximity3D' [h=AACEC2F5,$00A095C0]
    CONST$00C36F70 k6  'hOnStarterProximity' [h=2E56203F,$00A09480]
    CONST$00C36F78 k7  'Event_ActorToActorProximity' [h=33FEE622,$009DED80]
    CONST$00C36F80 k8  'b' [h=00000083,$009960C0]
    CONST$00C36F88 k9  'player0' [h=316752BF,$009A6AC0]
    CONST$00C36F90 k10 'nOnStarterProximity' [h=2E562039,$00A0BA00]
    CONST$00C36F98 k11 'util_GetActorClass' [h=4850D37F,$00A3C340]
    CONST$00C36FA0 k12 'VEHICLE' [h=80E0E7D6,$0099B360]
    CONST$00C36FA8 k13 'challenge_Recycler_Vehicle_Setup' [h=2383F7A5,$009E2480]
    CONST$00C36FB0 k14 'PROP' [h=00772548,$009923A0]
    CONST$00C36FB8 k15 'challenge_Recycler_Prop_Setup' [h=EC93CD57,$00A405C0]
    CONST$00C36FC0 k16 'HUMAN' [h=0EA2600B,$00992320]
    CONST$00C36FC8 k17 'challenge_Recycler_Human_Setup' [h=5E086AFC,$009DB2C0]
    CONST$00C36FD0 k18 'ITEM' [h=00659EFA,$009926C0]
    CONST$00C36FD8 k19 'challenge_Recycler_Item_Setup' [h=066F44D9,$009FD980]
    CONST$00C36FE0 k20 'Debug_Assert' [h=E8876833,$0098F0A0]
    CONST$00C36FE8 k21 '>>>challenge.lua: challenge_Recycler_Spawn: Starter of class ' [h=8F027F81,$00AB74C0]
    CONST$00C36FF0 k22 'tostring' [h=787EB105,$00990700]
    CONST$00C36FF8 k23 ' not currently supported!' [h=DC64F2B4,$00A06300]
    CONST$00C37000 k24 'sCurrentChallengeStarter' [h=AFEC3F39,$00A01740]
    CONST$00C37008 k25 'Ui_AddChallengeMarkerActor' [h=5CD130D9,$00A02A80]
    CODE $00CB4D40
      000 03003E86  GETTABLE r3 := r0[k0 ('bIsSetup' [h=D7AB01C6,$00997540])]
      001 03018058      TEST r3: r3 := r3 ; or skip
      002 00801314       JMP +77 ; 80
      003 03008002  LOADBOOL r3 := True
      004 007D00C9  SETTABLE r3 ->> r0[k0 ('bIsSetup' [h=D7AB01C6,$00997540])]
      005 03000045 GETGLOBAL r3 := _G[k1 ('type' [h=0070EF71,$00990720])]
      006 04003F06  GETTABLE r4 := r0[k2 ('sOnStarterProximity' [h=2E5620C2,$009DC700])]
      007 03010099      CALL r3 (1 args) => 1 results
      008 0001BF55       BEQ r3 == k3 ('string' [h=81F98B41,$00980520])
      009 008004D4       JMP +20 ; 30
      010 03003F86  GETTABLE r3 := r0[k4 ('bOnStarterProximity' [h=2E562035,$009DBB00])]
      011 03018058      TEST r3: r3 := r3 ; or skip
      012 00800014       JMP +1 ; 14
      013 03008002  LOADBOOL r3 := True
      014 007F00C9  SETTABLE r3 ->> r0[k4 ('bOnStarterProximity' [h=2E562035,$009DBB00])]
      015 03003FC6  GETTABLE r3 := r0[k5 ('bOnStarterProximity3D' [h=AACEC2F5,$00A095C0])]
      016 03018058      TEST r3: r3 := r3 ; or skip
      017 00800014       JMP +1 ; 19
      018 03000002  LOADBOOL r3 := False
      019 007F80C9  SETTABLE r3 ->> r0[k5 ('bOnStarterProximity3D' [h=AACEC2F5,$00A095C0])]
      020 030001C5 GETGLOBAL r3 := _G[k7 ('Event_ActorToActorProximity' [h=33FEE622,$009DED80])]
      021 04003F06  GETTABLE r4 := r0[k2 ('sOnStarterProximity' [h=2E5620C2,$009DC700])]
      022 05000201     LOADK r5 := k8 ('b' [h=00000083,$009960C0])
      023 06000241     LOADK r6 := k9 ('player0' [h=316752BF,$009A6AC0])
      024 07010000      MOVE r7 := r2
      025 08004106  GETTABLE r8 := r0[k10 ('nOnStarterProximity' [h=2E562039,$00A0BA00])]
      026 09003F86  GETTABLE r9 := r0[k4 ('bOnStarterProximity' [h=2E562035,$009DBB00])]
      027 0A003FC6  GETTABLE r10 := r0[k5 ('bOnStarterProximity3D' [h=AACEC2F5,$00A095C0])]
      028 03040099      CALL r3 (7 args) => 1 results
      029 008000C9  SETTABLE r3 ->> r0[k6 ('hOnStarterProximity' [h=2E56203F,$00A09480])]
      030 030002C5 GETGLOBAL r3 := _G[k11 ('util_GetActorClass' [h=4850D37F,$00A3C340])]
      031 04010000      MOVE r4 := r2
      032 03010099      CALL r3 (1 args) => 1 results
      033 0001C195       BEQ r3 == k12 ('VEHICLE' [h=80E0E7D6,$0099B360])
      034 00800154       JMP +6 ; 41
      035 04000345 GETGLOBAL r4 := _G[k13 ('challenge_Recycler_Vehicle_Setup' [h=2383F7A5,$009E2480])]
      036 05000000      MOVE r5 := r0
      037 06008000      MOVE r6 := r1
      038 07010000      MOVE r7 := r2
      039 04020059      CALL r4 (3 args) => 0 results
      040 00800814       JMP +33 ; 74
      041 0001C215       BEQ r3 == k14 ('PROP' [h=00772548,$009923A0])
      042 00800154       JMP +6 ; 49
      043 040003C5 GETGLOBAL r4 := _G[k15 ('challenge_Recycler_Prop_Setup' [h=EC93CD57,$00A405C0])]
      044 05000000      MOVE r5 := r0
      045 06008000      MOVE r6 := r1
      046 07010000      MOVE r7 := r2
      047 04020059      CALL r4 (3 args) => 0 results
      048 00800614       JMP +25 ; 74
      049 0001C295       BEQ r3 == k16 ('HUMAN' [h=0EA2600B,$00992320])
      050 00800154       JMP +6 ; 57
      051 04000445 GETGLOBAL r4 := _G[k17 ('challenge_Recycler_Human_Setup' [h=5E086AFC,$009DB2C0])]
      052 05000000      MOVE r5 := r0
      053 06008000      MOVE r6 := r1
      054 07010000      MOVE r7 := r2
      055 04020059      CALL r4 (3 args) => 0 results
      056 00800414       JMP +17 ; 74
      057 0001C315       BEQ r3 == k18 ('ITEM' [h=00659EFA,$009926C0])
      058 00800154       JMP +6 ; 65
      059 040004C5 GETGLOBAL r4 := _G[k19 ('challenge_Recycler_Item_Setup' [h=066F44D9,$009FD980])]
      060 05000000      MOVE r5 := r0
      061 06008000      MOVE r6 := r1
      062 07010000      MOVE r7 := r2
      063 04020059      CALL r4 (3 args) => 0 results
      064 00800214       JMP +9 ; 74
      065 04000505 GETGLOBAL r4 := _G[k20 ('Debug_Assert' [h=E8876833,$0098F0A0])]
      066 05000002  LOADBOOL r5 := False
      067 06000541     LOADK r6 := k21 ('>>>challenge.lua: challenge_Recycler_Spawn: Starter of class ' [h=8F027F81,$00AB74C0])
      068 07000585 GETGLOBAL r7 := _G[k22 ('tostring' [h=787EB105,$00990700])]
      069 08018000      MOVE r8 := r3
      070 07010099      CALL r7 (1 args) => 1 results
      071 080005C1     LOADK r8 := k23 (' not currently supported!' [h=DC64F2B4,$00A06300])
      072 06030213    CONCAT r6 := r6 ... r8
      073 04018059      CALL r4 (2 args) => 0 results
      074 04004486  GETTABLE r4 := r0[k24 ('sCurrentChallengeStarter' [h=AFEC3F39,$00A01740])]
      075 04020018      TEST not r4: r4 := r4 ; or skip
      076 00800094       JMP +3 ; 80
      077 04000645 GETGLOBAL r4 := _G[k25 ('Ui_AddChallengeMarkerActor' [h=5CD130D9,$00A02A80])]
      078 05004486  GETTABLE r5 := r0[k24 ('sCurrentChallengeStarter' [h=AFEC3F39,$00A01740])]
      079 04010059      CALL r4 (1 args) => 0 results
      080 0000801B    RETURN r0 ... r-1
  [Node$01CAC6AC] 'jeff_costumeTentUsed' [h=BD34F78F,$009E2780]: function$009A89E0 'jeff_costumeTentUsed' [h=BD34F78F,$009E2780]
    CONST$009E1B40 k0  'Utility_QuestionBox' [h=EE6D60DC,$00A08B00]
    CONST$009E1B48 k1  'Utility_GetStringById' [h=F7067A6C,$009D9780]
    CONST$009E1B50 k2  'actions.changeoutfit' [h=390BC16C,$009E2900]
    CONST$009E1B58 k3  'interface.unlock.outfitquestion' [h=29261A76,$009E20C0]
    CONST$009E1B60 k4  'jeff_SwitchCostumes' [h=F1BDC804,$009E1E00]
    CONST$009E1B68 k5  'jeff_setupCostumeTentEvents' [h=EC9D32FC,$009E2800]
    CODE $009E1A40
      000 00000005 GETGLOBAL r0 := _G[k0 ('Utility_QuestionBox' [h=EE6D60DC,$00A08B00])]
      001 01000045 GETGLOBAL r1 := _G[k1 ('Utility_GetStringById' [h=F7067A6C,$009D9780])]
      002 02000081     LOADK r2 := k2 ('actions.changeoutfit' [h=390BC16C,$009E2900])
      003 01010099      CALL r1 (1 args) => 1 results
      004 02000045 GETGLOBAL r2 := _G[k1 ('Utility_GetStringById' [h=F7067A6C,$009D9780])]
      005 030000C1     LOADK r3 := k3 ('interface.unlock.outfitquestion' [h=29261A76,$009E20C0])
      006 02010099      CALL r2 (1 args) => 1 results
      007 03008002  LOADBOOL r3 := True
      008 04000101     LOADK r4 := k4 ('jeff_SwitchCostumes' [h=F1BDC804,$009E1E00])
      009 05000141     LOADK r5 := k5 ('jeff_setupCostumeTentEvents' [h=EC9D32FC,$009E2800])
      010 00030059      CALL r0 (5 args) => 0 results
      011 0000801B    RETURN r0 ... r-1
  [Node$01CAC6C0] 'tSW_challenge_destroy_hae_01' [h=0B435F90,$009D7AC0]: table$00980CC0[a=0,h=64]
  [Node$01CAC6D4] 'Ui_PrintHudMessageById' [h=5C336791,$009E19C0]: cfunction$002A7CA8 'Ui_PrintHudMessageById' [h=5C336791,$009E19C0]
  [Node$01CAC6E8] 'challenge_Recycler_Spawn' [h=DCACC730,$00A06680]: function$0099B5A0 'challenge_Recycler_Spawn' [h=DCACC730,$00A06680]
    CONST$00CDDCC0 k0  'sStarterLocation' [h=A151005E,$009FE200]
    CONST$00CDDCC8 k1  'sStarterTemplate' [h=01757CDA,$009FFDC0]
    CONST$00CDDCD0 k2  'sStarterNameBase' [h=52BE0E9A,$009DF640]
    CONST$00CDDCD8 k3  'sFuncNameQuestionBox' [h=25D5C106,$00A25740]
    CONST$00CDDCE0 k4  'sCurrentChallengeStarter' [h=AFEC3F39,$00A01740]
    CONST$00CDDCE8 k5  'tSpawnLocations' [h=D41B75DF,$009C5D20]
    CONST$00CDDCF0 k6  'tSpawnTemplates' [h=82D7E10C,$009894E0]
    CONST$00CDDCF8 k7  'tSpawnSettings' [h=2F139C28,$009A9E00]
    CONST$00CDDD00 k8  'bSpawnCnt' [h=B5511D44,$0098AC80]
    CONST$00CDDD08 k9  'type' [h=0070EF71,$00990720]
    CONST$00CDDD10 k10 'table' [h=10F2114B,$00979B40]
    CONST$00CDDD18 k11 'util_GetRandomIntInRange' [h=E995DC0A,$009E00C0]
    CONST$00CDDD20 k12 1.0
    CONST$00CDDD28 k13 'getn' [h=0083B006,$00978AA0]
    CONST$00CDDD30 k14 'Debug_Assert' [h=E8876833,$0098F0A0]
    CONST$00CDDD38 k15 '>>>challenge.lua: challenge_Recycler_Spawn: Challenges must have sStarterNameBase set!' [h=3EF10400,$00AB70C0]
    CONST$00CDDD40 k16 'challenge_GenerateUniqueName' [h=87BF3E19,$009EDEC0]
    CONST$00CDDD48 k17 'util_Mission_SpawnAtLocation' [h=D7EB7DB0,$009FFA40]
    CONST$00CDDD50 k18 'function_Call' [h=35CC729B,$009A6380]
    CONST$00CDDD58 k19 'sFuncNameStarterSpawned' [h=6EFD36B4,$009FC280]
    CONST$00CDDD60 k20 'tEventHandlesForSetup' [h=9B8DA62D,$00A02E00]
    CONST$00CDDD68 k21 nil
    CONST$00CDDD70 k22 'challenge_Recycler_ClearTable' [h=895D11AF,$009DCAC0]
    CONST$00CDDD78 k23 0.0
    CONST$00CDDD80 k24 'tSpawned' [h=AEA598A4,$0099CC80]
    CONST$00CDDD88 k25 -1.0
    CONST$00CDDD90 k26 'Actor_IsAlive' [h=BD5193A3,$00977840]
    CONST$00CDDD98 k27 'remove' [h=4893DA49,$009C7B40]
    CONST$00CDDDA0 k28 'sNameBase' [h=272F9148,$0099FE40]
    CONST$00CDDDA8 k29 'util_SetDefault' [h=3072A05A,$009A7800]
    CONST$00CDDDB0 k30 '_spawn_' [h=DF6BE38C,$009A8120]
    CONST$00CDDDB8 k31 'challenge_SpawnDefaultNameCollision' [h=42216775,$009E12C0]
    CONST$00CDDDC0 k32 'bUnique' [h=9233073F,$009A4A20]
    CONST$00CDDDC8 k33 'tNameCollision' [h=BA06ED43,$009ABC00]
    CONST$00CDDDD0 k34 'bReturnNewOnly' [h=BB5A0F12,$00994180]
    CONST$00CDDDD8 k35 'spawn_ActorTables' [h=4BB339B1,$00A371C0]
    CONST$00CDDDE0 k36 'ipairs' [h=B6F4A157,$00990680]
    CONST$00CDDDE8 k37 'insert' [h=92EA3D93,$0099E280]
    CONST$00CDDDF0 k38 'challenge_Recycler_AllDependentActorsAreValid' [h=603D7AE8,$00A0A840]
    CONST$00CDDDF8 k39 'bHonorFactionAttitude' [h=DB6D961C,$009FBAC0]
    CONST$00CDDE00 k40 'Ai_GetFaction' [h=0CB7644F,$0098E5C0]
    CONST$00CDDE08 k41 'Faction_GetAttitude' [h=D25E63EC,$009DE1C0]
    CONST$00CDDE10 k42 'prokat' [h=854F88C7,$009A6820]
    CONST$00CDDE18 k43 'bStarterIsSpent' [h=5FEBD8E8,$009C7EE0]
    CONST$00CDDE20 k44 'bIsSetup' [h=D7AB01C6,$00997540]
    CONST$00CDDE28 k45 'util_MissionOrChallengeAccepted' [h=6AC79732,$00A3B840]
    CONST$00CDDE30 k46 'challenge_Recycler_Show' [h=BA823C25,$009FC3C0]
    CODE $01A7DC40
      000 01003E86  GETTABLE r1 := r0[k0 ('sStarterLocation' [h=A151005E,$009FE200])]
      001 02003EC6  GETTABLE r2 := r0[k1 ('sStarterTemplate' [h=01757CDA,$009FFDC0])]
      002 03003F06  GETTABLE r3 := r0[k2 ('sStarterNameBase' [h=52BE0E9A,$009DF640])]
      003 04003F46  GETTABLE r4 := r0[k3 ('sFuncNameQuestionBox' [h=25D5C106,$00A25740])]
      004 05003F86  GETTABLE r5 := r0[k4 ('sCurrentChallengeStarter' [h=AFEC3F39,$00A01740])]
      005 06003FC6  GETTABLE r6 := r0[k5 ('tSpawnLocations' [h=D41B75DF,$009C5D20])]
      006 07004006  GETTABLE r7 := r0[k6 ('tSpawnTemplates' [h=82D7E10C,$009894E0])]
      007 08004046  GETTABLE r8 := r0[k7 ('tSpawnSettings' [h=2F139C28,$009A9E00])]
      008 09004086  GETTABLE r9 := r0[k8 ('bSpawnCnt' [h=B5511D44,$0098AC80])]
      009 0A000245 GETGLOBAL r10 := _G[k9 ('type' [h=0070EF71,$00990720])]
      010 0B010000      MOVE r11 := r2
      011 0A010099      CALL r10 (1 args) => 1 results
      012 00054115       BEQ r10 == k10 ('table' [h=10F2114B,$00979B40])
      013 008001D4       JMP +8 ; 22
      014 0A0002C5 GETGLOBAL r10 := _G[k11 ('util_GetRandomIntInRange' [h=E995DC0A,$009E00C0])]
      015 0B000301     LOADK r11 := k12 (1.0)
      016 0C000285 GETGLOBAL r12 := _G[k10 ('table' [h=10F2114B,$00979B40])]
      017 0C0641C6  GETTABLE r12 := r12[k13 ('getn' [h=0083B006,$00978AA0])]
      018 0D010000      MOVE r13 := r2
      019 0C010019      CALL r12 (1 args) => -1 results
      020 0A000099      CALL r10 (-1 args) => 1 results
      021 02010286  GETTABLE r2 := r2[r10]
      022 0A000385 GETGLOBAL r10 := _G[k14 ('Debug_Assert' [h=E8876833,$0098F0A0])]
      023 0B018000      MOVE r11 := r3
      024 0C0003C1     LOADK r12 := k15 ('>>>challenge.lua: challenge_Recycler_Spawn: Challenges must have sStarterNameBase set!' [h=3EF10400,$00AB70C0])
      025 0A018059      CALL r10 (2 args) => 0 results
      026 0A000405 GETGLOBAL r10 := _G[k16 ('challenge_GenerateUniqueName' [h=87BF3E19,$009EDEC0])]
      027 0B018000      MOVE r11 := r3
      028 0A010099      CALL r10 (1 args) => 1 results
      029 05050000      MOVE r5 := r10
      030 0A000445 GETGLOBAL r10 := _G[k17 ('util_Mission_SpawnAtLocation' [h=D7EB7DB0,$009FFA40])]
      031 0B010000      MOVE r11 := r2
      032 0C028000      MOVE r12 := r5
      033 0D008000      MOVE r13 := r1
      034 0E000002  LOADBOOL r14 := False
      035 0F000002  LOADBOOL r15 := False
      036 0A030059      CALL r10 (5 args) => 0 results
      037 0A000485 GETGLOBAL r10 := _G[k18 ('function_Call' [h=35CC729B,$009A6380])]
      038 0B004346  GETTABLE r11 := r0[k19 ('sFuncNameStarterSpawned' [h=6EFD36B4,$009FC280])]
      039 0C000000      MOVE r12 := r0
      040 0D028000      MOVE r13 := r5
      041 0A020059      CALL r10 (3 args) => 0 results
      042 007F0149  SETTABLE r5 ->> r0[k4 ('sCurrentChallengeStarter' [h=AFEC3F39,$00A01740])]
      043 0A004386  GETTABLE r10 := r0[k20 ('tEventHandlesForSetup' [h=9B8DA62D,$00A02E00])]
      044 000543D5       BEQ r10 == k21 (nil)
      045 00800094       JMP +3 ; 49
      046 0A00000A  NEWTABLE r10 := {} (#a=0, #h=0)
      047 00870289  SETTABLE r10 ->> r0[k20 ('tEventHandlesForSetup' [h=9B8DA62D,$00A02E00])]
      048 00800094       JMP +3 ; 52
      049 0A000585 GETGLOBAL r10 := _G[k22 ('challenge_Recycler_ClearTable' [h=895D11AF,$009DCAC0])]
      050 0B004386  GETTABLE r11 := r0[k20 ('tEventHandlesForSetup' [h=9B8DA62D,$00A02E00])]
      051 0A010059      CALL r10 (1 args) => 0 results
      052 010343D5       BNE r6 != k21 (nil)
      053 00801654       JMP +90 ; 144
      054 0103C3D5       BNE r7 != k21 (nil)
      055 008015D4       JMP +88 ; 144
      056 0104C3D5       BNE r9 != k21 (nil)
      057 00800054       JMP +2 ; 60
      058 00888256       BLT k23 (0.0) < r9
      059 008014D4       JMP +84 ; 144
      060 0A000245 GETGLOBAL r10 := _G[k9 ('type' [h=0070EF71,$00990720])]
      061 0B004486  GETTABLE r11 := r0[k24 ('tSpawned' [h=AEA598A4,$0099CC80])]
      062 0A010099      CALL r10 (1 args) => 1 results
      063 00054115       BEQ r10 == k10 ('table' [h=10F2114B,$00979B40])
      064 00800514       JMP +21 ; 86
      065 0A000285 GETGLOBAL r10 := _G[k10 ('table' [h=10F2114B,$00979B40])]
      066 0A0541C6  GETTABLE r10 := r10[k13 ('getn' [h=0083B006,$00978AA0])]
      067 0B004486  GETTABLE r11 := r0[k24 ('tSpawned' [h=AEA598A4,$0099CC80])]
      068 0A010099      CALL r10 (1 args) => 1 results
      069 0B000301     LOADK r11 := k12 (1.0)
      070 0C000641     LOADK r12 := k25 (-1.0)
      071 0A05030D       SUB r10 := r10 - r12
      072 00800294       JMP +11 ; 84
      073 0D000685 GETGLOBAL r13 := _G[k26 ('Actor_IsAlive' [h=BD5193A3,$00977840])]
      074 0E004486  GETTABLE r14 := r0[k24 ('tSpawned' [h=AEA598A4,$0099CC80])]
      075 0E070286  GETTABLE r14 := r14[r10]
      076 0D010099      CALL r13 (1 args) => 1 results
      077 0D068058      TEST r13: r13 := r13 ; or skip
      078 00800114       JMP +5 ; 84
      079 0D000285 GETGLOBAL r13 := _G[k10 ('table' [h=10F2114B,$00979B40])]
      080 0D06C546  GETTABLE r13 := r13[k27 ('remove' [h=4893DA49,$009C7B40])]
      081 0E004486  GETTABLE r14 := r0[k24 ('tSpawned' [h=AEA598A4,$0099CC80])]
      082 0F050000      MOVE r15 := r10
      083 0D018059      CALL r13 (2 args) => 0 results
      084 0A7FFCDC   FORLOOP r10 := r12; if r10 <= r11 JMP -12
      085 00800054       JMP +2 ; 88
      086 0A00000A  NEWTABLE r10 := {} (#a=0, #h=0)
      087 00890289  SETTABLE r10 ->> r0[k24 ('tSpawned' [h=AEA598A4,$0099CC80])]
      088 0A000245 GETGLOBAL r10 := _G[k9 ('type' [h=0070EF71,$00990720])]
      089 0B040000      MOVE r11 := r8
      090 0A010099      CALL r10 (1 args) => 1 results
      091 01054115       BNE r10 != k10 ('table' [h=10F2114B,$00979B40])
      092 00800054       JMP +2 ; 95
      093 0A00000A  NEWTABLE r10 := {} (#a=0, #h=0)
      094 08050000      MOVE r8 := r10
      095 0A000745 GETGLOBAL r10 := _G[k29 ('util_SetDefault' [h=3072A05A,$009A7800])]
      096 0B044586  GETTABLE r11 := r8[k28 ('sNameBase' [h=272F9148,$0099FE40])]
      097 0C018000      MOVE r12 := r3
      098 0D000781     LOADK r13 := k30 ('_spawn_' [h=DF6BE38C,$009A8120])
      099 0C060353    CONCAT r12 := r12 ... r13
      100 0A018099      CALL r10 (2 args) => 1 results
      101 088B0289  SETTABLE r10 ->> r8[k28 ('sNameBase' [h=272F9148,$0099FE40])]
      102 0A0007C5 GETGLOBAL r10 := _G[k31 ('challenge_SpawnDefaultNameCollision' [h=42216775,$009E12C0])]
      103 0A008099      CALL r10 (0 args) => 1 results
      104 0B000002  LOADBOOL r11 := False
      105 0A8D02C9  SETTABLE r11 ->> r10[k32 ('bUnique' [h=9233073F,$009A4A20])]
      106 0B000745 GETGLOBAL r11 := _G[k29 ('util_SetDefault' [h=3072A05A,$009A7800])]
      107 0C0446C6  GETTABLE r12 := r8[k33 ('tNameCollision' [h=BA06ED43,$009ABC00])]
      108 0D050000      MOVE r13 := r10
      109 0B018099      CALL r11 (2 args) => 1 results
      110 088D82C9  SETTABLE r11 ->> r8[k33 ('tNameCollision' [h=BA06ED43,$009ABC00])]
      111 0B000745 GETGLOBAL r11 := _G[k29 ('util_SetDefault' [h=3072A05A,$009A7800])]
      112 0C044706  GETTABLE r12 := r8[k34 ('bReturnNewOnly' [h=BB5A0F12,$00994180])]
      113 0D008002  LOADBOOL r13 := True
      114 0B018099      CALL r11 (2 args) => 1 results
      115 088E02C9  SETTABLE r11 ->> r8[k34 ('bReturnNewOnly' [h=BB5A0F12,$00994180])]
      116 0B0008C5 GETGLOBAL r11 := _G[k35 ('spawn_ActorTables' [h=4BB339B1,$00A371C0])]
      117 0C038000      MOVE r12 := r7
      118 0D030000      MOVE r13 := r6
      119 0E040000      MOVE r14 := r8
      120 0B020159      CALL r11 (3 args) => 4 results
      121 0106C3D5       BNE r13 != k21 (nil)
      122 00800514       JMP +21 ; 144
      123 0F000905 GETGLOBAL r15 := _G[k36 ('ipairs' [h=B6F4A157,$00990680])]
      124 10068000      MOVE r16 := r13
      125 0F010159      CALL r15 (1 args) => 4 results
      126 0F80011E  TFORPREP WIP
      127 13000285 GETGLOBAL r19 := _G[k10 ('table' [h=10F2114B,$00979B40])]
      128 1309C7C6  GETTABLE r19 := r19[k37 ('insert' [h=92EA3D93,$0099E280])]
      129 14004486  GETTABLE r20 := r0[k24 ('tSpawned' [h=AEA598A4,$0099CC80])]
      130 15090000      MOVE r21 := r18
      131 13018059      CALL r19 (2 args) => 0 results
      132 0F00005D  TFORLOOP WIP
      133 007FFE14       JMP -7 ; 127
      134 0104C3D5       BNE r9 != k21 (nil)
      135 008001D4       JMP +8 ; 144
      136 0F000285 GETGLOBAL r15 := _G[k10 ('table' [h=10F2114B,$00979B40])]
      137 0F07C1C6  GETTABLE r15 := r15[k13 ('getn' [h=0083B006,$00978AA0])]
      138 10068000      MOVE r16 := r13
      139 0F010099      CALL r15 (1 args) => 1 results
      140 008883D6       BLT k23 (0.0) < r15
      141 00800054       JMP +2 ; 144
      142 0F04C18D       SUB r15 := r9 - k12 (1.0)
      143 008103C9  SETTABLE r15 ->> r0[k8 ('bSpawnCnt' [h=B5511D44,$0098AC80])]
      144 0A000985 GETGLOBAL r10 := _G[k38 ('challenge_Recycler_AllDependentActorsAreValid' [h=603D7AE8,$00A0A840])]
      145 0B000000      MOVE r11 := r0
      146 0A010099      CALL r10 (1 args) => 1 results
      147 0B008002  LOADBOOL r11 := True
      148 0C004846  GETTABLE r12 := r0[k39 ('bHonorFactionAttitude' [h=DB6D961C,$009FBAC0])]
      149 0C060018      TEST not r12: r12 := r12 ; or skip
      150 008002D4       JMP +12 ; 163
      151 0C000A05 GETGLOBAL r12 := _G[k40 ('Ai_GetFaction' [h=0CB7644F,$0098E5C0])]
      152 0D003F86  GETTABLE r13 := r0[k4 ('sCurrentChallengeStarter' [h=AFEC3F39,$00A01740])]
      153 0C010099      CALL r12 (1 args) => 1 results
      154 0D000A45 GETGLOBAL r13 := _G[k41 ('Faction_GetAttitude' [h=D25E63EC,$009DE1C0])]
      155 0E060000      MOVE r14 := r12
      156 0F000A81     LOADK r15 := k42 ('prokat' [h=854F88C7,$009A6820])
      157 0D018099      CALL r13 (2 args) => 1 results
      158 0106C455       BNE r13 != k23 (0.0)
      159 00800054       JMP +2 ; 162
      160 0006C195       BEQ r13 == k12 (1.0)
      161 00800014       JMP +1 ; 163
      162 0B000002  LOADBOOL r11 := False
      163 0092C3C9  SETTABLE k21 (nil) ->> r0[k43 ('bStarterIsSpent' [h=5FEBD8E8,$009C7EE0])]
      164 009343C9  SETTABLE k21 (nil) ->> r0[k44 ('bIsSetup' [h=D7AB01C6,$00997540])]
      165 0C000B45 GETGLOBAL r12 := _G[k45 ('util_MissionOrChallengeAccepted' [h=6AC79732,$00A3B840])]
      166 0C008099      CALL r12 (0 args) => 1 results
      167 0C060058      TEST r12: r12 := r12 ; or skip
      168 00800214       JMP +9 ; 178
      169 0C008002  LOADBOOL r12 := True
      170 00058315       BEQ r11 == r12
      171 00800154       JMP +6 ; 178
      172 0C008002  LOADBOOL r12 := True
      173 00050315       BEQ r10 == r12
      174 00800094       JMP +3 ; 178
      175 0C000B85 GETGLOBAL r12 := _G[k46 ('challenge_Recycler_Show' [h=BA823C25,$009FC3C0])]
      176 0D000000      MOVE r13 := r0
      177 0C010059      CALL r12 (1 args) => 0 results
      178 0000801B    RETURN r0 ... r-1
  [Node$01CAC6FC] 'challenge_Recycler_Reinit' [h=1C420A72,$00A02840]: function$00983CE0 'challenge_Recycler_Reinit' [h=1C420A72,$00A02840]
    CONST$00961400 k0  'challenge_Recycler_Spawn' [h=DCACC730,$00A06680]
    CODE $0095EEF0
      000 01000005 GETGLOBAL r1 := _G[k0 ('challenge_Recycler_Spawn' [h=DCACC730,$00A06680])]
      001 02000000      MOVE r2 := r0
      002 01010059      CALL r1 (1 args) => 0 results
      003 0000801B    RETURN r0 ... r-1
  [Node$01CAC710] 'Ai_SetIsAwaitingExtraction' [h=86C80F94,$009FC240]: cfunction$002B2CE8 'Ai_SetIsAwaitingExtraction' [h=86C80F94,$009FC240]
  [Node$01CAC724] 'challenge_Recycler_End' [h=F30AB795,$009E4CC0]: function$00997040 'challenge_Recycler_End' [h=F30AB795,$009E4CC0]
    CONST$00C44240 k0  'type' [h=0070EF71,$00990720]
    CONST$00C44248 k1  'tFactionZones' [h=545204DA,$0097F400]
    CONST$00C44250 k2  'table' [h=10F2114B,$00979B40]
    CONST$00C44258 k3  'ipairs' [h=B6F4A157,$00990680]
    CONST$00C44260 k4  'Event_ActorInBoundary' [h=5BF73290,$009D5540]
    CONST$00C44268 k5  'challenge_Recycler_EnableFactionZone' [h=53E9484C,$00A09840]
    CONST$00C44270 k6  'b' [h=00000083,$009960C0]
    CONST$00C44278 k7  'player0' [h=316752BF,$009A6AC0]
    CONST$00C44280 k8  'challenge_CompleteStateCompletedGet' [h=8AD91BD9,$00A02B80]
    CONST$00C44288 k9  'challenge_StarterVO' [h=53D6F9EB,$00A0A940]
    CONST$00C44290 k10 'win' [h=00037FA2,$00983B40]
    CONST$00C44298 k11 'fail' [h=00749537,$009C51C0]
    CONST$00C442A0 k12 'challenge_CompleteStateRewardGet' [h=100B2C43,$00A04080]
    CONST$00C442A8 k13 'Global_GetValue' [h=A320AED9,$00977860]
    CONST$00C442B0 k14 'nChallenge_Value' [h=E53FCF3A,$009E0D80]
    CONST$00C442B8 k15 'number' [h=77DB8760,$00982720]
    CONST$00C442C0 k16 'challenge_BonusMultGet' [h=67E1AE44,$009DE240]
    CONST$00C442C8 k17 'Player_AdjustMoney' [h=9E5BA49A,$00A00940]
    CONST$00C442D0 k18 'interface.economyevent.challenge' [h=2FDAC8E5,$00A0B980]
    CONST$00C442D8 k19 'tFactionImprove' [h=9D08AFC4,$0099DE80]
    CONST$00C442E0 k20 'function' [h=7C9F9568,$0098F8A0]
    CONST$00C442E8 k21 'Faction_ModifyRelation' [h=D1BD6A18,$00A10C80]
    CONST$00C442F0 k22 'prokat' [h=854F88C7,$009A6820]
    CONST$00C442F8 k23 'tFactionHarm' [h=4F9D736D,$0099EF20]
    CONST$00C44300 k24 'Event_RelativeTimer' [h=AD23F6E2,$00A3EA80]
    CONST$00C44308 k25 'challenge_ShowAll' [h=02357E4A,$00A01400]
    CONST$00C44310 k26 0.0
    CODE $00CE8480
      000 01000005 GETGLOBAL r1 := _G[k0 ('type' [h=0070EF71,$00990720])]
      001 02003EC6  GETTABLE r2 := r0[k1 ('tFactionZones' [h=545204DA,$0097F400])]
      002 01010099      CALL r1 (1 args) => 1 results
      003 0000BF15       BEQ r1 == k2 ('table' [h=10F2114B,$00979B40])
      004 00800314       JMP +13 ; 18
      005 010000C5 GETGLOBAL r1 := _G[k3 ('ipairs' [h=B6F4A157,$00990680])]
      006 02003EC6  GETTABLE r2 := r0[k1 ('tFactionZones' [h=545204DA,$0097F400])]
      007 01010159      CALL r1 (1 args) => 4 results
      008 0180019E  TFORPREP WIP
      009 05000105 GETGLOBAL r5 := _G[k4 ('Event_ActorInBoundary' [h=5BF73290,$009D5540])]
      010 06000141     LOADK r6 := k5 ('challenge_Recycler_EnableFactionZone' [h=53E9484C,$00A09840])
      011 07000181     LOADK r7 := k6 ('b' [h=00000083,$009960C0])
      012 080001C1     LOADK r8 := k7 ('player0' [h=316752BF,$009A6AC0])
      013 09020000      MOVE r9 := r4
      014 0A000002  LOADBOOL r10 := False
      015 05030059      CALL r5 (5 args) => 0 results
      016 0100005D  TFORLOOP WIP
      017 007FFD94       JMP -9 ; 9
      018 01000205 GETGLOBAL r1 := _G[k8 ('challenge_CompleteStateCompletedGet' [h=8AD91BD9,$00A02B80])]
      019 01008099      CALL r1 (0 args) => 1 results
      020 01008018      TEST not r1: r1 := r1 ; or skip
      021 00800114       JMP +5 ; 27
      022 01000245 GETGLOBAL r1 := _G[k9 ('challenge_StarterVO' [h=53D6F9EB,$00A0A940])]
      023 02000000      MOVE r2 := r0
      024 03000281     LOADK r3 := k10 ('win' [h=00037FA2,$00983B40])
      025 01018059      CALL r1 (2 args) => 0 results
      026 008000D4       JMP +4 ; 31
      027 01000245 GETGLOBAL r1 := _G[k9 ('challenge_StarterVO' [h=53D6F9EB,$00A0A940])]
      028 02000000      MOVE r2 := r0
      029 030002C1     LOADK r3 := k11 ('fail' [h=00749537,$009C51C0])
      030 01018059      CALL r1 (2 args) => 0 results
      031 01000305 GETGLOBAL r1 := _G[k12 ('challenge_CompleteStateRewardGet' [h=100B2C43,$00A04080])]
      032 01008099      CALL r1 (0 args) => 1 results
      033 01008018      TEST not r1: r1 := r1 ; or skip
      034 00800E94       JMP +59 ; 94
      035 01000345 GETGLOBAL r1 := _G[k13 ('Global_GetValue' [h=A320AED9,$00977860])]
      036 02000381     LOADK r2 := k14 ('nChallenge_Value' [h=E53FCF3A,$009E0D80])
      037 01010099      CALL r1 (1 args) => 1 results
      038 02000005 GETGLOBAL r2 := _G[k0 ('type' [h=0070EF71,$00990720])]
      039 03008000      MOVE r3 := r1
      040 02010099      CALL r2 (1 args) => 1 results
      041 00014255       BEQ r2 == k15 ('number' [h=77DB8760,$00982720])
      042 008002D4       JMP +12 ; 55
      043 02000405 GETGLOBAL r2 := _G[k16 ('challenge_BonusMultGet' [h=67E1AE44,$009DE240])]
      044 02008099      CALL r2 (0 args) => 1 results
      045 03000005 GETGLOBAL r3 := _G[k0 ('type' [h=0070EF71,$00990720])]
      046 04010000      MOVE r4 := r2
      047 03010099      CALL r3 (1 args) => 1 results
      048 0001C255       BEQ r3 == k15 ('number' [h=77DB8760,$00982720])
      049 00800014       JMP +1 ; 51
      050 0100808E       MUL r1 := r1 * r2
      051 03000445 GETGLOBAL r3 := _G[k17 ('Player_AdjustMoney' [h=9E5BA49A,$00A00940])]
      052 04008000      MOVE r4 := r1
      053 05000481     LOADK r5 := k18 ('interface.economyevent.challenge' [h=2FDAC8E5,$00A0B980])
      054 03018059      CALL r3 (2 args) => 0 results
      055 02000005 GETGLOBAL r2 := _G[k0 ('type' [h=0070EF71,$00990720])]
      056 03004346  GETTABLE r3 := r0[k19 ('tFactionImprove' [h=9D08AFC4,$0099DE80])]
      057 02010099      CALL r2 (1 args) => 1 results
      058 00013F15       BEQ r2 == k2 ('table' [h=10F2114B,$00979B40])
      059 00800494       JMP +19 ; 79
      060 02004346  GETTABLE r2 := r0[k19 ('tFactionImprove' [h=9D08AFC4,$0099DE80])]
      061 03028003   LOADNIL r3 ... r5
      062 0280035E  TFORPREP WIP
      063 06028000      MOVE r6 := r5
      064 07000005 GETGLOBAL r7 := _G[k0 ('type' [h=0070EF71,$00990720])]
      065 08030000      MOVE r8 := r6
      066 07010099      CALL r7 (1 args) => 1 results
      067 0003C395       BEQ r7 == k20 ('function' [h=7C9F9568,$0098F8A0])
      068 00800094       JMP +3 ; 72
      069 07030000      MOVE r7 := r6
      070 07008099      CALL r7 (0 args) => 1 results
      071 06038000      MOVE r6 := r7
      072 07000545 GETGLOBAL r7 := _G[k21 ('Faction_ModifyRelation' [h=D1BD6A18,$00A10C80])]
      073 08020000      MOVE r8 := r4
      074 09000581     LOADK r9 := k22 ('prokat' [h=854F88C7,$009A6820])
      075 0A030000      MOVE r10 := r6
      076 07020059      CALL r7 (3 args) => 0 results
      077 0200005D  TFORLOOP WIP
      078 007FFBD4       JMP -16 ; 63
      079 02000005 GETGLOBAL r2 := _G[k0 ('type' [h=0070EF71,$00990720])]
      080 03004446  GETTABLE r3 := r0[k23 ('tFactionHarm' [h=4F9D736D,$0099EF20])]
      081 02010099      CALL r2 (1 args) => 1 results
      082 00013F15       BEQ r2 == k2 ('table' [h=10F2114B,$00979B40])
      083 00800254       JMP +10 ; 94
      084 02004446  GETTABLE r2 := r0[k23 ('tFactionHarm' [h=4F9D736D,$0099EF20])]
      085 03028003   LOADNIL r3 ... r5
      086 0280011E  TFORPREP WIP
      087 06000545 GETGLOBAL r6 := _G[k21 ('Faction_ModifyRelation' [h=D1BD6A18,$00A10C80])]
      088 07020000      MOVE r7 := r4
      089 08000581     LOADK r8 := k22 ('prokat' [h=854F88C7,$009A6820])
      090 09028000      MOVE r9 := r5
      091 06020059      CALL r6 (3 args) => 0 results
      092 0200005D  TFORLOOP WIP
      093 007FFE14       JMP -7 ; 87
      094 01000605 GETGLOBAL r1 := _G[k24 ('Event_RelativeTimer' [h=AD23F6E2,$00A3EA80])]
      095 02000641     LOADK r2 := k25 ('challenge_ShowAll' [h=02357E4A,$00A01400])
      096 03000181     LOADK r3 := k6 ('b' [h=00000083,$009960C0])
      097 04000681     LOADK r4 := k26 (0.0)
      098 01020059      CALL r1 (3 args) => 0 results
      099 0000801B    RETURN r0 ... r-1
  [Node$01CAC738] 'loc_ff1243_s' [h=B9F16FFC,$009A1140]: table$009A3180[a=8,h=1]
    [0:$00A05000] 'ff1243_9' [h=DAF275CB,$009AC760]
    [1:$00A05008] 'ff1243_10' [h=A1EAE715,$009982C0]
    [2:$00A05010] 'ff1243_11' [h=F704252C,$009C75E0]
    [3:$00A05018] 'ff1243_12' [h=CAE553B2,$009899C0]
    [4:$00A05020] 'ff1243_13' [h=3AF8D4D0,$00981380]
    [5:$00A05028] 'ff1243_14' [h=073941CD,$00986380]
    [6:$00A05030] 'ff1243_15' [h=795F0936,$009C72C0]
    [7:$00A05038] 'ff1243_16' [h=EE474FC6,$009AC7A0]
  [Node$01CAC74C] 'gameflow_UpdatePDAIntelMeter' [h=1CE87DF6,$009F78C0]: function$009A0D40 'gameflow_UpdatePDAIntelMeter' [h=1CE87DF6,$009F78C0]
    CONST$009F75C0 k0  'Utility_ReadNumberFromScribbleMemory' [h=2BB92038,$00A00C80]
    CONST$009F75C8 k1  'chapter' [h=9A11FF20,$00997D80]
    CONST$009F75D0 k2  0.0
    CONST$009F75D8 k3  1.0
    CONST$009F75E0 k4  'suit_sequence' [h=3E108615,$009A9EE0]
    CONST$009F75E8 k5  'Utility_WriteNumberToScribbleMemory' [h=DCF55147,$009DC740]
    CONST$009F75F0 k6  'iCurrentIntel' [h=C1A40687,$0097A7A0]
    CONST$009F75F8 k7  'gameflow_GetIntelTotal' [h=0305AFE4,$009F74C0]
    CODE $00AC9E40
      000 00000005 GETGLOBAL r0 := _G[k0 ('Utility_ReadNumberFromScribbleMemory' [h=2BB92038,$00A00C80])]
      001 01000041     LOADK r1 := k1 ('chapter' [h=9A11FF20,$00997D80])
      002 00010099      CALL r0 (1 args) => 1 results
      003 00003F15       BEQ r0 == k2 (0.0)
      004 00800014       JMP +1 ; 6
      005 000000C1     LOADK r0 := k3 (1.0)
      006 01000105 GETGLOBAL r1 := _G[k4 ('suit_sequence' [h=3E108615,$009A9EE0])]
      007 01008006  GETTABLE r1 := r1[r0]
      008 02000145 GETGLOBAL r2 := _G[k5 ('Utility_WriteNumberToScribbleMemory' [h=DCF55147,$009DC740])]
      009 03000181     LOADK r3 := k6 ('iCurrentIntel' [h=C1A40687,$0097A7A0])
      010 04008000      MOVE r4 := r1
      011 03018113    CONCAT r3 := r3 ... r4
      012 040001C5 GETGLOBAL r4 := _G[k7 ('gameflow_GetIntelTotal' [h=0305AFE4,$009F74C0])]
      013 05000000      MOVE r5 := r0
      014 04010019      CALL r4 (1 args) => -1 results
      015 02000059      CALL r2 (-1 args) => 0 results
      016 0000801B    RETURN r0 ... r-1
  [Node$01CAC760] 'Faction_SetMinimumRelation' [h=4FB36F98,$00A3EC80]: cfunction$002B7180 'Faction_SetMinimumRelation' [h=4FB36F98,$00A3EC80]
  [Node$01CAC774] 'challenge_Init' [h=2955D744,$009A63E0]: nil
  [Node$01CAC788] 'DisableRestrictedZones' [h=E7052F9A,$00A10800]: function$009A7A40 'DisableRestrictedZones' [h=E7052F9A,$00A10800]
    CONST$009E2D00 k0  'DefineRestrictedZoneTable' [h=C5688DCA,$009D91C0]
    CONST$009E2D08 k1  'ipairs' [h=B6F4A157,$00990680]
    CONST$009E2D10 k2  'util_PrintDebugMsg' [h=A2961C17,$00A11FC0]
    CONST$009E2D18 k3  '[global.lua] DisableRestrictedZones: disabling restricted zone ' [h=4B872752,$00B1F3C0]
    CONST$009E2D20 k4  '\n' [h=0000002B,$009A7280]
    CONST$009E2D28 k5  'Boundary_Enable' [h=65FD5E6D,$009C7140]
    CODE $00B1F2C0
      000 01000005 GETGLOBAL r1 := _G[k0 ('DefineRestrictedZoneTable' [h=C5688DCA,$009D91C0])]
      001 01008099      CALL r1 (0 args) => 1 results
      002 02000045 GETGLOBAL r2 := _G[k1 ('ipairs' [h=B6F4A157,$00990680])]
      003 03008006  GETTABLE r3 := r1[r0]
      004 02010159      CALL r2 (1 args) => 4 results
      005 0280025E  TFORPREP WIP
      006 06000085 GETGLOBAL r6 := _G[k2 ('util_PrintDebugMsg' [h=A2961C17,$00A11FC0])]
      007 070000C1     LOADK r7 := k3 ('[global.lua] DisableRestrictedZones: disabling restricted zone ' [h=4B872752,$00B1F3C0])
      008 08028000      MOVE r8 := r5
      009 09000101     LOADK r9 := k4 ('\n' [h=0000002B,$009A7280])
      010 07038253    CONCAT r7 := r7 ... r9
      011 06010059      CALL r6 (1 args) => 0 results
      012 06000145 GETGLOBAL r6 := _G[k5 ('Boundary_Enable' [h=65FD5E6D,$009C7140])]
      013 07028000      MOVE r7 := r5
      014 08000002  LOADBOOL r8 := False
      015 06018059      CALL r6 (2 args) => 0 results
      016 0200005D  TFORLOOP WIP
      017 007FFCD4       JMP -12 ; 6
      018 0000801B    RETURN r0 ... r-1
  [Node$01CAC79C] 'just_completed_std_mission' [h=0BED6798,$00A060C0]: 'sw_mafia1' [h=15DEF605,$009A3D80]
  [Node$01CAC7B0] 'Tooltip_BulletTime' [h=C67F3E03,$00A0FB00]: function$00A30B00[3] 'Tooltip_BulletTime' [h=C67F3E03,$00A0FB00]
    CONST$00AC8840 k0  0.09000000357627869
    CONST$00AC8848 k1  0.0
    CONST$00AC8850 k2  'Utility_SetTimeScale' [h=6D9AF2D5,$00A00EC0]
    CONST$00AC8858 k3  'Event_CancelEvent' [h=D8960070,$00A08280]
    CONST$00AC8860 k4  'eBulletTime' [h=DB717123,$00987C00]
    CONST$00AC8868 k5  'Event_RelativeTimer' [h=AD23F6E2,$00A3EA80]
    CONST$00AC8870 k6  'Tooltip_BulletTime' [h=C67F3E03,$00A0FB00]
    CONST$00AC8878 k7  'b' [h=00000083,$009960C0]
    CONST$00AC8880 k8  'iCinemaLength' [h=E743C015,$00988160]
    CONST$00AC8888 k9  10.0
    CODE $00AC86C0
      000 00000004  GETUPVAL r0 := u0
      001 00003E8D       SUB r0 := r0 - k0 (0.09000000357627869)
      002 00000008  SETUPVAL r0 ->> UV[0]
      003 00000004  GETUPVAL r0 := u0
      004 00003ED6       BLT r0 < k1 (0.0)
      005 00800054       JMP +2 ; 8
      006 00000041     LOADK r0 := k1 (0.0)
      007 00000008  SETUPVAL r0 ->> UV[0]
      008 00000085 GETGLOBAL r0 := _G[k2 ('Utility_SetTimeScale' [h=6D9AF2D5,$00A00EC0])]
      009 01000004  GETUPVAL r1 := u0
      010 00010059      CALL r0 (1 args) => 0 results
      011 00000004  GETUPVAL r0 := u0
      012 007D8016       BLT k1 (0.0) < r0
      013 008003D4       JMP +16 ; 30
      014 000000C5 GETGLOBAL r0 := _G[k3 ('Event_CancelEvent' [h=D8960070,$00A08280])]
      015 01008004  GETUPVAL r1 := u1
      016 02010004  GETUPVAL r2 := u2
      017 01008086  GETTABLE r1 := r1[r2]
      018 0100BF86  GETTABLE r1 := r1[k4 ('eBulletTime' [h=DB717123,$00987C00])]
      019 00010059      CALL r0 (1 args) => 0 results
      020 00008004  GETUPVAL r0 := u1
      021 01010004  GETUPVAL r1 := u2
      022 00000046  GETTABLE r0 := r0[r1]
      023 01000145 GETGLOBAL r1 := _G[k5 ('Event_RelativeTimer' [h=AD23F6E2,$00A3EA80])]
      024 02000181     LOADK r2 := k6 ('Tooltip_BulletTime' [h=C67F3E03,$00A0FB00])
      025 030001C1     LOADK r3 := k7 ('b' [h=00000083,$009960C0])
      026 04000205 GETGLOBAL r4 := _G[k8 ('iCinemaLength' [h=E743C015,$00988160])]
      027 040240CF       DIV r4 := r4 / k9 (10.0)
      028 01020099      CALL r1 (3 args) => 1 results
      029 007F0049  SETTABLE r1 ->> r0[k4 ('eBulletTime' [h=DB717123,$00987C00])]
      030 0000801B    RETURN r0 ... r-1
  [Node$01CAC7C4] 'Actor_PlayHumanAnimationByHandleInGame' [h=3B04779D,$009DB4C0]: cfunction$002ADFE0 'Actor_PlayHumanAnimationByHandleInGame' [h=3B04779D,$009DB4C0]
  [Node$01CAC7D8] 'gameflow_DoesPlayerHaveCardIntel' [h=A6CC3E05,$00A2D240]: function$009771A0 'gameflow_DoesPlayerHaveCardIntel' [h=A6CC3E05,$00A2D240]
    CONST$00991FA0 k0  'Utility_ReadStringFromScribbleMemory' [h=5455F3B9,$00A0B700]
    CONST$00991FA8 k1  'gameflow_GetCardIntelScribMemVarName' [h=1BD00BE0,$00A2C9C0]
    CONST$00991FB0 k2  'newinfo' [h=6C9AFA8E,$00987740]
    CODE $00A13680
      000 02000005 GETGLOBAL r2 := _G[k0 ('Utility_ReadStringFromScribbleMemory' [h=5455F3B9,$00A0B700])]
      001 03000045 GETGLOBAL r3 := _G[k1 ('gameflow_GetCardIntelScribMemVarName' [h=1BD00BE0,$00A2C9C0])]
      002 04000000      MOVE r4 := r0
      003 05008000      MOVE r5 := r1
      004 03018019      CALL r3 (2 args) => -1 results
      005 02000099      CALL r2 (-1 args) => 1 results
      006 01013F15       BNE r2 != k2 ('newinfo' [h=6C9AFA8E,$00987740])
      007 00800014       JMP +1 ; 9
      008 02000042  LOADBOOL r2 := False ; br 10
      009 02008002  LOADBOOL r2 := True
      010 0201001B    RETURN r2 ... r2
      011 0000801B    RETURN r0 ... r-1
  [Node$01CAC7EC] 'challenge_deliver_pyn_01_OnStarterSpent' [h=0D4B279F,$00A33340]: function$0099BC40 'challenge_deliver_pyn_01_OnStarterSpent' [h=0D4B279F,$00A33340]
    CONST$00957AB0 k0  'challenge_Recycler_OnStarterSpent' [h=B4FA0A88,$00A10D40]
    CONST$00957AB8 k1  'tSW_challenge_deliver_pyn_01' [h=3CC49C56,$009DA980]
    CODE $00957AA0
      000 00000005 GETGLOBAL r0 := _G[k0 ('challenge_Recycler_OnStarterSpent' [h=B4FA0A88,$00A10D40])]
      001 01000045 GETGLOBAL r1 := _G[k1 ('tSW_challenge_deliver_pyn_01' [h=3CC49C56,$009DA980])]
      002 00010059      CALL r0 (1 args) => 0 results
      003 0000801B    RETURN r0 ... r-1
  [Node$01CAC800] 'spawn_Cleanup' [h=3BEE7312,$0098D360]: function$0099C920 'spawn_Cleanup' [h=3BEE7312,$0098D360]
    CONST$00AAA040 k0  'SPAWN_LUA_LOADED' [h=E1684F23,$00A03BC0]
    CONST$00AAA048 k1  'spawn_Cleanup' [h=3BEE7312,$0098D360]
    CONST$00AAA050 k2  'Spawn_Actor' [h=44229E9F,$00985AE0]
    CONST$00AAA058 k3  'Spawn_VehicleWithRiders' [h=AF0A4ED4,$00A0AB40]
    CONST$00AAA060 k4  'spawn_ActorTables' [h=4BB339B1,$00A371C0]
    CONST$00AAA068 k5  'spawn_ActorQueueAdd' [h=74976BF9,$00A0BBC0]
    CONST$00AAA070 k6  'spawn_ActorQueueSpawn' [h=9349201A,$00A0D180]
    CONST$00AAA078 k7  'spawn_ActorTablesMultiple' [h=FA58507E,$009E6140]
    CONST$00AAA080 k8  'tDefault_spawn_ActorTableSettings' [h=716F1C57,$00A297C0]
    CODE $00AA9FC0
      000 00000003   LOADNIL r0 ... r0
      001 00000007 SETGLOBAL r0 ->> _G[k0 ('SPAWN_LUA_LOADED' [h=E1684F23,$00A03BC0])]
      002 00000003   LOADNIL r0 ... r0
      003 00000047 SETGLOBAL r0 ->> _G[k1 ('spawn_Cleanup' [h=3BEE7312,$0098D360])]
      004 00000003   LOADNIL r0 ... r0
      005 00000087 SETGLOBAL r0 ->> _G[k2 ('Spawn_Actor' [h=44229E9F,$00985AE0])]
      006 00000003   LOADNIL r0 ... r0
      007 000000C7 SETGLOBAL r0 ->> _G[k3 ('Spawn_VehicleWithRiders' [h=AF0A4ED4,$00A0AB40])]
      008 00000003   LOADNIL r0 ... r0
      009 00000107 SETGLOBAL r0 ->> _G[k4 ('spawn_ActorTables' [h=4BB339B1,$00A371C0])]
      010 00000003   LOADNIL r0 ... r0
      011 00000147 SETGLOBAL r0 ->> _G[k5 ('spawn_ActorQueueAdd' [h=74976BF9,$00A0BBC0])]
      012 00000003   LOADNIL r0 ... r0
      013 00000187 SETGLOBAL r0 ->> _G[k6 ('spawn_ActorQueueSpawn' [h=9349201A,$00A0D180])]
      014 00000003   LOADNIL r0 ... r0
      015 000001C7 SETGLOBAL r0 ->> _G[k7 ('spawn_ActorTablesMultiple' [h=FA58507E,$009E6140])]
      016 00000003   LOADNIL r0 ... r0
      017 00000207 SETGLOBAL r0 ->> _G[k8 ('tDefault_spawn_ActorTableSettings' [h=716F1C57,$00A297C0])]
      018 0000801B    RETURN r0 ... r-1
  [Node$01CAC814] 'jeff_clearVehicleEvents' [h=3E56DA3B,$00A2B640]: function$00988D60 'jeff_clearVehicleEvents' [h=3E56DA3B,$00A2B640]
    CONST$009A4480 k0  'jeff_hPlayerOutOfVehicle' [h=F611A62E,$00A2BCC0]
    CONST$009A4488 k1  'Event_CancelEvent' [h=D8960070,$00A08280]
    CONST$009A4490 k2  'jeff_hVehicleDamagedEvent' [h=1E912908,$009F65C0]
    CODE $009F6600
      000 00000045 GETGLOBAL r0 := _G[k1 ('Event_CancelEvent' [h=D8960070,$00A08280])]
      001 01000005 GETGLOBAL r1 := _G[k0 ('jeff_hPlayerOutOfVehicle' [h=F611A62E,$00A2BCC0])]
      002 00010099      CALL r0 (1 args) => 1 results
      003 00000007 SETGLOBAL r0 ->> _G[k0 ('jeff_hPlayerOutOfVehicle' [h=F611A62E,$00A2BCC0])]
      004 00000045 GETGLOBAL r0 := _G[k1 ('Event_CancelEvent' [h=D8960070,$00A08280])]
      005 01000085 GETGLOBAL r1 := _G[k2 ('jeff_hVehicleDamagedEvent' [h=1E912908,$009F65C0])]
      006 00010099      CALL r0 (1 args) => 1 results
      007 00000087 SETGLOBAL r0 ->> _G[k2 ('jeff_hVehicleDamagedEvent' [h=1E912908,$009F65C0])]
      008 0000801B    RETURN r0 ... r-1
  [Node$01CAC828] 'SW_Challenge_Race_HQc2HQm_01_OnStarterSpent' [h=DE164FA2,$009EFE80]: function$00987120 'SW_Challenge_Race_HQc2HQm_01_OnStarterSpent' [h=DE164FA2,$009EFE80]
    CONST$00962A20 k0  'challenge_Recycler_OnStarterSpent' [h=B4FA0A88,$00A10D40]
    CONST$00962A28 k1  'tSW_Challenge_Race_HQc2HQm_01' [h=6F113451,$009CD280]
    CODE $00962A10
      000 00000005 GETGLOBAL r0 := _G[k0 ('challenge_Recycler_OnStarterSpent' [h=B4FA0A88,$00A10D40])]
      001 01000045 GETGLOBAL r1 := _G[k1 ('tSW_Challenge_Race_HQc2HQm_01' [h=6F113451,$009CD280])]
      002 00010059      CALL r0 (1 args) => 0 results
      003 0000801B    RETURN r0 ... r-1
  [Node$01CAC83C] 'jeff_hHeroHealedEvent' [h=7397F395,$009F6DC0]: 1625.0
  [Node$01CAC850] 'print' [h=11BAAE46,$009906C0]: cfunction$003B74B0 'print' [h=11BAAE46,$009906C0]
  [Node$01CAC864] 'bHudOutput' [h=448C87A5,$009A6CA0]: False
  [Node$01CAC878] 'RemoveExtractionSupport' [h=150B07D2,$009FD880]: function$009C5D60 'RemoveExtractionSupport' [h=150B07D2,$009FD880]
    CONST$009614E0 k0  'Support_RemoveItem' [h=843B3C39,$00A09680]
    CONST$009614E8 k1  'template_weapon_Extraction' [h=F03E424C,$009E8F00]
    CODE $009614C0
      000 00000005 GETGLOBAL r0 := _G[k0 ('Support_RemoveItem' [h=843B3C39,$00A09680])]
      001 01000041     LOADK r1 := k1 ('template_weapon_Extraction' [h=F03E424C,$009E8F00])
      002 00010059      CALL r0 (1 args) => 0 results
      003 0000801B    RETURN r0 ... r-1
  [Node$01CAC88C] 'challenge_deliver_prp_01_Reinit' [h=F973C7A7,$00A406C0]: function$009A8060 'challenge_deliver_prp_01_Reinit' [h=F973C7A7,$00A406C0]
    CONST$009578C0 k0  'challenge_Recycler_Reinit' [h=1C420A72,$00A02840]
    CONST$009578C8 k1  'tSW_challenge_deliver_prp_01' [h=34C59E4F,$009F2940]
    CODE $009578A0
      000 00000005 GETGLOBAL r0 := _G[k0 ('challenge_Recycler_Reinit' [h=1C420A72,$00A02840])]
      001 01000045 GETGLOBAL r1 := _G[k1 ('tSW_challenge_deliver_prp_01' [h=34C59E4F,$009F2940])]
      002 00010059      CALL r0 (1 args) => 0 results
      003 0000801B    RETURN r0 ... r-1
  [Node$01CAC8A0] 'Event_ActorCaptured' [h=A30657A8,$00A05540]: cfunction$002BF2D8 'Event_ActorCaptured' [h=A30657A8,$00A05540]
  [Node$01CAC8B4] 'jeff_hChinaMood' [h=6188C7A9,$009C6AE0]: 1569.0
  [Node$01CAC8C8] 'RS_AFLG_NONE' [h=EE20D15D,$0098F1A0]: 0.0
  [Node$01CAC8DC] 'SetupEventVerificationTargetCarryStatusChange' [h=1EC4489D,$009E7880]: function$00993080 'SetupEventVerificationTargetCarryStatusChange' [h=1EC4489D,$009E7880]
    CONST$00A02540 k0  'carriedHandle' [h=37E82AAD,$00990BC0]
    CONST$00A02548 k1  'Event_ActorInFiremansCarry' [h=AC05FBEE,$00A06080]
    CONST$00A02550 k2  'VerificationTargetCarryStatusChange' [h=DEF395E3,$00A28C00]
    CONST$00A02558 k3  'b' [h=00000083,$009960C0]
    CONST$00A02560 k4  'actorName' [h=4EB2E2FD,$00997FC0]
    CODE $009A9D60
      000 02000045 GETGLOBAL r2 := _G[k1 ('Event_ActorInFiremansCarry' [h=AC05FBEE,$00A06080])]
      001 03000081     LOADK r3 := k2 ('VerificationTargetCarryStatusChange' [h=DEF395E3,$00A28C00])
      002 040000C1     LOADK r4 := k3 ('b' [h=00000083,$009960C0])
      003 05003F86  GETTABLE r5 := r0[k4 ('actorName' [h=4EB2E2FD,$00997FC0])]
      004 06008000      MOVE r6 := r1
      005 02028099      CALL r2 (4 args) => 1 results
      006 007D0089  SETTABLE r2 ->> r0[k0 ('carriedHandle' [h=37E82AAD,$00990BC0])]
      007 0000801B    RETURN r0 ... r-1
  [Node$01CAC8F0] 'Camera_SetNearPlaneDistance' [h=1E889E54,$00A0E480]: cfunction$002A68C8 'Camera_SetNearPlaneDistance' [h=1E889E54,$00A0E480]
  [Node$01CAC904] 'mission_numDynCreatedObjectives' [h=90D3BB37,$009E0200]: 0.0
  [Node$01CAC918] 'Traffic_SetZoneUrgency' [h=8DC5A65A,$009E2380]: cfunction$002A2140 'Traffic_SetZoneUrgency' [h=8DC5A65A,$009E2380]
  [Node$01CAC92C] 'CARD_RANK_MIN' [h=4771A7AF,$009990E0]: 2.0
  [Node$01CAC940] 'Traffic_SetZoneCivDensity' [h=C937997E,$00A40E00]: cfunction$002A1CD0 'Traffic_SetZoneCivDensity' [h=C937997E,$00A40E00]
  [Node$01CAC954] 'loadfile' [h=7378897F,$009A04E0]: cfunction$003B89E0 'loadfile' [h=7378897F,$009A04E0]
  [Node$01CAC968] 'jeff_heroHealed' [h=D56197B2,$00980640]: function$0099D740 'jeff_heroHealed' [h=D56197B2,$00980640]
    CONST$00A25C80 k0  'jeff_clearHeroEvents' [h=87DA5CA6,$00A2B6C0]
    CONST$00A25C88 k1  'jeff_iBanterHeroDamage' [h=58C02B62,$00A2B040]
    CONST$00A25C90 k2  0.0
    CONST$00A25C98 k3  'Event_RelativeTimer' [h=AD23F6E2,$00A3EA80]
    CONST$00A25CA0 k4  'jeff_newHeroDamageEvent' [h=EFF1FB7C,$00A2B600]
    CONST$00A25CA8 k5  'b' [h=00000083,$009960C0]
    CONST$00A25CB0 k6  0.5
    CODE $00A2BF40
      000 00000005 GETGLOBAL r0 := _G[k0 ('jeff_clearHeroEvents' [h=87DA5CA6,$00A2B6C0])]
      001 00008059      CALL r0 (0 args) => 0 results
      002 00000081     LOADK r0 := k2 (0.0)
      003 00000047 SETGLOBAL r0 ->> _G[k1 ('jeff_iBanterHeroDamage' [h=58C02B62,$00A2B040])]
      004 000000C5 GETGLOBAL r0 := _G[k3 ('Event_RelativeTimer' [h=AD23F6E2,$00A3EA80])]
      005 01000101     LOADK r1 := k4 ('jeff_newHeroDamageEvent' [h=EFF1FB7C,$00A2B600])
      006 02000141     LOADK r2 := k5 ('b' [h=00000083,$009960C0])
      007 03000181     LOADK r3 := k6 (0.5)
      008 00020059      CALL r0 (3 args) => 0 results
      009 0000801B    RETURN r0 ... r-1
  [Node$01CAC97C] 'CARD_RANK_NUM_MAX' [h=7876B666,$00A39DC0]: 10.0
  [Node$01CAC990] 'VERB_VERIFY' [h=CAE4DEEE,$00976AC0]: 3.0
  [Node$01CAC9A4] 'gameflow_SetupEventCardIsDormant' [h=FDEEF66B,$00A37900]: function$00985660 'gameflow_SetupEventCardIsDormant' [h=FDEEF66B,$00A37900]
    CONST$00985360 k0  'Event_ActorIsDormant' [h=EDBBFA3E,$009FD4C0]
    CONST$00985368 k1  'gameflow_CardIsDormant' [h=587430DC,$00A2CFC0]
    CONST$00985370 k2  'b' [h=00000083,$009960C0]
    CODE $009844C0
      000 02000005 GETGLOBAL r2 := _G[k0 ('Event_ActorIsDormant' [h=EDBBFA3E,$009FD4C0])]
      001 03000041     LOADK r3 := k1 ('gameflow_CardIsDormant' [h=587430DC,$00A2CFC0])
      002 04000081     LOADK r4 := k2 ('b' [h=00000083,$009960C0])
      003 05000000      MOVE r5 := r0
      004 06008000      MOVE r6 := r1
      005 0202801A  TAILCALL r2 (4 args)
      006 0200001B    RETURN r2 ... r0
      007 0000801B    RETURN r0 ... r-1
  [Node$01CAC9B8] 'Player_SpecialDetach' [h=95FBD26C,$00A00640]: cfunction$002F7B60 'Player_SpecialDetach' [h=95FBD26C,$00A00640]
  [Node$01CAC9CC] 'nenc_ff5044_v' [h=E1F62A6E,$00989AE0]: table$0099A3A0[a=0,h=4]
    [Node$00AAAAD4] 'tLocationObjectsA' [h=2C5376F5,$00A01980]: table$0098AD20[a=2,h=1]
    [Node$00AAAAE8] 'sEncounter' [h=4CD961D9,$009A5C20]: 'ff5044' [h=E371F3D7,$0097BD80]
    [Node$00AAAAFC] 'tLocationObjectsB' [h=CEC61813,$00A073C0]: nil
  [Node$01CAC9E0] 'Actor_ResetLookAtActor' [h=C9F6DFB8,$00A0D400]: cfunction$002AEDB8 'Actor_ResetLookAtActor' [h=C9F6DFB8,$00A0D400]
  [Node$01CAC9F4] 'Spawn_Actor' [h=44229E9F,$00985AE0]: function$009A5C00[1] 'Spawn_Actor' [h=44229E9F,$00985AE0]
    CONST$00C8E300 k0  'assert' [h=92EA3D15,$00991340]
    CONST$00C8E308 k1  'type' [h=0070EF71,$00990720]
    CONST$00C8E310 k2  'table' [h=10F2114B,$00979B40]
    CONST$00C8E318 k3  'tostring' [h=787EB105,$00990700]
    CONST$00C8E320 k4  'sFullMissionID' [h=55237598,$009A61E0]
    CONST$00C8E328 k5  " . . . Spawn_Actor:  ASSERT:  You didn't pass in a table, Beavis.  DUUURRRR!\n" [h=A6E00065,$00ABFF40]
    CONST$00C8E330 k6  'sTemplate' [h=71335A82,$0097B1E0]
    CONST$00C8E338 k7  'string' [h=81F98B41,$00980520]
    CONST$00C8E340 k8  ' . . . Spawn_Actor:  ASSERT:  sTemplate is not a string\n' [h=6BB8367B,$00AAA140]
    CONST$00C8E348 k9  'sName' [h=10ED9F0D,$00980360]
    CONST$00C8E350 k10 ' . . . Spawn_Actor:  ASSERT:  sName is not a string\n' [h=F9C209BE,$00AA9EC0]
    CONST$00C8E358 k11 'spawnLocation' [h=8D916716,$0099E420]
    CONST$00C8E360 k12 ' . . . Spawn_Actor:  ASSERT:  spawnLocation is not a string or table\n' [h=AC016CFB,$00AAA440]
    CONST$00C8E368 k13 'Actor_GetType' [h=DC0B4554,$009777A0]
    CONST$00C8E370 k14 'TYPE_LOCATION' [h=86EE561B,$00982140]
    CONST$00C8E378 k15 ' . . . Spawn_Actor:  ASSERT:  spawnLocation (' [h=AADB731A,$00A01F40]
    CONST$00C8E380 k16 ') is a string but does not point to a location object\n' [h=53469165,$00AA9CC0]
    CONST$00C8E388 k17 'x' [h=00000099,$009A6B80]
    CONST$00C8E390 k18 'number' [h=77DB8760,$00982720]
    CONST$00C8E398 k19 ' . . . Spawn_Actor:  ASSERT:  t.spawnLocation.x not a number\n' [h=235457C6,$00AA9E40]
    CONST$00C8E3A0 k20 'y' [h=00000098,$009A6B60]
    CONST$00C8E3A8 k21 ' . . . Spawn_Actor:  ASSERT:  t.spawnLocation.y not a number\n' [h=F77E796C,$00AA9DC0]
    CONST$00C8E3B0 k22 'z' [h=0000009B,$009A6B40]
    CONST$00C8E3B8 k23 ' . . . Spawn_Actor:  ASSERT:  t.spawnLocation.z not a number\n' [h=42A71BCC,$00AA9AC0]
    CONST$00C8E3C0 k24 'yaw' [h=0003646B,$009A6B20]
    CONST$00C8E3C8 k25 ' . . . Spawn_Actor:  ASSERT:  t.spawnLocation.yaw not a number\n' [h=21D5B19D,$00AA9940]
    CONST$00C8E3D0 k26 'Location_GetPosition' [h=A933ECC8,$00A108C0]
    CONST$00C8E3D8 k27 'Location_GetYaw' [h=888B12C2,$009C71A0]
    CONST$00C8E3E0 k28 'bInvertYaw' [h=AA1141A0,$009AB540]
    CONST$00C8E3E8 k29 'bFlip' [h=11038A15,$00997420]
    CONST$00C8E3F0 k30 180.0
    CONST$00C8E3F8 k31 'Mission_Spawn' [h=59A02AE9,$0098E260]
    CONST$00C8E400 k32 'sEncounter' [h=4CD961D9,$009A5C20]
    CONST$00C8E408 k33 nil
    CONST$00C8E410 k34 'sSquad' [h=7089B391,$009C60E0]
    CONST$00C8E418 k35 'Ai_SetSquad' [h=18402E9B,$0098AEC0]
    CODE $01AEE5C0
      000 01000004  GETUPVAL r1 := u0
      001 01008018      TEST not r1: r1 := r1 ; or skip
      002 00802554       JMP +150 ; 153
      003 01000005 GETGLOBAL r1 := _G[k0 ('assert' [h=92EA3D15,$00991340])]
      004 02000045 GETGLOBAL r2 := _G[k1 ('type' [h=0070EF71,$00990720])]
      005 03000000      MOVE r3 := r0
      006 02010099      CALL r2 (1 args) => 1 results
      007 01013F15       BNE r2 != k2 ('table' [h=10F2114B,$00979B40])
      008 00800014       JMP +1 ; 10
      009 02000042  LOADBOOL r2 := False ; br 11
      010 02008002  LOADBOOL r2 := True
      011 030000C5 GETGLOBAL r3 := _G[k3 ('tostring' [h=787EB105,$00990700])]
      012 04000105 GETGLOBAL r4 := _G[k4 ('sFullMissionID' [h=55237598,$009A61E0])]
      013 03010099      CALL r3 (1 args) => 1 results
      014 04000141     LOADK r4 := k5 (" . . . Spawn_Actor:  ASSERT:  You didn't pass in a table, Beavis.  DUUURRRR!\n" [h=A6E00065,$00ABFF40])
      015 03018113    CONCAT r3 := r3 ... r4
      016 01018059      CALL r1 (2 args) => 0 results
      017 01000005 GETGLOBAL r1 := _G[k0 ('assert' [h=92EA3D15,$00991340])]
      018 02000045 GETGLOBAL r2 := _G[k1 ('type' [h=0070EF71,$00990720])]
      019 03004006  GETTABLE r3 := r0[k6 ('sTemplate' [h=71335A82,$0097B1E0])]
      020 02010099      CALL r2 (1 args) => 1 results
      021 01014055       BNE r2 != k7 ('string' [h=81F98B41,$00980520])
      022 00800014       JMP +1 ; 24
      023 02000042  LOADBOOL r2 := False ; br 25
      024 02008002  LOADBOOL r2 := True
      025 030000C5 GETGLOBAL r3 := _G[k3 ('tostring' [h=787EB105,$00990700])]
      026 04000105 GETGLOBAL r4 := _G[k4 ('sFullMissionID' [h=55237598,$009A61E0])]
      027 03010099      CALL r3 (1 args) => 1 results
      028 04000201     LOADK r4 := k8 (' . . . Spawn_Actor:  ASSERT:  sTemplate is not a string\n' [h=6BB8367B,$00AAA140])
      029 03018113    CONCAT r3 := r3 ... r4
      030 01018059      CALL r1 (2 args) => 0 results
      031 01000005 GETGLOBAL r1 := _G[k0 ('assert' [h=92EA3D15,$00991340])]
      032 02000045 GETGLOBAL r2 := _G[k1 ('type' [h=0070EF71,$00990720])]
      033 030040C6  GETTABLE r3 := r0[k9 ('sName' [h=10ED9F0D,$00980360])]
      034 02010099      CALL r2 (1 args) => 1 results
      035 01014055       BNE r2 != k7 ('string' [h=81F98B41,$00980520])
      036 00800014       JMP +1 ; 38
      037 02000042  LOADBOOL r2 := False ; br 39
      038 02008002  LOADBOOL r2 := True
      039 030000C5 GETGLOBAL r3 := _G[k3 ('tostring' [h=787EB105,$00990700])]
      040 04000105 GETGLOBAL r4 := _G[k4 ('sFullMissionID' [h=55237598,$009A61E0])]
      041 03010099      CALL r3 (1 args) => 1 results
      042 04000281     LOADK r4 := k10 (' . . . Spawn_Actor:  ASSERT:  sName is not a string\n' [h=F9C209BE,$00AA9EC0])
      043 03018113    CONCAT r3 := r3 ... r4
      044 01018059      CALL r1 (2 args) => 0 results
      045 01000005 GETGLOBAL r1 := _G[k0 ('assert' [h=92EA3D15,$00991340])]
      046 02000045 GETGLOBAL r2 := _G[k1 ('type' [h=0070EF71,$00990720])]
      047 03004146  GETTABLE r3 := r0[k11 ('spawnLocation' [h=8D916716,$0099E420])]
      048 02010099      CALL r2 (1 args) => 1 results
      049 01014055       BNE r2 != k7 ('string' [h=81F98B41,$00980520])
      050 00800154       JMP +6 ; 57
      051 02000045 GETGLOBAL r2 := _G[k1 ('type' [h=0070EF71,$00990720])]
      052 03004146  GETTABLE r3 := r0[k11 ('spawnLocation' [h=8D916716,$0099E420])]
      053 02010099      CALL r2 (1 args) => 1 results
      054 01013F15       BNE r2 != k2 ('table' [h=10F2114B,$00979B40])
      055 00800014       JMP +1 ; 57
      056 02000042  LOADBOOL r2 := False ; br 58
      057 02008002  LOADBOOL r2 := True
      058 030000C5 GETGLOBAL r3 := _G[k3 ('tostring' [h=787EB105,$00990700])]
      059 04000105 GETGLOBAL r4 := _G[k4 ('sFullMissionID' [h=55237598,$009A61E0])]
      060 03010099      CALL r3 (1 args) => 1 results
      061 04000301     LOADK r4 := k12 (' . . . Spawn_Actor:  ASSERT:  spawnLocation is not a string or table\n' [h=AC016CFB,$00AAA440])
      062 03018113    CONCAT r3 := r3 ... r4
      063 01018059      CALL r1 (2 args) => 0 results
      064 01000045 GETGLOBAL r1 := _G[k1 ('type' [h=0070EF71,$00990720])]
      065 02004146  GETTABLE r2 := r0[k11 ('spawnLocation' [h=8D916716,$0099E420])]
      066 01010099      CALL r1 (1 args) => 1 results
      067 0000C055       BEQ r1 == k7 ('string' [h=81F98B41,$00980520])
      068 00800494       JMP +19 ; 88
      069 01000005 GETGLOBAL r1 := _G[k0 ('assert' [h=92EA3D15,$00991340])]
      070 02000345 GETGLOBAL r2 := _G[k13 ('Actor_GetType' [h=DC0B4554,$009777A0])]
      071 03004146  GETTABLE r3 := r0[k11 ('spawnLocation' [h=8D916716,$0099E420])]
      072 02010099      CALL r2 (1 args) => 1 results
      073 01014215       BNE r2 != k14 ('TYPE_LOCATION' [h=86EE561B,$00982140])
      074 00800014       JMP +1 ; 76
      075 02000042  LOADBOOL r2 := False ; br 77
      076 02008002  LOADBOOL r2 := True
      077 030000C5 GETGLOBAL r3 := _G[k3 ('tostring' [h=787EB105,$00990700])]
      078 04000105 GETGLOBAL r4 := _G[k4 ('sFullMissionID' [h=55237598,$009A61E0])]
      079 03010099      CALL r3 (1 args) => 1 results
      080 040003C1     LOADK r4 := k15 (' . . . Spawn_Actor:  ASSERT:  spawnLocation (' [h=AADB731A,$00A01F40])
      081 050000C5 GETGLOBAL r5 := _G[k3 ('tostring' [h=787EB105,$00990700])]
      082 06004146  GETTABLE r6 := r0[k11 ('spawnLocation' [h=8D916716,$0099E420])]
      083 05010099      CALL r5 (1 args) => 1 results
      084 06000401     LOADK r6 := k16 (') is a string but does not point to a location object\n' [h=53469165,$00AA9CC0])
      085 03018193    CONCAT r3 := r3 ... r6
      086 01018059      CALL r1 (2 args) => 0 results
      087 00801014       JMP +65 ; 153
      088 01000045 GETGLOBAL r1 := _G[k1 ('type' [h=0070EF71,$00990720])]
      089 02004146  GETTABLE r2 := r0[k11 ('spawnLocation' [h=8D916716,$0099E420])]
      090 01010099      CALL r1 (1 args) => 1 results
      091 0000BF15       BEQ r1 == k2 ('table' [h=10F2114B,$00979B40])
      092 00800ED4       JMP +60 ; 153
      093 01000005 GETGLOBAL r1 := _G[k0 ('assert' [h=92EA3D15,$00991340])]
      094 02000045 GETGLOBAL r2 := _G[k1 ('type' [h=0070EF71,$00990720])]
      095 03004146  GETTABLE r3 := r0[k11 ('spawnLocation' [h=8D916716,$0099E420])]
      096 0301C2C6  GETTABLE r3 := r3[k17 ('x' [h=00000099,$009A6B80])]
      097 02010099      CALL r2 (1 args) => 1 results
      098 01014315       BNE r2 != k18 ('number' [h=77DB8760,$00982720])
      099 00800014       JMP +1 ; 101
      100 02000042  LOADBOOL r2 := False ; br 102
      101 02008002  LOADBOOL r2 := True
      102 030000C5 GETGLOBAL r3 := _G[k3 ('tostring' [h=787EB105,$00990700])]
      103 04000105 GETGLOBAL r4 := _G[k4 ('sFullMissionID' [h=55237598,$009A61E0])]
      104 03010099      CALL r3 (1 args) => 1 results
      105 040004C1     LOADK r4 := k19 (' . . . Spawn_Actor:  ASSERT:  t.spawnLocation.x not a number\n' [h=235457C6,$00AA9E40])
      106 03018113    CONCAT r3 := r3 ... r4
      107 01018059      CALL r1 (2 args) => 0 results
      108 01000005 GETGLOBAL r1 := _G[k0 ('assert' [h=92EA3D15,$00991340])]
      109 02000045 GETGLOBAL r2 := _G[k1 ('type' [h=0070EF71,$00990720])]
      110 03004146  GETTABLE r3 := r0[k11 ('spawnLocation' [h=8D916716,$0099E420])]
      111 0301C386  GETTABLE r3 := r3[k20 ('y' [h=00000098,$009A6B60])]
      112 02010099      CALL r2 (1 args) => 1 results
      113 01014315       BNE r2 != k18 ('number' [h=77DB8760,$00982720])
      114 00800014       JMP +1 ; 116
      115 02000042  LOADBOOL r2 := False ; br 117
      116 02008002  LOADBOOL r2 := True
      117 030000C5 GETGLOBAL r3 := _G[k3 ('tostring' [h=787EB105,$00990700])]
      118 04000105 GETGLOBAL r4 := _G[k4 ('sFullMissionID' [h=55237598,$009A61E0])]
      119 03010099      CALL r3 (1 args) => 1 results
      120 04000541     LOADK r4 := k21 (' . . . Spawn_Actor:  ASSERT:  t.spawnLocation.y not a number\n' [h=F77E796C,$00AA9DC0])
      121 03018113    CONCAT r3 := r3 ... r4
      122 01018059      CALL r1 (2 args) => 0 results
      123 01000005 GETGLOBAL r1 := _G[k0 ('assert' [h=92EA3D15,$00991340])]
      124 02000045 GETGLOBAL r2 := _G[k1 ('type' [h=0070EF71,$00990720])]
      125 03004146  GETTABLE r3 := r0[k11 ('spawnLocation' [h=8D916716,$0099E420])]
      126 0301C406  GETTABLE r3 := r3[k22 ('z' [h=0000009B,$009A6B40])]
      127 02010099      CALL r2 (1 args) => 1 results
      128 01014315       BNE r2 != k18 ('number' [h=77DB8760,$00982720])
      129 00800014       JMP +1 ; 131
      130 02000042  LOADBOOL r2 := False ; br 132
      131 02008002  LOADBOOL r2 := True
      132 030000C5 GETGLOBAL r3 := _G[k3 ('tostring' [h=787EB105,$00990700])]
      133 04000105 GETGLOBAL r4 := _G[k4 ('sFullMissionID' [h=55237598,$009A61E0])]
      134 03010099      CALL r3 (1 args) => 1 results
      135 040005C1     LOADK r4 := k23 (' . . . Spawn_Actor:  ASSERT:  t.spawnLocation.z not a number\n' [h=42A71BCC,$00AA9AC0])
      136 03018113    CONCAT r3 := r3 ... r4
      137 01018059      CALL r1 (2 args) => 0 results
      138 01000005 GETGLOBAL r1 := _G[k0 ('assert' [h=92EA3D15,$00991340])]
      139 02000045 GETGLOBAL r2 := _G[k1 ('type' [h=0070EF71,$00990720])]
      140 03004146  GETTABLE r3 := r0[k11 ('spawnLocation' [h=8D916716,$0099E420])]
      141 0301C486  GETTABLE r3 := r3[k24 ('yaw' [h=0003646B,$009A6B20])]
      142 02010099      CALL r2 (1 args) => 1 results
      143 01014315       BNE r2 != k18 ('number' [h=77DB8760,$00982720])
      144 00800014       JMP +1 ; 146
      145 02000042  LOADBOOL r2 := False ; br 147
      146 02008002  LOADBOOL r2 := True
      147 030000C5 GETGLOBAL r3 := _G[k3 ('tostring' [h=787EB105,$00990700])]
      148 04000105 GETGLOBAL r4 := _G[k4 ('sFullMissionID' [h=55237598,$009A61E0])]
      149 03010099      CALL r3 (1 args) => 1 results
      150 04000641     LOADK r4 := k25 (' . . . Spawn_Actor:  ASSERT:  t.spawnLocation.yaw not a number\n' [h=21D5B19D,$00AA9940])
      151 03018113    CONCAT r3 := r3 ... r4
      152 01018059      CALL r1 (2 args) => 0 results
      153 01008003   LOADNIL r1 ... r1
      154 02000045 GETGLOBAL r2 := _G[k1 ('type' [h=0070EF71,$00990720])]
      155 03004146  GETTABLE r3 := r0[k11 ('spawnLocation' [h=8D916716,$0099E420])]
      156 02010099      CALL r2 (1 args) => 1 results
      157 00014055       BEQ r2 == k7 ('string' [h=81F98B41,$00980520])
      158 00800854       JMP +34 ; 193
      159 01004146  GETTABLE r1 := r0[k11 ('spawnLocation' [h=8D916716,$0099E420])]
      160 0200000A  NEWTABLE r2 := {} (#a=0, #h=0)
      161 00828089  SETTABLE r2 ->> r0[k11 ('spawnLocation' [h=8D916716,$0099E420])]
      162 02004146  GETTABLE r2 := r0[k11 ('spawnLocation' [h=8D916716,$0099E420])]
      163 03004146  GETTABLE r3 := r0[k11 ('spawnLocation' [h=8D916716,$0099E420])]
      164 04004146  GETTABLE r4 := r0[k11 ('spawnLocation' [h=8D916716,$0099E420])]
      165 05000685 GETGLOBAL r5 := _G[k26 ('Location_GetPosition' [h=A933ECC8,$00A108C0])]
      166 06008000      MOVE r6 := r1
      167 05010119      CALL r5 (1 args) => 3 results
      168 048801C9  SETTABLE r7 ->> r4[k22 ('z' [h=0000009B,$009A6B40])]
      169 03870189  SETTABLE r6 ->> r3[k20 ('y' [h=00000098,$009A6B60])]
      170 02858149  SETTABLE r5 ->> r2[k17 ('x' [h=00000099,$009A6B80])]
      171 02004146  GETTABLE r2 := r0[k11 ('spawnLocation' [h=8D916716,$0099E420])]
      172 030006C5 GETGLOBAL r3 := _G[k27 ('Location_GetYaw' [h=888B12C2,$009C71A0])]
      173 04008000      MOVE r4 := r1
      174 03010099      CALL r3 (1 args) => 1 results
      175 028900C9  SETTABLE r3 ->> r2[k24 ('yaw' [h=0003646B,$009A6B20])]
      176 02004586  GETTABLE r2 := r0[k28 ('bInvertYaw' [h=AA1141A0,$009AB540])]
      177 02010018      TEST not r2: r2 := r2 ; or skip
      178 00800114       JMP +5 ; 184
      179 02004146  GETTABLE r2 := r0[k11 ('spawnLocation' [h=8D916716,$0099E420])]
      180 03004146  GETTABLE r3 := r0[k11 ('spawnLocation' [h=8D916716,$0099E420])]
      181 0301C486  GETTABLE r3 := r3[k24 ('yaw' [h=0003646B,$009A6B20])]
      182 03018011       UNM r3 := -r3
      183 028900C9  SETTABLE r3 ->> r2[k24 ('yaw' [h=0003646B,$009A6B20])]
      184 020045C6  GETTABLE r2 := r0[k29 ('bFlip' [h=11038A15,$00997420])]
      185 02010018      TEST not r2: r2 := r2 ; or skip
      186 00800294       JMP +11 ; 198
      187 02004146  GETTABLE r2 := r0[k11 ('spawnLocation' [h=8D916716,$0099E420])]
      188 03004146  GETTABLE r3 := r0[k11 ('spawnLocation' [h=8D916716,$0099E420])]
      189 0301C486  GETTABLE r3 := r3[k24 ('yaw' [h=0003646B,$009A6B20])]
      190 0301C60C       ADD r3 := r3 + k30 (180.0)
      191 028900C9  SETTABLE r3 ->> r2[k24 ('yaw' [h=0003646B,$009A6B20])]
      192 00800114       JMP +5 ; 198
      193 02000045 GETGLOBAL r2 := _G[k1 ('type' [h=0070EF71,$00990720])]
      194 03004146  GETTABLE r3 := r0[k11 ('spawnLocation' [h=8D916716,$0099E420])]
      195 02010099      CALL r2 (1 args) => 1 results
      196 00013F15       BEQ r2 == k2 ('table' [h=10F2114B,$00979B40])
      197 007FFFD4       JMP +0 ; 198
      198 020007C5 GETGLOBAL r2 := _G[k31 ('Mission_Spawn' [h=59A02AE9,$0098E260])]
      199 03004006  GETTABLE r3 := r0[k6 ('sTemplate' [h=71335A82,$0097B1E0])]
      200 040040C6  GETTABLE r4 := r0[k9 ('sName' [h=10ED9F0D,$00980360])]
      201 05004146  GETTABLE r5 := r0[k11 ('spawnLocation' [h=8D916716,$0099E420])]
      202 0502C2C6  GETTABLE r5 := r5[k17 ('x' [h=00000099,$009A6B80])]
      203 06004146  GETTABLE r6 := r0[k11 ('spawnLocation' [h=8D916716,$0099E420])]
      204 06034386  GETTABLE r6 := r6[k20 ('y' [h=00000098,$009A6B60])]
      205 07004146  GETTABLE r7 := r0[k11 ('spawnLocation' [h=8D916716,$0099E420])]
      206 0703C406  GETTABLE r7 := r7[k22 ('z' [h=0000009B,$009A6B40])]
      207 08004146  GETTABLE r8 := r0[k11 ('spawnLocation' [h=8D916716,$0099E420])]
      208 08044486  GETTABLE r8 := r8[k24 ('yaw' [h=0003646B,$009A6B20])]
      209 02038099      CALL r2 (6 args) => 1 results
      210 03004686  GETTABLE r3 := r0[k32 ('sEncounter' [h=4CD961D9,$009A5C20])]
      211 0101C6D5       BNE r3 != k33 (nil)
      212 00800454       JMP +18 ; 231
      213 03000045 GETGLOBAL r3 := _G[k1 ('type' [h=0070EF71,$00990720])]
      214 04004686  GETTABLE r4 := r0[k32 ('sEncounter' [h=4CD961D9,$009A5C20])]
      215 03010099      CALL r3 (1 args) => 1 results
      216 0001C055       BEQ r3 == k7 ('string' [h=81F98B41,$00980520])
      217 00800314       JMP +13 ; 231
      218 03004706  GETTABLE r3 := r0[k34 ('sSquad' [h=7089B391,$009C60E0])]
      219 0101C6D5       BNE r3 != k33 (nil)
      220 00800254       JMP +10 ; 231
      221 03000045 GETGLOBAL r3 := _G[k1 ('type' [h=0070EF71,$00990720])]
      222 04004706  GETTABLE r4 := r0[k34 ('sSquad' [h=7089B391,$009C60E0])]
      223 03010099      CALL r3 (1 args) => 1 results
      224 0001C055       BEQ r3 == k7 ('string' [h=81F98B41,$00980520])
      225 00800114       JMP +5 ; 231
      226 030008C5 GETGLOBAL r3 := _G[k35 ('Ai_SetSquad' [h=18402E9B,$0098AEC0])]
      227 040040C6  GETTABLE r4 := r0[k9 ('sName' [h=10ED9F0D,$00980360])]
      228 05004686  GETTABLE r5 := r0[k32 ('sEncounter' [h=4CD961D9,$009A5C20])]
      229 06004706  GETTABLE r6 := r0[k34 ('sSquad' [h=7089B391,$009C60E0])]
      230 03020059      CALL r3 (3 args) => 0 results
      231 0201001B    RETURN r2 ... r2
      232 0000801B    RETURN r0 ... r-1
  [Node$01CACA08] 'Event_PlayerEquipsOdfItem' [h=C8FEA28F,$00A106C0]: cfunction$002BE1E8 'Event_PlayerEquipsOdfItem' [h=C8FEA28F,$00A106C0]
  [Node$01CACA1C] 'Ai_MoveToPositionAndHeading' [h=D62DDFBB,$009DC940]: cfunction$002B1F30 'Ai_MoveToPositionAndHeading' [h=D62DDFBB,$009DC940]
  [Node$01CACA30] 'SKSquad' [h=A35E01F6,$00983480]: table$009C6F20[a=4,h=1]
    [0:$00995680] 'template_sk_soldier' [h=F73B2238,$009DDB00]
    [1:$00995688] 'template_sk_soldier' [h=F73B2238,$009DDB00]
    [2:$00995690] 'template_sk_soldier' [h=F73B2238,$009DDB00]
    [3:$00995698] 'template_sk_heavy' [h=A41AEC41,$009DDA80]
  [Node$01CACA44] 'nextsw' [h=B360CFCD,$0099B960]: function$00980FA0 'nextsw' [h=B360CFCD,$0099B960]
    CONST$00A3C580 k0  'g_iCurrentSwBountyIndex' [h=07EF99C7,$00A3C700]
    CONST$00A3C588 k1  1.0
    CONST$00A3C590 k2  'util_SkipToBounty' [h=FA688C8B,$00A3C800]
    CONST$00A3C598 k3  'util_GetBountyName' [h=AD9397D9,$00A3CA80]
    CONST$00A3C5A0 k4  'sw' [h=000017F5,$009AA280]
    CODE $00B2A7C0
      000 01000005 GETGLOBAL r1 := _G[k0 ('g_iCurrentSwBountyIndex' [h=07EF99C7,$00A3C700])]
      001 01008058      TEST r1: r1 := r1 ; or skip
      002 00800054       JMP +2 ; 5
      003 01000041     LOADK r1 := k1 (1.0)
      004 01000007 SETGLOBAL r1 ->> _G[k0 ('g_iCurrentSwBountyIndex' [h=07EF99C7,$00A3C700])]
      005 00000018      TEST not r0: r0 := r0 ; or skip
      006 008000D4       JMP +4 ; 11
      007 01000085 GETGLOBAL r1 := _G[k2 ('util_SkipToBounty' [h=FA688C8B,$00A3C800])]
      008 02000000      MOVE r2 := r0
      009 01010059      CALL r1 (1 args) => 0 results
      010 00800254       JMP +10 ; 21
      011 010000C5 GETGLOBAL r1 := _G[k3 ('util_GetBountyName' [h=AD9397D9,$00A3CA80])]
      012 02000101     LOADK r2 := k4 ('sw' [h=000017F5,$009AA280])
      013 03000005 GETGLOBAL r3 := _G[k0 ('g_iCurrentSwBountyIndex' [h=07EF99C7,$00A3C700])]
      014 01018099      CALL r1 (2 args) => 1 results
      015 02000085 GETGLOBAL r2 := _G[k2 ('util_SkipToBounty' [h=FA688C8B,$00A3C800])]
      016 03008000      MOVE r3 := r1
      017 02010059      CALL r2 (1 args) => 0 results
      018 02000005 GETGLOBAL r2 := _G[k0 ('g_iCurrentSwBountyIndex' [h=07EF99C7,$00A3C700])]
      019 02013ECC       ADD r2 := r2 + k1 (1.0)
      020 02000007 SETGLOBAL r2 ->> _G[k0 ('g_iCurrentSwBountyIndex' [h=07EF99C7,$00A3C700])]
      021 0000801B    RETURN r0 ... r-1
  [Node$01CACA58] 'loc_ff3230_v_n' [h=55F78323,$00998940]: table$009A43E0[a=2,h=1]
  [Node$01CACA6C] 'mafia_shop_ScriptInit' [h=250A46B4,$00A33080]: function$0099A140 'mafia_shop_ScriptInit' [h=250A46B4,$00A33080]
    CODE $009616F0
      000 0000801B    RETURN r0 ... r-1
  [Node$01CACA80] 'mission_DynCreatedObjectivePrefix' [h=84B62FC0,$00A38540]: 'dynCreatedObjective' [h=AC843D05,$009E0240]
  [Node$01CACA94] 'loc_ff3230_s' [h=1E09CB89,$00983A20]: table$009A00E0[a=8,h=1]
  [Node$01CACAA8] 'gameflow_UnidentifiedCardFound' [h=C1A0D2B9,$00A2CE00]: function$009816A0 'gameflow_UnidentifiedCardFound' [h=C1A0D2B9,$00A2CE00]
    CONST$00BFF080 k0  'tDeckNameLookup' [h=A7B158D1,$00984260]
    CONST$00BFF088 k1  'Utility_GetActorAsInt' [h=A2B359A3,$00A0FF40]
    CONST$00BFF090 k2  'suit' [h=0078DBD6,$009C7760]
    CONST$00BFF098 k3  'rank' [h=0074F9BF,$00985720]
    CONST$00BFF0A0 k4  'bCardIdentified' [h=9E3CFB0E,$0098A1C0]
    CONST$00BFF0A8 k5  'gameflow_DoesPlayerHaveCardIntel' [h=A6CC3E05,$00A2D240]
    CONST$00BFF0B0 k6  'Utility_WriteNumberToScribbleMemory' [h=DCF55147,$009DC740]
    CONST$00BFF0B8 k7  'identified' [h=D2D7AD7D,$009813E0]
    CONST$00BFF0C0 k8  1.0
    CONST$00BFF0C8 k9  'actorName' [h=4EB2E2FD,$00997FC0]
    CONST$00BFF0D0 k10 'mission_ModifyObjective' [h=CACD7EB6,$00A2CF40]
    CONST$00BFF0D8 k11 'targets' [h=0DB147A6,$00980A60]
    CONST$00BFF0E0 k12 'markInGPS' [h=1F1CD89F,$00979C40]
    CONST$00BFF0E8 k13 'markInPDA' [h=06AF161A,$00999D60]
    CONST$00BFF0F0 k14 'markInWorld' [h=5268B4A8,$0097C860]
    CONST$00BFF0F8 k15 'bForceRemove' [h=7DD64BE6,$00979DC0]
    CONST$00BFF100 k16 'bForceRedraw' [h=B0EEE69E,$00984EE0]
    CONST$00BFF108 k17 'Audio_IsFionaDialogPlaying' [h=5472B5FE,$00A3F100]
    CONST$00BFF110 k18 'Audio_PlayVoiceover' [h=EE2AB1DE,$00A04CC0]
    CONST$00BFF118 k19 'fio.xfio059' [h=1F60BBD2,$0099D6E0]
    CODE $00C55940
      000 01000005 GETGLOBAL r1 := _G[k0 ('tDeckNameLookup' [h=A7B158D1,$00984260])]
      001 02000045 GETGLOBAL r2 := _G[k1 ('Utility_GetActorAsInt' [h=A2B359A3,$00A0FF40])]
      002 03000000      MOVE r3 := r0
      003 02010099      CALL r2 (1 args) => 1 results
      004 01008086  GETTABLE r1 := r1[r2]
      005 0200BF06  GETTABLE r2 := r1[k2 ('suit' [h=0078DBD6,$009C7760])]
      006 0300BF46  GETTABLE r3 := r1[k3 ('rank' [h=0074F9BF,$00985720])]
      007 0400BF86  GETTABLE r4 := r1[k4 ('bCardIdentified' [h=9E3CFB0E,$0098A1C0])]
      008 04020058      TEST r4: r4 := r4 ; or skip
      009 00800A14       JMP +41 ; 51
      010 04008002  LOADBOOL r4 := True
      011 017F0109  SETTABLE r4 ->> r1[k4 ('bCardIdentified' [h=9E3CFB0E,$0098A1C0])]
      012 04000145 GETGLOBAL r4 := _G[k5 ('gameflow_DoesPlayerHaveCardIntel' [h=A6CC3E05,$00A2D240])]
      013 05010000      MOVE r5 := r2
      014 06018000      MOVE r6 := r3
      015 04018099      CALL r4 (2 args) => 1 results
      016 04020018      TEST not r4: r4 := r4 ; or skip
      017 00800194       JMP +7 ; 25
      018 04000185 GETGLOBAL r4 := _G[k6 ('Utility_WriteNumberToScribbleMemory' [h=DCF55147,$009DC740])]
      019 05010000      MOVE r5 := r2
      020 06018000      MOVE r6 := r3
      021 070001C1     LOADK r7 := k7 ('identified' [h=D2D7AD7D,$009813E0])
      022 050281D3    CONCAT r5 := r5 ... r7
      023 06000201     LOADK r6 := k8 (1.0)
      024 04018059      CALL r4 (2 args) => 0 results
      025 0400C0C6  GETTABLE r4 := r1[k9 ('actorName' [h=4EB2E2FD,$00997FC0])]
      026 05000285 GETGLOBAL r5 := _G[k10 ('mission_ModifyObjective' [h=CACD7EB6,$00A2CF40])]
      027 0600008A  NEWTABLE r6 := {} (#a=0, #h=2)
      028 0700800A  NEWTABLE r7 := {} (#a=1, #h=0)
      029 080000CA  NEWTABLE r8 := {} (#a=0, #h=3)
      030 08818109  SETTABLE r4 ->> r8[k9 ('actorName' [h=4EB2E2FD,$00997FC0])]
      031 09008002  LOADBOOL r9 := True
      032 08830249  SETTABLE r9 ->> r8[k12 ('markInGPS' [h=1F1CD89F,$00979C40])]
      033 09008002  LOADBOOL r9 := True
      034 08838249  SETTABLE r9 ->> r8[k13 ('markInPDA' [h=06AF161A,$00999D60])]
      035 09008002  LOADBOOL r9 := True
      036 08840249  SETTABLE r9 ->> r8[k14 ('markInWorld' [h=5268B4A8,$0097C860])]
      037 0700001F   SETLIST r7 [0]
      038 068281C9  SETTABLE r7 ->> r6[k11 ('targets' [h=0DB147A6,$00980A60])]
      039 07008002  LOADBOOL r7 := True
      040 068481C9  SETTABLE r7 ->> r6[k15 ('bForceRemove' [h=7DD64BE6,$00979DC0])]
      041 07008002  LOADBOOL r7 := True
      042 068501C9  SETTABLE r7 ->> r6[k16 ('bForceRedraw' [h=B0EEE69E,$00984EE0])]
      043 05010059      CALL r5 (1 args) => 0 results
      044 05000445 GETGLOBAL r5 := _G[k17 ('Audio_IsFionaDialogPlaying' [h=5472B5FE,$00A3F100])]
      045 05008099      CALL r5 (0 args) => 1 results
      046 05028058      TEST r5: r5 := r5 ; or skip
      047 00800094       JMP +3 ; 51
      048 05000485 GETGLOBAL r5 := _G[k18 ('Audio_PlayVoiceover' [h=EE2AB1DE,$00A04CC0])]
      049 060004C1     LOADK r6 := k19 ('fio.xfio059' [h=1F60BBD2,$0099D6E0])
      050 05010059      CALL r5 (1 args) => 0 results
      051 0000801B    RETURN r0 ... r-1
  [Node$01CACABC] 'nenc_ff2646_v' [h=A77C63B9,$009A38E0]: table$009A0900[a=0,h=4]
    [Node$00AAB254] 'tLocationObjectsA' [h=2C5376F5,$00A01980]: table$009C5920[a=2,h=1]
    [Node$00AAB268] 'sEncounter' [h=4CD961D9,$009A5C20]: 'ff2646' [h=E53CB973,$009895E0]
    [Node$00AAB27C] 'tLocationObjectsB' [h=CEC61813,$00A073C0]: nil
  [Node$01CACAD0] 'DetermineBouncerFaction' [h=C4B03EBE,$00A39480]: function$0097F080 'DetermineBouncerFaction' [h=C4B03EBE,$00A39480]
    CONST$00A6B3C0 k0  'FALSE' [h=0E4B730F,$009965C0]
    CONST$00A6B3C8 k1  'Utility_GetActor' [h=077E9779,$00A06B80]
    CONST$00A6B3D0 k2  'acebouncer' [h=CCC9ABF6,$009A9920]
    CONST$00A6B3D8 k3  'allies' [h=B57F1C27,$009A61A0]
    CONST$00A6B3E0 k4  'TRUE' [h=0067B195,$0098F4C0]
    CONST$00A6B3E8 k5  'alliesbouncer' [h=C51BEC69,$00990F20]
    CONST$00A6B3F0 k6  'chinabouncer' [h=4E55A788,$00996120]
    CONST$00A6B3F8 k7  'china' [h=1129D14E,$009A6060]
    CONST$00A6B400 k8  'mafiabouncer' [h=4E49DB4B,$00993C80]
    CONST$00A6B408 k9  'mafia' [h=11226556,$009A6140]
    CONST$00A6B410 k10 'skbouncer' [h=5E298D55,$00985FA0]
    CONST$00A6B418 k11 'sk' [h=00001514,$009A6180]
    CODE $00C03280
      000 01008003   LOADNIL r1 ... r1
      001 02000005 GETGLOBAL r2 := _G[k0 ('FALSE' [h=0E4B730F,$009965C0])]
      002 03000045 GETGLOBAL r3 := _G[k1 ('Utility_GetActor' [h=077E9779,$00A06B80])]
      003 04000081     LOADK r4 := k2 ('acebouncer' [h=CCC9ABF6,$009A9920])
      004 03010099      CALL r3 (1 args) => 1 results
      005 000000D5       BEQ r0 == r3
      006 00800094       JMP +3 ; 10
      007 010000C1     LOADK r1 := k3 ('allies' [h=B57F1C27,$009A61A0])
      008 02000105 GETGLOBAL r2 := _G[k4 ('TRUE' [h=0067B195,$0098F4C0])]
      009 00800694       JMP +27 ; 37
      010 03000045 GETGLOBAL r3 := _G[k1 ('Utility_GetActor' [h=077E9779,$00A06B80])]
      011 04000141     LOADK r4 := k5 ('alliesbouncer' [h=C51BEC69,$00990F20])
      012 03010099      CALL r3 (1 args) => 1 results
      013 000000D5       BEQ r0 == r3
      014 00800054       JMP +2 ; 17
      015 010000C1     LOADK r1 := k3 ('allies' [h=B57F1C27,$009A61A0])
      016 008004D4       JMP +20 ; 37
      017 03000045 GETGLOBAL r3 := _G[k1 ('Utility_GetActor' [h=077E9779,$00A06B80])]
      018 04000181     LOADK r4 := k6 ('chinabouncer' [h=4E55A788,$00996120])
      019 03010099      CALL r3 (1 args) => 1 results
      020 000000D5       BEQ r0 == r3
      021 00800054       JMP +2 ; 24
      022 010001C1     LOADK r1 := k7 ('china' [h=1129D14E,$009A6060])
      023 00800314       JMP +13 ; 37
      024 03000045 GETGLOBAL r3 := _G[k1 ('Utility_GetActor' [h=077E9779,$00A06B80])]
      025 04000201     LOADK r4 := k8 ('mafiabouncer' [h=4E49DB4B,$00993C80])
      026 03010099      CALL r3 (1 args) => 1 results
      027 000000D5       BEQ r0 == r3
      028 00800054       JMP +2 ; 31
      029 01000241     LOADK r1 := k9 ('mafia' [h=11226556,$009A6140])
      030 00800154       JMP +6 ; 37
      031 03000045 GETGLOBAL r3 := _G[k1 ('Utility_GetActor' [h=077E9779,$00A06B80])]
      032 04000281     LOADK r4 := k10 ('skbouncer' [h=5E298D55,$00985FA0])
      033 03010099      CALL r3 (1 args) => 1 results
      034 000000D5       BEQ r0 == r3
      035 00800014       JMP +1 ; 37
      036 010002C1     LOADK r1 := k11 ('sk' [h=00001514,$009A6180])
      037 03008000      MOVE r3 := r1
      038 04010000      MOVE r4 := r2
      039 0301801B    RETURN r3 ... r4
      040 0000801B    RETURN r0 ... r-1
  [Node$01CACAE4] 'Location_GetYaw' [h=888B12C2,$009C71A0]: cfunction$002C99A0 'Location_GetYaw' [h=888B12C2,$009C71A0]
  [Node$01CACAF8] 'Cinematic_FadeOut' [h=67692EC4,$00A04A40]: cfunction$002C0BA8 'Cinematic_FadeOut' [h=67692EC4,$00A04A40]
  [Node$01CACB0C] 'nenc_ff3229' [h=DE3593A8,$0099D060]: table$009A3900[a=0,h=4]
    [Node$00AC0ED4] 'tLocationObjectsA' [h=2C5376F5,$00A01980]: table$0098A880[a=8,h=1]
    [Node$00AC0EE8] 'sEncounter' [h=4CD961D9,$009A5C20]: 'ff3229' [h=F0297C0C,$00985A00]
    [Node$00AC0EFC] 'tLocationObjectsB' [h=CEC61813,$00A073C0]: table$00984480[a=8,h=1]
  [Node$01CACB20] 'nenc_ff3412' [h=704F73A9,$0097EFA0]: table$009AC080[a=0,h=4]
    [Node$00ACB154] 'tLocationObjectsA' [h=2C5376F5,$00A01980]: table$00988A80[a=8,h=1]
    [Node$00ACB168] 'sEncounter' [h=4CD961D9,$009A5C20]: 'ff3412' [h=08F4064D,$009A3560]
    [Node$00ACB17C] 'tLocationObjectsB' [h=CEC61813,$00A073C0]: table$009C5F60[a=8,h=1]
      [0:$009EEA80] 'ff3412_9' [h=B82F7C8B,$009826C0]
      [1:$009EEA88] 'ff3412_10' [h=EA63A9F3,$009AC480]
      [2:$009EEA90] 'ff3412_11' [h=F58BB3AC,$009952A0]
      [3:$009EEA98] 'ff3412_12' [h=CB4CA53D,$00990AE0]
      [4:$009EEAA0] 'ff3412_13' [h=1338233D,$009A2C20]
      [5:$009EEAA8] 'ff3412_14' [h=0295D3EF,$00981820]
      [6:$009EEAB0] 'ff3412_15' [h=731EB930,$00990BA0]
      [7:$009EEAB8] 'ff3412_16' [h=ED4B4E5C,$0099B040]
  [Node$01CACB34] 'Utility_GetActorsInRange' [h=5830AACB,$00A0DD40]: cfunction$002C29D8 'Utility_GetActorsInRange' [h=5830AACB,$00A0DD40]
  [Node$01CACB48] 'nenc_ff3026' [h=57EB7FA8,$0099E580]: table$009A8960[a=0,h=4]
    [Node$00AC3054] 'tLocationObjectsA' [h=2C5376F5,$00A01980]: table$00989440[a=8,h=1]
    [Node$00AC3068] 'sEncounter' [h=4CD961D9,$009A5C20]: 'ff3026' [h=E700A38F,$0098D860]
    [Node$00AC307C] 'tLocationObjectsB' [h=CEC61813,$00A073C0]: table$009A8100[a=8,h=1]
  [Node$01CACB5C] 'loc_ff3712_s' [h=BDA577BB,$009AC9A0]: table$00985A60[a=8,h=1]
  [Node$01CACB70] 'nenc_ff3414_v' [h=A2F19F5F,$009C54E0]: table$009A9F00[a=0,h=4]
    [Node$00ACB1D4] 'tLocationObjectsA' [h=2C5376F5,$00A01980]: table$009C4640[a=2,h=1]
    [Node$00ACB1E8] 'sEncounter' [h=4CD961D9,$009A5C20]: 'ff3414' [h=E3348A0E,$00989BC0]
    [Node$00ACB1FC] 'tLocationObjectsB' [h=CEC61813,$00A073C0]: nil
  [Node$01CACB84] 'Briefing_SpecialDisplayRadar' [h=92759FCD,$00A091C0]: cfunction$002C7860 'Briefing_SpecialDisplayRadar' [h=92759FCD,$00A091C0]
  [Node$01CACB98] 'loc_ff3210_n' [h=ACF3EB95,$009C57C0]: table$0099D600[a=8,h=1]
  [Node$01CACBAC] 'Mission_Spawn' [h=59A02AE9,$0098E260]: cfunction$002A2C68 'Mission_Spawn' [h=59A02AE9,$0098E260]
  [Node$01CACBC0] 'nextnw' [h=B0B996E9,$00994740]: function$0099C640 'nextnw' [h=B0B996E9,$00994740]
    CONST$00A3C740 k0  'g_iCurrentNwBountyIndex' [h=77811B19,$00A3C600]
    CONST$00A3C748 k1  1.0
    CONST$00A3C750 k2  'util_SkipToBounty' [h=FA688C8B,$00A3C800]
    CONST$00A3C758 k3  'util_GetBountyName' [h=AD9397D9,$00A3CA80]
    CONST$00A3C760 k4  'nw' [h=0000178E,$009C3CA0]
    CODE $00B2A940
      000 01000005 GETGLOBAL r1 := _G[k0 ('g_iCurrentNwBountyIndex' [h=77811B19,$00A3C600])]
      001 01008058      TEST r1: r1 := r1 ; or skip
      002 00800054       JMP +2 ; 5
      003 01000041     LOADK r1 := k1 (1.0)
      004 01000007 SETGLOBAL r1 ->> _G[k0 ('g_iCurrentNwBountyIndex' [h=77811B19,$00A3C600])]
      005 00000018      TEST not r0: r0 := r0 ; or skip
      006 008000D4       JMP +4 ; 11
      007 01000085 GETGLOBAL r1 := _G[k2 ('util_SkipToBounty' [h=FA688C8B,$00A3C800])]
      008 02000000      MOVE r2 := r0
      009 01010059      CALL r1 (1 args) => 0 results
      010 00800254       JMP +10 ; 21
      011 010000C5 GETGLOBAL r1 := _G[k3 ('util_GetBountyName' [h=AD9397D9,$00A3CA80])]
      012 02000101     LOADK r2 := k4 ('nw' [h=0000178E,$009C3CA0])
      013 03000005 GETGLOBAL r3 := _G[k0 ('g_iCurrentNwBountyIndex' [h=77811B19,$00A3C600])]
      014 01018099      CALL r1 (2 args) => 1 results
      015 02000085 GETGLOBAL r2 := _G[k2 ('util_SkipToBounty' [h=FA688C8B,$00A3C800])]
      016 03008000      MOVE r3 := r1
      017 02010059      CALL r2 (1 args) => 0 results
      018 02000005 GETGLOBAL r2 := _G[k0 ('g_iCurrentNwBountyIndex' [h=77811B19,$00A3C600])]
      019 02013ECC       ADD r2 := r2 + k1 (1.0)
      020 02000007 SETGLOBAL r2 ->> _G[k0 ('g_iCurrentNwBountyIndex' [h=77811B19,$00A3C600])]
      021 0000801B    RETURN r0 ... r-1
  [Node$01CACBD4] 'VERB_DISABLE' [h=0D5E0FD1,$009953A0]: 10.0
  [Node$01CACBE8] 'VerificationTargetKilledAndVerified' [h=755D17D2,$00A30700]: function$009AA4A0 'VerificationTargetKilledAndVerified' [h=755D17D2,$00A30700]
    CONST$00A301C0 k0  'mission_tTargets' [h=28796635,$009DFD00]
    CONST$00A301C8 k1  'Utility_GetActorAsInt' [h=A2B359A3,$00A0FF40]
    CONST$00A301D0 k2  'VerificationTargetVerified' [h=D7E1760C,$009DAEC0]
    CONST$00A301D8 k3  'mission_tObjectives' [h=B4A8BCEB,$00A252C0]
    CONST$00A301E0 k4  'objectiveName' [h=2337C7CC,$0097D2C0]
    CONST$00A301E8 k5  'callbackFunc' [h=1E1CD035,$00987000]
    CONST$00A301F0 k6  'actorName' [h=4EB2E2FD,$00997FC0]
    CONST$00A301F8 k7  'TRUE' [h=0067B195,$0098F4C0]
    CODE $00A04980
      000 01000005 GETGLOBAL r1 := _G[k0 ('mission_tTargets' [h=28796635,$009DFD00])]
      001 02000045 GETGLOBAL r2 := _G[k1 ('Utility_GetActorAsInt' [h=A2B359A3,$00A0FF40])]
      002 03000000      MOVE r3 := r0
      003 02010099      CALL r2 (1 args) => 1 results
      004 01008086  GETTABLE r1 := r1[r2]
      005 02000085 GETGLOBAL r2 := _G[k2 ('VerificationTargetVerified' [h=D7E1760C,$009DAEC0])]
      006 03008000      MOVE r3 := r1
      007 02010059      CALL r2 (1 args) => 0 results
      008 020000C5 GETGLOBAL r2 := _G[k3 ('mission_tObjectives' [h=B4A8BCEB,$00A252C0])]
      009 0300BF86  GETTABLE r3 := r1[k4 ('objectiveName' [h=2337C7CC,$0097D2C0])]
      010 020100C6  GETTABLE r2 := r2[r3]
      011 02013FC6  GETTABLE r2 := r2[k5 ('callbackFunc' [h=1E1CD035,$00987000])]
      012 0300C006  GETTABLE r3 := r1[k6 ('actorName' [h=4EB2E2FD,$00997FC0])]
      013 040001C5 GETGLOBAL r4 := _G[k7 ('TRUE' [h=0067B195,$0098F4C0])]
      014 02018059      CALL r2 (2 args) => 0 results
      015 0000801B    RETURN r0 ... r-1
  [Node$01CACBFC] 'Audio_IsFionaDialogPlaying' [h=5472B5FE,$00A3F100]: cfunction$002B9350 'Audio_IsFionaDialogPlaying' [h=5472B5FE,$00A3F100]
  [Node$01CACC10] 'nenc_ff3113' [h=650480A6,$009C4980]: table$0099E900[a=0,h=4]
    [Node$00ACC3D4] 'tLocationObjectsA' [h=2C5376F5,$00A01980]: table$00994800[a=8,h=1]
    [Node$00ACC3E8] 'sEncounter' [h=4CD961D9,$009A5C20]: 'ff3113' [h=E5832E7C,$0099ED00]
    [Node$00ACC3FC] 'tLocationObjectsB' [h=CEC61813,$00A073C0]: table$0098DB40[a=8,h=1]
  [Node$01CACC24] 'Utility_GetDistanceBetweenVectors' [h=942A76FF,$009DFB40]: cfunction$002C3288 'Utility_GetDistanceBetweenVectors' [h=942A76FF,$009DFB40]
  [Node$01CACC38] 'Ui_SetFactionMoodVisible' [h=FD297E1B,$009DC8C0]: cfunction$002A8930 'Ui_SetFactionMoodVisible' [h=FD297E1B,$009DC8C0]
  [Node$01CACC4C] 'nenc_ff3311' [h=35C38FD7,$009A2180]: table$0099A680[a=0,h=4]
    [Node$00AC75D4] 'tLocationObjectsA' [h=2C5376F5,$00A01980]: table$009A5800[a=8,h=1]
    [Node$00AC75E8] 'sEncounter' [h=4CD961D9,$009A5C20]: 'ff3311' [h=E0E8C3D4,$00982B40]
    [Node$00AC75FC] 'tLocationObjectsB' [h=CEC61813,$00A073C0]: table$00999A80[a=8,h=1]
  [Node$01CACC60] 'util_SetupSingleTargetRegionObjective' [h=61878766,$00A38580]: function$009A50A0 'util_SetupSingleTargetRegionObjective' [h=61878766,$00A38580]
    CONST$00A81EC0 k0  'Region_GetPosition' [h=264C6565,$00A0C340]
    CONST$00A81EC8 k1  'util_SetDefault' [h=3072A05A,$009A7800]
    CONST$00A81ED0 k2  'TRUE' [h=0067B195,$0098F4C0]
    CONST$00A81ED8 k3  'FALSE' [h=0E4B730F,$009965C0]
    CONST$00A81EE0 k4  'blip' [h=007EFB0F,$0097EE80]
    CONST$00A81EE8 k5  'Objective_SetShortDescription' [h=3CB3128C,$00A3FE00]
    CONST$00A81EF0 k6  'Objective_SetLongDescription' [h=2FF189E4,$00A09400]
    CONST$00A81EF8 k7  'Objective_SetType' [h=7BC600A9,$00A112C0]
    CONST$00A81F00 k8  'Objective_SetTargetVector' [h=34DB2323,$00A10680]
    CODE $00C4D940
      000 0C000005 GETGLOBAL r12 := _G[k0 ('Region_GetPosition' [h=264C6565,$00A0C340])]
      001 0D020000      MOVE r13 := r4
      002 0C010119      CALL r12 (1 args) => 3 results
      003 0F000045 GETGLOBAL r15 := _G[k1 ('util_SetDefault' [h=3072A05A,$009A7800])]
      004 10040000      MOVE r16 := r8
      005 11000085 GETGLOBAL r17 := _G[k2 ('TRUE' [h=0067B195,$0098F4C0])]
      006 0F018099      CALL r15 (2 args) => 1 results
      007 08078000      MOVE r8 := r15
      008 0F000045 GETGLOBAL r15 := _G[k1 ('util_SetDefault' [h=3072A05A,$009A7800])]
      009 10048000      MOVE r16 := r9
      010 11000085 GETGLOBAL r17 := _G[k2 ('TRUE' [h=0067B195,$0098F4C0])]
      011 0F018099      CALL r15 (2 args) => 1 results
      012 09078000      MOVE r9 := r15
      013 0F000045 GETGLOBAL r15 := _G[k1 ('util_SetDefault' [h=3072A05A,$009A7800])]
      014 10050000      MOVE r16 := r10
      015 110000C5 GETGLOBAL r17 := _G[k3 ('FALSE' [h=0E4B730F,$009965C0])]
      016 0F018099      CALL r15 (2 args) => 1 results
      017 0A078000      MOVE r10 := r15
      018 0F000045 GETGLOBAL r15 := _G[k1 ('util_SetDefault' [h=3072A05A,$009A7800])]
      019 10058000      MOVE r16 := r11
      020 11000101     LOADK r17 := k4 ('blip' [h=007EFB0F,$0097EE80])
      021 0F018099      CALL r15 (2 args) => 1 results
      022 0B078000      MOVE r11 := r15
      023 0F000145 GETGLOBAL r15 := _G[k5 ('Objective_SetShortDescription' [h=3CB3128C,$00A3FE00])]
      024 10000000      MOVE r16 := r0
      025 11008000      MOVE r17 := r1
      026 0F018059      CALL r15 (2 args) => 0 results
      027 0F000185 GETGLOBAL r15 := _G[k6 ('Objective_SetLongDescription' [h=2FF189E4,$00A09400])]
      028 10000000      MOVE r16 := r0
      029 11010000      MOVE r17 := r2
      030 0F018059      CALL r15 (2 args) => 0 results
      031 0F0001C5 GETGLOBAL r15 := _G[k7 ('Objective_SetType' [h=7BC600A9,$00A112C0])]
      032 10000000      MOVE r16 := r0
      033 11018000      MOVE r17 := r3
      034 0F018059      CALL r15 (2 args) => 0 results
      035 0F000205 GETGLOBAL r15 := _G[k8 ('Objective_SetTargetVector' [h=34DB2323,$00A10680])]
      036 10000000      MOVE r16 := r0
      037 11028000      MOVE r17 := r5
      038 12030000      MOVE r18 := r6
      039 13038000      MOVE r19 := r7
      040 14060000      MOVE r20 := r12
      041 15068000      MOVE r21 := r13
      042 16070000      MOVE r22 := r14
      043 17058000      MOVE r23 := r11
      044 18040000      MOVE r24 := r8
      045 19048000      MOVE r25 := r9
      046 1A050000      MOVE r26 := r10
      047 1B058000      MOVE r27 := r11
      048 0F068059      CALL r15 (12 args) => 0 results
      049 0000801B    RETURN r0 ... r-1
  [Node$01CACC74] 'util_GetBountyName' [h=AD9397D9,$00A3CA80]: function$00981800 'util_GetBountyName' [h=AD9397D9,$00A3CA80]
    CONST$01A7BC80 k0  'sw' [h=000017F5,$009AA280]
    CONST$01A7BC88 k1  'bty_treasure01' [h=1B72589A,$00998740]
    CONST$01A7BC90 k2  'bty_treasure02' [h=D772E177,$009818E0]
    CONST$01A7BC98 k3  'bty_treasure03' [h=6896C59D,$00996C20]
    CONST$01A7BCA0 k4  'bty_treasure04' [h=F2A1932E,$00997E00]
    CONST$01A7BCA8 k5  'bty_treasure05' [h=5CDD1F9B,$00993920]
    CONST$01A7BCB0 k6  'bty_treasure06' [h=89BBBBA6,$00999DE0]
    CONST$01A7BCB8 k7  'bty_treasure07' [h=81251DEF,$0099DE00]
    CONST$01A7BCC0 k8  'bty_treasure08' [h=53377FE9,$009984A0]
    CONST$01A7BCC8 k9  'bty_treasure09' [h=15A5922A,$00985F20]
    CONST$01A7BCD0 k10 'bty_treasure10' [h=1C484059,$00994F40]
    CONST$01A7BCD8 k11 'bty_treasure11' [h=A167FC7C,$0099B800]
    CONST$01A7BCE0 k12 'bty_treasure12' [h=111D9CF1,$00991840]
    CONST$01A7BCE8 k13 'bty_treasure13' [h=7209C7FD,$009A0800]
    CONST$01A7BCF0 k14 'bty_treasure14' [h=7A8BEED3,$0099F840]
    CONST$01A7BCF8 k15 'bty_treasure15' [h=DDAA2FD4,$00980D60]
    CONST$01A7BD00 k16 'bty_treasure16' [h=7A4C9A9C,$00995920]
    CONST$01A7BD08 k17 'bty_treasure17' [h=92A385BB,$0098D060]
    CONST$01A7BD10 k18 'bty_treasure18' [h=59967C12,$009AAF60]
    CONST$01A7BD18 k19 'bty_treasure19' [h=892392C2,$009C79E0]
    CONST$01A7BD20 k20 'bty_treasure20' [h=6B5113BE,$009AAC20]
    CONST$01A7BD28 k21 'bty_treasure21' [h=0A8D3CA0,$00996D00]
    CONST$01A7BD30 k22 'bty_treasure22' [h=476353C3,$009AA440]
    CONST$01A7BD38 k23 'bty_treasure23' [h=73AE2052,$009C4B60]
    CONST$01A7BD40 k24 'bty_treasure24' [h=543BEA68,$0099D7A0]
    CONST$01A7BD48 k25 'bty_treasure25' [h=A8F59B42,$00997220]
    CONST$01A7BD50 k26 'bty_treasure26' [h=64E54E0F,$009A5040]
    CONST$01A7BD58 k27 'bty_treasure27' [h=131A4A43,$0099C980]
    CONST$01A7BD60 k28 'bty_treasure28' [h=3EAB9C17,$009A25C0]
    CONST$01A7BD68 k29 'bty_treasure29' [h=06E9811F,$009C7820]
    CONST$01A7BD70 k30 'bty_treasure30' [h=CA1EC75C,$009A3700]
    CONST$01A7BD78 k31 'bty_treasure31' [h=B6D39D87,$00985B40]
    CONST$01A7BD80 k32 'bty_treasure32' [h=6C06289F,$00993A00]
    CONST$01A7BD88 k33 'bty_treasure55' [h=23030949,$00991900]
    CONST$01A7BD90 k34 'bty_treasure56' [h=39D766FD,$009A0500]
    CONST$01A7BD98 k35 'bty_treasure57' [h=FFB7E186,$009AB220]
    CONST$01A7BDA0 k36 'bty_treasure58' [h=F53335A4,$0099A780]
    CONST$01A7BDA8 k37 'bty_treasure59' [h=C285B7AE,$009C4800]
    CONST$01A7BDB0 k38 'bty_treasure60' [h=D2AE320C,$00997D40]
    CONST$01A7BDB8 k39 'bty_treasure61' [h=079225A5,$009AA4E0]
    CONST$01A7BDC0 k40 'bty_treasure62' [h=B2A64F01,$0099EC80]
    CONST$01A7BDC8 k41 'bty_treasure63' [h=F22488FC,$0099F440]
    CONST$01A7BDD0 k42 'bty_treasure64' [h=19366FA0,$0098CF40]
    CONST$01A7BDD8 k43 'bty_treasure65' [h=D9FCE0BA,$0098B1A0]
    CONST$01A7BDE0 k44 'bty_treasure66' [h=81E2672D,$00979700]
    CONST$01A7BDE8 k45 'bty_treasure67' [h=D3E80051,$0097B4A0]
    CONST$01A7BDF0 k46 'bty_treasure68' [h=B73A2605,$009AB8A0]
    CONST$01A7BDF8 k47 'bty_treasure69' [h=217F4430,$00994500]
    CONST$01A7BE00 k48 'bty_treasure70' [h=DF42F696,$00976C20]
    CONST$01A7BE08 k49 'bty_treasure71' [h=844C1D0A,$009C7200]
    CONST$01A7BE10 k50 'bty_treasure72' [h=C5CE715E,$009C71C0]
    CONST$01A7BE18 k51 'bty_treasure73' [h=46DAF168,$009C71E0]
    CONST$01A7BE20 k52 'bty_treasure74' [h=9D2A8483,$009AC980]
    CONST$01A7BE28 k53 'bty_treasure75' [h=1F2B6376,$009AC0C0]
    CONST$01A7BE30 k54 'swlistenpost01' [h=8EA0574A,$009AC100]
    CONST$01A7BE38 k55 'swlistenpost02' [h=C9D8199E,$009A51C0]
    CONST$01A7BE40 k56 'swlistenpost03' [h=EEF51FC0,$009A5260]
    CONST$01A7BE48 k57 'swlistenpost04' [h=C9701A1C,$009A5200]
    CONST$01A7BE50 k58 'swlistenpost05' [h=AF17E7C5,$009A5300]
    CONST$01A7BE58 k59 'swlistenpost06' [h=2C63E204,$009A5980]
    CONST$01A7BE60 k60 'swlistenpost07' [h=0FC165F9,$009A5FE0]
    CONST$01A7BE68 k61 'swlistenpost08' [h=11CEF7D9,$009A7FA0]
    CONST$01A7BE70 k62 'swlistenpost09' [h=98765C78,$009A7F00]
    CONST$01A7BE78 k63 'swlistenpost10' [h=BCE539DE,$009A7EC0]
    CONST$01A7BE80 k64 'swlistenpost11' [h=32B7191B,$009A8740]
    CONST$01A7BE88 k65 'swlistenpost12' [h=70BC1F83,$009A8660]
    CONST$01A7BE90 k66 'swlistenpost13' [h=B70CE8FE,$009A8640]
    CONST$01A7BE98 k67 'swlistenpost14' [h=8AF98E86,$009A8620]
    CONST$01A7BEA0 k68 'swlistenpost15' [h=A1C56144,$009A8600]
    CONST$01A7BEA8 k69 'swlistenpost16' [h=334AD71F,$009A85A0]
    CONST$01A7BEB0 k70 'swlistenpost17' [h=9287EDA6,$009A8540]
    CONST$01A7BEB8 k71 'swlistenpost18' [h=06B01FBF,$009A8520]
    CONST$01A7BEC0 k72 'swlistenpost19' [h=9D0ADEC3,$009A9740]
    CONST$01A7BEC8 k73 'swlistenpost20' [h=B8D0021A,$009A9640]
    CONST$01A7BED0 k74 'swlistenpost21' [h=92746FA6,$009C6220]
    CONST$01A7BED8 k75 'swlistenpost22' [h=AAF634DB,$009C6240]
    CONST$01A7BEE0 k76 'swlistenpost23' [h=D79911DE,$009C6260]
    CONST$01A7BEE8 k77 'swlistenpost24' [h=0BA02871,$009C63A0]
    CONST$01A7BEF0 k78 'swlistenpost25' [h=857884B2,$009C63C0]
    CONST$01A7BEF8 k79 'bty_blueprint1' [h=F68AF0D1,$009C63E0]
    CONST$01A7BF00 k80 'bty_blueprint2' [h=49E4D797,$009C6540]
    CONST$01A7BF08 k81 'bty_blueprint3' [h=7C62F2C6,$009C64C0]
    CONST$01A7BF10 k82 'bty_blueprint4' [h=C44B52A4,$009C64E0]
    CONST$01A7BF18 k83 'bty_blueprint5' [h=2F5C3A7D,$009C6580]
    CONST$01A7BF20 k84 'bty_blueprint6' [h=66F494AD,$009C6A00]
    CONST$01A7BF28 k85 'bty_blueprint7' [h=FD476A09,$009A8AE0]
    CONST$01A7BF30 k86 'bty_blueprint8' [h=F8CE0806,$009A8B20]
    CONST$01A7BF38 k87 'bty_blueprint9' [h=F9636067,$009A9260]
    CONST$01A7BF40 k88 'bty_blueprint10' [h=7D737C29,$009A92C0]
    CONST$01A7BF48 k89 'bty_blueprint11' [h=BB0B9AAF,$009A92E0]
    CONST$01A7BF50 k90 'bty_blueprint12' [h=1EF7149A,$009A8160]
    CONST$01A7BF58 k91 'bty_blueprint13' [h=020B96BF,$009A80E0]
    CONST$01A7BF60 k92 'bty_blueprint14' [h=26E06591,$009A8080]
    CONST$01A7BF68 k93 'bty_blueprint15' [h=FC4AF842,$009A7FE0]
    CONST$01A7BF70 k94 'bty_blueprint16' [h=46654E2E,$009A7FC0]
    CONST$01A7BF78 k95 'bty_blueprint17' [h=EE951EFD,$009A7EA0]
    CONST$01A7BF80 k96 'bty_blueprint18' [h=7EB72F4F,$009A7F40]
    CONST$01A7BF88 k97 'bty_blueprint19' [h=086A92C2,$009A7EE0]
    CONST$01A7BF90 k98 'bty_blueprint20' [h=23742854,$009A8920]
    CONST$01A7BF98 k99 'bty_blueprint21' [h=74104E40,$009A88A0]
    CONST$01A7BFA0 k100 'bty_blueprint22' [h=05B129E9,$009A8760]
    CONST$01A7BFA8 k101 'bty_blueprint23' [h=ED805038,$009A86C0]
    CONST$01A7BFB0 k102 'bty_blueprint24' [h=D1BE9635,$009A8680]
    CONST$01A7BFB8 k103 'bty_blueprint25' [h=34A6B574,$009A85C0]
    CONST$01A7BFC0 k104 'bty_blueprint26' [h=EE3DBBAB,$009A8580]
    CONST$01A7BFC8 k105 'bty_blueprint27' [h=0A4C4980,$009A8560]
    CONST$01A7BFD0 k106 'bty_blueprint28' [h=559D851E,$009A85E0]
    CONST$01A7BFD8 k107 'bty_blueprint29' [h=B599BB10,$009A8480]
    CONST$01A7BFE0 k108 'bty_blueprint30' [h=5EE4B280,$009A83E0]
    CONST$01A7BFE8 k109 'bty_blueprint54' [h=39EF5C45,$009A9700]
    CONST$01A7BFF0 k110 'bty_blueprint55' [h=C5FA55EF,$009A8320]
    CONST$01A7BFF8 k111 'bty_blueprint56' [h=2D6EEB84,$009A9780]
    CONST$01A7C000 k112 'bty_blueprint57' [h=0095289B,$009A9720]
    CONST$01A7C008 k113 'bty_blueprint58' [h=AA232238,$009A96C0]
    CONST$01A7C010 k114 'bty_blueprint59' [h=C452AC13,$009A9620]
    CONST$01A7C018 k115 'bty_blueprint60' [h=B1BB2562,$009C5E60]
    CONST$01A7C020 k116 'bty_blueprint61' [h=F03755AA,$009C5EC0]
    CONST$01A7C028 k117 'bty_blueprint62' [h=3F1E06AA,$009C5F40]
    CONST$01A7C030 k118 'bty_blueprint63' [h=052A35B6,$009C6620]
    CONST$01A7C038 k119 'bty_blueprint64' [h=D9868002,$009C6560]
    CONST$01A7C040 k120 'bty_blueprint65' [h=6C218ED8,$009C6600]
    CONST$01A7C048 k121 'bty_blueprint66' [h=4D14DD5C,$00989060]
    CONST$01A7C050 k122 'bty_blueprint67' [h=01F0D136,$00988FC0]
    CONST$01A7C058 k123 'bty_blueprint68' [h=1C1343EE,$00988CA0]
    CONST$01A7C060 k124 'bty_blueprint69' [h=CBD60D9A,$00988C00]
    CONST$01A7C068 k125 'bty_blueprint70' [h=0FB3E6E1,$00988BC0]
    CONST$01A7C070 k126 'bty_blueprint71' [h=FEE1CD69,$00988BE0]
    CONST$01A7C078 k127 'bty_blueprint72' [h=43FD51BE,$00988B80]
    CONST$01A7C080 k128 'bty_blueprint73' [h=4D0DBCF6,$009AA5A0]
    CONST$01A7C088 k129 'bty_blueprint74' [h=81FEF439,$009AA540]
    CONST$01A7C090 k130 'bty_blueprint75' [h=D0EBFC10,$009C7420]
    CONST$01A7C098 k131 'bty_blueprint76' [h=08EE684B,$009C7AE0]
    CONST$01A7C0A0 k132 'bty_blueprint77' [h=DF9A8F1B,$009C7AC0]
    CONST$01A7C0A8 k133 'bty_blueprint78' [h=C07C6524,$009C7DA0]
    CONST$01A7C0B0 k134 'bty_blueprint79' [h=8D86DCB0,$009AA4C0]
    CONST$01A7C0B8 k135 'bty_blueprint80' [h=0C8992C4,$009A9FC0]
    CONST$01A7C0C0 k136 'bty_blueprint81' [h=80226D74,$009AA340]
    CONST$01A7C0C8 k137 'bty_blueprint82' [h=16FFB559,$009AA520]
    CONST$01A7C0D0 k138 'monument_sw1' [h=8974C02B,$009AB060]
    CONST$01A7C0D8 k139 'monument_sw2' [h=9C39FB69,$009AB0A0]
    CONST$01A7C0E0 k140 'monument_sw3' [h=2641389D,$009A9BE0]
    CONST$01A7C0E8 k141 'monument_sw4' [h=DB1DE8BB,$009A3A00]
    CONST$01A7C0F0 k142 'monument_sw5' [h=F2B478B1,$009A3980]
    CONST$01A7C0F8 k143 'monument_sw6' [h=7A867A17,$009A3140]
    CONST$01A7C100 k144 'monument_sw7' [h=B1165C36,$009A2E80]
    CONST$01A7C108 k145 'monument_sw8' [h=BD28B6C8,$009A2E20]
    CONST$01A7C110 k146 'monument_sw9' [h=75AF7FAC,$009A2C60]
    CONST$01A7C118 k147 'monument_sw10' [h=EC332DCF,$009A2BA0]
    CONST$01A7C120 k148 'collectgarbage' [h=7631F05C,$00991000]
    CONST$01A7C128 k149 'nw' [h=0000178E,$009C3CA0]
    CONST$01A7C130 k150 'bty_treasure33' [h=1B53FEE3,$009A2200]
    CONST$01A7C138 k151 'bty_treasure34' [h=008B94D3,$009A21C0]
    CONST$01A7C140 k152 'bty_treasure35' [h=F2FDF366,$009A1D60]
    CONST$01A7C148 k153 'bty_treasure36' [h=EC1549EB,$009A1CC0]
    CONST$01A7C150 k154 'bty_treasure37' [h=91BF99BC,$009A1CA0]
    CONST$01A7C158 k155 'bty_treasure38' [h=5D87AD5A,$009A1CE0]
    CONST$01A7C160 k156 'bty_treasure39' [h=69A3239B,$009A1C80]
    CONST$01A7C168 k157 'bty_treasure40' [h=76EDCF53,$009A17E0]
    CONST$01A7C170 k158 'bty_treasure41' [h=2EF04E18,$009A1780]
    CONST$01A7C178 k159 'bty_treasure42' [h=B9231965,$009A15C0]
    CONST$01A7C180 k160 'bty_treasure43' [h=2A206C65,$009A1560]
    CONST$01A7C188 k161 'bty_treasure44' [h=010C1A29,$009A1420]
    CONST$01A7C190 k162 'bty_treasure45' [h=779AB621,$009A0980]
    CONST$01A7C198 k163 'bty_treasure46' [h=C92C9138,$009A09A0]
    CONST$01A7C1A0 k164 'bty_treasure47' [h=BE07A480,$009A0960]
    CONST$01A7C1A8 k165 'bty_treasure48' [h=3D77F1C6,$009A0FA0]
    CONST$01A7C1B0 k166 'bty_treasure49' [h=6F8AB7D9,$009A2680]
    CONST$01A7C1B8 k167 'bty_treasure50' [h=AAA06A8C,$009A1640]
    CONST$01A7C1C0 k168 'bty_treasure51' [h=938079F5,$009A1680]
    CONST$01A7C1C8 k169 'bty_treasure52' [h=02942B5A,$009A1520]
    CONST$01A7C1D0 k170 'bty_treasure53' [h=144B955F,$009A1580]
    CONST$01A7C1D8 k171 'bty_treasure54' [h=B707F6CD,$009A1900]
    CONST$01A7C1E0 k172 'bty_treasure76' [h=7B7E451F,$009A1600]
    CONST$01A7C1E8 k173 'bty_treasure77' [h=7A582696,$009A1380]
    CONST$01A7C1F0 k174 'bty_treasure78' [h=2F8917B1,$009A1280]
    CONST$01A7C1F8 k175 'bty_treasure79' [h=71AA408E,$009A1480]
    CONST$01A7C200 k176 'bty_treasure80' [h=234EAD2D,$009A1720]
    CONST$01A7C208 k177 'bty_treasure81' [h=9159BB89,$009A1B80]
    CONST$01A7C210 k178 'bty_treasure82' [h=E9BA73B0,$009A1740]
    CONST$01A7C218 k179 'bty_treasure83' [h=69164254,$009A11E0]
    CONST$01A7C220 k180 'bty_treasure84' [h=61528FD6,$009A15E0]
    CONST$01A7C228 k181 'bty_treasure85' [h=45FA3E8F,$009A0DE0]
    CONST$01A7C230 k182 'bty_treasure86' [h=539CA94F,$009A0D20]
    CONST$01A7C238 k183 'bty_treasure87' [h=28EA3E11,$009A0CE0]
    CONST$01A7C240 k184 'bty_treasure88' [h=F50548DB,$009A11A0]
    CONST$01A7C248 k185 'bty_treasure89' [h=CEF5D790,$009A0CC0]
    CONST$01A7C250 k186 'bty_treasure90' [h=C3316005,$009A0C60]
    CONST$01A7C258 k187 'bty_treasure91' [h=7F1B8FC3,$009A0C20]
    CONST$01A7C260 k188 'bty_treasure92' [h=FA085850,$009A15A0]
    CONST$01A7C268 k189 'bty_treasure93' [h=FA1A19E7,$009C6AC0]
    CONST$01A7C270 k190 'bty_treasure94' [h=6AB7ABF8,$009C5F80]
    CONST$01A7C278 k191 'bty_treasure95' [h=34AC4FB5,$009C6400]
    CONST$01A7C280 k192 'bty_treasure96' [h=A468B78D,$009C64A0]
    CONST$01A7C288 k193 'bty_treasure97' [h=40FB1316,$009C6480]
    CONST$01A7C290 k194 'bty_treasure98' [h=E4FDBA11,$009890A0]
    CONST$01A7C298 k195 'bty_treasure99' [h=BD339FDE,$00989040]
    CONST$01A7C2A0 k196 'bty_treasure100' [h=E04A4C7E,$009AA5C0]
    CONST$01A7C2A8 k197 'bty_treasure101' [h=3F34887F,$009AA420]
    CONST$01A7C2B0 k198 'bty_treasure102' [h=F2D6149D,$009A39E0]
    CONST$01A7C2B8 k199 'bty_treasure103' [h=6CD08AA0,$009A2F40]
    CONST$01A7C2C0 k200 'bty_treasure104' [h=95B5CEFC,$00988EC0]
    CONST$01A7C2C8 k201 'bty_treasure105' [h=F2835CA2,$00989000]
    CONST$01A7C2D0 k202 'bty_treasure106' [h=F9ADC67B,$00988E60]
    CONST$01A7C2D8 k203 'bty_treasure107' [h=853E0BA0,$009835E0]
    CONST$01A7C2E0 k204 'bty_treasure108' [h=1CC08980,$009AAA80]
    CONST$01A7C2E8 k205 'bty_treasure109' [h=B2B9DBBF,$009A41E0]
    CONST$01A7C2F0 k206 'bty_treasure110' [h=D88ADE5C,$009A2D20]
    CONST$01A7C2F8 k207 'nwlistenpost01' [h=8EA05747,$009A2AA0]
    CONST$01A7C300 k208 'nwlistenpost02' [h=C9D8199B,$009A22A0]
    CONST$01A7C308 k209 'nwlistenpost03' [h=EEF51E3D,$009A2260]
    CONST$01A7C310 k210 'nwlistenpost04' [h=C9701A19,$009A3320]
    CONST$01A7C318 k211 'nwlistenpost05' [h=AF17E7C0,$009AAC00]
    CONST$01A7C320 k212 'nwlistenpost06' [h=2C63E201,$009A2B00]
    CONST$01A7C328 k213 'nwlistenpost07' [h=0FC165F2,$009A0C80]
    CONST$01A7C330 k214 'nwlistenpost08' [h=11CEF7DE,$009A09E0]
    CONST$01A7C338 k215 'nwlistenpost09' [h=98765C75,$009A0D00]
    CONST$01A7C340 k216 'nwlistenpost10' [h=BCE539DB,$009A1D80]
    CONST$01A7C348 k217 'nwlistenpost11' [h=32B71926,$009A0BC0]
    CONST$01A7C350 k218 'nwlistenpost12' [h=70BC1FFE,$009A0CA0]
    CONST$01A7C358 k219 'nwlistenpost13' [h=B70CE8F5,$009A1D20]
    CONST$01A7C360 k220 'nwlistenpost14' [h=8AF98E83,$009A0BE0]
    CONST$01A7C368 k221 'nwlistenpost15' [h=A1C5614B,$009A0940]
    CONST$01A7C370 k222 'nwlistenpost16' [h=334AD71A,$009A08E0]
    CONST$01A7C378 k223 'nwlistenpost17' [h=9287EDBD,$009A08A0]
    CONST$01A7C380 k224 'nwlistenpost18' [h=06CFE040,$009A0A00]
    CONST$01A7C388 k225 'nwlistenpost19' [h=9D0AD938,$009A0920]
    CONST$01A7C390 k226 'nwlistenpost20' [h=B8D00211,$009A0140]
    CONST$01A7C398 k227 'nwlistenpost21' [h=92746FA3,$009A00A0]
    CONST$01A7C3A0 k228 'nwlistenpost22' [h=AAF634D6,$0099F240]
    CONST$01A7C3A8 k229 'nwlistenpost23' [h=D79911DB,$0099F1A0]
    CONST$01A7C3B0 k230 'nwlistenpost24' [h=0BA0286A,$0099EF40]
    CONST$01A7C3B8 k231 'nwlistenpost25' [h=857884AF,$0099EA20]
    CONST$01A7C3C0 k232 'nwlistenpost26' [h=E68C8C20,$0099C6E0]
    CONST$01A7C3C8 k233 'nwlistenpost27' [h=2DD4FBE2,$0099CA40]
    CONST$01A7C3D0 k234 'nwlistenpost28' [h=ED24B418,$0099C7C0]
    CONST$01A7C3D8 k235 'nwlistenpost29' [h=245F00CB,$0099D9E0]
    CONST$01A7C3E0 k236 'nwlistenpost30' [h=D11C4BCF,$009AB1A0]
    CONST$01A7C3E8 k237 'bty_blueprint31' [h=08CEC376,$0099F800]
    CONST$01A7C3F0 k238 'bty_blueprint32' [h=033C8BD7,$0099F8C0]
    CONST$01A7C3F8 k239 'bty_blueprint33' [h=72E0AEC9,$0099EEE0]
    CONST$01A7C400 k240 'bty_blueprint34' [h=11E3F817,$0099EFA0]
    CONST$01A7C408 k241 'bty_blueprint35' [h=223684E0,$0099E3E0]
    CONST$01A7C410 k242 'bty_blueprint36' [h=ADD1B5A7,$0099F700]
    CONST$01A7C418 k243 'bty_blueprint37' [h=DA40F561,$0099E700]
    CONST$01A7C420 k244 'bty_blueprint38' [h=2DBDE668,$0099DA20]
    CONST$01A7C428 k245 'bty_blueprint39' [h=CA19F963,$0099EBC0]
    CONST$01A7C430 k246 'bty_blueprint40' [h=EDE0BCDD,$0099FCE0]
    CONST$01A7C438 k247 'bty_blueprint41' [h=2543FADC,$0099EF00]
    CONST$01A7C440 k248 'bty_blueprint42' [h=1FA4D284,$0099FE60]
    CONST$01A7C448 k249 'bty_blueprint43' [h=5F69289C,$0099E200]
    CONST$01A7C450 k250 'bty_blueprint44' [h=1145965A,$0099F3E0]
    CONST$01A7C458 k251 'bty_blueprint45' [h=6F8591FB,$0099CF60]
    CONST$01A7C460 k252 'bty_blueprint46' [h=376EE585,$0099CEC0]
    CONST$01A7C468 k253 'bty_blueprint47' [h=6F1E8B6C,$0099CE80]
    CONST$01A7C470 k254 'bty_blueprint48' [h=8DB288F8,$0099DA80]
    CONST$01A7C478 k255 'bty_blueprint49' [h=AABF2811,$0099CDC0]
    CONST$01A7C480 k256 'bty_blueprint50' [h=1B664A21,$0099CCC0]
    CONST$01A7C488 k257 'bty_blueprint51' [h=9C561357,$0099CC60]
    CONST$01A7C490 k258 'bty_blueprint52' [h=0DB3706A,$0099CD40]
    CONST$01A7C498 k259 'bty_blueprint53' [h=DCA93403,$0099CBC0]
    CONST$01A7C4A0 k260 'bty_blueprint83' [h=D13AFF63,$0099C940]
    CONST$01A7C4A8 k261 'bty_blueprint84' [h=870673B9,$0099CDE0]
    CONST$01A7C4B0 k262 'bty_blueprint85' [h=02588111,$0099CC40]
    CONST$01A7C4B8 k263 'bty_blueprint86' [h=A5241C02,$0099CE00]
    CONST$01A7C4C0 k264 'bty_blueprint87' [h=47EEFA5D,$0099C6C0]
    CONST$01A7C4C8 k265 'bty_blueprint88' [h=A2A40CA1,$0099C600]
    CONST$01A7C4D0 k266 'bty_blueprint89' [h=DFF494C8,$0099C900]
    CONST$01A7C4D8 k267 'bty_blueprint90' [h=439D02C3,$0099C5A0]
    CONST$01A7C4E0 k268 'bty_blueprint91' [h=F9F3CF7A,$0099C1C0]
    CONST$01A7C4E8 k269 'bty_blueprint92' [h=3652AB80,$0099C6A0]
    CONST$01A7C4F0 k270 'bty_blueprint93' [h=1FA1CF12,$0099C580]
    CONST$01A7C4F8 k271 'bty_blueprint94' [h=34CCAFC4,$0099C0C0]
    CONST$01A7C500 k272 'bty_blueprint95' [h=F8BD16E4,$00992620]
    CONST$01A7C508 k273 'bty_blueprint96' [h=A68D4983,$00991BA0]
    CONST$01A7C510 k274 'bty_blueprint97' [h=A2E281B3,$00991B80]
    CONST$01A7C518 k275 'bty_blueprint98' [h=9AC75476,$00991B60]
    CONST$01A7C520 k276 'bty_blueprint99' [h=EF4BE2F9,$00991B20]
    CONST$01A7C528 k277 'bty_blueprint100' [h=C0B85E40,$00A24500]
    CONST$01A7C530 k278 'bty_blueprint101' [h=6D83C901,$00A3C9C0]
    CONST$01A7C538 k279 'bty_blueprint102' [h=7DCC71A1,$00A3CB00]
    CONST$01A7C540 k280 'bty_blueprint103' [h=970E8312,$00A3C980]
    CONST$01A7C548 k281 'bty_blueprint104' [h=32193E16,$00A3C880]
    CONST$01A7C550 k282 'bty_blueprint105' [h=A632D318,$00A3CA40]
    CONST$01A7C558 k283 'bty_blueprint106' [h=AEB95E66,$00A3C900]
    CONST$01A7C560 k284 'bty_blueprint107' [h=F9F3E2B3,$00A3C8C0]
    CONST$01A7C568 k285 'bty_blueprint108' [h=E953EF05,$00A3C7C0]
    CONST$01A7C570 k286 'bty_blueprint109' [h=F323C713,$00A3C780]
    CONST$01A7C578 k287 'bty_blueprint110' [h=C2E1634D,$00A3C940]
    CONST$01A7C580 k288 'monument_nw1' [h=8D68788F,$009917E0]
    CONST$01A7C588 k289 'monument_nw2' [h=F9FC92FD,$00991720]
    CONST$01A7C590 k290 'monument_nw3' [h=12F6C312,$009916E0]
    CONST$01A7C598 k291 'monument_nw4' [h=A665470B,$00991660]
    CONST$01A7C5A0 k292 'monument_nw5' [h=C1102FED,$0098AD00]
    CONST$01A7C5A8 k293 'monument_nw6' [h=3CB3DB3D,$0098ABE0]
    CONST$01A7C5B0 k294 'monument_nw7' [h=172EDC0C,$0098ACC0]
    CONST$01A7C5B8 k295 'monument_nw8' [h=DCDE6450,$0099B9C0]
    CONST$01A7C5C0 k296 'monument_nw9' [h=B0CF3465,$0099B440]
    CONST$01A7C5C8 k297 'monument_nw10' [h=C1215075,$0099F8E0]
    CODE $014BDD40
      000 02010003   LOADNIL r2 ... r2
      001 00003E95       BEQ r0 == k0 ('sw' [h=000017F5,$009AA280])
      002 008026D4       JMP +156 ; 159
      003 0316800A  NEWTABLE r3 := {} (#a=45, #h=0)
      004 04000041     LOADK r4 := k1 ('bty_treasure01' [h=1B72589A,$00998740])
      005 05000081     LOADK r5 := k2 ('bty_treasure02' [h=D772E177,$009818E0])
      006 060000C1     LOADK r6 := k3 ('bty_treasure03' [h=6896C59D,$00996C20])
      007 07000101     LOADK r7 := k4 ('bty_treasure04' [h=F2A1932E,$00997E00])
      008 08000141     LOADK r8 := k5 ('bty_treasure05' [h=5CDD1F9B,$00993920])
      009 09000181     LOADK r9 := k6 ('bty_treasure06' [h=89BBBBA6,$00999DE0])
      010 0A0001C1     LOADK r10 := k7 ('bty_treasure07' [h=81251DEF,$0099DE00])
      011 0B000201     LOADK r11 := k8 ('bty_treasure08' [h=53377FE9,$009984A0])
      012 0C000241     LOADK r12 := k9 ('bty_treasure09' [h=15A5922A,$00985F20])
      013 0D000281     LOADK r13 := k10 ('bty_treasure10' [h=1C484059,$00994F40])
      014 0E0002C1     LOADK r14 := k11 ('bty_treasure11' [h=A167FC7C,$0099B800])
      015 0F000301     LOADK r15 := k12 ('bty_treasure12' [h=111D9CF1,$00991840])
      016 10000341     LOADK r16 := k13 ('bty_treasure13' [h=7209C7FD,$009A0800])
      017 11000381     LOADK r17 := k14 ('bty_treasure14' [h=7A8BEED3,$0099F840])
      018 120003C1     LOADK r18 := k15 ('bty_treasure15' [h=DDAA2FD4,$00980D60])
      019 13000401     LOADK r19 := k16 ('bty_treasure16' [h=7A4C9A9C,$00995920])
      020 14000441     LOADK r20 := k17 ('bty_treasure17' [h=92A385BB,$0098D060])
      021 15000481     LOADK r21 := k18 ('bty_treasure18' [h=59967C12,$009AAF60])
      022 160004C1     LOADK r22 := k19 ('bty_treasure19' [h=892392C2,$009C79E0])
      023 17000501     LOADK r23 := k20 ('bty_treasure20' [h=6B5113BE,$009AAC20])
      024 18000541     LOADK r24 := k21 ('bty_treasure21' [h=0A8D3CA0,$00996D00])
      025 19000581     LOADK r25 := k22 ('bty_treasure22' [h=476353C3,$009AA440])
      026 1A0005C1     LOADK r26 := k23 ('bty_treasure23' [h=73AE2052,$009C4B60])
      027 1B000601     LOADK r27 := k24 ('bty_treasure24' [h=543BEA68,$0099D7A0])
      028 1C000641     LOADK r28 := k25 ('bty_treasure25' [h=A8F59B42,$00997220])
      029 1D000681     LOADK r29 := k26 ('bty_treasure26' [h=64E54E0F,$009A5040])
      030 1E0006C1     LOADK r30 := k27 ('bty_treasure27' [h=131A4A43,$0099C980])
      031 1F000701     LOADK r31 := k28 ('bty_treasure28' [h=3EAB9C17,$009A25C0])
      032 20000741     LOADK r32 := k29 ('bty_treasure29' [h=06E9811F,$009C7820])
      033 21000781     LOADK r33 := k30 ('bty_treasure30' [h=CA1EC75C,$009A3700])
      034 220007C1     LOADK r34 := k31 ('bty_treasure31' [h=B6D39D87,$00985B40])
      035 23000801     LOADK r35 := k32 ('bty_treasure32' [h=6C06289F,$00993A00])
      036 030007DF   SETLIST r3 [31]
      037 04000841     LOADK r4 := k33 ('bty_treasure55' [h=23030949,$00991900])
      038 05000881     LOADK r5 := k34 ('bty_treasure56' [h=39D766FD,$009A0500])
      039 060008C1     LOADK r6 := k35 ('bty_treasure57' [h=FFB7E186,$009AB220])
      040 07000901     LOADK r7 := k36 ('bty_treasure58' [h=F53335A4,$0099A780])
      041 08000941     LOADK r8 := k37 ('bty_treasure59' [h=C285B7AE,$009C4800])
      042 09000981     LOADK r9 := k38 ('bty_treasure60' [h=D2AE320C,$00997D40])
      043 0A0009C1     LOADK r10 := k39 ('bty_treasure61' [h=079225A5,$009AA4E0])
      044 0B000A01     LOADK r11 := k40 ('bty_treasure62' [h=B2A64F01,$0099EC80])
      045 0C000A41     LOADK r12 := k41 ('bty_treasure63' [h=F22488FC,$0099F440])
      046 0D000A81     LOADK r13 := k42 ('bty_treasure64' [h=19366FA0,$0098CF40])
      047 0E000AC1     LOADK r14 := k43 ('bty_treasure65' [h=D9FCE0BA,$0098B1A0])
      048 0F000B01     LOADK r15 := k44 ('bty_treasure66' [h=81E2672D,$00979700])
      049 10000B41     LOADK r16 := k45 ('bty_treasure67' [h=D3E80051,$0097B4A0])
      050 11000B81     LOADK r17 := k46 ('bty_treasure68' [h=B73A2605,$009AB8A0])
      051 12000BC1     LOADK r18 := k47 ('bty_treasure69' [h=217F4430,$00994500])
      052 13000C01     LOADK r19 := k48 ('bty_treasure70' [h=DF42F696,$00976C20])
      053 14000C41     LOADK r20 := k49 ('bty_treasure71' [h=844C1D0A,$009C7200])
      054 15000C81     LOADK r21 := k50 ('bty_treasure72' [h=C5CE715E,$009C71C0])
      055 16000CC1     LOADK r22 := k51 ('bty_treasure73' [h=46DAF168,$009C71E0])
      056 17000D01     LOADK r23 := k52 ('bty_treasure74' [h=9D2A8483,$009AC980])
      057 18000D41     LOADK r24 := k53 ('bty_treasure75' [h=1F2B6376,$009AC0C0])
      058 19000D81     LOADK r25 := k54 ('swlistenpost01' [h=8EA0574A,$009AC100])
      059 1A000DC1     LOADK r26 := k55 ('swlistenpost02' [h=C9D8199E,$009A51C0])
      060 1B000E01     LOADK r27 := k56 ('swlistenpost03' [h=EEF51FC0,$009A5260])
      061 1C000E41     LOADK r28 := k57 ('swlistenpost04' [h=C9701A1C,$009A5200])
      062 1D000E81     LOADK r29 := k58 ('swlistenpost05' [h=AF17E7C5,$009A5300])
      063 1E000EC1     LOADK r30 := k59 ('swlistenpost06' [h=2C63E204,$009A5980])
      064 1F000F01     LOADK r31 := k60 ('swlistenpost07' [h=0FC165F9,$009A5FE0])
      065 20000F41     LOADK r32 := k61 ('swlistenpost08' [h=11CEF7D9,$009A7FA0])
      066 21000F81     LOADK r33 := k62 ('swlistenpost09' [h=98765C78,$009A7F00])
      067 22000FC1     LOADK r34 := k63 ('swlistenpost10' [h=BCE539DE,$009A7EC0])
      068 23001001     LOADK r35 := k64 ('swlistenpost11' [h=32B7191B,$009A8740])
      069 03000FDF   SETLIST r3 [63]
      070 04001041     LOADK r4 := k65 ('swlistenpost12' [h=70BC1F83,$009A8660])
      071 05001081     LOADK r5 := k66 ('swlistenpost13' [h=B70CE8FE,$009A8640])
      072 060010C1     LOADK r6 := k67 ('swlistenpost14' [h=8AF98E86,$009A8620])
      073 07001101     LOADK r7 := k68 ('swlistenpost15' [h=A1C56144,$009A8600])
      074 08001141     LOADK r8 := k69 ('swlistenpost16' [h=334AD71F,$009A85A0])
      075 09001181     LOADK r9 := k70 ('swlistenpost17' [h=9287EDA6,$009A8540])
      076 0A0011C1     LOADK r10 := k71 ('swlistenpost18' [h=06B01FBF,$009A8520])
      077 0B001201     LOADK r11 := k72 ('swlistenpost19' [h=9D0ADEC3,$009A9740])
      078 0C001241     LOADK r12 := k73 ('swlistenpost20' [h=B8D0021A,$009A9640])
      079 0D001281     LOADK r13 := k74 ('swlistenpost21' [h=92746FA6,$009C6220])
      080 0E0012C1     LOADK r14 := k75 ('swlistenpost22' [h=AAF634DB,$009C6240])
      081 0F001301     LOADK r15 := k76 ('swlistenpost23' [h=D79911DE,$009C6260])
      082 10001341     LOADK r16 := k77 ('swlistenpost24' [h=0BA02871,$009C63A0])
      083 11001381     LOADK r17 := k78 ('swlistenpost25' [h=857884B2,$009C63C0])
      084 120013C1     LOADK r18 := k79 ('bty_blueprint1' [h=F68AF0D1,$009C63E0])
      085 13001401     LOADK r19 := k80 ('bty_blueprint2' [h=49E4D797,$009C6540])
      086 14001441     LOADK r20 := k81 ('bty_blueprint3' [h=7C62F2C6,$009C64C0])
      087 15001481     LOADK r21 := k82 ('bty_blueprint4' [h=C44B52A4,$009C64E0])
      088 160014C1     LOADK r22 := k83 ('bty_blueprint5' [h=2F5C3A7D,$009C6580])
      089 17001501     LOADK r23 := k84 ('bty_blueprint6' [h=66F494AD,$009C6A00])
      090 18001541     LOADK r24 := k85 ('bty_blueprint7' [h=FD476A09,$009A8AE0])
      091 19001581     LOADK r25 := k86 ('bty_blueprint8' [h=F8CE0806,$009A8B20])
      092 1A0015C1     LOADK r26 := k87 ('bty_blueprint9' [h=F9636067,$009A9260])
      093 1B001601     LOADK r27 := k88 ('bty_blueprint10' [h=7D737C29,$009A92C0])
      094 1C001641     LOADK r28 := k89 ('bty_blueprint11' [h=BB0B9AAF,$009A92E0])
      095 1D001681     LOADK r29 := k90 ('bty_blueprint12' [h=1EF7149A,$009A8160])
      096 1E0016C1     LOADK r30 := k91 ('bty_blueprint13' [h=020B96BF,$009A80E0])
      097 1F001701     LOADK r31 := k92 ('bty_blueprint14' [h=26E06591,$009A8080])
      098 20001741     LOADK r32 := k93 ('bty_blueprint15' [h=FC4AF842,$009A7FE0])
      099 21001781     LOADK r33 := k94 ('bty_blueprint16' [h=46654E2E,$009A7FC0])
      100 220017C1     LOADK r34 := k95 ('bty_blueprint17' [h=EE951EFD,$009A7EA0])
      101 23001801     LOADK r35 := k96 ('bty_blueprint18' [h=7EB72F4F,$009A7F40])
      102 030017DF   SETLIST r3 [95]
      103 04001841     LOADK r4 := k97 ('bty_blueprint19' [h=086A92C2,$009A7EE0])
      104 05001881     LOADK r5 := k98 ('bty_blueprint20' [h=23742854,$009A8920])
      105 060018C1     LOADK r6 := k99 ('bty_blueprint21' [h=74104E40,$009A88A0])
      106 07001901     LOADK r7 := k100 ('bty_blueprint22' [h=05B129E9,$009A8760])
      107 08001941     LOADK r8 := k101 ('bty_blueprint23' [h=ED805038,$009A86C0])
      108 09001981     LOADK r9 := k102 ('bty_blueprint24' [h=D1BE9635,$009A8680])
      109 0A0019C1     LOADK r10 := k103 ('bty_blueprint25' [h=34A6B574,$009A85C0])
      110 0B001A01     LOADK r11 := k104 ('bty_blueprint26' [h=EE3DBBAB,$009A8580])
      111 0C001A41     LOADK r12 := k105 ('bty_blueprint27' [h=0A4C4980,$009A8560])
      112 0D001A81     LOADK r13 := k106 ('bty_blueprint28' [h=559D851E,$009A85E0])
      113 0E001AC1     LOADK r14 := k107 ('bty_blueprint29' [h=B599BB10,$009A8480])
      114 0F001B01     LOADK r15 := k108 ('bty_blueprint30' [h=5EE4B280,$009A83E0])
      115 10001B41     LOADK r16 := k109 ('bty_blueprint54' [h=39EF5C45,$009A9700])
      116 11001B81     LOADK r17 := k110 ('bty_blueprint55' [h=C5FA55EF,$009A8320])
      117 12001BC1     LOADK r18 := k111 ('bty_blueprint56' [h=2D6EEB84,$009A9780])
      118 13001C01     LOADK r19 := k112 ('bty_blueprint57' [h=0095289B,$009A9720])
      119 14001C41     LOADK r20 := k113 ('bty_blueprint58' [h=AA232238,$009A96C0])
      120 15001C81     LOADK r21 := k114 ('bty_blueprint59' [h=C452AC13,$009A9620])
      121 16001CC1     LOADK r22 := k115 ('bty_blueprint60' [h=B1BB2562,$009C5E60])
      122 17001D01     LOADK r23 := k116 ('bty_blueprint61' [h=F03755AA,$009C5EC0])
      123 18001D41     LOADK r24 := k117 ('bty_blueprint62' [h=3F1E06AA,$009C5F40])
      124 19001D81     LOADK r25 := k118 ('bty_blueprint63' [h=052A35B6,$009C6620])
      125 1A001DC1     LOADK r26 := k119 ('bty_blueprint64' [h=D9868002,$009C6560])
      126 1B001E01     LOADK r27 := k120 ('bty_blueprint65' [h=6C218ED8,$009C6600])
      127 1C001E41     LOADK r28 := k121 ('bty_blueprint66' [h=4D14DD5C,$00989060])
      128 1D001E81     LOADK r29 := k122 ('bty_blueprint67' [h=01F0D136,$00988FC0])
      129 1E001EC1     LOADK r30 := k123 ('bty_blueprint68' [h=1C1343EE,$00988CA0])
      130 1F001F01     LOADK r31 := k124 ('bty_blueprint69' [h=CBD60D9A,$00988C00])
      131 20001F41     LOADK r32 := k125 ('bty_blueprint70' [h=0FB3E6E1,$00988BC0])
      132 21001F81     LOADK r33 := k126 ('bty_blueprint71' [h=FEE1CD69,$00988BE0])
      133 22001FC1     LOADK r34 := k127 ('bty_blueprint72' [h=43FD51BE,$00988B80])
      134 23002001     LOADK r35 := k128 ('bty_blueprint73' [h=4D0DBCF6,$009AA5A0])
      135 03001FDF   SETLIST r3 [127]
      136 04002041     LOADK r4 := k129 ('bty_blueprint74' [h=81FEF439,$009AA540])
      137 05002081     LOADK r5 := k130 ('bty_blueprint75' [h=D0EBFC10,$009C7420])
      138 060020C1     LOADK r6 := k131 ('bty_blueprint76' [h=08EE684B,$009C7AE0])
      139 07002101     LOADK r7 := k132 ('bty_blueprint77' [h=DF9A8F1B,$009C7AC0])
      140 08002141     LOADK r8 := k133 ('bty_blueprint78' [h=C07C6524,$009C7DA0])
      141 09002181     LOADK r9 := k134 ('bty_blueprint79' [h=8D86DCB0,$009AA4C0])
      142 0A0021C1     LOADK r10 := k135 ('bty_blueprint80' [h=0C8992C4,$009A9FC0])
      143 0B002201     LOADK r11 := k136 ('bty_blueprint81' [h=80226D74,$009AA340])
      144 0C002241     LOADK r12 := k137 ('bty_blueprint82' [h=16FFB559,$009AA520])
      145 0D002281     LOADK r13 := k138 ('monument_sw1' [h=8974C02B,$009AB060])
      146 0E0022C1     LOADK r14 := k139 ('monument_sw2' [h=9C39FB69,$009AB0A0])
      147 0F002301     LOADK r15 := k140 ('monument_sw3' [h=2641389D,$009A9BE0])
      148 10002341     LOADK r16 := k141 ('monument_sw4' [h=DB1DE8BB,$009A3A00])
      149 11002381     LOADK r17 := k142 ('monument_sw5' [h=F2B478B1,$009A3980])
      150 120023C1     LOADK r18 := k143 ('monument_sw6' [h=7A867A17,$009A3140])
      151 13002401     LOADK r19 := k144 ('monument_sw7' [h=B1165C36,$009A2E80])
      152 14002441     LOADK r20 := k145 ('monument_sw8' [h=BD28B6C8,$009A2E20])
      153 15002481     LOADK r21 := k146 ('monument_sw9' [h=75AF7FAC,$009A2C60])
      154 160024C1     LOADK r22 := k147 ('monument_sw10' [h=EC332DCF,$009A2BA0])
      155 0300249F   SETLIST r3 [146]
      156 02018046  GETTABLE r2 := r3[r1]
      157 04002505 GETGLOBAL r4 := _G[k148 ('collectgarbage' [h=7631F05C,$00991000])]
      158 04008059      CALL r4 (0 args) => 0 results
      159 000063D5       BEQ r0 == k149 ('nw' [h=0000178E,$009C3CA0])
      160 00802714       JMP +157 ; 318
      161 0316800A  NEWTABLE r3 := {} (#a=45, #h=0)
      162 04002581     LOADK r4 := k150 ('bty_treasure33' [h=1B53FEE3,$009A2200])
      163 050025C1     LOADK r5 := k151 ('bty_treasure34' [h=008B94D3,$009A21C0])
      164 06002601     LOADK r6 := k152 ('bty_treasure35' [h=F2FDF366,$009A1D60])
      165 07002641     LOADK r7 := k153 ('bty_treasure36' [h=EC1549EB,$009A1CC0])
      166 08002681     LOADK r8 := k154 ('bty_treasure37' [h=91BF99BC,$009A1CA0])
      167 090026C1     LOADK r9 := k155 ('bty_treasure38' [h=5D87AD5A,$009A1CE0])
      168 0A002701     LOADK r10 := k156 ('bty_treasure39' [h=69A3239B,$009A1C80])
      169 0B002741     LOADK r11 := k157 ('bty_treasure40' [h=76EDCF53,$009A17E0])
      170 0C002781     LOADK r12 := k158 ('bty_treasure41' [h=2EF04E18,$009A1780])
      171 0D0027C1     LOADK r13 := k159 ('bty_treasure42' [h=B9231965,$009A15C0])
      172 0E002801     LOADK r14 := k160 ('bty_treasure43' [h=2A206C65,$009A1560])
      173 0F002841     LOADK r15 := k161 ('bty_treasure44' [h=010C1A29,$009A1420])
      174 10002881     LOADK r16 := k162 ('bty_treasure45' [h=779AB621,$009A0980])
      175 110028C1     LOADK r17 := k163 ('bty_treasure46' [h=C92C9138,$009A09A0])
      176 12002901     LOADK r18 := k164 ('bty_treasure47' [h=BE07A480,$009A0960])
      177 13002941     LOADK r19 := k165 ('bty_treasure48' [h=3D77F1C6,$009A0FA0])
      178 14002981     LOADK r20 := k166 ('bty_treasure49' [h=6F8AB7D9,$009A2680])
      179 150029C1     LOADK r21 := k167 ('bty_treasure50' [h=AAA06A8C,$009A1640])
      180 16002A01     LOADK r22 := k168 ('bty_treasure51' [h=938079F5,$009A1680])
      181 17002A41     LOADK r23 := k169 ('bty_treasure52' [h=02942B5A,$009A1520])
      182 18002A81     LOADK r24 := k170 ('bty_treasure53' [h=144B955F,$009A1580])
      183 19002AC1     LOADK r25 := k171 ('bty_treasure54' [h=B707F6CD,$009A1900])
      184 1A002B01     LOADK r26 := k172 ('bty_treasure76' [h=7B7E451F,$009A1600])
      185 1B002B41     LOADK r27 := k173 ('bty_treasure77' [h=7A582696,$009A1380])
      186 1C002B81     LOADK r28 := k174 ('bty_treasure78' [h=2F8917B1,$009A1280])
      187 1D002BC1     LOADK r29 := k175 ('bty_treasure79' [h=71AA408E,$009A1480])
      188 1E002C01     LOADK r30 := k176 ('bty_treasure80' [h=234EAD2D,$009A1720])
      189 1F002C41     LOADK r31 := k177 ('bty_treasure81' [h=9159BB89,$009A1B80])
      190 20002C81     LOADK r32 := k178 ('bty_treasure82' [h=E9BA73B0,$009A1740])
      191 21002CC1     LOADK r33 := k179 ('bty_treasure83' [h=69164254,$009A11E0])
      192 22002D01     LOADK r34 := k180 ('bty_treasure84' [h=61528FD6,$009A15E0])
      193 23002D41     LOADK r35 := k181 ('bty_treasure85' [h=45FA3E8F,$009A0DE0])
      194 030007DF   SETLIST r3 [31]
      195 04002D81     LOADK r4 := k182 ('bty_treasure86' [h=539CA94F,$009A0D20])
      196 05002DC1     LOADK r5 := k183 ('bty_treasure87' [h=28EA3E11,$009A0CE0])
      197 06002E01     LOADK r6 := k184 ('bty_treasure88' [h=F50548DB,$009A11A0])
      198 07002E41     LOADK r7 := k185 ('bty_treasure89' [h=CEF5D790,$009A0CC0])
      199 08002E81     LOADK r8 := k186 ('bty_treasure90' [h=C3316005,$009A0C60])
      200 09002EC1     LOADK r9 := k187 ('bty_treasure91' [h=7F1B8FC3,$009A0C20])
      201 0A002F01     LOADK r10 := k188 ('bty_treasure92' [h=FA085850,$009A15A0])
      202 0B002F41     LOADK r11 := k189 ('bty_treasure93' [h=FA1A19E7,$009C6AC0])
      203 0C002F81     LOADK r12 := k190 ('bty_treasure94' [h=6AB7ABF8,$009C5F80])
      204 0D002FC1     LOADK r13 := k191 ('bty_treasure95' [h=34AC4FB5,$009C6400])
      205 0E003001     LOADK r14 := k192 ('bty_treasure96' [h=A468B78D,$009C64A0])
      206 0F003041     LOADK r15 := k193 ('bty_treasure97' [h=40FB1316,$009C6480])
      207 10003081     LOADK r16 := k194 ('bty_treasure98' [h=E4FDBA11,$009890A0])
      208 110030C1     LOADK r17 := k195 ('bty_treasure99' [h=BD339FDE,$00989040])
      209 12003101     LOADK r18 := k196 ('bty_treasure100' [h=E04A4C7E,$009AA5C0])
      210 13003141     LOADK r19 := k197 ('bty_treasure101' [h=3F34887F,$009AA420])
      211 14003181     LOADK r20 := k198 ('bty_treasure102' [h=F2D6149D,$009A39E0])
      212 150031C1     LOADK r21 := k199 ('bty_treasure103' [h=6CD08AA0,$009A2F40])
      213 16003201     LOADK r22 := k200 ('bty_treasure104' [h=95B5CEFC,$00988EC0])
      214 17003241     LOADK r23 := k201 ('bty_treasure105' [h=F2835CA2,$00989000])
      215 18003281     LOADK r24 := k202 ('bty_treasure106' [h=F9ADC67B,$00988E60])
      216 190032C1     LOADK r25 := k203 ('bty_treasure107' [h=853E0BA0,$009835E0])
      217 1A003301     LOADK r26 := k204 ('bty_treasure108' [h=1CC08980,$009AAA80])
      218 1B003341     LOADK r27 := k205 ('bty_treasure109' [h=B2B9DBBF,$009A41E0])
      219 1C003381     LOADK r28 := k206 ('bty_treasure110' [h=D88ADE5C,$009A2D20])
      220 1D0033C1     LOADK r29 := k207 ('nwlistenpost01' [h=8EA05747,$009A2AA0])
      221 1E003401     LOADK r30 := k208 ('nwlistenpost02' [h=C9D8199B,$009A22A0])
      222 1F003441     LOADK r31 := k209 ('nwlistenpost03' [h=EEF51E3D,$009A2260])
      223 20003481     LOADK r32 := k210 ('nwlistenpost04' [h=C9701A19,$009A3320])
      224 210034C1     LOADK r33 := k211 ('nwlistenpost05' [h=AF17E7C0,$009AAC00])
      225 22003501     LOADK r34 := k212 ('nwlistenpost06' [h=2C63E201,$009A2B00])
      226 23003541     LOADK r35 := k213 ('nwlistenpost07' [h=0FC165F2,$009A0C80])
      227 03000FDF   SETLIST r3 [63]
      228 04003581     LOADK r4 := k214 ('nwlistenpost08' [h=11CEF7DE,$009A09E0])
      229 050035C1     LOADK r5 := k215 ('nwlistenpost09' [h=98765C75,$009A0D00])
      230 06003601     LOADK r6 := k216 ('nwlistenpost10' [h=BCE539DB,$009A1D80])
      231 07003641     LOADK r7 := k217 ('nwlistenpost11' [h=32B71926,$009A0BC0])
      232 08003681     LOADK r8 := k218 ('nwlistenpost12' [h=70BC1FFE,$009A0CA0])
      233 090036C1     LOADK r9 := k219 ('nwlistenpost13' [h=B70CE8F5,$009A1D20])
      234 0A003701     LOADK r10 := k220 ('nwlistenpost14' [h=8AF98E83,$009A0BE0])
      235 0B003741     LOADK r11 := k221 ('nwlistenpost15' [h=A1C5614B,$009A0940])
      236 0C003781     LOADK r12 := k222 ('nwlistenpost16' [h=334AD71A,$009A08E0])
      237 0D0037C1     LOADK r13 := k223 ('nwlistenpost17' [h=9287EDBD,$009A08A0])
      238 0E003801     LOADK r14 := k224 ('nwlistenpost18' [h=06CFE040,$009A0A00])
      239 0F003841     LOADK r15 := k225 ('nwlistenpost19' [h=9D0AD938,$009A0920])
      240 10003881     LOADK r16 := k226 ('nwlistenpost20' [h=B8D00211,$009A0140])
      241 110038C1     LOADK r17 := k227 ('nwlistenpost21' [h=92746FA3,$009A00A0])
      242 12003901     LOADK r18 := k228 ('nwlistenpost22' [h=AAF634D6,$0099F240])
      243 13003941     LOADK r19 := k229 ('nwlistenpost23' [h=D79911DB,$0099F1A0])
      244 14003981     LOADK r20 := k230 ('nwlistenpost24' [h=0BA0286A,$0099EF40])
      245 150039C1     LOADK r21 := k231 ('nwlistenpost25' [h=857884AF,$0099EA20])
      246 16003A01     LOADK r22 := k232 ('nwlistenpost26' [h=E68C8C20,$0099C6E0])
      247 17003A41     LOADK r23 := k233 ('nwlistenpost27' [h=2DD4FBE2,$0099CA40])
      248 18003A81     LOADK r24 := k234 ('nwlistenpost28' [h=ED24B418,$0099C7C0])
      249 19003AC1     LOADK r25 := k235 ('nwlistenpost29' [h=245F00CB,$0099D9E0])
      250 1A003B01     LOADK r26 := k236 ('nwlistenpost30' [h=D11C4BCF,$009AB1A0])
      251 1B003B41     LOADK r27 := k237 ('bty_blueprint31' [h=08CEC376,$0099F800])
      252 1C003B81     LOADK r28 := k238 ('bty_blueprint32' [h=033C8BD7,$0099F8C0])
      253 1D003BC1     LOADK r29 := k239 ('bty_blueprint33' [h=72E0AEC9,$0099EEE0])
      254 1E003C01     LOADK r30 := k240 ('bty_blueprint34' [h=11E3F817,$0099EFA0])
      255 1F003C41     LOADK r31 := k241 ('bty_blueprint35' [h=223684E0,$0099E3E0])
      256 20003C81     LOADK r32 := k242 ('bty_blueprint36' [h=ADD1B5A7,$0099F700])
      257 21003CC1     LOADK r33 := k243 ('bty_blueprint37' [h=DA40F561,$0099E700])
      258 22003D01     LOADK r34 := k244 ('bty_blueprint38' [h=2DBDE668,$0099DA20])
      259 23003D41     LOADK r35 := k245 ('bty_blueprint39' [h=CA19F963,$0099EBC0])
      260 030017DF   SETLIST r3 [95]
      261 04003D81     LOADK r4 := k246 ('bty_blueprint40' [h=EDE0BCDD,$0099FCE0])
      262 05003DC1     LOADK r5 := k247 ('bty_blueprint41' [h=2543FADC,$0099EF00])
      263 06003E01     LOADK r6 := k248 ('bty_blueprint42' [h=1FA4D284,$0099FE60])
      264 07003E41     LOADK r7 := k249 ('bty_blueprint43' [h=5F69289C,$0099E200])
      265 08003E81     LOADK r8 := k250 ('bty_blueprint44' [h=1145965A,$0099F3E0])
      266 09003EC1     LOADK r9 := k251 ('bty_blueprint45' [h=6F8591FB,$0099CF60])
      267 0A003F01     LOADK r10 := k252 ('bty_blueprint46' [h=376EE585,$0099CEC0])
      268 0B003F41     LOADK r11 := k253 ('bty_blueprint47' [h=6F1E8B6C,$0099CE80])
      269 0C003F81     LOADK r12 := k254 ('bty_blueprint48' [h=8DB288F8,$0099DA80])
      270 0D003FC1     LOADK r13 := k255 ('bty_blueprint49' [h=AABF2811,$0099CDC0])
      271 0E004001     LOADK r14 := k256 ('bty_blueprint50' [h=1B664A21,$0099CCC0])
      272 0F004041     LOADK r15 := k257 ('bty_blueprint51' [h=9C561357,$0099CC60])
      273 10004081     LOADK r16 := k258 ('bty_blueprint52' [h=0DB3706A,$0099CD40])
      274 110040C1     LOADK r17 := k259 ('bty_blueprint53' [h=DCA93403,$0099CBC0])
      275 12004101     LOADK r18 := k260 ('bty_blueprint83' [h=D13AFF63,$0099C940])
      276 13004141     LOADK r19 := k261 ('bty_blueprint84' [h=870673B9,$0099CDE0])
      277 14004181     LOADK r20 := k262 ('bty_blueprint85' [h=02588111,$0099CC40])
      278 150041C1     LOADK r21 := k263 ('bty_blueprint86' [h=A5241C02,$0099CE00])
      279 16004201     LOADK r22 := k264 ('bty_blueprint87' [h=47EEFA5D,$0099C6C0])
      280 17004241     LOADK r23 := k265 ('bty_blueprint88' [h=A2A40CA1,$0099C600])
      281 18004281     LOADK r24 := k266 ('bty_blueprint89' [h=DFF494C8,$0099C900])
      282 190042C1     LOADK r25 := k267 ('bty_blueprint90' [h=439D02C3,$0099C5A0])
      283 1A004301     LOADK r26 := k268 ('bty_blueprint91' [h=F9F3CF7A,$0099C1C0])
      284 1B004341     LOADK r27 := k269 ('bty_blueprint92' [h=3652AB80,$0099C6A0])
      285 1C004381     LOADK r28 := k270 ('bty_blueprint93' [h=1FA1CF12,$0099C580])
      286 1D0043C1     LOADK r29 := k271 ('bty_blueprint94' [h=34CCAFC4,$0099C0C0])
      287 1E004401     LOADK r30 := k272 ('bty_blueprint95' [h=F8BD16E4,$00992620])
      288 1F004441     LOADK r31 := k273 ('bty_blueprint96' [h=A68D4983,$00991BA0])
      289 20004481     LOADK r32 := k274 ('bty_blueprint97' [h=A2E281B3,$00991B80])
      290 210044C1     LOADK r33 := k275 ('bty_blueprint98' [h=9AC75476,$00991B60])
      291 22004501     LOADK r34 := k276 ('bty_blueprint99' [h=EF4BE2F9,$00991B20])
      292 23004541     LOADK r35 := k277 ('bty_blueprint100' [h=C0B85E40,$00A24500])
      293 03001FDF   SETLIST r3 [127]
      294 04004581     LOADK r4 := k278 ('bty_blueprint101' [h=6D83C901,$00A3C9C0])
      295 050045C1     LOADK r5 := k279 ('bty_blueprint102' [h=7DCC71A1,$00A3CB00])
      296 06004601     LOADK r6 := k280 ('bty_blueprint103' [h=970E8312,$00A3C980])
      297 07004641     LOADK r7 := k281 ('bty_blueprint104' [h=32193E16,$00A3C880])
      298 08004681     LOADK r8 := k282 ('bty_blueprint105' [h=A632D318,$00A3CA40])
      299 090046C1     LOADK r9 := k283 ('bty_blueprint106' [h=AEB95E66,$00A3C900])
      300 0A004701     LOADK r10 := k284 ('bty_blueprint107' [h=F9F3E2B3,$00A3C8C0])
      301 0B004741     LOADK r11 := k285 ('bty_blueprint108' [h=E953EF05,$00A3C7C0])
      302 0C004781     LOADK r12 := k286 ('bty_blueprint109' [h=F323C713,$00A3C780])
      303 0D0047C1     LOADK r13 := k287 ('bty_blueprint110' [h=C2E1634D,$00A3C940])
      304 0E004801     LOADK r14 := k288 ('monument_nw1' [h=8D68788F,$009917E0])
      305 0F004841     LOADK r15 := k289 ('monument_nw2' [h=F9FC92FD,$00991720])
      306 10004881     LOADK r16 := k290 ('monument_nw3' [h=12F6C312,$009916E0])
      307 110048C1     LOADK r17 := k291 ('monument_nw4' [h=A665470B,$00991660])
      308 12004901     LOADK r18 := k292 ('monument_nw5' [h=C1102FED,$0098AD00])
      309 13004941     LOADK r19 := k293 ('monument_nw6' [h=3CB3DB3D,$0098ABE0])
      310 14004981     LOADK r20 := k294 ('monument_nw7' [h=172EDC0C,$0098ACC0])
      311 150049C1     LOADK r21 := k295 ('monument_nw8' [h=DCDE6450,$0099B9C0])
      312 16004A01     LOADK r22 := k296 ('monument_nw9' [h=B0CF3465,$0099B440])
      313 17004A41     LOADK r23 := k297 ('monument_nw10' [h=C1215075,$0099F8E0])
      314 030024DF   SETLIST r3 [147]
      315 02018046  GETTABLE r2 := r3[r1]
      316 04002505 GETGLOBAL r4 := _G[k148 ('collectgarbage' [h=7631F05C,$00991000])]
      317 04008059      CALL r4 (0 args) => 0 results
      318 0201001B    RETURN r2 ... r2
      319 0000801B    RETURN r0 ... r-1
  [Node$01CACC88] 'Actor_ShowGrenadeProp' [h=AB2667DA,$009E2540]: cfunction$002AAE20 'Actor_ShowGrenadeProp' [h=AB2667DA,$009E2540]
  [Node$01CACC9C] 'challenge_Recycler_Init' [h=891CFFDB,$009E6740]: function$009A5A60 'challenge_Recycler_Init' [h=891CFFDB,$009E6740]
    CONST$00998260 k0  'challenge_Recycler_BuildFunctionNames' [h=27B4AF5B,$00A31500]
    CONST$00998268 k1  'challenge_Recycler_WaitForReinitOpportunity' [h=E437AA1D,$009E6000]
    CONST$00998270 k2  'challenge_Recycler_Spawn' [h=DCACC730,$00A06680]
    CODE $00A07DC0
      000 01000005 GETGLOBAL r1 := _G[k0 ('challenge_Recycler_BuildFunctionNames' [h=27B4AF5B,$00A31500])]
      001 02000000      MOVE r2 := r0
      002 01010059      CALL r1 (1 args) => 0 results
      003 008000D4       JMP +4 ; 8
      004 01000045 GETGLOBAL r1 := _G[k1 ('challenge_Recycler_WaitForReinitOpportunity' [h=E437AA1D,$009E6000])]
      005 02000000      MOVE r2 := r0
      006 01010059      CALL r1 (1 args) => 0 results
      007 00800094       JMP +3 ; 11
      008 01000085 GETGLOBAL r1 := _G[k2 ('challenge_Recycler_Spawn' [h=DCACC730,$00A06680])]
      009 02000000      MOVE r2 := r0
      010 01010059      CALL r1 (1 args) => 0 results
      011 0000801B    RETURN r0 ... r-1
  [Node$01CACCB0] 'Challenge_WriteStatInteger' [h=5BF21709,$00A0A280]: cfunction$002CA1A8 'Challenge_WriteStatInteger' [h=5BF21709,$00A0A280]
  [Node$01CACCC4] 'util_IsAceMission' [h=3411A219,$00A3B440]: function$009A2300 'util_IsAceMission' [h=3411A219,$00A3B440]
    CONST$00A3B200 k0  'sw' [h=000017F5,$009AA280]
    CONST$00A3B208 k1  'allies' [h=B57F1C27,$009A61A0]
    CONST$00A3B210 k2  3.0
    CONST$00A3B218 k3  6.0
    CONST$00A3B220 k4  'nw' [h=0000178E,$009C3CA0]
    CONST$00A3B228 k5  5.0
    CODE $00B2BF40
      000 00003E95       BEQ r0 == k0 ('sw' [h=000017F5,$009AA280])
      001 00800154       JMP +6 ; 8
      002 0000BED5       BEQ r1 == k1 ('allies' [h=B57F1C27,$009A61A0])
      003 008000D4       JMP +4 ; 8
      004 01013F15       BNE r2 != k2 (3.0)
      005 00800294       JMP +11 ; 17
      006 01013F55       BNE r2 != k3 (6.0)
      007 00800214       JMP +9 ; 17
      008 00003F95       BEQ r0 == k4 ('nw' [h=0000178E,$009C3CA0])
      009 00800154       JMP +6 ; 16
      010 0000BED5       BEQ r1 == k1 ('allies' [h=B57F1C27,$009A61A0])
      011 008000D4       JMP +4 ; 16
      012 01013F15       BNE r2 != k2 (3.0)
      013 00800094       JMP +3 ; 17
      014 01013FD5       BNE r2 != k5 (5.0)
      015 00800014       JMP +1 ; 17
      016 03000042  LOADBOOL r3 := False ; br 18
      017 03008002  LOADBOOL r3 := True
      018 0301001B    RETURN r3 ... r3
      019 0000801B    RETURN r0 ... r-1
  [Node$01CACCD8] 'loc_ff3412_s' [h=A5E20B88,$009944C0]: table$009C5F60[a=8,h=1]
  [Node$01CACCEC] 'loc_ff2527_v_n' [h=893EA6DE,$009C76E0]: table$009A95E0[a=2,h=1]
  [Node$01CACD00] 'TeleportQuestionBox' [h=78C4CB23,$00A05B40]: function$009A7D40 'TeleportQuestionBox' [h=78C4CB23,$00A05B40]
    CONST$00B1DC40 k0  'Utility_ReadStringFromScribbleMemory' [h=5455F3B9,$00A0B700]
    CONST$00B1DC48 k1  'SkipTo_Map' [h=F88EFA9D,$009A69E0]
    CONST$00B1DC50 k2  'nw' [h=0000178E,$009C3CA0]
    CONST$00B1DC58 k3  'interface.southprovince.name' [h=F3180591,$009FC140]
    CONST$00B1DC60 k4  'interface.southteleport.dialog' [h=F4FAE904,$009DF500]
    CONST$00B1DC68 k5  'sw' [h=000017F5,$009AA280]
    CONST$00B1DC70 k6  'interface.northprovince.name' [h=0400CDDB,$009DE140]
    CONST$00B1DC78 k7  'interface.northteleport.dialog' [h=74A29526,$009DCF40]
    CONST$00B1DC80 k8  'CancelTeleportPilotEvents' [h=03732545,$009E0C00]
    CONST$00B1DC88 k9  'Utility_QuestionBox' [h=EE6D60DC,$00A08B00]
    CONST$00B1DC90 k10 'Utility_GetStringById' [h=F7067A6C,$009D9780]
    CONST$00B1DC98 k11 'TeleportBetweenQuadrants' [h=FE3A0430,$009DE640]
    CONST$00B1DCA0 k12 'SetupTeleport' [h=F5A2E4EA,$009A63A0]
    CODE $00B1DCC0
      000 00008003   LOADNIL r0 ... r1
      001 02000005 GETGLOBAL r2 := _G[k0 ('Utility_ReadStringFromScribbleMemory' [h=5455F3B9,$00A0B700])]
      002 03000041     LOADK r3 := k1 ('SkipTo_Map' [h=F88EFA9D,$009A69E0])
      003 02010099      CALL r2 (1 args) => 1 results
      004 00013F15       BEQ r2 == k2 ('nw' [h=0000178E,$009C3CA0])
      005 00800094       JMP +3 ; 9
      006 000000C1     LOADK r0 := k3 ('interface.southprovince.name' [h=F3180591,$009FC140])
      007 01000101     LOADK r1 := k4 ('interface.southteleport.dialog' [h=F4FAE904,$009DF500])
      008 008000D4       JMP +4 ; 13
      009 00013FD5       BEQ r2 == k5 ('sw' [h=000017F5,$009AA280])
      010 00800054       JMP +2 ; 13
      011 00000181     LOADK r0 := k6 ('interface.northprovince.name' [h=0400CDDB,$009DE140])
      012 010001C1     LOADK r1 := k7 ('interface.northteleport.dialog' [h=74A29526,$009DCF40])
      013 03000205 GETGLOBAL r3 := _G[k8 ('CancelTeleportPilotEvents' [h=03732545,$009E0C00])]
      014 03008059      CALL r3 (0 args) => 0 results
      015 03000245 GETGLOBAL r3 := _G[k9 ('Utility_QuestionBox' [h=EE6D60DC,$00A08B00])]
      016 04000285 GETGLOBAL r4 := _G[k10 ('Utility_GetStringById' [h=F7067A6C,$009D9780])]
      017 05000000      MOVE r5 := r0
      018 04010099      CALL r4 (1 args) => 1 results
      019 05000285 GETGLOBAL r5 := _G[k10 ('Utility_GetStringById' [h=F7067A6C,$009D9780])]
      020 06008000      MOVE r6 := r1
      021 05010099      CALL r5 (1 args) => 1 results
      022 06008002  LOADBOOL r6 := True
      023 070002C1     LOADK r7 := k11 ('TeleportBetweenQuadrants' [h=FE3A0430,$009DE640])
      024 08000301     LOADK r8 := k12 ('SetupTeleport' [h=F5A2E4EA,$009A63A0])
      025 03030059      CALL r3 (5 args) => 0 results
      026 0000801B    RETURN r0 ... r-1
  [Node$01CACD14] 'challenge_Recycler_Start' [h=26A0F7E1,$00A04240]: function$0099C560 'challenge_Recycler_Start' [h=26A0F7E1,$00A04240]
    CONST$00C32A40 k0  'nDeposit' [h=0D68C875,$00988E00]
    CONST$00C32A48 k1  nil
    CONST$00C32A50 k2  'Player_GetMoney' [h=21DC1219,$009862E0]
    CONST$00C32A58 k3  'Player_SetMoney' [h=F58D4D46,$00986300]
    CONST$00C32A60 k4  'challenge_HideAll' [h=CF3D9431,$00A02340]
    CONST$00C32A68 k5  'challenge_Recycler_ClearTable' [h=895D11AF,$009DCAC0]
    CONST$00C32A70 k6  'tEventHandlesForDetectSpend' [h=CED2841B,$00A09DC0]
    CONST$00C32A78 k7  'challenge_GlobalStarterSet' [h=97073558,$00A0B9C0]
    CONST$00C32A80 k8  'sCurrentChallengeStarter' [h=AFEC3F39,$00A01740]
    CONST$00C32A88 k9  'type' [h=0070EF71,$00990720]
    CONST$00C32A90 k10 'tFactionZones' [h=545204DA,$0097F400]
    CONST$00C32A98 k11 'table' [h=10F2114B,$00979B40]
    CONST$00C32AA0 k12 'ipairs' [h=B6F4A157,$00990680]
    CONST$00C32AA8 k13 'Boundary_Enable' [h=65FD5E6D,$009C7140]
    CONST$00C32AB0 k14 'challenge_StarterVO' [h=53D6F9EB,$00A0A940]
    CONST$00C32AB8 k15 'start' [h=11BCD3FC,$009A4EA0]
    CONST$00C32AC0 k16 'challenge_BonusMultSet' [h=92FBF63E,$00A0FB80]
    CONST$00C32AC8 k17 1.0
    CONST$00C32AD0 k18 'challenge_CompleteStateSet' [h=20545D39,$00A08B80]
    CONST$00C32AD8 k19 'g_LaunchChallenge' [h=92793616,$009E2B00]
    CONST$00C32AE0 k20 'Event_RelativeTimer' [h=AD23F6E2,$00A3EA80]
    CONST$00C32AE8 k21 'challenge_Recycler_Launch' [h=D6275B47,$00A02C00]
    CONST$00C32AF0 k22 'b' [h=00000083,$009960C0]
    CONST$00C32AF8 k23 0.0
    CONST$00C32B00 k24 'challenge_CommonPrint' [h=62175E90,$009DC240]
    CONST$00C32B08 k25 '[red][challenge.nodeposit]' [h=C4120A00,$00A09800]
    CONST$00C32B10 k26 'challenge_Recycler_End' [h=F30AB795,$009E4CC0]
    CODE $00CA9880
      000 01003E86  GETTABLE r1 := r0[k0 ('nDeposit' [h=0D68C875,$00988E00])]
      001 0100BED5       BNE r1 != k1 (nil)
      002 00800114       JMP +5 ; 8
      003 01000085 GETGLOBAL r1 := _G[k2 ('Player_GetMoney' [h=21DC1219,$009862E0])]
      004 01008099      CALL r1 (0 args) => 1 results
      005 02003E86  GETTABLE r2 := r0[k0 ('nDeposit' [h=0D68C875,$00988E00])]
      006 00010057       BLE r2 <= r1
      007 00800C54       JMP +50 ; 58
      008 01003E86  GETTABLE r1 := r0[k0 ('nDeposit' [h=0D68C875,$00988E00])]
      009 0100BED5       BNE r1 != k1 (nil)
      010 00800154       JMP +6 ; 17
      011 010000C5 GETGLOBAL r1 := _G[k3 ('Player_SetMoney' [h=F58D4D46,$00986300])]
      012 02000085 GETGLOBAL r2 := _G[k2 ('Player_GetMoney' [h=21DC1219,$009862E0])]
      013 02008099      CALL r2 (0 args) => 1 results
      014 03003E86  GETTABLE r3 := r0[k0 ('nDeposit' [h=0D68C875,$00988E00])]
      015 020100CD       SUB r2 := r2 - r3
      016 01010059      CALL r1 (1 args) => 0 results
      017 01000105 GETGLOBAL r1 := _G[k4 ('challenge_HideAll' [h=CF3D9431,$00A02340])]
      018 01008059      CALL r1 (0 args) => 0 results
      019 01000145 GETGLOBAL r1 := _G[k5 ('challenge_Recycler_ClearTable' [h=895D11AF,$009DCAC0])]
      020 02004006  GETTABLE r2 := r0[k6 ('tEventHandlesForDetectSpend' [h=CED2841B,$00A09DC0])]
      021 01010059      CALL r1 (1 args) => 0 results
      022 010001C5 GETGLOBAL r1 := _G[k7 ('challenge_GlobalStarterSet' [h=97073558,$00A0B9C0])]
      023 02004086  GETTABLE r2 := r0[k8 ('sCurrentChallengeStarter' [h=AFEC3F39,$00A01740])]
      024 01010059      CALL r1 (1 args) => 0 results
      025 01000245 GETGLOBAL r1 := _G[k9 ('type' [h=0070EF71,$00990720])]
      026 02004106  GETTABLE r2 := r0[k10 ('tFactionZones' [h=545204DA,$0097F400])]
      027 01010099      CALL r1 (1 args) => 1 results
      028 0000C155       BEQ r1 == k11 ('table' [h=10F2114B,$00979B40])
      029 00800254       JMP +10 ; 40
      030 01000305 GETGLOBAL r1 := _G[k12 ('ipairs' [h=B6F4A157,$00990680])]
      031 02004106  GETTABLE r2 := r0[k10 ('tFactionZones' [h=545204DA,$0097F400])]
      032 01010159      CALL r1 (1 args) => 4 results
      033 018000DE  TFORPREP WIP
      034 05000345 GETGLOBAL r5 := _G[k13 ('Boundary_Enable' [h=65FD5E6D,$009C7140])]
      035 06020000      MOVE r6 := r4
      036 07000002  LOADBOOL r7 := False
      037 05018059      CALL r5 (2 args) => 0 results
      038 0100005D  TFORLOOP WIP
      039 007FFE54       JMP -6 ; 34
      040 01000385 GETGLOBAL r1 := _G[k14 ('challenge_StarterVO' [h=53D6F9EB,$00A0A940])]
      041 02000000      MOVE r2 := r0
      042 030003C1     LOADK r3 := k15 ('start' [h=11BCD3FC,$009A4EA0])
      043 01018059      CALL r1 (2 args) => 0 results
      044 01000405 GETGLOBAL r1 := _G[k16 ('challenge_BonusMultSet' [h=92FBF63E,$00A0FB80])]
      045 02000441     LOADK r2 := k17 (1.0)
      046 01010059      CALL r1 (1 args) => 0 results
      047 01000485 GETGLOBAL r1 := _G[k18 ('challenge_CompleteStateSet' [h=20545D39,$00A08B80])]
      048 02000002  LOADBOOL r2 := False
      049 03000002  LOADBOOL r3 := False
      050 01018059      CALL r1 (2 args) => 0 results
      051 000004C7 SETGLOBAL r0 ->> _G[k19 ('g_LaunchChallenge' [h=92793616,$009E2B00])]
      052 01000505 GETGLOBAL r1 := _G[k20 ('Event_RelativeTimer' [h=AD23F6E2,$00A3EA80])]
      053 02000541     LOADK r2 := k21 ('challenge_Recycler_Launch' [h=D6275B47,$00A02C00])
      054 03000581     LOADK r3 := k22 ('b' [h=00000083,$009960C0])
      055 040005C1     LOADK r4 := k23 (0.0)
      056 01020059      CALL r1 (3 args) => 0 results
      057 00800154       JMP +6 ; 64
      058 01000605 GETGLOBAL r1 := _G[k24 ('challenge_CommonPrint' [h=62175E90,$009DC240])]
      059 02000641     LOADK r2 := k25 ('[red][challenge.nodeposit]' [h=C4120A00,$00A09800])
      060 01010059      CALL r1 (1 args) => 0 results
      061 01000685 GETGLOBAL r1 := _G[k26 ('challenge_Recycler_End' [h=F30AB795,$009E4CC0])]
      062 02000000      MOVE r2 := r0
      063 01010059      CALL r1 (1 args) => 0 results
      064 0000801B    RETURN r0 ... r-1
  [Node$01CACD28] 'UTIL_MISC_LUA_LOADED' [h=F316DF2D,$00A3C440]: 1.0
  [Node$01CACD3C] 'Actor_EnableTireSmoke' [h=20567FE3,$009FE400]: cfunction$002AF528 'Actor_EnableTireSmoke' [h=20567FE3,$009FE400]
  [Node$01CACD50] 'gameflow_GetIntelTotal' [h=0305AFE4,$009F74C0]: function$009A49A0 'gameflow_GetIntelTotal' [h=0305AFE4,$009F74C0]
    CONST$00AC9F40 k0  0.0
    CONST$00AC9F48 k1  'suit_sequence' [h=3E108615,$009A9EE0]
    CONST$00AC9F50 k2  'CARD_RANK_MIN' [h=4771A7AF,$009990E0]
    CONST$00AC9F58 k3  'CARD_RANK_MAX' [h=B37F15FE,$009983E0]
    CONST$00AC9F60 k4  1.0
    CONST$00AC9F68 k5  'gameflow_GetCardScribbleMemoryVariableName' [h=22BDD88D,$00A382C0]
    CONST$00AC9F70 k6  'Utility_ReadStringFromScribbleMemory' [h=5455F3B9,$00A0B700]
    CONST$00AC9F78 k7  'stateKilled' [h=0D0073F8,$009C4DE0]
    CONST$00AC9F80 k8  'stateCaptured' [h=8495A2AD,$009A4380]
    CONST$00AC9F88 k9  'gameflow_GetCardIntelValue' [h=840612C5,$009F7780]
    CODE $00AC98C0
      000 01000001     LOADK r1 := k0 (0.0)
      001 02000045 GETGLOBAL r2 := _G[k1 ('suit_sequence' [h=3E108615,$009A9EE0])]
      002 02010006  GETTABLE r2 := r2[r0]
      003 03000085 GETGLOBAL r3 := _G[k2 ('CARD_RANK_MIN' [h=4771A7AF,$009990E0])]
      004 040000C5 GETGLOBAL r4 := _G[k3 ('CARD_RANK_MAX' [h=B37F15FE,$009983E0])]
      005 05000101     LOADK r5 := k4 (1.0)
      006 0301814D       SUB r3 := r3 - r5
      007 00800414       JMP +17 ; 25
      008 06000145 GETGLOBAL r6 := _G[k5 ('gameflow_GetCardScribbleMemoryVariableName' [h=22BDD88D,$00A382C0])]
      009 07010000      MOVE r7 := r2
      010 08018000      MOVE r8 := r3
      011 06018099      CALL r6 (2 args) => 1 results
      012 07000185 GETGLOBAL r7 := _G[k6 ('Utility_ReadStringFromScribbleMemory' [h=5455F3B9,$00A0B700])]
      013 08030000      MOVE r8 := r6
      014 07010099      CALL r7 (1 args) => 1 results
      015 080001C5 GETGLOBAL r8 := _G[k7 ('stateKilled' [h=0D0073F8,$009C4DE0])]
      016 01038215       BNE r7 != r8
      017 00800094       JMP +3 ; 21
      018 08000205 GETGLOBAL r8 := _G[k8 ('stateCaptured' [h=8495A2AD,$009A4380])]
      019 00038215       BEQ r7 == r8
      020 008000D4       JMP +4 ; 25
      021 08000245 GETGLOBAL r8 := _G[k9 ('gameflow_GetCardIntelValue' [h=840612C5,$009F7780])]
      022 09018000      MOVE r9 := r3
      023 08010099      CALL r8 (1 args) => 1 results
      024 0100820C       ADD r1 := r1 + r8
      025 037FFB5C   FORLOOP r3 := r5; if r3 <= r4 JMP -18
      026 0101001B    RETURN r1 ... r1
      027 0000801B    RETURN r0 ... r-1
  [Node$01CACD64] 'SW_Challenge_Race_HQm2HQc_01_Hide' [h=95F1AFE5,$00A03A00]: function$009C69E0 'SW_Challenge_Race_HQm2HQc_01_Hide' [h=95F1AFE5,$00A03A00]
    CONST$00958550 k0  'challenge_Recycler_Hide' [h=C6CFE144,$00A40380]
    CONST$00958558 k1  'tSW_Challenge_Race_HQm2HQc_01' [h=876BBF1B,$00A2EB80]
    CODE $00958400
      000 00000005 GETGLOBAL r0 := _G[k0 ('challenge_Recycler_Hide' [h=C6CFE144,$00A40380])]
      001 01000045 GETGLOBAL r1 := _G[k1 ('tSW_Challenge_Race_HQm2HQc_01' [h=876BBF1B,$00A2EB80])]
      002 00010059      CALL r0 (1 args) => 0 results
      003 0000801B    RETURN r0 ... r-1
  [Node$01CACD78] 'loc_ff2033_v_n' [h=C31B83A2,$009C3A00]: table$009A58A0[a=2,h=1]
  [Node$01CACD8C] 'Mission_SpawnAirstrike' [h=A09DA73E,$00A10100]: cfunction$002A2F80 'Mission_SpawnAirstrike' [h=A09DA73E,$00A10100]
  [Node$01CACDA0] 'util_IsPlayableIntro' [h=F04BEFE8,$00A3B580]: function$009A1C00 'util_IsPlayableIntro' [h=F04BEFE8,$00A3B580]
    CONST$0097F340 k0  'sw' [h=000017F5,$009AA280]
    CONST$0097F348 k1  'allies' [h=B57F1C27,$009A61A0]
    CONST$0097F350 k2  1.0
    CODE $00A3B340
      000 00003E95       BEQ r0 == k0 ('sw' [h=000017F5,$009AA280])
      001 008000D4       JMP +4 ; 6
      002 0000BED5       BEQ r1 == k1 ('allies' [h=B57F1C27,$009A61A0])
      003 00800054       JMP +2 ; 6
      004 01013F15       BNE r2 != k2 (1.0)
      005 00800014       JMP +1 ; 7
      006 03000042  LOADBOOL r3 := False ; br 8
      007 03008002  LOADBOOL r3 := True
      008 0301001B    RETURN r3 ... r3
      009 0000801B    RETURN r0 ... r-1
  [Node$01CACDB4] 'Utility_CompareActorToOdf' [h=4910433F,$00A41B00]: cfunction$002C1FD8 'Utility_CompareActorToOdf' [h=4910433F,$00A41B00]
  [Node$01CACDC8] 'iFaceIntel' [h=DBE92741,$009938E0]: 30.0
  [Node$01CACDDC] 'Ai_CommandStatus' [h=6633A7EB,$00A01AC0]: cfunction$002B3AE0 'Ai_CommandStatus' [h=6633A7EB,$00A01AC0]
  [Node$01CACDF0] 'nenc_ff1243_v' [h=F92D117E,$0097F580]: table$00983CA0[a=0,h=4]
    [Node$00AC0B54] 'tLocationObjectsA' [h=2C5376F5,$00A01980]: table$009C4060[a=2,h=1]
    [Node$00AC0B68] 'sEncounter' [h=4CD961D9,$009A5C20]: 'ff1243' [h=E5685338,$009A0A40]
    [Node$00AC0B7C] 'tLocationObjectsB' [h=CEC61813,$00A073C0]: nil
  [Node$01CACE04] 'nenc_ff1243' [h=318FB7B2,$00998E60]: table$009864C0[a=0,h=4]
    [Node$00AC7B54] 'tLocationObjectsA' [h=2C5376F5,$00A01980]: table$0097F820[a=8,h=1]
    [Node$00AC7B68] 'sEncounter' [h=4CD961D9,$009A5C20]: 'ff1243' [h=E5685338,$009A0A40]
    [Node$00AC7B7C] 'tLocationObjectsB' [h=CEC61813,$00A073C0]: table$009A3180[a=8,h=1]
  [Node$01CACE18] 'Cinematic_Placeholder' [h=52002A6C,$009FFE40]: cfunction$002C0DB8 'Cinematic_Placeholder' [h=52002A6C,$009FFE40]
  [Node$01CACE2C] 'Audio_SubmitChatterEvent' [h=B1ADFFEF,$009DC580]: cfunction$002B8E58 'Audio_SubmitChatterEvent' [h=B1ADFFEF,$009DC580]
  [Node$01CACE40] 'util_GetMinimumNonHostileMood' [h=3650D76F,$009D6980]: function$00980F60 'util_GetMinimumNonHostileMood' [h=3650D76F,$009D6980]
    CONST$00960860 k0  59.0
    CONST$00960868 k1  -59.0
    CODE $00960850
      000 00000041     LOADK r0 := k1 (-59.0)
      001 0001001B    RETURN r0 ... r0
      002 0000801B    RETURN r0 ... r-1
  [Node$01CACE54] 'Tooltip_ShowNag' [h=557D2FF1,$0097E460]: function$00997F80[1] 'Tooltip_ShowNag' [h=557D2FF1,$0097E460]
    CONST$00AC88C0 k0  'Ui_TutorialTrayPrint' [h=A427467F,$00A01040]
    CONST$00AC88C8 k1  'sMessage' [h=5806A233,$009AA9E0]
    CONST$00AC88D0 k2  'nDisplayDuration' [h=7445B995,$00A32180]
    CONST$00AC88D8 k3  0.0
    CONST$00AC88E0 k4  'hTooltip_HideNag' [h=FE123C0E,$00A10900]
    CONST$00AC88E8 k5  'Event_CancelEvent' [h=D8960070,$00A08280]
    CONST$00AC88F0 k6  'Event_RelativeTimer' [h=AD23F6E2,$00A3EA80]
    CONST$00AC88F8 k7  'Tooltip_HideNag' [h=8DDECA24,$0099FF20]
    CONST$00AC8900 k8  'b' [h=00000083,$009960C0]
    CODE $00AC8E40
      000 00000005 GETGLOBAL r0 := _G[k0 ('Ui_TutorialTrayPrint' [h=A427467F,$00A01040])]
      001 01000004  GETUPVAL r1 := u0
      002 0100BEC6  GETTABLE r1 := r1[k1 ('sMessage' [h=5806A233,$009AA9E0])]
      003 00010059      CALL r0 (1 args) => 0 results
      004 00000004  GETUPVAL r0 := u0
      005 00003F06  GETTABLE r0 := r0[k2 ('nDisplayDuration' [h=7445B995,$00A32180])]
      006 007E8017       BLE k3 (0.0) <= r0
      007 00800354       JMP +14 ; 22
      008 00000004  GETUPVAL r0 := u0
      009 01000145 GETGLOBAL r1 := _G[k5 ('Event_CancelEvent' [h=D8960070,$00A08280])]
      010 02000004  GETUPVAL r2 := u0
      011 02013F86  GETTABLE r2 := r2[k4 ('hTooltip_HideNag' [h=FE123C0E,$00A10900])]
      012 01010099      CALL r1 (1 args) => 1 results
      013 007F0049  SETTABLE r1 ->> r0[k4 ('hTooltip_HideNag' [h=FE123C0E,$00A10900])]
      014 00000004  GETUPVAL r0 := u0
      015 01000185 GETGLOBAL r1 := _G[k6 ('Event_RelativeTimer' [h=AD23F6E2,$00A3EA80])]
      016 020001C1     LOADK r2 := k7 ('Tooltip_HideNag' [h=8DDECA24,$0099FF20])
      017 03000201     LOADK r3 := k8 ('b' [h=00000083,$009960C0])
      018 04000004  GETUPVAL r4 := u0
      019 04023F06  GETTABLE r4 := r4[k2 ('nDisplayDuration' [h=7445B995,$00A32180])]
      020 01020099      CALL r1 (3 args) => 1 results
      021 007F0049  SETTABLE r1 ->> r0[k4 ('hTooltip_HideNag' [h=FE123C0E,$00A10900])]
      022 0000801B    RETURN r0 ... r-1
  [Node$01CACE68] 'Global_SetValue' [h=AB0FD37C,$009777E0]: cfunction$002C9B20 'Global_SetValue' [h=AB0FD37C,$009777E0]
  [Node$01CACE7C] 'firefight_Create' [h=01896FF3,$00A37280]: function$00992280 'firefight_Create' [h=01896FF3,$00A37280]
    CONST$00C50240 k0  'table_Debug' [h=EAB4DD10,$009A10A0]
    CONST$00C50248 k1  'Debug_Printf' [h=445430CF,$0098B6A0]
    CONST$00C50250 k2  '@@@@@@@@@@@@@@@@@@@@@@@@@ Create Firefight Triggered \n' [h=36A4A455,$00AC1CC0]
    CONST$00C50258 k3  'tSideACompiled' [h=A1B8DDD7,$009A7F80]
    CONST$00C50260 k4  'sEncounter' [h=4CD961D9,$009A5C20]
    CONST$00C50268 k5  'ffLocation' [h=8ECB610C,$00995BE0]
    CONST$00C50270 k6  'sSquad' [h=7089B391,$009C60E0]
    CONST$00C50278 k7  'SideASettings' [h=6AF87308,$00980540]
    CONST$00C50280 k8  'bDeleteLoc' [h=52ECBEBF,$00992BC0]
    CONST$00C50288 k9  'nLocationsMin' [h=03DFF5DF,$009A5AE0]
    CONST$00C50290 k10 'SideAmin' [h=74A7FCD1,$00998BA0]
    CONST$00C50298 k11 'nLocationsMax' [h=4D3F5402,$00989DA0]
    CONST$00C502A0 k12 'SideAmax' [h=7A169977,$009AC880]
    CONST$00C502A8 k13 'fSetup' [h=9C855945,$0097EAC0]
    CONST$00C502B0 k14 '@@@@@@@@@@@@@@@@@@@@@@@@@ tSideACompiled \n' [h=4E67ADD2,$009E0B40]
    CONST$00C502B8 k15 'tSideBCompiled' [h=C5D8B5EA,$0097D8A0]
    CONST$00C502C0 k16 'SideBSettings' [h=6A933414,$0097DDC0]
    CONST$00C502C8 k17 'SideBmin' [h=74078448,$0097E700]
    CONST$00C502D0 k18 'SideBmax' [h=7A2B5CE3,$009A3780]
    CONST$00C502D8 k19 '@@@@@@@@@@@@@@@@@@@@@@@@@ tSideBCompiled \n' [h=BFAEAF4E,$00A23CC0]
    CONST$00C502E0 k20 'SideA' [h=0E9BE4DE,$009A2040]
    CONST$00C502E8 k21 nil
    CONST$00C502F0 k22 'spawn_ActorTables' [h=4BB339B1,$00A371C0]
    CONST$00C502F8 k23 'tLocationObjectsA' [h=2C5376F5,$00A01980]
    CONST$00C50300 k24 'SideB' [h=0E8A8F04,$009A2840]
    CONST$00C50308 k25 'tLocationObjectsB' [h=CEC61813,$00A073C0]
    CODE $00C8DE00
      000 01000005 GETGLOBAL r1 := _G[k0 ('table_Debug' [h=EAB4DD10,$009A10A0])]
      001 02000000      MOVE r2 := r0
      002 03008002  LOADBOOL r3 := True
      003 01018059      CALL r1 (2 args) => 0 results
      004 01000045 GETGLOBAL r1 := _G[k1 ('Debug_Printf' [h=445430CF,$0098B6A0])]
      005 02000081     LOADK r2 := k2 ('@@@@@@@@@@@@@@@@@@@@@@@@@ Create Firefight Triggered \n' [h=36A4A455,$00AC1CC0])
      006 01010059      CALL r1 (1 args) => 0 results
      007 010000CA  NEWTABLE r1 := {} (#a=0, #h=3)
      008 02003FC6  GETTABLE r2 := r0[k5 ('ffLocation' [h=8ECB610C,$00995BE0])]
      009 02013F86  GETTABLE r2 := r2[k4 ('sEncounter' [h=4CD961D9,$009A5C20])]
      010 017F0089  SETTABLE r2 ->> r1[k4 ('sEncounter' [h=4CD961D9,$009A5C20])]
      011 02004046  GETTABLE r2 := r0[k7 ('SideASettings' [h=6AF87308,$00980540])]
      012 02014006  GETTABLE r2 := r2[k6 ('sSquad' [h=7089B391,$009C60E0])]
      013 01800089  SETTABLE r2 ->> r1[k6 ('sSquad' [h=7089B391,$009C60E0])]
      014 02008002  LOADBOOL r2 := True
      015 01810089  SETTABLE r2 ->> r1[k8 ('bDeleteLoc' [h=52ECBEBF,$00992BC0])]
      016 02004106  GETTABLE r2 := r0[k10 ('SideAmin' [h=74A7FCD1,$00998BA0])]
      017 01818089  SETTABLE r2 ->> r1[k9 ('nLocationsMin' [h=03DFF5DF,$009A5AE0])]
      018 02004186  GETTABLE r2 := r0[k12 ('SideAmax' [h=7A169977,$009AC880])]
      019 01828089  SETTABLE r2 ->> r1[k11 ('nLocationsMax' [h=4D3F5402,$00989DA0])]
      020 02004046  GETTABLE r2 := r0[k7 ('SideASettings' [h=6AF87308,$00980540])]
      021 020141C6  GETTABLE r2 := r2[k13 ('fSetup' [h=9C855945,$0097EAC0])]
      022 01838089  SETTABLE r2 ->> r1[k13 ('fSetup' [h=9C855945,$0097EAC0])]
      023 010000C7 SETGLOBAL r1 ->> _G[k3 ('tSideACompiled' [h=A1B8DDD7,$009A7F80])]
      024 01000045 GETGLOBAL r1 := _G[k1 ('Debug_Printf' [h=445430CF,$0098B6A0])]
      025 02000381     LOADK r2 := k14 ('@@@@@@@@@@@@@@@@@@@@@@@@@ tSideACompiled \n' [h=4E67ADD2,$009E0B40])
      026 01010059      CALL r1 (1 args) => 0 results
      027 010000CA  NEWTABLE r1 := {} (#a=0, #h=3)
      028 02003FC6  GETTABLE r2 := r0[k5 ('ffLocation' [h=8ECB610C,$00995BE0])]
      029 02013F86  GETTABLE r2 := r2[k4 ('sEncounter' [h=4CD961D9,$009A5C20])]
      030 017F0089  SETTABLE r2 ->> r1[k4 ('sEncounter' [h=4CD961D9,$009A5C20])]
      031 02004286  GETTABLE r2 := r0[k16 ('SideBSettings' [h=6A933414,$0097DDC0])]
      032 02014006  GETTABLE r2 := r2[k6 ('sSquad' [h=7089B391,$009C60E0])]
      033 01800089  SETTABLE r2 ->> r1[k6 ('sSquad' [h=7089B391,$009C60E0])]
      034 02008002  LOADBOOL r2 := True
      035 01810089  SETTABLE r2 ->> r1[k8 ('bDeleteLoc' [h=52ECBEBF,$00992BC0])]
      036 020042C6  GETTABLE r2 := r0[k17 ('SideBmin' [h=74078448,$0097E700])]
      037 01818089  SETTABLE r2 ->> r1[k9 ('nLocationsMin' [h=03DFF5DF,$009A5AE0])]
      038 02004306  GETTABLE r2 := r0[k18 ('SideBmax' [h=7A2B5CE3,$009A3780])]
      039 01828089  SETTABLE r2 ->> r1[k11 ('nLocationsMax' [h=4D3F5402,$00989DA0])]
      040 02004046  GETTABLE r2 := r0[k7 ('SideASettings' [h=6AF87308,$00980540])]
      041 020141C6  GETTABLE r2 := r2[k13 ('fSetup' [h=9C855945,$0097EAC0])]
      042 01838089  SETTABLE r2 ->> r1[k13 ('fSetup' [h=9C855945,$0097EAC0])]
      043 010003C7 SETGLOBAL r1 ->> _G[k15 ('tSideBCompiled' [h=C5D8B5EA,$0097D8A0])]
      044 01000045 GETGLOBAL r1 := _G[k1 ('Debug_Printf' [h=445430CF,$0098B6A0])]
      045 020004C1     LOADK r2 := k19 ('@@@@@@@@@@@@@@@@@@@@@@@@@ tSideBCompiled \n' [h=BFAEAF4E,$00A23CC0])
      046 01010059      CALL r1 (1 args) => 0 results
      047 01000005 GETGLOBAL r1 := _G[k0 ('table_Debug' [h=EAB4DD10,$009A10A0])]
      048 02000000      MOVE r2 := r0
      049 03008002  LOADBOOL r3 := True
      050 01018059      CALL r1 (2 args) => 0 results
      051 01004386  GETTABLE r1 := r0[k20 ('SideA' [h=0E9BE4DE,$009A2040])]
      052 0100C3D5       BNE r1 != k21 (nil)
      053 00800154       JMP +6 ; 60
      054 01000585 GETGLOBAL r1 := _G[k22 ('spawn_ActorTables' [h=4BB339B1,$00A371C0])]
      055 02004386  GETTABLE r2 := r0[k20 ('SideA' [h=0E9BE4DE,$009A2040])]
      056 03003FC6  GETTABLE r3 := r0[k5 ('ffLocation' [h=8ECB610C,$00995BE0])]
      057 0301C446  GETTABLE r3 := r3[k23 ('tLocationObjectsA' [h=2C5376F5,$00A01980])]
      058 040000C5 GETGLOBAL r4 := _G[k3 ('tSideACompiled' [h=A1B8DDD7,$009A7F80])]
      059 01020059      CALL r1 (3 args) => 0 results
      060 01004486  GETTABLE r1 := r0[k24 ('SideB' [h=0E8A8F04,$009A2840])]
      061 0100C3D5       BNE r1 != k21 (nil)
      062 00800154       JMP +6 ; 69
      063 01000585 GETGLOBAL r1 := _G[k22 ('spawn_ActorTables' [h=4BB339B1,$00A371C0])]
      064 02004486  GETTABLE r2 := r0[k24 ('SideB' [h=0E8A8F04,$009A2840])]
      065 03003FC6  GETTABLE r3 := r0[k5 ('ffLocation' [h=8ECB610C,$00995BE0])]
      066 0301C4C6  GETTABLE r3 := r3[k25 ('tLocationObjectsB' [h=CEC61813,$00A073C0])]
      067 040003C5 GETGLOBAL r4 := _G[k15 ('tSideBCompiled' [h=C5D8B5EA,$0097D8A0])]
      068 01020059      CALL r1 (3 args) => 0 results
      069 0000801B    RETURN r0 ... r-1
  [Node$01CACE90] 'MafiaSquad' [h=FFB9C833,$00989A60]: table$009A54C0[a=4,h=1]
    [0:$00997AA0] 'template_mafia_soldier' [h=0E4E0F50,$009DDC40]
    [1:$00997AA8] 'template_mafia_soldier' [h=0E4E0F50,$009DDC40]
    [2:$00997AB0] 'template_mafia_soldier' [h=0E4E0F50,$009DDC40]
    [3:$00997AB8] 'template_mafia_heavy' [h=A901125E,$009DDBC0]
  [Node$01CACEA4] 'SW_challenge_Destroy01_Start' [h=2473DFF5,$009EDFC0]: function$009C4E80 'SW_challenge_Destroy01_Start' [h=2473DFF5,$009EDFC0]
    CONST$009582A0 k0  'challenge_Recycler_Start' [h=26A0F7E1,$00A04240]
    CONST$009582A8 k1  'tSW_Challenge_Destroy01' [h=8926D538,$009F2600]
    CODE $00958290
      000 00000005 GETGLOBAL r0 := _G[k0 ('challenge_Recycler_Start' [h=26A0F7E1,$00A04240])]
      001 01000045 GETGLOBAL r1 := _G[k1 ('tSW_Challenge_Destroy01' [h=8926D538,$009F2600])]
      002 00010059      CALL r0 (1 args) => 0 results
      003 0000801B    RETURN r0 ... r-1
  [Node$01CACEB8] 'Debug_EnableCallStack' [h=ED4CFB88,$00A03580]: cfunction$002F7000 'Debug_EnableCallStack' [h=ED4CFB88,$00A03580]
  [Node$01CACECC] 'Ai_CommandDefault' [h=60550F94,$00A3FDC0]: cfunction$002B36E8 'Ai_CommandDefault' [h=60550F94,$00A3FDC0]
  [Node$01CACEE0] 'loc_ff3838_s' [h=5FC01F24,$00999AC0]: table$009C66A0[a=8,h=1]
  [Node$01CACEF4] 'nenc_ff4342' [h=225ACF94,$009AA080]: table$00982AC0[a=0,h=4]
    [Node$00AAA9D4] 'tLocationObjectsA' [h=2C5376F5,$00A01980]: table$00996D40[a=8,h=1]
    [Node$00AAA9E8] 'sEncounter' [h=4CD961D9,$009A5C20]: 'ff4342' [h=09449C84,$009C6840]
    [Node$00AAA9FC] 'tLocationObjectsB' [h=CEC61813,$00A073C0]: table$009915A0[a=8,h=1]
  [Node$01CACF08] 'PlayNoMissionStateBGM' [h=3A726FD9,$00A01C00]: function$00999A60 'PlayNoMissionStateBGM' [h=3A726FD9,$00A01C00]
    CONST$00960B00 k0  'Audio_PlayFactionMusic' [h=4E56600E,$00A045C0]
    CONST$00960B08 k1  'none' [h=0077FE1F,$009A7B40]
    CODE $00960B10
      000 00000005 GETGLOBAL r0 := _G[k0 ('Audio_PlayFactionMusic' [h=4E56600E,$00A045C0])]
      001 01000041     LOADK r1 := k1 ('none' [h=0077FE1F,$009A7B40])
      002 00010059      CALL r0 (1 args) => 0 results
      003 0000801B    RETURN r0 ... r-1
  [Node$01CACF1C] 'SW_challenge_destroy_hae_01_GoalSubdue' [h=EB7977FB,$009E7340]: function$009909E0 'SW_challenge_destroy_hae_01_GoalSubdue' [h=EB7977FB,$009E7340]
  [Node$01CACF30] 'Camera_SetZoom' [h=E7C33FFC,$0098D520]: cfunction$002A6620 'Camera_SetZoom' [h=E7C33FFC,$0098D520]
  [Node$01CACF44] 'Faction_GetAttitude' [h=D25E63EC,$009DE1C0]: cfunction$002B6148 'Faction_GetAttitude' [h=D25E63EC,$009DE1C0]
  [Node$01CACF58] 'Player_ShowMoney' [h=ED6837FE,$00A0A200]: cfunction$002C0310 'Player_ShowMoney' [h=ED6837FE,$00A0A200]
  [Node$01CACF6C] 'Desktop_BeginWinSequence' [h=71C223ED,$009DEF80]: cfunction$002C8000 'Desktop_BeginWinSequence' [h=71C223ED,$009DEF80]
